78,82,0.245726
7,8,0.206154
66,73,0.179972
72,79,0.174762
59,64,0.174306
49,66,0.171343
76,77,0.170275
50,52,0.167572
52,55,0.163358
7,9,0.155082
12,16,0.151723
90,92,0.151583
8,9,0.147882
34,38,0.147278
52,84,0.146662
16,20,0.138928
57,67,0.137880
8,11,0.137649
20,34,0.136945
77,79,0.136518
77,81,0.136429
20,49,0.132240
13,14,0.131324
83,84,0.130877
36,43,0.129035
44,54,0.128670
55,76,0.128481
42,50,0.125807
28,30,0.124942
59,74,0.123803
2,6,0.122724
41,46,0.122042
8,10,0.121314
19,26,0.121285
63,65,0.120678
2,5,0.120342
41,45,0.119808
6,7,0.119762
59,85,0.119547
25,62,0.119242
12,13,0.119151
22,23,0.119143
59,79,0.118938
35,36,0.118292
20,45,0.116992
9,10,0.116987
40,85,0.116303
18,22,0.116272
61,65,0.115044
13,17,0.115040
71,91,0.113524
57,81,0.113254
12,28,0.112317
2,4,0.112194
4,5,0.111220
49,52,0.111150
3,4,0.110992
80,87,0.110544
15,19,0.109789
65,69,0.108246
2,3,0.108158
10,14,0.107510
12,14,0.106708
3,5,0.105107
90,91,0.104997
6,8,0.104768
28,50,0.104060
45,52,0.102830
64,67,0.102299
33,34,0.102080
85,92,0.101872
20,24,0.101707
81,83,0.101681
35,60,0.101450
37,50,0.101440
86,87,0.100571
93,94,0.100477
18,39,0.099243
35,59,0.098552
58,68,0.098294
5,6,0.098166
88,89,0.097890
70,80,0.097662
84,85,0.096657
81,86,0.096481
80,82,0.095408
24,28,0.095323
8,19,0.094983
64,73,0.094941
18,56,0.094796
40,43,0.094626
56,67,0.094548
20,77,0.094547
9,23,0.094187
21,28,0.093926
69,76,0.093423
48,54,0.093221
65,78,0.093100
10,11,0.093068
72,77,0.092674
7,10,0.092403
45,70,0.091792
61,63,0.091591
83,94,0.090584
16,34,0.090341
5,7,0.090252
17,22,0.089907
15,18,0.089568
53,65,0.089506
70,81,0.089466
39,43,0.089181
34,35,0.088990
79,82,0.088751
87,91,0.088553
74,84,0.088326
3,94,0.088319
34,53,0.088151
47,52,0.087969
71,75,0.087913
16,18,0.087904
12,17,0.087854
4,6,0.087795
4,8,0.087758
32,57,0.087665
9,15,0.087612
21,63,0.087209
39,41,0.087108
72,75,0.087023
34,69,0.086913
54,57,0.086673
16,17,0.086515
9,11,0.086020
26,28,0.085896
68,88,0.085892
4,7,0.085717
87,90,0.085519
10,26,0.084410
65,67,0.084274
52,57,0.084227
64,75,0.083858
50,55,0.083812
82,83,0.083739
11,14,0.083573
34,45,0.083523
5,8,0.082970
38,43,0.082931
60,77,0.082662
78,83,0.082541
45,57,0.082519
57,64,0.082356
24,55,0.082256
32,33,0.082178
85,88,0.081964
58,72,0.081883
75,80,0.081438
45,84,0.081387
37,49,0.081312
78,80,0.081302
3,9,0.081250
38,42,0.081245
2,8,0.080686
20,52,0.080656
57,63,0.080413
39,40,0.080385
73,89,0.079981
51,53,0.079628
92,93,0.079038
7,11,0.078587
30,41,0.078508
2,7,0.078455
6,9,0.078301
17,33,0.078084
55,77,0.077955
72,74,0.077706
53,80,0.077485
88,94,0.077301
8,21,0.077300
23,35,0.077215
11,13,0.077194
26,31,0.077061
88,91,0.077034
39,44,0.076979
55,57,0.076661
3,6,0.076495
70,91,0.076467
60,74,0.076016
9,14,0.075986
49,77,0.075855
81,82,0.075623
84,87,0.075500
75,90,0.075412
79,80,0.075052
86,92,0.074807
29,30,0.074567
83,85,0.074467
10,21,0.074268
26,30,0.074230
19,48,0.074176
13,16,0.074057
15,21,0.073716
61,67,0.073474
45,48,0.073451
10,22,0.073445
78,84,0.073434
3,8,0.073160
35,41,0.073029
20,21,0.072714
9,18,0.072419
53,60,0.071859
9,21,0.071687
3,7,0.071222
53,54,0.071144
30,42,0.071090
10,15,0.071058
28,42,0.070775
24,73,0.070671
20,62,0.070610
89,91,0.070432
47,56,0.070168
21,29,0.069988
22,69,0.069895
6,10,0.069885
5,94,0.069876
32,76,0.069729
91,92,0.069697
83,87,0.069483
55,74,0.069390
8,18,0.069195
36,59,0.069179
26,47,0.069156
13,32,0.069103
35,69,0.068886
56,58,0.068866
32,54,0.068644
32,44,0.068325
78,88,0.068100
2,94,0.067954
37,74,0.067923
54,56,0.067881
54,67,0.067843
14,18,0.067771
17,24,0.067505
60,61,0.067496
51,56,0.067436
4,94,0.067428
61,64,0.067345
28,29,0.067142
16,45,0.067000
86,91,0.066904
76,82,0.066747
30,70,0.066707
38,55,0.066583
71,89,0.066566
82,87,0.066527
66,83,0.066486
38,51,0.066104
9,12,0.066086
13,45,0.066043
47,51,0.066020
4,9,0.065966
84,92,0.065852
37,45,0.065795
62,72,0.065780
47,54,0.065546
63,78,0.065360
7,12,0.065056
36,53,0.065029
54,63,0.064997
43,48,0.064905
80,81,0.064792
16,19,0.064786
58,69,0.064768
53,79,0.064718
14,15,0.064713
51,57,0.064617
72,76,0.064557
51,85,0.064317
17,20,0.064270
21,88,0.064020
73,87,0.063860
13,24,0.063796
36,39,0.063787
71,73,0.063616
71,86,0.063586
36,48,0.063499
63,88,0.063455
20,72,0.063427
56,65,0.063130
8,92,0.062935
83,89,0.062862
81,87,0.062853
11,42,0.062789
27,66,0.062698
61,69,0.062562
89,94,0.062549
34,39,0.062510
17,66,0.062425
10,42,0.062342
38,40,0.062301
76,78,0.062290
92,94,0.062194
29,44,0.061976
51,52,0.061947
17,35,0.061806
25,27,0.061538
75,78,0.061527
49,84,0.061489
89,90,0.061342
14,25,0.061231
32,56,0.061165
23,24,0.061057
25,26,0.060963
24,77,0.060905
11,15,0.060874
7,92,0.060790
17,19,0.060777
82,86,0.060688
21,77,0.060671
21,38,0.060641
30,33,0.060619
44,65,0.060614
84,88,0.060570
84,90,0.060438
42,48,0.060437
39,46,0.060395
24,76,0.060304
28,77,0.060299
56,63,0.060251
29,33,0.060005
7,15,0.059947
82,88,0.059717
37,41,0.059712
54,76,0.059682
62,64,0.059651
8,12,0.059633
76,81,0.059560
77,91,0.059489
77,78,0.059390
62,70,0.059376
40,73,0.059359
5,9,0.059222
2,9,0.059056
63,85,0.058997
10,19,0.058992
71,72,0.058992
23,27,0.058877
70,86,0.058857
24,47,0.058784
33,42,0.058752
7,74,0.058641
72,82,0.058571
50,77,0.058404
10,13,0.058397
49,57,0.058293
34,47,0.058157
37,61,0.057994
8,30,0.057982
64,66,0.057950
6,92,0.057891
67,86,0.057694
54,64,0.057521
68,80,0.057427
48,71,0.057392
12,49,0.057245
17,55,0.057216
71,88,0.057111
84,91,0.057084
32,61,0.057004
21,66,0.056925
17,26,0.056898
91,94,0.056720
32,75,0.056709
21,71,0.056602
54,78,0.056516
32,64,0.056316
41,72,0.056275
54,68,0.056189
21,57,0.056164
57,68,0.056101
3,10,0.056035
81,91,0.056019
25,28,0.055976
35,51,0.055875
29,91,0.055874
13,15,0.055843
6,12,0.055778
25,29,0.055756
25,77,0.055737
87,89,0.055658
68,77,0.055622
45,81,0.055597
23,25,0.055576
6,94,0.055519
53,56,0.055381
45,54,0.055342
22,29,0.055301
23,75,0.055285
66,89,0.055262
33,44,0.055242
31,61,0.055238
81,92,0.055237
36,85,0.055167
38,46,0.055113
64,89,0.055086
40,46,0.055063
19,56,0.054897
68,69,0.054817
35,56,0.054752
47,53,0.054669
52,73,0.054619
8,93,0.054575
14,28,0.054513
55,59,0.054485
20,79,0.054330
10,18,0.054314
54,55,0.054230
16,56,0.054037
46,85,0.054001
31,50,0.053891
79,91,0.053890
47,80,0.053849
40,53,0.053758
50,51,0.053613
60,71,0.053539
19,31,0.053357
48,83,0.053333
44,76,0.053316
42,93,0.053269
31,43,0.053249
83,92,0.053228
31,41,0.053140
44,47,0.053109
12,88,0.053060
60,84,0.053036
21,34,0.052922
21,42,0.052912
16,41,0.052875
9,94,0.052862
29,89,0.052842
65,81,0.052740
24,80,0.052724
24,35,0.052476
5,10,0.052346
33,50,0.052329
78,79,0.052323
25,34,0.052316
14,31,0.052214
37,83,0.052212
44,59,0.052134
63,76,0.052040
28,33,0.051993
5,12,0.051967
63,82,0.051872
29,39,0.051820
16,32,0.051767
63,64,0.051741
90,94,0.051716
54,75,0.051673
29,54,0.051378
57,75,0.051346
4,10,0.051338
41,55,0.051325
70,73,0.051293
10,51,0.051130
31,34,0.051086
19,22,0.051052
29,51,0.050922
20,27,0.050903
80,89,0.050795
37,79,0.050765
36,68,0.050515
11,16,0.050472
50,58,0.050420
37,39,0.050226
47,67,0.050220
40,42,0.050141
6,15,0.050007
9,42,0.049979
7,93,0.049939
43,44,0.049868
27,73,0.049855
35,39,0.049833
22,25,0.049817
21,51,0.049711
83,88,0.049702
11,12,0.049614
55,81,0.049564
72,80,0.049518
31,76,0.049345
12,23,0.049268
15,63,0.049264
54,90,0.049222
2,10,0.049096
53,61,0.049035
9,13,0.048929
65,79,0.048686
38,75,0.048624
11,18,0.048562
26,41,0.048490
16,33,0.048408
38,47,0.048389
79,86,0.048237
27,61,0.048160
46,53,0.048144
81,84,0.048110
22,68,0.048036
69,79,0.047982
41,43,0.047864
18,30,0.047787
74,75,0.047758
50,56,0.047637
48,62,0.047474
31,35,0.047469
12,68,0.047337
66,77,0.047072
43,60,0.046960
69,87,0.046903
4,11,0.046804
71,90,0.046787
7,14,0.046784
59,88,0.046682
14,19,0.046623
82,84,0.046496
5,93,0.046310
82,90,0.046286
15,29,0.046262
35,44,0.046252
18,35,0.046048
10,12,0.045996
42,53,0.045869
7,94,0.045845
78,87,0.045771
28,32,0.045721
87,92,0.045709
14,85,0.045553
15,22,0.045523
35,50,0.045381
7,18,0.045353
36,51,0.045284
55,91,0.045203
58,75,0.045203
73,86,0.045198
34,79,0.045151
70,83,0.045133
50,63,0.045132
71,74,0.045127
31,32,0.045094
42,51,0.045079
23,62,0.045052
67,80,0.044952
8,15,0.044887
29,41,0.044819
47,49,0.044812
42,54,0.044804
72,73,0.044715
44,67,0.044688
20,55,0.044657
62,67,0.044518
86,88,0.044489
19,21,0.044451
51,54,0.044442
48,87,0.044424
4,93,0.044416
2,93,0.044330
54,60,0.044314
10,16,0.044227
60,64,0.044163
69,78,0.044011
17,38,0.043968
27,70,0.043957
68,87,0.043954
34,41,0.043915
19,50,0.043915
58,86,0.043913
40,59,0.043898
48,52,0.043864
50,86,0.043738
75,84,0.043685
19,28,0.043668
8,39,0.043656
58,59,0.043561
28,59,0.043421
33,61,0.043371
47,68,0.043362
27,49,0.043353
73,85,0.043274
14,26,0.043258
15,25,0.043181
57,83,0.043155
38,54,0.043107
52,78,0.042967
15,23,0.042864
2,12,0.042844
23,29,0.042832
19,32,0.042816
36,44,0.042813
2,39,0.042734
44,69,0.042732
40,64,0.042717
70,79,0.042702
18,25,0.042642
49,50,0.042632
29,32,0.042529
66,88,0.042507
24,66,0.042382
21,23,0.042302
20,41,0.042210
59,65,0.042201
74,77,0.042168
37,90,0.042135
70,94,0.042089
79,85,0.042030
5,11,0.041922
48,57,0.041882
75,86,0.041879
69,74,0.041856
42,66,0.041816
26,80,0.041686
57,65,0.041655
83,86,0.041610
28,86,0.041569
44,75,0.041541
38,60,0.041403
61,74,0.041366
59,62,0.041341
88,90,0.041240
34,90,0.041097
55,73,0.040986
21,24,0.040940
76,83,0.040753
15,30,0.040721
76,79,0.040519
80,85,0.040505
85,90,0.040500
55,56,0.040482
33,62,0.040436
46,54,0.040264
35,78,0.040248
52,59,0.040132
3,48,0.040116
24,27,0.040091
6,13,0.040048
18,23,0.040042
68,85,0.040000
21,50,0.039937
56,64,0.039899
26,35,0.039870
75,85,0.039862
29,63,0.039862
46,59,0.039825
86,90,0.039819
69,91,0.039815
79,92,0.039750
68,73,0.039654
30,31,0.039648
34,42,0.039594
62,65,0.039547
7,40,0.039487
80,90,0.039480
63,79,0.039450
10,31,0.039429
37,70,0.039423
47,77,0.039236
45,47,0.039190
8,91,0.039184
69,88,0.039000
40,61,0.038979
35,48,0.038975
51,61,0.038809
23,31,0.038792
34,49,0.038791
58,89,0.038758
88,92,0.038742
67,76,0.038731
12,93,0.038638
8,94,0.038601
52,81,0.038585
23,76,0.038401
60,72,0.038396
50,71,0.038361
16,83,0.038214
86,89,0.038212
36,71,0.038180
67,69,0.038150
15,31,0.038131
66,74,0.038120
32,47,0.038087
35,46,0.038047
37,40,0.038006
24,25,0.038000
53,78,0.037978
7,29,0.037975
9,74,0.037947
6,22,0.037920
7,23,0.037828
41,81,0.037811
31,63,0.037724
43,85,0.037710
15,43,0.037708
56,84,0.037671
37,75,0.037613
70,89,0.037556
10,17,0.037515
41,53,0.037470
40,65,0.037428
3,93,0.037401
2,11,0.037399
60,76,0.037342
83,90,0.037307
20,37,0.037298
19,24,0.037180
32,34,0.037159
37,82,0.037151
44,62,0.037131
36,49,0.037038
38,45,0.036969
31,86,0.036956
6,11,0.036923
50,72,0.036905
56,68,0.036884
34,77,0.036881
27,37,0.036864
73,75,0.036818
77,82,0.036792
83,93,0.036790
59,61,0.036783
72,78,0.036632
70,87,0.036603
13,31,0.036601
10,23,0.036596
22,57,0.036549
9,93,0.036524
22,26,0.036488
5,30,0.036385
7,26,0.036338
49,93,0.036292
57,82,0.036273
27,39,0.036204
30,43,0.036156
84,86,0.036148
19,94,0.036115
66,67,0.036077
51,71,0.036000
46,47,0.035978
85,87,0.035827
28,81,0.035737
78,81,0.035680
81,88,0.035664
39,42,0.035664
65,68,0.035659
75,76,0.035644
6,39,0.035643
60,69,0.035618
11,19,0.035611
9,26,0.035586
76,88,0.035501
24,52,0.035491
65,74,0.035485
72,81,0.035400
84,89,0.035383
47,55,0.035267
83,91,0.035202
27,65,0.035187
65,80,0.035147
4,12,0.035117
43,45,0.035111
47,62,0.035090
76,80,0.035027
32,58,0.034997
12,20,0.034891
42,84,0.034850
11,26,0.034790
44,86,0.034711
80,83,0.034671
24,91,0.034597
20,46,0.034590
20,87,0.034452
33,36,0.034451
24,49,0.034269
73,79,0.034230
45,75,0.034227
3,70,0.034222
52,68,0.034143
39,74,0.034002
24,58,0.033894
36,40,0.033862
37,57,0.033844
18,31,0.033825
60,68,0.033744
53,64,0.033650
9,39,0.033613
9,31,0.033596
28,54,0.033565
67,81,0.033561
35,93,0.033502
61,62,0.033487
6,93,0.033458
31,77,0.033434
11,93,0.033432
70,85,0.033401
33,37,0.033365
11,27,0.033330
64,90,0.033286
23,53,0.033255
49,75,0.033200
74,79,0.033189
11,21,0.033111
29,71,0.033105
48,60,0.033082
41,54,0.033081
3,91,0.033074
67,84,0.033029
56,73,0.033029
62,63,0.033026
49,51,0.032946
27,29,0.032817
8,40,0.032799
30,88,0.032753
15,88,0.032733
40,47,0.032714
66,84,0.032579
53,59,0.032565
60,63,0.032564
36,89,0.032564
25,73,0.032542
12,92,0.032535
58,74,0.032527
55,87,0.032438
33,39,0.032417
50,78,0.032318
27,80,0.032294
33,54,0.032177
33,52,0.032173
34,44,0.032130
12,94,0.032097
7,21,0.032090
35,80,0.032078
45,64,0.032061
46,75,0.032046
8,13,0.032023
27,84,0.032004
28,34,0.032001
20,44,0.031956
58,76,0.031911
19,44,0.031815
34,52,0.031812
76,91,0.031720
17,43,0.031707
3,23,0.031675
5,39,0.031673
48,66,0.031666
26,29,0.031651
30,82,0.031642
3,12,0.031486
55,83,0.031450
29,40,0.031424
46,58,0.031411
68,83,0.031407
35,43,0.031360
55,63,0.031328
47,64,0.031299
31,65,0.031287
38,63,0.031267
69,75,0.031249
28,44,0.031224
20,32,0.031188
32,50,0.031172
36,63,0.031135
45,82,0.030986
28,72,0.030981
23,39,0.030910
67,77,0.030889
11,22,0.030862
18,76,0.030675
68,89,0.030673
57,61,0.030608
52,76,0.030582
27,92,0.030570
14,23,0.030561
60,62,0.030543
22,24,0.030538
74,88,0.030523
15,82,0.030521
14,22,0.030520
48,64,0.030499
57,58,0.030466
33,82,0.030447
43,53,0.030370
48,53,0.030356
29,80,0.030313
35,58,0.030175
64,65,0.030170
41,47,0.030137
35,76,0.030074
14,42,0.030070
21,36,0.029984
6,16,0.029940
68,74,0.029862
9,22,0.029800
55,69,0.029792
31,81,0.029746
41,50,0.029718
77,85,0.029671
67,70,0.029668
7,66,0.029667
40,54,0.029656
27,87,0.029615
13,85,0.029554
67,89,0.029497
54,82,0.029485
8,29,0.029482
36,55,0.029451
52,61,0.029371
50,76,0.029320
56,57,0.029246
43,47,0.029204
46,61,0.029155
7,49,0.029068
56,61,0.028995
39,69,0.028988
66,68,0.028975
15,17,0.028949
58,62,0.028935
16,54,0.028902
63,69,0.028886
40,51,0.028877
77,84,0.028863
78,90,0.028835
58,60,0.028825
9,92,0.028730
23,30,0.028604
6,26,0.028518
77,83,0.028501
30,91,0.028494
89,93,0.028464
48,89,0.028425
31,70,0.028397
11,74,0.028397
22,62,0.028327
14,17,0.028300
23,42,0.028297
19,83,0.028252
53,71,0.028238
16,64,0.028211
33,72,0.028208
48,94,0.028153
46,72,0.028111
22,58,0.028046
39,58,0.027832
52,82,0.027773
56,91,0.027761
22,61,0.027739
65,75,0.027731
46,84,0.027685
7,58,0.027630
79,93,0.027545
6,68,0.027531
29,58,0.027500
18,42,0.027486
31,42,0.027425
33,46,0.027410
58,61,0.027369
7,30,0.027323
61,86,0.027260
51,88,0.027140
33,47,0.027124
45,50,0.027119
13,18,0.026931
30,62,0.026926
65,85,0.026873
38,71,0.026792
5,48,0.026776
40,71,0.026668
31,49,0.026653
79,81,0.026609
41,78,0.026601
3,83,0.026598
33,57,0.026598
16,38,0.026503
61,68,0.026456
38,41,0.026380
30,79,0.026362
50,81,0.026340
74,92,0.026307
27,34,0.026297
8,26,0.026291
26,93,0.026291
51,63,0.026192
16,88,0.026094
58,66,0.026054
25,40,0.026048
58,92,0.026006
9,19,0.025972
35,53,0.025972
58,65,0.025914
39,62,0.025885
6,14,0.025873
10,93,0.025834
38,61,0.025825
73,92,0.025801
75,87,0.025795
58,90,0.025669
24,59,0.025611
59,91,0.025546
6,19,0.025518
40,45,0.025518
60,79,0.025514
7,68,0.025488
11,43,0.025416
46,89,0.025390
61,78,0.025381
48,70,0.025358
4,70,0.025304
46,62,0.025295
14,36,0.025286
2,42,0.025278
35,67,0.025263
19,43,0.025259
41,59,0.025258
25,87,0.025240
67,68,0.025189
16,21,0.025156
47,57,0.025151
32,77,0.025142
22,40,0.025106
18,19,0.025095
61,82,0.025033
67,91,0.024964
61,75,0.024957
66,70,0.024839
66,79,0.024826
40,60,0.024821
78,85,0.024769
47,79,0.024767
14,16,0.024756
36,90,0.024739
19,38,0.024703
23,89,0.024680
42,44,0.024655
44,46,0.024598
7,16,0.024576
71,94,0.024557
63,68,0.024510
30,86,0.024495
52,77,0.024486
15,47,0.024469
26,70,0.024417
68,71,0.024398
2,46,0.024388
33,65,0.024360
38,84,0.024338
32,67,0.024328
85,91,0.024283
8,14,0.024269
11,31,0.024178
59,72,0.024169
15,48,0.024141
63,81,0.024078
5,68,0.024005
34,65,0.023992
33,53,0.023984
10,94,0.023976
31,56,0.023908
10,25,0.023870
3,30,0.023848
68,86,0.023819
2,40,0.023801
15,16,0.023760
72,87,0.023731
25,70,0.023699
38,49,0.023587
53,55,0.023563
50,54,0.023535
2,68,0.023519
77,92,0.023431
30,32,0.023430
28,43,0.023395
16,62,0.023346
77,87,0.023338
67,88,0.023237
21,25,0.023214
4,19,0.023188
87,88,0.023175
15,50,0.023132
28,87,0.023121
73,74,0.023098
43,93,0.023088
33,51,0.023068
21,55,0.023015
1,52,0.022966
6,46,0.022914
40,81,0.022840
5,42,0.022833
7,25,0.022810
8,22,0.022777
58,87,0.022772
79,90,0.022736
47,81,0.022683
48,72,0.022683
77,90,0.022656
16,31,0.022646
18,32,0.022619
6,91,0.022606
60,88,0.022587
14,29,0.022575
29,75,0.022549
55,84,0.022504
1,20,0.022423
49,55,0.022400
1,55,0.022390
27,31,0.022331
35,38,0.022225
48,75,0.022158
66,94,0.022138
55,88,0.022093
22,35,0.021999
13,64,0.021973
53,73,0.021962
74,94,0.021935
23,41,0.021904
4,42,0.021902
18,29,0.021888
7,91,0.021878
7,59,0.021865
4,30,0.021813
16,28,0.021795
40,77,0.021786
42,43,0.021785
41,70,0.021765
45,72,0.021760
55,78,0.021727
1,24,0.021678
80,94,0.021515
55,82,0.021513
37,60,0.021503
33,63,0.021374
43,71,0.021373
9,69,0.021310
38,77,0.021309
11,34,0.021250
70,82,0.021164
82,89,0.021161
25,49,0.021155
56,94,0.021046
62,83,0.021044
53,68,0.021041
16,26,0.020979
48,51,0.020976
16,65,0.020975
33,56,0.020973
33,78,0.020939
13,26,0.020880
37,92,0.020865
11,92,0.020851
31,74,0.020849
26,27,0.020810
16,87,0.020798
4,23,0.020781
8,46,0.020678
27,86,0.020549
11,91,0.020513
37,47,0.020480
82,92,0.020422
68,78,0.020414
7,13,0.020410
14,30,0.020394
28,37,0.020383
8,23,0.020283
33,76,0.020260
15,26,0.020190
16,23,0.020188
9,25,0.020172
24,32,0.020122
42,73,0.020111
10,48,0.020103
51,90,0.020095
23,59,0.020093
58,94,0.020039
29,43,0.020018
1,74,0.019983
1,84,0.019953
59,69,0.019933
13,34,0.019909
57,86,0.019857
73,94,0.019856
44,57,0.019852
62,77,0.019802
12,34,0.019786
39,93,0.019784
12,66,0.019752
55,75,0.019689
18,26,0.019669
4,35,0.019615
67,78,0.019589
62,79,0.019566
45,80,0.019545
38,59,0.019542
78,89,0.019470
10,29,0.019463
30,83,0.019459
48,49,0.019425
58,83,0.019281
53,57,0.019270
11,17,0.019259
64,78,0.019235
2,19,0.019215
5,37,0.019212
13,19,0.019205
19,45,0.019188
13,90,0.019161
17,32,0.019108
63,67,0.019102
49,76,0.019049
54,79,0.019034
8,38,0.019011
68,75,0.019007
55,90,0.018929
81,90,0.018901
70,75,0.018869
19,69,0.018835
3,74,0.018797
5,22,0.018734
68,72,0.018716
38,87,0.018688
26,48,0.018673
3,11,0.018669
29,62,0.018642
17,85,0.018632
44,79,0.018622
26,94,0.018617
13,78,0.018614
70,78,0.018506
11,35,0.018476
51,89,0.018466
57,60,0.018460
18,74,0.018445
24,82,0.018443
5,70,0.018366
10,45,0.018331
37,51,0.018316
67,74,0.018308
10,27,0.018306
17,47,0.018284
24,48,0.018174
2,27,0.018146
20,92,0.018119
8,25,0.018023
22,30,0.018019
2,70,0.017976
54,61,0.017958
42,52,0.017942
20,70,0.017848
50,75,0.017818
3,71,0.017767
57,87,0.017756
69,90,0.017715
27,30,0.017673
61,76,0.017650
28,73,0.017621
78,86,0.017615
8,69,0.017613
39,70,0.017603
19,86,0.017566
44,55,0.017546
3,21,0.017512
61,84,0.017499
72,83,0.017499
58,71,0.017454
69,70,0.017387
13,75,0.017375
22,37,0.017328
24,62,0.017302
51,70,0.017298
32,65,0.017218
21,62,0.017202
65,77,0.017170
36,76,0.017101
14,66,0.017077
23,65,0.017058
26,43,0.017018
75,82,0.017000
23,58,0.016972
44,49,0.016947
63,72,0.016941
66,93,0.016865
42,60,0.016803
27,68,0.016766
81,89,0.016756
37,89,0.016712
2,15,0.016667
7,27,0.016633
43,57,0.016622
48,86,0.016551
54,59,0.016516
69,93,0.016513
82,91,0.016512
38,65,0.016489
35,63,0.016423
17,54,0.016419
27,62,0.016408
14,38,0.016377
36,69,0.016320
13,23,0.016196
1,77,0.016157
3,73,0.016157
62,66,0.016138
1,38,0.016133
22,41,0.016128
32,42,0.016111
81,85,0.016098
4,21,0.016097
14,39,0.016076
73,78,0.016063
25,81,0.016053
18,60,0.016029
12,73,0.016023
40,89,0.015965
25,59,0.015948
70,74,0.015945
54,65,0.015935
50,74,0.015930
13,27,0.015907
20,25,0.015901
10,38,0.015802
15,84,0.015729
39,47,0.015666
40,78,0.015659
25,38,0.015608
26,69,0.015593
70,71,0.015588
5,46,0.015567
41,76,0.015563
26,42,0.015540
20,33,0.015535
32,69,0.015508
72,92,0.015501
36,70,0.015454
5,19,0.015412
41,48,0.015387
45,78,0.015360
14,40,0.015357
3,59,0.015299
17,25,0.015290
85,89,0.015283
21,30,0.015229
20,82,0.015217
11,38,0.015183
44,56,0.015151
30,39,0.015114
27,28,0.015109
20,76,0.015107
21,83,0.015098
42,94,0.015094
4,39,0.015087
11,65,0.015083
57,62,0.015078
40,62,0.015060
19,25,0.015051
27,53,0.014985
36,72,0.014917
84,94,0.014891
80,84,0.014839
60,86,0.014830
70,84,0.014821
14,89,0.014781
45,61,0.014750
46,48,0.014732
17,28,0.014685
18,28,0.014684
60,83,0.014633
41,66,0.014603
75,79,0.014601
18,47,0.014561
20,84,0.014541
48,50,0.014539
9,44,0.014528
37,63,0.014476
35,47,0.014460
20,36,0.014332
15,27,0.014324
18,27,0.014310
38,88,0.014302
3,19,0.014246
86,93,0.014207
2,21,0.014157
12,64,0.014143
24,26,0.014129
6,20,0.014110
56,76,0.014099
41,82,0.014084
43,46,0.014076
2,48,0.014070
42,89,0.014067
2,30,0.014062
1,59,0.014044
52,65,0.014042
67,73,0.014041
21,53,0.014039
14,41,0.014038
5,21,0.014031
63,84,0.014009
4,15,0.013968
46,55,0.013929
52,53,0.013869
21,76,0.013839
45,71,0.013789
4,18,0.013787
27,36,0.013764
43,61,0.013747
52,86,0.013737
46,50,0.013725
57,73,0.013694
43,84,0.013683
12,25,0.013653
49,62,0.013599
1,17,0.013530
33,75,0.013515
69,83,0.013510
45,62,0.013442
35,90,0.013318
43,49,0.013316
28,75,0.013251
43,69,0.013217
29,64,0.013203
2,35,0.013176
3,26,0.013138
43,54,0.013124
7,46,0.013055
32,36,0.013045
22,60,0.012996
43,52,0.012985
5,89,0.012937
40,66,0.012863
56,62,0.012764
9,16,0.012752
3,18,0.012743
60,75,0.012743
50,57,0.012739
59,63,0.012737
33,71,0.012737
10,28,0.012699
2,29,0.012690
40,92,0.012677
2,59,0.012664
25,47,0.012648
30,78,0.012608
80,92,0.012599
3,89,0.012557
72,91,0.012475
45,49,0.012462
88,93,0.012437
46,80,0.012425
62,84,0.012393
22,85,0.012383
37,42,0.012379
25,30,0.012346
22,56,0.012335
21,45,0.012304
31,72,0.012299
32,90,0.012296
65,84,0.012289
31,45,0.012287
59,73,0.012278
19,39,0.012265
12,24,0.012257
25,51,0.012257
1,85,0.012234
48,68,0.012185
34,55,0.012182
5,35,0.012180
4,51,0.012179
43,63,0.012175
30,89,0.012172
23,36,0.012166
56,86,0.012119
26,57,0.012035
5,66,0.011996
19,67,0.011965
15,33,0.011945
79,83,0.011923
34,81,0.011908
43,56,0.011837
64,69,0.011831
46,67,0.011783
1,3,0.011737
5,83,0.011719
74,93,0.011709
13,77,0.011667
39,53,0.011608
47,71,0.011604
27,45,0.011590
72,86,0.011587
15,52,0.011547
26,74,0.011536
58,64,0.011526
67,87,0.011519
47,75,0.011503
4,22,0.011463
20,51,0.011458
20,66,0.011457
71,79,0.011448
2,66,0.011442
4,37,0.011440
9,43,0.011354
51,58,0.011336
49,80,0.011324
9,70,0.011278
23,54,0.011269
4,26,0.011259
3,39,0.011248
22,34,0.011230
56,85,0.011208
37,52,0.011207
4,48,0.011207
30,81,0.011191
30,64,0.011170
33,93,0.011085
17,42,0.011037
65,88,0.011006
19,57,0.010972
49,53,0.010962
49,67,0.010931
25,42,0.010913
49,78,0.010874
31,91,0.010843
42,80,0.010772
20,28,0.010702
2,22,0.010660
23,26,0.010657
56,88,0.010647
3,22,0.010629
2,23,0.010598
51,72,0.010563
17,21,0.010514
87,94,0.010496
57,76,0.010475
39,48,0.010430
14,51,0.010425
8,43,0.010424
1,21,0.010399
27,51,0.010361
51,64,0.010357
23,80,0.010356
46,56,0.010353
49,72,0.010336
4,74,0.010320
1,4,0.010316
2,26,0.010250
21,35,0.010247
33,88,0.010239
5,18,0.010238
22,81,0.010198
69,94,0.010178
38,50,0.010169
13,20,0.010120
50,82,0.010067
17,67,0.010028
16,27,0.010021
34,37,0.009992
17,63,0.009942
15,94,0.009902
6,24,0.009892
18,45,0.009888
21,87,0.009857
47,74,0.009857
14,68,0.009854
77,80,0.009807
35,49,0.009807
8,74,0.009753
42,46,0.009727
64,68,0.009719
23,71,0.009703
3,80,0.009693
16,29,0.009684
29,42,0.009660
40,41,0.009654
3,42,0.009653
49,65,0.009601
48,93,0.009589
56,90,0.009558
30,93,0.009521
45,79,0.009483
61,89,0.009470
5,23,0.009439
11,25,0.009422
30,34,0.009350
37,86,0.009342
37,44,0.009341
5,73,0.009310
41,49,0.009272
33,86,0.009250
41,63,0.009169
5,59,0.009150
4,49,0.009126
75,77,0.009111
31,58,0.009078
68,84,0.009073
36,58,0.009070
61,88,0.008998
33,45,0.008989
52,91,0.008977
51,91,0.008976
18,40,0.008955
22,33,0.008953
15,46,0.008952
22,45,0.008930
18,36,0.008901
2,73,0.008762
2,74,0.008755
90,93,0.008751
41,83,0.008746
5,51,0.008726
74,86,0.008722
12,87,0.008714
39,72,0.008712
38,85,0.008705
33,38,0.008694
27,44,0.008664
11,66,0.008629
43,65,0.008601
50,84,0.008578
22,51,0.008514
2,69,0.008501
7,31,0.008496
18,43,0.008494
45,90,0.008494
53,82,0.008444
39,79,0.008363
6,67,0.008346
13,57,0.008299
1,80,0.008295
65,76,0.008281
12,37,0.008275
19,90,0.008271
64,87,0.008251
26,46,0.008241
37,72,0.008241
37,69,0.008237
73,84,0.008212
33,67,0.008209
24,41,0.008143
71,82,0.008115
42,56,0.008085
41,61,0.008083
58,78,0.008077
52,75,0.008055
7,19,0.008022
32,87,0.008010
11,29,0.007979
12,27,0.007975
69,82,0.007950
4,20,0.007943
61,79,0.007942
2,89,0.007900
37,87,0.007882
60,67,0.007859
12,59,0.007825
50,53,0.007824
69,80,0.007789
1,49,0.007754
25,48,0.007713
36,88,0.007671
29,82,0.007645
24,60,0.007641
72,88,0.007615
2,18,0.007608
4,59,0.007603
5,26,0.007579
24,87,0.007571
69,72,0.007558
55,80,0.007530
12,36,0.007497
57,88,0.007476
18,85,0.007476
1,35,0.007468
6,17,0.007433
14,61,0.007416
76,86,0.007396
74,78,0.007370
16,25,0.007363
16,39,0.007344
12,40,0.007311
17,49,0.007300
68,90,0.007283
29,48,0.007247
22,90,0.007215
68,93,0.007206
4,91,0.007204
58,81,0.007179
20,80,0.007167
48,65,0.007167
2,37,0.007105
14,54,0.007087
25,43,0.007058
34,62,0.007013
6,29,0.006977
41,42,0.006973
5,90,0.006971
34,83,0.006969
8,35,0.006817
21,44,0.006808
50,67,0.006803
41,44,0.006782
2,51,0.006732
17,80,0.006664
19,52,0.006653
25,66,0.006641
5,15,0.006551
53,93,0.006481
43,51,0.006480
71,81,0.006477
68,94,0.006475
9,30,0.006461
5,49,0.006458
36,60,0.006456
35,92,0.006449
23,67,0.006438
51,59,0.006401
51,94,0.006400
39,92,0.006369
20,90,0.006359
46,57,0.006337
24,46,0.006335
27,85,0.006330
6,18,0.006323
67,79,0.006305
59,75,0.006302
1,91,0.006258
49,58,0.006253
25,89,0.006230
41,87,0.006127
1,90,0.006111
13,65,0.006105
17,46,0.006064
36,37,0.006050
19,60,0.006023
3,68,0.005960
53,72,0.005943
28,46,0.005943
15,34,0.005931
12,45,0.005929
9,29,0.005901
3,87,0.005869
8,60,0.005836
54,80,0.005836
69,89,0.005807
7,64,0.005791
32,37,0.005723
27,41,0.005691
29,46,0.005685
5,29,0.005657
9,36,0.005649
36,78,0.005580
66,72,0.005579
19,93,0.005568
21,43,0.005543
5,20,0.005537
60,73,0.005500
13,54,0.005481
1,94,0.005469
5,88,0.005429
15,67,0.005416
6,79,0.005402
16,61,0.005394
1,2,0.005375
36,47,0.005371
2,49,0.005352
38,74,0.005328
59,80,0.005310
24,83,0.005288
18,21,0.005285
11,30,0.005243
32,79,0.005242
6,21,0.005242
1,5,0.005229
17,69,0.005189
34,72,0.005188
1,6,0.005122
51,80,0.005081
2,20,0.004959
1,12,0.004958
1,42,0.004940
55,67,0.004938
2,91,0.004935
38,62,0.004914
37,54,0.004913
39,50,0.004912
15,65,0.004894
43,79,0.004882
27,40,0.004861
3,35,0.004789
14,32,0.004764
23,52,0.004720
38,73,0.004719
91,93,0.004697
12,42,0.004694
1,66,0.004667
55,60,0.004613
22,43,0.004572
1,75,0.004564
1,92,0.004560
62,76,0.004540
52,60,0.004522
3,69,0.004477
7,35,0.004470
4,24,0.004439
4,25,0.004306
17,87,0.004296
3,90,0.004295
22,27,0.004215
4,68,0.004208
19,58,0.004183
54,87,0.004108
29,70,0.003979
5,91,0.003976
46,71,0.003961
10,61,0.003952
63,80,0.003947
47,73,0.003944
20,22,0.003941
70,92,0.003928
4,80,0.003920
40,67,0.003890
34,56,0.003887
46,68,0.003855
76,87,0.003815
21,58,0.003804
17,45,0.003775
16,81,0.003759
9,66,0.003755
13,25,0.003745
31,82,0.003637
25,64,0.003586
3,92,0.003568
8,27,0.003566
57,69,0.003552
6,60,0.003551
30,47,0.003533
86,94,0.003445
34,40,0.003367
36,54,0.003363
66,85,0.003354
15,35,0.003345
25,56,0.003308
17,94,0.003290
3,29,0.003271
29,61,0.003232
26,45,0.003169
4,40,0.003159
32,71,0.003138
21,31,0.003128
13,49,0.003088
13,22,0.003047
4,53,0.003040
1,73,0.003030
29,67,0.003020
22,46,0.003009
16,50,0.002950
67,75,0.002935
59,94,0.002890
18,70,0.002860
8,37,0.002827
32,60,0.002820
40,48,0.002783
17,23,0.002773
4,73,0.002765
35,40,0.002746
32,45,0.002709
57,71,0.002695
53,83,0.002693
24,30,0.002684
9,27,0.002682
58,93,0.002647
51,55,0.002614
39,60,0.002589
26,53,0.002579
17,27,0.002571
2,53,0.002569
63,71,0.002541
9,40,0.002537
55,71,0.002497
39,76,0.002486
25,50,0.002441
75,88,0.002393
12,15,0.002332
46,69,0.002324
14,92,0.002312
17,61,0.002278
1,34,0.002267
12,90,0.002257
8,16,0.002243
85,94,0.002179
54,86,0.002178
33,48,0.002177
14,20,0.002163
3,46,0.002133
31,33,0.002107
4,43,0.002091
28,70,0.002080
3,88,0.002079
3,49,0.002072
1,11,0.002066
12,18,0.002038
2,24,0.002032
56,59,0.001989
26,44,0.001983
42,71,0.001974
24,81,0.001970
52,71,0.001950
11,94,0.001923
56,78,0.001910
6,37,0.001888
17,18,0.001883
29,60,0.001879
1,8,0.001875
79,88,0.001841
51,86,0.001832
51,62,0.001817
59,81,0.001814
50,87,0.001794
31,75,0.001790
17,75,0.001786
1,93,0.001775
5,24,0.001765
3,51,0.001735
19,35,0.001732
3,15,0.001726
14,63,0.001705
47,59,0.001689
39,49,0.001684
62,80,0.001656
11,40,0.001628
6,64,0.001624
1,83,0.001619
37,81,0.001607
60,87,0.001607
29,36,0.001550
21,75,0.001537
6,71,0.001537
7,86,0.001503
48,84,0.001482
41,57,0.001476
1,82,0.001439
27,67,0.001433
17,93,0.001423
26,58,0.001423
22,84,0.001400
7,55,0.001395
50,73,0.001386
42,70,0.001373
5,74,0.001322
16,84,0.001289
1,16,0.001276
59,82,0.001273
26,33,0.001241
33,55,0.001207
1,76,0.001200
36,45,0.001194
3,37,0.001148
30,38,0.001097
4,46,0.001053
28,49,0.001043
28,65,0.001032
25,41,0.001030
52,56,0.001006
4,29,0.001004
1,50,0.000993
33,77,0.000949
25,86,0.000933
61,72,0.000918
8,66,0.000873
38,78,0.000859
21,33,0.000846
18,63,0.000816
4,66,0.000782
74,89,0.000766
46,87,0.000762
77,93,0.000743
44,48,0.000727
30,51,0.000723
57,74,0.000723
19,27,0.000720
5,27,0.000718
1,22,0.000705
6,51,0.000684
1,70,0.000678
63,75,0.000631
81,93,0.000629
1,40,0.000614
19,65,0.000611
14,56,0.000594
54,73,0.000560
39,63,0.000538
73,90,0.000535
13,37,0.000529
10,40,0.000497
49,83,0.000481
13,74,0.000461
29,47,0.000435
31,64,0.000418
32,92,0.000414
18,73,0.000385
1,79,0.000335
4,36,0.000269
40,69,0.000232
27,48,0.000220
43,72,0.000216
14,79,0.000200
29,73,0.000185
2,80,0.000184
6,35,0.000179
23,46,0.000178
34,46,0.000171
28,91,0.000169
36,83,0.000157
4,71,0.000116
46,51,0.000066
1,88,0.000040
15,58,0.000032
53,77,0.000029
64,82,0.000011
57,77,-0.000015
5,71,-0.000028
40,52,-0.000042
22,42,-0.000048
8,49,-0.000083
32,73,-0.000141
2,71,-0.000195
1,78,-0.000211
6,49,-0.000233
13,44,-0.000239
44,50,-0.000317
10,24,-0.000319
43,75,-0.000323
15,56,-0.000332
30,48,-0.000351
10,66,-0.000366
71,77,-0.000381
6,31,-0.000389
4,83,-0.000407
66,91,-0.000412
74,90,-0.000481
6,40,-0.000525
68,79,-0.000530
47,50,-0.000534
1,19,-0.000561
1,13,-0.000564
14,94,-0.000570
19,63,-0.000609
71,93,-0.000641
27,52,-0.000649
12,29,-0.000792
13,66,-0.000793
13,47,-0.000812
36,66,-0.000820
55,64,-0.000822
35,82,-0.000878
25,31,-0.000896
5,25,-0.000915
12,72,-0.000918
27,89,-0.000971
59,93,-0.000973
25,74,-0.000978
40,44,-0.000998
42,57,-0.001005
8,17,-0.001012
33,68,-0.001065
53,90,-0.001065
40,58,-0.001102
6,78,-0.001112
2,83,-0.001197
1,72,-0.001197
64,84,-0.001251
30,50,-0.001259
64,92,-0.001271
27,33,-0.001285
12,83,-0.001307
85,93,-0.001314
1,45,-0.001326
44,60,-0.001353
46,94,-0.001366
50,64,-0.001371
25,80,-0.001375
49,94,-0.001392
25,39,-0.001413
68,82,-0.001425
37,43,-0.001456
26,56,-0.001474
38,57,-0.001490
1,33,-0.001529
29,92,-0.001569
64,94,-0.001571
5,80,-0.001587
5,53,-0.001605
70,93,-0.001630
12,32,-0.001633
64,88,-0.001646
13,92,-0.001658
17,41,-0.001722
54,72,-0.001730
13,63,-0.001732
36,93,-0.001738
40,93,-0.001749
33,43,-0.001808
1,41,-0.001825
24,34,-0.001832
32,51,-0.001832
53,69,-0.001842
36,56,-0.001860
49,90,-0.001863
64,74,-0.001867
54,88,-0.001893
44,58,-0.001903
14,90,-0.001915
47,48,-0.001954
6,61,-0.001987
4,14,-0.001988
34,59,-0.002023
14,60,-0.002094
11,23,-0.002102
1,9,-0.002107
55,62,-0.002132
48,69,-0.002133
7,43,-0.002150
7,70,-0.002150
1,63,-0.002152
45,56,-0.002170
31,40,-0.002172
48,79,-0.002183
1,7,-0.002188
30,63,-0.002189
26,59,-0.002206
54,91,-0.002241
18,41,-0.002260
41,89,-0.002269
15,38,-0.002309
87,93,-0.002353
53,62,-0.002395
10,58,-0.002398
17,30,-0.002398
11,60,-0.002400
8,55,-0.002417
23,94,-0.002430
64,81,-0.002453
17,81,-0.002477
22,47,-0.002499
10,37,-0.002507
11,59,-0.002528
23,44,-0.002559
60,90,-0.002602
37,67,-0.002615
24,56,-0.002617
57,78,-0.002624
78,91,-0.002667
59,84,-0.002686
37,46,-0.002714
74,76,-0.002735
27,69,-0.002802
16,37,-0.002818
8,64,-0.002821
75,89,-0.002843
10,39,-0.002856
16,44,-0.002868
1,87,-0.002872
28,80,-0.002891
33,58,-0.002942
54,62,-0.002951
71,84,-0.002963
20,30,-0.002973
44,88,-0.003022
66,71,-0.003061
25,61,-0.003062
22,54,-0.003081
16,73,-0.003082
60,78,-0.003103
18,69,-0.003109
30,77,-0.003120
9,91,-0.003142
18,94,-0.003154
49,63,-0.003162
73,93,-0.003211
65,70,-0.003218
43,64,-0.003230
55,72,-0.003289
16,57,-0.003295
41,75,-0.003295
76,85,-0.003311
26,66,-0.003345
62,81,-0.003346
64,72,-0.003355
15,36,-0.003368
54,84,-0.003384
4,27,-0.003457
8,70,-0.003469
22,32,-0.003489
1,86,-0.003495
1,30,-0.003515
36,94,-0.003548
19,76,-0.003578
3,20,-0.003581
42,85,-0.003622
73,88,-0.003628
11,32,-0.003633
3,53,-0.003670
25,75,-0.003671
44,82,-0.003682
39,56,-0.003701
61,71,-0.003708
28,35,-0.003725
15,89,-0.003782
47,72,-0.003821
25,85,-0.003825
14,59,-0.003839
38,67,-0.003840
28,36,-0.003862
10,30,-0.003879
16,30,-0.003902
31,92,-0.003916
8,31,-0.003921
10,46,-0.003944
54,66,-0.003945
69,92,-0.003949
72,90,-0.004030
22,39,-0.004049
11,48,-0.004060
32,63,-0.004090
27,46,-0.004171
45,51,-0.004193
52,85,-0.004203
7,60,-0.004209
32,83,-0.004210
4,69,-0.004237
4,60,-0.004247
18,34,-0.004265
12,19,-0.004295
9,64,-0.004302
43,50,-0.004325
11,44,-0.004350
14,34,-0.004370
23,28,-0.004391
57,80,-0.004402
66,87,-0.004440
64,71,-0.004442
31,78,-0.004457
70,77,-0.004460
4,90,-0.004460
43,81,-0.004534
10,34,-0.004552
4,87,-0.004575
44,90,-0.004582
67,92,-0.004613
45,88,-0.004614
19,54,-0.004695
19,29,-0.004710
27,50,-0.004725
2,43,-0.004728
44,78,-0.004761
1,10,-0.004842
63,73,-0.004852
6,43,-0.004868
1,47,-0.004873
31,67,-0.004885
1,37,-0.004891
51,60,-0.004891
10,32,-0.004921
48,58,-0.004939
63,92,-0.004975
67,82,-0.005002
44,53,-0.005010
7,39,-0.005022
55,66,-0.005024
11,46,-0.005052
30,60,-0.005068
14,91,-0.005127
27,58,-0.005137
39,91,-0.005150
25,93,-0.005193
15,41,-0.005221
66,86,-0.005233
29,86,-0.005278
23,73,-0.005291
18,37,-0.005304
50,70,-0.005305
17,52,-0.005336
15,24,-0.005349
58,70,-0.005364
13,46,-0.005374
56,93,-0.005389
61,80,-0.005423
28,39,-0.005429
45,46,-0.005478
1,15,-0.005479
62,93,-0.005489
10,55,-0.005513
19,20,-0.005544
13,28,-0.005547
31,39,-0.005566
58,84,-0.005579
6,74,-0.005604
10,56,-0.005609
11,70,-0.005615
2,90,-0.005619
48,78,-0.005620
19,23,-0.005652
10,52,-0.005671
25,32,-0.005690
44,91,-0.005692
60,94,-0.005712
60,89,-0.005717
72,89,-0.005796
5,40,-0.005814
42,55,-0.005828
24,57,-0.005856
37,93,-0.005863
4,13,-0.005901
55,58,-0.005913
22,94,-0.005982
27,81,-0.005990
3,43,-0.006001
12,82,-0.006024
5,14,-0.006063
9,35,-0.006162
30,85,-0.006169
49,71,-0.006174
29,94,-0.006211
31,89,-0.006214
23,48,-0.006250
49,74,-0.006261
27,63,-0.006266
58,85,-0.006267
59,89,-0.006293
6,90,-0.006295
72,93,-0.006327
18,91,-0.006361
28,47,-0.006383
23,40,-0.006387
28,45,-0.006389
41,71,-0.006442
17,58,-0.006448
59,92,-0.006451
44,61,-0.006457
8,28,-0.006475
26,50,-0.006518
1,68,-0.006518
60,82,-0.006535
26,68,-0.006553
10,33,-0.006554
3,24,-0.006562
11,85,-0.006579
7,42,-0.006584
74,85,-0.006618
1,18,-0.006640
39,54,-0.006668
21,52,-0.006672
40,88,-0.006702
1,58,-0.006707
4,62,-0.006719
20,81,-0.006726
26,72,-0.006731
33,40,-0.006744
4,17,-0.006768
36,52,-0.006787
62,75,-0.006789
23,33,-0.006800
27,79,-0.006802
19,30,-0.006803
26,81,-0.006810
33,64,-0.006865
27,47,-0.006873
2,58,-0.006879
46,66,-0.006902
1,81,-0.006920
46,63,-0.006949
69,86,-0.006957
67,71,-0.006968
30,94,-0.007049
5,58,-0.007068
40,86,-0.007093
13,89,-0.007094
3,66,-0.007127
37,78,-0.007169
14,48,-0.007177
1,31,-0.007234
63,89,-0.007271
13,93,-0.007290
11,89,-0.007313
2,60,-0.007341
55,61,-0.007375
39,94,-0.007435
31,69,-0.007472
43,55,-0.007488
4,92,-0.007531
21,32,-0.007549
56,80,-0.007579
41,58,-0.007582
23,66,-0.007589
1,14,-0.007593
71,92,-0.007605
24,74,-0.007623
1,56,-0.007659
36,64,-0.007661
63,90,-0.007684
51,66,-0.007688
1,27,-0.007707
29,93,-0.007708
1,67,-0.007724
1,26,-0.007726
14,73,-0.007751
16,43,-0.007766
39,90,-0.007768
13,82,-0.007776
45,59,-0.007794
11,45,-0.007826
4,88,-0.007834
2,87,-0.007854
10,35,-0.007874
44,71,-0.007881
62,74,-0.007885
1,28,-0.007930
19,64,-0.007934
47,85,-0.007977
3,55,-0.007981
1,65,-0.007988
19,36,-0.008009
39,61,-0.008019
5,69,-0.008077
33,84,-0.008090
5,43,-0.008103
12,26,-0.008103
6,48,-0.008122
23,83,-0.008133
25,57,-0.008136
1,54,-0.008136
13,30,-0.008146
47,90,-0.008154
51,92,-0.008171
21,93,-0.008196
74,87,-0.008204
9,32,-0.008210
22,38,-0.008217
55,86,-0.008220
2,25,-0.008229
32,40,-0.008229
2,36,-0.008242
40,57,-0.008255
10,70,-0.008271
44,74,-0.008289
79,94,-0.008298
20,75,-0.008298
1,89,-0.008303
65,86,-0.008342
36,67,-0.008364
38,52,-0.008395
30,44,-0.008396
13,33,-0.008413
49,70,-0.008431
26,51,-0.008437
68,76,-0.008466
36,42,-0.008481
1,23,-0.008510
18,89,-0.008532
39,85,-0.008661
17,90,-0.008670
5,64,-0.008681
23,49,-0.008682
5,13,-0.008706
39,64,-0.008763
16,67,-0.008785
1,48,-0.008790
4,58,-0.008804
14,27,-0.008841
1,60,-0.008856
20,68,-0.008875
55,89,-0.008895
37,76,-0.008910
17,72,-0.008982
17,31,-0.008994
21,54,-0.009018
80,93,-0.009035
15,81,-0.009107
38,66,-0.009121
65,82,-0.009122
1,25,-0.009150
58,82,-0.009159
4,38,-0.009164
9,38,-0.009166
62,89,-0.009170
71,76,-0.009176
80,86,-0.009185
6,59,-0.009208
11,88,-0.009215
5,17,-0.009267
77,94,-0.009270
31,47,-0.009297
28,76,-0.009314
11,73,-0.009347
50,79,-0.009375
57,70,-0.009390
42,47,-0.009391
17,79,-0.009409
38,44,-0.009410
13,62,-0.009456
25,72,-0.009468
5,87,-0.009473
28,48,-0.009475
12,91,-0.009522
17,78,-0.009531
22,70,-0.009558
11,20,-0.009563
44,92,-0.009569
29,72,-0.009577
56,72,-0.009592
17,68,-0.009593
43,70,-0.009601
2,88,-0.009619
71,85,-0.009661
4,28,-0.009689
51,65,-0.009736
28,57,-0.009740
38,39,-0.009749
67,83,-0.009754
36,41,-0.009759
31,73,-0.009777
34,88,-0.009781
84,93,-0.009783
18,86,-0.009786
4,89,-0.009804
57,72,-0.009811
25,58,-0.009822
47,60,-0.009882
15,54,-0.009885
33,69,-0.009891
12,89,-0.009922
26,90,-0.009953
27,82,-0.009955
16,70,-0.010003
45,86,-0.010018
56,60,-0.010021
16,24,-0.010026
12,22,-0.010057
1,43,-0.010061
16,79,-0.010068
1,57,-0.010096
67,90,-0.010139
1,32,-0.010141
19,34,-0.010160
32,85,-0.010174
1,69,-0.010177
2,17,-0.010178
35,65,-0.010203
21,22,-0.010210
32,86,-0.010240
55,65,-0.010302
8,58,-0.010349
22,79,-0.010352
1,44,-0.010367
4,64,-0.010390
2,64,-0.010402
60,93,-0.010413
22,53,-0.010461
6,69,-0.010483
17,74,-0.010486
21,72,-0.010496
17,34,-0.010504
63,87,-0.010508
20,74,-0.010513
74,91,-0.010534
22,72,-0.010554
6,27,-0.010575
3,60,-0.010625
8,42,-0.010638
19,66,-0.010640
31,85,-0.010709
29,57,-0.010779
35,66,-0.010784
36,57,-0.010802
1,36,-0.010855
29,85,-0.010871
13,40,-0.010873
76,84,-0.010903
2,38,-0.010913
24,29,-0.010920
28,56,-0.010926
45,55,-0.010975
13,60,-0.010982
31,68,-0.011025
2,92,-0.011037
11,83,-0.011082
24,50,-0.011096
2,14,-0.011100
9,58,-0.011128
5,38,-0.011134
42,49,-0.011136
3,44,-0.011162
8,61,-0.011174
46,73,-0.011192
5,36,-0.011260
43,68,-0.011264
56,92,-0.011268
23,70,-0.011311
23,38,-0.011314
24,42,-0.011343
18,38,-0.011366
51,79,-0.011401
23,91,-0.011409
32,53,-0.011455
27,90,-0.011460
10,47,-0.011480
2,13,-0.011484
1,62,-0.011500
1,29,-0.011501
14,70,-0.011505
21,65,-0.011507
16,77,-0.011507
16,86,-0.011539
31,71,-0.011557
15,86,-0.011570
29,56,-0.011572
89,92,-0.011583
6,70,-0.011596
50,90,-0.011667
15,53,-0.011677
36,65,-0.011690
31,51,-0.011691
35,52,-0.011718
36,50,-0.011895
1,39,-0.011915
39,51,-0.011921
7,17,-0.011976
47,87,-0.011991
36,62,-0.012014
5,41,-0.012057
57,79,-0.012065
7,87,-0.012116
18,68,-0.012148
38,79,-0.012157
52,69,-0.012163
6,66,-0.012166
20,50,-0.012213
28,51,-0.012258
9,60,-0.012264
50,65,-0.012302
56,69,-0.012341
30,45,-0.012355
27,83,-0.012367
40,63,-0.012389
28,71,-0.012391
21,70,-0.012477
65,90,-0.012520
13,87,-0.012527
49,64,-0.012597
45,85,-0.012611
36,61,-0.012630
9,48,-0.012654
9,37,-0.012657
77,88,-0.012687
25,44,-0.012689
18,50,-0.012692
22,64,-0.012762
38,80,-0.012792
1,53,-0.012797
67,93,-0.012875
14,93,-0.012875
32,35,-0.012879
53,67,-0.012894
5,92,-0.012914
27,38,-0.012933
1,46,-0.012963
42,78,-0.012964
52,80,-0.012968
3,36,-0.012980
20,85,-0.012989
33,81,-0.012993
3,77,-0.013013
61,73,-0.013026
3,58,-0.013039
29,35,-0.013071
35,87,-0.013085
16,47,-0.013125
11,62,-0.013144
35,55,-0.013145
62,82,-0.013151
3,52,-0.013160
5,55,-0.013180
78,93,-0.013187
51,68,-0.013188
7,22,-0.013201
48,55,-0.013215
22,89,-0.013237
28,38,-0.013266
7,36,-0.013269
60,81,-0.013291
1,61,-0.013312
1,64,-0.013318
9,56,-0.013360
60,65,-0.013371
73,82,-0.013390
58,80,-0.013393
76,90,-0.013403
12,86,-0.013425
34,70,-0.013515
15,92,-0.013574
82,85,-0.013588
1,51,-0.013591
28,82,-0.013595
3,28,-0.013597
46,93,-0.013646
34,80,-0.013680
15,44,-0.013688
59,90,-0.013703
15,49,-0.013709
14,35,-0.013723
35,61,-0.013724
17,53,-0.013734
25,46,-0.013766
35,86,-0.013863
69,71,-0.013875
28,31,-0.013887
12,84,-0.013933
53,81,-0.013963
42,59,-0.013966
39,45,-0.014004
26,34,-0.014029
76,89,-0.014050
7,73,-0.014144
37,94,-0.014158
45,53,-0.014171
44,87,-0.014185
41,91,-0.014208
42,92,-0.014212
73,83,-0.014232
40,76,-0.014236
61,81,-0.014314
20,94,-0.014321
3,27,-0.014325
62,78,-0.014357
68,91,-0.014361
23,51,-0.014425
14,69,-0.014432
68,70,-0.014451
36,46,-0.014483
32,91,-0.014496
18,79,-0.014508
6,23,-0.014510
1,71,-0.014545
26,71,-0.014591
14,33,-0.014602
8,34,-0.014604
15,60,-0.014656
62,68,-0.014694
10,43,-0.014709
16,58,-0.014748
30,73,-0.014784
14,43,-0.014792
53,94,-0.014890
62,88,-0.014918
40,50,-0.014927
73,76,-0.014973
26,89,-0.014973
35,72,-0.015024
24,85,-0.015079
33,79,-0.015115
46,65,-0.015124
2,41,-0.015128
11,56,-0.015149
29,49,-0.015189
56,89,-0.015211
29,81,-0.015219
14,76,-0.015240
10,76,-0.015249
81,94,-0.015250
61,85,-0.015271
9,71,-0.015279
9,46,-0.015284
17,71,-0.015306
13,41,-0.015312
2,28,-0.015384
41,88,-0.015387
19,37,-0.015389
37,71,-0.015398
37,91,-0.015412
39,55,-0.015449
47,76,-0.015512
10,91,-0.015513
31,37,-0.015516
47,63,-0.015523
21,68,-0.015528
19,33,-0.015559
22,76,-0.015567
21,48,-0.015571
25,63,-0.015575
44,73,-0.015638
70,88,-0.015648
10,20,-0.015691
30,84,-0.015692
39,89,-0.015693
52,74,-0.015708
41,62,-0.015748
45,65,-0.015779
22,65,-0.015787
48,81,-0.015824
23,93,-0.015871
27,88,-0.015873
21,94,-0.015897
20,47,-0.015900
44,66,-0.015928
15,93,-0.015951
28,79,-0.015957
9,41,-0.015963
13,86,-0.015978
35,85,-0.015995
13,36,-0.016019
14,65,-0.016036
11,78,-0.016056
23,32,-0.016066
5,60,-0.016069
20,60,-0.016076
3,17,-0.016160
61,92,-0.016161
17,65,-0.016170
71,78,-0.016181
43,58,-0.016222
9,28,-0.016227
62,85,-0.016248
26,38,-0.016274
53,63,-0.016312
13,58,-0.016347
74,83,-0.016358
6,36,-0.016396
15,37,-0.016400
31,57,-0.016417
14,82,-0.016441
11,33,-0.016452
10,74,-0.016470
48,67,-0.016482
43,74,-0.016486
78,92,-0.016577
62,86,-0.016583
2,62,-0.016616
45,67,-0.016625
61,77,-0.016690
48,74,-0.016726
24,94,-0.016740
28,62,-0.016748
3,14,-0.016749
9,17,-0.016753
63,83,-0.016800
27,72,-0.016816
21,49,-0.016865
15,28,-0.016897
6,89,-0.016902
30,87,-0.016924
46,49,-0.016949
15,45,-0.017018
12,60,-0.017066
5,28,-0.017068
18,58,-0.017083
37,55,-0.017084
35,57,-0.017086
37,68,-0.017088
3,40,-0.017094
42,72,-0.017103
14,71,-0.017126
34,92,-0.017142
23,55,-0.017159
16,46,-0.017183
6,88,-0.017236
60,66,-0.017259
9,34,-0.017289
5,62,-0.017367
69,77,-0.017380
82,93,-0.017415
62,91,-0.017451
17,84,-0.017475
21,67,-0.017492
29,65,-0.017509
6,34,-0.017544
25,90,-0.017548
38,70,-0.017566
48,80,-0.017586
37,56,-0.017597
3,25,-0.017617
18,92,-0.017628
62,94,-0.017668
32,74,-0.017672
47,58,-0.017698
32,72,-0.017716
7,28,-0.017742
18,51,-0.017749
20,38,-0.017767
12,53,-0.017786
36,75,-0.017792
53,86,-0.017793
19,84,-0.017794
62,87,-0.017862
27,60,-0.017875
49,82,-0.017877
9,53,-0.017880
11,50,-0.017929
65,83,-0.017930
26,84,-0.017935
7,69,-0.017936
12,74,-0.018031
6,86,-0.018054
11,24,-0.018081
41,52,-0.018092
24,71,-0.018136
56,75,-0.018151
14,67,-0.018152
4,44,-0.018179
52,54,-0.018184
7,53,-0.018185
21,73,-0.018205
52,64,-0.018216
4,55,-0.018294
32,68,-0.018312
3,84,-0.018314
37,59,-0.018327
40,70,-0.018349
49,68,-0.018357
12,30,-0.018374
30,72,-0.018397
2,55,-0.018426
14,46,-0.018447
14,24,-0.018452
5,47,-0.018453
7,71,-0.018492
25,54,-0.018530
3,13,-0.018566
73,81,-0.018617
19,61,-0.018628
56,87,-0.018656
13,39,-0.018745
17,29,-0.018754
16,72,-0.018797
13,29,-0.018902
57,89,-0.018906
74,80,-0.018958
28,93,-0.018984
39,71,-0.019019
82,94,-0.019019
63,86,-0.019032
53,70,-0.019041
30,66,-0.019125
37,84,-0.019130
41,77,-0.019133
31,66,-0.019138
48,56,-0.019214
44,51,-0.019243
7,44,-0.019245
18,88,-0.019304
14,58,-0.019321
61,93,-0.019341
43,59,-0.019346
41,80,-0.019359
3,38,-0.019370
10,50,-0.019435
14,62,-0.019449
32,52,-0.019461
74,82,-0.019489
30,52,-0.019521
23,88,-0.019560
18,80,-0.019587
41,84,-0.019629
46,88,-0.019640
51,76,-0.019644
6,41,-0.019731
53,75,-0.019796
6,53,-0.019797
35,54,-0.019801
48,85,-0.019811
53,76,-0.019832
25,35,-0.019838
26,63,-0.019862
26,86,-0.019866
39,73,-0.019884
42,90,-0.019901
13,61,-0.019901
32,46,-0.019929
14,44,-0.020003
24,39,-0.020016
66,92,-0.020025
36,87,-0.020030
66,82,-0.020045
65,73,-0.020087
56,66,-0.020096
57,92,-0.020101
18,81,-0.020126
46,90,-0.020220
44,85,-0.020249
12,46,-0.020271
8,53,-0.020285
27,57,-0.020303
37,88,-0.020314
39,80,-0.020367
12,31,-0.020371
6,28,-0.020387
71,87,-0.020395
4,47,-0.020454
8,67,-0.020458
28,84,-0.020474
38,72,-0.020512
79,87,-0.020535
22,73,-0.020558
22,93,-0.020591
28,53,-0.020612
3,85,-0.020654
18,44,-0.020702
26,73,-0.020713
75,81,-0.020714
30,37,-0.020793
13,81,-0.020808
18,33,-0.020810
13,50,-0.020866
62,71,-0.020879
34,50,-0.020897
3,47,-0.020904
10,49,-0.020958
32,62,-0.020970
10,92,-0.020979
4,16,-0.021057
7,61,-0.021090
9,62,-0.021110
26,65,-0.021111
12,65,-0.021144
52,58,-0.021188
66,81,-0.021208
25,84,-0.021232
11,58,-0.021234
7,24,-0.021236
11,41,-0.021238
10,60,-0.021272
14,87,-0.021274
31,79,-0.021325
52,88,-0.021330
49,61,-0.021342
24,31,-0.021375
30,56,-0.021388
37,53,-0.021400
57,90,-0.021423
17,57,-0.021430
47,92,-0.021449
50,85,-0.021459
43,83,-0.021480
10,41,-0.021604
29,68,-0.021696
68,92,-0.021769
14,64,-0.021836
45,74,-0.021849
20,56,-0.021855
2,47,-0.021876
39,77,-0.021880
24,38,-0.021908
85,86,-0.021908
32,82,-0.021909
41,93,-0.021937
11,39,-0.021974
30,75,-0.021989
54,69,-0.022002
62,73,-0.022038
30,67,-0.022053
32,78,-0.022058
39,66,-0.022127
19,40,-0.022130
19,88,-0.022160
10,69,-0.022161
15,71,-0.022166
9,47,-0.022206
33,59,-0.022240
46,52,-0.022283
29,69,-0.022288
11,90,-0.022309
50,61,-0.022363
31,52,-0.022378
18,20,-0.022381
6,83,-0.022404
7,37,-0.022418
16,93,-0.022439
49,81,-0.022500
21,74,-0.022514
13,42,-0.022533
16,75,-0.022545
39,67,-0.022565
2,34,-0.022625
37,73,-0.022637
79,89,-0.022653
28,83,-0.022659
33,91,-0.022684
24,37,-0.022737
25,68,-0.022754
13,91,-0.022769
21,86,-0.022794
73,80,-0.022841
15,57,-0.022853
6,38,-0.022855
10,71,-0.022875
64,86,-0.022877
74,81,-0.022917
15,90,-0.022924
43,91,-0.022934
24,92,-0.022962
12,85,-0.022966
26,52,-0.022969
3,64,-0.022991
66,69,-0.023015
10,68,-0.023086
38,93,-0.023139
31,80,-0.023148
41,90,-0.023169
25,65,-0.023212
11,69,-0.023250
4,77,-0.023270
11,75,-0.023270
64,80,-0.023280
42,62,-0.023294
15,85,-0.023339
38,48,-0.023362
4,34,-0.023396
8,71,-0.023433
48,76,-0.023455
22,48,-0.023492
18,48,-0.023502
19,72,-0.023546
15,64,-0.023573
31,36,-0.023574
53,91,-0.023585
24,75,-0.023640
64,79,-0.023665
61,90,-0.023671
33,41,-0.023686
16,76,-0.023699
26,40,-0.023772
54,71,-0.023803
36,79,-0.023843
25,52,-0.023880
48,91,-0.023909
12,61,-0.023928
62,92,-0.023934
2,67,-0.023970
8,68,-0.023985
16,92,-0.023998
12,70,-0.024031
8,59,-0.024032
41,85,-0.024046
17,86,-0.024129
11,28,-0.024142
26,76,-0.024177
47,66,-0.024205
5,34,-0.024227
26,54,-0.024247
22,49,-0.024269
23,69,-0.024303
42,58,-0.024306
65,66,-0.024339
7,62,-0.024353
24,43,-0.024373
22,28,-0.024378
19,85,-0.024420
64,83,-0.024426
22,75,-0.024426
33,87,-0.024483
29,90,-0.024484
14,81,-0.024526
5,16,-0.024535
32,93,-0.024571
14,21,-0.024575
43,82,-0.024656
21,81,-0.024658
38,92,-0.024700
61,70,-0.024719
23,47,-0.024792
15,69,-0.024892
15,32,-0.024897
15,66,-0.024921
32,41,-0.024924
40,91,-0.024942
22,59,-0.024947
51,93,-0.024967
34,36,-0.024981
20,31,-0.025009
38,68,-0.025086
18,65,-0.025162
69,81,-0.025178
28,41,-0.025186
44,64,-0.025214
31,54,-0.025233
15,74,-0.025275
6,73,-0.025312
23,64,-0.025359
51,75,-0.025370
57,84,-0.025393
44,63,-0.025456
18,59,-0.025472
8,48,-0.025501
4,52,-0.025523
56,71,-0.025525
27,94,-0.025623
72,94,-0.025634
75,92,-0.025646
56,79,-0.025673
45,58,-0.025701
32,80,-0.025763
45,89,-0.025815
72,85,-0.025846
29,31,-0.025848
30,92,-0.025893
31,38,-0.025895
44,72,-0.025924
66,78,-0.025950
5,77,-0.026055
24,68,-0.026072
23,92,-0.026076
40,56,-0.026095
66,75,-0.026108
46,82,-0.026120
28,63,-0.026152
24,54,-0.026205
23,74,-0.026208
64,93,-0.026214
28,94,-0.026229
71,83,-0.026262
6,30,-0.026270
18,82,-0.026307
24,86,-0.026311
32,88,-0.026332
13,52,-0.026342
18,93,-0.026343
3,62,-0.026349
54,77,-0.026363
10,44,-0.026372
2,16,-0.026394
9,45,-0.026411
7,89,-0.026441
6,42,-0.026493
39,59,-0.026498
12,38,-0.026511
46,77,-0.026512
30,68,-0.026524
9,68,-0.026533
50,66,-0.026537
26,83,-0.026609
25,60,-0.026623
17,59,-0.026631
55,68,-0.026683
30,46,-0.026737
8,51,-0.026743
25,67,-0.026765
31,93,-0.026798
24,69,-0.026821
15,70,-0.026824
24,45,-0.026836
32,81,-0.026836
27,75,-0.026884
51,81,-0.026891
42,61,-0.026891
43,86,-0.026919
52,89,-0.026933
23,82,-0.026936
53,92,-0.026981
37,58,-0.026985
12,80,-0.026992
49,59,-0.027034
34,54,-0.027044
50,59,-0.027050
51,67,-0.027055
12,33,-0.027118
37,38,-0.027123
39,86,-0.027137
49,69,-0.027146
45,63,-0.027163
34,43,-0.027237
35,83,-0.027254
2,45,-0.027255
38,94,-0.027279
2,44,-0.027291
4,31,-0.027302
57,91,-0.027315
13,69,-0.027328
23,63,-0.027359
8,62,-0.027383
49,56,-0.027403
50,62,-0.027415
16,36,-0.027453
30,61,-0.027465
12,21,-0.027470
8,76,-0.027487
32,39,-0.027488
19,49,-0.027496
17,83,-0.027520
5,31,-0.027529
65,72,-0.027549
23,37,-0.027627
69,84,-0.027632
31,46,-0.027633
28,67,-0.027636
2,77,-0.027693
4,45,-0.027698
15,51,-0.027711
33,92,-0.027863
42,77,-0.027880
44,94,-0.027900
17,92,-0.027922
57,59,-0.027954
34,75,-0.027962
16,74,-0.027987
43,73,-0.028014
18,62,-0.028017
6,77,-0.028020
16,63,-0.028021
80,91,-0.028038
23,50,-0.028041
34,86,-0.028147
46,86,-0.028149
7,90,-0.028195
30,59,-0.028202
36,86,-0.028233
59,60,-0.028304
11,76,-0.028310
73,91,-0.028420
2,52,-0.028444
39,83,-0.028447
26,64,-0.028484
25,45,-0.028511
10,65,-0.028535
46,91,-0.028541
56,74,-0.028593
63,93,-0.028655
19,62,-0.028738
42,81,-0.028782
26,36,-0.028812
16,59,-0.028823
6,32,-0.028826
32,55,-0.028852
5,52,-0.028866
29,79,-0.028934
54,92,-0.028950
44,89,-0.028965
20,26,-0.028981
5,45,-0.028997
6,44,-0.029032
31,59,-0.029037
2,31,-0.029050
28,64,-0.029054
20,63,-0.029092
5,56,-0.029101
36,82,-0.029125
48,88,-0.029152
7,48,-0.029155
13,43,-0.029175
4,84,-0.029194
28,52,-0.029214
35,89,-0.029245
15,40,-0.029254
13,59,-0.029267
15,80,-0.029280
11,64,-0.029298
77,86,-0.029310
47,82,-0.029317
46,92,-0.029326
64,70,-0.029396
45,92,-0.029416
55,92,-0.029448
6,85,-0.029543
58,63,-0.029546
53,89,-0.029584
45,93,-0.029621
12,48,-0.029660
29,52,-0.029670
25,79,-0.029750
75,94,-0.029752
7,88,-0.029763
22,77,-0.029814
6,58,-0.029847
18,90,-0.029881
63,91,-0.029892
26,67,-0.029892
44,70,-0.029917
38,81,-0.029945
18,46,-0.029957
19,89,-0.029958
15,59,-0.029962
9,73,-0.029972
8,86,-0.029979
6,55,-0.029986
29,50,-0.029994
59,68,-0.029996
12,43,-0.030013
66,80,-0.030074
19,82,-0.030076
48,61,-0.030079
15,87,-0.030165
9,33,-0.030200
45,66,-0.030249
26,61,-0.030259
57,66,-0.030284
7,20,-0.030382
71,80,-0.030385
37,77,-0.030408
59,76,-0.030426
8,32,-0.030434
12,79,-0.030494
73,77,-0.030502
22,66,-0.030512
7,83,-0.030515
9,89,-0.030566
36,81,-0.030568
9,90,-0.030579
43,62,-0.030600
12,41,-0.030604
53,87,-0.030607
13,48,-0.030619
14,47,-0.030635
33,85,-0.030651
41,69,-0.030656
13,88,-0.030747
11,72,-0.030767
24,63,-0.030782
51,87,-0.030803
44,77,-0.030840
2,84,-0.030846
30,40,-0.030864
23,43,-0.030869
22,36,-0.030874
28,60,-0.030913
48,82,-0.030913
50,91,-0.030929
13,67,-0.030968
34,63,-0.030976
65,89,-0.030980
64,77,-0.031023
35,64,-0.031031
44,45,-0.031121
55,94,-0.031140
16,35,-0.031164
13,68,-0.031214
36,38,-0.031268
76,94,-0.031273
22,82,-0.031336
8,20,-0.031344
16,52,-0.031413
11,79,-0.031414
49,54,-0.031500
33,89,-0.031526
9,59,-0.031553
5,84,-0.031593
37,48,-0.031698
24,44,-0.031767
21,92,-0.031825
34,93,-0.031832
5,44,-0.031879
17,82,-0.031930
30,76,-0.032005
9,87,-0.032062
13,53,-0.032079
14,77,-0.032130
4,67,-0.032173
11,37,-0.032210
19,68,-0.032283
13,38,-0.032291
32,89,-0.032294
23,86,-0.032299
78,94,-0.032362
54,83,-0.032408
52,83,-0.032503
26,82,-0.032526
43,78,-0.032567
49,91,-0.032573
23,81,-0.032575
61,83,-0.032611
33,60,-0.032619
22,50,-0.032651
59,78,-0.032670
12,63,-0.032715
3,78,-0.032731
25,92,-0.032735
46,83,-0.032789
27,64,-0.032789
45,83,-0.032805
4,85,-0.032829
58,88,-0.032840
52,66,-0.032868
6,62,-0.032874
17,40,-0.032897
34,61,-0.032902
27,91,-0.032934
59,87,-0.032949
36,80,-0.032967
32,48,-0.032985
37,62,-0.033031
24,90,-0.033032
60,91,-0.033047
66,76,-0.033062
41,65,-0.033078
39,68,-0.033080
3,82,-0.033093
45,87,-0.033101
3,16,-0.033133
18,53,-0.033211
9,85,-0.033232
9,51,-0.033236
22,63,-0.033278
15,76,-0.033279
8,36,-0.033347
17,51,-0.033389
27,42,-0.033391
63,70,-0.033424
54,58,-0.033450
7,80,-0.033463
9,67,-0.033490
3,34,-0.033502
37,65,-0.033509
25,94,-0.033522
41,86,-0.033531
19,87,-0.033559
34,48,-0.033564
19,70,-0.033585
40,72,-0.033606
22,88,-0.033608
37,85,-0.033629
8,24,-0.033656
61,91,-0.033666
4,32,-0.033701
16,90,-0.033725
13,79,-0.033752
20,53,-0.033759
35,71,-0.033762
47,93,-0.033762
32,43,-0.033832
9,49,-0.033845
3,79,-0.033882
41,92,-0.033947
44,68,-0.033988
11,87,-0.033991
50,88,-0.034098
16,89,-0.034107
49,85,-0.034129
9,78,-0.034129
65,87,-0.034151
11,36,-0.034162
61,87,-0.034217
30,57,-0.034219
44,81,-0.034238
5,67,-0.034252
47,78,-0.034256
5,85,-0.034260
20,42,-0.034305
24,72,-0.034349
10,36,-0.034349
24,78,-0.034359
7,79,-0.034370
52,90,-0.034389
11,71,-0.034412
16,51,-0.034421
51,74,-0.034447
12,71,-0.034465
20,91,-0.034485
60,92,-0.034510
8,73,-0.034515
3,45,-0.034552
42,91,-0.034604
18,67,-0.034700
40,83,-0.034735
8,80,-0.034762
76,93,-0.034781
42,79,-0.034781
13,73,-0.034782
43,67,-0.034787
24,89,-0.034790
6,65,-0.034792
9,20,-0.034816
18,24,-0.034822
2,85,-0.034849
44,52,-0.034862
33,35,-0.034921
11,52,-0.034941
3,67,-0.035013
31,62,-0.035027
55,85,-0.035064
34,60,-0.035069
26,37,-0.035107
41,73,-0.035136
17,44,-0.035161
7,51,-0.035161
33,73,-0.035166
40,55,-0.035175
9,86,-0.035178
54,93,-0.035231
16,71,-0.035243
30,71,-0.035248
11,80,-0.035258
32,38,-0.035280
20,65,-0.035284
43,94,-0.035286
30,36,-0.035311
56,83,-0.035381
26,77,-0.035421
52,67,-0.035425
33,90,-0.035435
35,62,-0.035443
22,83,-0.035500
15,62,-0.035541
12,50,-0.035565
24,67,-0.035590
40,49,-0.035603
64,85,-0.035613
67,85,-0.035615
29,34,-0.035624
19,75,-0.035682
46,78,-0.035700
52,94,-0.035793
25,78,-0.035811
57,85,-0.035839
47,65,-0.035848
36,91,-0.035851
26,62,-0.035854
33,80,-0.035858
54,81,-0.035862
14,72,-0.035866
34,74,-0.036047
20,93,-0.036145
12,78,-0.036152
23,57,-0.036168
37,64,-0.036220
28,61,-0.036292
38,69,-0.036313
22,92,-0.036348
51,69,-0.036462
23,45,-0.036497
25,36,-0.036503
53,84,-0.036532
45,60,-0.036590
51,73,-0.036596
4,41,-0.036605
33,74,-0.036610
41,79,-0.036630
3,56,-0.036670
50,92,-0.036682
46,74,-0.036800
3,75,-0.036804
42,45,-0.036827
22,31,-0.036830
14,57,-0.036836
5,32,-0.036851
20,48,-0.036867
26,60,-0.036904
21,47,-0.036905
20,78,-0.036920
21,61,-0.036927
24,33,-0.036934
18,54,-0.037002
55,79,-0.037009
27,78,-0.037022
3,86,-0.037022
32,66,-0.037035
14,86,-0.037136
44,80,-0.037151
23,84,-0.037181
7,67,-0.037197
53,85,-0.037199
6,84,-0.037303
40,82,-0.037321
20,57,-0.037453
27,54,-0.037467
4,56,-0.037503
34,67,-0.037516
10,63,-0.037589
13,76,-0.037630
40,75,-0.037654
15,79,-0.037661
25,83,-0.037666
26,75,-0.037666
58,67,-0.037682
8,33,-0.037686
26,39,-0.037690
11,68,-0.037749
38,91,-0.037769
31,53,-0.037783
27,71,-0.037806
10,53,-0.037808
24,53,-0.037994
66,90,-0.037998
23,60,-0.038037
24,93,-0.038057
53,66,-0.038103
15,78,-0.038112
6,56,-0.038143
28,40,-0.038148
16,60,-0.038149
65,91,-0.038192
6,81,-0.038212
11,82,-0.038229
9,61,-0.038251
17,50,-0.038284
20,86,-0.038306
8,56,-0.038311
29,37,-0.038313
16,91,-0.038369
23,34,-0.038371
36,84,-0.038404
10,67,-0.038465
13,94,-0.038472
17,60,-0.038523
40,94,-0.038528
60,80,-0.038536
52,70,-0.038559
2,32,-0.038568
17,64,-0.038603
40,74,-0.038616
77,89,-0.038677
12,75,-0.038685
10,89,-0.038704
7,45,-0.038712
44,93,-0.038736
3,31,-0.038762
11,49,-0.038788
6,45,-0.038810
22,91,-0.038869
47,83,-0.038910
34,82,-0.038926
33,49,-0.038977
51,82,-0.038996
19,47,-0.039037
13,71,-0.039039
17,91,-0.039092
26,32,-0.039116
56,81,-0.039192
8,89,-0.039202
36,73,-0.039225
48,63,-0.039234
3,76,-0.039248
46,79,-0.039250
12,58,-0.039280
26,85,-0.039309
11,67,-0.039314
35,88,-0.039314
19,71,-0.039342
18,84,-0.039355
46,60,-0.039372
67,94,-0.039389
39,65,-0.039438
27,43,-0.039465
5,33,-0.039500
21,89,-0.039501
19,74,-0.039518
52,87,-0.039540
26,87,-0.039591
17,39,-0.039631
43,76,-0.039646
14,53,-0.039659
18,64,-0.039671
4,33,-0.039718
9,65,-0.039720
27,76,-0.039741
18,71,-0.039751
16,66,-0.039754
35,94,-0.039760
42,67,-0.039779
13,21,-0.039815
34,51,-0.039871
34,85,-0.039892
39,57,-0.039896
32,84,-0.039918
33,83,-0.039922
22,74,-0.039949
8,77,-0.039953
43,92,-0.039979
63,66,-0.040001
7,34,-0.040028
13,56,-0.040034
72,84,-0.040117
51,83,-0.040205
13,72,-0.040219
47,94,-0.040242
15,91,-0.040258
19,73,-0.040343
25,33,-0.040366
59,77,-0.040372
29,87,-0.040471
76,92,-0.040488
11,53,-0.040493
39,52,-0.040512
31,60,-0.040536
7,38,-0.040551
27,93,-0.040573
17,36,-0.040593
18,61,-0.040650
17,76,-0.040734
41,68,-0.040816
20,35,-0.040873
24,36,-0.040876
6,63,-0.040921
8,45,-0.040935
6,80,-0.040964
42,69,-0.040995
59,66,-0.041013
23,77,-0.041077
63,94,-0.041108
38,76,-0.041125
46,70,-0.041147
29,66,-0.041273
17,62,-0.041384
80,88,-0.041430
20,39,-0.041527
6,52,-0.041538
10,62,-0.041549
6,25,-0.041611
49,79,-0.041618
21,84,-0.041629
46,81,-0.041720
35,73,-0.041765
8,47,-0.041785
29,83,-0.041792
29,53,-0.041846
8,65,-0.041868
8,88,-0.041871
23,61,-0.041907
3,50,-0.041921
38,64,-0.041932
75,83,-0.041935
14,74,-0.041960
18,72,-0.042019
18,57,-0.042094
2,56,-0.042112
31,87,-0.042132
24,65,-0.042133
21,26,-0.042155
2,33,-0.042206
15,42,-0.042226
12,56,-0.042236
42,64,-0.042368
3,41,-0.042498
13,70,-0.042513
37,66,-0.042522
3,33,-0.042596
20,23,-0.042668
11,63,-0.042721
13,80,-0.042837
47,86,-0.042842
22,86,-0.042894
30,80,-0.042906
15,61,-0.042964
23,72,-0.042969
35,70,-0.042971
53,58,-0.042981
9,63,-0.043003
24,51,-0.043004
9,79,-0.043009
58,91,-0.043026
34,76,-0.043043
52,72,-0.043095
34,94,-0.043130
58,79,-0.043134
70,90,-0.043135
20,73,-0.043277
29,78,-0.043310
4,78,-0.043320
5,61,-0.043329
47,70,-0.043388
50,89,-0.043389
15,68,-0.043417
14,88,-0.043460
24,79,-0.043578
11,86,-0.043626
53,88,-0.043645
31,88,-0.043666
24,64,-0.043710
34,66,-0.043745
8,44,-0.043763
24,84,-0.043800
12,62,-0.043827
75,93,-0.043906
62,69,-0.043912
2,61,-0.043930
27,32,-0.043952
26,92,-0.043959
7,56,-0.043984
69,73,-0.044077
19,41,-0.044119
15,39,-0.044223
65,71,-0.044252
20,83,-0.044257
63,77,-0.044302
9,80,-0.044320
50,60,-0.044389
3,32,-0.044425
12,52,-0.044472
14,83,-0.044506
7,47,-0.044523
12,81,-0.044537
4,61,-0.044600
13,83,-0.044636
4,79,-0.044671
59,83,-0.044702
68,81,-0.044735
21,59,-0.044745
11,47,-0.044817
42,65,-0.044856
56,82,-0.044907
8,90,-0.045051
18,75,-0.045164
6,82,-0.045243
4,82,-0.045255
19,51,-0.045346
25,91,-0.045467
41,51,-0.045571
9,55,-0.045582
40,87,-0.045650
44,83,-0.045651
13,35,-0.045706
39,88,-0.045743
5,78,-0.045758
31,44,-0.045849
16,22,-0.045953
22,80,-0.046027
11,61,-0.046103
63,74,-0.046156
6,33,-0.046162
14,45,-0.046308
10,88,-0.046414
50,94,-0.046493
45,76,-0.046517
12,54,-0.046571
43,80,-0.046665
3,63,-0.046680
40,79,-0.046837
30,49,-0.047022
42,86,-0.047100
6,76,-0.047122
2,82,-0.047181
31,84,-0.047236
52,62,-0.047241
38,89,-0.047257
26,78,-0.047270
12,44,-0.047502
25,37,-0.047614
52,92,-0.047616
35,74,-0.047656
21,60,-0.047718
34,89,-0.047733
2,78,-0.047740
5,79,-0.047774
54,74,-0.047776
18,52,-0.047790
6,87,-0.047818
4,75,-0.047935
19,78,-0.047937
39,84,-0.047962
17,56,-0.047971
42,76,-0.048023
11,77,-0.048067
64,91,-0.048101
7,41,-0.048105
28,88,-0.048121
5,82,-0.048146
23,90,-0.048182
12,67,-0.048183
16,85,-0.048184
30,54,-0.048223
24,88,-0.048348
12,55,-0.048482
18,66,-0.048525
65,92,-0.048557
18,55,-0.048599
21,56,-0.048619
34,57,-0.048675
23,56,-0.048817
42,82,-0.048819
10,64,-0.048885
20,43,-0.048909
34,71,-0.048917
28,85,-0.048923
32,70,-0.049144
4,76,-0.049154
20,54,-0.049158
28,89,-0.049169
59,70,-0.049324
3,81,-0.049361
13,51,-0.049401
21,82,-0.049447
25,53,-0.049492
3,72,-0.049545
25,76,-0.049569
43,89,-0.049624
4,86,-0.049628
16,53,-0.049689
25,71,-0.049712
22,71,-0.049729
10,77,-0.049737
40,68,-0.049789
7,32,-0.049871
27,56,-0.049917
24,70,-0.049923
10,57,-0.049927
17,73,-0.049954
48,90,-0.049960
75,91,-0.049960
49,60,-0.049994
34,78,-0.049998
18,77,-0.050018
33,94,-0.050032
16,69,-0.050039
17,88,-0.050058
39,78,-0.050074
2,79,-0.050084
5,76,-0.050133
23,68,-0.050133
50,83,-0.050165
30,53,-0.050198
15,72,-0.050313
9,76,-0.050382
38,83,-0.050388
20,64,-0.050427
10,59,-0.050463
32,59,-0.050521
54,70,-0.050605
16,82,-0.050655
34,87,-0.050673
7,85,-0.050691
50,69,-0.050713
55,93,-0.050731
5,75,-0.050740
27,74,-0.050753
38,86,-0.050757
57,93,-0.050826
65,94,-0.050948
28,69,-0.051037
7,63,-0.051118
27,59,-0.051290
20,59,-0.051299
10,87,-0.051342
29,84,-0.051393
32,49,-0.051398
53,74,-0.051404
8,84,-0.051426
26,91,-0.051485
18,87,-0.051581
20,69,-0.051594
21,46,-0.051811
16,94,-0.051817
2,75,-0.051897
36,77,-0.051941
54,85,-0.052057
35,42,-0.052174
41,56,-0.052234
23,78,-0.052259
47,84,-0.052334
34,73,-0.052349
31,48,-0.052382
10,82,-0.052434
45,69,-0.052550
22,67,-0.052569
2,65,-0.052577
12,35,-0.052620
34,91,-0.052625
16,55,-0.052645
49,88,-0.052655
6,75,-0.052782
19,81,-0.052835
49,87,-0.052898
10,90,-0.052911
9,77,-0.052919
52,63,-0.053011
46,64,-0.053045
9,24,-0.053076
15,73,-0.053076
28,90,-0.053078
3,65,-0.053095
6,47,-0.053127
8,79,-0.053152
26,49,-0.053202
3,61,-0.053205
15,83,-0.053217
2,76,-0.053327
21,41,-0.053330
20,61,-0.053338
14,75,-0.053371
47,89,-0.053384
54,89,-0.053414
24,61,-0.053493
50,68,-0.053610
48,73,-0.053645
2,86,-0.053662
12,77,-0.053696
51,84,-0.053806
27,77,-0.053866
31,94,-0.053879
65,93,-0.053897
10,78,-0.053902
58,73,-0.054060
7,77,-0.054062
10,85,-0.054207
8,52,-0.054297
38,58,-0.054369
30,35,-0.054381
8,87,-0.054395
19,55,-0.054547
42,75,-0.054574
70,76,-0.054580
21,40,-0.054622
5,86,-0.054633
19,53,-0.054653
36,74,-0.054661
16,42,-0.054728
28,92,-0.054821
16,78,-0.055035
16,68,-0.055126
9,88,-0.055157
14,49,-0.055247
44,84,-0.055295
51,78,-0.055625
4,50,-0.055636
27,35,-0.055890
41,67,-0.055903
7,65,-0.055950
60,85,-0.055965
7,52,-0.056026
16,80,-0.056037
4,81,-0.056165
7,76,-0.056188
52,93,-0.056210
64,76,-0.056235
69,85,-0.056352
39,82,-0.056441
45,73,-0.056480
39,81,-0.056835
61,94,-0.056860
6,50,-0.056909
29,55,-0.056948
22,52,-0.056953
58,77,-0.057060
43,87,-0.057088
31,55,-0.057286
14,37,-0.057287
38,82,-0.057291
19,80,-0.057401
8,41,-0.057416
10,80,-0.057511
21,37,-0.057527
2,72,-0.057725
14,78,-0.057781
35,75,-0.057804
4,72,-0.057827
32,94,-0.057893
14,50,-0.057907
19,79,-0.057933
14,55,-0.057975
59,71,-0.058078
18,78,-0.058117
23,85,-0.058373
26,79,-0.058383
36,92,-0.058419
21,79,-0.058459
20,58,-0.058507
9,50,-0.058581
42,88,-0.058618
25,82,-0.058673
41,74,-0.058673
22,78,-0.058803
5,72,-0.058852
47,91,-0.058896
43,66,-0.059228
45,94,-0.059339
12,39,-0.059386
20,67,-0.059492
67,72,-0.059496
19,46,-0.059512
5,50,-0.059550
4,63,-0.059858
40,84,-0.059966
10,75,-0.060054
5,81,-0.060070
2,50,-0.060197
21,69,-0.060267
31,90,-0.060379
29,38,-0.060451
7,84,-0.060484
21,85,-0.060556
13,84,-0.060557
10,54,-0.060562
11,51,-0.060621
56,70,-0.060688
9,75,-0.060789
49,86,-0.060888
28,78,-0.061021
25,88,-0.061044
50,93,-0.061134
10,72,-0.061153
30,69,-0.061159
40,80,-0.061329
9,52,-0.061332
6,72,-0.061425
49,89,-0.061745
18,83,-0.061763
34,84,-0.061877
35,84,-0.061927
25,55,-0.061983
48,77,-0.062125
49,92,-0.062237
38,56,-0.062312
19,91,-0.062314
59,67,-0.062463
8,63,-0.062589
61,66,-0.062625
17,77,-0.062643
17,37,-0.062643
8,83,-0.062690
4,65,-0.062936
22,44,-0.062991
42,63,-0.063025
16,40,-0.063094
47,69,-0.063137
2,81,-0.063174
41,60,-0.063188
11,54,-0.063272
10,73,-0.063284
17,70,-0.063380
20,89,-0.063469
29,74,-0.063541
48,92,-0.063628
14,52,-0.063706
19,77,-0.063796
5,63,-0.063878
20,88,-0.063976
12,51,-0.064095
35,79,-0.064163
9,83,-0.064299
45,77,-0.064478
28,68,-0.064668
11,81,-0.064673
8,78,-0.064696
2,63,-0.064820
62,90,-0.064889
5,65,-0.064934
34,64,-0.065130
50,80,-0.065440
79,84,-0.065456
17,89,-0.065595
9,82,-0.065680
15,75,-0.065703
4,57,-0.065732
22,55,-0.066034
11,55,-0.066141
16,48,-0.066227
42,83,-0.066316
47,61,-0.066321
31,83,-0.066336
47,88,-0.066622
7,81,-0.066995
8,72,-0.067048
12,76,-0.067371
15,20,-0.067594
8,85,-0.067629
28,58,-0.067656
19,42,-0.067740
21,90,-0.068308
30,55,-0.068357
33,70,-0.068405
46,76,-0.068424
30,90,-0.068490
39,87,-0.068618
29,59,-0.069322
29,88,-0.069414
5,57,-0.069417
20,71,-0.069455
30,65,-0.069789
60,70,-0.069868
7,78,-0.069904
21,39,-0.070023
12,69,-0.070165
21,64,-0.070216
4,54,-0.070260
16,49,-0.070368
13,55,-0.070390
19,92,-0.070509
38,53,-0.070609
41,64,-0.070767
35,81,-0.070870
7,33,-0.071130
41,94,-0.071346
2,57,-0.071891
10,83,-0.072011
22,87,-0.072078
45,68,-0.072113
14,84,-0.072520
35,77,-0.072528
20,40,-0.072692
5,54,-0.072799
10,79,-0.072872
57,94,-0.072908
43,90,-0.072981
7,82,-0.072987
51,77,-0.072991
52,79,-0.073144
3,57,-0.073193
25,69,-0.073479
59,86,-0.073666
28,55,-0.073720
26,88,-0.073834
2,54,-0.073861
29,76,-0.073898
56,77,-0.074483
35,37,-0.074583
3,54,-0.074732
70,72,-0.075163
11,57,-0.075192
18,49,-0.075215
42,68,-0.075306
7,54,-0.075377
54,94,-0.075554
9,54,-0.075851
14,80,-0.076181
30,58,-0.076542
6,54,-0.076740
6,57,-0.076811
29,45,-0.077243
21,91,-0.077276
42,74,-0.078510
11,84,-0.078859
40,90,-0.079040
37,80,-0.079125
7,50,-0.079484
8,50,-0.079924
9,81,-0.079979
43,77,-0.080217
7,72,-0.080275
12,47,-0.080304
30,74,-0.080376
35,68,-0.080382
29,77,-0.080680
39,75,-0.080717
10,84,-0.080873
9,72,-0.081175
55,70,-0.081224
35,91,-0.081635
33,66,-0.081880
23,87,-0.081920
34,68,-0.082249
9,84,-0.082625
9,57,-0.083021
21,27,-0.083198
26,55,-0.083521
19,59,-0.083776
20,29,-0.084077
8,75,-0.084152
7,57,-0.084188
45,91,-0.084450
10,86,-0.084546
21,78,-0.085200
21,80,-0.086097
28,66,-0.086765
17,48,-0.086858
43,88,-0.087576
8,81,-0.088140
12,57,-0.088988
38,90,-0.089768
8,54,-0.089777
10,81,-0.091776
8,82,-0.092493
7,75,-0.094008
35,45,-0.094055
24,40,-0.095152
15,77,-0.095998
34,58,-0.096467
8,57,-0.096627
23,79,-0.097175
49,73,-0.097726
27,55,-0.098071
28,74,-0.098474
15,55,-0.098980
42,87,-0.102026
48,59,-0.124014
