33 68 1.349176e+00
9 10 1.077952e+00
4 6 1.070881e+00
1 2 1.018337e+00
3 4 9.768440e-01
17 18 9.678007e-01
46 50 9.385991e-01
34 74 9.241386e-01
11 12 9.200119e-01
4 5 9.064067e-01
3 7 9.003756e-01
17 68 8.990116e-01
7 9 8.977125e-01
41 43 8.970677e-01
33 35 8.970169e-01
17 33 8.904851e-01
27 37 8.451944e-01
21 27 8.332926e-01
58 61 8.202548e-01
64 73 8.180415e-01
50 51 8.174473e-01
64 68 7.622559e-01
24 64 7.595633e-01
12 74 7.374000e-01
22 38 7.157009e-01
70 71 7.097814e-01
5 8 7.078573e-01
15 43 7.073956e-01
4 11 6.827124e-01
63 65 6.743189e-01
4 9 6.682481e-01
9 12 6.660463e-01
37 38 6.605697e-01
62 68 6.583717e-01
59 60 6.490919e-01
16 18 6.269324e-01
15 17 6.206875e-01
27 29 6.176996e-01
21 45 6.166621e-01
68 74 6.146168e-01
9 14 6.060233e-01
46 51 6.058004e-01
7 8 6.025435e-01
65 69 5.914704e-01
13 14 5.896744e-01
8 9 5.881441e-01
17 19 5.879335e-01
16 17 5.868452e-01
2 8 5.856682e-01
19 20 5.848932e-01
4 8 5.793192e-01
14 16 5.765897e-01
12 22 5.760325e-01
24 33 5.754165e-01
25 37 5.751898e-01
65 66 5.723111e-01
23 25 5.676596e-01
65 70 5.667276e-01
3 5 5.630919e-01
42 46 5.530843e-01
12 16 5.524113e-01
2 5 5.519646e-01
30 39 5.512539e-01
33 34 5.506806e-01
17 61 5.499149e-01
1 10 5.472515e-01
4 18 5.468931e-01
57 65 5.378426e-01
7 10 5.367431e-01
71 74 5.344271e-01
21 25 5.343446e-01
57 61 5.304285e-01
23 27 5.258752e-01
56 59 5.256169e-01
5 6 5.189286e-01
71 72 5.171819e-01
34 35 5.128325e-01
59 61 5.111842e-01
58 66 5.105113e-01
62 64 5.087495e-01
2 10 5.071682e-01
8 10 5.052391e-01
9 11 5.043463e-01
57 59 5.031921e-01
39 50 5.020134e-01
49 58 4.996393e-01
73 76 4.966954e-01
1 8 4.949814e-01
42 56 4.945204e-01
14 25 4.926349e-01
47 49 4.906430e-01
31 38 4.905631e-01
32 45 4.831419e-01
16 25 4.828701e-01
50 55 4.827372e-01
15 30 4.826124e-01
18 23 4.825821e-01
69 71 4.819094e-01
51 70 4.812552e-01
47 57 4.802623e-01
7 20 4.788413e-01
68 72 4.771280e-01
3 11 4.766910e-01
11 14 4.750548e-01
36 38 4.727236e-01
14 22 4.718113e-01
61 68 4.645092e-01
50 73 4.642740e-01
67 74 4.642341e-01
1 3 4.639162e-01
18 27 4.637584e-01
30 73 4.629336e-01
5 7 4.628242e-01
13 47 4.573721e-01
66 69 4.563596e-01
15 29 4.561337e-01
58 73 4.548690e-01
1 9 4.539052e-01
23 45 4.538858e-01
21 22 4.519141e-01
16 23 4.493136e-01
31 39 4.482552e-01
74 76 4.472383e-01
66 71 4.468782e-01
72 75 4.467043e-01
50 54 4.450087e-01
16 20 4.428766e-01
6 8 4.380423e-01
8 11 4.372098e-01
36 47 4.355834e-01
12 38 4.355681e-01
44 54 4.344560e-01
42 45 4.315091e-01
24 42 4.308689e-01
25 26 4.299044e-01
60 76 4.275257e-01
19 69 4.268450e-01
15 16 4.251816e-01
31 32 4.238246e-01
63 66 4.217939e-01
6 10 4.213230e-01
15 18 4.210379e-01
9 19 4.199864e-01
16 64 4.186011e-01
22 26 4.184787e-01
1 25 4.176304e-01
6 9 4.146689e-01
12 17 4.139845e-01
41 42 4.087481e-01
9 72 4.073701e-01
39 44 4.072981e-01
3 18 4.070265e-01
12 13 4.051002e-01
28 30 4.020848e-01
24 25 4.011760e-01
16 38 4.008821e-01
21 37 3.999459e-01
7 46 3.998016e-01
4 10 3.996728e-01
6 68 3.982472e-01
6 43 3.962726e-01
41 44 3.953709e-01
41 52 3.947150e-01
60 72 3.945330e-01
34 42 3.935818e-01
2 29 3.927135e-01
59 75 3.921988e-01
36 40 3.919948e-01
44 48 3.916617e-01
36 39 3.899633e-01
22 76 3.893404e-01
48 63 3.884705e-01
2 14 3.884649e-01
37 41 3.860720e-01
18 33 3.858424e-01
16 73 3.857533e-01
52 54 3.846570e-01
23 46 3.840491e-01
23 34 3.827570e-01
32 55 3.827541e-01
37 44 3.824528e-01
10 14 3.817765e-01
73 74 3.779397e-01
33 62 3.776549e-01
7 31 3.774104e-01
44 52 3.767942e-01
21 29 3.740038e-01
35 56 3.720325e-01
47 50 3.720139e-01
4 12 3.715883e-01
44 47 3.715444e-01
28 43 3.706839e-01
14 17 3.705871e-01
25 34 3.697261e-01
17 21 3.688305e-01
35 69 3.677263e-01
8 72 3.658016e-01
62 63 3.655266e-01
26 33 3.641089e-01
44 70 3.640991e-01
6 20 3.637223e-01
21 26 3.634594e-01
43 53 3.592928e-01
14 20 3.591603e-01
25 27 3.588185e-01
56 66 3.583029e-01
58 69 3.544626e-01
35 38 3.540618e-01
42 44 3.537623e-01
36 45 3.535611e-01
58 59 3.503122e-01
7 48 3.501523e-01
64 67 3.498713e-01
34 68 3.492146e-01
10 11 3.481942e-01
26 75 3.479547e-01
59 73 3.477958e-01
2 4 3.472866e-01
35 68 3.465662e-01
45 48 3.464082e-01
69 70 3.460427e-01
51 55 3.452567e-01
54 55 3.443257e-01
29 43 3.435510e-01
36 48 3.431343e-01
39 53 3.426849e-01
5 10 3.424306e-01
28 70 3.409900e-01
5 67 3.406515e-01
21 39 3.404833e-01
15 64 3.395809e-01
20 76 3.351136e-01
17 35 3.341905e-01
55 60 3.337858e-01
57 62 3.336131e-01
6 11 3.318304e-01
27 62 3.305359e-01
62 67 3.282906e-01
42 49 3.276108e-01
29 75 3.273756e-01
23 72 3.271243e-01
8 71 3.266258e-01
52 59 3.262805e-01
68 73 3.253008e-01
60 69 3.252760e-01
29 32 3.250846e-01
65 74 3.228868e-01
2 9 3.219665e-01
41 66 3.205101e-01
50 74 3.190266e-01
38 43 3.189134e-01
2 3 3.182028e-01
38 39 3.181438e-01
40 50 3.174841e-01
11 31 3.171724e-01
9 15 3.135486e-01
18 73 3.120425e-01
67 76 3.118673e-01
26 40 3.116540e-01
47 51 3.108646e-01
40 48 3.102307e-01
66 74 3.075620e-01
40 44 3.064067e-01
60 74 3.063598e-01
39 43 3.060887e-01
63 70 3.055873e-01
27 45 3.053121e-01
38 51 3.042426e-01
36 54 3.041538e-01
60 75 3.031987e-01
31 53 3.023987e-01
43 45 3.021839e-01
57 68 3.009766e-01
59 74 3.000094e-01
21 23 2.986403e-01
46 55 2.981029e-01
23 48 2.961818e-01
51 53 2.955625e-01
29 65 2.951728e-01
61 73 2.941809e-01
14 18 2.937139e-01
7 11 2.932062e-01
37 42 2.931891e-01
8 62 2.922299e-01
44 64 2.913590e-01
62 70 2.906612e-01
12 30 2.906450e-01
27 30 2.905513e-01
26 56 2.899818e-01
36 60 2.898889e-01
24 37 2.897347e-01
44 45 2.896829e-01
12 70 2.884033e-01
67 71 2.880119e-01
58 75 2.877716e-01
39 40 2.868188e-01
9 13 2.859858e-01
67 73 2.853324e-01
50 52 2.852250e-01
43 50 2.851834e-01
18 64 2.851387e-01
51 64 2.847727e-01
38 46 2.845979e-01
24 30 2.836417e-01
68 75 2.831955e-01
29 52 2.812166e-01
13 70 2.811863e-01
16 50 2.804790e-01
52 70 2.792556e-01
7 22 2.786156e-01
18 36 2.769749e-01
15 19 2.768968e-01
14 65 2.751777e-01
27 32 2.751139e-01
34 66 2.749653e-01
7 12 2.742309e-01
40 41 2.738111e-01
37 62 2.735901e-01
1 4 2.726819e-01
18 72 2.724825e-01
28 39 2.708310e-01
50 53 2.704093e-01
56 71 2.703618e-01
27 34 2.693475e-01
22 24 2.692414e-01
38 50 2.690888e-01
3 22 2.689487e-01
30 40 2.686483e-01
55 57 2.682018e-01
29 31 2.674641e-01
31 47 2.670974e-01
21 52 2.668229e-01
29 53 2.662198e-01
45 67 2.659957e-01
42 43 2.657734e-01
32 34 2.657121e-01
3 70 2.651260e-01
41 46 2.642071e-01
37 54 2.637741e-01
72 74 2.634944e-01
60 66 2.630242e-01
53 55 2.623341e-01
35 72 2.615112e-01
46 52 2.614689e-01
32 47 2.609467e-01
37 40 2.600314e-01
26 42 2.598034e-01
63 64 2.595633e-01
7 72 2.593789e-01
10 65 2.578501e-01
27 28 2.572723e-01
26 72 2.570930e-01
2 62 2.567464e-01
60 65 2.556478e-01
36 74 2.556468e-01
41 59 2.554953e-01
45 56 2.553026e-01
43 55 2.534502e-01
62 71 2.530940e-01
40 49 2.530281e-01
23 32 2.521787e-01
40 76 2.520380e-01
1 14 2.516453e-01
5 20 2.514889e-01
25 35 2.513112e-01
25 49 2.506761e-01
72 73 2.502785e-01
3 6 2.502744e-01
53 54 2.490323e-01
45 49 2.487008e-01
24 35 2.481023e-01
1 34 2.480918e-01
32 75 2.480047e-01
30 49 2.473176e-01
55 63 2.463534e-01
65 67 2.461871e-01
17 75 2.460318e-01
34 53 2.457768e-01
8 67 2.450092e-01
28 36 2.449633e-01
28 41 2.447237e-01
69 72 2.446527e-01
38 40 2.423351e-01
13 19 2.422740e-01
59 69 2.417255e-01
64 66 2.415534e-01
24 39 2.406977e-01
49 54 2.401822e-01
49 59 2.400753e-01
41 56 2.394049e-01
12 47 2.389136e-01
33 37 2.385789e-01
37 67 2.382072e-01
22 73 2.374716e-01
56 60 2.370836e-01
4 20 2.361661e-01
49 53 2.358252e-01
11 26 2.341654e-01
15 53 2.337183e-01
2 25 2.334328e-01
61 70 2.330074e-01
20 39 2.329461e-01
55 65 2.318023e-01
11 13 2.310393e-01
48 70 2.309953e-01
18 76 2.309822e-01
10 67 2.296051e-01
39 66 2.269739e-01
27 54 2.258464e-01
59 66 2.253556e-01
61 66 2.247055e-01
47 60 2.245486e-01
44 50 2.231617e-01
15 73 2.230990e-01
60 70 2.227250e-01
62 76 2.225814e-01
58 64 2.215770e-01
17 30 2.209592e-01
35 46 2.205711e-01
21 34 2.204403e-01
69 73 2.203550e-01
32 37 2.200588e-01
61 75 2.199231e-01
6 7 2.193307e-01
7 13 2.188821e-01
59 63 2.181159e-01
18 45 2.173162e-01
46 54 2.173144e-01
60 71 2.172426e-01
11 18 2.165998e-01
45 52 2.161608e-01
43 51 2.158722e-01
10 62 2.150085e-01
19 70 2.146417e-01
55 56 2.145268e-01
11 15 2.145014e-01
5 19 2.131015e-01
54 74 2.117634e-01
17 40 2.113110e-01
25 71 2.110935e-01
36 62 2.105355e-01
3 53 2.105203e-01
36 49 2.103763e-01
3 10 2.102470e-01
15 72 2.097895e-01
48 57 2.094826e-01
9 76 2.093139e-01
5 45 2.093090e-01
1 26 2.086099e-01
28 32 2.085308e-01
14 15 2.083788e-01
28 40 2.081237e-01
37 45 2.079944e-01
4 27 2.078953e-01
19 60 2.076927e-01
63 67 2.075051e-01
25 54 2.072282e-01
31 37 2.070827e-01
19 36 2.067173e-01
13 20 2.065584e-01
13 76 2.063608e-01
9 20 2.061627e-01
6 18 2.061437e-01
47 55 2.060444e-01
20 53 2.060384e-01
16 51 2.053336e-01
52 55 2.052551e-01
17 48 2.049732e-01
24 43 2.045051e-01
3 59 2.042050e-01
13 15 2.040780e-01
3 8 2.038767e-01
60 62 2.036042e-01
39 51 2.032060e-01
56 69 2.031783e-01
12 28 2.026158e-01
13 16 2.018536e-01
14 24 2.018503e-01
48 72 2.013760e-01
26 36 2.008747e-01
50 56 2.007805e-01
52 53 2.006518e-01
25 38 2.005621e-01
13 31 2.005453e-01
37 76 1.993403e-01
41 45 1.990972e-01
56 57 1.986145e-01
31 70 1.983273e-01
11 16 1.976210e-01
22 52 1.972644e-01
63 71 1.970041e-01
26 45 1.968903e-01
58 63 1.967868e-01
67 68 1.962716e-01
19 58 1.956123e-01
27 64 1.953211e-01
58 62 1.950927e-01
27 33 1.942363e-01
15 24 1.939762e-01
23 37 1.935166e-01
11 28 1.933274e-01
9 43 1.924240e-01
30 36 1.917375e-01
43 76 1.913638e-01
12 15 1.911650e-01
26 39 1.908635e-01
27 75 1.904099e-01
24 67 1.896809e-01
59 64 1.895265e-01
52 56 1.895089e-01
31 74 1.890509e-01
24 38 1.889958e-01
12 61 1.888578e-01
35 48 1.884544e-01
24 49 1.874507e-01
9 58 1.869239e-01
42 62 1.869050e-01
26 54 1.866320e-01
41 53 1.863374e-01
22 60 1.857376e-01
7 63 1.854861e-01
3 68 1.849968e-01
40 59 1.849257e-01
24 27 1.846293e-01
34 50 1.845609e-01
22 31 1.842395e-01
18 44 1.840753e-01
14 35 1.836397e-01
45 54 1.832887e-01
41 70 1.832685e-01
47 53 1.831912e-01
22 42 1.823477e-01
5 66 1.819237e-01
35 41 1.815855e-01
56 58 1.814685e-01
37 74 1.810394e-01
36 65 1.807588e-01
59 67 1.799638e-01
29 30 1.792600e-01
23 24 1.790698e-01
9 38 1.784148e-01
24 68 1.783284e-01
60 63 1.782825e-01
28 31 1.781933e-01
3 31 1.780991e-01
19 28 1.776555e-01
3 67 1.771921e-01
51 54 1.770172e-01
54 66 1.769788e-01
62 72 1.765304e-01
26 59 1.764936e-01
46 62 1.759014e-01
38 41 1.753327e-01
20 22 1.738728e-01
5 9 1.735968e-01
35 60 1.727047e-01
16 44 1.723398e-01
12 18 1.722356e-01
67 75 1.717123e-01
2 24 1.705052e-01
68 70 1.704650e-01
41 51 1.698903e-01
63 69 1.696943e-01
17 39 1.692432e-01
42 58 1.692286e-01
54 56 1.690943e-01
32 53 1.689998e-01
61 76 1.684515e-01
38 75 1.682769e-01
21 33 1.679940e-01
39 42 1.679585e-01
44 58 1.676069e-01
22 61 1.675031e-01
68 76 1.674737e-01
34 75 1.670867e-01
59 70 1.661754e-01
10 57 1.658899e-01
1 11 1.652752e-01
48 66 1.651876e-01
1 38 1.646620e-01
31 44 1.644522e-01
65 72 1.641538e-01
5 15 1.641413e-01
23 33 1.639351e-01
55 61 1.631339e-01
47 52 1.630053e-01
27 40 1.627304e-01
7 60 1.622294e-01
55 72 1.621608e-01
4 7 1.615548e-01
41 50 1.607511e-01
17 38 1.605853e-01
14 33 1.603661e-01
22 23 1.602728e-01
13 25 1.597359e-01
10 26 1.596793e-01
6 25 1.596400e-01
35 53 1.596328e-01
19 53 1.594293e-01
53 56 1.592308e-01
12 14 1.588579e-01
15 75 1.585193e-01
12 20 1.584042e-01
9 16 1.582327e-01
54 60 1.581937e-01
48 55 1.581002e-01
28 29 1.574261e-01
4 19 1.571395e-01
7 38 1.565345e-01
14 21 1.561816e-01
41 58 1.560871e-01
14 32 1.555942e-01
16 21 1.555865e-01
23 73 1.555568e-01
13 36 1.553742e-01
6 17 1.550853e-01
26 37 1.548051e-01
23 29 1.547317e-01
3 33 1.544998e-01
8 66 1.544346e-01
70 75 1.542823e-01
14 43 1.539301e-01
32 65 1.527140e-01
25 32 1.524181e-01
19 35 1.520089e-01
22 63 1.517240e-01
51 52 1.511463e-01
32 60 1.511451e-01
74 75 1.509739e-01
30 52 1.508161e-01
32 35 1.504024e-01
14 26 1.494024e-01
16 30 1.493033e-01
57 75 1.492492e-01
23 44 1.491854e-01
13 65 1.489996e-01
39 45 1.485544e-01
23 30 1.484428e-01
47 62 1.483412e-01
63 73 1.481854e-01
8 34 1.480870e-01
11 20 1.478892e-01
11 29 1.476227e-01
64 65 1.475838e-01
16 35 1.475811e-01
63 76 1.467683e-01
4 23 1.465031e-01
25 50 1.463497e-01
15 46 1.459731e-01
15 47 1.458060e-01
62 73 1.457445e-01
27 46 1.455217e-01
45 71 1.452760e-01
4 76 1.452147e-01
10 30 1.448823e-01
56 61 1.448463e-01
71 76 1.448405e-01
15 48 1.446687e-01
56 70 1.445316e-01
19 62 1.444867e-01
12 19 1.443443e-01
19 50 1.436614e-01
17 50 1.434555e-01
37 39 1.433166e-01
61 62 1.431994e-01
54 67 1.428245e-01
2 67 1.426522e-01
6 70 1.420759e-01
25 75 1.420605e-01
20 21 1.419963e-01
38 76 1.410405e-01
44 55 1.408547e-01
37 58 1.408180e-01
41 49 1.407964e-01
73 75 1.405181e-01
71 75 1.404760e-01
62 66 1.399708e-01
31 50 1.396283e-01
11 56 1.395499e-01
36 44 1.395288e-01
42 54 1.391999e-01
53 71 1.388949e-01
9 28 1.386290e-01
18 68 1.385374e-01
3 15 1.385302e-01
6 30 1.383792e-01
39 41 1.381934e-01
48 61 1.381479e-01
17 57 1.381004e-01
43 72 1.374399e-01
3 69 1.367538e-01
1 68 1.366230e-01
18 34 1.366068e-01
6 61 1.361092e-01
39 73 1.360994e-01
20 56 1.356696e-01
31 34 1.355639e-01
2 30 1.355249e-01
69 75 1.354743e-01
3 9 1.352715e-01
36 66 1.348190e-01
14 61 1.347368e-01
29 38 1.346416e-01
32 36 1.340810e-01
27 31 1.331657e-01
28 56 1.327035e-01
2 22 1.325961e-01
36 37 1.324028e-01
20 27 1.322955e-01
24 50 1.322953e-01
18 32 1.319731e-01
40 58 1.318923e-01
4 68 1.313831e-01
43 46 1.306871e-01
30 56 1.306516e-01
53 58 1.302777e-01
57 74 1.302490e-01
34 45 1.300376e-01
28 47 1.298956e-01
22 75 1.294518e-01
24 29 1.292685e-01
41 67 1.291606e-01
46 47 1.290014e-01
35 65 1.287664e-01
52 66 1.287521e-01
24 41 1.275500e-01
20 48 1.270746e-01
40 55 1.270132e-01
30 34 1.265103e-01
63 75 1.263047e-01
49 52 1.262793e-01
29 40 1.259820e-01
47 56 1.259296e-01
42 67 1.258429e-01
3 20 1.258090e-01
47 70 1.254918e-01
32 73 1.253815e-01
8 20 1.246782e-01
35 39 1.244967e-01
52 73 1.241418e-01
64 71 1.239742e-01
54 65 1.235253e-01
21 58 1.233694e-01
26 30 1.232556e-01
44 59 1.230303e-01
40 42 1.230240e-01
48 56 1.229788e-01
1 21 1.227020e-01
40 57 1.219138e-01
1 6 1.218370e-01
7 76 1.216580e-01
38 64 1.210086e-01
54 71 1.209850e-01
3 76 1.208788e-01
5 25 1.206458e-01
16 32 1.206033e-01
21 49 1.198002e-01
64 76 1.197165e-01
34 67 1.195656e-01
12 21 1.193631e-01
52 67 1.186011e-01
45 47 1.184614e-01
48 50 1.183133e-01
65 73 1.165579e-01
6 15 1.163960e-01
70 74 1.153769e-01
2 19 1.152884e-01
11 46 1.152712e-01
43 44 1.149375e-01
12 69 1.148298e-01
41 73 1.147859e-01
5 12 1.147403e-01
34 51 1.146552e-01
47 48 1.140773e-01
22 25 1.137332e-01
7 15 1.136216e-01
29 69 1.133203e-01
57 69 1.131678e-01
34 48 1.131061e-01
6 33 1.130652e-01
26 32 1.129082e-01
58 65 1.127823e-01
33 74 1.124498e-01
22 40 1.121437e-01
30 61 1.120968e-01
32 52 1.117940e-01
58 71 1.115836e-01
59 65 1.115271e-01
14 47 1.113456e-01
2 71 1.111604e-01
4 24 1.108503e-01
21 48 1.108455e-01
29 67 1.107253e-01
21 54 1.100212e-01
35 49 1.099420e-01
17 20 1.096988e-01
37 55 1.095193e-01
25 42 1.092521e-01
51 61 1.088234e-01
45 53 1.085611e-01
36 50 1.083933e-01
17 36 1.073834e-01
14 30 1.068190e-01
35 37 1.067367e-01
51 73 1.066889e-01
37 46 1.066269e-01
15 28 1.064308e-01
42 57 1.056061e-01
18 40 1.053342e-01
14 60 1.051333e-01
28 49 1.048084e-01
24 26 1.047349e-01
11 27 1.044867e-01
29 35 1.043076e-01
10 70 1.038477e-01
5 57 1.038036e-01
56 73 1.030483e-01
33 45 1.029195e-01
26 67 1.025739e-01
34 65 1.021473e-01
37 61 1.017045e-01
9 29 1.016604e-01
1 18 1.014899e-01
17 74 1.014880e-01
11 35 1.014260e-01
25 43 1.013735e-01
32 71 1.006931e-01
8 53 1.004666e-01
5 35 1.001979e-01
58 76 9.997329e-02
70 72 9.994622e-02
10 20 9.984444e-02
61 71 9.972469e-02
48 49 9.956836e-02
28 59 9.946891e-02
16 76 9.946012e-02
2 13 9.940281e-02
60 67 9.929975e-02
10 55 9.858687e-02
13 17 9.736547e-02
44 75 9.726154e-02
13 46 9.714597e-02
28 72 9.673067e-02
51 56 9.642442e-02
21 50 9.597015e-02
5 28 9.572198e-02
40 56 9.567598e-02
17 25 9.562135e-02
54 64 9.561885e-02
22 34 9.557431e-02
9 31 9.527083e-02
16 28 9.525026e-02
45 76 9.522656e-02
27 49 9.514269e-02
31 40 9.509208e-02
51 58 9.477147e-02
42 75 9.445712e-02
48 65 9.433301e-02
52 71 9.382739e-02
29 62 9.325471e-02
30 72 9.303278e-02
13 29 9.262757e-02
5 65 9.256898e-02
9 35 9.254803e-02
28 71 9.219145e-02
27 67 9.199664e-02
38 45 9.124475e-02
15 34 9.116933e-02
2 46 9.113371e-02
7 19 9.105922e-02
49 55 9.060263e-02
53 75 9.023092e-02
49 75 9.013143e-02
3 29 8.914809e-02
15 32 8.911078e-02
41 74 8.903396e-02
6 52 8.894146e-02
12 32 8.893633e-02
13 63 8.890193e-02
37 68 8.888942e-02
17 53 8.864869e-02
42 59 8.833964e-02
5 56 8.821462e-02
1 5 8.815645e-02
55 59 8.802152e-02
28 52 8.760682e-02
45 66 8.743040e-02
47 73 8.701988e-02
14 23 8.670334e-02
39 54 8.669683e-02
30 32 8.626115e-02
38 52 8.621055e-02
31 49 8.580883e-02
5 41 8.540616e-02
51 57 8.533600e-02
27 39 8.462647e-02
13 45 8.440199e-02
68 71 8.436627e-02
14 75 8.419601e-02
5 13 8.416596e-02
2 11 8.413675e-02
66 70 8.402875e-02
40 69 8.348700e-02
65 71 8.344784e-02
22 72 8.305658e-02
13 54 8.289654e-02
15 56 8.277556e-02
2 57 8.271628e-02
39 69 8.251401e-02
28 64 8.240529e-02
13 23 8.239021e-02
21 30 8.215054e-02
55 75 8.200539e-02
46 67 8.183210e-02
33 36 8.179822e-02
21 51 8.136748e-02
19 74 8.120250e-02
16 55 8.093674e-02
47 61 8.078645e-02
41 76 8.076222e-02
28 65 8.067030e-02
13 37 8.053665e-02
12 55 8.051463e-02
21 42 7.993350e-02
6 71 7.981014e-02
20 51 7.963841e-02
18 50 7.933187e-02
16 37 7.865609e-02
33 64 7.861216e-02
3 13 7.824162e-02
2 20 7.790832e-02
8 57 7.710475e-02
13 71 7.696854e-02
11 76 7.686987e-02
36 64 7.673031e-02
5 48 7.669409e-02
14 27 7.646309e-02
20 58 7.641778e-02
10 56 7.623538e-02
14 68 7.506581e-02
49 63 7.451914e-02
18 22 7.429387e-02
40 52 7.408583e-02
54 69 7.404969e-02
64 70 7.378027e-02
15 41 7.354406e-02
31 35 7.345310e-02
11 48 7.337739e-02
14 67 7.329662e-02
22 33 7.306417e-02
14 19 7.294533e-02
44 53 7.293744e-02
41 64 7.289612e-02
23 26 7.278470e-02
44 61 7.231891e-02
37 53 7.208329e-02
7 66 7.185485e-02
10 35 7.155492e-02
23 64 7.128037e-02
40 70 7.111054e-02
70 76 7.096210e-02
3 62 7.046298e-02
13 32 7.043033e-02
3 30 7.027377e-02
44 49 7.021259e-02
43 54 7.019993e-02
12 76 6.997804e-02
52 65 6.987316e-02
4 62 6.965424e-02
47 67 6.952390e-02
2 18 6.947257e-02
51 67 6.925190e-02
22 32 6.923308e-02
4 40 6.906470e-02
45 68 6.897819e-02
1 13 6.880353e-02
36 71 6.860854e-02
59 62 6.857597e-02
10 19 6.857515e-02
51 62 6.841217e-02
20 35 6.779160e-02
11 75 6.778918e-02
55 70 6.772586e-02
57 58 6.754375e-02
31 43 6.739478e-02
19 46 6.720023e-02
1 7 6.717238e-02
5 52 6.702866e-02
44 66 6.670440e-02
19 55 6.605772e-02
12 23 6.559561e-02
53 60 6.538793e-02
69 74 6.507894e-02
28 55 6.506482e-02
30 50 6.492718e-02
40 51 6.468689e-02
26 31 6.452872e-02
4 73 6.440835e-02
44 57 6.421833e-02
8 59 6.399003e-02
40 43 6.365102e-02
53 63 6.355327e-02
22 53 6.340231e-02
39 56 6.332852e-02
53 70 6.315669e-02
24 57 6.311469e-02
13 26 6.309759e-02
34 61 6.297223e-02
5 33 6.296650e-02
2 43 6.281691e-02
28 50 6.264541e-02
31 33 6.254651e-02
7 75 6.201710e-02
48 51 6.187771e-02
41 57 6.142030e-02
70 73 6.141241e-02
34 59 6.004142e-02
65 75 5.982394e-02
37 48 5.982329e-02
6 24 5.916084e-02
8 70 5.909728e-02
19 59 5.872225e-02
16 19 5.868665e-02
31 36 5.760983e-02
2 7 5.747227e-02
26 27 5.652657e-02
55 69 5.623764e-02
8 56 5.611574e-02
20 25 5.608433e-02
20 57 5.585048e-02
61 72 5.564929e-02
75 76 5.539967e-02
11 69 5.503695e-02
17 29 5.486528e-02
10 38 5.430131e-02
1 71 5.390333e-02
4 13 5.367255e-02
61 67 5.343472e-02
29 54 5.238005e-02
26 74 5.193980e-02
12 63 5.189558e-02
2 26 5.141715e-02
29 51 5.091331e-02
44 73 5.087394e-02
16 22 5.083296e-02
54 76 5.070737e-02
1 39 5.065350e-02
10 59 5.059639e-02
27 51 5.045031e-02
30 47 5.043218e-02
2 64 5.038918e-02
64 74 5.016725e-02
46 53 5.006582e-02
61 65 4.998858e-02
26 34 4.972407e-02
35 51 4.949178e-02
25 63 4.948011e-02
23 39 4.942423e-02
2 12 4.942161e-02
5 69 4.928912e-02
34 37 4.918591e-02
22 29 4.893351e-02
18 30 4.884655e-02
7 28 4.865571e-02
16 34 4.864696e-02
48 74 4.845704e-02
42 66 4.840169e-02
6 41 4.827409e-02
10 74 4.767120e-02
64 69 4.745681e-02
57 63 4.744521e-02
30 31 4.709384e-02
29 71 4.708517e-02
8 26 4.698952e-02
32 46 4.692676e-02
35 52 4.663087e-02
49 51 4.637124e-02
61 63 4.585859e-02
42 53 4.576532e-02
28 48 4.570152e-02
2 58 4.565265e-02
28 51 4.544669e-02
11 32 4.521426e-02
32 33 4.519667e-02
6 31 4.491812e-02
19 32 4.464554e-02
42 52 4.458461e-02
22 41 4.449532e-02
44 51 4.446925e-02
32 57 4.428751e-02
25 45 4.380087e-02
31 52 4.360373e-02
1 17 4.350051e-02
36 75 4.327131e-02
30 59 4.299999e-02
25 36 4.278004e-02
8 28 4.260547e-02
62 69 4.252843e-02
29 36 4.236155e-02
24 51 4.140032e-02
49 57 4.114753e-02
31 56 4.095546e-02
45 72 4.081220e-02
5 43 4.073738e-02
43 74 4.071290e-02
15 40 4.061489e-02
4 51 4.019513e-02
16 47 4.017784e-02
42 76 4.004907e-02
36 70 3.974394e-02
59 71 3.969796e-02
28 54 3.964625e-02
38 62 3.961393e-02
37 51 3.940510e-02
12 35 3.931456e-02
7 49 3.917312e-02
19 52 3.887888e-02
5 16 3.887633e-02
28 42 3.846209e-02
29 42 3.800606e-02
31 54 3.790613e-02
13 28 3.773105e-02
54 63 3.745421e-02
1 30 3.674920e-02
50 64 3.672860e-02
16 39 3.656351e-02
48 69 3.628383e-02
10 13 3.621711e-02
60 61 3.606473e-02
10 16 3.597773e-02
8 22 3.558685e-02
57 71 3.547599e-02
27 52 3.525916e-02
31 59 3.498145e-02
20 26 3.491569e-02
36 42 3.484253e-02
28 53 3.438723e-02
27 61 3.438147e-02
20 30 3.436834e-02
53 57 3.423340e-02
52 62 3.393429e-02
33 60 3.348014e-02
46 69 3.295069e-02
1 27 3.254288e-02
42 55 3.222598e-02
20 42 3.192479e-02
5 55 3.170109e-02
22 71 3.154085e-02
67 69 3.152117e-02
26 71 3.140357e-02
44 76 3.085517e-02
18 48 3.068409e-02
21 24 3.057638e-02
46 56 3.030265e-02
17 44 3.023540e-02
6 16 2.991461e-02
22 35 2.988192e-02
7 36 2.964839e-02
30 63 2.939601e-02
25 68 2.938693e-02
16 52 2.898352e-02
6 50 2.848634e-02
9 40 2.825421e-02
33 58 2.817167e-02
11 63 2.780669e-02
39 58 2.763448e-02
42 60 2.757547e-02
8 65 2.732437e-02
4 21 2.718135e-02
26 48 2.716399e-02
10 12 2.672755e-02
28 35 2.671360e-02
19 73 2.657653e-02
55 58 2.645711e-02
53 66 2.643403e-02
14 39 2.586058e-02
23 50 2.559347e-02
51 66 2.553657e-02
34 38 2.537203e-02
3 72 2.498096e-02
48 58 2.497429e-02
35 63 2.486735e-02
39 48 2.468618e-02
19 24 2.459398e-02
22 64 2.443534e-02
46 73 2.338416e-02
16 74 2.300210e-02
6 32 2.294546e-02
55 66 2.291692e-02
54 62 2.265504e-02
26 61 2.242760e-02
18 21 2.228125e-02
58 68 2.214082e-02
64 72 2.200183e-02
43 67 2.192173e-02
5 62 2.179885e-02
31 42 2.165013e-02
30 76 2.164744e-02
10 71 2.156142e-02
19 63 2.139782e-02
42 51 2.137128e-02
11 22 2.135754e-02
23 74 2.085451e-02
53 59 2.085111e-02
1 24 2.078940e-02
24 36 2.073081e-02
57 66 2.017344e-02
48 52 1.993501e-02
4 16 1.988906e-02
34 49 1.980708e-02
58 67 1.979040e-02
27 38 1.960884e-02
6 28 1.940150e-02
19 49 1.936607e-02
10 46 1.927980e-02
2 15 1.919730e-02
17 34 1.892791e-02
12 45 1.892009e-02
38 48 1.883327e-02
7 59 1.873912e-02
69 76 1.873219e-02
57 60 1.861017e-02
55 76 1.853554e-02
66 73 1.833587e-02
34 71 1.811121e-02
8 13 1.782675e-02
51 63 1.755527e-02
40 60 1.747192e-02
26 41 1.691897e-02
21 59 1.686009e-02
61 74 1.683700e-02
47 59 1.658608e-02
37 63 1.628659e-02
15 33 1.626195e-02
29 44 1.624662e-02
2 63 1.620090e-02
21 43 1.616249e-02
50 66 1.613521e-02
27 35 1.612791e-02
29 48 1.576297e-02
7 69 1.574334e-02
4 55 1.540740e-02
1 33 1.515555e-02
19 71 1.508553e-02
10 44 1.500873e-02
51 60 1.500284e-02
1 12 1.497131e-02
14 42 1.492154e-02
52 69 1.476354e-02
56 65 1.455450e-02
8 14 1.440692e-02
36 43 1.433289e-02
15 35 1.417871e-02
41 61 1.417529e-02
46 70 1.412801e-02
4 30 1.402948e-02
45 58 1.373484e-02
6 53 1.351860e-02
4 44 1.341890e-02
60 73 1.340700e-02
52 64 1.331503e-02
38 47 1.321318e-02
50 58 1.316179e-02
45 60 1.306306e-02
29 70 1.262038e-02
6 46 1.259149e-02
58 60 1.201208e-02
25 61 1.190604e-02
29 46 1.176624e-02
25 29 1.152012e-02
40 63 1.138506e-02
25 33 1.092916e-02
20 24 1.083964e-02
23 62 1.060115e-02
44 60 1.037021e-02
59 68 1.036217e-02
10 72 1.013470e-02
9 60 9.745483e-03
36 46 9.684870e-03
23 31 9.659578e-03
62 65 9.615889e-03
33 72 9.583975e-03
29 58 9.131046e-03
3 17 9.069700e-03
37 43 8.866651e-03
30 58 8.100738e-03
33 54 7.824538e-03
5 24 7.460680e-03
15 51 7.327217e-03
31 66 7.274778e-03
49 56 7.044333e-03
66 67 6.750836e-03
8 60 6.412161e-03
1 43 6.305686e-03
10 25 6.040166e-03
3 24 5.576565e-03
8 75 5.233382e-03
35 54 5.092933e-03
49 74 5.091883e-03
35 62 4.881456e-03
19 25 4.781593e-03
15 68 4.360447e-03
23 38 4.123582e-03
11 19 3.342399e-03
3 75 3.299003e-03
19 57 2.568234e-03
26 63 2.016736e-03
37 47 1.557984e-03
21 66 1.391671e-03
31 41 1.383666e-03
46 49 1.226235e-03
19 26 1.153561e-03
28 75 9.804823e-04
4 70 8.786411e-04
27 58 7.539345e-04
2 35 5.339450e-04
2 36 3.202643e-04
3 63 -4.916520e-05
43 64 -7.301032e-05
6 40 -4.689719e-04
45 63 -5.268925e-04
19 56 -5.875941e-04
20 38 -6.094892e-04
49 61 -7.576293e-04
1 22 -9.404098e-04
20 29 -9.612380e-04
6 48 -1.090825e-03
1 45 -1.437755e-03
6 51 -1.506233e-03
48 59 -1.558724e-03
24 40 -1.836692e-03
14 45 -2.071458e-03
13 22 -2.149737e-03
32 43 -2.220315e-03
36 57 -2.233175e-03
5 64 -2.517852e-03
20 49 -2.595499e-03
31 60 -2.723443e-03
30 38 -3.036182e-03
32 42 -3.105416e-03
21 74 -3.115046e-03
5 47 -3.385153e-03
23 61 -3.944777e-03
71 73 -4.111795e-03
50 61 -4.570432e-03
44 46 -4.687762e-03
66 75 -4.724203e-03
24 32 -4.778410e-03
28 34 -5.343695e-03
11 30 -5.739747e-03
26 49 -5.824241e-03
5 58 -5.926146e-03
49 69 -6.005862e-03
2 69 -6.038009e-03
25 39 -6.193761e-03
33 41 -6.876159e-03
26 57 -6.924693e-03
38 54 -7.051211e-03
20 52 -7.058359e-03
19 42 -7.069084e-03
23 41 -7.233851e-03
25 57 -7.252182e-03
56 72 -8.241097e-03
7 62 -8.415032e-03
33 73 -8.502648e-03
20 63 -8.671683e-03
32 70 -8.894307e-03
46 66 -8.961911e-03
39 49 -9.138846e-03
5 59 -9.154912e-03
7 61 -9.175437e-03
11 23 -9.632709e-03
4 67 -1.008616e-02
3 55 -1.050795e-02
5 68 -1.050948e-02
28 67 -1.053539e-02
41 47 -1.057761e-02
30 44 -1.068924e-02
33 51 -1.079251e-02
47 65 -1.141758e-02
2 65 -1.156664e-02
8 49 -1.161575e-02
21 31 -1.169766e-02
49 70 -1.175072e-02
10 15 -1.183362e-02
5 53 -1.209314e-02
5 22 -1.210145e-02
48 76 -1.210330e-02
15 26 -1.231808e-02
11 67 -1.241598e-02
2 21 -1.256008e-02
21 47 -1.280164e-02
22 69 -1.298347e-02
20 61 -1.299972e-02
39 47 -1.340023e-02
17 76 -1.345490e-02
61 69 -1.402708e-02
4 63 -1.407213e-02
17 65 -1.523674e-02
26 55 -1.541916e-02
22 62 -1.624906e-02
6 22 -1.631087e-02
9 34 -1.679354e-02
38 42 -1.699367e-02
5 63 -1.740747e-02
16 63 -1.751663e-02
2 68 -1.776787e-02
53 76 -1.825597e-02
55 62 -1.830808e-02
39 61 -1.838112e-02
6 69 -1.839125e-02
21 46 -1.855097e-02
23 63 -1.870291e-02
14 55 -1.925492e-02
30 33 -1.926581e-02
40 45 -1.990447e-02
33 75 -2.034838e-02
45 55 -2.038967e-02
13 67 -2.046514e-02
33 57 -2.053932e-02
46 63 -2.059826e-02
48 75 -2.065685e-02
21 38 -2.077680e-02
8 32 -2.086676e-02
34 40 -2.120866e-02
8 51 -2.128118e-02
28 69 -2.141045e-02
23 55 -2.234492e-02
57 76 -2.282650e-02
10 39 -2.345133e-02
37 57 -2.417825e-02
1 57 -2.444672e-02
8 76 -2.448265e-02
9 32 -2.465730e-02
49 62 -2.466093e-02
24 28 -2.497599e-02
23 56 -2.516928e-02
7 56 -2.536997e-02
18 58 -2.538136e-02
45 46 -2.585346e-02
31 58 -2.591253e-02
6 76 -2.595504e-02
5 29 -2.614534e-02
13 60 -2.672258e-02
16 65 -2.676442e-02
48 54 -2.714425e-02
2 39 -2.716869e-02
23 71 -2.717722e-02
11 66 -2.719989e-02
20 71 -2.736706e-02
29 59 -2.797931e-02
18 52 -2.818191e-02
13 39 -2.825273e-02
12 71 -2.834715e-02
29 74 -2.903918e-02
7 18 -2.941072e-02
61 64 -2.992837e-02
31 65 -3.016402e-02
15 71 -3.023154e-02
18 74 -3.027323e-02
1 67 -3.111455e-02
19 40 -3.121596e-02
25 30 -3.141590e-02
1 64 -3.176255e-02
13 55 -3.177819e-02
21 72 -3.190005e-02
37 59 -3.210115e-02
8 69 -3.224859e-02
27 56 -3.249393e-02
41 60 -3.306570e-02
9 55 -3.363395e-02
14 63 -3.376438e-02
1 66 -3.381563e-02
1 16 -3.410201e-02
6 39 -3.414470e-02
21 75 -3.450329e-02
36 61 -3.463847e-02
13 69 -3.478345e-02
42 69 -3.569920e-02
66 76 -3.640647e-02
35 40 -3.648130e-02
56 62 -3.653445e-02
33 52 -3.664381e-02
11 47 -3.677734e-02
30 74 -3.710752e-02
15 20 -3.711752e-02
21 68 -3.733187e-02
34 72 -3.753489e-02
8 36 -3.754691e-02
14 71 -3.755022e-02
13 30 -3.790980e-02
51 74 -3.810382e-02
27 66 -3.844533e-02
42 65 -3.847666e-02
7 71 -3.942959e-02
4 66 -3.950574e-02
35 47 -3.955464e-02
22 39 -3.972119e-02
40 46 -3.983904e-02
14 31 -3.997522e-02
1 19 -4.008826e-02
46 61 -4.013211e-02
9 63 -4.043042e-02
32 67 -4.072370e-02
25 52 -4.077022e-02
48 53 -4.101041e-02
34 55 -4.105070e-02
25 40 -4.177922e-02
10 58 -4.213335e-02
1 36 -4.213453e-02
34 43 -4.223468e-02
40 66 -4.260030e-02
17 43 -4.264230e-02
39 57 -4.275441e-02
2 38 -4.276263e-02
10 76 -4.290594e-02
19 23 -4.356433e-02
13 18 -4.373861e-02
33 59 -4.375595e-02
21 71 -4.380378e-02
9 26 -4.393952e-02
3 48 -4.414577e-02
13 48 -4.459736e-02
17 63 -4.489064e-02
52 58 -4.521659e-02
48 73 -4.546438e-02
4 53 -4.557967e-02
30 69 -4.585760e-02
33 56 -4.595696e-02
2 75 -4.602677e-02
18 47 -4.605888e-02
32 50 -4.636636e-02
22 45 -4.637902e-02
10 49 -4.689988e-02
43 59 -4.746262e-02
17 45 -4.763699e-02
53 74 -4.781412e-02
19 43 -4.812665e-02
24 54 -4.867055e-02
7 55 -4.918523e-02
24 31 -4.922356e-02
57 67 -4.933102e-02
22 49 -4.933502e-02
29 34 -4.946564e-02
1 62 -4.960928e-02
33 46 -4.968256e-02
4 58 -4.979402e-02
18 35 -5.041576e-02
34 56 -5.057205e-02
32 56 -5.065776e-02
41 71 -5.093462e-02
13 49 -5.100724e-02
42 72 -5.112144e-02
34 47 -5.115243e-02
3 40 -5.118301e-02
4 47 -5.122907e-02
2 34 -5.132317e-02
1 72 -5.148442e-02
4 69 -5.155011e-02
37 56 -5.160697e-02
28 66 -5.173901e-02
11 49 -5.180805e-02
26 76 -5.183740e-02
7 30 -5.272152e-02
5 26 -5.280426e-02
57 73 -5.333810e-02
37 65 -5.367774e-02
30 57 -5.377608e-02
3 45 -5.382846e-02
24 56 -5.385633e-02
11 71 -5.391862e-02
32 44 -5.410465e-02
49 72 -5.415035e-02
3 42 -5.444292e-02
12 43 -5.460793e-02
8 48 -5.463068e-02
28 73 -5.471654e-02
5 54 -5.490149e-02
59 72 -5.515271e-02
49 64 -5.552928e-02
19 75 -5.595942e-02
20 60 -5.609494e-02
5 75 -5.621039e-02
38 72 -5.643227e-02
52 75 -5.670488e-02
29 61 -5.707929e-02
10 73 -5.718977e-02
15 42 -5.724615e-02
22 27 -5.747935e-02
25 53 -5.788181e-02
24 60 -5.824123e-02
14 72 -5.836543e-02
38 70 -5.850118e-02
24 45 -5.875950e-02
49 50 -5.911613e-02
17 23 -5.983319e-02
26 28 -5.985872e-02
15 63 -5.990158e-02
26 62 -5.991781e-02
40 53 -5.998250e-02
30 48 -6.019395e-02
3 66 -6.082348e-02
16 31 -6.091706e-02
6 73 -6.121672e-02
1 35 -6.134822e-02
2 53 -6.136152e-02
43 69 -6.161879e-02
1 29 -6.181441e-02
36 41 -6.207715e-02
50 72 -6.276045e-02
22 58 -6.278670e-02
32 49 -6.294786e-02
17 51 -6.323606e-02
7 54 -6.345418e-02
1 32 -6.350033e-02
10 27 -6.408043e-02
12 44 -6.432002e-02
1 49 -6.435922e-02
20 70 -6.437317e-02
3 28 -6.440563e-02
3 58 -6.480307e-02
28 44 -6.484265e-02
27 44 -6.503837e-02
42 70 -6.510466e-02
45 74 -6.523202e-02
25 46 -6.538497e-02
56 63 -6.563988e-02
19 64 -6.589696e-02
12 56 -6.603306e-02
44 69 -6.615180e-02
49 66 -6.624707e-02
36 51 -6.630187e-02
26 64 -6.644958e-02
54 75 -6.660927e-02
18 20 -6.677510e-02
23 76 -6.680784e-02
17 47 -6.700593e-02
47 64 -6.726132e-02
28 63 -6.747813e-02
43 49 -6.797168e-02
1 20 -6.807028e-02
55 67 -6.814481e-02
1 28 -6.832970e-02
4 36 -6.866159e-02
1 44 -6.877824e-02
40 73 -6.884564e-02
24 62 -6.898705e-02
63 74 -6.907702e-02
26 50 -6.959030e-02
4 57 -6.976434e-02
20 46 -6.993032e-02
11 72 -7.047950e-02
24 61 -7.072379e-02
4 33 -7.106173e-02
10 54 -7.123223e-02
23 43 -7.124482e-02
13 44 -7.125412e-02
47 63 -7.128341e-02
9 69 -7.136461e-02
29 47 -7.170272e-02
19 72 -7.185316e-02
43 61 -7.196658e-02
24 72 -7.206833e-02
50 68 -7.222097e-02
32 48 -7.224658e-02
19 47 -7.271346e-02
3 57 -7.290481e-02
53 61 -7.295455e-02
16 43 -7.325065e-02
7 70 -7.330288e-02
12 48 -7.377072e-02
42 50 -7.385405e-02
6 57 -7.387761e-02
13 41 -7.412185e-02
41 65 -7.420763e-02
12 40 -7.447265e-02
25 67 -7.455380e-02
7 32 -7.477151e-02
43 75 -7.481161e-02
36 76 -7.484599e-02
48 68 -7.499995e-02
20 31 -7.526052e-02
35 36 -7.530259e-02
28 45 -7.541449e-02
46 48 -7.541839e-02
32 74 -7.574489e-02
10 31 -7.593799e-02
24 75 -7.604820e-02
12 41 -7.610016e-02
6 59 -7.612700e-02
62 74 -7.620391e-02
29 57 -7.636710e-02
44 74 -7.659295e-02
28 46 -7.665372e-02
3 37 -7.694643e-02
21 32 -7.718952e-02
39 70 -7.743510e-02
6 49 -7.758674e-02
1 48 -7.772867e-02
31 57 -7.791393e-02
24 58 -7.799182e-02
18 19 -7.833609e-02
7 42 -7.845713e-02
4 25 -7.846966e-02
21 41 -7.867552e-02
20 28 -7.998505e-02
52 76 -7.998739e-02
42 61 -8.020737e-02
31 55 -8.026460e-02
49 65 -8.049145e-02
49 71 -8.056987e-02
15 21 -8.130398e-02
19 61 -8.147805e-02
39 46 -8.155163e-02
30 71 -8.175627e-02
30 54 -8.197401e-02
49 60 -8.199525e-02
20 47 -8.222506e-02
31 76 -8.233864e-02
6 26 -8.234522e-02
13 58 -8.269313e-02
4 49 -8.278198e-02
32 64 -8.303676e-02
33 50 -8.306845e-02
51 76 -8.313556e-02
25 65 -8.316832e-02
13 61 -8.348893e-02
16 33 -8.349040e-02
18 37 -8.375996e-02
56 76 -8.377362e-02
58 70 -8.380966e-02
42 64 -8.396768e-02
46 58 -8.417885e-02
47 75 -8.424586e-02
23 66 -8.444172e-02
65 76 -8.487216e-02
7 58 -8.494367e-02
9 75 -8.500309e-02
42 71 -8.508724e-02
28 60 -8.514093e-02
13 43 -8.516496e-02
24 47 -8.526963e-02
15 39 -8.559519e-02
42 47 -8.574455e-02
13 53 -8.581817e-02
19 39 -8.581819e-02
31 51 -8.597965e-02
57 64 -8.612534e-02
29 49 -8.624353e-02
38 63 -8.626080e-02
11 39 -8.632242e-02
6 64 -8.641822e-02
19 66 -8.661539e-02
47 69 -8.664506e-02
10 21 -8.679255e-02
22 28 -8.688249e-02
2 74 -8.699602e-02
36 72 -8.720915e-02
38 49 -8.746918e-02
23 42 -8.753655e-02
18 24 -8.769005e-02
66 72 -8.817065e-02
54 70 -8.820201e-02
16 41 -8.826742e-02
1 65 -8.888673e-02
8 46 -8.942797e-02
18 49 -8.943117e-02
7 37 -8.978523e-02
52 63 -9.018883e-02
29 63 -9.038911e-02
33 40 -9.045972e-02
20 23 -9.066331e-02
10 63 -9.087919e-02
14 40 -9.109866e-02
54 73 -9.136609e-02
40 47 -9.177806e-02
12 57 -9.189306e-02
46 65 -9.200783e-02
9 71 -9.226928e-02
18 38 -9.246432e-02
41 72 -9.247219e-02
13 59 -9.254443e-02
28 38 -9.256599e-02
16 46 -9.264183e-02
15 37 -9.268606e-02
32 51 -9.283769e-02
25 66 -9.325447e-02
17 72 -9.391780e-02
16 24 -9.418648e-02
5 74 -9.441661e-02
10 52 -9.448835e-02
9 24 -9.469010e-02
6 13 -9.500917e-02
21 44 -9.514932e-02
8 52 -9.519640e-02
34 52 -9.527843e-02
50 59 -9.543801e-02
50 63 -9.545733e-02
9 30 -9.548545e-02
25 31 -9.550110e-02
43 47 -9.570609e-02
1 53 -9.586596e-02
31 75 -9.587697e-02
3 54 -9.608138e-02
32 61 -9.684502e-02
4 45 -9.700761e-02
9 65 -9.721923e-02
54 72 -9.722487e-02
58 74 -9.730820e-02
37 49 -9.829403e-02
31 73 -9.841779e-02
20 66 -9.856409e-02
41 69 -9.903466e-02
5 31 -9.936699e-02
50 65 -9.949112e-02
53 72 -9.955710e-02
20 69 -9.969450e-02
4 17 -9.990126e-02
5 11 -9.992935e-02
30 43 -1.001838e-01
33 44 -1.002035e-01
10 69 -1.004025e-01
20 44 -1.004563e-01
65 68 -1.004601e-01
39 59 -1.006574e-01
6 23 -1.009644e-01
57 72 -1.010777e-01
18 43 -1.012732e-01
19 34 -1.012807e-01
52 60 -1.014093e-01
40 61 -1.018655e-01
23 28 -1.020211e-01
40 75 -1.022792e-01
27 42 -1.023355e-01
44 65 -1.023409e-01
38 44 -1.023558e-01
6 36 -1.024238e-01
22 67 -1.025122e-01
18 71 -1.025239e-01
12 39 -1.026186e-01
35 64 -1.026397e-01
2 45 -1.028953e-01
5 60 -1.029828e-01
7 16 -1.031455e-01
20 36 -1.032833e-01
34 39 -1.036401e-01
8 47 -1.036817e-01
7 57 -1.037437e-01
3 65 -1.041093e-01
23 68 -1.043067e-01
1 15 -1.043169e-01
21 57 -1.046849e-01
5 49 -1.051057e-01
23 69 -1.052029e-01
12 50 -1.053073e-01
23 53 -1.053768e-01
37 64 -1.055330e-01
19 68 -1.055627e-01
56 75 -1.056733e-01
13 75 -1.056879e-01
52 72 -1.057692e-01
6 38 -1.060014e-01
16 49 -1.060074e-01
4 32 -1.060579e-01
7 26 -1.060861e-01
30 41 -1.061794e-01
3 60 -1.062618e-01
42 48 -1.070999e-01
10 60 -1.071059e-01
8 15 -1.071948e-01
16 27 -1.072770e-01
55 74 -1.073375e-01
31 46 -1.074118e-01
13 66 -1.075078e-01
8 39 -1.075207e-01
10 45 -1.076041e-01
6 47 -1.076852e-01
8 35 -1.077334e-01
22 44 -1.078072e-01
53 64 -1.083092e-01
22 30 -1.083584e-01
35 73 -1.086678e-01
1 42 -1.086916e-01
9 18 -1.091406e-01
15 69 -1.092210e-01
9 67 -1.097658e-01
1 70 -1.098588e-01
10 43 -1.100591e-01
34 57 -1.101872e-01
21 56 -1.111443e-01
3 16 -1.113797e-01
44 67 -1.116074e-01
11 64 -1.117844e-01
11 43 -1.120942e-01
18 54 -1.121507e-01
8 43 -1.126335e-01
43 57 -1.129197e-01
6 44 -1.129685e-01
2 70 -1.129822e-01
31 45 -1.131919e-01
39 52 -1.133306e-01
38 53 -1.136367e-01
12 64 -1.137016e-01
22 46 -1.137999e-01
35 50 -1.140050e-01
53 67 -1.143250e-01
11 21 -1.143635e-01
14 51 -1.145903e-01
2 42 -1.146457e-01
18 63 -1.146840e-01
4 43 -1.146972e-01
26 70 -1.150988e-01
20 65 -1.153185e-01
40 54 -1.155196e-01
6 34 -1.155654e-01
26 65 -1.163421e-01
24 34 -1.164777e-01
6 45 -1.165501e-01
29 66 -1.175778e-01
3 71 -1.176329e-01
23 54 -1.180788e-01
2 60 -1.183431e-01
50 57 -1.184605e-01
4 29 -1.184679e-01
2 66 -1.185817e-01
2 48 -1.190836e-01
17 54 -1.191017e-01
32 41 -1.191504e-01
11 55 -1.191567e-01
34 41 -1.192611e-01
7 23 -1.192741e-01
5 38 -1.195325e-01
11 54 -1.197581e-01
13 52 -1.198184e-01
40 72 -1.198463e-01
11 25 -1.199367e-01
3 61 -1.200498e-01
24 66 -1.203190e-01
17 27 -1.204573e-01
1 37 -1.206452e-01
11 51 -1.207837e-01
43 70 -1.209720e-01
16 59 -1.210764e-01
4 56 -1.211341e-01
54 68 -1.212340e-01
24 63 -1.215433e-01
17 24 -1.218276e-01
46 76 -1.219578e-01
1 60 -1.221541e-01
46 75 -1.226101e-01
36 69 -1.226176e-01
3 52 -1.232193e-01
27 68 -1.233192e-01
44 63 -1.233269e-01
8 19 -1.233586e-01
2 47 -1.233798e-01
27 57 -1.234175e-01
17 64 -1.235244e-01
14 46 -1.243330e-01
51 59 -1.244630e-01
19 22 -1.248221e-01
3 56 -1.249772e-01
11 53 -1.250690e-01
7 33 -1.252049e-01
32 62 -1.253985e-01
19 30 -1.254440e-01
12 72 -1.266336e-01
34 60 -1.267665e-01
6 12 -1.268690e-01
11 36 -1.271677e-01
14 62 -1.271791e-01
8 58 -1.272122e-01
23 51 -1.272253e-01
32 72 -1.279257e-01
19 21 -1.279570e-01
51 71 -1.279806e-01
50 67 -1.281457e-01
8 54 -1.282973e-01
11 68 -1.284543e-01
7 74 -1.285110e-01
29 64 -1.288651e-01
37 50 -1.290362e-01
38 61 -1.290817e-01
39 55 -1.294329e-01
17 52 -1.294901e-01
9 56 -1.296414e-01
6 54 -1.298791e-01
32 39 -1.299496e-01
22 68 -1.300278e-01
8 24 -1.304862e-01
55 64 -1.307160e-01
19 29 -1.307920e-01
6 67 -1.308102e-01
11 60 -1.310335e-01
51 75 -1.311459e-01
15 50 -1.312187e-01
55 71 -1.312861e-01
3 50 -1.314021e-01
45 65 -1.314782e-01
31 48 -1.315098e-01
23 65 -1.317496e-01
15 62 -1.317858e-01
26 51 -1.318766e-01
9 57 -1.320182e-01
48 62 -1.322104e-01
18 42 -1.326216e-01
20 55 -1.327258e-01
38 73 -1.327643e-01
49 67 -1.328584e-01
9 41 -1.330451e-01
14 66 -1.330756e-01
27 60 -1.337018e-01
3 47 -1.339528e-01
46 72 -1.343270e-01
16 29 -1.343578e-01
8 38 -1.345105e-01
21 70 -1.345765e-01
40 67 -1.345976e-01
27 41 -1.346338e-01
19 54 -1.348122e-01
21 63 -1.349166e-01
45 69 -1.350302e-01
18 28 -1.350589e-01
26 60 -1.351712e-01
10 47 -1.355963e-01
23 67 -1.356144e-01
9 22 -1.356943e-01
17 46 -1.358573e-01
2 31 -1.363014e-01
27 47 -1.363251e-01
30 75 -1.364686e-01
8 55 -1.368322e-01
17 26 -1.368646e-01
36 73 -1.371363e-01
13 35 -1.371479e-01
31 69 -1.377921e-01
20 33 -1.380137e-01
20 67 -1.385188e-01
21 40 -1.389708e-01
11 42 -1.391464e-01
33 42 -1.393348e-01
15 23 -1.394717e-01
24 73 -1.397234e-01
26 58 -1.403855e-01
40 74 -1.410697e-01
11 37 -1.411788e-01
9 54 -1.415781e-01
26 29 -1.416531e-01
2 6 -1.416667e-01
10 40 -1.421355e-01
38 69 -1.423533e-01
47 66 -1.424204e-01
8 31 -1.424610e-01
23 60 -1.426526e-01
68 69 -1.428348e-01
58 72 -1.429658e-01
33 43 -1.437611e-01
18 51 -1.439246e-01
36 63 -1.441940e-01
18 60 -1.444015e-01
8 16 -1.445394e-01
25 44 -1.449820e-01
23 57 -1.450981e-01
44 71 -1.451854e-01
25 55 -1.456011e-01
29 56 -1.456627e-01
2 51 -1.457355e-01
52 68 -1.459073e-01
4 31 -1.461307e-01
16 61 -1.462192e-01
14 53 -1.463778e-01
2 72 -1.467173e-01
11 70 -1.468346e-01
16 68 -1.472332e-01
27 69 -1.472448e-01
4 35 -1.472615e-01
25 41 -1.475964e-01
52 57 -1.478852e-01
67 70 -1.479863e-01
28 74 -1.483386e-01
11 58 -1.484057e-01
29 73 -1.486397e-01
26 46 -1.489280e-01
41 55 -1.491672e-01
34 36 -1.495553e-01
13 56 -1.495765e-01
10 75 -1.495794e-01
29 60 -1.496575e-01
14 52 -1.503006e-01
11 65 -1.503333e-01
3 64 -1.510219e-01
38 68 -1.511448e-01
2 17 -1.513146e-01
12 42 -1.517186e-01
72 76 -1.518946e-01
18 39 -1.519532e-01
3 19 -1.521704e-01
8 68 -1.525515e-01
2 56 -1.527470e-01
13 62 -1.528593e-01
15 60 -1.534131e-01
15 52 -1.536030e-01
12 75 -1.538166e-01
30 37 -1.539091e-01
29 37 -1.540085e-01
2 28 -1.542492e-01
1 46 -1.542898e-01
5 40 -1.545381e-01
35 42 -1.545569e-01
43 71 -1.548909e-01
6 66 -1.549277e-01
1 75 -1.549447e-01
60 64 -1.549925e-01
30 42 -1.550453e-01
10 42 -1.552096e-01
7 35 -1.554201e-01
29 41 -1.554547e-01
30 51 -1.555518e-01
63 72 -1.555993e-01
45 51 -1.556549e-01
41 48 -1.556811e-01
42 73 -1.559726e-01
25 51 -1.559913e-01
45 61 -1.565359e-01
13 50 -1.566604e-01
8 41 -1.571254e-01
39 62 -1.573767e-01
35 76 -1.573775e-01
20 37 -1.574258e-01
12 31 -1.578470e-01
55 73 -1.578787e-01
1 51 -1.580358e-01
66 68 -1.585973e-01
13 72 -1.586610e-01
36 67 -1.588082e-01
25 28 -1.594357e-01
12 37 -1.598310e-01
5 27 -1.599475e-01
45 57 -1.599745e-01
8 74 -1.600880e-01
33 38 -1.601402e-01
17 49 -1.602050e-01
7 67 -1.604783e-01
24 70 -1.608187e-01
45 62 -1.609606e-01
36 55 -1.610646e-01
40 64 -1.611245e-01
27 74 -1.614377e-01
24 76 -1.614575e-01
1 55 -1.616653e-01
47 72 -1.618508e-01
1 69 -1.619060e-01
14 54 -1.619916e-01
23 52 -1.622654e-01
46 57 -1.623897e-01
35 75 -1.624135e-01
7 53 -1.626599e-01
11 40 -1.626968e-01
13 33 -1.627052e-01
6 65 -1.627284e-01
41 68 -1.628636e-01
44 56 -1.629966e-01
43 56 -1.631382e-01
19 76 -1.632961e-01
21 69 -1.633344e-01
13 57 -1.634310e-01
12 49 -1.635171e-01
27 50 -1.640358e-01
41 63 -1.641568e-01
5 50 -1.642644e-01
19 51 -1.642747e-01
23 59 -1.642943e-01
10 29 -1.643047e-01
20 74 -1.644584e-01
19 31 -1.644864e-01
7 50 -1.645610e-01
7 21 -1.645811e-01
13 38 -1.645983e-01
13 24 -1.646863e-01
36 58 -1.649682e-01
17 55 -1.650173e-01
8 18 -1.650265e-01
8 45 -1.654053e-01
39 67 -1.659274e-01
11 57 -1.661454e-01
34 46 -1.662450e-01
54 59 -1.662696e-01
26 68 -1.662841e-01
25 47 -1.665664e-01
9 68 -1.668725e-01
53 69 -1.668744e-01
6 55 -1.669364e-01
6 58 -1.671645e-01
2 40 -1.672493e-01
11 41 -1.673703e-01
17 59 -1.676555e-01
9 52 -1.677137e-01
2 33 -1.678387e-01
16 67 -1.679747e-01
33 61 -1.680907e-01
52 61 -1.682645e-01
14 34 -1.682659e-01
19 33 -1.685480e-01
39 63 -1.685578e-01
6 60 -1.690337e-01
1 47 -1.691996e-01
10 28 -1.692009e-01
20 59 -1.695523e-01
5 73 -1.696210e-01
10 61 -1.698657e-01
28 57 -1.701054e-01
41 75 -1.703140e-01
2 49 -1.705273e-01
51 69 -1.706121e-01
8 40 -1.710725e-01
23 47 -1.715814e-01
6 63 -1.715814e-01
4 46 -1.716649e-01
48 71 -1.717685e-01
15 49 -1.720747e-01
12 68 -1.723205e-01
9 53 -1.724302e-01
14 69 -1.726267e-01
43 68 -1.727155e-01
4 14 -1.727850e-01
5 71 -1.730177e-01
27 53 -1.731247e-01
5 42 -1.731489e-01
15 66 -1.735119e-01
24 53 -1.738166e-01
34 54 -1.740501e-01
7 45 -1.745941e-01
8 64 -1.751552e-01
9 33 -1.753163e-01
13 73 -1.757416e-01
3 23 -1.760291e-01
2 32 -1.761375e-01
9 46 -1.762981e-01
21 67 -1.763585e-01
15 65 -1.767969e-01
7 65 -1.768875e-01
32 58 -1.779960e-01
30 64 -1.780505e-01
14 36 -1.781901e-01
17 31 -1.783080e-01
18 57 -1.786825e-01
44 72 -1.790056e-01
39 64 -1.792008e-01
35 55 -1.794678e-01
23 40 -1.795277e-01
35 70 -1.796132e-01
21 60 -1.796807e-01
9 70 -1.798836e-01
8 29 -1.804796e-01
43 73 -1.805134e-01
15 36 -1.805738e-01
3 46 -1.806190e-01
14 29 -1.807065e-01
15 38 -1.807125e-01
10 22 -1.808137e-01
54 58 -1.808375e-01
1 63 -1.812466e-01
47 71 -1.815170e-01
15 54 -1.815574e-01
50 69 -1.819572e-01
10 23 -1.819762e-01
8 44 -1.827150e-01
20 43 -1.829812e-01
47 54 -1.832969e-01
22 36 -1.834321e-01
26 66 -1.835421e-01
22 54 -1.851059e-01
1 54 -1.851806e-01
37 70 -1.860379e-01
17 62 -1.860692e-01
24 48 -1.864624e-01
31 72 -1.866979e-01
67 72 -1.867111e-01
24 69 -1.868866e-01
13 74 -1.872031e-01
16 54 -1.877814e-01
17 60 -1.879182e-01
29 55 -1.879931e-01
15 31 -1.880764e-01
21 76 -1.883720e-01
33 53 -1.884857e-01
1 59 -1.887023e-01
30 70 -1.887673e-01
6 75 -1.888973e-01
22 47 -1.897215e-01
20 62 -1.899199e-01
18 26 -1.900006e-01
18 62 -1.903435e-01
9 49 -1.903523e-01
48 60 -1.903599e-01
29 39 -1.908718e-01
8 61 -1.911946e-01
45 50 -1.920824e-01
3 49 -1.922200e-01
7 73 -1.923629e-01
21 53 -1.923715e-01
27 65 -1.929816e-01
46 60 -1.930624e-01
12 65 -1.933436e-01
48 67 -1.933539e-01
46 71 -1.934256e-01
22 37 -1.937027e-01
38 58 -1.937336e-01
15 67 -1.939344e-01
34 69 -1.946100e-01
1 50 -1.953376e-01
26 38 -1.955810e-01
32 66 -1.957623e-01
50 76 -1.961915e-01
46 59 -1.966589e-01
20 73 -1.967505e-01
7 14 -1.975056e-01
20 64 -1.976025e-01
18 66 -1.979305e-01
12 36 -1.980692e-01
43 63 -1.982288e-01
12 54 -1.986307e-01
19 44 -1.986502e-01
27 55 -1.987813e-01
11 62 -1.993963e-01
9 42 -1.997620e-01
51 68 -2.000923e-01
17 28 -2.007609e-01
12 25 -2.008909e-01
8 12 -2.010576e-01
30 67 -2.010897e-01
51 72 -2.011752e-01
34 73 -2.015104e-01
18 59 -2.018383e-01
4 65 -2.020264e-01
33 48 -2.020382e-01
28 37 -2.022875e-01
1 76 -2.026290e-01
44 62 -2.027419e-01
24 52 -2.027993e-01
53 62 -2.028696e-01
44 68 -2.030430e-01
19 27 -2.031973e-01
32 76 -2.036874e-01
2 41 -2.037596e-01
33 76 -2.039710e-01
38 66 -2.039765e-01
38 55 -2.040559e-01
10 24 -2.041516e-01
3 21 -2.042944e-01
16 60 -2.043834e-01
28 61 -2.046123e-01
38 60 -2.046851e-01
30 35 -2.046979e-01
13 42 -2.048437e-01
18 55 -2.050575e-01
64 75 -2.052348e-01
29 76 -2.053230e-01
20 40 -2.054922e-01
11 59 -2.056849e-01
33 47 -2.060110e-01
3 12 -2.063223e-01
1 23 -2.071639e-01
32 40 -2.076341e-01
24 46 -2.077564e-01
5 14 -2.078980e-01
37 60 -2.079255e-01
27 71 -2.088044e-01
25 56 -2.088406e-01
5 34 -2.103807e-01
39 76 -2.104324e-01
38 57 -2.105804e-01
28 62 -2.106083e-01
9 62 -2.107350e-01
12 52 -2.107505e-01
29 33 -2.110188e-01
33 55 -2.110858e-01
6 19 -2.112435e-01
14 74 -2.112987e-01
41 54 -2.121099e-01
10 64 -2.121322e-01
33 49 -2.121481e-01
6 56 -2.124040e-01
15 70 -2.124712e-01
30 53 -2.130705e-01
35 58 -2.132176e-01
27 76 -2.136005e-01
26 69 -2.138222e-01
41 62 -2.140456e-01
4 52 -2.143465e-01
25 69 -2.144650e-01
43 62 -2.151958e-01
25 60 -2.154418e-01
5 39 -2.157408e-01
8 27 -2.158141e-01
5 72 -2.162337e-01
15 45 -2.172189e-01
10 36 -2.172508e-01
20 41 -2.173410e-01
26 43 -2.179202e-01
43 66 -2.189737e-01
4 54 -2.191199e-01
15 55 -2.192740e-01
27 72 -2.193400e-01
18 61 -2.195822e-01
26 47 -2.198588e-01
10 32 -2.198980e-01
49 68 -2.201372e-01
17 69 -2.203752e-01
26 53 -2.206696e-01
5 30 -2.210874e-01
2 55 -2.224474e-01
60 68 -2.224486e-01
18 46 -2.227296e-01
18 69 -2.228858e-01
10 33 -2.229513e-01
25 59 -2.229841e-01
30 55 -2.230306e-01
2 59 -2.232161e-01
27 43 -2.247436e-01
23 36 -2.252402e-01
14 44 -2.257137e-01
9 50 -2.257799e-01
4 48 -2.264348e-01
8 21 -2.264390e-01
7 24 -2.264826e-01
30 60 -2.267472e-01
16 36 -2.267773e-01
19 65 -2.271250e-01
30 65 -2.274970e-01
22 65 -2.278804e-01
14 73 -2.280491e-01
1 31 -2.282613e-01
17 22 -2.283227e-01
37 72 -2.284176e-01
4 41 -2.286387e-01
2 16 -2.289042e-01
26 35 -2.289762e-01
45 75 -2.290106e-01
7 43 -2.294496e-01
40 71 -2.296331e-01
23 75 -2.296668e-01
37 73 -2.297330e-01
37 52 -2.305463e-01
53 68 -2.307825e-01
14 49 -2.310663e-01
21 73 -2.315087e-01
21 61 -2.315907e-01
21 36 -2.326655e-01
16 26 -2.327748e-01
40 65 -2.328327e-01
4 60 -2.328411e-01
54 57 -2.332191e-01
14 64 -2.333761e-01
13 34 -2.334577e-01
24 55 -2.335029e-01
10 37 -2.335034e-01
35 44 -2.336769e-01
31 63 -2.337750e-01
14 28 -2.341443e-01
38 71 -2.344902e-01
11 33 -2.345278e-01
6 35 -2.348756e-01
7 29 -2.352323e-01
28 58 -2.359038e-01
31 61 -2.361053e-01
20 54 -2.362575e-01
13 51 -2.362935e-01
1 52 -2.363376e-01
9 39 -2.365410e-01
12 34 -2.368889e-01
3 74 -2.368982e-01
8 63 -2.377324e-01
43 52 -2.380346e-01
25 74 -2.381653e-01
10 68 -2.383723e-01
9 73 -2.387847e-01
10 66 -2.397286e-01
2 52 -2.398780e-01
10 34 -2.400060e-01
1 58 -2.401507e-01
12 67 -2.403498e-01
25 48 -2.404682e-01
14 41 -2.410909e-01
12 66 -2.416664e-01
32 63 -2.423126e-01
22 51 -2.424049e-01
1 41 -2.429220e-01
27 36 -2.429358e-01
11 74 -2.434442e-01
10 53 -2.437561e-01
32 54 -2.439523e-01
4 50 -2.441639e-01
8 42 -2.445302e-01
3 43 -2.445386e-01
17 71 -2.446425e-01
31 64 -2.448043e-01
12 29 -2.456364e-01
7 34 -2.457095e-01
46 68 -2.462458e-01
12 46 -2.465571e-01
1 40 -2.469470e-01
18 41 -2.470323e-01
15 58 -2.471493e-01
12 33 -2.472316e-01
30 68 -2.479956e-01
18 29 -2.481824e-01
33 39 -2.484897e-01
16 45 -2.485668e-01
13 40 -2.489642e-01
2 44 -2.489808e-01
4 39 -2.493178e-01
25 72 -2.498573e-01
34 63 -2.500761e-01
39 60 -2.501137e-01
1 56 -2.506542e-01
32 59 -2.508134e-01
30 45 -2.508638e-01
46 74 -2.511244e-01
22 56 -2.511271e-01
50 75 -2.511579e-01
20 72 -2.516531e-01
24 44 -2.518102e-01
32 68 -2.519375e-01
17 32 -2.523935e-01
25 62 -2.524734e-01
3 39 -2.527333e-01
39 71 -2.531088e-01
8 30 -2.531520e-01
20 68 -2.537486e-01
57 70 -2.539348e-01
27 63 -2.558703e-01
11 24 -2.560597e-01
38 56 -2.568753e-01
1 73 -2.569506e-01
37 66 -2.570914e-01
22 70 -2.592828e-01
34 44 -2.595080e-01
43 65 -2.612072e-01
4 59 -2.615700e-01
5 70 -2.618036e-01
53 65 -2.618392e-01
16 53 -2.618625e-01
8 33 -2.619841e-01
50 70 -2.620557e-01
20 75 -2.622341e-01
8 25 -2.625103e-01
32 69 -2.635279e-01
15 76 -2.637716e-01
28 68 -2.643099e-01
14 48 -2.643383e-01
47 58 -2.647669e-01
6 37 -2.647993e-01
51 65 -2.649090e-01
59 76 -2.652080e-01
9 21 -2.662043e-01
4 22 -2.664982e-01
27 59 -2.667194e-01
23 35 -2.668613e-01
34 58 -2.669193e-01
33 63 -2.669774e-01
22 43 -2.673402e-01
36 59 -2.675198e-01
20 45 -2.675467e-01
19 67 -2.677733e-01
16 58 -2.678746e-01
7 51 -2.679193e-01
16 62 -2.684371e-01
16 42 -2.686691e-01
56 74 -2.687941e-01
4 28 -2.688187e-01
21 28 -2.690088e-01
12 27 -2.694163e-01
36 56 -2.699760e-01
35 71 -2.700705e-01
13 27 -2.701765e-01
12 26 -2.702111e-01
2 27 -2.703605e-01
6 27 -2.707179e-01
16 48 -2.707225e-01
14 76 -2.708266e-01
1 74 -2.710237e-01
22 66 -2.713230e-01
5 36 -2.713382e-01
34 62 -2.718508e-01
38 67 -2.719072e-01
9 47 -2.722855e-01
3 34 -2.723091e-01
12 59 -2.723396e-01
22 57 -2.724260e-01
7 68 -2.732602e-01
5 76 -2.737563e-01
17 66 -2.737634e-01
3 25 -2.749337e-01
7 27 -2.750411e-01
9 51 -2.752227e-01
29 72 -2.753842e-01
56 68 -2.757009e-01
47 68 -2.758620e-01
2 76 -2.761375e-01
4 15 -2.763017e-01
15 27 -2.766344e-01
35 59 -2.773840e-01
4 38 -2.777985e-01
31 67 -2.782185e-01
21 35 -2.784949e-01
26 73 -2.789227e-01
27 70 -2.791766e-01
23 49 -2.792897e-01
3 44 -2.793395e-01
21 55 -2.793761e-01
35 57 -2.795446e-01
17 42 -2.797405e-01
2 73 -2.797924e-01
23 58 -2.805068e-01
28 33 -2.807592e-01
18 65 -2.807951e-01
9 48 -2.808594e-01
16 69 -2.811328e-01
5 32 -2.824730e-01
5 46 -2.826641e-01
17 70 -2.832626e-01
19 48 -2.834529e-01
53 73 -2.854264e-01
18 25 -2.856128e-01
50 60 -2.856294e-01
4 72 -2.857045e-01
36 52 -2.862179e-01
48 64 -2.866385e-01
8 73 -2.872937e-01
23 70 -2.873044e-01
20 32 -2.879147e-01
42 63 -2.888134e-01
31 68 -2.889188e-01
33 65 -2.890978e-01
4 34 -2.892735e-01
13 21 -2.894108e-01
10 18 -2.913036e-01
29 50 -2.916901e-01
47 76 -2.917452e-01
3 35 -2.917779e-01
24 59 -2.921148e-01
13 64 -2.921727e-01
9 66 -2.926434e-01
34 64 -2.926776e-01
17 41 -2.928047e-01
49 76 -2.935291e-01
18 67 -2.936606e-01
3 36 -2.936720e-01
3 32 -2.937382e-01
39 72 -2.947289e-01
11 44 -2.947819e-01
1 61 -2.950172e-01
4 64 -2.954748e-01
22 74 -2.967520e-01
7 40 -2.971323e-01
39 74 -2.976930e-01
55 68 -2.979855e-01
17 73 -2.984568e-01
45 59 -2.988204e-01
10 48 -3.000119e-01
6 29 -3.007460e-01
7 44 -3.009418e-01
8 37 -3.013491e-01
14 57 -3.019781e-01
9 37 -3.022781e-01
11 38 -3.030884e-01
14 56 -3.031380e-01
30 66 -3.031723e-01
54 61 -3.034788e-01
14 50 -3.041744e-01
31 71 -3.042245e-01
5 23 -3.042273e-01
14 37 -3.045312e-01
7 52 -3.055367e-01
3 73 -3.068207e-01
26 52 -3.069003e-01
39 65 -3.069903e-01
24 65 -3.085201e-01
56 64 -3.086019e-01
11 52 -3.095952e-01
5 21 -3.097502e-01
9 44 -3.109444e-01
3 26 -3.109742e-01
6 74 -3.115035e-01
38 59 -3.117521e-01
5 44 -3.130222e-01
50 62 -3.131717e-01
16 71 -3.139196e-01
36 53 -3.140538e-01
11 45 -3.145184e-01
16 57 -3.146511e-01
25 73 -3.147786e-01
49 73 -3.153076e-01
3 14 -3.157161e-01
25 64 -3.166652e-01
9 36 -3.174808e-01
12 73 -3.189584e-01
4 71 -3.204905e-01
37 69 -3.205870e-01
19 41 -3.209278e-01
34 76 -3.218056e-01
9 59 -3.221620e-01
56 67 -3.221756e-01
43 58 -3.226967e-01
12 62 -3.243092e-01
20 50 -3.249127e-01
12 58 -3.257618e-01
12 60 -3.265412e-01
4 74 -3.270280e-01
3 38 -3.273007e-01
18 31 -3.277547e-01
14 59 -3.291621e-01
26 44 -3.293245e-01
22 55 -3.302658e-01
11 17 -3.303926e-01
15 57 -3.310422e-01
19 45 -3.317674e-01
27 73 -3.323766e-01
45 64 -3.357336e-01
18 75 -3.378365e-01
4 61 -3.384838e-01
35 67 -3.385044e-01
17 37 -3.387180e-01
11 61 -3.395998e-01
21 62 -3.400212e-01
33 66 -3.400475e-01
36 68 -3.403899e-01
21 65 -3.405947e-01
35 43 -3.410672e-01
5 51 -3.417331e-01
9 23 -3.418507e-01
9 45 -3.420361e-01
4 37 -3.433753e-01
16 40 -3.440986e-01
9 74 -3.443426e-01
40 62 -3.451880e-01
47 74 -3.463558e-01
5 37 -3.464163e-01
16 66 -3.469090e-01
2 50 -3.477936e-01
3 51 -3.481764e-01
39 75 -3.492000e-01
14 70 -3.494198e-01
14 58 -3.501880e-01
12 51 -3.502173e-01
32 38 -3.504155e-01
8 23 -3.509326e-01
63 68 -3.513055e-01
29 68 -3.515889e-01
27 48 -3.519296e-01
2 23 -3.527528e-01
40 68 -3.545212e-01
42 68 -3.545565e-01
19 37 -3.553636e-01
12 53 -3.561892e-01
3 27 -3.566812e-01
29 45 -3.569831e-01
15 25 -3.594263e-01
25 58 -3.606067e-01
31 62 -3.612274e-01
22 48 -3.632517e-01
6 14 -3.636150e-01
5 61 -3.643659e-01
16 56 -3.650714e-01
5 17 -3.695198e-01
9 27 -3.699572e-01
6 21 -3.709726e-01
8 50 -3.721910e-01
15 61 -3.726597e-01
43 48 -3.746508e-01
7 41 -3.763472e-01
6 42 -3.769331e-01
7 25 -3.787267e-01
18 70 -3.801782e-01
15 22 -3.815515e-01
14 38 -3.818275e-01
16 72 -3.827682e-01
7 39 -3.830163e-01
13 68 -3.833114e-01
30 46 -3.834502e-01
9 17 -3.836025e-01
46 64 -3.875034e-01
2 54 -3.892791e-01
28 76 -3.895100e-01
6 72 -3.895572e-01
35 45 -3.943389e-01
52 74 -3.968640e-01
17 58 -3.971365e-01
25 76 -3.974919e-01
35 74 -3.977607e-01
33 70 -3.979622e-01
2 37 -3.982080e-01
25 70 -3.983346e-01
33 69 -3.986396e-01
18 56 -3.993766e-01
19 38 -4.005403e-01
7 64 -4.018935e-01
38 65 -4.031596e-01
22 50 -4.072355e-01
42 74 -4.084370e-01
35 61 -4.088443e-01
18 53 -4.113598e-01
7 47 -4.113760e-01
17 67 -4.118433e-01
11 50 -4.132095e-01
43 60 -4.132639e-01
33 71 -4.137355e-01
12 24 -4.141906e-01
21 64 -4.149751e-01
17 56 -4.153146e-01
3 41 -4.176821e-01
9 25 -4.179986e-01
20 34 -4.198207e-01
15 74 -4.235298e-01
11 73 -4.248381e-01
24 74 -4.263526e-01
22 59 -4.268900e-01
9 64 -4.272765e-01
62 75 -4.278639e-01
10 51 -4.286875e-01
10 41 -4.294835e-01
38 74 -4.366771e-01
50 71 -4.378613e-01
45 70 -4.404150e-01
35 66 -4.454173e-01
39 68 -4.476497e-01
6 62 -4.481145e-01
37 71 -4.485677e-01
15 59 -4.573581e-01
4 75 -4.618521e-01
2 61 -4.633304e-01
16 75 -4.687586e-01
9 61 -4.694047e-01
37 75 -4.780855e-01
15 44 -4.793195e-01
33 67 -4.884692e-01
10 50 -5.034302e-01
11 34 -5.072231e-01
24 71 -5.073075e-01
16 70 -5.081320e-01
5 18 -5.110281e-01
8 17 -5.152082e-01
10 17 -5.189270e-01
4 26 -5.211797e-01
7 17 -5.288992e-01
45 73 -5.537549e-01
4 42 -5.546094e-01
30 62 -5.687801e-01
34 70 -6.285135e-01
