33,68,0.255258
34,74,0.209214
17,33,0.190524
41,43,0.190427
4,6,0.185682
33,35,0.184390
9,10,0.177015
1,2,0.176005
11,12,0.175655
17,68,0.175620
3,7,0.170680
46,50,0.169521
15,43,0.167755
50,51,0.167284
64,68,0.164479
64,73,0.163880
12,74,0.158293
27,37,0.156911
24,64,0.156581
7,9,0.150594
3,4,0.147946
21,27,0.145778
68,74,0.145040
4,5,0.144962
62,68,0.138451
9,12,0.137572
5,8,0.135445
17,61,0.135009
59,60,0.133597
70,71,0.132461
3,5,0.132391
9,14,0.131343
57,59,0.130885
12,22,0.130318
23,25,0.128440
33,34,0.128428
15,17,0.128348
22,38,0.128190
19,20,0.127999
24,33,0.126555
47,57,0.126271
58,61,0.126061
57,61,0.125737
46,51,0.125270
42,56,0.125187
4,11,0.124633
17,18,0.123930
17,19,0.122204
48,63,0.122195
35,69,0.120949
7,8,0.120689
14,16,0.119415
56,59,0.118986
59,61,0.118217
21,25,0.116324
16,64,0.114716
34,35,0.114294
4,9,0.114228
16,18,0.113750
4,8,0.113575
26,75,0.113423
16,25,0.112311
71,74,0.111964
18,23,0.111567
61,68,0.111396
30,39,0.110500
4,18,0.109855
74,76,0.108872
57,65,0.108236
44,48,0.107114
37,38,0.107071
13,14,0.106592
24,25,0.105836
27,29,0.105765
31,39,0.104899
16,17,0.104397
65,69,0.104390
62,64,0.102290
39,50,0.101944
12,16,0.101940
21,37,0.101857
36,38,0.100964
63,65,0.100885
68,72,0.100438
35,72,0.100274
14,25,0.098921
7,20,0.098717
35,56,0.098239
68,73,0.098114
24,42,0.097031
5,6,0.096879
18,27,0.095550
52,54,0.095434
65,70,0.095108
36,47,0.095060
39,44,0.094769
6,8,0.093502
12,17,0.093350
41,42,0.092669
8,10,0.092668
15,29,0.092133
71,72,0.092126
58,73,0.092088
2,8,0.091416
42,45,0.090370
47,49,0.090307
60,72,0.089673
8,9,0.089375
21,39,0.089209
65,66,0.089197
6,43,0.089094
1,3,0.089041
51,70,0.088263
11,14,0.087637
19,69,0.087589
23,45,0.087424
4,27,0.086482
57,68,0.086195
50,55,0.085807
67,74,0.085755
35,68,0.085298
34,68,0.085173
8,11,0.085073
28,70,0.084344
47,51,0.084050
31,32,0.083875
6,10,0.083714
5,7,0.083514
15,30,0.083401
14,22,0.083115
38,51,0.082892
3,11,0.082293
2,5,0.081979
69,71,0.081628
45,48,0.081424
7,10,0.080533
29,75,0.080400
9,19,0.080312
42,46,0.080302
26,54,0.080239
1,8,0.080021
18,33,0.079498
21,29,0.079404
23,48,0.079352
2,10,0.079074
25,37,0.079056
44,54,0.078893
35,60,0.078592
31,38,0.078548
58,66,0.078497
16,23,0.078065
2,3,0.077907
36,48,0.077809
44,45,0.077688
66,69,0.077646
37,44,0.077545
23,27,0.077344
29,32,0.077326
36,40,0.077118
12,13,0.076670
12,38,0.076633
29,65,0.076271
53,54,0.075984
31,70,0.075851
28,40,0.075451
1,10,0.075353
49,58,0.075132
6,9,0.075108
7,48,0.075104
12,70,0.075022
39,53,0.074895
22,31,0.074758
62,63,0.074698
44,52,0.074373
51,53,0.073519
14,20,0.072963
11,31,0.072957
6,17,0.072833
13,47,0.072680
51,55,0.072650
49,59,0.072634
42,43,0.072622
36,45,0.072532
22,26,0.072418
54,66,0.072179
9,11,0.071821
29,52,0.071653
1,4,0.071320
2,14,0.071305
1,25,0.071283
44,70,0.071217
24,35,0.071147
22,24,0.071065
41,52,0.071052
25,26,0.070893
18,34,0.070845
45,67,0.070663
17,21,0.070335
46,62,0.070285
41,44,0.070149
16,73,0.069822
28,30,0.069450
30,40,0.069300
72,75,0.069288
9,38,0.068968
7,12,0.068938
73,76,0.068693
40,48,0.068644
6,68,0.068637
16,20,0.068625
21,45,0.068529
40,59,0.068476
9,72,0.068332
19,60,0.068241
36,60,0.068036
60,76,0.068036
28,31,0.067976
64,67,0.067956
28,39,0.067906
34,66,0.067902
66,74,0.067746
33,62,0.067642
16,50,0.067630
28,43,0.067547
59,73,0.067515
33,74,0.067271
6,61,0.067255
46,55,0.067253
9,13,0.067227
58,59,0.067099
68,75,0.066851
72,74,0.066698
4,10,0.066663
55,60,0.066657
22,60,0.066654
6,11,0.066653
12,30,0.066604
7,31,0.066559
62,71,0.066532
21,26,0.066432
44,50,0.066356
37,42,0.066264
42,49,0.066157
55,65,0.065897
32,55,0.065355
9,15,0.064953
24,43,0.064316
2,4,0.064158
67,71,0.063310
11,26,0.063205
32,45,0.063190
11,18,0.063125
43,53,0.063071
5,10,0.062899
41,56,0.062757
44,47,0.062647
37,62,0.062575
16,38,0.062479
8,71,0.062455
18,76,0.062378
45,54,0.062220
20,76,0.062189
39,40,0.062140
50,73,0.062085
69,70,0.061857
25,35,0.061848
36,54,0.061810
63,66,0.061647
8,62,0.061546
27,62,0.061490
51,64,0.061421
41,58,0.061177
37,41,0.060745
7,11,0.060687
56,66,0.060677
15,18,0.060528
1,6,0.060467
6,7,0.060347
3,18,0.060030
36,39,0.060026
50,53,0.059873
49,53,0.059871
17,75,0.059864
25,34,0.059823
66,71,0.059819
27,54,0.059701
53,55,0.059511
15,64,0.059222
30,73,0.059088
47,73,0.059074
21,52,0.058877
26,56,0.058843
12,28,0.058838
9,35,0.058815
59,75,0.058726
46,52,0.058646
17,74,0.058388
49,54,0.058365
26,72,0.058192
21,23,0.058072
22,75,0.058012
60,74,0.057990
41,46,0.057899
18,73,0.057821
9,43,0.057572
54,74,0.057343
21,54,0.057325
45,56,0.057222
57,62,0.057082
31,53,0.057061
26,33,0.056979
18,72,0.056686
47,50,0.056573
18,45,0.056403
52,59,0.056386
43,55,0.056258
47,60,0.056222
1,9,0.056215
44,64,0.056153
18,32,0.056051
61,75,0.056042
26,40,0.055930
8,72,0.055788
45,49,0.055760
32,75,0.055752
45,52,0.055649
68,76,0.055603
26,42,0.055591
48,70,0.055583
23,72,0.055383
36,66,0.055207
52,70,0.055150
23,46,0.055080
38,39,0.054968
19,28,0.054932
50,54,0.054863
12,19,0.054835
21,22,0.054654
48,72,0.054628
43,45,0.054510
22,42,0.054499
43,76,0.054494
63,70,0.054433
24,68,0.054185
24,30,0.054012
13,76,0.053939
29,43,0.053929
38,41,0.053700
47,70,0.053491
7,46,0.053387
23,37,0.053370
56,57,0.053274
3,6,0.053261
1,17,0.053125
3,53,0.053008
46,47,0.052944
27,40,0.052750
29,69,0.052577
21,34,0.052466
13,20,0.052297
40,49,0.052234
18,64,0.052180
11,13,0.052167
73,74,0.052135
38,43,0.052077
32,47,0.052012
31,74,0.052011
29,30,0.051872
60,66,0.051671
12,61,0.051533
32,37,0.051305
35,37,0.051178
18,40,0.051078
74,75,0.051046
29,31,0.051033
31,47,0.050999
60,69,0.050713
69,72,0.050647
6,20,0.050635
14,61,0.050428
26,30,0.050358
4,23,0.050245
41,59,0.050242
31,50,0.050220
16,32,0.050146
43,50,0.050026
25,27,0.049953
57,75,0.049922
27,32,0.049824
60,75,0.049789
37,54,0.049742
67,76,0.049632
48,65,0.049623
22,61,0.049567
44,55,0.049405
50,74,0.049348
33,37,0.049333
36,74,0.049281
29,62,0.049118
30,49,0.049101
23,32,0.049083
47,56,0.049082
72,73,0.049037
40,50,0.048994
19,36,0.048943
22,76,0.048845
25,50,0.048786
13,31,0.048609
31,36,0.048513
34,48,0.048450
24,49,0.048426
26,36,0.048410
68,70,0.048162
28,56,0.047795
32,65,0.047765
38,40,0.047697
14,17,0.047695
26,31,0.047615
17,57,0.047586
35,65,0.047462
35,39,0.047408
40,41,0.047283
54,55,0.047190
36,62,0.047037
13,36,0.046998
45,71,0.046984
10,14,0.046930
26,59,0.046770
42,54,0.046765
15,19,0.046699
5,15,0.046599
2,62,0.046384
35,38,0.046174
11,28,0.046094
39,73,0.046066
5,67,0.046039
15,72,0.045994
59,69,0.045914
53,70,0.045886
2,9,0.045800
19,74,0.045706
28,36,0.045469
41,66,0.045456
59,63,0.045381
7,13,0.045319
28,59,0.045193
34,42,0.045144
56,69,0.045074
5,45,0.045062
27,46,0.044977
35,53,0.044954
39,42,0.044793
55,56,0.044641
45,76,0.044625
13,19,0.044573
10,11,0.044568
41,53,0.044546
43,51,0.044531
52,55,0.044398
7,38,0.044264
61,73,0.044213
19,62,0.044058
2,25,0.044052
65,74,0.044034
38,75,0.043994
42,67,0.043979
10,65,0.043603
8,34,0.043565
14,65,0.043482
61,62,0.043456
27,33,0.043309
34,50,0.043285
5,19,0.043285
8,67,0.043116
27,45,0.042995
48,55,0.042949
33,64,0.042935
58,69,0.042796
18,48,0.042755
46,67,0.042641
14,24,0.042469
25,49,0.042351
10,30,0.042290
56,70,0.042244
32,73,0.042199
1,11,0.042040
15,24,0.041938
2,29,0.041702
8,66,0.041617
27,28,0.041491
1,14,0.041482
17,25,0.041441
44,58,0.041264
34,75,0.041245
58,75,0.041214
23,33,0.041131
59,74,0.041003
15,73,0.040958
24,39,0.040820
53,71,0.040722
36,65,0.040675
37,67,0.040619
3,8,0.040619
38,76,0.040503
37,45,0.040449
38,46,0.040414
4,20,0.040305
18,44,0.040303
27,30,0.040272
15,75,0.040248
13,70,0.040179
26,39,0.040106
62,67,0.039896
41,73,0.039752
22,73,0.039746
32,60,0.039644
12,23,0.039486
28,29,0.039429
36,49,0.039326
51,73,0.039207
26,45,0.039028
21,33,0.038997
14,60,0.038981
15,16,0.038943
17,34,0.038838
16,76,0.038695
53,63,0.038666
20,39,0.038654
39,66,0.038480
23,34,0.038382
4,45,0.038341
7,22,0.038277
9,76,0.038196
63,71,0.037965
30,56,0.037938
60,65,0.037896
16,44,0.037695
62,72,0.037346
14,21,0.037344
37,46,0.037238
42,66,0.037111
51,52,0.037070
10,62,0.036906
59,64,0.036736
65,72,0.036535
31,35,0.036415
34,53,0.036393
13,65,0.036298
50,56,0.036212
10,38,0.036148
11,27,0.036145
40,52,0.036121
20,21,0.036102
39,69,0.036063
65,67,0.036027
25,54,0.035755
14,75,0.035751
7,60,0.035701
4,7,0.035604
58,62,0.035532
28,41,0.035503
25,71,0.035451
19,58,0.035402
1,33,0.035397
56,71,0.035362
55,61,0.035192
21,58,0.035160
3,33,0.035073
32,35,0.035072
11,16,0.035026
14,15,0.034947
25,33,0.034777
31,56,0.034578
53,66,0.034491
52,67,0.034326
11,20,0.034254
22,25,0.034165
27,67,0.034155
5,20,0.034143
7,63,0.034138
24,67,0.034114
12,69,0.034068
64,71,0.034049
44,53,0.034012
23,73,0.034002
22,52,0.033951
42,57,0.033948
21,50,0.033835
1,68,0.033801
20,53,0.033608
39,45,0.033562
1,34,0.033521
7,72,0.033495
22,33,0.033487
69,73,0.033482
22,63,0.033477
38,64,0.033415
60,67,0.033331
59,67,0.033304
66,70,0.033234
50,58,0.033203
52,53,0.033147
58,64,0.033116
35,41,0.032959
12,18,0.032927
41,51,0.032608
5,64,0.032546
41,57,0.032528
29,53,0.032519
10,59,0.032411
64,74,0.032399
67,68,0.032325
35,62,0.032296
37,76,0.032252
20,35,0.032163
41,45,0.032124
25,75,0.032089
3,29,0.031971
57,74,0.031965
39,43,0.031953
64,65,0.031934
29,40,0.031856
11,15,0.031807
41,67,0.031731
15,46,0.031568
4,12,0.031547
34,65,0.031512
31,49,0.031471
6,48,0.031443
6,15,0.031404
48,56,0.031313
12,15,0.031311
17,24,0.031311
1,5,0.031295
60,63,0.031287
62,76,0.031249
60,70,0.031209
26,71,0.031068
71,76,0.030976
19,55,0.030926
21,51,0.030923
34,45,0.030848
37,40,0.030597
24,38,0.030478
19,73,0.030420
32,52,0.030399
16,37,0.030347
40,70,0.030313
42,44,0.030257
55,63,0.030235
14,32,0.030216
4,51,0.030206
42,58,0.030202
42,60,0.030188
30,36,0.030180
31,54,0.030117
36,70,0.030066
27,75,0.030015
17,48,0.029905
9,16,0.029861
47,52,0.029836
40,57,0.029826
12,55,0.029795
28,71,0.029695
15,47,0.029674
32,34,0.029662
19,59,0.029648
42,62,0.029631
33,72,0.029374
3,17,0.029098
68,71,0.029093
6,25,0.029088
54,56,0.029021
23,26,0.028975
15,34,0.028956
52,56,0.028946
5,35,0.028932
3,10,0.028918
33,73,0.028801
27,64,0.028774
3,68,0.028719
30,58,0.028494
48,61,0.028260
54,67,0.028254
47,55,0.028151
11,46,0.028093
41,76,0.027979
29,58,0.027729
5,56,0.027702
49,63,0.027587
60,62,0.027587
64,70,0.027550
21,47,0.027454
61,70,0.027425
11,32,0.027381
38,45,0.027362
44,66,0.027338
49,55,0.027277
56,58,0.027240
40,55,0.027234
41,49,0.027088
51,56,0.027062
24,41,0.026981
1,26,0.026909
52,58,0.026892
18,68,0.026851
19,53,0.026783
48,49,0.026593
55,57,0.026559
53,59,0.026530
18,24,0.026501
3,22,0.026492
54,71,0.026446
22,40,0.026445
67,75,0.026336
12,20,0.026269
22,34,0.026228
58,63,0.026223
23,55,0.026186
64,66,0.026117
3,69,0.025941
3,59,0.025889
54,60,0.025876
28,49,0.025867
32,71,0.025842
26,76,0.025795
44,61,0.025704
5,25,0.025655
44,59,0.025607
19,49,0.025494
37,47,0.025482
53,58,0.025418
36,71,0.025380
28,65,0.025374
28,47,0.025280
15,53,0.025267
28,69,0.025142
20,42,0.024926
35,63,0.024837
28,48,0.024793
10,26,0.024788
8,28,0.024698
25,45,0.024653
6,30,0.024614
5,66,0.024548
14,27,0.024456
20,48,0.024425
62,70,0.024338
13,71,0.024336
53,56,0.024290
28,72,0.024261
47,59,0.024254
14,18,0.024214
52,66,0.024211
2,12,0.024157
24,27,0.024108
30,72,0.024015
62,66,0.024011
5,9,0.023913
41,70,0.023848
27,34,0.023848
8,59,0.023842
37,53,0.023841
19,63,0.023830
45,47,0.023829
3,15,0.023766
56,65,0.023765
11,48,0.023758
8,51,0.023728
27,35,0.023619
40,76,0.023559
10,67,0.023483
57,69,0.023441
49,52,0.023431
22,64,0.023400
29,54,0.023265
16,21,0.023205
10,55,0.023182
64,69,0.023144
40,69,0.023128
29,38,0.023100
30,52,0.023016
44,49,0.022974
61,71,0.022960
11,29,0.022955
49,70,0.022910
20,58,0.022895
59,71,0.022838
4,44,0.022825
37,58,0.022785
14,35,0.022784
63,64,0.022780
2,35,0.022772
14,26,0.022699
4,19,0.022688
62,73,0.022650
4,73,0.022648
1,13,0.022623
63,69,0.022615
14,19,0.022532
6,24,0.022498
43,72,0.022458
28,52,0.022441
12,47,0.022347
34,51,0.022252
36,64,0.022142
56,60,0.022093
19,70,0.022087
63,67,0.022053
13,46,0.021981
47,53,0.021924
55,69,0.021820
4,62,0.021741
36,37,0.021740
48,57,0.021678
3,31,0.021539
9,20,0.021493
26,50,0.021456
2,24,0.021394
12,14,0.021336
29,67,0.021251
13,39,0.021239
5,28,0.021205
3,70,0.021203
32,36,0.021190
48,75,0.021123
27,61,0.021106
6,18,0.020912
15,28,0.020850
59,70,0.020849
23,29,0.020807
11,56,0.020628
71,75,0.020473
53,75,0.020466
17,35,0.020446
9,26,0.020434
4,68,0.020428
13,67,0.020393
59,65,0.020369
39,58,0.020347
37,48,0.020302
57,58,0.020282
9,29,0.020212
10,57,0.020138
5,57,0.020086
61,66,0.019835
18,37,0.019798
27,58,0.019740
10,46,0.019689
55,72,0.019670
2,22,0.019505
13,25,0.019499
25,38,0.019496
45,53,0.019394
6,69,0.019369
30,50,0.019355
20,57,0.019293
29,70,0.019290
1,38,0.019283
42,59,0.019229
34,55,0.019211
26,67,0.019191
1,24,0.019159
7,18,0.019145
27,39,0.018837
30,69,0.018819
24,40,0.018811
42,53,0.018740
51,63,0.018633
9,28,0.018564
34,61,0.018536
10,15,0.018410
46,49,0.018384
59,62,0.018358
17,20,0.018263
1,7,0.018249
60,71,0.018204
29,51,0.018169
12,35,0.018108
25,42,0.017997
13,54,0.017993
43,44,0.017957
58,65,0.017915
32,57,0.017902
48,58,0.017873
15,33,0.017782
2,13,0.017669
30,47,0.017635
20,22,0.017594
46,54,0.017502
19,32,0.017451
5,16,0.017441
23,44,0.017423
34,67,0.017397
3,20,0.017331
37,51,0.017307
28,55,0.017297
40,43,0.017288
75,76,0.017241
61,76,0.017191
18,36,0.017185
42,75,0.017038
15,68,0.016994
31,52,0.016972
39,54,0.016971
6,70,0.016930
50,52,0.016893
45,63,0.016874
47,48,0.016844
2,7,0.016822
24,73,0.016812
13,45,0.016769
13,15,0.016734
14,30,0.016654
23,76,0.016643
46,69,0.016642
35,48,0.016613
32,46,0.016566
20,38,0.016540
64,76,0.016428
16,30,0.016410
26,49,0.016406
11,19,0.016406
1,48,0.016364
30,63,0.016343
22,32,0.016273
27,49,0.016201
22,53,0.016154
2,19,0.016037
6,71,0.015995
6,33,0.015982
6,16,0.015964
5,33,0.015918
36,75,0.015913
37,55,0.015884
10,44,0.015820
28,53,0.015797
27,51,0.015772
15,56,0.015738
70,75,0.015736
36,50,0.015728
48,66,0.015690
17,40,0.015515
46,53,0.015493
26,34,0.015470
20,51,0.015364
31,58,0.015336
46,70,0.015277
47,62,0.015260
8,32,0.015232
22,23,0.015207
28,32,0.015170
9,40,0.015086
13,28,0.015043
31,44,0.015036
4,24,0.015014
3,13,0.014986
39,51,0.014935
14,68,0.014842
1,12,0.014778
5,22,0.014765
30,61,0.014753
14,33,0.014746
67,73,0.014741
40,58,0.014727
40,44,0.014592
51,60,0.014529
33,36,0.014460
42,55,0.014434
32,53,0.014404
31,34,0.014393
25,39,0.014336
19,22,0.014325
7,75,0.014306
40,56,0.014232
30,32,0.014218
16,47,0.014214
25,32,0.014160
45,46,0.014085
4,17,0.013768
5,13,0.013743
18,43,0.013698
50,66,0.013653
65,71,0.013649
6,52,0.013631
22,35,0.013625
15,63,0.013528
7,15,0.013511
14,67,0.013502
58,76,0.013433
31,40,0.013351
15,71,0.013323
46,66,0.013200
46,56,0.013116
4,21,0.013111
8,53,0.013083
24,51,0.013079
38,50,0.013076
2,67,0.012951
56,61,0.012929
24,50,0.012857
43,74,0.012849
3,63,0.012840
26,63,0.012739
21,43,0.012653
24,37,0.012600
16,34,0.012589
13,48,0.012562
26,37,0.012561
54,65,0.012428
52,71,0.012421
30,59,0.012370
61,67,0.012328
7,28,0.012220
5,65,0.012126
42,65,0.012083
24,60,0.012018
2,11,0.012002
11,67,0.011992
31,33,0.011914
12,32,0.011895
43,67,0.011832
42,51,0.011793
39,57,0.011754
5,12,0.011644
15,32,0.011579
2,30,0.011515
55,75,0.011405
55,59,0.011348
7,66,0.011336
16,35,0.011332
13,26,0.011308
17,72,0.011261
47,67,0.011192
35,49,0.011116
1,30,0.011116
17,23,0.011068
48,76,0.011065
19,25,0.010983
10,52,0.010958
65,75,0.010949
21,49,0.010884
38,70,0.010868
7,76,0.010829
10,16,0.010804
43,54,0.010783
8,20,0.010778
11,76,0.010762
12,21,0.010731
24,29,0.010705
13,63,0.010700
13,16,0.010684
16,22,0.010630
21,48,0.010604
51,67,0.010547
69,75,0.010471
1,21,0.010439
16,19,0.010384
20,61,0.010275
63,75,0.010238
17,64,0.010222
36,46,0.010201
14,23,0.010195
42,71,0.010185
70,73,0.010173
52,62,0.010085
2,26,0.010048
29,63,0.010030
11,23,0.010024
1,71,0.010000
58,68,0.009908
9,30,0.009884
53,60,0.009869
44,75,0.009852
34,49,0.009706
39,41,0.009664
10,72,0.009642
29,47,0.009592
20,71,0.009485
1,39,0.009435
5,48,0.009417
59,68,0.009409
22,71,0.009389
22,41,0.009269
2,71,0.009238
17,22,0.009228
20,55,0.009171
9,58,0.009130
23,24,0.009113
5,29,0.009112
3,9,0.008997
2,15,0.008986
59,66,0.008969
48,54,0.008964
3,30,0.008887
30,31,0.008877
42,76,0.008836
10,71,0.008774
1,16,0.008756
7,19,0.008741
53,57,0.008598
33,45,0.008470
13,23,0.008424
64,72,0.008395
25,63,0.008307
10,35,0.008280
18,21,0.008241
70,72,0.008224
46,65,0.008211
29,71,0.008164
73,75,0.008144
41,50,0.008094
23,30,0.008077
21,42,0.008044
10,54,0.007904
16,51,0.007883
12,63,0.007868
42,70,0.007827
16,63,0.007769
19,50,0.007751
51,61,0.007661
40,63,0.007642
31,65,0.007642
56,73,0.007613
19,26,0.007538
45,66,0.007485
28,50,0.007480
17,30,0.007438
25,57,0.007418
34,37,0.007401
10,25,0.007364
55,66,0.007343
41,64,0.007318
61,64,0.007279
7,69,0.007182
8,13,0.007125
17,50,0.007098
2,57,0.007033
31,59,0.007032
18,22,0.006968
52,60,0.006957
21,30,0.006879
22,29,0.006823
10,70,0.006791
26,74,0.006778
18,25,0.006690
41,69,0.006650
10,56,0.006505
38,48,0.006503
33,52,0.006484
42,69,0.006471
22,39,0.006462
48,69,0.006461
4,76,0.006405
20,24,0.006362
33,38,0.006295
38,52,0.006271
43,69,0.006242
28,64,0.006212
14,47,0.006211
61,65,0.006175
18,58,0.006166
21,66,0.006129
2,21,0.006106
36,57,0.006070
17,44,0.006021
22,72,0.005986
27,52,0.005965
19,23,0.005906
24,57,0.005804
51,57,0.005751
55,70,0.005735
5,63,0.005726
46,73,0.005662
33,75,0.005620
48,50,0.005613
43,46,0.005611
20,56,0.005573
29,59,0.005525
51,58,0.005503
15,48,0.005463
51,62,0.005389
5,11,0.005344
4,63,0.005312
25,52,0.005308
3,76,0.005278
52,65,0.005141
2,64,0.005070
26,28,0.004988
25,68,0.004966
17,76,0.004891
4,16,0.004848
49,74,0.004847
45,72,0.004836
6,50,0.004688
66,67,0.004666
21,67,0.004619
30,48,0.004604
8,56,0.004595
31,60,0.004531
10,39,0.004436
44,73,0.004410
2,33,0.004375
49,51,0.004366
49,65,0.004321
8,49,0.004289
51,66,0.004288
28,66,0.004282
6,46,0.004269
28,51,0.004265
37,39,0.004251
7,36,0.004171
61,72,0.004156
9,31,0.004101
28,46,0.003965
49,50,0.003951
10,19,0.003830
40,42,0.003809
40,60,0.003795
31,43,0.003689
23,64,0.003657
16,55,0.003640
26,55,0.003627
57,73,0.003593
47,65,0.003557
16,39,0.003458
13,69,0.003449
37,68,0.003401
37,74,0.003392
2,68,0.003299
5,55,0.003121
49,69,0.003082
15,20,0.003049
19,46,0.003040
23,41,0.002997
27,31,0.002770
20,30,0.002728
23,61,0.002722
29,42,0.002700
13,29,0.002686
33,43,0.002513
20,26,0.002505
10,58,0.002504
4,40,0.002461
1,22,0.002458
20,37,0.002444
30,71,0.002431
46,63,0.002416
5,74,0.002347
41,60,0.002260
49,71,0.002256
52,73,0.002235
41,61,0.002209
2,63,0.002159
30,54,0.002141
13,32,0.002098
9,34,0.002097
10,73,0.002075
25,43,0.002029
32,33,0.002012
19,57,0.001909
12,68,0.001882
70,74,0.001827
43,59,0.001801
15,69,0.001778
44,69,0.001696
10,49,0.001658
16,65,0.001571
62,69,0.001533
1,20,0.001514
66,75,0.001473
39,70,0.001431
24,56,0.001353
18,50,0.001330
35,46,0.001313
6,26,0.001297
21,75,0.001265
26,32,0.001254
45,60,0.001247
10,13,0.001208
59,72,0.001090
17,27,0.001090
36,42,0.001087
24,72,0.000936
23,39,0.000927
8,35,0.000917
14,42,0.000879
61,74,0.000845
49,57,0.000684
37,63,0.000679
11,69,0.000568
31,42,0.000507
1,35,0.000506
3,62,0.000458
21,44,0.000433
15,40,0.000431
28,63,0.000390
23,63,0.000383
44,57,0.000291
2,38,0.000280
6,51,0.000243
20,52,0.000159
3,72,0.000152
2,39,0.000129
2,18,0.000072
32,50,0.000042
1,18,0.000010
2,17,-0.000046
11,63,-0.000060
36,44,-0.000370
33,57,-0.000402
5,69,-0.000530
62,74,-0.000685
20,29,-0.000708
16,49,-0.000721
36,76,-0.000762
18,20,-0.000833
7,49,-0.000905
20,25,-0.000917
30,34,-0.000943
8,31,-0.000970
28,60,-0.001029
3,47,-0.001058
13,42,-0.001162
38,42,-0.001180
4,66,-0.001220
38,62,-0.001224
11,66,-0.001244
39,55,-0.001357
49,66,-0.001383
24,26,-0.001432
14,55,-0.001503
54,64,-0.001511
3,67,-0.001524
18,52,-0.001620
52,64,-0.001644
5,52,-0.001709
3,66,-0.001760
41,71,-0.001789
9,63,-0.001795
4,25,-0.001799
6,45,-0.001832
32,76,-0.001842
20,28,-0.001863
16,31,-0.001931
53,74,-0.001938
8,14,-0.001980
29,36,-0.002031
8,65,-0.002050
38,69,-0.002075
52,72,-0.002172
60,73,-0.002335
47,61,-0.002399
28,54,-0.002425
6,41,-0.002459
19,71,-0.002482
45,58,-0.002518
27,56,-0.002540
10,74,-0.002608
24,34,-0.002609
17,59,-0.002623
26,27,-0.002633
2,58,-0.002654
14,45,-0.002787
19,56,-0.002829
17,45,-0.002837
13,60,-0.002842
7,30,-0.002892
4,47,-0.002930
45,55,-0.002931
35,36,-0.002935
23,74,-0.002936
57,71,-0.002950
16,67,-0.003095
20,49,-0.003098
27,38,-0.003163
37,65,-0.003176
25,67,-0.003226
28,67,-0.003252
3,42,-0.003265
50,72,-0.003302
8,70,-0.003336
38,47,-0.003341
8,75,-0.003387
48,74,-0.003441
43,47,-0.003442
50,61,-0.003485
45,74,-0.003485
55,58,-0.003493
8,60,-0.003523
10,12,-0.003531
14,53,-0.003604
5,31,-0.003625
15,51,-0.003627
50,64,-0.003658
20,27,-0.003697
7,71,-0.003737
18,63,-0.003751
14,40,-0.003836
2,36,-0.003884
33,54,-0.003905
20,36,-0.003914
46,58,-0.003916
16,28,-0.003921
10,27,-0.003924
8,36,-0.003947
11,75,-0.003983
3,75,-0.004027
17,38,-0.004043
14,63,-0.004058
15,42,-0.004086
67,69,-0.004137
13,44,-0.004152
11,35,-0.004228
2,20,-0.004261
34,38,-0.004269
39,49,-0.004269
49,56,-0.004284
39,47,-0.004304
6,34,-0.004352
26,61,-0.004353
19,66,-0.004377
32,51,-0.004456
7,74,-0.004457
6,54,-0.004503
16,74,-0.004536
25,29,-0.004557
40,73,-0.004668
23,62,-0.004669
31,41,-0.004696
34,40,-0.004741
13,75,-0.004903
23,31,-0.004904
53,64,-0.004954
14,43,-0.004963
33,50,-0.004964
30,76,-0.005000
32,67,-0.005001
25,36,-0.005015
14,39,-0.005025
57,64,-0.005042
1,62,-0.005080
51,54,-0.005114
16,27,-0.005122
11,21,-0.005137
20,40,-0.005153
9,18,-0.005156
61,69,-0.005197
1,67,-0.005223
21,72,-0.005263
20,60,-0.005380
6,39,-0.005425
21,46,-0.005437
13,59,-0.005453
13,55,-0.005538
49,61,-0.005589
23,71,-0.005589
17,36,-0.005615
43,73,-0.005669
24,63,-0.005691
20,67,-0.005697
1,44,-0.005703
19,40,-0.005749
43,57,-0.005751
30,57,-0.005817
19,43,-0.005853
44,51,-0.005884
41,47,-0.005900
49,75,-0.005925
47,69,-0.005927
1,45,-0.005972
40,51,-0.006005
18,51,-0.006082
44,76,-0.006173
30,41,-0.006201
43,75,-0.006268
30,37,-0.006335
48,51,-0.006339
51,76,-0.006442
34,56,-0.006496
3,50,-0.006512
34,72,-0.006540
13,30,-0.006611
19,47,-0.006654
36,51,-0.006664
63,76,-0.006664
13,37,-0.006754
8,15,-0.006780
44,65,-0.006828
6,76,-0.006848
52,69,-0.006869
21,74,-0.006908
29,61,-0.006916
3,28,-0.007008
58,70,-0.007119
2,34,-0.007146
48,52,-0.007153
2,31,-0.007187
7,16,-0.007225
16,52,-0.007350
24,32,-0.007394
5,41,-0.007537
6,32,-0.007622
2,45,-0.007721
19,75,-0.007749
41,65,-0.007754
40,66,-0.007760
21,68,-0.007788
11,30,-0.007945
55,76,-0.007955
21,38,-0.007972
49,60,-0.008000
35,70,-0.008014
22,49,-0.008114
30,44,-0.008119
38,49,-0.008124
5,53,-0.008267
3,24,-0.008336
13,43,-0.008339
22,58,-0.008492
27,68,-0.008494
12,56,-0.008505
8,57,-0.008554
2,46,-0.008719
23,67,-0.008723
1,15,-0.008732
23,68,-0.008863
3,45,-0.008871
5,26,-0.008900
15,66,-0.008919
37,73,-0.008943
44,46,-0.008968
2,74,-0.009032
25,61,-0.009056
7,70,-0.009066
26,57,-0.009073
40,46,-0.009074
6,59,-0.009124
19,35,-0.009137
32,41,-0.009181
29,73,-0.009197
38,53,-0.009227
39,61,-0.009261
26,68,-0.009293
19,30,-0.009310
13,61,-0.009329
34,59,-0.009355
4,13,-0.009514
65,73,-0.009569
15,21,-0.009674
29,34,-0.009692
56,63,-0.009784
44,60,-0.009811
3,60,-0.009829
11,62,-0.009836
8,40,-0.009840
31,46,-0.009874
5,24,-0.009922
37,61,-0.009928
11,36,-0.009954
26,58,-0.009956
8,46,-0.010018
1,64,-0.010067
7,62,-0.010125
13,41,-0.010136
8,26,-0.010209
7,59,-0.010267
58,71,-0.010290
2,6,-0.010328
6,28,-0.010378
41,74,-0.010399
21,57,-0.010434
42,50,-0.010448
10,20,-0.010474
30,70,-0.010505
21,41,-0.010546
12,41,-0.010585
40,47,-0.010637
4,49,-0.010681
1,43,-0.010732
42,72,-0.010747
43,71,-0.010825
54,62,-0.010879
21,40,-0.010941
22,69,-0.011025
19,52,-0.011056
6,57,-0.011066
27,76,-0.011098
8,48,-0.011112
38,63,-0.011147
41,72,-0.011200
60,61,-0.011376
39,67,-0.011377
47,63,-0.011465
58,67,-0.011466
52,76,-0.011475
23,42,-0.011509
21,71,-0.011515
29,35,-0.011692
6,23,-0.011696
28,34,-0.011713
56,72,-0.011722
7,50,-0.011759
17,39,-0.011826
40,45,-0.011831
27,66,-0.011862
32,42,-0.011896
10,31,-0.011917
13,66,-0.011933
40,53,-0.011954
57,67,-0.012110
2,43,-0.012121
35,52,-0.012171
22,68,-0.012183
57,60,-0.012186
1,19,-0.012189
5,54,-0.012205
43,61,-0.012279
43,56,-0.012310
43,70,-0.012327
3,57,-0.012338
23,50,-0.012345
58,60,-0.012373
61,63,-0.012386
10,43,-0.012388
53,61,-0.012415
33,58,-0.012427
23,54,-0.012444
57,66,-0.012447
43,49,-0.012486
5,38,-0.012552
62,65,-0.012575
22,51,-0.012584
7,56,-0.012588
32,74,-0.012596
54,69,-0.012626
33,76,-0.012751
45,68,-0.012759
2,65,-0.012760
50,69,-0.012776
9,54,-0.012793
7,61,-0.012826
10,69,-0.012839
14,62,-0.012905
39,52,-0.012918
40,72,-0.012962
15,37,-0.013043
6,64,-0.013065
30,38,-0.013074
17,62,-0.013103
70,76,-0.013106
12,57,-0.013112
29,64,-0.013143
11,51,-0.013174
10,23,-0.013189
57,63,-0.013194
4,58,-0.013215
32,70,-0.013230
36,43,-0.013340
2,69,-0.013374
3,55,-0.013382
11,22,-0.013400
13,73,-0.013414
22,45,-0.013423
38,68,-0.013495
8,24,-0.013540
35,64,-0.013624
23,38,-0.013771
46,61,-0.013778
3,48,-0.013788
9,32,-0.013829
29,66,-0.013840
7,26,-0.013876
46,48,-0.013969
36,41,-0.013984
11,39,-0.014117
32,58,-0.014174
35,47,-0.014210
69,74,-0.014234
23,66,-0.014247
71,73,-0.014261
29,44,-0.014339
66,76,-0.014340
22,62,-0.014379
48,62,-0.014436
30,55,-0.014452
31,66,-0.014490
11,72,-0.014546
33,48,-0.014569
31,51,-0.014582
5,75,-0.014681
31,37,-0.014805
8,18,-0.014833
19,29,-0.014833
13,38,-0.014835
9,60,-0.014877
63,73,-0.014890
4,29,-0.014921
15,50,-0.014995
5,43,-0.015026
6,44,-0.015084
31,57,-0.015135
20,63,-0.015270
36,55,-0.015306
50,65,-0.015310
24,66,-0.015324
39,63,-0.015345
5,62,-0.015351
42,52,-0.015365
25,31,-0.015368
32,44,-0.015397
23,69,-0.015441
14,54,-0.015458
12,72,-0.015465
20,65,-0.015571
4,32,-0.015653
49,67,-0.015677
46,72,-0.015677
30,75,-0.015735
11,49,-0.015765
10,47,-0.015783
22,67,-0.015792
40,67,-0.015797
29,48,-0.015856
37,43,-0.015946
14,71,-0.016042
1,27,-0.016124
4,14,-0.016197
37,59,-0.016291
35,73,-0.016300
2,53,-0.016345
4,55,-0.016355
42,47,-0.016356
28,57,-0.016364
50,68,-0.016372
3,40,-0.016392
2,70,-0.016449
32,62,-0.016472
58,74,-0.016505
57,76,-0.016525
12,50,-0.016548
32,39,-0.016549
2,66,-0.016606
34,71,-0.016651
21,63,-0.016700
21,56,-0.016771
23,57,-0.016785
13,22,-0.016801
26,64,-0.016803
20,73,-0.016835
20,66,-0.016870
3,49,-0.016892
42,73,-0.016918
5,68,-0.016975
38,73,-0.017123
12,75,-0.017168
56,62,-0.017176
10,61,-0.017243
6,31,-0.017253
33,46,-0.017285
31,55,-0.017303
12,76,-0.017312
16,41,-0.017319
11,55,-0.017433
20,69,-0.017435
9,24,-0.017471
53,72,-0.017566
5,59,-0.017574
22,54,-0.017652
4,30,-0.017687
48,73,-0.017768
6,73,-0.017771
36,73,-0.017821
11,54,-0.017829
38,58,-0.017865
28,38,-0.017882
19,76,-0.017883
35,44,-0.017930
2,42,-0.017968
6,12,-0.018033
8,69,-0.018044
5,47,-0.018116
12,67,-0.018142
15,26,-0.018170
8,45,-0.018190
33,61,-0.018242
4,35,-0.018243
30,74,-0.018303
9,75,-0.018400
24,58,-0.018431
8,19,-0.018509
35,75,-0.018537
54,76,-0.018577
47,75,-0.018593
21,24,-0.018599
27,74,-0.018632
20,33,-0.018702
50,63,-0.018742
7,32,-0.018747
44,63,-0.018772
55,62,-0.018786
28,73,-0.018793
27,71,-0.018836
26,41,-0.018851
9,69,-0.018951
46,57,-0.019008
15,54,-0.019049
42,64,-0.019058
31,75,-0.019080
36,72,-0.019097
29,55,-0.019202
54,63,-0.019252
50,59,-0.019301
4,33,-0.019319
4,67,-0.019321
19,72,-0.019505
3,19,-0.019592
4,56,-0.019612
1,42,-0.019623
26,48,-0.019682
3,16,-0.019693
38,44,-0.019710
18,71,-0.019730
12,37,-0.019743
10,45,-0.019768
13,50,-0.019777
10,29,-0.019820
8,47,-0.019876
27,44,-0.019878
33,60,-0.019882
24,53,-0.019904
18,74,-0.019914
10,60,-0.019938
16,33,-0.019953
9,65,-0.019957
12,31,-0.019999
13,53,-0.020043
50,76,-0.020231
32,59,-0.020249
1,37,-0.020281
9,67,-0.020289
32,72,-0.020316
24,61,-0.020328
4,41,-0.020386
24,36,-0.020400
19,68,-0.020408
36,61,-0.020465
5,49,-0.020513
7,54,-0.020517
23,52,-0.020533
31,76,-0.020543
1,32,-0.020570
6,53,-0.020577
1,28,-0.020602
34,41,-0.020617
25,46,-0.020625
23,65,-0.020710
15,62,-0.020774
9,57,-0.020775
6,47,-0.020778
20,54,-0.020813
32,49,-0.020819
8,52,-0.020839
27,65,-0.020851
9,41,-0.020874
66,68,-0.020919
11,37,-0.020986
51,69,-0.021085
49,64,-0.021101
1,54,-0.021111
25,40,-0.021155
5,30,-0.021285
33,51,-0.021350
43,66,-0.021360
24,76,-0.021433
69,76,-0.021440
54,68,-0.021482
17,65,-0.021529
12,45,-0.021534
48,53,-0.021555
25,30,-0.021572
13,52,-0.021583
3,54,-0.021608
29,46,-0.021633
34,43,-0.021686
5,60,-0.021741
4,54,-0.021840
10,21,-0.021923
12,42,-0.021989
25,53,-0.021991
26,66,-0.022011
10,63,-0.022121
40,75,-0.022272
18,30,-0.022274
1,31,-0.022294
20,44,-0.022315
4,53,-0.022321
19,65,-0.022322
37,60,-0.022508
30,65,-0.022567
1,65,-0.022617
38,55,-0.022781
9,42,-0.022789
40,64,-0.022814
2,56,-0.022831
34,47,-0.022883
25,55,-0.022883
7,58,-0.022938
2,48,-0.022944
16,58,-0.022945
3,52,-0.023036
14,66,-0.023047
18,49,-0.023061
23,47,-0.023078
2,75,-0.023089
34,46,-0.023116
46,59,-0.023197
23,60,-0.023294
19,33,-0.023380
19,39,-0.023426
9,71,-0.023594
12,44,-0.023657
23,56,-0.023772
9,46,-0.023804
8,41,-0.023808
1,74,-0.023824
52,63,-0.023859
8,54,-0.023897
1,53,-0.023923
13,74,-0.023981
27,47,-0.024013
66,72,-0.024034
19,24,-0.024085
53,76,-0.024101
11,52,-0.024205
7,37,-0.024225
38,60,-0.024257
8,22,-0.024303
9,22,-0.024323
22,46,-0.024339
6,38,-0.024383
15,65,-0.024408
28,45,-0.024531
39,48,-0.024578
5,27,-0.024660
37,56,-0.024707
44,62,-0.024723
50,57,-0.024753
10,42,-0.024811
28,44,-0.024837
1,72,-0.024838
3,56,-0.024860
24,69,-0.024954
4,36,-0.024958
17,63,-0.024994
36,63,-0.025012
14,58,-0.025014
33,40,-0.025057
1,61,-0.025085
5,17,-0.025133
48,59,-0.025142
5,58,-0.025144
13,58,-0.025168
52,75,-0.025280
44,71,-0.025285
17,52,-0.025305
54,75,-0.025305
18,54,-0.025359
3,37,-0.025379
10,28,-0.025403
48,68,-0.025433
2,72,-0.025470
1,36,-0.025478
1,49,-0.025517
36,58,-0.025520
4,43,-0.025522
9,70,-0.025546
24,45,-0.025624
21,59,-0.025676
1,50,-0.025677
43,64,-0.025768
29,37,-0.025845
2,32,-0.025876
1,66,-0.025899
4,46,-0.025909
16,46,-0.025963
7,55,-0.026018
32,56,-0.026035
1,57,-0.026144
54,58,-0.026257
8,55,-0.026270
18,47,-0.026291
9,55,-0.026338
2,60,-0.026370
8,27,-0.026373
19,61,-0.026395
4,31,-0.026428
21,31,-0.026476
24,31,-0.026525
23,28,-0.026531
27,41,-0.026581
28,42,-0.026590
43,68,-0.026819
19,64,-0.026863
20,62,-0.026893
32,43,-0.026948
38,61,-0.026964
25,51,-0.026986
53,62,-0.027047
45,50,-0.027071
29,49,-0.027089
58,72,-0.027095
25,44,-0.027095
42,61,-0.027138
29,60,-0.027157
3,58,-0.027183
12,43,-0.027247
40,61,-0.027291
34,73,-0.027317
8,38,-0.027381
18,66,-0.027404
50,67,-0.027416
6,22,-0.027422
12,33,-0.027561
18,19,-0.027603
12,71,-0.027638
4,57,-0.027732
14,52,-0.027761
22,30,-0.027792
46,76,-0.027803
37,50,-0.027915
23,53,-0.027920
7,23,-0.027930
20,70,-0.027942
15,41,-0.027986
24,62,-0.027997
16,54,-0.028011
25,28,-0.028022
72,76,-0.028024
6,36,-0.028030
14,46,-0.028087
29,39,-0.028128
18,62,-0.028215
8,39,-0.028233
39,56,-0.028255
1,63,-0.028269
24,47,-0.028271
53,69,-0.028319
10,40,-0.028372
30,33,-0.028377
53,67,-0.028382
37,72,-0.028463
21,73,-0.028487
30,60,-0.028503
56,75,-0.028576
13,18,-0.028579
10,18,-0.028590
11,68,-0.028663
41,75,-0.028668
11,71,-0.028671
44,56,-0.028691
51,74,-0.028722
46,71,-0.028774
11,70,-0.028783
7,57,-0.028806
14,74,-0.028873
37,57,-0.028931
12,40,-0.028935
18,55,-0.029012
13,72,-0.029021
5,71,-0.029098
41,55,-0.029223
16,60,-0.029225
13,56,-0.029251
8,44,-0.029282
41,62,-0.029325
29,76,-0.029348
37,70,-0.029363
33,56,-0.029388
2,16,-0.029388
55,74,-0.029414
7,35,-0.029451
47,64,-0.029464
1,41,-0.029502
14,48,-0.029510
12,64,-0.029510
37,64,-0.029519
36,67,-0.029532
21,32,-0.029556
12,65,-0.029569
29,74,-0.029570
51,75,-0.029592
19,42,-0.029688
1,52,-0.029728
4,50,-0.029761
15,58,-0.029790
15,39,-0.029803
37,49,-0.029808
20,46,-0.029833
47,66,-0.029879
3,61,-0.029901
32,64,-0.029906
28,75,-0.029947
11,43,-0.029954
17,73,-0.030021
22,44,-0.030039
11,65,-0.030047
6,58,-0.030094
5,73,-0.030132
21,76,-0.030134
26,46,-0.030187
16,68,-0.030253
2,41,-0.030363
38,72,-0.030406
11,53,-0.030529
7,67,-0.030633
11,25,-0.030674
54,72,-0.030684
31,48,-0.030686
25,41,-0.030721
22,27,-0.030731
3,34,-0.030737
57,72,-0.030764
4,70,-0.030765
23,51,-0.030805
18,39,-0.030820
30,42,-0.030846
7,34,-0.030856
15,55,-0.030935
35,55,-0.030953
4,64,-0.031028
54,70,-0.031081
7,29,-0.031083
2,49,-0.031095
28,62,-0.031114
6,63,-0.031172
39,64,-0.031174
32,63,-0.031333
17,43,-0.031361
18,28,-0.031474
21,70,-0.031518
29,57,-0.031529
16,24,-0.031533
19,34,-0.031536
1,47,-0.031556
3,74,-0.031569
9,68,-0.031578
15,76,-0.031588
47,54,-0.031635
29,56,-0.031696
3,46,-0.031707
8,29,-0.031741
52,68,-0.031867
13,17,-0.031877
23,36,-0.031882
46,60,-0.031915
43,62,-0.031944
2,28,-0.031980
38,54,-0.032014
27,50,-0.032078
2,47,-0.032100
15,67,-0.032146
4,69,-0.032160
9,53,-0.032221
28,37,-0.032274
33,42,-0.032279
53,65,-0.032298
35,54,-0.032361
10,76,-0.032367
34,39,-0.032421
65,76,-0.032485
49,62,-0.032555
32,66,-0.032572
40,74,-0.032598
11,60,-0.032661
13,24,-0.032666
10,36,-0.032679
6,40,-0.032733
16,29,-0.032760
22,65,-0.032826
8,64,-0.032917
8,76,-0.032973
7,14,-0.033024
45,69,-0.033180
14,34,-0.033185
2,51,-0.033215
7,42,-0.033227
60,64,-0.033238
7,21,-0.033424
13,35,-0.033429
23,43,-0.033522
14,29,-0.033539
13,49,-0.033610
9,17,-0.033659
33,41,-0.033718
63,72,-0.033991
3,14,-0.034033
8,43,-0.034142
14,28,-0.034192
26,43,-0.034221
8,16,-0.034229
11,64,-0.034231
10,32,-0.034236
8,12,-0.034278
27,57,-0.034284
3,64,-0.034311
1,55,-0.034329
45,75,-0.034400
34,57,-0.034522
2,52,-0.034536
68,69,-0.034566
4,52,-0.034739
1,75,-0.034767
7,53,-0.034768
17,47,-0.034942
43,63,-0.035015
5,40,-0.035020
5,14,-0.035063
26,29,-0.035117
52,57,-0.035170
44,72,-0.035179
24,52,-0.035206
19,51,-0.035236
12,36,-0.035252
2,40,-0.035271
18,38,-0.035300
6,66,-0.035334
20,43,-0.035359
33,44,-0.035416
26,70,-0.035466
6,49,-0.035523
34,54,-0.035529
9,56,-0.035550
25,76,-0.035656
18,59,-0.035691
54,59,-0.035697
3,32,-0.035713
13,62,-0.035784
24,54,-0.035841
8,37,-0.035885
11,47,-0.035936
17,51,-0.035991
51,59,-0.036016
31,73,-0.036022
32,48,-0.036026
24,70,-0.036091
20,75,-0.036095
26,53,-0.036189
49,72,-0.036204
27,63,-0.036265
7,51,-0.036310
3,43,-0.036327
17,55,-0.036334
15,60,-0.036389
6,13,-0.036443
27,73,-0.036482
36,52,-0.036569
32,69,-0.036677
45,51,-0.036682
6,37,-0.036684
34,69,-0.036693
1,73,-0.036835
27,60,-0.036856
46,75,-0.036907
24,46,-0.036972
11,59,-0.036972
24,75,-0.037009
21,69,-0.037052
16,45,-0.037060
66,73,-0.037083
8,63,-0.037148
3,21,-0.037185
34,44,-0.037266
47,58,-0.037274
30,51,-0.037276
24,28,-0.037311
36,69,-0.037372
18,42,-0.037387
47,71,-0.037554
28,35,-0.037624
2,44,-0.037646
40,54,-0.037717
1,29,-0.037734
55,67,-0.037738
14,41,-0.037740
32,40,-0.037752
26,38,-0.037943
63,74,-0.037948
5,50,-0.037952
13,40,-0.037955
30,66,-0.037993
26,60,-0.038032
15,35,-0.038035
12,34,-0.038126
1,23,-0.038133
32,61,-0.038198
45,65,-0.038217
67,70,-0.038240
29,41,-0.038564
23,49,-0.038684
30,43,-0.038686
20,59,-0.038798
11,41,-0.038877
28,74,-0.038931
5,42,-0.038942
14,73,-0.038953
20,31,-0.039092
16,59,-0.039127
31,45,-0.039171
35,40,-0.039197
36,56,-0.039235
11,40,-0.039302
22,37,-0.039322
3,12,-0.039357
22,70,-0.039367
22,28,-0.039462
17,53,-0.039531
3,23,-0.039534
4,37,-0.039534
3,65,-0.039697
34,76,-0.039701
12,54,-0.039800
12,39,-0.039861
20,41,-0.039914
44,67,-0.039991
20,68,-0.040006
25,60,-0.040008
30,53,-0.040019
33,59,-0.040042
57,70,-0.040065
39,59,-0.040092
3,71,-0.040106
15,38,-0.040116
11,42,-0.040127
39,76,-0.040140
10,75,-0.040164
3,36,-0.040291
9,39,-0.040335
52,61,-0.040341
17,29,-0.040409
7,44,-0.040551
27,43,-0.040631
1,51,-0.040647
7,65,-0.040749
15,52,-0.040776
9,23,-0.040809
14,76,-0.040897
28,61,-0.040989
25,66,-0.041139
41,48,-0.041148
39,72,-0.041159
25,69,-0.041234
39,62,-0.041290
19,67,-0.041378
51,71,-0.041397
42,63,-0.041398
23,40,-0.041400
35,61,-0.041445
38,56,-0.041506
35,51,-0.041604
24,48,-0.041643
20,23,-0.041674
5,34,-0.041698
55,64,-0.041813
26,62,-0.041849
14,51,-0.041892
25,65,-0.041944
4,72,-0.041959
18,61,-0.041959
22,36,-0.042035
25,56,-0.042089
8,30,-0.042137
56,76,-0.042252
55,71,-0.042270
45,57,-0.042312
27,42,-0.042343
9,52,-0.042422
2,55,-0.042453
44,68,-0.042522
9,62,-0.042571
14,31,-0.042576
40,65,-0.042630
65,68,-0.042644
59,76,-0.042648
4,38,-0.042741
12,66,-0.042828
1,76,-0.042840
25,62,-0.042922
30,67,-0.042988
10,64,-0.042996
6,55,-0.043048
43,65,-0.043125
27,48,-0.043143
41,63,-0.043188
6,14,-0.043210
48,71,-0.043261
15,70,-0.043365
8,58,-0.043526
19,44,-0.043543
18,57,-0.043612
3,39,-0.043618
8,68,-0.043692
16,26,-0.043693
12,60,-0.043747
13,51,-0.043828
5,51,-0.043900
7,45,-0.043998
31,61,-0.044027
35,50,-0.044030
4,48,-0.044066
13,34,-0.044082
37,52,-0.044150
11,24,-0.044207
2,59,-0.044214
34,36,-0.044215
17,71,-0.044262
10,34,-0.044270
8,21,-0.044270
10,53,-0.044364
1,70,-0.044371
29,72,-0.044626
14,59,-0.044676
25,74,-0.044733
20,47,-0.044781
6,75,-0.044820
31,69,-0.044874
6,35,-0.044909
46,74,-0.044972
9,21,-0.044972
16,57,-0.045030
13,33,-0.045072
9,51,-0.045116
35,58,-0.045162
18,35,-0.045521
24,55,-0.045541
16,43,-0.045683
1,60,-0.045840
67,72,-0.045952
19,31,-0.046021
5,76,-0.046076
35,57,-0.046116
35,76,-0.046155
13,57,-0.046173
9,47,-0.046224
1,46,-0.046333
21,60,-0.046385
45,61,-0.046425
22,55,-0.046451
39,46,-0.046565
54,73,-0.046605
8,74,-0.046607
5,39,-0.046645
45,62,-0.046678
19,21,-0.046692
35,67,-0.046700
38,57,-0.046703
1,58,-0.046706
56,64,-0.046782
9,33,-0.046861
4,28,-0.046973
1,40,-0.047021
38,66,-0.047091
48,64,-0.047181
48,60,-0.047214
7,27,-0.047227
27,53,-0.047269
11,58,-0.047380
51,72,-0.047576
21,53,-0.047676
15,61,-0.047762
12,52,-0.047798
51,65,-0.047816
31,68,-0.047887
44,74,-0.047922
7,33,-0.047948
4,65,-0.047950
14,72,-0.047967
15,27,-0.048369
11,45,-0.048490
17,69,-0.048540
38,71,-0.048544
5,21,-0.048551
31,63,-0.048627
25,59,-0.048807
3,51,-0.048854
1,69,-0.048868
14,44,-0.048893
50,75,-0.048961
3,44,-0.048984
4,39,-0.049048
35,42,-0.049090
2,23,-0.049115
9,45,-0.049209
55,73,-0.049244
6,60,-0.049295
28,58,-0.049372
20,72,-0.049383
11,74,-0.049531
16,61,-0.049557
43,52,-0.049597
46,68,-0.049628
22,56,-0.049631
18,65,-0.049664
29,33,-0.049691
47,72,-0.049863
9,50,-0.049944
47,76,-0.049946
54,57,-0.050035
13,64,-0.050039
21,36,-0.050108
31,72,-0.050120
53,68,-0.050164
10,37,-0.050183
8,42,-0.050272
14,69,-0.050294
16,69,-0.050314
17,54,-0.050317
15,49,-0.050448
3,27,-0.050509
2,50,-0.050510
39,65,-0.050690
18,69,-0.050691
33,53,-0.050729
1,56,-0.050767
12,25,-0.050822
9,73,-0.050827
26,65,-0.050900
17,60,-0.051023
9,49,-0.051080
14,37,-0.051121
25,47,-0.051131
38,67,-0.051311
2,73,-0.051311
17,26,-0.051341
6,21,-0.051342
6,27,-0.051402
7,41,-0.051601
2,27,-0.051698
7,43,-0.051789
6,65,-0.051884
27,36,-0.051987
16,36,-0.052003
14,64,-0.052086
41,54,-0.052109
22,47,-0.052159
15,31,-0.052237
12,51,-0.052256
22,57,-0.052339
31,71,-0.052411
50,70,-0.052422
4,60,-0.052462
10,33,-0.052581
39,71,-0.052592
7,68,-0.052725
11,57,-0.052831
14,49,-0.052886
16,66,-0.052935
4,15,-0.052954
17,70,-0.052996
11,17,-0.053027
49,73,-0.053049
1,59,-0.053053
21,55,-0.053209
60,68,-0.053224
7,17,-0.053230
56,67,-0.053392
64,75,-0.053395
12,29,-0.053522
18,26,-0.053578
37,66,-0.053744
32,54,-0.053780
2,37,-0.053868
50,62,-0.054018
12,26,-0.054045
18,67,-0.054131
30,64,-0.054159
39,60,-0.054173
27,70,-0.054178
19,27,-0.054237
26,51,-0.054276
7,40,-0.054383
17,41,-0.054411
8,25,-0.054499
7,73,-0.054547
21,61,-0.054565
33,49,-0.054726
16,42,-0.054730
12,49,-0.054730
5,36,-0.054833
20,45,-0.054896
5,23,-0.054899
8,73,-0.054925
51,68,-0.054940
20,74,-0.055123
11,44,-0.055390
3,25,-0.055545
23,35,-0.055576
3,35,-0.055597
11,33,-0.055603
14,56,-0.055665
14,57,-0.055710
27,55,-0.055726
41,68,-0.055791
17,66,-0.055891
10,24,-0.055955
34,60,-0.055984
10,68,-0.056054
10,22,-0.056076
33,39,-0.056144
25,73,-0.056221
27,72,-0.056234
10,48,-0.056470
14,36,-0.056626
13,21,-0.056904
14,50,-0.056963
15,22,-0.057026
10,17,-0.057113
5,37,-0.057169
9,66,-0.057189
35,71,-0.057217
6,62,-0.057220
8,23,-0.057484
9,44,-0.057511
31,67,-0.057785
27,59,-0.057858
26,69,-0.057902
5,72,-0.058156
24,65,-0.058435
5,46,-0.058465
20,64,-0.058483
2,54,-0.058550
12,27,-0.058586
50,60,-0.058705
17,49,-0.058739
47,74,-0.058750
39,75,-0.058758
9,37,-0.058944
12,46,-0.058990
54,61,-0.059368
5,32,-0.059369
6,56,-0.059433
36,59,-0.059455
16,62,-0.059481
7,25,-0.059510
23,59,-0.059547
43,58,-0.059576
15,45,-0.059664
31,64,-0.059850
42,48,-0.060347
43,60,-0.060469
16,53,-0.060584
12,48,-0.060810
25,48,-0.060972
7,24,-0.061086
18,29,-0.061146
23,70,-0.061235
3,26,-0.061338
18,46,-0.061518
15,23,-0.061732
11,61,-0.061948
22,66,-0.061986
5,61,-0.062063
9,74,-0.062083
33,47,-0.062093
26,73,-0.062173
48,67,-0.062236
56,68,-0.062273
40,71,-0.062768
49,76,-0.062923
19,54,-0.062938
25,72,-0.062943
33,70,-0.062985
2,76,-0.063147
4,71,-0.063172
26,44,-0.063185
22,74,-0.063323
3,38,-0.063466
12,62,-0.063528
6,72,-0.063574
10,66,-0.063618
34,64,-0.063629
27,69,-0.063738
56,74,-0.063790
18,60,-0.063859
34,62,-0.064067
16,40,-0.064391
20,32,-0.064858
15,36,-0.064998
12,59,-0.065010
15,25,-0.065137
23,75,-0.065382
8,33,-0.065449
16,71,-0.065457
36,68,-0.065636
24,59,-0.065824
35,74,-0.065923
45,64,-0.066572
45,59,-0.066642
11,50,-0.066848
34,58,-0.066928
4,59,-0.066957
19,37,-0.066974
9,48,-0.067064
5,44,-0.067643
26,52,-0.067696
18,56,-0.067776
7,47,-0.067942
6,67,-0.068038
20,50,-0.068077
13,68,-0.068188
9,25,-0.068275
31,62,-0.068576
16,56,-0.069198
26,35,-0.069270
53,73,-0.069322
3,41,-0.069356
9,36,-0.069480
29,50,-0.069586
24,44,-0.069592
9,27,-0.069669
38,59,-0.069911
35,59,-0.070036
46,64,-0.070209
18,70,-0.070242
10,41,-0.070259
19,45,-0.070284
28,76,-0.070450
39,74,-0.070455
22,43,-0.070580
30,45,-0.070663
16,48,-0.070901
4,61,-0.070914
8,61,-0.071245
21,65,-0.071288
38,65,-0.071387
34,63,-0.071693
25,64,-0.071701
7,52,-0.071720
11,38,-0.071730
6,19,-0.071813
40,62,-0.071855
13,27,-0.071934
6,29,-0.071998
8,50,-0.072057
29,68,-0.072387
34,52,-0.072680
32,38,-0.072761
15,59,-0.073052
18,41,-0.073091
4,34,-0.073165
32,68,-0.073171
37,69,-0.073208
17,31,-0.073289
36,53,-0.073558
8,17,-0.073764
17,58,-0.073841
15,44,-0.074004
14,70,-0.074560
49,68,-0.074929
33,55,-0.075003
43,48,-0.075218
4,74,-0.075308
17,67,-0.075321
3,73,-0.075515
5,70,-0.075654
2,61,-0.075690
30,46,-0.075730
20,34,-0.076013
9,59,-0.076057
22,48,-0.076330
47,68,-0.076384
10,51,-0.076507
21,28,-0.076644
23,58,-0.076740
14,38,-0.077076
17,28,-0.077078
7,39,-0.077136
6,74,-0.077160
30,35,-0.077193
19,41,-0.077204
63,68,-0.077217
15,57,-0.077627
40,68,-0.077947
17,37,-0.078032
30,68,-0.078535
25,58,-0.078850
33,71,-0.079243
16,75,-0.079686
52,74,-0.080030
16,72,-0.080283
12,53,-0.081032
5,18,-0.081103
37,71,-0.081267
12,73,-0.081965
9,61,-0.082088
21,64,-0.082243
19,38,-0.082419
38,74,-0.082647
4,75,-0.082862
33,65,-0.083101
35,66,-0.083894
11,34,-0.084225
17,32,-0.084268
9,64,-0.084307
28,33,-0.084405
50,71,-0.084677
6,42,-0.084865
33,67,-0.085056
26,47,-0.085366
15,74,-0.085825
21,62,-0.085999
7,64,-0.086062
62,75,-0.086087
17,42,-0.086246
35,43,-0.086361
21,35,-0.086479
18,75,-0.087398
12,24,-0.087421
12,58,-0.087850
17,46,-0.088037
42,68,-0.088206
33,63,-0.088309
16,70,-0.088491
35,45,-0.088559
17,56,-0.088657
29,45,-0.089205
33,66,-0.090129
22,50,-0.090130
4,22,-0.090199
18,31,-0.090273
24,74,-0.090967
45,70,-0.092206
28,68,-0.092718
22,59,-0.093376
42,74,-0.095033
4,26,-0.095368
37,75,-0.096037
19,48,-0.096593
39,68,-0.098348
10,50,-0.098898
24,71,-0.100163
55,68,-0.100199
33,69,-0.100219
11,73,-0.103684
25,70,-0.105896
18,53,-0.110767
4,42,-0.112684
30,62,-0.113267
34,70,-0.114307
45,73,-0.119807
