31,83,0.305513
31,85,0.269921
12,14,0.254297
10,12,0.250053
53,54,0.236912
86,87,0.232704
22,59,0.230898
52,58,0.221257
30,54,0.214381
44,46,0.204593
79,81,0.198163
75,77,0.184010
61,63,0.177767
36,82,0.171610
21,52,0.170507
81,89,0.169691
11,12,0.166865
78,79,0.166663
53,56,0.163948
33,52,0.160233
12,18,0.157966
34,49,0.155080
10,18,0.153809
10,13,0.153490
35,81,0.152692
12,13,0.152345
56,61,0.152124
19,77,0.151586
47,48,0.151165
83,84,0.149080
16,17,0.142211
10,11,0.141767
15,16,0.140772
24,86,0.140767
14,15,0.139941
83,87,0.139355
15,18,0.139264
39,40,0.138141
87,88,0.137441
3,4,0.137219
55,56,0.134830
23,25,0.134341
17,18,0.133578
36,80,0.133552
52,53,0.133044
9,14,0.132443
57,59,0.132227
81,87,0.131932
34,82,0.131602
69,70,0.131183
32,84,0.130973
85,87,0.129993
13,15,0.129916
23,58,0.129069
32,49,0.128405
20,21,0.128047
46,60,0.128034
61,65,0.126721
86,89,0.126432
48,50,0.125404
2,3,0.124340
8,17,0.124298
29,47,0.124113
5,6,0.123419
14,17,0.122737
64,65,0.122723
7,8,0.122162
77,79,0.121557
11,13,0.121464
25,54,0.121286
9,12,0.119321
28,52,0.119309
9,11,0.119226
46,48,0.118666
84,85,0.118665
59,61,0.118651
12,16,0.118639
13,14,0.118520
25,56,0.118363
5,17,0.117307
10,16,0.117008
85,86,0.116124
50,60,0.116053
11,16,0.115891
52,56,0.114898
39,77,0.114311
36,38,0.114184
11,15,0.113719
39,47,0.113602
12,15,0.113586
33,81,0.113004
74,75,0.112501
6,11,0.112395
28,55,0.112015
6,12,0.111969
63,64,0.111847
70,71,0.111554
31,52,0.111460
2,4,0.111356
65,77,0.111244
91,92,0.111129
14,18,0.110394
2,91,0.109792
6,7,0.108883
10,17,0.108070
31,33,0.107817
8,18,0.107666
21,25,0.107607
32,64,0.107315
4,5,0.107056
46,47,0.106086
7,12,0.105881
72,74,0.105433
65,87,0.105249
9,10,0.105117
26,53,0.103998
8,9,0.103995
59,83,0.103855
72,73,0.103735
57,78,0.103541
65,66,0.103144
30,51,0.103061
25,38,0.102974
60,82,0.102959
43,44,0.102703
23,59,0.102249
33,50,0.102224
77,78,0.102196
25,85,0.101673
14,16,0.101540
30,53,0.101457
8,14,0.101318
86,88,0.100329
9,25,0.100090
4,8,0.100033
30,52,0.099818
13,17,0.099652
32,51,0.099573
80,82,0.099347
35,40,0.099218
7,10,0.098912
31,49,0.098884
10,15,0.098679
76,90,0.098415
4,6,0.098332
81,92,0.098255
44,66,0.097776
45,64,0.097637
16,18,0.097460
42,62,0.097074
34,52,0.097044
9,17,0.096647
5,7,0.096566
72,75,0.096499
85,89,0.096258
66,67,0.096237
19,38,0.095416
79,85,0.095229
26,61,0.095008
23,33,0.094982
20,34,0.094980
19,63,0.094548
84,87,0.094313
35,62,0.094198
76,77,0.094178
73,74,0.094075
20,31,0.094027
45,47,0.093704
8,16,0.093511
21,37,0.093230
37,41,0.093085
38,44,0.093035
68,69,0.092944
3,6,0.092465
47,49,0.092424
3,8,0.092355
25,88,0.092072
22,55,0.092034
8,15,0.091908
25,31,0.091029
50,53,0.090700
2,92,0.090510
17,24,0.090431
67,68,0.090138
10,14,0.089997
33,74,0.089800
25,26,0.089665
75,76,0.089658
67,69,0.089339
7,17,0.089334
53,62,0.089240
7,18,0.089181
83,85,0.089109
12,17,0.089077
15,17,0.088413
21,35,0.088274
26,43,0.087639
36,39,0.087185
3,69,0.086958
44,81,0.086865
14,21,0.086720
64,76,0.086231
61,62,0.086226
27,48,0.086170
73,77,0.085861
88,90,0.085816
11,17,0.085548
45,46,0.085226
7,16,0.085078
39,78,0.084710
25,35,0.084618
39,42,0.084506
21,77,0.084480
56,82,0.084313
22,75,0.083890
21,44,0.083339
24,57,0.083081
7,14,0.083052
7,15,0.082608
3,91,0.082483
6,62,0.082421
61,66,0.082308
37,79,0.082250
30,45,0.082230
45,55,0.082187
21,88,0.082050
3,92,0.081874
68,92,0.081490
65,72,0.081120
22,28,0.080883
62,64,0.080783
22,25,0.080483
2,69,0.080473
85,90,0.080360
61,78,0.080193
4,71,0.080135
28,60,0.080019
6,18,0.079777
59,76,0.079584
87,89,0.079479
77,90,0.079452
30,63,0.079122
22,24,0.078748
37,66,0.078409
36,49,0.078268
24,56,0.078004
8,10,0.077766
23,88,0.077734
33,53,0.076775
73,80,0.076559
13,27,0.076514
32,56,0.076418
48,81,0.076140
19,21,0.076118
23,81,0.075738
26,62,0.075730
31,84,0.075539
7,52,0.075380
82,88,0.075299
74,85,0.075199
35,60,0.075050
6,13,0.074997
14,57,0.074982
5,9,0.074735
5,14,0.074627
43,48,0.074622
8,27,0.074576
41,65,0.074347
20,61,0.074321
47,63,0.074117
62,68,0.074074
6,9,0.074031
7,70,0.073871
23,89,0.073762
19,37,0.073621
8,55,0.073619
25,80,0.073570
43,54,0.073558
38,39,0.073454
63,73,0.073411
21,26,0.073394
2,8,0.073128
6,92,0.073109
36,41,0.073108
74,76,0.072924
50,67,0.072784
20,55,0.072750
4,69,0.072563
34,43,0.072433
25,90,0.072420
5,10,0.072360
89,90,0.072336
41,56,0.072269
4,91,0.072153
5,16,0.072003
8,35,0.071989
55,57,0.071774
24,50,0.071684
6,15,0.071464
41,90,0.071323
40,56,0.071292
19,20,0.071267
11,57,0.071017
9,15,0.070967
5,15,0.070663
7,13,0.070340
35,43,0.070236
58,61,0.070025
42,57,0.069985
42,72,0.069658
51,78,0.069642
28,54,0.069403
79,91,0.069246
2,10,0.069213
17,54,0.068785
47,68,0.068716
6,69,0.068553
45,60,0.068458
58,60,0.068216
37,47,0.068135
2,18,0.067731
3,70,0.067721
29,36,0.067625
26,54,0.067539
44,48,0.067533
20,58,0.067479
25,52,0.067423
88,89,0.067395
21,22,0.067354
26,74,0.067332
34,55,0.067321
11,18,0.067292
84,88,0.067059
18,35,0.066977
6,8,0.066754
38,57,0.066672
40,76,0.066605
70,91,0.066595
8,11,0.066345
90,92,0.066242
23,30,0.066209
82,83,0.065923
29,79,0.065899
28,29,0.065794
74,78,0.065747
73,89,0.065738
75,81,0.065582
26,57,0.065427
38,43,0.065292
42,47,0.065261
71,92,0.065236
51,58,0.065154
37,76,0.065022
7,11,0.064944
83,88,0.064747
20,63,0.064549
33,34,0.064519
22,62,0.064495
56,58,0.064461
8,71,0.064432
4,7,0.064369
36,87,0.064247
24,32,0.064231
86,90,0.064171
28,46,0.064101
25,32,0.064062
58,63,0.064040
47,81,0.063886
41,60,0.063702
38,61,0.063634
54,58,0.063609
33,56,0.063459
50,73,0.063138
2,71,0.063104
76,84,0.063080
63,86,0.062931
29,37,0.062822
34,50,0.062741
27,28,0.062423
3,71,0.062406
77,80,0.062079
35,53,0.061985
13,42,0.061907
30,34,0.061824
87,90,0.061536
21,91,0.061503
7,71,0.061501
59,75,0.061443
46,49,0.061440
4,10,0.061392
21,62,0.061272
23,77,0.061215
9,18,0.061174
46,58,0.061123
25,34,0.060882
66,68,0.060773
24,26,0.060766
13,19,0.060756
33,51,0.060633
90,91,0.060627
22,26,0.060450
53,88,0.060264
75,92,0.060248
4,12,0.060240
40,43,0.060239
49,80,0.060212
79,83,0.060163
3,7,0.060150
14,72,0.060064
13,18,0.059912
5,18,0.059796
9,90,0.059404
68,70,0.059370
37,56,0.058559
62,89,0.058557
4,92,0.058476
13,16,0.058265
63,68,0.058199
31,88,0.058133
2,6,0.058083
69,92,0.057983
38,41,0.057893
38,80,0.057842
74,80,0.057836
38,78,0.057759
16,81,0.057730
43,89,0.057638
32,82,0.057631
11,41,0.057332
40,41,0.057236
7,9,0.057235
48,54,0.057186
49,67,0.057186
8,13,0.057097
24,27,0.057034
77,85,0.056977
34,84,0.056847
10,27,0.056775
4,26,0.056652
30,61,0.056641
28,32,0.056597
43,45,0.056402
67,70,0.056340
4,18,0.056308
34,60,0.056278
38,77,0.056185
9,13,0.056161
79,89,0.056126
25,45,0.056098
27,34,0.056018
78,82,0.055951
32,60,0.055951
41,46,0.055925
25,43,0.055852
30,32,0.055649
80,89,0.055616
27,44,0.055609
78,80,0.055573
5,61,0.055525
44,45,0.055521
20,45,0.055265
58,59,0.055223
34,47,0.055166
56,77,0.055133
67,92,0.055036
18,38,0.054983
79,84,0.054725
78,87,0.054677
23,35,0.054613
33,86,0.054597
40,83,0.054493
23,85,0.054450
37,63,0.054297
27,42,0.054120
80,81,0.054047
24,88,0.053981
23,24,0.053974
50,82,0.053930
73,76,0.053839
35,72,0.053791
24,25,0.053664
16,71,0.053503
26,89,0.053398
49,50,0.053167
38,40,0.053106
22,42,0.052979
26,76,0.052905
76,88,0.052873
23,87,0.052810
7,69,0.052792
23,43,0.052738
71,90,0.052733
11,91,0.052683
27,72,0.052646
21,66,0.052612
41,43,0.052567
30,31,0.052399
3,21,0.052388
26,28,0.052283
24,42,0.052254
51,77,0.052223
41,55,0.052081
25,61,0.052021
37,89,0.051983
76,92,0.051685
29,82,0.051678
30,39,0.051585
58,84,0.051499
42,43,0.051483
6,71,0.051388
56,87,0.051367
49,62,0.051343
13,70,0.051202
71,79,0.051019
2,70,0.050948
18,69,0.050860
49,52,0.050844
50,84,0.050682
64,68,0.050602
7,35,0.050547
25,49,0.050537
9,58,0.050358
76,80,0.050272
32,48,0.050268
24,60,0.050256
19,82,0.050236
6,91,0.050163
50,74,0.050107
40,86,0.050012
19,24,0.049876
35,39,0.049758
14,40,0.049696
33,35,0.049644
6,36,0.049453
13,92,0.049409
23,80,0.049383
3,18,0.049381
85,88,0.049324
14,22,0.049296
71,74,0.049227
23,50,0.049192
19,46,0.049173
45,48,0.048959
27,31,0.048853
51,73,0.048850
20,65,0.048817
36,50,0.048675
36,88,0.048665
53,78,0.048639
51,75,0.048502
40,45,0.048447
81,83,0.048445
63,79,0.048397
6,70,0.048295
3,10,0.048146
58,90,0.048111
37,71,0.048088
41,75,0.047897
41,76,0.047853
26,33,0.047803
36,47,0.047601
55,89,0.047499
59,89,0.047394
37,44,0.047370
34,37,0.047344
29,84,0.047265
44,59,0.047220
8,82,0.047190
54,72,0.047185
33,72,0.047129
32,53,0.047127
22,76,0.047069
9,33,0.047042
49,66,0.046875
49,51,0.046799
2,7,0.046663
60,80,0.046563
54,59,0.046520
8,70,0.046385
17,77,0.046359
4,70,0.046358
24,83,0.046324
45,77,0.046243
57,79,0.046229
23,52,0.046162
20,22,0.046087
63,72,0.046076
22,57,0.046071
59,73,0.045995
63,78,0.045988
40,52,0.045968
25,55,0.045905
4,11,0.045884
49,53,0.045873
62,80,0.045863
31,57,0.045807
54,86,0.045709
18,32,0.045661
32,81,0.045638
17,65,0.045612
52,54,0.045538
31,41,0.045522
60,66,0.045463
53,65,0.045286
51,63,0.045085
28,49,0.045073
19,72,0.045046
36,81,0.044933
49,73,0.044923
3,15,0.044788
65,74,0.044605
42,44,0.044580
41,66,0.044535
55,59,0.044533
45,73,0.044482
69,91,0.044454
16,69,0.044428
56,63,0.044155
69,71,0.044032
5,13,0.043960
4,16,0.043919
21,33,0.043879
41,85,0.043710
45,49,0.043674
2,74,0.043661
25,33,0.043605
38,76,0.043487
35,41,0.043382
29,51,0.043364
4,13,0.043323
29,53,0.043306
53,64,0.043219
4,15,0.043194
62,66,0.043187
11,14,0.043146
12,66,0.043141
34,79,0.043105
24,34,0.043081
31,44,0.043077
20,50,0.043070
39,41,0.042945
71,81,0.042888
30,41,0.042861
59,74,0.042857
20,56,0.042791
31,66,0.042711
64,73,0.042627
16,55,0.042538
4,68,0.042485
2,34,0.042441
35,92,0.042414
27,53,0.042399
89,91,0.042346
18,91,0.042197
17,27,0.042102
37,48,0.042096
12,23,0.042073
54,56,0.042058
19,66,0.042008
45,63,0.041970
58,65,0.041957
31,36,0.041928
56,59,0.041731
39,68,0.041690
20,66,0.041635
15,69,0.041547
14,25,0.041534
40,44,0.041508
71,86,0.041487
46,55,0.041377
61,64,0.041346
22,77,0.041306
23,48,0.041197
43,74,0.041118
56,57,0.041103
44,87,0.041071
69,72,0.041042
45,53,0.041012
65,84,0.041005
55,71,0.040953
38,89,0.040916
73,83,0.040886
26,37,0.040850
14,27,0.040844
35,50,0.040826
40,58,0.040816
9,42,0.040813
3,62,0.040793
75,85,0.040719
38,84,0.040699
75,79,0.040678
6,17,0.040607
28,85,0.040593
41,53,0.040586
6,16,0.040536
63,66,0.040515
3,16,0.040497
41,42,0.040472
19,61,0.040435
20,37,0.040428
65,68,0.040423
86,91,0.040393
46,64,0.040372
32,59,0.040293
13,67,0.040215
51,66,0.040211
57,91,0.040206
5,8,0.040077
46,56,0.039991
27,86,0.039971
10,71,0.039948
25,53,0.039934
63,65,0.039927
66,70,0.039905
89,92,0.039766
5,26,0.039751
11,19,0.039740
73,88,0.039714
64,86,0.039703
67,81,0.039670
41,48,0.039602
31,58,0.039502
9,53,0.039403
26,41,0.039389
23,32,0.039284
58,64,0.039276
25,30,0.039226
39,87,0.039213
38,62,0.039201
74,92,0.039193
6,50,0.039024
48,64,0.038985
71,77,0.038958
24,77,0.038952
25,57,0.038878
15,70,0.038838
64,84,0.038837
78,83,0.038533
40,78,0.038531
87,91,0.038502
60,61,0.038502
45,54,0.038433
28,86,0.038425
5,68,0.038386
24,51,0.038381
32,47,0.038346
56,79,0.038290
45,88,0.038143
27,50,0.038048
26,88,0.037967
20,52,0.037930
20,57,0.037762
19,57,0.037689
28,40,0.037677
15,91,0.037644
64,82,0.037629
29,57,0.037539
7,67,0.037496
28,30,0.037437
73,78,0.037363
79,92,0.037281
50,90,0.037114
29,64,0.037112
33,69,0.037078
23,60,0.036967
25,81,0.036950
20,79,0.036925
37,43,0.036754
19,56,0.036738
33,89,0.036654
25,41,0.036619
36,58,0.036609
66,83,0.036595
50,63,0.036546
29,38,0.036522
72,84,0.036505
77,81,0.036486
39,43,0.036478
67,82,0.036454
7,68,0.036218
25,84,0.036198
15,20,0.036193
2,75,0.036187
2,23,0.036172
24,74,0.036169
3,67,0.036158
4,67,0.036071
2,33,0.036029
2,16,0.036017
13,39,0.036011
3,34,0.035755
13,36,0.035742
22,37,0.035710
65,73,0.035690
26,52,0.035668
35,59,0.035535
50,78,0.035492
11,27,0.035433
6,10,0.035387
59,63,0.035365
10,69,0.035352
20,40,0.035317
13,62,0.035262
15,19,0.035244
48,83,0.035231
45,75,0.035112
22,87,0.035015
25,51,0.034991
58,88,0.034982
34,40,0.034980
70,92,0.034957
8,12,0.034923
46,76,0.034922
81,90,0.034890
44,79,0.034777
28,58,0.034739
36,44,0.034637
33,47,0.034626
18,27,0.034526
43,57,0.034508
18,84,0.034359
41,44,0.034254
40,82,0.034168
26,59,0.034142
48,84,0.034082
38,45,0.034071
82,87,0.034064
63,90,0.033961
22,88,0.033954
69,79,0.033893
23,72,0.033877
43,50,0.033876
2,67,0.033817
19,58,0.033773
51,74,0.033752
66,78,0.033728
14,20,0.033713
16,70,0.033693
27,49,0.033512
37,62,0.033468
40,51,0.033467
38,72,0.033422
12,91,0.033264
55,72,0.033230
31,39,0.033212
42,59,0.033126
71,91,0.033050
48,80,0.032937
15,71,0.032928
46,88,0.032848
27,30,0.032842
84,86,0.032841
56,90,0.032809
36,61,0.032787
47,92,0.032777
9,31,0.032662
22,45,0.032604
31,42,0.032526
30,43,0.032520
19,74,0.032492
69,84,0.032488
49,83,0.032472
45,50,0.032469
5,71,0.032421
1,25,0.032333
20,76,0.032246
22,89,0.032218
32,43,0.032196
15,60,0.032129
3,5,0.032111
52,90,0.031985
52,83,0.031802
57,63,0.031798
38,47,0.031795
21,23,0.031760
51,85,0.031688
41,51,0.031476
4,38,0.031466
44,90,0.031403
24,53,0.031396
5,69,0.031392
82,89,0.031390
20,24,0.031301
37,65,0.031176
2,62,0.031110
11,92,0.031101
80,86,0.031012
41,87,0.031002
12,77,0.030948
49,64,0.030874
36,43,0.030864
19,90,0.030791
11,83,0.030757
32,46,0.030713
15,35,0.030652
12,54,0.030606
32,44,0.030556
3,26,0.030543
47,65,0.030470
51,79,0.030350
54,64,0.030321
15,92,0.030315
30,38,0.030310
48,76,0.030292
15,55,0.030235
37,91,0.030200
17,37,0.030191
39,83,0.030141
42,92,0.029980
10,92,0.029978
26,55,0.029870
71,72,0.029830
30,46,0.029732
33,39,0.029690
18,54,0.029640
34,90,0.029582
19,75,0.029558
24,73,0.029554
20,81,0.029499
31,59,0.029443
81,82,0.029324
21,79,0.029288
16,32,0.029277
62,79,0.029222
69,81,0.029210
10,62,0.029172
44,52,0.029158
68,76,0.029121
70,79,0.029041
24,64,0.029008
32,61,0.029007
76,78,0.028929
46,80,0.028909
17,29,0.028898
75,89,0.028832
76,85,0.028737
48,62,0.028733
42,46,0.028689
14,19,0.028555
21,29,0.028515
68,80,0.028496
60,70,0.028456
48,58,0.028389
13,75,0.028358
45,74,0.028312
28,76,0.028231
10,23,0.028176
54,82,0.028112
38,48,0.028111
15,52,0.028085
42,69,0.028067
10,68,0.028021
39,58,0.027975
28,50,0.027963
80,85,0.027931
19,68,0.027837
14,76,0.027829
27,29,0.027789
33,85,0.027769
5,27,0.027756
5,88,0.027725
41,58,0.027681
28,47,0.027664
30,50,0.027586
56,89,0.027553
16,22,0.027435
24,72,0.027399
46,73,0.027315
34,48,0.027223
24,61,0.027153
46,53,0.026918
4,28,0.026907
37,46,0.026864
42,82,0.026858
36,40,0.026828
31,51,0.026827
48,59,0.026688
3,87,0.026673
57,76,0.026625
18,72,0.026611
6,27,0.026462
24,48,0.026419
50,88,0.026417
11,69,0.026412
28,39,0.026395
45,58,0.026375
56,78,0.026363
21,67,0.026326
27,75,0.026294
51,82,0.026286
25,58,0.026268
34,44,0.026240
13,63,0.026239
29,32,0.026183
18,71,0.026183
19,36,0.026036
3,79,0.026026
43,77,0.025996
57,60,0.025986
11,21,0.025915
2,12,0.025896
29,40,0.025882
18,42,0.025867
60,65,0.025838
11,42,0.025797
29,75,0.025782
28,37,0.025731
39,44,0.025704
14,70,0.025704
22,29,0.025688
34,64,0.025675
18,70,0.025663
80,88,0.025559
63,80,0.025386
16,34,0.025275
44,84,0.025235
6,42,0.025222
10,91,0.025186
68,78,0.025172
33,83,0.025148
44,82,0.025143
83,86,0.025113
43,80,0.025083
27,35,0.025048
73,75,0.024845
40,47,0.024808
54,78,0.024767
74,77,0.024748
38,81,0.024659
51,88,0.024634
17,41,0.024617
27,39,0.024569
29,54,0.024532
33,67,0.024521
30,89,0.024467
21,53,0.024389
70,89,0.024365
43,59,0.024355
78,89,0.024250
43,61,0.024242
19,26,0.024192
55,62,0.024170
15,23,0.024151
35,67,0.024048
56,73,0.023976
37,85,0.023969
4,66,0.023958
36,51,0.023934
8,69,0.023847
62,74,0.023820
45,65,0.023793
28,72,0.023690
70,76,0.023677
44,47,0.023667
16,20,0.023656
76,83,0.023565
21,90,0.023554
61,74,0.023531
25,48,0.023467
47,50,0.023429
23,62,0.023419
65,82,0.023372
32,86,0.023349
40,57,0.023313
57,61,0.023301
28,65,0.023233
36,71,0.023226
66,91,0.023196
39,86,0.023181
16,91,0.023153
12,71,0.023132
39,65,0.023126
48,51,0.023080
36,42,0.023075
19,88,0.023000
78,84,0.022993
43,81,0.022737
33,87,0.022704
31,87,0.022702
43,47,0.022676
30,40,0.022638
60,86,0.022603
8,30,0.022588
44,67,0.022582
19,60,0.022544
19,33,0.022436
5,91,0.022374
21,40,0.022364
2,86,0.022349
7,91,0.022287
43,58,0.022244
31,78,0.022239
29,80,0.022206
24,84,0.022140
2,79,0.022100
72,92,0.022068
65,89,0.022038
27,33,0.021971
25,37,0.021914
17,42,0.021897
16,83,0.021877
34,59,0.021866
21,64,0.021794
22,48,0.021759
29,30,0.021746
60,87,0.021653
1,9,0.021641
44,86,0.021591
35,45,0.021563
8,40,0.021440
41,80,0.021409
26,65,0.021405
46,61,0.021349
9,75,0.021347
39,51,0.021313
37,57,0.021271
1,83,0.021270
84,92,0.021226
32,42,0.021189
29,41,0.021176
11,62,0.021118
38,83,0.021111
26,90,0.021095
5,35,0.021067
53,79,0.021038
55,66,0.021003
66,79,0.020894
6,55,0.020879
28,81,0.020856
70,84,0.020818
26,73,0.020811
31,63,0.020801
12,57,0.020620
18,62,0.020610
6,32,0.020577
7,42,0.020563
48,85,0.020544
54,67,0.020539
2,15,0.020523
22,41,0.020477
81,84,0.020344
22,47,0.020332
45,66,0.020328
29,44,0.020305
2,84,0.020267
51,52,0.020247
6,23,0.020155
16,74,0.020057
28,45,0.020054
7,47,0.020053
62,91,0.020043
19,28,0.020035
7,49,0.020013
23,49,0.020006
20,75,0.019949
12,32,0.019897
3,60,0.019776
1,81,0.019732
34,91,0.019719
71,73,0.019662
34,87,0.019630
35,75,0.019561
53,73,0.019495
56,64,0.019456
67,91,0.019408
6,29,0.019398
38,51,0.019386
63,84,0.019360
29,49,0.019342
10,82,0.019340
7,39,0.019330
17,28,0.019287
42,71,0.019274
46,69,0.019273
70,73,0.019252
39,72,0.019227
24,78,0.019222
53,92,0.019217
57,90,0.019206
68,89,0.019145
30,44,0.019144
17,69,0.019092
33,60,0.019086
14,34,0.019065
21,45,0.019064
75,84,0.019026
65,70,0.018957
42,75,0.018946
7,92,0.018913
15,64,0.018896
52,79,0.018856
24,59,0.018854
2,49,0.018824
28,43,0.018823
51,61,0.018795
52,77,0.018784
33,79,0.018783
29,77,0.018783
68,75,0.018770
48,66,0.018748
17,31,0.018736
20,43,0.018734
27,69,0.018692
19,29,0.018617
49,61,0.018613
5,11,0.018592
74,91,0.018576
2,81,0.018574
53,57,0.018564
11,70,0.018555
25,60,0.018547
24,82,0.018517
48,67,0.018486
17,64,0.018450
4,49,0.018447
51,87,0.018384
20,59,0.018348
38,73,0.018341
19,81,0.018247
45,82,0.018236
66,73,0.018204
67,79,0.018176
9,65,0.018176
28,53,0.018149
47,64,0.018146
27,85,0.018130
20,48,0.018054
25,50,0.018038
48,56,0.017996
40,73,0.017974
30,59,0.017966
29,72,0.017957
29,88,0.017948
27,62,0.017871
40,87,0.017768
36,37,0.017736
34,88,0.017733
1,23,0.017717
41,49,0.017517
83,92,0.017298
36,54,0.017284
12,27,0.017220
9,24,0.017160
23,26,0.017107
1,52,0.017066
16,84,0.017060
45,71,0.017027
33,43,0.016948
61,85,0.016933
21,50,0.016869
42,49,0.016805
42,89,0.016790
36,64,0.016756
54,60,0.016751
11,20,0.016742
67,77,0.016699
9,54,0.016681
31,73,0.016628
43,90,0.016599
6,67,0.016592
64,79,0.016560
14,90,0.016554
57,75,0.016545
58,73,0.016481
45,61,0.016462
54,81,0.016445
29,62,0.016376
32,67,0.016355
39,64,0.016319
16,30,0.016317
31,46,0.016282
30,33,0.016257
51,62,0.016252
13,46,0.016250
11,32,0.016214
30,70,0.016209
48,89,0.016103
18,30,0.016077
64,72,0.016003
20,49,0.015990
32,85,0.015910
1,35,0.015906
26,48,0.015902
54,75,0.015901
12,19,0.015810
39,71,0.015762
38,59,0.015761
38,65,0.015669
36,67,0.015652
60,90,0.015618
36,73,0.015579
23,55,0.015508
12,62,0.015453
3,11,0.015438
56,72,0.015423
15,42,0.015423
19,73,0.015409
37,72,0.015389
26,31,0.015370
57,66,0.015360
38,54,0.015342
39,55,0.015335
8,43,0.015320
1,33,0.015294
24,85,0.015266
51,70,0.015257
3,35,0.015242
66,77,0.015232
41,59,0.015221
46,50,0.015215
23,41,0.015199
23,63,0.015173
2,55,0.015075
50,79,0.015056
39,48,0.015001
44,63,0.014993
2,51,0.014983
34,45,0.014953
9,74,0.014943
20,39,0.014924
19,27,0.014907
3,68,0.014884
1,54,0.014867
43,53,0.014803
32,34,0.014799
29,48,0.014792
29,87,0.014786
8,68,0.014748
19,67,0.014730
50,83,0.014711
34,56,0.014708
22,79,0.014653
80,83,0.014476
1,87,0.014459
50,87,0.014452
34,58,0.014442
27,89,0.014442
28,74,0.014433
1,14,0.014382
46,68,0.014346
1,21,0.014331
12,30,0.014282
2,11,0.014272
44,49,0.014251
71,78,0.014190
22,65,0.014170
17,70,0.014166
16,72,0.014110
11,63,0.014084
57,92,0.014072
16,92,0.013992
40,75,0.013949
7,50,0.013862
35,61,0.013840
1,72,0.013808
54,91,0.013769
44,73,0.013766
19,49,0.013736
17,57,0.013724
44,75,0.013720
22,66,0.013631
5,12,0.013572
9,35,0.013539
52,73,0.013535
7,29,0.013497
60,74,0.013435
27,46,0.013407
8,23,0.013406
4,64,0.013377
48,82,0.013323
20,80,0.013318
10,42,0.013303
29,67,0.013295
3,86,0.013261
42,70,0.013224
19,51,0.013199
22,81,0.013178
22,63,0.013155
5,52,0.013087
19,52,0.013071
44,74,0.013059
47,72,0.013025
38,90,0.013023
27,65,0.012920
33,71,0.012913
66,88,0.012890
30,80,0.012876
9,28,0.012865
17,68,0.012863
51,57,0.012800
18,92,0.012800
66,82,0.012780
47,77,0.012765
34,62,0.012752
11,71,0.012738
22,53,0.012663
16,40,0.012607
33,46,0.012590
28,34,0.012555
61,76,0.012547
2,42,0.012529
10,57,0.012513
33,61,0.012490
64,90,0.012450
17,47,0.012428
58,89,0.012410
1,89,0.012367
2,72,0.012338
21,86,0.012336
68,71,0.012330
24,43,0.012313
24,63,0.012293
32,78,0.012227
75,82,0.012218
14,68,0.012200
76,91,0.012195
82,86,0.012162
72,82,0.012158
10,37,0.012158
55,73,0.012152
39,76,0.012115
35,49,0.012082
3,85,0.012060
59,90,0.012056
64,66,0.012038
80,90,0.011979
28,48,0.011974
27,36,0.011926
29,39,0.011913
18,82,0.011886
52,74,0.011825
24,47,0.011817
29,45,0.011735
46,72,0.011595
64,78,0.011535
31,90,0.011523
26,60,0.011492
22,61,0.011448
29,58,0.011417
63,77,0.011374
31,81,0.011364
22,83,0.011358
59,77,0.011280
51,65,0.011268
13,57,0.011236
26,46,0.011234
38,71,0.011210
21,70,0.011192
52,60,0.011188
2,85,0.011183
6,21,0.011168
34,51,0.011075
19,40,0.011058
60,62,0.011007
59,60,0.010992
44,56,0.010969
55,87,0.010968
12,92,0.010943
39,45,0.010924
3,72,0.010911
1,11,0.010910
33,58,0.010894
73,91,0.010853
65,75,0.010807
3,32,0.010733
46,54,0.010723
13,68,0.010723
6,74,0.010691
85,91,0.010685
49,79,0.010626
8,51,0.010616
4,35,0.010610
67,80,0.010605
63,83,0.010549
59,62,0.010549
2,32,0.010524
28,41,0.010515
50,86,0.010507
19,64,0.010493
3,33,0.010468
78,85,0.010434
57,86,0.010390
6,68,0.010382
14,39,0.010247
1,12,0.010246
8,28,0.010200
8,92,0.010194
81,86,0.010182
35,69,0.010157
33,41,0.010132
2,26,0.010096
1,31,0.010080
65,78,0.010053
51,68,0.009991
33,82,0.009967
17,62,0.009926
25,36,0.009920
30,48,0.009916
6,34,0.009900
74,88,0.009891
43,76,0.009856
72,80,0.009830
9,68,0.009812
47,78,0.009793
47,59,0.009791
37,42,0.009787
30,67,0.009754
27,80,0.009733
13,91,0.009712
12,85,0.009670
62,92,0.009641
4,86,0.009581
11,50,0.009552
27,38,0.009545
19,65,0.009532
40,49,0.009513
55,67,0.009507
77,83,0.009494
44,51,0.009391
34,38,0.009329
34,57,0.009312
4,72,0.009283
9,34,0.009247
1,90,0.009235
22,39,0.009218
16,27,0.009178
53,74,0.009162
31,40,0.009030
3,12,0.008963
58,68,0.008963
11,64,0.008881
30,76,0.008871
69,87,0.008808
9,72,0.008768
65,76,0.008753
1,86,0.008739
26,50,0.008736
67,76,0.008722
6,60,0.008671
34,80,0.008643
39,46,0.008619
48,88,0.008602
37,88,0.008583
60,75,0.008576
11,68,0.008568
25,44,0.008549
33,37,0.008544
25,83,0.008535
34,68,0.008512
4,34,0.008485
46,92,0.008444
35,38,0.008303
72,78,0.008263
39,88,0.008142
9,87,0.008096
11,26,0.008084
1,79,0.008057
11,89,0.008025
21,80,0.008016
14,65,0.007981
41,88,0.007959
22,31,0.007945
41,83,0.007942
5,24,0.007906
55,58,0.007866
1,62,0.007864
32,62,0.007835
61,90,0.007835
47,61,0.007807
24,87,0.007784
48,77,0.007703
33,91,0.007695
21,36,0.007665
4,80,0.007609
1,60,0.007599
30,57,0.007590
7,64,0.007577
45,76,0.007524
3,28,0.007511
7,28,0.007501
29,46,0.007496
16,61,0.007482
2,21,0.007451
1,42,0.007444
39,62,0.007387
1,5,0.007382
46,63,0.007360
29,85,0.007348
10,39,0.007279
49,72,0.007252
16,24,0.007233
2,27,0.007213
29,56,0.007203
49,58,0.007191
20,88,0.007183
62,67,0.007182
28,59,0.007169
7,61,0.007121
18,83,0.007017
3,29,0.006991
64,67,0.006964
56,68,0.006962
46,57,0.006954
41,45,0.006951
53,58,0.006919
2,78,0.006873
43,65,0.006858
27,64,0.006836
63,76,0.006809
47,69,0.006725
76,79,0.006715
35,82,0.006707
27,67,0.006667
5,30,0.006636
13,44,0.006629
32,80,0.006575
65,67,0.006558
35,89,0.006554
10,87,0.006516
2,28,0.006468
2,35,0.006433
46,65,0.006381
47,70,0.006360
15,63,0.006337
2,29,0.006330
18,79,0.006326
23,75,0.006311
73,85,0.006228
43,51,0.006204
20,46,0.006192
20,64,0.006176
30,36,0.006150
15,37,0.006141
1,92,0.006131
1,71,0.006122
59,72,0.006094
53,89,0.006091
49,71,0.006059
9,16,0.006036
39,59,0.006035
78,86,0.005959
37,80,0.005923
35,91,0.005879
14,32,0.005876
48,57,0.005825
42,54,0.005795
30,56,0.005795
23,28,0.005780
10,63,0.005780
1,78,0.005763
12,36,0.005757
45,80,0.005749
10,28,0.005732
40,61,0.005707
60,67,0.005626
28,82,0.005565
41,82,0.005537
72,81,0.005523
37,78,0.005521
26,86,0.005493
33,54,0.005475
63,85,0.005382
40,70,0.005258
34,74,0.005257
10,54,0.005238
4,36,0.005212
72,86,0.005211
1,68,0.005195
24,37,0.005112
18,26,0.005053
38,69,0.005053
5,92,0.005032
33,36,0.004998
59,64,0.004989
50,58,0.004975
39,90,0.004963
22,90,0.004960
32,54,0.004958
65,69,0.004948
54,63,0.004936
66,85,0.004906
53,82,0.004902
22,35,0.004847
41,89,0.004843
1,84,0.004818
1,88,0.004799
40,48,0.004778
43,56,0.004718
60,76,0.004708
46,78,0.004656
49,88,0.004637
44,58,0.004616
68,73,0.004587
32,50,0.004584
78,91,0.004572
22,85,0.004543
9,50,0.004525
15,58,0.004520
71,87,0.004502
31,50,0.004499
44,64,0.004490
19,31,0.004424
32,65,0.004416
16,48,0.004406
10,70,0.004343
73,84,0.004329
10,29,0.004320
63,75,0.004297
53,61,0.004297
51,59,0.004292
21,27,0.004270
46,82,0.004257
28,67,0.004243
39,66,0.004233
40,64,0.004196
3,46,0.004155
61,77,0.004142
5,67,0.004090
61,71,0.004081
81,88,0.004081
60,83,0.004075
30,77,0.004074
31,37,0.004022
35,70,0.003967
23,56,0.003919
3,84,0.003913
76,89,0.003871
15,68,0.003866
51,76,0.003846
47,83,0.003831
7,79,0.003793
76,82,0.003778
24,89,0.003705
56,84,0.003636
20,78,0.003626
34,36,0.003618
45,79,0.003597
5,87,0.003571
24,33,0.003485
5,90,0.003396
42,84,0.003335
10,47,0.003334
14,31,0.003294
5,38,0.003289
47,71,0.003274
40,59,0.003270
41,68,0.003258
67,72,0.003249
43,73,0.003180
35,77,0.003145
1,27,0.003145
33,77,0.003138
27,88,0.003125
4,55,0.003092
52,69,0.003073
85,92,0.003052
28,44,0.003039
33,73,0.002990
58,76,0.002917
49,69,0.002895
57,70,0.002862
70,90,0.002860
36,55,0.002851
2,82,0.002815
42,91,0.002812
50,70,0.002789
16,67,0.002719
12,37,0.002711
20,28,0.002669
83,90,0.002660
8,42,0.002654
29,78,0.002621
60,77,0.002620
36,63,0.002579
65,90,0.002573
39,80,0.002570
1,13,0.002556
30,47,0.002556
48,68,0.002555
51,64,0.002552
55,80,0.002544
19,79,0.002444
3,54,0.002435
1,2,0.002423
11,78,0.002409
77,86,0.002258
22,27,0.002252
37,75,0.002245
25,89,0.002225
20,90,0.002202
19,54,0.002180
25,78,0.002170
43,66,0.002166
28,73,0.002146
30,74,0.002129
28,78,0.002096
4,54,0.002058
39,92,0.002043
13,32,0.002013
9,84,0.001987
1,6,0.001951
54,70,0.001922
40,65,0.001921
27,73,0.001913
54,69,0.001905
84,89,0.001845
23,51,0.001785
40,67,0.001777
12,33,0.001767
6,49,0.001753
23,83,0.001704
44,68,0.001693
38,50,0.001691
55,88,0.001688
21,57,0.001654
14,63,0.001626
18,57,0.001555
1,3,0.001530
5,59,0.001527
2,20,0.001446
57,69,0.001442
64,91,0.001379
12,69,0.001367
18,65,0.001342
28,91,0.001237
79,82,0.001223
26,27,0.001207
8,67,0.001170
32,71,0.001146
1,91,0.001110
4,33,0.000981
59,68,0.000975
51,92,0.000974
2,53,0.000921
62,63,0.000866
8,37,0.000863
13,23,0.000792
22,68,0.000740
55,78,0.000720
19,22,0.000720
4,24,0.000704
7,63,0.000694
7,84,0.000673
17,66,0.000645
77,87,0.000636
5,65,0.000598
3,53,0.000578
8,74,0.000559
26,63,0.000460
21,38,0.000440
53,91,0.000416
68,91,0.000407
44,55,0.000405
49,75,0.000390
1,26,0.000339
21,89,0.000327
11,67,0.000211
40,42,0.000180
20,33,0.000149
28,75,0.000131
37,67,0.000110
53,55,0.000089
55,69,0.000041
42,78,0.000028
32,76,-0.000021
49,82,-0.000123
80,92,-0.000144
10,80,-0.000160
1,56,-0.000196
43,88,-0.000207
51,86,-0.000241
12,46,-0.000242
35,88,-0.000248
60,73,-0.000255
14,45,-0.000304
51,69,-0.000325
5,66,-0.000341
22,34,-0.000407
8,63,-0.000408
62,88,-0.000479
44,60,-0.000535
51,81,-0.000546
17,19,-0.000565
65,83,-0.000605
45,72,-0.000615
5,58,-0.000615
25,29,-0.000618
1,82,-0.000641
27,37,-0.000650
17,61,-0.000669
47,84,-0.000672
40,85,-0.000718
74,87,-0.000727
18,76,-0.000755
6,84,-0.000773
82,90,-0.000776
19,45,-0.000842
3,89,-0.000871
48,73,-0.000891
73,90,-0.000914
26,64,-0.000945
1,44,-0.000946
7,24,-0.000948
53,90,-0.000948
21,81,-0.000960
32,33,-0.000967
10,55,-0.000969
52,88,-0.001017
1,4,-0.001033
9,22,-0.001069
7,19,-0.001080
31,64,-0.001093
42,60,-0.001095
15,29,-0.001143
23,82,-0.001143
27,52,-0.001149
54,55,-0.001164
38,56,-0.001187
25,47,-0.001232
20,62,-0.001260
11,75,-0.001310
50,80,-0.001369
30,55,-0.001386
38,86,-0.001389
39,89,-0.001402
36,60,-0.001408
42,48,-0.001411
75,88,-0.001497
1,17,-0.001515
36,53,-0.001520
45,52,-0.001574
28,51,-0.001597
16,43,-0.001618
26,38,-0.001632
19,76,-0.001662
12,68,-0.001667
53,87,-0.001702
46,79,-0.001702
26,91,-0.001709
9,83,-0.001760
1,10,-0.001763
10,31,-0.001834
6,20,-0.001850
1,7,-0.001870
8,91,-0.001887
33,70,-0.001992
25,87,-0.002037
1,53,-0.002060
26,39,-0.002087
4,23,-0.002100
24,38,-0.002100
29,63,-0.002173
57,84,-0.002177
42,56,-0.002197
43,87,-0.002260
42,79,-0.002305
55,74,-0.002326
5,62,-0.002348
1,70,-0.002381
1,55,-0.002401
15,41,-0.002432
2,5,-0.002489
12,47,-0.002530
40,63,-0.002558
11,31,-0.002559
13,31,-0.002607
35,66,-0.002616
5,60,-0.002617
1,74,-0.002734
13,52,-0.002735
1,18,-0.002748
68,72,-0.002770
6,66,-0.002772
44,50,-0.002788
9,41,-0.002791
20,70,-0.002803
1,77,-0.002814
48,69,-0.002835
21,28,-0.002890
3,37,-0.002892
16,37,-0.002894
9,40,-0.002919
2,88,-0.002968
7,36,-0.002987
82,84,-0.002996
1,38,-0.003012
36,65,-0.003019
18,81,-0.003019
19,25,-0.003056
1,41,-0.003082
17,72,-0.003087
52,67,-0.003099
17,78,-0.003121
26,42,-0.003133
10,84,-0.003134
56,67,-0.003150
29,52,-0.003160
13,22,-0.003207
17,73,-0.003247
31,56,-0.003261
13,54,-0.003274
24,45,-0.003355
13,61,-0.003392
49,85,-0.003402
47,52,-0.003406
40,54,-0.003432
7,23,-0.003448
30,35,-0.003457
70,87,-0.003478
60,88,-0.003494
7,37,-0.003495
53,60,-0.003502
3,14,-0.003517
7,80,-0.003522
69,80,-0.003543
6,14,-0.003556
3,74,-0.003571
9,44,-0.003597
23,91,-0.003597
54,61,-0.003621
35,46,-0.003643
35,55,-0.003652
3,27,-0.003653
30,88,-0.003655
19,78,-0.003693
57,77,-0.003706
49,74,-0.003708
9,60,-0.003737
21,71,-0.003755
14,69,-0.003758
12,83,-0.003773
19,44,-0.003784
4,20,-0.003789
1,67,-0.003796
70,83,-0.003823
75,86,-0.003844
22,46,-0.003862
8,19,-0.003865
46,75,-0.003882
15,40,-0.003893
13,90,-0.003916
69,89,-0.003920
1,69,-0.003925
45,91,-0.003926
9,70,-0.003946
43,86,-0.003950
55,77,-0.003972
35,68,-0.003979
24,49,-0.003984
60,64,-0.004012
1,16,-0.004054
29,50,-0.004065
11,35,-0.004073
15,66,-0.004073
1,8,-0.004116
6,35,-0.004138
43,78,-0.004182
31,80,-0.004210
13,69,-0.004245
19,47,-0.004272
36,69,-0.004277
13,55,-0.004324
73,79,-0.004327
55,85,-0.004330
46,51,-0.004347
55,75,-0.004365
57,72,-0.004376
68,90,-0.004377
50,77,-0.004415
51,53,-0.004449
10,76,-0.004506
60,68,-0.004511
67,84,-0.004533
14,60,-0.004535
3,13,-0.004543
67,71,-0.004545
17,30,-0.004562
27,90,-0.004572
14,37,-0.004592
1,24,-0.004616
52,57,-0.004621
4,57,-0.004634
20,74,-0.004635
18,58,-0.004724
19,62,-0.004795
33,90,-0.004795
72,77,-0.004823
29,68,-0.004906
38,75,-0.004913
71,80,-0.004928
16,85,-0.004931
35,79,-0.004995
1,50,-0.005011
70,74,-0.005021
1,37,-0.005042
55,65,-0.005045
47,56,-0.005068
81,85,-0.005098
49,92,-0.005118
1,65,-0.005127
34,35,-0.005174
40,69,-0.005184
71,83,-0.005193
3,75,-0.005210
21,42,-0.005244
48,75,-0.005278
20,25,-0.005299
42,67,-0.005326
1,64,-0.005340
5,29,-0.005389
30,75,-0.005389
22,91,-0.005434
69,88,-0.005515
20,47,-0.005526
58,78,-0.005533
21,56,-0.005551
57,71,-0.005553
68,79,-0.005577
58,75,-0.005591
74,84,-0.005602
28,69,-0.005604
1,63,-0.005607
69,74,-0.005615
16,65,-0.005638
35,80,-0.005678
1,34,-0.005687
57,87,-0.005708
22,73,-0.005735
3,42,-0.005794
37,49,-0.005822
44,83,-0.005840
71,76,-0.005861
1,28,-0.005875
27,92,-0.005914
27,51,-0.005945
4,74,-0.005967
4,81,-0.005979
5,64,-0.005994
1,61,-0.006002
40,53,-0.006029
4,88,-0.006049
20,35,-0.006053
16,75,-0.006058
29,60,-0.006074
70,78,-0.006100
15,32,-0.006120
58,74,-0.006166
42,66,-0.006175
36,48,-0.006209
4,60,-0.006213
84,91,-0.006231
40,66,-0.006249
9,89,-0.006306
56,80,-0.006319
26,67,-0.006321
77,82,-0.006336
35,37,-0.006389
50,52,-0.006400
4,17,-0.006425
22,74,-0.006471
17,36,-0.006485
48,78,-0.006500
68,84,-0.006555
2,13,-0.006595
26,47,-0.006597
43,92,-0.006658
60,78,-0.006696
13,29,-0.006711
18,19,-0.006719
7,44,-0.006754
14,50,-0.006756
71,85,-0.006759
54,89,-0.006795
1,19,-0.006812
48,61,-0.006873
41,84,-0.006908
43,82,-0.006910
51,67,-0.006940
1,40,-0.006952
17,67,-0.006983
53,59,-0.006995
78,90,-0.007047
5,53,-0.007084
28,36,-0.007125
55,91,-0.007138
4,62,-0.007182
71,84,-0.007210
24,44,-0.007216
22,86,-0.007226
9,20,-0.007247
42,63,-0.007286
45,90,-0.007294
5,70,-0.007317
1,57,-0.007317
1,39,-0.007325
25,42,-0.007328
8,36,-0.007338
65,80,-0.007397
64,85,-0.007404
1,36,-0.007407
59,92,-0.007420
2,30,-0.007474
60,81,-0.007551
6,73,-0.007558
23,92,-0.007561
6,39,-0.007570
29,69,-0.007573
32,73,-0.007575
32,90,-0.007585
57,82,-0.007588
13,66,-0.007624
3,51,-0.007627
30,66,-0.007644
2,60,-0.007657
49,86,-0.007658
50,75,-0.007684
56,86,-0.007687
7,74,-0.007692
3,36,-0.007699
10,85,-0.007789
26,56,-0.007804
7,34,-0.007808
5,56,-0.007827
64,74,-0.007836
13,20,-0.007843
82,92,-0.007864
58,70,-0.007898
16,57,-0.007995
47,91,-0.007996
42,68,-0.008012
11,77,-0.008015
30,82,-0.008037
13,38,-0.008044
13,49,-0.008058
74,86,-0.008080
40,55,-0.008084
68,86,-0.008095
3,23,-0.008141
53,85,-0.008217
58,71,-0.008232
59,78,-0.008247
2,83,-0.008249
37,59,-0.008274
36,90,-0.008278
35,51,-0.008393
53,63,-0.008394
4,83,-0.008399
52,72,-0.008456
23,47,-0.008475
8,65,-0.008505
28,38,-0.008506
8,84,-0.008508
45,85,-0.008538
61,68,-0.008636
12,42,-0.008650
37,69,-0.008668
12,59,-0.008668
28,90,-0.008695
21,69,-0.008720
1,30,-0.008780
3,66,-0.008786
16,60,-0.008840
22,32,-0.008876
39,61,-0.008893
29,42,-0.008915
53,86,-0.008923
56,76,-0.008934
31,54,-0.008935
15,56,-0.008960
31,67,-0.008994
33,57,-0.009052
8,62,-0.009080
39,49,-0.009081
61,84,-0.009106
22,70,-0.009115
26,45,-0.009121
68,83,-0.009125
6,75,-0.009155
1,32,-0.009155
48,65,-0.009179
34,77,-0.009255
42,77,-0.009258
9,23,-0.009297
59,88,-0.009307
16,73,-0.009344
5,41,-0.009365
10,35,-0.009398
33,92,-0.009408
55,83,-0.009414
11,22,-0.009415
79,80,-0.009420
17,26,-0.009443
52,70,-0.009513
11,23,-0.009545
71,82,-0.009604
57,58,-0.009655
17,75,-0.009663
13,56,-0.009666
84,90,-0.009673
8,39,-0.009682
41,67,-0.009731
42,76,-0.009733
72,89,-0.009751
51,89,-0.009801
59,65,-0.009810
1,80,-0.009811
17,90,-0.009826
51,84,-0.009836
62,90,-0.009859
39,56,-0.009859
48,70,-0.009879
43,84,-0.009960
13,84,-0.009976
47,87,-0.009984
36,75,-0.010037
1,45,-0.010062
42,81,-0.010066
70,81,-0.010091
75,80,-0.010098
1,51,-0.010115
25,27,-0.010131
3,55,-0.010153
55,68,-0.010156
64,88,-0.010161
67,74,-0.010183
47,67,-0.010216
50,76,-0.010223
70,88,-0.010226
5,79,-0.010230
23,27,-0.010356
23,70,-0.010379
23,86,-0.010428
40,62,-0.010441
38,46,-0.010453
22,71,-0.010466
60,72,-0.010491
52,65,-0.010493
19,32,-0.010517
45,57,-0.010671
4,47,-0.010717
4,27,-0.010757
40,77,-0.010770
7,59,-0.010836
31,61,-0.010838
49,76,-0.010843
5,83,-0.010852
45,62,-0.010861
79,86,-0.010935
69,75,-0.011011
14,91,-0.011022
62,70,-0.011027
24,40,-0.011027
63,67,-0.011033
31,34,-0.011066
68,81,-0.011068
17,71,-0.011105
26,80,-0.011137
28,77,-0.011145
7,27,-0.011162
46,87,-0.011166
54,68,-0.011171
66,74,-0.011176
8,66,-0.011188
16,39,-0.011202
52,61,-0.011251
1,49,-0.011290
66,72,-0.011446
3,80,-0.011456
70,75,-0.011464
58,62,-0.011468
39,53,-0.011472
10,32,-0.011492
29,76,-0.011542
30,58,-0.011558
8,22,-0.011562
42,58,-0.011644
52,92,-0.011651
24,41,-0.011653
18,59,-0.011666
21,41,-0.011686
24,90,-0.011723
5,21,-0.011786
22,40,-0.011810
13,71,-0.011826
64,87,-0.011837
36,46,-0.011840
63,88,-0.011942
4,21,-0.011949
15,82,-0.011972
74,90,-0.011975
9,69,-0.011980
11,84,-0.012002
15,80,-0.012030
3,49,-0.012038
45,56,-0.012071
5,19,-0.012094
39,57,-0.012183
18,74,-0.012285
40,84,-0.012306
18,55,-0.012309
18,40,-0.012328
1,75,-0.012337
7,86,-0.012343
55,76,-0.012351
13,37,-0.012359
30,64,-0.012363
17,59,-0.012371
9,61,-0.012425
16,62,-0.012430
65,85,-0.012438
3,52,-0.012451
5,22,-0.012465
21,58,-0.012486
6,89,-0.012559
1,73,-0.012610
61,72,-0.012629
16,66,-0.012636
1,76,-0.012664
30,85,-0.012674
36,62,-0.012760
11,48,-0.012763
17,46,-0.012848
21,63,-0.012931
46,59,-0.012951
25,79,-0.012959
32,35,-0.012972
5,39,-0.013000
12,20,-0.013014
1,85,-0.013021
26,29,-0.013039
2,68,-0.013063
69,83,-0.013071
1,15,-0.013072
59,67,-0.013079
14,33,-0.013116
13,48,-0.013146
1,43,-0.013164
48,55,-0.013166
9,27,-0.013189
27,41,-0.013195
44,70,-0.013202
25,72,-0.013203
75,87,-0.013211
17,52,-0.013242
8,45,-0.013248
58,80,-0.013249
60,92,-0.013256
58,67,-0.013277
30,69,-0.013279
5,33,-0.013290
75,91,-0.013325
11,47,-0.013391
47,74,-0.013403
45,86,-0.013439
11,37,-0.013470
15,54,-0.013489
41,86,-0.013507
29,90,-0.013538
36,86,-0.013545
61,87,-0.013562
30,73,-0.013611
1,58,-0.013646
2,37,-0.013674
4,29,-0.013697
1,29,-0.013707
41,79,-0.013746
21,31,-0.013790
31,32,-0.013810
19,39,-0.013854
49,55,-0.013856
44,80,-0.013880
55,92,-0.013917
57,67,-0.013936
4,73,-0.013951
28,80,-0.013959
20,26,-0.014031
12,79,-0.014046
1,22,-0.014083
20,73,-0.014106
23,84,-0.014159
26,30,-0.014169
37,73,-0.014183
2,66,-0.014222
1,66,-0.014223
4,14,-0.014274
8,24,-0.014274
62,77,-0.014310
45,59,-0.014337
3,9,-0.014346
11,51,-0.014369
9,26,-0.014394
41,69,-0.014399
87,92,-0.014431
5,31,-0.014435
44,76,-0.014442
66,84,-0.014471
59,81,-0.014504
78,88,-0.014628
12,72,-0.014646
19,23,-0.014669
40,46,-0.014692
50,55,-0.014802
12,41,-0.014820
36,85,-0.014863
9,92,-0.014885
37,39,-0.014897
34,78,-0.014924
10,67,-0.014946
7,55,-0.014963
14,84,-0.015037
38,55,-0.015043
17,60,-0.015064
11,40,-0.015089
29,55,-0.015102
15,79,-0.015161
66,76,-0.015165
18,22,-0.015179
24,36,-0.015228
1,46,-0.015231
30,62,-0.015250
38,87,-0.015253
8,29,-0.015288
25,86,-0.015299
5,42,-0.015373
45,67,-0.015390
49,81,-0.015425
18,68,-0.015429
66,92,-0.015448
16,63,-0.015510
33,42,-0.015513
42,55,-0.015527
61,67,-0.015545
29,59,-0.015566
20,82,-0.015614
57,89,-0.015617
27,63,-0.015627
55,86,-0.015627
34,46,-0.015673
29,86,-0.015693
22,67,-0.015761
35,86,-0.015774
21,55,-0.015780
54,80,-0.015791
51,72,-0.015798
81,91,-0.015808
21,87,-0.015844
29,35,-0.015855
2,73,-0.015900
11,60,-0.015915
1,47,-0.015917
36,59,-0.015929
36,92,-0.015958
64,77,-0.016007
24,67,-0.016068
72,87,-0.016075
22,44,-0.016090
79,87,-0.016138
68,88,-0.016164
10,58,-0.016171
43,64,-0.016173
33,64,-0.016190
54,65,-0.016205
19,55,-0.016206
8,72,-0.016223
4,85,-0.016224
4,30,-0.016246
37,81,-0.016300
18,37,-0.016306
12,70,-0.016309
73,86,-0.016327
6,81,-0.016367
50,65,-0.016416
47,76,-0.016443
71,75,-0.016465
3,88,-0.016492
27,45,-0.016502
17,76,-0.016553
8,41,-0.016605
21,24,-0.016608
1,20,-0.016615
18,23,-0.016666
41,47,-0.016702
28,57,-0.016712
6,44,-0.016719
11,44,-0.016786
11,66,-0.016788
8,53,-0.016800
34,89,-0.016857
15,44,-0.016879
39,63,-0.016881
8,80,-0.016905
55,90,-0.016939
30,49,-0.017005
8,20,-0.017025
38,79,-0.017049
44,54,-0.017114
13,76,-0.017116
83,91,-0.017119
14,87,-0.017145
15,47,-0.017195
4,37,-0.017208
37,70,-0.017242
52,55,-0.017248
28,31,-0.017264
27,76,-0.017287
20,53,-0.017291
54,66,-0.017313
26,78,-0.017315
15,45,-0.017372
33,40,-0.017387
17,56,-0.017412
3,64,-0.017432
10,77,-0.017454
20,85,-0.017479
77,91,-0.017489
59,87,-0.017515
70,72,-0.017532
34,86,-0.017550
34,71,-0.017557
47,58,-0.017566
21,76,-0.017571
51,60,-0.017584
44,61,-0.017710
8,64,-0.017734
2,54,-0.017737
11,86,-0.017865
15,39,-0.017906
15,43,-0.017930
67,87,-0.017937
9,76,-0.017949
31,74,-0.017973
77,92,-0.017979
23,36,-0.017986
88,91,-0.018013
7,73,-0.018014
3,20,-0.018064
58,66,-0.018085
61,82,-0.018097
60,89,-0.018124
1,59,-0.018132
12,49,-0.018162
45,81,-0.018197
4,52,-0.018240
7,30,-0.018246
62,69,-0.018337
76,87,-0.018358
12,61,-0.018374
2,87,-0.018467
2,48,-0.018472
20,44,-0.018480
70,85,-0.018481
9,56,-0.018499
6,47,-0.018504
14,35,-0.018543
12,39,-0.018557
6,26,-0.018567
26,83,-0.018637
3,73,-0.018672
24,58,-0.018692
20,51,-0.018711
4,79,-0.018722
12,45,-0.018729
38,74,-0.018801
26,77,-0.018806
49,70,-0.018846
17,20,-0.018846
11,80,-0.018848
86,92,-0.018870
64,69,-0.018870
11,65,-0.018897
15,72,-0.018912
20,23,-0.018933
6,30,-0.018951
18,60,-0.018955
16,47,-0.018969
34,70,-0.018973
50,85,-0.019021
3,30,-0.019035
54,83,-0.019086
32,41,-0.019088
47,79,-0.019111
9,63,-0.019200
32,52,-0.019275
16,29,-0.019293
46,62,-0.019311
32,45,-0.019328
16,68,-0.019342
37,83,-0.019350
5,86,-0.019359
5,20,-0.019397
66,69,-0.019398
52,84,-0.019414
31,38,-0.019416
64,70,-0.019439
15,65,-0.019470
60,91,-0.019522
16,90,-0.019550
24,39,-0.019641
7,48,-0.019644
2,80,-0.019679
40,88,-0.019745
53,80,-0.019778
75,90,-0.019795
41,73,-0.019853
44,85,-0.019890
32,63,-0.019901
25,74,-0.019937
40,74,-0.019945
15,34,-0.019949
35,85,-0.019983
56,66,-0.019987
20,91,-0.019999
10,65,-0.020001
22,72,-0.020003
20,54,-0.020048
63,82,-0.020052
13,73,-0.020063
43,46,-0.020064
41,77,-0.020076
3,47,-0.020129
29,73,-0.020199
11,90,-0.020200
52,66,-0.020222
55,82,-0.020252
11,36,-0.020271
65,79,-0.020321
62,75,-0.020321
5,50,-0.020357
14,77,-0.020380
48,72,-0.020468
11,45,-0.020476
70,82,-0.020487
17,43,-0.020500
26,66,-0.020510
57,74,-0.020522
47,55,-0.020539
13,41,-0.020550
8,21,-0.020581
18,43,-0.020604
16,28,-0.020615
28,89,-0.020621
14,89,-0.020631
59,66,-0.020633
51,83,-0.020643
7,51,-0.020646
21,65,-0.020655
34,42,-0.020672
14,29,-0.020685
21,83,-0.020742
43,63,-0.020746
5,54,-0.020791
70,80,-0.020798
32,39,-0.020811
15,75,-0.020818
11,74,-0.020892
12,82,-0.020898
18,28,-0.020900
13,47,-0.020909
29,33,-0.020928
21,84,-0.020946
4,89,-0.020990
3,45,-0.021003
52,86,-0.021011
17,40,-0.021024
52,59,-0.021048
37,82,-0.021059
45,89,-0.021101
14,48,-0.021103
3,40,-0.021123
12,50,-0.021210
66,89,-0.021251
27,66,-0.021287
37,92,-0.021338
17,38,-0.021355
28,61,-0.021360
10,34,-0.021361
31,69,-0.021365
46,83,-0.021372
28,84,-0.021401
2,39,-0.021410
4,75,-0.021416
35,87,-0.021426
2,45,-0.021450
64,92,-0.021460
23,40,-0.021472
59,71,-0.021503
1,48,-0.021577
7,90,-0.021585
17,80,-0.021595
4,51,-0.021625
24,52,-0.021625
38,64,-0.021639
8,61,-0.021642
18,50,-0.021696
2,50,-0.021707
17,45,-0.021719
40,71,-0.021733
31,70,-0.021747
43,55,-0.021796
65,92,-0.021797
27,83,-0.021924
57,80,-0.021962
88,92,-0.022039
16,36,-0.022059
47,53,-0.022089
26,81,-0.022119
54,62,-0.022163
46,66,-0.022220
13,45,-0.022268
32,66,-0.022276
14,78,-0.022287
20,77,-0.022369
48,90,-0.022380
58,86,-0.022383
27,71,-0.022423
34,69,-0.022441
2,89,-0.022461
28,56,-0.022560
16,42,-0.022581
76,86,-0.022631
32,69,-0.022632
19,71,-0.022638
62,78,-0.022639
15,67,-0.022695
8,47,-0.022739
73,81,-0.022752
9,19,-0.022774
21,54,-0.022803
26,69,-0.022809
5,37,-0.022833
43,52,-0.022860
25,77,-0.022866
7,65,-0.022897
8,48,-0.022939
15,27,-0.022957
5,40,-0.022994
37,45,-0.023004
31,72,-0.023072
43,71,-0.023154
10,60,-0.023172
2,40,-0.023220
15,24,-0.023227
42,52,-0.023238
9,81,-0.023245
6,22,-0.023266
55,81,-0.023272
24,80,-0.023278
14,30,-0.023318
72,88,-0.023336
47,54,-0.023360
77,88,-0.023440
36,70,-0.023457
4,63,-0.023510
46,85,-0.023533
2,64,-0.023548
24,81,-0.023557
46,89,-0.023571
21,43,-0.023632
77,84,-0.023689
18,67,-0.023695
4,53,-0.023707
35,44,-0.023713
4,9,-0.023742
35,54,-0.023755
40,79,-0.023758
8,78,-0.023767
10,74,-0.023778
31,60,-0.023781
43,91,-0.023782
9,30,-0.023793
38,70,-0.023819
56,83,-0.023863
42,51,-0.023868
73,87,-0.023978
19,34,-0.023986
31,55,-0.023988
38,85,-0.024057
69,82,-0.024059
40,80,-0.024071
3,50,-0.024078
54,88,-0.024084
29,34,-0.024094
39,50,-0.024123
7,62,-0.024125
6,54,-0.024128
2,43,-0.024132
11,49,-0.024156
61,83,-0.024178
18,47,-0.024198
24,46,-0.024209
66,86,-0.024233
38,91,-0.024248
62,73,-0.024272
29,65,-0.024303
32,89,-0.024308
64,75,-0.024309
28,63,-0.024338
12,38,-0.024348
38,53,-0.024351
31,43,-0.024388
19,92,-0.024391
14,86,-0.024436
51,55,-0.024506
16,82,-0.024507
28,83,-0.024566
52,68,-0.024570
5,47,-0.024593
63,74,-0.024601
5,45,-0.024610
16,50,-0.024638
55,61,-0.024716
15,28,-0.024746
18,29,-0.024763
12,78,-0.024775
14,41,-0.024782
32,79,-0.024793
66,87,-0.024803
33,62,-0.024822
49,84,-0.024840
44,71,-0.024861
36,83,-0.024866
59,80,-0.024873
30,71,-0.024897
11,39,-0.024965
26,49,-0.024973
16,35,-0.024974
39,82,-0.025007
6,78,-0.025029
22,82,-0.025050
54,71,-0.025070
26,87,-0.025083
45,68,-0.025115
65,88,-0.025178
9,21,-0.025195
24,29,-0.025281
32,55,-0.025304
40,72,-0.025313
14,64,-0.025313
16,41,-0.025338
69,85,-0.025392
5,85,-0.025434
5,63,-0.025451
29,61,-0.025508
39,52,-0.025524
74,82,-0.025526
13,72,-0.025541
42,61,-0.025561
23,78,-0.025563
14,24,-0.025608
29,43,-0.025613
78,81,-0.025642
37,68,-0.025659
55,70,-0.025668
26,34,-0.025681
28,66,-0.025696
46,52,-0.025721
12,35,-0.025730
42,53,-0.025765
21,46,-0.025792
9,78,-0.025813
63,87,-0.025848
49,56,-0.025950
61,81,-0.026001
22,58,-0.026025
48,86,-0.026067
41,62,-0.026068
10,40,-0.026070
19,43,-0.026096
19,59,-0.026139
49,91,-0.026140
20,60,-0.026158
56,85,-0.026169
27,55,-0.026228
49,59,-0.026232
3,81,-0.026236
31,68,-0.026263
69,86,-0.026267
11,81,-0.026288
57,73,-0.026300
72,79,-0.026397
7,66,-0.026414
73,92,-0.026452
49,65,-0.026482
54,74,-0.026487
4,50,-0.026509
25,92,-0.026516
25,46,-0.026563
16,53,-0.026613
36,72,-0.026637
61,75,-0.026663
34,85,-0.026665
30,86,-0.026666
42,45,-0.026692
27,47,-0.026693
20,68,-0.026790
62,82,-0.026802
23,42,-0.026815
29,71,-0.026824
14,43,-0.026834
3,65,-0.026884
74,89,-0.026885
38,66,-0.026888
31,77,-0.026918
20,86,-0.026948
18,64,-0.026950
58,83,-0.026956
9,39,-0.026956
57,68,-0.026964
31,89,-0.027103
5,36,-0.027128
5,74,-0.027182
12,51,-0.027238
23,69,-0.027303
10,22,-0.027324
42,83,-0.027326
58,82,-0.027331
10,49,-0.027366
6,79,-0.027426
17,58,-0.027446
13,79,-0.027457
2,76,-0.027538
27,68,-0.027543
5,55,-0.027560
57,83,-0.027581
79,88,-0.027591
36,45,-0.027625
19,42,-0.027650
27,82,-0.027653
8,85,-0.027692
18,34,-0.027700
48,92,-0.027708
17,86,-0.027708
20,87,-0.027717
15,84,-0.027722
26,58,-0.027758
12,34,-0.027783
57,64,-0.027788
74,79,-0.027818
61,73,-0.027820
33,88,-0.027876
10,88,-0.027924
8,46,-0.027943
50,64,-0.027985
12,44,-0.027990
18,53,-0.027997
48,71,-0.028083
17,39,-0.028099
10,24,-0.028158
28,87,-0.028171
52,91,-0.028286
27,70,-0.028294
44,72,-0.028300
35,64,-0.028312
62,83,-0.028347
9,66,-0.028349
40,60,-0.028366
23,76,-0.028384
57,65,-0.028392
43,60,-0.028395
8,59,-0.028399
65,86,-0.028429
52,78,-0.028446
11,38,-0.028493
22,54,-0.028562
6,63,-0.028637
18,75,-0.028643
48,63,-0.028664
30,91,-0.028666
28,64,-0.028676
54,90,-0.028700
50,62,-0.028767
2,47,-0.028820
14,66,-0.028828
22,51,-0.028856
60,85,-0.028869
19,87,-0.028876
32,70,-0.028877
23,54,-0.028886
62,84,-0.028927
44,89,-0.028948
60,71,-0.028987
41,72,-0.029018
35,90,-0.029035
53,84,-0.029102
15,36,-0.029158
52,87,-0.029272
15,49,-0.029291
32,72,-0.029436
26,32,-0.029448
19,41,-0.029512
47,73,-0.029541
12,58,-0.029586
17,82,-0.029587
44,53,-0.029616
10,50,-0.029630
16,79,-0.029660
5,89,-0.029712
22,60,-0.029742
36,74,-0.029750
38,63,-0.029780
25,63,-0.029804
45,51,-0.029822
15,30,-0.029882
7,57,-0.029895
3,17,-0.029952
13,80,-0.029972
21,75,-0.030065
48,49,-0.030164
13,78,-0.030199
43,68,-0.030233
22,43,-0.030264
43,83,-0.030325
5,73,-0.030331
59,84,-0.030342
6,24,-0.030361
5,23,-0.030368
82,85,-0.030395
4,78,-0.030608
59,69,-0.030626
26,35,-0.030633
39,75,-0.030689
40,90,-0.030761
58,69,-0.030767
16,78,-0.030804
24,75,-0.030812
36,68,-0.030861
24,66,-0.030868
24,55,-0.030884
80,91,-0.030897
19,89,-0.030934
36,89,-0.030989
42,87,-0.031017
5,57,-0.031100
52,81,-0.031108
2,58,-0.031153
3,63,-0.031160
20,36,-0.031178
72,90,-0.031199
6,43,-0.031205
9,88,-0.031215
8,76,-0.031216
32,77,-0.031221
4,61,-0.031234
35,56,-0.031254
12,64,-0.031266
15,73,-0.031269
3,83,-0.031316
15,50,-0.031322
37,38,-0.031331
12,29,-0.031341
69,73,-0.031388
3,78,-0.031440
9,80,-0.031447
12,48,-0.031451
46,84,-0.031519
41,63,-0.031533
23,71,-0.031536
31,86,-0.031560
49,60,-0.031680
50,81,-0.031701
67,88,-0.031703
69,78,-0.031729
7,38,-0.031747
27,91,-0.031781
26,44,-0.031788
51,91,-0.031906
36,66,-0.031924
22,36,-0.032031
59,82,-0.032057
24,54,-0.032067
2,36,-0.032094
53,69,-0.032110
37,61,-0.032119
9,71,-0.032127
8,79,-0.032226
10,21,-0.032373
6,38,-0.032393
71,89,-0.032394
70,86,-0.032416
23,37,-0.032456
71,88,-0.032489
8,75,-0.032610
6,40,-0.032649
59,91,-0.032753
10,41,-0.032764
56,60,-0.032776
18,20,-0.032813
10,75,-0.032850
27,57,-0.032856
56,74,-0.032885
29,74,-0.032930
26,51,-0.032936
10,51,-0.032961
17,63,-0.032989
47,66,-0.033067
54,85,-0.033076
50,56,-0.033082
59,79,-0.033122
48,53,-0.033138
17,49,-0.033140
54,79,-0.033204
20,92,-0.033212
42,80,-0.033218
66,71,-0.033218
58,85,-0.033220
8,38,-0.033233
37,74,-0.033259
10,45,-0.033269
14,83,-0.033288
25,68,-0.033354
32,75,-0.033371
62,85,-0.033379
38,68,-0.033409
39,54,-0.033441
18,36,-0.033454
18,49,-0.033455
18,31,-0.033457
29,31,-0.033472
24,70,-0.033477
36,77,-0.033496
50,89,-0.033514
5,51,-0.033542
17,55,-0.033557
26,92,-0.033589
9,51,-0.033600
50,72,-0.033661
35,48,-0.033700
5,75,-0.033760
37,50,-0.033768
8,34,-0.033770
14,74,-0.033784
14,80,-0.033804
21,68,-0.033827
26,85,-0.033847
12,26,-0.033876
9,38,-0.033926
53,75,-0.033968
28,42,-0.033989
19,48,-0.034017
36,91,-0.034046
67,75,-0.034059
9,73,-0.034087
5,84,-0.034112
7,60,-0.034194
27,59,-0.034288
27,43,-0.034336
47,75,-0.034359
33,80,-0.034374
58,77,-0.034442
20,30,-0.034470
53,76,-0.034519
46,91,-0.034527
41,70,-0.034560
24,91,-0.034561
52,63,-0.034656
21,60,-0.034685
17,51,-0.034730
61,69,-0.034736
18,52,-0.034759
50,51,-0.034899
14,92,-0.034906
15,38,-0.034928
37,64,-0.034932
69,76,-0.034959
50,54,-0.034962
35,74,-0.035019
20,67,-0.035077
11,72,-0.035089
18,89,-0.035115
7,46,-0.035152
37,86,-0.035182
20,83,-0.035189
24,28,-0.035264
22,64,-0.035276
39,91,-0.035282
55,79,-0.035303
32,91,-0.035338
29,92,-0.035354
3,43,-0.035368
6,90,-0.035371
43,75,-0.035387
3,57,-0.035414
14,36,-0.035460
50,69,-0.035474
9,37,-0.035479
9,43,-0.035504
27,54,-0.035515
66,75,-0.035534
56,75,-0.035549
23,67,-0.035561
56,71,-0.035573
50,91,-0.035593
10,30,-0.035599
11,82,-0.035611
6,59,-0.035626
12,81,-0.035639
62,71,-0.035646
6,41,-0.035691
15,76,-0.035724
50,59,-0.035740
7,32,-0.035740
30,37,-0.035775
35,58,-0.035832
17,74,-0.035846
38,42,-0.035877
46,81,-0.035947
36,52,-0.036017
26,40,-0.036098
27,81,-0.036117
59,85,-0.036145
53,72,-0.036268
61,80,-0.036288
56,88,-0.036293
46,74,-0.036328
46,67,-0.036403
13,83,-0.036470
47,57,-0.036473
41,74,-0.036491
2,38,-0.036501
5,72,-0.036539
24,68,-0.036555
22,49,-0.036576
51,56,-0.036601
4,48,-0.036610
6,82,-0.036711
52,71,-0.036712
36,76,-0.036727
4,32,-0.036778
28,70,-0.036778
9,57,-0.036780
26,71,-0.036807
28,68,-0.036900
9,55,-0.036908
52,62,-0.036926
11,43,-0.036928
10,38,-0.036997
6,88,-0.037003
2,65,-0.037010
23,44,-0.037071
15,21,-0.037100
10,66,-0.037109
10,73,-0.037110
12,60,-0.037113
2,57,-0.037160
17,34,-0.037166
14,23,-0.037168
53,66,-0.037174
23,39,-0.037181
9,82,-0.037190
13,60,-0.037227
34,92,-0.037235
21,78,-0.037265
35,76,-0.037290
14,38,-0.037307
4,90,-0.037328
15,51,-0.037329
58,72,-0.037334
20,32,-0.037340
49,57,-0.037429
34,39,-0.037551
33,45,-0.037633
17,32,-0.037734
7,56,-0.037774
20,41,-0.037782
11,25,-0.037815
59,86,-0.037832
18,21,-0.037936
15,59,-0.037938
27,40,-0.037964
28,92,-0.037965
60,79,-0.037981
10,89,-0.037987
20,69,-0.037996
51,80,-0.038001
11,53,-0.038056
72,76,-0.038067
51,71,-0.038103
13,26,-0.038135
37,55,-0.038147
13,25,-0.038170
44,57,-0.038195
35,65,-0.038229
26,68,-0.038265
23,31,-0.038282
8,86,-0.038298
10,61,-0.038303
4,19,-0.038426
16,56,-0.038475
36,78,-0.038490
61,89,-0.038500
30,65,-0.038551
21,34,-0.038566
37,53,-0.038582
12,74,-0.038627
74,83,-0.038633
30,92,-0.038647
2,14,-0.038694
16,58,-0.038757
2,46,-0.038763
24,35,-0.038771
79,90,-0.038783
40,91,-0.038793
68,82,-0.038803
49,77,-0.038812
16,77,-0.038826
12,43,-0.038827
43,67,-0.038899
4,46,-0.038926
62,65,-0.038936
15,57,-0.038940
33,66,-0.039007
31,76,-0.039017
53,70,-0.039025
6,85,-0.039077
43,49,-0.039118
18,86,-0.039159
32,92,-0.039161
9,91,-0.039205
49,87,-0.039206
13,74,-0.039207
31,65,-0.039216
49,63,-0.039226
64,80,-0.039263
4,84,-0.039318
19,80,-0.039359
14,59,-0.039448
7,81,-0.039459
15,48,-0.039483
14,67,-0.039502
25,59,-0.039548
80,87,-0.039557
41,50,-0.039572
47,51,-0.039576
33,76,-0.039606
46,90,-0.039635
63,92,-0.039669
57,88,-0.039686
4,42,-0.039701
67,85,-0.039735
44,65,-0.039758
23,68,-0.039848
23,29,-0.039899
9,46,-0.039912
34,83,-0.039932
10,20,-0.039985
61,70,-0.040017
42,64,-0.040048
13,50,-0.040052
53,81,-0.040097
80,84,-0.040122
37,40,-0.040152
72,91,-0.040171
25,66,-0.040208
4,45,-0.040213
30,83,-0.040272
10,72,-0.040358
25,91,-0.040413
27,84,-0.040440
22,56,-0.040544
12,73,-0.040578
25,64,-0.040580
22,78,-0.040589
35,71,-0.040598
4,76,-0.040647
14,47,-0.040700
17,81,-0.040723
49,90,-0.040742
32,57,-0.040747
6,86,-0.040756
30,72,-0.040767
44,91,-0.040796
54,73,-0.040806
20,29,-0.040808
7,22,-0.040839
6,61,-0.040841
14,71,-0.040852
67,78,-0.040876
3,82,-0.040885
50,92,-0.040886
12,65,-0.040908
9,86,-0.040937
22,23,-0.040998
22,50,-0.041011
18,61,-0.041073
44,78,-0.041084
29,81,-0.041115
28,62,-0.041130
38,52,-0.041145
38,67,-0.041154
10,78,-0.041164
13,77,-0.041172
24,79,-0.041196
38,88,-0.041199
14,52,-0.041301
38,58,-0.041321
16,51,-0.041333
8,58,-0.041464
19,91,-0.041467
7,33,-0.041597
66,80,-0.041610
68,77,-0.041617
18,39,-0.041639
22,84,-0.041655
14,56,-0.041794
52,89,-0.041822
31,75,-0.041845
32,40,-0.041850
34,72,-0.041856
7,89,-0.041880
37,51,-0.041924
3,22,-0.041983
15,83,-0.041987
6,51,-0.042066
42,88,-0.042090
4,40,-0.042093
6,46,-0.042128
11,55,-0.042217
64,71,-0.042294
5,49,-0.042344
19,84,-0.042363
61,91,-0.042371
47,82,-0.042373
75,83,-0.042398
13,58,-0.042398
9,48,-0.042409
28,88,-0.042417
15,53,-0.042424
8,32,-0.042436
12,67,-0.042436
8,57,-0.042488
8,49,-0.042524
26,84,-0.042545
18,51,-0.042576
13,87,-0.042576
45,87,-0.042595
52,76,-0.042624
17,92,-0.042629
54,92,-0.042682
13,65,-0.042683
46,70,-0.042700
75,78,-0.042704
13,34,-0.042838
8,88,-0.042899
6,72,-0.042901
63,71,-0.042935
31,47,-0.042939
9,36,-0.042957
5,80,-0.043160
13,86,-0.043162
15,85,-0.043176
2,22,-0.043233
10,79,-0.043251
14,75,-0.043288
40,92,-0.043453
78,92,-0.043477
62,81,-0.043491
67,90,-0.043614
30,84,-0.043664
42,73,-0.043666
32,58,-0.043682
68,85,-0.043708
19,53,-0.043714
21,39,-0.043782
13,43,-0.043797
10,83,-0.043832
6,33,-0.043848
39,70,-0.043862
77,89,-0.043886
18,46,-0.043886
25,73,-0.043940
19,35,-0.043962
30,78,-0.043978
6,56,-0.043991
70,77,-0.043997
16,45,-0.044006
40,68,-0.044010
8,83,-0.044107
48,87,-0.044118
7,20,-0.044139
67,86,-0.044160
39,85,-0.044183
51,54,-0.044216
5,32,-0.044216
21,85,-0.044234
17,21,-0.044242
12,90,-0.044250
50,71,-0.044275
38,60,-0.044307
52,64,-0.044314
17,22,-0.044334
6,76,-0.044346
69,90,-0.044443
25,76,-0.044461
11,46,-0.044467
34,66,-0.044516
6,37,-0.044594
16,46,-0.044623
16,31,-0.044659
11,73,-0.044731
66,81,-0.044813
9,52,-0.044830
5,48,-0.044865
48,74,-0.044869
17,23,-0.044885
52,80,-0.044905
54,57,-0.044942
2,52,-0.045017
60,63,-0.045052
14,61,-0.045112
36,84,-0.045138
35,36,-0.045143
46,86,-0.045154
4,58,-0.045184
17,87,-0.045218
21,73,-0.045241
30,60,-0.045310
12,22,-0.045532
6,57,-0.045534
2,9,-0.045538
54,76,-0.045689
24,62,-0.045693
7,41,-0.045712
16,64,-0.045759
36,56,-0.045817
5,46,-0.045824
18,41,-0.045827
42,74,-0.045833
5,25,-0.045842
27,78,-0.045970
43,62,-0.045982
8,44,-0.046049
14,81,-0.046050
7,72,-0.046137
6,58,-0.046139
7,21,-0.046217
15,86,-0.046282
3,38,-0.046306
49,54,-0.046324
7,54,-0.046333
21,82,-0.046369
8,26,-0.046411
43,72,-0.046453
16,49,-0.046472
32,74,-0.046509
30,68,-0.046522
5,81,-0.046560
41,61,-0.046575
14,54,-0.046584
17,44,-0.046592
65,91,-0.046615
9,62,-0.046624
39,73,-0.046832
56,65,-0.046921
6,64,-0.046934
32,68,-0.047030
3,58,-0.047052
16,59,-0.047055
32,88,-0.047056
15,81,-0.047114
4,65,-0.047182
12,25,-0.047245
17,33,-0.047351
32,38,-0.047442
16,33,-0.047461
11,52,-0.047486
11,76,-0.047573
14,49,-0.047586
27,61,-0.047624
44,88,-0.047634
45,70,-0.047652
5,28,-0.047674
6,45,-0.047688
15,33,-0.047732
13,64,-0.047757
3,39,-0.047760
28,35,-0.047768
5,43,-0.047878
65,71,-0.047899
34,67,-0.047927
5,77,-0.048047
7,40,-0.048059
9,67,-0.048072
14,62,-0.048089
58,91,-0.048111
32,87,-0.048140
37,54,-0.048219
53,67,-0.048407
56,81,-0.048419
72,85,-0.048433
13,21,-0.048445
7,53,-0.048460
17,84,-0.048486
4,56,-0.048501
4,43,-0.048505
45,69,-0.048546
8,87,-0.048571
67,73,-0.048589
4,82,-0.048639
68,87,-0.048648
14,85,-0.048660
3,59,-0.048672
74,81,-0.048689
30,87,-0.048697
11,30,-0.048707
39,79,-0.048773
25,75,-0.048802
24,30,-0.048907
27,58,-0.048908
40,50,-0.049056
10,64,-0.049073
41,64,-0.049102
51,90,-0.049129
38,49,-0.049201
2,17,-0.049201
68,74,-0.049241
67,83,-0.049257
48,79,-0.049288
23,90,-0.049309
10,33,-0.049401
29,70,-0.049518
44,62,-0.049524
57,62,-0.049534
15,90,-0.049583
11,24,-0.049588
16,86,-0.049614
43,69,-0.049741
43,85,-0.049761
23,38,-0.049782
14,26,-0.049823
16,44,-0.049851
33,68,-0.049948
16,19,-0.050053
8,90,-0.050071
67,89,-0.050075
6,52,-0.050106
58,79,-0.050127
52,85,-0.050134
12,56,-0.050160
37,87,-0.050182
35,83,-0.050256
22,92,-0.050292
38,82,-0.050318
21,47,-0.050327
10,26,-0.050370
9,59,-0.050449
9,79,-0.050470
17,50,-0.050489
41,71,-0.050493
15,22,-0.050564
18,66,-0.050629
22,38,-0.050679
16,38,-0.050723
31,62,-0.050740
24,69,-0.050772
3,61,-0.050879
7,88,-0.050899
5,34,-0.051122
15,78,-0.051140
29,66,-0.051286
47,85,-0.051350
14,73,-0.051367
9,45,-0.051373
31,35,-0.051424
30,42,-0.051442
64,83,-0.051584
83,89,-0.051640
6,65,-0.051662
21,51,-0.051683
7,43,-0.051704
13,59,-0.051739
11,34,-0.051816
17,91,-0.051831
61,88,-0.051869
66,90,-0.052139
39,60,-0.052141
8,31,-0.052143
24,31,-0.052277
15,74,-0.052354
7,58,-0.052407
48,91,-0.052476
56,69,-0.052523
15,77,-0.052554
7,85,-0.052713
6,83,-0.052715
12,21,-0.052750
8,60,-0.052814
29,91,-0.052826
25,28,-0.052882
47,80,-0.052902
15,87,-0.052952
35,73,-0.052967
19,30,-0.052993
8,73,-0.053028
56,91,-0.053053
60,69,-0.053058
9,29,-0.053065
35,42,-0.053067
6,31,-0.053105
45,83,-0.053126
12,84,-0.053189
61,86,-0.053227
18,24,-0.053236
48,60,-0.053246
6,53,-0.053251
18,56,-0.053262
63,89,-0.053423
3,48,-0.053497
9,64,-0.053545
18,33,-0.053550
14,46,-0.053561
13,24,-0.053669
2,59,-0.053832
5,44,-0.053874
10,52,-0.053891
14,58,-0.053928
3,24,-0.053955
9,77,-0.053993
25,40,-0.054012
14,53,-0.054160
16,52,-0.054180
13,40,-0.054194
16,80,-0.054369
82,91,-0.054535
3,41,-0.054628
63,81,-0.054636
15,26,-0.054675
24,71,-0.054701
28,71,-0.054727
37,84,-0.054787
5,78,-0.054801
25,71,-0.054813
5,76,-0.054828
9,32,-0.054861
45,92,-0.054889
12,31,-0.055007
2,31,-0.055014
43,70,-0.055112
39,69,-0.055128
20,72,-0.055142
54,77,-0.055176
33,65,-0.055189
39,81,-0.055319
13,35,-0.055332
4,41,-0.055333
61,92,-0.055361
56,92,-0.055387
34,76,-0.055409
7,78,-0.055425
33,44,-0.055490
2,41,-0.055531
18,44,-0.055574
45,84,-0.055595
15,61,-0.055676
39,67,-0.055694
33,48,-0.055695
35,84,-0.055717
7,75,-0.055724
10,86,-0.055779
22,69,-0.055807
56,70,-0.055913
10,36,-0.055994
55,64,-0.056025
31,53,-0.056027
46,77,-0.056077
17,88,-0.056180
15,62,-0.056203
52,82,-0.056301
32,83,-0.056342
12,28,-0.056420
42,90,-0.056455
31,79,-0.056547
26,82,-0.056559
62,86,-0.056570
31,82,-0.056571
3,76,-0.056573
19,85,-0.056716
42,65,-0.056718
18,73,-0.056743
21,49,-0.056759
30,79,-0.056794
52,75,-0.056832
16,23,-0.056979
17,35,-0.057136
63,69,-0.057214
18,48,-0.057233
37,58,-0.057273
13,28,-0.057421
47,89,-0.057483
5,82,-0.057498
10,19,-0.057550
61,79,-0.057554
23,57,-0.057570
14,42,-0.057643
23,61,-0.057647
27,74,-0.057692
16,54,-0.057888
18,78,-0.057915
34,73,-0.058161
14,55,-0.058179
40,89,-0.058219
34,53,-0.058229
50,57,-0.058233
16,87,-0.058343
12,86,-0.058604
26,75,-0.058606
22,80,-0.058704
35,47,-0.058705
2,90,-0.058753
7,45,-0.058766
34,41,-0.058794
6,80,-0.058807
63,70,-0.058813
21,48,-0.058831
4,87,-0.058907
32,36,-0.058945
23,79,-0.058961
6,28,-0.059027
9,47,-0.059177
7,87,-0.059197
53,68,-0.059212
76,81,-0.059300
25,67,-0.059344
20,71,-0.059352
23,64,-0.059481
62,76,-0.059565
47,62,-0.059603
43,79,-0.059638
57,81,-0.059642
35,78,-0.059670
19,50,-0.059706
33,49,-0.059776
27,32,-0.059800
58,92,-0.059963
23,65,-0.060096
7,82,-0.060166
47,60,-0.060303
48,52,-0.060380
13,88,-0.060398
11,79,-0.060452
12,89,-0.060496
9,49,-0.060604
25,62,-0.060643
41,91,-0.060716
13,53,-0.060825
4,22,-0.060966
22,52,-0.060971
33,78,-0.060992
22,33,-0.061042
31,45,-0.061102
33,84,-0.061111
20,42,-0.061297
11,54,-0.061368
2,44,-0.061375
4,39,-0.061389
15,46,-0.061392
13,82,-0.061527
8,50,-0.061603
63,91,-0.061618
25,39,-0.061678
2,19,-0.061865
14,79,-0.061870
6,87,-0.061895
13,89,-0.061907
22,30,-0.061992
10,44,-0.062013
55,60,-0.062070
23,45,-0.062093
16,76,-0.062181
57,85,-0.062273
19,69,-0.062344
12,63,-0.062781
26,72,-0.062810
10,81,-0.062860
15,31,-0.062905
42,86,-0.063101
55,63,-0.063115
14,82,-0.063165
18,85,-0.063176
55,84,-0.063183
27,87,-0.063189
12,24,-0.063192
41,81,-0.063331
8,54,-0.063419
49,68,-0.063422
7,83,-0.063713
41,78,-0.063940
21,30,-0.063973
18,80,-0.064219
32,37,-0.064252
3,44,-0.064364
14,28,-0.064414
10,48,-0.064415
58,81,-0.064446
38,92,-0.064532
37,52,-0.064758
26,70,-0.064994
33,55,-0.065083
23,66,-0.065099
56,62,-0.065107
53,83,-0.065169
17,83,-0.065185
30,81,-0.065215
64,89,-0.065284
29,83,-0.065451
69,77,-0.065490
16,26,-0.065552
2,63,-0.065574
6,77,-0.065590
13,30,-0.065616
73,82,-0.065627
50,66,-0.065642
54,84,-0.065665
54,87,-0.065765
20,27,-0.065992
6,19,-0.066036
24,65,-0.066043
18,63,-0.066203
20,89,-0.066216
33,38,-0.066421
49,78,-0.066429
14,44,-0.066453
2,25,-0.066643
21,59,-0.066730
42,85,-0.066818
8,77,-0.066837
59,70,-0.067051
9,85,-0.067099
53,77,-0.067102
31,48,-0.067129
2,24,-0.067186
34,61,-0.067215
4,31,-0.067355
12,75,-0.067594
72,83,-0.067748
3,90,-0.067755
21,61,-0.067830
23,74,-0.067946
53,71,-0.068168
37,77,-0.068582
60,84,-0.068653
8,52,-0.068708
49,89,-0.068713
20,38,-0.068773
21,74,-0.068850
17,48,-0.068863
18,45,-0.069030
39,74,-0.069065
34,65,-0.069069
12,52,-0.069128
41,54,-0.069278
21,72,-0.069295
21,92,-0.069303
10,43,-0.069553
10,59,-0.069556
34,63,-0.069582
11,29,-0.069588
47,88,-0.069651
17,25,-0.069670
16,89,-0.069716
33,75,-0.069790
44,77,-0.069792
7,26,-0.069850
18,90,-0.070171
13,51,-0.070776
10,46,-0.070796
40,81,-0.071011
4,77,-0.071025
19,70,-0.071083
14,51,-0.071382
8,89,-0.071394
24,76,-0.071455
46,71,-0.071487
37,90,-0.071548
3,19,-0.072216
3,77,-0.072532
44,69,-0.072718
21,32,-0.072880
13,33,-0.072883
12,87,-0.073365
27,79,-0.073516
8,33,-0.073590
13,85,-0.073693
4,59,-0.073728
7,76,-0.073889
25,65,-0.074023
11,61,-0.074061
16,21,-0.074170
3,31,-0.074381
23,73,-0.074475
19,86,-0.074647
41,92,-0.074749
6,48,-0.074814
58,87,-0.074888
15,89,-0.075040
24,92,-0.075195
12,76,-0.075239
4,44,-0.075258
11,85,-0.075370
13,81,-0.075504
29,89,-0.075552
42,50,-0.075684
8,56,-0.075707
23,53,-0.075951
34,75,-0.076451
11,33,-0.076587
44,92,-0.076805
18,88,-0.077165
62,72,-0.077337
12,55,-0.077662
3,25,-0.077798
27,77,-0.078069
33,59,-0.078304
36,57,-0.078733
12,80,-0.078866
25,70,-0.078939
30,90,-0.079016
7,31,-0.079274
34,81,-0.079608
50,68,-0.080120
11,88,-0.080196
36,79,-0.080314
23,46,-0.080341
28,79,-0.080348
27,60,-0.080699
10,53,-0.080724
31,71,-0.080741
35,57,-0.080773
31,92,-0.080822
2,77,-0.081217
64,81,-0.081505
2,61,-0.082368
11,58,-0.082771
31,91,-0.082807
17,79,-0.083518
41,57,-0.084210
23,34,-0.084375
14,88,-0.084703
65,81,-0.084831
34,54,-0.085108
50,61,-0.085425
3,56,-0.085933
10,90,-0.086279
10,56,-0.086413
20,84,-0.086666
27,56,-0.086682
47,90,-0.086773
12,53,-0.088161
62,87,-0.088720
11,56,-0.089661
17,85,-0.089776
41,52,-0.089791
18,87,-0.089824
37,60,-0.090093
11,87,-0.090275
11,28,-0.090532
15,25,-0.090771
16,25,-0.091077
8,81,-0.091653
33,63,-0.091764
16,88,-0.091935
17,53,-0.093202
7,25,-0.093249
35,52,-0.093267
17,89,-0.093553
12,88,-0.094165
6,25,-0.096964
25,82,-0.097142
26,79,-0.097418
11,59,-0.098156
47,86,-0.099710
28,33,-0.099911
12,40,-0.102620
4,25,-0.103574
15,88,-0.103735
39,84,-0.104412
2,56,-0.105915
19,83,-0.106541
25,69,-0.106551
18,77,-0.107949
35,63,-0.109431
26,36,-0.112103
45,78,-0.112933
10,25,-0.113809
7,77,-0.114415
8,25,-0.114901
18,25,-0.128263
