14 23 1.416765e+00
37 41 1.307728e+00
25 41 1.206022e+00
53 56 1.160076e+00
30 36 1.122343e+00
30 32 1.008181e+00
53 60 9.762708e-01
34 36 9.349271e-01
38 41 8.908180e-01
16 17 8.740364e-01
4 6 8.497556e-01
25 38 8.096706e-01
6 8 7.974252e-01
5 7 7.834403e-01
2 3 7.783995e-01
25 37 7.771788e-01
65 66 7.577289e-01
49 53 7.459528e-01
21 43 7.415679e-01
5 6 7.387294e-01
28 36 7.379167e-01
16 18 7.379045e-01
51 55 7.307791e-01
4 5 7.124361e-01
6 7 7.106677e-01
2 4 7.056577e-01
37 38 7.050580e-01
3 4 6.889960e-01
41 44 6.888339e-01
19 21 6.748802e-01
7 8 6.740764e-01
52 56 6.711745e-01
57 59 6.657624e-01
29 35 6.656835e-01
6 9 6.412937e-01
30 31 6.336226e-01
2 10 6.299690e-01
64 66 6.173085e-01
22 41 6.014734e-01
6 10 6.001432e-01
10 21 5.980092e-01
26 28 5.880167e-01
2 5 5.845711e-01
10 12 5.828786e-01
23 43 5.824985e-01
28 31 5.746576e-01
27 39 5.740434e-01
23 25 5.639332e-01
5 8 5.510531e-01
13 15 5.426126e-01
56 60 5.422534e-01
22 44 5.405217e-01
44 59 5.372400e-01
8 10 5.344484e-01
42 44 5.337629e-01
23 40 5.323515e-01
27 37 5.317465e-01
9 48 5.308284e-01
2 8 5.286513e-01
44 45 5.285578e-01
4 10 5.264161e-01
16 53 5.138048e-01
26 39 5.078132e-01
26 38 5.053034e-01
40 44 4.988007e-01
62 63 4.984626e-01
28 37 4.933362e-01
9 10 4.880987e-01
37 65 4.814023e-01
3 5 4.755082e-01
3 51 4.736595e-01
10 14 4.730177e-01
9 26 4.697661e-01
63 64 4.674661e-01
55 57 4.670582e-01
16 21 4.622950e-01
4 7 4.596882e-01
24 26 4.586877e-01
41 49 4.575949e-01
45 48 4.566051e-01
44 48 4.529447e-01
27 42 4.526370e-01
3 7 4.523848e-01
14 16 4.498603e-01
31 32 4.495679e-01
23 42 4.481556e-01
4 8 4.464108e-01
24 25 4.462329e-01
24 27 4.454551e-01
3 12 4.446962e-01
41 45 4.443647e-01
61 63 4.438782e-01
32 33 4.360945e-01
40 41 4.349380e-01
12 14 4.340465e-01
28 42 4.331478e-01
4 9 4.309085e-01
26 36 4.298573e-01
12 13 4.253403e-01
5 51 4.252503e-01
28 38 4.176247e-01
26 56 4.175767e-01
21 45 4.174512e-01
25 27 4.167320e-01
32 35 4.127460e-01
64 65 4.124905e-01
27 41 4.117193e-01
3 66 4.096412e-01
13 14 4.089425e-01
58 61 4.088724e-01
37 55 4.074870e-01
8 9 4.073480e-01
53 57 3.961914e-01
15 21 3.930028e-01
53 63 3.907711e-01
2 7 3.897948e-01
40 43 3.889112e-01
12 16 3.882786e-01
50 51 3.873460e-01
36 38 3.783840e-01
56 59 3.731092e-01
11 12 3.721203e-01
54 61 3.709807e-01
24 44 3.702354e-01
51 54 3.686933e-01
14 38 3.675089e-01
23 52 3.665332e-01
1 2 3.649087e-01
20 34 3.639660e-01
55 58 3.637096e-01
57 60 3.616000e-01
37 39 3.559693e-01
14 15 3.504638e-01
49 52 3.498166e-01
3 64 3.494254e-01
52 55 3.464654e-01
25 42 3.460430e-01
28 29 3.438428e-01
11 24 3.403949e-01
7 9 3.399226e-01
5 11 3.383070e-01
22 27 3.381398e-01
16 39 3.347063e-01
54 64 3.341096e-01
2 64 3.340175e-01
45 47 3.323881e-01
60 62 3.300566e-01
48 49 3.286178e-01
3 55 3.283406e-01
2 66 3.281451e-01
32 38 3.280454e-01
7 58 3.266484e-01
22 56 3.263711e-01
18 47 3.252417e-01
12 18 3.244613e-01
33 40 3.243634e-01
9 15 3.204442e-01
55 59 3.201585e-01
32 54 3.199148e-01
23 44 3.193930e-01
50 53 3.168939e-01
5 13 3.151141e-01
41 42 3.146840e-01
45 46 3.138127e-01
60 64 3.137965e-01
26 40 3.135729e-01
11 13 3.133011e-01
26 44 3.127783e-01
42 43 3.114771e-01
25 40 3.113726e-01
32 34 3.099187e-01
9 21 3.087923e-01
11 15 3.073790e-01
7 15 3.069324e-01
53 58 3.060894e-01
22 37 3.035831e-01
34 35 3.029519e-01
55 61 3.020826e-01
54 59 3.013526e-01
9 14 3.012346e-01
17 28 3.004783e-01
21 48 3.004412e-01
24 53 3.000691e-01
10 35 2.969510e-01
28 40 2.955078e-01
10 28 2.945525e-01
58 62 2.941470e-01
3 8 2.927460e-01
3 6 2.909617e-01
49 63 2.908485e-01
16 33 2.892904e-01
24 59 2.892037e-01
38 42 2.879949e-01
33 34 2.871314e-01
51 61 2.853770e-01
3 54 2.852813e-01
10 51 2.852633e-01
18 24 2.840734e-01
29 48 2.835643e-01
33 45 2.831363e-01
40 42 2.824907e-01
5 52 2.817222e-01
5 18 2.804249e-01
54 56 2.799160e-01
4 62 2.793385e-01
20 48 2.780313e-01
4 65 2.776683e-01
18 19 2.775669e-01
51 65 2.765355e-01
29 45 2.759834e-01
8 58 2.755387e-01
60 66 2.748739e-01
7 10 2.745963e-01
49 58 2.727308e-01
57 61 2.707151e-01
30 33 2.697352e-01
12 36 2.689871e-01
49 57 2.655282e-01
14 47 2.650526e-01
11 25 2.641955e-01
8 64 2.640549e-01
50 57 2.628161e-01
5 9 2.624104e-01
22 25 2.621593e-01
22 40 2.619125e-01
19 36 2.615333e-01
20 22 2.606530e-01
30 34 2.606043e-01
14 33 2.583351e-01
19 45 2.582613e-01
19 27 2.569331e-01
33 44 2.568172e-01
59 62 2.562544e-01
2 62 2.560997e-01
3 59 2.559129e-01
25 28 2.520178e-01
62 65 2.519220e-01
16 28 2.517450e-01
18 21 2.514677e-01
7 12 2.514289e-01
33 51 2.511051e-01
21 28 2.496048e-01
10 15 2.491571e-01
63 66 2.449630e-01
17 31 2.449615e-01
34 57 2.440311e-01
29 30 2.419235e-01
14 48 2.418112e-01
12 62 2.416049e-01
49 50 2.401291e-01
28 44 2.398466e-01
12 22 2.397938e-01
19 34 2.387208e-01
20 29 2.384934e-01
41 52 2.381411e-01
19 52 2.371643e-01
18 61 2.369637e-01
13 21 2.364714e-01
50 65 2.364694e-01
35 49 2.355863e-01
57 63 2.354446e-01
11 20 2.346103e-01
22 49 2.340936e-01
20 30 2.333170e-01
62 64 2.331016e-01
6 14 2.329935e-01
22 62 2.326920e-01
55 66 2.317309e-01
26 49 2.315162e-01
13 22 2.311724e-01
15 17 2.300310e-01
14 21 2.292035e-01
15 20 2.281779e-01
41 62 2.278352e-01
37 44 2.277026e-01
4 17 2.276492e-01
3 61 2.275898e-01
49 51 2.271654e-01
43 48 2.264004e-01
12 15 2.255216e-01
43 52 2.247161e-01
38 40 2.230932e-01
35 51 2.223288e-01
38 43 2.209087e-01
13 20 2.200327e-01
33 37 2.159482e-01
63 65 2.152000e-01
34 40 2.123554e-01
7 56 2.112470e-01
4 64 2.111384e-01
37 59 2.108841e-01
54 60 2.106107e-01
22 57 2.103749e-01
32 61 2.102827e-01
6 63 2.099806e-01
58 60 2.096341e-01
42 48 2.091575e-01
11 58 2.084605e-01
2 65 2.082298e-01
31 44 2.071556e-01
11 59 2.070097e-01
23 49 2.059511e-01
22 59 2.056849e-01
1 4 2.056174e-01
17 33 2.046697e-01
14 17 2.045166e-01
28 34 2.044682e-01
21 59 2.041971e-01
43 45 2.036572e-01
9 18 2.029452e-01
47 51 2.027500e-01
34 45 2.025397e-01
49 60 2.014621e-01
8 29 1.999045e-01
9 16 1.993242e-01
17 20 1.990446e-01
46 50 1.990358e-01
55 62 1.984707e-01
27 34 1.980951e-01
54 55 1.968567e-01
14 52 1.966474e-01
30 66 1.960922e-01
17 34 1.948080e-01
29 63 1.947316e-01
3 60 1.946337e-01
11 32 1.942595e-01
31 36 1.942523e-01
46 61 1.931214e-01
17 40 1.922819e-01
57 66 1.922502e-01
13 17 1.915821e-01
23 41 1.912884e-01
37 40 1.903882e-01
26 43 1.901947e-01
50 61 1.901098e-01
8 20 1.899750e-01
44 52 1.893740e-01
50 56 1.890902e-01
25 44 1.878641e-01
7 65 1.871956e-01
42 52 1.849926e-01
17 45 1.825419e-01
2 12 1.825114e-01
31 34 1.824177e-01
6 50 1.803806e-01
32 36 1.800300e-01
18 39 1.799059e-01
12 43 1.793899e-01
50 60 1.792008e-01
48 50 1.788242e-01
20 46 1.787998e-01
46 60 1.781178e-01
19 23 1.769004e-01
20 21 1.765836e-01
27 56 1.762640e-01
12 49 1.759342e-01
4 52 1.758913e-01
61 64 1.754583e-01
29 42 1.753337e-01
34 38 1.751198e-01
46 58 1.743696e-01
19 59 1.739426e-01
34 44 1.737602e-01
6 34 1.733430e-01
23 38 1.732200e-01
46 52 1.728479e-01
12 31 1.728297e-01
27 38 1.720070e-01
56 66 1.711468e-01
29 33 1.709736e-01
20 36 1.699435e-01
39 59 1.698762e-01
25 57 1.692153e-01
41 66 1.686765e-01
9 13 1.679944e-01
20 33 1.678074e-01
29 58 1.675265e-01
16 25 1.673725e-01
11 52 1.672819e-01
37 49 1.669849e-01
19 65 1.664590e-01
24 42 1.661921e-01
49 59 1.653668e-01
30 48 1.650309e-01
11 51 1.642539e-01
18 50 1.642106e-01
10 38 1.639256e-01
27 44 1.634830e-01
11 50 1.631930e-01
31 65 1.631031e-01
33 35 1.628136e-01
58 63 1.620209e-01
28 30 1.616899e-01
1 8 1.606973e-01
13 45 1.602837e-01
4 35 1.595380e-01
44 49 1.595189e-01
20 32 1.585750e-01
27 65 1.574253e-01
56 64 1.572851e-01
54 65 1.571095e-01
13 49 1.561871e-01
40 49 1.559640e-01
29 40 1.556193e-01
48 51 1.551326e-01
47 50 1.527770e-01
18 42 1.524254e-01
43 60 1.524111e-01
22 66 1.523785e-01
1 7 1.522690e-01
61 65 1.520886e-01
29 46 1.514163e-01
11 46 1.510343e-01
46 54 1.510286e-01
29 31 1.506905e-01
3 19 1.503640e-01
4 30 1.495996e-01
10 30 1.495972e-01
24 52 1.491905e-01
16 37 1.488662e-01
6 38 1.487411e-01
49 56 1.482038e-01
39 53 1.478601e-01
34 37 1.475709e-01
39 44 1.474274e-01
12 20 1.465621e-01
17 26 1.463101e-01
17 27 1.447983e-01
35 47 1.443744e-01
15 51 1.440582e-01
32 39 1.437037e-01
2 60 1.436281e-01
26 61 1.430710e-01
43 53 1.423827e-01
22 23 1.420827e-01
12 46 1.419697e-01
47 54 1.418295e-01
5 46 1.417606e-01
20 47 1.415520e-01
11 48 1.414812e-01
3 58 1.413899e-01
60 65 1.402656e-01
38 39 1.401261e-01
47 57 1.392072e-01
1 64 1.389395e-01
10 18 1.388367e-01
46 63 1.380586e-01
32 42 1.375289e-01
2 35 1.373095e-01
41 63 1.363711e-01
13 19 1.361261e-01
33 48 1.358401e-01
46 56 1.354371e-01
4 66 1.349119e-01
4 18 1.347652e-01
1 15 1.346932e-01
21 38 1.341215e-01
25 66 1.338199e-01
22 43 1.337913e-01
4 11 1.337776e-01
27 40 1.335969e-01
46 57 1.331227e-01
26 37 1.326930e-01
24 46 1.326776e-01
32 56 1.323464e-01
35 63 1.314639e-01
16 40 1.313792e-01
3 62 1.307519e-01
29 39 1.297664e-01
16 35 1.295820e-01
1 66 1.290760e-01
19 66 1.290643e-01
44 63 1.279948e-01
24 45 1.279863e-01
3 63 1.269509e-01
60 63 1.265052e-01
52 65 1.262145e-01
6 58 1.257386e-01
4 13 1.256144e-01
12 39 1.252864e-01
20 42 1.251933e-01
8 52 1.248190e-01
13 38 1.246405e-01
5 14 1.234881e-01
19 55 1.233396e-01
22 31 1.233161e-01
53 54 1.231336e-01
39 47 1.231243e-01
3 11 1.230392e-01
12 17 1.226468e-01
21 23 1.224376e-01
20 60 1.217621e-01
13 50 1.217062e-01
2 55 1.217053e-01
25 33 1.203469e-01
31 33 1.198265e-01
13 18 1.193560e-01
19 20 1.185774e-01
8 43 1.182332e-01
5 64 1.179712e-01
33 38 1.179683e-01
17 54 1.178834e-01
15 28 1.177831e-01
1 12 1.168998e-01
3 9 1.166882e-01
52 60 1.166392e-01
31 51 1.163378e-01
4 12 1.155336e-01
9 47 1.152059e-01
2 51 1.150628e-01
24 30 1.148852e-01
55 56 1.138563e-01
22 38 1.133879e-01
35 59 1.129465e-01
1 61 1.126393e-01
26 57 1.119382e-01
2 13 1.118138e-01
28 33 1.114896e-01
46 55 1.109300e-01
41 60 1.094941e-01
2 56 1.089950e-01
40 45 1.084186e-01
46 64 1.082605e-01
6 18 1.081600e-01
25 56 1.081217e-01
13 59 1.077267e-01
25 63 1.076721e-01
46 65 1.076332e-01
33 42 1.066035e-01
9 11 1.065112e-01
13 46 1.060668e-01
55 65 1.060366e-01
35 57 1.059209e-01
58 64 1.055509e-01
18 66 1.051347e-01
31 39 1.049032e-01
15 18 1.048007e-01
14 34 1.047027e-01
39 40 1.036284e-01
29 57 1.034893e-01
21 42 1.030948e-01
37 66 1.027063e-01
50 55 1.025843e-01
18 25 1.025161e-01
5 35 1.023340e-01
7 14 1.022013e-01
47 62 1.020812e-01
59 60 1.020260e-01
1 3 1.015303e-01
20 28 1.013534e-01
5 62 1.006630e-01
16 36 1.004731e-01
27 63 1.003654e-01
49 62 1.003582e-01
32 43 9.941664e-02
62 66 9.920774e-02
53 65 9.914357e-02
15 50 9.892169e-02
2 6 9.836090e-02
32 64 9.757822e-02
2 61 9.754974e-02
6 16 9.718283e-02
31 55 9.682822e-02
29 54 9.661844e-02
34 49 9.661332e-02
8 53 9.654053e-02
19 39 9.653217e-02
11 57 9.628304e-02
7 63 9.626943e-02
50 54 9.588047e-02
30 35 9.508658e-02
34 43 9.483646e-02
27 31 9.481046e-02
36 40 9.459315e-02
52 59 9.437345e-02
61 62 9.397519e-02
1 55 9.365411e-02
2 58 9.359776e-02
24 41 9.354914e-02
56 62 9.345524e-02
19 37 9.331241e-02
7 64 9.272900e-02
7 18 9.219146e-02
53 55 9.215306e-02
57 58 9.192326e-02
37 56 9.180888e-02
16 23 9.156573e-02
40 48 9.152973e-02
6 17 9.141109e-02
3 46 9.117712e-02
6 55 9.090592e-02
8 35 9.058167e-02
15 19 9.057120e-02
57 64 9.045473e-02
14 29 9.041509e-02
51 58 9.037638e-02
54 63 8.998482e-02
16 42 8.981365e-02
36 47 8.949901e-02
18 58 8.868164e-02
23 31 8.865443e-02
14 45 8.810291e-02
34 58 8.747291e-02
6 11 8.697423e-02
4 39 8.620513e-02
1 54 8.609672e-02
1 65 8.582860e-02
9 24 8.563593e-02
22 53 8.543678e-02
36 52 8.530844e-02
31 54 8.528763e-02
43 54 8.524214e-02
24 61 8.514731e-02
50 62 8.506876e-02
14 18 8.462412e-02
30 60 8.461661e-02
11 16 8.344860e-02
27 59 8.333930e-02
12 29 8.331272e-02
1 31 8.312975e-02
6 35 8.270675e-02
19 22 8.201490e-02
2 53 8.169860e-02
23 47 8.145138e-02
16 22 8.140252e-02
46 51 8.113858e-02
1 58 8.086114e-02
44 61 8.073226e-02
20 56 8.072394e-02
25 26 7.982385e-02
30 44 7.969293e-02
31 53 7.957595e-02
47 61 7.948503e-02
7 24 7.927520e-02
41 59 7.893236e-02
39 45 7.882903e-02
21 29 7.873709e-02
10 19 7.867688e-02
7 60 7.864281e-02
5 32 7.861588e-02
39 65 7.859369e-02
29 65 7.795200e-02
15 16 7.787673e-02
13 57 7.782858e-02
12 54 7.762927e-02
25 65 7.761549e-02
26 51 7.662523e-02
18 33 7.637294e-02
15 35 7.543022e-02
39 43 7.535406e-02
38 46 7.532708e-02
7 11 7.522074e-02
36 37 7.518165e-02
9 38 7.513664e-02
9 43 7.494762e-02
18 20 7.452518e-02
35 54 7.433542e-02
60 61 7.425730e-02
17 62 7.351328e-02
27 61 7.289742e-02
40 52 7.196388e-02
24 62 7.161068e-02
47 55 7.145061e-02
34 47 7.139773e-02
30 52 7.045382e-02
46 53 7.042948e-02
26 58 7.020262e-02
41 65 6.994795e-02
15 55 6.907269e-02
46 66 6.762905e-02
12 23 6.759453e-02
6 49 6.673509e-02
10 36 6.664313e-02
4 58 6.652980e-02
12 30 6.623911e-02
45 61 6.596712e-02
35 46 6.495529e-02
1 56 6.488315e-02
11 36 6.485575e-02
13 33 6.478209e-02
26 48 6.466776e-02
26 29 6.432067e-02
34 48 6.426579e-02
1 19 6.399278e-02
17 21 6.377462e-02
27 66 6.365805e-02
4 54 6.340301e-02
19 51 6.290187e-02
1 29 6.283074e-02
58 65 6.259860e-02
13 24 6.237192e-02
10 47 6.232224e-02
11 30 6.219526e-02
35 36 6.191281e-02
1 32 6.181144e-02
13 35 6.161446e-02
32 50 6.129838e-02
12 56 6.120705e-02
55 64 6.110928e-02
46 59 6.108469e-02
8 14 6.083148e-02
49 54 6.064185e-02
17 64 6.040857e-02
39 52 5.989600e-02
2 63 5.968224e-02
9 17 5.966738e-02
22 32 5.947572e-02
59 63 5.926746e-02
3 15 5.902263e-02
5 50 5.877209e-02
13 52 5.860764e-02
28 45 5.859833e-02
42 46 5.850408e-02
24 60 5.840547e-02
30 40 5.800094e-02
61 66 5.760286e-02
20 53 5.699715e-02
33 57 5.689599e-02
19 31 5.684141e-02
17 58 5.638490e-02
38 48 5.631579e-02
1 5 5.557593e-02
32 62 5.518157e-02
4 57 5.507083e-02
22 33 5.496683e-02
27 51 5.493755e-02
17 36 5.408626e-02
51 57 5.402719e-02
10 65 5.351472e-02
40 63 5.350852e-02
4 56 5.310365e-02
43 44 5.300028e-02
55 63 5.291033e-02
16 46 5.289969e-02
19 47 5.261429e-02
15 43 5.257275e-02
48 56 5.219692e-02
16 43 5.181538e-02
43 49 5.154950e-02
9 57 5.151486e-02
34 41 5.113291e-02
2 11 5.100660e-02
21 36 5.081957e-02
48 64 5.004694e-02
20 54 5.000614e-02
35 42 4.994666e-02
15 36 4.993680e-02
9 59 4.940422e-02
31 60 4.908670e-02
43 61 4.899062e-02
48 57 4.894931e-02
47 64 4.857357e-02
39 42 4.846746e-02
26 33 4.823919e-02
22 24 4.815482e-02
11 64 4.800640e-02
9 46 4.790050e-02
19 28 4.781721e-02
2 18 4.760542e-02
8 11 4.732993e-02
3 10 4.704335e-02
16 48 4.696781e-02
17 55 4.685661e-02
51 66 4.672941e-02
42 50 4.669542e-02
17 60 4.654592e-02
7 51 4.566225e-02
11 42 4.561958e-02
45 51 4.551751e-02
26 27 4.537487e-02
20 45 4.509859e-02
16 52 4.505586e-02
8 24 4.478763e-02
23 36 4.455063e-02
12 19 4.448158e-02
48 60 4.413169e-02
33 62 4.409308e-02
9 42 4.385604e-02
14 46 4.325173e-02
19 44 4.309437e-02
28 47 4.306543e-02
16 47 4.274109e-02
45 58 4.266227e-02
30 63 4.255725e-02
6 54 4.254166e-02
1 57 4.162368e-02
51 52 4.139518e-02
13 16 4.138903e-02
47 60 4.089401e-02
44 62 4.063641e-02
46 47 3.989668e-02
22 64 3.929790e-02
5 66 3.928241e-02
6 64 3.924921e-02
1 53 3.923001e-02
17 18 3.894132e-02
37 62 3.874084e-02
38 54 3.861868e-02
15 48 3.859469e-02
1 20 3.830496e-02
14 40 3.821978e-02
10 58 3.772147e-02
39 56 3.743323e-02
23 34 3.731504e-02
42 47 3.654294e-02
9 20 3.634597e-02
7 62 3.607584e-02
24 49 3.599553e-02
29 32 3.581559e-02
7 61 3.569571e-02
1 9 3.559852e-02
35 55 3.558182e-02
38 62 3.550118e-02
17 47 3.550095e-02
19 24 3.447581e-02
1 21 3.434796e-02
28 35 3.429350e-02
4 51 3.385259e-02
5 22 3.361153e-02
8 65 3.357626e-02
1 14 3.349200e-02
1 13 3.344041e-02
10 16 3.326049e-02
19 30 3.312118e-02
28 41 3.248045e-02
56 61 3.172152e-02
48 53 3.146461e-02
15 27 3.084045e-02
15 39 3.080861e-02
35 65 3.065512e-02
49 55 3.018019e-02
27 35 2.978749e-02
53 64 2.972364e-02
20 58 2.961360e-02
10 61 2.961199e-02
21 57 2.928169e-02
4 63 2.903252e-02
14 59 2.880947e-02
26 52 2.846983e-02
15 23 2.845587e-02
42 49 2.835086e-02
39 51 2.765451e-02
26 45 2.751716e-02
31 43 2.751267e-02
31 57 2.738938e-02
53 59 2.730666e-02
49 66 2.719660e-02
12 50 2.714290e-02
25 29 2.643142e-02
1 47 2.636141e-02
34 66 2.606151e-02
10 46 2.576920e-02
24 38 2.569869e-02
15 29 2.512818e-02
26 34 2.504186e-02
11 34 2.499692e-02
39 48 2.447180e-02
7 13 2.434872e-02
29 34 2.385205e-02
17 29 2.384785e-02
5 27 2.347322e-02
47 59 2.338674e-02
20 50 2.317339e-02
20 40 2.310134e-02
33 41 2.151297e-02
13 29 2.144055e-02
15 38 2.135058e-02
1 48 2.133581e-02
8 15 2.123565e-02
18 27 2.103003e-02
32 58 2.099990e-02
36 50 2.072176e-02
18 36 2.059026e-02
17 19 2.049547e-02
13 26 2.038609e-02
15 53 2.037706e-02
15 44 2.028824e-02
14 28 2.024567e-02
20 61 2.020632e-02
24 40 1.936027e-02
41 55 1.924617e-02
1 50 1.918970e-02
30 50 1.827661e-02
45 57 1.821912e-02
39 64 1.816160e-02
4 36 1.808313e-02
7 16 1.769741e-02
11 29 1.764407e-02
22 26 1.740776e-02
18 31 1.738864e-02
51 56 1.733503e-02
31 40 1.687537e-02
27 43 1.684544e-02
32 49 1.671997e-02
8 19 1.604773e-02
27 32 1.534738e-02
51 62 1.525218e-02
33 36 1.494147e-02
51 53 1.472137e-02
24 37 1.470287e-02
8 12 1.437713e-02
21 30 1.435342e-02
11 26 1.432974e-02
16 62 1.424433e-02
25 43 1.410774e-02
1 35 1.352478e-02
23 60 1.341782e-02
24 51 1.324568e-02
16 24 1.312715e-02
19 43 1.275406e-02
5 20 1.233320e-02
1 51 1.196737e-02
3 23 1.167225e-02
4 55 1.164121e-02
3 32 1.141828e-02
36 60 1.126795e-02
18 64 1.125078e-02
35 43 1.080326e-02
42 55 1.042214e-02
14 19 1.010346e-02
9 45 1.002363e-02
22 28 9.689996e-03
42 45 9.632672e-03
26 50 9.361050e-03
48 54 9.186573e-03
48 58 9.091250e-03
40 54 8.867482e-03
21 26 8.620467e-03
45 59 8.489555e-03
5 12 8.023450e-03
35 62 7.808223e-03
13 44 7.657178e-03
6 15 7.597910e-03
27 45 7.597030e-03
16 41 7.582586e-03
23 55 7.424591e-03
10 66 7.269068e-03
24 50 6.643378e-03
24 31 6.209387e-03
13 48 6.142816e-03
25 39 6.036606e-03
27 55 5.947243e-03
18 37 5.903623e-03
8 54 5.895447e-03
2 15 5.705212e-03
37 43 5.627794e-03
24 33 5.470999e-03
45 52 5.248261e-03
31 58 5.158720e-03
31 47 4.406807e-03
9 33 4.234246e-03
44 64 4.015904e-03
20 26 3.110993e-03
29 59 3.102947e-03
55 60 3.041504e-03
3 65 2.736786e-03
21 37 2.693198e-03
6 13 2.602681e-03
31 42 2.601232e-03
42 57 1.982519e-03
31 46 1.954694e-03
2 57 1.829952e-03
31 50 1.286753e-03
8 26 1.233274e-03
14 26 1.175447e-03
27 49 9.048874e-04
50 58 8.951804e-04
1 34 7.528354e-04
11 21 6.936991e-04
19 41 3.163780e-04
33 58 2.863089e-04
32 37 2.580509e-04
42 62 2.429597e-04
34 52 -1.304326e-04
35 37 -5.970898e-04
6 47 -9.211120e-04
33 50 -9.546414e-04
7 66 -1.581291e-03
35 64 -2.291133e-03
45 63 -2.854506e-03
48 61 -2.903382e-03
17 61 -3.151758e-03
21 47 -3.369051e-03
43 50 -3.679211e-03
26 31 -3.754868e-03
15 26 -3.871562e-03
59 64 -3.871686e-03
31 66 -4.722245e-03
1 6 -4.922863e-03
6 66 -5.028962e-03
13 47 -5.767528e-03
13 36 -5.820840e-03
26 41 -6.064118e-03
30 53 -6.145109e-03
7 46 -6.350683e-03
54 57 -6.371939e-03
3 47 -6.454497e-03
21 54 -7.313680e-03
15 25 -7.476129e-03
12 24 -7.789727e-03
6 62 -7.902742e-03
25 45 -8.166121e-03
4 19 -8.518436e-03
28 50 -8.731327e-03
39 63 -8.849259e-03
4 47 -8.928821e-03
2 47 -9.187799e-03
47 63 -9.210179e-03
45 60 -9.305786e-03
39 55 -9.313489e-03
43 47 -9.439156e-03
3 50 -9.628331e-03
3 16 -9.680759e-03
40 59 -9.717090e-03
42 56 -1.019648e-02
2 52 -1.059531e-02
31 62 -1.078363e-02
24 32 -1.089192e-02
11 38 -1.097045e-02
15 47 -1.102368e-02
16 26 -1.152205e-02
43 55 -1.207667e-02
22 47 -1.246121e-02
29 61 -1.249692e-02
13 30 -1.253726e-02
12 48 -1.295132e-02
14 30 -1.313788e-02
5 65 -1.327658e-02
2 54 -1.354052e-02
23 35 -1.378881e-02
13 53 -1.397420e-02
45 66 -1.411012e-02
19 33 -1.411030e-02
28 54 -1.522052e-02
50 64 -1.524976e-02
42 51 -1.528984e-02
13 28 -1.547994e-02
11 18 -1.550130e-02
18 62 -1.552517e-02
12 21 -1.618808e-02
29 50 -1.630063e-02
21 55 -1.631620e-02
11 14 -1.633571e-02
22 29 -1.679400e-02
22 46 -1.689646e-02
24 34 -1.728805e-02
33 64 -1.772388e-02
18 65 -1.795698e-02
46 62 -1.844605e-02
17 39 -1.852352e-02
2 20 -1.858821e-02
36 48 -1.889800e-02
1 17 -1.897934e-02
12 27 -1.931405e-02
23 24 -1.947410e-02
30 45 -1.947715e-02
1 46 -1.956222e-02
1 49 -2.001553e-02
15 66 -2.030308e-02
9 40 -2.048293e-02
17 35 -2.059398e-02
33 47 -2.059850e-02
36 62 -2.070117e-02
23 64 -2.072388e-02
36 53 -2.076376e-02
14 63 -2.109775e-02
31 38 -2.122075e-02
1 30 -2.135456e-02
17 30 -2.187048e-02
41 43 -2.222307e-02
5 54 -2.231558e-02
15 57 -2.255646e-02
6 19 -2.256020e-02
36 42 -2.300976e-02
3 29 -2.302657e-02
3 36 -2.306176e-02
37 45 -2.370820e-02
22 42 -2.389613e-02
25 58 -2.397681e-02
20 27 -2.435682e-02
25 46 -2.459223e-02
5 44 -2.459632e-02
2 9 -2.473037e-02
57 65 -2.480421e-02
43 58 -2.494500e-02
51 64 -2.508492e-02
21 50 -2.526555e-02
16 38 -2.529398e-02
17 22 -2.557811e-02
25 61 -2.577882e-02
25 34 -2.579155e-02
47 48 -2.581536e-02
25 32 -2.585861e-02
30 42 -2.595884e-02
29 44 -2.610535e-02
7 23 -2.616878e-02
28 49 -2.668646e-02
18 44 -2.670233e-02
56 63 -2.678631e-02
9 50 -2.680104e-02
33 56 -2.696853e-02
31 41 -2.700841e-02
8 48 -2.714803e-02
29 36 -2.728279e-02
28 48 -2.736872e-02
58 59 -2.795513e-02
47 66 -2.807747e-02
29 66 -2.819274e-02
14 35 -2.841365e-02
11 22 -2.845004e-02
11 17 -2.858622e-02
41 56 -2.894087e-02
17 46 -2.898841e-02
33 53 -2.907485e-02
36 64 -2.950479e-02
26 47 -2.974094e-02
22 50 -3.017168e-02
32 40 -3.093277e-02
20 57 -3.117352e-02
26 53 -3.135034e-02
33 39 -3.231524e-02
20 55 -3.275699e-02
21 39 -3.281645e-02
28 57 -3.284090e-02
1 16 -3.321884e-02
48 52 -3.342320e-02
45 49 -3.351190e-02
38 45 -3.388836e-02
11 41 -3.424468e-02
35 61 -3.441930e-02
35 39 -3.509755e-02
10 56 -3.517583e-02
6 51 -3.530947e-02
21 32 -3.540349e-02
32 41 -3.554176e-02
56 65 -3.586234e-02
59 65 -3.646286e-02
23 59 -3.653833e-02
28 53 -3.655344e-02
24 65 -3.658670e-02
42 58 -3.670280e-02
34 39 -3.673903e-02
34 50 -3.689640e-02
8 21 -3.689742e-02
1 40 -3.740192e-02
16 44 -3.748848e-02
7 34 -3.777784e-02
23 65 -3.788584e-02
8 55 -3.812065e-02
31 63 -3.834480e-02
20 38 -3.861907e-02
5 39 -3.869239e-02
2 19 -3.876607e-02
1 10 -3.883572e-02
24 36 -3.967942e-02
25 55 -3.986956e-02
13 43 -3.988803e-02
5 15 -4.009311e-02
14 27 -4.010011e-02
1 36 -4.015755e-02
54 62 -4.020911e-02
30 46 -4.021962e-02
29 60 -4.030215e-02
5 19 -4.047683e-02
12 32 -4.058528e-02
19 54 -4.065462e-02
11 47 -4.073441e-02
7 54 -4.097371e-02
19 40 -4.111064e-02
58 66 -4.116384e-02
19 46 -4.129410e-02
1 11 -4.141134e-02
8 17 -4.185916e-02
26 62 -4.222143e-02
13 32 -4.284230e-02
30 55 -4.327359e-02
8 31 -4.382636e-02
5 10 -4.409100e-02
20 43 -4.456857e-02
8 23 -4.493911e-02
21 33 -4.558077e-02
27 33 -4.630960e-02
25 51 -4.631305e-02
6 32 -4.632082e-02
6 24 -4.638092e-02
8 13 -4.660242e-02
27 50 -4.680947e-02
19 42 -4.684532e-02
30 47 -4.744059e-02
14 58 -4.758660e-02
52 54 -4.760493e-02
9 39 -4.769310e-02
16 19 -4.774684e-02
20 31 -4.816056e-02
18 51 -4.819812e-02
18 28 -4.862821e-02
3 48 -4.874055e-02
48 66 -4.920792e-02
34 61 -4.942520e-02
32 66 -4.958117e-02
7 29 -4.960759e-02
7 19 -4.975103e-02
7 57 -4.981386e-02
5 36 -4.985283e-02
25 31 -5.023040e-02
5 41 -5.053988e-02
41 64 -5.088440e-02
6 25 -5.113455e-02
42 53 -5.143936e-02
14 37 -5.150848e-02
15 61 -5.154523e-02
18 48 -5.169880e-02
42 54 -5.173749e-02
18 49 -5.176868e-02
35 38 -5.204038e-02
32 65 -5.236443e-02
40 65 -5.238564e-02
17 24 -5.285560e-02
45 55 -5.289058e-02
27 58 -5.300088e-02
52 62 -5.302180e-02
53 66 -5.332326e-02
42 59 -5.370706e-02
45 64 -5.414493e-02
45 50 -5.441686e-02
15 46 -5.451426e-02
2 39 -5.480950e-02
42 61 -5.491861e-02
9 44 -5.495932e-02
8 18 -5.507360e-02
9 58 -5.509895e-02
5 63 -5.519778e-02
19 48 -5.538900e-02
34 54 -5.556509e-02
27 48 -5.569563e-02
1 39 -5.576303e-02
5 48 -5.589004e-02
38 44 -5.605341e-02
9 63 -5.611162e-02
30 39 -5.626022e-02
24 43 -5.672644e-02
17 23 -5.675237e-02
43 56 -5.678752e-02
23 27 -5.686182e-02
4 14 -5.731349e-02
50 52 -5.732505e-02
42 60 -5.771835e-02
23 39 -5.773867e-02
10 50 -5.782408e-02
47 53 -5.795319e-02
9 28 -5.854837e-02
16 27 -5.875551e-02
8 46 -5.882328e-02
1 18 -5.932473e-02
4 23 -5.984773e-02
29 56 -5.990997e-02
32 46 -6.007353e-02
13 27 -6.059356e-02
52 63 -6.115860e-02
5 61 -6.134253e-02
7 47 -6.206173e-02
8 30 -6.220739e-02
1 62 -6.227572e-02
8 49 -6.231594e-02
13 62 -6.262116e-02
18 23 -6.318736e-02
11 35 -6.323740e-02
16 31 -6.344718e-02
22 45 -6.351871e-02
46 49 -6.353089e-02
29 62 -6.356616e-02
44 66 -6.367419e-02
26 60 -6.383983e-02
21 44 -6.404751e-02
48 65 -6.413735e-02
1 63 -6.428355e-02
4 61 -6.437883e-02
35 66 -6.448110e-02
43 46 -6.455017e-02
19 25 -6.496322e-02
40 50 -6.521842e-02
24 39 -6.541048e-02
17 32 -6.544153e-02
28 32 -6.552365e-02
10 54 -6.581196e-02
7 43 -6.592805e-02
48 59 -6.603851e-02
28 43 -6.607884e-02
2 50 -6.613626e-02
6 56 -6.618827e-02
36 43 -6.674025e-02
44 54 -6.674194e-02
8 61 -6.677894e-02
22 30 -6.682216e-02
7 49 -6.693801e-02
20 52 -6.697473e-02
40 64 -6.811290e-02
8 39 -6.854186e-02
23 29 -6.877581e-02
28 52 -6.883006e-02
51 60 -6.904458e-02
15 34 -6.999106e-02
32 55 -7.007743e-02
2 29 -7.019073e-02
16 20 -7.046483e-02
36 41 -7.049782e-02
34 56 -7.101980e-02
34 64 -7.105447e-02
50 66 -7.157167e-02
12 37 -7.244086e-02
27 64 -7.264546e-02
56 58 -7.271756e-02
10 24 -7.285004e-02
40 62 -7.294073e-02
10 52 -7.299800e-02
10 63 -7.364364e-02
31 48 -7.390813e-02
4 29 -7.399500e-02
26 42 -7.416766e-02
18 40 -7.437156e-02
47 56 -7.448363e-02
34 53 -7.508094e-02
6 48 -7.534795e-02
9 52 -7.569045e-02
15 32 -7.570991e-02
15 33 -7.586349e-02
10 20 -7.586781e-02
3 20 -7.605167e-02
1 45 -7.611271e-02
21 52 -7.634053e-02
44 50 -7.641103e-02
4 60 -7.641393e-02
3 56 -7.644788e-02
15 49 -7.648641e-02
30 54 -7.660768e-02
29 37 -7.670075e-02
10 11 -7.694828e-02
36 61 -7.766376e-02
13 40 -7.798624e-02
21 22 -7.839869e-02
18 26 -7.875007e-02
6 39 -7.883878e-02
38 53 -7.884017e-02
33 66 -7.886340e-02
39 50 -7.906920e-02
9 55 -7.939327e-02
39 62 -7.940181e-02
19 64 -8.011532e-02
9 35 -8.073296e-02
50 59 -8.073766e-02
4 15 -8.076721e-02
21 46 -8.132968e-02
23 54 -8.149830e-02
30 56 -8.151312e-02
14 57 -8.153829e-02
37 47 -8.159505e-02
40 47 -8.195171e-02
3 43 -8.198706e-02
4 46 -8.201356e-02
7 35 -8.219354e-02
12 58 -8.289779e-02
13 31 -8.293724e-02
7 45 -8.299710e-02
3 39 -8.376133e-02
10 25 -8.385924e-02
35 53 -8.427109e-02
17 38 -8.428888e-02
21 58 -8.429147e-02
35 56 -8.460382e-02
14 51 -8.492406e-02
23 37 -8.494854e-02
35 48 -8.521909e-02
29 64 -8.533819e-02
20 41 -8.534953e-02
45 56 -8.575078e-02
1 59 -8.659259e-02
11 63 -8.683105e-02
10 29 -8.705615e-02
10 53 -8.719572e-02
38 49 -8.723696e-02
31 35 -8.739164e-02
6 65 -8.753279e-02
30 57 -8.758619e-02
45 54 -8.810964e-02
47 52 -8.840883e-02
3 24 -8.847386e-02
18 46 -8.854620e-02
24 35 -8.892321e-02
7 31 -8.905766e-02
1 52 -8.921700e-02
5 33 -8.925917e-02
20 35 -8.940951e-02
33 61 -8.948815e-02
3 57 -9.018579e-02
14 36 -9.029712e-02
23 28 -9.032486e-02
1 60 -9.088011e-02
20 64 -9.090123e-02
32 63 -9.098961e-02
2 46 -9.101319e-02
25 59 -9.123709e-02
50 63 -9.125408e-02
22 61 -9.140177e-02
44 47 -9.156128e-02
53 62 -9.177005e-02
7 27 -9.188824e-02
3 31 -9.218132e-02
26 35 -9.280533e-02
2 31 -9.349227e-02
2 14 -9.369651e-02
34 46 -9.377359e-02
19 58 -9.454658e-02
25 47 -9.480619e-02
28 39 -9.480736e-02
9 37 -9.503562e-02
14 50 -9.507205e-02
25 62 -9.527133e-02
11 60 -9.558654e-02
36 46 -9.564773e-02
2 30 -9.581890e-02
43 64 -9.603310e-02
39 41 -9.609031e-02
59 66 -9.612821e-02
27 36 -9.623139e-02
43 63 -9.657343e-02
15 63 -9.663526e-02
29 47 -9.693389e-02
6 59 -9.710939e-02
52 57 -9.712555e-02
4 16 -9.760416e-02
25 36 -9.835621e-02
27 29 -9.861575e-02
27 47 -9.901410e-02
15 31 -9.923245e-02
22 52 -9.947444e-02
9 22 -9.963757e-02
44 53 -1.001754e-01
15 24 -1.007806e-01
42 65 -1.013422e-01
29 55 -1.017774e-01
33 65 -1.020252e-01
40 61 -1.021574e-01
30 51 -1.027396e-01
29 51 -1.028181e-01
1 28 -1.030029e-01
27 28 -1.032663e-01
17 52 -1.033768e-01
15 58 -1.034325e-01
45 62 -1.036923e-01
10 33 -1.040285e-01
40 57 -1.050454e-01
35 52 -1.054407e-01
29 49 -1.055272e-01
48 55 -1.057190e-01
38 65 -1.058662e-01
13 65 -1.059847e-01
21 31 -1.060165e-01
23 58 -1.061217e-01
34 62 -1.065452e-01
22 65 -1.065483e-01
16 49 -1.067974e-01
24 29 -1.069090e-01
19 32 -1.071294e-01
10 62 -1.076574e-01
8 63 -1.080187e-01
47 65 -1.080527e-01
43 62 -1.083134e-01
11 53 -1.084163e-01
7 20 -1.086577e-01
17 43 -1.092016e-01
12 26 -1.092497e-01
17 66 -1.092571e-01
32 57 -1.096751e-01
29 38 -1.096941e-01
21 61 -1.097801e-01
9 23 -1.101439e-01
12 42 -1.102932e-01
15 64 -1.103255e-01
3 34 -1.104251e-01
13 61 -1.105556e-01
12 47 -1.116096e-01
12 59 -1.116371e-01
23 51 -1.117497e-01
26 54 -1.119109e-01
12 45 -1.121108e-01
17 41 -1.121838e-01
36 57 -1.127764e-01
8 60 -1.131591e-01
30 61 -1.132381e-01
1 23 -1.136864e-01
19 38 -1.137116e-01
3 35 -1.139682e-01
32 47 -1.144059e-01
7 21 -1.144174e-01
42 64 -1.146867e-01
25 30 -1.154514e-01
35 50 -1.160224e-01
11 27 -1.167631e-01
35 58 -1.169221e-01
6 46 -1.173721e-01
37 63 -1.174727e-01
5 45 -1.179149e-01
38 63 -1.180650e-01
17 59 -1.181735e-01
31 37 -1.182256e-01
10 57 -1.184176e-01
39 58 -1.184327e-01
30 49 -1.185013e-01
18 54 -1.186139e-01
6 28 -1.186145e-01
40 58 -1.188527e-01
15 62 -1.191156e-01
7 50 -1.192871e-01
14 39 -1.195758e-01
6 45 -1.197097e-01
11 66 -1.197473e-01
22 54 -1.199575e-01
1 22 -1.200794e-01
17 50 -1.201401e-01
32 44 -1.201465e-01
26 32 -1.207044e-01
47 58 -1.210682e-01
7 30 -1.216048e-01
46 48 -1.219878e-01
3 17 -1.222643e-01
9 61 -1.223173e-01
5 58 -1.223738e-01
27 54 -1.224514e-01
10 17 -1.225141e-01
30 37 -1.225492e-01
6 12 -1.225601e-01
5 56 -1.225908e-01
7 17 -1.229272e-01
6 52 -1.230345e-01
21 66 -1.231611e-01
36 49 -1.236059e-01
14 31 -1.243515e-01
41 57 -1.245695e-01
1 25 -1.251754e-01
9 29 -1.252676e-01
43 57 -1.254295e-01
21 49 -1.254501e-01
41 46 -1.254809e-01
28 60 -1.255667e-01
31 45 -1.257668e-01
33 52 -1.257789e-01
11 49 -1.259140e-01
1 33 -1.260813e-01
30 58 -1.261784e-01
20 51 -1.262763e-01
39 54 -1.264773e-01
8 32 -1.268195e-01
40 55 -1.273039e-01
35 60 -1.279599e-01
15 45 -1.283908e-01
9 31 -1.286848e-01
22 51 -1.290335e-01
28 63 -1.295676e-01
12 64 -1.300641e-01
13 23 -1.303945e-01
16 30 -1.303989e-01
19 63 -1.308599e-01
44 65 -1.311666e-01
11 61 -1.313130e-01
12 33 -1.314506e-01
8 56 -1.315813e-01
22 34 -1.315880e-01
10 64 -1.316582e-01
16 60 -1.318209e-01
10 26 -1.320218e-01
15 54 -1.320621e-01
34 42 -1.322702e-01
23 63 -1.325105e-01
14 32 -1.327136e-01
17 65 -1.327546e-01
3 13 -1.328862e-01
35 45 -1.329942e-01
16 50 -1.331713e-01
9 54 -1.333129e-01
18 32 -1.336463e-01
11 37 -1.338070e-01
1 26 -1.340816e-01
12 60 -1.341578e-01
1 37 -1.341750e-01
33 55 -1.343324e-01
4 53 -1.349503e-01
45 53 -1.355564e-01
19 56 -1.355945e-01
8 45 -1.360177e-01
24 47 -1.361659e-01
30 65 -1.363606e-01
49 61 -1.364741e-01
8 34 -1.372259e-01
8 28 -1.383739e-01
3 52 -1.387878e-01
24 66 -1.389981e-01
37 57 -1.394037e-01
36 45 -1.394640e-01
36 59 -1.395700e-01
8 57 -1.396599e-01
39 61 -1.398758e-01
24 63 -1.398983e-01
12 66 -1.402049e-01
44 51 -1.405691e-01
32 59 -1.407119e-01
33 60 -1.409571e-01
20 23 -1.414710e-01
20 63 -1.416740e-01
24 64 -1.419638e-01
19 35 -1.420909e-01
47 49 -1.426025e-01
30 38 -1.426786e-01
19 29 -1.429206e-01
10 39 -1.433614e-01
31 64 -1.436842e-01
23 50 -1.439211e-01
25 52 -1.439943e-01
20 24 -1.443640e-01
57 62 -1.445883e-01
8 47 -1.446545e-01
2 33 -1.446563e-01
2 17 -1.449003e-01
37 54 -1.451485e-01
23 45 -1.456177e-01
13 58 -1.457543e-01
7 48 -1.458143e-01
44 57 -1.459958e-01
14 20 -1.460471e-01
8 66 -1.461108e-01
16 59 -1.464553e-01
14 61 -1.465226e-01
37 60 -1.468938e-01
21 60 -1.478990e-01
4 20 -1.491695e-01
16 32 -1.493739e-01
8 50 -1.495432e-01
28 61 -1.498616e-01
8 16 -1.498856e-01
9 51 -1.502311e-01
17 44 -1.502662e-01
22 63 -1.511423e-01
20 59 -1.518406e-01
20 65 -1.522183e-01
8 51 -1.525927e-01
34 60 -1.532522e-01
53 61 -1.536631e-01
10 23 -1.540557e-01
43 66 -1.540720e-01
3 14 -1.542372e-01
23 30 -1.551921e-01
12 61 -1.552869e-01
42 66 -1.555613e-01
44 60 -1.555781e-01
13 34 -1.557822e-01
6 57 -1.564995e-01
31 49 -1.565260e-01
9 53 -1.566762e-01
26 59 -1.572767e-01
37 50 -1.573170e-01
12 35 -1.573809e-01
23 32 -1.575250e-01
56 57 -1.575539e-01
34 51 -1.578825e-01
59 61 -1.585940e-01
3 18 -1.589696e-01
45 65 -1.592400e-01
17 63 -1.595672e-01
21 64 -1.599588e-01
40 51 -1.605345e-01
5 26 -1.608917e-01
23 33 -1.609257e-01
8 33 -1.609992e-01
21 27 -1.613201e-01
10 22 -1.614687e-01
41 58 -1.618674e-01
51 63 -1.618779e-01
6 37 -1.618869e-01
10 43 -1.621963e-01
17 56 -1.621969e-01
1 27 -1.622514e-01
2 59 -1.626202e-01
25 54 -1.626504e-01
19 57 -1.626663e-01
48 63 -1.633033e-01
38 52 -1.638215e-01
35 40 -1.639184e-01
41 61 -1.639300e-01
10 55 -1.639965e-01
8 36 -1.645563e-01
11 33 -1.649122e-01
31 52 -1.649778e-01
40 66 -1.651833e-01
8 62 -1.652259e-01
18 59 -1.652981e-01
1 38 -1.656782e-01
16 58 -1.669042e-01
13 56 -1.673291e-01
8 59 -1.673570e-01
11 39 -1.674488e-01
54 66 -1.675162e-01
13 39 -1.678312e-01
43 51 -1.682022e-01
6 30 -1.682078e-01
15 52 -1.683174e-01
52 66 -1.687807e-01
30 59 -1.690165e-01
23 26 -1.691309e-01
40 60 -1.692158e-01
16 54 -1.692193e-01
7 32 -1.695078e-01
2 24 -1.695675e-01
41 53 -1.698122e-01
26 30 -1.707647e-01
30 43 -1.713080e-01
14 65 -1.725816e-01
27 62 -1.727100e-01
37 42 -1.728978e-01
18 43 -1.732479e-01
35 41 -1.733016e-01
20 37 -1.733272e-01
36 39 -1.735198e-01
11 56 -1.736032e-01
12 63 -1.738693e-01
33 43 -1.740573e-01
29 52 -1.746120e-01
7 55 -1.749374e-01
7 59 -1.758387e-01
11 43 -1.759253e-01
20 62 -1.759945e-01
6 60 -1.762434e-01
21 53 -1.767782e-01
34 59 -1.771713e-01
21 62 -1.772339e-01
6 23 -1.775352e-01
7 36 -1.775791e-01
31 59 -1.779492e-01
23 61 -1.780138e-01
25 60 -1.785498e-01
22 58 -1.789899e-01
17 48 -1.792061e-01
32 60 -1.792680e-01
52 64 -1.794308e-01
33 59 -1.796753e-01
13 51 -1.797867e-01
9 60 -1.798081e-01
25 64 -1.800527e-01
27 57 -1.801090e-01
30 64 -1.801532e-01
1 41 -1.803634e-01
28 55 -1.804181e-01
11 45 -1.805765e-01
5 16 -1.807845e-01
25 53 -1.812879e-01
17 53 -1.814630e-01
28 58 -1.819440e-01
2 43 -1.820818e-01
20 39 -1.823056e-01
1 42 -1.829294e-01
40 53 -1.830684e-01
18 55 -1.845550e-01
3 30 -1.847388e-01
2 21 -1.850915e-01
12 52 -1.852084e-01
5 17 -1.852127e-01
18 56 -1.852672e-01
13 37 -1.854385e-01
39 60 -1.857146e-01
6 27 -1.860612e-01
39 46 -1.861458e-01
36 54 -1.862798e-01
2 22 -1.867041e-01
44 58 -1.869349e-01
14 43 -1.870529e-01
1 24 -1.874184e-01
14 42 -1.877867e-01
4 21 -1.881958e-01
5 55 -1.892712e-01
2 32 -1.895838e-01
22 48 -1.896368e-01
1 43 -1.898213e-01
39 57 -1.899348e-01
36 55 -1.900690e-01
19 50 -1.900768e-01
15 42 -1.901169e-01
44 55 -1.904243e-01
28 59 -1.904461e-01
11 55 -1.911146e-01
41 47 -1.915050e-01
15 56 -1.916028e-01
17 57 -1.932727e-01
7 39 -1.935079e-01
7 52 -1.943085e-01
36 44 -1.944091e-01
5 29 -1.948210e-01
23 46 -1.951466e-01
7 53 -1.952835e-01
32 51 -1.957245e-01
10 48 -1.960163e-01
4 32 -1.962764e-01
40 46 -1.983795e-01
2 27 -1.985804e-01
15 65 -1.992669e-01
20 66 -1.994499e-01
14 22 -1.996429e-01
6 36 -1.997905e-01
6 41 -1.998488e-01
18 22 -2.000387e-01
29 41 -2.008139e-01
4 37 -2.010491e-01
25 35 -2.010791e-01
24 54 -2.011319e-01
41 54 -2.018436e-01
28 46 -2.026561e-01
24 56 -2.034114e-01
42 63 -2.044903e-01
21 63 -2.047621e-01
18 63 -2.049452e-01
37 46 -2.051726e-01
11 23 -2.052324e-01
38 66 -2.052463e-01
40 56 -2.055909e-01
5 24 -2.056244e-01
29 43 -2.058550e-01
33 63 -2.059200e-01
14 54 -2.062849e-01
16 45 -2.066808e-01
21 40 -2.068285e-01
18 60 -2.069360e-01
7 22 -2.071510e-01
11 65 -2.074662e-01
13 60 -2.079893e-01
2 23 -2.087054e-01
4 34 -2.091593e-01
27 53 -2.093028e-01
5 57 -2.094538e-01
19 60 -2.096657e-01
14 24 -2.099513e-01
2 34 -2.102407e-01
14 60 -2.107822e-01
6 21 -2.111610e-01
32 48 -2.112309e-01
5 23 -2.117642e-01
7 25 -2.117846e-01
6 22 -2.118635e-01
5 53 -2.121760e-01
22 39 -2.123066e-01
17 37 -2.125522e-01
11 19 -2.126510e-01
1 44 -2.140961e-01
21 65 -2.143132e-01
3 42 -2.148624e-01
15 40 -2.153336e-01
21 24 -2.153463e-01
54 58 -2.182311e-01
12 44 -2.191240e-01
22 60 -2.201680e-01
2 45 -2.201831e-01
10 13 -2.204686e-01
36 56 -2.206481e-01
19 49 -2.212489e-01
22 55 -2.216094e-01
27 52 -2.216432e-01
3 21 -2.220686e-01
37 61 -2.221937e-01
37 53 -2.222821e-01
27 30 -2.226480e-01
34 65 -2.234830e-01
9 19 -2.240872e-01
6 26 -2.248074e-01
5 49 -2.252485e-01
24 28 -2.254229e-01
14 55 -2.257508e-01
38 61 -2.260396e-01
52 58 -2.261961e-01
21 25 -2.263247e-01
13 42 -2.263456e-01
12 34 -2.266299e-01
4 38 -2.269230e-01
15 30 -2.269995e-01
23 53 -2.274321e-01
24 48 -2.275346e-01
28 62 -2.277842e-01
38 51 -2.278379e-01
20 49 -2.281673e-01
5 25 -2.289064e-01
21 35 -2.294904e-01
5 31 -2.302613e-01
28 66 -2.303496e-01
18 57 -2.304515e-01
3 53 -2.304898e-01
27 46 -2.309768e-01
9 64 -2.314274e-01
9 36 -2.318941e-01
8 38 -2.334043e-01
6 31 -2.344339e-01
18 53 -2.350595e-01
2 16 -2.361131e-01
39 49 -2.371196e-01
6 61 -2.371275e-01
12 53 -2.377692e-01
37 48 -2.378157e-01
5 21 -2.384194e-01
38 50 -2.393356e-01
43 65 -2.394946e-01
19 62 -2.395598e-01
30 62 -2.396439e-01
6 43 -2.396876e-01
10 60 -2.398616e-01
18 35 -2.411735e-01
16 63 -2.416067e-01
18 30 -2.420295e-01
10 31 -2.429677e-01
9 41 -2.441221e-01
26 46 -2.443763e-01
13 54 -2.451716e-01
9 32 -2.456232e-01
35 44 -2.457223e-01
38 56 -2.466909e-01
26 66 -2.469458e-01
4 28 -2.474868e-01
9 27 -2.481874e-01
31 56 -2.486841e-01
37 64 -2.491360e-01
14 53 -2.508697e-01
18 34 -2.513844e-01
12 28 -2.521146e-01
14 49 -2.521734e-01
10 27 -2.524138e-01
44 46 -2.525806e-01
44 56 -2.528799e-01
28 56 -2.531862e-01
48 62 -2.540003e-01
18 38 -2.545227e-01
43 59 -2.545754e-01
2 36 -2.548088e-01
16 61 -2.553867e-01
25 49 -2.557272e-01
5 42 -2.559797e-01
17 51 -2.561576e-01
19 26 -2.563292e-01
4 41 -2.566812e-01
34 55 -2.570852e-01
10 42 -2.586329e-01
9 56 -2.592452e-01
38 58 -2.593150e-01
41 48 -2.596619e-01
9 34 -2.599261e-01
5 38 -2.600477e-01
21 51 -2.602760e-01
10 40 -2.614194e-01
4 50 -2.616424e-01
10 59 -2.619398e-01
14 66 -2.630541e-01
11 40 -2.638957e-01
38 55 -2.644306e-01
2 49 -2.649219e-01
30 41 -2.652981e-01
39 66 -2.666889e-01
5 43 -2.676125e-01
5 40 -2.677701e-01
32 45 -2.680492e-01
11 28 -2.697329e-01
7 37 -2.702303e-01
4 33 -2.704029e-01
15 59 -2.706595e-01
18 52 -2.706913e-01
12 57 -2.712056e-01
8 42 -2.713440e-01
26 63 -2.715894e-01
31 61 -2.716285e-01
12 40 -2.717824e-01
4 24 -2.726518e-01
8 27 -2.729311e-01
15 60 -2.731659e-01
18 29 -2.735692e-01
36 51 -2.737221e-01
4 31 -2.747902e-01
22 36 -2.753446e-01
23 56 -2.756789e-01
5 28 -2.764840e-01
2 48 -2.775095e-01
8 25 -2.779649e-01
18 45 -2.784637e-01
33 49 -2.784936e-01
52 53 -2.804465e-01
49 65 -2.806358e-01
12 51 -2.816738e-01
36 58 -2.821597e-01
23 48 -2.828400e-01
2 25 -2.828685e-01
7 38 -2.831734e-01
16 51 -2.846522e-01
33 46 -2.849912e-01
4 59 -2.857499e-01
49 64 -2.866492e-01
4 40 -2.871512e-01
19 61 -2.871701e-01
37 51 -2.880087e-01
2 44 -2.882457e-01
11 31 -2.883228e-01
3 49 -2.893546e-01
33 54 -2.894815e-01
3 25 -2.899496e-01
22 35 -2.900993e-01
26 64 -2.905626e-01
12 55 -2.905818e-01
13 66 -2.913808e-01
8 22 -2.918019e-01
5 47 -2.932341e-01
21 56 -2.944191e-01
5 59 -2.945098e-01
16 29 -2.958960e-01
41 51 -2.964407e-01
36 66 -2.967656e-01
37 58 -2.976234e-01
14 64 -2.976839e-01
17 25 -2.977184e-01
38 60 -2.986528e-01
29 53 -2.986647e-01
2 41 -2.987909e-01
24 55 -2.997515e-01
2 40 -3.001572e-01
28 65 -3.002022e-01
13 63 -3.002818e-01
7 33 -3.006713e-01
18 41 -3.007472e-01
36 63 -3.009620e-01
21 34 -3.016213e-01
3 26 -3.017026e-01
52 61 -3.021092e-01
16 34 -3.026656e-01
20 25 -3.027528e-01
9 25 -3.032434e-01
17 49 -3.052709e-01
2 37 -3.054298e-01
4 49 -3.085763e-01
9 12 -3.096593e-01
23 66 -3.105371e-01
7 26 -3.115768e-01
6 53 -3.127431e-01
19 53 -3.127647e-01
23 62 -3.138594e-01
51 59 -3.139190e-01
2 38 -3.139810e-01
11 54 -3.142812e-01
15 22 -3.147842e-01
4 43 -3.149971e-01
5 60 -3.158049e-01
11 44 -3.158588e-01
7 42 -3.168896e-01
13 55 -3.182478e-01
9 62 -3.189588e-01
38 57 -3.203319e-01
32 53 -3.216384e-01
10 44 -3.220890e-01
10 37 -3.226336e-01
38 59 -3.231959e-01
10 45 -3.234989e-01
8 41 -3.240159e-01
24 57 -3.249337e-01
10 32 -3.254125e-01
23 57 -3.260066e-01
14 62 -3.265044e-01
28 51 -3.266452e-01
16 57 -3.278982e-01
38 64 -3.289287e-01
36 65 -3.303681e-01
20 44 -3.312849e-01
32 52 -3.325465e-01
12 25 -3.327530e-01
7 28 -3.344645e-01
15 37 -3.350924e-01
9 66 -3.353307e-01
26 55 -3.363831e-01
12 65 -3.368629e-01
10 41 -3.382111e-01
9 30 -3.393771e-01
16 65 -3.395725e-01
6 33 -3.401102e-01
27 60 -3.407388e-01
34 63 -3.415138e-01
4 26 -3.426254e-01
28 64 -3.452643e-01
3 38 -3.455939e-01
12 38 -3.463343e-01
4 48 -3.463510e-01
3 28 -3.488419e-01
4 45 -3.504605e-01
4 42 -3.510027e-01
13 64 -3.517498e-01
5 34 -3.529290e-01
8 40 -3.559656e-01
2 28 -3.569315e-01
10 34 -3.577536e-01
9 49 -3.578629e-01
6 40 -3.588806e-01
5 30 -3.606431e-01
37 52 -3.629244e-01
7 41 -3.630670e-01
7 40 -3.642648e-01
3 22 -3.647614e-01
24 58 -3.666745e-01
4 22 -3.690310e-01
38 47 -3.712020e-01
16 55 -3.716133e-01
6 44 -3.718436e-01
8 37 -3.725810e-01
41 50 -3.774424e-01
13 41 -3.778972e-01
6 20 -3.821103e-01
3 33 -3.848961e-01
14 25 -3.873261e-01
16 66 -3.880286e-01
3 41 -3.882213e-01
9 65 -3.887387e-01
2 26 -3.904760e-01
25 50 -3.944737e-01
21 41 -3.948895e-01
17 42 -3.999378e-01
4 27 -4.000126e-01
5 37 -4.073624e-01
4 25 -4.101410e-01
13 25 -4.110469e-01
3 40 -4.143607e-01
3 45 -4.181694e-01
3 44 -4.279336e-01
10 49 -4.300984e-01
3 37 -4.340516e-01
11 62 -4.389070e-01
14 44 -4.393361e-01
26 65 -4.405020e-01
2 42 -4.405725e-01
4 44 -4.438846e-01
15 41 -4.599834e-01
3 27 -4.665437e-01
6 29 -4.677934e-01
14 56 -4.827789e-01
25 48 -4.856503e-01
16 64 -4.900659e-01
12 41 -4.956885e-01
16 56 -5.179321e-01
7 44 -5.385983e-01
8 44 -5.391454e-01
6 42 -5.514057e-01
14 41 -5.743135e-01
