# For publication of results, please cite:
# ...
# ... Michael Schantz Klausen, Martin Closter Jespersen, Henrik Nielsen, Kamilla Kjærgaard Jensen, 
# ... Vanessa Isabell Jurtz, Casper Kaae Sønderby, Morten Otto Alexander Sommer, Ole Winther, 
# ... Morten Nielsen, Bent Petersen, and Paolo Marcatili. 
# ... NetSurfP-2.0: Improved prediction of protein structural features by integrated deep learning.
# ... Proteins: Structure, Function, and Bioinformatics (Feb. 2019).
# ... https://doi.org/10.1002/prot.25674
# ...
#
# Column 1: Class assignment - B for buried or E for Exposed - Threshold: 25% exposure, but not based on RSA
# Column 2: Amino acid
# Column 3: Sequence name
# Column 4: Amino acid number
# Column 5: Relative Surface Accessibility - RSA
# Column 6: Absolute Surface Accessibility
# Column 7: Not used
# Column 8: Probability for Alpha-Helix
# Column 9: Probability for Beta-strand
# Column 10: Probability for Coil
E G  1X91A                  1    0.962  75.704   0.000   0.000   0.000   1.000
E A  1X91A                  2    0.759  83.630   0.000   0.033   0.002   0.966
E M  1X91A                  3    0.486  97.177   0.000   0.044   0.005   0.951
E D  1X91A                  4    0.664  95.633   0.000   0.076   0.001   0.923
E S  1X91A                  5    0.580  68.011   0.000   0.350   0.001   0.649
E S  1X91A                  6    0.677  79.300   0.000   0.576   0.001   0.423
E E  1X91A                  7    0.471  82.232   0.000   0.802   0.002   0.196
B M  1X91A                  8    0.082  16.467   0.000   0.897   0.001   0.102
E S  1X91A                  9    0.410  48.056   0.000   0.943   0.001   0.056
E T  1X91A                 10    0.532  73.821   0.000   0.952   0.001   0.047
B I  1X91A                 11    0.104  19.178   0.000   0.978   0.000   0.022
B C  1X91A                 12    0.049   6.931   0.000   0.965   0.000   0.035
E D  1X91A                 13    0.726 104.623   0.000   0.775   0.000   0.225
E K  1X91A                 14    0.661 136.032   0.000   0.505   0.000   0.495
B T  1X91A                 15    0.079  10.955   0.000   0.016   0.010   0.974
E L  1X91A                 16    0.638 116.831   0.000   0.010   0.003   0.988
E N  1X91A                 17    0.379  55.484   0.000   0.001   0.000   0.998
E P  1X91A                 18    0.286  40.591   0.000   0.911   0.000   0.089
E S  1X91A                 19    0.567  66.486   0.000   0.980   0.000   0.020
B F  1X91A                 20    0.180  36.070   0.000   0.995   0.000   0.005
B C  1X91A                 21    0.007   1.004   0.000   0.998   0.000   0.002
B L  1X91A                 22    0.171  31.366   0.000   0.997   0.000   0.003
E K  1X91A                 23    0.602 123.882   0.000   0.995   0.000   0.004
B F  1X91A                 24    0.109  21.831   0.000   0.990   0.000   0.010
B L  1X91A                 25    0.022   3.951   0.000   0.921   0.001   0.078
E N  1X91A                 26    0.543  79.424   0.000   0.794   0.000   0.205
E T  1X91A                 27    0.616  85.502   0.000   0.607   0.001   0.393
E K  1X91A                 28    0.507 104.251   0.000   0.286   0.005   0.709
B F  1X91A                 29    0.238  47.741   0.000   0.215   0.006   0.779
E A  1X91A                 30    0.689  75.952   0.000   0.138   0.003   0.859
E S  1X91A                 31    0.388  45.494   0.000   0.081   0.005   0.915
E A  1X91A                 32    0.614  67.647   0.000   0.077   0.001   0.921
E N  1X91A                 33    0.592  86.662   0.000   0.033   0.003   0.964
B L  1X91A                 34    0.151  27.724   0.000   0.980   0.000   0.020
E Q  1X91A                 35    0.381  67.987   0.000   0.997   0.000   0.003
E A  1X91A                 36    0.268  29.495   0.000   0.999   0.000   0.001
B L  1X91A                 37    0.071  12.912   0.000   1.000   0.000   0.000
B A  1X91A                 38    0.008   0.912   0.000   1.000   0.000   0.000
E K  1X91A                 39    0.359  73.844   0.000   1.000   0.000   0.000
B T  1X91A                 40    0.249  34.533   0.000   1.000   0.000   0.000
B T  1X91A                 41    0.043   5.934   0.000   1.000   0.000   0.000
B L  1X91A                 42    0.024   4.406   0.000   1.000   0.000   0.000
E D  1X91A                 43    0.524  75.554   0.000   0.999   0.000   0.001
B S  1X91A                 44    0.215  25.195   0.000   0.998   0.000   0.002
B T  1X91A                 45    0.013   1.814   0.000   0.998   0.000   0.002
B Q  1X91A                 46    0.245  43.704   0.000   0.999   0.000   0.001
E A  1X91A                 47    0.473  52.090   0.000   0.999   0.000   0.001
E R  1X91A                 48    0.325  74.502   0.000   0.997   0.000   0.003
B A  1X91A                 49    0.012   1.361   0.000   0.998   0.000   0.002
E T  1X91A                 50    0.382  53.024   0.000   0.999   0.000   0.001
E Q  1X91A                 51    0.549  98.137   0.000   0.999   0.000   0.001
B T  1X91A                 52    0.046   6.409   0.000   0.999   0.000   0.001
B L  1X91A                 53    0.108  19.692   0.000   0.999   0.000   0.001
E K  1X91A                 54    0.626 128.677   0.000   0.998   0.000   0.002
E K  1X91A                 55    0.384  79.063   0.000   0.993   0.000   0.007
B L  1X91A                 56    0.024   4.342   0.000   0.990   0.000   0.009
E Q  1X91A                 57    0.437  78.101   0.000   0.982   0.000   0.018
E S  1X91A                 58    0.557  65.241   0.000   0.931   0.000   0.068
B I  1X91A                 59    0.150  27.798   0.000   0.898   0.000   0.101
B I  1X91A                 60    0.169  31.322   0.000   0.735   0.004   0.261
E D  1X91A                 61    0.805 116.017   0.000   0.461   0.001   0.538
E G  1X91A                 62    0.759  59.740   0.000   0.124   0.000   0.875
E G  1X91A                 63    0.692  54.431   0.000   0.019   0.001   0.980
E V  1X91A                 64    0.437  67.117   0.000   0.003   0.002   0.995
E D  1X91A                 65    0.482  69.522   0.000   0.002   0.000   0.998
E P  1X91A                 66    0.676  95.963   0.000   0.980   0.000   0.019
E R  1X91A                 67    0.560 128.302   0.000   0.991   0.000   0.009
B S  1X91A                 68    0.060   6.998   0.000   0.995   0.000   0.005
E K  1X91A                 69    0.356  73.290   0.000   0.997   0.000   0.003
E L  1X91A                 70    0.439  80.454   0.000   0.998   0.000   0.002
B A  1X91A                 71    0.041   4.546   0.000   0.999   0.000   0.001
B Y  1X91A                 72    0.054  11.491   0.000   0.998   0.000   0.002
E R  1X91A                 73    0.489 111.880   0.000   0.998   0.000   0.002
B S  1X91A                 74    0.235  27.534   0.000   0.999   0.000   0.001
B C  1X91A                 75    0.016   2.178   0.000   0.999   0.000   0.001
B V  1X91A                 76    0.110  16.961   0.000   1.000   0.000   0.000
E D  1X91A                 77    0.573  82.573   0.000   0.999   0.000   0.001
B E  1X91A                 78    0.230  40.205   0.000   0.998   0.000   0.002
B Y  1X91A                 79    0.047  10.028   0.000   0.999   0.000   0.001
E E  1X91A                 80    0.520  90.791   0.000   0.999   0.000   0.001
E S  1X91A                 81    0.468  54.798   0.000   0.998   0.000   0.002
B A  1X91A                 82    0.016   1.752   0.000   0.998   0.000   0.002
B I  1X91A                 83    0.099  18.393   0.000   0.997   0.000   0.003
E G  1X91A                 84    0.415  32.696   0.000   0.991   0.000   0.009
E N  1X91A                 85    0.303  44.359   0.000   0.972   0.000   0.028
B L  1X91A                 86    0.032   5.798   0.000   0.997   0.000   0.003
E E  1X91A                 87    0.489  85.514   0.000   1.000   0.000   0.000
E E  1X91A                 88    0.511  89.260   0.000   0.998   0.000   0.002
B A  1X91A                 89    0.017   1.859   0.000   0.999   0.000   0.001
B F  1X91A                 90    0.178  35.650   0.000   0.999   0.000   0.001
E E  1X91A                 91    0.657 114.725   0.000   0.998   0.000   0.002
E H  1X91A                 92    0.269  49.013   0.000   0.991   0.000   0.009
B L  1X91A                 93    0.097  17.825   0.000   0.985   0.000   0.015
E A  1X91A                 94    0.638  70.260   0.000   0.929   0.000   0.071
E S  1X91A                 95    0.673  78.860   0.000   0.377   0.000   0.622
E G  1X91A                 96    0.530  41.683   0.000   0.005   0.000   0.995
E D  1X91A                 97    0.517  74.490   0.000   0.005   0.002   0.993
E G  1X91A                 98    0.263  20.714   0.000   0.747   0.001   0.252
E M  1X91A                 99    0.631 126.318   0.000   0.784   0.001   0.215
E G  1X91A                100    0.260  20.430   0.000   0.895   0.001   0.104
B M  1X91A                101    0.026   5.182   0.000   0.983   0.000   0.017
E N  1X91A                102    0.435  63.672   0.000   0.991   0.000   0.009
E M  1X91A                103    0.607 121.427   0.000   0.994   0.000   0.006
B K  1X91A                104    0.237  48.679   0.000   0.996   0.000   0.003
B V  1X91A                105    0.014   2.175   0.000   0.997   0.000   0.003
E S  1X91A                106    0.407  47.648   0.000   0.996   0.000   0.004
E A  1X91A                107    0.318  35.084   0.000   0.994   0.000   0.006
B A  1X91A                108    0.019   2.116   0.000   0.993   0.000   0.007
B L  1X91A                109    0.152  27.914   0.000   0.966   0.001   0.033
E D  1X91A                110    0.677  97.612   0.000   0.869   0.001   0.130
B G  1X91A                111    0.180  14.175   0.000   0.655   0.002   0.344
B A  1X91A                112    0.101  11.136   0.000   0.958   0.001   0.040
E D  1X91A                113    0.639  92.053   0.000   0.983   0.000   0.017
E T  1X91A                114    0.354  49.167   0.000   0.978   0.001   0.021
B C  1X91A                115    0.029   4.120   0.000   0.982   0.001   0.017
B L  1X91A                116    0.182  33.303   0.000   0.990   0.001   0.009
E D  1X91A                117    0.562  80.920   0.000   0.983   0.001   0.016
B D  1X91A                118    0.225  32.484   0.000   0.975   0.000   0.025
B V  1X91A                119    0.028   4.281   0.000   0.955   0.001   0.044
E K  1X91A                120    0.566 116.469   0.000   0.823   0.001   0.176
E R  1X91A                121    0.678 155.264   0.000   0.597   0.001   0.402
B L  1X91A                122    0.204  37.434   0.000   0.263   0.002   0.735
E R  1X91A                123    0.745 170.504   0.000   0.096   0.003   0.901
E S  1X91A                124    0.643  75.403   0.000   0.047   0.003   0.950
E V  1X91A                125    0.293  45.015   0.000   0.047   0.016   0.937
E D  1X91A                126    0.748 107.805   0.000   0.050   0.005   0.945
E S  1X91A                127    0.332  38.879   0.000   0.127   0.007   0.866
E S  1X91A                128    0.492  57.607   0.000   0.834   0.003   0.163
B V  1X91A                129    0.065  10.047   0.000   0.931   0.002   0.068
B V  1X91A                130    0.189  29.012   0.000   0.983   0.001   0.016
E N  1X91A                131    0.575  84.122   0.000   0.977   0.000   0.023
B N  1X91A                132    0.226  33.079   0.000   0.973   0.000   0.027
B S  1X91A                133    0.051   5.927   0.000   0.971   0.000   0.029
E K  1X91A                134    0.517 106.334   0.000   0.990   0.000   0.010
B T  1X91A                135    0.225  31.264   0.000   0.991   0.000   0.009
B I  1X91A                136    0.023   4.169   0.000   0.998   0.000   0.002
E K  1X91A                137    0.368  75.726   0.000   0.998   0.000   0.002
E N  1X91A                138    0.485  71.012   0.000   0.998   0.000   0.002
B L  1X91A                139    0.062  11.282   0.000   0.998   0.000   0.002
B C  1X91A                140    0.017   2.438   0.000   0.998   0.000   0.002
E G  1X91A                141    0.265  20.836   0.000   0.999   0.000   0.001
B I  1X91A                142    0.135  25.035   0.000   0.996   0.000   0.004
B A  1X91A                143    0.007   0.737   0.000   0.999   0.000   0.001
B L  1X91A                144    0.191  34.991   0.000   0.998   0.000   0.002
E V  1X91A                145    0.334  51.263   0.000   0.987   0.000   0.013
B I  1X91A                146    0.063  11.683   0.000   0.986   0.000   0.013
B S  1X91A                147    0.086  10.088   0.000   0.967   0.000   0.033
E N  1X91A                148    0.650  95.162   0.000   0.747   0.001   0.252
E M  1X91A                149    0.368  73.608   0.000   0.511   0.002   0.487
B L  1X91A                150    0.140  25.703   0.000   0.026   0.017   0.957
E P  1X91A                151    0.483  68.482   0.000   0.019   0.018   0.964
E R  1X91A                152    0.720 164.830   0.000   0.030   0.057   0.913
E N  1X91A                153    0.914 133.781   0.000   0.000   0.000   1.000
