18 21 1.469896e+00
31 41 1.173102e+00
54 57 1.133766e+00
52 55 1.092850e+00
37 54 1.071410e+00
60 61 1.067114e+00
37 56 1.043655e+00
37 42 1.030651e+00
2 7 1.000310e+00
53 55 9.953327e-01
38 49 9.536215e-01
9 12 9.516679e-01
10 30 9.310562e-01
39 40 8.931712e-01
59 60 8.673773e-01
5 40 8.610914e-01
12 29 8.466370e-01
21 57 8.406503e-01
38 40 8.381906e-01
47 49 8.112251e-01
51 56 8.006283e-01
31 33 7.971401e-01
33 39 7.949805e-01
26 33 7.940882e-01
29 32 7.781578e-01
17 19 7.679216e-01
40 49 7.603199e-01
12 35 7.468017e-01
52 57 7.444567e-01
1 48 7.349470e-01
8 18 7.348868e-01
38 45 7.300265e-01
37 38 7.270422e-01
1 2 7.214941e-01
47 50 7.169444e-01
43 58 7.135111e-01
4 13 7.100409e-01
30 40 7.088179e-01
24 28 7.027127e-01
27 32 6.978648e-01
15 58 6.943712e-01
12 51 6.881034e-01
57 58 6.880829e-01
8 9 6.841548e-01
39 48 6.789787e-01
7 8 6.755936e-01
54 56 6.649264e-01
12 23 6.645429e-01
58 59 6.617755e-01
4 15 6.581741e-01
49 55 6.490792e-01
3 27 6.437927e-01
16 34 6.431358e-01
2 15 6.353188e-01
2 45 6.329575e-01
1 10 6.298177e-01
41 48 6.242051e-01
12 26 6.231165e-01
37 44 6.189463e-01
17 21 6.181382e-01
18 50 6.150592e-01
11 23 6.136309e-01
22 23 6.085054e-01
2 8 6.072333e-01
2 38 6.016815e-01
8 45 5.993762e-01
26 48 5.990433e-01
17 23 5.967192e-01
4 6 5.963214e-01
18 51 5.899672e-01
52 54 5.842418e-01
35 39 5.783439e-01
22 32 5.740797e-01
15 50 5.727742e-01
54 60 5.721608e-01
26 46 5.712767e-01
56 61 5.558567e-01
6 7 5.506618e-01
51 58 5.501777e-01
37 39 5.464213e-01
14 21 5.442454e-01
1 44 5.403739e-01
51 55 5.382213e-01
35 36 5.373304e-01
15 22 5.344985e-01
13 40 5.300856e-01
30 54 5.239202e-01
3 4 5.236100e-01
6 36 5.233102e-01
7 22 5.156925e-01
38 44 5.156827e-01
4 12 5.149441e-01
20 21 5.118017e-01
5 16 5.090840e-01
34 44 5.088891e-01
23 31 5.066909e-01
6 39 5.035056e-01
38 54 4.966016e-01
4 14 4.947191e-01
27 29 4.934087e-01
2 5 4.920215e-01
48 57 4.892630e-01
51 61 4.885119e-01
9 16 4.874219e-01
2 3 4.867498e-01
5 11 4.810549e-01
59 61 4.810305e-01
6 20 4.796103e-01
5 6 4.776108e-01
13 28 4.758894e-01
53 54 4.757450e-01
5 54 4.690705e-01
9 20 4.685406e-01
23 26 4.627278e-01
51 53 4.621813e-01
33 49 4.621057e-01
13 16 4.566661e-01
22 53 4.560413e-01
25 32 4.553887e-01
27 28 4.542122e-01
52 53 4.534192e-01
6 51 4.533536e-01
15 16 4.521752e-01
2 40 4.516374e-01
32 33 4.513730e-01
12 19 4.508015e-01
36 39 4.488597e-01
34 43 4.448316e-01
36 53 4.443133e-01
19 35 4.435952e-01
39 51 4.435158e-01
34 49 4.431737e-01
14 27 4.428315e-01
13 48 4.416946e-01
20 55 4.411036e-01
27 59 4.404375e-01
35 38 4.401922e-01
22 25 4.398180e-01
35 54 4.386391e-01
26 60 4.379995e-01
18 26 4.373798e-01
3 15 4.368988e-01
27 42 4.340178e-01
1 15 4.330597e-01
6 10 4.299998e-01
12 14 4.292293e-01
5 61 4.289398e-01
33 47 4.261143e-01
7 29 4.231344e-01
3 14 4.230332e-01
25 27 4.227238e-01
8 24 4.214390e-01
9 43 4.205750e-01
47 48 4.194221e-01
7 55 4.191714e-01
43 44 4.189843e-01
30 48 4.138080e-01
6 29 4.136217e-01
8 48 4.117664e-01
4 32 4.107837e-01
22 60 4.104926e-01
26 42 4.104321e-01
37 41 4.092912e-01
35 37 4.085807e-01
14 15 4.073464e-01
26 30 4.062882e-01
3 12 4.007448e-01
23 27 4.007244e-01
3 18 3.999252e-01
25 28 3.995998e-01
7 14 3.994898e-01
33 40 3.976387e-01
11 17 3.974430e-01
19 57 3.972679e-01
27 51 3.942580e-01
6 19 3.941091e-01
14 59 3.903874e-01
3 20 3.898672e-01
34 38 3.891047e-01
10 19 3.879497e-01
3 7 3.877915e-01
35 49 3.864850e-01
46 59 3.862288e-01
2 16 3.850766e-01
15 49 3.821760e-01
21 54 3.820954e-01
24 59 3.819993e-01
38 56 3.799345e-01
44 50 3.782045e-01
8 29 3.772735e-01
24 31 3.755479e-01
19 21 3.753895e-01
4 23 3.750159e-01
48 50 3.741552e-01
18 46 3.734310e-01
3 5 3.721723e-01
25 44 3.715361e-01
12 16 3.684647e-01
12 56 3.677561e-01
34 36 3.664291e-01
25 47 3.639530e-01
11 25 3.621210e-01
10 15 3.609408e-01
20 32 3.590039e-01
45 57 3.578004e-01
1 4 3.576770e-01
48 54 3.555200e-01
20 52 3.555060e-01
17 18 3.546399e-01
11 22 3.543223e-01
15 18 3.540774e-01
17 51 3.540445e-01
1 19 3.533585e-01
8 60 3.518143e-01
22 61 3.514993e-01
14 18 3.486426e-01
19 51 3.474610e-01
9 51 3.471761e-01
11 41 3.464388e-01
31 46 3.436560e-01
4 26 3.430787e-01
20 24 3.419656e-01
29 61 3.389030e-01
32 58 3.385352e-01
11 26 3.376524e-01
22 26 3.366242e-01
30 49 3.352988e-01
10 23 3.347095e-01
25 29 3.316950e-01
35 42 3.312669e-01
23 53 3.300176e-01
55 57 3.289902e-01
14 25 3.287193e-01
58 60 3.281951e-01
9 52 3.279411e-01
39 42 3.272858e-01
56 59 3.266013e-01
4 10 3.251015e-01
36 48 3.243920e-01
30 61 3.228434e-01
3 19 3.192307e-01
6 32 3.185861e-01
14 43 3.180408e-01
1 7 3.177368e-01
9 24 3.171521e-01
9 17 3.163652e-01
7 16 3.163095e-01
5 15 3.156112e-01
14 42 3.154692e-01
27 35 3.148226e-01
8 57 3.141526e-01
3 10 3.133626e-01
30 60 3.109285e-01
11 43 3.103891e-01
29 55 3.102986e-01
3 41 3.090899e-01
43 52 3.085616e-01
32 50 3.082024e-01
23 35 3.072922e-01
45 50 3.068505e-01
9 31 3.062581e-01
6 18 3.053324e-01
33 46 3.027286e-01
55 59 3.024524e-01
2 10 3.024497e-01
46 47 3.023301e-01
53 56 3.023120e-01
1 12 3.009725e-01
21 23 3.002024e-01
26 34 2.994355e-01
32 40 2.994096e-01
1 16 2.993251e-01
24 44 2.981911e-01
54 55 2.980932e-01
24 36 2.971429e-01
45 48 2.960244e-01
12 30 2.959631e-01
2 9 2.955819e-01
6 40 2.952918e-01
13 42 2.951876e-01
24 55 2.941738e-01
30 39 2.918371e-01
35 40 2.916749e-01
11 12 2.903231e-01
10 28 2.860206e-01
9 14 2.852978e-01
44 48 2.850122e-01
8 59 2.828826e-01
31 52 2.827464e-01
11 16 2.817960e-01
16 36 2.816132e-01
24 29 2.815313e-01
42 52 2.800849e-01
3 35 2.797965e-01
17 50 2.796852e-01
33 55 2.790343e-01
18 52 2.788995e-01
58 61 2.775417e-01
38 60 2.769171e-01
46 49 2.744616e-01
40 52 2.735215e-01
21 35 2.727237e-01
13 47 2.706927e-01
2 42 2.685034e-01
16 49 2.683950e-01
1 14 2.674858e-01
6 33 2.666564e-01
10 18 2.655747e-01
25 42 2.649991e-01
29 39 2.642892e-01
39 49 2.639955e-01
4 19 2.639818e-01
37 48 2.623841e-01
7 10 2.617627e-01
31 53 2.614130e-01
16 19 2.608640e-01
36 42 2.605751e-01
38 42 2.604874e-01
3 43 2.604675e-01
10 29 2.602197e-01
34 45 2.593698e-01
9 11 2.583802e-01
28 43 2.580054e-01
47 57 2.577316e-01
45 53 2.569318e-01
16 43 2.559266e-01
12 47 2.555745e-01
6 24 2.541309e-01
20 59 2.536761e-01
55 58 2.516959e-01
6 11 2.497381e-01
16 48 2.483003e-01
16 40 2.480584e-01
24 46 2.480465e-01
25 26 2.479429e-01
30 47 2.479128e-01
39 56 2.478473e-01
40 45 2.477211e-01
15 29 2.471636e-01
20 36 2.467799e-01
56 57 2.457507e-01
13 49 2.457024e-01
2 61 2.455639e-01
27 38 2.452739e-01
9 32 2.448340e-01
26 36 2.447362e-01
50 56 2.438648e-01
25 58 2.432081e-01
23 25 2.431768e-01
33 43 2.430138e-01
13 21 2.429028e-01
10 36 2.427053e-01
30 36 2.402886e-01
10 32 2.401759e-01
8 15 2.397137e-01
39 54 2.394848e-01
1 33 2.389138e-01
20 61 2.386240e-01
20 58 2.382476e-01
33 34 2.380501e-01
41 44 2.376277e-01
50 51 2.375335e-01
35 44 2.358670e-01
28 44 2.349727e-01
29 44 2.346561e-01
7 18 2.343455e-01
24 37 2.342735e-01
2 13 2.342702e-01
1 34 2.341672e-01
8 32 2.329541e-01
34 53 2.326081e-01
45 47 2.300262e-01
22 52 2.297984e-01
28 57 2.288762e-01
18 25 2.286001e-01
16 17 2.285546e-01
17 53 2.274478e-01
41 49 2.274200e-01
44 56 2.273590e-01
4 38 2.272066e-01
7 21 2.270705e-01
9 48 2.266562e-01
16 26 2.259792e-01
28 59 2.243069e-01
9 37 2.234164e-01
39 41 2.230802e-01
9 44 2.228064e-01
8 31 2.227913e-01
5 13 2.226341e-01
49 51 2.211790e-01
41 51 2.210585e-01
8 17 2.209709e-01
5 32 2.186870e-01
2 48 2.183354e-01
4 43 2.175282e-01
13 23 2.174798e-01
13 55 2.173125e-01
41 43 2.167402e-01
45 52 2.166715e-01
20 27 2.158864e-01
15 40 2.156620e-01
11 36 2.154112e-01
38 48 2.152504e-01
36 37 2.150046e-01
33 48 2.148132e-01
55 61 2.133059e-01
23 46 2.131811e-01
5 19 2.116846e-01
57 60 2.115006e-01
22 29 2.095668e-01
25 59 2.094302e-01
40 46 2.093166e-01
33 36 2.088979e-01
10 61 2.087619e-01
2 60 2.077759e-01
2 36 2.075806e-01
40 44 2.069655e-01
26 37 2.067661e-01
1 24 2.064625e-01
14 17 2.059002e-01
38 47 2.057984e-01
18 57 2.055827e-01
17 58 2.055063e-01
13 19 2.050380e-01
28 56 2.047205e-01
19 30 2.045515e-01
41 47 2.043635e-01
9 23 2.042498e-01
12 43 2.031552e-01
14 19 2.024218e-01
14 28 2.020850e-01
8 14 2.002143e-01
24 50 2.002013e-01
28 58 1.996578e-01
28 46 1.986112e-01
47 55 1.976948e-01
18 41 1.957922e-01
7 11 1.946367e-01
29 49 1.942774e-01
35 45 1.928751e-01
38 41 1.923283e-01
1 28 1.918664e-01
6 13 1.912481e-01
32 47 1.906244e-01
34 40 1.905609e-01
29 31 1.902228e-01
10 17 1.900696e-01
11 15 1.891093e-01
5 46 1.876656e-01
17 26 1.875766e-01
26 61 1.872816e-01
20 50 1.863081e-01
20 28 1.847591e-01
40 41 1.837346e-01
8 11 1.835666e-01
8 27 1.835027e-01
30 58 1.829392e-01
28 48 1.820309e-01
57 61 1.810492e-01
24 32 1.808988e-01
10 25 1.807613e-01
5 52 1.804891e-01
39 52 1.799808e-01
28 53 1.787543e-01
11 46 1.785857e-01
49 50 1.784812e-01
34 58 1.784260e-01
11 45 1.773163e-01
31 32 1.769117e-01
46 55 1.757670e-01
7 46 1.757537e-01
29 57 1.754404e-01
32 46 1.749018e-01
3 28 1.738927e-01
2 55 1.717001e-01
12 13 1.716325e-01
7 19 1.701959e-01
11 14 1.695973e-01
7 28 1.691184e-01
7 9 1.668793e-01
13 54 1.659878e-01
5 10 1.655270e-01
35 46 1.653826e-01
23 52 1.649863e-01
22 47 1.636073e-01
6 9 1.634498e-01
22 35 1.633046e-01
49 53 1.627372e-01
4 17 1.623806e-01
9 47 1.614277e-01
56 58 1.608449e-01
18 36 1.604301e-01
48 53 1.593918e-01
3 44 1.587938e-01
17 34 1.585402e-01
19 39 1.579897e-01
7 32 1.579379e-01
5 43 1.572306e-01
6 41 1.566307e-01
8 38 1.563223e-01
37 46 1.558006e-01
19 33 1.556312e-01
6 28 1.549129e-01
27 46 1.545288e-01
22 46 1.538242e-01
19 22 1.532307e-01
1 3 1.531355e-01
44 45 1.530545e-01
5 17 1.526503e-01
54 59 1.526353e-01
5 8 1.514073e-01
42 47 1.512864e-01
15 34 1.510694e-01
24 48 1.500117e-01
7 26 1.499534e-01
17 45 1.497577e-01
42 56 1.497357e-01
56 60 1.496299e-01
31 57 1.495216e-01
23 34 1.494524e-01
31 40 1.482681e-01
7 61 1.482152e-01
1 43 1.481385e-01
11 31 1.475486e-01
10 14 1.470518e-01
41 56 1.468691e-01
26 58 1.467661e-01
3 50 1.466754e-01
17 28 1.464481e-01
11 58 1.460633e-01
15 23 1.459276e-01
10 11 1.457666e-01
15 31 1.457524e-01
37 60 1.453500e-01
52 60 1.440891e-01
55 56 1.433778e-01
6 14 1.425416e-01
2 37 1.420831e-01
19 20 1.412660e-01
24 56 1.402568e-01
1 58 1.400361e-01
2 28 1.398714e-01
27 30 1.393497e-01
20 30 1.380044e-01
41 42 1.374984e-01
36 43 1.372145e-01
23 47 1.371705e-01
34 47 1.366933e-01
5 36 1.347898e-01
8 20 1.347858e-01
9 40 1.344184e-01
13 53 1.342524e-01
37 40 1.339708e-01
21 27 1.338786e-01
19 31 1.330652e-01
46 56 1.324125e-01
34 51 1.323340e-01
39 45 1.315109e-01
4 22 1.313638e-01
38 53 1.312753e-01
29 41 1.309958e-01
1 59 1.302073e-01
33 45 1.301916e-01
19 50 1.293867e-01
23 30 1.279003e-01
25 31 1.276957e-01
39 61 1.269812e-01
13 45 1.267262e-01
24 38 1.266463e-01
44 60 1.260805e-01
32 44 1.260080e-01
52 56 1.259430e-01
49 52 1.252597e-01
31 44 1.250966e-01
25 50 1.246298e-01
25 49 1.240569e-01
3 6 1.236881e-01
26 54 1.236085e-01
7 50 1.227416e-01
33 37 1.226046e-01
28 50 1.224821e-01
34 56 1.223771e-01
14 58 1.220261e-01
49 57 1.209252e-01
21 55 1.206108e-01
6 55 1.205540e-01
21 50 1.199934e-01
28 42 1.194126e-01
30 50 1.193687e-01
43 50 1.183751e-01
32 45 1.183440e-01
1 47 1.176281e-01
17 52 1.172333e-01
12 46 1.169767e-01
54 58 1.166671e-01
33 42 1.163173e-01
33 35 1.161846e-01
35 57 1.159499e-01
40 53 1.146123e-01
39 46 1.140904e-01
9 10 1.140049e-01
25 57 1.134070e-01
18 55 1.130436e-01
11 52 1.119038e-01
24 33 1.112002e-01
22 28 1.111806e-01
5 20 1.111330e-01
28 31 1.111233e-01
8 19 1.110467e-01
48 60 1.102836e-01
20 41 1.088218e-01
20 22 1.086087e-01
50 53 1.084454e-01
2 21 1.081675e-01
14 32 1.080288e-01
47 56 1.079691e-01
4 58 1.077904e-01
11 21 1.072114e-01
45 54 1.050719e-01
28 51 1.049873e-01
21 59 1.044424e-01
18 45 1.041076e-01
4 24 1.040957e-01
6 59 1.040482e-01
28 32 1.036242e-01
4 60 1.031707e-01
1 9 1.029805e-01
7 13 1.029464e-01
13 52 1.029362e-01
36 47 1.028483e-01
14 20 1.016492e-01
19 52 9.990388e-02
10 21 9.960208e-02
28 30 9.954211e-02
21 42 9.921844e-02
33 41 9.892420e-02
22 31 9.849835e-02
36 54 9.777925e-02
47 53 9.649087e-02
15 39 9.619434e-02
23 43 9.527176e-02
32 34 9.467680e-02
36 41 9.440004e-02
22 36 9.433206e-02
4 7 9.373734e-02
38 46 9.288036e-02
11 29 9.246988e-02
26 53 9.243165e-02
5 12 9.121072e-02
43 54 9.023363e-02
45 51 8.960683e-02
31 38 8.902731e-02
43 46 8.887907e-02
5 9 8.866332e-02
17 24 8.858307e-02
22 42 8.811563e-02
16 57 8.672936e-02
24 35 8.597092e-02
36 38 8.541577e-02
10 24 8.539128e-02
14 22 8.532900e-02
27 44 8.525154e-02
43 47 8.495859e-02
12 50 8.286629e-02
42 50 8.205172e-02
13 18 8.191162e-02
20 29 8.184712e-02
45 60 8.175446e-02
3 21 8.122934e-02
36 40 8.099273e-02
5 39 8.059714e-02
21 28 7.948424e-02
31 43 7.912628e-02
16 41 7.741846e-02
11 32 7.709113e-02
37 51 7.664890e-02
11 59 7.602461e-02
13 43 7.576932e-02
20 34 7.540290e-02
30 38 7.538385e-02
30 34 7.473749e-02
28 34 7.402520e-02
21 25 7.299893e-02
15 38 7.248407e-02
6 43 7.144105e-02
10 20 7.031828e-02
13 41 6.979836e-02
19 60 6.937197e-02
2 56 6.927644e-02
8 22 6.881653e-02
2 51 6.852320e-02
20 25 6.851346e-02
44 54 6.849295e-02
1 27 6.806642e-02
34 50 6.756580e-02
19 61 6.727504e-02
46 53 6.562527e-02
2 17 6.532467e-02
43 49 6.500308e-02
18 23 6.473807e-02
36 46 6.441014e-02
38 59 6.213664e-02
17 36 6.160412e-02
27 56 6.035049e-02
19 29 5.945734e-02
10 43 5.935966e-02
26 47 5.930434e-02
13 25 5.867545e-02
30 45 5.825549e-02
32 60 5.741413e-02
6 17 5.733962e-02
7 53 5.707541e-02
21 39 5.640684e-02
31 34 5.591921e-02
17 60 5.518907e-02
4 52 5.506517e-02
27 54 5.481538e-02
4 59 5.387341e-02
10 33 5.374734e-02
11 61 5.368221e-02
4 28 5.353008e-02
44 55 5.148533e-02
46 51 5.072153e-02
30 59 5.044022e-02
32 52 5.011025e-02
14 33 4.965982e-02
21 53 4.932478e-02
37 61 4.919091e-02
19 43 4.916134e-02
5 26 4.903925e-02
29 54 4.895115e-02
20 54 4.838804e-02
22 33 4.781746e-02
15 30 4.770632e-02
38 50 4.754034e-02
44 52 4.750307e-02
6 58 4.718914e-02
42 59 4.671643e-02
27 43 4.613391e-02
4 27 4.526432e-02
4 29 4.507902e-02
20 53 4.489604e-02
29 42 4.448205e-02
42 44 4.436516e-02
18 28 4.367791e-02
20 40 4.323611e-02
22 50 4.301674e-02
3 31 4.243657e-02
13 27 4.178696e-02
28 47 4.140784e-02
16 27 4.139899e-02
46 57 3.995225e-02
16 25 3.985409e-02
1 56 3.930156e-02
14 29 3.883771e-02
21 30 3.881886e-02
16 51 3.795991e-02
15 32 3.792886e-02
30 51 3.791802e-02
13 61 3.785493e-02
4 47 3.682389e-02
19 24 3.628312e-02
10 59 3.611970e-02
43 59 3.609112e-02
10 35 3.554008e-02
31 48 3.511795e-02
7 24 3.464632e-02
19 25 3.434933e-02
44 47 3.392785e-02
27 33 3.263390e-02
22 49 3.260676e-02
33 57 3.254792e-02
7 17 3.134687e-02
25 55 3.118022e-02
21 36 3.117784e-02
5 25 3.116724e-02
6 15 3.086916e-02
42 61 3.069758e-02
7 25 3.058038e-02
34 48 3.006760e-02
7 15 2.965255e-02
40 59 2.895837e-02
22 41 2.849581e-02
10 40 2.841503e-02
3 60 2.836391e-02
12 60 2.638352e-02
33 56 2.632498e-02
13 17 2.611266e-02
3 39 2.571344e-02
8 33 2.531014e-02
1 29 2.491115e-02
24 40 2.470223e-02
42 45 2.452264e-02
26 38 2.450391e-02
27 60 2.433624e-02
1 60 2.410768e-02
21 56 2.335354e-02
10 39 2.300267e-02
27 57 2.267031e-02
31 37 2.260339e-02
30 43 2.225199e-02
26 52 2.188487e-02
43 45 2.163790e-02
46 52 2.121432e-02
47 51 2.046421e-02
25 43 1.949476e-02
6 8 1.938931e-02
25 41 1.936424e-02
8 21 1.904365e-02
6 23 1.860742e-02
36 55 1.805190e-02
2 49 1.800547e-02
21 24 1.757357e-02
17 44 1.751143e-02
4 31 1.697018e-02
15 19 1.658309e-02
53 57 1.562794e-02
50 52 1.495135e-02
5 44 1.390063e-02
31 55 1.374097e-02
28 35 1.296622e-02
18 34 1.205736e-02
22 38 1.176099e-02
20 49 1.170345e-02
3 42 1.100293e-02
43 55 9.610646e-03
3 32 9.512106e-03
12 44 8.660081e-03
5 34 7.956864e-03
25 34 6.145868e-03
8 10 5.606798e-03
8 56 5.401223e-03
12 31 4.831516e-03
28 36 4.820805e-03
21 45 4.427352e-03
39 53 4.316892e-03
18 30 4.117422e-03
19 59 3.648287e-03
50 54 2.332370e-03
26 35 1.798080e-03
10 16 1.158782e-03
35 61 4.444322e-04
22 57 2.846103e-04
22 40 7.393419e-06
44 46 -2.170355e-04
16 18 -4.475625e-04
5 47 -4.684146e-04
31 45 -7.344853e-04
41 55 -1.637984e-03
17 29 -1.941694e-03
1 8 -2.828281e-03
36 51 -3.023316e-03
27 34 -3.392059e-03
32 54 -4.271596e-03
29 35 -4.346487e-03
37 45 -4.851972e-03
8 25 -5.155928e-03
17 57 -5.455791e-03
10 22 -5.715874e-03
14 44 -6.447784e-03
27 39 -6.626004e-03
6 42 -7.756281e-03
31 35 -7.799018e-03
3 23 -7.971450e-03
36 61 -7.979706e-03
32 49 -8.424653e-03
2 39 -8.632439e-03
16 59 -8.665261e-03
9 19 -9.847431e-03
5 27 -1.046497e-02
27 49 -1.084506e-02
16 38 -1.111540e-02
14 53 -1.141678e-02
19 34 -1.146027e-02
6 26 -1.162035e-02
11 50 -1.296352e-02
11 27 -1.319751e-02
23 32 -1.331596e-02
24 52 -1.409261e-02
36 45 -1.417992e-02
33 61 -1.472348e-02
4 9 -1.517616e-02
1 61 -1.556320e-02
42 55 -1.560586e-02
4 50 -1.596363e-02
16 21 -1.888463e-02
21 46 -1.911223e-02
1 35 -1.921138e-02
19 47 -1.973921e-02
28 29 -1.974788e-02
11 35 -1.978243e-02
11 49 -2.043252e-02
13 20 -2.162306e-02
4 53 -2.182967e-02
46 58 -2.280529e-02
6 44 -2.303928e-02
5 58 -2.402891e-02
17 46 -2.474531e-02
9 42 -2.510380e-02
23 36 -2.535993e-02
42 60 -2.543039e-02
48 51 -2.552075e-02
23 49 -2.561613e-02
3 57 -2.578986e-02
24 53 -2.589292e-02
11 30 -2.594685e-02
14 50 -2.623585e-02
10 41 -2.627362e-02
5 51 -2.639332e-02
17 30 -2.761016e-02
39 58 -2.783768e-02
13 36 -2.894612e-02
14 23 -2.905357e-02
22 44 -3.020716e-02
27 47 -3.029533e-02
7 31 -3.082543e-02
16 20 -3.140681e-02
5 33 -3.148771e-02
12 25 -3.267511e-02
31 42 -3.275088e-02
23 58 -3.275146e-02
45 56 -3.283631e-02
2 6 -3.306175e-02
30 31 -3.332848e-02
14 31 -3.362302e-02
25 37 -3.588100e-02
4 20 -3.694223e-02
39 44 -3.703869e-02
14 30 -3.752606e-02
5 30 -3.786020e-02
19 41 -3.802183e-02
23 61 -3.832666e-02
15 27 -3.880799e-02
35 56 -3.883764e-02
29 50 -3.885123e-02
15 37 -3.886117e-02
35 47 -3.943901e-02
31 59 -4.006363e-02
11 19 -4.007884e-02
46 61 -4.036711e-02
8 34 -4.052345e-02
55 60 -4.068364e-02
22 34 -4.072104e-02
16 60 -4.157604e-02
27 37 -4.195537e-02
13 22 -4.196993e-02
10 58 -4.302641e-02
18 29 -4.391730e-02
35 60 -4.411716e-02
19 55 -4.419637e-02
44 61 -4.424440e-02
2 41 -4.428946e-02
5 49 -4.434762e-02
1 55 -4.540381e-02
3 56 -4.557492e-02
3 25 -4.605592e-02
1 36 -4.610381e-02
20 42 -4.659567e-02
12 39 -4.692070e-02
4 49 -4.797536e-02
29 33 -4.832967e-02
4 11 -4.890266e-02
12 28 -4.892603e-02
11 40 -4.979705e-02
41 45 -5.063772e-02
17 25 -5.071543e-02
43 48 -5.091355e-02
36 60 -5.125879e-02
1 17 -5.139988e-02
18 35 -5.174924e-02
45 49 -5.193344e-02
14 60 -5.203133e-02
24 58 -5.247065e-02
18 60 -5.272505e-02
7 56 -5.354565e-02
20 47 -5.367197e-02
16 50 -5.502690e-02
21 51 -5.564908e-02
23 29 -5.611745e-02
3 37 -5.690322e-02
24 54 -5.703356e-02
48 49 -5.726176e-02
12 57 -5.732321e-02
17 41 -5.748953e-02
25 39 -5.850457e-02
21 37 -5.856857e-02
31 47 -5.877003e-02
6 34 -5.894994e-02
9 50 -5.908375e-02
3 33 -5.913436e-02
32 35 -5.937784e-02
25 30 -5.990548e-02
47 59 -5.999584e-02
54 61 -6.027156e-02
14 37 -6.032578e-02
25 51 -6.035972e-02
22 27 -6.122584e-02
9 53 -6.129193e-02
42 48 -6.144096e-02
15 21 -6.169265e-02
1 32 -6.194498e-02
5 42 -6.213281e-02
37 43 -6.217586e-02
31 36 -6.232854e-02
9 25 -6.293583e-02
15 43 -6.342758e-02
2 54 -6.402355e-02
3 34 -6.434153e-02
28 45 -6.450348e-02
15 44 -6.457525e-02
1 42 -6.501154e-02
31 51 -6.542657e-02
50 57 -6.608311e-02
10 34 -6.643109e-02
52 61 -6.661621e-02
17 20 -6.711748e-02
2 12 -6.715368e-02
13 51 -6.728148e-02
8 47 -6.734223e-02
38 39 -6.792221e-02
4 36 -6.835298e-02
12 24 -6.848444e-02
15 53 -6.868185e-02
10 42 -6.869301e-02
9 28 -6.870857e-02
24 41 -6.887196e-02
8 26 -6.895376e-02
4 34 -6.943438e-02
25 48 -6.964634e-02
9 59 -6.985029e-02
11 51 -7.011848e-02
41 57 -7.104270e-02
22 58 -7.114854e-02
23 45 -7.172283e-02
6 35 -7.217681e-02
41 59 -7.223793e-02
27 41 -7.313978e-02
9 22 -7.373020e-02
9 56 -7.385880e-02
18 56 -7.420283e-02
3 59 -7.449865e-02
4 33 -7.457993e-02
36 49 -7.483307e-02
15 26 -7.543279e-02
18 37 -7.581572e-02
29 47 -7.601785e-02
47 60 -7.611332e-02
8 37 -7.674243e-02
5 21 -7.683707e-02
48 61 -7.701128e-02
19 53 -7.711923e-02
10 50 -7.844309e-02
11 28 -7.910376e-02
15 20 -7.970116e-02
13 14 -7.996044e-02
21 61 -8.018575e-02
36 58 -8.019874e-02
45 55 -8.033448e-02
29 53 -8.048868e-02
21 60 -8.129588e-02
20 46 -8.163509e-02
16 39 -8.292600e-02
4 25 -8.354429e-02
3 29 -8.362481e-02
1 5 -8.379103e-02
32 61 -8.399616e-02
53 61 -8.437082e-02
31 61 -8.461349e-02
3 49 -8.523338e-02
5 45 -8.630573e-02
24 42 -8.648097e-02
24 27 -8.653524e-02
9 45 -8.664916e-02
17 55 -8.665937e-02
17 59 -8.682493e-02
15 25 -8.687084e-02
17 39 -8.699579e-02
8 53 -8.747887e-02
10 26 -8.828500e-02
32 41 -8.834220e-02
26 44 -8.840068e-02
9 36 -8.863179e-02
18 40 -8.962838e-02
3 46 -8.977206e-02
2 19 -8.989429e-02
7 27 -8.994447e-02
22 51 -9.045022e-02
3 30 -9.064824e-02
34 39 -9.067552e-02
16 61 -9.129112e-02
30 41 -9.143043e-02
6 60 -9.237712e-02
3 45 -9.290782e-02
32 42 -9.301586e-02
14 24 -9.348094e-02
45 58 -9.387370e-02
27 31 -9.416053e-02
17 35 -9.442626e-02
17 22 -9.503560e-02
48 59 -9.506968e-02
37 52 -9.508808e-02
2 46 -9.543494e-02
32 56 -9.586804e-02
44 59 -9.611211e-02
20 45 -9.630302e-02
35 58 -9.646792e-02
53 60 -9.722163e-02
7 54 -9.730304e-02
19 46 -9.742520e-02
37 58 -9.746153e-02
25 45 -9.751220e-02
1 30 -9.789411e-02
42 54 -9.898883e-02
18 54 -9.963057e-02
33 52 -9.980359e-02
29 48 -1.005400e-01
13 35 -1.006734e-01
25 53 -1.013874e-01
16 46 -1.020553e-01
9 34 -1.035303e-01
38 58 -1.035524e-01
2 14 -1.035926e-01
26 59 -1.039776e-01
41 53 -1.050546e-01
22 55 -1.051331e-01
26 45 -1.061110e-01
23 56 -1.061330e-01
2 4 -1.062377e-01
18 53 -1.069512e-01
6 16 -1.073170e-01
40 50 -1.073631e-01
47 54 -1.075028e-01
33 59 -1.076892e-01
25 35 -1.080546e-01
34 57 -1.080660e-01
33 60 -1.086040e-01
1 20 -1.086583e-01
1 18 -1.088114e-01
21 31 -1.090785e-01
21 52 -1.094895e-01
17 40 -1.104404e-01
21 41 -1.105495e-01
22 59 -1.118430e-01
27 61 -1.121627e-01
3 24 -1.125699e-01
40 42 -1.127344e-01
30 42 -1.131464e-01
35 48 -1.134097e-01
22 24 -1.137634e-01
34 41 -1.138155e-01
11 20 -1.144776e-01
7 20 -1.145609e-01
34 55 -1.146126e-01
8 50 -1.152979e-01
7 38 -1.156285e-01
23 55 -1.167670e-01
10 52 -1.170904e-01
33 38 -1.176591e-01
11 44 -1.192882e-01
53 59 -1.203848e-01
53 58 -1.206125e-01
28 38 -1.210167e-01
10 37 -1.210875e-01
9 13 -1.211385e-01
32 38 -1.213785e-01
42 43 -1.215565e-01
14 16 -1.222223e-01
1 53 -1.225173e-01
38 43 -1.226816e-01
3 58 -1.231575e-01
2 30 -1.236196e-01
12 37 -1.238536e-01
16 35 -1.241521e-01
44 49 -1.244492e-01
10 46 -1.247459e-01
35 41 -1.250893e-01
33 50 -1.253664e-01
20 44 -1.257800e-01
26 29 -1.263185e-01
9 26 -1.264514e-01
5 50 -1.267473e-01
8 52 -1.278134e-01
13 59 -1.278537e-01
29 36 -1.287149e-01
5 14 -1.288013e-01
42 46 -1.290120e-01
18 58 -1.296132e-01
31 60 -1.298884e-01
28 55 -1.306480e-01
4 41 -1.307301e-01
15 57 -1.308810e-01
51 59 -1.312244e-01
7 23 -1.327283e-01
49 54 -1.339301e-01
30 44 -1.342151e-01
42 58 -1.344498e-01
17 56 -1.345749e-01
15 59 -1.352154e-01
12 41 -1.355213e-01
6 61 -1.360934e-01
16 52 -1.366312e-01
13 60 -1.368562e-01
43 61 -1.373310e-01
2 57 -1.375728e-01
5 24 -1.375742e-01
7 39 -1.382404e-01
8 13 -1.412323e-01
38 51 -1.419183e-01
30 57 -1.422956e-01
21 34 -1.425735e-01
49 56 -1.430119e-01
13 32 -1.430345e-01
11 56 -1.430756e-01
7 42 -1.431539e-01
6 48 -1.437248e-01
8 23 -1.449817e-01
10 44 -1.452765e-01
23 44 -1.455434e-01
23 60 -1.471835e-01
16 45 -1.474867e-01
20 37 -1.475904e-01
16 37 -1.483869e-01
9 61 -1.486126e-01
29 59 -1.486518e-01
5 35 -1.487225e-01
40 54 -1.493836e-01
32 53 -1.513794e-01
11 42 -1.516672e-01
29 40 -1.522648e-01
16 30 -1.526890e-01
41 52 -1.531644e-01
24 45 -1.532194e-01
4 5 -1.532532e-01
23 54 -1.538062e-01
45 61 -1.544897e-01
5 7 -1.545460e-01
30 46 -1.546463e-01
2 59 -1.552728e-01
3 8 -1.554007e-01
13 31 -1.555967e-01
46 60 -1.558289e-01
44 51 -1.559801e-01
16 54 -1.562187e-01
13 46 -1.563917e-01
7 34 -1.564448e-01
50 61 -1.570505e-01
1 13 -1.570941e-01
37 55 -1.578298e-01
14 26 -1.578649e-01
1 11 -1.586538e-01
38 57 -1.589709e-01
12 45 -1.590529e-01
51 54 -1.596412e-01
30 53 -1.597008e-01
29 60 -1.609399e-01
24 51 -1.612404e-01
9 58 -1.613350e-01
16 24 -1.613644e-01
9 39 -1.615887e-01
1 57 -1.616326e-01
22 43 -1.630368e-01
13 50 -1.630533e-01
8 42 -1.633488e-01
28 40 -1.634189e-01
17 43 -1.637329e-01
2 11 -1.639803e-01
1 21 -1.642091e-01
21 49 -1.644373e-01
33 51 -1.648501e-01
14 39 -1.651222e-01
12 27 -1.653136e-01
24 43 -1.657869e-01
19 32 -1.659255e-01
3 53 -1.663064e-01
14 46 -1.663848e-01
17 54 -1.666697e-01
47 61 -1.672359e-01
12 38 -1.681584e-01
8 28 -1.681677e-01
23 57 -1.688117e-01
14 56 -1.690397e-01
12 54 -1.690861e-01
10 13 -1.692696e-01
39 47 -1.696985e-01
25 61 -1.697637e-01
24 39 -1.705976e-01
29 43 -1.710839e-01
4 16 -1.723868e-01
12 42 -1.726316e-01
15 52 -1.731182e-01
28 60 -1.733567e-01
8 35 -1.733659e-01
10 31 -1.753029e-01
41 46 -1.757722e-01
13 30 -1.758089e-01
2 43 -1.758235e-01
43 57 -1.759701e-01
38 55 -1.760242e-01
4 56 -1.760861e-01
27 50 -1.761224e-01
11 55 -1.766608e-01
37 59 -1.778735e-01
4 21 -1.780352e-01
27 48 -1.780658e-01
24 34 -1.780926e-01
48 58 -1.791089e-01
23 38 -1.794981e-01
9 27 -1.809962e-01
15 33 -1.815195e-01
15 51 -1.815532e-01
15 35 -1.818028e-01
36 50 -1.821037e-01
5 60 -1.823040e-01
46 48 -1.824791e-01
32 57 -1.831835e-01
9 46 -1.838847e-01
38 52 -1.839922e-01
1 41 -1.849402e-01
7 41 -1.855907e-01
9 15 -1.860426e-01
12 53 -1.864754e-01
50 60 -1.864798e-01
14 52 -1.870732e-01
14 55 -1.875940e-01
23 28 -1.878718e-01
3 40 -1.880446e-01
5 41 -1.882144e-01
7 12 -1.883325e-01
40 61 -1.887323e-01
8 16 -1.893157e-01
1 25 -1.894680e-01
16 33 -1.905385e-01
34 46 -1.906004e-01
37 57 -1.912572e-01
4 46 -1.912864e-01
13 15 -1.913284e-01
3 13 -1.921071e-01
23 24 -1.925368e-01
46 54 -1.930648e-01
11 60 -1.933604e-01
26 51 -1.946071e-01
3 26 -1.948510e-01
1 22 -1.957698e-01
52 59 -1.959583e-01
1 31 -1.965673e-01
9 33 -1.966292e-01
20 57 -1.969598e-01
24 25 -1.981621e-01
20 23 -1.989827e-01
18 19 -1.990505e-01
13 58 -1.990627e-01
11 34 -2.004399e-01
13 24 -2.007653e-01
1 50 -2.010758e-01
57 59 -2.015915e-01
21 44 -2.016956e-01
37 53 -2.019107e-01
41 60 -2.033194e-01
47 58 -2.040613e-01
7 35 -2.046937e-01
12 20 -2.047347e-01
18 48 -2.049339e-01
16 55 -2.049904e-01
18 31 -2.053835e-01
12 17 -2.058008e-01
51 60 -2.058176e-01
9 55 -2.059498e-01
2 26 -2.061220e-01
37 49 -2.062735e-01
45 59 -2.063349e-01
38 61 -2.068050e-01
7 52 -2.069767e-01
7 60 -2.072935e-01
4 51 -2.079602e-01
33 53 -2.081319e-01
24 57 -2.090813e-01
3 51 -2.091571e-01
32 36 -2.092014e-01
8 55 -2.097694e-01
49 58 -2.099970e-01
2 44 -2.108160e-01
11 13 -2.118127e-01
15 36 -2.119411e-01
14 49 -2.124971e-01
14 41 -2.125052e-01
6 37 -2.126695e-01
24 47 -2.131365e-01
17 61 -2.133823e-01
10 49 -2.141805e-01
2 33 -2.143158e-01
11 47 -2.145892e-01
40 47 -2.148283e-01
4 55 -2.158527e-01
18 32 -2.160832e-01
30 32 -2.162433e-01
17 32 -2.164686e-01
13 44 -2.171553e-01
37 47 -2.173931e-01
1 49 -2.174467e-01
12 58 -2.196909e-01
11 48 -2.206678e-01
6 56 -2.207851e-01
2 24 -2.208326e-01
25 52 -2.210179e-01
7 48 -2.211817e-01
12 18 -2.212362e-01
32 43 -2.214775e-01
5 59 -2.218302e-01
47 52 -2.219924e-01
6 22 -2.221577e-01
20 56 -2.227121e-01
28 39 -2.228344e-01
19 27 -2.235744e-01
7 45 -2.242730e-01
1 45 -2.247736e-01
42 57 -2.248514e-01
24 49 -2.249844e-01
7 51 -2.253852e-01
18 47 -2.260823e-01
14 57 -2.264881e-01
3 36 -2.292658e-01
43 56 -2.292684e-01
50 55 -2.305797e-01
24 30 -2.309303e-01
18 59 -2.311283e-01
4 57 -2.318748e-01
17 37 -2.320058e-01
16 31 -2.322943e-01
33 58 -2.323896e-01
19 49 -2.326807e-01
15 42 -2.328620e-01
41 50 -2.334849e-01
29 56 -2.337761e-01
41 58 -2.343337e-01
48 56 -2.346860e-01
36 56 -2.352355e-01
14 45 -2.361530e-01
36 57 -2.365753e-01
39 57 -2.366523e-01
5 23 -2.374107e-01
20 60 -2.385429e-01
17 42 -2.393553e-01
7 59 -2.393709e-01
11 18 -2.402944e-01
43 51 -2.409681e-01
23 48 -2.416821e-01
46 50 -2.420783e-01
18 61 -2.428733e-01
29 58 -2.430286e-01
2 34 -2.445236e-01
16 58 -2.465177e-01
8 12 -2.467148e-01
39 43 -2.474937e-01
14 61 -2.475309e-01
16 53 -2.479407e-01
3 61 -2.480487e-01
35 53 -2.482877e-01
27 58 -2.505047e-01
49 59 -2.508881e-01
10 60 -2.510519e-01
19 42 -2.512569e-01
34 59 -2.514728e-01
9 54 -2.514795e-01
28 33 -2.522594e-01
16 44 -2.531847e-01
4 40 -2.547888e-01
4 44 -2.551370e-01
6 52 -2.552778e-01
35 52 -2.556761e-01
20 43 -2.557552e-01
4 45 -2.558206e-01
4 39 -2.563226e-01
1 37 -2.564658e-01
21 29 -2.565465e-01
9 57 -2.565755e-01
9 21 -2.577987e-01
2 58 -2.589380e-01
34 52 -2.590747e-01
1 39 -2.591717e-01
34 35 -2.603668e-01
7 37 -2.603777e-01
19 23 -2.604713e-01
1 46 -2.604957e-01
10 27 -2.611852e-01
50 58 -2.614776e-01
20 35 -2.619525e-01
22 48 -2.621466e-01
12 22 -2.621664e-01
26 27 -2.636816e-01
15 47 -2.638733e-01
48 52 -2.654792e-01
6 30 -2.655341e-01
2 18 -2.659034e-01
11 53 -2.660725e-01
15 17 -2.663312e-01
6 25 -2.674106e-01
23 40 -2.674709e-01
18 43 -2.676596e-01
5 29 -2.680795e-01
8 58 -2.708305e-01
12 48 -2.713688e-01
26 56 -2.719712e-01
15 45 -2.728029e-01
6 45 -2.731648e-01
30 37 -2.731978e-01
18 33 -2.735612e-01
43 53 -2.742615e-01
4 8 -2.743779e-01
10 47 -2.744167e-01
13 57 -2.746692e-01
22 56 -2.760392e-01
29 46 -2.765050e-01
13 34 -2.771958e-01
12 34 -2.776022e-01
39 59 -2.788206e-01
30 33 -2.788420e-01
26 39 -2.791769e-01
11 24 -2.805328e-01
26 41 -2.806183e-01
28 52 -2.809441e-01
2 52 -2.812086e-01
30 52 -2.819977e-01
5 37 -2.837714e-01
13 33 -2.837938e-01
48 55 -2.844284e-01
23 50 -2.846433e-01
35 51 -2.850906e-01
21 48 -2.852353e-01
52 58 -2.855624e-01
28 37 -2.860422e-01
17 48 -2.861297e-01
35 59 -2.862663e-01
26 40 -2.864810e-01
51 57 -2.867214e-01
4 42 -2.868862e-01
5 57 -2.869523e-01
19 58 -2.876219e-01
12 32 -2.878439e-01
35 55 -2.879293e-01
29 34 -2.884207e-01
3 47 -2.891242e-01
25 33 -2.895835e-01
18 39 -2.896480e-01
1 6 -2.917892e-01
20 26 -2.921438e-01
3 52 -2.923403e-01
3 11 -2.934204e-01
29 45 -2.937187e-01
32 59 -2.940822e-01
18 22 -2.953070e-01
45 46 -2.966864e-01
42 49 -2.967890e-01
3 55 -2.971297e-01
8 61 -2.975219e-01
40 58 -2.979024e-01
40 51 -2.982008e-01
20 48 -2.997761e-01
29 30 -3.005409e-01
18 42 -3.006033e-01
40 48 -3.012453e-01
4 18 -3.015063e-01
3 9 -3.018729e-01
23 42 -3.021221e-01
14 34 -3.024848e-01
29 52 -3.030551e-01
15 48 -3.049333e-01
18 24 -3.053674e-01
40 55 -3.054173e-01
35 50 -3.057781e-01
21 26 -3.069957e-01
19 40 -3.072668e-01
39 60 -3.074695e-01
16 23 -3.097646e-01
4 37 -3.100021e-01
42 53 -3.104866e-01
8 41 -3.112491e-01
2 31 -3.117617e-01
15 41 -3.118532e-01
14 51 -3.133737e-01
33 54 -3.136089e-01
13 37 -3.140519e-01
9 41 -3.142279e-01
30 56 -3.144658e-01
34 60 -3.147195e-01
24 60 -3.151239e-01
22 45 -3.171240e-01
6 12 -3.175406e-01
13 26 -3.183077e-01
6 31 -3.184092e-01
8 43 -3.185437e-01
3 16 -3.187976e-01
23 51 -3.216018e-01
31 54 -3.218421e-01
31 56 -3.221683e-01
41 61 -3.228583e-01
44 53 -3.234882e-01
16 29 -3.246479e-01
29 51 -3.253759e-01
37 50 -3.263942e-01
34 37 -3.271848e-01
18 27 -3.275168e-01
5 31 -3.276309e-01
8 49 -3.279133e-01
41 54 -3.295230e-01
6 21 -3.300620e-01
20 51 -3.302271e-01
7 49 -3.303439e-01
40 60 -3.307866e-01
32 37 -3.313941e-01
19 26 -3.332283e-01
20 38 -3.333974e-01
6 27 -3.345697e-01
19 36 -3.355473e-01
12 33 -3.358500e-01
42 51 -3.364507e-01
10 55 -3.372400e-01
14 35 -3.391713e-01
23 59 -3.392621e-01
24 26 -3.395327e-01
1 26 -3.396527e-01
6 54 -3.402125e-01
8 39 -3.403036e-01
35 43 -3.403421e-01
13 38 -3.405561e-01
7 58 -3.409749e-01
5 28 -3.413391e-01
21 43 -3.413536e-01
18 38 -3.415018e-01
7 30 -3.416129e-01
39 50 -3.420252e-01
1 23 -3.426209e-01
13 39 -3.433571e-01
20 31 -3.434828e-01
34 61 -3.437746e-01
36 59 -3.441107e-01
19 56 -3.457260e-01
7 47 -3.480949e-01
40 43 -3.499094e-01
28 49 -3.504305e-01
10 56 -3.506006e-01
24 61 -3.506633e-01
14 54 -3.512905e-01
12 61 -3.516619e-01
9 18 -3.519289e-01
25 46 -3.522042e-01
16 42 -3.526535e-01
23 41 -3.533610e-01
29 37 -3.541306e-01
21 58 -3.542945e-01
2 35 -3.570202e-01
25 60 -3.571780e-01
25 56 -3.572196e-01
29 38 -3.572829e-01
19 37 -3.585291e-01
31 58 -3.593805e-01
43 60 -3.617891e-01
4 35 -3.623706e-01
6 57 -3.625540e-01
7 57 -3.628502e-01
50 59 -3.654741e-01
17 49 -3.665320e-01
27 52 -3.670373e-01
49 61 -3.671830e-01
36 52 -3.675757e-01
23 33 -3.682778e-01
17 38 -3.692724e-01
1 52 -3.698426e-01
7 36 -3.706419e-01
21 40 -3.711192e-01
20 39 -3.716403e-01
10 57 -3.730697e-01
19 44 -3.743537e-01
18 44 -3.754277e-01
49 60 -3.763856e-01
25 38 -3.768415e-01
5 22 -3.771862e-01
10 53 -3.776592e-01
1 38 -3.779737e-01
19 38 -3.783910e-01
12 59 -3.788990e-01
31 50 -3.799158e-01
3 54 -3.800807e-01
31 39 -3.821510e-01
17 31 -3.829295e-01
12 49 -3.832930e-01
26 43 -3.842622e-01
7 43 -3.844400e-01
15 46 -3.883435e-01
25 54 -3.885177e-01
16 47 -3.894543e-01
11 39 -3.905032e-01
27 53 -3.905512e-01
28 61 -3.905710e-01
16 32 -3.914274e-01
2 23 -3.916705e-01
8 30 -3.922422e-01
21 47 -3.924064e-01
44 58 -3.930172e-01
8 46 -3.934131e-01
9 29 -3.958059e-01
11 57 -3.967390e-01
15 24 -3.972658e-01
25 40 -3.976864e-01
17 33 -4.004997e-01
28 54 -4.020163e-01
14 36 -4.030817e-01
6 50 -4.034762e-01
18 20 -4.045955e-01
6 53 -4.059792e-01
21 22 -4.067546e-01
32 55 -4.079930e-01
14 48 -4.082408e-01
4 61 -4.095654e-01
51 52 -4.100985e-01
18 49 -4.104449e-01
11 37 -4.104636e-01
31 49 -4.108963e-01
17 27 -4.109469e-01
20 33 -4.115688e-01
15 56 -4.137734e-01
14 40 -4.139599e-01
15 61 -4.142562e-01
26 31 -4.151731e-01
26 57 -4.183219e-01
30 55 -4.210182e-01
23 39 -4.211286e-01
4 30 -4.211606e-01
7 33 -4.230622e-01
2 29 -4.231315e-01
16 22 -4.241444e-01
3 22 -4.246614e-01
4 54 -4.248045e-01
5 18 -4.249960e-01
16 56 -4.252839e-01
23 37 -4.253906e-01
3 48 -4.257312e-01
11 33 -4.263651e-01
1 54 -4.265384e-01
26 50 -4.266147e-01
33 44 -4.275685e-01
6 49 -4.280124e-01
12 55 -4.299450e-01
12 40 -4.318542e-01
10 51 -4.369462e-01
15 60 -4.378289e-01
36 44 -4.397346e-01
30 35 -4.434886e-01
32 39 -4.434925e-01
34 54 -4.439757e-01
22 39 -4.450132e-01
14 47 -4.455846e-01
22 54 -4.465100e-01
10 45 -4.492749e-01
40 56 -4.495560e-01
8 54 -4.501013e-01
2 20 -4.505505e-01
3 17 -4.515437e-01
1 51 -4.525834e-01
9 30 -4.551303e-01
26 49 -4.555414e-01
26 55 -4.556356e-01
6 46 -4.568843e-01
5 53 -4.590716e-01
27 40 -4.592244e-01
8 40 -4.595838e-01
5 55 -4.609188e-01
21 38 -4.638419e-01
10 54 -4.666840e-01
19 28 -4.677488e-01
28 41 -4.700998e-01
27 55 -4.711258e-01
22 30 -4.712762e-01
12 36 -4.714955e-01
8 36 -4.740404e-01
7 40 -4.794265e-01
3 38 -4.824607e-01
22 37 -4.833056e-01
11 38 -4.843634e-01
10 38 -4.849387e-01
10 12 -4.851932e-01
8 51 -4.858384e-01
11 54 -4.898148e-01
26 32 -4.906464e-01
7 44 -4.927664e-01
13 29 -4.963320e-01
39 55 -4.971768e-01
26 28 -4.980607e-01
27 36 -4.987253e-01
9 60 -5.023363e-01
13 56 -5.056546e-01
40 57 -5.091647e-01
4 48 -5.097096e-01
34 42 -5.107919e-01
5 48 -5.116349e-01
12 15 -5.185533e-01
5 56 -5.186012e-01
15 28 -5.197873e-01
2 47 -5.239193e-01
2 22 -5.248157e-01
15 54 -5.250320e-01
16 28 -5.294320e-01
25 36 -5.302268e-01
12 21 -5.331333e-01
32 48 -5.438508e-01
21 33 -5.446265e-01
6 47 -5.480979e-01
9 38 -5.517297e-01
5 38 -5.522625e-01
19 48 -5.523640e-01
15 55 -5.581814e-01
44 57 -5.601645e-01
14 38 -5.654509e-01
21 32 -5.660968e-01
2 53 -5.664032e-01
2 50 -5.717563e-01
2 32 -5.750927e-01
12 52 -5.800572e-01
8 44 -5.835755e-01
6 38 -5.848739e-01
2 27 -5.870815e-01
19 54 -5.895329e-01
9 49 -6.054854e-01
9 35 -6.107702e-01
32 51 -6.123407e-01
19 45 -6.342620e-01
27 45 -6.375459e-01
1 40 -6.440694e-01
10 48 -6.494627e-01
17 47 -6.696186e-01
2 25 -6.970574e-01
