18 21 0 8
54 57 0 8
31 41 0 8
9 12 0 8
60 61 0 8
52 55 0 8
37 54 0 8
53 55 0 8
38 40 0 8
21 57 0 8
37 42 0 8
31 33 0 8
59 60 0 8
38 49 0 8
5 40 0 8
29 32 0 8
39 40 0 8
8 18 0 8
2 38 0 8
37 56 0 8
26 33 0 8
4 13 0 8
47 50 0 8
47 49 0 8
12 29 0 8
27 32 0 8
12 35 0 8
17 19 0 8
52 54 0 8
51 56 0 8
52 57 0 8
10 30 0 8
38 45 0 8
40 49 0 8
17 21 0 8
4 12 0 8
22 23 0 8
24 28 0 8
30 40 0 8
12 23 0 8
35 39 0 8
32 33 0 8
49 55 0 8
16 34 0 8
20 21 0 8
4 15 0 8
12 26 0 8
33 39 0 8
43 58 0 8
1 10 0 8
51 55 0 8
26 46 0 8
58 59 0 8
8 9 0 8
37 38 0 8
12 51 0 8
11 23 0 8
2 15 0 8
13 28 0 8
15 58 0 8
53 54 0 8
6 36 0 8
54 56 0 8
2 45 0 8
35 36 0 8
5 16 0 8
2 8 0 8
56 61 0 8
37 39 0 8
7 22 0 8
20 55 0 8
34 44 0 8
13 40 0 8
30 54 0 8
23 26 0 8
1 44 0 8
18 50 0 8
15 50 0 8
8 24 0 8
48 50 0 8
39 48 0 8
2 5 0 8
33 47 0 8
7 8 0 8
38 54 0 8
57 58 0 8
8 45 0 8
34 43 0 8
3 4 0 8
25 32 0 8
1 15 0 8
26 30 0 8
27 59 0 8
14 21 0 8
1 48 0 8
15 16 0 8
5 15 0 8
5 6 0 8
34 49 0 8
27 28 0 8
34 38 0 8
41 48 0 8
27 29 0 8
11 22 0 8
1 2 0 8
54 60 0 8
6 19 0 8
21 54 0 8
11 25 0 8
9 20 0 8
51 53 0 8
6 39 0 8
2 7 0 8
22 60 0 8
30 48 0 8
6 20 0 8
7 55 0 8
15 22 0 8
33 49 0 8
32 50 0 8
26 48 0 8
47 48 0 8
17 23 0 8
13 16 0 8
12 19 0 8
51 58 0 8
3 12 0 8
59 61 0 8
25 28 0 8
3 27 0 8
14 59 0 8
6 7 0 8
4 14 0 8
18 46 0 8
58 60 0 8
10 19 0 8
2 40 0 8
18 51 0 8
12 30 0 8
23 31 0 8
14 19 0 8
2 16 0 8
12 16 0 8
26 42 0 8
45 57 0 8
12 14 0 8
2 37 0 8
7 29 0 8
35 49 0 8
25 27 0 8
30 49 0 8
22 26 0 8
8 15 0 8
11 43 0 8
4 32 0 8
4 6 0 8
6 10 0 8
55 57 0 8
3 7 0 8
5 13 0 8
56 57 0 8
3 15 0 8
1 4 0 8
35 40 0 8
22 32 0 8
25 47 0 8
23 46 0 8
36 42 0 8
37 44 0 8
23 27 0 8
38 44 0 8
3 19 0 8
4 23 0 8
5 11 0 8
14 43 0 8
3 14 0 8
22 25 0 8
25 44 0 8
31 46 0 8
45 50 0 8
7 14 0 8
43 52 0 8
32 58 0 8
27 42 0 8
19 57 0 8
15 49 0 8
6 51 0 8
51 61 0 8
3 41 0 8
39 51 0 8
35 42 0 8
34 36 0 8
2 42 0 8
28 43 0 8
8 48 0 8
20 32 0 8
6 33 0 8
10 28 0 8
52 53 0 8
9 43 0 8
25 29 0 8
30 47 0 8
36 48 0 8
22 53 0 8
9 51 0 8
5 61 0 8
24 36 0 8
57 60 0 8
28 58 0 8
5 54 0 8
48 57 0 8
3 5 0 8
22 61 0 8
36 53 0 8
44 50 0 8
2 61 0 8
4 26 0 8
17 26 0 8
3 43 0 8
23 35 0 8
24 44 0 8
33 40 0 8
37 41 0 8
3 20 0 8
11 41 0 8
39 41 0 8
55 56 0 8
16 40 0 8
11 59 0 8
18 26 0 8
6 18 0 8
40 45 0 8
19 21 0 8
14 27 0 8
36 39 0 8
21 23 0 8
36 37 0 8
54 55 0 8
11 17 0 8
43 44 0 8
58 61 0 8
9 48 0 8
28 46 0 8
12 56 0 8
23 25 0 8
46 59 0 8
19 35 0 8
26 34 0 8
11 46 0 8
1 12 0 8
17 18 0 8
45 53 0 8
1 28 0 8
40 44 0 8
1 33 0 8
40 41 0 8
5 8 0 8
18 57 0 8
20 52 0 8
18 52 0 8
39 61 0 8
39 42 0 8
9 44 0 8
28 57 0 8
35 54 0 8
34 45 0 8
8 57 0 8
8 29 0 8
25 58 0 8
5 20 0 8
10 32 0 8
11 26 0 8
22 46 0 8
6 14 0 8
47 57 0 8
26 36 0 8
49 51 0 8
38 48 0 8
14 18 0 8
13 47 0 8
34 53 0 8
10 18 0 8
8 11 0 8
6 29 0 8
16 19 0 8
46 55 0 8
15 29 0 8
2 48 0 8
2 3 0 8
26 60 0 8
3 18 0 8
13 48 0 8
9 24 0 8
1 16 0 8
24 59 0 8
16 49 0 8
27 38 0 8
7 61 0 8
35 44 0 8
10 23 0 8
46 49 0 8
17 53 0 8
20 58 0 8
28 56 0 8
35 37 0 8
24 29 0 8
31 52 0 8
29 61 0 8
45 51 0 8
49 53 0 8
25 26 0 8
19 31 0 8
6 42 0 8
17 51 0 8
14 15 0 8
10 15 0 8
14 58 0 8
1 7 0 8
20 41 0 8
39 56 0 8
53 56 0 8
7 19 0 8
14 20 0 8
41 51 0 8
25 59 0 8
4 43 0 8
41 42 0 8
16 26 0 8
1 19 0 8
40 52 0 8
4 19 0 8
2 9 0 8
9 17 0 8
9 31 0 8
21 45 0 8
9 52 0 8
6 32 0 8
10 17 0 8
6 24 0 8
28 44 0 8
7 46 0 8
52 60 0 8
37 60 0 8
1 14 0 8
13 53 0 8
52 61 0 8
22 47 0 8
41 44 0 8
9 11 0 8
42 52 0 8
20 24 0 8
12 47 0 8
12 13 0 8
13 19 0 8
9 16 0 8
2 56 0 8
45 47 0 8
41 47 0 8
8 38 0 8
30 50 0 8
8 59 0 8
33 55 0 8
20 50 0 8
24 46 0 8
7 32 0 8
14 17 0 8
38 42 0 8
7 53 0 8
20 27 0 8
38 60 0 8
3 28 0 8
33 43 0 8
23 34 0 8
20 36 0 8
57 61 0 8
19 51 0 8
4 10 0 8
30 38 0 8
49 50 0 8
19 30 0 8
55 58 0 8
3 35 0 8
16 48 0 8
14 28 0 8
55 59 0 8
13 42 0 8
2 13 0 8
8 27 0 8
45 52 0 8
55 61 0 8
29 41 0 8
24 31 0 8
30 58 0 8
10 11 0 8
41 43 0 8
10 29 0 8
35 38 0 8
34 40 0 8
27 56 0 8
56 60 0 8
15 40 0 8
7 21 0 8
30 61 0 8
16 57 0 8
29 31 0 8
45 48 0 8
5 52 0 8
13 43 0 8
28 59 0 8
14 25 0 8
7 18 0 8
28 32 0 8
46 53 0 8
50 51 0 8
31 40 0 8
32 47 0 8
56 59 0 8
39 52 0 8
11 31 0 8
30 60 0 8
24 40 0 8
23 47 0 8
19 39 0 8
38 41 0 8
8 31 0 8
9 37 0 8
48 54 0 8
24 37 0 8
23 53 0 8
17 50 0 8
46 56 0 8
7 10 0 8
18 41 0 8
33 48 0 8
11 21 0 8
22 35 0 8
32 40 0 8
20 53 0 8
2 51 0 8
8 32 0 8
7 11 0 8
33 45 0 8
12 43 0 8
37 48 0 8
46 47 0 8
6 43 0 8
9 14 0 8
3 6 0 8
6 11 0 8
50 56 0 8
13 23 0 8
37 51 0 8
4 38 0 8
10 33 0 8
16 41 0 8
15 18 0 8
20 59 0 8
24 32 0 8
32 44 0 8
2 55 0 8
50 54 0 8
27 30 0 8
3 10 0 8
6 28 0 8
27 51 0 8
6 9 0 8
8 17 0 8
13 49 0 8
30 34 0 8
14 31 0 8
37 40 0 8
44 52 0 8
6 13 0 8
44 48 0 8
39 54 0 8
3 50 0 8
28 34 0 8
7 26 0 8
2 60 0 8
34 58 0 8
11 12 0 8
5 19 0 8
18 45 0 8
17 34 0 8
49 52 0 8
29 39 0 8
32 46 0 8
20 25 0 8
25 57 0 8
25 50 0 8
10 14 0 8
35 45 0 8
41 49 0 8
41 56 0 8
20 22 0 8
17 24 0 8
10 36 0 8
39 49 0 8
33 46 0 8
33 34 0 8
7 9 0 8
27 47 0 8
29 44 0 8
8 14 0 8
14 53 0 8
11 45 0 8
36 43 0 8
29 55 0 8
9 47 0 8
7 16 0 8
10 25 0 8
13 55 0 8
9 23 0 8
28 48 0 8
11 36 0 8
2 36 0 8
26 37 0 8
11 16 0 8
27 33 0 8
40 46 0 8
31 53 0 8
5 9 0 8
11 15 0 8
22 52 0 8
5 32 0 8
25 49 0 8
26 58 0 8
1 3 0 8
29 54 0 8
24 56 0 8
36 54 0 8
21 35 0 8
8 60 0 8
13 27 0 8
23 43 0 8
20 28 0 8
30 43 0 8
4 47 0 8
3 31 0 8
24 48 0 8
44 54 0 8
15 31 0 8
17 45 0 8
38 56 0 8
55 60 0 8
5 17 0 8
28 53 0 8
19 33 0 8
31 32 0 8
2 54 0 8
4 17 0 8
19 60 0 8
14 22 0 8
8 22 0 8
1 56 0 8
36 46 0 8
14 42 0 8
10 41 0 8
19 24 0 8
17 57 0 8
30 39 0 8
19 29 0 8
31 38 0 8
9 10 0 8
21 56 0 8
9 40 0 8
13 45 0 8
1 43 0 8
21 39 0 8
3 44 0 8
42 56 0 8
43 55 0 8
22 29 0 8
10 40 0 8
37 61 0 8
16 43 0 8
6 17 0 8
21 27 0 8
2 39 0 8
26 38 0 8
34 50 0 8
4 31 0 8
5 12 0 8
10 24 0 8
53 57 0 8
22 33 0 8
18 23 0 8
16 30 0 8
4 28 0 8
5 36 0 8
17 60 0 8
18 25 0 8
18 30 0 8
22 42 0 8
32 34 0 8
13 54 0 8
39 44 0 8
26 47 0 8
21 30 0 8
29 49 0 8
11 14 0 8
5 30 0 8
44 60 0 8
44 56 0 8
16 36 0 8
25 42 0 8
13 21 0 8
7 17 0 8
18 56 0 8
35 46 0 8
42 45 0 8
25 31 0 8
19 20 0 8
27 57 0 8
1 34 0 8
43 46 0 8
30 45 0 8
37 46 0 8
17 28 0 8
17 35 0 8
28 42 0 8
19 43 0 8
9 36 0 8
47 53 0 8
49 57 0 8
16 60 0 8
36 55 0 8
29 35 0 8
43 47 0 8
16 59 0 8
8 19 0 8
19 25 0 8
36 41 0 8
21 46 0 8
4 29 0 8
13 52 0 8
47 55 0 8
34 56 0 8
11 58 0 8
18 36 0 8
25 43 0 8
24 50 0 8
15 38 0 8
10 43 0 8
27 35 0 8
7 25 0 8
20 29 0 8
32 45 0 8
33 35 0 8
21 50 0 8
1 58 0 8
29 57 0 8
6 40 0 8
7 24 0 8
30 36 0 8
28 51 0 8
31 44 0 8
35 60 0 8
28 31 0 8
7 50 0 8
52 56 0 8
4 22 0 8
4 59 0 8
14 33 0 8
24 58 0 8
26 61 0 8
27 41 0 8
6 44 0 8
25 34 0 8
45 54 0 8
36 51 0 8
44 55 0 8
53 61 0 8
1 55 0 8
42 59 0 8
33 41 0 8
28 47 0 8
10 61 0 8
21 55 0 8
20 54 0 8
11 29 0 8
31 57 0 8
56 58 0 8
47 60 0 8
23 52 0 8
6 48 0 8
31 43 0 8
14 29 0 8
31 55 0 8
9 50 0 8
6 41 0 8
13 18 0 8
20 49 0 8
2 10 0 8
30 51 0 8
43 49 0 8
1 47 0 8
32 49 0 8
5 44 0 8
37 45 0 8
39 46 0 8
17 46 0 8
24 55 0 8
21 59 0 8
38 53 0 8
36 47 0 8
31 42 0 8
48 61 0 8
7 13 0 8
17 44 0 8
38 47 0 8
23 61 0 8
22 31 0 8
4 27 0 8
18 28 0 8
4 58 0 8
31 34 0 8
47 59 0 8
17 58 0 8
21 53 0 8
8 21 0 8
22 50 0 8
28 50 0 8
34 47 0 8
24 33 0 8
28 30 0 8
9 19 0 8
7 28 0 8
20 61 0 8
43 54 0 8
17 29 0 8
5 10 0 8
11 27 0 8
29 33 0 8
16 27 0 8
11 32 0 8
1 53 0 8
5 33 0 8
22 38 0 8
15 25 0 8
4 7 0 8
1 59 0 8
19 52 0 8
13 36 0 8
21 52 0 8
25 51 0 8
15 20 0 8
46 57 0 8
15 23 0 8
2 41 0 8
5 27 0 8
42 60 0 8
46 58 0 8
1 36 0 8
44 45 0 8
19 50 0 8
24 35 0 8
6 8 0 8
8 20 0 8
54 61 0 8
19 34 0 8
18 29 0 8
8 53 0 8
21 42 0 8
21 36 0 8
30 42 0 8
4 9 0 8
50 53 0 8
21 28 0 8
22 41 0 8
22 49 0 8
6 59 0 8
32 35 0 8
11 50 0 8
45 60 0 8
11 35 0 8
42 55 0 8
2 6 0 8
10 35 0 8
22 28 0 8
3 30 0 8
8 10 0 8
53 60 0 8
15 21 0 8
8 50 0 8
5 21 0 8
42 61 0 8
14 23 0 8
16 38 0 8
23 32 0 8
48 53 0 8
15 44 0 8
4 24 0 8
6 55 0 8
47 51 0 8
27 43 0 8
11 52 0 8
47 56 0 8
9 13 0 8
15 39 0 8
24 42 0 8
38 50 0 8
22 40 0 8
4 49 0 8
5 39 0 8
34 51 0 8
10 59 0 8
25 41 0 8
3 56 0 8
48 60 0 8
15 34 0 8
44 47 0 8
35 57 0 8
12 31 0 8
41 45 0 8
24 51 0 8
13 61 0 8
6 35 0 8
7 38 0 8
11 20 0 8
42 50 0 8
22 34 0 8
3 37 0 8
21 25 0 8
36 38 0 8
23 29 0 8
12 46 0 8
32 60 0 8
8 47 0 8
5 58 0 8
14 32 0 8
13 14 0 8
4 33 0 8
31 36 0 8
23 30 0 8
3 21 0 8
3 32 0 8
13 41 0 8
19 22 0 8
16 17 0 8
43 45 0 8
40 50 0 8
24 38 0 8
3 39 0 8
3 33 0 8
4 53 0 8
26 52 0 8
10 52 0 8
8 25 0 8
3 42 0 8
13 20 0 8
43 59 0 8
36 61 0 8
17 20 0 8
29 42 0 8
17 36 0 8
36 58 0 8
17 52 0 8
6 23 0 8
33 36 0 8
7 31 0 8
19 55 0 8
39 58 0 8
16 52 0 8
1 61 0 8
15 19 0 8
39 45 0 8
15 32 0 8
8 52 0 8
11 49 0 8
19 41 0 8
10 21 0 8
12 42 0 8
10 26 0 8
8 56 0 8
9 32 0 8
17 25 0 8
18 58 0 8
15 30 0 8
2 21 0 8
4 50 0 8
33 42 0 8
31 51 0 8
22 27 0 8
35 56 0 8
13 25 0 8
5 47 0 8
7 35 0 8
43 50 0 8
6 15 0 8
12 24 0 8
38 59 0 8
26 54 0 8
44 46 0 8
18 55 0 8
31 37 0 8
54 58 0 8
39 60 0 8
46 51 0 8
37 55 0 8
7 42 0 8
9 25 0 8
38 46 0 8
3 59 0 8
22 36 0 8
39 53 0 8
48 59 0 8
2 12 0 8
14 41 0 8
16 54 0 8
21 41 0 8
27 54 0 8
33 56 0 8
33 60 0 8
13 22 0 8
5 46 0 8
7 56 0 8
8 23 0 8
2 28 0 8
8 34 0 8
4 11 0 8
40 53 0 8
44 61 0 8
20 45 0 8
21 24 0 8
27 60 0 8
1 9 0 8
23 36 0 8
8 26 0 8
12 50 0 8
22 44 0 8
6 26 0 8
28 35 0 8
44 59 0 8
9 42 0 8
7 23 0 8
6 58 0 8
1 24 0 8
10 50 0 8
8 37 0 8
25 35 0 8
3 58 0 8
27 37 0 8
37 43 0 8
20 30 0 8
40 54 0 8
3 29 0 8
53 58 0 8
23 56 0 8
11 28 0 8
34 39 0 8
21 61 0 8
51 60 0 8
24 39 0 8
54 59 0 8
50 57 0 8
21 51 0 8
42 43 0 8
33 37 0 8
11 30 0 8
19 61 0 8
31 45 0 8
1 27 0 8
6 34 0 8
16 61 0 8
20 46 0 8
52 59 0 8
6 37 0 8
18 60 0 8
16 33 0 8
5 26 0 8
3 23 0 8
36 40 0 8
5 49 0 8
12 44 0 8
23 28 0 8
3 60 0 8
3 34 0 8
45 56 0 8
32 42 0 8
9 26 0 8
27 31 0 8
27 44 0 8
5 34 0 8
25 30 0 8
40 42 0 8
7 54 0 8
13 30 0 8
4 34 0 8
27 39 0 8
51 59 0 8
10 58 0 8
14 24 0 8
10 42 0 8
38 39 0 8
3 45 0 8
18 53 0 8
10 49 0 8
14 60 0 8
46 52 0 8
35 47 0 8
5 51 0 8
10 34 0 8
28 36 0 8
2 30 0 8
18 35 0 8
38 57 0 8
19 59 0 8
9 46 0 8
13 17 0 8
31 35 0 8
24 45 0 8
26 53 0 8
45 58 0 8
10 39 0 8
10 20 0 8
35 41 0 8
18 37 0 8
27 34 0 8
13 35 0 8
1 30 0 8
50 52 0 8
14 44 0 8
11 61 0 8
15 57 0 8
42 47 0 8
7 34 0 8
1 5 0 8
10 31 0 8
32 41 0 8
10 22 0 8
1 20 0 8
4 21 0 8
2 4 0 8
17 39 0 8
16 20 0 8
22 58 0 8
5 45 0 8
10 16 0 8
2 46 0 8
36 60 0 8
5 60 0 8
27 49 0 8
21 37 0 8
1 11 0 8
22 24 0 8
23 57 0 8
33 58 0 8
22 59 0 8
1 29 0 8
42 44 0 8
15 53 0 8
32 56 0 8
46 48 0 8
4 25 0 8
4 46 0 8
5 43 0 8
41 57 0 8
40 59 0 8
24 54 0 8
1 42 0 8
24 49 0 8
18 48 0 8
32 43 0 8
16 18 0 8
2 17 0 8
29 36 0 8
45 49 0 8
22 43 0 8
1 35 0 8
33 57 0 8
45 61 0 8
20 47 0 8
3 8 0 8
12 39 0 8
15 37 0 8
46 61 0 8
20 34 0 8
1 60 0 8
15 27 0 8
29 60 0 8
18 34 0 8
2 26 0 8
19 32 0 8
28 29 0 8
17 37 0 8
19 47 0 8
12 25 0 8
1 17 0 8
38 61 0 8
29 47 0 8
3 24 0 8
3 25 0 8
3 9 0 8
24 52 0 8
16 39 0 8
16 25 0 8
38 51 0 8
4 44 0 8
29 59 0 8
21 60 0 8
1 41 0 8
1 8 0 8
16 51 0 8
1 32 0 8
37 52 0 8
22 48 0 8
17 56 0 8
10 44 0 8
20 40 0 8
8 33 0 8
9 28 0 8
42 58 0 8
35 61 0 8
17 42 0 8
25 55 0 8
20 42 0 8
14 46 0 8
13 51 0 8
43 53 0 8
9 15 0 8
5 35 0 8
32 54 0 8
7 27 0 8
31 47 0 8
15 51 0 8
16 37 0 8
57 59 0 8
8 13 0 8
34 48 0 8
5 50 0 8
24 43 0 8
12 37 0 8
28 55 0 8
5 25 0 8
11 19 0 8
42 48 0 8
4 20 0 8
29 48 0 8
4 52 0 8
24 53 0 8
32 52 0 8
11 51 0 8
3 40 0 8
43 51 0 8
7 39 0 8
29 43 0 8
29 56 0 8
9 39 0 8
15 26 0 8
16 50 0 8
53 59 0 8
12 27 0 8
31 59 0 8
12 17 0 8
35 48 0 8
29 50 0 8
17 22 0 8
3 49 0 8
19 46 0 8
33 38 0 8
2 33 0 8
9 56 0 8
9 58 0 8
26 40 0 8
31 48 0 8
16 24 0 8
20 37 0 8
4 36 0 8
1 57 0 8
28 45 0 8
25 53 0 8
10 37 0 8
37 59 0 8
12 60 0 8
9 53 0 8
27 46 0 8
9 59 0 8
31 60 0 8
44 51 0 8
18 40 0 8
17 54 0 8
19 49 0 8
14 16 0 8
16 55 0 8
31 61 0 8
5 7 0 8
5 41 0 8
23 24 0 8
30 44 0 8
7 60 0 8
16 45 0 8
1 46 0 8
14 45 0 8
10 13 0 8
50 60 0 8
1 25 0 8
13 31 0 8
33 59 0 8
2 57 0 8
34 46 0 8
17 55 0 8
48 49 0 8
8 16 0 8
1 13 0 8
26 35 0 8
27 48 0 8
7 59 0 8
20 44 0 8
15 59 0 8
48 51 0 8
41 52 0 8
11 40 0 8
17 41 0 8
4 51 0 8
9 61 0 8
1 18 0 8
30 56 0 8
49 56 0 8
22 55 0 8
16 21 0 8
4 55 0 8
26 59 0 8
2 19 0 8
42 46 0 8
17 32 0 8
34 55 0 8
26 51 0 8
36 45 0 8
44 49 0 8
9 34 0 8
12 41 0 8
40 47 0 8
45 59 0 8
13 50 0 8
50 61 0 8
5 14 0 8
10 46 0 8
9 22 0 8
5 42 0 8
23 48 0 8
2 44 0 8
23 59 0 8
11 44 0 8
34 41 0 8
48 56 0 8
17 43 0 8
28 60 0 8
36 56 0 8
26 41 0 8
40 61 0 8
3 53 0 8
46 54 0 8
39 59 0 8
18 22 0 8
2 58 0 8
19 53 0 8
2 24 0 8
1 26 0 8
13 15 0 8
29 40 0 8
49 58 0 8
32 38 0 8
18 19 0 8
41 55 0 8
30 59 0 8
22 57 0 8
4 8 0 8
30 57 0 8
36 49 0 8
25 52 0 8
49 54 0 8
7 51 0 8
26 27 0 8
20 35 0 8
43 48 0 8
9 54 0 8
35 59 0 8
48 58 0 8
17 48 0 8
12 38 0 8
18 31 0 8
25 48 0 8
15 33 0 8
2 49 0 8
11 18 0 8
19 40 0 8
32 61 0 8
3 57 0 8
21 48 0 8
8 12 0 8
13 46 0 8
23 49 0 8
15 17 0 8
7 49 0 8
9 45 0 8
6 61 0 8
37 58 0 8
30 31 0 8
25 37 0 8
30 37 0 8
38 58 0 8
40 60 0 8
36 50 0 8
29 37 0 8
11 47 0 8
30 33 0 8
11 55 0 8
41 46 0 8
25 39 0 8
28 38 0 8
15 35 0 8
12 54 0 8
15 48 0 8
33 52 0 8
18 54 0 8
21 31 0 8
42 54 0 8
52 58 0 8
9 27 0 8
3 51 0 8
38 52 0 8
29 53 0 8
19 27 0 8
20 57 0 8
26 45 0 8
32 53 0 8
28 39 0 8
25 33 0 8
26 29 0 8
1 49 0 8
11 48 0 8
12 28 0 8
30 52 0 8
14 39 0 8
13 24 0 8
47 61 0 8
15 52 0 8
25 61 0 8
14 55 0 8
12 45 0 8
5 24 0 8
50 55 0 8
6 56 0 8
16 46 0 8
7 48 0 8
7 20 0 8
1 37 0 8
3 13 0 8
29 34 0 8
3 55 0 8
18 59 0 8
13 57 0 8
4 60 0 8
12 57 0 8
7 12 0 8
18 61 0 8
9 21 0 8
11 42 0 8
23 55 0 8
7 37 0 8
16 35 0 8
14 52 0 8
11 24 0 8
6 16 0 8
45 55 0 8
13 44 0 8
47 58 0 8
28 33 0 8
34 59 0 8
24 25 0 8
30 46 0 8
12 53 0 8
23 44 0 8
36 59 0 8
24 27 0 8
17 59 0 8
29 46 0 8
23 33 0 8
34 57 0 8
10 47 0 8
4 56 0 8
13 60 0 8
15 36 0 8
1 31 0 8
20 48 0 8
27 61 0 8
51 54 0 8
23 50 0 8
27 50 0 8
13 59 0 8
11 53 0 8
1 21 0 8
14 35 0 8
23 54 0 8
25 45 0 8
2 59 0 8
23 45 0 8
18 39 0 8
18 24 0 8
35 58 0 8
11 34 0 8
12 20 0 8
36 57 0 8
38 55 0 8
8 35 0 8
21 44 0 8
17 61 0 8
5 37 0 8
7 41 0 8
11 13 0 8
12 18 0 8
14 61 0 8
33 61 0 8
7 15 0 8
26 44 0 8
24 41 0 8
24 57 0 8
47 54 0 8
14 30 0 8
33 50 0 8
21 34 0 8
44 58 0 8
8 28 0 8
15 43 0 8
14 50 0 8
16 23 0 8
5 57 0 8
4 5 0 8
24 34 0 8
10 27 0 8
43 61 0 8
18 42 0 8
8 58 0 8
4 57 0 8
14 37 0 8
1 23 0 8
17 40 0 8
21 26 0 8
48 52 0 8
23 60 0 8
9 33 0 8
42 57 0 8
37 50 0 8
20 23 0 8
49 60 0 8
3 11 0 8
37 57 0 8
1 45 0 8
39 43 0 8
5 29 0 8
1 22 0 8
37 49 0 8
16 44 0 8
24 47 0 8
30 41 0 8
4 18 0 8
18 43 0 8
8 42 0 8
27 58 0 8
12 48 0 8
18 47 0 8
6 25 0 8
39 50 0 8
6 60 0 8
1 6 0 8
49 61 0 8
2 34 0 8
2 52 0 8
3 46 0 8
14 56 0 8
6 45 0 8
22 51 0 8
34 61 0 8
32 37 0 8
30 53 0 8
6 54 0 8
26 56 0 8
3 36 0 8
34 35 0 8
16 58 0 8
29 51 0 8
2 14 0 8
20 56 0 8
29 52 0 8
1 38 0 8
43 56 0 8
19 36 0 8
33 51 0 8
40 48 0 8
12 33 0 8
38 43 0 8
13 32 0 8
39 57 0 8
14 36 0 8
41 50 0 8
42 51 0 8
6 21 0 8
2 35 0 8
41 58 0 8
35 51 0 8
32 36 0 8
16 53 0 8
16 22 0 8
12 34 0 8
28 49 0 8
31 58 0 8
24 60 0 8
3 61 0 8
17 30 0 8
9 55 0 8
4 37 0 8
18 32 0 8
23 41 0 8
3 17 0 8
35 55 0 8
4 39 0 8
23 58 0 8
7 58 0 8
7 52 0 8
2 31 0 8
15 42 0 8
14 34 0 8
7 36 0 8
12 58 0 8
16 29 0 8
15 41 0 8
15 47 0 8
25 46 0 8
18 38 0 8
20 43 0 8
5 59 0 8
41 61 0 8
43 57 0 8
14 49 0 8
11 56 0 8
51 57 0 8
1 50 0 8
34 60 0 8
19 23 0 8
29 58 0 8
13 34 0 8
27 52 0 8
34 37 0 8
12 40 0 8
13 58 0 8
15 45 0 8
10 57 0 8
25 56 0 8
19 44 0 8
6 53 0 8
4 41 0 8
12 32 0 8
32 59 0 8
16 42 0 8
45 46 0 8
20 60 0 8
31 56 0 8
8 43 0 8
10 54 0 8
32 39 0 8
33 53 0 8
5 31 0 8
23 38 0 8
27 53 0 8
31 54 0 8
20 33 0 8
4 16 0 8
33 54 0 8
22 45 0 8
26 39 0 8
24 26 0 8
1 51 0 8
15 24 0 8
21 49 0 8
32 57 0 8
6 31 0 8
42 49 0 8
8 39 0 8
7 47 0 8
1 52 0 8
16 32 0 8
34 52 0 8
35 53 0 8
3 52 0 8
14 48 0 8
9 57 0 8
41 53 0 8
19 58 0 8
50 58 0 8
24 30 0 8
14 57 0 8
37 53 0 8
6 30 0 8
17 38 0 8
49 59 0 8
28 52 0 8
13 26 0 8
2 11 0 8
12 22 0 8
3 47 0 8
19 42 0 8
51 52 0 8
41 59 0 8
4 45 0 8
12 55 0 8
20 26 0 8
26 49 0 8
39 55 0 8
41 60 0 8
17 49 0 8
46 50 0 8
26 31 0 8
2 18 0 8
10 53 0 8
30 32 0 8
26 50 0 8
10 60 0 8
50 59 0 8
10 55 0 8
37 47 0 8
23 39 0 8
1 39 0 8
41 54 0 8
35 52 0 8
16 28 0 8
31 49 0 8
2 43 0 8
11 33 0 8
4 40 0 8
29 38 0 8
13 38 0 8
3 48 0 8
21 29 0 8
48 55 0 8
14 26 0 8
21 40 0 8
27 40 0 8
14 51 0 8
8 40 0 8
40 43 0 8
18 27 0 8
1 54 0 8
8 54 0 8
23 42 0 8
18 49 0 8
39 47 0 8
7 43 0 8
16 56 0 8
31 50 0 8
6 22 0 8
21 47 0 8
29 30 0 8
11 38 0 8
40 51 0 8
4 35 0 8
15 56 0 8
13 33 0 8
24 61 0 8
21 58 0 8
15 61 0 8
3 22 0 8
5 22 0 8
47 52 0 8
25 54 0 8
10 51 0 8
18 44 0 8
4 48 0 8
15 60 0 8
29 45 0 8
3 26 0 8
40 55 0 8
28 37 0 8
44 53 0 8
23 37 0 8
4 42 0 8
18 33 0 8
13 37 0 8
46 60 0 8
12 59 0 8
8 55 0 8
4 61 0 8
9 35 0 8
8 41 0 8
11 39 0 8
16 47 0 8
22 30 0 8
9 30 0 8
6 49 0 8
5 28 0 8
36 52 0 8
20 51 0 8
6 52 0 8
18 20 0 8
22 56 0 8
13 39 0 8
7 45 0 8
35 50 0 8
16 31 0 8
26 43 0 8
5 55 0 8
12 49 0 8
21 38 0 8
20 38 0 8
19 56 0 8
9 41 0 8
11 37 0 8
20 39 0 8
6 12 0 8
35 43 0 8
25 36 0 8
42 53 0 8
22 37 0 8
14 54 0 8
31 39 0 8
6 27 0 8
20 31 0 8
26 32 0 8
12 61 0 8
9 29 0 8
25 60 0 8
19 28 0 8
34 42 0 8
22 54 0 8
2 23 0 8
23 51 0 8
21 43 0 8
25 40 0 8
9 18 0 8
44 57 0 8
32 48 0 8
26 55 0 8
8 30 0 8
8 61 0 8
2 27 0 8
27 36 0 8
17 31 0 8
7 33 0 8
11 60 0 8
6 46 0 8
10 38 0 8
15 55 0 8
3 16 0 8
10 45 0 8
28 40 0 8
19 37 0 8
2 29 0 8
2 47 0 8
3 54 0 8
5 53 0 8
5 38 0 8
23 40 0 8
30 35 0 8
34 54 0 8
2 22 0 8
17 27 0 8
14 40 0 8
30 55 0 8
12 36 0 8
22 39 0 8
5 23 0 8
4 30 0 8
15 54 0 8
33 44 0 8
9 38 0 8
25 38 0 8
8 46 0 8
14 47 0 8
14 38 0 8
17 33 0 8
2 20 0 8
7 30 0 8
6 57 0 8
12 15 0 8
28 61 0 8
10 56 0 8
13 56 0 8
43 60 0 8
15 46 0 8
21 22 0 8
5 18 0 8
28 54 0 8
11 57 0 8
40 57 0 8
4 54 0 8
19 26 0 8
27 45 0 8
7 44 0 8
28 41 0 8
26 57 0 8
1 40 0 8
2 50 0 8
6 38 0 8
19 38 0 8
40 58 0 8
6 47 0 8
36 44 0 8
2 53 0 8
7 57 0 8
9 60 0 8
5 48 0 8
32 55 0 8
15 28 0 8
26 28 0 8
8 51 0 8
19 45 0 8
10 48 0 8
6 50 0 8
27 55 0 8
12 52 0 8
8 36 0 8
32 51 0 8
13 29 0 8
3 38 0 8
8 49 0 8
5 56 0 8
8 44 0 8
21 32 0 8
11 54 0 8
10 12 0 8
12 21 0 8
7 40 0 8
40 56 0 8
19 54 0 8
21 33 0 8
2 32 0 8
17 47 0 8
19 48 0 8
2 25 0 8
9 49 0 8
