18,21,0.260186
54,57,0.254002
31,41,0.235742
9,12,0.222820
60,61,0.210839
52,55,0.208285
37,54,0.201366
53,55,0.193917
38,40,0.193819
21,57,0.183546
37,42,0.182706
31,33,0.182426
59,60,0.179043
38,49,0.176459
5,40,0.176330
29,32,0.175216
39,40,0.172439
8,18,0.168655
2,38,0.165918
37,56,0.164239
26,33,0.163298
4,13,0.163189
47,50,0.162554
47,49,0.161598
12,29,0.159743
27,32,0.157548
12,35,0.153184
17,19,0.148072
52,54,0.144929
51,56,0.143038
52,57,0.142508
10,30,0.142481
38,45,0.141747
40,49,0.136123
17,21,0.133782
4,12,0.133455
22,23,0.131124
24,28,0.130512
30,40,0.130054
12,23,0.129458
35,39,0.128882
32,33,0.127832
49,55,0.127489
16,34,0.127177
20,21,0.125003
4,15,0.124995
12,26,0.124393
33,39,0.124387
43,58,0.124178
1,10,0.124016
51,55,0.123117
26,46,0.122773
58,59,0.122141
8,9,0.120299
37,38,0.118848
12,51,0.118811
11,23,0.118427
2,15,0.118334
13,28,0.117896
15,58,0.117532
53,54,0.116576
6,36,0.115919
54,56,0.115868
2,45,0.115422
35,36,0.115083
5,16,0.114899
2,8,0.113883
56,61,0.111730
37,39,0.111385
7,22,0.110859
20,55,0.110534
34,44,0.109909
13,40,0.109844
30,54,0.109443
23,26,0.109217
1,44,0.108626
18,50,0.108492
15,50,0.107608
8,24,0.107124
48,50,0.106696
39,48,0.106685
2,5,0.106607
33,47,0.106151
7,8,0.105092
38,54,0.104544
57,58,0.104418
8,45,0.104200
34,43,0.103151
3,4,0.102938
25,32,0.102918
1,15,0.102597
26,30,0.102509
27,59,0.102278
14,21,0.102070
1,48,0.102022
15,16,0.101286
5,15,0.101047
5,6,0.100077
34,49,0.099999
27,28,0.098873
34,38,0.098862
41,48,0.098681
27,29,0.098416
11,22,0.098309
1,2,0.097590
54,60,0.097583
6,19,0.097540
21,54,0.097413
11,25,0.097230
9,20,0.097135
51,53,0.097023
6,39,0.096678
2,7,0.096637
22,60,0.096088
30,48,0.095791
6,20,0.094858
7,55,0.093867
15,22,0.093865
33,49,0.093853
32,50,0.093787
26,48,0.093771
47,48,0.093523
17,23,0.093111
13,16,0.091853
12,19,0.091541
51,58,0.091400
3,12,0.091306
59,61,0.090939
25,28,0.090913
3,27,0.090900
14,59,0.090695
6,7,0.090352
4,14,0.090040
18,46,0.090012
58,60,0.089956
10,19,0.089716
2,40,0.089529
18,51,0.089509
12,30,0.088632
23,31,0.088456
14,19,0.088222
2,16,0.087926
12,16,0.087386
26,42,0.086638
45,57,0.086368
12,14,0.085895
2,37,0.085535
7,29,0.085533
35,49,0.085131
25,27,0.084646
30,49,0.084101
22,26,0.083754
8,15,0.083560
11,43,0.083553
4,32,0.083308
4,6,0.083301
6,10,0.083175
55,57,0.082969
3,7,0.082234
5,13,0.081970
56,57,0.081918
3,15,0.081517
1,4,0.081208
35,40,0.081028
22,32,0.080937
25,47,0.080889
23,46,0.080598
36,42,0.080028
37,44,0.079890
23,27,0.079842
38,44,0.079825
3,19,0.079468
4,23,0.078050
5,11,0.077989
14,43,0.077971
3,14,0.077732
22,25,0.076892
25,44,0.076066
31,46,0.075941
45,50,0.075882
7,14,0.075590
43,52,0.075099
32,58,0.075080
27,42,0.075017
19,57,0.074927
15,49,0.074776
6,51,0.074682
51,61,0.074294
3,41,0.074156
39,51,0.073884
35,42,0.073759
34,36,0.073638
2,42,0.073230
28,43,0.072767
8,48,0.071946
20,32,0.071745
6,33,0.071713
10,28,0.071442
52,53,0.071071
9,43,0.070945
25,29,0.070941
30,47,0.070935
36,48,0.070874
22,53,0.070693
9,51,0.070370
5,61,0.070302
24,36,0.069740
57,60,0.069731
28,58,0.069509
5,54,0.069232
48,57,0.069145
3,5,0.069141
22,61,0.069015
36,53,0.068889
44,50,0.068640
2,61,0.068633
4,26,0.068499
17,26,0.068210
3,43,0.068207
23,35,0.068205
24,44,0.067687
33,40,0.067113
37,41,0.066759
3,20,0.066603
11,41,0.066490
39,41,0.066047
55,56,0.065893
16,40,0.065704
11,59,0.065658
18,26,0.065633
6,18,0.065006
40,45,0.064466
19,21,0.064437
14,27,0.063964
36,39,0.063908
21,23,0.063817
36,37,0.063513
54,55,0.063436
11,17,0.063399
43,44,0.063132
58,61,0.062998
9,48,0.062966
28,46,0.062914
12,56,0.062642
23,25,0.062608
46,59,0.062449
19,35,0.062108
26,34,0.061861
11,46,0.061770
1,12,0.061488
17,18,0.061265
45,53,0.061030
1,28,0.060902
40,44,0.060808
1,33,0.060641
40,41,0.060282
5,8,0.060250
18,57,0.060098
20,52,0.060062
18,52,0.059821
39,61,0.059815
39,42,0.059760
9,44,0.059548
28,57,0.059506
35,54,0.059398
34,45,0.059014
8,57,0.058794
8,29,0.058500
25,58,0.058239
5,20,0.058156
10,32,0.058132
11,26,0.057835
22,46,0.057750
6,14,0.057567
47,57,0.057531
26,36,0.056945
49,51,0.056583
38,48,0.056527
14,18,0.056431
13,47,0.056380
34,53,0.056346
10,18,0.056323
8,11,0.056308
6,29,0.056297
16,19,0.056283
46,55,0.056227
15,29,0.055936
2,48,0.055923
2,3,0.055887
26,60,0.055723
3,18,0.055389
13,48,0.055346
9,24,0.055222
1,16,0.055118
24,59,0.054879
16,49,0.054778
27,38,0.054706
7,61,0.054422
35,44,0.054334
10,23,0.053962
46,49,0.053518
17,53,0.053362
20,58,0.053288
28,56,0.053266
35,37,0.053049
24,29,0.053040
31,52,0.052891
29,61,0.052865
45,51,0.052584
49,53,0.052450
25,26,0.052372
19,31,0.052270
6,42,0.052097
17,51,0.052041
14,15,0.051718
10,15,0.051704
14,58,0.051205
1,7,0.050971
20,41,0.050864
39,56,0.050769
53,56,0.050494
7,19,0.050285
14,20,0.050187
41,51,0.049885
25,59,0.049634
4,43,0.049535
41,42,0.049312
16,26,0.049294
1,19,0.049284
40,52,0.049278
4,19,0.049274
2,9,0.049123
9,17,0.049067
9,31,0.049066
21,45,0.048902
9,52,0.048896
6,32,0.048892
10,17,0.048870
6,24,0.048821
28,44,0.048688
7,46,0.048608
52,60,0.048409
37,60,0.048403
1,14,0.048276
13,53,0.048213
52,61,0.048163
22,47,0.047907
41,44,0.047803
9,11,0.047637
42,52,0.047437
20,24,0.047404
12,47,0.047385
12,13,0.047375
13,19,0.047341
9,16,0.047142
2,56,0.046975
45,47,0.046961
41,47,0.046880
8,38,0.046835
30,50,0.046811
8,59,0.046786
33,55,0.046554
20,50,0.046550
24,46,0.046420
7,32,0.046393
14,17,0.046294
38,42,0.046264
7,53,0.046259
20,27,0.046113
38,60,0.046106
3,28,0.045975
33,43,0.045866
23,34,0.045471
20,36,0.045468
57,61,0.045398
19,51,0.045217
4,10,0.045093
30,38,0.045072
49,50,0.044983
19,30,0.044833
55,58,0.044787
3,35,0.044560
16,48,0.044268
14,28,0.044199
55,59,0.043890
13,42,0.043674
2,13,0.043591
8,27,0.043454
45,52,0.043277
55,61,0.043160
29,41,0.043141
24,31,0.043044
30,58,0.042372
10,11,0.042076
41,43,0.042037
10,29,0.042000
35,38,0.041860
34,40,0.041846
27,56,0.041831
56,60,0.041592
15,40,0.041537
7,21,0.041510
30,61,0.041504
16,57,0.041471
29,31,0.041118
45,48,0.041098
5,52,0.041070
13,43,0.041059
28,59,0.040990
14,25,0.040989
7,18,0.040665
28,32,0.040629
46,53,0.040574
50,51,0.040571
31,40,0.040503
32,47,0.040458
56,59,0.040391
39,52,0.040345
11,31,0.039780
30,60,0.039770
24,40,0.039651
23,47,0.039606
19,39,0.039449
38,41,0.039226
8,31,0.039178
9,37,0.039140
48,54,0.039134
24,37,0.039105
23,53,0.038880
17,50,0.038782
46,56,0.038747
7,10,0.038736
18,41,0.038556
33,48,0.038507
11,21,0.038407
22,35,0.038186
32,40,0.038182
20,53,0.038074
2,51,0.037761
8,32,0.037623
7,11,0.037546
33,45,0.037402
12,43,0.037369
37,48,0.037301
46,47,0.036988
6,43,0.036920
9,14,0.036774
3,6,0.036746
6,11,0.036666
50,56,0.036640
13,23,0.036517
37,51,0.036221
4,38,0.036034
10,33,0.036029
16,41,0.036000
15,18,0.035960
20,59,0.035703
24,32,0.035482
32,44,0.035473
2,55,0.035449
50,54,0.035274
27,30,0.035034
3,10,0.034991
6,28,0.034943
27,51,0.034724
6,9,0.034650
8,17,0.034576
13,49,0.034270
30,34,0.034060
14,31,0.033883
37,40,0.033775
44,52,0.033644
6,13,0.033561
44,48,0.033529
39,54,0.033490
3,50,0.033451
28,34,0.033355
7,26,0.033341
2,60,0.033315
34,58,0.033232
11,12,0.032988
5,19,0.032696
18,45,0.032529
17,34,0.032447
49,52,0.032368
29,39,0.032250
32,46,0.032245
20,25,0.032177
25,57,0.032131
25,50,0.032110
10,14,0.032056
35,45,0.032013
41,49,0.031926
41,56,0.031791
20,22,0.031757
17,24,0.031707
10,36,0.031525
39,49,0.031520
33,46,0.031474
33,34,0.031122
7,9,0.031052
27,47,0.031012
29,44,0.030934
8,14,0.030524
14,53,0.030425
11,45,0.030359
36,43,0.030298
29,55,0.030211
9,47,0.030182
7,16,0.030052
10,25,0.029903
13,55,0.029646
9,23,0.029601
28,48,0.029586
11,36,0.029429
2,36,0.029422
26,37,0.029273
11,16,0.029103
27,33,0.029030
40,46,0.029028
31,53,0.028648
5,9,0.028635
11,15,0.028615
22,52,0.028499
5,32,0.028445
25,49,0.028427
26,58,0.028407
1,3,0.028396
29,54,0.028381
24,56,0.028379
36,54,0.028228
21,35,0.028194
8,60,0.028179
13,27,0.028179
23,43,0.028011
20,28,0.027919
30,43,0.027844
4,47,0.027616
3,31,0.027529
24,48,0.027482
44,54,0.027161
15,31,0.027063
17,45,0.026955
38,56,0.026873
55,60,0.026750
5,17,0.026717
28,53,0.026617
19,33,0.026431
31,32,0.026159
2,54,0.026014
4,17,0.025895
19,60,0.025770
14,22,0.025572
8,22,0.025467
1,56,0.025361
36,46,0.025320
14,42,0.025254
10,41,0.025044
19,24,0.024724
17,57,0.024637
30,39,0.024459
19,29,0.024415
31,38,0.024140
9,10,0.024082
21,56,0.024029
9,40,0.024010
13,45,0.023784
1,43,0.023766
21,39,0.023589
3,44,0.023517
42,56,0.023488
43,55,0.023486
22,29,0.023429
10,40,0.023424
37,61,0.023284
16,43,0.023255
6,17,0.023077
21,27,0.022955
2,39,0.022932
26,38,0.022575
34,50,0.021981
4,31,0.021809
5,12,0.021390
10,24,0.021241
53,57,0.021236
22,33,0.021145
18,23,0.021119
16,30,0.021034
4,28,0.020730
5,36,0.020358
17,60,0.020219
18,25,0.020169
18,30,0.020162
22,42,0.020081
32,34,0.019983
13,54,0.019976
39,44,0.019953
26,47,0.019812
21,30,0.019771
29,49,0.019769
11,14,0.019702
5,30,0.019485
44,60,0.019441
44,56,0.019387
16,36,0.019295
25,42,0.019223
13,21,0.019211
7,17,0.019098
18,56,0.019096
35,46,0.019045
42,45,0.018907
25,31,0.018855
19,20,0.018717
27,57,0.018646
1,34,0.018508
43,46,0.018460
30,45,0.018456
37,46,0.018400
17,28,0.017970
17,35,0.017928
28,42,0.017911
19,43,0.017822
9,36,0.017721
47,53,0.017715
49,57,0.017689
16,60,0.017632
36,55,0.017587
29,35,0.017586
43,47,0.017565
16,59,0.017530
8,19,0.017516
19,25,0.017444
36,41,0.017439
21,46,0.017427
4,29,0.017405
13,52,0.017374
47,55,0.017369
34,56,0.017239
11,58,0.017211
18,36,0.017140
25,43,0.017100
24,50,0.016933
15,38,0.016916
10,43,0.016823
27,35,0.016774
7,25,0.016571
20,29,0.016566
32,45,0.016562
33,35,0.016516
21,50,0.016464
1,58,0.016461
29,57,0.016384
6,40,0.016338
7,24,0.016190
30,36,0.016149
28,51,0.016079
31,44,0.016077
35,60,0.016070
28,31,0.016017
7,50,0.015847
52,56,0.015765
4,22,0.015762
4,59,0.015675
14,33,0.015510
24,58,0.015499
26,61,0.015490
27,41,0.015076
6,44,0.014832
25,34,0.014772
45,54,0.014761
36,51,0.014731
44,55,0.014699
53,61,0.014514
1,55,0.014344
42,59,0.014325
33,41,0.013923
28,47,0.013894
10,61,0.013830
21,55,0.013588
20,54,0.013487
11,29,0.013484
31,57,0.013242
56,58,0.013227
47,60,0.013175
23,52,0.012962
6,48,0.012693
31,43,0.012678
14,29,0.012594
31,55,0.012570
9,50,0.012555
6,41,0.012532
13,18,0.012446
20,49,0.012414
2,10,0.012400
30,51,0.012202
43,49,0.012049
1,47,0.012002
32,49,0.011976
5,44,0.011891
37,45,0.011750
39,46,0.011742
17,46,0.011720
24,55,0.011661
21,59,0.011631
38,53,0.011620
36,47,0.011507
31,42,0.011267
48,61,0.011256
7,13,0.011214
17,44,0.011048
38,47,0.010980
23,61,0.010957
22,31,0.010947
4,27,0.010823
18,28,0.010769
4,58,0.010737
31,34,0.010657
47,59,0.010536
17,58,0.010456
21,53,0.010353
8,21,0.010319
22,50,0.010312
28,50,0.010300
34,47,0.010219
24,33,0.009926
28,30,0.009924
9,19,0.009830
7,28,0.009756
20,61,0.009642
43,54,0.009593
17,29,0.009490
5,10,0.009460
11,27,0.009420
29,33,0.009339
16,27,0.009333
11,32,0.009271
1,53,0.009130
5,33,0.009100
22,38,0.009047
15,25,0.009000
4,7,0.008963
1,59,0.008860
19,52,0.008704
13,36,0.008652
21,52,0.008642
25,51,0.008612
15,20,0.008612
46,57,0.008558
15,23,0.008521
2,41,0.008493
5,27,0.008491
42,60,0.008389
46,58,0.008053
1,36,0.007995
44,45,0.007959
19,50,0.007953
24,35,0.007944
6,8,0.007875
8,20,0.007814
54,61,0.007792
19,34,0.007686
18,29,0.007341
8,53,0.007072
21,42,0.007051
21,36,0.006999
30,42,0.006999
4,9,0.006858
50,53,0.006820
21,28,0.006787
22,41,0.006786
22,49,0.006780
6,59,0.006732
32,35,0.006554
11,50,0.006472
45,60,0.006411
11,35,0.006284
42,55,0.006148
2,6,0.006097
10,35,0.005895
22,28,0.005791
3,30,0.005719
8,10,0.005700
53,60,0.005631
15,21,0.005534
8,50,0.005470
5,21,0.005430
42,61,0.005249
14,23,0.005210
16,38,0.005162
23,32,0.004876
48,53,0.004713
15,44,0.004673
4,24,0.004658
6,55,0.004612
47,51,0.004468
27,43,0.004447
11,52,0.004423
47,56,0.004276
9,13,0.004204
15,39,0.004170
24,42,0.004136
38,50,0.004103
22,40,0.003973
4,49,0.003778
5,39,0.003746
34,51,0.003746
10,59,0.003587
25,41,0.003463
3,56,0.003426
48,60,0.003297
15,34,0.003287
44,47,0.003172
35,57,0.003057
12,31,0.002990
41,45,0.002903
24,51,0.002895
13,61,0.002841
6,35,0.002832
7,38,0.002780
11,20,0.002722
42,50,0.002701
22,34,0.002685
3,37,0.002573
21,25,0.002548
36,38,0.002526
23,29,0.002489
12,46,0.002375
32,60,0.002106
8,47,0.002014
5,58,0.002001
14,32,0.001977
13,14,0.001901
4,33,0.001827
31,36,0.001806
23,30,0.001801
3,21,0.001673
3,32,0.001559
13,41,0.001390
19,22,0.001384
16,17,0.001351
43,45,0.001287
40,50,0.001285
24,38,0.001109
3,39,0.000951
3,33,0.000906
4,53,0.000751
26,52,0.000645
10,52,0.000610
8,25,0.000606
3,42,0.000606
13,20,0.000516
43,59,0.000342
36,61,0.000323
17,20,0.000238
29,42,0.000051
17,36,0.000044
36,58,-0.000114
17,52,-0.000210
6,23,-0.000252
33,36,-0.000345
7,31,-0.000383
19,55,-0.000405
39,58,-0.000422
16,52,-0.000480
1,61,-0.000510
15,19,-0.000561
39,45,-0.000896
15,32,-0.000914
8,52,-0.001046
11,49,-0.001074
19,41,-0.001136
10,21,-0.001206
12,42,-0.001331
10,26,-0.001336
8,56,-0.001345
9,32,-0.001358
17,25,-0.001432
18,58,-0.001447
15,30,-0.001607
2,21,-0.001693
4,50,-0.001857
33,42,-0.002120
31,51,-0.002305
22,27,-0.002322
35,56,-0.002406
13,25,-0.002459
5,47,-0.002484
7,35,-0.002491
43,50,-0.002510
6,15,-0.002592
12,24,-0.002675
38,59,-0.002688
26,54,-0.002710
44,46,-0.002818
18,55,-0.002827
31,37,-0.002869
54,58,-0.002957
39,60,-0.003124
46,51,-0.003249
37,55,-0.003262
7,42,-0.003382
9,25,-0.003620
38,46,-0.003668
3,59,-0.004016
22,36,-0.004368
39,53,-0.004543
48,59,-0.005122
2,12,-0.005292
14,41,-0.005543
16,54,-0.005578
21,41,-0.005627
27,54,-0.005699
33,56,-0.005724
33,60,-0.005725
13,22,-0.005767
5,46,-0.005979
7,56,-0.006050
8,23,-0.006114
2,28,-0.006139
8,34,-0.006196
4,11,-0.006214
40,53,-0.006322
44,61,-0.006408
20,45,-0.006557
21,24,-0.006574
27,60,-0.006591
1,9,-0.006638
23,36,-0.006661
8,26,-0.006849
12,50,-0.007006
22,44,-0.007046
6,26,-0.007061
28,35,-0.007083
44,59,-0.007138
9,42,-0.007164
7,23,-0.007193
6,58,-0.007208
1,24,-0.007213
10,50,-0.007306
8,37,-0.007338
25,35,-0.007419
3,58,-0.007524
27,37,-0.007531
37,43,-0.007544
20,30,-0.007557
40,54,-0.007570
3,29,-0.007714
53,58,-0.007740
23,56,-0.007810
11,28,-0.007935
34,39,-0.008021
21,61,-0.008096
51,60,-0.008187
24,39,-0.008188
54,59,-0.008336
50,57,-0.008393
21,51,-0.008494
42,43,-0.008510
33,37,-0.008517
11,30,-0.008654
19,61,-0.008669
31,45,-0.008675
1,27,-0.008748
6,34,-0.008765
16,61,-0.008798
20,46,-0.008813
52,59,-0.008897
6,37,-0.008997
18,60,-0.009093
16,33,-0.009141
5,26,-0.009144
3,23,-0.009197
36,40,-0.009248
5,49,-0.009389
12,44,-0.009410
23,28,-0.009495
3,60,-0.009531
3,34,-0.009538
45,56,-0.009590
32,42,-0.009643
9,26,-0.009766
27,31,-0.009846
27,44,-0.009871
5,34,-0.010043
25,30,-0.010052
40,42,-0.010055
7,54,-0.010059
13,30,-0.010104
4,34,-0.010225
27,39,-0.010253
51,59,-0.010331
10,58,-0.010346
14,24,-0.010454
10,42,-0.010648
38,39,-0.010799
3,45,-0.010820
18,53,-0.010844
10,49,-0.010945
14,60,-0.011028
46,52,-0.011049
35,47,-0.011209
5,51,-0.011281
10,34,-0.011306
28,36,-0.011384
2,30,-0.011440
18,35,-0.011477
38,57,-0.011682
19,59,-0.011936
9,46,-0.011976
13,17,-0.011999
31,35,-0.012058
24,45,-0.012124
26,53,-0.012128
45,58,-0.012172
10,39,-0.012206
10,20,-0.012211
35,41,-0.012354
18,37,-0.012370
27,34,-0.012503
13,35,-0.012608
1,30,-0.012798
50,52,-0.012860
14,44,-0.013018
11,61,-0.013036
15,57,-0.013152
42,47,-0.013177
7,34,-0.013240
1,5,-0.013281
10,31,-0.013373
32,41,-0.013395
10,22,-0.013455
1,20,-0.013752
4,21,-0.013862
2,4,-0.013942
17,39,-0.013964
16,20,-0.014010
22,58,-0.014133
5,45,-0.014266
10,16,-0.014345
2,46,-0.014347
36,60,-0.014475
5,60,-0.014501
27,49,-0.014688
21,37,-0.014700
1,11,-0.014843
22,24,-0.014914
23,57,-0.014938
33,58,-0.014999
22,59,-0.015286
1,29,-0.015320
42,44,-0.015391
15,53,-0.015452
32,56,-0.015453
46,48,-0.015461
4,25,-0.015611
4,46,-0.015675
5,43,-0.015742
41,57,-0.015983
40,59,-0.016018
24,54,-0.016041
1,42,-0.016100
24,49,-0.016111
18,48,-0.016119
32,43,-0.016263
16,18,-0.016286
2,17,-0.016309
29,36,-0.016403
45,49,-0.016428
22,43,-0.016446
1,35,-0.016462
33,57,-0.016559
45,61,-0.016629
20,47,-0.016806
3,8,-0.016909
12,39,-0.017080
15,37,-0.017209
46,61,-0.017377
20,34,-0.017493
1,60,-0.017511
15,27,-0.017689
29,60,-0.017695
18,34,-0.017827
2,26,-0.017950
19,32,-0.017952
28,29,-0.018052
17,37,-0.018098
19,47,-0.018122
12,25,-0.018604
1,17,-0.018681
38,61,-0.018731
29,47,-0.018816
3,24,-0.018843
3,25,-0.018892
3,9,-0.018915
24,52,-0.018988
16,39,-0.019113
16,25,-0.019188
38,51,-0.019189
4,44,-0.019351
29,59,-0.019389
21,60,-0.019391
1,41,-0.019578
1,8,-0.019586
16,51,-0.019611
1,32,-0.019642
37,52,-0.019701
22,48,-0.019744
17,56,-0.019885
10,44,-0.019921
20,40,-0.019936
8,33,-0.019973
9,28,-0.020062
42,58,-0.020267
35,61,-0.020278
17,42,-0.020299
25,55,-0.020301
20,42,-0.020588
14,46,-0.020639
13,51,-0.020791
43,53,-0.020929
9,15,-0.021006
5,35,-0.021176
32,54,-0.021204
7,27,-0.021236
31,47,-0.021335
15,51,-0.021414
16,37,-0.021452
57,59,-0.021487
8,13,-0.021504
34,48,-0.021513
5,50,-0.021539
24,43,-0.021617
12,37,-0.021843
28,55,-0.021962
5,25,-0.022041
11,19,-0.022121
42,48,-0.022421
4,20,-0.022457
29,48,-0.022500
4,52,-0.022601
24,53,-0.022619
32,52,-0.022715
11,51,-0.022821
3,40,-0.022857
43,51,-0.022921
7,39,-0.022941
29,43,-0.022966
29,56,-0.023093
9,39,-0.023118
15,26,-0.023125
16,50,-0.023295
53,59,-0.023439
12,27,-0.023618
31,59,-0.023836
12,17,-0.023843
35,48,-0.023970
29,50,-0.023974
17,22,-0.023995
3,49,-0.024060
19,46,-0.024070
33,38,-0.024133
2,33,-0.024153
9,56,-0.024208
9,58,-0.024254
26,40,-0.024272
31,48,-0.024277
16,24,-0.024291
20,37,-0.024333
4,36,-0.024334
1,57,-0.024527
28,45,-0.024685
25,53,-0.024831
10,37,-0.024898
37,59,-0.025016
12,60,-0.025057
9,53,-0.025101
27,46,-0.025117
9,59,-0.025135
31,60,-0.025487
44,51,-0.025526
18,40,-0.025552
17,54,-0.025857
19,49,-0.025871
14,16,-0.025930
16,55,-0.025960
31,61,-0.025966
5,7,-0.025970
5,41,-0.025977
23,24,-0.026024
30,44,-0.026033
7,60,-0.026035
16,45,-0.026179
1,46,-0.026233
14,45,-0.026235
10,13,-0.026457
50,60,-0.026490
1,25,-0.026509
13,31,-0.026513
33,59,-0.026556
2,57,-0.026922
34,46,-0.027036
17,55,-0.027192
48,49,-0.027193
8,16,-0.027464
1,13,-0.027483
26,35,-0.027526
27,48,-0.027604
7,59,-0.027610
20,44,-0.027663
15,59,-0.027668
48,51,-0.027695
41,52,-0.027710
11,40,-0.027732
17,41,-0.027738
4,51,-0.027793
9,61,-0.027815
1,18,-0.027869
30,56,-0.027875
49,56,-0.027889
22,55,-0.028006
16,21,-0.028134
4,55,-0.028150
26,59,-0.028209
2,19,-0.028249
42,46,-0.028259
17,32,-0.028259
34,55,-0.028264
26,51,-0.028294
36,45,-0.028320
44,49,-0.028375
9,34,-0.028501
12,41,-0.028587
40,47,-0.028599
45,59,-0.028695
13,50,-0.028710
50,61,-0.028713
5,14,-0.028824
10,46,-0.028869
9,22,-0.029038
5,42,-0.029044
23,48,-0.029126
2,44,-0.029189
23,59,-0.029262
11,44,-0.029274
34,41,-0.029397
48,56,-0.029451
17,43,-0.029559
28,60,-0.029573
36,56,-0.029640
26,41,-0.029799
40,61,-0.029909
3,53,-0.029993
46,54,-0.030027
39,59,-0.030044
18,22,-0.030146
2,58,-0.030218
19,53,-0.030342
2,24,-0.030398
1,26,-0.030702
13,15,-0.030807
29,40,-0.030868
49,58,-0.030964
32,38,-0.030970
18,19,-0.031126
41,55,-0.031395
30,59,-0.031452
22,57,-0.031499
4,8,-0.031555
30,57,-0.031573
36,49,-0.031608
25,52,-0.031613
49,54,-0.031634
7,51,-0.031715
26,27,-0.031757
20,35,-0.031787
43,48,-0.031816
9,54,-0.032011
35,59,-0.032036
48,58,-0.032078
17,48,-0.032213
12,38,-0.032232
18,31,-0.032271
25,48,-0.032394
15,33,-0.032447
2,49,-0.032470
11,18,-0.032572
19,40,-0.032615
32,61,-0.032859
3,57,-0.032873
21,48,-0.032952
8,12,-0.033056
13,46,-0.033060
23,49,-0.033094
15,17,-0.033108
7,49,-0.033276
9,45,-0.033364
6,61,-0.033437
37,58,-0.033531
30,31,-0.033619
25,37,-0.033879
30,37,-0.033962
38,58,-0.033981
40,60,-0.034069
36,50,-0.034148
29,37,-0.034155
11,47,-0.034284
30,33,-0.034285
11,55,-0.034328
41,46,-0.034614
25,39,-0.034711
28,38,-0.034776
15,35,-0.034885
12,54,-0.034889
15,48,-0.034944
33,52,-0.034945
18,54,-0.035034
21,31,-0.035291
42,54,-0.035311
52,58,-0.035474
9,27,-0.035708
3,51,-0.035728
38,52,-0.035863
29,53,-0.035891
19,27,-0.035940
20,57,-0.036231
26,45,-0.036446
32,53,-0.036479
28,39,-0.036519
25,33,-0.036578
26,29,-0.036681
1,49,-0.036683
11,48,-0.036732
12,28,-0.036790
30,52,-0.036846
14,39,-0.036887
13,24,-0.036929
47,61,-0.036973
15,52,-0.037134
25,61,-0.037217
14,55,-0.037251
12,45,-0.037298
5,24,-0.037316
50,55,-0.037391
6,56,-0.037644
16,46,-0.037647
7,48,-0.037758
7,20,-0.037828
1,37,-0.037903
3,13,-0.037917
29,34,-0.038017
3,55,-0.038055
18,59,-0.038063
13,57,-0.038249
4,60,-0.038252
12,57,-0.038320
7,12,-0.038440
18,61,-0.038520
9,21,-0.038658
11,42,-0.038850
23,55,-0.039021
7,37,-0.039136
16,35,-0.039208
14,52,-0.039303
11,24,-0.039504
6,16,-0.039584
45,55,-0.039868
13,44,-0.039889
47,58,-0.039920
28,33,-0.040047
34,59,-0.040320
24,25,-0.040349
30,46,-0.040702
12,53,-0.040723
23,44,-0.040765
36,59,-0.040816
24,27,-0.040895
17,59,-0.040963
29,46,-0.041049
23,33,-0.041102
34,57,-0.041262
10,47,-0.041330
4,56,-0.041363
13,60,-0.041366
15,36,-0.041551
1,31,-0.041666
20,48,-0.041705
27,61,-0.041773
51,54,-0.041849
23,50,-0.041892
27,50,-0.041907
13,59,-0.042027
11,53,-0.042110
1,21,-0.042132
14,35,-0.042291
23,54,-0.042358
25,45,-0.042511
2,59,-0.042572
23,45,-0.042595
18,39,-0.042694
18,24,-0.042697
35,58,-0.042760
11,34,-0.042815
12,20,-0.042833
36,57,-0.042971
38,55,-0.043099
8,35,-0.043325
21,44,-0.043347
17,61,-0.043429
5,37,-0.043446
7,41,-0.043538
11,13,-0.043584
12,18,-0.043600
14,61,-0.043680
33,61,-0.043684
7,15,-0.043758
26,44,-0.043976
24,41,-0.044068
24,57,-0.044184
47,54,-0.044206
14,30,-0.044335
33,50,-0.044349
21,34,-0.044372
44,58,-0.044675
8,28,-0.044776
15,43,-0.044798
14,50,-0.044801
16,23,-0.044985
5,57,-0.044996
4,5,-0.045018
24,34,-0.045079
10,27,-0.045132
43,61,-0.045202
18,42,-0.045320
8,58,-0.045695
4,57,-0.045872
14,37,-0.046071
1,23,-0.046218
17,40,-0.046279
21,26,-0.046395
48,52,-0.046507
23,60,-0.046578
9,33,-0.046642
42,57,-0.046643
37,50,-0.046688
20,23,-0.046789
49,60,-0.046806
3,11,-0.046820
37,57,-0.046894
1,45,-0.047446
39,43,-0.047499
5,29,-0.047514
1,22,-0.047525
37,49,-0.047599
16,44,-0.047868
24,47,-0.048150
30,41,-0.048158
4,18,-0.048356
18,43,-0.048665
8,42,-0.048670
27,58,-0.048676
12,48,-0.048814
18,47,-0.048883
6,25,-0.048888
39,50,-0.048959
6,60,-0.049000
1,6,-0.049234
49,61,-0.049237
2,34,-0.049436
2,52,-0.049778
3,46,-0.050070
14,56,-0.050120
6,45,-0.050143
22,51,-0.050189
34,61,-0.050233
32,37,-0.050387
30,53,-0.050394
6,54,-0.050455
26,56,-0.050480
3,36,-0.050731
34,35,-0.050737
16,58,-0.050751
29,51,-0.051057
2,14,-0.051075
20,56,-0.051260
29,52,-0.051393
1,38,-0.051593
43,56,-0.051638
19,36,-0.051680
33,51,-0.052185
40,48,-0.052196
12,33,-0.052237
38,43,-0.052238
13,32,-0.052346
39,57,-0.052544
14,36,-0.052551
41,50,-0.052688
42,51,-0.052919
6,21,-0.053094
2,35,-0.053124
41,58,-0.053168
35,51,-0.053223
32,36,-0.053404
16,53,-0.053481
16,22,-0.053553
12,34,-0.053645
28,49,-0.053743
31,58,-0.053804
24,60,-0.053831
3,61,-0.053845
17,30,-0.053927
9,55,-0.053939
4,37,-0.053969
18,32,-0.054007
23,41,-0.054124
3,17,-0.054282
35,55,-0.054309
4,39,-0.054444
23,58,-0.054686
7,58,-0.054853
7,52,-0.055103
2,31,-0.055137
15,42,-0.055184
14,34,-0.055310
7,36,-0.055458
12,58,-0.055669
16,29,-0.055670
15,41,-0.055915
15,47,-0.056014
25,46,-0.056030
18,38,-0.056412
20,43,-0.056453
5,59,-0.056460
41,61,-0.056693
43,57,-0.056785
14,49,-0.056801
11,56,-0.056873
51,57,-0.056949
1,50,-0.056954
34,60,-0.057023
19,23,-0.057067
29,58,-0.057177
13,34,-0.057236
27,52,-0.057294
34,37,-0.057468
12,40,-0.057489
13,58,-0.057876
15,45,-0.058235
10,57,-0.058267
25,56,-0.058821
19,44,-0.058853
6,53,-0.058883
4,41,-0.059039
12,32,-0.059278
32,59,-0.059312
16,42,-0.059495
45,46,-0.059511
20,60,-0.059866
31,56,-0.059873
8,43,-0.059955
10,54,-0.059968
32,39,-0.060072
33,53,-0.060104
5,31,-0.060355
23,38,-0.060533
27,53,-0.060714
31,54,-0.060739
20,33,-0.060790
4,16,-0.060871
33,54,-0.060925
22,45,-0.060930
26,39,-0.061030
24,26,-0.061241
1,51,-0.061316
15,24,-0.061322
21,49,-0.061341
32,57,-0.061538
6,31,-0.061694
42,49,-0.061876
8,39,-0.061938
7,47,-0.062225
1,52,-0.062255
16,32,-0.062289
34,52,-0.062410
35,53,-0.062632
3,52,-0.062736
14,48,-0.062765
9,57,-0.062774
41,53,-0.062997
19,58,-0.063004
50,58,-0.063029
24,30,-0.063036
14,57,-0.063055
37,53,-0.063458
6,30,-0.063650
17,38,-0.063712
49,59,-0.063728
28,52,-0.063754
13,26,-0.063930
2,11,-0.063983
12,22,-0.064336
3,47,-0.064467
19,42,-0.064476
51,52,-0.064528
41,59,-0.064560
4,45,-0.064583
12,55,-0.064664
20,26,-0.064890
26,49,-0.065118
39,55,-0.065126
41,60,-0.065161
17,49,-0.065306
46,50,-0.065404
26,31,-0.065606
2,18,-0.065676
10,53,-0.066084
30,32,-0.066290
26,50,-0.066496
10,60,-0.066724
50,59,-0.066740
10,55,-0.066819
37,47,-0.066835
23,39,-0.066915
1,39,-0.067147
41,54,-0.067294
35,52,-0.067550
16,28,-0.067952
31,49,-0.068023
2,43,-0.068236
11,33,-0.068420
4,40,-0.068423
29,38,-0.068471
13,38,-0.068622
3,48,-0.068678
21,29,-0.068808
48,55,-0.069196
14,26,-0.069277
21,40,-0.069280
27,40,-0.069531
14,51,-0.069553
8,40,-0.069662
40,43,-0.069816
18,27,-0.069852
1,54,-0.069908
8,54,-0.069976
23,42,-0.069995
18,49,-0.070324
39,47,-0.070713
7,43,-0.070745
16,56,-0.070762
31,50,-0.070778
6,22,-0.070779
21,47,-0.070887
29,30,-0.071073
11,38,-0.071247
40,51,-0.071405
4,35,-0.071523
15,56,-0.071849
13,33,-0.071855
24,61,-0.072005
21,58,-0.072136
15,61,-0.072382
3,22,-0.072549
5,22,-0.072563
47,52,-0.072632
25,54,-0.072715
10,51,-0.072733
18,44,-0.072780
4,48,-0.072829
15,60,-0.072979
29,45,-0.073042
3,26,-0.073096
40,55,-0.073425
28,37,-0.073887
44,53,-0.074017
23,37,-0.074849
4,42,-0.074871
18,33,-0.074936
13,37,-0.075146
46,60,-0.075364
12,59,-0.075517
8,55,-0.075679
4,61,-0.075789
9,35,-0.075815
8,41,-0.075867
11,39,-0.076459
16,47,-0.076609
22,30,-0.076677
9,30,-0.076706
6,49,-0.076879
5,28,-0.077391
36,52,-0.077421
20,51,-0.077456
6,52,-0.077622
18,20,-0.077669
22,56,-0.077775
13,39,-0.077915
7,45,-0.078135
35,50,-0.078165
16,31,-0.078353
26,43,-0.078478
5,55,-0.078719
12,49,-0.078858
21,38,-0.078941
20,38,-0.079159
19,56,-0.079305
9,41,-0.079440
11,37,-0.079657
20,39,-0.079853
6,12,-0.079855
35,43,-0.079869
25,36,-0.080162
42,53,-0.080464
22,37,-0.080681
14,54,-0.080786
31,39,-0.080810
6,27,-0.081108
20,31,-0.081194
26,32,-0.081278
12,61,-0.081300
9,29,-0.081550
25,60,-0.081608
19,28,-0.081945
34,42,-0.082003
22,54,-0.082278
2,23,-0.082507
23,51,-0.082646
21,43,-0.082832
25,40,-0.082866
9,18,-0.083384
44,57,-0.083808
32,48,-0.084015
26,55,-0.084292
8,30,-0.084335
8,61,-0.084420
2,27,-0.084751
27,36,-0.084837
17,31,-0.084901
7,33,-0.085020
11,60,-0.085221
6,46,-0.085486
10,38,-0.085494
15,55,-0.085676
3,16,-0.085910
10,45,-0.085913
28,40,-0.086059
19,37,-0.086200
2,29,-0.086723
2,47,-0.087444
3,54,-0.087631
5,53,-0.087742
5,38,-0.087783
23,40,-0.087861
30,35,-0.087919
34,54,-0.088357
2,22,-0.088479
17,27,-0.088761
14,40,-0.089264
30,55,-0.089364
12,36,-0.089529
22,39,-0.089625
5,23,-0.089660
4,30,-0.089877
15,54,-0.090208
33,44,-0.090288
9,38,-0.090395
25,38,-0.090497
8,46,-0.091552
14,47,-0.091762
14,38,-0.091805
17,33,-0.091859
2,20,-0.091892
7,30,-0.092155
6,57,-0.092281
12,15,-0.092453
28,61,-0.092669
10,56,-0.092876
13,56,-0.092934
43,60,-0.093137
15,46,-0.093516
21,22,-0.093823
5,18,-0.093839
28,54,-0.094056
11,57,-0.094528
40,57,-0.095353
4,54,-0.095445
19,26,-0.095464
27,45,-0.095637
7,44,-0.095823
28,41,-0.095879
26,57,-0.096171
1,40,-0.097211
2,50,-0.097733
6,38,-0.098143
19,38,-0.098472
40,58,-0.098515
6,47,-0.098835
36,44,-0.099435
2,53,-0.100412
7,57,-0.100702
9,60,-0.101411
5,48,-0.101776
32,55,-0.101846
15,28,-0.103421
26,28,-0.103955
8,51,-0.104284
19,45,-0.105121
10,48,-0.106006
6,50,-0.106405
27,55,-0.107699
12,52,-0.108442
8,36,-0.108548
32,51,-0.109024
13,29,-0.109677
3,38,-0.110389
8,49,-0.110446
5,56,-0.110575
8,44,-0.110690
21,32,-0.112414
11,54,-0.112455
10,12,-0.112669
12,21,-0.115514
7,40,-0.117776
40,56,-0.119236
19,54,-0.119288
21,33,-0.122850
2,32,-0.124345
17,47,-0.124682
19,48,-0.141007
2,25,-0.143798
9,49,-0.157238
