20,21,0.739179
34,44,0.503721
43,47,0.450627
30,45,0.410010
37,39,0.393650
16,45,0.393388
19,21,0.386416
44,48,0.320185
16,30,0.318459
21,45,0.313162
12,36,0.307445
9,36,0.304243
31,41,0.300746
13,27,0.300248
14,18,0.294768
31,36,0.292491
19,20,0.282160
20,22,0.273043
34,41,0.271280
17,27,0.266487
24,28,0.258715
37,40,0.254144
16,42,0.246113
16,19,0.242169
8,9,0.240852
23,27,0.235276
30,41,0.227924
19,42,0.227694
33,34,0.227084
30,34,0.224102
48,49,0.216965
27,41,0.203136
21,46,0.202337
17,24,0.201741
9,12,0.200491
10,14,0.200184
15,38,0.197067
10,24,0.196192
45,46,0.195585
40,43,0.189671
33,44,0.187752
21,22,0.185198
29,33,0.183002
22,26,0.181550
30,44,0.181501
31,37,0.181062
28,32,0.178881
8,36,0.170932
15,18,0.167124
29,44,0.165051
9,10,0.164325
10,28,0.154710
23,28,0.151432
16,20,0.148608
42,46,0.148542
13,17,0.146265
20,23,0.142481
31,34,0.141879
6,7,0.137745
20,45,0.137154
31,35,0.133288
20,30,0.132828
4,5,0.130292
16,21,0.127502
8,12,0.124491
36,37,0.122529
38,39,0.122291
12,15,0.121806
31,38,0.121471
5,6,0.120623
35,40,0.120389
27,45,0.119754
16,27,0.118769
7,8,0.117943
11,15,0.117591
19,45,0.116023
35,37,0.114517
19,46,0.113742
17,23,0.111322
8,10,0.109880
14,17,0.109137
47,48,0.107642
43,46,0.107114
34,40,0.106127
25,29,0.105749
9,11,0.102573
6,8,0.100572
10,11,0.099088
13,23,0.098152
27,30,0.097845
23,26,0.096843
11,18,0.095767
26,29,0.094021
46,49,0.093575
35,36,0.092012
12,38,0.091696
22,23,0.091462
39,41,0.091097
38,42,0.090683
34,36,0.090436
10,17,0.089723
11,13,0.089483
12,31,0.089311
10,13,0.089118
29,32,0.089087
26,48,0.088907
9,27,0.086729
42,43,0.086570
32,35,0.085907
25,32,0.085359
16,38,0.084073
35,38,0.083128
37,41,0.082924
41,42,0.081388
39,43,0.080940
26,27,0.080586
9,13,0.080527
5,7,0.080374
9,28,0.078986
10,23,0.076606
21,30,0.076247
29,48,0.075688
32,33,0.075363
36,44,0.075292
3,4,0.074649
12,13,0.072014
27,38,0.071647
32,36,0.071568
22,27,0.070823
13,14,0.070032
23,24,0.069837
30,48,0.067147
34,35,0.066538
14,15,0.066442
29,47,0.066201
4,7,0.065803
15,33,0.065264
3,5,0.064967
8,13,0.063976
38,41,0.063561
8,11,0.063144
25,28,0.060845
46,47,0.059710
33,35,0.059006
13,28,0.058474
26,45,0.057980
14,24,0.057013
24,25,0.056230
41,47,0.056062
28,29,0.055545
17,18,0.055125
24,46,0.054662
11,14,0.053577
29,30,0.053468
6,12,0.053073
22,25,0.052073
14,22,0.052028
6,9,0.051619
22,40,0.049909
4,6,0.049871
40,42,0.048981
27,28,0.047895
18,25,0.047587
39,48,0.046314
19,24,0.046249
23,36,0.046249
37,44,0.046138
3,6,0.045889
8,18,0.044795
27,46,0.044711
41,44,0.043731
46,48,0.043556
36,38,0.042269
40,49,0.041521
3,7,0.041447
7,11,0.041345
35,49,0.040933
25,26,0.040707
14,40,0.040349
14,47,0.039955
39,42,0.039507
13,24,0.039503
10,12,0.039230
33,40,0.039074
15,40,0.038975
21,27,0.038779
40,47,0.038561
10,32,0.038509
12,28,0.038343
6,10,0.037701
8,25,0.037563
11,12,0.036941
29,34,0.036885
5,28,0.036727
7,14,0.036689
42,49,0.036096
21,26,0.035945
16,46,0.035903
5,13,0.035804
47,49,0.035535
7,10,0.035406
33,49,0.035159
5,8,0.034475
38,40,0.034285
23,42,0.033550
40,44,0.033416
31,32,0.032452
29,43,0.032187
38,46,0.032176
15,17,0.031908
41,50,0.031487
18,19,0.031405
20,27,0.030707
16,36,0.030513
43,49,0.030480
25,44,0.030444
33,48,0.030272
23,25,0.029940
15,25,0.029864
35,39,0.029490
15,39,0.029312
11,33,0.028435
5,21,0.028372
29,35,0.028295
20,29,0.027528
43,44,0.027500
30,31,0.027404
18,35,0.027277
1,31,0.027218
17,19,0.027042
28,35,0.026972
7,9,0.026861
1,2,0.026418
39,40,0.026070
12,14,0.026037
39,47,0.026012
2,3,0.025935
29,45,0.025561
25,48,0.025538
42,44,0.025524
35,44,0.025515
17,26,0.025483
1,41,0.025412
34,37,0.025275
13,32,0.025118
16,17,0.024993
8,40,0.024607
21,36,0.024089
14,25,0.023881
23,30,0.023622
1,4,0.023392
15,42,0.023227
4,39,0.022820
34,43,0.022799
18,47,0.022607
2,41,0.022375
11,49,0.022245
31,50,0.022231
27,31,0.021917
1,3,0.021896
11,25,0.021796
10,36,0.021538
2,31,0.021325
13,31,0.021132
25,34,0.020893
7,35,0.020461
12,37,0.020340
13,16,0.020279
33,36,0.020038
36,41,0.019973
8,28,0.019707
34,48,0.019554
4,41,0.019521
26,49,0.019378
7,15,0.019320
12,18,0.019242
4,10,0.019060
18,39,0.019052
18,42,0.018868
12,23,0.018819
37,50,0.018577
2,4,0.018545
31,42,0.018250
5,26,0.018157
11,28,0.017707
13,22,0.017519
9,17,0.017404
28,31,0.017197
11,37,0.017028
18,43,0.016708
10,40,0.016666
25,46,0.016536
4,8,0.016527
33,43,0.016348
5,39,0.016325
1,5,0.016289
8,14,0.016256
26,33,0.016236
43,48,0.016059
1,50,0.016006
18,20,0.015861
14,28,0.015817
6,32,0.015698
33,47,0.015614
19,43,0.015341
22,29,0.015269
49,50,0.015245
41,45,0.015109
11,39,0.015054
26,43,0.015009
7,46,0.014872
1,16,0.014842
12,17,0.014689
26,42,0.014615
2,50,0.014291
42,48,0.014218
27,36,0.014148
5,49,0.013450
47,50,0.013271
1,13,0.013178
16,41,0.013038
32,48,0.013027
38,47,0.012922
6,11,0.012627
26,41,0.012521
11,43,0.012334
2,5,0.011670
30,43,0.011603
3,37,0.011440
44,45,0.011438
37,38,0.011427
1,20,0.011386
1,37,0.011354
2,37,0.011235
9,23,0.011179
10,25,0.011169
41,46,0.011125
32,40,0.011044
21,23,0.010882
4,14,0.010594
6,24,0.010442
22,28,0.010408
35,47,0.010290
5,15,0.010266
4,50,0.010221
39,49,0.010207
6,35,0.010042
9,32,0.009951
3,8,0.009852
19,22,0.009757
19,38,0.009651
36,45,0.009486
8,48,0.009414
7,12,0.009278
2,6,0.009190
10,15,0.008921
15,35,0.008902
2,13,0.008698
45,48,0.008615
11,32,0.008604
2,39,0.008214
12,27,0.008110
15,26,0.007990
13,50,0.007927
4,37,0.007895
2,16,0.007699
33,37,0.007649
35,50,0.007538
3,10,0.007373
4,31,0.007166
22,24,0.007052
3,26,0.007023
5,9,0.007010
2,7,0.006995
4,47,0.006827
5,35,0.006788
15,46,0.006610
16,50,0.006358
3,50,0.006353
1,39,0.006230
44,49,0.005929
1,18,0.005927
18,29,0.005900
7,26,0.005799
41,43,0.005756
6,28,0.005707
39,50,0.005662
17,25,0.005642
4,27,0.005642
1,7,0.005577
13,42,0.005514
37,49,0.005512
32,38,0.005486
18,50,0.005324
2,42,0.005291
7,33,0.005245
22,33,0.005164
2,11,0.005159
13,15,0.005139
1,6,0.005069
44,47,0.005039
25,49,0.004996
1,45,0.004953
22,49,0.004834
22,32,0.004682
1,42,0.004532
7,13,0.004521
23,50,0.004513
1,38,0.004488
20,33,0.004400
2,18,0.004300
26,35,0.004185
3,11,0.004130
48,50,0.004075
3,14,0.004071
24,29,0.003807
14,46,0.003700
17,22,0.003633
11,47,0.003511
2,20,0.003493
29,39,0.003463
15,43,0.003458
14,38,0.003441
37,48,0.003389
4,45,0.003335
25,47,0.003327
20,50,0.003273
19,30,0.003070
30,36,0.002757
26,39,0.002695
1,19,0.002689
45,50,0.002484
32,47,0.002262
1,11,0.002219
7,32,0.002086
12,33,0.001916
6,40,0.001778
5,50,0.001760
42,50,0.001747
3,13,0.001714
5,32,0.001646
1,35,0.001530
26,34,0.001500
19,50,0.001454
2,35,0.001452
6,49,0.001386
11,50,0.001359
34,49,0.001301
16,31,0.001200
2,19,0.001078
5,12,0.000886
11,17,0.000835
28,50,0.000722
3,17,0.000592
25,40,0.000568
11,29,0.000566
6,15,0.000456
43,50,0.000389
1,25,0.000386
4,18,0.000194
18,33,0.000166
3,21,0.000071
4,49,0.000033
2,45,-0.000002
20,26,-0.000004
8,22,-0.000051
42,47,-0.000416
23,33,-0.000688
15,50,-0.000698
3,41,-0.000760
2,15,-0.000766
19,49,-0.000789
3,29,-0.000798
4,9,-0.000802
24,43,-0.000809
4,11,-0.000859
37,42,-0.001044
12,39,-0.001046
28,47,-0.001073
35,48,-0.001144
15,22,-0.001160
25,50,-0.001199
2,25,-0.001275
37,45,-0.001283
14,48,-0.001419
14,33,-0.001439
22,47,-0.001451
3,35,-0.001553
1,14,-0.001557
2,14,-0.001633
4,13,-0.001641
12,22,-0.001694
5,46,-0.001719
9,48,-0.001751
7,17,-0.001942
7,28,-0.002088
6,46,-0.002126
2,23,-0.002191
2,38,-0.002391
4,15,-0.002472
5,18,-0.002507
6,33,-0.002570
3,18,-0.002587
34,38,-0.002644
30,33,-0.002646
3,39,-0.002656
3,46,-0.002730
2,10,-0.002747
28,48,-0.002787
8,24,-0.002841
13,25,-0.002878
1,28,-0.002914
14,50,-0.003050
8,29,-0.003125
3,49,-0.003167
32,34,-0.003187
38,45,-0.003264
4,25,-0.003301
18,32,-0.003304
3,22,-0.003315
25,39,-0.003359
12,16,-0.003377
7,50,-0.003402
13,26,-0.003416
23,31,-0.003425
22,50,-0.003672
4,12,-0.003859
40,50,-0.003870
2,47,-0.003899
3,33,-0.003937
8,39,-0.004033
1,30,-0.004041
9,44,-0.004169
18,28,-0.004218
7,49,-0.004286
18,26,-0.004299
1,23,-0.004385
37,43,-0.004541
2,43,-0.004547
6,37,-0.004592
32,37,-0.004712
30,32,-0.004713
6,25,-0.004933
23,37,-0.004959
1,43,-0.004993
1,47,-0.005007
5,10,-0.005106
11,24,-0.005122
3,40,-0.005134
6,14,-0.005231
17,30,-0.005258
6,50,-0.005434
40,41,-0.005443
2,49,-0.005547
7,18,-0.005738
1,27,-0.005763
7,47,-0.005787
3,31,-0.005831
5,11,-0.005859
7,22,-0.005987
12,40,-0.006080
2,8,-0.006105
22,38,-0.006134
40,46,-0.006244
2,46,-0.006332
3,15,-0.006349
3,20,-0.006496
19,47,-0.006601
1,10,-0.006620
2,36,-0.006702
14,29,-0.006914
1,36,-0.006927
4,16,-0.006992
25,33,-0.007001
8,43,-0.007116
15,20,-0.007150
30,50,-0.007161
12,24,-0.007247
3,45,-0.007254
9,24,-0.007461
6,17,-0.007480
28,39,-0.007492
12,49,-0.007497
1,46,-0.007522
7,43,-0.007595
38,43,-0.007613
1,15,-0.007658
32,46,-0.007699
7,48,-0.007739
15,31,-0.007748
7,37,-0.007753
32,50,-0.007777
2,28,-0.007784
2,22,-0.007813
27,50,-0.008125
11,26,-0.008142
39,46,-0.008160
10,50,-0.008254
17,28,-0.008296
17,50,-0.008380
11,35,-0.008481
4,28,-0.008502
2,30,-0.008509
24,27,-0.008585
2,27,-0.008678
15,47,-0.008728
2,12,-0.008952
1,49,-0.008981
39,44,-0.009217
12,25,-0.009244
29,49,-0.009282
3,48,-0.009314
29,40,-0.009330
38,50,-0.009359
1,22,-0.009418
18,22,-0.009490
4,35,-0.009522
17,21,-0.009621
4,17,-0.009654
1,8,-0.009794
21,50,-0.009804
25,43,-0.009839
24,50,-0.009915
14,43,-0.009961
45,47,-0.010026
7,39,-0.010105
18,40,-0.010119
31,39,-0.010179
3,28,-0.010305
26,30,-0.010428
2,33,-0.010429
6,39,-0.010523
2,17,-0.010529
10,42,-0.010652
2,40,-0.010653
6,13,-0.010755
1,24,-0.010796
7,38,-0.010861
15,49,-0.010897
3,12,-0.011075
3,25,-0.011167
5,33,-0.011253
3,9,-0.011349
11,42,-0.011365
26,32,-0.011397
26,40,-0.011431
2,48,-0.011602
15,34,-0.011687
32,49,-0.011780
4,29,-0.011909
8,23,-0.011927
1,21,-0.011968
18,46,-0.012015
1,48,-0.012032
34,50,-0.012064
2,24,-0.012069
5,48,-0.012139
3,47,-0.012256
1,32,-0.012281
43,45,-0.012364
28,49,-0.012375
13,39,-0.012393
46,50,-0.012407
24,26,-0.012410
12,50,-0.012520
1,40,-0.012552
6,26,-0.012657
15,48,-0.012902
3,32,-0.012939
14,39,-0.013125
2,34,-0.013184
3,24,-0.013292
25,35,-0.013343
2,32,-0.013362
5,38,-0.013382
1,34,-0.013436
15,19,-0.013513
1,17,-0.013550
33,50,-0.013574
8,50,-0.013643
37,46,-0.013784
18,49,-0.014064
3,38,-0.014167
9,21,-0.014216
36,50,-0.014256
2,29,-0.014261
12,32,-0.014391
40,48,-0.014446
14,32,-0.014506
8,32,-0.014560
11,23,-0.014617
17,47,-0.014837
19,36,-0.015046
29,50,-0.015246
2,26,-0.015385
2,9,-0.015393
16,22,-0.015519
3,43,-0.015526
7,40,-0.015647
17,20,-0.015706
32,39,-0.015741
15,29,-0.015789
25,31,-0.015914
19,32,-0.015991
3,42,-0.016004
1,33,-0.016029
6,22,-0.016197
5,14,-0.016225
14,49,-0.016251
4,24,-0.016470
15,28,-0.016472
35,43,-0.016634
4,38,-0.016743
3,19,-0.016746
6,21,-0.016825
25,38,-0.016875
1,12,-0.016883
24,49,-0.016939
4,32,-0.016966
5,16,-0.017065
4,22,-0.017350
19,39,-0.017355
8,26,-0.017416
24,39,-0.017433
5,19,-0.017483
3,27,-0.017491
14,35,-0.017717
11,22,-0.017790
13,41,-0.017795
1,29,-0.017922
10,29,-0.017929
23,38,-0.018100
2,21,-0.018113
12,26,-0.018222
4,43,-0.018271
9,39,-0.018434
11,38,-0.018590
26,50,-0.018596
32,44,-0.018783
18,21,-0.018903
5,25,-0.018943
1,26,-0.018947
25,27,-0.018954
6,34,-0.018996
33,39,-0.019006
5,29,-0.019021
30,46,-0.019091
6,47,-0.019149
6,31,-0.019169
38,49,-0.019204
7,23,-0.019604
20,32,-0.019956
7,24,-0.019962
7,25,-0.020124
8,15,-0.020278
5,40,-0.020302
22,39,-0.020404
4,30,-0.020463
6,42,-0.020470
5,36,-0.020740
9,16,-0.020908
23,35,-0.020955
24,37,-0.021080
24,33,-0.021162
45,49,-0.021239
24,35,-0.021246
13,38,-0.021285
4,42,-0.021378
44,50,-0.021473
41,48,-0.021527
5,23,-0.021792
13,49,-0.021808
1,9,-0.021910
14,37,-0.021924
35,46,-0.021930
24,44,-0.021981
36,49,-0.022042
19,23,-0.022055
7,29,-0.022102
11,40,-0.022274
22,35,-0.022416
17,36,-0.022725
19,29,-0.022734
14,42,-0.022824
3,44,-0.022849
33,46,-0.022891
4,34,-0.023007
7,16,-0.023144
6,16,-0.023204
10,18,-0.023242
5,22,-0.023303
9,18,-0.023427
4,46,-0.023525
19,31,-0.023675
6,27,-0.023901
33,38,-0.023952
6,29,-0.023974
3,23,-0.024295
10,35,-0.024378
2,44,-0.024393
36,42,-0.024480
4,40,-0.024514
24,40,-0.024548
10,49,-0.024641
5,42,-0.024811
10,26,-0.025235
26,46,-0.025303
5,24,-0.025346
26,47,-0.025417
20,46,-0.025505
8,35,-0.025529
4,26,-0.025633
6,18,-0.025725
17,29,-0.025932
15,37,-0.025956
9,50,-0.026177
9,40,-0.026278
19,48,-0.026289
20,24,-0.026601
5,20,-0.026618
1,44,-0.026646
9,26,-0.026658
3,16,-0.026665
6,23,-0.026672
5,31,-0.026678
9,42,-0.026772
30,35,-0.026863
17,35,-0.026877
32,45,-0.027143
4,33,-0.027272
10,22,-0.027349
8,17,-0.027424
10,31,-0.027432
18,31,-0.027738
9,20,-0.027933
9,49,-0.028004
6,43,-0.028124
18,24,-0.028182
18,48,-0.028388
7,42,-0.028417
17,39,-0.028429
9,47,-0.028459
3,36,-0.028614
8,49,-0.028653
23,44,-0.028705
4,20,-0.028915
9,15,-0.028992
10,34,-0.029015
25,37,-0.029170
8,37,-0.029240
26,44,-0.029362
13,18,-0.029547
6,48,-0.029549
7,20,-0.029763
13,48,-0.029798
5,41,-0.029857
24,47,-0.029950
5,45,-0.030006
22,30,-0.030081
14,26,-0.030311
40,45,-0.030319
16,49,-0.030699
17,49,-0.030784
3,34,-0.030850
28,40,-0.030950
6,36,-0.031038
5,47,-0.031046
19,41,-0.031177
11,46,-0.031478
4,44,-0.031886
17,32,-0.031999
23,29,-0.032024
23,49,-0.032098
10,27,-0.032181
9,22,-0.032237
18,27,-0.032310
11,44,-0.032414
8,27,-0.032471
34,39,-0.032655
42,45,-0.032808
15,24,-0.032853
5,17,-0.032899
16,26,-0.033147
5,44,-0.033178
24,30,-0.033178
17,33,-0.033230
17,42,-0.033275
12,47,-0.033513
3,30,-0.033514
9,29,-0.033528
31,45,-0.033565
9,25,-0.033592
4,23,-0.033614
22,48,-0.033622
20,41,-0.033740
25,41,-0.033830
8,47,-0.033900
13,19,-0.033907
4,48,-0.033935
26,38,-0.033980
15,16,-0.034039
32,42,-0.034402
5,43,-0.034454
8,44,-0.034503
27,44,-0.034864
11,48,-0.034961
24,45,-0.035242
28,41,-0.035479
4,21,-0.035580
20,31,-0.035817
17,46,-0.036032
7,19,-0.036213
18,23,-0.036276
17,38,-0.036428
11,36,-0.036517
28,43,-0.036549
5,34,-0.036646
12,29,-0.037068
8,19,-0.037070
21,49,-0.037076
35,41,-0.037079
12,43,-0.037706
11,34,-0.037899
19,26,-0.038308
21,32,-0.038352
21,47,-0.038530
21,43,-0.038689
24,32,-0.038732
15,32,-0.039102
33,45,-0.039359
7,41,-0.039490
28,34,-0.039626
17,48,-0.039657
29,38,-0.039806
6,44,-0.039816
27,42,-0.039849
26,28,-0.039912
21,48,-0.039920
28,44,-0.039990
17,37,-0.040030
32,43,-0.040045
7,30,-0.040137
20,28,-0.040362
21,24,-0.040426
13,40,-0.040567
15,23,-0.041068
28,37,-0.041075
33,41,-0.041364
44,46,-0.041463
10,46,-0.041582
16,47,-0.041854
12,44,-0.041935
34,42,-0.042005
6,38,-0.042054
6,20,-0.042144
12,35,-0.042476
11,41,-0.042486
7,21,-0.042640
20,47,-0.042739
10,38,-0.042807
14,19,-0.043133
7,31,-0.043245
23,47,-0.043304
25,42,-0.043501
12,42,-0.043620
22,43,-0.043628
9,14,-0.043917
30,40,-0.043925
8,42,-0.044118
13,43,-0.044150
16,24,-0.044355
8,34,-0.044389
31,40,-0.044393
13,30,-0.044596
4,19,-0.044760
4,36,-0.044833
10,21,-0.045225
27,29,-0.045229
13,37,-0.045481
24,36,-0.045538
8,46,-0.045846
21,29,-0.046048
14,34,-0.046074
9,33,-0.046153
18,41,-0.046301
21,42,-0.046349
10,33,-0.046479
33,42,-0.046574
20,38,-0.046719
10,19,-0.046755
35,42,-0.046836
25,36,-0.046888
23,48,-0.046951
34,47,-0.047279
11,16,-0.047281
23,32,-0.047357
21,25,-0.047368
24,31,-0.047401
28,36,-0.047616
15,41,-0.047642
7,45,-0.048005
27,49,-0.048015
6,19,-0.048176
9,19,-0.048572
16,44,-0.048833
8,16,-0.048900
16,32,-0.049028
5,37,-0.049177
19,40,-0.049206
31,43,-0.049270
9,37,-0.049289
14,31,-0.049319
10,39,-0.049503
5,27,-0.049556
20,48,-0.049715
28,38,-0.049953
10,43,-0.050082
6,41,-0.050195
41,49,-0.050478
7,34,-0.050699
29,46,-0.050881
16,25,-0.050909
38,48,-0.051321
37,47,-0.051494
5,30,-0.051547
19,35,-0.051686
18,34,-0.051761
18,38,-0.052153
24,42,-0.052555
30,49,-0.053202
17,40,-0.053227
7,44,-0.053388
29,31,-0.053461
20,42,-0.054124
18,44,-0.054185
24,34,-0.054228
36,40,-0.054415
21,28,-0.054485
27,39,-0.054498
34,46,-0.054924
27,35,-0.055177
31,49,-0.055322
18,37,-0.055397
21,33,-0.055633
14,45,-0.055819
14,36,-0.055888
31,33,-0.056108
11,45,-0.056372
22,46,-0.056546
22,31,-0.056723
20,25,-0.056845
22,34,-0.056869
13,35,-0.056994
15,44,-0.057282
11,19,-0.057323
17,34,-0.057905
10,47,-0.057997
24,48,-0.058068
14,30,-0.058224
28,46,-0.058461
8,33,-0.058723
17,41,-0.058933
23,43,-0.059249
6,45,-0.059854
6,30,-0.060121
31,47,-0.060301
14,23,-0.060466
30,38,-0.060773
28,33,-0.060923
18,30,-0.060998
12,34,-0.061544
20,49,-0.061685
20,44,-0.061825
23,39,-0.062055
38,44,-0.062080
31,44,-0.062529
25,30,-0.063136
25,45,-0.063141
14,20,-0.063566
7,27,-0.064587
7,36,-0.064927
29,36,-0.065108
27,33,-0.065245
29,42,-0.065402
32,41,-0.065615
9,34,-0.065853
9,46,-0.066148
36,47,-0.066196
30,47,-0.066422
16,18,-0.066439
36,46,-0.066683
11,27,-0.067031
22,45,-0.067363
13,29,-0.067427
9,31,-0.068384
13,45,-0.068470
18,45,-0.068860
22,37,-0.069087
24,41,-0.070070
17,45,-0.070573
17,43,-0.071034
9,45,-0.071266
11,31,-0.071306
23,41,-0.071407
12,19,-0.071620
24,38,-0.071726
27,32,-0.071866
8,38,-0.071868
9,43,-0.071894
23,34,-0.072072
20,37,-0.072098
20,43,-0.072174
16,37,-0.072231
36,48,-0.072579
19,28,-0.072671
23,46,-0.072680
13,33,-0.072913
10,48,-0.073016
26,31,-0.073078
9,30,-0.073317
16,43,-0.073379
8,21,-0.073497
9,35,-0.074249
14,21,-0.074420
34,45,-0.074807
29,37,-0.074854
13,47,-0.075155
19,33,-0.075170
12,48,-0.075245
20,35,-0.075428
16,23,-0.075550
26,37,-0.075865
14,16,-0.076134
11,20,-0.076308
21,44,-0.076856
15,36,-0.077229
9,38,-0.077245
16,29,-0.077389
16,33,-0.077509
31,46,-0.077564
31,48,-0.078121
19,25,-0.078408
30,37,-0.079057
22,44,-0.079523
13,20,-0.080371
16,39,-0.080387
10,20,-0.080389
22,41,-0.080488
18,36,-0.080528
10,44,-0.081880
11,21,-0.082514
15,21,-0.083286
16,34,-0.084053
22,42,-0.084804
15,45,-0.085190
16,48,-0.085612
19,44,-0.085702
20,34,-0.086713
30,39,-0.086724
35,45,-0.086726
39,45,-0.087029
21,40,-0.087655
10,37,-0.087795
12,41,-0.087821
23,40,-0.087847
8,30,-0.088548
22,36,-0.089540
13,44,-0.089752
29,41,-0.089834
27,47,-0.090726
13,36,-0.091017
21,38,-0.091121
21,37,-0.091262
11,30,-0.091628
21,41,-0.092504
19,37,-0.092729
14,41,-0.092963
12,45,-0.093025
16,40,-0.093202
8,20,-0.093466
27,48,-0.094292
21,35,-0.094698
36,39,-0.095039
8,45,-0.095323
28,30,-0.095405
13,21,-0.095500
13,34,-0.095551
27,34,-0.095581
20,39,-0.095593
8,31,-0.095936
14,27,-0.096330
13,46,-0.097764
8,41,-0.097859
10,45,-0.099314
27,43,-0.100496
17,31,-0.100843
14,44,-0.100933
30,42,-0.101616
28,42,-0.102574
10,16,-0.103327
21,31,-0.103526
12,21,-0.105890
26,36,-0.107210
12,46,-0.107212
17,44,-0.107689
19,27,-0.108282
10,30,-0.109137
10,41,-0.109595
15,30,-0.112348
21,39,-0.113333
20,40,-0.113580
21,34,-0.113878
23,45,-0.115765
16,35,-0.116447
19,34,-0.117687
9,41,-0.118605
27,37,-0.119013
27,40,-0.120532
15,27,-0.120884
28,45,-0.121813
12,30,-0.125592
16,28,-0.127920
20,36,-0.130493
36,43,-0.134101
12,20,-0.139533
