10 37 2.243713e+00
33 34 1.963802e+00
32 41 1.274922e+00
33 37 1.260308e+00
7 10 1.227159e+00
53 55 1.177398e+00
47 50 1.173719e+00
7 34 9.273982e-01
7 37 8.971256e-01
1 2 8.808287e-01
10 12 8.604064e-01
7 8 8.045289e-01
55 56 7.845470e-01
53 57 7.730616e-01
60 62 7.234582e-01
34 36 7.191605e-01
61 62 7.081274e-01
56 58 6.940556e-01
5 31 6.815214e-01
27 28 6.788378e-01
34 37 6.701250e-01
30 41 6.697970e-01
46 47 6.696546e-01
52 53 6.631975e-01
60 61 6.418784e-01
64 65 6.272916e-01
55 58 6.204580e-01
52 57 6.061652e-01
25 26 6.020326e-01
2 3 6.018848e-01
49 50 5.899332e-01
7 12 5.816258e-01
50 54 5.803712e-01
63 65 5.790390e-01
62 64 5.761617e-01
58 59 5.688811e-01
6 13 5.622323e-01
57 58 5.610818e-01
53 54 5.532894e-01
61 63 5.526387e-01
23 42 5.501888e-01
22 26 5.463830e-01
59 60 5.440187e-01
57 60 5.439335e-01
17 19 5.379794e-01
8 9 5.377654e-01
7 14 5.361311e-01
48 50 5.304831e-01
10 34 5.302755e-01
54 55 5.301830e-01
56 60 5.266673e-01
60 65 5.213025e-01
46 48 5.180413e-01
10 33 5.144365e-01
55 59 5.108878e-01
59 62 5.106026e-01
60 64 5.059445e-01
30 32 4.985405e-01
54 56 4.951025e-01
48 49 4.948240e-01
61 64 4.928976e-01
57 59 4.849787e-01
9 19 4.846149e-01
57 64 4.830030e-01
59 64 4.807624e-01
34 41 4.745546e-01
62 63 4.729829e-01
58 62 4.642280e-01
17 18 4.630468e-01
5 14 4.612401e-01
59 61 4.584847e-01
50 51 4.558588e-01
62 65 4.546370e-01
44 45 4.479839e-01
63 64 4.433801e-01
57 62 4.403418e-01
61 65 4.395228e-01
50 53 4.361061e-01
56 59 4.347662e-01
53 56 4.293479e-01
23 38 4.279464e-01
51 56 4.275414e-01
50 52 4.267270e-01
12 36 4.266237e-01
52 62 4.255772e-01
29 30 4.214003e-01
55 57 4.180387e-01
54 58 4.171332e-01
56 62 4.137567e-01
4 6 4.103888e-01
56 57 4.084287e-01
16 19 4.077352e-01
60 63 4.069374e-01
32 34 4.034672e-01
16 23 4.005828e-01
55 60 3.946133e-01
29 40 3.892634e-01
15 17 3.872714e-01
40 43 3.857019e-01
9 40 3.855274e-01
25 30 3.851671e-01
2 4 3.849760e-01
23 25 3.844696e-01
45 48 3.837169e-01
15 16 3.814525e-01
47 54 3.779755e-01
1 3 3.730161e-01
3 4 3.723509e-01
54 57 3.723394e-01
51 57 3.714845e-01
38 42 3.709740e-01
26 27 3.709692e-01
56 61 3.708148e-01
47 48 3.680258e-01
21 31 3.665637e-01
58 60 3.663551e-01
35 36 3.646194e-01
59 65 3.634310e-01
51 55 3.631338e-01
28 30 3.623236e-01
59 63 3.620735e-01
14 20 3.615041e-01
18 19 3.597428e-01
57 65 3.552876e-01
48 51 3.527015e-01
54 59 3.522408e-01
17 24 3.511776e-01
20 35 3.475933e-01
52 55 3.428131e-01
47 49 3.421660e-01
39 40 3.419831e-01
4 13 3.413768e-01
22 31 3.409630e-01
27 29 3.395018e-01
21 36 3.383419e-01
20 31 3.372466e-01
22 24 3.366964e-01
47 57 3.366864e-01
55 64 3.348138e-01
48 53 3.324574e-01
8 14 3.320377e-01
24 28 3.314836e-01
1 10 3.306805e-01
21 23 3.298003e-01
15 18 3.250089e-01
42 43 3.226845e-01
39 42 3.224023e-01
14 19 3.209645e-01
46 50 3.158566e-01
56 65 3.155649e-01
11 56 3.135984e-01
12 34 3.080710e-01
7 9 3.076030e-01
40 45 3.070309e-01
48 52 3.065257e-01
43 45 3.056510e-01
32 33 3.053912e-01
19 27 3.050536e-01
3 5 3.040045e-01
16 17 3.035872e-01
36 53 3.002225e-01
19 22 2.983681e-01
25 31 2.983086e-01
44 48 2.976045e-01
66 67 2.955525e-01
14 30 2.951692e-01
36 43 2.936803e-01
6 20 2.930558e-01
49 51 2.919343e-01
12 13 2.899797e-01
7 32 2.893610e-01
6 42 2.872436e-01
33 38 2.867787e-01
25 41 2.862795e-01
46 49 2.844218e-01
22 29 2.842808e-01
58 64 2.824027e-01
21 39 2.822688e-01
26 28 2.812214e-01
4 5 2.801663e-01
61 66 2.787085e-01
18 42 2.772277e-01
63 66 2.766837e-01
13 24 2.761872e-01
46 51 2.754750e-01
26 30 2.754091e-01
19 23 2.752471e-01
5 7 2.748190e-01
13 29 2.745705e-01
50 55 2.741505e-01
24 27 2.740649e-01
19 20 2.731671e-01
38 39 2.730427e-01
51 54 2.729621e-01
12 33 2.700414e-01
47 53 2.699620e-01
49 54 2.694298e-01
6 12 2.690639e-01
15 19 2.673749e-01
22 23 2.672320e-01
32 43 2.668612e-01
35 39 2.668059e-01
55 61 2.619811e-01
36 39 2.609147e-01
17 35 2.596723e-01
14 17 2.583153e-01
13 30 2.580333e-01
8 30 2.543390e-01
15 21 2.528786e-01
10 57 2.518401e-01
51 58 2.503144e-01
36 38 2.476674e-01
2 32 2.467966e-01
12 14 2.465359e-01
51 53 2.459392e-01
34 35 2.450175e-01
53 61 2.445558e-01
20 38 2.433588e-01
19 29 2.429728e-01
54 61 2.419049e-01
1 7 2.418351e-01
6 22 2.409403e-01
48 56 2.409125e-01
44 56 2.403847e-01
4 20 2.402857e-01
21 22 2.395846e-01
14 32 2.386782e-01
9 36 2.381898e-01
18 20 2.371565e-01
18 27 2.365457e-01
45 47 2.348317e-01
54 60 2.343221e-01
24 26 2.335419e-01
24 42 2.334411e-01
16 24 2.329392e-01
24 29 2.329099e-01
4 17 2.315247e-01
5 19 2.300062e-01
5 18 2.298523e-01
23 36 2.298300e-01
45 49 2.294893e-01
24 43 2.293346e-01
31 40 2.289339e-01
15 26 2.287621e-01
62 66 2.273918e-01
26 39 2.268479e-01
56 63 2.256799e-01
51 52 2.252980e-01
15 45 2.251230e-01
6 11 2.240093e-01
52 60 2.233700e-01
7 11 2.233397e-01
14 16 2.229223e-01
64 66 2.226699e-01
52 54 2.223029e-01
35 40 2.222358e-01
65 66 2.214853e-01
23 26 2.204661e-01
58 63 2.204459e-01
46 54 2.196133e-01
13 21 2.190629e-01
13 15 2.176549e-01
19 26 2.175265e-01
49 52 2.174683e-01
13 27 2.158941e-01
4 35 2.145614e-01
14 15 2.142784e-01
56 64 2.139840e-01
5 33 2.138661e-01
45 56 2.133908e-01
53 58 2.131699e-01
40 42 2.131053e-01
43 44 2.114577e-01
25 46 2.110967e-01
55 65 2.109292e-01
30 31 2.106816e-01
62 67 2.106062e-01
21 38 2.103009e-01
22 25 2.096061e-01
43 51 2.092697e-01
9 50 2.086166e-01
9 26 2.073389e-01
19 28 2.058563e-01
13 28 2.049710e-01
58 65 2.036681e-01
21 24 2.035170e-01
52 56 2.030262e-01
5 16 2.027965e-01
13 14 2.000332e-01
20 21 1.999123e-01
22 30 1.993141e-01
11 13 1.991937e-01
43 49 1.983022e-01
23 29 1.969287e-01
49 55 1.966363e-01
18 23 1.956109e-01
45 46 1.945614e-01
35 42 1.941215e-01
50 58 1.934464e-01
28 29 1.934058e-01
36 49 1.925590e-01
54 64 1.924569e-01
45 50 1.916841e-01
23 24 1.914532e-01
28 35 1.913181e-01
57 63 1.912131e-01
9 44 1.911555e-01
24 25 1.902788e-01
44 51 1.899804e-01
29 35 1.896580e-01
15 43 1.895060e-01
8 11 1.891749e-01
11 19 1.887490e-01
4 16 1.886675e-01
28 38 1.886659e-01
47 51 1.885795e-01
6 15 1.880579e-01
25 38 1.852247e-01
30 38 1.851098e-01
18 24 1.834294e-01
21 27 1.830404e-01
29 31 1.827701e-01
28 36 1.826837e-01
53 62 1.825611e-01
16 22 1.823491e-01
9 24 1.819706e-01
22 28 1.818019e-01
24 35 1.815261e-01
53 59 1.815100e-01
46 57 1.809830e-01
3 20 1.805414e-01
48 55 1.800335e-01
20 26 1.799262e-01
8 41 1.793950e-01
58 61 1.774935e-01
17 33 1.770461e-01
3 6 1.769838e-01
48 59 1.767473e-01
43 46 1.766271e-01
12 20 1.755855e-01
23 28 1.751979e-01
21 35 1.750693e-01
57 61 1.747672e-01
20 23 1.743177e-01
16 18 1.718137e-01
54 65 1.714439e-01
19 31 1.710654e-01
5 6 1.704385e-01
35 41 1.686078e-01
17 52 1.682918e-01
3 43 1.678842e-01
48 54 1.678784e-01
5 35 1.668017e-01
3 28 1.666482e-01
3 33 1.649130e-01
33 35 1.640473e-01
53 63 1.637857e-01
60 66 1.635499e-01
25 44 1.633344e-01
15 20 1.630962e-01
18 33 1.621800e-01
3 16 1.617288e-01
51 59 1.603209e-01
9 23 1.602300e-01
18 45 1.599015e-01
25 49 1.591042e-01
30 47 1.590784e-01
21 42 1.582046e-01
2 31 1.574950e-01
12 39 1.564510e-01
2 9 1.561594e-01
36 40 1.560700e-01
4 9 1.559360e-01
54 62 1.559294e-01
28 40 1.558958e-01
4 31 1.557797e-01
53 64 1.554055e-01
27 43 1.551102e-01
21 33 1.548922e-01
27 45 1.537561e-01
5 34 1.533825e-01
11 17 1.527619e-01
10 53 1.524132e-01
63 67 1.522129e-01
11 25 1.521620e-01
4 19 1.521244e-01
12 32 1.520773e-01
4 14 1.516856e-01
45 54 1.516691e-01
29 48 1.514813e-01
35 38 1.513715e-01
22 49 1.509733e-01
7 41 1.503400e-01
20 29 1.499835e-01
4 15 1.498792e-01
61 67 1.497296e-01
20 27 1.494962e-01
8 34 1.493396e-01
25 47 1.489181e-01
19 24 1.487210e-01
4 29 1.479513e-01
16 20 1.478102e-01
55 67 1.468891e-01
1 18 1.461736e-01
40 50 1.461141e-01
46 56 1.460012e-01
44 53 1.455421e-01
4 43 1.454811e-01
27 33 1.447746e-01
5 12 1.444816e-01
14 21 1.444349e-01
54 63 1.431889e-01
45 51 1.430442e-01
65 67 1.420765e-01
10 61 1.414507e-01
13 16 1.412438e-01
1 8 1.408605e-01
25 28 1.398586e-01
3 23 1.390939e-01
5 13 1.389691e-01
6 29 1.385782e-01
55 63 1.381676e-01
24 36 1.375186e-01
11 26 1.363915e-01
9 17 1.362832e-01
13 35 1.359487e-01
22 41 1.351337e-01
11 21 1.346519e-01
43 50 1.340380e-01
8 27 1.339262e-01
4 10 1.329187e-01
6 38 1.328986e-01
1 9 1.328458e-01
7 61 1.325978e-01
21 28 1.319524e-01
12 40 1.317401e-01
28 47 1.308579e-01
41 67 1.305617e-01
5 11 1.304220e-01
3 42 1.300316e-01
51 63 1.300284e-01
4 11 1.299082e-01
18 35 1.298199e-01
8 31 1.296227e-01
16 35 1.285243e-01
11 22 1.264277e-01
39 43 1.262600e-01
59 67 1.254535e-01
13 42 1.250334e-01
24 31 1.240368e-01
15 25 1.236706e-01
15 30 1.228886e-01
49 56 1.227024e-01
25 27 1.226669e-01
15 39 1.225842e-01
52 61 1.224710e-01
3 22 1.214852e-01
9 30 1.214316e-01
39 44 1.213936e-01
9 15 1.211176e-01
47 55 1.203555e-01
49 62 1.203288e-01
17 39 1.199124e-01
1 34 1.196690e-01
20 30 1.192424e-01
23 40 1.191429e-01
8 32 1.188537e-01
28 42 1.182153e-01
57 66 1.177522e-01
5 20 1.174923e-01
52 65 1.173236e-01
33 36 1.171981e-01
17 23 1.168027e-01
41 42 1.160864e-01
23 31 1.149942e-01
26 38 1.147126e-01
25 32 1.146696e-01
17 40 1.143723e-01
13 43 1.138112e-01
53 66 1.134072e-01
25 50 1.133290e-01
6 26 1.128310e-01
16 52 1.126817e-01
8 62 1.116409e-01
53 65 1.113748e-01
49 57 1.107371e-01
48 58 1.104833e-01
45 59 1.102001e-01
29 42 1.101520e-01
12 38 1.094311e-01
32 36 1.091600e-01
2 30 1.089025e-01
36 44 1.083245e-01
51 64 1.082063e-01
6 14 1.080042e-01
7 13 1.079358e-01
2 28 1.076993e-01
14 18 1.075220e-01
11 58 1.073200e-01
58 66 1.071613e-01
64 67 1.069254e-01
37 58 1.069075e-01
5 15 1.065868e-01
18 28 1.065523e-01
9 42 1.065480e-01
5 17 1.061463e-01
12 18 1.055282e-01
55 62 1.052869e-01
5 22 1.047907e-01
8 12 1.046075e-01
3 35 1.041329e-01
51 65 1.039499e-01
3 15 1.039493e-01
9 18 1.029398e-01
12 15 1.026185e-01
2 26 1.024286e-01
52 63 1.022370e-01
21 26 1.017049e-01
26 36 1.012128e-01
10 60 1.005153e-01
23 33 1.001640e-01
50 56 1.000585e-01
18 44 9.944028e-02
14 26 9.912379e-02
4 23 9.905079e-02
30 39 9.883761e-02
60 67 9.854216e-02
11 27 9.788066e-02
38 43 9.756340e-02
6 31 9.755250e-02
53 60 9.595418e-02
24 39 9.571498e-02
5 29 9.541283e-02
39 62 9.539413e-02
20 40 9.532522e-02
30 35 9.529959e-02
31 33 9.490484e-02
31 44 9.457219e-02
21 43 9.391549e-02
18 31 9.383998e-02
6 8 9.263814e-02
20 33 9.263369e-02
19 21 9.203216e-02
26 47 9.178422e-02
19 36 9.135962e-02
27 37 9.116421e-02
23 35 9.114048e-02
34 44 9.093592e-02
46 52 9.050672e-02
36 52 9.045881e-02
45 52 9.028608e-02
26 29 8.988221e-02
1 45 8.938596e-02
13 20 8.937935e-02
49 58 8.900769e-02
11 24 8.899845e-02
9 29 8.863889e-02
44 50 8.832811e-02
17 26 8.770584e-02
51 60 8.764353e-02
45 58 8.763389e-02
59 66 8.719382e-02
52 59 8.719250e-02
16 31 8.678421e-02
25 43 8.632543e-02
18 21 8.625066e-02
8 19 8.624923e-02
17 53 8.559885e-02
16 25 8.552985e-02
31 35 8.512465e-02
3 9 8.486874e-02
12 27 8.465924e-02
19 39 8.445006e-02
3 29 8.408142e-02
9 27 8.393991e-02
27 41 8.332245e-02
37 51 8.305508e-02
25 51 8.292813e-02
1 5 8.267911e-02
7 56 8.245722e-02
20 25 8.138861e-02
12 22 8.106735e-02
17 22 8.093074e-02
41 44 8.087855e-02
26 43 8.079964e-02
16 29 8.066104e-02
2 59 8.064436e-02
5 32 8.020395e-02
15 31 7.991880e-02
27 38 7.989246e-02
15 42 7.989000e-02
14 40 7.982284e-02
2 6 7.953931e-02
4 21 7.920589e-02
7 30 7.918105e-02
13 39 7.910344e-02
3 40 7.874910e-02
16 32 7.873204e-02
11 34 7.802297e-02
8 13 7.796533e-02
8 29 7.743639e-02
4 24 7.683690e-02
20 48 7.682343e-02
52 64 7.658618e-02
3 13 7.652940e-02
33 55 7.646523e-02
20 24 7.613146e-02
11 28 7.568703e-02
5 39 7.562599e-02
13 31 7.531407e-02
44 47 7.463678e-02
41 50 7.394129e-02
16 21 7.351599e-02
3 26 7.258293e-02
40 46 7.242415e-02
37 56 7.210199e-02
29 32 7.208860e-02
52 58 7.195743e-02
17 28 7.122681e-02
56 67 7.060639e-02
12 35 7.051515e-02
39 53 7.033974e-02
27 49 6.990941e-02
8 57 6.966125e-02
44 46 6.945557e-02
8 16 6.937513e-02
54 66 6.901850e-02
25 42 6.868094e-02
2 66 6.795927e-02
18 30 6.782502e-02
9 14 6.774360e-02
34 38 6.744691e-02
48 60 6.727504e-02
2 44 6.705819e-02
3 46 6.681775e-02
1 20 6.659162e-02
50 57 6.639662e-02
36 37 6.635300e-02
15 40 6.625289e-02
45 55 6.602281e-02
7 23 6.559961e-02
1 4 6.522876e-02
11 44 6.417396e-02
25 29 6.401803e-02
42 47 6.385254e-02
9 41 6.360886e-02
21 32 6.343165e-02
26 52 6.300697e-02
12 21 6.295164e-02
7 22 6.238650e-02
48 66 6.217622e-02
3 24 6.186046e-02
29 39 6.167946e-02
30 50 6.140995e-02
2 5 6.105748e-02
50 60 6.080137e-02
2 37 6.062931e-02
15 24 6.021320e-02
46 53 5.973292e-02
27 30 5.856909e-02
6 16 5.856124e-02
16 42 5.801747e-02
2 43 5.801104e-02
44 54 5.733543e-02
8 42 5.705901e-02
14 38 5.670232e-02
28 41 5.667425e-02
46 61 5.661261e-02
49 53 5.642782e-02
7 33 5.616631e-02
6 18 5.602042e-02
42 48 5.596184e-02
5 38 5.594666e-02
4 26 5.537549e-02
29 41 5.535836e-02
24 30 5.533654e-02
6 46 5.528081e-02
3 49 5.475507e-02
26 35 5.437699e-02
13 26 5.425970e-02
38 48 5.417527e-02
1 53 5.416648e-02
44 66 5.374833e-02
21 29 5.334637e-02
16 26 5.328148e-02
22 43 5.317598e-02
47 58 5.305927e-02
39 58 5.299662e-02
9 11 5.269744e-02
11 31 5.258374e-02
4 36 5.254621e-02
58 67 5.237556e-02
9 39 5.187868e-02
17 47 5.134413e-02
6 23 5.105608e-02
17 30 5.091692e-02
31 42 5.080090e-02
47 56 5.077765e-02
18 40 5.067557e-02
32 38 5.025307e-02
22 27 5.020388e-02
17 43 4.952794e-02
1 32 4.926969e-02
39 52 4.923279e-02
6 44 4.910721e-02
10 41 4.904780e-02
27 31 4.899102e-02
1 59 4.879635e-02
1 37 4.876861e-02
13 40 4.864269e-02
42 50 4.846571e-02
4 39 4.799231e-02
26 31 4.790711e-02
20 42 4.781042e-02
27 39 4.769983e-02
20 36 4.769188e-02
11 40 4.762134e-02
22 38 4.744135e-02
33 42 4.720020e-02
40 41 4.674171e-02
35 43 4.637534e-02
11 12 4.594599e-02
9 34 4.549508e-02
53 67 4.454450e-02
37 61 4.451787e-02
17 21 4.406228e-02
56 66 4.340416e-02
20 22 4.330343e-02
13 18 4.258877e-02
5 45 4.253585e-02
44 49 4.245735e-02
2 16 4.233202e-02
3 27 4.188610e-02
5 21 4.126288e-02
25 39 4.119837e-02
7 62 4.104984e-02
3 44 4.096378e-02
2 41 4.076106e-02
25 35 4.069111e-02
2 11 4.003588e-02
15 29 3.944797e-02
29 45 3.944162e-02
28 44 3.943925e-02
12 30 3.926623e-02
13 23 3.924581e-02
12 55 3.878610e-02
49 67 3.863602e-02
41 43 3.801222e-02
17 31 3.776948e-02
8 33 3.733940e-02
46 65 3.689240e-02
16 44 3.659852e-02
6 47 3.619841e-02
24 38 3.576393e-02
6 9 3.548303e-02
18 26 3.539523e-02
11 63 3.526351e-02
9 45 3.520825e-02
14 54 3.513602e-02
2 20 3.498276e-02
16 30 3.489947e-02
29 38 3.482573e-02
14 31 3.468099e-02
39 45 3.463838e-02
20 43 3.400006e-02
10 11 3.357284e-02
18 51 3.349899e-02
18 37 3.327844e-02
46 59 3.321206e-02
8 58 3.281497e-02
5 28 3.278549e-02
4 22 3.271532e-02
8 64 3.263149e-02
34 53 3.227427e-02
6 25 3.204274e-02
39 41 3.202063e-02
16 38 3.196367e-02
16 28 3.114609e-02
15 28 3.095522e-02
2 18 3.085539e-02
36 45 3.047726e-02
43 47 3.025031e-02
12 28 3.020365e-02
49 59 3.017867e-02
12 16 3.004347e-02
13 38 3.004158e-02
11 35 3.002002e-02
7 64 2.990991e-02
50 59 2.978631e-02
38 44 2.953780e-02
5 27 2.926837e-02
30 43 2.919196e-02
1 58 2.914226e-02
17 32 2.897895e-02
22 39 2.896182e-02
14 39 2.857093e-02
1 31 2.853519e-02
42 45 2.848779e-02
54 67 2.843203e-02
13 22 2.784486e-02
19 43 2.771145e-02
26 34 2.758430e-02
35 44 2.741881e-02
14 61 2.731470e-02
33 40 2.721104e-02
1 61 2.674288e-02
26 41 2.670197e-02
18 22 2.653934e-02
1 44 2.649351e-02
18 29 2.646579e-02
12 62 2.630862e-02
8 17 2.605921e-02
17 36 2.593657e-02
6 28 2.593328e-02
27 32 2.547791e-02
14 36 2.527947e-02
17 44 2.520574e-02
10 55 2.492871e-02
9 31 2.477582e-02
40 54 2.450041e-02
9 25 2.448587e-02
34 40 2.410910e-02
37 67 2.395651e-02
28 31 2.393344e-02
18 48 2.380837e-02
6 24 2.380032e-02
31 39 2.375042e-02
23 47 2.350918e-02
49 60 2.322029e-02
4 38 2.251452e-02
41 45 2.243021e-02
2 19 2.162012e-02
4 30 2.140344e-02
7 19 2.121582e-02
31 38 2.101331e-02
29 36 2.085319e-02
50 67 2.054536e-02
3 18 2.053794e-02
7 52 2.012026e-02
9 32 2.005923e-02
32 46 1.999653e-02
14 22 1.987087e-02
2 12 1.968499e-02
7 57 1.967175e-02
32 67 1.962681e-02
6 35 1.952249e-02
55 66 1.932929e-02
3 17 1.883824e-02
25 48 1.873273e-02
2 25 1.857918e-02
23 67 1.855368e-02
15 36 1.837521e-02
1 47 1.824855e-02
37 63 1.752678e-02
13 17 1.686889e-02
19 42 1.677533e-02
6 65 1.597369e-02
3 38 1.562550e-02
25 40 1.558945e-02
32 37 1.558080e-02
49 66 1.554771e-02
22 52 1.542874e-02
46 60 1.540920e-02
46 55 1.523727e-02
17 20 1.510546e-02
37 54 1.505308e-02
19 35 1.481309e-02
52 67 1.475365e-02
11 23 1.398156e-02
2 21 1.347655e-02
1 51 1.337942e-02
1 30 1.337024e-02
8 18 1.298476e-02
38 47 1.297969e-02
19 45 1.295782e-02
18 34 1.202908e-02
51 67 1.153693e-02
46 58 1.135898e-02
4 18 1.120809e-02
10 52 1.113578e-02
48 62 1.099083e-02
9 43 1.069161e-02
3 11 1.067848e-02
27 42 1.045131e-02
31 41 1.029242e-02
6 10 1.006287e-02
15 56 9.975002e-03
18 32 9.782715e-03
13 41 9.701138e-03
10 63 9.369078e-03
18 38 9.330794e-03
51 62 9.189857e-03
48 57 9.153702e-03
51 66 9.023852e-03
48 65 8.912920e-03
34 39 8.740483e-03
15 44 8.667200e-03
3 66 8.319483e-03
24 37 7.583065e-03
19 32 7.479947e-03
6 56 7.285816e-03
9 12 6.652115e-03
15 35 6.362365e-03
2 33 5.723026e-03
11 46 5.546798e-03
8 60 5.489448e-03
6 17 5.344595e-03
28 32 5.283485e-03
16 65 4.632123e-03
7 67 4.516685e-03
41 66 4.387996e-03
49 64 4.134942e-03
16 27 4.048478e-03
8 65 3.641812e-03
17 42 3.546514e-03
18 36 3.455900e-03
16 36 3.420538e-03
8 66 3.384149e-03
15 27 3.228421e-03
36 48 3.017080e-03
4 67 2.813356e-03
24 59 2.706411e-03
10 38 2.485871e-03
50 66 2.071423e-03
25 34 1.960856e-03
8 51 1.856198e-03
1 29 1.509811e-03
8 61 1.041277e-03
18 49 8.327277e-04
4 41 6.898808e-04
28 33 5.568551e-04
2 23 4.143003e-04
12 60 3.022704e-04
24 49 2.294328e-05
37 60 -3.255518e-04
34 46 -1.303803e-03
21 49 -1.333164e-03
40 67 -2.086991e-03
3 12 -2.223968e-03
57 67 -2.611481e-03
22 47 -2.894994e-03
36 46 -3.230361e-03
34 67 -3.965287e-03
15 48 -4.505044e-03
11 15 -4.519132e-03
10 64 -4.674560e-03
18 39 -4.675068e-03
28 45 -4.759948e-03
22 35 -4.916812e-03
6 39 -4.961776e-03
32 66 -5.004402e-03
10 67 -5.077506e-03
37 41 -5.213595e-03
7 65 -5.329795e-03
1 46 -5.433812e-03
2 60 -5.775539e-03
37 57 -5.828080e-03
1 24 -5.976572e-03
22 40 -6.316347e-03
11 42 -6.451783e-03
2 17 -6.483518e-03
25 67 -6.557886e-03
27 67 -6.876861e-03
21 46 -6.971580e-03
44 61 -7.416744e-03
1 27 -7.557405e-03
48 64 -7.642290e-03
7 17 -7.644833e-03
47 67 -7.729414e-03
13 19 -8.065355e-03
29 44 -8.154235e-03
4 66 -8.218286e-03
27 34 -8.321478e-03
3 36 -8.532995e-03
28 55 -9.021954e-03
27 40 -9.046767e-03
28 43 -9.202421e-03
3 7 -9.315791e-03
21 50 -9.393892e-03
8 38 -9.535235e-03
49 63 -9.622831e-03
42 46 -9.963142e-03
16 45 -1.031416e-02
38 41 -1.036945e-02
1 28 -1.049165e-02
6 19 -1.071106e-02
8 54 -1.080109e-02
21 45 -1.116262e-02
16 48 -1.168490e-02
4 45 -1.245313e-02
41 49 -1.252013e-02
39 67 -1.256040e-02
40 44 -1.267428e-02
40 51 -1.326996e-02
6 40 -1.333796e-02
20 41 -1.357697e-02
8 45 -1.371323e-02
37 39 -1.376386e-02
2 14 -1.381980e-02
5 24 -1.432586e-02
1 66 -1.464971e-02
1 67 -1.471942e-02
8 21 -1.484371e-02
11 43 -1.488299e-02
15 22 -1.509729e-02
44 67 -1.519771e-02
2 8 -1.559133e-02
48 67 -1.560943e-02
15 23 -1.564704e-02
16 47 -1.590356e-02
16 40 -1.642527e-02
1 60 -1.658999e-02
24 33 -1.688097e-02
23 27 -1.728250e-02
17 29 -1.738192e-02
5 23 -1.748325e-02
2 63 -1.781802e-02
20 39 -1.786532e-02
37 48 -1.805733e-02
4 28 -1.806587e-02
38 46 -1.815049e-02
1 12 -1.823866e-02
27 48 -1.924625e-02
28 54 -1.957543e-02
42 66 -1.985249e-02
31 65 -2.015192e-02
37 66 -2.036025e-02
19 52 -2.072856e-02
4 42 -2.104157e-02
38 66 -2.167189e-02
22 32 -2.193560e-02
32 58 -2.207323e-02
20 64 -2.208284e-02
40 48 -2.231691e-02
2 27 -2.244442e-02
14 42 -2.244572e-02
10 65 -2.256050e-02
37 59 -2.279368e-02
2 24 -2.306705e-02
30 36 -2.321753e-02
24 40 -2.325492e-02
28 66 -2.328809e-02
33 67 -2.355821e-02
9 22 -2.357666e-02
43 66 -2.378909e-02
4 44 -2.398548e-02
8 59 -2.437499e-02
14 34 -2.445602e-02
32 62 -2.447021e-02
27 44 -2.462632e-02
11 48 -2.468820e-02
39 57 -2.486907e-02
11 51 -2.496289e-02
19 40 -2.522067e-02
3 31 -2.545206e-02
10 66 -2.561972e-02
47 66 -2.603016e-02
41 51 -2.607963e-02
40 49 -2.642213e-02
9 16 -2.657969e-02
14 44 -2.663471e-02
25 56 -2.675123e-02
35 53 -2.743139e-02
12 24 -2.788671e-02
35 45 -2.801788e-02
4 25 -2.813457e-02
46 67 -2.822708e-02
47 52 -2.824541e-02
21 58 -2.826193e-02
21 52 -2.830561e-02
46 63 -2.848400e-02
29 54 -2.868661e-02
33 43 -2.879706e-02
4 27 -2.883779e-02
14 65 -2.898800e-02
13 37 -2.899100e-02
29 46 -2.903842e-02
33 58 -2.911113e-02
29 43 -2.993877e-02
7 66 -3.005462e-02
6 36 -3.034238e-02
5 56 -3.034761e-02
13 36 -3.042407e-02
42 59 -3.044225e-02
11 18 -3.083846e-02
1 35 -3.087754e-02
52 66 -3.088688e-02
3 30 -3.093081e-02
22 48 -3.098342e-02
39 50 -3.112757e-02
38 40 -3.118977e-02
18 25 -3.162828e-02
27 36 -3.202040e-02
21 40 -3.211547e-02
13 46 -3.247162e-02
22 54 -3.288627e-02
5 61 -3.301542e-02
3 14 -3.314286e-02
6 30 -3.315030e-02
39 66 -3.345420e-02
1 17 -3.353999e-02
13 49 -3.373524e-02
19 30 -3.383830e-02
17 25 -3.406619e-02
10 40 -3.481939e-02
14 28 -3.501527e-02
27 46 -3.563365e-02
27 35 -3.569411e-02
12 37 -3.625368e-02
30 44 -3.632024e-02
2 35 -3.668450e-02
1 15 -3.675347e-02
37 45 -3.681810e-02
8 23 -3.688093e-02
28 67 -3.688542e-02
15 41 -3.688647e-02
43 59 -3.692102e-02
2 61 -3.698575e-02
30 40 -3.711785e-02
42 60 -3.750210e-02
46 62 -3.782220e-02
38 54 -3.803878e-02
8 35 -3.808776e-02
45 66 -3.811884e-02
15 65 -3.813587e-02
21 30 -3.823874e-02
51 61 -3.829689e-02
11 47 -3.831674e-02
6 27 -3.869035e-02
10 18 -3.891517e-02
14 64 -3.895635e-02
16 61 -3.900080e-02
45 67 -3.901512e-02
24 67 -3.937789e-02
44 59 -3.938414e-02
2 58 -3.944324e-02
50 65 -3.971436e-02
30 67 -3.981159e-02
20 28 -3.998234e-02
16 43 -4.033603e-02
4 37 -4.055280e-02
3 67 -4.105694e-02
23 66 -4.124073e-02
47 63 -4.125690e-02
29 51 -4.142056e-02
6 21 -4.163018e-02
39 49 -4.165391e-02
6 32 -4.173854e-02
6 45 -4.181282e-02
46 64 -4.210350e-02
23 52 -4.218665e-02
32 44 -4.274805e-02
23 64 -4.309063e-02
11 14 -4.319425e-02
48 63 -4.346338e-02
21 63 -4.363866e-02
41 46 -4.382310e-02
13 44 -4.395103e-02
31 43 -4.403660e-02
4 32 -4.455810e-02
1 55 -4.469048e-02
2 45 -4.556668e-02
6 59 -4.571929e-02
7 63 -4.574243e-02
7 31 -4.596310e-02
50 63 -4.635208e-02
9 67 -4.639330e-02
3 19 -4.642014e-02
6 63 -4.654690e-02
37 38 -4.675140e-02
9 52 -4.687517e-02
6 66 -4.704813e-02
18 67 -4.722977e-02
1 41 -4.740949e-02
11 54 -4.741575e-02
36 42 -4.753919e-02
14 47 -4.779181e-02
10 51 -4.814821e-02
2 29 -4.836614e-02
1 64 -4.855744e-02
11 32 -4.864485e-02
31 63 -4.882608e-02
19 49 -4.918904e-02
10 17 -4.948967e-02
8 25 -4.983231e-02
9 61 -5.033654e-02
11 39 -5.048120e-02
37 49 -5.073464e-02
37 64 -5.084843e-02
32 42 -5.090627e-02
3 45 -5.091293e-02
38 67 -5.098970e-02
4 52 -5.108034e-02
40 62 -5.136086e-02
9 38 -5.165921e-02
19 41 -5.228191e-02
42 44 -5.237026e-02
3 39 -5.260633e-02
22 42 -5.285504e-02
20 60 -5.287050e-02
34 43 -5.291459e-02
1 6 -5.305735e-02
26 32 -5.324260e-02
38 51 -5.327989e-02
1 33 -5.341963e-02
13 66 -5.352014e-02
43 54 -5.357984e-02
32 40 -5.360790e-02
17 65 -5.361988e-02
19 48 -5.368236e-02
14 24 -5.389847e-02
3 48 -5.427961e-02
2 13 -5.446433e-02
17 38 -5.463821e-02
49 65 -5.483759e-02
9 46 -5.487482e-02
12 63 -5.535625e-02
5 9 -5.551422e-02
34 45 -5.568886e-02
25 45 -5.583154e-02
25 36 -5.583205e-02
26 46 -5.583422e-02
46 66 -5.612809e-02
1 57 -5.635224e-02
23 30 -5.647114e-02
2 38 -5.656009e-02
9 47 -5.679570e-02
9 66 -5.701468e-02
29 67 -5.748663e-02
23 37 -5.755053e-02
36 41 -5.755496e-02
50 62 -5.830887e-02
6 49 -5.863460e-02
2 46 -5.869858e-02
34 57 -5.872322e-02
9 35 -5.887335e-02
12 67 -5.892024e-02
37 65 -5.903567e-02
47 65 -5.935747e-02
14 67 -5.942122e-02
34 50 -5.944815e-02
1 11 -5.951519e-02
8 67 -6.011071e-02
30 42 -6.020981e-02
47 59 -6.024153e-02
4 46 -6.035225e-02
36 62 -6.058027e-02
25 54 -6.070136e-02
22 63 -6.076976e-02
12 64 -6.085542e-02
14 23 -6.110067e-02
19 67 -6.125230e-02
25 66 -6.187820e-02
34 66 -6.199858e-02
11 65 -6.214531e-02
8 39 -6.248443e-02
10 50 -6.254728e-02
9 28 -6.260282e-02
19 25 -6.272280e-02
27 66 -6.334388e-02
12 17 -6.345469e-02
31 67 -6.369231e-02
30 45 -6.385996e-02
49 61 -6.387159e-02
1 36 -6.435116e-02
8 63 -6.449361e-02
10 54 -6.454051e-02
2 67 -6.477394e-02
6 41 -6.491602e-02
15 57 -6.498306e-02
31 47 -6.504277e-02
8 26 -6.504997e-02
2 65 -6.555608e-02
34 55 -6.565849e-02
16 66 -6.567400e-02
5 26 -6.568523e-02
39 64 -6.654037e-02
44 57 -6.662963e-02
23 32 -6.666291e-02
26 49 -6.682661e-02
11 30 -6.725386e-02
2 42 -6.729062e-02
28 39 -6.746026e-02
12 31 -6.770975e-02
4 47 -6.776035e-02
11 20 -6.788466e-02
5 67 -6.830119e-02
18 53 -6.839367e-02
21 44 -6.844533e-02
43 67 -6.849258e-02
13 52 -6.858689e-02
33 66 -6.861670e-02
17 67 -6.885971e-02
5 66 -6.917878e-02
11 67 -6.950298e-02
42 63 -6.951022e-02
16 63 -6.956463e-02
48 61 -6.985289e-02
1 13 -7.009808e-02
35 67 -7.040077e-02
16 67 -7.075945e-02
21 51 -7.109840e-02
5 64 -7.111801e-02
30 34 -7.123697e-02
26 33 -7.123755e-02
13 48 -7.155411e-02
44 55 -7.180300e-02
1 43 -7.181541e-02
17 27 -7.192762e-02
35 66 -7.207497e-02
36 67 -7.221696e-02
19 34 -7.221987e-02
40 56 -7.230176e-02
4 48 -7.244151e-02
36 66 -7.254222e-02
4 33 -7.267104e-02
1 63 -7.268364e-02
24 66 -7.289650e-02
8 44 -7.296106e-02
36 63 -7.299030e-02
21 67 -7.320968e-02
9 58 -7.324443e-02
12 26 -7.338931e-02
42 51 -7.339176e-02
38 65 -7.345843e-02
41 62 -7.359952e-02
2 51 -7.363591e-02
40 66 -7.393641e-02
2 22 -7.405015e-02
1 56 -7.407551e-02
4 50 -7.409641e-02
10 30 -7.438954e-02
26 67 -7.443353e-02
41 63 -7.472899e-02
22 67 -7.498319e-02
8 43 -7.511520e-02
15 58 -7.515671e-02
23 49 -7.531141e-02
3 34 -7.545662e-02
6 60 -7.557747e-02
11 62 -7.608599e-02
11 53 -7.631201e-02
14 48 -7.643887e-02
24 45 -7.685929e-02
28 64 -7.696105e-02
11 36 -7.705175e-02
42 54 -7.719354e-02
41 59 -7.722069e-02
26 37 -7.737020e-02
39 59 -7.739046e-02
9 20 -7.751880e-02
13 34 -7.752462e-02
8 24 -7.755089e-02
2 64 -7.756317e-02
18 43 -7.757202e-02
3 41 -7.765246e-02
1 65 -7.777990e-02
16 64 -7.824799e-02
17 48 -7.838353e-02
33 39 -7.855459e-02
13 67 -7.864584e-02
26 50 -7.898348e-02
3 32 -7.900436e-02
5 8 -7.913792e-02
15 62 -7.942329e-02
14 60 -7.954076e-02
32 39 -7.984912e-02
24 52 -8.008446e-02
15 66 -8.016216e-02
5 44 -8.036218e-02
14 66 -8.040924e-02
15 67 -8.061940e-02
43 63 -8.097970e-02
12 65 -8.129667e-02
42 67 -8.131080e-02
14 49 -8.141431e-02
1 19 -8.142933e-02
8 52 -8.147620e-02
19 65 -8.158048e-02
29 58 -8.161309e-02
24 48 -8.174662e-02
32 45 -8.175189e-02
7 58 -8.178115e-02
21 66 -8.182656e-02
16 51 -8.182798e-02
33 61 -8.221285e-02
30 66 -8.238854e-02
23 45 -8.246069e-02
2 62 -8.261078e-02
43 56 -8.266712e-02
12 25 -8.271149e-02
3 59 -8.272427e-02
21 41 -8.285083e-02
20 52 -8.301917e-02
50 64 -8.308743e-02
2 36 -8.311814e-02
22 66 -8.332579e-02
19 51 -8.395656e-02
31 66 -8.405211e-02
34 47 -8.405915e-02
10 32 -8.430382e-02
6 7 -8.463792e-02
31 34 -8.466939e-02
16 46 -8.481521e-02
11 38 -8.517276e-02
21 59 -8.518816e-02
13 25 -8.558127e-02
31 46 -8.561635e-02
12 59 -8.563845e-02
4 12 -8.602257e-02
9 63 -8.606115e-02
41 65 -8.632144e-02
11 16 -8.651198e-02
10 47 -8.656496e-02
32 59 -8.659813e-02
45 57 -8.666612e-02
50 61 -8.780418e-02
9 21 -8.784267e-02
3 8 -8.799344e-02
14 45 -8.873997e-02
1 39 -8.875586e-02
1 25 -8.889257e-02
39 61 -8.941090e-02
37 40 -8.944796e-02
1 16 -8.948400e-02
31 64 -8.954886e-02
37 55 -8.961008e-02
15 52 -8.995500e-02
35 47 -9.005083e-02
15 64 -9.013450e-02
5 57 -9.020031e-02
32 53 -9.044286e-02
29 33 -9.111622e-02
26 48 -9.128531e-02
41 57 -9.167307e-02
5 54 -9.203098e-02
14 29 -9.216394e-02
35 49 -9.218529e-02
43 55 -9.228209e-02
12 29 -9.228813e-02
23 41 -9.241233e-02
6 67 -9.279705e-02
7 60 -9.331642e-02
3 60 -9.331946e-02
15 46 -9.335381e-02
33 45 -9.340444e-02
11 29 -9.341751e-02
5 36 -9.355540e-02
22 36 -9.362378e-02
11 49 -9.369717e-02
12 66 -9.379304e-02
31 60 -9.436451e-02
40 63 -9.445123e-02
32 35 -9.457433e-02
32 64 -9.477341e-02
40 61 -9.490832e-02
40 57 -9.498712e-02
20 45 -9.543817e-02
37 62 -9.550655e-02
8 40 -9.562175e-02
43 48 -9.625220e-02
26 42 -9.635301e-02
9 64 -9.644652e-02
26 44 -9.649017e-02
42 62 -9.651878e-02
11 59 -9.665708e-02
12 41 -9.666303e-02
17 46 -9.707622e-02
7 55 -9.717173e-02
28 46 -9.740525e-02
24 41 -9.742096e-02
39 51 -9.746116e-02
29 49 -9.746547e-02
10 13 -9.770294e-02
29 47 -9.771991e-02
35 37 -9.782172e-02
4 56 -9.821227e-02
11 64 -9.828127e-02
1 62 -9.888939e-02
32 60 -9.902937e-02
29 50 -9.930271e-02
9 13 -9.989365e-02
15 38 -9.996960e-02
8 22 -1.001309e-01
5 42 -1.001424e-01
27 50 -1.001469e-01
14 35 -1.002151e-01
20 58 -1.005300e-01
10 46 -1.006193e-01
5 37 -1.006244e-01
20 65 -1.010536e-01
2 34 -1.014361e-01
6 64 -1.016160e-01
38 53 -1.019345e-01
43 61 -1.023029e-01
5 25 -1.023660e-01
2 15 -1.025211e-01
44 62 -1.025512e-01
23 50 -1.027762e-01
41 47 -1.029270e-01
15 63 -1.029903e-01
13 64 -1.030785e-01
20 66 -1.030816e-01
10 25 -1.033730e-01
29 63 -1.041786e-01
42 55 -1.043344e-01
23 46 -1.044066e-01
37 52 -1.044142e-01
14 27 -1.044367e-01
11 61 -1.045215e-01
11 52 -1.047684e-01
16 37 -1.048490e-01
20 67 -1.049864e-01
4 8 -1.051249e-01
16 39 -1.052776e-01
5 48 -1.052847e-01
23 51 -1.057337e-01
26 66 -1.058222e-01
5 41 -1.061390e-01
21 48 -1.061403e-01
11 45 -1.061518e-01
1 14 -1.066232e-01
21 37 -1.068107e-01
39 63 -1.069931e-01
30 49 -1.071731e-01
32 47 -1.072637e-01
18 46 -1.077793e-01
4 51 -1.080472e-01
36 57 -1.080896e-01
41 60 -1.084234e-01
35 59 -1.084543e-01
24 34 -1.085061e-01
13 56 -1.085985e-01
22 55 -1.089440e-01
26 63 -1.093003e-01
25 33 -1.093948e-01
5 43 -1.093997e-01
42 52 -1.099015e-01
14 50 -1.099353e-01
35 61 -1.099421e-01
20 56 -1.099613e-01
1 38 -1.101114e-01
20 46 -1.105753e-01
29 37 -1.106426e-01
7 26 -1.113491e-01
35 50 -1.116519e-01
5 30 -1.122753e-01
30 61 -1.123506e-01
20 49 -1.124365e-01
38 45 -1.124388e-01
19 38 -1.124912e-01
4 40 -1.131399e-01
14 53 -1.133842e-01
28 48 -1.134388e-01
18 56 -1.134890e-01
38 59 -1.135859e-01
18 66 -1.137588e-01
1 54 -1.138872e-01
21 60 -1.139482e-01
12 42 -1.140566e-01
25 52 -1.141730e-01
10 26 -1.141912e-01
10 15 -1.147563e-01
37 46 -1.155394e-01
40 55 -1.157857e-01
17 61 -1.160091e-01
6 33 -1.161825e-01
47 61 -1.164769e-01
29 66 -1.165544e-01
19 57 -1.167703e-01
37 50 -1.169069e-01
18 41 -1.169252e-01
23 65 -1.170143e-01
32 65 -1.173927e-01
16 58 -1.175837e-01
33 44 -1.176509e-01
30 54 -1.179487e-01
39 55 -1.181306e-01
7 49 -1.183015e-01
38 64 -1.188695e-01
35 51 -1.190836e-01
5 60 -1.191160e-01
20 32 -1.191466e-01
33 53 -1.191740e-01
11 66 -1.195084e-01
22 64 -1.195789e-01
27 51 -1.198165e-01
17 41 -1.199001e-01
45 64 -1.203143e-01
8 15 -1.203815e-01
2 10 -1.205529e-01
5 10 -1.205895e-01
26 51 -1.206256e-01
32 63 -1.206527e-01
44 63 -1.207457e-01
22 46 -1.207485e-01
3 52 -1.207521e-01
24 55 -1.207763e-01
10 58 -1.207890e-01
12 45 -1.211718e-01
12 44 -1.212047e-01
19 63 -1.212698e-01
1 42 -1.213442e-01
2 40 -1.214530e-01
13 32 -1.216568e-01
3 61 -1.217101e-01
24 44 -1.218063e-01
8 49 -1.219747e-01
24 32 -1.222713e-01
32 52 -1.223291e-01
12 53 -1.223789e-01
19 47 -1.225401e-01
3 25 -1.226589e-01
32 49 -1.226823e-01
40 65 -1.226985e-01
33 59 -1.227056e-01
44 64 -1.231710e-01
40 64 -1.232982e-01
24 46 -1.233196e-01
16 33 -1.237939e-01
2 39 -1.238604e-01
26 61 -1.241579e-01
30 63 -1.242459e-01
33 51 -1.243320e-01
38 61 -1.245637e-01
44 58 -1.249977e-01
8 55 -1.260413e-01
31 57 -1.265708e-01
9 65 -1.265950e-01
17 45 -1.266281e-01
1 40 -1.266312e-01
21 25 -1.266543e-01
22 33 -1.268128e-01
9 62 -1.268960e-01
12 23 -1.273814e-01
20 44 -1.274239e-01
28 65 -1.274256e-01
23 63 -1.275579e-01
27 64 -1.276041e-01
15 32 -1.282118e-01
33 47 -1.283671e-01
5 65 -1.286232e-01
7 35 -1.289859e-01
42 65 -1.289979e-01
16 49 -1.290950e-01
17 66 -1.291190e-01
7 27 -1.295318e-01
38 55 -1.295984e-01
19 44 -1.300072e-01
2 54 -1.304834e-01
12 58 -1.305549e-01
2 57 -1.307240e-01
37 42 -1.307463e-01
10 49 -1.308274e-01
7 44 -1.312114e-01
42 64 -1.312472e-01
36 65 -1.316362e-01
47 60 -1.317349e-01
20 54 -1.317397e-01
6 61 -1.317805e-01
7 50 -1.319033e-01
12 49 -1.321952e-01
31 62 -1.323822e-01
7 15 -1.326055e-01
16 57 -1.326375e-01
13 57 -1.326962e-01
16 56 -1.328951e-01
12 19 -1.329066e-01
25 60 -1.331480e-01
15 59 -1.332270e-01
19 66 -1.334069e-01
23 39 -1.335604e-01
3 47 -1.339921e-01
39 65 -1.340666e-01
3 63 -1.343374e-01
36 61 -1.343819e-01
38 49 -1.346023e-01
35 52 -1.346303e-01
19 53 -1.347806e-01
2 47 -1.355894e-01
45 53 -1.360766e-01
10 22 -1.361766e-01
22 34 -1.362660e-01
38 60 -1.362750e-01
35 55 -1.366159e-01
31 32 -1.366736e-01
28 63 -1.369129e-01
33 63 -1.372879e-01
22 51 -1.376112e-01
5 62 -1.378333e-01
41 64 -1.381923e-01
40 60 -1.382888e-01
11 41 -1.384677e-01
14 41 -1.385019e-01
21 64 -1.385680e-01
17 49 -1.386488e-01
8 56 -1.389924e-01
30 33 -1.390027e-01
41 61 -1.392690e-01
45 65 -1.393194e-01
6 37 -1.394450e-01
47 62 -1.395335e-01
31 45 -1.396228e-01
39 47 -1.397277e-01
14 62 -1.398119e-01
18 63 -1.403469e-01
5 49 -1.406766e-01
24 64 -1.407328e-01
12 43 -1.407743e-01
43 65 -1.412772e-01
45 63 -1.414655e-01
11 37 -1.417500e-01
47 64 -1.419838e-01
8 48 -1.420682e-01
20 62 -1.425520e-01
40 52 -1.425575e-01
6 43 -1.427672e-01
22 62 -1.430440e-01
17 58 -1.434847e-01
13 33 -1.435016e-01
36 64 -1.435969e-01
18 47 -1.437129e-01
41 54 -1.438861e-01
14 63 -1.441437e-01
3 64 -1.447292e-01
13 58 -1.448019e-01
15 54 -1.448102e-01
16 50 -1.453582e-01
13 65 -1.457642e-01
20 50 -1.459722e-01
29 55 -1.460262e-01
31 36 -1.461399e-01
13 51 -1.462151e-01
27 58 -1.463825e-01
25 64 -1.464212e-01
10 62 -1.464249e-01
5 63 -1.466188e-01
35 63 -1.466460e-01
17 63 -1.468155e-01
23 54 -1.468463e-01
38 52 -1.469731e-01
22 53 -1.470683e-01
8 36 -1.470746e-01
3 57 -1.471974e-01
45 60 -1.473780e-01
5 53 -1.475035e-01
24 63 -1.483665e-01
41 56 -1.484641e-01
18 60 -1.484732e-01
21 65 -1.492592e-01
41 55 -1.493996e-01
14 46 -1.497107e-01
5 58 -1.497573e-01
7 59 -1.497579e-01
10 21 -1.499398e-01
44 60 -1.501611e-01
5 55 -1.503962e-01
43 52 -1.504522e-01
10 14 -1.505493e-01
20 63 -1.508521e-01
12 61 -1.508777e-01
10 59 -1.513730e-01
1 50 -1.514339e-01
27 52 -1.515326e-01
8 28 -1.516024e-01
23 44 -1.518588e-01
31 48 -1.519200e-01
38 62 -1.520877e-01
24 65 -1.523130e-01
44 65 -1.523360e-01
10 36 -1.523827e-01
35 48 -1.530391e-01
34 58 -1.531407e-01
1 26 -1.532763e-01
3 65 -1.532841e-01
16 54 -1.536160e-01
4 57 -1.540694e-01
14 33 -1.544474e-01
1 22 -1.555249e-01
6 62 -1.556637e-01
31 56 -1.560368e-01
8 47 -1.566356e-01
17 51 -1.571602e-01
8 50 -1.573783e-01
31 52 -1.575613e-01
1 23 -1.579095e-01
31 59 -1.579355e-01
10 20 -1.580369e-01
32 61 -1.580498e-01
42 61 -1.580849e-01
5 46 -1.580886e-01
31 61 -1.581327e-01
27 63 -1.581583e-01
3 51 -1.586957e-01
24 58 -1.588061e-01
3 21 -1.588211e-01
22 50 -1.590626e-01
43 60 -1.592192e-01
6 52 -1.592758e-01
24 51 -1.595115e-01
13 47 -1.596155e-01
4 53 -1.597184e-01
43 62 -1.597434e-01
23 48 -1.597552e-01
7 51 -1.599217e-01
28 58 -1.606097e-01
3 10 -1.607499e-01
19 50 -1.609475e-01
19 33 -1.623654e-01
22 65 -1.624446e-01
16 62 -1.625072e-01
15 60 -1.625217e-01
15 50 -1.631221e-01
17 64 -1.631405e-01
26 45 -1.633156e-01
13 45 -1.635015e-01
17 50 -1.636246e-01
28 49 -1.638564e-01
21 55 -1.639747e-01
40 58 -1.639889e-01
34 61 -1.641777e-01
14 51 -1.642827e-01
11 60 -1.643050e-01
11 57 -1.643847e-01
8 46 -1.643916e-01
43 58 -1.646077e-01
1 21 -1.646443e-01
42 56 -1.646477e-01
2 50 -1.646611e-01
3 37 -1.651073e-01
34 54 -1.652082e-01
15 53 -1.653370e-01
30 57 -1.653977e-01
25 37 -1.654718e-01
21 54 -1.656804e-01
2 56 -1.662066e-01
39 48 -1.665834e-01
25 58 -1.670582e-01
3 50 -1.673001e-01
26 40 -1.674421e-01
25 63 -1.674813e-01
44 52 -1.675842e-01
27 65 -1.678649e-01
35 62 -1.679517e-01
4 54 -1.682008e-01
19 46 -1.688502e-01
42 58 -1.691218e-01
43 53 -1.692115e-01
28 60 -1.692331e-01
23 59 -1.692704e-01
9 10 -1.693869e-01
6 55 -1.705804e-01
29 61 -1.707970e-01
43 64 -1.708755e-01
31 58 -1.709983e-01
24 61 -1.716099e-01
1 49 -1.716297e-01
10 31 -1.718693e-01
1 52 -1.719296e-01
18 65 -1.719773e-01
13 54 -1.725930e-01
31 37 -1.728675e-01
23 62 -1.731404e-01
21 62 -1.734988e-01
13 61 -1.740881e-01
7 24 -1.746348e-01
40 47 -1.746770e-01
20 51 -1.747821e-01
35 65 -1.751714e-01
24 47 -1.752935e-01
28 61 -1.763190e-01
20 34 -1.768143e-01
14 43 -1.768678e-01
37 43 -1.771663e-01
9 48 -1.776016e-01
25 65 -1.776850e-01
38 57 -1.781836e-01
20 47 -1.783522e-01
28 50 -1.783591e-01
4 55 -1.793399e-01
4 34 -1.794680e-01
5 52 -1.795929e-01
29 65 -1.798789e-01
15 34 -1.801949e-01
13 62 -1.802043e-01
26 57 -1.805467e-01
6 58 -1.808802e-01
15 33 -1.821969e-01
32 51 -1.824151e-01
28 59 -1.826035e-01
13 59 -1.827886e-01
41 48 -1.828864e-01
42 57 -1.829652e-01
10 16 -1.833569e-01
4 49 -1.835207e-01
18 52 -1.841723e-01
27 47 -1.841936e-01
38 63 -1.842534e-01
34 51 -1.843556e-01
18 54 -1.847143e-01
30 46 -1.847701e-01
14 59 -1.850667e-01
20 53 -1.854353e-01
15 55 -1.858725e-01
22 59 -1.858930e-01
28 51 -1.865634e-01
45 61 -1.866593e-01
1 48 -1.867313e-01
27 59 -1.868691e-01
30 62 -1.872730e-01
7 53 -1.873013e-01
15 51 -1.874380e-01
29 64 -1.875019e-01
29 52 -1.875846e-01
3 54 -1.876843e-01
37 53 -1.878931e-01
16 53 -1.880750e-01
22 58 -1.888825e-01
15 37 -1.890279e-01
29 34 -1.894495e-01
25 53 -1.895915e-01
20 57 -1.898271e-01
21 34 -1.900392e-01
18 50 -1.904093e-01
26 53 -1.910001e-01
11 50 -1.912507e-01
40 59 -1.914799e-01
29 57 -1.919695e-01
9 49 -1.927447e-01
26 65 -1.929677e-01
14 52 -1.942652e-01
12 46 -1.945251e-01
22 44 -1.946668e-01
13 60 -1.947858e-01
29 53 -1.953275e-01
16 55 -1.955820e-01
41 53 -1.956271e-01
12 51 -1.963080e-01
23 60 -1.971740e-01
7 46 -1.979957e-01
4 62 -1.981731e-01
39 56 -1.988417e-01
4 63 -1.988721e-01
10 48 -1.989363e-01
30 65 -1.991470e-01
3 62 -1.992702e-01
20 59 -1.993110e-01
31 54 -2.000572e-01
22 60 -2.000787e-01
35 60 -2.002334e-01
37 47 -2.002402e-01
7 21 -2.002616e-01
19 61 -2.003604e-01
33 64 -2.007088e-01
2 55 -2.014239e-01
6 51 -2.015772e-01
35 64 -2.017905e-01
25 59 -2.023849e-01
2 7 -2.025569e-01
29 60 -2.025856e-01
35 46 -2.026067e-01
15 61 -2.030218e-01
33 60 -2.033881e-01
20 37 -2.034841e-01
8 53 -2.035303e-01
13 63 -2.037573e-01
25 55 -2.039481e-01
10 28 -2.049466e-01
22 61 -2.050314e-01
2 48 -2.052288e-01
9 60 -2.052335e-01
34 65 -2.065921e-01
17 59 -2.066235e-01
33 46 -2.068881e-01
30 59 -2.070100e-01
23 61 -2.071443e-01
28 53 -2.076532e-01
39 54 -2.078281e-01
24 62 -2.087086e-01
17 37 -2.090739e-01
34 60 -2.090800e-01
15 49 -2.091069e-01
2 53 -2.104688e-01
10 23 -2.104723e-01
27 61 -2.111433e-01
33 56 -2.114610e-01
19 62 -2.117654e-01
39 46 -2.121582e-01
8 20 -2.124085e-01
5 59 -2.126471e-01
7 39 -2.128672e-01
31 51 -2.132400e-01
5 40 -2.133086e-01
26 64 -2.137814e-01
9 33 -2.140097e-01
38 58 -2.149134e-01
22 56 -2.149253e-01
11 33 -2.149927e-01
31 55 -2.155583e-01
25 57 -2.157842e-01
24 54 -2.164588e-01
31 49 -2.176370e-01
12 56 -2.181426e-01
3 58 -2.185830e-01
39 60 -2.189024e-01
4 58 -2.196248e-01
18 62 -2.196351e-01
27 62 -2.197621e-01
18 64 -2.197921e-01
33 49 -2.198697e-01
17 60 -2.199632e-01
34 49 -2.205730e-01
45 62 -2.206279e-01
24 50 -2.207078e-01
10 35 -2.208178e-01
14 55 -2.208491e-01
10 56 -2.209807e-01
35 58 -2.210066e-01
16 41 -2.215361e-01
10 27 -2.216382e-01
10 29 -2.218987e-01
23 43 -2.225278e-01
21 53 -2.226651e-01
31 50 -2.227533e-01
9 54 -2.228342e-01
17 62 -2.231716e-01
10 19 -2.233744e-01
33 52 -2.235905e-01
5 51 -2.236001e-01
6 54 -2.241410e-01
6 50 -2.242275e-01
7 40 -2.243798e-01
10 42 -2.248027e-01
28 62 -2.248370e-01
30 64 -2.253646e-01
10 43 -2.254549e-01
34 63 -2.256491e-01
24 57 -2.259349e-01
31 53 -2.262944e-01
12 57 -2.263581e-01
6 48 -2.264016e-01
15 47 -2.267371e-01
19 64 -2.267736e-01
42 49 -2.277582e-01
2 49 -2.278828e-01
21 47 -2.283537e-01
28 52 -2.285631e-01
16 59 -2.286997e-01
4 61 -2.292249e-01
27 60 -2.295304e-01
33 50 -2.295804e-01
28 37 -2.298594e-01
28 57 -2.305043e-01
16 60 -2.305701e-01
12 54 -2.307097e-01
22 45 -2.313963e-01
38 56 -2.315357e-01
30 56 -2.318454e-01
9 51 -2.318849e-01
27 54 -2.324493e-01
30 58 -2.324516e-01
26 60 -2.324821e-01
11 55 -2.325699e-01
35 57 -2.325750e-01
8 10 -2.331826e-01
9 57 -2.338467e-01
23 53 -2.344359e-01
5 47 -2.358164e-01
24 56 -2.358810e-01
7 54 -2.359079e-01
34 52 -2.361392e-01
22 37 -2.367402e-01
6 34 -2.373864e-01
23 56 -2.374656e-01
17 56 -2.383254e-01
33 54 -2.384041e-01
14 57 -2.385228e-01
21 56 -2.385438e-01
23 34 -2.386866e-01
7 38 -2.387000e-01
14 25 -2.390133e-01
20 61 -2.392106e-01
22 57 -2.393219e-01
4 59 -2.394591e-01
36 59 -2.396835e-01
3 55 -2.404004e-01
32 56 -2.410504e-01
19 60 -2.419439e-01
30 52 -2.420195e-01
13 55 -2.421389e-01
36 47 -2.429066e-01
4 65 -2.429686e-01
33 65 -2.440416e-01
9 59 -2.441205e-01
34 59 -2.441966e-01
19 54 -2.444792e-01
3 53 -2.451967e-01
7 36 -2.467503e-01
7 47 -2.468761e-01
4 60 -2.472048e-01
26 62 -2.472631e-01
10 39 -2.483062e-01
25 61 -2.488323e-01
9 55 -2.510844e-01
30 37 -2.511670e-01
25 62 -2.512293e-01
9 53 -2.512297e-01
18 61 -2.514366e-01
17 57 -2.518525e-01
34 64 -2.523583e-01
14 56 -2.524834e-01
7 20 -2.536466e-01
35 54 -2.544622e-01
30 60 -2.551436e-01
14 58 -2.560881e-01
41 58 -2.560934e-01
26 59 -2.561350e-01
36 60 -2.565506e-01
21 61 -2.568572e-01
33 62 -2.571097e-01
10 24 -2.573138e-01
24 60 -2.581029e-01
12 47 -2.596161e-01
5 50 -2.596872e-01
33 48 -2.620054e-01
17 55 -2.621609e-01
36 55 -2.624376e-01
41 52 -2.636556e-01
29 59 -2.639927e-01
18 55 -2.642412e-01
37 44 -2.645949e-01
28 34 -2.651278e-01
20 55 -2.652936e-01
29 56 -2.657118e-01
12 52 -2.661895e-01
36 50 -2.669783e-01
10 44 -2.675171e-01
34 42 -2.684049e-01
23 58 -2.690149e-01
21 57 -2.697559e-01
26 54 -2.702886e-01
27 56 -2.705901e-01
23 55 -2.712905e-01
38 50 -2.713766e-01
29 62 -2.716629e-01
27 55 -2.726853e-01
7 16 -2.730033e-01
43 57 -2.743378e-01
28 56 -2.752477e-01
36 51 -2.755163e-01
30 55 -2.760049e-01
18 58 -2.761535e-01
35 56 -2.764794e-01
7 29 -2.779440e-01
42 53 -2.779508e-01
36 58 -2.786047e-01
7 28 -2.793924e-01
34 62 -2.805052e-01
7 25 -2.824365e-01
32 48 -2.863034e-01
7 48 -2.869981e-01
19 37 -2.879299e-01
24 53 -2.883101e-01
30 51 -2.896905e-01
10 45 -2.898599e-01
32 50 -2.907448e-01
18 59 -2.910205e-01
30 48 -2.913971e-01
12 48 -2.915394e-01
9 56 -2.916535e-01
9 37 -2.924505e-01
3 56 -2.934985e-01
34 48 -2.941473e-01
6 53 -2.951565e-01
8 37 -2.959350e-01
18 57 -2.969622e-01
14 37 -2.980067e-01
7 18 -3.004368e-01
26 55 -3.012675e-01
19 58 -3.012679e-01
19 55 -3.016700e-01
4 64 -3.024389e-01
26 58 -3.033097e-01
4 7 -3.054782e-01
36 54 -3.067342e-01
33 57 -3.069939e-01
33 41 -3.070710e-01
16 34 -3.101701e-01
6 57 -3.106242e-01
17 34 -3.131461e-01
13 50 -3.204157e-01
17 54 -3.214556e-01
30 53 -3.224523e-01
32 54 -3.224982e-01
2 52 -3.270714e-01
27 57 -3.279263e-01
32 57 -3.311346e-01
36 56 -3.420608e-01
12 50 -3.426943e-01
32 55 -3.491041e-01
13 53 -3.520293e-01
34 56 -3.534486e-01
7 42 -3.573286e-01
7 43 -3.657449e-01
19 56 -3.677546e-01
19 59 -3.720729e-01
7 45 -3.763748e-01
23 57 -3.800536e-01
40 53 -3.996170e-01
27 53 -4.115501e-01
26 56 -4.486783e-01
