10,37,0.580195
33,34,0.555134
32,41,0.416652
33,37,0.379211
7,10,0.286164
47,50,0.265379
27,28,0.260994
7,8,0.248240
1,2,0.243673
7,34,0.239430
10,12,0.233882
7,37,0.232200
30,41,0.223594
53,55,0.214157
34,37,0.197043
34,36,0.194094
46,47,0.193427
5,31,0.190064
25,26,0.181966
8,9,0.171106
6,13,0.171040
55,56,0.168098
17,19,0.156412
10,33,0.153644
23,42,0.152818
2,3,0.150034
5,14,0.148671
53,57,0.146292
10,34,0.143551
60,62,0.143177
61,62,0.142926
56,58,0.142483
55,58,0.142369
32,34,0.141981
34,41,0.140605
9,19,0.140188
46,48,0.140132
7,14,0.136874
30,32,0.135699
49,50,0.133768
48,50,0.133609
15,16,0.132818
7,12,0.132261
60,61,0.131972
4,6,0.131247
7,32,0.131214
53,54,0.130883
12,36,0.129724
52,53,0.129274
64,65,0.128774
38,42,0.128267
29,30,0.125724
8,14,0.124244
58,59,0.123916
17,18,0.123681
26,27,0.123591
25,30,0.123224
48,49,0.122208
23,25,0.121783
23,38,0.120787
57,60,0.120044
52,57,0.117975
15,17,0.117840
56,60,0.116404
22,26,0.116297
54,55,0.115025
28,30,0.114897
57,58,0.114845
54,56,0.114831
44,45,0.114678
63,65,0.114654
59,60,0.111951
61,63,0.111661
55,59,0.111640
9,40,0.110416
16,23,0.109352
14,20,0.108260
25,41,0.108232
62,64,0.107157
38,39,0.105342
29,40,0.104556
27,29,0.104102
9,50,0.103410
60,65,0.102397
11,56,0.102314
3,4,0.102207
32,33,0.101912
57,59,0.101892
53,56,0.101706
35,36,0.101567
20,35,0.099706
50,54,0.099554
56,57,0.099046
55,57,0.099021
60,64,0.098794
7,9,0.098779
59,62,0.098761
56,59,0.098225
62,63,0.098180
22,31,0.097615
22,24,0.097245
50,53,0.097102
51,56,0.096502
21,31,0.096474
21,23,0.096276
50,51,0.096203
16,19,0.096133
61,64,0.095996
50,52,0.095225
2,4,0.095059
5,7,0.095016
59,61,0.094149
1,3,0.093946
48,51,0.093301
62,65,0.093279
32,43,0.093278
24,27,0.092941
17,24,0.092720
47,48,0.092694
33,38,0.092202
39,42,0.092185
58,62,0.092155
63,64,0.091944
42,43,0.091298
4,13,0.091228
59,64,0.090815
12,34,0.090283
47,57,0.089958
35,39,0.089584
57,64,0.088687
57,62,0.088250
54,57,0.087988
56,62,0.087379
12,13,0.086965
6,42,0.086848
47,54,0.086651
31,40,0.086361
15,18,0.086246
20,31,0.085866
56,61,0.085716
60,63,0.085288
47,49,0.084051
21,36,0.083949
15,19,0.083714
54,58,0.083288
19,23,0.083271
52,62,0.082778
16,17,0.082675
1,10,0.082639
36,39,0.082531
14,19,0.081955
19,20,0.081637
55,60,0.081524
61,65,0.081385
58,60,0.081329
14,30,0.081264
26,28,0.081097
51,57,0.080938
39,40,0.080886
46,50,0.080859
24,28,0.080517
48,53,0.079946
7,11,0.079938
14,15,0.079277
12,39,0.078578
52,55,0.078202
51,55,0.078163
19,22,0.077965
46,49,0.077794
26,30,0.076710
59,63,0.076629
5,18,0.076426
4,5,0.076167
13,29,0.076167
54,59,0.076157
44,48,0.076003
18,42,0.075941
40,43,0.075625
3,5,0.075572
18,19,0.075140
22,23,0.075081
13,30,0.074985
49,51,0.074771
22,29,0.074738
17,35,0.074720
14,16,0.074524
13,24,0.074291
36,49,0.074186
23,36,0.074108
12,14,0.073498
16,24,0.073360
15,26,0.073348
6,20,0.073223
34,35,0.073186
25,31,0.073016
36,43,0.073000
14,17,0.072671
8,11,0.071756
45,48,0.071553
59,65,0.071067
12,33,0.070960
57,65,0.070882
6,11,0.070013
49,54,0.068939
19,27,0.068751
16,18,0.068505
13,21,0.068152
20,38,0.067654
35,40,0.067299
30,31,0.067220
21,39,0.067094
43,51,0.067047
22,25,0.066902
18,20,0.066703
55,64,0.066302
24,26,0.065900
21,22,0.065792
19,29,0.065084
6,22,0.064516
11,13,0.064474
13,28,0.064192
13,14,0.064114
14,32,0.064077
9,36,0.063684
47,53,0.063195
16,22,0.062909
28,36,0.062891
48,52,0.062652
2,32,0.062651
66,67,0.062525
8,30,0.061880
35,42,0.061847
43,45,0.061722
12,20,0.060986
6,12,0.060886
1,7,0.060716
24,29,0.060687
28,29,0.060410
4,20,0.060271
29,31,0.060235
56,63,0.060224
3,43,0.059986
56,65,0.059909
5,19,0.059740
46,54,0.059572
4,17,0.059277
3,20,0.059160
22,30,0.059003
36,38,0.058838
52,54,0.058796
9,26,0.058692
53,61,0.058470
51,54,0.058281
13,27,0.058141
13,15,0.058134
58,64,0.057997
23,29,0.057982
18,23,0.057546
15,45,0.057388
51,58,0.057200
51,53,0.057034
5,16,0.056944
15,21,0.056805
45,46,0.056786
50,55,0.056357
43,49,0.056331
61,66,0.056153
36,44,0.056028
63,66,0.055900
4,14,0.055829
18,24,0.055818
40,45,0.055377
10,57,0.055084
36,53,0.055021
17,33,0.054590
4,31,0.054418
23,28,0.054377
55,61,0.054300
51,52,0.054023
43,46,0.053861
25,47,0.053684
3,33,0.053613
4,43,0.053593
24,42,0.053550
7,22,0.053489
44,53,0.053405
53,62,0.053378
48,56,0.052986
4,35,0.052709
21,35,0.052627
21,38,0.052626
22,28,0.052402
17,40,0.052163
5,12,0.052148
40,42,0.052117
24,25,0.051795
46,51,0.051721
52,56,0.051713
54,60,0.051526
24,43,0.051388
5,33,0.051379
9,24,0.051370
8,31,0.050831
25,46,0.050808
58,63,0.050686
27,45,0.050682
19,28,0.050660
20,21,0.050475
35,41,0.050369
45,56,0.050282
28,47,0.050044
44,56,0.049642
49,52,0.049078
44,51,0.049018
16,20,0.049014
48,59,0.048895
29,35,0.048576
25,50,0.048320
8,27,0.048248
21,24,0.048190
46,57,0.047999
47,51,0.047935
26,39,0.047782
9,23,0.047779
54,61,0.047638
30,47,0.047617
57,61,0.047515
30,38,0.047384
52,60,0.046943
3,6,0.046934
36,40,0.046818
40,50,0.046800
15,43,0.046695
62,66,0.046614
57,63,0.046534
11,19,0.046194
17,52,0.045998
21,33,0.045643
20,29,0.045540
1,18,0.045467
20,26,0.045305
65,66,0.045287
4,9,0.045077
25,38,0.044968
18,33,0.044891
10,11,0.044794
34,38,0.044662
56,64,0.044502
64,66,0.044339
23,26,0.044241
53,58,0.044189
19,31,0.044146
45,47,0.044091
3,23,0.043987
4,15,0.043921
39,53,0.043676
6,15,0.043621
11,22,0.043414
33,35,0.043322
5,6,0.043291
23,40,0.043278
12,35,0.043028
21,27,0.043016
53,59,0.042872
35,38,0.042705
8,41,0.042693
28,40,0.042688
18,27,0.042528
41,44,0.041981
16,52,0.041972
58,61,0.041880
45,49,0.041765
7,41,0.041752
45,50,0.041688
43,44,0.041480
16,35,0.041470
27,37,0.041320
19,26,0.041307
6,38,0.040977
58,65,0.040956
12,32,0.040876
19,24,0.040850
49,55,0.040817
2,9,0.040751
25,49,0.040716
27,33,0.040651
28,35,0.040420
62,67,0.040191
25,44,0.040157
1,8,0.040095
15,20,0.040049
29,48,0.039779
13,16,0.039723
39,43,0.039710
2,31,0.039622
19,39,0.039504
38,43,0.039369
5,22,0.039307
20,27,0.039186
3,42,0.039120
14,21,0.039092
8,32,0.038966
23,24,0.038860
53,64,0.038853
15,39,0.038799
43,50,0.038732
17,53,0.038700
53,63,0.038479
11,21,0.038403
48,55,0.038320
24,35,0.038179
4,19,0.037974
41,50,0.037941
11,25,0.037726
41,42,0.037653
53,66,0.037390
54,64,0.036945
4,10,0.036699
12,55,0.036690
4,29,0.036356
22,49,0.036262
55,65,0.036075
5,34,0.036048
21,28,0.035998
12,38,0.035888
7,67,0.035748
9,30,0.035405
6,29,0.035397
4,11,0.035199
14,54,0.034972
26,47,0.034951
28,38,0.034861
24,36,0.034861
49,62,0.034860
2,26,0.034785
21,42,0.034727
12,15,0.034647
48,54,0.034627
24,31,0.034562
5,17,0.034519
50,58,0.034518
61,67,0.034165
12,21,0.034033
5,15,0.034015
2,30,0.033874
3,16,0.033617
10,61,0.033577
25,43,0.033463
24,39,0.033108
10,60,0.033045
4,16,0.033012
3,28,0.032991
5,35,0.032928
5,13,0.032866
36,37,0.032667
30,39,0.032498
46,61,0.032497
40,46,0.032275
9,15,0.032213
54,65,0.032162
17,39,0.032043
27,43,0.031886
63,67,0.031868
29,42,0.031841
54,62,0.031791
11,17,0.031735
41,67,0.031589
14,18,0.031519
65,67,0.031453
57,66,0.031349
3,29,0.031070
53,60,0.030870
18,21,0.030844
45,59,0.030686
8,19,0.030639
60,66,0.030611
51,59,0.030563
15,25,0.030477
22,41,0.030337
13,20,0.030136
3,9,0.030056
46,56,0.030011
1,9,0.029991
31,33,0.029894
1,45,0.029745
2,16,0.029714
13,42,0.029696
12,40,0.029684
20,23,0.029658
23,31,0.029503
12,18,0.029237
34,44,0.029120
8,29,0.029078
49,57,0.029057
9,44,0.028963
52,61,0.028893
8,34,0.028718
25,28,0.028711
48,58,0.028575
18,45,0.028443
5,11,0.028437
6,31,0.028403
26,41,0.028347
28,42,0.028323
30,50,0.028256
52,63,0.028223
5,20,0.028202
13,35,0.027820
17,23,0.027784
54,63,0.027711
11,24,0.027470
13,31,0.027398
37,67,0.027333
49,56,0.027299
2,28,0.027262
20,40,0.027257
14,40,0.027197
11,34,0.027129
16,25,0.027050
53,65,0.027028
55,63,0.026792
6,46,0.026613
52,65,0.026497
3,22,0.026393
4,36,0.026321
20,48,0.026198
18,31,0.026087
5,39,0.026082
3,40,0.025959
20,24,0.025931
32,67,0.025877
51,63,0.025824
18,44,0.025809
33,36,0.025747
42,47,0.025649
11,27,0.025545
52,59,0.025480
32,37,0.025464
15,31,0.025183
21,43,0.025153
10,67,0.025138
5,29,0.025106
37,58,0.025085
44,50,0.025084
11,58,0.025073
21,26,0.024943
15,42,0.024905
22,27,0.024839
7,13,0.024816
19,21,0.024812
64,67,0.024658
3,13,0.024447
45,52,0.024446
38,48,0.024445
11,28,0.024374
9,18,0.024278
20,30,0.024233
39,44,0.024194
59,67,0.023875
17,47,0.023802
13,43,0.023473
49,58,0.023450
41,43,0.023199
5,38,0.023126
7,66,0.023110
11,44,0.022935
18,35,0.022868
4,21,0.022823
31,44,0.022725
27,49,0.022710
8,42,0.022709
46,52,0.022603
51,60,0.022574
3,44,0.022433
3,46,0.022374
32,62,0.022314
45,54,0.022132
37,41,0.022078
8,51,0.021891
13,39,0.021783
7,61,0.021774
15,30,0.021701
6,8,0.021635
1,37,0.021558
11,26,0.021441
36,52,0.021381
55,62,0.021353
3,15,0.021347
1,5,0.021195
31,42,0.021157
2,6,0.020924
5,32,0.020906
58,66,0.020883
55,67,0.020776
14,22,0.020672
6,16,0.020641
46,59,0.020639
45,58,0.020443
37,61,0.020309
25,27,0.020303
4,24,0.020231
9,17,0.020223
48,60,0.019983
1,4,0.019846
28,55,0.019786
39,45,0.019734
9,14,0.019694
9,34,0.019666
23,33,0.019629
22,43,0.019606
2,11,0.019568
3,24,0.019152
46,53,0.019121
8,33,0.019105
60,67,0.019077
51,65,0.018774
2,14,0.018770
25,40,0.018745
51,64,0.018682
45,55,0.018648
41,49,0.018564
16,21,0.018560
32,66,0.018383
25,29,0.018242
24,30,0.017853
2,37,0.017846
52,64,0.017786
16,31,0.017778
47,55,0.017653
28,54,0.017525
7,19,0.017488
20,36,0.017390
25,42,0.017108
44,46,0.016961
4,22,0.016920
6,26,0.016816
53,67,0.016792
33,42,0.016788
25,51,0.016628
7,23,0.016613
2,44,0.016522
50,57,0.016506
9,29,0.016486
8,16,0.016474
33,39,0.016203
1,59,0.016140
42,48,0.016139
26,52,0.016107
17,22,0.016099
9,31,0.015734
18,29,0.015583
46,62,0.015577
18,51,0.015477
25,39,0.015437
26,38,0.015315
13,40,0.015218
12,16,0.015213
27,67,0.015202
4,23,0.015148
9,42,0.015085
47,66,0.015084
23,35,0.015081
20,42,0.015074
49,60,0.015059
10,66,0.015045
8,17,0.014917
1,32,0.014812
8,12,0.014785
6,10,0.014718
1,51,0.014692
47,56,0.014663
37,66,0.014572
27,46,0.014572
50,60,0.014454
56,67,0.014296
4,26,0.014275
2,20,0.014253
35,43,0.014227
19,43,0.014088
46,60,0.014016
15,40,0.013976
33,55,0.013918
32,38,0.013872
59,66,0.013849
8,13,0.013712
16,42,0.013668
52,58,0.013655
14,31,0.013454
6,47,0.013387
37,51,0.013296
9,27,0.013261
48,62,0.013259
36,45,0.013246
3,49,0.013231
20,25,0.013225
1,31,0.013219
50,56,0.013192
46,65,0.013182
10,41,0.013154
30,35,0.013114
44,66,0.013005
12,27,0.012998
16,29,0.012979
18,48,0.012922
15,29,0.012880
13,18,0.012857
41,45,0.012788
52,67,0.012761
12,22,0.012525
1,34,0.012491
22,40,0.012475
1,20,0.012422
5,21,0.012353
9,45,0.012342
40,41,0.012338
18,22,0.012337
47,63,0.012321
3,35,0.012260
43,47,0.012227
16,47,0.012201
21,32,0.011989
33,40,0.011893
26,36,0.011819
48,66,0.011612
58,67,0.011514
34,45,0.011466
7,56,0.011461
34,39,0.011447
25,35,0.011400
17,28,0.011360
47,67,0.011323
25,32,0.011109
20,33,0.011102
17,21,0.011053
11,35,0.011008
15,24,0.010968
2,5,0.010940
39,58,0.010925
48,57,0.010859
27,34,0.010798
57,67,0.010778
49,64,0.010633
37,56,0.010617
42,45,0.010566
10,53,0.010467
7,30,0.010404
18,28,0.010317
9,46,0.010290
17,26,0.010233
47,58,0.010175
6,18,0.010125
49,59,0.009981
2,43,0.009909
16,40,0.009855
56,66,0.009811
14,38,0.009732
17,36,0.009709
50,59,0.009637
44,49,0.009531
26,43,0.009388
20,43,0.009355
1,12,0.009326
29,45,0.009233
16,30,0.009211
10,55,0.009023
18,30,0.008936
14,26,0.008885
54,66,0.008812
20,39,0.008776
36,48,0.008689
47,65,0.008674
21,29,0.008627
17,44,0.008475
2,17,0.008398
19,45,0.008304
41,51,0.008113
2,18,0.008039
44,47,0.007997
37,63,0.007959
32,58,0.007940
49,53,0.007928
29,54,0.007927
3,17,0.007912
45,51,0.007818
14,42,0.007808
29,39,0.007780
6,24,0.007759
38,47,0.007700
2,66,0.007696
6,14,0.007625
23,67,0.007471
22,52,0.007305
8,58,0.007143
10,54,0.007067
42,50,0.006974
24,59,0.006929
9,39,0.006917
35,53,0.006868
11,31,0.006840
18,49,0.006808
33,43,0.006748
6,65,0.006695
3,27,0.006579
49,63,0.006568
11,48,0.006439
18,39,0.006408
19,42,0.006276
29,32,0.006255
26,35,0.006255
27,31,0.006105
46,63,0.005999
4,39,0.005857
11,54,0.005804
26,29,0.005733
9,41,0.005619
37,39,0.005609
49,67,0.005590
2,23,0.005546
2,59,0.005506
7,65,0.005413
19,49,0.005405
27,39,0.005342
8,21,0.005304
44,54,0.005069
31,39,0.004925
1,67,0.004911
4,18,0.004749
24,38,0.004707
52,66,0.004704
38,54,0.004676
3,31,0.004663
3,12,0.004641
6,28,0.004596
46,58,0.004593
7,33,0.004441
12,30,0.004383
10,63,0.004331
16,45,0.004161
39,62,0.004049
15,35,0.004043
18,38,0.004011
19,36,0.003946
17,43,0.003939
30,43,0.003932
22,38,0.003887
1,28,0.003878
21,58,0.003265
1,11,0.003262
49,66,0.003125
29,51,0.003054
28,43,0.003001
35,44,0.002994
48,64,0.002974
6,56,0.002880
1,27,0.002778
46,55,0.002716
24,52,0.002692
13,23,0.002530
51,62,0.002467
6,39,0.002389
8,62,0.002356
8,45,0.002329
54,67,0.002315
5,45,0.002313
34,67,0.002304
15,36,0.002256
10,64,0.002254
7,64,0.002096
12,62,0.002043
40,44,0.002028
27,32,0.002012
1,58,0.001970
16,26,0.001941
1,24,0.001923
14,65,0.001855
1,60,0.001852
9,52,0.001613
37,59,0.001556
37,60,0.001555
10,47,0.001483
20,22,0.001460
46,64,0.001356
7,62,0.001338
41,66,0.001305
29,41,0.001290
19,35,0.001234
9,61,0.001187
21,49,0.001132
3,26,0.001126
6,49,0.001068
44,67,0.000944
8,52,0.000921
13,38,0.000899
44,61,0.000704
1,66,0.000698
32,64,0.000615
26,34,0.000569
29,38,0.000533
3,7,0.000501
16,65,0.000495
15,48,0.000473
16,44,0.000404
20,41,0.000390
18,37,0.000381
26,31,0.000364
55,66,0.000360
2,19,0.000303
13,22,0.000272
10,65,0.000263
40,54,0.000256
32,36,0.000228
47,61,0.000223
14,61,0.000203
13,26,0.000180
16,36,0.000149
43,59,0.000137
11,40,0.000062
6,40,0.000058
11,63,0.000029
48,65,-0.000022
19,52,-0.000074
9,25,-0.000121
8,43,-0.000171
1,6,-0.000226
16,32,-0.000306
25,48,-0.000322
18,40,-0.000347
37,57,-0.000369
15,44,-0.000451
28,41,-0.000544
1,53,-0.000759
12,60,-0.000770
32,46,-0.000864
38,51,-0.000883
22,39,-0.000888
15,28,-0.000922
14,44,-0.000933
38,46,-0.000956
6,35,-0.001018
1,44,-0.001040
38,53,-0.001084
11,12,-0.001149
16,38,-0.001171
13,41,-0.001203
27,66,-0.001208
39,52,-0.001233
6,23,-0.001269
15,56,-0.001396
2,24,-0.001415
49,65,-0.001445
5,56,-0.001471
26,50,-0.001476
6,60,-0.001515
10,17,-0.001533
37,65,-0.001556
26,48,-0.001571
3,11,-0.001622
2,12,-0.001709
18,32,-0.001831
11,67,-0.001836
42,46,-0.001838
29,36,-0.001901
31,35,-0.002021
17,31,-0.002120
6,25,-0.002126
36,46,-0.002175
27,38,-0.002220
28,31,-0.002267
7,31,-0.002367
14,39,-0.002420
14,45,-0.002462
23,52,-0.002507
44,59,-0.002607
4,38,-0.002662
10,52,-0.002691
49,61,-0.002724
9,47,-0.002743
2,21,-0.002750
3,66,-0.002764
51,67,-0.002898
30,36,-0.002918
4,67,-0.002998
50,67,-0.003022
7,52,-0.003039
8,38,-0.003043
17,32,-0.003173
6,44,-0.003173
37,54,-0.003257
25,34,-0.003265
8,64,-0.003289
24,40,-0.003391
21,52,-0.003425
51,66,-0.003629
12,28,-0.003659
6,21,-0.003661
13,49,-0.003684
20,52,-0.003718
18,34,-0.003763
8,18,-0.003825
6,30,-0.003875
12,37,-0.003883
41,63,-0.003985
27,41,-0.004026
28,45,-0.004049
23,47,-0.004067
23,64,-0.004327
39,50,-0.004437
31,38,-0.004438
14,67,-0.004514
13,46,-0.004585
16,28,-0.004590
9,11,-0.004822
3,36,-0.004893
9,32,-0.005017
48,67,-0.005035
18,26,-0.005053
22,48,-0.005081
38,44,-0.005083
1,30,-0.005136
50,65,-0.005158
2,60,-0.005162
47,52,-0.005166
6,63,-0.005294
11,42,-0.005303
9,43,-0.005404
48,63,-0.005420
2,25,-0.005476
27,30,-0.005498
6,36,-0.005564
4,28,-0.005596
11,15,-0.005600
37,64,-0.005610
41,46,-0.005647
42,66,-0.005681
4,42,-0.005730
1,29,-0.005801
3,67,-0.005802
15,57,-0.005861
46,67,-0.005876
12,45,-0.005912
4,66,-0.006008
9,35,-0.006060
5,28,-0.006080
11,46,-0.006081
4,30,-0.006094
50,66,-0.006183
3,18,-0.006279
39,41,-0.006498
21,50,-0.006510
1,47,-0.006544
1,61,-0.006573
34,53,-0.006605
8,66,-0.006720
50,62,-0.006770
35,45,-0.006869
19,51,-0.006883
17,42,-0.006897
5,23,-0.006938
34,40,-0.006994
26,49,-0.007248
18,25,-0.007260
29,44,-0.007285
11,18,-0.007305
16,61,-0.007323
42,59,-0.007410
45,57,-0.007466
27,48,-0.007529
8,57,-0.007534
22,54,-0.007535
7,63,-0.007586
6,59,-0.007681
31,65,-0.007789
14,49,-0.007890
15,22,-0.007891
14,64,-0.008030
33,58,-0.008105
15,41,-0.008121
17,20,-0.008127
16,51,-0.008186
18,36,-0.008215
37,48,-0.008277
21,46,-0.008278
16,66,-0.008324
23,66,-0.008352
11,23,-0.008356
40,51,-0.008370
47,59,-0.008421
43,54,-0.008462
28,67,-0.008472
8,25,-0.008493
40,67,-0.008564
7,60,-0.008583
8,61,-0.008627
51,61,-0.008754
46,66,-0.008798
3,48,-0.008842
32,65,-0.008972
38,55,-0.009014
11,66,-0.009117
34,47,-0.009151
26,51,-0.009198
45,66,-0.009241
24,37,-0.009269
16,48,-0.009345
11,62,-0.009346
4,45,-0.009448
36,66,-0.009533
41,62,-0.009546
21,63,-0.009621
20,64,-0.009630
34,50,-0.009631
33,67,-0.009761
34,66,-0.009775
28,66,-0.009777
2,33,-0.009857
43,66,-0.009873
32,63,-0.009886
14,48,-0.009902
2,67,-0.009919
44,57,-0.009931
50,63,-0.009933
29,46,-0.010224
8,40,-0.010310
4,44,-0.010336
25,45,-0.010463
28,33,-0.010467
3,38,-0.010503
8,65,-0.010662
25,36,-0.010709
25,56,-0.010738
6,19,-0.010767
1,46,-0.010890
1,57,-0.010910
2,29,-0.011058
3,45,-0.011139
28,64,-0.011153
38,66,-0.011187
5,27,-0.011188
29,43,-0.011296
15,23,-0.011358
42,63,-0.011368
34,46,-0.011389
37,45,-0.011405
16,57,-0.011496
14,34,-0.011543
17,30,-0.011590
26,37,-0.011620
27,44,-0.011688
3,30,-0.011728
2,41,-0.011814
22,35,-0.011819
26,67,-0.011884
39,66,-0.011898
48,61,-0.011928
10,40,-0.011987
4,48,-0.012040
33,61,-0.012111
11,51,-0.012236
14,66,-0.012317
7,17,-0.012323
28,44,-0.012362
1,64,-0.012366
12,44,-0.012381
36,62,-0.012382
17,25,-0.012413
8,22,-0.012431
24,48,-0.012470
2,35,-0.012604
42,60,-0.012627
8,60,-0.012661
8,54,-0.012722
2,63,-0.012759
1,65,-0.012789
14,47,-0.012801
5,8,-0.012811
11,53,-0.012840
42,51,-0.013018
40,49,-0.013064
7,44,-0.013082
45,67,-0.013236
6,9,-0.013286
50,61,-0.013518
12,53,-0.013576
4,12,-0.013591
39,55,-0.013603
39,67,-0.013633
2,61,-0.013665
5,9,-0.013671
14,36,-0.013687
30,44,-0.013716
6,17,-0.013792
50,64,-0.013848
11,32,-0.013859
42,54,-0.013885
1,55,-0.013962
31,41,-0.013981
4,25,-0.014011
18,53,-0.014066
9,67,-0.014078
11,65,-0.014230
47,62,-0.014240
11,47,-0.014373
30,67,-0.014419
44,55,-0.014430
4,37,-0.014535
44,62,-0.014564
36,67,-0.014586
15,62,-0.014633
9,22,-0.014777
17,38,-0.014903
2,8,-0.014949
28,46,-0.014978
38,65,-0.015008
8,35,-0.015017
27,42,-0.015039
39,59,-0.015060
19,48,-0.015067
11,64,-0.015168
7,57,-0.015193
17,65,-0.015199
1,43,-0.015210
47,64,-0.015236
43,63,-0.015259
23,49,-0.015301
23,27,-0.015322
16,67,-0.015498
40,62,-0.015502
1,33,-0.015525
16,64,-0.015538
32,45,-0.015585
2,13,-0.015592
26,66,-0.015617
20,58,-0.015644
35,55,-0.015730
39,51,-0.015813
5,61,-0.015820
34,55,-0.015856
28,65,-0.015882
25,67,-0.015883
35,52,-0.015885
7,55,-0.015918
24,67,-0.015924
1,15,-0.015949
1,13,-0.016036
43,55,-0.016092
1,41,-0.016122
3,39,-0.016127
19,40,-0.016188
2,36,-0.016247
9,16,-0.016270
33,45,-0.016393
1,17,-0.016404
20,45,-0.016421
2,58,-0.016439
44,58,-0.016441
26,63,-0.016547
3,60,-0.016575
12,29,-0.016589
15,58,-0.016591
13,36,-0.016639
31,43,-0.016664
38,41,-0.016699
6,45,-0.016714
2,65,-0.016719
31,63,-0.016750
2,62,-0.016778
8,24,-0.016802
9,58,-0.016830
6,66,-0.016831
12,58,-0.016856
21,40,-0.016878
13,44,-0.016902
32,59,-0.016907
23,51,-0.016958
24,49,-0.016964
13,64,-0.017010
1,35,-0.017021
29,58,-0.017027
33,66,-0.017057
20,28,-0.017073
38,67,-0.017108
11,43,-0.017186
40,56,-0.017219
2,45,-0.017308
18,67,-0.017394
38,40,-0.017406
22,55,-0.017436
37,62,-0.017518
22,63,-0.017681
43,67,-0.017716
4,27,-0.017788
32,44,-0.017819
21,44,-0.017822
1,19,-0.017822
13,66,-0.017839
13,57,-0.017855
20,60,-0.017859
5,26,-0.017921
41,65,-0.017955
16,63,-0.017976
24,64,-0.018079
17,67,-0.018082
28,32,-0.018221
30,42,-0.018330
1,63,-0.018351
2,64,-0.018387
8,59,-0.018398
10,38,-0.018407
36,57,-0.018422
5,24,-0.018432
30,54,-0.018450
30,40,-0.018461
24,33,-0.018484
13,19,-0.018536
15,27,-0.018602
12,17,-0.018727
8,63,-0.018803
10,58,-0.018883
19,30,-0.018918
15,65,-0.018937
8,55,-0.019003
39,61,-0.019044
3,59,-0.019133
27,64,-0.019152
13,17,-0.019221
13,67,-0.019230
10,51,-0.019299
2,46,-0.019306
35,47,-0.019337
19,67,-0.019361
24,44,-0.019378
34,57,-0.019403
5,64,-0.019477
21,45,-0.019498
22,47,-0.019506
23,30,-0.019516
11,61,-0.019517
21,51,-0.019531
35,66,-0.019564
35,49,-0.019607
37,40,-0.019616
8,67,-0.019625
24,66,-0.019660
2,38,-0.019805
14,60,-0.019869
17,45,-0.019925
3,19,-0.019970
11,52,-0.019979
26,32,-0.019992
14,28,-0.020013
31,64,-0.020036
41,57,-0.020065
16,43,-0.020157
5,57,-0.020184
31,60,-0.020185
39,64,-0.020211
42,62,-0.020296
12,64,-0.020380
22,66,-0.020434
28,48,-0.020443
41,59,-0.020575
18,56,-0.020693
23,37,-0.020695
43,56,-0.020708
9,12,-0.020715
8,23,-0.020751
23,54,-0.020763
29,67,-0.020798
13,52,-0.020799
4,41,-0.020802
15,64,-0.020992
29,63,-0.020995
10,32,-0.020999
17,58,-0.021071
41,54,-0.021164
25,54,-0.021188
11,14,-0.021268
13,34,-0.021308
32,53,-0.021415
40,57,-0.021438
5,37,-0.021447
2,47,-0.021457
40,66,-0.021562
9,64,-0.021602
22,67,-0.021622
6,64,-0.021626
40,61,-0.021641
15,66,-0.021706
30,49,-0.021708
1,39,-0.021728
10,30,-0.021753
45,60,-0.021778
23,65,-0.021788
41,47,-0.021790
2,42,-0.021841
15,46,-0.021948
35,37,-0.021960
6,67,-0.022053
13,37,-0.022073
19,41,-0.022108
21,66,-0.022172
15,52,-0.022192
19,65,-0.022208
19,32,-0.022247
2,51,-0.022260
6,7,-0.022284
4,56,-0.022292
9,63,-0.022342
35,67,-0.022371
11,59,-0.022450
23,50,-0.022468
36,42,-0.022623
22,42,-0.022637
12,67,-0.022669
16,56,-0.022796
37,38,-0.022816
21,67,-0.022868
19,57,-0.023045
9,66,-0.023158
32,60,-0.023195
2,10,-0.023289
44,63,-0.023344
32,42,-0.023495
42,65,-0.023500
47,60,-0.023528
29,47,-0.023604
29,50,-0.023605
28,39,-0.023633
17,49,-0.023658
6,41,-0.023707
12,65,-0.023786
39,49,-0.023841
38,45,-0.023851
37,49,-0.023949
25,66,-0.023981
40,60,-0.024017
32,61,-0.024044
40,52,-0.024119
31,67,-0.024308
35,51,-0.024376
42,67,-0.024431
1,25,-0.024467
32,40,-0.024506
5,54,-0.024589
16,27,-0.024710
35,61,-0.024750
19,25,-0.024754
37,50,-0.024789
18,41,-0.024904
21,59,-0.024930
29,33,-0.024989
1,62,-0.024991
14,50,-0.025009
1,36,-0.025104
30,66,-0.025141
9,20,-0.025151
1,40,-0.025153
13,56,-0.025184
39,63,-0.025187
4,33,-0.025198
30,34,-0.025202
40,63,-0.025219
17,48,-0.025348
38,64,-0.025351
1,21,-0.025558
6,32,-0.025619
5,60,-0.025643
11,49,-0.025655
28,63,-0.025684
5,41,-0.025697
39,57,-0.025777
13,58,-0.025859
2,34,-0.025862
4,46,-0.025917
25,52,-0.025935
3,61,-0.025984
5,66,-0.026050
11,45,-0.026076
22,64,-0.026258
2,22,-0.026262
27,65,-0.026278
14,53,-0.026312
21,30,-0.026327
43,65,-0.026348
24,55,-0.026378
4,51,-0.026415
24,34,-0.026469
16,58,-0.026476
12,31,-0.026561
7,51,-0.026587
3,14,-0.026640
4,50,-0.026671
12,63,-0.026677
3,34,-0.026741
42,64,-0.026746
44,64,-0.026748
9,65,-0.026762
8,44,-0.026784
10,18,-0.026819
15,59,-0.026838
43,61,-0.026846
36,63,-0.026853
15,63,-0.026947
5,48,-0.026972
17,66,-0.027024
40,65,-0.027040
35,50,-0.027094
19,34,-0.027189
15,51,-0.027217
3,41,-0.027243
27,63,-0.027248
42,55,-0.027271
15,67,-0.027285
41,64,-0.027308
31,47,-0.027362
20,56,-0.027431
10,50,-0.027451
42,52,-0.027469
30,61,-0.027476
10,25,-0.027487
2,27,-0.027491
26,46,-0.027536
38,52,-0.027537
21,41,-0.027550
5,67,-0.027558
40,55,-0.027575
42,44,-0.027592
27,40,-0.027638
25,60,-0.027644
16,37,-0.027701
31,62,-0.027708
24,45,-0.027712
38,61,-0.027742
13,65,-0.027754
19,66,-0.027820
1,16,-0.027839
2,7,-0.027880
4,40,-0.028223
18,63,-0.028243
35,59,-0.028317
17,61,-0.028371
31,56,-0.028440
23,63,-0.028474
3,64,-0.028536
23,45,-0.028542
20,65,-0.028555
17,29,-0.028643
30,63,-0.028667
5,65,-0.028697
24,65,-0.028755
43,48,-0.028766
41,61,-0.028793
20,50,-0.028843
44,60,-0.028896
8,15,-0.028904
10,59,-0.028909
21,60,-0.028967
5,44,-0.029009
8,26,-0.029047
45,64,-0.029054
5,36,-0.029099
28,58,-0.029126
14,63,-0.029136
18,60,-0.029137
36,65,-0.029170
17,27,-0.029204
11,20,-0.029207
20,49,-0.029251
26,33,-0.029287
33,51,-0.029288
19,63,-0.029294
12,24,-0.029303
29,55,-0.029325
27,62,-0.029380
38,59,-0.029446
12,66,-0.029560
22,53,-0.029564
45,63,-0.029631
36,64,-0.029700
39,65,-0.029838
21,25,-0.029870
29,66,-0.029887
18,66,-0.029974
12,25,-0.030013
45,53,-0.030052
34,54,-0.030140
17,46,-0.030141
40,64,-0.030206
3,8,-0.030212
43,60,-0.030326
3,57,-0.030344
34,51,-0.030529
22,50,-0.030561
7,27,-0.030678
40,48,-0.030699
31,48,-0.030868
32,39,-0.030874
4,52,-0.030901
45,65,-0.031010
31,66,-0.031101
20,66,-0.031248
7,58,-0.031292
10,62,-0.031347
44,65,-0.031363
5,25,-0.031421
21,64,-0.031615
6,55,-0.031662
41,60,-0.031669
9,62,-0.031716
29,49,-0.031770
29,37,-0.031795
30,62,-0.031825
26,44,-0.031839
18,43,-0.031859
19,53,-0.031886
21,65,-0.031959
27,52,-0.031974
45,61,-0.031978
1,22,-0.031981
21,55,-0.032046
11,57,-0.032073
3,52,-0.032099
18,46,-0.032104
16,46,-0.032144
25,64,-0.032168
1,14,-0.032177
16,50,-0.032247
42,58,-0.032265
2,15,-0.032315
10,22,-0.032459
24,63,-0.032519
11,39,-0.032741
27,59,-0.032766
13,62,-0.032789
1,56,-0.032805
1,54,-0.032850
6,61,-0.032853
35,65,-0.032872
2,57,-0.032959
10,13,-0.032984
24,62,-0.032997
9,13,-0.033004
9,38,-0.033201
27,36,-0.033208
31,59,-0.033263
5,30,-0.033406
26,45,-0.033409
35,48,-0.033473
30,45,-0.033474
38,49,-0.033508
8,49,-0.033508
9,21,-0.033542
6,43,-0.033631
7,15,-0.033662
24,51,-0.033705
10,56,-0.033719
43,62,-0.033730
27,35,-0.033833
22,56,-0.033934
26,53,-0.033942
13,61,-0.033948
14,29,-0.033962
8,56,-0.033963
11,30,-0.034026
5,46,-0.034130
20,67,-0.034200
5,49,-0.034233
3,63,-0.034249
33,44,-0.034374
10,26,-0.034393
26,57,-0.034398
9,28,-0.034409
31,61,-0.034534
37,55,-0.034547
31,58,-0.034557
43,64,-0.034591
15,38,-0.034602
17,64,-0.034662
11,60,-0.034691
4,8,-0.034692
2,40,-0.034712
23,59,-0.034775
3,32,-0.034803
32,49,-0.034884
24,41,-0.034907
44,52,-0.034965
16,54,-0.034973
20,46,-0.035002
5,42,-0.035016
14,51,-0.035036
16,39,-0.035060
23,61,-0.035184
39,48,-0.035224
1,23,-0.035225
5,62,-0.035232
28,61,-0.035365
4,32,-0.035376
22,36,-0.035461
5,55,-0.035473
4,53,-0.035562
31,46,-0.035609
20,62,-0.035616
13,48,-0.035654
29,65,-0.035746
3,65,-0.035749
6,58,-0.035759
3,51,-0.035786
37,42,-0.035796
1,50,-0.035857
42,61,-0.035933
15,60,-0.035955
12,59,-0.035962
23,60,-0.036074
6,27,-0.036199
14,59,-0.036270
32,52,-0.036312
6,62,-0.036330
4,57,-0.036406
1,38,-0.036445
2,39,-0.036485
31,57,-0.036512
4,55,-0.036641
17,59,-0.036685
14,46,-0.036713
33,47,-0.036814
4,47,-0.036854
12,26,-0.036868
38,60,-0.036893
33,63,-0.036917
25,65,-0.036930
3,25,-0.036938
23,44,-0.036945
12,41,-0.036975
10,49,-0.037015
13,59,-0.037035
31,52,-0.037036
36,61,-0.037043
42,56,-0.037056
14,62,-0.037064
7,59,-0.037082
21,53,-0.037113
37,46,-0.037125
11,37,-0.037130
15,54,-0.037165
11,38,-0.037199
3,10,-0.037260
38,62,-0.037328
34,63,-0.037329
25,33,-0.037424
37,52,-0.037458
5,52,-0.037488
13,60,-0.037625
42,57,-0.037677
34,43,-0.037696
20,57,-0.037828
23,41,-0.037973
20,63,-0.037980
34,52,-0.037987
26,61,-0.038002
22,58,-0.038031
35,63,-0.038081
7,49,-0.038099
20,54,-0.038147
27,50,-0.038200
27,61,-0.038257
32,47,-0.038276
24,58,-0.038294
8,39,-0.038385
5,63,-0.038510
12,23,-0.038559
6,37,-0.038585
19,38,-0.038702
32,56,-0.038729
17,63,-0.038786
7,21,-0.038891
28,50,-0.038909
5,10,-0.038939
21,48,-0.038958
43,58,-0.038988
38,57,-0.039115
4,34,-0.039169
7,50,-0.039223
10,48,-0.039261
22,32,-0.039319
33,52,-0.039345
8,48,-0.039381
5,43,-0.039419
21,62,-0.039600
35,62,-0.039600
19,50,-0.039636
2,54,-0.039646
5,53,-0.039665
25,63,-0.039764
16,49,-0.039796
20,44,-0.039820
30,57,-0.039826
17,51,-0.040044
31,55,-0.040048
32,51,-0.040063
30,59,-0.040066
34,61,-0.040079
15,53,-0.040218
23,62,-0.040237
27,51,-0.040251
29,61,-0.040428
11,36,-0.040499
12,19,-0.040578
25,53,-0.040620
36,41,-0.040692
29,64,-0.040718
16,62,-0.040726
20,51,-0.040752
3,54,-0.040785
41,56,-0.040818
16,53,-0.040851
13,51,-0.040865
12,49,-0.040901
23,46,-0.040937
26,64,-0.040956
1,42,-0.041039
32,35,-0.041045
34,65,-0.041168
28,57,-0.041180
40,58,-0.041207
4,62,-0.041296
13,63,-0.041312
5,58,-0.041336
15,55,-0.041383
12,61,-0.041578
26,65,-0.041644
36,59,-0.041660
26,59,-0.041711
43,52,-0.041750
20,53,-0.041784
24,61,-0.041787
33,50,-0.041792
24,46,-0.041856
19,44,-0.041866
10,15,-0.041886
37,53,-0.042023
41,53,-0.042194
4,54,-0.042320
7,26,-0.042341
25,55,-0.042355
26,42,-0.042361
1,26,-0.042368
29,52,-0.042394
19,33,-0.042511
33,59,-0.042551
28,59,-0.042646
7,35,-0.042832
29,57,-0.042938
27,60,-0.042969
40,59,-0.042991
9,60,-0.042993
14,24,-0.042999
25,58,-0.043131
10,20,-0.043139
10,27,-0.043166
11,55,-0.043181
12,43,-0.043355
18,54,-0.043363
43,53,-0.043431
3,62,-0.043550
28,62,-0.043622
17,50,-0.043627
22,65,-0.043681
31,37,-0.043719
18,65,-0.043926
26,40,-0.044010
11,29,-0.044050
22,62,-0.044183
14,23,-0.044430
22,59,-0.044515
11,16,-0.044534
22,51,-0.044573
2,53,-0.044581
45,62,-0.044587
3,47,-0.044636
13,25,-0.044770
18,47,-0.044798
21,54,-0.044857
21,37,-0.044886
31,34,-0.044949
34,58,-0.044989
10,31,-0.044999
23,56,-0.045022
15,50,-0.045027
28,60,-0.045103
10,35,-0.045221
26,62,-0.045389
31,36,-0.045397
33,53,-0.045474
16,59,-0.045568
24,50,-0.045672
14,55,-0.045709
29,60,-0.045763
38,63,-0.045773
10,14,-0.045773
35,60,-0.045977
18,61,-0.046078
13,32,-0.046122
38,58,-0.046259
23,53,-0.046379
23,32,-0.046391
17,60,-0.046415
2,56,-0.046465
35,64,-0.046513
10,16,-0.046525
36,58,-0.046567
1,48,-0.046745
17,56,-0.046852
6,33,-0.046939
8,50,-0.047011
33,64,-0.047022
30,64,-0.047121
4,63,-0.047178
10,46,-0.047188
17,55,-0.047264
12,42,-0.047425
2,48,-0.047445
17,41,-0.047472
5,59,-0.047513
24,47,-0.047887
15,61,-0.047961
30,65,-0.047981
31,45,-0.048152
2,55,-0.048241
38,56,-0.048283
4,49,-0.048305
6,52,-0.048311
34,62,-0.048364
10,36,-0.048366
8,47,-0.048421
19,46,-0.048422
22,60,-0.048423
27,58,-0.048465
9,48,-0.048488
14,52,-0.048559
26,60,-0.048560
14,35,-0.048562
22,34,-0.048618
9,57,-0.048702
18,50,-0.048722
23,48,-0.048763
39,54,-0.048801
22,46,-0.048909
19,47,-0.048955
39,60,-0.048969
19,64,-0.049007
35,46,-0.049037
31,50,-0.049064
28,53,-0.049072
4,61,-0.049082
15,49,-0.049105
24,57,-0.049136
33,56,-0.049158
13,54,-0.049249
11,50,-0.049269
31,54,-0.049317
18,64,-0.049612
12,57,-0.049635
9,59,-0.049649
25,59,-0.049726
19,61,-0.049750
15,32,-0.049825
33,65,-0.049864
20,34,-0.050063
8,10,-0.050139
13,33,-0.050209
30,60,-0.050249
41,55,-0.050267
8,36,-0.050546
25,62,-0.050634
14,33,-0.050695
9,49,-0.050737
8,53,-0.050759
13,55,-0.050784
17,62,-0.050912
25,57,-0.050913
7,53,-0.050960
39,47,-0.051024
26,54,-0.051053
28,49,-0.051094
17,57,-0.051163
9,10,-0.051258
2,49,-0.051315
20,59,-0.051479
33,62,-0.051497
30,58,-0.051763
41,48,-0.051900
18,52,-0.051958
33,60,-0.052076
30,56,-0.052191
3,58,-0.052217
20,47,-0.052318
6,48,-0.052334
23,55,-0.052382
2,50,-0.052396
39,56,-0.052611
27,54,-0.052626
22,61,-0.052854
29,34,-0.052873
9,33,-0.052904
13,45,-0.052907
12,46,-0.052938
22,33,-0.053015
27,55,-0.053490
9,55,-0.053826
19,62,-0.053858
18,55,-0.054110
35,58,-0.054123
12,54,-0.054132
3,50,-0.054226
34,64,-0.054565
1,52,-0.054715
10,21,-0.054717
20,61,-0.054867
6,54,-0.055017
20,32,-0.055042
5,40,-0.055047
36,50,-0.055080
3,21,-0.055151
8,46,-0.055153
23,39,-0.055159
1,49,-0.055377
7,54,-0.055527
10,28,-0.055560
3,37,-0.055751
31,53,-0.055997
14,27,-0.056021
25,61,-0.056220
16,60,-0.056501
31,51,-0.056667
36,54,-0.056677
10,23,-0.056713
16,55,-0.056729
4,59,-0.056887
7,46,-0.057220
27,56,-0.057274
8,20,-0.057344
3,53,-0.057505
43,57,-0.057644
37,43,-0.057693
19,58,-0.057715
10,29,-0.057731
19,60,-0.057856
4,60,-0.058005
11,41,-0.058054
22,45,-0.058112
24,60,-0.058205
21,34,-0.058331
15,37,-0.058337
18,62,-0.058383
6,51,-0.058446
30,46,-0.058605
28,56,-0.058682
4,65,-0.058783
24,32,-0.058788
20,55,-0.058836
18,57,-0.058855
26,58,-0.058862
22,44,-0.058933
23,58,-0.058967
36,51,-0.058978
3,55,-0.059033
21,56,-0.059051
28,51,-0.059088
29,59,-0.059136
36,60,-0.059194
4,58,-0.059256
21,61,-0.059316
14,56,-0.059396
19,54,-0.059578
14,58,-0.059667
21,57,-0.059704
13,47,-0.059899
33,54,-0.060113
6,50,-0.060147
34,60,-0.060326
32,54,-0.060333
24,56,-0.060415
30,33,-0.060755
7,24,-0.061010
15,34,-0.061092
29,53,-0.061096
24,54,-0.061290
34,59,-0.061389
19,55,-0.061643
29,56,-0.061690
37,47,-0.061786
31,49,-0.061876
9,54,-0.061951
38,50,-0.062139
24,53,-0.062794
7,48,-0.062907
14,43,-0.062995
41,58,-0.063156
14,57,-0.063172
33,46,-0.063268
7,47,-0.063344
17,37,-0.063382
4,64,-0.063393
21,47,-0.063559
12,51,-0.063701
40,47,-0.063730
42,53,-0.063917
3,56,-0.063952
31,32,-0.064452
29,62,-0.064467
18,59,-0.064799
15,47,-0.064939
7,40,-0.065178
30,52,-0.065915
2,52,-0.066121
30,37,-0.066249
35,57,-0.066798
12,56,-0.067564
33,48,-0.067630
37,44,-0.067639
22,57,-0.067676
39,46,-0.067681
23,43,-0.067904
6,34,-0.068067
8,28,-0.068371
18,58,-0.068455
9,51,-0.068477
5,51,-0.068518
16,33,-0.068694
35,54,-0.068778
33,57,-0.069020
6,57,-0.069212
27,47,-0.069353
36,56,-0.069431
36,47,-0.070338
28,52,-0.070519
10,44,-0.070538
17,54,-0.071007
6,53,-0.071061
34,49,-0.071309
34,42,-0.071460
5,47,-0.071487
11,33,-0.071589
35,56,-0.071654
5,50,-0.071858
7,25,-0.072166
41,52,-0.072270
10,42,-0.072569
10,39,-0.072751
9,56,-0.072778
22,37,-0.072931
42,49,-0.073079
30,55,-0.073139
28,37,-0.073192
9,53,-0.073217
30,51,-0.073771
27,57,-0.074008
10,43,-0.074100
36,55,-0.074162
7,28,-0.074623
30,48,-0.074742
33,49,-0.074796
10,19,-0.074857
15,33,-0.075140
20,37,-0.075191
23,57,-0.075656
12,50,-0.075856
19,37,-0.077398
12,47,-0.077409
25,37,-0.077459
13,53,-0.077482
27,53,-0.077834
14,37,-0.078097
32,50,-0.079383
19,59,-0.079736
7,20,-0.079997
7,38,-0.080311
26,55,-0.080448
16,41,-0.081547
13,50,-0.082061
12,52,-0.082171
19,56,-0.082336
14,41,-0.082642
9,37,-0.082694
32,57,-0.082826
7,39,-0.083546
8,37,-0.084009
7,16,-0.084726
12,48,-0.085189
30,53,-0.085198
4,7,-0.085367
10,45,-0.086140
7,36,-0.086494
10,24,-0.087546
32,55,-0.088187
40,53,-0.088328
32,48,-0.088345
34,56,-0.089294
34,48,-0.090009
14,25,-0.093019
28,34,-0.096178
33,41,-0.096275
23,34,-0.099442
7,29,-0.099608
16,34,-0.100619
7,18,-0.103485
7,43,-0.104090
7,45,-0.104192
26,56,-0.104314
7,42,-0.105350
17,34,-0.111826
