18 59 1.361274e+00
11 15 1.101628e+00
11 63 8.651546e-01
14 63 8.390075e-01
60 64 8.286319e-01
3 4 7.544182e-01
50 64 7.033195e-01
29 54 6.991812e-01
8 67 6.975424e-01
33 46 6.939774e-01
16 26 6.549213e-01
8 33 6.449928e-01
22 25 6.195574e-01
15 54 6.135404e-01
36 46 6.124940e-01
46 64 6.055294e-01
4 5 6.044599e-01
8 11 6.018257e-01
15 29 5.975688e-01
64 67 5.916445e-01
53 54 5.744009e-01
28 49 5.627955e-01
2 3 5.618375e-01
32 49 5.562848e-01
11 60 5.514508e-01
61 65 5.475538e-01
57 58 5.410996e-01
19 56 5.391364e-01
26 30 5.221665e-01
57 59 5.045364e-01
11 29 4.991886e-01
20 23 4.946563e-01
55 62 4.777965e-01
56 58 4.771690e-01
51 55 4.694336e-01
2 4 4.689994e-01
2 5 4.512399e-01
3 5 4.428879e-01
18 57 4.324726e-01
28 31 4.308786e-01
4 6 4.188325e-01
19 20 4.152114e-01
33 37 4.118873e-01
30 33 4.104205e-01
51 61 3.989130e-01
17 20 3.968880e-01
9 13 3.921988e-01
12 54 3.915645e-01
38 40 3.900626e-01
6 9 3.853153e-01
31 38 3.812179e-01
49 56 3.734232e-01
22 24 3.688712e-01
18 19 3.683937e-01
63 67 3.675717e-01
19 25 3.672656e-01
19 21 3.620512e-01
7 10 3.604925e-01
67 68 3.597991e-01
28 41 3.581241e-01
15 19 3.571640e-01
25 51 3.569642e-01
46 69 3.556001e-01
5 9 3.548357e-01
34 38 3.543092e-01
1 2 3.486426e-01
30 64 3.458505e-01
56 57 3.442572e-01
58 70 3.431796e-01
50 61 3.430260e-01
54 64 3.387166e-01
22 28 3.384200e-01
29 68 3.384192e-01
46 67 3.383863e-01
69 70 3.374241e-01
7 8 3.369262e-01
15 47 3.308110e-01
8 53 3.305292e-01
68 71 3.268940e-01
8 64 3.262103e-01
64 69 3.256494e-01
50 53 3.227756e-01
25 52 3.214253e-01
33 50 3.202519e-01
5 6 3.172141e-01
11 67 3.140459e-01
37 39 3.120002e-01
44 45 3.112422e-01
18 21 3.093097e-01
32 46 3.080939e-01
26 29 3.079670e-01
11 33 3.074702e-01
6 7 3.052742e-01
68 69 3.049342e-01
17 18 3.046479e-01
19 60 3.030995e-01
41 48 2.998784e-01
24 52 2.995602e-01
19 57 2.978736e-01
40 45 2.964731e-01
36 68 2.954146e-01
62 64 2.949625e-01
25 31 2.943057e-01
41 49 2.929248e-01
26 58 2.894129e-01
12 30 2.871309e-01
47 68 2.868980e-01
46 70 2.860568e-01
13 16 2.858428e-01
18 25 2.846207e-01
12 17 2.841753e-01
35 40 2.822942e-01
9 16 2.821208e-01
7 50 2.813188e-01
36 43 2.802046e-01
10 14 2.800004e-01
15 26 2.792918e-01
35 44 2.789915e-01
64 68 2.782991e-01
43 69 2.759914e-01
33 60 2.749259e-01
14 45 2.732983e-01
33 53 2.730422e-01
24 44 2.727873e-01
20 21 2.705184e-01
11 68 2.695211e-01
27 31 2.674986e-01
42 49 2.668137e-01
24 48 2.664553e-01
64 66 2.661604e-01
28 35 2.657272e-01
46 60 2.656717e-01
15 68 2.611989e-01
65 66 2.608329e-01
35 38 2.596890e-01
21 22 2.593914e-01
47 62 2.592613e-01
67 69 2.591989e-01
27 30 2.588948e-01
39 45 2.588945e-01
8 14 2.552150e-01
35 48 2.549213e-01
5 10 2.516451e-01
11 64 2.515286e-01
66 68 2.514784e-01
11 46 2.514382e-01
55 56 2.513952e-01
9 59 2.503744e-01
34 43 2.486778e-01
10 18 2.474144e-01
37 51 2.465450e-01
32 35 2.436785e-01
1 3 2.436599e-01
16 29 2.406437e-01
19 53 2.395149e-01
50 67 2.387074e-01
44 52 2.386600e-01
28 34 2.385977e-01
42 45 2.378463e-01
36 41 2.370897e-01
11 23 2.361033e-01
21 70 2.359795e-01
36 66 2.355879e-01
48 52 2.300607e-01
38 51 2.297318e-01
22 23 2.296273e-01
16 51 2.294079e-01
54 57 2.286790e-01
31 32 2.280203e-01
31 48 2.274737e-01
10 59 2.272606e-01
29 33 2.270938e-01
61 69 2.265294e-01
23 58 2.258151e-01
6 34 2.248712e-01
32 53 2.244553e-01
3 6 2.241613e-01
44 59 2.240978e-01
42 51 2.235850e-01
27 71 2.232113e-01
39 44 2.226651e-01
19 36 2.224293e-01
15 40 2.220522e-01
52 54 2.217687e-01
40 65 2.211430e-01
41 42 2.209044e-01
39 43 2.208292e-01
15 50 2.203540e-01
47 64 2.199745e-01
33 64 2.196882e-01
20 52 2.191556e-01
3 7 2.170442e-01
37 61 2.163582e-01
20 31 2.161532e-01
15 18 2.156217e-01
10 13 2.153802e-01
22 66 2.143445e-01
26 64 2.133985e-01
14 18 2.133390e-01
2 71 2.133240e-01
53 60 2.124464e-01
63 65 2.116679e-01
42 44 2.115977e-01
29 67 2.109590e-01
27 38 2.101007e-01
50 68 2.083182e-01
59 60 2.083091e-01
13 21 2.078721e-01
16 60 2.049739e-01
48 49 2.045662e-01
9 52 2.044255e-01
27 52 2.042294e-01
31 58 2.039889e-01
30 60 2.027822e-01
16 17 2.010106e-01
41 52 2.001350e-01
40 57 1.998129e-01
24 51 1.996447e-01
31 34 1.994465e-01
51 65 1.990602e-01
69 71 1.976535e-01
43 45 1.975025e-01
54 55 1.969731e-01
31 40 1.967000e-01
11 54 1.965038e-01
51 66 1.964395e-01
50 55 1.962095e-01
11 65 1.957322e-01
42 59 1.948457e-01
6 48 1.935758e-01
26 32 1.931935e-01
32 41 1.928762e-01
25 28 1.927913e-01
42 43 1.924693e-01
13 43 1.920380e-01
8 54 1.916370e-01
17 44 1.910254e-01
5 7 1.904316e-01
23 39 1.903123e-01
16 30 1.902209e-01
8 61 1.898810e-01
31 35 1.893695e-01
4 14 1.892534e-01
37 49 1.879470e-01
12 36 1.872667e-01
43 62 1.872092e-01
9 34 1.868734e-01
54 69 1.867445e-01
45 65 1.855977e-01
29 36 1.844298e-01
26 42 1.841070e-01
60 63 1.840733e-01
37 69 1.840526e-01
43 44 1.838941e-01
55 57 1.835958e-01
44 66 1.832886e-01
24 27 1.830166e-01
39 40 1.829241e-01
68 70 1.825519e-01
9 23 1.810855e-01
23 31 1.810203e-01
36 42 1.808873e-01
47 48 1.802554e-01
33 63 1.802211e-01
30 37 1.797595e-01
17 59 1.795236e-01
27 35 1.793046e-01
9 25 1.786055e-01
10 61 1.781302e-01
34 37 1.778105e-01
5 66 1.776345e-01
7 34 1.774581e-01
32 42 1.770860e-01
12 37 1.767312e-01
29 39 1.766950e-01
40 49 1.760221e-01
2 6 1.757490e-01
54 62 1.756123e-01
40 42 1.755799e-01
32 68 1.752118e-01
47 59 1.749140e-01
59 66 1.746876e-01
34 40 1.736020e-01
33 59 1.735932e-01
35 41 1.734520e-01
23 28 1.731710e-01
1 4 1.728201e-01
9 12 1.722502e-01
50 54 1.714717e-01
27 49 1.712692e-01
9 17 1.706404e-01
15 33 1.703468e-01
35 42 1.703203e-01
22 45 1.699528e-01
43 67 1.693418e-01
37 63 1.692128e-01
14 17 1.689733e-01
18 44 1.688506e-01
11 12 1.684129e-01
37 38 1.681028e-01
4 7 1.668662e-01
9 56 1.667090e-01
65 68 1.649790e-01
22 42 1.647802e-01
19 46 1.644152e-01
43 54 1.639196e-01
60 65 1.637719e-01
47 55 1.635587e-01
6 30 1.634272e-01
38 39 1.632405e-01
52 66 1.630711e-01
8 35 1.628508e-01
7 14 1.618247e-01
9 53 1.617922e-01
64 70 1.617143e-01
52 56 1.609515e-01
42 54 1.604275e-01
24 66 1.602420e-01
6 66 1.599558e-01
10 50 1.594174e-01
23 49 1.588951e-01
17 21 1.587872e-01
13 20 1.580498e-01
49 57 1.578337e-01
30 46 1.571585e-01
6 49 1.564651e-01
60 69 1.562793e-01
46 55 1.561118e-01
13 65 1.560028e-01
8 50 1.556426e-01
32 67 1.550327e-01
61 67 1.544348e-01
18 63 1.543318e-01
35 49 1.541224e-01
11 50 1.540325e-01
20 70 1.539186e-01
21 39 1.534475e-01
13 63 1.530805e-01
7 68 1.529868e-01
34 59 1.526927e-01
32 36 1.519765e-01
30 50 1.517000e-01
17 51 1.514494e-01
3 9 1.510724e-01
24 25 1.504600e-01
6 39 1.503876e-01
44 48 1.501805e-01
23 40 1.497668e-01
9 36 1.486839e-01
48 59 1.484744e-01
25 62 1.468176e-01
41 54 1.467071e-01
46 65 1.464845e-01
23 32 1.452791e-01
38 43 1.452061e-01
45 61 1.442776e-01
30 47 1.440320e-01
19 55 1.440109e-01
13 17 1.439418e-01
25 53 1.437153e-01
22 41 1.432113e-01
43 48 1.431656e-01
18 24 1.428822e-01
53 56 1.427297e-01
40 53 1.425461e-01
16 27 1.423362e-01
5 41 1.419443e-01
18 37 1.419031e-01
9 29 1.417350e-01
24 53 1.406670e-01
37 48 1.405435e-01
41 44 1.404999e-01
36 45 1.404868e-01
53 69 1.404503e-01
46 57 1.392203e-01
13 14 1.391434e-01
32 39 1.389833e-01
45 71 1.389124e-01
20 38 1.377798e-01
7 24 1.377686e-01
24 67 1.377432e-01
12 31 1.375129e-01
39 47 1.369696e-01
30 32 1.364061e-01
38 41 1.357488e-01
53 58 1.357352e-01
8 46 1.353595e-01
15 46 1.341058e-01
45 55 1.338693e-01
22 43 1.327142e-01
6 13 1.326636e-01
51 52 1.319298e-01
41 46 1.317838e-01
14 50 1.314127e-01
14 66 1.311353e-01
33 67 1.310177e-01
2 70 1.309701e-01
60 67 1.309671e-01
9 32 1.308475e-01
5 71 1.306676e-01
47 71 1.306241e-01
1 5 1.302150e-01
45 48 1.302098e-01
57 60 1.295645e-01
21 55 1.291501e-01
33 70 1.290437e-01
53 57 1.289986e-01
30 31 1.286385e-01
25 26 1.285554e-01
10 44 1.278842e-01
42 55 1.273289e-01
26 37 1.271236e-01
29 62 1.266523e-01
26 41 1.266024e-01
6 32 1.265348e-01
25 47 1.261204e-01
6 71 1.259957e-01
20 44 1.247823e-01
44 47 1.242294e-01
34 36 1.242142e-01
43 47 1.240447e-01
24 39 1.235485e-01
23 24 1.235238e-01
43 68 1.217760e-01
39 55 1.217285e-01
16 20 1.217156e-01
36 67 1.213705e-01
25 45 1.204836e-01
15 17 1.204253e-01
17 39 1.202122e-01
12 15 1.194922e-01
23 56 1.194891e-01
23 27 1.193588e-01
22 31 1.192951e-01
5 21 1.189194e-01
41 47 1.185697e-01
10 69 1.185027e-01
16 38 1.183892e-01
58 62 1.179919e-01
28 45 1.178885e-01
36 71 1.177434e-01
55 63 1.176847e-01
12 43 1.175696e-01
20 27 1.166042e-01
38 52 1.165526e-01
21 71 1.164246e-01
11 32 1.157976e-01
10 30 1.148419e-01
17 38 1.144442e-01
42 52 1.143010e-01
28 32 1.140925e-01
5 19 1.140188e-01
38 58 1.127831e-01
39 66 1.127289e-01
7 66 1.126549e-01
35 63 1.116877e-01
22 70 1.115724e-01
10 36 1.114846e-01
17 66 1.114244e-01
37 46 1.113727e-01
19 30 1.109302e-01
15 56 1.106581e-01
20 39 1.105908e-01
5 49 1.099099e-01
15 16 1.088749e-01
20 60 1.088376e-01
17 23 1.087677e-01
39 56 1.087472e-01
24 56 1.085327e-01
35 45 1.085288e-01
8 23 1.082791e-01
7 70 1.082351e-01
36 37 1.077540e-01
22 57 1.074176e-01
10 41 1.072401e-01
7 26 1.062847e-01
12 59 1.059732e-01
7 59 1.054608e-01
31 56 1.053803e-01
22 40 1.053127e-01
37 58 1.052322e-01
20 71 1.048672e-01
26 53 1.045400e-01
1 71 1.044455e-01
12 50 1.042610e-01
7 36 1.042602e-01
12 22 1.042101e-01
32 65 1.023012e-01
18 45 1.020100e-01
66 70 1.018382e-01
35 57 1.017714e-01
5 13 1.016364e-01
29 42 1.015066e-01
5 70 1.014828e-01
39 60 1.011347e-01
57 65 1.008674e-01
3 71 1.008467e-01
28 38 1.004822e-01
61 68 1.004012e-01
54 70 9.992277e-02
4 9 9.986427e-02
24 65 9.922239e-02
23 69 9.920673e-02
12 57 9.913092e-02
40 51 9.908526e-02
15 30 9.893736e-02
13 22 9.861255e-02
26 36 9.858647e-02
39 41 9.847184e-02
34 65 9.841155e-02
50 65 9.830108e-02
60 62 9.703309e-02
28 65 9.692178e-02
14 34 9.619928e-02
13 41 9.575957e-02
18 52 9.575484e-02
42 65 9.564801e-02
16 24 9.556101e-02
4 10 9.530607e-02
21 28 9.530010e-02
65 69 9.483692e-02
63 70 9.463899e-02
14 21 9.455995e-02
17 52 9.406373e-02
14 67 9.382432e-02
65 71 9.378110e-02
22 55 9.300483e-02
21 51 9.281426e-02
10 20 9.277148e-02
49 62 9.270882e-02
16 21 9.263773e-02
16 22 9.245788e-02
20 66 9.242587e-02
24 38 9.241617e-02
9 39 9.204261e-02
31 55 9.181969e-02
25 61 9.168213e-02
47 61 9.134201e-02
21 48 9.083489e-02
8 12 9.061028e-02
18 50 9.053618e-02
10 47 8.980420e-02
49 58 8.937406e-02
67 70 8.917382e-02
27 68 8.909796e-02
14 40 8.898816e-02
11 52 8.881577e-02
16 39 8.873470e-02
5 22 8.833893e-02
10 53 8.833401e-02
19 23 8.815574e-02
3 53 8.813575e-02
1 63 8.784944e-02
8 69 8.771168e-02
21 62 8.717186e-02
63 64 8.665861e-02
5 34 8.659742e-02
10 11 8.613796e-02
26 67 8.597590e-02
19 59 8.573174e-02
49 63 8.566366e-02
6 40 8.564388e-02
47 66 8.513812e-02
12 69 8.497298e-02
13 51 8.489017e-02
4 34 8.475149e-02
12 55 8.465816e-02
6 52 8.418038e-02
7 48 8.389692e-02
10 70 8.388714e-02
9 20 8.382058e-02
32 45 8.371218e-02
28 33 8.336553e-02
10 21 8.313189e-02
10 19 8.274176e-02
45 70 8.268536e-02
12 26 8.261428e-02
12 29 8.243351e-02
28 37 8.234122e-02
20 62 8.219558e-02
25 38 8.214987e-02
7 43 8.204555e-02
10 12 8.187688e-02
15 58 8.124129e-02
17 50 8.102163e-02
52 62 8.098183e-02
40 44 8.079457e-02
5 44 8.079296e-02
14 23 8.061856e-02
54 60 8.055534e-02
34 35 7.962826e-02
55 70 7.960810e-02
12 33 7.935159e-02
46 52 7.923627e-02
19 71 7.883008e-02
12 34 7.877955e-02
32 40 7.789977e-02
2 14 7.783446e-02
22 44 7.749462e-02
51 56 7.739405e-02
18 23 7.705913e-02
20 57 7.673475e-02
9 65 7.642107e-02
44 51 7.617718e-02
3 70 7.612961e-02
9 14 7.612746e-02
27 69 7.612232e-02
35 69 7.611179e-02
15 36 7.525755e-02
21 26 7.518123e-02
21 30 7.515659e-02
41 69 7.478870e-02
33 34 7.475568e-02
19 54 7.467230e-02
13 42 7.463912e-02
13 45 7.448397e-02
35 61 7.440833e-02
48 60 7.439780e-02
18 31 7.424734e-02
24 40 7.372324e-02
55 61 7.357067e-02
16 53 7.344078e-02
38 66 7.297083e-02
33 61 7.295918e-02
14 62 7.290254e-02
56 69 7.221819e-02
66 71 7.219638e-02
40 56 7.199243e-02
40 48 7.175466e-02
15 28 7.164996e-02
54 58 7.132813e-02
24 70 7.124241e-02
9 21 7.083143e-02
27 47 7.048175e-02
62 70 7.028478e-02
38 45 7.014866e-02
27 40 6.959138e-02
48 68 6.957247e-02
56 61 6.841608e-02
39 51 6.830018e-02
50 62 6.828026e-02
17 47 6.814101e-02
15 65 6.810935e-02
14 38 6.806192e-02
20 63 6.804969e-02
26 33 6.785116e-02
34 39 6.779802e-02
21 36 6.741812e-02
27 44 6.699379e-02
13 46 6.699071e-02
27 43 6.688901e-02
28 36 6.676840e-02
40 41 6.647740e-02
12 40 6.638292e-02
35 37 6.636603e-02
5 17 6.614816e-02
22 60 6.611200e-02
17 70 6.584418e-02
54 66 6.581994e-02
37 55 6.548691e-02
9 67 6.522235e-02
32 62 6.509960e-02
2 24 6.480963e-02
13 53 6.477841e-02
25 32 6.469950e-02
12 35 6.444233e-02
21 23 6.443917e-02
31 51 6.424610e-02
23 44 6.405893e-02
13 39 6.397016e-02
13 59 6.393990e-02
43 65 6.373989e-02
20 48 6.362050e-02
36 38 6.358970e-02
65 70 6.355590e-02
27 42 6.352803e-02
31 47 6.334902e-02
54 59 6.314551e-02
42 62 6.307683e-02
13 62 6.288777e-02
12 13 6.275503e-02
64 65 6.198136e-02
46 50 6.189995e-02
27 28 6.178982e-02
4 44 6.176540e-02
27 65 6.165295e-02
28 52 6.162601e-02
24 35 6.147348e-02
1 70 6.143646e-02
37 56 6.110780e-02
7 55 6.108499e-02
14 44 6.092709e-02
8 34 6.086645e-02
22 56 6.053035e-02
37 59 6.045540e-02
35 71 6.041921e-02
17 55 6.017371e-02
24 49 6.007943e-02
21 52 6.000480e-02
1 6 5.931356e-02
22 71 5.923150e-02
13 24 5.898012e-02
21 40 5.893402e-02
2 10 5.847566e-02
10 68 5.841366e-02
34 48 5.823473e-02
26 51 5.799811e-02
31 44 5.796131e-02
30 63 5.774786e-02
5 45 5.770209e-02
29 34 5.768256e-02
5 47 5.757281e-02
14 61 5.745521e-02
28 63 5.733671e-02
21 49 5.733382e-02
17 25 5.721818e-02
24 55 5.721759e-02
7 16 5.703835e-02
4 13 5.681657e-02
30 34 5.680285e-02
9 40 5.675814e-02
37 41 5.670894e-02
60 61 5.637213e-02
29 64 5.636073e-02
2 27 5.630690e-02
60 68 5.614946e-02
9 70 5.592951e-02
25 30 5.570919e-02
51 62 5.559794e-02
56 63 5.546355e-02
29 55 5.536815e-02
25 48 5.475124e-02
1 13 5.470581e-02
55 60 5.441160e-02
34 47 5.404469e-02
35 56 5.383386e-02
29 37 5.362558e-02
11 69 5.361512e-02
25 59 5.360023e-02
21 47 5.341909e-02
43 46 5.288725e-02
16 59 5.245555e-02
8 70 5.241808e-02
51 53 5.209992e-02
14 48 5.204221e-02
5 27 5.165170e-02
13 35 5.163491e-02
13 15 5.158130e-02
7 9 5.155535e-02
20 28 5.144668e-02
5 52 5.110784e-02
46 68 5.103048e-02
6 31 5.091910e-02
44 58 5.089559e-02
1 52 5.049774e-02
38 56 5.039927e-02
16 35 5.039246e-02
14 53 5.026354e-02
14 35 5.009734e-02
40 62 5.004523e-02
4 66 4.944054e-02
45 58 4.936643e-02
14 49 4.931420e-02
13 70 4.928490e-02
25 56 4.919172e-02
17 22 4.905501e-02
33 62 4.884903e-02
3 66 4.882769e-02
1 22 4.856377e-02
20 58 4.844306e-02
19 61 4.840995e-02
62 71 4.826207e-02
38 44 4.815084e-02
6 24 4.805254e-02
5 65 4.794111e-02
19 22 4.773092e-02
48 58 4.761199e-02
57 63 4.742416e-02
4 65 4.727557e-02
27 48 4.720134e-02
31 37 4.715282e-02
24 62 4.705117e-02
17 62 4.700972e-02
19 43 4.700439e-02
18 39 4.675593e-02
21 56 4.662502e-02
3 10 4.647100e-02
27 36 4.560996e-02
8 16 4.530687e-02
4 55 4.512884e-02
45 47 4.487968e-02
53 64 4.467873e-02
44 61 4.465136e-02
12 53 4.432247e-02
34 69 4.424786e-02
23 52 4.424517e-02
2 52 4.415277e-02
20 50 4.412865e-02
70 71 4.411122e-02
51 59 4.410243e-02
49 52 4.401545e-02
56 68 4.400091e-02
17 34 4.390895e-02
40 55 4.360321e-02
32 43 4.354183e-02
13 47 4.302211e-02
21 27 4.289819e-02
22 34 4.236728e-02
37 45 4.211688e-02
30 49 4.195838e-02
48 65 4.165523e-02
35 53 4.155943e-02
40 66 4.114978e-02
9 43 4.100571e-02
25 65 4.089334e-02
18 22 4.077641e-02
2 20 3.978313e-02
42 57 3.974680e-02
48 55 3.972204e-02
1 69 3.955348e-02
38 61 3.953752e-02
8 9 3.953324e-02
24 61 3.948442e-02
8 58 3.932972e-02
33 71 3.896074e-02
17 27 3.873034e-02
45 66 3.858663e-02
31 62 3.839193e-02
41 61 3.834742e-02
34 58 3.833371e-02
47 56 3.828264e-02
24 58 3.810710e-02
26 54 3.808076e-02
17 35 3.804992e-02
57 69 3.799775e-02
8 40 3.786837e-02
23 48 3.764941e-02
30 69 3.742399e-02
36 51 3.737835e-02
4 28 3.732014e-02
7 58 3.716045e-02
4 26 3.668713e-02
3 27 3.635612e-02
26 57 3.634059e-02
17 24 3.633120e-02
30 35 3.631637e-02
27 61 3.592192e-02
15 62 3.589775e-02
52 53 3.559696e-02
4 22 3.551641e-02
17 42 3.528762e-02
33 55 3.504948e-02
25 40 3.478313e-02
1 7 3.474446e-02
43 51 3.390269e-02
52 65 3.373192e-02
12 38 3.336388e-02
30 43 3.334900e-02
14 42 3.327013e-02
8 29 3.313030e-02
48 63 3.310108e-02
45 56 3.283949e-02
42 68 3.264573e-02
3 68 3.244447e-02
21 53 3.242480e-02
10 33 3.236401e-02
13 58 3.228647e-02
53 63 3.226176e-02
48 53 3.211002e-02
44 71 3.209919e-02
27 56 3.209867e-02
6 62 3.191842e-02
6 36 3.190486e-02
48 57 3.187739e-02
18 54 3.172662e-02
40 63 3.163339e-02
47 70 3.162534e-02
62 65 3.161410e-02
10 48 3.156480e-02
10 66 3.151890e-02
46 61 3.123719e-02
21 67 3.121690e-02
16 68 3.094575e-02
44 53 3.064048e-02
27 66 3.059024e-02
39 49 3.002365e-02
43 52 2.979820e-02
37 47 2.956579e-02
17 28 2.947226e-02
32 44 2.937812e-02
7 41 2.936846e-02
18 53 2.936369e-02
30 45 2.932193e-02
45 62 2.903922e-02
7 42 2.887644e-02
27 51 2.882683e-02
12 20 2.857997e-02
1 36 2.811118e-02
41 53 2.796697e-02
1 28 2.793931e-02
7 61 2.790215e-02
2 7 2.786799e-02
35 70 2.764563e-02
21 41 2.757463e-02
4 56 2.753986e-02
54 71 2.750545e-02
6 26 2.744869e-02
3 12 2.715745e-02
45 53 2.673008e-02
27 32 2.603340e-02
56 62 2.593524e-02
16 37 2.580657e-02
33 69 2.579040e-02
1 67 2.575850e-02
9 30 2.517514e-02
3 42 2.513982e-02
23 34 2.488187e-02
38 63 2.471142e-02
29 60 2.460121e-02
1 46 2.456772e-02
27 58 2.449110e-02
17 58 2.447547e-02
58 64 2.443374e-02
20 22 2.403889e-02
44 49 2.377155e-02
39 42 2.375514e-02
22 49 2.359699e-02
25 43 2.355747e-02
41 45 2.348657e-02
24 28 2.295154e-02
11 31 2.269411e-02
54 56 2.261893e-02
13 23 2.243103e-02
52 58 2.239586e-02
8 49 2.237527e-02
18 33 2.218116e-02
29 45 2.179178e-02
34 66 2.171041e-02
2 44 2.115764e-02
22 26 2.078788e-02
29 40 2.009482e-02
42 60 1.994805e-02
17 19 1.990444e-02
22 61 1.972224e-02
5 29 1.971966e-02
48 69 1.943224e-02
18 71 1.934577e-02
13 37 1.906618e-02
6 55 1.904651e-02
22 38 1.903506e-02
41 65 1.888363e-02
4 25 1.872059e-02
14 59 1.853195e-02
30 58 1.845630e-02
59 62 1.843335e-02
10 25 1.797547e-02
29 71 1.793780e-02
49 65 1.789555e-02
14 20 1.787154e-02
32 52 1.786716e-02
32 56 1.747315e-02
12 65 1.746472e-02
14 15 1.742541e-02
2 47 1.696943e-02
55 68 1.694611e-02
14 28 1.667984e-02
42 67 1.665061e-02
7 65 1.654330e-02
38 57 1.654280e-02
41 57 1.621505e-02
21 66 1.618002e-02
28 70 1.610151e-02
13 54 1.585544e-02
3 49 1.574942e-02
13 66 1.547174e-02
24 69 1.536378e-02
35 51 1.530595e-02
4 60 1.524172e-02
51 67 1.496533e-02
3 52 1.493004e-02
4 63 1.490819e-02
8 55 1.488513e-02
25 68 1.485570e-02
29 41 1.481961e-02
34 44 1.451417e-02
3 28 1.438667e-02
43 57 1.398608e-02
57 66 1.331259e-02
14 16 1.330430e-02
61 66 1.294476e-02
1 66 1.278316e-02
35 62 1.268777e-02
47 65 1.253208e-02
18 27 1.250421e-02
25 42 1.238555e-02
24 45 1.226789e-02
4 67 1.225052e-02
22 67 1.205360e-02
49 61 1.194501e-02
49 71 1.194466e-02
21 25 1.192857e-02
14 27 1.189044e-02
7 11 1.187832e-02
27 67 1.180460e-02
16 28 1.156979e-02
40 60 1.128235e-02
32 71 1.120566e-02
32 34 1.114352e-02
9 37 1.093152e-02
22 54 1.091943e-02
50 57 1.069163e-02
14 46 1.058394e-02
43 66 1.052708e-02
39 52 1.029818e-02
31 39 9.969457e-03
45 63 9.941525e-03
28 29 9.738505e-03
13 68 9.633028e-03
46 62 9.284361e-03
11 13 9.251574e-03
3 31 8.699614e-03
19 67 8.675571e-03
36 61 8.636935e-03
3 24 7.877764e-03
32 58 7.863152e-03
34 64 7.729015e-03
6 8 7.705779e-03
3 36 7.665030e-03
24 30 7.622433e-03
40 70 7.192503e-03
1 48 7.125981e-03
50 58 7.125636e-03
7 20 7.003772e-03
1 37 6.998214e-03
1 40 6.990005e-03
4 35 6.981812e-03
7 60 6.837194e-03
52 63 6.758819e-03
6 43 6.476072e-03
34 49 6.462007e-03
8 37 6.412466e-03
17 43 6.167517e-03
1 20 6.148553e-03
13 36 6.022575e-03
19 42 6.015173e-03
43 58 5.785305e-03
50 70 5.770158e-03
23 47 5.718466e-03
12 23 5.717766e-03
41 43 5.670868e-03
61 71 5.432837e-03
33 54 5.303280e-03
26 43 5.048776e-03
12 16 4.986391e-03
24 50 4.980155e-03
24 64 4.953032e-03
2 42 4.896162e-03
2 62 3.975358e-03
61 63 3.967075e-03
33 38 3.842252e-03
2 39 3.516298e-03
48 66 3.371133e-03
37 42 3.323576e-03
20 34 3.277266e-03
26 44 3.214293e-03
3 57 3.000087e-03
18 26 2.890500e-03
14 47 2.867381e-03
10 67 2.811868e-03
1 29 2.636626e-03
8 43 2.478857e-03
8 24 2.203620e-03
17 33 1.581405e-03
49 55 1.141863e-03
18 28 7.856922e-04
14 56 6.576158e-04
9 28 6.303415e-04
21 43 6.097699e-04
44 67 6.092516e-04
1 24 5.920255e-04
11 36 5.498925e-04
38 62 4.342018e-04
3 17 1.777410e-04
28 43 -3.723919e-05
10 17 -3.834786e-05
15 52 -8.862600e-05
23 25 -2.392399e-04
26 34 -2.510030e-04
58 60 -3.126706e-04
49 64 -5.015565e-04
23 55 -5.876551e-04
4 57 -7.362178e-04
3 22 -8.231697e-04
43 55 -8.331833e-04
41 55 -9.040762e-04
4 20 -1.120018e-03
26 47 -1.183999e-03
50 66 -1.361977e-03
7 18 -1.455657e-03
5 68 -1.552467e-03
28 48 -1.609211e-03
21 29 -1.653460e-03
3 55 -1.765515e-03
59 69 -1.857188e-03
41 56 -1.868580e-03
26 38 -1.963183e-03
13 50 -2.054489e-03
37 40 -2.221277e-03
52 69 -2.232854e-03
49 51 -2.356515e-03
50 69 -2.479521e-03
13 38 -2.488168e-03
38 55 -2.582923e-03
25 44 -2.636302e-03
19 40 -2.948737e-03
9 18 -3.277394e-03
1 21 -3.407298e-03
5 58 -3.419326e-03
1 14 -3.423528e-03
14 41 -3.501367e-03
1 61 -3.521914e-03
47 63 -3.811942e-03
6 35 -3.901389e-03
7 30 -4.085194e-03
25 41 -4.446332e-03
10 40 -4.782680e-03
57 67 -5.138191e-03
10 27 -5.236155e-03
1 39 -5.338475e-03
43 49 -5.582655e-03
11 30 -5.762059e-03
31 54 -5.820700e-03
19 65 -5.898031e-03
49 59 -6.116803e-03
15 32 -6.452234e-03
12 60 -6.662814e-03
6 37 -6.731965e-03
7 32 -6.740651e-03
33 68 -6.971313e-03
11 16 -7.404299e-03
30 41 -7.632437e-03
2 13 -7.642978e-03
10 62 -7.652408e-03
56 71 -7.737191e-03
4 46 -7.832221e-03
47 49 -7.877122e-03
31 68 -8.039768e-03
58 71 -8.044733e-03
21 45 -8.050340e-03
4 42 -8.145200e-03
53 62 -8.264723e-03
40 69 -8.468220e-03
25 70 -8.589771e-03
2 16 -8.591337e-03
11 26 -8.656281e-03
4 38 -8.683799e-03
8 60 -8.905760e-03
34 42 -8.915520e-03
14 43 -8.927005e-03
42 47 -8.981021e-03
29 49 -9.040437e-03
6 45 -9.167614e-03
24 41 -9.183613e-03
46 48 -9.408296e-03
5 62 -9.430021e-03
39 46 -9.575371e-03
10 37 -9.600231e-03
47 53 -9.622275e-03
36 59 -9.670496e-03
23 67 -9.730286e-03
2 25 -9.754463e-03
59 67 -9.820817e-03
5 8 -9.830127e-03
2 21 -9.910872e-03
18 35 -9.924552e-03
59 64 -1.004638e-02
3 19 -1.004799e-02
24 31 -1.004874e-02
4 40 -1.019015e-02
1 34 -1.025695e-02
7 62 -1.034228e-02
29 30 -1.034501e-02
2 22 -1.041434e-02
15 71 -1.049926e-02
15 31 -1.074980e-02
50 51 -1.098142e-02
6 21 -1.107360e-02
1 17 -1.123654e-02
6 51 -1.134307e-02
16 58 -1.136755e-02
1 23 -1.140482e-02
12 63 -1.140928e-02
34 50 -1.163835e-02
39 71 -1.184383e-02
5 39 -1.206922e-02
17 40 -1.214708e-02
48 70 -1.233868e-02
29 61 -1.236807e-02
17 54 -1.262226e-02
35 52 -1.269066e-02
45 59 -1.270843e-02
26 46 -1.283606e-02
4 71 -1.296709e-02
5 48 -1.303070e-02
48 51 -1.325287e-02
16 42 -1.339071e-02
24 42 -1.340897e-02
26 28 -1.359153e-02
29 66 -1.363642e-02
16 50 -1.385728e-02
1 27 -1.400841e-02
53 61 -1.412556e-02
3 20 -1.437597e-02
58 68 -1.441202e-02
41 70 -1.446988e-02
2 38 -1.463906e-02
33 36 -1.489143e-02
39 61 -1.490169e-02
45 67 -1.491009e-02
8 62 -1.504130e-02
16 18 -1.519482e-02
22 37 -1.524620e-02
15 60 -1.531632e-02
29 56 -1.544071e-02
43 59 -1.544231e-02
23 33 -1.569974e-02
13 29 -1.576403e-02
7 19 -1.579213e-02
13 25 -1.580223e-02
54 68 -1.582936e-02
17 26 -1.615940e-02
20 53 -1.628018e-02
2 9 -1.650067e-02
18 38 -1.666105e-02
16 31 -1.667068e-02
42 71 -1.672905e-02
50 63 -1.677477e-02
41 60 -1.679751e-02
1 35 -1.690443e-02
33 40 -1.691574e-02
24 43 -1.694123e-02
17 68 -1.696395e-02
21 42 -1.722968e-02
45 51 -1.747800e-02
26 60 -1.766870e-02
26 31 -1.769421e-02
14 39 -1.779892e-02
2 51 -1.799090e-02
39 63 -1.805672e-02
48 54 -1.830671e-02
1 16 -1.840206e-02
3 26 -1.893288e-02
7 71 -1.895884e-02
12 64 -1.900731e-02
38 68 -1.900818e-02
2 17 -1.910141e-02
30 54 -1.923859e-02
27 34 -1.937828e-02
7 39 -1.950295e-02
1 50 -2.016067e-02
7 53 -2.019396e-02
9 49 -2.023464e-02
13 31 -2.056173e-02
2 66 -2.070884e-02
55 67 -2.081421e-02
45 46 -2.095451e-02
3 61 -2.107683e-02
6 12 -2.130298e-02
4 16 -2.141710e-02
29 70 -2.145450e-02
7 51 -2.183539e-02
2 23 -2.200508e-02
23 62 -2.220390e-02
57 62 -2.223899e-02
31 59 -2.223947e-02
13 71 -2.229407e-02
12 32 -2.250032e-02
8 28 -2.266263e-02
49 67 -2.273167e-02
32 57 -2.286409e-02
3 16 -2.318183e-02
19 70 -2.319916e-02
1 62 -2.343830e-02
7 37 -2.354296e-02
16 57 -2.358825e-02
10 23 -2.364355e-02
2 57 -2.364607e-02
38 71 -2.392103e-02
28 69 -2.466919e-02
36 70 -2.478958e-02
22 39 -2.485278e-02
66 69 -2.495049e-02
30 39 -2.513015e-02
3 34 -2.516716e-02
15 57 -2.521355e-02
36 64 -2.523457e-02
31 60 -2.531585e-02
42 48 -2.543386e-02
1 38 -2.552088e-02
47 51 -2.562039e-02
12 61 -2.569012e-02
12 14 -2.572780e-02
23 71 -2.594036e-02
11 49 -2.597497e-02
16 55 -2.641422e-02
6 65 -2.688906e-02
36 39 -2.694273e-02
12 68 -2.711931e-02
3 45 -2.716185e-02
36 65 -2.743414e-02
2 34 -2.758844e-02
51 57 -2.770444e-02
21 46 -2.778000e-02
31 45 -2.784107e-02
1 10 -2.789818e-02
20 68 -2.812879e-02
28 61 -2.820727e-02
1 47 -2.829445e-02
34 71 -2.835071e-02
33 39 -2.846153e-02
18 34 -2.851103e-02
17 30 -2.854610e-02
4 8 -2.867665e-02
58 65 -2.872507e-02
4 52 -2.889960e-02
35 43 -2.890967e-02
39 50 -2.909592e-02
4 36 -2.930812e-02
5 20 -2.935147e-02
1 9 -2.948990e-02
34 54 -2.953169e-02
1 31 -2.966035e-02
34 57 -2.969647e-02
1 19 -2.978003e-02
9 47 -2.979655e-02
5 32 -3.012134e-02
21 59 -3.027196e-02
2 31 -3.043573e-02
4 21 -3.054027e-02
6 70 -3.058159e-02
1 58 -3.066735e-02
40 61 -3.071596e-02
1 49 -3.093070e-02
10 34 -3.093709e-02
9 48 -3.101686e-02
2 61 -3.107826e-02
36 47 -3.111488e-02
47 50 -3.128428e-02
48 56 -3.128786e-02
22 50 -3.151502e-02
37 62 -3.162450e-02
28 71 -3.162931e-02
46 63 -3.174338e-02
56 70 -3.175785e-02
3 48 -3.193575e-02
27 57 -3.201842e-02
9 15 -3.221895e-02
49 50 -3.223060e-02
35 39 -3.267536e-02
2 48 -3.290308e-02
1 44 -3.313895e-02
8 65 -3.332302e-02
27 41 -3.345556e-02
13 67 -3.384352e-02
18 67 -3.391245e-02
42 46 -3.407621e-02
33 65 -3.411243e-02
2 46 -3.419764e-02
20 40 -3.423409e-02
30 67 -3.432064e-02
35 65 -3.444785e-02
14 24 -3.447488e-02
6 15 -3.450035e-02
26 71 -3.487477e-02
17 31 -3.498759e-02
40 71 -3.515579e-02
18 55 -3.530858e-02
54 61 -3.534107e-02
4 43 -3.535058e-02
38 65 -3.547345e-02
20 25 -3.580144e-02
4 19 -3.648807e-02
1 42 -3.661267e-02
31 67 -3.663484e-02
45 64 -3.674936e-02
4 41 -3.676389e-02
3 44 -3.690861e-02
19 24 -3.721326e-02
7 13 -3.728731e-02
19 68 -3.762108e-02
6 67 -3.776712e-02
5 46 -3.788195e-02
23 41 -3.792955e-02
1 12 -3.808008e-02
10 16 -3.809540e-02
44 70 -3.811540e-02
20 26 -3.846340e-02
9 51 -3.853321e-02
31 57 -3.854521e-02
6 56 -3.861917e-02
40 52 -3.873205e-02
21 37 -3.875995e-02
2 19 -3.882703e-02
7 12 -3.884239e-02
29 52 -3.917334e-02
50 59 -3.928222e-02
28 51 -3.933191e-02
1 56 -3.941066e-02
1 53 -3.946414e-02
44 56 -3.950086e-02
58 59 -3.951978e-02
3 47 -3.959977e-02
52 55 -3.967260e-02
36 55 -3.967753e-02
22 47 -3.968539e-02
47 54 -3.977284e-02
17 37 -3.981140e-02
10 45 -3.984065e-02
55 66 -3.988110e-02
16 56 -3.999620e-02
13 55 -4.017105e-02
10 58 -4.017989e-02
25 27 -4.040814e-02
2 12 -4.051162e-02
61 62 -4.056981e-02
16 66 -4.058878e-02
1 15 -4.069533e-02
20 42 -4.072901e-02
10 15 -4.087965e-02
4 24 -4.093254e-02
19 39 -4.107870e-02
14 52 -4.138322e-02
21 38 -4.143460e-02
58 63 -4.162934e-02
11 70 -4.170817e-02
63 69 -4.190201e-02
4 48 -4.192227e-02
10 28 -4.194593e-02
30 51 -4.195916e-02
4 70 -4.210422e-02
21 24 -4.264712e-02
12 66 -4.272070e-02
52 68 -4.273720e-02
43 50 -4.274426e-02
26 49 -4.280026e-02
4 23 -4.305833e-02
23 68 -4.306788e-02
28 42 -4.307962e-02
1 18 -4.312500e-02
15 63 -4.316264e-02
23 37 -4.318335e-02
23 42 -4.346719e-02
12 42 -4.369204e-02
6 14 -4.370372e-02
39 58 -4.395364e-02
47 69 -4.412685e-02
30 62 -4.415171e-02
12 24 -4.439038e-02
1 68 -4.449778e-02
7 45 -4.468132e-02
4 27 -4.473134e-02
25 36 -4.476924e-02
26 61 -4.482849e-02
35 60 -4.484197e-02
3 59 -4.500426e-02
2 28 -4.504229e-02
20 37 -4.505967e-02
19 48 -4.540509e-02
29 48 -4.541920e-02
28 40 -4.542179e-02
6 64 -4.546714e-02
25 35 -4.561389e-02
32 61 -4.562878e-02
1 43 -4.570478e-02
1 57 -4.593028e-02
47 67 -4.593503e-02
6 27 -4.609803e-02
17 45 -4.611343e-02
9 26 -4.621134e-02
7 57 -4.646265e-02
2 40 -4.654303e-02
39 62 -4.673037e-02
28 66 -4.673670e-02
3 60 -4.689520e-02
5 26 -4.700704e-02
19 47 -4.721043e-02
15 70 -4.747317e-02
45 69 -4.747426e-02
15 27 -4.753214e-02
31 69 -4.753728e-02
36 58 -4.784124e-02
26 52 -4.792660e-02
32 59 -4.799392e-02
50 60 -4.808451e-02
2 45 -4.827695e-02
29 38 -4.853200e-02
20 45 -4.857175e-02
23 63 -4.860741e-02
18 29 -4.870741e-02
10 64 -4.878800e-02
20 64 -4.888809e-02
1 30 -4.892433e-02
29 44 -4.892717e-02
1 41 -4.912278e-02
3 13 -4.913961e-02
4 51 -4.940128e-02
18 60 -4.944629e-02
26 69 -4.968192e-02
7 22 -4.977302e-02
4 62 -4.981947e-02
31 71 -4.984068e-02
45 50 -4.994872e-02
10 43 -4.996174e-02
16 44 -5.001471e-02
53 55 -5.004261e-02
8 15 -5.019742e-02
27 39 -5.037797e-02
63 66 -5.038592e-02
16 47 -5.063438e-02
6 20 -5.068452e-02
15 25 -5.119494e-02
22 63 -5.138927e-02
10 71 -5.146677e-02
51 58 -5.164422e-02
9 57 -5.167007e-02
29 47 -5.169218e-02
37 54 -5.220960e-02
8 10 -5.228707e-02
12 25 -5.233692e-02
49 69 -5.234666e-02
4 31 -5.253743e-02
6 44 -5.267986e-02
19 26 -5.268983e-02
26 27 -5.291659e-02
32 33 -5.297779e-02
41 68 -5.305130e-02
3 58 -5.327114e-02
37 71 -5.335536e-02
23 60 -5.349965e-02
30 61 -5.354804e-02
41 51 -5.356292e-02
10 35 -5.362812e-02
5 35 -5.363775e-02
1 64 -5.372775e-02
23 43 -5.381357e-02
1 33 -5.382084e-02
36 44 -5.382373e-02
7 29 -5.387212e-02
1 59 -5.400770e-02
52 64 -5.401303e-02
3 25 -5.411543e-02
33 47 -5.431799e-02
9 71 -5.436205e-02
19 35 -5.441124e-02
2 29 -5.459595e-02
16 48 -5.507045e-02
3 35 -5.533676e-02
63 71 -5.542158e-02
7 56 -5.545706e-02
7 63 -5.556415e-02
29 69 -5.567782e-02
32 51 -5.578323e-02
33 43 -5.598691e-02
51 63 -5.626764e-02
28 53 -5.634447e-02
3 32 -5.659140e-02
9 10 -5.684016e-02
36 57 -5.686323e-02
41 66 -5.693201e-02
13 44 -5.694055e-02
35 58 -5.696985e-02
11 71 -5.700627e-02
38 48 -5.719348e-02
48 61 -5.727244e-02
3 33 -5.734678e-02
4 30 -5.742596e-02
8 27 -5.754146e-02
28 44 -5.754679e-02
46 71 -5.807464e-02
2 32 -5.814488e-02
17 29 -5.839802e-02
11 37 -5.845605e-02
34 68 -5.846299e-02
17 41 -5.854124e-02
1 51 -5.860024e-02
16 61 -5.881701e-02
12 62 -5.887763e-02
32 48 -5.887983e-02
5 37 -5.898118e-02
22 59 -5.950451e-02
8 21 -5.956029e-02
8 30 -6.013067e-02
9 27 -6.029382e-02
31 49 -6.037005e-02
1 32 -6.037865e-02
56 60 -6.047502e-02
5 18 -6.081932e-02
15 20 -6.086382e-02
1 60 -6.098766e-02
25 58 -6.100846e-02
9 35 -6.102164e-02
52 59 -6.122015e-02
51 69 -6.140911e-02
2 59 -6.158415e-02
2 55 -6.171883e-02
30 65 -6.184107e-02
28 46 -6.190895e-02
6 57 -6.200900e-02
36 60 -6.201272e-02
23 30 -6.202185e-02
15 51 -6.203687e-02
3 62 -6.207003e-02
10 63 -6.210263e-02
28 58 -6.230381e-02
15 64 -6.230591e-02
9 69 -6.231707e-02
2 65 -6.244974e-02
8 31 -6.246875e-02
9 41 -6.263452e-02
33 35 -6.265043e-02
61 70 -6.274072e-02
22 27 -6.298602e-02
34 55 -6.308348e-02
1 45 -6.326819e-02
44 62 -6.353412e-02
4 39 -6.363723e-02
3 51 -6.365911e-02
58 67 -6.379971e-02
3 54 -6.398438e-02
4 17 -6.405672e-02
19 28 -6.420827e-02
33 57 -6.421253e-02
2 60 -6.437250e-02
18 20 -6.441016e-02
34 52 -6.444055e-02
25 66 -6.498843e-02
13 18 -6.501511e-02
14 37 -6.507678e-02
46 56 -6.533952e-02
27 53 -6.542526e-02
38 49 -6.553272e-02
17 32 -6.561585e-02
5 33 -6.563941e-02
2 36 -6.568831e-02
5 61 -6.570473e-02
44 46 -6.571247e-02
16 25 -6.574103e-02
10 32 -6.590266e-02
3 50 -6.598146e-02
38 67 -6.599928e-02
34 63 -6.615910e-02
41 50 -6.622941e-02
2 58 -6.646726e-02
23 26 -6.665804e-02
19 32 -6.672591e-02
11 43 -6.677254e-02
3 40 -6.680016e-02
30 68 -6.684361e-02
16 71 -6.686221e-02
42 66 -6.689524e-02
11 14 -6.692663e-02
44 50 -6.695209e-02
19 62 -6.730757e-02
56 67 -6.747406e-02
2 69 -6.756252e-02
41 71 -6.773572e-02
43 63 -6.796994e-02
30 36 -6.811667e-02
34 56 -6.813296e-02
34 45 -6.816011e-02
16 70 -6.818297e-02
23 53 -6.829585e-02
31 61 -6.881380e-02
42 61 -6.893557e-02
22 51 -6.912810e-02
23 66 -6.924227e-02
7 40 -6.934870e-02
1 55 -6.960015e-02
2 43 -6.971087e-02
5 16 -6.982122e-02
1 65 -6.991765e-02
35 47 -7.003417e-02
37 64 -7.021649e-02
12 48 -7.025287e-02
22 32 -7.045735e-02
24 34 -7.056722e-02
23 70 -7.102646e-02
6 41 -7.113291e-02
27 29 -7.131110e-02
4 61 -7.159195e-02
31 42 -7.166701e-02
59 63 -7.171962e-02
5 67 -7.197770e-02
2 18 -7.204738e-02
3 38 -7.213805e-02
27 45 -7.220545e-02
6 46 -7.220874e-02
16 49 -7.227739e-02
11 58 -7.229029e-02
7 27 -7.258120e-02
20 46 -7.263758e-02
1 8 -7.284308e-02
18 51 -7.290210e-02
5 42 -7.293534e-02
19 27 -7.300024e-02
6 47 -7.301676e-02
27 70 -7.307642e-02
23 51 -7.330792e-02
26 59 -7.335075e-02
16 36 -7.339676e-02
2 26 -7.340118e-02
18 32 -7.343768e-02
48 71 -7.351199e-02
14 29 -7.353126e-02
14 58 -7.355411e-02
37 60 -7.374303e-02
9 62 -7.383590e-02
40 64 -7.417889e-02
2 54 -7.424430e-02
38 70 -7.434196e-02
3 14 -7.435308e-02
20 30 -7.447827e-02
44 63 -7.454521e-02
6 58 -7.462026e-02
6 11 -7.472812e-02
21 34 -7.474105e-02
10 42 -7.485578e-02
20 29 -7.494022e-02
15 67 -7.502144e-02
3 63 -7.533341e-02
8 57 -7.555404e-02
23 61 -7.581474e-02
37 57 -7.600287e-02
61 64 -7.601253e-02
24 59 -7.601716e-02
21 44 -7.621719e-02
10 51 -7.630764e-02
15 22 -7.634556e-02
45 68 -7.664050e-02
37 52 -7.692360e-02
1 54 -7.707527e-02
18 42 -7.712444e-02
8 32 -7.720573e-02
34 53 -7.766425e-02
14 51 -7.767131e-02
25 37 -7.772985e-02
3 43 -7.788907e-02
2 63 -7.800840e-02
46 54 -7.801769e-02
55 65 -7.816814e-02
5 24 -7.817107e-02
7 47 -7.827434e-02
24 71 -7.847294e-02
4 47 -7.852047e-02
52 61 -7.865397e-02
16 69 -7.875457e-02
10 38 -7.911133e-02
9 24 -7.912754e-02
2 41 -7.956780e-02
52 71 -7.960899e-02
6 69 -8.004061e-02
31 41 -8.044052e-02
56 66 -8.069175e-02
26 40 -8.091184e-02
58 66 -8.094525e-02
7 35 -8.156512e-02
8 59 -8.189329e-02
25 55 -8.196085e-02
18 48 -8.210750e-02
31 65 -8.215851e-02
6 10 -8.252567e-02
47 52 -8.314694e-02
32 47 -8.352086e-02
36 50 -8.357770e-02
42 70 -8.371663e-02
28 56 -8.414342e-02
52 57 -8.433571e-02
8 41 -8.454819e-02
16 65 -8.470562e-02
18 58 -8.488351e-02
9 42 -8.511292e-02
17 49 -8.541285e-02
44 69 -8.565853e-02
2 49 -8.574861e-02
26 39 -8.632740e-02
38 60 -8.639625e-02
11 21 -8.652397e-02
60 71 -8.654051e-02
17 64 -8.660096e-02
28 57 -8.667083e-02
10 31 -8.667435e-02
18 56 -8.686618e-02
39 57 -8.689903e-02
11 57 -8.696556e-02
14 60 -8.709189e-02
30 57 -8.749020e-02
2 50 -8.750941e-02
2 30 -8.756660e-02
29 46 -8.794291e-02
25 71 -8.805671e-02
1 25 -8.824595e-02
51 64 -8.838813e-02
51 71 -8.847229e-02
17 71 -8.866196e-02
13 40 -8.875645e-02
22 48 -8.891407e-02
16 62 -8.898467e-02
6 17 -8.919188e-02
1 11 -8.935038e-02
39 67 -8.937188e-02
41 63 -8.937541e-02
3 39 -8.954761e-02
16 45 -8.958891e-02
28 68 -8.964074e-02
4 53 -8.965026e-02
5 31 -8.985540e-02
5 55 -9.002425e-02
26 62 -9.007223e-02
56 59 -9.010275e-02
53 68 -9.045434e-02
6 68 -9.060683e-02
27 60 -9.068620e-02
44 57 -9.104680e-02
11 18 -9.105086e-02
45 49 -9.127787e-02
12 39 -9.142083e-02
42 56 -9.142609e-02
9 58 -9.185301e-02
30 42 -9.211606e-02
11 19 -9.213310e-02
12 46 -9.216393e-02
19 69 -9.220591e-02
2 53 -9.232509e-02
13 52 -9.287275e-02
10 55 -9.287346e-02
25 57 -9.292502e-02
59 65 -9.311048e-02
7 46 -9.313290e-02
52 70 -9.346778e-02
25 39 -9.361947e-02
5 12 -9.372091e-02
5 59 -9.375121e-02
19 58 -9.406827e-02
33 66 -9.453793e-02
10 52 -9.461415e-02
17 57 -9.473504e-02
12 51 -9.503320e-02
59 61 -9.503935e-02
32 69 -9.527465e-02
55 71 -9.533250e-02
3 64 -9.536269e-02
3 23 -9.537683e-02
7 54 -9.552982e-02
6 63 -9.571753e-02
8 66 -9.608858e-02
22 58 -9.621028e-02
3 65 -9.623713e-02
46 59 -9.624547e-02
9 19 -9.642632e-02
54 67 -9.665339e-02
62 66 -9.695429e-02
35 66 -9.716820e-02
56 64 -9.725447e-02
8 36 -9.741766e-02
37 65 -9.742284e-02
32 60 -9.758369e-02
25 29 -9.769289e-02
6 42 -9.774090e-02
32 38 -9.779857e-02
14 64 -9.804783e-02
34 60 -9.806065e-02
1 26 -9.822220e-02
28 30 -9.832467e-02
11 24 -9.843847e-02
41 62 -9.845329e-02
11 48 -9.870300e-02
23 59 -9.873147e-02
24 57 -9.884643e-02
6 50 -9.896538e-02
54 63 -9.902600e-02
3 8 -9.916509e-02
20 55 -9.967875e-02
9 44 -9.984294e-02
33 51 -9.985087e-02
8 20 -9.991142e-02
10 57 -1.000253e-01
2 37 -1.002870e-01
11 34 -1.003587e-01
20 24 -1.004555e-01
49 70 -1.004621e-01
49 66 -1.005130e-01
43 71 -1.006950e-01
7 31 -1.008166e-01
37 50 -1.011194e-01
18 49 -1.013075e-01
28 39 -1.013809e-01
15 59 -1.014758e-01
3 30 -1.015248e-01
55 58 -1.015975e-01
29 53 -1.016015e-01
4 45 -1.016262e-01
14 54 -1.017244e-01
6 19 -1.018011e-01
37 43 -1.021539e-01
58 69 -1.023662e-01
3 37 -1.023715e-01
9 63 -1.024771e-01
4 32 -1.024992e-01
22 53 -1.025343e-01
22 69 -1.026555e-01
17 48 -1.027134e-01
18 62 -1.031466e-01
6 28 -1.031927e-01
31 52 -1.032642e-01
29 32 -1.033911e-01
35 36 -1.034111e-01
5 36 -1.034203e-01
20 65 -1.034238e-01
23 54 -1.036614e-01
45 57 -1.038915e-01
5 54 -1.039427e-01
20 51 -1.042381e-01
2 15 -1.043218e-01
37 44 -1.043954e-01
22 30 -1.044937e-01
28 55 -1.045408e-01
20 47 -1.046383e-01
3 41 -1.049497e-01
43 64 -1.050552e-01
10 56 -1.054719e-01
3 69 -1.054859e-01
6 38 -1.055775e-01
40 58 -1.057200e-01
39 69 -1.059815e-01
8 38 -1.060699e-01
8 13 -1.065661e-01
17 60 -1.065903e-01
24 68 -1.069471e-01
13 32 -1.071575e-01
12 71 -1.072188e-01
8 63 -1.072485e-01
7 49 -1.072720e-01
2 11 -1.074366e-01
17 65 -1.075149e-01
8 17 -1.075717e-01
36 69 -1.076399e-01
13 28 -1.076462e-01
5 51 -1.077059e-01
36 53 -1.079522e-01
20 41 -1.080822e-01
2 35 -1.085833e-01
28 62 -1.087470e-01
25 50 -1.090256e-01
5 23 -1.093857e-01
11 47 -1.094718e-01
11 20 -1.095151e-01
35 55 -1.097509e-01
21 69 -1.098518e-01
53 66 -1.098876e-01
22 36 -1.098959e-01
19 38 -1.099004e-01
12 56 -1.099505e-01
19 51 -1.100257e-01
14 70 -1.101126e-01
5 43 -1.102872e-01
14 25 -1.104233e-01
3 56 -1.105525e-01
43 60 -1.106855e-01
26 35 -1.112671e-01
53 71 -1.113155e-01
38 64 -1.115061e-01
31 63 -1.115570e-01
21 58 -1.116989e-01
5 25 -1.117599e-01
39 68 -1.118714e-01
30 52 -1.120676e-01
27 55 -1.121102e-01
40 50 -1.122229e-01
23 57 -1.122931e-01
34 51 -1.123876e-01
13 33 -1.124243e-01
11 66 -1.126233e-01
12 70 -1.132937e-01
62 68 -1.134944e-01
18 70 -1.135118e-01
31 66 -1.138372e-01
23 38 -1.138493e-01
2 64 -1.138606e-01
21 54 -1.141303e-01
62 69 -1.141731e-01
8 42 -1.143422e-01
25 49 -1.144131e-01
35 46 -1.144731e-01
12 58 -1.146097e-01
20 54 -1.146948e-01
13 69 -1.147182e-01
64 71 -1.149939e-01
9 45 -1.150339e-01
10 22 -1.150524e-01
41 59 -1.151272e-01
26 66 -1.151348e-01
11 28 -1.154110e-01
6 54 -1.154214e-01
22 62 -1.155492e-01
8 52 -1.155669e-01
19 66 -1.159623e-01
16 23 -1.160215e-01
27 46 -1.161126e-01
19 41 -1.168152e-01
20 35 -1.168271e-01
8 26 -1.175746e-01
23 36 -1.179731e-01
33 45 -1.182047e-01
14 65 -1.185059e-01
34 62 -1.189008e-01
33 52 -1.189285e-01
38 54 -1.194610e-01
27 59 -1.195529e-01
11 27 -1.196992e-01
26 68 -1.197031e-01
16 19 -1.199770e-01
16 33 -1.200283e-01
4 59 -1.202962e-01
2 68 -1.203262e-01
38 59 -1.205187e-01
36 48 -1.206735e-01
39 59 -1.207048e-01
28 47 -1.209036e-01
44 65 -1.209596e-01
46 51 -1.212065e-01
32 54 -1.214911e-01
31 53 -1.215936e-01
7 15 -1.222510e-01
14 19 -1.223672e-01
12 27 -1.226523e-01
21 33 -1.226530e-01
30 59 -1.228599e-01
14 55 -1.232542e-01
7 21 -1.233302e-01
26 63 -1.235570e-01
6 25 -1.236603e-01
55 59 -1.238813e-01
8 47 -1.243132e-01
27 62 -1.243534e-01
25 64 -1.246067e-01
66 67 -1.246560e-01
33 58 -1.246905e-01
20 33 -1.248140e-01
30 40 -1.248189e-01
32 63 -1.250634e-01
36 56 -1.251366e-01
48 62 -1.252195e-01
23 35 -1.253192e-01
11 25 -1.261737e-01
13 27 -1.262292e-01
47 60 -1.262323e-01
30 55 -1.262590e-01
5 57 -1.263812e-01
27 33 -1.269585e-01
24 60 -1.270205e-01
16 63 -1.271684e-01
15 49 -1.272887e-01
4 50 -1.275861e-01
48 50 -1.275911e-01
25 63 -1.277042e-01
12 44 -1.278789e-01
4 12 -1.286017e-01
8 68 -1.286208e-01
6 29 -1.286719e-01
23 50 -1.287691e-01
3 11 -1.288917e-01
39 48 -1.290264e-01
15 53 -1.291204e-01
6 16 -1.291800e-01
16 46 -1.295407e-01
20 49 -1.297454e-01
27 63 -1.298754e-01
2 33 -1.301107e-01
6 23 -1.308791e-01
23 65 -1.309110e-01
4 68 -1.314065e-01
5 63 -1.314826e-01
50 56 -1.317293e-01
19 44 -1.318525e-01
49 60 -1.322137e-01
15 38 -1.324815e-01
22 52 -1.326532e-01
13 30 -1.326737e-01
7 69 -1.329520e-01
30 66 -1.331427e-01
38 69 -1.335567e-01
37 66 -1.341988e-01
12 19 -1.344560e-01
17 61 -1.344850e-01
35 68 -1.345531e-01
9 31 -1.345620e-01
9 66 -1.347049e-01
31 46 -1.349907e-01
2 67 -1.350474e-01
35 64 -1.350531e-01
14 71 -1.353588e-01
5 15 -1.356669e-01
4 69 -1.359743e-01
17 36 -1.359818e-01
9 38 -1.363113e-01
34 46 -1.364081e-01
16 41 -1.365315e-01
20 56 -1.370349e-01
27 50 -1.373403e-01
62 63 -1.373599e-01
21 31 -1.380212e-01
25 60 -1.381924e-01
43 61 -1.384594e-01
13 56 -1.386137e-01
19 37 -1.389719e-01
18 47 -1.390932e-01
7 44 -1.394949e-01
36 52 -1.395661e-01
30 71 -1.396255e-01
15 45 -1.397669e-01
3 29 -1.398699e-01
23 29 -1.399947e-01
12 18 -1.401080e-01
14 69 -1.401997e-01
43 70 -1.404973e-01
5 56 -1.405373e-01
19 29 -1.410929e-01
4 37 -1.410993e-01
58 61 -1.412224e-01
11 61 -1.414551e-01
6 22 -1.415497e-01
21 61 -1.415541e-01
51 70 -1.416413e-01
11 38 -1.416956e-01
30 38 -1.418586e-01
49 53 -1.420686e-01
42 58 -1.421585e-01
19 31 -1.421923e-01
33 41 -1.423648e-01
8 45 -1.424931e-01
15 35 -1.428736e-01
8 44 -1.429870e-01
16 54 -1.434813e-01
43 56 -1.435674e-01
33 48 -1.439458e-01
12 47 -1.454459e-01
36 63 -1.454702e-01
10 54 -1.456715e-01
14 30 -1.460877e-01
13 34 -1.464671e-01
57 68 -1.466722e-01
18 41 -1.467377e-01
16 52 -1.467939e-01
28 50 -1.467993e-01
18 30 -1.469033e-01
15 24 -1.476343e-01
41 58 -1.477782e-01
24 63 -1.478541e-01
14 32 -1.481379e-01
31 43 -1.485759e-01
7 28 -1.488029e-01
2 56 -1.488682e-01
59 70 -1.491128e-01
46 49 -1.494522e-01
37 70 -1.497409e-01
21 35 -1.498616e-01
47 57 -1.500639e-01
25 46 -1.504882e-01
60 70 -1.507334e-01
17 53 -1.508475e-01
57 70 -1.511867e-01
40 59 -1.516682e-01
4 11 -1.519352e-01
56 65 -1.522246e-01
5 11 -1.522933e-01
53 70 -1.525472e-01
26 56 -1.529227e-01
19 45 -1.529374e-01
35 67 -1.529754e-01
6 53 -1.530348e-01
4 18 -1.530660e-01
5 28 -1.530674e-01
25 67 -1.531741e-01
18 65 -1.532029e-01
18 43 -1.533036e-01
31 64 -1.536975e-01
4 29 -1.542755e-01
15 23 -1.542932e-01
35 54 -1.543311e-01
36 40 -1.543574e-01
6 18 -1.543597e-01
5 38 -1.544390e-01
16 32 -1.549579e-01
12 67 -1.553610e-01
12 45 -1.558492e-01
16 67 -1.559778e-01
38 50 -1.561748e-01
34 67 -1.570461e-01
21 63 -1.570743e-01
38 46 -1.573249e-01
22 68 -1.578658e-01
48 64 -1.579421e-01
59 71 -1.586169e-01
11 44 -1.586714e-01
21 64 -1.587100e-01
42 69 -1.591829e-01
33 56 -1.596249e-01
50 71 -1.604075e-01
34 41 -1.605151e-01
4 15 -1.608150e-01
49 68 -1.609044e-01
20 67 -1.611611e-01
10 29 -1.621232e-01
24 32 -1.626302e-01
18 36 -1.629203e-01
11 39 -1.633041e-01
39 53 -1.637948e-01
57 61 -1.647870e-01
7 64 -1.649863e-01
57 71 -1.649906e-01
15 66 -1.650568e-01
9 22 -1.650904e-01
38 53 -1.654007e-01
50 52 -1.654306e-01
22 65 -1.655484e-01
35 50 -1.662097e-01
21 32 -1.663336e-01
55 69 -1.664449e-01
53 59 -1.665576e-01
3 18 -1.666452e-01
15 61 -1.671014e-01
15 44 -1.673298e-01
26 65 -1.682743e-01
19 52 -1.684509e-01
3 21 -1.687572e-01
15 21 -1.692156e-01
28 59 -1.695871e-01
46 58 -1.696290e-01
27 54 -1.702502e-01
30 70 -1.702874e-01
18 40 -1.707809e-01
67 71 -1.708269e-01
10 49 -1.710116e-01
2 8 -1.716344e-01
15 55 -1.724296e-01
31 33 -1.726051e-01
8 19 -1.726095e-01
11 35 -1.727891e-01
12 41 -1.730398e-01
34 70 -1.733441e-01
10 65 -1.740646e-01
24 36 -1.745613e-01
10 46 -1.746492e-01
38 47 -1.750102e-01
13 48 -1.751623e-01
16 43 -1.754141e-01
13 64 -1.773365e-01
14 31 -1.776425e-01
32 37 -1.790822e-01
14 33 -1.793524e-01
23 45 -1.796375e-01
44 64 -1.799756e-01
9 61 -1.805506e-01
5 69 -1.813925e-01
11 53 -1.817871e-01
26 50 -1.818552e-01
25 34 -1.823380e-01
7 38 -1.825259e-01
9 50 -1.826061e-01
26 48 -1.829677e-01
16 34 -1.835674e-01
4 58 -1.835896e-01
18 64 -1.838607e-01
13 57 -1.840991e-01
8 48 -1.844022e-01
25 54 -1.847493e-01
37 53 -1.850285e-01
5 14 -1.855255e-01
19 64 -1.861348e-01
29 65 -1.862609e-01
53 65 -1.862682e-01
6 33 -1.865336e-01
46 66 -1.867452e-01
29 63 -1.873452e-01
24 26 -1.873591e-01
9 33 -1.874038e-01
5 60 -1.875633e-01
21 68 -1.878787e-01
22 29 -1.885161e-01
27 37 -1.888125e-01
10 39 -1.889334e-01
7 33 -1.889344e-01
5 50 -1.902729e-01
18 61 -1.906912e-01
46 47 -1.909848e-01
6 59 -1.912512e-01
3 46 -1.913773e-01
37 67 -1.914702e-01
25 33 -1.918526e-01
29 57 -1.921560e-01
21 60 -1.922579e-01
24 46 -1.930832e-01
32 50 -1.933492e-01
40 68 -1.934139e-01
15 37 -1.938590e-01
35 59 -1.939120e-01
52 60 -1.941781e-01
30 48 -1.945998e-01
44 60 -1.952006e-01
11 17 -1.953097e-01
53 67 -1.961116e-01
7 67 -1.961544e-01
12 52 -1.964740e-01
33 49 -1.967239e-01
46 53 -1.969881e-01
12 49 -1.975065e-01
45 60 -1.980232e-01
32 70 -1.992763e-01
33 44 -1.993757e-01
8 71 -1.995118e-01
31 50 -2.002662e-01
7 23 -2.008266e-01
17 69 -2.010733e-01
29 31 -2.013143e-01
4 64 -2.019563e-01
20 43 -2.023606e-01
20 59 -2.027248e-01
24 37 -2.033031e-01
51 54 -2.034922e-01
7 52 -2.039287e-01
3 15 -2.046190e-01
32 64 -2.047000e-01
21 50 -2.047064e-01
63 68 -2.047592e-01
21 57 -2.052067e-01
36 54 -2.060249e-01
22 64 -2.064981e-01
42 53 -2.067960e-01
24 54 -2.072932e-01
51 68 -2.074232e-01
40 47 -2.074345e-01
8 18 -2.077881e-01
29 43 -2.088437e-01
8 22 -2.095984e-01
29 58 -2.101870e-01
33 42 -2.105769e-01
16 64 -2.106079e-01
11 51 -2.110518e-01
26 45 -2.113804e-01
15 41 -2.114030e-01
39 54 -2.116465e-01
4 49 -2.122229e-01
39 70 -2.122689e-01
20 32 -2.127536e-01
9 68 -2.130923e-01
11 22 -2.131450e-01
10 26 -2.132917e-01
18 66 -2.133592e-01
19 50 -2.135323e-01
30 56 -2.136866e-01
11 42 -2.140558e-01
39 64 -2.141464e-01
14 26 -2.141960e-01
14 36 -2.146421e-01
44 54 -2.147202e-01
13 61 -2.165403e-01
28 67 -2.168252e-01
17 56 -2.169085e-01
12 21 -2.174660e-01
47 58 -2.178742e-01
18 69 -2.179898e-01
24 29 -2.186041e-01
29 50 -2.190043e-01
5 30 -2.192236e-01
19 49 -2.196219e-01
12 28 -2.199997e-01
30 53 -2.200985e-01
34 61 -2.217850e-01
29 51 -2.219587e-01
25 69 -2.224380e-01
65 67 -2.228914e-01
11 55 -2.231989e-01
48 67 -2.233663e-01
13 19 -2.234632e-01
23 46 -2.234818e-01
5 53 -2.239425e-01
19 63 -2.239558e-01
42 63 -2.240354e-01
62 67 -2.241295e-01
32 66 -2.255568e-01
40 54 -2.256965e-01
39 65 -2.259154e-01
54 65 -2.280197e-01
20 36 -2.292634e-01
6 60 -2.295227e-01
28 54 -2.305646e-01
26 55 -2.308850e-01
29 59 -2.309331e-01
10 60 -2.309456e-01
36 49 -2.310443e-01
9 64 -2.312693e-01
8 51 -2.317942e-01
57 64 -2.329770e-01
9 55 -2.343206e-01
29 35 -2.375220e-01
20 61 -2.376721e-01
23 64 -2.380652e-01
10 24 -2.381923e-01
41 67 -2.392173e-01
55 64 -2.393716e-01
9 60 -2.438054e-01
24 47 -2.442183e-01
11 59 -2.445450e-01
7 25 -2.445962e-01
31 70 -2.456886e-01
3 67 -2.474672e-01
7 17 -2.475291e-01
42 50 -2.483412e-01
18 46 -2.488882e-01
8 25 -2.495138e-01
11 62 -2.496075e-01
6 61 -2.499272e-01
44 55 -2.505298e-01
16 40 -2.513311e-01
11 56 -2.515992e-01
32 55 -2.519467e-01
22 33 -2.522953e-01
28 60 -2.569626e-01
14 57 -2.569841e-01
43 53 -2.573502e-01
4 54 -2.573654e-01
30 44 -2.576311e-01
15 34 -2.583005e-01
27 64 -2.584249e-01
15 39 -2.594009e-01
4 33 -2.602826e-01
21 65 -2.613133e-01
13 49 -2.614280e-01
15 69 -2.623816e-01
42 64 -2.638889e-01
5 64 -2.643116e-01
45 52 -2.644756e-01
9 54 -2.679602e-01
13 26 -2.693661e-01
13 60 -2.700255e-01
14 22 -2.705800e-01
19 33 -2.720934e-01
22 35 -2.727940e-01
17 63 -2.743239e-01
36 62 -2.765722e-01
8 39 -2.766250e-01
5 40 -2.778493e-01
40 67 -2.788544e-01
59 68 -2.794941e-01
15 43 -2.799775e-01
26 70 -2.842554e-01
19 34 -2.848348e-01
44 68 -2.860066e-01
28 64 -2.868708e-01
40 46 -2.973418e-01
31 36 -2.989798e-01
9 11 -2.990224e-01
11 40 -2.993286e-01
60 66 -2.996931e-01
17 46 -2.999331e-01
51 60 -3.008009e-01
38 42 -3.016366e-01
17 67 -3.027373e-01
14 68 -3.032547e-01
18 68 -3.037443e-01
41 64 -3.077347e-01
8 56 -3.102931e-01
9 46 -3.156133e-01
20 69 -3.250970e-01
15 42 -3.272325e-01
40 43 -3.297616e-01
11 41 -3.307676e-01
22 46 -3.334296e-01
37 68 -3.398115e-01
52 67 -3.409178e-01
49 54 -3.720846e-01
45 54 -3.861720e-01
24 33 -3.996880e-01
11 45 -4.314054e-01
15 48 -4.476516e-01
