18,59,0.363621
11,15,0.323948
14,63,0.247032
8,67,0.237528
11,63,0.234936
29,54,0.226778
50,64,0.223145
15,54,0.221135
60,64,0.211816
20,23,0.190313
61,65,0.187255
57,58,0.183509
46,64,0.180794
56,58,0.177993
53,54,0.173064
16,26,0.171389
26,30,0.168254
8,11,0.165690
15,29,0.163982
32,49,0.161667
3,4,0.160831
28,49,0.160694
22,25,0.157590
19,25,0.153215
57,59,0.152928
36,46,0.149791
64,67,0.147948
11,29,0.144840
33,46,0.140871
18,57,0.139750
8,33,0.139463
11,60,0.139308
68,71,0.136425
67,68,0.134553
19,56,0.131119
69,70,0.127874
33,37,0.127691
62,64,0.126743
4,5,0.123953
55,62,0.123786
15,19,0.123193
38,40,0.120534
28,31,0.119476
26,29,0.118904
69,71,0.118821
25,51,0.118133
2,3,0.117267
41,48,0.114098
34,38,0.113344
24,52,0.112544
41,49,0.110629
6,9,0.110449
30,33,0.109978
50,53,0.109660
19,20,0.109210
22,23,0.108826
49,56,0.108311
52,54,0.107469
19,21,0.107368
7,10,0.107076
22,28,0.106673
32,46,0.106310
11,68,0.106062
46,70,0.105641
46,69,0.105626
51,61,0.105512
27,30,0.104798
21,22,0.103074
55,56,0.100128
64,68,0.099231
37,39,0.099150
34,40,0.098366
68,70,0.097779
54,64,0.097757
18,21,0.097242
47,62,0.096456
15,40,0.096005
54,57,0.095654
31,38,0.095294
43,69,0.095109
51,55,0.094891
18,19,0.093873
56,57,0.093865
10,14,0.093566
30,64,0.092555
2,4,0.092479
24,44,0.092409
3,5,0.091976
8,14,0.091841
2,5,0.091602
36,66,0.091419
44,45,0.090613
42,44,0.090610
16,29,0.090402
36,68,0.090385
46,60,0.090098
42,51,0.088993
64,69,0.087986
20,21,0.087537
16,51,0.087402
68,69,0.087036
33,64,0.086666
11,67,0.086240
22,24,0.085966
6,13,0.085732
40,45,0.085439
33,63,0.085235
53,60,0.085043
37,38,0.084474
8,64,0.084272
27,31,0.083681
32,35,0.083179
50,55,0.083120
40,65,0.082830
29,33,0.082348
12,54,0.081903
35,42,0.081378
25,52,0.081300
17,44,0.081279
32,41,0.081013
34,59,0.080770
33,67,0.080743
14,45,0.080574
28,41,0.080330
30,31,0.079776
9,13,0.079321
32,42,0.079062
46,67,0.079025
5,9,0.078828
19,36,0.078141
35,38,0.077919
33,53,0.077450
37,51,0.077209
12,36,0.077149
15,33,0.077114
40,57,0.076987
15,26,0.076912
22,42,0.076370
1,2,0.076063
20,52,0.075987
7,50,0.075727
24,51,0.075202
22,31,0.074374
34,37,0.074293
58,70,0.073462
24,48,0.073339
6,66,0.073323
46,52,0.072308
9,53,0.072185
8,53,0.072183
50,61,0.071925
12,31,0.071719
63,65,0.071567
24,27,0.071195
50,67,0.070786
9,52,0.070781
18,25,0.070618
23,58,0.070552
7,16,0.070480
35,48,0.070297
16,30,0.070147
35,40,0.069887
67,69,0.069145
41,44,0.067924
4,6,0.067911
50,68,0.067661
54,69,0.067475
16,60,0.066969
5,6,0.066958
60,63,0.066724
63,67,0.066662
9,25,0.066633
61,67,0.066061
6,7,0.065946
23,28,0.065697
21,70,0.065554
12,69,0.065294
47,68,0.065035
39,44,0.064757
22,45,0.064420
38,51,0.064275
31,58,0.064094
41,52,0.063461
31,34,0.063236
24,25,0.062461
48,59,0.062416
19,30,0.062353
29,68,0.061949
45,65,0.061890
28,35,0.061709
6,48,0.061354
43,62,0.061195
48,49,0.060895
17,20,0.060885
9,59,0.060723
4,7,0.060672
17,18,0.060669
33,60,0.060668
34,43,0.060576
42,45,0.060536
19,57,0.060428
25,26,0.060322
65,66,0.060200
37,49,0.060143
47,48,0.060099
17,38,0.059795
64,66,0.059487
42,59,0.059379
26,32,0.059325
31,48,0.058944
25,53,0.058793
10,13,0.058561
15,47,0.058558
34,35,0.058526
51,65,0.058462
29,62,0.058438
36,43,0.058436
26,58,0.058433
38,39,0.058396
13,43,0.058113
32,39,0.058111
38,41,0.058106
13,42,0.058071
41,54,0.057773
36,41,0.057697
28,34,0.057605
27,38,0.057528
61,68,0.057246
16,17,0.057225
16,27,0.057022
7,8,0.056838
15,68,0.056528
63,70,0.056458
19,55,0.056419
26,42,0.056382
50,57,0.056172
9,56,0.056097
13,20,0.055828
32,67,0.055635
19,60,0.055431
61,69,0.055326
35,44,0.055014
37,48,0.054836
52,66,0.054636
14,18,0.054628
11,54,0.054597
19,23,0.054567
26,37,0.054512
7,24,0.054511
25,31,0.054503
4,14,0.054395
1,3,0.054289
12,30,0.054234
3,7,0.054099
19,46,0.054077
43,68,0.053700
9,17,0.053507
32,36,0.053506
60,69,0.053473
25,47,0.053397
12,17,0.053352
20,70,0.053337
11,33,0.053329
47,71,0.053100
41,42,0.052984
16,53,0.052906
32,68,0.052698
39,43,0.052615
8,54,0.052611
9,29,0.052329
39,40,0.052222
27,47,0.052017
7,34,0.051773
5,10,0.051609
37,63,0.051485
9,36,0.051463
11,23,0.051424
39,41,0.051172
41,69,0.050880
7,48,0.050768
16,38,0.050729
22,43,0.050714
6,32,0.050658
16,39,0.050649
21,49,0.050500
14,23,0.050402
44,66,0.050222
54,60,0.049984
12,40,0.049845
13,16,0.049474
11,65,0.049467
9,23,0.049442
20,27,0.049355
51,66,0.049346
47,56,0.049321
21,55,0.049252
20,31,0.049190
26,64,0.048782
20,48,0.048551
53,58,0.048331
27,49,0.048280
39,47,0.048113
17,22,0.048025
48,65,0.047971
9,32,0.047957
10,59,0.047807
59,60,0.047624
27,68,0.047477
32,53,0.047468
47,66,0.047294
37,46,0.047274
65,68,0.047214
14,17,0.047003
46,55,0.046697
42,43,0.046697
42,49,0.046646
23,44,0.046177
37,61,0.046133
41,46,0.046048
42,55,0.046013
15,62,0.046013
18,44,0.045970
25,61,0.045898
3,6,0.045773
30,43,0.045755
30,50,0.045724
27,71,0.045709
40,53,0.045673
28,65,0.045603
29,36,0.045599
66,68,0.045428
28,33,0.045180
31,62,0.045177
10,11,0.045130
50,70,0.044880
29,42,0.044876
18,63,0.044850
23,49,0.044811
13,70,0.044794
27,40,0.044568
10,12,0.044442
30,60,0.044419
31,32,0.044244
44,59,0.043942
46,57,0.043663
49,63,0.043622
44,47,0.043590
5,49,0.043582
27,52,0.043446
16,59,0.043417
9,16,0.043372
4,13,0.043292
29,67,0.043029
19,22,0.042966
9,12,0.042879
11,46,0.042804
34,36,0.042736
31,40,0.042693
32,40,0.042671
57,60,0.042664
16,22,0.042655
10,36,0.042617
17,50,0.042513
53,69,0.042423
31,35,0.042362
42,65,0.042260
21,23,0.042139
8,23,0.042123
18,23,0.042005
12,37,0.041606
24,53,0.041596
39,55,0.041435
24,40,0.041402
29,37,0.041330
8,12,0.041235
34,47,0.041013
12,57,0.040990
52,56,0.040968
37,69,0.040828
15,18,0.040782
18,54,0.040670
17,51,0.040625
37,58,0.040504
14,50,0.040469
5,66,0.040431
61,71,0.040431
30,45,0.040312
10,61,0.040305
30,32,0.040168
15,65,0.040132
39,45,0.039963
6,30,0.039874
35,41,0.039768
26,51,0.039743
6,45,0.039561
7,70,0.039312
44,52,0.039240
48,52,0.039227
20,50,0.039194
23,24,0.039146
31,56,0.039067
23,32,0.039001
21,26,0.038847
7,68,0.038684
8,35,0.038574
3,53,0.038553
41,53,0.038545
28,63,0.038309
12,22,0.038300
42,54,0.038268
25,28,0.038236
37,59,0.038226
7,14,0.038224
43,44,0.038104
39,66,0.038013
6,39,0.037967
17,58,0.037929
14,20,0.037681
17,34,0.037562
43,47,0.037547
13,15,0.037527
15,58,0.037413
45,51,0.037257
17,47,0.037163
34,48,0.037146
20,60,0.037101
35,45,0.036994
6,64,0.036984
14,49,0.036969
32,65,0.036785
5,19,0.036528
4,22,0.036512
2,71,0.036434
12,59,0.036428
60,68,0.036397
51,52,0.036377
18,37,0.036346
12,43,0.036331
29,55,0.036255
47,55,0.036131
10,47,0.036090
24,39,0.035998
15,50,0.035940
34,49,0.035889
31,45,0.035855
33,54,0.035736
23,71,0.035725
7,55,0.035660
24,67,0.035458
49,57,0.035392
22,44,0.035390
38,43,0.035375
5,21,0.035359
22,71,0.035186
29,60,0.035186
48,66,0.035131
6,24,0.035043
30,46,0.035041
23,69,0.034930
10,68,0.034841
7,26,0.034720
18,45,0.034719
9,20,0.034718
31,51,0.034683
32,43,0.034655
5,7,0.034627
65,71,0.034502
48,68,0.034483
34,65,0.034369
31,44,0.034311
7,66,0.034223
15,30,0.034221
23,56,0.034208
54,62,0.034197
13,51,0.034169
23,31,0.034136
13,14,0.033935
44,49,0.033884
28,36,0.033773
47,64,0.033578
27,66,0.033565
26,36,0.033482
26,44,0.033444
17,59,0.033342
43,48,0.033025
5,71,0.032969
35,69,0.032917
60,67,0.032903
3,9,0.032885
47,61,0.032804
14,38,0.032406
30,37,0.032386
46,65,0.032184
44,67,0.032119
12,29,0.032088
40,49,0.032070
13,36,0.032064
10,25,0.032035
35,57,0.031910
27,61,0.031863
7,9,0.031792
45,70,0.031727
22,66,0.031693
21,39,0.031641
10,41,0.031581
9,67,0.031501
53,57,0.031447
24,65,0.031272
10,53,0.031248
48,60,0.031191
24,42,0.030948
33,59,0.030880
15,56,0.030871
13,65,0.030791
43,46,0.030764
15,60,0.030705
27,58,0.030649
45,55,0.030544
1,4,0.030536
21,46,0.030500
12,35,0.030497
36,45,0.030359
58,62,0.030316
22,56,0.030181
10,70,0.030143
11,12,0.030078
39,61,0.029955
21,51,0.029934
50,54,0.029890
24,66,0.029835
6,49,0.029745
70,71,0.029706
6,34,0.029696
6,37,0.029612
4,30,0.029590
38,45,0.029424
49,64,0.029393
2,6,0.029384
41,47,0.029334
21,71,0.029307
18,24,0.029182
43,66,0.028879
4,55,0.028782
3,12,0.028754
56,69,0.028736
4,19,0.028730
51,67,0.028603
26,41,0.028583
5,33,0.028552
11,70,0.028458
56,61,0.028411
12,65,0.028241
32,44,0.028211
25,45,0.027841
20,22,0.027641
20,66,0.027489
21,25,0.027464
17,39,0.027416
22,55,0.027394
36,57,0.027371
45,47,0.027284
9,34,0.027274
26,67,0.027134
14,61,0.027115
36,51,0.027106
23,48,0.026970
17,52,0.026948
48,58,0.026947
5,29,0.026820
51,56,0.026336
17,33,0.026282
16,21,0.026013
53,56,0.026007
11,32,0.025924
15,17,0.025891
13,35,0.025781
23,25,0.025748
9,65,0.025665
50,62,0.025560
37,42,0.025499
21,30,0.025306
15,16,0.025268
13,21,0.025140
27,35,0.025127
43,45,0.025030
32,45,0.025015
53,64,0.025004
21,36,0.024913
7,43,0.024910
31,54,0.024794
57,69,0.024781
66,70,0.024544
8,61,0.024469
55,63,0.024455
40,66,0.024405
36,37,0.024391
13,38,0.024338
14,66,0.024219
43,67,0.024133
27,43,0.024087
1,5,0.023950
14,40,0.023928
7,18,0.023881
20,39,0.023761
17,55,0.023695
38,65,0.023653
43,54,0.023648
40,56,0.023619
6,40,0.023511
10,50,0.023507
38,66,0.023460
38,58,0.023457
24,35,0.023457
8,46,0.023436
41,57,0.023431
60,62,0.023309
9,43,0.023261
8,70,0.023240
39,56,0.023238
22,60,0.023213
27,67,0.023066
13,24,0.022978
21,27,0.022967
17,27,0.022965
32,52,0.022964
55,57,0.022957
15,67,0.022910
26,33,0.022902
29,39,0.022797
5,32,0.022625
26,54,0.022615
19,59,0.022522
10,35,0.022499
18,67,0.022496
22,41,0.022239
17,19,0.022130
39,51,0.022121
38,63,0.022061
23,40,0.021937
2,16,0.021931
51,62,0.021751
35,39,0.021736
27,28,0.021651
28,37,0.021623
5,41,0.021603
24,56,0.021565
14,35,0.021523
12,33,0.021485
3,49,0.021380
28,32,0.021347
47,59,0.021193
50,58,0.021080
25,40,0.021065
8,9,0.021015
5,68,0.021006
44,48,0.020985
22,70,0.020983
55,70,0.020964
7,59,0.020927
47,49,0.020880
54,56,0.020860
24,55,0.020848
42,57,0.020832
9,28,0.020791
25,59,0.020786
12,13,0.020766
12,25,0.020756
14,43,0.020663
26,53,0.020627
23,55,0.020625
5,27,0.020564
19,53,0.020529
13,17,0.020424
21,29,0.020312
24,70,0.020287
6,26,0.020097
20,63,0.020061
7,65,0.020040
10,69,0.020017
17,31,0.020008
41,61,0.020000
13,68,0.019944
47,70,0.019901
11,64,0.019828
50,51,0.019800
35,61,0.019796
17,45,0.019786
14,27,0.019780
20,58,0.019698
26,57,0.019595
43,59,0.019593
2,12,0.019503
14,67,0.019472
7,42,0.019471
39,57,0.019447
5,22,0.019396
4,8,0.019349
8,49,0.019232
35,71,0.019174
35,63,0.019120
23,39,0.019072
45,48,0.018931
13,63,0.018896
10,20,0.018890
10,33,0.018879
21,43,0.018795
25,30,0.018755
2,54,0.018705
45,46,0.018642
53,61,0.018606
8,69,0.018591
1,67,0.018582
38,61,0.018548
63,64,0.018540
20,62,0.018483
37,47,0.018438
18,31,0.018378
13,62,0.018350
37,56,0.018324
15,52,0.018294
21,56,0.018268
59,66,0.018255
14,21,0.018192
40,42,0.018175
26,46,0.018071
16,37,0.018028
36,38,0.018010
49,59,0.017947
12,20,0.017850
13,41,0.017841
23,27,0.017834
11,69,0.017819
14,41,0.017712
36,67,0.017673
37,40,0.017525
2,61,0.017507
17,66,0.017491
33,34,0.017488
3,26,0.017458
34,39,0.017387
28,45,0.017353
13,47,0.017345
6,31,0.017279
22,61,0.016997
1,29,0.016873
39,42,0.016834
49,65,0.016789
21,62,0.016764
4,28,0.016725
13,66,0.016688
60,65,0.016592
4,10,0.016520
19,71,0.016511
8,28,0.016501
39,60,0.016470
14,56,0.016459
65,69,0.016429
22,40,0.016393
38,57,0.016260
44,51,0.016180
43,57,0.016083
24,49,0.016052
9,37,0.015990
5,34,0.015893
49,62,0.015869
5,12,0.015756
9,14,0.015735
21,53,0.015670
12,55,0.015622
3,71,0.015620
17,23,0.015616
33,69,0.015583
21,38,0.015573
10,18,0.015560
10,67,0.015451
9,48,0.015303
18,52,0.015259
56,62,0.015218
5,45,0.015197
13,53,0.015016
31,55,0.014938
20,44,0.014838
17,40,0.014786
17,21,0.014685
45,71,0.014645
20,34,0.014640
24,50,0.014624
18,53,0.014592
48,69,0.014578
7,58,0.014505
14,62,0.014471
10,64,0.014454
40,48,0.014417
34,44,0.014397
35,56,0.014376
10,19,0.014356
30,69,0.014327
1,69,0.014242
22,57,0.014173
2,20,0.014084
25,62,0.013919
26,27,0.013885
16,20,0.013869
29,41,0.013807
37,55,0.013803
24,28,0.013789
51,53,0.013758
5,26,0.013672
16,68,0.013592
3,66,0.013589
49,52,0.013588
8,34,0.013545
16,58,0.013487
5,52,0.013374
26,71,0.013227
12,68,0.013125
45,61,0.013114
14,44,0.013108
21,47,0.013083
14,52,0.013081
42,52,0.013061
9,30,0.013039
20,71,0.013014
2,24,0.012922
44,71,0.012908
41,45,0.012843
35,49,0.012707
54,71,0.012699
40,61,0.012664
1,12,0.012658
8,55,0.012624
27,69,0.012578
36,42,0.012572
18,51,0.012394
20,38,0.012389
16,70,0.012307
14,15,0.012298
6,11,0.012126
31,37,0.012075
17,70,0.012068
28,44,0.011807
27,44,0.011686
44,46,0.011631
1,61,0.011627
10,30,0.011623
11,36,0.011581
19,67,0.011522
3,33,0.011491
52,55,0.011484
18,27,0.011425
14,25,0.011326
34,69,0.011142
25,38,0.011125
1,46,0.011101
5,17,0.011045
54,55,0.011035
6,36,0.011020
14,28,0.011017
17,62,0.010994
58,64,0.010990
33,71,0.010957
9,21,0.010929
16,24,0.010900
39,59,0.010827
8,10,0.010814
37,45,0.010802
24,41,0.010798
4,66,0.010758
13,58,0.010662
43,50,0.010571
26,61,0.010564
1,63,0.010519
19,70,0.010478
3,10,0.010419
12,64,0.010356
5,65,0.010232
34,50,0.010155
47,63,0.010144
53,68,0.010120
22,37,0.010111
12,50,0.010100
7,19,0.009912
1,36,0.009887
67,70,0.009795
4,9,0.009775
25,68,0.009773
2,70,0.009731
27,36,0.009699
33,55,0.009689
13,46,0.009682
14,34,0.009662
5,8,0.009614
42,62,0.009580
35,62,0.009568
27,41,0.009474
1,6,0.009444
14,48,0.009434
18,22,0.009424
32,62,0.009422
2,7,0.009405
1,15,0.009391
15,28,0.009367
29,45,0.009277
45,63,0.009261
35,65,0.009216
30,39,0.009157
34,64,0.009155
29,40,0.009145
1,71,0.009111
4,26,0.009084
14,39,0.009077
4,65,0.009053
61,63,0.009009
30,36,0.008995
46,50,0.008956
16,35,0.008925
4,40,0.008814
10,48,0.008714
45,59,0.008672
26,31,0.008651
38,56,0.008572
16,18,0.008532
10,21,0.008525
38,44,0.008448
62,63,0.008380
26,28,0.008348
50,65,0.008345
20,54,0.008331
35,70,0.008199
9,40,0.008189
15,46,0.008187
8,29,0.008185
15,71,0.008104
21,52,0.008047
5,44,0.008047
9,70,0.008001
4,56,0.007998
46,61,0.007987
3,32,0.007976
23,52,0.007972
17,42,0.007933
7,45,0.007868
57,66,0.007820
40,41,0.007779
46,48,0.007629
21,48,0.007588
1,53,0.007530
28,52,0.007524
4,44,0.007486
19,54,0.007468
56,68,0.007465
24,38,0.007455
62,71,0.007423
18,28,0.007375
11,50,0.007355
24,58,0.007290
8,58,0.007240
31,39,0.007236
32,58,0.007168
59,67,0.007142
24,30,0.007064
30,63,0.007007
4,35,0.006996
39,63,0.006972
17,43,0.006898
12,16,0.006879
52,53,0.006850
21,42,0.006836
13,39,0.006777
10,27,0.006754
9,39,0.006718
1,7,0.006686
3,54,0.006677
13,22,0.006637
18,39,0.006620
3,50,0.006618
18,48,0.006588
62,70,0.006528
11,30,0.006501
3,16,0.006491
40,55,0.006418
13,45,0.006402
55,60,0.006382
5,70,0.006335
16,66,0.006329
38,52,0.006317
42,60,0.006311
62,65,0.006280
6,55,0.006278
3,55,0.006180
3,28,0.005895
2,60,0.005811
59,61,0.005735
52,62,0.005692
3,22,0.005686
17,26,0.005676
31,49,0.005617
5,56,0.005582
49,58,0.005580
5,13,0.005572
52,58,0.005572
61,62,0.005564
6,8,0.005558
13,44,0.005515
20,57,0.005475
54,70,0.005422
30,49,0.005408
17,25,0.005310
11,43,0.005303
28,58,0.005264
39,71,0.005236
1,70,0.005120
28,43,0.005116
40,44,0.005070
59,63,0.005034
10,44,0.005019
7,30,0.004990
1,68,0.004887
5,59,0.004851
11,58,0.004722
55,61,0.004664
7,47,0.004663
42,68,0.004638
5,47,0.004594
3,58,0.004544
20,40,0.004512
1,50,0.004502
42,67,0.004456
3,60,0.004432
24,62,0.004410
3,31,0.004371
8,57,0.004365
57,63,0.004186
5,58,0.004143
2,10,0.003991
1,60,0.003983
12,60,0.003980
17,24,0.003952
28,40,0.003925
18,35,0.003906
30,47,0.003817
25,55,0.003776
18,38,0.003758
13,55,0.003604
25,32,0.003571
10,66,0.003565
22,27,0.003534
43,51,0.003528
31,69,0.003463
4,36,0.003337
22,67,0.003288
25,70,0.003259
37,54,0.003193
17,35,0.003181
36,71,0.003167
38,55,0.003136
38,71,0.003007
1,13,0.002808
36,60,0.002741
33,57,0.002723
29,66,0.002714
56,70,0.002673
48,63,0.002661
11,27,0.002635
43,55,0.002630
55,68,0.002595
33,39,0.002557
14,60,0.002489
43,49,0.002482
38,68,0.002477
29,64,0.002459
2,47,0.002382
30,34,0.002366
1,22,0.002350
2,14,0.002275
33,38,0.002218
45,64,0.002112
1,19,0.002098
19,47,0.002068
34,66,0.002054
11,71,0.002046
22,51,0.002021
15,36,0.001963
2,25,0.001921
1,64,0.001914
36,59,0.001787
13,50,0.001777
45,56,0.001765
64,65,0.001656
46,71,0.001640
64,70,0.001632
29,71,0.001602
34,68,0.001595
60,71,0.001588
37,41,0.001544
1,28,0.001507
4,60,0.001479
1,37,0.001461
23,42,0.001457
22,50,0.001456
25,43,0.001454
3,68,0.001296
6,12,0.001203
23,33,0.001149
10,16,0.001100
1,16,0.001069
48,51,0.001065
5,62,0.000987
33,50,0.000982
14,42,0.000948
34,42,0.000885
8,40,0.000693
33,62,0.000679
3,24,0.000644
41,43,0.000635
11,61,0.000632
34,54,0.000616
13,18,0.000506
54,58,0.000479
29,47,0.000439
44,61,0.000356
24,45,0.000321
4,25,0.000128
14,47,0.000113
1,54,0.000084
31,59,0.000072
22,34,-0.000002
36,65,-0.000003
33,70,-0.000004
23,63,-0.000015
4,41,-0.000015
45,66,-0.000130
35,58,-0.000206
9,47,-0.000318
3,36,-0.000356
1,33,-0.000439
13,23,-0.000461
21,28,-0.000497
12,38,-0.000545
5,18,-0.000622
7,36,-0.000632
45,49,-0.000682
25,56,-0.000684
19,43,-0.000737
19,28,-0.000745
49,50,-0.000826
18,32,-0.000882
34,63,-0.000905
2,59,-0.000929
7,60,-0.001024
32,57,-0.001095
3,30,-0.001149
24,71,-0.001151
1,52,-0.001198
4,34,-0.001228
24,69,-0.001352
21,40,-0.001368
33,66,-0.001464
1,11,-0.001578
45,58,-0.001580
35,51,-0.001580
17,71,-0.001642
1,56,-0.001654
21,66,-0.001705
58,60,-0.001799
52,68,-0.001845
28,61,-0.001963
11,48,-0.002003
21,41,-0.002044
14,53,-0.002214
2,29,-0.002277
6,52,-0.002282
48,70,-0.002444
25,50,-0.002459
57,62,-0.002500
7,27,-0.002581
28,66,-0.002585
28,42,-0.002642
55,67,-0.002684
2,31,-0.002695
40,52,-0.002707
4,70,-0.002771
55,66,-0.002796
18,60,-0.002806
15,63,-0.002825
12,15,-0.003013
2,19,-0.003077
4,67,-0.003110
48,57,-0.003170
7,53,-0.003226
33,61,-0.003448
36,44,-0.003485
21,67,-0.003517
8,60,-0.003525
12,26,-0.003590
43,52,-0.003627
40,62,-0.003635
36,50,-0.003687
43,65,-0.003761
8,62,-0.003862
5,61,-0.003892
15,25,-0.003893
12,34,-0.003955
2,42,-0.004015
52,71,-0.004017
55,65,-0.004024
44,58,-0.004025
3,19,-0.004077
3,57,-0.004078
27,65,-0.004117
3,70,-0.004184
53,62,-0.004312
1,48,-0.004360
1,23,-0.004364
2,32,-0.004368
1,21,-0.004421
1,49,-0.004438
8,27,-0.004495
3,48,-0.004517
31,47,-0.004565
16,28,-0.004568
6,57,-0.004663
2,28,-0.004668
34,52,-0.004703
23,34,-0.004735
32,51,-0.004773
5,35,-0.004783
16,69,-0.004840
13,59,-0.004857
7,29,-0.004863
44,62,-0.004947
11,28,-0.004982
10,23,-0.005047
35,37,-0.005080
1,42,-0.005109
40,51,-0.005116
11,52,-0.005181
3,34,-0.005191
28,70,-0.005243
6,67,-0.005244
16,31,-0.005268
13,30,-0.005270
58,71,-0.005278
39,62,-0.005325
9,41,-0.005488
4,71,-0.005524
3,42,-0.005647
4,20,-0.005661
17,28,-0.005662
25,44,-0.005664
7,11,-0.005706
10,34,-0.005740
2,26,-0.005746
54,59,-0.005747
35,53,-0.005790
17,30,-0.005792
2,23,-0.005852
8,16,-0.005860
25,64,-0.005886
2,62,-0.005945
20,53,-0.005984
4,62,-0.005990
2,9,-0.006015
16,65,-0.006072
39,49,-0.006136
45,67,-0.006185
41,70,-0.006279
13,40,-0.006286
4,48,-0.006300
3,13,-0.006303
12,51,-0.006312
6,62,-0.006341
22,32,-0.006386
22,54,-0.006411
6,35,-0.006436
19,39,-0.006448
2,30,-0.006480
4,50,-0.006546
24,43,-0.006554
21,45,-0.006591
51,69,-0.006596
18,71,-0.006610
1,14,-0.006613
50,59,-0.006658
5,16,-0.006689
28,53,-0.006725
1,35,-0.006803
9,15,-0.006894
22,47,-0.006955
2,44,-0.007013
4,43,-0.007048
38,48,-0.007066
39,46,-0.007091
42,46,-0.007198
48,53,-0.007221
7,62,-0.007222
4,52,-0.007290
44,50,-0.007338
1,59,-0.007414
49,55,-0.007435
12,53,-0.007445
36,58,-0.007446
5,20,-0.007525
44,56,-0.007558
37,52,-0.007580
29,52,-0.007620
21,37,-0.007660
1,38,-0.007775
58,66,-0.007827
27,32,-0.007864
2,49,-0.007957
20,25,-0.007957
1,26,-0.007963
42,71,-0.007970
2,50,-0.007972
13,37,-0.007997
1,24,-0.008007
8,63,-0.008008
3,64,-0.008032
26,69,-0.008059
14,46,-0.008060
27,50,-0.008071
2,36,-0.008179
10,71,-0.008181
16,45,-0.008266
2,27,-0.008281
25,65,-0.008297
53,63,-0.008310
2,39,-0.008314
60,61,-0.008335
23,53,-0.008449
34,58,-0.008455
13,25,-0.008475
61,66,-0.008475
3,44,-0.008496
9,27,-0.008516
51,63,-0.008534
9,51,-0.008546
1,40,-0.008656
33,40,-0.008661
59,64,-0.008678
1,39,-0.008682
41,66,-0.008687
23,37,-0.008727
63,66,-0.008739
14,37,-0.008789
52,63,-0.008791
12,62,-0.008855
16,42,-0.008857
10,62,-0.008862
10,40,-0.008887
56,59,-0.008906
33,58,-0.008921
54,68,-0.008939
9,10,-0.009079
20,42,-0.009085
16,55,-0.009085
38,62,-0.009086
21,44,-0.009131
1,9,-0.009205
49,71,-0.009268
11,21,-0.009273
10,37,-0.009279
19,24,-0.009281
1,62,-0.009348
5,57,-0.009363
19,27,-0.009372
6,54,-0.009376
35,66,-0.009428
29,38,-0.009459
44,53,-0.009465
4,57,-0.009516
17,41,-0.009517
34,56,-0.009526
4,16,-0.009545
62,66,-0.009552
10,22,-0.009571
19,68,-0.009693
59,69,-0.009716
2,13,-0.009749
2,33,-0.009757
8,32,-0.009801
4,63,-0.009831
10,42,-0.009834
42,47,-0.009865
52,65,-0.009922
4,24,-0.009928
20,26,-0.009978
8,65,-0.010037
50,63,-0.010077
10,45,-0.010079
2,37,-0.010121
2,57,-0.010138
2,48,-0.010143
30,51,-0.010166
46,51,-0.010219
28,38,-0.010231
17,36,-0.010254
20,64,-0.010276
11,49,-0.010299
33,35,-0.010302
6,10,-0.010343
44,63,-0.010357
6,70,-0.010358
30,35,-0.010365
6,43,-0.010431
4,46,-0.010432
28,69,-0.010517
30,61,-0.010541
18,41,-0.010612
49,61,-0.010622
1,32,-0.010639
52,57,-0.010663
20,68,-0.010725
48,54,-0.010775
35,60,-0.010786
1,30,-0.010788
26,39,-0.010833
46,59,-0.010855
56,71,-0.010870
36,55,-0.010882
1,27,-0.010888
39,54,-0.010906
30,65,-0.010961
1,8,-0.010968
23,41,-0.011049
27,51,-0.011075
13,31,-0.011099
25,41,-0.011152
2,66,-0.011176
35,46,-0.011188
18,50,-0.011287
24,61,-0.011327
30,54,-0.011446
19,42,-0.011518
17,65,-0.011520
8,43,-0.011546
25,29,-0.011554
8,26,-0.011559
51,59,-0.011565
37,50,-0.011665
12,63,-0.011666
1,41,-0.011720
2,55,-0.011797
9,49,-0.011807
1,10,-0.011893
57,70,-0.011952
1,66,-0.011979
27,39,-0.012000
56,63,-0.012055
6,28,-0.012063
66,71,-0.012127
2,38,-0.012153
3,23,-0.012155
6,47,-0.012198
43,63,-0.012210
16,47,-0.012215
19,40,-0.012244
28,29,-0.012250
18,55,-0.012262
26,52,-0.012333
46,63,-0.012344
39,50,-0.012350
7,40,-0.012364
11,13,-0.012374
36,64,-0.012425
18,42,-0.012427
2,58,-0.012428
29,61,-0.012461
3,61,-0.012474
19,26,-0.012487
7,61,-0.012624
13,67,-0.012639
1,18,-0.012658
47,53,-0.012704
12,48,-0.012763
2,21,-0.012769
1,58,-0.012776
32,33,-0.012799
25,48,-0.012829
42,66,-0.012873
47,65,-0.012990
1,34,-0.013055
49,67,-0.013109
57,65,-0.013122
34,71,-0.013190
3,27,-0.013206
26,62,-0.013283
4,38,-0.013292
13,32,-0.013296
31,52,-0.013306
32,56,-0.013361
1,47,-0.013436
23,29,-0.013456
58,67,-0.013460
5,42,-0.013487
10,43,-0.013493
23,67,-0.013500
6,51,-0.013575
29,70,-0.013579
7,20,-0.013618
30,67,-0.013650
1,57,-0.013689
6,58,-0.013720
2,52,-0.013733
3,25,-0.013791
2,15,-0.013804
36,63,-0.013875
3,17,-0.013908
4,39,-0.013981
28,47,-0.014020
7,35,-0.014058
25,35,-0.014084
4,61,-0.014099
6,15,-0.014118
61,64,-0.014155
47,51,-0.014162
28,68,-0.014235
1,20,-0.014272
17,64,-0.014274
39,52,-0.014332
19,66,-0.014366
17,54,-0.014461
24,46,-0.014493
36,53,-0.014494
46,68,-0.014520
29,34,-0.014546
6,16,-0.014559
50,66,-0.014563
34,57,-0.014639
7,32,-0.014673
28,62,-0.014707
17,37,-0.014782
38,46,-0.014858
23,61,-0.014889
45,53,-0.014904
36,70,-0.014941
1,17,-0.014967
42,48,-0.014991
17,68,-0.015015
13,29,-0.015016
2,46,-0.015086
8,30,-0.015095
7,41,-0.015108
5,46,-0.015126
14,24,-0.015153
58,65,-0.015196
26,34,-0.015227
19,58,-0.015267
52,59,-0.015273
8,50,-0.015302
33,43,-0.015307
31,68,-0.015318
1,31,-0.015381
30,58,-0.015406
8,41,-0.015443
7,56,-0.015523
22,58,-0.015526
5,48,-0.015662
38,67,-0.015737
10,38,-0.015739
11,26,-0.015770
31,63,-0.015820
40,60,-0.015846
1,45,-0.015985
49,69,-0.016006
7,51,-0.016008
11,66,-0.016087
24,34,-0.016102
25,66,-0.016137
22,63,-0.016147
7,63,-0.016183
10,51,-0.016297
26,60,-0.016318
7,37,-0.016364
3,14,-0.016414
26,38,-0.016450
20,33,-0.016455
21,59,-0.016465
8,15,-0.016481
9,62,-0.016599
41,65,-0.016691
24,31,-0.016708
46,56,-0.016729
12,42,-0.016730
32,59,-0.016759
3,35,-0.016763
2,22,-0.016844
10,63,-0.016849
19,35,-0.016886
12,58,-0.016889
19,51,-0.016940
47,69,-0.016959
29,44,-0.016964
1,44,-0.017042
33,68,-0.017043
18,65,-0.017083
22,59,-0.017145
2,45,-0.017247
31,43,-0.017275
25,37,-0.017282
32,34,-0.017298
40,71,-0.017341
2,69,-0.017360
2,51,-0.017406
45,62,-0.017418
2,11,-0.017427
29,49,-0.017437
43,56,-0.017563
1,43,-0.017620
41,60,-0.017649
44,65,-0.017682
18,62,-0.017694
27,56,-0.017714
8,42,-0.017727
48,56,-0.017745
29,53,-0.017764
48,55,-0.017829
11,31,-0.017850
3,52,-0.017858
3,59,-0.017959
15,44,-0.017982
22,49,-0.018095
52,64,-0.018103
48,71,-0.018141
2,40,-0.018250
33,51,-0.018265
2,53,-0.018329
16,48,-0.018382
48,62,-0.018426
31,57,-0.018471
32,71,-0.018583
27,60,-0.018654
41,55,-0.018655
27,57,-0.018667
2,56,-0.018678
40,70,-0.018715
10,17,-0.018717
34,53,-0.018772
4,42,-0.018790
7,13,-0.018913
14,29,-0.018922
40,63,-0.018937
8,31,-0.018940
9,42,-0.019030
33,47,-0.019032
45,57,-0.019100
6,21,-0.019134
4,37,-0.019212
16,71,-0.019286
9,24,-0.019299
6,19,-0.019357
6,68,-0.019518
23,50,-0.019538
22,30,-0.019545
2,64,-0.019559
17,29,-0.019574
3,20,-0.019600
3,65,-0.019606
37,57,-0.019690
18,47,-0.019740
8,24,-0.019749
10,65,-0.019763
18,56,-0.019833
17,60,-0.019896
8,37,-0.019933
27,70,-0.019943
3,56,-0.019968
36,61,-0.020087
52,69,-0.020136
41,56,-0.020372
30,41,-0.020389
17,32,-0.020419
14,64,-0.020421
43,70,-0.020424
4,21,-0.020433
11,20,-0.020544
34,45,-0.020545
25,27,-0.020621
31,65,-0.020651
2,35,-0.020741
6,29,-0.020743
26,59,-0.020745
18,58,-0.020751
9,69,-0.020755
47,67,-0.020779
34,60,-0.020781
20,61,-0.020800
3,62,-0.020989
58,68,-0.021037
16,61,-0.021167
31,42,-0.021202
2,34,-0.021227
2,17,-0.021256
4,51,-0.021296
6,46,-0.021312
20,28,-0.021334
31,60,-0.021378
2,65,-0.021382
16,56,-0.021383
40,58,-0.021452
7,69,-0.021469
4,45,-0.021581
2,67,-0.021646
28,56,-0.021646
2,41,-0.021724
28,71,-0.021729
15,32,-0.021801
23,66,-0.021803
1,51,-0.021906
6,56,-0.021927
37,60,-0.021973
39,48,-0.021984
20,30,-0.022098
8,59,-0.022113
41,51,-0.022156
35,52,-0.022201
16,54,-0.022301
61,70,-0.022309
3,40,-0.022333
35,47,-0.022344
11,57,-0.022370
22,26,-0.022383
9,58,-0.022406
14,54,-0.022423
58,63,-0.022504
52,61,-0.022596
6,50,-0.022634
19,61,-0.022671
21,33,-0.022712
15,70,-0.022770
64,71,-0.022779
5,54,-0.022787
4,31,-0.022793
32,48,-0.022796
17,49,-0.022833
3,38,-0.022835
34,62,-0.022860
29,46,-0.022874
23,60,-0.022919
37,44,-0.022966
36,47,-0.023010
25,71,-0.023082
38,49,-0.023083
23,68,-0.023107
9,64,-0.023139
12,46,-0.023151
19,65,-0.023175
5,67,-0.023179
66,67,-0.023185
25,42,-0.023232
27,42,-0.023250
1,25,-0.023293
6,71,-0.023310
26,49,-0.023362
33,52,-0.023382
4,47,-0.023383
14,65,-0.023533
41,58,-0.023546
7,39,-0.023562
12,14,-0.023692
9,63,-0.023692
18,34,-0.023711
4,53,-0.023782
49,66,-0.023786
23,47,-0.023788
2,43,-0.023796
54,66,-0.023823
3,45,-0.023841
13,69,-0.023857
10,28,-0.023873
49,51,-0.023918
56,66,-0.023964
29,30,-0.024025
4,12,-0.024030
35,43,-0.024105
30,52,-0.024117
13,54,-0.024122
6,27,-0.024147
48,50,-0.024177
32,69,-0.024184
60,70,-0.024193
9,71,-0.024214
5,15,-0.024243
14,70,-0.024321
38,53,-0.024367
10,52,-0.024448
50,69,-0.024455
18,70,-0.024462
21,24,-0.024499
18,26,-0.024505
3,43,-0.024517
27,48,-0.024549
53,70,-0.024614
47,50,-0.024693
6,65,-0.024700
16,57,-0.024723
53,71,-0.024816
3,29,-0.024937
55,58,-0.024960
28,30,-0.024996
23,62,-0.025037
10,15,-0.025078
4,23,-0.025085
3,41,-0.025114
6,22,-0.025126
21,34,-0.025269
39,53,-0.025502
6,41,-0.025511
25,34,-0.025565
7,46,-0.025573
14,55,-0.025605
37,66,-0.025654
65,70,-0.025713
41,68,-0.025718
5,24,-0.025751
50,71,-0.025787
1,55,-0.025791
19,62,-0.025848
4,32,-0.025930
32,47,-0.025983
27,53,-0.026015
28,57,-0.026108
12,71,-0.026177
14,59,-0.026192
63,71,-0.026362
15,51,-0.026404
31,46,-0.026408
7,28,-0.026537
9,26,-0.026653
23,54,-0.026760
3,47,-0.026771
23,36,-0.026916
15,57,-0.026919
26,63,-0.026935
28,48,-0.026959
3,8,-0.026960
30,42,-0.027011
41,63,-0.027043
12,66,-0.027059
13,64,-0.027121
6,63,-0.027129
29,32,-0.027228
1,65,-0.027232
15,27,-0.027258
2,18,-0.027386
12,49,-0.027409
51,71,-0.027510
44,69,-0.027551
36,62,-0.027560
24,60,-0.027565
40,69,-0.027618
18,33,-0.027683
8,13,-0.027700
28,51,-0.027743
22,36,-0.027779
24,59,-0.027800
4,11,-0.027887
3,51,-0.027932
7,71,-0.028024
2,63,-0.028052
11,24,-0.028061
35,67,-0.028086
28,46,-0.028195
12,52,-0.028202
15,61,-0.028229
20,51,-0.028279
12,32,-0.028450
43,58,-0.028506
16,25,-0.028667
14,19,-0.028726
3,39,-0.028759
5,31,-0.028807
5,43,-0.028840
23,51,-0.028871
54,63,-0.028880
20,45,-0.028882
12,61,-0.029000
59,62,-0.029019
59,71,-0.029027
12,70,-0.029215
3,69,-0.029341
13,56,-0.029387
56,60,-0.029494
37,65,-0.029499
15,24,-0.029523
14,51,-0.029648
31,71,-0.029690
29,56,-0.029695
20,67,-0.029700
25,36,-0.029789
11,35,-0.029865
21,35,-0.030000
25,39,-0.030014
24,64,-0.030037
15,31,-0.030086
58,59,-0.030100
5,39,-0.030207
10,56,-0.030355
13,52,-0.030439
55,71,-0.030441
63,69,-0.030454
27,33,-0.030473
4,29,-0.030485
12,27,-0.030491
8,52,-0.030513
15,20,-0.030573
3,11,-0.030706
40,59,-0.030714
20,55,-0.030809
23,59,-0.030942
26,43,-0.030953
42,61,-0.031014
42,58,-0.031020
66,69,-0.031123
12,39,-0.031147
38,64,-0.031225
23,30,-0.031247
22,38,-0.031276
12,28,-0.031283
15,45,-0.031331
8,20,-0.031338
7,31,-0.031366
38,50,-0.031423
4,17,-0.031482
7,57,-0.031539
6,44,-0.031578
5,55,-0.031578
38,69,-0.031696
59,65,-0.031704
22,39,-0.031715
11,14,-0.031748
27,34,-0.031758
20,65,-0.031795
22,65,-0.031806
47,57,-0.031818
9,44,-0.031822
19,69,-0.031845
35,55,-0.031881
11,19,-0.031918
52,60,-0.031976
16,34,-0.031988
51,64,-0.032001
20,47,-0.032078
31,41,-0.032103
19,48,-0.032141
33,41,-0.032202
20,35,-0.032299
3,21,-0.032313
7,15,-0.032321
14,16,-0.032329
34,55,-0.032387
7,49,-0.032466
50,60,-0.032555
31,67,-0.032603
16,46,-0.032660
33,45,-0.032661
6,69,-0.032776
8,66,-0.032784
9,19,-0.032794
8,48,-0.032796
15,64,-0.032842
7,22,-0.032857
21,58,-0.032907
28,55,-0.032997
5,25,-0.033096
20,37,-0.033125
48,61,-0.033255
51,57,-0.033298
27,55,-0.033416
16,36,-0.033424
10,58,-0.033508
38,54,-0.033620
50,52,-0.033624
56,64,-0.033650
10,57,-0.033772
36,69,-0.033840
41,71,-0.033851
13,34,-0.033907
30,62,-0.033968
43,64,-0.034070
30,38,-0.034079
26,66,-0.034144
2,68,-0.034167
7,52,-0.034262
33,65,-0.034271
38,59,-0.034292
52,70,-0.034318
21,61,-0.034337
50,56,-0.034435
25,58,-0.034440
17,61,-0.034444
51,58,-0.034446
6,14,-0.034479
4,27,-0.034490
44,70,-0.034539
36,56,-0.034575
11,34,-0.034661
10,55,-0.034786
11,18,-0.034844
55,59,-0.034850
56,67,-0.034856
53,55,-0.034863
7,21,-0.034893
20,56,-0.034915
9,35,-0.034957
15,21,-0.034997
8,36,-0.035005
42,70,-0.035021
26,47,-0.035026
6,42,-0.035042
38,70,-0.035064
40,47,-0.035081
8,21,-0.035089
8,17,-0.035130
9,38,-0.035511
32,38,-0.035546
37,62,-0.035632
27,62,-0.035667
39,69,-0.035791
19,32,-0.035795
25,49,-0.035838
3,63,-0.035938
19,31,-0.036005
45,68,-0.036057
8,45,-0.036195
59,70,-0.036225
47,52,-0.036311
41,50,-0.036343
28,59,-0.036351
67,71,-0.036393
47,54,-0.036413
5,36,-0.036464
62,69,-0.036615
10,49,-0.036631
9,18,-0.036642
30,57,-0.036670
42,56,-0.036867
57,67,-0.037024
6,33,-0.037033
35,64,-0.037112
13,33,-0.037193
4,59,-0.037346
27,63,-0.037395
12,56,-0.037454
13,28,-0.037470
46,62,-0.037509
23,65,-0.037515
18,49,-0.037564
7,54,-0.037663
24,68,-0.037850
45,50,-0.037929
16,63,-0.038038
5,63,-0.038048
22,62,-0.038068
10,39,-0.038093
12,23,-0.038141
6,17,-0.038168
13,27,-0.038224
4,68,-0.038252
10,31,-0.038298
37,43,-0.038301
45,69,-0.038353
32,60,-0.038404
43,71,-0.038451
11,16,-0.038469
6,61,-0.038566
8,38,-0.038657
27,45,-0.038672
18,43,-0.038744
26,56,-0.038754
37,71,-0.038805
18,30,-0.038870
6,18,-0.039114
4,15,-0.039117
11,38,-0.039221
15,49,-0.039228
27,29,-0.039253
37,70,-0.039338
49,70,-0.039453
17,57,-0.039526
13,19,-0.039556
10,54,-0.039590
3,15,-0.039597
36,52,-0.039752
6,20,-0.039761
4,64,-0.039913
15,35,-0.039950
9,66,-0.040000
3,18,-0.040018
14,71,-0.040029
19,45,-0.040103
10,32,-0.040115
6,59,-0.040240
33,36,-0.040300
26,40,-0.040318
27,54,-0.040402
41,62,-0.040455
21,64,-0.040740
54,61,-0.040804
20,41,-0.040991
16,49,-0.041053
11,55,-0.041232
17,48,-0.041253
11,47,-0.041345
19,38,-0.041429
14,33,-0.041526
5,60,-0.041650
30,70,-0.041656
16,43,-0.041745
29,57,-0.041757
5,51,-0.041793
2,8,-0.041817
9,22,-0.041849
9,31,-0.042097
55,69,-0.042113
20,32,-0.042121
31,53,-0.042357
8,68,-0.042366
16,44,-0.042441
24,37,-0.042508
8,47,-0.042828
24,32,-0.042946
32,54,-0.043018
30,48,-0.043043
29,69,-0.043100
14,30,-0.043159
41,59,-0.043176
6,23,-0.043364
15,23,-0.043371
5,23,-0.043424
5,37,-0.043442
22,48,-0.043504
32,61,-0.043554
23,45,-0.043849
11,44,-0.043900
27,59,-0.043934
35,36,-0.044164
23,43,-0.044220
25,46,-0.044259
12,24,-0.044304
6,25,-0.044372
6,38,-0.044546
21,32,-0.044641
21,69,-0.044700
22,53,-0.044825
36,39,-0.044890
36,48,-0.044910
58,69,-0.044945
16,41,-0.044961
3,37,-0.045088
39,65,-0.045104
44,57,-0.045272
18,61,-0.045308
53,67,-0.045474
14,69,-0.045509
18,36,-0.045543
5,11,-0.045611
53,66,-0.045694
25,63,-0.045707
12,44,-0.045714
29,65,-0.045745
18,20,-0.045809
57,71,-0.045815
18,40,-0.045943
43,61,-0.046035
8,44,-0.046059
23,38,-0.046253
23,35,-0.046253
32,64,-0.046336
30,66,-0.046356
39,67,-0.046441
7,44,-0.046501
8,19,-0.046614
46,49,-0.046681
19,41,-0.046698
15,53,-0.046867
20,24,-0.046958
16,62,-0.047175
4,18,-0.047376
31,66,-0.047464
7,12,-0.047537
29,48,-0.047560
45,52,-0.047580
30,59,-0.047632
11,22,-0.047668
4,69,-0.047717
38,47,-0.047728
18,46,-0.047803
34,67,-0.047986
10,29,-0.047987
7,33,-0.048070
35,68,-0.048169
30,40,-0.048263
24,47,-0.048305
12,45,-0.048319
40,50,-0.048355
29,31,-0.048361
31,64,-0.048438
36,54,-0.048516
9,55,-0.048535
20,29,-0.048537
16,50,-0.048570
9,57,-0.048612
39,68,-0.048627
39,58,-0.048660
5,69,-0.048686
11,62,-0.048754
13,57,-0.048764
40,64,-0.048773
9,45,-0.049036
47,60,-0.049176
48,64,-0.049278
11,37,-0.049293
24,63,-0.049293
51,54,-0.049302
33,42,-0.049521
28,50,-0.049588
13,71,-0.049610
5,50,-0.049693
19,29,-0.049718
49,60,-0.049848
24,57,-0.050077
21,54,-0.050106
4,33,-0.050158
20,36,-0.050176
51,70,-0.050212
9,33,-0.050214
5,64,-0.050815
29,58,-0.050890
22,52,-0.050981
30,71,-0.051007
8,18,-0.051056
23,26,-0.051236
46,54,-0.051265
29,50,-0.051288
23,70,-0.051325
20,49,-0.051474
19,64,-0.051480
10,24,-0.051541
7,38,-0.051555
29,63,-0.051609
21,60,-0.051672
4,49,-0.051784
11,51,-0.051918
25,60,-0.052070
62,68,-0.052583
16,33,-0.052613
31,61,-0.052631
30,68,-0.052649
24,26,-0.052732
49,53,-0.052774
20,46,-0.053002
28,39,-0.053025
8,51,-0.053485
53,59,-0.053527
12,47,-0.053810
46,66,-0.053819
26,35,-0.053887
35,54,-0.054218
15,41,-0.054411
16,64,-0.054463
15,59,-0.054664
26,68,-0.054793
14,32,-0.054969
18,64,-0.055009
16,19,-0.055039
21,63,-0.055281
20,59,-0.055469
15,39,-0.055493
16,67,-0.055543
21,57,-0.055811
26,55,-0.055836
5,38,-0.055903
33,49,-0.055937
56,65,-0.055985
22,69,-0.055996
15,66,-0.056028
43,60,-0.056063
22,29,-0.056252
46,58,-0.056318
17,69,-0.056354
5,14,-0.056561
57,64,-0.056597
19,33,-0.056709
16,23,-0.056761
53,65,-0.056780
3,46,-0.056854
34,51,-0.056870
11,53,-0.056904
34,70,-0.056939
46,47,-0.056960
12,67,-0.056985
4,58,-0.057008
35,50,-0.057070
31,50,-0.057326
44,60,-0.057814
30,55,-0.057922
23,57,-0.057952
19,49,-0.058014
11,17,-0.058161
22,68,-0.058253
26,50,-0.058336
37,53,-0.058345
17,67,-0.058464
12,18,-0.058470
11,39,-0.058892
20,43,-0.059294
17,53,-0.059461
7,23,-0.059549
18,29,-0.059662
7,67,-0.059797
26,45,-0.059951
32,66,-0.060194
15,55,-0.060228
9,61,-0.060257
35,59,-0.060370
37,64,-0.060465
57,68,-0.060538
42,63,-0.060728
14,22,-0.060732
19,37,-0.060753
34,61,-0.060754
43,53,-0.060900
27,46,-0.060905
10,60,-0.061128
32,55,-0.061365
19,52,-0.061407
13,48,-0.061448
6,53,-0.061601
40,46,-0.061663
15,38,-0.061691
5,53,-0.061714
24,29,-0.061753
9,54,-0.062080
5,30,-0.062279
48,67,-0.062549
40,54,-0.062594
19,63,-0.062929
8,22,-0.062957
59,68,-0.063167
7,25,-0.063203
7,64,-0.063425
16,32,-0.063437
14,31,-0.063614
57,61,-0.063916
5,40,-0.063994
8,71,-0.064093
49,68,-0.064190
14,58,-0.064311
15,69,-0.064375
33,48,-0.064487
32,50,-0.064583
25,69,-0.064701
21,65,-0.064718
25,57,-0.064743
16,52,-0.064956
12,19,-0.065028
37,67,-0.065132
31,33,-0.065165
62,67,-0.065211
9,60,-0.065357
3,67,-0.065385
5,28,-0.065437
40,67,-0.065466
46,53,-0.065670
4,54,-0.065804
31,70,-0.065865
44,68,-0.065879
58,61,-0.065890
11,42,-0.065981
44,64,-0.066033
33,44,-0.066104
11,25,-0.066298
34,46,-0.066677
9,50,-0.066715
15,37,-0.066835
19,50,-0.067007
11,56,-0.067383
21,31,-0.067574
10,46,-0.067605
13,60,-0.067715
42,53,-0.067797
33,56,-0.067964
25,67,-0.068104
21,68,-0.068533
21,50,-0.068654
23,46,-0.068896
25,54,-0.069201
19,44,-0.069539
36,40,-0.069627
44,54,-0.070323
42,64,-0.070337
63,68,-0.070700
39,70,-0.070838
42,69,-0.071273
12,41,-0.071332
29,35,-0.071516
28,64,-0.071552
26,65,-0.071731
34,41,-0.072158
60,66,-0.072575
45,60,-0.072712
27,37,-0.072841
13,26,-0.072887
38,60,-0.073149
26,48,-0.073407
11,59,-0.073690
18,69,-0.074073
24,36,-0.074106
41,67,-0.074315
6,60,-0.074874
8,25,-0.075017
17,56,-0.075169
42,50,-0.075187
9,68,-0.075486
19,34,-0.075521
30,53,-0.075812
7,17,-0.075873
32,37,-0.077284
40,68,-0.077495
39,64,-0.078129
32,70,-0.078179
29,43,-0.078325
18,66,-0.078335
55,64,-0.078752
54,67,-0.079596
8,39,-0.079856
15,34,-0.079943
14,36,-0.079963
16,40,-0.080568
9,11,-0.081050
23,64,-0.081312
32,63,-0.081514
28,67,-0.082259
24,54,-0.082512
15,22,-0.082738
44,55,-0.083228
14,57,-0.083272
15,43,-0.084121
36,49,-0.084675
11,40,-0.084720
51,68,-0.084857
31,36,-0.084893
20,69,-0.085151
9,46,-0.085156
10,26,-0.085316
13,49,-0.085670
17,63,-0.085910
41,64,-0.086608
65,67,-0.087178
26,70,-0.087327
22,35,-0.088160
18,68,-0.088550
30,44,-0.088599
8,56,-0.089491
14,68,-0.089577
28,54,-0.089934
22,64,-0.090027
25,33,-0.090691
40,43,-0.091014
47,58,-0.091213
12,21,-0.091276
28,60,-0.093222
29,59,-0.093870
38,42,-0.093881
22,33,-0.096926
17,46,-0.098531
51,60,-0.098827
14,26,-0.099180
30,56,-0.099515
54,65,-0.100699
45,54,-0.104239
13,61,-0.104793
11,41,-0.106395
22,46,-0.106850
37,68,-0.108587
27,64,-0.109398
52,67,-0.109475
29,51,-0.109725
15,42,-0.115030
24,33,-0.119687
49,54,-0.125515
15,48,-0.129527
11,45,-0.145527
