43 44 2.223276e+00
38 39 2.161852e+00
37 38 1.791973e+00
44 45 1.717299e+00
7 10 1.341307e+00
42 43 1.340260e+00
30 33 1.334744e+00
7 9 1.315915e+00
10 11 1.287841e+00
14 15 1.283407e+00
9 10 1.241250e+00
6 11 1.223088e+00
22 24 1.221738e+00
50 51 1.217582e+00
8 12 1.209688e+00
10 13 1.206802e+00
28 32 1.203660e+00
77 78 1.183379e+00
46 48 1.181759e+00
64 66 1.168131e+00
40 41 1.152368e+00
2 3 1.128890e+00
34 35 1.121938e+00
25 28 1.117801e+00
68 74 1.104291e+00
59 79 1.099283e+00
12 16 1.099165e+00
33 34 1.084416e+00
9 11 1.077178e+00
13 17 1.068514e+00
20 21 1.065072e+00
47 50 1.058491e+00
12 15 1.053133e+00
25 37 1.052231e+00
36 37 1.038222e+00
74 79 1.037883e+00
9 13 1.035272e+00
29 32 1.032297e+00
51 68 1.029247e+00
8 11 1.008371e+00
79 81 1.006758e+00
36 38 9.997211e-01
58 70 9.901376e-01
31 32 9.890390e-01
11 15 9.884519e-01
47 74 9.705715e-01
54 55 9.641044e-01
10 14 9.577491e-01
34 37 9.569572e-01
3 4 9.519339e-01
69 70 9.476670e-01
21 30 9.407777e-01
56 66 9.402970e-01
8 10 9.285151e-01
11 13 9.266276e-01
52 55 9.238388e-01
15 18 9.114130e-01
22 25 9.113259e-01
11 14 9.111847e-01
67 71 9.059495e-01
56 64 8.900689e-01
13 15 8.803125e-01
47 49 8.771397e-01
38 41 8.764997e-01
28 29 8.744736e-01
10 23 8.705814e-01
16 17 8.675714e-01
46 47 8.670096e-01
58 64 8.599250e-01
52 53 8.546176e-01
37 39 8.532788e-01
8 14 8.487624e-01
16 19 8.476022e-01
56 58 8.450148e-01
68 79 8.448374e-01
76 78 8.283629e-01
76 77 8.283629e-01
59 74 8.244907e-01
31 34 8.225170e-01
49 52 8.220722e-01
39 40 8.202422e-01
35 38 8.160705e-01
10 24 8.158288e-01
59 68 8.090513e-01
59 69 8.064967e-01
20 22 8.039639e-01
27 34 8.012998e-01
29 33 7.976433e-01
75 77 7.937584e-01
75 78 7.937584e-01
48 53 7.912705e-01
74 80 7.895412e-01
55 63 7.880821e-01
71 78 7.852680e-01
71 77 7.852680e-01
37 40 7.829225e-01
21 25 7.824461e-01
7 11 7.741272e-01
30 32 7.720817e-01
60 74 7.686916e-01
38 43 7.661271e-01
60 80 7.660089e-01
31 33 7.637108e-01
68 69 7.614360e-01
51 60 7.607335e-01
59 70 7.600784e-01
10 17 7.598548e-01
17 18 7.577477e-01
69 74 7.526192e-01
47 51 7.474524e-01
67 78 7.443616e-01
67 77 7.443616e-01
65 67 7.400826e-01
6 10 7.375509e-01
31 35 7.360477e-01
38 40 7.352248e-01
75 76 7.336663e-01
63 72 7.313361e-01
58 66 7.299722e-01
32 35 7.274629e-01
57 79 7.272065e-01
50 68 7.211010e-01
17 20 7.183093e-01
71 75 7.168919e-01
11 12 7.161540e-01
15 17 7.159380e-01
59 62 7.152982e-01
40 42 7.103727e-01
48 54 7.102796e-01
29 30 7.042623e-01
49 51 7.034280e-01
60 61 7.018108e-01
19 20 7.013249e-01
8 15 6.991174e-01
28 31 6.983412e-01
5 10 6.957339e-01
13 16 6.954247e-01
9 12 6.930210e-01
5 6 6.924866e-01
17 21 6.910929e-01
65 78 6.906107e-01
65 77 6.906107e-01
65 72 6.872579e-01
72 73 6.840298e-01
71 76 6.832925e-01
10 15 6.799909e-01
63 65 6.766084e-01
65 76 6.761780e-01
24 35 6.758970e-01
50 74 6.754214e-01
25 32 6.752449e-01
2 4 6.752150e-01
12 31 6.717212e-01
72 78 6.705117e-01
72 77 6.705117e-01
17 24 6.691403e-01
57 70 6.675311e-01
10 31 6.674331e-01
43 45 6.667286e-01
69 81 6.645423e-01
48 52 6.632932e-01
42 44 6.624727e-01
7 14 6.572665e-01
67 76 6.558546e-01
25 29 6.529943e-01
59 61 6.514099e-01
25 27 6.507369e-01
68 81 6.499391e-01
15 16 6.495845e-01
67 75 6.487803e-01
10 16 6.485173e-01
53 63 6.478473e-01
52 54 6.472393e-01
33 36 6.460719e-01
54 56 6.449572e-01
8 28 6.439789e-01
60 69 6.424439e-01
7 8 6.418004e-01
44 46 6.396272e-01
59 60 6.360290e-01
1 2 6.352413e-01
5 12 6.330846e-01
18 23 6.315292e-01
71 72 6.299475e-01
72 75 6.289883e-01
8 32 6.252486e-01
35 37 6.248192e-01
49 54 6.245243e-01
28 35 6.229999e-01
30 31 6.227088e-01
1 4 6.225043e-01
17 28 6.205183e-01
10 28 6.201071e-01
70 79 6.199474e-01
58 59 6.179452e-01
30 34 6.179162e-01
10 12 6.176737e-01
53 55 6.175803e-01
61 64 6.158550e-01
12 21 6.149816e-01
65 75 6.149061e-01
44 48 6.144097e-01
49 53 6.142472e-01
24 29 6.141394e-01
22 32 6.137024e-01
41 80 6.127448e-01
32 34 6.108834e-01
23 36 6.066935e-01
7 13 6.066262e-01
62 69 6.066053e-01
60 68 6.063675e-01
3 68 6.062405e-01
60 62 6.055471e-01
57 59 6.053658e-01
69 80 6.043984e-01
9 32 6.033375e-01
48 49 6.023140e-01
54 58 6.016858e-01
13 22 6.009140e-01
10 29 5.992857e-01
61 80 5.980494e-01
25 38 5.976663e-01
52 56 5.976118e-01
58 62 5.974926e-01
22 27 5.941019e-01
56 62 5.922043e-01
53 54 5.905398e-01
47 59 5.898503e-01
54 63 5.863698e-01
12 32 5.837815e-01
25 34 5.813459e-01
49 55 5.800239e-01
59 81 5.790941e-01
15 36 5.789567e-01
68 80 5.764853e-01
68 70 5.757712e-01
73 78 5.735073e-01
73 77 5.735073e-01
69 79 5.734996e-01
8 17 5.727901e-01
50 81 5.717844e-01
62 76 5.707867e-01
11 16 5.701378e-01
57 58 5.696691e-01
58 76 5.693672e-01
79 80 5.685384e-01
13 32 5.662741e-01
47 48 5.647040e-01
48 56 5.642444e-01
57 64 5.608022e-01
23 27 5.606295e-01
1 57 5.603665e-01
6 18 5.597804e-01
39 43 5.578954e-01
1 79 5.575997e-01
6 8 5.575846e-01
61 74 5.569549e-01
60 75 5.568488e-01
8 13 5.563545e-01
5 9 5.555679e-01
46 65 5.554786e-01
62 65 5.552269e-01
51 59 5.522429e-01
65 71 5.510924e-01
46 52 5.471176e-01
66 76 5.467002e-01
5 7 5.466898e-01
22 23 5.453649e-01
46 49 5.433309e-01
15 37 5.432074e-01
18 25 5.418351e-01
58 68 5.399909e-01
70 76 5.392878e-01
66 72 5.385456e-01
32 36 5.383939e-01
3 61 5.378136e-01
15 30 5.371838e-01
58 69 5.361769e-01
5 11 5.353920e-01
13 19 5.353497e-01
55 58 5.352477e-01
49 56 5.328455e-01
46 53 5.288559e-01
17 31 5.282423e-01
58 60 5.280801e-01
16 38 5.270031e-01
18 21 5.269864e-01
3 7 5.254750e-01
18 20 5.240584e-01
24 25 5.238588e-01
57 66 5.226455e-01
27 30 5.201101e-01
23 31 5.179221e-01
56 57 5.165839e-01
71 73 5.157969e-01
25 31 5.151464e-01
52 63 5.145783e-01
63 66 5.137271e-01
53 56 5.133133e-01
23 28 5.131318e-01
8 31 5.111639e-01
13 18 5.107109e-01
47 54 5.097857e-01
17 22 5.082461e-01
10 30 5.065064e-01
80 81 5.055558e-01
69 73 5.051229e-01
10 32 5.047810e-01
56 76 5.044160e-01
48 50 5.042394e-01
47 68 5.036660e-01
12 13 5.027676e-01
15 25 4.996016e-01
33 35 4.995895e-01
11 17 4.989338e-01
19 31 4.983214e-01
24 31 4.980636e-01
50 70 4.973649e-01
14 17 4.972359e-01
12 25 4.953116e-01
73 75 4.949955e-01
21 22 4.946953e-01
24 28 4.945166e-01
60 79 4.929064e-01
23 24 4.904192e-01
16 35 4.903816e-01
6 13 4.902510e-01
16 18 4.897777e-01
13 24 4.897185e-01
23 29 4.889421e-01
11 31 4.885620e-01
31 37 4.878608e-01
64 68 4.877955e-01
11 30 4.876604e-01
67 72 4.848296e-01
8 9 4.845439e-01
63 67 4.818826e-01
27 33 4.812163e-01
33 37 4.797292e-01
63 78 4.792022e-01
63 77 4.792022e-01
17 34 4.783833e-01
51 58 4.780329e-01
2 68 4.752034e-01
57 74 4.736651e-01
66 70 4.726932e-01
7 15 4.705508e-01
66 67 4.703886e-01
54 65 4.694385e-01
19 24 4.686453e-01
28 30 4.673097e-01
76 80 4.666477e-01
62 70 4.654366e-01
26 27 4.651072e-01
5 32 4.644158e-01
50 69 4.643538e-01
32 37 4.635059e-01
35 36 4.608651e-01
7 16 4.607092e-01
74 75 4.597961e-01
54 72 4.596372e-01
55 56 4.583800e-01
63 64 4.573611e-01
27 31 4.572714e-01
51 53 4.566558e-01
53 72 4.557817e-01
46 54 4.552476e-01
34 38 4.547290e-01
26 28 4.543024e-01
13 28 4.536545e-01
9 16 4.529159e-01
67 73 4.527495e-01
54 67 4.523803e-01
47 60 4.520463e-01
30 35 4.501122e-01
6 7 4.498252e-01
42 45 4.495042e-01
13 31 4.494918e-01
2 69 4.494852e-01
53 67 4.492624e-01
44 49 4.482238e-01
8 19 4.477643e-01
53 65 4.463491e-01
50 60 4.460573e-01
61 62 4.438002e-01
19 28 4.422815e-01
64 72 4.406324e-01
9 17 4.396639e-01
49 63 4.393322e-01
41 43 4.388695e-01
7 26 4.385871e-01
31 36 4.384945e-01
11 32 4.384786e-01
41 42 4.384557e-01
63 73 4.375489e-01
7 19 4.372563e-01
56 70 4.366830e-01
27 29 4.359521e-01
46 51 4.359341e-01
54 77 4.348439e-01
54 78 4.348439e-01
10 27 4.341843e-01
24 26 4.341797e-01
70 81 4.340997e-01
9 14 4.322957e-01
10 35 4.318030e-01
45 47 4.299103e-01
62 67 4.283693e-01
53 77 4.266260e-01
53 78 4.266260e-01
50 59 4.264399e-01
62 66 4.244470e-01
23 37 4.236252e-01
23 25 4.236190e-01
5 35 4.229839e-01
15 29 4.229091e-01
2 81 4.214803e-01
60 70 4.213685e-01
62 79 4.210487e-01
33 41 4.206426e-01
5 30 4.198753e-01
51 52 4.191117e-01
25 26 4.168980e-01
29 34 4.166325e-01
18 26 4.151971e-01
41 79 4.139832e-01
65 66 4.138829e-01
61 81 4.130813e-01
17 33 4.127058e-01
16 29 4.122192e-01
5 16 4.115025e-01
60 76 4.106550e-01
63 75 4.102773e-01
12 19 4.101674e-01
3 13 4.097768e-01
34 36 4.096168e-01
48 72 4.092462e-01
68 76 4.089628e-01
4 70 4.085567e-01
56 60 4.080237e-01
10 25 4.079098e-01
50 57 4.076589e-01
11 18 4.071100e-01
6 9 4.067447e-01
61 65 4.067179e-01
6 17 4.052950e-01
72 76 4.052848e-01
12 14 4.046692e-01
51 74 4.041398e-01
3 80 4.027373e-01
3 81 4.023863e-01
7 12 4.023259e-01
64 65 4.009334e-01
63 71 4.003132e-01
70 74 3.995396e-01
60 64 3.986480e-01
20 30 3.986178e-01
50 56 3.984428e-01
62 74 3.982017e-01
48 65 3.980955e-01
56 67 3.970305e-01
32 33 3.969271e-01
59 73 3.967459e-01
54 61 3.957266e-01
48 55 3.945106e-01
6 35 3.928801e-01
13 35 3.925734e-01
60 81 3.920983e-01
58 65 3.920346e-01
5 34 3.915974e-01
23 35 3.915559e-01
1 14 3.915193e-01
49 50 3.912843e-01
57 62 3.906359e-01
35 39 3.899835e-01
69 71 3.896936e-01
62 63 3.873959e-01
23 30 3.871024e-01
49 67 3.868581e-01
29 36 3.863856e-01
29 35 3.857527e-01
25 30 3.849894e-01
24 27 3.846805e-01
52 67 3.840217e-01
20 29 3.836253e-01
70 80 3.818815e-01
57 63 3.818680e-01
4 80 3.815736e-01
53 73 3.815409e-01
30 38 3.804191e-01
19 23 3.801265e-01
52 78 3.780498e-01
52 77 3.780498e-01
66 71 3.779524e-01
41 74 3.777531e-01
5 15 3.765500e-01
50 64 3.758810e-01
2 13 3.756391e-01
21 23 3.756362e-01
27 35 3.751428e-01
56 61 3.747035e-01
43 50 3.745078e-01
38 42 3.740290e-01
55 67 3.734755e-01
5 38 3.734658e-01
44 52 3.731915e-01
33 40 3.712875e-01
54 73 3.700084e-01
52 65 3.694308e-01
64 76 3.694280e-01
52 72 3.685253e-01
54 62 3.682038e-01
28 33 3.677928e-01
16 23 3.665104e-01
6 12 3.655100e-01
55 77 3.653352e-01
55 78 3.653352e-01
51 56 3.651588e-01
48 67 3.650111e-01
5 31 3.630718e-01
23 40 3.618084e-01
31 38 3.615158e-01
64 67 3.610594e-01
27 37 3.605634e-01
1 73 3.599570e-01
9 15 3.591726e-01
9 19 3.591649e-01
13 26 3.587161e-01
11 28 3.586074e-01
12 18 3.585869e-01
24 44 3.585465e-01
57 72 3.584419e-01
28 38 3.577428e-01
51 76 3.575941e-01
55 72 3.565157e-01
17 32 3.564123e-01
54 71 3.562174e-01
56 59 3.555596e-01
36 40 3.554653e-01
62 68 3.554339e-01
23 32 3.552575e-01
15 19 3.549158e-01
10 19 3.548429e-01
39 45 3.539541e-01
53 75 3.529647e-01
24 36 3.527068e-01
23 38 3.523705e-01
54 75 3.513628e-01
8 24 3.500780e-01
74 81 3.499986e-01
51 75 3.490243e-01
57 69 3.488057e-01
16 31 3.485132e-01
64 70 3.481564e-01
24 32 3.478669e-01
27 28 3.475395e-01
6 16 3.462371e-01
48 78 3.459161e-01
48 77 3.459161e-01
64 75 3.458870e-01
53 71 3.451634e-01
2 60 3.449720e-01
48 63 3.446703e-01
49 71 3.442530e-01
15 32 3.437797e-01
18 22 3.434806e-01
14 18 3.427584e-01
57 65 3.423556e-01
10 34 3.421343e-01
54 57 3.412843e-01
36 39 3.401056e-01
11 29 3.398872e-01
51 61 3.376814e-01
57 60 3.371692e-01
1 66 3.369648e-01
77 80 3.363949e-01
78 80 3.363949e-01
66 69 3.363087e-01
42 80 3.362526e-01
5 42 3.357327e-01
41 69 3.356267e-01
50 79 3.349760e-01
60 65 3.345691e-01
8 29 3.335666e-01
55 57 3.333511e-01
9 35 3.325171e-01
55 65 3.323029e-01
10 22 3.322971e-01
65 73 3.311623e-01
39 44 3.311544e-01
29 31 3.310717e-01
52 75 3.288621e-01
73 80 3.284526e-01
4 57 3.283804e-01
1 59 3.262894e-01
77 79 3.256990e-01
78 79 3.256990e-01
16 24 3.255491e-01
66 68 3.247225e-01
61 79 3.235676e-01
19 21 3.232390e-01
28 34 3.230605e-01
13 14 3.230491e-01
3 60 3.228354e-01
9 31 3.220696e-01
57 80 3.220162e-01
56 69 3.219661e-01
17 19 3.218137e-01
5 17 3.215094e-01
23 33 3.200958e-01
62 64 3.192373e-01
60 71 3.185194e-01
27 36 3.180241e-01
58 67 3.178494e-01
2 74 3.164673e-01
20 24 3.160803e-01
44 53 3.158387e-01
46 72 3.157724e-01
21 28 3.144205e-01
50 66 3.140508e-01
50 61 3.132799e-01
6 24 3.131386e-01
18 36 3.131376e-01
8 22 3.124390e-01
3 9 3.120832e-01
4 55 3.119039e-01
21 27 3.117828e-01
56 71 3.114375e-01
26 30 3.106806e-01
19 29 3.096354e-01
53 57 3.092481e-01
19 22 3.087579e-01
2 80 3.074491e-01
13 34 3.067266e-01
1 81 3.063769e-01
1 68 3.062902e-01
9 30 3.059864e-01
52 71 3.056928e-01
62 81 3.047103e-01
14 25 3.040000e-01
21 26 3.036809e-01
58 74 3.033045e-01
9 24 3.013682e-01
67 70 3.012773e-01
29 37 3.008935e-01
32 39 3.008473e-01
46 56 3.001505e-01
52 73 2.987582e-01
16 30 2.981656e-01
66 74 2.976979e-01
2 6 2.971957e-01
18 34 2.967311e-01
74 76 2.964054e-01
51 55 2.955047e-01
65 69 2.953397e-01
55 71 2.939367e-01
9 18 2.936470e-01
15 35 2.932375e-01
54 64 2.929633e-01
26 33 2.914891e-01
67 69 2.910635e-01
50 80 2.903899e-01
48 51 2.900052e-01
9 23 2.886709e-01
47 57 2.883156e-01
12 27 2.882238e-01
18 29 2.875945e-01
2 62 2.873537e-01
6 15 2.870487e-01
7 34 2.866085e-01
58 61 2.858420e-01
12 30 2.853400e-01
14 29 2.851557e-01
15 45 2.842979e-01
15 33 2.824912e-01
51 54 2.814823e-01
48 73 2.812881e-01
61 72 2.811952e-01
59 64 2.809692e-01
14 19 2.807649e-01
47 55 2.807602e-01
12 23 2.803163e-01
47 79 2.801085e-01
7 31 2.797374e-01
11 24 2.794312e-01
1 64 2.790516e-01
55 73 2.783112e-01
61 73 2.765030e-01
28 37 2.762415e-01
55 75 2.762399e-01
6 14 2.761271e-01
21 33 2.759228e-01
42 70 2.757850e-01
47 62 2.752600e-01
41 57 2.748780e-01
11 34 2.744472e-01
47 61 2.730279e-01
25 35 2.723893e-01
10 38 2.723672e-01
56 68 2.722431e-01
4 73 2.721481e-01
64 71 2.719661e-01
26 32 2.719602e-01
50 75 2.718140e-01
66 73 2.710569e-01
61 63 2.708662e-01
10 37 2.703427e-01
39 47 2.696921e-01
52 58 2.696157e-01
45 53 2.691314e-01
2 79 2.678839e-01
8 34 2.677988e-01
62 71 2.677949e-01
58 63 2.661404e-01
47 53 2.658522e-01
76 79 2.646740e-01
45 48 2.645175e-01
45 49 2.644192e-01
48 71 2.641991e-01
17 38 2.641058e-01
42 50 2.639683e-01
9 29 2.636343e-01
47 69 2.633810e-01
50 58 2.633160e-01
14 30 2.626040e-01
19 37 2.624213e-01
53 60 2.620343e-01
46 76 2.598027e-01
48 57 2.590596e-01
14 16 2.589040e-01
57 76 2.586045e-01
12 35 2.582187e-01
53 64 2.581911e-01
14 27 2.571015e-01
70 71 2.570637e-01
42 81 2.567589e-01
20 74 2.563621e-01
46 78 2.562611e-01
46 77 2.562611e-01
48 75 2.562481e-01
6 32 2.560969e-01
22 41 2.550064e-01
3 5 2.540630e-01
18 33 2.536668e-01
61 68 2.534851e-01
58 81 2.532399e-01
8 35 2.525632e-01
18 35 2.523858e-01
17 29 2.519414e-01
10 33 2.518335e-01
3 69 2.512579e-01
39 42 2.508354e-01
27 45 2.507787e-01
5 23 2.505602e-01
20 31 2.504922e-01
45 81 2.500766e-01
17 30 2.490544e-01
61 75 2.477610e-01
3 6 2.475451e-01
2 61 2.464538e-01
61 66 2.454172e-01
57 73 2.451548e-01
6 28 2.449441e-01
20 27 2.441207e-01
53 66 2.440893e-01
32 38 2.436916e-01
13 21 2.432607e-01
3 79 2.432348e-01
28 36 2.430217e-01
29 38 2.427217e-01
21 34 2.424827e-01
1 3 2.421632e-01
68 75 2.421585e-01
12 17 2.420071e-01
51 65 2.416435e-01
19 39 2.407947e-01
41 81 2.407321e-01
52 57 2.401072e-01
19 43 2.394652e-01
17 35 2.394294e-01
16 37 2.394204e-01
4 21 2.387553e-01
63 76 2.386215e-01
35 43 2.383232e-01
57 61 2.375117e-01
70 73 2.374834e-01
2 11 2.374264e-01
5 25 2.374001e-01
11 23 2.373170e-01
47 81 2.370741e-01
58 71 2.370065e-01
45 46 2.348232e-01
42 60 2.345989e-01
3 73 2.344902e-01
50 71 2.338053e-01
26 31 2.337474e-01
8 16 2.336811e-01
11 27 2.333164e-01
7 17 2.333147e-01
19 25 2.329084e-01
51 62 2.328140e-01
2 14 2.325331e-01
61 70 2.315581e-01
16 32 2.315176e-01
50 76 2.309902e-01
7 20 2.305273e-01
73 76 2.303480e-01
19 34 2.297958e-01
18 19 2.294600e-01
7 30 2.293215e-01
64 74 2.281245e-01
41 44 2.270346e-01
48 64 2.266389e-01
6 23 2.239994e-01
7 32 2.225633e-01
3 26 2.220508e-01
19 26 2.219915e-01
56 65 2.217834e-01
46 55 2.217702e-01
12 28 2.216643e-01
66 77 2.212432e-01
66 78 2.212432e-01
19 38 2.210109e-01
52 61 2.205769e-01
41 45 2.203921e-01
12 34 2.182686e-01
60 66 2.174242e-01
46 50 2.173833e-01
21 36 2.168531e-01
51 63 2.159866e-01
61 69 2.156799e-01
21 24 2.150729e-01
50 54 2.147670e-01
2 70 2.142915e-01
6 19 2.137182e-01
12 42 2.133463e-01
46 67 2.132389e-01
2 50 2.126673e-01
56 63 2.125388e-01
15 31 2.120818e-01
62 77 2.120018e-01
62 78 2.120018e-01
26 29 2.119597e-01
54 59 2.117991e-01
18 73 2.112275e-01
6 43 2.111689e-01
8 40 2.107487e-01
17 36 2.107053e-01
5 22 2.090693e-01
44 67 2.090588e-01
12 37 2.080280e-01
13 30 2.070272e-01
1 56 2.068639e-01
65 70 2.063364e-01
16 40 2.062155e-01
45 50 2.061511e-01
13 43 2.059371e-01
51 79 2.055102e-01
60 73 2.053229e-01
4 18 2.034920e-01
9 21 2.032089e-01
11 37 2.027641e-01
69 76 2.016351e-01
14 74 2.014343e-01
75 80 2.012555e-01
25 36 2.009035e-01
58 73 1.985275e-01
10 21 1.984943e-01
59 80 1.982935e-01
58 80 1.976673e-01
49 58 1.969737e-01
1 11 1.966795e-01
19 32 1.953167e-01
6 21 1.945094e-01
62 72 1.944534e-01
49 72 1.938149e-01
47 70 1.934842e-01
59 66 1.933826e-01
35 40 1.933570e-01
71 79 1.932644e-01
20 34 1.931104e-01
5 40 1.930617e-01
66 81 1.929157e-01
56 72 1.908095e-01
20 41 1.891325e-01
20 26 1.886458e-01
54 66 1.885703e-01
18 27 1.882412e-01
22 31 1.876737e-01
5 8 1.875844e-01
3 18 1.871764e-01
19 35 1.870911e-01
10 26 1.867610e-01
26 69 1.866216e-01
34 39 1.865658e-01
44 54 1.864819e-01
60 67 1.850308e-01
36 41 1.833047e-01
8 21 1.823888e-01
9 25 1.822795e-01
17 40 1.818204e-01
2 59 1.816041e-01
9 27 1.812797e-01
49 78 1.809037e-01
49 77 1.809037e-01
20 32 1.808728e-01
49 66 1.805489e-01
13 33 1.805229e-01
15 23 1.796705e-01
52 64 1.790195e-01
12 29 1.783014e-01
35 41 1.782985e-01
14 24 1.782298e-01
9 37 1.773342e-01
1 5 1.758495e-01
46 63 1.753829e-01
9 28 1.751317e-01
15 28 1.751212e-01
5 28 1.750804e-01
22 42 1.747585e-01
73 79 1.746684e-01
73 74 1.739888e-01
8 36 1.739078e-01
23 34 1.734538e-01
65 79 1.730920e-01
33 38 1.729385e-01
33 80 1.725084e-01
26 59 1.718830e-01
16 25 1.716664e-01
73 81 1.716380e-01
56 74 1.711713e-01
3 59 1.708312e-01
50 55 1.705982e-01
37 45 1.703394e-01
4 81 1.701693e-01
48 61 1.697689e-01
6 22 1.692500e-01
62 80 1.691402e-01
7 28 1.688292e-01
10 36 1.681970e-01
57 68 1.679533e-01
22 38 1.674449e-01
64 81 1.650918e-01
41 59 1.645704e-01
53 76 1.644761e-01
12 40 1.644579e-01
51 69 1.642394e-01
34 66 1.640631e-01
27 32 1.640088e-01
26 36 1.639200e-01
61 67 1.636313e-01
8 25 1.634103e-01
47 56 1.633785e-01
17 23 1.630059e-01
17 44 1.626392e-01
32 42 1.624625e-01
25 40 1.623419e-01
64 73 1.623409e-01
67 68 1.621799e-01
62 73 1.617193e-01
2 76 1.611826e-01
1 30 1.607176e-01
3 50 1.604053e-01
57 78 1.601611e-01
57 77 1.601611e-01
22 40 1.597339e-01
6 25 1.595624e-01
51 66 1.594361e-01
42 57 1.593694e-01
4 60 1.589308e-01
53 61 1.587462e-01
44 56 1.583871e-01
7 33 1.583092e-01
11 25 1.580402e-01
4 24 1.577404e-01
48 62 1.574796e-01
49 76 1.573919e-01
76 81 1.566431e-01
22 26 1.560535e-01
54 60 1.558497e-01
3 51 1.558404e-01
1 8 1.557135e-01
67 80 1.536611e-01
14 31 1.532101e-01
5 33 1.529840e-01
10 45 1.529669e-01
55 62 1.527129e-01
43 57 1.523651e-01
46 75 1.514466e-01
11 35 1.511863e-01
32 44 1.509412e-01
3 16 1.508456e-01
32 49 1.500327e-01
18 24 1.496803e-01
6 38 1.494095e-01
53 58 1.492908e-01
43 64 1.488313e-01
40 55 1.479540e-01
12 69 1.479444e-01
2 75 1.474058e-01
10 40 1.472914e-01
31 40 1.471991e-01
56 73 1.470351e-01
1 70 1.463684e-01
72 80 1.457260e-01
21 80 1.456489e-01
20 79 1.449076e-01
75 79 1.447459e-01
12 33 1.447432e-01
16 22 1.441333e-01
46 73 1.441004e-01
8 37 1.434931e-01
5 29 1.434095e-01
46 71 1.432136e-01
52 76 1.428697e-01
21 81 1.424645e-01
42 68 1.422396e-01
53 62 1.421747e-01
51 64 1.421711e-01
6 34 1.417663e-01
24 45 1.407034e-01
71 81 1.400478e-01
1 63 1.398613e-01
44 71 1.395175e-01
47 72 1.393868e-01
64 80 1.393569e-01
48 66 1.386490e-01
57 71 1.383339e-01
9 20 1.376905e-01
24 40 1.372413e-01
2 27 1.370947e-01
58 72 1.370239e-01
16 36 1.365320e-01
5 20 1.363009e-01
4 14 1.358715e-01
54 76 1.350379e-01
40 45 1.348651e-01
47 58 1.348054e-01
52 66 1.347736e-01
57 67 1.340835e-01
27 38 1.338907e-01
71 80 1.333002e-01
15 20 1.330748e-01
2 12 1.323843e-01
7 21 1.319032e-01
30 37 1.317452e-01
48 60 1.316853e-01
17 25 1.316825e-01
5 37 1.310936e-01
8 43 1.309240e-01
14 23 1.305659e-01
2 15 1.304775e-01
26 81 1.300483e-01
9 40 1.299600e-01
1 6 1.291461e-01
31 39 1.285271e-01
37 44 1.277144e-01
2 51 1.275943e-01
8 18 1.275533e-01
1 62 1.275375e-01
55 66 1.274447e-01
64 69 1.270006e-01
67 74 1.257072e-01
4 47 1.256538e-01
14 20 1.253490e-01
4 25 1.253359e-01
6 42 1.252628e-01
9 39 1.248137e-01
24 30 1.248109e-01
51 70 1.246854e-01
9 38 1.246035e-01
47 64 1.242724e-01
27 39 1.239909e-01
16 20 1.230216e-01
42 74 1.230076e-01
7 35 1.230018e-01
33 81 1.227488e-01
37 48 1.224338e-01
55 61 1.221448e-01
7 24 1.221045e-01
1 69 1.217896e-01
68 71 1.216045e-01
16 28 1.215959e-01
49 65 1.211354e-01
16 21 1.207520e-01
55 76 1.206787e-01
13 23 1.202383e-01
69 75 1.202360e-01
26 79 1.192269e-01
11 22 1.192233e-01
12 22 1.188304e-01
22 81 1.186020e-01
21 35 1.185496e-01
5 21 1.179239e-01
4 79 1.176035e-01
50 62 1.174178e-01
46 58 1.173744e-01
48 58 1.167067e-01
21 41 1.165823e-01
64 77 1.164235e-01
64 78 1.164235e-01
64 79 1.164214e-01
49 64 1.154261e-01
46 62 1.148399e-01
11 19 1.146166e-01
50 63 1.144189e-01
61 77 1.141482e-01
61 78 1.141482e-01
75 81 1.141375e-01
2 8 1.140400e-01
66 75 1.140352e-01
1 72 1.139561e-01
47 52 1.139356e-01
59 71 1.139249e-01
16 27 1.135416e-01
50 52 1.133077e-01
41 46 1.122106e-01
51 81 1.112660e-01
1 74 1.109887e-01
39 41 1.108821e-01
59 65 1.106490e-01
22 28 1.103852e-01
21 29 1.100517e-01
13 27 1.094292e-01
8 30 1.093420e-01
17 39 1.093002e-01
59 67 1.092918e-01
28 40 1.077384e-01
23 42 1.074211e-01
11 40 1.072196e-01
18 28 1.069308e-01
22 37 1.067309e-01
7 37 1.065594e-01
25 48 1.056616e-01
8 27 1.054825e-01
42 79 1.034791e-01
67 79 1.033164e-01
22 44 1.029975e-01
13 41 1.025812e-01
52 60 1.022408e-01
15 27 1.017840e-01
21 32 1.015898e-01
45 55 1.013692e-01
18 40 1.011983e-01
70 72 1.008714e-01
21 60 1.004080e-01
11 20 1.003724e-01
1 61 1.000052e-01
4 9 9.980179e-02
52 59 9.961431e-02
40 46 9.953680e-02
9 45 9.936145e-02
26 74 9.889386e-02
18 38 9.853390e-02
12 26 9.832589e-02
14 81 9.698415e-02
16 43 9.698006e-02
38 45 9.684045e-02
20 28 9.681342e-02
49 73 9.662666e-02
24 37 9.645953e-02
8 45 9.642656e-02
12 38 9.573066e-02
19 33 9.532463e-02
7 29 9.532033e-02
5 39 9.497543e-02
10 39 9.464099e-02
30 40 9.451529e-02
42 61 9.433921e-02
1 7 9.307196e-02
4 72 9.262192e-02
50 53 9.252617e-02
3 62 9.239384e-02
37 46 9.235498e-02
42 59 9.221377e-02
36 57 9.186210e-02
56 77 9.184789e-02
56 78 9.184789e-02
59 75 9.177945e-02
5 44 9.176439e-02
51 73 9.096795e-02
47 80 9.075901e-02
16 45 9.053392e-02
60 63 9.033101e-02
12 39 9.016447e-02
49 75 9.013745e-02
14 75 8.999898e-02
24 34 8.983433e-02
13 38 8.956498e-02
9 34 8.877192e-02
30 36 8.842616e-02
13 42 8.821718e-02
45 75 8.737841e-02
5 19 8.615734e-02
20 62 8.605375e-02
14 22 8.600062e-02
18 32 8.590637e-02
25 46 8.580085e-02
2 55 8.570642e-02
4 20 8.529943e-02
23 39 8.495447e-02
26 41 8.450148e-02
22 62 8.359778e-02
74 78 8.353394e-02
74 77 8.353394e-02
34 64 8.347461e-02
51 67 8.159558e-02
31 45 8.065140e-02
42 69 8.011069e-02
10 18 7.964481e-02
1 42 7.850257e-02
56 81 7.771973e-02
63 70 7.668491e-02
37 42 7.659060e-02
8 23 7.631132e-02
9 33 7.622514e-02
72 79 7.531786e-02
57 75 7.463653e-02
2 22 7.436053e-02
29 70 7.429318e-02
70 78 7.422632e-02
70 77 7.422632e-02
1 65 7.404342e-02
66 80 7.395833e-02
6 31 7.350921e-02
26 39 7.339525e-02
68 73 7.282433e-02
3 14 7.280978e-02
43 46 7.255860e-02
24 38 7.212864e-02
28 44 7.174706e-02
3 55 7.117407e-02
55 64 7.106824e-02
40 49 7.080913e-02
66 79 7.017914e-02
77 81 6.887225e-02
78 81 6.887225e-02
40 43 6.865323e-02
20 80 6.813717e-02
9 26 6.804822e-02
39 74 6.804537e-02
26 80 6.788427e-02
27 40 6.786592e-02
58 77 6.764551e-02
58 78 6.764551e-02
44 72 6.748842e-02
23 26 6.683224e-02
4 15 6.649894e-02
36 43 6.614051e-02
3 47 6.572841e-02
13 25 6.561776e-02
40 44 6.549548e-02
28 39 6.519917e-02
19 30 6.517949e-02
6 27 6.506211e-02
6 29 6.495860e-02
71 74 6.467450e-02
49 62 6.385556e-02
1 52 6.378943e-02
24 43 6.345772e-02
19 41 6.340795e-02
1 53 6.328184e-02
6 37 6.301470e-02
1 18 6.123996e-02
19 45 5.971666e-02
46 60 5.918471e-02
41 47 5.886772e-02
33 39 5.878688e-02
62 75 5.848457e-02
41 73 5.828635e-02
24 41 5.787403e-02
47 65 5.769167e-02
43 53 5.758668e-02
63 80 5.736613e-02
5 18 5.694822e-02
23 43 5.685309e-02
18 57 5.575951e-02
3 78 5.536827e-02
3 77 5.536827e-02
53 59 5.506344e-02
58 79 5.444589e-02
48 59 5.428331e-02
8 33 5.397680e-02
16 34 5.382224e-02
8 38 5.342321e-02
42 62 5.271349e-02
2 31 5.256996e-02
43 66 5.220634e-02
15 21 5.218869e-02
4 39 5.205400e-02
6 44 5.178689e-02
68 77 5.149804e-02
68 78 5.149804e-02
13 29 5.132129e-02
26 47 5.076634e-02
23 41 4.987526e-02
72 74 4.966237e-02
22 35 4.925702e-02
19 47 4.914639e-02
13 20 4.803925e-02
45 52 4.741211e-02
13 44 4.736735e-02
6 40 4.692086e-02
14 21 4.682880e-02
4 8 4.664316e-02
41 58 4.663824e-02
16 39 4.616923e-02
10 44 4.594256e-02
22 36 4.571733e-02
34 43 4.495082e-02
5 24 4.487189e-02
1 67 4.430103e-02
45 72 4.422398e-02
16 33 4.360023e-02
11 36 4.187116e-02
36 42 4.186458e-02
27 49 4.165100e-02
20 23 4.090963e-02
22 30 4.078799e-02
23 44 4.076224e-02
55 59 4.030209e-02
41 70 3.937012e-02
48 76 3.904463e-02
40 53 3.820278e-02
20 33 3.778483e-02
59 63 3.767064e-02
1 80 3.760478e-02
9 36 3.757154e-02
13 37 3.748652e-02
26 42 3.687886e-02
19 44 3.613997e-02
51 77 3.597656e-02
51 78 3.597656e-02
12 43 3.532762e-02
13 45 3.502459e-02
70 75 3.484137e-02
29 44 3.388392e-02
6 61 3.369891e-02
65 74 3.163152e-02
63 69 3.106381e-02
20 39 3.010963e-02
2 26 2.996281e-02
8 26 2.903203e-02
6 26 2.890608e-02
69 72 2.886353e-02
27 43 2.809044e-02
5 68 2.765323e-02
3 21 2.738873e-02
41 68 2.690973e-02
6 36 2.665358e-02
65 80 2.581140e-02
27 80 2.554423e-02
5 26 2.508362e-02
40 52 2.496672e-02
32 45 2.446275e-02
55 60 2.443274e-02
24 39 2.417418e-02
34 56 2.412654e-02
2 5 2.380726e-02
43 48 2.362945e-02
65 68 2.359898e-02
47 63 2.301370e-02
2 77 2.214019e-02
2 78 2.214019e-02
18 31 2.155318e-02
45 63 2.153726e-02
4 28 2.086792e-02
51 57 1.955261e-02
59 76 1.916283e-02
4 53 1.908426e-02
2 20 1.876581e-02
9 42 1.789192e-02
20 81 1.707169e-02
3 75 1.693491e-02
35 42 1.688351e-02
24 33 1.685177e-02
14 26 1.586440e-02
7 25 1.472888e-02
4 11 1.454164e-02
18 30 1.349392e-02
33 60 1.304359e-02
38 44 1.302630e-02
46 64 1.301018e-02
15 38 1.291762e-02
2 66 1.115277e-02
11 21 1.071636e-02
1 77 1.019488e-02
1 78 1.019488e-02
34 40 9.479527e-03
35 45 8.588036e-03
1 16 7.735720e-03
37 55 7.263679e-03
39 81 7.193081e-03
8 39 7.170182e-03
4 22 7.035457e-03
42 76 6.969213e-03
12 36 6.737472e-03
44 78 6.632611e-03
44 77 6.632611e-03
47 71 6.591466e-03
37 49 6.573835e-03
1 54 6.440433e-03
14 32 6.433377e-03
27 47 5.530189e-03
7 27 5.256420e-03
26 50 5.185184e-03
46 57 5.073126e-03
4 52 4.961435e-03
4 19 4.372788e-03
32 43 4.103785e-03
1 75 3.182095e-03
37 43 2.984773e-03
52 62 2.239442e-03
25 33 1.965413e-03
27 50 7.099627e-04
55 80 2.912620e-04
30 59 1.317609e-04
47 77 1.174248e-04
47 78 1.174248e-04
12 44 -1.944462e-04
25 55 -2.456388e-04
7 38 -4.076930e-04
19 36 -8.633660e-04
4 45 -1.183208e-03
21 47 -1.451718e-03
44 65 -1.987470e-03
17 26 -2.021317e-03
13 40 -2.384546e-03
4 10 -2.387077e-03
16 42 -2.422800e-03
65 81 -2.500459e-03
23 45 -2.541241e-03
25 52 -2.761374e-03
8 44 -3.220249e-03
37 54 -3.356853e-03
29 39 -3.376933e-03
22 33 -3.519764e-03
60 72 -3.583235e-03
39 49 -4.340735e-03
22 39 -4.700939e-03
26 37 -4.916179e-03
56 75 -5.500926e-03
29 45 -5.518251e-03
47 67 -6.571156e-03
44 63 -6.660942e-03
1 17 -7.248528e-03
3 76 -7.251349e-03
33 42 -7.434707e-03
37 72 -7.479096e-03
51 72 -7.599208e-03
29 40 -7.776884e-03
6 20 -7.910358e-03
4 7 -8.365163e-03
39 59 -8.760688e-03
29 43 -9.493936e-03
9 22 -9.641713e-03
14 34 -1.083492e-02
43 63 -1.095529e-02
18 80 -1.097198e-02
24 42 -1.101209e-02
55 74 -1.144198e-02
20 69 -1.153339e-02
5 45 -1.154413e-02
7 74 -1.185924e-02
36 70 -1.191855e-02
4 62 -1.211212e-02
14 35 -1.212584e-02
15 24 -1.234006e-02
20 38 -1.267471e-02
11 38 -1.270025e-02
3 74 -1.303949e-02
61 71 -1.315361e-02
14 80 -1.416909e-02
34 58 -1.427364e-02
5 43 -1.521043e-02
36 49 -1.564932e-02
38 48 -1.573371e-02
36 44 -1.579065e-02
69 78 -1.588473e-02
69 77 -1.588473e-02
1 55 -1.656336e-02
51 71 -1.739323e-02
21 68 -1.757478e-02
20 25 -1.809640e-02
4 27 -1.857131e-02
45 51 -1.885598e-02
25 54 -1.908564e-02
40 78 -1.921351e-02
40 77 -1.921351e-02
26 62 -1.968513e-02
2 42 -1.977751e-02
25 72 -1.983512e-02
19 40 -1.989479e-02
7 22 -1.999736e-02
37 53 -2.012629e-02
20 35 -2.106155e-02
49 61 -2.174615e-02
25 44 -2.246683e-02
25 53 -2.246698e-02
40 67 -2.268470e-02
2 57 -2.269436e-02
4 74 -2.276479e-02
15 22 -2.295396e-02
47 73 -2.344984e-02
19 42 -2.356558e-02
12 45 -2.373207e-02
6 39 -2.395972e-02
3 12 -2.431816e-02
20 40 -2.485535e-02
9 43 -2.488837e-02
1 76 -2.502202e-02
72 81 -2.530358e-02
4 40 -2.535500e-02
1 58 -2.541899e-02
17 37 -2.563936e-02
4 49 -2.570796e-02
44 47 -2.590317e-02
3 70 -2.606840e-02
2 64 -2.642154e-02
2 16 -2.648938e-02
37 41 -2.651586e-02
6 45 -2.667823e-02
28 48 -2.694208e-02
42 66 -2.702589e-02
22 43 -2.722829e-02
21 38 -2.725934e-02
24 47 -2.779945e-02
5 14 -2.825101e-02
2 7 -2.834454e-02
68 72 -2.842727e-02
4 54 -2.876766e-02
56 80 -2.972455e-02
55 70 -2.972558e-02
45 77 -2.987818e-02
45 78 -2.987818e-02
11 61 -3.017804e-02
15 41 -3.050831e-02
25 49 -3.070769e-02
63 68 -3.087262e-02
42 64 -3.087339e-02
56 79 -3.110326e-02
37 63 -3.134942e-02
21 69 -3.206245e-02
3 57 -3.273599e-02
28 41 -3.300110e-02
26 70 -3.302732e-02
2 67 -3.459417e-02
47 75 -3.472387e-02
20 46 -3.482811e-02
32 40 -3.542788e-02
46 66 -3.628853e-02
4 26 -3.656980e-02
21 42 -3.685312e-02
53 80 -3.765782e-02
38 49 -3.797833e-02
7 69 -3.812374e-02
5 36 -3.853608e-02
6 81 -3.875377e-02
4 63 -3.876646e-02
2 65 -3.894818e-02
14 28 -3.915546e-02
18 45 -3.918098e-02
25 39 -3.922642e-02
43 49 -3.939926e-02
10 20 -3.984391e-02
4 17 -4.046571e-02
63 79 -4.057994e-02
32 41 -4.099884e-02
18 37 -4.113943e-02
43 51 -4.124713e-02
58 75 -4.170957e-02
27 61 -4.173852e-02
41 52 -4.239257e-02
1 9 -4.249243e-02
18 41 -4.274595e-02
51 80 -4.280971e-02
30 39 -4.357541e-02
1 29 -4.365551e-02
2 30 -4.367557e-02
5 79 -4.389360e-02
37 52 -4.419838e-02
4 68 -4.458295e-02
20 59 -4.475664e-02
50 67 -4.497990e-02
28 43 -4.552241e-02
45 54 -4.582464e-02
3 20 -4.598321e-02
29 42 -4.619598e-02
26 38 -4.625817e-02
41 62 -4.719633e-02
22 76 -4.733883e-02
4 30 -4.811329e-02
14 40 -4.831591e-02
41 60 -4.900764e-02
45 71 -4.955298e-02
25 63 -4.969768e-02
20 51 -5.018552e-02
14 62 -5.032301e-02
41 64 -5.040274e-02
4 58 -5.064093e-02
43 55 -5.084871e-02
2 41 -5.109674e-02
34 41 -5.122558e-02
15 40 -5.128000e-02
14 45 -5.135426e-02
67 81 -5.162149e-02
1 71 -5.173292e-02
2 53 -5.217629e-02
6 73 -5.218407e-02
45 61 -5.223078e-02
49 57 -5.261918e-02
31 42 -5.315604e-02
4 65 -5.354278e-02
7 42 -5.360480e-02
4 37 -5.388249e-02
49 60 -5.412638e-02
21 51 -5.437190e-02
1 51 -5.606883e-02
35 44 -5.632300e-02
22 68 -5.665587e-02
1 31 -5.764971e-02
49 70 -5.767818e-02
44 66 -5.778005e-02
12 24 -5.822342e-02
3 42 -5.834793e-02
40 54 -5.850147e-02
5 81 -5.856349e-02
44 55 -5.895245e-02
52 80 -5.957482e-02
1 39 -5.976595e-02
3 72 -5.987995e-02
23 46 -5.995402e-02
23 63 -5.998578e-02
20 73 -6.139892e-02
23 65 -6.206479e-02
53 70 -6.249029e-02
4 75 -6.287026e-02
14 38 -6.588309e-02
21 76 -6.642708e-02
45 67 -6.679553e-02
43 54 -6.689559e-02
20 60 -6.692189e-02
15 39 -6.714952e-02
31 44 -6.750898e-02
21 59 -6.806837e-02
10 42 -6.809714e-02
26 40 -6.876341e-02
8 41 -6.994614e-02
2 52 -6.995711e-02
18 43 -7.015882e-02
3 58 -7.033792e-02
14 59 -7.044067e-02
3 33 -7.109348e-02
54 80 -7.131351e-02
28 45 -7.166903e-02
5 41 -7.182804e-02
4 78 -7.186085e-02
4 77 -7.186085e-02
1 34 -7.252480e-02
17 43 -7.297719e-02
43 74 -7.315952e-02
57 81 -7.353787e-02
55 79 -7.412645e-02
3 49 -7.413722e-02
40 71 -7.443004e-02
26 43 -7.443858e-02
33 69 -7.468962e-02
2 73 -7.487678e-02
39 57 -7.492744e-02
26 35 -7.498783e-02
2 56 -7.539717e-02
1 47 -7.578222e-02
21 31 -7.620760e-02
19 81 -7.641745e-02
21 50 -7.642024e-02
7 40 -7.696815e-02
41 55 -7.711582e-02
3 15 -7.724118e-02
30 67 -7.783212e-02
33 61 -7.794903e-02
43 56 -7.796064e-02
47 76 -7.818470e-02
12 20 -7.822324e-02
36 45 -7.848325e-02
1 60 -7.849235e-02
10 41 -7.852733e-02
30 49 -7.906472e-02
13 36 -7.926765e-02
37 78 -7.963216e-02
37 77 -7.963216e-02
16 41 -8.027937e-02
41 61 -8.035362e-02
1 46 -8.099599e-02
8 42 -8.114954e-02
40 48 -8.157107e-02
5 13 -8.232543e-02
22 29 -8.237162e-02
33 74 -8.243775e-02
42 58 -8.255412e-02
43 52 -8.279284e-02
2 19 -8.290697e-02
14 39 -8.296846e-02
1 19 -8.307204e-02
3 54 -8.313568e-02
18 69 -8.329115e-02
4 48 -8.334178e-02
5 50 -8.378066e-02
15 43 -8.405703e-02
11 81 -8.432530e-02
4 12 -8.515768e-02
13 39 -8.651070e-02
15 75 -8.652606e-02
11 33 -8.689395e-02
3 53 -8.838833e-02
3 64 -8.882328e-02
39 55 -8.886040e-02
33 44 -8.899995e-02
4 71 -8.929751e-02
2 29 -8.944401e-02
5 51 -8.970838e-02
14 42 -8.973385e-02
26 68 -8.989531e-02
7 44 -9.012171e-02
39 80 -9.063608e-02
1 50 -9.098725e-02
3 52 -9.125370e-02
35 70 -9.143885e-02
17 73 -9.162761e-02
46 61 -9.184675e-02
47 66 -9.198408e-02
36 48 -9.245686e-02
22 50 -9.291006e-02
4 76 -9.298180e-02
25 77 -9.305794e-02
25 78 -9.305794e-02
30 65 -9.311102e-02
28 49 -9.343169e-02
4 13 -9.351171e-02
4 67 -9.362146e-02
37 75 -9.376228e-02
63 74 -9.381407e-02
27 51 -9.418827e-02
4 16 -9.509579e-02
34 42 -9.535075e-02
2 72 -9.549341e-02
20 68 -9.555905e-02
21 39 -9.574291e-02
33 43 -9.650399e-02
40 72 -9.733285e-02
34 44 -9.752357e-02
63 81 -9.754654e-02
17 41 -9.774733e-02
41 50 -9.818172e-02
53 79 -9.915238e-02
10 43 -9.955208e-02
22 34 -9.965233e-02
41 75 -9.969619e-02
49 59 -1.000947e-01
53 69 -1.001492e-01
44 64 -1.003589e-01
6 80 -1.004224e-01
14 60 -1.010473e-01
20 42 -1.014570e-01
41 54 -1.016171e-01
5 66 -1.016814e-01
2 54 -1.016875e-01
16 26 -1.020064e-01
17 70 -1.030983e-01
59 72 -1.032130e-01
61 76 -1.032786e-01
55 81 -1.038477e-01
43 80 -1.039481e-01
16 44 -1.043191e-01
3 71 -1.044215e-01
40 76 -1.049229e-01
6 51 -1.050406e-01
15 26 -1.051302e-01
11 39 -1.055434e-01
49 69 -1.057430e-01
32 64 -1.061034e-01
20 61 -1.062041e-01
54 70 -1.062155e-01
33 76 -1.067589e-01
1 20 -1.068767e-01
25 75 -1.070827e-01
18 71 -1.074251e-01
3 41 -1.076787e-01
30 70 -1.076998e-01
38 52 -1.078625e-01
15 34 -1.079970e-01
7 75 -1.084099e-01
38 54 -1.084940e-01
28 71 -1.085211e-01
42 47 -1.086991e-01
52 79 -1.087845e-01
3 19 -1.089659e-01
46 59 -1.092427e-01
3 65 -1.094272e-01
29 74 -1.096512e-01
32 47 -1.098157e-01
9 61 -1.100291e-01
42 56 -1.102163e-01
34 45 -1.106333e-01
8 20 -1.108055e-01
54 79 -1.109907e-01
2 58 -1.109991e-01
28 51 -1.114450e-01
42 75 -1.117689e-01
19 74 -1.118500e-01
46 70 -1.119931e-01
22 79 -1.123345e-01
40 56 -1.125026e-01
31 41 -1.128336e-01
52 70 -1.130057e-01
3 27 -1.132252e-01
40 66 -1.133701e-01
44 61 -1.145601e-01
5 59 -1.147997e-01
39 50 -1.153127e-01
36 69 -1.155362e-01
14 50 -1.158959e-01
26 71 -1.166318e-01
18 61 -1.167203e-01
13 80 -1.174968e-01
3 22 -1.176900e-01
17 27 -1.177590e-01
4 56 -1.181418e-01
32 66 -1.182191e-01
40 63 -1.182612e-01
14 36 -1.183214e-01
19 27 -1.188903e-01
13 81 -1.189817e-01
2 63 -1.192518e-01
3 24 -1.197749e-01
39 68 -1.203126e-01
43 72 -1.205428e-01
12 41 -1.213208e-01
3 63 -1.213400e-01
2 47 -1.214588e-01
6 49 -1.216231e-01
44 62 -1.219309e-01
4 69 -1.220314e-01
43 75 -1.226758e-01
31 66 -1.227403e-01
43 61 -1.232969e-01
14 43 -1.236231e-01
23 49 -1.239602e-01
45 56 -1.240286e-01
29 58 -1.247516e-01
24 81 -1.250225e-01
26 75 -1.251458e-01
4 66 -1.251707e-01
34 49 -1.251736e-01
38 55 -1.253086e-01
27 66 -1.257698e-01
4 61 -1.262287e-01
50 72 -1.270587e-01
33 62 -1.278854e-01
50 65 -1.286396e-01
19 79 -1.286757e-01
33 57 -1.293328e-01
26 73 -1.299585e-01
5 69 -1.302438e-01
26 60 -1.304395e-01
45 60 -1.305781e-01
2 21 -1.308691e-01
59 78 -1.314185e-01
59 77 -1.314185e-01
20 36 -1.328311e-01
3 8 -1.332503e-01
22 80 -1.334165e-01
4 46 -1.339389e-01
18 42 -1.341214e-01
45 69 -1.346046e-01
6 46 -1.350007e-01
43 68 -1.350459e-01
7 76 -1.352179e-01
7 46 -1.361064e-01
43 58 -1.362165e-01
9 52 -1.363032e-01
22 73 -1.370608e-01
21 62 -1.373312e-01
9 80 -1.373500e-01
6 30 -1.374557e-01
39 54 -1.375844e-01
27 64 -1.377596e-01
4 34 -1.378884e-01
60 77 -1.381065e-01
60 78 -1.381065e-01
32 46 -1.381330e-01
3 11 -1.395961e-01
6 79 -1.396567e-01
45 68 -1.399351e-01
20 37 -1.399520e-01
44 76 -1.407935e-01
7 18 -1.409441e-01
20 70 -1.412382e-01
11 26 -1.415603e-01
22 61 -1.419637e-01
41 48 -1.419740e-01
21 61 -1.422263e-01
4 5 -1.422710e-01
52 69 -1.427629e-01
45 80 -1.428099e-01
44 73 -1.430688e-01
41 78 -1.435252e-01
41 77 -1.435252e-01
53 68 -1.437605e-01
46 69 -1.437895e-01
18 60 -1.438785e-01
26 34 -1.445978e-01
20 65 -1.452735e-01
44 51 -1.459383e-01
19 69 -1.463857e-01
30 73 -1.465906e-01
36 80 -1.467216e-01
3 67 -1.467367e-01
23 55 -1.468641e-01
53 74 -1.473496e-01
30 57 -1.476058e-01
4 59 -1.476247e-01
14 46 -1.481027e-01
49 80 -1.483306e-01
7 58 -1.484728e-01
38 46 -1.487698e-01
14 37 -1.492544e-01
14 44 -1.493178e-01
14 47 -1.493400e-01
11 43 -1.493616e-01
27 42 -1.493685e-01
43 70 -1.495721e-01
18 39 -1.497230e-01
4 32 -1.497358e-01
1 10 -1.502399e-01
41 76 -1.503797e-01
26 45 -1.509225e-01
49 74 -1.516107e-01
41 65 -1.518657e-01
52 68 -1.518721e-01
37 65 -1.519356e-01
1 41 -1.521692e-01
8 69 -1.522576e-01
23 68 -1.522805e-01
42 78 -1.522858e-01
42 77 -1.522858e-01
26 72 -1.523343e-01
46 79 -1.523833e-01
45 74 -1.524201e-01
19 62 -1.529413e-01
26 57 -1.532972e-01
28 73 -1.539600e-01
35 46 -1.539835e-01
42 51 -1.543388e-01
6 33 -1.545262e-01
8 51 -1.545778e-01
18 59 -1.547585e-01
1 49 -1.548463e-01
28 81 -1.551828e-01
2 45 -1.552856e-01
5 27 -1.554966e-01
12 55 -1.560825e-01
3 46 -1.563081e-01
35 49 -1.566448e-01
15 59 -1.566807e-01
7 39 -1.570239e-01
36 66 -1.571819e-01
48 80 -1.573927e-01
21 74 -1.576494e-01
2 33 -1.576931e-01
14 79 -1.577294e-01
33 79 -1.578968e-01
27 63 -1.580083e-01
44 75 -1.581082e-01
36 76 -1.591957e-01
26 58 -1.594463e-01
27 72 -1.596456e-01
5 80 -1.599928e-01
35 48 -1.601581e-01
16 81 -1.601785e-01
28 74 -1.603350e-01
20 52 -1.604357e-01
23 73 -1.604761e-01
7 79 -1.605357e-01
7 43 -1.617534e-01
39 61 -1.618165e-01
13 70 -1.618280e-01
36 64 -1.621320e-01
14 61 -1.622050e-01
39 72 -1.622558e-01
1 15 -1.626133e-01
22 70 -1.627329e-01
33 75 -1.629061e-01
54 74 -1.632440e-01
19 51 -1.645392e-01
9 70 -1.652510e-01
2 39 -1.658147e-01
8 81 -1.659280e-01
39 69 -1.665165e-01
20 44 -1.669386e-01
40 65 -1.673254e-01
16 48 -1.676935e-01
26 44 -1.679433e-01
4 29 -1.681890e-01
26 51 -1.683424e-01
26 46 -1.684615e-01
12 53 -1.687105e-01
23 79 -1.688657e-01
20 71 -1.694053e-01
36 52 -1.694980e-01
14 70 -1.696877e-01
18 81 -1.697311e-01
52 74 -1.702082e-01
6 68 -1.703999e-01
21 70 -1.704369e-01
20 76 -1.704422e-01
45 65 -1.706074e-01
17 45 -1.709347e-01
29 62 -1.709620e-01
54 69 -1.710620e-01
50 73 -1.710698e-01
12 52 -1.713880e-01
9 44 -1.717304e-01
49 68 -1.719073e-01
27 60 -1.725066e-01
36 59 -1.730318e-01
4 6 -1.730356e-01
23 52 -1.732488e-01
43 62 -1.734604e-01
35 57 -1.734721e-01
3 66 -1.734775e-01
43 67 -1.735741e-01
52 81 -1.737692e-01
21 40 -1.738404e-01
35 53 -1.744092e-01
6 59 -1.754912e-01
1 21 -1.756671e-01
4 64 -1.759391e-01
50 78 -1.760695e-01
50 77 -1.760695e-01
14 78 -1.760717e-01
14 77 -1.760717e-01
30 79 -1.764420e-01
17 68 -1.770062e-01
5 74 -1.770593e-01
34 48 -1.772667e-01
36 74 -1.779216e-01
45 73 -1.785993e-01
16 58 -1.791937e-01
31 64 -1.794529e-01
6 48 -1.796249e-01
25 43 -1.797419e-01
23 81 -1.798344e-01
2 24 -1.800758e-01
53 81 -1.801333e-01
15 53 -1.802773e-01
37 67 -1.804249e-01
4 33 -1.807712e-01
36 51 -1.811467e-01
55 68 -1.812315e-01
25 65 -1.813900e-01
2 17 -1.815801e-01
3 56 -1.816318e-01
43 78 -1.816397e-01
43 77 -1.816397e-01
43 47 -1.816609e-01
30 68 -1.820945e-01
3 17 -1.826477e-01
45 59 -1.828611e-01
2 71 -1.835340e-01
54 81 -1.836054e-01
27 46 -1.838543e-01
38 53 -1.843293e-01
21 79 -1.843433e-01
33 46 -1.846039e-01
34 57 -1.847212e-01
17 60 -1.855899e-01
27 71 -1.856913e-01
24 61 -1.858247e-01
3 48 -1.859453e-01
20 45 -1.860685e-01
9 81 -1.866810e-01
26 54 -1.868956e-01
43 79 -1.892774e-01
20 58 -1.896205e-01
1 48 -1.900017e-01
39 75 -1.900390e-01
24 79 -1.900518e-01
25 67 -1.902579e-01
3 10 -1.906239e-01
19 65 -1.906785e-01
26 65 -1.907029e-01
33 59 -1.913294e-01
4 51 -1.921996e-01
43 81 -1.928562e-01
7 23 -1.929825e-01
21 57 -1.930311e-01
4 50 -1.935277e-01
19 70 -1.937084e-01
16 78 -1.939383e-01
16 77 -1.939383e-01
24 48 -1.940391e-01
24 62 -1.940650e-01
10 63 -1.944024e-01
28 42 -1.950271e-01
1 36 -1.953497e-01
4 23 -1.954809e-01
30 80 -1.959165e-01
17 42 -1.959330e-01
6 41 -1.959761e-01
20 78 -1.960269e-01
20 77 -1.960269e-01
8 79 -1.966747e-01
23 71 -1.968851e-01
22 69 -1.972785e-01
25 45 -1.974559e-01
36 67 -1.975261e-01
4 35 -1.978124e-01
20 50 -1.978256e-01
5 64 -1.980784e-01
39 53 -1.985300e-01
19 68 -1.987000e-01
41 53 -1.987115e-01
40 47 -1.988211e-01
22 57 -1.989810e-01
55 69 -1.993202e-01
37 47 -2.001017e-01
3 29 -2.002444e-01
11 64 -2.002773e-01
27 41 -2.006571e-01
48 70 -2.007341e-01
25 47 -2.009130e-01
41 72 -2.011206e-01
11 45 -2.019754e-01
19 46 -2.020064e-01
17 46 -2.020259e-01
22 74 -2.020668e-01
39 64 -2.022032e-01
29 51 -2.022244e-01
26 48 -2.024192e-01
1 22 -2.027609e-01
31 43 -2.031158e-01
31 46 -2.033983e-01
5 56 -2.036200e-01
48 79 -2.037975e-01
21 56 -2.038018e-01
18 64 -2.038910e-01
39 73 -2.047200e-01
45 76 -2.049758e-01
16 46 -2.051851e-01
11 46 -2.051872e-01
22 46 -2.055578e-01
7 68 -2.056201e-01
45 79 -2.061007e-01
2 46 -2.066256e-01
33 70 -2.066501e-01
30 77 -2.066989e-01
30 78 -2.066989e-01
24 46 -2.071094e-01
24 80 -2.075217e-01
9 75 -2.077657e-01
24 69 -2.078655e-01
4 41 -2.079008e-01
46 80 -2.079329e-01
20 55 -2.079839e-01
4 38 -2.083043e-01
8 50 -2.087178e-01
23 51 -2.088256e-01
21 49 -2.090310e-01
54 68 -2.093273e-01
40 64 -2.105726e-01
3 44 -2.108062e-01
29 46 -2.108190e-01
42 55 -2.110342e-01
22 59 -2.111476e-01
26 55 -2.115165e-01
33 68 -2.117441e-01
11 49 -2.117549e-01
9 57 -2.122879e-01
31 58 -2.123867e-01
14 76 -2.125182e-01
39 63 -2.127283e-01
7 72 -2.127600e-01
42 67 -2.135895e-01
26 76 -2.139088e-01
2 43 -2.139926e-01
38 63 -2.140313e-01
42 65 -2.140819e-01
5 48 -2.141731e-01
44 57 -2.148715e-01
39 62 -2.154477e-01
36 56 -2.155455e-01
27 68 -2.163617e-01
15 76 -2.165487e-01
36 46 -2.166841e-01
22 45 -2.166940e-01
19 66 -2.175755e-01
35 63 -2.179431e-01
29 49 -2.183287e-01
20 43 -2.186480e-01
46 81 -2.186839e-01
25 41 -2.192450e-01
32 72 -2.195624e-01
32 56 -2.196730e-01
12 49 -2.199638e-01
39 46 -2.203213e-01
3 36 -2.204096e-01
26 49 -2.205834e-01
14 41 -2.206414e-01
8 46 -2.210176e-01
11 42 -2.216083e-01
36 62 -2.222915e-01
7 60 -2.224468e-01
24 59 -2.224670e-01
19 60 -2.225051e-01
23 72 -2.230030e-01
24 52 -2.234664e-01
38 72 -2.237419e-01
49 81 -2.238389e-01
19 80 -2.241747e-01
1 43 -2.248186e-01
39 58 -2.251803e-01
28 67 -2.252279e-01
45 62 -2.256379e-01
17 64 -2.256689e-01
3 45 -2.257173e-01
16 79 -2.258805e-01
5 61 -2.259856e-01
39 48 -2.264866e-01
10 77 -2.276060e-01
10 78 -2.276060e-01
42 71 -2.277903e-01
21 66 -2.279742e-01
28 46 -2.280437e-01
18 46 -2.281407e-01
34 76 -2.281622e-01
7 77 -2.281959e-01
7 78 -2.281959e-01
48 74 -2.286248e-01
49 79 -2.286682e-01
5 58 -2.292138e-01
36 54 -2.294041e-01
39 70 -2.296503e-01
30 50 -2.300939e-01
17 79 -2.303305e-01
43 65 -2.311307e-01
18 72 -2.317947e-01
3 40 -2.326363e-01
31 56 -2.329588e-01
29 71 -2.332162e-01
16 62 -2.332283e-01
12 46 -2.333650e-01
35 54 -2.334281e-01
42 49 -2.337622e-01
45 58 -2.338478e-01
40 50 -2.340171e-01
37 71 -2.344819e-01
14 55 -2.345417e-01
30 76 -2.350524e-01
19 76 -2.350821e-01
1 27 -2.353637e-01
23 54 -2.354285e-01
36 53 -2.361703e-01
30 81 -2.362745e-01
5 73 -2.365744e-01
27 44 -2.371234e-01
7 36 -2.372369e-01
6 63 -2.373584e-01
39 56 -2.377220e-01
12 63 -2.378714e-01
41 63 -2.378889e-01
1 32 -2.379754e-01
16 71 -2.382422e-01
42 48 -2.385052e-01
6 55 -2.385196e-01
6 72 -2.395970e-01
35 81 -2.398945e-01
31 68 -2.400132e-01
24 57 -2.400364e-01
36 77 -2.401224e-01
36 78 -2.401224e-01
42 73 -2.404794e-01
34 68 -2.407672e-01
22 51 -2.407725e-01
15 44 -2.409493e-01
36 75 -2.410143e-01
26 78 -2.411158e-01
26 77 -2.411158e-01
43 71 -2.414995e-01
20 47 -2.417168e-01
17 63 -2.423423e-01
45 66 -2.423804e-01
41 56 -2.426171e-01
36 47 -2.430199e-01
7 81 -2.431151e-01
4 36 -2.432324e-01
13 73 -2.432907e-01
5 46 -2.433952e-01
23 53 -2.435286e-01
8 80 -2.438465e-01
26 64 -2.439260e-01
34 51 -2.445714e-01
7 66 -2.447331e-01
22 60 -2.452161e-01
29 81 -2.454237e-01
18 44 -2.455476e-01
25 71 -2.458938e-01
34 80 -2.459912e-01
39 79 -2.460995e-01
39 67 -2.463907e-01
21 37 -2.464003e-01
24 70 -2.464017e-01
19 61 -2.473647e-01
36 71 -2.474923e-01
30 71 -2.476295e-01
29 75 -2.476348e-01
32 67 -2.478611e-01
33 49 -2.483624e-01
22 65 -2.485031e-01
6 54 -2.487046e-01
29 66 -2.489743e-01
6 50 -2.491746e-01
40 51 -2.498251e-01
2 40 -2.498532e-01
1 13 -2.499064e-01
45 64 -2.500244e-01
18 70 -2.504134e-01
23 76 -2.505800e-01
15 52 -2.506465e-01
2 49 -2.510110e-01
27 67 -2.513441e-01
14 33 -2.515750e-01
13 72 -2.516450e-01
34 50 -2.519359e-01
11 44 -2.529039e-01
7 47 -2.529287e-01
14 69 -2.530679e-01
7 57 -2.532672e-01
15 81 -2.532962e-01
35 71 -2.535945e-01
18 79 -2.541998e-01
1 33 -2.546580e-01
30 46 -2.549438e-01
35 55 -2.553994e-01
23 48 -2.555580e-01
26 61 -2.557998e-01
11 41 -2.567932e-01
43 60 -2.568907e-01
42 54 -2.570212e-01
13 58 -2.576650e-01
38 47 -2.577323e-01
11 52 -2.578487e-01
45 70 -2.579050e-01
39 71 -2.580894e-01
2 48 -2.583865e-01
7 63 -2.584389e-01
40 62 -2.589679e-01
1 26 -2.589911e-01
17 66 -2.592570e-01
1 25 -2.594132e-01
26 56 -2.601946e-01
32 48 -2.605522e-01
35 72 -2.608775e-01
24 74 -2.612416e-01
14 49 -2.612903e-01
8 48 -2.615103e-01
32 63 -2.627840e-01
19 58 -2.628450e-01
24 51 -2.634273e-01
18 62 -2.634775e-01
36 65 -2.639980e-01
13 77 -2.642752e-01
13 78 -2.642752e-01
36 58 -2.647214e-01
6 70 -2.652958e-01
46 74 -2.655102e-01
13 46 -2.657306e-01
33 77 -2.659761e-01
33 78 -2.659761e-01
18 66 -2.664485e-01
15 78 -2.668475e-01
15 77 -2.668475e-01
31 49 -2.668671e-01
6 52 -2.669977e-01
43 59 -2.671910e-01
36 55 -2.677779e-01
30 47 -2.679435e-01
17 49 -2.683340e-01
44 60 -2.686042e-01
13 61 -2.692922e-01
8 55 -2.695204e-01
10 46 -2.703921e-01
19 64 -2.705281e-01
15 55 -2.709036e-01
7 41 -2.709571e-01
20 66 -2.710564e-01
15 50 -2.712020e-01
12 75 -2.717184e-01
11 66 -2.717210e-01
1 37 -2.717387e-01
44 58 -2.721568e-01
17 53 -2.721820e-01
21 67 -2.722412e-01
28 55 -2.723400e-01
7 59 -2.724726e-01
41 67 -2.726276e-01
16 68 -2.727678e-01
8 47 -2.728378e-01
17 81 -2.729649e-01
27 73 -2.737248e-01
20 53 -2.738856e-01
20 72 -2.741338e-01
29 48 -2.741518e-01
15 79 -2.745490e-01
29 69 -2.747731e-01
38 77 -2.759188e-01
38 78 -2.759188e-01
7 73 -2.766899e-01
19 71 -2.767263e-01
5 55 -2.770000e-01
8 71 -2.770437e-01
11 63 -2.775741e-01
39 76 -2.776496e-01
26 66 -2.776546e-01
48 81 -2.776577e-01
39 78 -2.776940e-01
39 77 -2.776940e-01
34 55 -2.777889e-01
27 62 -2.780340e-01
32 54 -2.781046e-01
8 52 -2.781341e-01
29 73 -2.781581e-01
32 55 -2.782386e-01
23 78 -2.782937e-01
23 77 -2.782937e-01
18 50 -2.785492e-01
35 65 -2.790524e-01
9 76 -2.791371e-01
14 67 -2.792812e-01
9 58 -2.798033e-01
26 52 -2.801654e-01
22 75 -2.804181e-01
17 59 -2.806230e-01
7 50 -2.806951e-01
37 73 -2.808963e-01
48 69 -2.813084e-01
21 64 -2.813693e-01
12 48 -2.814027e-01
28 63 -2.815746e-01
29 76 -2.820949e-01
37 61 -2.821881e-01
1 23 -2.821890e-01
27 55 -2.824028e-01
26 63 -2.831350e-01
20 63 -2.833440e-01
25 73 -2.833567e-01
28 52 -2.834202e-01
18 74 -2.835132e-01
3 39 -2.835755e-01
34 62 -2.835980e-01
15 70 -2.836707e-01
3 31 -2.837525e-01
19 78 -2.839270e-01
19 77 -2.839270e-01
35 67 -2.840905e-01
32 52 -2.841744e-01
1 12 -2.842392e-01
34 69 -2.844903e-01
42 72 -2.846593e-01
10 71 -2.846990e-01
41 66 -2.849272e-01
21 75 -2.851644e-01
3 23 -2.852131e-01
27 52 -2.853923e-01
17 52 -2.854412e-01
38 61 -2.856259e-01
37 64 -2.859322e-01
29 79 -2.863295e-01
5 70 -2.865278e-01
41 71 -2.876797e-01
36 72 -2.878539e-01
12 54 -2.884875e-01
27 53 -2.885956e-01
14 65 -2.888316e-01
27 56 -2.888344e-01
20 75 -2.894223e-01
5 60 -2.894676e-01
28 72 -2.894999e-01
11 72 -2.897057e-01
19 56 -2.898636e-01
32 71 -2.898698e-01
29 68 -2.900250e-01
25 64 -2.901630e-01
34 52 -2.902357e-01
7 61 -2.904142e-01
7 64 -2.904258e-01
36 61 -2.904381e-01
21 48 -2.910957e-01
28 53 -2.913838e-01
28 54 -2.916466e-01
40 74 -2.917822e-01
32 78 -2.927450e-01
32 77 -2.927450e-01
7 65 -2.928100e-01
41 51 -2.929232e-01
27 57 -2.929362e-01
27 74 -2.933041e-01
20 67 -2.934780e-01
22 52 -2.935363e-01
7 62 -2.940800e-01
33 56 -2.942529e-01
16 60 -2.945060e-01
5 78 -2.946931e-01
5 77 -2.946931e-01
21 45 -2.947232e-01
2 18 -2.958741e-01
22 66 -2.961465e-01
31 73 -2.962549e-01
3 30 -2.963972e-01
9 60 -2.968268e-01
29 78 -2.968662e-01
29 77 -2.968662e-01
40 57 -2.968734e-01
34 67 -2.969375e-01
30 48 -2.970589e-01
38 65 -2.973688e-01
44 69 -2.977946e-01
34 46 -2.980636e-01
19 73 -2.981912e-01
31 50 -2.982607e-01
4 42 -2.985187e-01
31 69 -2.987671e-01
33 73 -2.988433e-01
28 66 -2.991304e-01
16 70 -2.993794e-01
33 67 -2.995288e-01
35 73 -3.010129e-01
44 50 -3.013154e-01
9 68 -3.013860e-01
26 53 -3.013985e-01
10 53 -3.021762e-01
27 48 -3.022856e-01
34 54 -3.022934e-01
19 75 -3.034522e-01
40 60 -3.041357e-01
9 69 -3.042193e-01
6 77 -3.050471e-01
6 78 -3.050471e-01
35 51 -3.053794e-01
21 58 -3.054042e-01
38 75 -3.054317e-01
29 67 -3.054962e-01
5 52 -3.056978e-01
33 66 -3.060665e-01
29 47 -3.063068e-01
12 50 -3.065059e-01
42 46 -3.069387e-01
28 64 -3.071551e-01
24 68 -3.072831e-01
12 51 -3.078580e-01
7 51 -3.078687e-01
39 52 -3.081806e-01
8 62 -3.082212e-01
48 68 -3.084122e-01
6 53 -3.084693e-01
43 69 -3.085581e-01
6 47 -3.088649e-01
30 75 -3.089905e-01
21 78 -3.094043e-01
21 77 -3.094043e-01
36 73 -3.094120e-01
19 67 -3.103745e-01
36 63 -3.104385e-01
34 81 -3.104880e-01
14 68 -3.117420e-01
6 74 -3.118609e-01
7 48 -3.118696e-01
15 48 -3.122490e-01
7 49 -3.129527e-01
15 80 -3.129875e-01
27 76 -3.130535e-01
22 67 -3.134042e-01
24 50 -3.137559e-01
40 75 -3.139149e-01
21 71 -3.139871e-01
39 51 -3.143081e-01
17 80 -3.147915e-01
33 54 -3.153306e-01
16 74 -3.153551e-01
6 60 -3.155475e-01
12 68 -3.155775e-01
2 23 -3.162025e-01
35 47 -3.164955e-01
40 70 -3.167768e-01
35 52 -3.168325e-01
41 49 -3.169404e-01
16 57 -3.170111e-01
9 48 -3.175911e-01
1 40 -3.177330e-01
27 79 -3.177380e-01
10 52 -3.187561e-01
29 64 -3.188214e-01
9 47 -3.191609e-01
25 61 -3.194853e-01
16 72 -3.202104e-01
18 63 -3.203430e-01
31 81 -3.212523e-01
21 54 -3.217948e-01
40 73 -3.221914e-01
34 71 -3.225015e-01
4 44 -3.227792e-01
14 73 -3.231195e-01
42 63 -3.232490e-01
15 63 -3.234632e-01
24 73 -3.234695e-01
24 49 -3.234806e-01
30 56 -3.235348e-01
22 78 -3.237634e-01
22 77 -3.237634e-01
2 28 -3.238195e-01
15 68 -3.245709e-01
43 73 -3.249657e-01
35 78 -3.251963e-01
35 77 -3.251963e-01
3 43 -3.253922e-01
11 80 -3.255882e-01
20 57 -3.259524e-01
21 43 -3.262560e-01
9 79 -3.262569e-01
30 66 -3.263820e-01
22 72 -3.270640e-01
18 48 -3.271905e-01
17 69 -3.275081e-01
9 49 -3.278151e-01
18 55 -3.282605e-01
13 79 -3.283084e-01
18 68 -3.284550e-01
33 55 -3.286729e-01
32 58 -3.286908e-01
9 55 -3.291333e-01
9 54 -3.295105e-01
11 55 -3.298760e-01
22 53 -3.298806e-01
10 48 -3.300866e-01
2 9 -3.302616e-01
29 55 -3.305365e-01
23 69 -3.305732e-01
18 77 -3.306499e-01
18 78 -3.306499e-01
7 45 -3.307128e-01
6 65 -3.325832e-01
33 45 -3.330220e-01
1 45 -3.330232e-01
24 60 -3.335664e-01
18 52 -3.338182e-01
30 41 -3.339974e-01
9 59 -3.343059e-01
34 70 -3.349519e-01
26 67 -3.349557e-01
14 66 -3.351528e-01
16 69 -3.354418e-01
7 67 -3.356859e-01
15 42 -3.357183e-01
14 52 -3.358659e-01
27 58 -3.362277e-01
8 53 -3.362753e-01
6 69 -3.363422e-01
11 65 -3.365088e-01
45 57 -3.368517e-01
9 41 -3.373188e-01
22 55 -3.375233e-01
31 67 -3.375324e-01
7 53 -3.376714e-01
12 70 -3.377303e-01
12 72 -3.377877e-01
22 71 -3.382613e-01
18 54 -3.385251e-01
31 60 -3.387964e-01
30 55 -3.388318e-01
38 56 -3.391893e-01
24 66 -3.400353e-01
40 58 -3.400850e-01
30 63 -3.403626e-01
23 75 -3.407866e-01
39 66 -3.411156e-01
15 72 -3.412869e-01
35 80 -3.413242e-01
14 51 -3.417326e-01
17 74 -3.417919e-01
8 72 -3.418441e-01
34 74 -3.420795e-01
27 77 -3.422388e-01
27 78 -3.422388e-01
27 70 -3.425214e-01
33 71 -3.428007e-01
40 69 -3.432678e-01
11 78 -3.436349e-01
11 77 -3.436349e-01
32 75 -3.441603e-01
14 72 -3.441898e-01
40 80 -3.443353e-01
38 50 -3.443904e-01
9 73 -3.448596e-01
37 56 -3.448824e-01
16 67 -3.449704e-01
35 56 -3.451217e-01
20 54 -3.454506e-01
8 68 -3.456940e-01
9 50 -3.458958e-01
19 59 -3.459740e-01
30 62 -3.461880e-01
19 57 -3.464477e-01
10 72 -3.465344e-01
18 53 -3.465836e-01
1 44 -3.469673e-01
36 68 -3.475020e-01
11 53 -3.475358e-01
14 63 -3.478167e-01
18 56 -3.478788e-01
22 47 -3.485645e-01
42 53 -3.486297e-01
1 35 -3.494421e-01
30 69 -3.495227e-01
18 49 -3.495246e-01
3 28 -3.495976e-01
27 69 -3.496234e-01
33 51 -3.497531e-01
8 61 -3.505065e-01
29 54 -3.509574e-01
10 55 -3.509939e-01
42 52 -3.512172e-01
38 67 -3.513927e-01
16 65 -3.514263e-01
32 53 -3.518357e-01
32 73 -3.518593e-01
7 55 -3.519338e-01
17 71 -3.522335e-01
13 63 -3.525203e-01
16 64 -3.525873e-01
11 48 -3.527081e-01
34 59 -3.527305e-01
30 72 -3.530333e-01
28 80 -3.534845e-01
34 53 -3.535031e-01
10 76 -3.538229e-01
30 52 -3.539229e-01
2 35 -3.541059e-01
33 52 -3.544656e-01
12 65 -3.545873e-01
16 52 -3.547423e-01
46 68 -3.550121e-01
20 56 -3.552320e-01
38 57 -3.557629e-01
29 50 -3.558406e-01
13 68 -3.558891e-01
30 60 -3.559653e-01
9 51 -3.562153e-01
31 74 -3.562686e-01
39 60 -3.562742e-01
20 48 -3.564043e-01
25 56 -3.564752e-01
28 50 -3.567022e-01
31 71 -3.568554e-01
25 51 -3.569233e-01
39 65 -3.569590e-01
44 70 -3.574296e-01
13 62 -3.576724e-01
36 79 -3.577210e-01
12 77 -3.581224e-01
12 78 -3.581224e-01
8 64 -3.581390e-01
8 63 -3.581761e-01
14 53 -3.582370e-01
40 81 -3.583459e-01
14 71 -3.587193e-01
21 52 -3.587978e-01
23 58 -3.589567e-01
33 65 -3.591340e-01
12 71 -3.594497e-01
17 72 -3.596114e-01
38 64 -3.599179e-01
11 56 -3.599943e-01
31 48 -3.600778e-01
2 10 -3.606062e-01
35 75 -3.610567e-01
17 57 -3.611842e-01
43 76 -3.612820e-01
19 53 -3.615480e-01
9 46 -3.616012e-01
5 75 -3.620660e-01
21 72 -3.623876e-01
15 61 -3.625214e-01
23 67 -3.635995e-01
6 67 -3.637237e-01
31 54 -3.641242e-01
32 61 -3.641387e-01
5 72 -3.641743e-01
23 57 -3.642111e-01
15 58 -3.644525e-01
3 37 -3.645477e-01
30 61 -3.646013e-01
13 59 -3.646985e-01
33 47 -3.651708e-01
44 59 -3.653098e-01
31 63 -3.654588e-01
13 74 -3.656502e-01
24 63 -3.658917e-01
6 75 -3.665490e-01
11 50 -3.671638e-01
30 54 -3.673370e-01
31 70 -3.673719e-01
11 54 -3.675047e-01
11 73 -3.677999e-01
32 65 -3.678716e-01
29 56 -3.680695e-01
15 54 -3.681504e-01
10 49 -3.687549e-01
27 54 -3.689010e-01
5 63 -3.692884e-01
37 51 -3.692908e-01
24 54 -3.714975e-01
19 48 -3.716372e-01
7 52 -3.718455e-01
22 64 -3.718648e-01
5 62 -3.721071e-01
22 63 -3.734196e-01
21 63 -3.737705e-01
16 76 -3.740374e-01
38 58 -3.742585e-01
20 64 -3.748620e-01
23 60 -3.749576e-01
24 53 -3.749809e-01
5 53 -3.752216e-01
24 64 -3.754118e-01
24 75 -3.765601e-01
13 69 -3.766533e-01
30 51 -3.768282e-01
5 49 -3.769293e-01
28 56 -3.780640e-01
4 43 -3.780951e-01
30 53 -3.783237e-01
21 73 -3.786380e-01
2 36 -3.791312e-01
24 55 -3.802726e-01
31 79 -3.804631e-01
7 56 -3.807732e-01
8 66 -3.808584e-01
34 63 -3.810253e-01
5 47 -3.811626e-01
18 58 -3.812004e-01
38 71 -3.812587e-01
33 53 -3.814001e-01
21 53 -3.815795e-01
34 61 -3.817160e-01
28 60 -3.818524e-01
17 54 -3.827771e-01
31 55 -3.828943e-01
16 49 -3.830144e-01
30 64 -3.832084e-01
14 56 -3.838727e-01
28 76 -3.843808e-01
34 72 -3.844765e-01
16 75 -3.851283e-01
7 54 -3.851420e-01
11 67 -3.853445e-01
16 50 -3.856726e-01
18 51 -3.859490e-01
9 53 -3.862196e-01
17 48 -3.864630e-01
33 50 -3.864655e-01
15 60 -3.869154e-01
18 65 -3.870200e-01
1 24 -3.875728e-01
35 61 -3.879941e-01
3 25 -3.880644e-01
44 81 -3.886418e-01
29 59 -3.887244e-01
36 50 -3.890098e-01
23 74 -3.890627e-01
27 75 -3.893573e-01
13 52 -3.893695e-01
19 49 -3.904345e-01
9 64 -3.904764e-01
28 78 -3.909144e-01
28 77 -3.909144e-01
33 63 -3.909606e-01
11 58 -3.912132e-01
34 60 -3.914067e-01
18 47 -3.916854e-01
29 41 -3.919479e-01
12 67 -3.923030e-01
6 57 -3.924911e-01
22 54 -3.925217e-01
22 58 -3.926679e-01
19 52 -3.927335e-01
36 60 -3.934978e-01
31 75 -3.938344e-01
8 75 -3.940635e-01
8 59 -3.947601e-01
16 59 -3.948844e-01
44 80 -3.949837e-01
33 48 -3.954976e-01
6 71 -3.956028e-01
20 49 -3.965278e-01
35 59 -3.970331e-01
8 54 -3.970700e-01
16 80 -3.972068e-01
3 38 -3.976485e-01
23 70 -3.976833e-01
17 61 -3.979562e-01
28 57 -3.983772e-01
8 49 -3.986359e-01
21 55 -3.987325e-01
24 65 -3.988874e-01
31 72 -3.995002e-01
15 49 -4.002358e-01
9 72 -4.002387e-01
37 66 -4.002699e-01
27 81 -4.004122e-01
8 56 -4.008951e-01
38 51 -4.015201e-01
6 66 -4.015265e-01
44 74 -4.015354e-01
19 63 -4.020569e-01
40 61 -4.020837e-01
21 46 -4.023759e-01
7 71 -4.026047e-01
29 57 -4.038764e-01
22 56 -4.044171e-01
35 62 -4.049543e-01
27 59 -4.053352e-01
4 31 -4.054795e-01
16 73 -4.055865e-01
15 65 -4.058234e-01
16 54 -4.064254e-01
28 62 -4.069211e-01
10 65 -4.070380e-01
12 73 -4.073053e-01
2 34 -4.077642e-01
8 78 -4.078729e-01
8 77 -4.078729e-01
13 75 -4.081763e-01
2 44 -4.081817e-01
35 66 -4.088661e-01
33 64 -4.096340e-01
25 66 -4.098838e-01
30 58 -4.099096e-01
29 52 -4.102702e-01
29 53 -4.104496e-01
23 62 -4.105357e-01
29 63 -4.106119e-01
23 66 -4.108398e-01
24 76 -4.109342e-01
17 55 -4.109888e-01
36 81 -4.113163e-01
5 54 -4.121557e-01
28 59 -4.126976e-01
10 54 -4.128196e-01
11 71 -4.129771e-01
23 56 -4.136029e-01
16 53 -4.155656e-01
16 61 -4.161134e-01
28 69 -4.164596e-01
31 53 -4.165165e-01
16 63 -4.165498e-01
16 51 -4.173794e-01
5 65 -4.174814e-01
6 76 -4.182041e-01
13 54 -4.183639e-01
24 78 -4.186215e-01
24 77 -4.186215e-01
14 48 -4.193164e-01
5 67 -4.204323e-01
14 64 -4.205858e-01
29 61 -4.210165e-01
18 75 -4.212224e-01
9 63 -4.213754e-01
33 72 -4.214690e-01
2 25 -4.216979e-01
38 73 -4.220096e-01
24 58 -4.226958e-01
35 76 -4.234878e-01
16 55 -4.236927e-01
12 60 -4.241993e-01
40 68 -4.245838e-01
23 80 -4.246141e-01
15 47 -4.249277e-01
28 70 -4.251229e-01
12 58 -4.252001e-01
31 51 -4.254688e-01
22 49 -4.256732e-01
24 72 -4.259981e-01
15 62 -4.262322e-01
17 56 -4.263315e-01
33 58 -4.266062e-01
1 38 -4.269013e-01
28 79 -4.269101e-01
15 57 -4.269119e-01
24 71 -4.275176e-01
29 65 -4.275909e-01
29 72 -4.280754e-01
31 65 -4.289628e-01
17 58 -4.301437e-01
13 53 -4.313988e-01
21 65 -4.319306e-01
15 46 -4.323940e-01
24 56 -4.325093e-01
6 58 -4.329967e-01
8 74 -4.331901e-01
31 78 -4.332442e-01
31 77 -4.332442e-01
34 79 -4.332707e-01
22 48 -4.335284e-01
12 47 -4.339978e-01
37 76 -4.343451e-01
3 34 -4.347178e-01
34 47 -4.351506e-01
16 66 -4.371493e-01
5 76 -4.379695e-01
28 58 -4.381182e-01
28 65 -4.393821e-01
27 65 -4.396252e-01
17 67 -4.400312e-01
35 60 -4.406068e-01
15 69 -4.409906e-01
7 70 -4.410236e-01
14 57 -4.413262e-01
17 65 -4.414945e-01
38 60 -4.415057e-01
31 76 -4.416064e-01
9 65 -4.448726e-01
37 57 -4.449805e-01
18 67 -4.450463e-01
12 61 -4.450573e-01
25 50 -4.451116e-01
31 59 -4.455663e-01
25 76 -4.458455e-01
18 76 -4.462955e-01
8 73 -4.465477e-01
23 59 -4.472536e-01
15 67 -4.478429e-01
40 79 -4.479515e-01
34 77 -4.481464e-01
34 78 -4.481464e-01
44 68 -4.492875e-01
24 67 -4.507842e-01
44 79 -4.519031e-01
19 55 -4.519321e-01
5 71 -4.524317e-01
7 80 -4.524623e-01
11 75 -4.527131e-01
12 62 -4.528864e-01
6 56 -4.530395e-01
10 67 -4.537767e-01
40 59 -4.539613e-01
9 56 -4.548914e-01
37 58 -4.550318e-01
12 79 -4.572668e-01
25 42 -4.578382e-01
13 76 -4.580257e-01
6 62 -4.581287e-01
8 65 -4.583504e-01
3 32 -4.586673e-01
25 58 -4.589618e-01
23 64 -4.595120e-01
9 62 -4.595762e-01
29 60 -4.599642e-01
31 57 -4.609827e-01
21 44 -4.610153e-01
38 66 -4.610228e-01
31 80 -4.616442e-01
31 52 -4.616899e-01
19 54 -4.624830e-01
11 57 -4.631493e-01
8 67 -4.632145e-01
9 71 -4.642888e-01
11 76 -4.649262e-01
38 59 -4.669396e-01
28 75 -4.680927e-01
13 49 -4.682274e-01
19 72 -4.682642e-01
2 37 -4.683154e-01
30 45 -4.683220e-01
9 77 -4.688179e-01
9 78 -4.688179e-01
35 50 -4.692002e-01
28 68 -4.693578e-01
11 60 -4.696562e-01
28 47 -4.698007e-01
16 47 -4.719068e-01
14 54 -4.721357e-01
11 51 -4.723467e-01
15 73 -4.724369e-01
23 50 -4.726853e-01
32 76 -4.729856e-01
34 65 -4.731306e-01
19 50 -4.735214e-01
12 56 -4.739060e-01
25 57 -4.748762e-01
12 74 -4.753147e-01
35 69 -4.757546e-01
9 66 -4.758915e-01
13 55 -4.759359e-01
30 44 -4.763314e-01
13 65 -4.768739e-01
11 70 -4.770555e-01
35 74 -4.786547e-01
15 71 -4.818077e-01
14 58 -4.818923e-01
17 77 -4.820542e-01
17 78 -4.820542e-01
38 76 -4.820725e-01
11 79 -4.825019e-01
6 64 -4.830542e-01
3 35 -4.832555e-01
35 64 -4.845607e-01
15 51 -4.851736e-01
35 79 -4.855150e-01
13 50 -4.883235e-01
12 81 -4.883501e-01
13 47 -4.888111e-01
9 74 -4.901485e-01
10 75 -4.902881e-01
13 67 -4.906743e-01
31 62 -4.929787e-01
12 66 -4.934979e-01
23 47 -4.941259e-01
12 80 -4.942733e-01
12 59 -4.951810e-01
29 80 -4.982505e-01
5 57 -4.989031e-01
16 56 -5.017863e-01
38 62 -5.030313e-01
32 50 -5.032574e-01
13 71 -5.034124e-01
10 66 -5.039085e-01
13 57 -5.049753e-01
37 79 -5.050264e-01
35 68 -5.050581e-01
13 48 -5.080256e-01
1 28 -5.116464e-01
8 60 -5.121180e-01
30 42 -5.130193e-01
25 79 -5.175385e-01
15 74 -5.180340e-01
32 51 -5.184799e-01
30 74 -5.237278e-01
17 62 -5.237657e-01
11 68 -5.250081e-01
10 73 -5.256863e-01
38 70 -5.260492e-01
35 58 -5.265389e-01
15 56 -5.269897e-01
2 32 -5.317587e-01
34 75 -5.325325e-01
31 47 -5.327125e-01
37 50 -5.328836e-01
13 64 -5.335150e-01
31 61 -5.340409e-01
12 76 -5.342761e-01
13 66 -5.343076e-01
37 62 -5.347625e-01
17 51 -5.360683e-01
11 62 -5.370279e-01
8 58 -5.371653e-01
9 67 -5.380245e-01
38 80 -5.406399e-01
10 80 -5.418176e-01
30 43 -5.419828e-01
2 38 -5.427832e-01
12 64 -5.434009e-01
8 57 -5.458357e-01
12 57 -5.462139e-01
8 70 -5.463494e-01
15 66 -5.548662e-01
15 64 -5.556136e-01
8 76 -5.585184e-01
25 62 -5.590332e-01
37 81 -5.592654e-01
34 73 -5.648378e-01
38 69 -5.654324e-01
17 50 -5.665242e-01
32 70 -5.672047e-01
23 61 -5.747797e-01
32 69 -5.748036e-01
10 64 -5.766569e-01
11 69 -5.794205e-01
38 81 -5.809662e-01
25 81 -5.854141e-01
38 79 -5.861296e-01
13 56 -5.871454e-01
10 56 -5.877812e-01
13 51 -5.885841e-01
28 61 -5.887579e-01
17 75 -5.962332e-01
10 81 -5.973708e-01
32 68 -6.028098e-01
11 47 -6.040413e-01
32 62 -6.051788e-01
10 68 -6.058471e-01
37 59 -6.060201e-01
10 47 -6.094845e-01
38 74 -6.124654e-01
37 80 -6.201693e-01
13 60 -6.218548e-01
17 76 -6.263089e-01
17 47 -6.266550e-01
11 74 -6.321220e-01
11 59 -6.324404e-01
10 51 -6.346649e-01
32 81 -6.387906e-01
25 80 -6.424404e-01
32 57 -6.441088e-01
38 68 -6.469254e-01
37 60 -6.545953e-01
10 58 -6.612880e-01
32 74 -6.643673e-01
25 59 -6.657976e-01
37 70 -6.669452e-01
25 70 -6.676023e-01
37 74 -6.756456e-01
10 50 -6.849062e-01
10 79 -6.861849e-01
10 57 -6.885988e-01
25 74 -6.892033e-01
32 79 -6.909367e-01
10 69 -6.913631e-01
32 80 -6.930646e-01
37 69 -6.995054e-01
25 60 -7.017527e-01
25 69 -7.049696e-01
25 68 -7.062306e-01
32 59 -7.066642e-01
37 68 -7.093928e-01
10 70 -7.136809e-01
32 60 -7.217498e-01
10 61 -7.239712e-01
10 74 -7.260465e-01
10 62 -7.307211e-01
10 60 -7.994972e-01
10 59 -8.011033e-01
