38,39,0.570566
43,44,0.513144
37,38,0.478034
44,45,0.424977
22,24,0.377174
7,9,0.362044
14,15,0.359624
40,41,0.340716
30,33,0.329263
22,25,0.327538
42,43,0.325590
20,21,0.306007
28,32,0.304529
6,11,0.300868
8,12,0.292236
7,10,0.289355
12,16,0.282134
10,13,0.280561
33,34,0.278396
34,35,0.277282
11,15,0.276230
10,11,0.274448
10,14,0.268588
13,17,0.267400
9,10,0.266540
9,13,0.265191
29,32,0.259581
25,28,0.258441
12,15,0.256207
11,14,0.247503
8,11,0.244199
15,18,0.241532
36,37,0.239609
16,19,0.236317
20,22,0.236293
16,17,0.234757
39,40,0.234130
28,29,0.233973
36,38,0.233779
31,32,0.231531
40,42,0.229926
38,41,0.228227
10,23,0.227543
9,11,0.227371
37,39,0.222230
11,13,0.220970
7,8,0.220764
34,37,0.219940
19,20,0.219664
13,15,0.217795
21,30,0.216292
27,34,0.213927
7,11,0.210899
21,25,0.206614
8,10,0.203781
2,3,0.203633
15,17,0.202009
17,21,0.201832
50,51,0.201230
17,20,0.200988
31,33,0.199731
13,16,0.194587
77,78,0.193432
59,79,0.193177
64,66,0.191907
46,48,0.190707
68,74,0.189585
5,6,0.188092
8,14,0.187790
47,49,0.186636
37,40,0.185710
29,33,0.184050
74,79,0.181837
58,70,0.181652
51,68,0.181325
17,18,0.179301
38,40,0.178396
3,4,0.177593
79,81,0.176783
30,32,0.176298
22,27,0.175612
42,44,0.175155
22,32,0.174526
47,50,0.172632
69,70,0.172408
10,24,0.171004
31,34,0.170308
5,10,0.169747
18,23,0.168953
38,43,0.168613
8,15,0.167839
14,17,0.166192
43,45,0.166089
6,10,0.163986
10,17,0.163786
54,55,0.162828
47,74,0.160185
12,21,0.159802
17,24,0.159227
15,16,0.159205
29,30,0.159090
32,35,0.158887
30,34,0.158854
9,12,0.157818
46,47,0.155422
7,13,0.155383
25,29,0.155355
5,7,0.154686
12,31,0.154460
26,27,0.153752
59,68,0.153395
5,9,0.153047
68,79,0.152718
5,12,0.152321
18,20,0.151872
11,12,0.151600
15,36,0.151230
56,66,0.150584
52,55,0.150562
56,58,0.150271
8,31,0.150141
17,28,0.149770
18,21,0.149477
59,74,0.148967
67,71,0.148753
59,69,0.148327
58,64,0.148242
18,25,0.147917
28,35,0.147755
28,31,0.147405
56,64,0.146455
68,69,0.146388
13,19,0.146130
76,78,0.145488
76,77,0.145488
8,32,0.145274
33,36,0.145062
24,29,0.145041
8,28,0.144970
31,35,0.144937
17,31,0.144902
9,14,0.143568
10,27,0.143366
49,52,0.142888
10,31,0.142578
8,13,0.141836
35,37,0.141399
25,27,0.141379
41,43,0.141201
25,26,0.141125
13,18,0.140133
10,28,0.140010
35,38,0.139625
74,80,0.139136
51,60,0.139009
47,51,0.138772
75,76,0.138346
69,74,0.138040
49,51,0.137737
59,70,0.137065
7,19,0.136650
5,11,0.136560
52,53,0.136349
58,59,0.136251
30,31,0.135966
39,43,0.135934
75,78,0.135859
75,77,0.135859
60,74,0.135794
23,27,0.135700
25,37,0.135572
10,29,0.135187
23,36,0.134800
24,25,0.134765
19,31,0.134561
2,4,0.134327
18,26,0.134238
33,37,0.133839
55,63,0.133562
69,81,0.133449
41,42,0.132915
60,80,0.132513
59,62,0.131255
21,22,0.131251
22,23,0.131122
31,37,0.131000
27,29,0.130795
13,22,0.130648
19,28,0.129988
25,38,0.129796
67,77,0.129378
67,78,0.129378
71,78,0.129213
71,77,0.129213
15,37,0.128929
25,34,0.128923
17,22,0.128760
7,26,0.128530
60,61,0.128415
32,34,0.128245
10,15,0.128028
16,18,0.126950
58,66,0.126418
65,67,0.126244
15,25,0.126143
19,24,0.126024
59,61,0.125937
60,69,0.125824
27,30,0.125286
13,28,0.124820
11,16,0.124367
65,77,0.124241
65,78,0.124241
50,68,0.124228
63,72,0.124211
65,76,0.124139
57,79,0.124014
8,9,0.123707
13,24,0.123478
12,19,0.123344
48,53,0.123328
59,81,0.123284
7,14,0.122458
67,76,0.122134
12,25,0.121922
1,2,0.121856
25,31,0.121804
7,16,0.121763
24,35,0.121660
10,12,0.121576
24,27,0.121444
68,81,0.121370
71,75,0.121365
27,36,0.121224
20,29,0.121045
42,45,0.120971
58,62,0.120968
23,29,0.120849
12,32,0.120603
10,16,0.120529
11,17,0.120393
50,74,0.120296
6,9,0.120059
65,72,0.119850
54,58,0.119814
71,76,0.119640
26,28,0.119450
24,28,0.119387
57,58,0.118940
63,65,0.118439
33,35,0.117831
49,54,0.117625
6,8,0.116960
59,60,0.116873
62,69,0.116858
11,30,0.116444
27,31,0.116415
47,48,0.116251
61,64,0.116046
12,13,0.115994
61,80,0.115899
25,32,0.115759
72,73,0.115411
23,28,0.115299
50,81,0.115136
67,75,0.115022
15,30,0.114512
60,62,0.114477
7,12,0.114419
79,80,0.114117
48,49,0.114092
57,59,0.113686
23,24,0.113610
72,78,0.113270
72,77,0.113270
9,17,0.113218
54,56,0.113104
8,17,0.113061
65,75,0.112956
6,18,0.112927
52,54,0.112801
21,26,0.112402
68,80,0.112154
49,53,0.112023
57,64,0.111928
56,57,0.111921
58,60,0.111872
69,80,0.111825
47,54,0.111326
60,68,0.111284
48,54,0.111261
80,81,0.110960
68,70,0.110598
60,75,0.110515
51,59,0.110448
16,38,0.109777
55,58,0.109730
69,79,0.109256
72,75,0.109148
58,76,0.109085
71,72,0.108922
23,30,0.108491
70,76,0.108302
34,36,0.107752
6,13,0.107709
1,4,0.107415
57,66,0.107358
24,44,0.106937
56,62,0.106751
46,49,0.105872
14,25,0.105834
19,21,0.105415
12,14,0.105222
49,55,0.105122
48,50,0.104837
14,18,0.104725
70,79,0.104609
58,69,0.104117
47,59,0.104063
49,56,0.103886
5,35,0.103860
53,63,0.103745
5,34,0.103692
48,52,0.103675
15,33,0.103484
3,68,0.103369
62,65,0.103365
51,58,0.103244
24,26,0.103169
28,30,0.103121
13,32,0.102988
13,26,0.102768
52,56,0.102284
51,53,0.102208
29,35,0.102146
5,31,0.102092
26,31,0.102015
11,28,0.101997
54,63,0.101925
32,36,0.101453
53,55,0.101055
66,76,0.100912
2,68,0.100861
21,23,0.100381
53,54,0.100335
5,30,0.100238
44,46,0.100230
9,32,0.100129
65,71,0.099626
61,74,0.099499
32,39,0.099139
15,29,0.098909
5,15,0.098872
1,79,0.098775
27,33,0.098768
3,61,0.098502
7,15,0.098495
5,32,0.098478
24,31,0.098406
9,16,0.098001
66,72,0.097985
66,70,0.097920
73,78,0.097905
73,77,0.097905
17,33,0.097864
55,56,0.097858
62,76,0.097679
19,22,0.097393
32,33,0.096766
50,69,0.096714
29,34,0.096617
46,65,0.096336
8,19,0.096106
57,70,0.095920
13,31,0.095859
9,19,0.095847
51,52,0.095628
50,60,0.095585
6,7,0.095502
13,14,0.095066
58,68,0.094654
48,56,0.094308
69,73,0.093902
44,48,0.093737
18,36,0.093501
16,35,0.093370
63,66,0.093364
19,23,0.093018
12,18,0.092805
71,73,0.092794
76,80,0.092602
10,30,0.092293
53,56,0.092264
60,79,0.092119
16,29,0.092010
60,76,0.091783
23,40,0.090537
47,68,0.090420
64,68,0.090416
50,70,0.090076
23,37,0.089950
52,63,0.089875
61,62,0.089746
30,35,0.089648
1,57,0.089127
57,74,0.088993
49,50,0.088723
14,27,0.088608
73,75,0.088341
5,42,0.088217
11,29,0.088126
46,51,0.087986
62,79,0.087952
63,78,0.087763
63,77,0.087763
23,31,0.087567
11,32,0.087559
27,35,0.087426
5,22,0.087378
6,12,0.087116
70,81,0.086977
64,72,0.086838
63,64,0.086757
74,75,0.086406
56,70,0.086372
17,34,0.086371
62,74,0.086365
55,57,0.086297
67,72,0.086219
68,76,0.086186
5,16,0.086140
54,65,0.085559
56,76,0.085551
46,52,0.085454
50,59,0.085357
62,70,0.085343
33,40,0.085268
60,70,0.085058
56,60,0.085037
14,29,0.084780
23,25,0.084496
60,64,0.084475
2,81,0.084407
33,41,0.084362
63,67,0.084315
50,56,0.084199
9,15,0.084068
47,55,0.083964
66,67,0.083731
47,60,0.083629
29,36,0.083608
23,32,0.083523
57,62,0.083424
70,74,0.083113
23,33,0.083094
51,56,0.082657
57,63,0.082547
61,81,0.082542
21,28,0.082508
38,42,0.082223
64,65,0.081772
46,53,0.081743
41,44,0.081719
20,30,0.081607
54,61,0.081503
11,31,0.081310
11,18,0.081094
74,81,0.081057
62,66,0.081024
58,65,0.081017
62,67,0.080992
51,76,0.080896
61,65,0.080855
72,76,0.080843
69,71,0.080839
62,63,0.080557
54,72,0.080534
64,70,0.080472
60,81,0.080338
57,72,0.080212
67,73,0.080193
17,19,0.080127
53,72,0.080102
7,34,0.080017
63,73,0.079872
5,25,0.079539
8,22,0.079324
49,63,0.079294
10,22,0.079291
57,65,0.078975
12,27,0.078827
49,67,0.078784
56,61,0.078775
21,33,0.078771
65,66,0.078631
53,65,0.078576
39,44,0.078507
77,79,0.078314
78,79,0.078314
8,24,0.078220
39,45,0.078050
77,80,0.078022
78,80,0.078022
8,29,0.077922
62,68,0.077765
63,75,0.077754
59,73,0.077733
53,78,0.077493
53,77,0.077493
27,37,0.077262
53,67,0.076891
66,74,0.076637
73,80,0.076613
19,43,0.076532
63,71,0.076421
54,78,0.076278
54,77,0.076278
3,81,0.075641
54,67,0.075593
54,62,0.075293
57,60,0.075200
9,28,0.075164
36,40,0.075110
51,75,0.075099
51,74,0.075083
6,17,0.074975
64,76,0.074972
60,65,0.074929
51,55,0.074810
60,71,0.074746
41,80,0.074536
70,80,0.074352
31,38,0.074306
18,22,0.073978
26,33,0.073888
54,57,0.073835
2,60,0.073706
14,30,0.073614
10,26,0.073597
12,30,0.073584
15,19,0.073473
24,32,0.073453
50,64,0.073444
4,70,0.073118
30,38,0.073100
5,17,0.073099
66,71,0.073063
56,59,0.073036
16,24,0.072991
35,39,0.072987
67,70,0.072774
11,34,0.072723
62,64,0.072650
52,78,0.072616
52,77,0.072616
51,61,0.072584
9,30,0.072578
58,74,0.072557
2,69,0.072467
26,32,0.072369
56,67,0.072294
52,67,0.072218
6,14,0.071865
49,71,0.071855
17,32,0.071743
10,34,0.071694
23,38,0.071672
74,76,0.071453
3,80,0.071339
46,54,0.071228
10,19,0.071008
52,72,0.070995
19,25,0.070929
51,54,0.070742
50,57,0.070724
34,38,0.070647
48,65,0.070580
12,42,0.070476
4,80,0.070010
47,53,0.069985
53,73,0.069949
12,23,0.069840
28,33,0.069839
16,37,0.069725
61,79,0.069720
66,69,0.069686
13,34,0.069628
50,61,0.069614
20,24,0.069517
48,72,0.069462
36,39,0.069393
5,38,0.069250
64,67,0.069227
2,80,0.068916
2,79,0.068879
10,25,0.068827
6,35,0.068719
17,36,0.068421
9,25,0.068341
16,23,0.068269
16,30,0.068188
55,72,0.067902
25,35,0.067888
55,67,0.067881
53,57,0.067842
18,29,0.067737
52,65,0.067617
48,51,0.067569
9,29,0.067393
64,75,0.067282
47,61,0.067228
70,71,0.067185
54,73,0.067113
26,30,0.067110
56,69,0.066948
55,78,0.066774
55,77,0.066774
31,36,0.066543
53,75,0.066527
1,59,0.066387
66,68,0.066281
53,71,0.066188
44,49,0.066081
19,37,0.065949
57,76,0.065880
27,28,0.065823
65,69,0.065817
55,65,0.065744
1,14,0.065554
65,73,0.065457
76,79,0.065252
5,8,0.064921
52,58,0.064883
20,27,0.064671
16,31,0.064624
48,55,0.064624
13,21,0.064615
58,61,0.064611
64,74,0.064547
58,67,0.064137
54,75,0.064011
1,66,0.064001
54,71,0.063958
1,73,0.063916
14,19,0.063764
57,69,0.063662
35,41,0.063592
52,73,0.063404
1,68,0.063367
7,31,0.063271
61,68,0.063052
2,11,0.062913
6,15,0.062836
6,28,0.062832
48,78,0.062812
48,77,0.062812
52,75,0.062759
24,41,0.062715
59,64,0.062419
19,39,0.062332
52,71,0.062294
50,66,0.062100
51,62,0.062030
23,35,0.061896
68,75,0.061755
50,79,0.061752
13,35,0.061636
2,74,0.061474
6,16,0.061473
61,72,0.061142
10,32,0.061098
50,58,0.061078
1,3,0.061064
56,71,0.060844
43,50,0.060791
41,45,0.060556
2,62,0.060440
22,41,0.060060
48,67,0.059960
65,70,0.059901
1,81,0.059807
3,60,0.059805
7,17,0.059780
45,81,0.059593
3,5,0.059430
54,64,0.059415
52,57,0.059341
29,31,0.059256
64,71,0.059099
63,76,0.058900
61,75,0.058887
62,81,0.058886
19,29,0.058785
3,7,0.058778
15,28,0.058765
3,13,0.058731
51,65,0.058730
50,76,0.058683
42,80,0.058458
50,75,0.058269
3,73,0.058268
55,73,0.058186
10,33,0.058146
2,6,0.058141
9,27,0.058064
24,36,0.058051
32,37,0.057957
47,81,0.057851
73,76,0.057788
2,70,0.057743
18,24,0.057738
48,63,0.057634
21,34,0.057543
58,63,0.057455
20,41,0.057412
61,66,0.057335
3,69,0.057328
26,29,0.057258
45,47,0.057113
18,34,0.057105
55,71,0.056870
46,50,0.056860
67,69,0.056858
58,81,0.056788
9,31,0.056702
14,16,0.056539
56,74,0.056517
7,20,0.056304
71,79,0.056238
62,71,0.056215
61,63,0.056183
2,13,0.056176
51,63,0.056168
70,73,0.056138
57,61,0.055735
73,74,0.055696
61,69,0.055584
9,26,0.055512
39,42,0.055459
47,62,0.055375
15,32,0.055311
56,68,0.055292
60,66,0.055131
48,57,0.055089
53,60,0.055025
17,30,0.054985
65,79,0.054955
9,35,0.054844
39,47,0.054446
45,53,0.054413
6,23,0.054354
75,80,0.053991
9,21,0.053890
44,52,0.053853
58,71,0.053758
7,37,0.053696
75,79,0.053682
47,57,0.053663
28,34,0.053648
55,75,0.053618
57,80,0.053588
1,64,0.053560
47,56,0.053526
2,61,0.053426
46,72,0.053424
61,73,0.053164
45,49,0.053093
49,58,0.053083
45,46,0.053076
28,38,0.053030
6,25,0.053008
4,55,0.052979
66,73,0.052919
15,35,0.052540
21,27,0.052538
25,30,0.052531
7,28,0.052491
19,26,0.052399
50,54,0.052347
45,48,0.052280
42,81,0.052243
3,79,0.052229
50,80,0.052125
9,20,0.052061
56,65,0.052046
48,73,0.052031
50,71,0.051523
66,78,0.051491
66,77,0.051491
54,59,0.051418
57,73,0.051373
2,59,0.051270
19,32,0.051262
6,22,0.051094
50,55,0.051085
35,36,0.050993
8,16,0.050958
62,78,0.050843
62,77,0.050843
18,19,0.050767
20,26,0.050674
17,35,0.050624
17,29,0.050502
47,79,0.050493
21,24,0.050488
21,36,0.050297
47,69,0.050237
61,70,0.050227
22,40,0.050153
28,36,0.050056
46,76,0.049865
62,80,0.049752
57,78,0.049695
57,77,0.049695
47,52,0.049675
17,26,0.049641
47,58,0.049615
29,37,0.049573
48,71,0.049564
19,45,0.049517
16,22,0.049399
60,73,0.049386
25,36,0.049351
9,24,0.049349
62,72,0.049337
6,43,0.049287
8,34,0.049112
67,80,0.049111
48,75,0.049095
46,56,0.048961
20,31,0.048831
53,64,0.048815
69,76,0.048814
59,80,0.048806
12,22,0.048782
56,63,0.048747
13,33,0.048629
53,66,0.048448
14,31,0.048344
72,80,0.048241
60,67,0.047802
67,79,0.047751
17,38,0.047683
52,61,0.047641
58,73,0.047575
19,47,0.047500
71,80,0.047407
58,80,0.047381
42,50,0.047353
10,35,0.047026
56,72,0.046980
62,73,0.046951
5,23,0.046598
46,78,0.046267
46,77,0.046267
26,36,0.046217
57,71,0.045989
3,6,0.045921
73,81,0.045801
53,76,0.045670
70,72,0.045562
32,42,0.045493
9,37,0.045438
49,66,0.045358
42,60,0.045355
49,72,0.045269
20,34,0.045250
6,19,0.045239
1,56,0.044923
48,64,0.044903
18,33,0.044731
36,41,0.044335
57,67,0.044219
49,78,0.044182
49,77,0.044182
67,68,0.044076
12,33,0.044048
73,79,0.044039
59,66,0.043922
54,66,0.043731
35,43,0.043564
45,50,0.043524
6,24,0.043436
6,21,0.043425
61,67,0.043341
11,24,0.043255
29,38,0.043090
51,69,0.043085
51,66,0.042910
51,79,0.042814
19,34,0.042733
52,76,0.042681
49,76,0.042514
54,60,0.042372
2,76,0.042325
44,53,0.042240
55,62,0.042136
7,30,0.041989
41,79,0.041912
64,80,0.041751
13,30,0.041751
67,74,0.041694
20,74,0.041462
66,81,0.041411
23,41,0.041376
15,31,0.041226
39,41,0.041219
22,26,0.041161
76,81,0.041086
9,23,0.041062
53,58,0.040849
55,61,0.040782
15,23,0.040713
63,70,0.040671
15,27,0.040647
4,73,0.040566
8,35,0.040462
54,76,0.040446
3,59,0.040324
57,75,0.040268
70,78,0.040172
70,77,0.040172
5,18,0.039955
15,45,0.039748
52,64,0.039670
18,27,0.039625
2,8,0.039575
71,74,0.039465
22,36,0.039456
7,33,0.039389
52,66,0.039299
46,67,0.039140
47,72,0.039125
68,71,0.039080
64,69,0.038930
16,32,0.038898
64,73,0.038824
5,40,0.038811
69,75,0.038710
56,73,0.038678
75,81,0.038472
8,40,0.038438
61,78,0.038346
61,77,0.038346
12,34,0.038217
1,8,0.038198
53,62,0.038119
58,72,0.038066
53,61,0.037998
48,61,0.037959
64,81,0.037900
74,78,0.037882
74,77,0.037882
43,57,0.037840
14,23,0.037760
57,68,0.037757
50,63,0.037698
55,66,0.037383
3,9,0.037370
55,76,0.037247
64,78,0.037237
64,77,0.037237
12,28,0.037203
2,50,0.037189
51,64,0.037184
48,60,0.037067
41,74,0.037021
7,35,0.037009
48,62,0.036966
12,37,0.036923
1,70,0.036619
35,40,0.036555
5,44,0.036535
11,25,0.036529
50,52,0.036471
70,75,0.036343
2,14,0.036278
66,75,0.036270
32,49,0.036157
1,74,0.036150
2,75,0.036037
71,81,0.035965
20,32,0.035885
1,11,0.035781
50,62,0.035670
6,32,0.035474
4,18,0.035463
30,37,0.035368
40,53,0.035363
64,79,0.035015
1,69,0.034984
12,17,0.034978
17,44,0.034922
10,36,0.034783
21,80,0.034760
4,60,0.034757
72,79,0.034714
63,80,0.034432
65,80,0.034259
27,45,0.034206
49,65,0.034083
20,28,0.034072
60,63,0.033788
49,73,0.033736
27,39,0.033666
17,25,0.033404
51,67,0.033384
31,40,0.033352
27,38,0.033183
72,74,0.033080
9,40,0.033057
9,18,0.032980
17,40,0.032978
59,65,0.032605
42,68,0.032555
66,80,0.032520
46,63,0.032411
37,42,0.032363
18,35,0.032294
52,60,0.032175
3,50,0.031912
11,37,0.031833
16,28,0.031810
47,64,0.031636
17,39,0.031571
46,73,0.031309
14,24,0.031277
15,20,0.031158
56,78,0.031122
56,77,0.031122
46,55,0.031109
13,43,0.031020
16,25,0.030984
8,25,0.030984
10,37,0.030982
48,58,0.030927
4,57,0.030901
49,64,0.030885
5,29,0.030875
77,81,0.030704
78,81,0.030704
40,43,0.030543
4,21,0.030532
47,65,0.030426
68,73,0.030425
49,75,0.030398
46,75,0.030397
1,62,0.030380
46,58,0.030312
41,69,0.030263
51,70,0.030221
47,70,0.030193
16,40,0.030158
62,75,0.030155
48,66,0.030125
2,51,0.030121
4,81,0.030024
51,73,0.029997
58,78,0.029965
58,77,0.029965
12,29,0.029938
9,39,0.029922
66,79,0.029897
55,60,0.029729
43,64,0.029658
22,37,0.029505
13,27,0.029448
44,67,0.029123
24,45,0.029119
8,36,0.029110
46,71,0.029108
50,53,0.029087
16,20,0.029016
26,39,0.028861
9,33,0.028776
3,51,0.028588
55,59,0.028306
51,78,0.028239
51,77,0.028239
10,21,0.028226
6,37,0.028185
8,27,0.028158
1,63,0.028012
1,61,0.027935
9,34,0.027921
22,31,0.027873
42,70,0.027813
40,45,0.027777
40,55,0.027689
46,62,0.027563
1,72,0.027509
29,44,0.027370
21,32,0.027290
23,39,0.027212
34,39,0.027191
59,75,0.027151
55,64,0.027150
4,72,0.027079
3,62,0.027052
3,16,0.026972
4,47,0.026938
32,44,0.026825
49,62,0.026783
65,68,0.026723
46,60,0.026672
6,34,0.026466
65,74,0.026464
58,79,0.026376
5,39,0.026289
8,33,0.026243
33,80,0.026216
36,57,0.026055
26,69,0.025922
21,81,0.025670
5,19,0.025649
47,63,0.025562
59,71,0.025333
1,6,0.025317
5,37,0.025316
48,76,0.025159
19,33,0.024960
47,67,0.024931
11,23,0.024773
59,67,0.024771
8,37,0.024770
5,28,0.024764
12,40,0.024710
44,54,0.024669
55,70,0.024631
24,30,0.024606
55,80,0.024606
55,74,0.024598
51,81,0.024488
3,55,0.024421
60,72,0.024248
47,78,0.024217
47,77,0.024217
6,27,0.024139
47,71,0.024086
52,59,0.024037
1,65,0.024035
68,77,0.023881
68,78,0.023881
19,38,0.023800
5,33,0.023786
20,79,0.023759
1,30,0.023600
8,45,0.023569
16,43,0.023509
45,55,0.023462
12,26,0.023452
10,38,0.023448
24,33,0.023418
18,57,0.023275
22,38,0.023229
6,31,0.023140
7,29,0.023109
21,35,0.023086
8,26,0.023056
12,35,0.022443
1,67,0.022355
47,80,0.022335
12,39,0.022307
35,70,0.022306
40,44,0.022299
14,28,0.022247
17,23,0.022048
33,38,0.021995
13,29,0.021956
41,59,0.021915
44,56,0.021718
18,73,0.021698
51,72,0.021664
56,81,0.021571
11,35,0.021518
51,57,0.021397
5,20,0.021309
7,21,0.021282
63,69,0.021248
5,21,0.021244
20,33,0.021184
4,24,0.021173
69,72,0.020978
3,78,0.020850
3,77,0.020850
14,34,0.020754
42,59,0.020648
41,57,0.020609
33,39,0.020546
4,25,0.020185
41,81,0.020084
23,34,0.019968
45,51,0.019917
16,36,0.019791
21,60,0.019572
10,45,0.019488
53,80,0.019427
42,57,0.019333
63,79,0.019222
53,59,0.019025
3,26,0.018853
61,71,0.018825
7,25,0.018789
34,66,0.018749
41,46,0.018611
3,18,0.018559
48,59,0.018546
26,59,0.018530
40,46,0.018522
32,41,0.018455
1,53,0.018387
8,21,0.018312
42,69,0.018183
42,74,0.018096
44,71,0.018070
65,81,0.017987
45,75,0.017970
47,73,0.017952
24,37,0.017937
31,39,0.017868
3,57,0.017744
51,71,0.017585
4,15,0.017434
37,44,0.017326
43,48,0.017248
1,52,0.017245
38,48,0.017227
37,48,0.017151
56,75,0.017121
14,20,0.017085
59,63,0.016662
3,76,0.016610
23,42,0.016573
11,22,0.016518
3,47,0.016469
24,40,0.016354
52,62,0.016344
69,78,0.016254
69,77,0.016254
52,80,0.016209
59,76,0.016195
14,22,0.016066
1,80,0.016049
19,35,0.016021
11,27,0.015935
3,75,0.015903
2,77,0.015814
2,78,0.015814
28,44,0.015792
6,29,0.015785
9,36,0.015616
6,42,0.015302
32,38,0.015253
13,41,0.015154
13,25,0.015073
1,5,0.015011
28,37,0.014955
68,72,0.014662
4,49,0.014654
1,78,0.014590
1,77,0.014590
49,70,0.014516
27,32,0.014480
53,70,0.014410
55,79,0.014266
9,38,0.014158
58,75,0.014120
54,80,0.013902
47,75,0.013879
1,75,0.013717
46,64,0.013714
27,49,0.013640
40,52,0.013603
63,68,0.013555
15,21,0.013525
63,74,0.013510
43,66,0.013446
22,28,0.013408
11,33,0.013393
72,81,0.013244
4,62,0.013195
29,39,0.013116
4,8,0.013033
2,12,0.012862
28,39,0.012827
20,23,0.012651
21,29,0.012634
2,66,0.012569
45,52,0.012515
43,51,0.012445
4,53,0.012434
8,30,0.012419
22,30,0.012397
7,24,0.011924
46,57,0.011792
4,52,0.011784
2,67,0.011739
13,42,0.011684
22,81,0.011596
4,14,0.011579
49,61,0.011351
18,28,0.011322
12,69,0.011200
43,46,0.011109
56,79,0.011106
13,23,0.011095
4,65,0.011080
1,54,0.010994
56,80,0.010979
37,45,0.010857
18,38,0.010736
24,34,0.010592
2,31,0.010570
25,48,0.010558
21,41,0.010470
2,65,0.010428
2,55,0.010377
16,45,0.010344
54,70,0.010321
1,58,0.010240
3,72,0.010081
49,60,0.010080
13,20,0.010077
4,9,0.009902
4,63,0.009830
25,40,0.009809
43,74,0.009759
34,64,0.009729
52,70,0.009705
11,19,0.009635
51,80,0.009459
53,79,0.009413
43,53,0.009322
1,55,0.009261
14,74,0.009091
22,42,0.009085
67,81,0.008986
14,32,0.008953
1,76,0.008784
4,79,0.008638
57,81,0.008507
4,67,0.008478
1,71,0.008425
18,40,0.008415
37,46,0.008251
21,69,0.008136
45,72,0.008126
3,49,0.007728
7,32,0.007665
25,46,0.007658
44,47,0.007488
4,75,0.007359
28,40,0.007357
2,22,0.007344
50,67,0.007298
23,44,0.007293
40,78,0.007240
40,77,0.007240
5,26,0.007238
42,62,0.007172
29,45,0.007144
2,64,0.007100
45,63,0.006973
6,38,0.006827
2,15,0.006786
38,49,0.006713
42,61,0.006632
11,21,0.006542
52,79,0.006520
13,37,0.006452
37,43,0.006439
14,81,0.006306
4,54,0.006124
47,76,0.006078
36,42,0.006055
19,41,0.005933
40,49,0.005901
44,72,0.005803
41,52,0.005712
37,41,0.005616
53,74,0.005493
54,79,0.005442
6,40,0.005184
20,62,0.005108
19,44,0.005086
22,44,0.005036
46,66,0.004994
6,44,0.004824
4,78,0.004768
4,77,0.004768
40,67,0.004736
49,57,0.004710
1,60,0.004682
61,76,0.004681
4,45,0.004608
9,42,0.004423
42,79,0.004377
60,78,0.004293
60,77,0.004293
47,66,0.004036
10,40,0.003903
8,18,0.003847
26,74,0.003793
19,30,0.003762
16,27,0.003680
20,46,0.003606
6,36,0.003605
6,61,0.003590
26,81,0.003551
14,42,0.003457
4,66,0.003441
4,71,0.003331
12,44,0.003291
52,74,0.003063
1,46,0.002941
41,58,0.002933
38,45,0.002832
2,57,0.002743
1,51,0.002583
9,45,0.002466
63,81,0.002451
43,49,0.002430
43,63,0.002389
4,76,0.002321
33,81,0.002295
6,81,0.002259
4,48,0.002126
24,43,0.002103
3,70,0.001912
3,74,0.001869
3,63,0.001828
3,53,0.001797
28,41,0.001750
3,71,0.001714
20,25,0.001646
4,58,0.001453
3,67,0.001150
3,64,0.001137
38,52,0.001128
2,73,0.001102
20,80,0.000954
36,70,0.000922
3,65,0.000897
13,44,0.000895
39,81,0.000774
59,72,0.000745
13,45,0.000491
3,52,0.000485
54,74,0.000228
7,27,0.000070
14,21,0.000067
3,58,0.000061
24,39,-0.000325
8,43,-0.000336
6,26,-0.000339
19,40,-0.000402
2,72,-0.000649
4,74,-0.000702
4,46,-0.000733
20,81,-0.000870
34,56,-0.000980
26,42,-0.001116
18,30,-0.001359
26,79,-0.001482
21,68,-0.001494
25,33,-0.001707
39,57,-0.001728
9,22,-0.001892
29,70,-0.001894
53,69,-0.001930
59,77,-0.002046
59,78,-0.002046
39,59,-0.002054
2,5,-0.002165
4,68,-0.002183
1,18,-0.002276
44,65,-0.002400
23,63,-0.002438
49,74,-0.002568
29,42,-0.002653
35,45,-0.002681
4,28,-0.002846
50,72,-0.002904
49,80,-0.002952
45,78,-0.003130
45,77,-0.003130
46,61,-0.003196
21,47,-0.003208
30,59,-0.003295
50,65,-0.003470
43,55,-0.003474
36,44,-0.003592
6,20,-0.003678
4,56,-0.003767
4,27,-0.003810
27,40,-0.003817
2,63,-0.003822
42,76,-0.003871
44,78,-0.004000
44,77,-0.004000
11,61,-0.004002
1,42,-0.004029
2,20,-0.004046
50,73,-0.004087
3,54,-0.004117
55,81,-0.004174
14,35,-0.004223
55,68,-0.004432
3,66,-0.004473
30,39,-0.004480
5,68,-0.004524
11,20,-0.004620
48,80,-0.004679
4,10,-0.004685
2,27,-0.004694
22,39,-0.004919
8,39,-0.005058
24,42,-0.005159
2,56,-0.005271
1,7,-0.005355
45,54,-0.005471
41,47,-0.005576
26,47,-0.005597
26,41,-0.005669
49,69,-0.005713
45,71,-0.005811
30,36,-0.005886
16,26,-0.005908
24,47,-0.005924
1,16,-0.006029
25,44,-0.006053
30,40,-0.006069
52,69,-0.006132
5,45,-0.006199
4,64,-0.006225
20,42,-0.006323
29,43,-0.006370
21,59,-0.006552
16,39,-0.006583
16,33,-0.006596
38,54,-0.006684
3,21,-0.006705
10,44,-0.006789
10,39,-0.006805
17,41,-0.006899
53,68,-0.006919
8,41,-0.006958
26,50,-0.006998
4,39,-0.006998
25,39,-0.007016
4,20,-0.007025
5,24,-0.007067
36,49,-0.007085
2,58,-0.007284
2,53,-0.007549
12,41,-0.007579
22,62,-0.007591
35,42,-0.007691
31,45,-0.007694
54,69,-0.007737
45,67,-0.007808
23,26,-0.007808
46,70,-0.007973
1,34,-0.008201
50,77,-0.008346
50,78,-0.008346
45,61,-0.008364
55,69,-0.008402
2,52,-0.008470
18,45,-0.008759
44,63,-0.008974
43,52,-0.009005
34,43,-0.009125
3,56,-0.009138
53,81,-0.009192
37,54,-0.009370
52,68,-0.009489
42,51,-0.009495
49,59,-0.009623
1,50,-0.009658
41,73,-0.009706
2,71,-0.009960
26,37,-0.009986
32,47,-0.010094
38,44,-0.010313
20,69,-0.010411
52,81,-0.010434
2,45,-0.010497
48,70,-0.010530
11,81,-0.010537
16,42,-0.010600
16,21,-0.010636
28,48,-0.010689
2,26,-0.010750
34,42,-0.010757
21,42,-0.010818
5,41,-0.010935
40,71,-0.011030
7,22,-0.011043
43,54,-0.011054
39,49,-0.011156
45,69,-0.011186
4,61,-0.011333
39,74,-0.011358
37,72,-0.011367
41,68,-0.011441
46,69,-0.011454
4,11,-0.011588
1,49,-0.011618
40,54,-0.011665
23,43,-0.011771
4,30,-0.011816
39,50,-0.011881
22,35,-0.011972
7,42,-0.011980
14,26,-0.012068
44,66,-0.012271
2,54,-0.012289
49,68,-0.012380
20,60,-0.012438
5,43,-0.012614
16,34,-0.012794
41,54,-0.012820
4,26,-0.012842
31,41,-0.012956
40,76,-0.012972
20,59,-0.012995
4,69,-0.013093
43,68,-0.013136
13,38,-0.013213
21,51,-0.013224
11,36,-0.013269
1,47,-0.013415
26,38,-0.013686
42,64,-0.013809
45,56,-0.013834
34,58,-0.013995
3,48,-0.014002
54,68,-0.014071
33,43,-0.014081
54,81,-0.014108
30,67,-0.014128
15,34,-0.014229
38,55,-0.014417
23,45,-0.014419
26,43,-0.014458
18,32,-0.014462
27,43,-0.014464
22,68,-0.014579
1,39,-0.014744
14,75,-0.015131
22,43,-0.015210
48,79,-0.015211
10,18,-0.015236
46,79,-0.015247
43,62,-0.015258
3,46,-0.015297
25,54,-0.015391
43,75,-0.015509
35,81,-0.015646
49,79,-0.015655
41,55,-0.015677
33,60,-0.015738
8,81,-0.015798
42,66,-0.015831
26,70,-0.015871
14,40,-0.015990
43,58,-0.015995
14,37,-0.016011
38,46,-0.016012
18,80,-0.016045
43,56,-0.016142
4,37,-0.016143
42,75,-0.016210
7,40,-0.016304
4,12,-0.016323
3,12,-0.016358
5,50,-0.016370
15,41,-0.016381
37,49,-0.016523
4,51,-0.016624
22,50,-0.016625
43,61,-0.016649
25,53,-0.016707
20,39,-0.016707
40,72,-0.016713
14,39,-0.016737
23,49,-0.016767
46,80,-0.016822
23,68,-0.016854
46,59,-0.016902
18,71,-0.016916
25,52,-0.017144
44,64,-0.017175
29,40,-0.017196
37,53,-0.017229
25,72,-0.017412
8,44,-0.017597
7,44,-0.017610
36,74,-0.017736
1,48,-0.017867
41,64,-0.017943
32,64,-0.017983
4,7,-0.018024
2,30,-0.018203
3,15,-0.018270
37,55,-0.018282
44,51,-0.018301
26,68,-0.018430
5,81,-0.018659
15,24,-0.018677
33,44,-0.018756
28,45,-0.018780
40,66,-0.018782
6,30,-0.018809
13,36,-0.018869
6,45,-0.019044
37,52,-0.019067
44,55,-0.019112
2,47,-0.019124
32,66,-0.019151
12,43,-0.019181
36,43,-0.019226
32,45,-0.019252
2,16,-0.019275
44,61,-0.019375
37,63,-0.019512
2,42,-0.019595
48,74,-0.019639
6,59,-0.019655
40,56,-0.019721
4,13,-0.019846
3,20,-0.020028
26,80,-0.020044
4,59,-0.020052
12,36,-0.020143
34,40,-0.020152
23,46,-0.020188
11,40,-0.020255
6,73,-0.020404
20,68,-0.020753
23,65,-0.020782
45,80,-0.020850
3,14,-0.020901
42,58,-0.020902
45,73,-0.020942
18,41,-0.021040
45,60,-0.021053
21,74,-0.021125
14,45,-0.021372
41,61,-0.021627
45,68,-0.021676
33,69,-0.021996
42,56,-0.022004
43,80,-0.022025
32,40,-0.022134
39,55,-0.022156
34,41,-0.022293
40,48,-0.022406
41,70,-0.022658
23,52,-0.022768
36,69,-0.022789
30,65,-0.022824
2,46,-0.022842
19,42,-0.022968
2,29,-0.023007
39,80,-0.023155
13,39,-0.023266
37,78,-0.023284
37,77,-0.023284
18,31,-0.023305
31,44,-0.023307
2,49,-0.023361
44,62,-0.023474
40,63,-0.023486
24,38,-0.023487
5,79,-0.023528
42,78,-0.023603
42,77,-0.023603
12,24,-0.023639
44,76,-0.023717
25,55,-0.023726
7,46,-0.023754
14,46,-0.023866
5,36,-0.023888
20,52,-0.023913
17,37,-0.023928
4,19,-0.023930
1,31,-0.023943
43,72,-0.023982
25,63,-0.023998
36,80,-0.024022
6,68,-0.024132
34,45,-0.024138
36,59,-0.024163
20,51,-0.024167
41,48,-0.024182
13,40,-0.024246
26,40,-0.024259
22,33,-0.024375
35,46,-0.024503
4,5,-0.024643
41,65,-0.024662
44,73,-0.024759
5,59,-0.024805
7,38,-0.024816
25,49,-0.024839
4,32,-0.024869
14,44,-0.024922
20,35,-0.024977
36,51,-0.025008
16,81,-0.025032
36,48,-0.025175
27,61,-0.025177
20,73,-0.025314
8,42,-0.025327
43,70,-0.025441
22,34,-0.025447
27,50,-0.025463
32,46,-0.025605
19,36,-0.025611
20,37,-0.025637
41,50,-0.025666
32,43,-0.025782
3,42,-0.025856
43,67,-0.025896
4,40,-0.026059
16,41,-0.026061
41,62,-0.026117
2,43,-0.026413
20,45,-0.026492
10,20,-0.026514
14,43,-0.026580
35,53,-0.026582
27,46,-0.026613
21,76,-0.026734
39,73,-0.026815
33,42,-0.026855
49,81,-0.026863
23,55,-0.026895
23,73,-0.026932
42,48,-0.027020
45,65,-0.027154
39,61,-0.027236
2,41,-0.027246
8,46,-0.027264
35,49,-0.027341
22,76,-0.027459
22,29,-0.027517
4,34,-0.027541
26,35,-0.027693
21,79,-0.027725
3,11,-0.027912
14,59,-0.027930
33,74,-0.027953
18,43,-0.027973
27,80,-0.028002
12,38,-0.028131
45,74,-0.028145
28,49,-0.028231
19,81,-0.028286
43,47,-0.028394
39,68,-0.028596
42,47,-0.028647
2,48,-0.028656
36,45,-0.028725
38,72,-0.028762
6,80,-0.028766
18,37,-0.028810
10,63,-0.028864
33,79,-0.028948
35,63,-0.029026
6,79,-0.029045
15,39,-0.029176
35,48,-0.029200
1,36,-0.029221
26,48,-0.029235
44,75,-0.029282
25,78,-0.029350
25,77,-0.029350
18,60,-0.029353
12,45,-0.029521
41,60,-0.029633
15,40,-0.029702
1,9,-0.029755
26,62,-0.029838
41,78,-0.029923
41,77,-0.029923
10,41,-0.029995
40,65,-0.030149
17,73,-0.030188
37,75,-0.030301
48,69,-0.030358
24,81,-0.030416
43,78,-0.030430
43,77,-0.030430
11,45,-0.030441
3,41,-0.030456
30,73,-0.030539
24,59,-0.030629
2,21,-0.030634
5,74,-0.030674
7,69,-0.030706
30,49,-0.030801
19,27,-0.030876
1,17,-0.030902
26,71,-0.030966
14,80,-0.030969
42,55,-0.031074
37,65,-0.031110
1,20,-0.031230
46,74,-0.031252
41,75,-0.031296
19,69,-0.031404
27,63,-0.031442
9,43,-0.031550
19,79,-0.031564
26,60,-0.031587
20,36,-0.031588
11,64,-0.031621
39,72,-0.031717
3,10,-0.031830
4,17,-0.031842
1,29,-0.032243
26,51,-0.032411
31,66,-0.032467
46,81,-0.032468
7,75,-0.032469
12,20,-0.032480
21,31,-0.032583
15,26,-0.032746
35,57,-0.032754
32,56,-0.032767
33,61,-0.032847
28,43,-0.033003
3,33,-0.033102
15,53,-0.033172
2,19,-0.033290
1,15,-0.033338
26,45,-0.033367
19,62,-0.033530
33,46,-0.033557
23,79,-0.033615
21,50,-0.033616
20,61,-0.033631
39,58,-0.033637
40,47,-0.033663
6,49,-0.033721
3,8,-0.033724
1,41,-0.033750
14,36,-0.033777
39,54,-0.033882
2,24,-0.033884
27,51,-0.033942
18,81,-0.034069
45,79,-0.034205
4,6,-0.034274
27,66,-0.034298
4,35,-0.034339
8,69,-0.034342
21,62,-0.034345
36,64,-0.034383
35,55,-0.034728
28,71,-0.034748
15,22,-0.034806
3,22,-0.034969
45,76,-0.035063
48,81,-0.035094
5,51,-0.035133
36,62,-0.035190
14,62,-0.035261
5,13,-0.035274
10,42,-0.035354
48,68,-0.035384
4,50,-0.035431
31,42,-0.035591
26,57,-0.035685
43,79,-0.035833
35,71,-0.035856
6,41,-0.035880
4,22,-0.035938
20,78,-0.035997
20,77,-0.035997
35,44,-0.036023
9,61,-0.036110
44,57,-0.036176
20,76,-0.036482
14,79,-0.036532
18,59,-0.036558
18,69,-0.036601
17,46,-0.036680
23,54,-0.036736
20,38,-0.036798
22,80,-0.036965
17,27,-0.037044
26,58,-0.037140
15,59,-0.037181
38,63,-0.037209
1,23,-0.037228
1,43,-0.037242
41,76,-0.037346
2,7,-0.037357
8,79,-0.037387
5,80,-0.037435
27,64,-0.037524
24,61,-0.037542
3,19,-0.037548
24,79,-0.037610
45,59,-0.037665
43,71,-0.037702
29,74,-0.037705
37,67,-0.037838
22,79,-0.037838
41,72,-0.037888
25,75,-0.037942
21,61,-0.038021
38,78,-0.038023
38,77,-0.038023
7,74,-0.038199
26,46,-0.038210
37,47,-0.038247
14,60,-0.038248
45,66,-0.038276
5,69,-0.038282
30,78,-0.038391
30,77,-0.038391
42,67,-0.038486
19,74,-0.038513
20,40,-0.038566
32,67,-0.038636
36,66,-0.038717
43,81,-0.038784
23,48,-0.038843
27,72,-0.038896
38,61,-0.038953
3,24,-0.038977
27,47,-0.038992
40,64,-0.039126
24,69,-0.039165
33,57,-0.039250
30,70,-0.039265
45,62,-0.039295
7,76,-0.039305
21,38,-0.039354
27,41,-0.039371
20,65,-0.039440
7,72,-0.039512
36,76,-0.039535
16,48,-0.039550
30,57,-0.039562
4,38,-0.039626
6,50,-0.039667
36,52,-0.039707
16,71,-0.039806
21,70,-0.039972
45,58,-0.039984
19,46,-0.039986
3,27,-0.040016
29,58,-0.040154
5,48,-0.040270
38,53,-0.040293
19,61,-0.040328
22,61,-0.040331
20,50,-0.040479
18,46,-0.040532
6,51,-0.040637
8,23,-0.040892
15,38,-0.040905
12,55,-0.041153
15,50,-0.041265
23,71,-0.041285
20,44,-0.041332
33,76,-0.041342
29,62,-0.041361
4,16,-0.041380
20,55,-0.041381
23,81,-0.041398
5,14,-0.041417
18,72,-0.041429
43,65,-0.041480
16,62,-0.041647
16,79,-0.041659
42,54,-0.041701
25,65,-0.041775
38,75,-0.041807
22,69,-0.041830
39,79,-0.041902
11,46,-0.041981
20,43,-0.042001
23,72,-0.042021
11,39,-0.042042
6,39,-0.042072
20,70,-0.042153
41,56,-0.042233
6,46,-0.042266
44,58,-0.042268
10,71,-0.042305
33,62,-0.042350
3,44,-0.042407
42,65,-0.042550
24,48,-0.042550
22,74,-0.042575
39,69,-0.042595
2,17,-0.042642
3,17,-0.042700
1,10,-0.042706
18,61,-0.042788
16,44,-0.042795
45,64,-0.042821
26,66,-0.042942
17,42,-0.042952
36,67,-0.043033
36,53,-0.043102
25,43,-0.043107
16,58,-0.043154
9,80,-0.043316
33,68,-0.043331
11,38,-0.043449
31,64,-0.043542
4,23,-0.043585
31,58,-0.043596
34,48,-0.043637
18,42,-0.043643
41,51,-0.043687
18,64,-0.043758
26,75,-0.043796
30,71,-0.043819
31,68,-0.043860
31,69,-0.043867
21,39,-0.043874
42,71,-0.044015
39,70,-0.044022
33,59,-0.044130
4,36,-0.044152
34,49,-0.044175
17,70,-0.044187
19,68,-0.044227
25,67,-0.044237
35,65,-0.044277
14,38,-0.044329
38,65,-0.044348
31,46,-0.044653
12,53,-0.044688
14,33,-0.044689
13,80,-0.044742
42,49,-0.044753
23,51,-0.044813
21,57,-0.044878
10,78,-0.044913
10,77,-0.044913
41,53,-0.044921
14,50,-0.044937
22,57,-0.044993
35,54,-0.045065
21,37,-0.045085
2,33,-0.045117
1,33,-0.045217
8,50,-0.045232
7,78,-0.045270
7,77,-0.045270
27,53,-0.045337
39,75,-0.045415
45,70,-0.045467
19,70,-0.045468
39,63,-0.045577
43,59,-0.045590
17,43,-0.045681
3,36,-0.045720
28,51,-0.045792
16,78,-0.045843
16,77,-0.045843
20,71,-0.046028
32,72,-0.046033
7,66,-0.046206
38,47,-0.046231
34,44,-0.046474
9,81,-0.046494
46,68,-0.046547
8,38,-0.046632
30,79,-0.046658
26,56,-0.046702
41,63,-0.046787
25,47,-0.046821
13,46,-0.046828
1,32,-0.046942
26,73,-0.047029
26,72,-0.047082
28,73,-0.047214
34,57,-0.047291
31,73,-0.047320
18,44,-0.047470
9,44,-0.047500
27,71,-0.047521
7,63,-0.047756
27,52,-0.047928
22,73,-0.047990
28,67,-0.048006
22,59,-0.048096
37,71,-0.048116
39,53,-0.048124
43,69,-0.048262
36,46,-0.048532
26,64,-0.048544
4,41,-0.048597
6,33,-0.048735
36,75,-0.048804
11,66,-0.048882
30,80,-0.048885
36,77,-0.048919
36,78,-0.048919
7,18,-0.049046
28,46,-0.049154
26,49,-0.049252
44,60,-0.049281
39,56,-0.049314
32,71,-0.049338
25,45,-0.049369
26,54,-0.049396
32,48,-0.049397
35,72,-0.049447
3,40,-0.049464
40,51,-0.049488
20,58,-0.049502
34,62,-0.049542
42,72,-0.049578
7,58,-0.049640
41,67,-0.049645
5,66,-0.049718
24,46,-0.049805
17,60,-0.049839
24,62,-0.049920
42,73,-0.049925
24,70,-0.049945
8,51,-0.049946
26,76,-0.049955
27,48,-0.049961
23,53,-0.050015
30,68,-0.050066
27,44,-0.050175
39,62,-0.050182
6,47,-0.050341
7,53,-0.050396
4,29,-0.050402
43,60,-0.050416
16,70,-0.050425
39,46,-0.050466
16,46,-0.050470
18,39,-0.050481
37,73,-0.050494
9,52,-0.050506
9,70,-0.050592
35,47,-0.050613
18,53,-0.050747
36,47,-0.050865
19,60,-0.050935
35,67,-0.050972
13,81,-0.051011
15,79,-0.051095
1,21,-0.051179
15,43,-0.051205
15,81,-0.051216
1,37,-0.051256
34,54,-0.051316
1,19,-0.051398
33,70,-0.051461
33,75,-0.051527
38,67,-0.051641
5,55,-0.051924
40,62,-0.051930
13,73,-0.052005
27,67,-0.052043
6,48,-0.052280
30,76,-0.052303
14,61,-0.052359
26,65,-0.052401
40,50,-0.052461
36,56,-0.052588
43,73,-0.052723
30,75,-0.052727
36,71,-0.052843
19,51,-0.052917
34,68,-0.052947
21,66,-0.053113
40,73,-0.053118
18,52,-0.053135
12,52,-0.053157
7,39,-0.053239
22,60,-0.053279
41,71,-0.053320
34,50,-0.053353
30,72,-0.053430
14,41,-0.053567
39,71,-0.053592
42,46,-0.053616
22,75,-0.053651
1,27,-0.053762
28,66,-0.053836
40,57,-0.054016
24,57,-0.054039
41,49,-0.054107
9,75,-0.054163
36,73,-0.054196
26,55,-0.054263
13,70,-0.054271
1,25,-0.054295
11,41,-0.054297
35,73,-0.054335
28,54,-0.054352
3,45,-0.054377
25,71,-0.054410
21,56,-0.054553
7,65,-0.054577
6,70,-0.054596
12,46,-0.054687
11,42,-0.054801
7,73,-0.054937
38,58,-0.055021
41,66,-0.055046
11,26,-0.055105
26,34,-0.055132
29,48,-0.055166
44,50,-0.055345
36,54,-0.055380
35,51,-0.055386
3,29,-0.055430
23,78,-0.055445
23,77,-0.055445
15,75,-0.055472
15,68,-0.055483
29,46,-0.055499
31,56,-0.055548
1,22,-0.055597
28,72,-0.055663
39,78,-0.055700
39,77,-0.055700
4,44,-0.055722
1,45,-0.055762
21,49,-0.055800
32,63,-0.055926
12,63,-0.055952
16,57,-0.056032
21,58,-0.056102
39,48,-0.056134
34,76,-0.056249
22,46,-0.056266
7,48,-0.056371
32,54,-0.056376
39,64,-0.056520
2,39,-0.056552
7,79,-0.056582
29,51,-0.056765
24,52,-0.056803
3,23,-0.056841
5,56,-0.056858
27,42,-0.056896
32,52,-0.056919
27,73,-0.056980
24,74,-0.056988
6,53,-0.057003
27,56,-0.057029
40,74,-0.057139
44,70,-0.057144
36,72,-0.057241
36,58,-0.057282
28,64,-0.057296
8,52,-0.057373
42,53,-0.057379
19,59,-0.057410
18,62,-0.057410
5,46,-0.057432
37,64,-0.057456
44,69,-0.057474
30,50,-0.057606
39,67,-0.057628
7,67,-0.057637
6,55,-0.057667
10,53,-0.057706
25,73,-0.057802
34,80,-0.057818
42,63,-0.057925
14,70,-0.058091
8,62,-0.058111
38,64,-0.058146
28,55,-0.058207
29,49,-0.058218
24,80,-0.058290
27,55,-0.058303
18,66,-0.058376
26,44,-0.058385
17,64,-0.058391
9,41,-0.058420
7,52,-0.058452
14,77,-0.058470
14,78,-0.058470
5,61,-0.058474
32,78,-0.058619
32,77,-0.058619
22,70,-0.058675
42,52,-0.058746
5,27,-0.058753
30,48,-0.058817
7,64,-0.059060
18,48,-0.059331
31,81,-0.059429
19,65,-0.059441
1,44,-0.059445
38,56,-0.059522
32,55,-0.059770
6,54,-0.059777
28,63,-0.059787
14,47,-0.059818
10,43,-0.059828
6,60,-0.059829
43,76,-0.060007
17,63,-0.060099
17,53,-0.060224
14,68,-0.060312
30,52,-0.060377
16,60,-0.060391
36,79,-0.060542
12,68,-0.060572
3,30,-0.060717
29,66,-0.060778
34,67,-0.060778
1,13,-0.060935
28,52,-0.060970
11,72,-0.060976
38,71,-0.060998
16,74,-0.061154
31,60,-0.061258
33,67,-0.061337
16,68,-0.061386
7,49,-0.061398
34,63,-0.061411
9,69,-0.061687
17,45,-0.061740
11,44,-0.061807
3,39,-0.061868
2,40,-0.061896
27,60,-0.061957
40,75,-0.061968
11,49,-0.061969
39,76,-0.061990
34,55,-0.062129
17,68,-0.062196
36,65,-0.062299
14,76,-0.062307
9,76,-0.062314
1,26,-0.062488
1,40,-0.062535
18,55,-0.062657
26,78,-0.062749
26,77,-0.062749
30,63,-0.062773
14,73,-0.062807
30,46,-0.062818
29,81,-0.062877
20,63,-0.062897
16,69,-0.062942
13,61,-0.063089
36,55,-0.063157
35,78,-0.063177
35,77,-0.063177
26,61,-0.063254
35,59,-0.063301
7,54,-0.063318
6,63,-0.063477
29,71,-0.063497
30,66,-0.063518
6,72,-0.063687
22,51,-0.063711
8,48,-0.063764
34,69,-0.063905
8,68,-0.063911
21,64,-0.063946
35,80,-0.063953
14,69,-0.063995
7,55,-0.064060
4,33,-0.064068
17,66,-0.064148
13,78,-0.064206
13,77,-0.064206
18,78,-0.064221
18,77,-0.064221
20,53,-0.064248
6,52,-0.064272
7,36,-0.064396
37,61,-0.064445
6,69,-0.064491
28,42,-0.064499
6,74,-0.064578
20,47,-0.064594
40,60,-0.064624
22,52,-0.064733
5,73,-0.064784
7,56,-0.064787
12,75,-0.064802
31,70,-0.064909
30,81,-0.064915
31,50,-0.064944
38,73,-0.065027
40,70,-0.065063
34,51,-0.065065
33,78,-0.065088
33,77,-0.065088
25,64,-0.065092
27,78,-0.065094
27,77,-0.065094
23,76,-0.065210
24,51,-0.065215
20,57,-0.065241
37,56,-0.065325
20,72,-0.065326
7,57,-0.065388
11,52,-0.065390
24,60,-0.065391
7,62,-0.065470
12,70,-0.065496
3,31,-0.065618
36,63,-0.065635
11,48,-0.065689
9,60,-0.065786
27,54,-0.065831
28,74,-0.065850
19,73,-0.065852
18,56,-0.065924
8,53,-0.065960
30,56,-0.066108
5,52,-0.066210
14,49,-0.066225
18,74,-0.066249
16,50,-0.066306
7,81,-0.066437
20,66,-0.066439
30,54,-0.066509
36,68,-0.066510
36,61,-0.066542
18,79,-0.066646
8,55,-0.066689
1,35,-0.066712
5,58,-0.066731
19,75,-0.066752
5,64,-0.066864
20,67,-0.066872
32,73,-0.066879
28,53,-0.066903
7,68,-0.066926
29,47,-0.066939
33,56,-0.067073
34,72,-0.067395
12,50,-0.067451
12,49,-0.067482
5,60,-0.067513
21,40,-0.067549
23,67,-0.067560
11,43,-0.067614
26,63,-0.067725
23,69,-0.067745
7,71,-0.067844
2,18,-0.067893
19,80,-0.067980
21,75,-0.068076
45,57,-0.068126
33,54,-0.068178
15,55,-0.068251
21,67,-0.068333
39,52,-0.068340
24,50,-0.068378
30,55,-0.068383
34,46,-0.068385
8,20,-0.068399
26,52,-0.068427
18,49,-0.068465
11,80,-0.068466
12,54,-0.068485
38,50,-0.068511
44,59,-0.068606
16,72,-0.068651
44,80,-0.068660
11,56,-0.068768
35,75,-0.068776
2,23,-0.068792
10,76,-0.068818
30,53,-0.068896
8,80,-0.068960
11,54,-0.069073
23,75,-0.069088
33,66,-0.069284
34,61,-0.069371
27,76,-0.069382
7,41,-0.069458
18,63,-0.069501
31,79,-0.069565
15,48,-0.069604
38,60,-0.069703
13,72,-0.069741
29,64,-0.069744
29,69,-0.069761
6,77,-0.069815
6,78,-0.069815
10,46,-0.069841
14,66,-0.069866
33,55,-0.069881
17,52,-0.069942
20,75,-0.069990
26,67,-0.069993
15,58,-0.069994
34,71,-0.070032
15,52,-0.070087
32,53,-0.070088
29,68,-0.070172
27,62,-0.070212
33,49,-0.070299
33,65,-0.070356
31,74,-0.070360
33,71,-0.070409
19,76,-0.070409
14,67,-0.070447
44,74,-0.070460
34,53,-0.070500
5,75,-0.070537
11,65,-0.070540
10,55,-0.070693
15,63,-0.070701
22,65,-0.070721
7,45,-0.070721
16,59,-0.070946
25,41,-0.070959
6,71,-0.070968
29,67,-0.071022
1,12,-0.071082
29,79,-0.071096
17,80,-0.071098
30,61,-0.071170
31,75,-0.071194
26,53,-0.071283
9,46,-0.071312
27,57,-0.071321
2,10,-0.071328
3,43,-0.071351
32,75,-0.071371
28,78,-0.071543
28,77,-0.071543
14,55,-0.071568
10,72,-0.071629
18,50,-0.071735
28,81,-0.071750
29,55,-0.071770
8,47,-0.071783
25,56,-0.071840
39,65,-0.071885
27,68,-0.071894
24,68,-0.071987
18,54,-0.072070
28,56,-0.072085
24,66,-0.072104
7,61,-0.072134
30,64,-0.072181
12,72,-0.072187
37,66,-0.072302
38,57,-0.072346
7,59,-0.072448
30,60,-0.072452
11,63,-0.072494
11,53,-0.072496
40,58,-0.072542
15,76,-0.072621
6,67,-0.072641
31,54,-0.072653
33,63,-0.072679
10,54,-0.072700
39,66,-0.072744
30,47,-0.072750
12,51,-0.072766
21,77,-0.072813
21,78,-0.072813
5,70,-0.072814
29,76,-0.073170
12,48,-0.073176
16,64,-0.073292
27,74,-0.073356
14,65,-0.073362
4,42,-0.073388
11,67,-0.073392
32,61,-0.073491
28,76,-0.073651
35,52,-0.073668
8,63,-0.073687
9,57,-0.073768
29,78,-0.073794
29,77,-0.073794
21,54,-0.073919
7,60,-0.073919
18,70,-0.073954
22,45,-0.073970
10,52,-0.074065
14,53,-0.074073
17,59,-0.074111
24,49,-0.074201
31,48,-0.074201
8,71,-0.074209
11,77,-0.074219
11,78,-0.074219
24,75,-0.074227
2,9,-0.074274
7,43,-0.074370
32,65,-0.074380
29,75,-0.074556
32,58,-0.074565
40,80,-0.074571
9,47,-0.074775
35,62,-0.074854
9,68,-0.074903
9,79,-0.074925
8,56,-0.074926
34,70,-0.074952
16,52,-0.075084
30,62,-0.075097
8,66,-0.075319
21,48,-0.075483
34,74,-0.075502
15,80,-0.075533
29,52,-0.075545
3,28,-0.075552
11,73,-0.075585
27,75,-0.075597
16,75,-0.075744
14,56,-0.075895
8,64,-0.075940
17,69,-0.076103
20,54,-0.076181
40,61,-0.076205
10,48,-0.076228
6,75,-0.076413
18,75,-0.076429
6,65,-0.076501
33,73,-0.076506
15,77,-0.076600
15,78,-0.076600
10,65,-0.076661
14,63,-0.076697
29,50,-0.076713
7,50,-0.076773
19,48,-0.076844
27,65,-0.076856
22,66,-0.077002
10,49,-0.077065
12,62,-0.077116
44,79,-0.077187
5,62,-0.077575
21,73,-0.077579
9,50,-0.077683
29,41,-0.077710
15,44,-0.077730
34,59,-0.077762
4,43,-0.077814
2,35,-0.077861
27,58,-0.077913
37,76,-0.077942
5,53,-0.078034
8,72,-0.078043
13,62,-0.078056
20,48,-0.078084
5,47,-0.078157
16,76,-0.078197
24,54,-0.078201
18,65,-0.078261
16,80,-0.078317
31,63,-0.078335
12,65,-0.078411
29,56,-0.078444
31,67,-0.078595
19,66,-0.078739
5,63,-0.078790
25,61,-0.078799
34,81,-0.078806
9,48,-0.078971
5,72,-0.078978
5,77,-0.078986
5,78,-0.078986
2,44,-0.078995
25,66,-0.079015
19,58,-0.079070
14,52,-0.079121
11,50,-0.079123
29,54,-0.079177
21,71,-0.079189
36,60,-0.079191
31,59,-0.079322
1,38,-0.079474
24,73,-0.079494
19,53,-0.079520
19,77,-0.079564
19,78,-0.079564
20,64,-0.079627
29,73,-0.079774
22,71,-0.079897
40,69,-0.079912
22,55,-0.080233
7,23,-0.080323
17,72,-0.080375
17,81,-0.080400
21,63,-0.080492
31,53,-0.080756
6,66,-0.080814
3,37,-0.080861
9,58,-0.080937
24,64,-0.080987
34,78,-0.081107
34,77,-0.081107
37,51,-0.081136
18,67,-0.081148
29,57,-0.081171
35,56,-0.081231
30,69,-0.081336
21,52,-0.081411
22,72,-0.081430
12,71,-0.081448
17,79,-0.081495
22,47,-0.081520
35,79,-0.081663
6,58,-0.081685
22,53,-0.081689
15,54,-0.081703
12,78,-0.081729
12,77,-0.081729
38,66,-0.081738
14,64,-0.081743
24,56,-0.081773
22,48,-0.081782
39,51,-0.081785
15,72,-0.081876
8,59,-0.081905
21,55,-0.082117
31,49,-0.082124
19,56,-0.082177
16,67,-0.082328
20,56,-0.082341
15,61,-0.082355
13,79,-0.082411
13,58,-0.082495
35,66,-0.082515
24,53,-0.082524
29,59,-0.082544
8,61,-0.082550
17,49,-0.082565
12,67,-0.082604
35,76,-0.082623
34,47,-0.082637
33,72,-0.082722
9,54,-0.082776
6,57,-0.082810
10,67,-0.082821
44,81,-0.082883
5,54,-0.082990
9,59,-0.083044
28,65,-0.083156
29,72,-0.083176
21,53,-0.083197
31,43,-0.083278
22,77,-0.083384
22,78,-0.083384
16,65,-0.083459
13,59,-0.083472
23,57,-0.083502
34,52,-0.083512
21,43,-0.083568
33,64,-0.083584
38,76,-0.083599
12,73,-0.083601
39,60,-0.083605
35,61,-0.083653
7,51,-0.083712
33,51,-0.083787
21,45,-0.083933
21,72,-0.083983
17,74,-0.083986
18,58,-0.084064
31,71,-0.084136
11,71,-0.084378
25,76,-0.084434
22,67,-0.084463
7,47,-0.084596
17,71,-0.084673
14,72,-0.084683
3,38,-0.084685
28,50,-0.084693
19,71,-0.084773
23,58,-0.084857
2,36,-0.084956
9,73,-0.084980
19,67,-0.085051
33,52,-0.085178
18,76,-0.085207
9,64,-0.085208
19,49,-0.085239
16,47,-0.085247
5,49,-0.085329
28,80,-0.085382
3,25,-0.085463
35,69,-0.085568
19,64,-0.085635
31,72,-0.085760
36,50,-0.085833
27,70,-0.085850
11,58,-0.085852
6,62,-0.086133
31,55,-0.086151
17,48,-0.086211
28,75,-0.086211
33,53,-0.086318
27,79,-0.086336
36,81,-0.086461
9,72,-0.086520
29,63,-0.086664
22,63,-0.086691
33,50,-0.086696
28,57,-0.086737
17,61,-0.086860
9,55,-0.087068
24,58,-0.087112
33,48,-0.087131
13,63,-0.087249
24,55,-0.087272
25,51,-0.087287
34,65,-0.087434
40,81,-0.087494
24,76,-0.087501
11,75,-0.087574
16,49,-0.087635
13,69,-0.087720
13,68,-0.087793
37,57,-0.087818
14,71,-0.087867
30,44,-0.087922
23,70,-0.087925
8,54,-0.087969
33,58,-0.087974
14,51,-0.088057
30,58,-0.088327
6,64,-0.088371
9,53,-0.088391
44,68,-0.088396
6,76,-0.088416
24,63,-0.088490
19,63,-0.088498
6,56,-0.088538
18,68,-0.088546
27,69,-0.088561
28,58,-0.088594
22,64,-0.088671
8,77,-0.088698
8,78,-0.088698
31,65,-0.088700
23,74,-0.088733
35,68,-0.088788
13,74,-0.088864
29,61,-0.088924
16,73,-0.088930
9,51,-0.088993
17,57,-0.089011
5,67,-0.089139
23,60,-0.089278
19,52,-0.089291
12,56,-0.089333
14,57,-0.089392
11,55,-0.089533
8,75,-0.089624
29,53,-0.089677
29,65,-0.089737
18,51,-0.089791
38,51,-0.089795
23,59,-0.089851
25,50,-0.089875
15,57,-0.089910
40,79,-0.090050
23,50,-0.090161
12,58,-0.090199
28,60,-0.090214
15,73,-0.090389
20,49,-0.090408
38,59,-0.090455
14,48,-0.090629
37,58,-0.090631
15,51,-0.090643
17,54,-0.090756
16,51,-0.090811
13,52,-0.090993
19,50,-0.091317
21,46,-0.091376
32,76,-0.091603
15,47,-0.091860
31,78,-0.091917
31,77,-0.091917
12,60,-0.091917
23,56,-0.092016
13,53,-0.092026
16,55,-0.092053
9,63,-0.092109
17,56,-0.092157
22,54,-0.092493
15,70,-0.092518
24,72,-0.092563
31,57,-0.092588
13,54,-0.092616
30,51,-0.092647
17,55,-0.092836
5,65,-0.092840
23,66,-0.092932
24,77,-0.093149
24,78,-0.093149
8,49,-0.093252
31,51,-0.093473
17,65,-0.093763
15,42,-0.093801
34,79,-0.093937
19,57,-0.094007
40,68,-0.094034
35,58,-0.094213
3,34,-0.094266
2,28,-0.094290
8,73,-0.094302
11,79,-0.094334
12,66,-0.094334
11,60,-0.094343
23,80,-0.094449
11,76,-0.094656
17,67,-0.094731
35,64,-0.094801
14,54,-0.094823
3,32,-0.094959
24,65,-0.095030
24,67,-0.095116
9,49,-0.095204
10,66,-0.095277
16,66,-0.095294
7,70,-0.095312
34,60,-0.095334
15,46,-0.095430
15,69,-0.095480
38,62,-0.095541
13,75,-0.095652
16,53,-0.095671
13,65,-0.095698
15,60,-0.095918
13,76,-0.095954
12,79,-0.095971
8,67,-0.095985
16,61,-0.095992
15,67,-0.096045
2,34,-0.096128
28,62,-0.096142
24,71,-0.096223
5,71,-0.096389
1,24,-0.096394
15,65,-0.096415
34,75,-0.096460
2,25,-0.096507
9,65,-0.096511
9,66,-0.096613
22,56,-0.096615
16,54,-0.096673
9,78,-0.096900
9,77,-0.096900
22,58,-0.097044
21,65,-0.097159
13,67,-0.097410
9,62,-0.097435
13,57,-0.097513
35,74,-0.097835
5,57,-0.097864
19,54,-0.097928
9,56,-0.097932
35,50,-0.097960
10,73,-0.098113
11,57,-0.098259
8,65,-0.098261
15,62,-0.098485
33,45,-0.098583
33,47,-0.098599
5,76,-0.098606
2,37,-0.098897
16,63,-0.098940
23,62,-0.099052
31,76,-0.099144
17,78,-0.099422
17,77,-0.099422
23,47,-0.099637
32,51,-0.099642
1,28,-0.099794
9,74,-0.100204
12,47,-0.100372
27,59,-0.100375
29,60,-0.100480
18,47,-0.100539
23,64,-0.100620
28,69,-0.100736
9,71,-0.100747
25,57,-0.100868
10,75,-0.100881
35,60,-0.101015
30,41,-0.101172
3,35,-0.101381
19,55,-0.101520
8,70,-0.101522
12,59,-0.101599
22,49,-0.101663
15,71,-0.102180
31,80,-0.102271
40,59,-0.102274
25,58,-0.102353
11,51,-0.102577
16,56,-0.102762
15,49,-0.103030
9,67,-0.103120
12,64,-0.103127
19,72,-0.103386
12,81,-0.103396
15,56,-0.103798
31,52,-0.103953
11,62,-0.104294
8,57,-0.104566
4,31,-0.104696
12,61,-0.104710
13,47,-0.105011
7,80,-0.105076
21,44,-0.105095
8,74,-0.105250
34,73,-0.105256
13,64,-0.105637
27,81,-0.105729
13,50,-0.105815
31,62,-0.105960
2,32,-0.106185
28,70,-0.106370
12,74,-0.106393
13,71,-0.106900
14,58,-0.107032
12,76,-0.107240
28,59,-0.107290
11,70,-0.107511
38,70,-0.107572
38,80,-0.108035
15,66,-0.108088
13,48,-0.108343
17,58,-0.108441
13,66,-0.108778
37,50,-0.109114
8,58,-0.109155
8,76,-0.109296
13,55,-0.109790
31,47,-0.110633
15,64,-0.110759
32,50,-0.110804
11,68,-0.111484
8,60,-0.111578
28,47,-0.111645
31,61,-0.112087
29,80,-0.112149
28,68,-0.112568
10,80,-0.112658
37,62,-0.112791
28,79,-0.112831
12,57,-0.112904
32,69,-0.113453
10,64,-0.113590
12,80,-0.113772
10,56,-0.114236
32,70,-0.114487
13,49,-0.114584
17,75,-0.115047
32,62,-0.115686
15,74,-0.116350
17,62,-0.117054
23,61,-0.117064
30,43,-0.117728
30,42,-0.117901
2,38,-0.118184
37,80,-0.118352
17,51,-0.118894
13,60,-0.119505
30,45,-0.120185
25,62,-0.120221
11,74,-0.120393
17,50,-0.120547
30,74,-0.120565
13,56,-0.121129
32,68,-0.121283
25,42,-0.122905
38,79,-0.123196
10,51,-0.123452
10,58,-0.123741
37,79,-0.123768
28,61,-0.124154
10,47,-0.124658
11,69,-0.125938
25,80,-0.126581
17,76,-0.127295
10,68,-0.127304
38,69,-0.127561
10,50,-0.127698
11,59,-0.128429
37,70,-0.129128
32,57,-0.130444
10,81,-0.130771
13,51,-0.130981
32,74,-0.130987
38,81,-0.131191
37,60,-0.131974
38,74,-0.132107
25,79,-0.132803
37,81,-0.133007
10,62,-0.135639
37,59,-0.135672
10,69,-0.137338
25,70,-0.137418
10,79,-0.138242
32,80,-0.141072
38,68,-0.141699
25,81,-0.142380
32,81,-0.142882
37,74,-0.143356
11,47,-0.143479
10,57,-0.144743
17,47,-0.145559
10,70,-0.145826
37,68,-0.146857
32,79,-0.147288
25,60,-0.147936
10,74,-0.148110
10,60,-0.148157
32,60,-0.149692
37,69,-0.151429
25,59,-0.152171
25,74,-0.152296
10,61,-0.152867
32,59,-0.154795
25,68,-0.156567
25,69,-0.160350
10,59,-0.169493
