30,52,0.258774
46,108,0.241589
28,43,0.236741
4,97,0.236093
95,108,0.235045
76,84,0.221441
14,72,0.215546
76,87,0.212125
71,108,0.197688
21,22,0.184467
49,72,0.182774
1,2,0.182746
20,71,0.181193
84,87,0.180746
21,52,0.180099
71,95,0.175911
14,49,0.172853
46,95,0.172144
7,91,0.168732
49,89,0.163150
17,26,0.162541
52,91,0.158347
21,26,0.158016
26,38,0.157228
26,36,0.157183
71,72,0.156991
58,71,0.154010
20,108,0.153829
15,17,0.150363
22,26,0.147097
14,73,0.146299
46,71,0.144895
33,37,0.144692
20,28,0.140776
29,31,0.140084
18,21,0.139662
40,77,0.138198
21,38,0.137916
14,89,0.137814
7,52,0.137086
36,38,0.136744
25,36,0.134269
18,36,0.133461
22,36,0.133353
58,73,0.132793
18,32,0.132485
58,72,0.130950
18,22,0.129907
18,26,0.127208
18,38,0.126803
72,94,0.126025
43,87,0.125824
43,58,0.125690
21,36,0.125624
19,34,0.125441
19,23,0.124964
72,73,0.124410
25,34,0.121071
14,94,0.120560
52,57,0.119428
7,74,0.119359
32,34,0.119019
74,91,0.118555
53,94,0.117839
21,30,0.115981
22,38,0.115810
43,71,0.115791
25,32,0.113905
58,89,0.112888
13,109,0.112222
14,58,0.112034
20,46,0.110902
17,36,0.110432
71,73,0.110430
13,50,0.109975
27,102,0.109799
15,22,0.109305
25,26,0.108391
15,18,0.108263
21,49,0.107771
5,76,0.106948
76,85,0.105112
37,65,0.104877
57,91,0.104511
49,61,0.103170
53,61,0.102947
68,96,0.102751
15,26,0.102312
23,32,0.102305
49,53,0.102286
43,89,0.102095
23,57,0.102008
48,65,0.101322
47,50,0.101181
31,98,0.100977
33,39,0.100800
83,86,0.100791
65,90,0.100763
17,38,0.100532
19,22,0.099766
28,33,0.099747
17,18,0.099555
15,36,0.099366
43,108,0.098806
9,67,0.098695
74,84,0.098613
72,89,0.098603
4,21,0.098448
48,92,0.098090
29,98,0.097079
5,85,0.096657
73,89,0.096549
49,73,0.096533
19,25,0.096441
9,13,0.096141
54,104,0.095594
50,109,0.095514
90,102,0.094804
53,72,0.094801
24,33,0.094726
26,32,0.093613
19,32,0.092924
21,25,0.092662
27,90,0.092611
32,36,0.092334
49,71,0.092179
9,39,0.092051
69,94,0.091835
9,109,0.091378
98,100,0.091232
97,107,0.091051
14,71,0.091012
61,94,0.090618
14,43,0.090018
26,34,0.089748
67,107,0.089593
34,35,0.089389
52,74,0.089186
19,36,0.089024
7,23,0.088891
65,92,0.088315
23,74,0.087792
50,69,0.087229
97,104,0.087145
17,22,0.087093
47,49,0.086446
104,109,0.086140
23,26,0.085927
23,25,0.085912
39,109,0.085676
57,74,0.085330
1,75,0.085290
17,21,0.084648
20,95,0.084540
28,84,0.084474
23,36,0.082448
36,88,0.082390
54,109,0.081753
8,75,0.081485
41,96,0.081401
1,98,0.081370
93,96,0.081175
59,106,0.081133
28,37,0.081054
57,84,0.080792
37,90,0.080318
70,109,0.079902
23,34,0.079602
45,94,0.079598
15,21,0.079570
10,19,0.079458
70,74,0.079415
40,59,0.079268
50,94,0.079198
31,100,0.079117
10,13,0.078272
24,37,0.078203
49,94,0.077884
39,50,0.077785
42,103,0.077560
2,6,0.077539
18,23,0.077492
23,52,0.076637
43,76,0.076637
43,72,0.076394
71,76,0.076252
23,91,0.076248
1,31,0.076217
66,92,0.076151
39,55,0.075891
7,57,0.075867
27,37,0.075755
19,68,0.075411
53,83,0.075398
24,30,0.075227
72,75,0.074720
55,102,0.074552
29,100,0.074504
71,89,0.074403
74,109,0.074342
11,85,0.074096
43,49,0.074086
95,109,0.074079
47,69,0.073809
58,95,0.073718
55,79,0.073522
73,109,0.073423
13,47,0.073369
25,60,0.073175
13,104,0.073076
9,50,0.073042
68,93,0.072977
48,66,0.072690
49,58,0.072534
13,95,0.072247
22,25,0.072157
10,109,0.071961
41,93,0.071466
16,20,0.071060
8,11,0.071049
99,100,0.070912
47,109,0.070666
65,66,0.070650
1,29,0.070646
55,105,0.070580
15,109,0.070535
28,87,0.070268
16,64,0.070173
27,55,0.070136
101,105,0.070106
65,98,0.069748
18,19,0.069574
24,35,0.069415
28,40,0.069321
13,73,0.069171
30,35,0.068917
19,21,0.068912
33,105,0.068902
22,23,0.068816
84,91,0.068809
32,38,0.068555
21,23,0.067889
75,88,0.067812
23,84,0.067599
16,38,0.067441
37,40,0.067243
14,53,0.066916
52,84,0.066915
98,107,0.066783
10,70,0.066684
13,70,0.066543
13,72,0.066501
55,83,0.066239
71,109,0.065950
65,102,0.065835
72,109,0.065680
13,54,0.065669
11,68,0.065661
21,32,0.065540
30,59,0.064958
18,25,0.064817
72,104,0.064794
38,64,0.064788
77,78,0.064571
30,34,0.064440
37,102,0.064375
75,76,0.064077
27,39,0.064005
18,34,0.063882
50,84,0.063856
13,14,0.063845
37,92,0.063845
63,90,0.063444
4,103,0.063317
67,98,0.063223
13,39,0.063201
40,78,0.063006
41,54,0.062986
30,106,0.062900
63,66,0.062645
34,107,0.062479
22,32,0.062476
90,101,0.062467
10,50,0.062247
21,61,0.062012
35,38,0.061832
55,101,0.061829
63,92,0.061771
69,109,0.061656
27,65,0.061424
4,60,0.061363
77,101,0.061348
7,84,0.061166
84,95,0.060742
9,47,0.060715
81,106,0.060698
31,65,0.060586
24,79,0.060544
27,31,0.060541
25,97,0.060533
29,107,0.060451
9,85,0.060226
54,97,0.060051
16,27,0.060031
61,85,0.059860
48,90,0.059822
25,107,0.059671
22,34,0.059481
6,81,0.059372
43,73,0.059293
96,103,0.059283
22,109,0.059259
43,46,0.058972
33,55,0.058879
54,70,0.058864
58,107,0.058805
20,43,0.058768
87,98,0.058562
21,94,0.058486
55,86,0.058463
79,81,0.058400
8,20,0.058393
13,71,0.058383
18,57,0.058241
96,97,0.058121
70,91,0.058077
3,62,0.057968
33,101,0.057713
7,53,0.057710
53,98,0.057678
41,79,0.057522
13,67,0.057354
13,69,0.057349
1,65,0.057305
77,81,0.057176
28,30,0.057009
9,72,0.056938
31,33,0.056850
28,32,0.056714
58,98,0.056712
12,56,0.056628
44,89,0.056599
7,42,0.056559
13,94,0.056453
9,71,0.056269
53,86,0.056245
7,8,0.056137
19,26,0.056056
23,85,0.055959
74,103,0.055904
29,67,0.055872
9,95,0.055857
27,29,0.055730
29,65,0.055584
46,61,0.055454
62,99,0.055452
34,36,0.055426
16,42,0.055336
79,87,0.055286
14,108,0.055272
6,56,0.055194
72,97,0.055082
31,107,0.054984
10,72,0.054967
37,39,0.054958
44,49,0.054861
14,20,0.054832
20,42,0.054779
1,100,0.054711
3,53,0.054645
13,22,0.054638
26,56,0.054573
7,44,0.054569
40,101,0.054523
73,95,0.054514
25,67,0.054491
10,73,0.054283
5,64,0.054245
47,94,0.054132
78,81,0.054036
20,58,0.053902
9,104,0.053872
40,81,0.053848
94,109,0.053847
28,108,0.053846
63,83,0.053838
29,33,0.053559
55,98,0.053529
13,74,0.053520
37,77,0.053506
7,98,0.053484
84,109,0.053344
22,69,0.053240
66,80,0.053207
56,78,0.053072
55,90,0.053008
37,63,0.052970
3,100,0.052912
13,15,0.052903
79,106,0.052611
72,95,0.052205
18,35,0.052116
70,96,0.051982
2,95,0.051946
14,50,0.051944
75,98,0.051926
39,105,0.051905
28,77,0.051869
44,97,0.051539
67,93,0.051384
13,108,0.051318
8,44,0.051238
79,102,0.051190
30,38,0.051180
31,67,0.051098
39,102,0.050916
20,68,0.050741
82,89,0.050723
10,99,0.050587
61,72,0.050562
8,42,0.050492
68,95,0.050457
24,31,0.050410
5,16,0.050286
50,70,0.050198
83,102,0.050078
39,79,0.050000
50,104,0.049959
48,100,0.049507
8,58,0.049469
24,81,0.049466
10,15,0.049458
31,87,0.049367
6,106,0.049283
24,93,0.049170
5,8,0.049041
11,19,0.048985
54,72,0.048938
39,70,0.048867
8,98,0.048866
11,106,0.048701
37,101,0.048642
51,105,0.048641
2,52,0.048478
14,61,0.048470
15,38,0.048450
20,89,0.048398
62,80,0.048343
1,105,0.048190
9,73,0.048170
19,38,0.048144
45,61,0.048128
32,37,0.048125
104,107,0.048034
10,68,0.048023
63,80,0.047940
12,46,0.047875
15,47,0.047861
60,85,0.047747
68,104,0.047716
24,41,0.047616
24,29,0.047545
39,104,0.047503
45,66,0.047462
31,53,0.047448
63,65,0.047412
88,102,0.047384
17,34,0.047276
4,74,0.047215
59,77,0.047184
39,53,0.047175
41,101,0.047130
2,35,0.047127
6,64,0.047126
5,75,0.047119
44,67,0.047119
69,95,0.047058
3,60,0.046945
44,45,0.046924
40,65,0.046708
21,60,0.046593
30,33,0.046538
8,68,0.046483
66,90,0.046239
42,58,0.046231
50,73,0.046199
50,78,0.046155
31,58,0.046116
27,79,0.046043
60,68,0.046012
102,105,0.045906
25,37,0.045819
75,105,0.045819
39,54,0.045748
79,83,0.045571
33,40,0.045536
3,17,0.045475
44,94,0.045390
56,60,0.045259
24,34,0.045220
45,63,0.045183
13,61,0.045177
33,51,0.045175
31,55,0.045153
43,84,0.045141
14,93,0.045076
27,88,0.044991
11,88,0.044980
20,73,0.044962
27,83,0.044932
8,71,0.044849
69,83,0.044837
15,70,0.044788
24,87,0.044737
50,54,0.044707
38,99,0.044622
79,105,0.044612
31,75,0.044597
68,106,0.044499
42,96,0.044472
72,76,0.044458
27,105,0.044388
63,101,0.044349
23,61,0.044331
7,31,0.044281
19,28,0.044223
16,35,0.044190
59,78,0.043958
12,99,0.043938
14,69,0.043885
39,47,0.043876
2,84,0.043766
35,57,0.043761
42,81,0.043688
54,93,0.043678
60,76,0.043600
60,78,0.043576
67,108,0.043545
1,101,0.043475
29,87,0.043392
2,64,0.043330
70,104,0.043283
72,87,0.043263
37,66,0.043228
2,5,0.043227
1,59,0.043187
1,103,0.043096
48,63,0.043085
80,83,0.043077
77,86,0.043066
3,30,0.043031
16,30,0.043001
31,37,0.042959
44,96,0.042797
3,80,0.042651
50,95,0.042639
44,63,0.042605
12,64,0.042589
9,70,0.042560
21,53,0.042532
3,92,0.042458
1,76,0.042449
63,102,0.042434
14,44,0.042199
8,65,0.042076
39,83,0.042060
29,55,0.042023
47,104,0.041993
78,86,0.041991
39,101,0.041920
54,73,0.041902
31,39,0.041827
35,76,0.041751
12,68,0.041581
57,96,0.041577
6,16,0.041385
29,70,0.041319
69,104,0.041318
5,12,0.041297
23,38,0.041233
47,61,0.041218
60,62,0.041206
90,92,0.041172
13,84,0.041159
42,86,0.041022
27,63,0.040989
13,93,0.040978
90,105,0.040924
19,96,0.040727
8,59,0.040690
42,98,0.040652
21,34,0.040451
49,50,0.040450
88,90,0.040443
9,105,0.040436
96,104,0.040434
63,82,0.040430
56,92,0.040417
65,100,0.040417
29,58,0.040393
27,33,0.040392
7,103,0.040332
26,47,0.040288
45,69,0.040238
15,54,0.040227
43,83,0.040199
9,11,0.040149
10,71,0.040128
10,94,0.040098
4,87,0.040084
2,16,0.039971
77,92,0.039951
54,96,0.039903
12,60,0.039874
87,97,0.039762
47,70,0.039753
77,105,0.039752
15,25,0.039660
2,28,0.039641
62,64,0.039582
8,10,0.039502
1,55,0.039461
33,35,0.039441
10,56,0.039419
60,106,0.039326
75,93,0.039250
78,105,0.039223
29,37,0.039161
8,31,0.038912
47,72,0.038874
41,44,0.038862
89,108,0.038854
76,108,0.038829
4,42,0.038770
88,93,0.038715
13,49,0.038669
60,61,0.038658
10,34,0.038632
9,54,0.038623
25,33,0.038590
79,93,0.038571
71,94,0.038434
79,88,0.038410
107,108,0.038399
3,88,0.038371
45,47,0.038363
42,64,0.038353
44,68,0.038343
39,72,0.038337
46,68,0.038313
61,62,0.038287
74,104,0.038218
39,84,0.038202
16,24,0.038186
66,69,0.038185
40,86,0.038142
63,77,0.038046
92,100,0.037997
64,103,0.037930
17,80,0.037914
82,86,0.037905
48,99,0.037897
35,82,0.037890
13,44,0.037855
44,69,0.037845
48,69,0.037769
16,17,0.037740
21,72,0.037733
60,86,0.037685
6,84,0.037672
44,82,0.037629
41,81,0.037627
86,102,0.037610
100,107,0.037587
97,101,0.037510
7,89,0.037505
6,30,0.037417
54,69,0.037411
3,48,0.037256
51,101,0.037238
103,105,0.037229
3,83,0.037211
54,107,0.037180
41,87,0.037174
8,85,0.037137
10,107,0.037131
81,105,0.037108
15,50,0.037051
5,36,0.037046
73,104,0.037019
12,78,0.037018
22,54,0.037015
29,53,0.036986
76,103,0.036975
20,49,0.036855
28,71,0.036855
77,93,0.036826
11,34,0.036742
35,107,0.036732
42,77,0.036706
10,54,0.036590
85,86,0.036579
83,105,0.036574
19,93,0.036560
5,38,0.036515
29,75,0.036509
14,109,0.036499
1,33,0.036421
79,86,0.036418
5,103,0.036367
57,82,0.036309
101,102,0.036294
101,104,0.036189
14,67,0.035991
22,50,0.035983
4,80,0.035810
41,68,0.035776
47,54,0.035773
17,92,0.035739
59,105,0.035718
73,94,0.035699
27,101,0.035696
1,9,0.035677
5,35,0.035670
44,47,0.035660
45,80,0.035497
11,16,0.035490
57,68,0.035461
86,106,0.035445
47,73,0.035400
7,106,0.035389
11,81,0.035358
10,11,0.035353
10,47,0.035342
63,86,0.035322
23,46,0.035293
40,92,0.035252
59,81,0.035237
54,74,0.035150
81,86,0.035128
60,97,0.035126
65,101,0.035073
67,100,0.035001
79,101,0.034973
10,20,0.034930
3,106,0.034888
33,102,0.034879
36,62,0.034816
67,78,0.034758
5,71,0.034667
19,107,0.034630
33,75,0.034589
16,102,0.034554
98,102,0.034553
6,62,0.034541
8,106,0.034463
80,103,0.034399
41,104,0.034384
30,40,0.034369
9,25,0.034357
16,99,0.034179
47,74,0.034120
26,45,0.034111
55,100,0.033965
28,76,0.033946
25,38,0.033943
13,75,0.033919
22,95,0.033909
50,67,0.033905
75,101,0.033889
24,91,0.033836
80,102,0.033821
95,104,0.033759
34,44,0.033688
33,79,0.033655
6,86,0.033636
20,76,0.033633
64,81,0.033622
3,66,0.033549
62,66,0.033542
42,53,0.033514
17,30,0.033507
80,92,0.033471
59,85,0.033447
39,86,0.033420
79,98,0.033402
39,98,0.033315
28,99,0.033267
24,105,0.033253
29,39,0.033242
12,45,0.033229
41,70,0.033168
44,93,0.033092
98,105,0.032996
15,39,0.032903
62,88,0.032862
45,73,0.032837
16,56,0.032832
5,88,0.032798
40,63,0.032796
54,95,0.032740
30,81,0.032720
51,81,0.032693
32,35,0.032682
8,61,0.032674
73,84,0.032639
58,62,0.032609
55,75,0.032533
51,103,0.032513
67,76,0.032480
67,95,0.032424
6,42,0.032421
1,28,0.032404
75,108,0.032375
70,103,0.032360
59,99,0.032347
31,42,0.032288
58,76,0.032274
27,86,0.032223
40,105,0.032095
21,56,0.032075
43,102,0.032067
41,97,0.032055
35,95,0.032010
37,48,0.031979
100,106,0.031943
71,84,0.031925
6,77,0.031908
48,53,0.031876
3,99,0.031844
63,69,0.031827
65,77,0.031799
14,95,0.031750
62,82,0.031730
10,12,0.031720
62,85,0.031694
17,48,0.031676
51,59,0.031637
62,86,0.031628
44,108,0.031473
50,71,0.031429
97,106,0.031421
14,22,0.031385
3,85,0.031371
64,92,0.031366
28,78,0.031340
32,69,0.031339
27,80,0.031329
24,51,0.031324
34,38,0.031318
50,72,0.031317
108,109,0.031274
16,86,0.031272
55,78,0.031250
50,51,0.031142
43,80,0.031107
61,82,0.031096
2,81,0.031085
9,75,0.031046
4,66,0.031010
21,50,0.031000
75,103,0.030986
66,83,0.030971
60,67,0.030933
39,41,0.030917
38,76,0.030907
2,4,0.030899
91,99,0.030855
13,25,0.030833
64,80,0.030767
11,42,0.030749
9,55,0.030708
17,64,0.030647
21,47,0.030617
8,29,0.030616
95,100,0.030616
43,85,0.030465
62,63,0.030429
40,98,0.030427
2,62,0.030426
1,72,0.030233
11,30,0.030185
15,32,0.030165
93,104,0.030141
53,60,0.030091
7,11,0.030086
25,94,0.030039
23,76,0.030031
11,64,0.030020
4,105,0.029968
44,90,0.029904
77,90,0.029874
45,60,0.029792
11,44,0.029766
48,80,0.029735
6,79,0.029671
39,90,0.029650
41,74,0.029631
66,101,0.029584
36,75,0.029546
66,94,0.029490
14,104,0.029476
14,28,0.029465
24,70,0.029428
12,48,0.029414
10,91,0.029404
52,92,0.029401
22,84,0.029350
58,86,0.029328
33,90,0.029314
15,104,0.029314
12,96,0.029292
22,104,0.029288
42,79,0.029263
59,75,0.029250
6,92,0.029232
73,107,0.029227
5,23,0.029223
10,93,0.029215
1,99,0.029088
40,93,0.029082
30,64,0.029071
16,52,0.029068
9,74,0.029055
15,88,0.029028
3,6,0.028980
68,85,0.028977
96,100,0.028969
93,108,0.028945
10,46,0.028942
25,88,0.028919
6,24,0.028857
1,107,0.028790
9,98,0.028687
9,29,0.028667
5,46,0.028648
11,79,0.028618
7,65,0.028583
75,87,0.028576
2,58,0.028572
34,100,0.028569
6,12,0.028538
3,45,0.028470
40,42,0.028465
14,75,0.028441
87,88,0.028422
67,68,0.028419
37,88,0.028413
55,77,0.028383
70,84,0.028371
45,56,0.028357
9,33,0.028336
9,10,0.028331
9,101,0.028310
30,56,0.028286
57,93,0.028281
12,26,0.028263
56,86,0.028240
7,83,0.028192
33,78,0.028177
29,42,0.028129
50,56,0.028127
86,105,0.028085
12,16,0.028078
87,101,0.028068
70,93,0.027954
29,76,0.027953
51,80,0.027935
3,4,0.027922
69,90,0.027922
64,99,0.027891
50,61,0.027845
74,96,0.027840
87,96,0.027837
79,90,0.027834
93,101,0.027772
83,92,0.027770
53,92,0.027738
87,106,0.027721
12,42,0.027666
37,105,0.027664
63,94,0.027656
20,35,0.027646
20,96,0.027639
59,62,0.027629
28,35,0.027540
59,107,0.027531
16,19,0.027493
7,29,0.027486
3,91,0.027399
24,88,0.027396
98,103,0.027391
26,30,0.027369
3,64,0.027329
42,55,0.027299
12,84,0.027287
45,97,0.027259
33,103,0.027219
59,60,0.027212
80,90,0.027210
54,94,0.027152
63,89,0.027151
76,98,0.027136
31,102,0.027129
78,101,0.027074
81,99,0.027056
6,58,0.027049
3,15,0.027048
55,106,0.027035
27,43,0.027004
41,88,0.026999
33,38,0.026983
6,26,0.026976
59,98,0.026973
56,64,0.026953
42,99,0.026854
68,97,0.026848
33,81,0.026832
51,55,0.026819
3,36,0.026791
53,58,0.026759
25,31,0.026757
53,69,0.026736
47,71,0.026731
31,105,0.026673
48,83,0.026656
16,106,0.026655
33,83,0.026639
94,97,0.026633
94,104,0.026629
83,101,0.026625
6,40,0.026576
54,57,0.026570
78,83,0.026570
83,90,0.026569
68,99,0.026564
2,42,0.026523
77,83,0.026521
19,99,0.026500
59,97,0.026485
1,40,0.026457
46,93,0.026445
17,24,0.026401
15,34,0.026395
6,48,0.026390
44,72,0.026382
3,63,0.026374
2,91,0.026364
51,77,0.026355
67,85,0.026330
35,56,0.026319
53,100,0.026318
48,52,0.026295
68,73,0.026224
4,79,0.026171
34,108,0.026167
25,35,0.026164
42,78,0.026124
83,98,0.026119
47,67,0.026101
60,100,0.026025
17,66,0.026024
31,79,0.026022
4,70,0.025989
33,77,0.025957
13,34,0.025955
24,98,0.025889
11,36,0.025848
4,55,0.025847
6,17,0.025705
32,44,0.025704
53,109,0.025692
33,41,0.025690
16,91,0.025609
92,101,0.025601
69,86,0.025581
9,88,0.025575
9,94,0.025550
16,31,0.025527
57,97,0.025513
65,75,0.025447
48,94,0.025405
41,105,0.025387
35,64,0.025384
52,64,0.025377
48,57,0.025371
7,63,0.025336
42,68,0.025326
55,81,0.025292
11,99,0.025277
33,59,0.025277
12,61,0.025253
37,38,0.025253
45,78,0.025206
6,52,0.025200
40,41,0.025189
68,100,0.025158
101,103,0.025138
46,56,0.025124
17,32,0.025079
98,101,0.025047
85,100,0.025028
27,98,0.024961
6,22,0.024942
81,101,0.024938
64,106,0.024936
79,96,0.024899
77,106,0.024871
77,104,0.024811
18,41,0.024773
82,83,0.024773
79,103,0.024769
4,24,0.024744
65,76,0.024687
3,5,0.024653
30,100,0.024642
28,96,0.024594
8,22,0.024588
8,102,0.024569
59,65,0.024545
74,105,0.024475
6,35,0.024456
19,72,0.024372
30,99,0.024321
107,109,0.024294
5,52,0.024260
2,12,0.024233
29,105,0.024222
1,39,0.024216
12,103,0.024202
24,101,0.024154
23,30,0.024131
53,63,0.024101
80,86,0.024030
56,106,0.024018
54,79,0.024003
17,63,0.023982
4,96,0.023976
1,8,0.023966
8,13,0.023919
89,107,0.023905
4,101,0.023895
35,58,0.023840
14,54,0.023688
60,83,0.023656
45,90,0.023611
10,104,0.023602
76,93,0.023582
10,75,0.023504
59,101,0.023489
61,109,0.023469
1,3,0.023469
2,79,0.023423
11,86,0.023420
10,74,0.023373
29,102,0.023344
75,100,0.023338
12,50,0.023338
30,37,0.023304
7,100,0.023292
34,93,0.023277
2,100,0.023263
11,73,0.023248
19,73,0.023239
32,67,0.023187
14,97,0.023167
42,48,0.023161
28,46,0.023116
47,89,0.023113
16,58,0.023090
8,108,0.023083
42,83,0.023057
69,80,0.023041
46,85,0.023009
80,91,0.023004
51,62,0.022996
46,84,0.022948
70,95,0.022924
25,29,0.022919
9,78,0.022914
55,67,0.022910
66,102,0.022872
21,69,0.022859
91,103,0.022842
17,91,0.022826
26,35,0.022819
40,73,0.022813
31,40,0.022803
2,85,0.022800
13,68,0.022787
13,78,0.022737
18,82,0.022733
45,87,0.022726
44,54,0.022705
50,74,0.022690
32,45,0.022646
24,38,0.022623
8,76,0.022611
12,93,0.022590
2,56,0.022546
6,21,0.022544
11,96,0.022512
12,94,0.022507
5,18,0.022490
70,73,0.022449
12,62,0.022389
75,78,0.022376
17,35,0.022328
52,99,0.022313
66,103,0.022305
45,48,0.022292
17,83,0.022287
2,38,0.022284
20,72,0.022212
22,94,0.022204
4,6,0.022203
87,108,0.022153
31,103,0.022114
40,51,0.022111
49,75,0.022110
56,91,0.022104
67,109,0.022100
19,20,0.022081
63,105,0.022075
1,53,0.022073
42,62,0.022072
42,106,0.022072
9,107,0.022059
64,86,0.022042
44,107,0.022012
47,85,0.022002
29,79,0.021977
59,80,0.021971
4,62,0.021965
7,49,0.021965
3,18,0.021962
61,69,0.021948
42,74,0.021939
9,31,0.021921
39,69,0.021907
68,72,0.021901
15,35,0.021889
3,87,0.021815
15,82,0.021788
34,46,0.021787
41,90,0.021782
67,105,0.021777
6,80,0.021763
47,84,0.021761
95,96,0.021761
31,59,0.021749
72,108,0.021719
39,75,0.021709
45,83,0.021695
5,61,0.021683
38,81,0.021680
48,103,0.021660
24,106,0.021649
46,82,0.021607
14,68,0.021577
41,95,0.021544
2,24,0.021518
98,106,0.021517
50,75,0.021513
3,81,0.021512
51,99,0.021451
4,30,0.021448
12,73,0.021433
47,60,0.021414
62,102,0.021385
11,46,0.021382
18,93,0.021350
53,67,0.021346
18,96,0.021327
35,96,0.021323
29,74,0.021303
81,88,0.021291
53,107,0.021278
43,86,0.021246
44,101,0.021236
55,103,0.021211
27,66,0.021179
54,101,0.021158
49,82,0.021149
78,99,0.021130
40,90,0.021100
7,55,0.021079
10,95,0.021027
77,99,0.020985
16,62,0.020973
50,60,0.020968
40,83,0.020923
73,93,0.020907
2,3,0.020896
6,99,0.020891
24,103,0.020881
47,62,0.020803
9,49,0.020800
20,87,0.020797
51,63,0.020742
65,107,0.020722
37,93,0.020712
10,23,0.020708
39,67,0.020681
37,51,0.020677
42,60,0.020673
35,41,0.020671
1,49,0.020645
5,11,0.020597
50,93,0.020561
32,33,0.020556
15,74,0.020540
8,82,0.020536
6,57,0.020536
88,99,0.020520
28,95,0.020516
96,101,0.020503
45,50,0.020482
94,103,0.020454
51,78,0.020366
15,49,0.020354
82,102,0.020263
28,42,0.020197
17,62,0.020190
58,100,0.020183
59,86,0.020156
62,81,0.020151
54,106,0.020123
17,27,0.020112
4,91,0.020112
10,88,0.020095
35,52,0.020080
13,107,0.020065
46,73,0.020038
55,59,0.020030
54,68,0.020010
1,7,0.019951
9,61,0.019946
47,95,0.019938
17,37,0.019925
51,75,0.019905
32,93,0.019902
43,66,0.019896
54,87,0.019893
49,109,0.019873
61,71,0.019817
80,105,0.019793
37,80,0.019779
57,92,0.019773
22,73,0.019749
20,82,0.019712
16,29,0.019592
61,67,0.019562
82,90,0.019562
9,53,0.019561
89,97,0.019555
71,85,0.019543
2,21,0.019497
31,101,0.019491
56,82,0.019485
3,16,0.019484
58,64,0.019474
51,91,0.019427
36,99,0.019391
42,70,0.019365
31,83,0.019358
32,88,0.019286
54,92,0.019238
29,40,0.019220
34,73,0.019214
35,89,0.019213
69,84,0.019193
79,100,0.019139
40,55,0.019119
48,102,0.019108
8,27,0.019063
9,84,0.019058
13,76,0.019057
81,87,0.019052
2,92,0.019045
46,57,0.018978
48,79,0.018951
19,56,0.018951
31,76,0.018941
70,79,0.018915
4,27,0.018883
83,106,0.018836
17,99,0.018832
69,92,0.018747
57,64,0.018697
71,104,0.018697
81,83,0.018669
5,96,0.018666
57,99,0.018660
81,103,0.018635
20,61,0.018631
59,100,0.018627
13,23,0.018624
45,53,0.018604
27,82,0.018593
51,64,0.018592
56,58,0.018585
18,28,0.018584
2,103,0.018571
19,67,0.018537
80,82,0.018522
18,37,0.018522
12,38,0.018517
79,85,0.018508
30,61,0.018449
20,30,0.018415
77,98,0.018404
92,102,0.018388
7,107,0.018328
33,86,0.018321
30,46,0.018319
16,18,0.018308
4,33,0.018294
92,104,0.018258
37,41,0.018246
67,89,0.018237
24,55,0.018223
4,102,0.018180
78,82,0.018169
97,108,0.018148
59,64,0.018112
65,95,0.018104
27,62,0.018082
52,70,0.018077
24,40,0.018077
64,66,0.018069
29,103,0.018057
86,98,0.018055
55,97,0.018046
41,57,0.018023
39,74,0.017994
40,104,0.017975
43,45,0.017964
5,13,0.017940
49,78,0.017926
16,85,0.017895
2,48,0.017883
12,57,0.017879
38,106,0.017856
11,59,0.017849
45,92,0.017847
28,56,0.017841
8,93,0.017825
41,67,0.017822
10,42,0.017814
39,40,0.017813
86,101,0.017789
11,43,0.017781
8,23,0.017753
56,81,0.017740
14,101,0.017669
18,107,0.017645
21,41,0.017632
60,94,0.017607
10,36,0.017596
49,67,0.017582
99,103,0.017556
24,77,0.017545
51,79,0.017532
24,28,0.017531
81,93,0.017491
46,64,0.017452
6,95,0.017410
77,82,0.017404
10,57,0.017391
65,93,0.017379
36,106,0.017358
38,52,0.017344
14,32,0.017341
5,108,0.017329
16,26,0.017320
26,69,0.017313
56,67,0.017301
14,96,0.017298
47,78,0.017245
6,78,0.017234
64,91,0.017225
65,87,0.017222
36,81,0.017182
26,78,0.017169
80,94,0.017164
47,80,0.017139
51,102,0.017111
3,61,0.017108
87,100,0.017090
15,41,0.017069
22,56,0.017039
69,101,0.017038
79,91,0.017025
52,95,0.017001
56,77,0.016941
25,65,0.016923
29,59,0.016881
36,85,0.016871
18,86,0.016864
4,85,0.016831
4,5,0.016829
29,101,0.016824
32,92,0.016789
27,92,0.016763
2,30,0.016761
45,72,0.016753
65,103,0.016753
58,84,0.016747
90,98,0.016747
73,108,0.016745
53,66,0.016724
2,99,0.016723
23,107,0.016722
45,62,0.016713
6,59,0.016688
37,55,0.016616
40,106,0.016607
16,21,0.016596
41,55,0.016575
33,98,0.016555
91,92,0.016536
36,76,0.016502
99,106,0.016491
81,84,0.016439
35,70,0.016431
28,34,0.016428
62,83,0.016427
61,73,0.016426
28,70,0.016385
12,35,0.016374
6,83,0.016365
19,57,0.016364
32,41,0.016359
16,25,0.016329
57,70,0.016318
78,106,0.016316
51,74,0.016310
64,82,0.016307
32,107,0.016300
12,21,0.016298
53,71,0.016290
2,17,0.016276
26,50,0.016260
13,46,0.016236
11,20,0.016231
83,85,0.016191
50,108,0.016186
13,32,0.016165
25,104,0.016163
51,90,0.016163
3,86,0.016159
13,88,0.016142
24,67,0.016136
23,82,0.016136
62,90,0.016132
62,103,0.016131
7,102,0.016130
4,51,0.016122
5,58,0.016088
41,49,0.016086
52,87,0.016055
35,85,0.016040
43,69,0.016040
1,90,0.016027
25,98,0.016001
74,80,0.015972
13,19,0.015922
53,80,0.015892
49,108,0.015875
28,39,0.015858
82,97,0.015853
14,19,0.015851
3,25,0.015849
19,35,0.015847
1,102,0.015814
68,76,0.015772
36,37,0.015763
23,45,0.015702
51,66,0.015692
12,81,0.015679
60,98,0.015669
42,102,0.015619
25,108,0.015598
73,77,0.015593
52,56,0.015592
29,109,0.015574
8,60,0.015572
10,44,0.015558
28,38,0.015545
19,44,0.015514
55,104,0.015513
29,83,0.015509
36,64,0.015501
46,88,0.015440
82,108,0.015408
1,67,0.015408
7,48,0.015399
16,83,0.015363
3,24,0.015361
2,57,0.015342
88,108,0.015319
1,79,0.015314
52,62,0.015291
4,59,0.015273
89,96,0.015263
53,56,0.015259
55,85,0.015240
4,100,0.015231
70,89,0.015215
16,59,0.015213
28,68,0.015200
5,60,0.015197
6,66,0.015196
7,45,0.015188
44,78,0.015149
89,105,0.015119
18,45,0.015062
26,83,0.015049
27,48,0.015030
8,88,0.015025
52,63,0.015022
48,54,0.015020
15,89,0.015015
2,106,0.015010
8,100,0.014989
61,76,0.014983
100,102,0.014955
17,51,0.014942
70,107,0.014912
34,89,0.014895
35,54,0.014887
9,93,0.014872
1,27,0.014866
19,88,0.014865
5,42,0.014861
49,63,0.014817
5,93,0.014806
4,52,0.014804
76,100,0.014789
76,99,0.014786
5,87,0.014779
38,86,0.014769
8,72,0.014767
4,63,0.014761
52,66,0.014747
17,88,0.014709
5,6,0.014672
60,66,0.014666
46,99,0.014663
7,16,0.014662
43,63,0.014640
54,91,0.014638
46,96,0.014637
30,87,0.014634
3,79,0.014618
66,97,0.014616
58,85,0.014602
31,106,0.014597
66,77,0.014566
2,46,0.014550
44,75,0.014546
35,37,0.014529
5,68,0.014444
39,107,0.014442
44,50,0.014417
51,83,0.014390
56,61,0.014380
55,74,0.014371
19,94,0.014369
63,64,0.014366
4,90,0.014364
48,56,0.014341
56,83,0.014317
11,23,0.014287
61,104,0.014215
87,92,0.014208
98,99,0.014200
100,103,0.014146
10,69,0.014126
16,90,0.014106
41,107,0.014074
39,78,0.014029
7,86,0.014025
30,60,0.013978
47,91,0.013972
74,95,0.013921
33,74,0.013900
102,106,0.013896
28,73,0.013894
93,97,0.013877
48,64,0.013845
88,105,0.013826
89,91,0.013805
1,4,0.013800
57,104,0.013788
17,102,0.013772
60,80,0.013736
66,82,0.013715
48,91,0.013703
52,101,0.013643
35,46,0.013626
6,46,0.013559
30,77,0.013556
96,108,0.013519
9,108,0.013488
5,95,0.013455
40,56,0.013416
72,107,0.013406
42,91,0.013405
69,74,0.013380
104,105,0.013354
28,57,0.013336
36,46,0.013323
51,92,0.013313
5,70,0.013308
34,88,0.013298
52,58,0.013295
38,59,0.013285
10,22,0.013279
57,66,0.013278
14,45,0.013254
30,62,0.013241
58,60,0.013219
81,91,0.013205
68,92,0.013179
45,102,0.013169
64,96,0.013161
44,52,0.013145
45,49,0.013113
46,76,0.013099
80,88,0.013075
92,106,0.013072
80,99,0.013061
86,90,0.013061
9,15,0.013043
3,70,0.012959
16,76,0.012949
9,44,0.012940
67,88,0.012918
61,78,0.012915
6,38,0.012913
42,80,0.012884
42,107,0.012877
39,73,0.012864
97,105,0.012846
85,103,0.012843
32,94,0.012824
78,93,0.012824
40,82,0.012816
11,82,0.012798
85,106,0.012784
12,47,0.012766
32,95,0.012763
7,79,0.012760
99,107,0.012747
65,67,0.012730
24,54,0.012682
5,22,0.012669
53,106,0.012663
1,51,0.012629
1,88,0.012627
44,104,0.012528
24,56,0.012502
6,27,0.012493
67,97,0.012484
65,69,0.012470
32,57,0.012457
62,77,0.012451
39,94,0.012450
62,92,0.012450
4,83,0.012448
10,78,0.012443
3,43,0.012403
30,68,0.012368
25,45,0.012344
28,101,0.012332
23,108,0.012319
53,62,0.012307
12,76,0.012267
54,89,0.012236
82,92,0.012229
19,46,0.012222
7,68,0.012222
25,73,0.012197
64,76,0.012191
7,70,0.012186
26,49,0.012172
53,55,0.012163
30,92,0.012147
42,100,0.012146
6,102,0.012095
7,67,0.012087
32,48,0.012085
56,62,0.012075
43,62,0.012045
12,80,0.012036
16,79,0.012030
7,96,0.011998
41,77,0.011974
9,14,0.011972
66,104,0.011963
74,79,0.011953
10,84,0.011950
46,60,0.011934
37,104,0.011924
16,80,0.011909
38,40,0.011869
47,99,0.011866
5,79,0.011864
2,80,0.011861
90,94,0.011842
72,101,0.011829
67,73,0.011823
48,58,0.011817
70,76,0.011809
21,99,0.011798
67,104,0.011797
27,51,0.011792
83,100,0.011776
31,77,0.011776
55,63,0.011753
37,62,0.011725
33,63,0.011706
19,42,0.011700
13,85,0.011693
60,71,0.011686
67,101,0.011682
83,89,0.011639
74,101,0.011634
31,86,0.011616
19,108,0.011608
55,65,0.011585
15,73,0.011505
57,65,0.011479
53,65,0.011477
7,92,0.011468
9,51,0.011451
4,45,0.011445
13,60,0.011397
15,53,0.011391
65,80,0.011386
37,45,0.011374
56,93,0.011325
41,109,0.011322
69,73,0.011316
1,77,0.011314
10,106,0.011311
20,44,0.011303
35,108,0.011302
30,91,0.011286
5,21,0.011251
23,59,0.011249
30,51,0.011246
66,86,0.011231
19,97,0.011226
56,59,0.011224
31,90,0.011222
56,69,0.011199
9,103,0.011195
43,90,0.011178
34,68,0.011171
47,103,0.011130
74,76,0.011119
57,63,0.011104
67,70,0.011099
75,107,0.011089
61,80,0.011087
31,51,0.011071
16,55,0.011066
59,76,0.011059
1,58,0.011007
34,56,0.010975
46,62,0.010949
68,82,0.010886
27,45,0.010879
85,108,0.010867
2,88,0.010856
12,71,0.010837
51,88,0.010833
13,56,0.010822
39,100,0.010800
39,71,0.010786
80,89,0.010767
55,87,0.010716
1,78,0.010703
44,85,0.010696
33,34,0.010679
62,106,0.010676
44,91,0.010675
61,68,0.010634
12,17,0.010609
6,69,0.010578
43,48,0.010554
48,106,0.010547
17,81,0.010528
51,98,0.010513
75,99,0.010504
64,84,0.010486
42,85,0.010439
33,80,0.010414
4,47,0.010398
89,104,0.010373
82,107,0.010360
63,88,0.010348
16,48,0.010307
14,47,0.010289
91,105,0.010284
51,86,0.010257
7,80,0.010256
13,97,0.010248
19,30,0.010248
56,84,0.010229
6,91,0.010183
91,106,0.010120
57,62,0.010116
45,106,0.010071
5,86,0.010030
12,58,0.010030
59,61,0.010025
3,52,0.009979
66,91,0.009959
7,20,0.009942
19,45,0.009908
48,95,0.009884
22,40,0.009880
68,108,0.009879
22,60,0.009873
26,40,0.009819
14,76,0.009794
43,55,0.009711
4,81,0.009709
11,93,0.009685
68,78,0.009683
68,77,0.009658
12,30,0.009653
61,86,0.009611
75,97,0.009582
18,42,0.009550
2,70,0.009550
59,66,0.009517
44,66,0.009509
26,92,0.009501
44,56,0.009487
13,41,0.009487
35,62,0.009466
58,99,0.009437
61,108,0.009433
12,82,0.009419
62,91,0.009415
12,106,0.009413
3,12,0.009411
9,59,0.009408
65,94,0.009406
29,106,0.009404
69,77,0.009352
14,87,0.009303
44,57,0.009293
60,82,0.009287
38,92,0.009277
45,101,0.009270
31,99,0.009268
29,77,0.009232
35,97,0.009227
32,97,0.009196
42,65,0.009192
4,17,0.009180
24,26,0.009176
104,106,0.009175
5,34,0.009172
3,59,0.009167
56,68,0.009140
100,105,0.009120
64,88,0.009101
26,80,0.009083
7,27,0.009072
41,51,0.009053
40,60,0.009052
25,47,0.009048
10,28,0.009013
16,92,0.009003
52,54,0.008966
20,70,0.008954
30,48,0.008921
37,82,0.008879
16,57,0.008874
32,83,0.008845
11,78,0.008840
35,36,0.008830
85,88,0.008827
56,66,0.008811
85,96,0.008808
16,37,0.008756
8,90,0.008753
74,89,0.008747
31,60,0.008747
1,87,0.008710
16,103,0.008694
40,66,0.008691
71,75,0.008691
2,96,0.008687
57,107,0.008643
60,95,0.008636
16,65,0.008634
50,53,0.008632
90,97,0.008623
62,78,0.008552
38,95,0.008514
59,69,0.008499
18,54,0.008478
2,27,0.008438
41,108,0.008424
59,87,0.008414
1,42,0.008403
69,72,0.008397
38,65,0.008372
28,93,0.008361
55,107,0.008344
52,85,0.008343
8,97,0.008342
17,103,0.008327
17,25,0.008318
32,108,0.008261
91,107,0.008246
3,57,0.008239
12,23,0.008226
89,103,0.008208
25,50,0.008206
30,73,0.008194
6,88,0.008174
39,51,0.008173
52,97,0.008160
5,57,0.008117
50,105,0.008111
27,42,0.008096
35,99,0.008095
47,107,0.008069
29,41,0.008001
11,61,0.007989
69,97,0.007964
10,61,0.007959
17,79,0.007956
20,37,0.007922
40,100,0.007922
59,104,0.007917
29,51,0.007910
21,58,0.007896
14,51,0.007895
73,85,0.007891
5,56,0.007886
34,67,0.007800
7,82,0.007783
84,94,0.007779
2,86,0.007776
38,51,0.007759
65,105,0.007759
96,107,0.007741
67,94,0.007705
86,99,0.007700
8,12,0.007673
4,43,0.007643
46,89,0.007639
16,40,0.007621
18,73,0.007616
13,45,0.007615
29,86,0.007609
48,68,0.007601
23,62,0.007590
22,58,0.007578
86,92,0.007576
2,36,0.007575
3,98,0.007563
29,90,0.007552
74,85,0.007546
32,66,0.007544
38,62,0.007514
73,100,0.007511
2,102,0.007504
6,41,0.007494
63,91,0.007475
11,83,0.007454
72,98,0.007434
56,73,0.007417
12,92,0.007412
57,76,0.007407
45,57,0.007401
48,101,0.007393
14,46,0.007363
6,90,0.007336
1,81,0.007330
12,36,0.007307
32,46,0.007307
42,43,0.007306
10,39,0.007300
35,48,0.007296
27,106,0.007289
45,82,0.007246
12,52,0.007246
10,96,0.007237
42,84,0.007231
15,69,0.007230
59,68,0.007224
16,23,0.007223
63,103,0.007216
17,45,0.007209
34,75,0.007167
58,83,0.007160
64,85,0.007146
8,43,0.007140
52,77,0.007102
75,102,0.007099
51,89,0.007063
47,56,0.007039
69,78,0.007011
11,13,0.006991
6,51,0.006987
14,88,0.006969
62,105,0.006929
80,101,0.006914
48,88,0.006900
35,92,0.006893
37,57,0.006887
8,45,0.006885
6,82,0.006884
99,105,0.006873
75,79,0.006862
20,97,0.006850
15,57,0.006813
80,81,0.006805
53,77,0.006759
41,89,0.006691
10,30,0.006690
17,106,0.006683
17,33,0.006664
17,90,0.006653
11,108,0.006629
46,78,0.006598
56,63,0.006569
41,103,0.006559
12,95,0.006556
72,88,0.006552
44,61,0.006548
56,99,0.006540
21,87,0.006534
15,63,0.006491
13,89,0.006484
15,107,0.006474
4,77,0.006454
18,52,0.006444
93,103,0.006443
48,86,0.006423
30,66,0.006412
55,80,0.006407
10,14,0.006392
30,32,0.006391
64,65,0.006386
38,80,0.006374
24,92,0.006360
97,98,0.006350
41,63,0.006344
1,38,0.006302
20,85,0.006292
8,107,0.006291
4,7,0.006290
67,77,0.006270
82,96,0.006261
4,37,0.006248
1,83,0.006211
17,56,0.006174
30,31,0.006172
66,105,0.006161
12,86,0.006161
64,83,0.006125
39,77,0.006121
8,86,0.006121
4,48,0.006121
82,85,0.006101
55,89,0.006088
5,62,0.006067
32,96,0.006066
40,75,0.006041
11,67,0.006015
12,85,0.006000
45,93,0.005975
94,96,0.005972
33,36,0.005958
5,9,0.005958
3,31,0.005942
8,73,0.005881
2,77,0.005871
45,65,0.005827
81,82,0.005817
32,63,0.005797
92,99,0.005791
2,66,0.005790
44,73,0.005781
16,81,0.005768
30,80,0.005767
23,73,0.005762
34,85,0.005719
104,108,0.005681
19,77,0.005653
64,71,0.005611
7,47,0.005568
66,87,0.005561
39,97,0.005551
43,53,0.005520
57,61,0.005516
8,55,0.005506
35,91,0.005467
4,92,0.005411
75,89,0.005401
8,49,0.005385
6,105,0.005372
10,62,0.005371
10,16,0.005370
44,70,0.005340
96,98,0.005336
15,64,0.005317
18,92,0.005299
64,102,0.005287
25,102,0.005284
16,77,0.005283
34,50,0.005282
5,24,0.005279
4,41,0.005278
46,67,0.005266
21,95,0.005260
28,100,0.005252
53,103,0.005231
48,62,0.005182
20,38,0.005159
70,81,0.005156
23,44,0.005142
12,88,0.005107
70,105,0.005091
11,102,0.005087
5,67,0.005084
56,57,0.005079
34,41,0.005068
67,96,0.005039
20,57,0.004989
18,64,0.004986
85,98,0.004964
14,77,0.004960
45,46,0.004937
6,63,0.004923
27,100,0.004910
33,50,0.004908
3,10,0.004877
3,32,0.004877
12,32,0.004874
22,74,0.004848
11,55,0.004825
53,102,0.004804
16,60,0.004777
58,65,0.004768
43,95,0.004747
35,100,0.004743
34,45,0.004724
5,32,0.004719
11,60,0.004716
33,89,0.004697
70,108,0.004696
41,75,0.004694
8,16,0.004675
57,94,0.004658
15,23,0.004649
24,48,0.004625
6,11,0.004618
67,75,0.004617
71,87,0.004594
8,37,0.004543
58,108,0.004503
10,108,0.004501
40,67,0.004500
29,99,0.004466
33,67,0.004457
19,54,0.004441
10,81,0.004432
3,56,0.004432
21,24,0.004425
85,102,0.004392
18,83,0.004354
18,85,0.004348
46,50,0.004319
25,85,0.004310
78,79,0.004304
25,27,0.004286
18,70,0.004280
2,82,0.004273
65,82,0.004232
56,80,0.004231
40,69,0.004231
9,69,0.004225
1,97,0.004209
11,89,0.004186
19,64,0.004178
22,47,0.004168
62,74,0.004134
17,100,0.004132
11,22,0.004130
94,95,0.004128
22,48,0.004112
64,77,0.004076
20,99,0.004034
78,102,0.004032
3,51,0.003959
54,66,0.003946
41,61,0.003913
8,46,0.003908
71,103,0.003897
55,58,0.003889
47,66,0.003870
19,78,0.003816
13,96,0.003701
38,87,0.003691
61,64,0.003691
28,41,0.003687
24,74,0.003678
93,105,0.003668
14,74,0.003667
84,100,0.003641
1,41,0.003619
8,89,0.003619
81,102,0.003614
49,56,0.003607
3,46,0.003580
93,98,0.003574
59,103,0.003548
21,35,0.003547
63,97,0.003517
23,27,0.003495
15,80,0.003482
4,39,0.003472
12,34,0.003471
35,68,0.003465
65,88,0.003435
78,89,0.003432
56,95,0.003416
9,76,0.003401
44,53,0.003392
15,83,0.003392
43,61,0.003391
40,68,0.003383
19,82,0.003349
32,68,0.003345
33,88,0.003336
20,103,0.003335
73,106,0.003247
7,15,0.003236
88,92,0.003227
15,95,0.003210
11,49,0.003196
24,27,0.003183
60,107,0.003180
39,81,0.003164
6,100,0.003147
36,59,0.003147
54,81,0.003147
27,75,0.003143
43,88,0.003136
9,102,0.003114
66,74,0.003106
37,98,0.003091
16,34,0.003079
51,56,0.003058
22,106,0.003026
82,104,0.003013
60,102,0.002996
32,104,0.002977
8,14,0.002969
8,64,0.002966
16,46,0.002961
87,107,0.002959
21,64,0.002943
31,41,0.002904
11,91,0.002882
77,102,0.002881
35,93,0.002873
41,72,0.002839
51,100,0.002827
62,71,0.002819
77,79,0.002794
16,43,0.002764
18,108,0.002752
19,95,0.002734
27,36,0.002730
32,54,0.002723
35,60,0.002709
91,96,0.002705
49,74,0.002656
44,88,0.002594
72,93,0.002592
6,36,0.002571
14,25,0.002566
14,40,0.002526
13,21,0.002514
18,81,0.002486
52,86,0.002455
26,33,0.002425
10,59,0.002417
75,81,0.002415
51,65,0.002407
4,98,0.002406
6,37,0.002399
41,82,0.002391
13,82,0.002390
67,82,0.002383
5,41,0.002375
4,64,0.002337
60,64,0.002336
38,77,0.002301
10,82,0.002275
48,81,0.002263
35,61,0.002257
11,95,0.002256
27,78,0.002253
75,90,0.002234
17,43,0.002233
70,100,0.002226
51,82,0.002188
59,91,0.002182
29,60,0.002140
38,88,0.002135
9,79,0.002097
20,59,0.002083
57,81,0.002070
66,96,0.002063
54,82,0.002060
17,86,0.002052
18,46,0.002045
51,70,0.002043
59,102,0.002036
24,25,0.002024
36,68,0.002019
39,42,0.002015
27,77,0.002008
58,75,0.001998
53,82,0.001988
55,88,0.001972
51,52,0.001959
68,81,0.001952
6,18,0.001938
73,74,0.001925
2,90,0.001917
52,90,0.001909
24,52,0.001897
77,97,0.001896
6,103,0.001882
7,64,0.001881
27,64,0.001877
15,16,0.001871
18,76,0.001869
89,101,0.001866
38,103,0.001863
48,107,0.001857
80,106,0.001846
63,81,0.001824
14,78,0.001816
3,11,0.001805
64,79,0.001802
25,100,0.001798
90,104,0.001791
22,57,0.001762
6,28,0.001746
1,24,0.001745
83,103,0.001741
26,59,0.001675
39,103,0.001671
7,43,0.001658
13,53,0.001623
1,96,0.001619
20,31,0.001605
3,102,0.001600
86,100,0.001588
29,30,0.001582
12,13,0.001545
45,59,0.001537
2,11,0.001517
70,94,0.001513
38,42,0.001504
58,103,0.001453
29,104,0.001445
39,106,0.001444
3,35,0.001444
23,35,0.001443
26,48,0.001409
1,37,0.001409
106,107,0.001366
34,91,0.001344
9,22,0.001341
14,41,0.001320
45,86,0.001316
59,74,0.001302
64,87,0.001296
61,99,0.001293
80,85,0.001277
11,38,0.001265
3,103,0.001261
15,97,0.001239
57,73,0.001232
52,104,0.001229
28,81,0.001217
73,97,0.001191
23,86,0.001189
12,91,0.001180
30,107,0.001171
2,76,0.001166
19,106,0.001158
28,92,0.001152
40,62,0.001136
15,19,0.001132
27,81,0.001105
44,109,0.001098
82,88,0.001059
50,88,0.001051
63,87,0.001044
13,20,0.001022
92,105,0.001021
22,93,0.001002
16,53,0.000986
3,27,0.000978
25,76,0.000968
61,89,0.000953
57,106,0.000951
31,72,0.000947
68,84,0.000947
89,109,0.000938
92,94,0.000929
62,69,0.000924
1,5,0.000908
102,103,0.000900
85,93,0.000860
48,98,0.000854
17,105,0.000828
82,105,0.000812
3,69,0.000789
54,108,0.000788
8,87,0.000781
57,95,0.000776
57,90,0.000736
6,55,0.000721
39,89,0.000678
84,104,0.000671
16,96,0.000663
48,77,0.000662
31,97,0.000651
23,50,0.000651
16,22,0.000615
40,52,0.000589
1,43,0.000574
2,51,0.000556
59,79,0.000541
3,29,0.000530
4,31,0.000525
88,101,0.000518
93,94,0.000490
82,99,0.000481
17,52,0.000451
62,84,0.000398
9,27,0.000394
89,93,0.000381
75,85,0.000380
33,97,0.000372
50,76,0.000366
2,105,0.000365
56,70,0.000341
3,96,0.000255
3,90,0.000238
70,85,0.000234
52,96,0.000227
33,104,0.000219
43,60,0.000219
44,83,0.000204
5,10,0.000114
3,74,0.000085
42,51,0.000085
8,40,0.000078
32,40,0.000036
39,59,0.000034
25,96,0.000026
92,96,0.000022
77,80,0.000013
28,82,0.000009
19,40,0.000008
30,86,-0.000008
87,90,-0.000013
6,60,-0.000021
31,96,-0.000023
47,59,-0.000032
52,80,-0.000056
16,66,-0.000080
5,73,-0.000095
65,104,-0.000124
19,70,-0.000126
64,94,-0.000137
31,109,-0.000151
16,82,-0.000154
25,43,-0.000165
43,79,-0.000198
24,64,-0.000202
54,84,-0.000240
29,34,-0.000250
51,106,-0.000253
6,87,-0.000267
26,41,-0.000270
100,101,-0.000303
24,100,-0.000307
91,100,-0.000342
7,58,-0.000353
52,82,-0.000366
48,87,-0.000374
11,27,-0.000377
66,95,-0.000395
33,91,-0.000401
49,69,-0.000453
48,96,-0.000455
22,59,-0.000494
63,78,-0.000499
12,59,-0.000508
72,90,-0.000508
74,81,-0.000513
78,103,-0.000540
35,66,-0.000546
42,71,-0.000550
4,89,-0.000551
31,85,-0.000559
64,78,-0.000611
42,66,-0.000618
52,81,-0.000619
3,41,-0.000620
4,86,-0.000629
97,109,-0.000647
55,69,-0.000649
6,54,-0.000650
6,61,-0.000656
1,62,-0.000671
68,88,-0.000706
9,100,-0.000710
44,95,-0.000728
49,91,-0.000748
45,103,-0.000761
22,41,-0.000774
6,68,-0.000796
24,76,-0.000808
51,108,-0.000816
3,26,-0.000825
18,60,-0.000830
60,77,-0.000831
52,69,-0.000845
62,76,-0.000872
11,57,-0.000898
97,102,-0.000898
60,69,-0.000901
68,71,-0.000906
74,75,-0.000906
11,62,-0.000907
81,96,-0.000913
5,72,-0.000992
69,85,-0.001019
8,34,-0.001023
12,69,-0.001027
8,103,-0.001038
16,70,-0.001053
20,25,-0.001084
14,90,-0.001095
49,88,-0.001098
14,107,-0.001104
20,62,-0.001112
20,23,-0.001139
81,92,-0.001147
59,82,-0.001164
64,90,-0.001176
1,93,-0.001178
19,41,-0.001202
47,63,-0.001207
89,102,-0.001209
20,60,-0.001229
49,70,-0.001233
12,25,-0.001267
70,97,-0.001268
6,101,-0.001273
24,39,-0.001275
2,43,-0.001296
61,75,-0.001299
2,41,-0.001318
82,109,-0.001329
5,82,-0.001359
27,85,-0.001360
38,83,-0.001364
35,67,-0.001367
22,52,-0.001376
12,100,-0.001381
2,40,-0.001384
5,81,-0.001390
12,66,-0.001402
41,91,-0.001406
54,63,-0.001416
23,60,-0.001418
79,80,-0.001440
38,78,-0.001463
34,54,-0.001477
2,18,-0.001479
67,102,-0.001480
56,94,-0.001482
7,94,-0.001488
10,52,-0.001532
5,91,-0.001541
27,59,-0.001558
23,56,-0.001568
70,82,-0.001569
4,40,-0.001571
47,51,-0.001577
18,66,-0.001581
2,74,-0.001618
2,20,-0.001619
1,108,-0.001642
39,49,-0.001654
11,87,-0.001657
16,32,-0.001691
42,105,-0.001716
25,53,-0.001735
26,46,-0.001739
78,98,-0.001744
10,35,-0.001759
66,89,-0.001762
26,81,-0.001777
34,70,-0.001784
87,102,-0.001788
35,81,-0.001795
32,60,-0.001797
61,84,-0.001817
57,89,-0.001828
75,96,-0.001846
5,92,-0.001857
2,55,-0.001858
12,51,-0.001885
24,80,-0.001894
45,64,-0.001901
41,52,-0.001907
31,34,-0.001937
26,67,-0.001947
4,76,-0.001950
14,65,-0.001957
11,75,-0.001996
33,62,-0.002005
26,64,-0.002057
1,71,-0.002061
38,57,-0.002063
74,94,-0.002070
2,60,-0.002071
30,97,-0.002076
1,63,-0.002096
17,19,-0.002100
46,48,-0.002101
54,105,-0.002109
74,100,-0.002112
22,68,-0.002115
49,83,-0.002141
91,101,-0.002158
45,54,-0.002165
70,88,-0.002174
13,35,-0.002210
58,69,-0.002210
19,91,-0.002218
6,45,-0.002224
22,92,-0.002224
24,66,-0.002226
61,95,-0.002230
17,59,-0.002237
92,95,-0.002243
43,92,-0.002245
81,90,-0.002258
33,99,-0.002292
3,37,-0.002295
82,101,-0.002314
59,90,-0.002320
84,102,-0.002344
30,36,-0.002376
64,105,-0.002390
57,108,-0.002399
23,88,-0.002405
47,100,-0.002408
44,48,-0.002421
77,103,-0.002427
34,96,-0.002451
12,20,-0.002466
66,99,-0.002483
5,74,-0.002497
34,49,-0.002499
93,109,-0.002518
80,97,-0.002528
59,83,-0.002571
78,108,-0.002592
43,106,-0.002597
22,70,-0.002609
3,42,-0.002610
1,86,-0.002670
41,106,-0.002671
29,96,-0.002685
24,102,-0.002687
61,74,-0.002692
24,90,-0.002702
38,58,-0.002713
49,105,-0.002717
20,104,-0.002718
41,66,-0.002719
35,104,-0.002740
30,79,-0.002743
40,87,-0.002744
32,61,-0.002747
28,97,-0.002767
26,94,-0.002771
14,37,-0.002787
28,91,-0.002788
89,92,-0.002807
30,41,-0.002812
20,93,-0.002832
46,107,-0.002858
57,80,-0.002902
36,108,-0.002917
29,97,-0.002920
5,44,-0.002934
49,62,-0.002940
66,88,-0.002944
86,89,-0.002947
49,54,-0.002954
20,106,-0.002955
9,89,-0.002968
11,35,-0.002981
18,106,-0.002983
22,30,-0.002996
69,70,-0.003017
27,103,-0.003019
2,61,-0.003029
27,97,-0.003030
62,89,-0.003044
44,46,-0.003050
55,96,-0.003063
23,69,-0.003069
49,80,-0.003074
90,93,-0.003074
26,61,-0.003094
9,90,-0.003096
15,72,-0.003098
4,29,-0.003118
27,60,-0.003121
43,103,-0.003129
60,92,-0.003139
16,36,-0.003139
17,69,-0.003146
31,93,-0.003156
13,26,-0.003157
46,80,-0.003159
34,109,-0.003177
23,102,-0.003180
63,104,-0.003186
26,106,-0.003192
27,53,-0.003192
34,99,-0.003222
3,7,-0.003252
90,103,-0.003252
32,52,-0.003268
23,67,-0.003299
27,89,-0.003337
25,66,-0.003372
96,109,-0.003388
75,77,-0.003405
54,90,-0.003420
75,83,-0.003424
70,99,-0.003431
16,107,-0.003431
93,95,-0.003440
10,49,-0.003441
7,97,-0.003443
29,85,-0.003454
40,99,-0.003487
16,87,-0.003508
78,90,-0.003511
2,63,-0.003564
50,89,-0.003581
54,77,-0.003602
12,18,-0.003608
50,68,-0.003616
7,105,-0.003627
41,98,-0.003641
62,94,-0.003648
45,52,-0.003673
73,99,-0.003680
52,59,-0.003693
53,64,-0.003722
35,109,-0.003735
11,77,-0.003748
19,75,-0.003796
5,20,-0.003806
20,78,-0.003809
90,95,-0.003810
5,30,-0.003810
27,38,-0.003814
16,98,-0.003839
17,53,-0.003872
14,57,-0.003887
15,84,-0.003892
26,66,-0.003893
45,89,-0.003915
18,97,-0.003921
15,62,-0.003922
3,47,-0.003945
9,65,-0.003952
105,106,-0.003957
46,75,-0.003960
20,91,-0.003962
12,65,-0.003968
46,49,-0.003995
22,65,-0.004008
11,12,-0.004015
64,68,-0.004023
35,80,-0.004024
1,74,-0.004029
67,79,-0.004030
15,48,-0.004031
87,105,-0.004033
5,17,-0.004058
22,35,-0.004060
46,81,-0.004064
30,42,-0.004110
7,66,-0.004117
61,106,-0.004120
3,34,-0.004140
15,91,-0.004145
45,71,-0.004154
8,53,-0.004163
8,96,-0.004167
52,106,-0.004178
8,57,-0.004183
13,29,-0.004191
42,94,-0.004196
8,56,-0.004211
68,89,-0.004228
61,107,-0.004243
16,78,-0.004244
25,93,-0.004248
18,48,-0.004260
3,68,-0.004266
14,63,-0.004273
10,97,-0.004292
85,95,-0.004293
55,93,-0.004299
78,94,-0.004308
57,86,-0.004323
48,60,-0.004323
34,57,-0.004348
51,109,-0.004365
31,48,-0.004369
34,48,-0.004370
8,30,-0.004391
7,90,-0.004394
14,85,-0.004422
33,66,-0.004431
5,14,-0.004435
40,64,-0.004463
22,86,-0.004516
32,75,-0.004522
2,37,-0.004528
16,28,-0.004591
16,68,-0.004608
42,82,-0.004614
46,86,-0.004623
4,88,-0.004636
28,31,-0.004638
71,80,-0.004646
8,19,-0.004663
53,79,-0.004674
58,66,-0.004682
36,56,-0.004704
55,91,-0.004711
23,37,-0.004718
5,100,-0.004761
15,102,-0.004772
71,74,-0.004773
51,67,-0.004779
15,81,-0.004809
12,19,-0.004812
15,24,-0.004814
26,37,-0.004867
36,80,-0.004908
54,71,-0.004918
18,100,-0.004932
32,99,-0.004960
69,93,-0.004962
10,85,-0.005012
10,64,-0.005014
48,51,-0.005025
14,34,-0.005026
21,79,-0.005029
16,63,-0.005030
95,107,-0.005031
27,84,-0.005058
44,55,-0.005076
37,97,-0.005102
105,107,-0.005153
58,67,-0.005157
17,57,-0.005198
12,63,-0.005206
63,96,-0.005211
41,48,-0.005231
83,94,-0.005240
70,71,-0.005255
1,47,-0.005275
6,70,-0.005280
24,96,-0.005322
18,63,-0.005331
15,30,-0.005334
87,103,-0.005345
60,81,-0.005372
52,68,-0.005382
13,51,-0.005391
26,86,-0.005402
7,87,-0.005426
61,66,-0.005449
21,109,-0.005467
66,107,-0.005491
19,48,-0.005491
43,44,-0.005513
20,64,-0.005536
44,80,-0.005554
51,97,-0.005563
43,94,-0.005566
11,48,-0.005567
18,68,-0.005603
15,94,-0.005605
25,30,-0.005622
32,82,-0.005637
15,37,-0.005662
92,103,-0.005662
49,104,-0.005677
12,28,-0.005709
4,65,-0.005710
60,72,-0.005716
38,66,-0.005733
6,10,-0.005749
10,32,-0.005759
81,98,-0.005769
90,100,-0.005774
6,33,-0.005805
7,39,-0.005808
50,101,-0.005814
3,105,-0.005839
84,99,-0.005840
45,77,-0.005842
78,80,-0.005854
42,52,-0.005864
37,83,-0.005918
7,104,-0.005938
9,83,-0.005949
27,67,-0.005952
15,27,-0.005955
54,88,-0.005961
33,100,-0.005964
72,99,-0.005977
76,109,-0.005996
46,94,-0.006011
88,91,-0.006027
87,93,-0.006043
35,44,-0.006045
80,107,-0.006047
56,107,-0.006054
50,103,-0.006077
47,82,-0.006106
4,69,-0.006110
15,92,-0.006126
27,41,-0.006128
28,64,-0.006143
29,93,-0.006145
55,70,-0.006154
78,84,-0.006166
49,60,-0.006192
53,85,-0.006193
37,64,-0.006194
7,51,-0.006207
9,41,-0.006225
33,70,-0.006235
41,94,-0.006235
37,69,-0.006243
32,56,-0.006261
39,95,-0.006271
34,95,-0.006282
2,101,-0.006284
67,87,-0.006294
9,40,-0.006297
23,109,-0.006316
10,89,-0.006320
55,66,-0.006324
1,20,-0.006327
84,88,-0.006329
42,56,-0.006331
6,65,-0.006353
13,36,-0.006362
61,83,-0.006364
33,65,-0.006369
4,44,-0.006369
30,65,-0.006371
26,63,-0.006376
24,59,-0.006387
30,57,-0.006421
34,47,-0.006431
57,85,-0.006435
24,65,-0.006457
46,47,-0.006460
58,80,-0.006469
98,104,-0.006471
14,70,-0.006473
8,99,-0.006514
38,56,-0.006519
36,82,-0.006557
40,80,-0.006558
22,46,-0.006559
25,75,-0.006563
63,79,-0.006596
11,100,-0.006604
23,43,-0.006622
62,101,-0.006625
49,51,-0.006637
6,96,-0.006655
99,101,-0.006655
38,105,-0.006682
96,105,-0.006689
31,78,-0.006727
15,44,-0.006734
8,67,-0.006746
46,106,-0.006746
9,81,-0.006762
65,83,-0.006789
25,71,-0.006790
34,61,-0.006818
17,65,-0.006826
79,92,-0.006843
44,105,-0.006858
10,67,-0.006872
41,73,-0.006878
36,57,-0.006879
5,59,-0.006880
75,104,-0.006884
1,109,-0.006886
18,99,-0.006891
23,80,-0.006931
8,62,-0.006935
2,87,-0.006941
35,106,-0.006946
82,94,-0.006969
40,79,-0.006973
43,47,-0.006974
73,81,-0.006992
7,12,-0.007004
28,86,-0.007016
54,67,-0.007018
46,58,-0.007018
22,71,-0.007021
34,60,-0.007022
74,102,-0.007024
20,56,-0.007047
25,80,-0.007054
19,62,-0.007054
15,79,-0.007055
91,93,-0.007086
43,64,-0.007106
18,77,-0.007161
74,83,-0.007168
21,54,-0.007185
66,81,-0.007201
11,15,-0.007207
11,63,-0.007207
65,68,-0.007225
63,99,-0.007240
19,65,-0.007245
2,71,-0.007262
30,78,-0.007270
23,68,-0.007278
47,76,-0.007280
26,93,-0.007286
35,84,-0.007302
11,25,-0.007311
24,99,-0.007330
93,107,-0.007349
77,100,-0.007349
26,79,-0.007356
84,108,-0.007387
23,94,-0.007390
76,88,-0.007400
51,104,-0.007413
35,51,-0.007420
48,82,-0.007438
17,46,-0.007458
26,51,-0.007460
18,79,-0.007488
46,52,-0.007495
40,97,-0.007501
9,77,-0.007507
18,62,-0.007507
51,54,-0.007523
54,56,-0.007526
61,70,-0.007531
3,38,-0.007541
36,51,-0.007547
12,49,-0.007550
46,100,-0.007559
17,82,-0.007598
42,73,-0.007614
12,22,-0.007615
98,109,-0.007648
5,106,-0.007658
47,68,-0.007659
70,101,-0.007662
2,7,-0.007681
8,9,-0.007705
24,78,-0.007710
8,84,-0.007728
49,93,-0.007729
42,90,-0.007743
20,47,-0.007747
69,106,-0.007778
23,75,-0.007803
26,99,-0.007820
32,50,-0.007822
28,51,-0.007825
14,18,-0.007832
14,82,-0.007835
2,34,-0.007846
56,65,-0.007857
91,104,-0.007867
19,81,-0.007897
24,83,-0.007905
25,109,-0.007920
40,102,-0.007928
38,91,-0.007932
26,28,-0.007935
69,102,-0.007958
30,82,-0.007961
70,87,-0.007979
41,92,-0.008004
4,94,-0.008008
22,81,-0.008026
6,43,-0.008026
32,100,-0.008034
7,75,-0.008036
69,105,-0.008052
37,94,-0.008073
11,56,-0.008076
68,94,-0.008088
60,65,-0.008090
56,105,-0.008099
84,96,-0.008105
2,22,-0.008110
36,72,-0.008117
37,79,-0.008152
55,82,-0.008155
71,82,-0.008165
24,63,-0.008172
3,82,-0.008210
62,100,-0.008227
28,29,-0.008231
18,24,-0.008234
19,50,-0.008238
87,91,-0.008273
10,76,-0.008297
7,60,-0.008318
12,44,-0.008330
48,72,-0.008330
20,34,-0.008333
20,33,-0.008334
8,78,-0.008336
45,68,-0.008338
40,48,-0.008358
42,57,-0.008380
47,105,-0.008443
51,76,-0.008459
50,59,-0.008460
31,38,-0.008462
27,40,-0.008476
22,77,-0.008484
32,80,-0.008489
1,84,-0.008491
44,98,-0.008508
20,29,-0.008509
3,107,-0.008518
23,78,-0.008544
27,87,-0.008546
11,17,-0.008547
66,68,-0.008547
88,98,-0.008575
44,92,-0.008582
56,85,-0.008607
61,63,-0.008614
45,95,-0.008629
17,70,-0.008637
30,85,-0.008648
16,61,-0.008650
65,72,-0.008654
35,86,-0.008675
33,82,-0.008735
25,90,-0.008737
2,68,-0.008742
85,105,-0.008746
44,87,-0.008751
57,109,-0.008772
54,55,-0.008793
46,59,-0.008827
29,108,-0.008841
82,93,-0.008843
57,58,-0.008850
22,45,-0.008863
34,82,-0.008865
36,102,-0.008871
94,101,-0.008893
79,97,-0.008913
48,93,-0.008919
11,98,-0.008929
71,99,-0.008938
42,61,-0.008963
48,84,-0.008985
57,88,-0.008998
83,91,-0.009005
54,61,-0.009005
19,87,-0.009014
4,16,-0.009015
3,28,-0.009027
29,48,-0.009040
88,103,-0.009065
44,60,-0.009066
21,46,-0.009114
29,78,-0.009128
47,53,-0.009153
73,82,-0.009177
16,51,-0.009181
4,78,-0.009209
40,53,-0.009222
84,106,-0.009246
1,104,-0.009257
13,57,-0.009257
7,10,-0.009258
27,74,-0.009309
8,63,-0.009317
25,78,-0.009347
1,106,-0.009390
32,53,-0.009396
4,23,-0.009417
15,99,-0.009435
20,40,-0.009449
89,90,-0.009471
38,82,-0.009494
62,107,-0.009511
55,60,-0.009531
34,92,-0.009567
74,82,-0.009588
39,93,-0.009598
22,64,-0.009600
34,76,-0.009621
68,70,-0.009634
48,55,-0.009647
6,85,-0.009648
91,97,-0.009657
63,74,-0.009668
76,95,-0.009672
80,104,-0.009719
65,106,-0.009731
36,52,-0.009735
39,44,-0.009740
36,92,-0.009742
43,82,-0.009744
4,99,-0.009755
7,30,-0.009756
26,91,-0.009760
19,104,-0.009790
11,53,-0.009796
70,80,-0.009801
53,75,-0.009801
31,108,-0.009805
61,93,-0.009814
6,93,-0.009822
18,109,-0.009830
43,65,-0.009839
3,94,-0.009849
31,81,-0.009851
66,76,-0.009877
28,52,-0.009882
57,77,-0.009902
42,59,-0.009907
28,105,-0.009918
69,88,-0.009935
44,102,-0.009959
41,102,-0.009968
64,95,-0.009979
46,70,-0.010005
7,109,-0.010021
53,70,-0.010029
95,101,-0.010037
8,36,-0.010041
28,54,-0.010046
60,63,-0.010052
58,102,-0.010065
11,14,-0.010066
45,85,-0.010074
32,73,-0.010106
25,28,-0.010108
20,24,-0.010124
25,40,-0.010125
61,102,-0.010130
16,84,-0.010137
88,96,-0.010154
37,81,-0.010164
1,6,-0.010165
15,46,-0.010182
3,54,-0.010183
8,50,-0.010185
45,108,-0.010218
76,78,-0.010263
11,41,-0.010263
21,86,-0.010273
34,72,-0.010274
1,25,-0.010275
21,84,-0.010276
11,84,-0.010288
1,64,-0.010293
23,64,-0.010336
27,69,-0.010337
2,33,-0.010339
56,102,-0.010345
12,83,-0.010351
55,62,-0.010355
49,87,-0.010377
42,76,-0.010379
11,69,-0.010379
51,84,-0.010381
2,78,-0.010416
28,59,-0.010423
36,78,-0.010448
90,106,-0.010454
51,87,-0.010459
68,79,-0.010461
41,78,-0.010463
6,19,-0.010471
47,75,-0.010472
39,65,-0.010475
78,95,-0.010503
4,75,-0.010508
26,100,-0.010508
56,89,-0.010526
1,89,-0.010528
65,79,-0.010567
75,109,-0.010573
53,105,-0.010574
52,103,-0.010598
47,97,-0.010647
86,103,-0.010648
67,90,-0.010670
52,73,-0.010696
44,74,-0.010718
5,19,-0.010737
40,54,-0.010750
52,79,-0.010752
79,89,-0.010757
54,59,-0.010768
74,97,-0.010789
35,103,-0.010795
33,93,-0.010827
79,99,-0.010827
1,80,-0.010831
14,66,-0.010843
45,51,-0.010845
11,24,-0.010845
2,54,-0.010858
38,48,-0.010864
33,64,-0.010876
5,43,-0.010897
4,20,-0.010902
28,58,-0.010905
15,51,-0.010905
37,67,-0.010907
42,67,-0.010907
33,92,-0.010909
21,51,-0.010918
29,84,-0.010929
15,66,-0.010929
7,77,-0.010929
47,93,-0.010956
60,87,-0.010958
47,58,-0.010996
61,97,-0.011007
38,98,-0.011025
16,45,-0.011036
12,67,-0.011052
5,80,-0.011059
45,91,-0.011075
50,55,-0.011077
70,75,-0.011083
5,48,-0.011092
76,82,-0.011101
23,47,-0.011159
22,39,-0.011165
53,87,-0.011192
71,88,-0.011213
15,75,-0.011216
59,63,-0.011228
69,75,-0.011236
51,93,-0.011252
12,102,-0.011276
75,82,-0.011294
76,96,-0.011302
69,71,-0.011304
19,89,-0.011319
15,33,-0.011322
10,60,-0.011333
17,94,-0.011357
8,105,-0.011360
34,94,-0.011361
47,98,-0.011364
57,69,-0.011365
3,75,-0.011390
36,71,-0.011450
66,106,-0.011451
18,20,-0.011460
57,59,-0.011493
12,53,-0.011495
11,40,-0.011499
15,108,-0.011507
30,98,-0.011546
67,103,-0.011556
88,94,-0.011566
67,72,-0.011585
92,98,-0.011598
53,89,-0.011613
45,88,-0.011630
17,55,-0.011636
36,61,-0.011637
50,81,-0.011638
34,79,-0.011639
22,61,-0.011642
35,40,-0.011644
8,47,-0.011645
76,106,-0.011670
67,83,-0.011701
27,44,-0.011702
88,95,-0.011706
63,93,-0.011727
5,99,-0.011744
25,48,-0.011756
19,109,-0.011769
36,58,-0.011772
25,44,-0.011845
52,105,-0.011850
57,101,-0.011861
34,37,-0.011883
7,17,-0.011896
18,40,-0.011905
69,107,-0.011923
36,60,-0.011954
4,106,-0.011970
23,93,-0.011971
20,84,-0.011976
37,59,-0.012019
38,46,-0.012024
30,54,-0.012035
84,90,-0.012048
41,42,-0.012052
17,101,-0.012057
51,107,-0.012078
39,63,-0.012081
31,104,-0.012106
42,101,-0.012123
32,101,-0.012138
58,59,-0.012138
55,99,-0.012142
51,85,-0.012154
9,97,-0.012163
57,100,-0.012165
32,86,-0.012170
10,100,-0.012205
24,42,-0.012220
51,53,-0.012222
22,75,-0.012232
103,107,-0.012236
26,84,-0.012287
17,23,-0.012307
4,35,-0.012311
40,58,-0.012313
21,62,-0.012315
30,63,-0.012316
51,96,-0.012359
3,101,-0.012380
4,93,-0.012385
39,85,-0.012412
74,93,-0.012418
14,92,-0.012419
37,103,-0.012420
19,61,-0.012425
39,87,-0.012429
77,91,-0.012429
21,78,-0.012434
49,55,-0.012472
50,107,-0.012491
38,63,-0.012500
18,67,-0.012504
62,75,-0.012517
45,104,-0.012565
64,70,-0.012589
3,97,-0.012592
30,84,-0.012605
60,99,-0.012642
66,85,-0.012654
39,82,-0.012656
18,104,-0.012683
70,72,-0.012689
11,80,-0.012690
6,53,-0.012700
40,45,-0.012703
49,68,-0.012710
36,93,-0.012711
51,69,-0.012725
27,56,-0.012738
80,84,-0.012740
33,42,-0.012754
30,105,-0.012776
17,42,-0.012784
10,18,-0.012796
1,30,-0.012799
35,73,-0.012807
33,49,-0.012815
65,84,-0.012826
29,95,-0.012833
42,46,-0.012840
8,79,-0.012864
3,77,-0.012880
48,97,-0.012902
52,60,-0.012950
12,79,-0.012965
76,105,-0.012968
2,45,-0.012978
18,87,-0.012990
102,104,-0.013029
31,88,-0.013057
18,56,-0.013070
77,96,-0.013075
75,86,-0.013103
2,65,-0.013106
41,65,-0.013106
87,94,-0.013112
52,76,-0.013115
63,68,-0.013118
45,67,-0.013124
17,54,-0.013140
32,72,-0.013159
55,92,-0.013167
25,82,-0.013175
57,60,-0.013188
15,96,-0.013190
28,45,-0.013193
32,64,-0.013202
18,61,-0.013204
38,107,-0.013224
102,107,-0.013229
35,74,-0.013236
17,47,-0.013236
24,50,-0.013249
56,108,-0.013261
49,99,-0.013261
42,45,-0.013281
24,75,-0.013293
58,91,-0.013300
26,65,-0.013305
35,88,-0.013342
64,69,-0.013351
79,104,-0.013361
29,81,-0.013387
32,78,-0.013394
3,19,-0.013395
7,85,-0.013403
79,107,-0.013409
52,100,-0.013417
78,88,-0.013438
4,82,-0.013456
29,38,-0.013458
23,71,-0.013467
33,54,-0.013468
28,63,-0.013477
44,71,-0.013487
49,95,-0.013489
17,41,-0.013530
9,36,-0.013545
20,77,-0.013552
46,92,-0.013552
11,103,-0.013564
59,67,-0.013583
20,80,-0.013591
22,66,-0.013601
34,78,-0.013626
15,61,-0.013634
25,56,-0.013634
2,10,-0.013646
68,91,-0.013683
17,96,-0.013692
29,44,-0.013693
20,27,-0.013708
53,78,-0.013732
27,32,-0.013738
23,70,-0.013766
72,105,-0.013767
7,101,-0.013802
88,89,-0.013804
15,20,-0.013811
74,78,-0.013860
37,52,-0.013863
49,85,-0.013865
68,75,-0.013889
73,78,-0.013899
62,98,-0.013901
34,43,-0.013909
25,39,-0.013912
58,79,-0.013921
26,54,-0.013932
82,106,-0.013978
83,88,-0.014006
8,81,-0.014019
74,77,-0.014025
20,107,-0.014061
83,87,-0.014090
53,90,-0.014090
20,74,-0.014098
11,31,-0.014112
3,84,-0.014114
84,103,-0.014116
27,61,-0.014135
49,98,-0.014135
29,72,-0.014152
45,96,-0.014157
44,103,-0.014172
78,109,-0.014190
28,90,-0.014199
66,79,-0.014210
15,90,-0.014231
11,32,-0.014237
49,103,-0.014241
67,74,-0.014247
74,98,-0.014269
83,97,-0.014271
83,99,-0.014284
20,81,-0.014297
96,99,-0.014300
7,24,-0.014313
27,104,-0.014318
74,90,-0.014339
73,96,-0.014346
58,104,-0.014352
22,88,-0.014364
60,103,-0.014364
76,80,-0.014400
93,106,-0.014409
17,84,-0.014412
19,92,-0.014435
18,101,-0.014448
55,72,-0.014452
11,18,-0.014473
32,39,-0.014478
62,68,-0.014507
42,44,-0.014519
90,96,-0.014533
22,72,-0.014554
31,44,-0.014583
38,41,-0.014585
82,91,-0.014587
37,75,-0.014597
17,74,-0.014606
54,64,-0.014623
46,54,-0.014624
29,50,-0.014647
33,106,-0.014666
101,106,-0.014715
94,102,-0.014717
30,103,-0.014725
12,27,-0.014788
38,102,-0.014791
20,86,-0.014794
58,87,-0.014813
37,54,-0.014818
97,100,-0.014820
42,75,-0.014823
44,86,-0.014852
38,79,-0.014865
43,91,-0.014881
41,69,-0.014882
39,88,-0.014884
36,91,-0.014884
9,68,-0.014900
32,47,-0.014910
28,104,-0.014920
35,79,-0.014937
74,107,-0.014969
20,54,-0.014981
50,82,-0.014983
18,30,-0.015012
77,89,-0.015029
25,41,-0.015039
5,105,-0.015054
26,44,-0.015090
82,103,-0.015128
6,73,-0.015145
28,65,-0.015146
65,71,-0.015180
81,89,-0.015200
46,91,-0.015204
81,85,-0.015229
6,71,-0.015263
68,109,-0.015286
41,45,-0.015291
63,75,-0.015303
7,54,-0.015308
35,47,-0.015335
10,24,-0.015358
51,58,-0.015363
9,24,-0.015363
85,91,-0.015366
21,45,-0.015382
11,52,-0.015383
34,97,-0.015401
48,104,-0.015418
38,71,-0.015419
11,58,-0.015427
64,74,-0.015432
54,80,-0.015435
64,73,-0.015438
81,100,-0.015456
99,104,-0.015456
13,18,-0.015478
42,87,-0.015511
36,79,-0.015516
60,79,-0.015530
21,88,-0.015536
16,71,-0.015566
41,59,-0.015567
9,86,-0.015587
9,99,-0.015598
71,106,-0.015599
72,74,-0.015611
34,69,-0.015629
66,72,-0.015651
11,76,-0.015664
22,44,-0.015677
5,83,-0.015686
59,73,-0.015690
40,103,-0.015698
29,35,-0.015700
12,75,-0.015711
83,107,-0.015719
19,66,-0.015737
91,98,-0.015778
85,99,-0.015784
42,63,-0.015785
31,47,-0.015839
75,80,-0.015844
2,93,-0.015847
6,74,-0.015853
2,47,-0.015859
98,108,-0.015882
23,99,-0.015923
17,89,-0.015930
22,63,-0.015930
45,74,-0.015943
37,78,-0.015987
6,15,-0.016016
101,107,-0.016029
24,36,-0.016033
36,48,-0.016054
23,29,-0.016068
88,100,-0.016071
38,75,-0.016076
8,77,-0.016087
2,26,-0.016113
9,96,-0.016134
31,92,-0.016152
21,106,-0.016162
12,24,-0.016169
39,96,-0.016176
12,107,-0.016177
5,15,-0.016215
35,49,-0.016219
56,90,-0.016225
43,51,-0.016268
17,20,-0.016280
56,79,-0.016284
11,90,-0.016309
55,109,-0.016331
46,69,-0.016336
31,35,-0.016341
7,9,-0.016343
2,19,-0.016348
1,85,-0.016349
19,90,-0.016351
47,83,-0.016378
11,51,-0.016378
60,74,-0.016394
30,45,-0.016402
64,101,-0.016409
5,25,-0.016430
105,109,-0.016441
36,84,-0.016444
34,98,-0.016463
50,85,-0.016470
19,24,-0.016481
32,70,-0.016499
24,107,-0.016508
60,84,-0.016517
8,91,-0.016539
22,87,-0.016548
36,90,-0.016550
37,43,-0.016557
46,109,-0.016561
4,9,-0.016608
7,33,-0.016641
54,75,-0.016642
66,100,-0.016657
34,66,-0.016662
18,44,-0.016667
20,109,-0.016681
48,76,-0.016690
80,100,-0.016704
9,23,-0.016737
43,97,-0.016745
15,87,-0.016776
16,100,-0.016787
23,83,-0.016787
49,101,-0.016794
82,84,-0.016815
32,109,-0.016819
27,94,-0.016824
24,32,-0.016827
88,106,-0.016827
14,56,-0.016835
44,77,-0.016842
21,81,-0.016844
25,46,-0.016856
17,60,-0.016858
49,66,-0.016873
3,33,-0.016883
7,37,-0.016927
17,28,-0.016934
33,109,-0.016942
56,76,-0.016947
58,82,-0.016986
60,93,-0.016994
36,40,-0.016994
85,90,-0.017004
39,80,-0.017033
7,41,-0.017059
21,93,-0.017062
8,51,-0.017078
60,90,-0.017098
49,86,-0.017107
22,82,-0.017118
49,102,-0.017123
45,55,-0.017125
23,103,-0.017151
53,99,-0.017158
31,62,-0.017178
46,103,-0.017183
46,51,-0.017200
4,61,-0.017219
68,86,-0.017241
49,92,-0.017256
76,107,-0.017265
45,100,-0.017283
11,94,-0.017283
24,109,-0.017286
24,62,-0.017310
28,55,-0.017360
26,27,-0.017387
8,39,-0.017404
65,96,-0.017405
63,98,-0.017416
1,60,-0.017417
28,89,-0.017440
76,86,-0.017456
65,97,-0.017462
43,59,-0.017473
50,80,-0.017501
7,62,-0.017511
7,59,-0.017521
4,49,-0.017539
39,108,-0.017545
34,80,-0.017547
41,64,-0.017562
21,91,-0.017629
5,55,-0.017645
68,87,-0.017659
78,97,-0.017660
48,70,-0.017662
29,88,-0.017664
12,77,-0.017666
33,87,-0.017671
36,73,-0.017673
84,93,-0.017676
28,109,-0.017695
22,99,-0.017777
5,109,-0.017779
36,95,-0.017789
3,55,-0.017808
25,58,-0.017810
33,47,-0.017816
50,97,-0.017825
11,29,-0.017850
47,108,-0.017854
59,72,-0.017875
18,53,-0.017884
22,90,-0.017888
33,85,-0.017895
75,84,-0.017908
24,86,-0.017922
38,69,-0.017931
14,52,-0.017945
5,47,-0.017954
25,62,-0.017962
28,44,-0.017984
26,88,-0.017986
51,57,-0.017997
105,108,-0.018009
59,88,-0.018013
33,96,-0.018042
16,105,-0.018042
41,83,-0.018045
12,70,-0.018050
100,109,-0.018073
15,86,-0.018091
89,99,-0.018126
5,66,-0.018127
14,23,-0.018129
89,94,-0.018135
22,83,-0.018164
61,88,-0.018166
34,64,-0.018176
27,35,-0.018185
44,51,-0.018189
48,85,-0.018189
32,90,-0.018213
4,12,-0.018216
62,79,-0.018239
32,89,-0.018257
19,63,-0.018274
83,104,-0.018282
4,67,-0.018300
74,88,-0.018309
10,21,-0.018318
71,86,-0.018328
16,88,-0.018329
52,83,-0.018335
80,96,-0.018357
35,63,-0.018373
25,83,-0.018381
1,66,-0.018396
47,96,-0.018418
53,104,-0.018470
23,89,-0.018475
31,50,-0.018482
14,105,-0.018497
12,43,-0.018504
15,93,-0.018526
34,87,-0.018528
23,90,-0.018538
21,85,-0.018600
25,106,-0.018610
33,69,-0.018666
40,107,-0.018705
92,93,-0.018709
85,87,-0.018710
31,74,-0.018714
4,53,-0.018720
31,49,-0.018724
28,67,-0.018724
8,109,-0.018746
70,98,-0.018747
28,50,-0.018750
7,71,-0.018750
44,62,-0.018756
15,60,-0.018772
78,85,-0.018773
22,108,-0.018787
91,102,-0.018791
45,84,-0.018798
5,51,-0.018826
82,95,-0.018840
68,90,-0.018870
28,48,-0.018886
25,92,-0.018893
87,104,-0.018903
43,74,-0.018906
11,71,-0.018925
69,103,-0.018931
43,105,-0.018931
9,26,-0.018974
4,34,-0.018982
54,99,-0.018987
85,109,-0.018989
41,100,-0.019033
93,100,-0.019038
6,23,-0.019051
97,99,-0.019054
47,92,-0.019075
36,86,-0.019082
99,102,-0.019102
53,96,-0.019114
38,101,-0.019122
18,78,-0.019136
45,105,-0.019141
38,84,-0.019155
74,99,-0.019157
16,94,-0.019161
61,96,-0.019186
17,85,-0.019220
58,97,-0.019225
88,109,-0.019269
25,103,-0.019270
33,44,-0.019286
6,20,-0.019301
32,77,-0.019304
69,79,-0.019322
33,56,-0.019337
1,26,-0.019346
52,61,-0.019377
57,71,-0.019394
14,36,-0.019423
18,80,-0.019435
84,92,-0.019444
26,87,-0.019481
85,89,-0.019486
24,89,-0.019500
25,61,-0.019503
66,71,-0.019514
10,53,-0.019518
27,58,-0.019536
40,57,-0.019543
50,77,-0.019545
5,98,-0.019566
25,49,-0.019568
77,87,-0.019579
40,91,-0.019590
12,90,-0.019591
19,60,-0.019603
61,100,-0.019606
11,65,-0.019627
15,71,-0.019632
38,96,-0.019638
64,89,-0.019677
32,87,-0.019678
76,102,-0.019687
52,107,-0.019707
46,63,-0.019720
43,100,-0.019748
95,98,-0.019760
36,77,-0.019763
48,73,-0.019765
74,86,-0.019784
56,100,-0.019795
27,30,-0.019801
29,91,-0.019806
20,67,-0.019823
29,92,-0.019834
2,73,-0.019850
50,98,-0.019861
13,28,-0.019862
18,89,-0.019865
34,58,-0.019888
37,86,-0.019893
68,69,-0.019909
52,88,-0.019926
49,100,-0.019939
8,25,-0.019939
26,68,-0.019946
71,78,-0.019947
2,83,-0.019955
101,109,-0.019985
1,48,-0.020035
10,48,-0.020035
95,99,-0.020049
73,87,-0.020064
5,84,-0.020080
69,91,-0.020085
59,71,-0.020097
39,43,-0.020119
54,65,-0.020128
58,88,-0.020138
68,98,-0.020139
76,77,-0.020160
11,105,-0.020164
27,49,-0.020188
55,108,-0.020207
31,63,-0.020213
12,89,-0.020219
72,96,-0.020233
17,61,-0.020249
55,64,-0.020257
37,89,-0.020262
44,79,-0.020288
50,99,-0.020297
37,91,-0.020342
43,107,-0.020347
32,91,-0.020361
62,97,-0.020367
42,47,-0.020368
46,97,-0.020390
1,91,-0.020423
31,91,-0.020514
51,60,-0.020520
24,57,-0.020530
57,83,-0.020533
69,82,-0.020543
6,98,-0.020544
17,77,-0.020557
60,108,-0.020561
7,69,-0.020562
56,98,-0.020601
46,66,-0.020604
52,94,-0.020611
57,78,-0.020612
69,99,-0.020618
24,108,-0.020626
5,31,-0.020630
64,107,-0.020693
26,62,-0.020698
11,92,-0.020704
70,92,-0.020718
66,78,-0.020722
47,64,-0.020747
24,53,-0.020771
29,61,-0.020785
56,101,-0.020802
28,66,-0.020813
9,37,-0.020823
53,101,-0.020847
78,104,-0.020858
9,82,-0.020862
28,72,-0.020873
18,94,-0.020922
58,105,-0.020928
41,85,-0.020939
22,85,-0.020947
13,31,-0.020950
85,101,-0.020960
47,55,-0.020967
1,50,-0.020968
45,109,-0.020979
80,98,-0.020984
6,31,-0.021001
17,40,-0.021006
38,90,-0.021011
19,52,-0.021018
8,24,-0.021019
46,83,-0.021053
73,91,-0.021055
92,97,-0.021057
59,70,-0.021060
53,81,-0.021098
57,103,-0.021118
33,108,-0.021118
35,59,-0.021153
78,107,-0.021156
11,50,-0.021159
19,37,-0.021161
10,77,-0.021166
33,107,-0.021168
34,103,-0.021174
7,56,-0.021175
24,97,-0.021203
30,83,-0.021205
91,109,-0.021214
60,75,-0.021216
5,7,-0.021224
9,32,-0.021233
36,43,-0.021243
59,92,-0.021252
1,12,-0.021254
40,89,-0.021263
25,55,-0.021272
20,45,-0.021300
11,47,-0.021307
2,32,-0.021317
7,99,-0.021332
67,86,-0.021354
66,98,-0.021372
10,51,-0.021379
11,70,-0.021384
10,38,-0.021401
14,15,-0.021430
36,67,-0.021467
84,105,-0.021502
27,91,-0.021516
61,77,-0.021526
65,86,-0.021533
81,95,-0.021549
41,50,-0.021575
26,60,-0.021591
55,56,-0.021591
44,76,-0.021615
27,109,-0.021687
50,62,-0.021691
4,8,-0.021707
53,88,-0.021717
36,50,-0.021728
95,97,-0.021758
38,55,-0.021764
48,105,-0.021782
10,80,-0.021785
29,62,-0.021789
8,83,-0.021798
40,49,-0.021798
56,71,-0.021822
40,74,-0.021824
64,75,-0.021846
12,108,-0.021895
27,107,-0.021940
54,103,-0.021961
25,42,-0.021962
14,48,-0.022022
19,59,-0.022040
8,101,-0.022092
47,88,-0.022092
65,109,-0.022115
5,101,-0.022124
21,92,-0.022137
36,54,-0.022163
10,17,-0.022174
40,44,-0.022195
53,91,-0.022210
24,46,-0.022232
12,15,-0.022233
67,71,-0.022236
8,80,-0.022260
50,96,-0.022262
1,14,-0.022287
101,108,-0.022326
3,65,-0.022376
6,32,-0.022379
14,60,-0.022388
37,100,-0.022398
10,41,-0.022400
14,33,-0.022407
30,53,-0.022415
43,98,-0.022423
32,49,-0.022433
26,43,-0.022439
74,108,-0.022441
23,42,-0.022444
33,52,-0.022450
16,69,-0.022500
40,50,-0.022508
72,106,-0.022514
21,105,-0.022519
26,73,-0.022526
2,31,-0.022540
50,79,-0.022542
37,84,-0.022573
2,98,-0.022582
1,54,-0.022583
17,87,-0.022589
24,104,-0.022594
23,66,-0.022598
26,58,-0.022638
19,84,-0.022645
62,70,-0.022650
58,68,-0.022667
2,89,-0.022676
40,72,-0.022690
36,66,-0.022701
63,106,-0.022714
89,98,-0.022716
61,90,-0.022734
57,102,-0.022739
68,101,-0.022771
47,101,-0.022800
56,109,-0.022803
56,88,-0.022825
38,85,-0.022852
51,61,-0.022882
6,94,-0.022885
22,78,-0.022892
45,98,-0.022941
42,92,-0.022957
15,65,-0.022983
90,99,-0.023025
55,76,-0.023064
34,106,-0.023089
5,50,-0.023094
50,91,-0.023115
12,54,-0.023120
63,85,-0.023128
50,102,-0.023132
39,58,-0.023145
90,91,-0.023153
72,103,-0.023166
18,95,-0.023184
37,56,-0.023187
40,96,-0.023193
36,63,-0.023219
12,14,-0.023290
26,105,-0.023290
46,87,-0.023312
26,82,-0.023340
45,75,-0.023342
76,104,-0.023358
37,44,-0.023371
5,54,-0.023391
1,82,-0.023408
46,72,-0.023439
2,15,-0.023442
23,24,-0.023449
73,101,-0.023468
64,98,-0.023493
38,61,-0.023496
11,54,-0.023551
32,43,-0.023564
20,22,-0.023582
46,77,-0.023590
28,107,-0.023591
40,84,-0.023613
20,94,-0.023615
24,44,-0.023633
1,70,-0.023650
19,76,-0.023692
68,103,-0.023704
2,44,-0.023705
10,45,-0.023709
15,45,-0.023712
11,39,-0.023722
11,109,-0.023724
67,69,-0.023762
4,104,-0.023776
35,78,-0.023778
22,107,-0.023813
21,80,-0.023814
41,80,-0.023820
37,74,-0.023883
36,44,-0.023889
9,63,-0.023897
53,54,-0.023897
10,103,-0.023931
6,39,-0.023959
4,109,-0.023964
67,81,-0.023994
29,63,-0.023995
35,45,-0.024000
9,87,-0.024093
8,104,-0.024098
77,107,-0.024113
45,99,-0.024122
2,59,-0.024140
52,55,-0.024177
10,25,-0.024179
1,15,-0.024192
72,100,-0.024199
31,80,-0.024206
73,88,-0.024211
31,70,-0.024228
27,76,-0.024235
26,95,-0.024272
15,105,-0.024282
9,60,-0.024287
28,103,-0.024296
23,65,-0.024301
7,19,-0.024307
22,62,-0.024323
51,94,-0.024330
52,93,-0.024368
77,109,-0.024375
102,109,-0.024415
26,53,-0.024435
79,109,-0.024437
27,99,-0.024488
20,50,-0.024538
86,91,-0.024552
9,56,-0.024598
43,75,-0.024598
58,106,-0.024601
61,103,-0.024608
31,66,-0.024663
9,19,-0.024677
40,85,-0.024682
35,39,-0.024685
27,57,-0.024695
12,105,-0.024712
62,104,-0.024718
4,84,-0.024760
34,62,-0.024776
33,53,-0.024800
66,70,-0.024806
42,93,-0.024835
30,70,-0.024837
61,81,-0.024867
28,83,-0.024877
1,17,-0.024881
11,45,-0.024883
63,72,-0.024905
2,23,-0.024919
84,86,-0.024922
11,66,-0.024945
34,74,-0.024956
37,109,-0.024962
48,74,-0.024982
32,102,-0.024996
30,101,-0.025005
26,57,-0.025005
41,53,-0.025012
20,48,-0.025028
23,49,-0.025036
7,81,-0.025042
6,29,-0.025043
18,39,-0.025061
31,68,-0.025061
40,109,-0.025075
23,106,-0.025076
4,18,-0.025086
49,96,-0.025087
47,79,-0.025088
74,92,-0.025118
6,97,-0.025128
51,71,-0.025137
78,92,-0.025145
37,50,-0.025170
37,96,-0.025176
28,36,-0.025204
63,71,-0.025210
28,60,-0.025216
44,65,-0.025222
41,46,-0.025259
1,92,-0.025274
5,29,-0.025295
8,92,-0.025305
29,69,-0.025311
40,47,-0.025316
28,62,-0.025323
9,80,-0.025378
5,69,-0.025380
63,73,-0.025392
15,103,-0.025407
60,104,-0.025418
26,71,-0.025428
61,98,-0.025441
36,41,-0.025441
2,69,-0.025463
11,21,-0.025521
7,61,-0.025538
35,50,-0.025552
53,68,-0.025561
49,90,-0.025567
4,57,-0.025579
93,99,-0.025592
13,105,-0.025603
3,93,-0.025616
45,79,-0.025626
8,33,-0.025628
24,85,-0.025651
70,78,-0.025664
52,65,-0.025670
18,58,-0.025678
58,92,-0.025683
57,79,-0.025693
66,93,-0.025709
76,101,-0.025724
60,89,-0.025733
1,13,-0.025739
17,68,-0.025793
38,100,-0.025798
6,34,-0.025806
9,12,-0.025819
48,89,-0.025837
21,68,-0.025855
25,54,-0.025866
60,109,-0.025871
31,95,-0.025875
29,89,-0.025886
20,98,-0.025922
34,40,-0.025968
29,47,-0.025970
103,109,-0.025989
1,44,-0.026018
50,64,-0.026050
46,102,-0.026051
19,69,-0.026073
31,56,-0.026077
22,101,-0.026115
1,36,-0.026137
65,99,-0.026153
3,78,-0.026158
5,33,-0.026189
11,28,-0.026192
50,63,-0.026192
2,39,-0.026206
12,40,-0.026251
31,64,-0.026260
70,77,-0.026292
5,45,-0.026318
3,89,-0.026327
22,79,-0.026328
18,103,-0.026343
53,76,-0.026353
21,75,-0.026357
57,67,-0.026365
47,48,-0.026422
86,87,-0.026434
50,83,-0.026445
9,43,-0.026446
94,99,-0.026448
19,101,-0.026466
17,97,-0.026479
8,70,-0.026512
34,39,-0.026513
13,98,-0.026518
33,76,-0.026522
4,11,-0.026533
16,97,-0.026539
4,108,-0.026542
9,46,-0.026559
59,89,-0.026561
4,54,-0.026571
23,63,-0.026593
26,31,-0.026623
26,108,-0.026633
75,91,-0.026636
31,36,-0.026646
76,90,-0.026646
19,49,-0.026662
21,67,-0.026677
58,61,-0.026690
33,72,-0.026703
36,105,-0.026730
20,66,-0.026745
31,45,-0.026756
36,100,-0.026788
10,26,-0.026804
59,109,-0.026814
7,40,-0.026819
47,52,-0.026840
15,28,-0.026849
25,68,-0.026857
8,21,-0.026860
76,81,-0.026879
49,84,-0.026881
83,109,-0.026883
87,109,-0.026889
18,55,-0.026902
66,84,-0.026912
103,104,-0.026918
3,58,-0.026923
4,38,-0.026924
44,100,-0.026932
1,10,-0.026939
2,29,-0.026972
42,69,-0.026979
42,95,-0.027026
31,89,-0.027042
10,29,-0.027075
77,94,-0.027082
4,58,-0.027084
38,45,-0.027099
18,65,-0.027150
90,109,-0.027153
35,42,-0.027162
48,59,-0.027170
96,106,-0.027178
34,104,-0.027202
29,54,-0.027207
8,69,-0.027248
38,39,-0.027259
19,85,-0.027261
5,26,-0.027265
79,84,-0.027282
37,42,-0.027328
14,35,-0.027347
5,53,-0.027367
34,51,-0.027371
78,91,-0.027378
96,102,-0.027395
37,99,-0.027408
78,100,-0.027423
58,96,-0.027424
42,89,-0.027429
37,87,-0.027461
56,75,-0.027509
17,107,-0.027515
22,97,-0.027517
32,65,-0.027517
43,56,-0.027527
43,99,-0.027578
29,49,-0.027591
86,94,-0.027592
50,90,-0.027644
86,97,-0.027647
22,28,-0.027671
15,106,-0.027674
65,81,-0.027696
28,106,-0.027698
36,87,-0.027707
77,108,-0.027710
12,37,-0.027741
64,100,-0.027742
4,28,-0.027762
21,27,-0.027780
86,107,-0.027797
53,97,-0.027815
94,108,-0.027826
76,92,-0.027828
40,46,-0.027906
8,35,-0.027911
47,81,-0.027929
1,16,-0.027930
16,73,-0.027930
43,68,-0.027930
32,85,-0.027977
71,92,-0.027983
2,108,-0.028027
25,69,-0.028032
9,34,-0.028051
35,105,-0.028068
7,72,-0.028068
100,108,-0.028080
29,80,-0.028083
77,95,-0.028087
39,91,-0.028099
30,89,-0.028099
16,101,-0.028104
57,72,-0.028124
51,72,-0.028129
58,109,-0.028130
38,54,-0.028131
68,80,-0.028155
21,97,-0.028216
30,95,-0.028220
36,49,-0.028236
6,107,-0.028238
36,107,-0.028250
25,51,-0.028254
31,43,-0.028256
72,78,-0.028309
37,61,-0.028434
19,103,-0.028445
17,78,-0.028446
13,24,-0.028458
69,108,-0.028471
44,106,-0.028473
4,26,-0.028473
35,65,-0.028479
18,27,-0.028481
91,94,-0.028487
25,89,-0.028494
29,66,-0.028499
22,24,-0.028533
30,88,-0.028547
63,100,-0.028572
2,107,-0.028587
83,96,-0.028655
4,56,-0.028695
38,94,-0.028702
1,69,-0.028725
2,109,-0.028726
79,82,-0.028763
29,45,-0.028765
18,102,-0.028768
20,75,-0.028807
77,84,-0.028825
33,43,-0.028843
17,58,-0.028846
70,106,-0.028847
49,97,-0.028871
4,71,-0.028872
18,74,-0.028873
36,42,-0.028909
15,52,-0.028936
1,45,-0.028938
26,102,-0.028956
27,50,-0.028957
8,41,-0.028973
77,88,-0.028977
35,71,-0.028985
26,98,-0.028997
29,56,-0.029000
30,74,-0.029036
3,21,-0.029055
22,67,-0.029133
67,91,-0.029136
97,103,-0.029138
49,79,-0.029139
69,81,-0.029147
7,78,-0.029172
52,89,-0.029179
21,48,-0.029180
27,46,-0.029189
48,61,-0.029210
19,47,-0.029225
13,55,-0.029229
11,33,-0.029233
21,57,-0.029235
7,34,-0.029236
27,108,-0.029268
8,48,-0.029274
32,79,-0.029329
41,86,-0.029340
26,89,-0.029349
15,43,-0.029355
2,49,-0.029398
23,55,-0.029404
4,107,-0.029409
67,92,-0.029435
29,68,-0.029445
60,96,-0.029490
6,104,-0.029541
5,78,-0.029551
5,94,-0.029598
14,29,-0.029607
42,109,-0.029633
48,71,-0.029636
69,98,-0.029658
79,108,-0.029792
39,76,-0.029793
13,33,-0.029822
10,98,-0.029841
3,109,-0.029842
75,106,-0.029864
37,68,-0.029883
102,108,-0.029889
10,58,-0.029910
8,18,-0.029935
18,91,-0.029943
33,45,-0.029949
5,89,-0.029991
20,51,-0.029992
84,89,-0.029993
14,26,-0.030043
61,91,-0.030048
9,62,-0.030074
43,104,-0.030103
47,102,-0.030122
40,108,-0.030123
90,107,-0.030130
24,45,-0.030139
72,77,-0.030140
76,94,-0.030146
54,62,-0.030209
12,109,-0.030245
21,33,-0.030249
18,88,-0.030308
24,60,-0.030309
52,102,-0.030313
14,84,-0.030313
52,109,-0.030327
81,109,-0.030330
5,63,-0.030356
53,108,-0.030356
57,87,-0.030356
26,107,-0.030381
34,81,-0.030387
86,109,-0.030397
61,65,-0.030409
19,100,-0.030410
34,63,-0.030420
53,59,-0.030433
8,94,-0.030435
67,106,-0.030445
32,55,-0.030452
21,76,-0.030462
32,62,-0.030490
95,106,-0.030491
15,100,-0.030499
3,22,-0.030506
35,102,-0.030513
25,105,-0.030514
9,42,-0.030579
4,68,-0.030581
13,101,-0.030594
19,79,-0.030597
60,73,-0.030616
36,45,-0.030649
15,56,-0.030650
85,97,-0.030673
74,87,-0.030700
94,107,-0.030717
71,93,-0.030773
37,108,-0.030788
73,92,-0.030790
50,57,-0.030791
31,61,-0.030817
25,57,-0.030825
32,106,-0.030830
38,53,-0.030850
84,85,-0.030855
46,79,-0.030880
27,96,-0.030882
52,78,-0.030883
89,100,-0.030922
70,102,-0.030922
76,79,-0.030938
5,65,-0.030949
76,97,-0.030961
47,57,-0.030970
36,47,-0.030993
7,13,-0.031034
58,90,-0.031036
12,98,-0.031036
17,49,-0.031039
1,11,-0.031080
29,64,-0.031116
23,96,-0.031121
86,104,-0.031140
7,35,-0.031153
30,69,-0.031175
26,75,-0.031185
30,55,-0.031210
2,97,-0.031221
22,80,-0.031227
11,97,-0.031244
12,41,-0.031252
43,101,-0.031253
86,88,-0.031270
100,104,-0.031278
103,108,-0.031295
46,104,-0.031306
81,97,-0.031379
40,61,-0.031382
20,26,-0.031444
5,27,-0.031450
26,109,-0.031452
34,83,-0.031453
23,33,-0.031479
39,66,-0.031503
33,84,-0.031512
25,64,-0.031515
4,50,-0.031553
58,101,-0.031572
17,44,-0.031596
14,21,-0.031606
23,39,-0.031620
49,81,-0.031622
21,82,-0.031639
50,86,-0.031658
36,69,-0.031692
55,84,-0.031698
6,109,-0.031716
47,106,-0.031720
2,94,-0.031727
54,83,-0.031728
65,89,-0.031749
93,102,-0.031785
30,96,-0.031793
47,86,-0.031819
21,104,-0.031820
62,73,-0.031832
18,84,-0.031863
65,78,-0.031873
50,100,-0.031891
5,28,-0.031926
60,88,-0.031940
65,108,-0.031955
91,95,-0.032013
20,52,-0.032016
32,76,-0.032044
52,72,-0.032073
5,102,-0.032088
49,77,-0.032104
23,28,-0.032105
19,86,-0.032139
27,52,-0.032159
5,77,-0.032171
18,33,-0.032178
45,81,-0.032195
76,89,-0.032199
18,51,-0.032202
4,10,-0.032204
30,47,-0.032277
9,58,-0.032304
12,74,-0.032331
37,53,-0.032348
3,49,-0.032371
103,106,-0.032373
10,79,-0.032385
1,21,-0.032386
24,58,-0.032399
21,83,-0.032401
10,92,-0.032435
70,83,-0.032445
3,40,-0.032461
69,96,-0.032465
50,66,-0.032470
53,57,-0.032470
15,68,-0.032484
12,72,-0.032484
90,108,-0.032498
85,92,-0.032499
66,73,-0.032502
71,77,-0.032555
22,100,-0.032580
32,59,-0.032581
45,76,-0.032587
33,48,-0.032598
78,96,-0.032603
38,68,-0.032639
35,83,-0.032648
94,98,-0.032710
23,51,-0.032719
28,74,-0.032731
29,57,-0.032731
27,93,-0.032776
23,31,-0.032792
26,70,-0.032797
26,29,-0.032798
3,95,-0.032811
24,84,-0.032834
38,43,-0.032864
11,101,-0.032865
9,91,-0.032887
58,81,-0.032903
23,100,-0.032914
41,99,-0.032922
43,96,-0.032936
54,102,-0.032939
83,108,-0.032945
8,15,-0.032970
40,71,-0.032994
59,84,-0.033017
54,78,-0.033020
7,93,-0.033054
20,41,-0.033060
39,45,-0.033120
5,49,-0.033144
22,91,-0.033175
43,81,-0.033178
22,96,-0.033194
27,70,-0.033210
61,92,-0.033219
16,33,-0.033221
12,33,-0.033226
31,69,-0.033252
73,90,-0.033267
64,97,-0.033271
53,84,-0.033277
4,46,-0.033297
7,76,-0.033338
21,55,-0.033388
43,57,-0.033391
72,80,-0.033407
10,87,-0.033429
17,50,-0.033441
34,52,-0.033452
35,77,-0.033529
62,65,-0.033538
21,31,-0.033553
81,104,-0.033585
59,108,-0.033591
29,73,-0.033606
25,74,-0.033608
14,103,-0.033615
36,94,-0.033625
20,102,-0.033650
62,72,-0.033673
86,95,-0.033729
17,104,-0.033738
40,70,-0.033750
16,104,-0.033769
38,97,-0.033773
36,70,-0.033797
12,31,-0.033827
8,74,-0.033875
1,94,-0.033901
8,95,-0.033924
15,29,-0.033936
30,75,-0.033953
106,109,-0.033958
71,83,-0.033959
10,86,-0.033979
27,34,-0.033980
24,47,-0.033991
10,40,-0.034039
63,109,-0.034065
7,108,-0.034074
66,75,-0.034077
27,47,-0.034126
30,43,-0.034146
30,102,-0.034155
18,90,-0.034160
23,97,-0.034162
92,107,-0.034205
20,83,-0.034226
27,54,-0.034232
94,106,-0.034235
88,107,-0.034239
71,81,-0.034324
6,8,-0.034328
29,43,-0.034360
39,62,-0.034368
80,109,-0.034398
10,31,-0.034464
13,43,-0.034472
19,80,-0.034484
20,36,-0.034501
81,108,-0.034516
38,104,-0.034517
35,43,-0.034523
3,23,-0.034544
89,106,-0.034562
29,36,-0.034572
20,53,-0.034595
24,82,-0.034622
63,84,-0.034624
26,52,-0.034636
25,95,-0.034638
37,106,-0.034653
71,97,-0.034654
71,98,-0.034656
37,76,-0.034682
71,102,-0.034720
50,65,-0.034726
60,105,-0.034727
45,107,-0.034789
17,31,-0.034793
63,70,-0.034796
22,53,-0.034805
73,76,-0.034822
39,99,-0.034826
30,93,-0.034849
26,85,-0.034859
36,109,-0.034863
20,32,-0.034895
46,90,-0.034898
3,9,-0.034903
63,95,-0.034967
92,109,-0.034987
20,63,-0.034989
3,44,-0.035072
99,109,-0.035083
30,50,-0.035088
25,70,-0.035148
5,39,-0.035155
54,58,-0.035156
15,67,-0.035167
33,58,-0.035178
17,39,-0.035192
80,87,-0.035196
53,74,-0.035207
20,55,-0.035209
62,95,-0.035243
37,46,-0.035258
17,75,-0.035259
77,85,-0.035263
58,77,-0.035316
69,76,-0.035332
4,13,-0.035332
16,41,-0.035368
85,94,-0.035402
36,39,-0.035418
17,71,-0.035438
32,84,-0.035441
49,107,-0.035500
26,55,-0.035563
40,94,-0.035577
38,72,-0.035618
41,47,-0.035654
3,73,-0.035669
50,92,-0.035669
88,97,-0.035704
55,95,-0.035712
45,70,-0.035731
74,106,-0.035756
58,63,-0.035776
16,54,-0.035795
2,104,-0.035795
28,94,-0.035797
6,108,-0.035821
38,60,-0.035894
6,47,-0.035903
45,58,-0.035923
3,108,-0.035927
3,76,-0.035930
15,55,-0.035932
4,19,-0.036000
7,50,-0.036006
1,52,-0.036031
16,109,-0.036037
89,95,-0.036056
17,93,-0.036095
14,24,-0.036128
30,39,-0.036136
31,94,-0.036144
66,109,-0.036165
41,56,-0.036219
4,15,-0.036246
47,87,-0.036286
16,95,-0.036294
21,70,-0.036341
43,78,-0.036345
22,43,-0.036361
49,59,-0.036400
26,103,-0.036413
15,98,-0.036421
85,107,-0.036436
44,81,-0.036456
14,31,-0.036476
51,95,-0.036487
84,101,-0.036528
46,74,-0.036533
21,101,-0.036620
36,83,-0.036629
46,65,-0.036630
54,98,-0.036634
26,39,-0.036654
13,77,-0.036673
13,91,-0.036680
65,85,-0.036697
55,68,-0.036751
14,59,-0.036765
11,104,-0.036792
62,109,-0.036794
68,102,-0.036801
26,97,-0.036802
38,47,-0.036832
28,69,-0.036853
35,87,-0.036872
25,86,-0.036880
37,49,-0.036884
14,55,-0.036942
17,98,-0.037018
70,90,-0.037025
39,48,-0.037047
35,90,-0.037063
11,74,-0.037081
32,51,-0.037087
30,90,-0.037116
41,62,-0.037186
86,108,-0.037222
64,104,-0.037229
36,103,-0.037233
21,66,-0.037253
56,103,-0.037299
26,96,-0.037325
32,71,-0.037336
30,109,-0.037362
37,70,-0.037387
26,90,-0.037419
5,90,-0.037423
95,105,-0.037467
4,25,-0.037491
44,99,-0.037493
4,32,-0.037524
26,101,-0.037535
49,57,-0.037538
18,59,-0.037570
37,73,-0.037581
4,95,-0.037594
62,87,-0.037605
35,94,-0.037607
63,67,-0.037625
20,79,-0.037629
5,107,-0.037643
85,104,-0.037654
62,96,-0.037674
68,74,-0.037696
68,83,-0.037742
34,84,-0.037750
47,90,-0.037775
1,19,-0.037804
34,55,-0.037846
9,45,-0.037916
10,66,-0.037927
21,107,-0.037929
69,89,-0.037937
28,79,-0.037954
30,58,-0.037965
49,65,-0.038007
12,97,-0.038070
43,52,-0.038088
6,75,-0.038100
27,71,-0.038111
3,20,-0.038203
18,69,-0.038213
42,108,-0.038345
38,50,-0.038357
83,93,-0.038406
43,109,-0.038416
27,28,-0.038454
12,29,-0.038459
8,28,-0.038468
42,50,-0.038518
6,7,-0.038525
9,21,-0.038529
23,79,-0.038558
23,98,-0.038587
4,36,-0.038621
20,21,-0.038629
94,105,-0.038675
16,74,-0.038695
82,98,-0.038709
11,26,-0.038785
29,82,-0.038816
56,87,-0.038819
18,43,-0.038825
39,92,-0.038863
11,72,-0.038933
15,78,-0.038946
49,64,-0.038960
57,105,-0.039000
25,87,-0.039012
21,44,-0.039041
9,38,-0.039041
21,74,-0.039043
63,108,-0.039054
2,67,-0.039147
25,63,-0.039159
17,29,-0.039161
31,71,-0.039176
26,104,-0.039235
39,60,-0.039238
23,105,-0.039247
73,103,-0.039249
64,109,-0.039259
35,53,-0.039260
80,108,-0.039303
58,94,-0.039307
25,79,-0.039335
48,109,-0.039485
12,55,-0.039525
1,56,-0.039558
13,100,-0.039563
21,29,-0.039572
65,74,-0.039582
2,75,-0.039584
14,98,-0.039621
15,101,-0.039632
35,98,-0.039732
52,53,-0.039767
60,70,-0.039801
7,73,-0.039825
36,89,-0.039826
37,107,-0.039842
28,61,-0.039874
21,100,-0.039882
9,64,-0.039894
44,64,-0.039908
12,101,-0.039941
52,98,-0.040005
31,54,-0.040050
81,107,-0.040063
87,99,-0.040079
13,79,-0.040080
75,94,-0.040100
22,51,-0.040117
72,84,-0.040134
25,99,-0.040136
19,51,-0.040141
10,43,-0.040145
32,105,-0.040159
60,91,-0.040228
28,98,-0.040239
65,91,-0.040321
67,99,-0.040338
13,102,-0.040340
91,108,-0.040341
35,55,-0.040486
13,40,-0.040517
52,71,-0.040521
24,49,-0.040543
72,91,-0.040553
92,108,-0.040595
24,68,-0.040606
22,29,-0.040611
22,37,-0.040614
35,101,-0.040699
40,76,-0.040710
10,63,-0.040729
43,77,-0.040748
14,81,-0.040765
38,109,-0.040767
47,77,-0.040776
15,59,-0.040784
67,80,-0.040786
19,29,-0.040786
24,69,-0.040813
17,73,-0.040815
69,100,-0.040830
13,37,-0.040868
61,105,-0.040880
13,27,-0.040891
1,61,-0.040895
26,77,-0.040901
3,104,-0.040909
9,106,-0.040960
25,72,-0.040965
73,98,-0.041030
27,68,-0.041050
28,80,-0.041054
46,105,-0.041072
19,98,-0.041089
16,44,-0.041098
21,28,-0.041118
21,73,-0.041154
54,85,-0.041179
32,58,-0.041217
21,71,-0.041217
31,82,-0.041252
66,67,-0.041284
1,22,-0.041287
36,97,-0.041296
75,95,-0.041325
13,103,-0.041414
73,79,-0.041426
35,75,-0.041456
39,56,-0.041568
3,39,-0.041618
8,66,-0.041662
66,108,-0.041707
23,48,-0.041805
29,52,-0.041853
55,61,-0.041915
2,9,-0.041928
21,37,-0.041945
36,55,-0.041973
67,84,-0.041976
50,106,-0.041991
28,102,-0.042011
3,50,-0.042012
72,102,-0.042016
44,58,-0.042058
7,32,-0.042122
30,104,-0.042155
9,66,-0.042166
22,49,-0.042244
42,88,-0.042288
17,109,-0.042296
69,87,-0.042338
28,75,-0.042370
36,101,-0.042388
12,87,-0.042407
17,95,-0.042417
51,68,-0.042435
23,104,-0.042437
59,94,-0.042473
86,96,-0.042475
71,90,-0.042484
19,58,-0.042504
41,76,-0.042511
71,107,-0.042565
7,38,-0.042616
40,88,-0.042619
53,93,-0.042644
25,59,-0.042644
31,52,-0.042686
37,72,-0.042693
37,60,-0.042698
79,95,-0.042733
37,71,-0.042752
88,104,-0.042799
18,29,-0.042822
72,79,-0.042869
84,98,-0.042898
23,41,-0.042904
8,52,-0.042907
56,97,-0.042916
22,42,-0.042949
13,90,-0.042965
17,76,-0.042965
38,70,-0.042972
6,50,-0.042992
21,63,-0.042992
73,86,-0.043036
37,95,-0.043055
62,108,-0.043072
73,102,-0.043081
73,80,-0.043102
43,70,-0.043112
106,108,-0.043247
19,31,-0.043286
36,96,-0.043302
21,108,-0.043326
75,92,-0.043335
99,108,-0.043348
21,102,-0.043352
49,76,-0.043355
18,105,-0.043463
25,101,-0.043501
3,67,-0.043683
68,107,-0.043708
14,39,-0.043734
23,77,-0.043734
8,32,-0.043739
43,50,-0.043740
34,59,-0.043744
63,107,-0.043775
13,83,-0.043792
24,94,-0.043832
13,59,-0.043894
21,59,-0.043926
95,102,-0.044009
21,103,-0.044018
13,65,-0.044028
59,96,-0.044127
5,37,-0.044135
36,53,-0.044149
10,105,-0.044211
78,87,-0.044236
80,93,-0.044268
56,96,-0.044324
13,81,-0.044331
16,89,-0.044389
65,73,-0.044395
20,65,-0.044413
39,64,-0.044419
20,92,-0.044426
6,67,-0.044438
50,52,-0.044438
5,40,-0.044439
15,31,-0.044468
19,74,-0.044513
18,98,-0.044524
29,71,-0.044566
32,103,-0.044625
6,9,-0.044643
47,65,-0.044672
29,94,-0.044691
28,49,-0.044722
11,107,-0.044767
49,52,-0.044780
51,73,-0.044794
1,34,-0.044820
48,49,-0.044829
24,43,-0.044830
34,105,-0.044848
6,76,-0.045005
83,84,-0.045129
71,96,-0.045168
8,17,-0.045171
20,105,-0.045197
19,33,-0.045208
12,104,-0.045248
48,67,-0.045287
11,37,-0.045296
27,72,-0.045306
87,89,-0.045427
8,54,-0.045449
6,89,-0.045479
59,93,-0.045482
43,54,-0.045487
57,75,-0.045501
54,100,-0.045502
33,60,-0.045608
19,53,-0.045609
31,73,-0.045664
24,73,-0.045687
18,31,-0.045692
39,57,-0.045795
42,97,-0.045814
6,13,-0.045846
21,42,-0.045895
20,69,-0.045895
54,76,-0.045943
34,102,-0.045947
14,91,-0.045949
27,73,-0.046010
16,47,-0.046032
64,72,-0.046035
37,47,-0.046055
40,95,-0.046092
31,84,-0.046095
23,72,-0.046099
37,85,-0.046194
50,87,-0.046249
54,86,-0.046270
1,68,-0.046306
70,86,-0.046334
30,108,-0.046341
58,78,-0.046344
3,71,-0.046383
64,108,-0.046404
48,75,-0.046407
58,93,-0.046489
3,13,-0.046538
27,95,-0.046553
53,73,-0.046565
16,108,-0.046635
13,87,-0.046687
9,17,-0.046718
28,47,-0.046739
34,86,-0.046766
9,28,-0.046771
32,81,-0.046849
21,65,-0.046854
1,46,-0.046858
87,95,-0.046893
48,78,-0.046895
23,54,-0.046951
64,93,-0.046956
36,104,-0.046960
36,98,-0.046999
19,27,-0.047049
21,98,-0.047085
14,80,-0.047283
76,91,-0.047365
60,101,-0.047369
23,58,-0.047384
31,32,-0.047448
30,67,-0.047453
7,25,-0.047583
18,71,-0.047603
23,40,-0.047614
71,91,-0.047618
13,58,-0.047721
56,104,-0.047737
63,76,-0.047746
80,95,-0.047892
73,75,-0.047909
28,53,-0.048006
55,73,-0.048268
30,71,-0.048346
25,77,-0.048352
48,108,-0.048383
22,27,-0.048404
72,83,-0.048444
18,50,-0.048453
7,46,-0.048573
42,104,-0.048639
13,86,-0.048697
5,97,-0.048702
19,43,-0.048834
7,95,-0.048843
20,90,-0.048865
34,42,-0.048952
40,43,-0.048954
2,13,-0.048988
32,42,-0.048998
33,57,-0.049022
1,32,-0.049061
14,99,-0.049067
50,58,-0.049126
71,100,-0.049155
42,54,-0.049159
7,88,-0.049180
26,74,-0.049296
17,108,-0.049319
15,77,-0.049325
33,94,-0.049341
94,100,-0.049344
23,81,-0.049496
2,50,-0.049631
13,63,-0.049650
34,65,-0.049663
62,67,-0.049700
4,73,-0.049711
55,57,-0.049747
22,98,-0.049759
13,80,-0.049774
13,52,-0.049781
16,39,-0.049892
14,79,-0.049914
37,58,-0.049921
38,74,-0.050037
7,18,-0.050047
15,42,-0.050059
84,97,-0.050127
39,52,-0.050175
29,32,-0.050196
9,92,-0.050213
33,95,-0.050232
36,74,-0.050346
86,93,-0.050346
33,46,-0.050349
81,94,-0.050352
38,73,-0.050379
20,88,-0.050399
9,35,-0.050424
14,102,-0.050531
13,42,-0.050538
71,105,-0.050566
33,61,-0.050571
38,108,-0.050578
48,50,-0.050648
56,74,-0.050664
35,69,-0.050672
95,103,-0.050781
72,85,-0.050807
20,100,-0.050830
23,92,-0.050843
43,67,-0.050867
25,81,-0.050918
32,74,-0.050971
1,95,-0.051070
72,92,-0.051115
8,38,-0.051141
24,72,-0.051230
9,30,-0.051300
53,95,-0.051316
61,79,-0.051333
55,94,-0.051505
18,75,-0.051517
46,53,-0.051577
13,92,-0.051590
14,62,-0.051618
16,75,-0.051646
22,102,-0.051669
5,104,-0.051671
2,53,-0.051676
52,108,-0.051736
4,14,-0.051746
52,75,-0.051761
21,90,-0.051779
24,95,-0.051819
39,68,-0.051882
76,83,-0.052020
22,33,-0.052030
3,8,-0.052072
7,28,-0.052099
16,72,-0.052106
15,85,-0.052118
21,77,-0.052144
23,95,-0.052188
42,49,-0.052206
2,72,-0.052218
30,49,-0.052226
82,100,-0.052280
21,43,-0.052287
19,102,-0.052303
82,87,-0.052323
20,39,-0.052410
61,87,-0.052517
23,101,-0.052532
13,66,-0.052548
4,72,-0.052555
15,40,-0.052598
25,84,-0.052607
42,72,-0.052765
6,44,-0.052797
2,8,-0.052856
22,55,-0.052907
16,67,-0.052978
18,47,-0.052982
19,83,-0.053223
19,71,-0.053288
46,98,-0.053303
58,74,-0.053334
15,58,-0.053347
34,53,-0.053373
1,23,-0.053415
44,59,-0.053444
24,61,-0.053568
24,71,-0.053580
16,50,-0.053629
36,65,-0.053698
41,84,-0.053719
32,98,-0.053735
19,55,-0.053776
10,65,-0.053881
26,72,-0.053960
1,35,-0.053997
7,14,-0.054008
22,31,-0.054013
73,105,-0.054097
10,33,-0.054133
14,83,-0.054316
43,93,-0.054345
46,55,-0.054462
38,89,-0.054468
44,84,-0.054615
14,100,-0.054631
13,62,-0.055012
13,106,-0.055139
13,99,-0.055172
14,27,-0.055238
72,82,-0.055332
28,85,-0.055383
10,102,-0.055563
58,70,-0.055572
22,105,-0.055642
41,58,-0.055755
39,61,-0.056159
61,101,-0.056244
21,89,-0.056339
1,57,-0.056360
9,20,-0.056639
14,64,-0.056693
68,105,-0.056738
52,67,-0.056809
6,72,-0.056839
79,94,-0.056887
19,105,-0.056896
46,101,-0.057040
30,94,-0.057069
4,22,-0.057087
30,44,-0.057128
20,101,-0.057441
13,30,-0.057478
9,57,-0.057508
65,70,-0.057547
31,46,-0.057555
19,39,-0.057623
17,72,-0.057647
21,39,-0.057737
18,49,-0.057904
54,60,-0.057961
9,52,-0.057999
56,72,-0.057999
57,98,-0.058000
10,83,-0.058105
23,53,-0.058130
28,88,-0.058152
34,101,-0.058207
41,43,-0.058478
12,39,-0.058521
49,106,-0.058831
1,18,-0.059027
38,67,-0.059257
64,67,-0.059279
2,14,-0.059288
10,37,-0.059406
10,27,-0.059518
13,64,-0.059549
10,101,-0.059607
7,26,-0.059717
15,76,-0.059763
72,81,-0.060022
26,42,-0.060040
13,48,-0.060076
21,96,-0.060248
14,86,-0.060254
29,46,-0.060286
39,46,-0.060326
31,57,-0.060345
7,21,-0.060736
34,90,-0.060900
34,71,-0.060973
10,55,-0.061145
33,71,-0.061189
9,16,-0.061296
13,17,-0.061394
9,48,-0.061548
83,95,-0.061635
22,89,-0.061868
13,16,-0.061931
17,67,-0.062045
10,90,-0.062255
3,14,-0.062393
23,87,-0.062551
72,86,-0.062656
7,36,-0.062718
38,49,-0.062740
62,93,-0.062796
84,107,-0.063276
14,30,-0.063310
22,76,-0.063321
41,60,-0.063529
6,49,-0.063766
14,17,-0.064022
34,77,-0.064341
16,93,-0.064539
6,14,-0.064583
30,76,-0.064933
14,42,-0.064938
35,72,-0.065133
26,76,-0.065350
13,38,-0.065359
73,83,-0.065756
33,73,-0.065830
71,101,-0.066374
21,40,-0.066416
8,26,-0.066658
9,18,-0.067157
14,38,-0.067396
33,68,-0.067940
16,49,-0.068220
3,72,-0.068396
55,71,-0.068617
59,95,-0.068617
1,73,-0.068832
18,72,-0.068940
25,91,-0.069119
38,93,-0.069862
22,103,-0.069902
14,106,-0.070001
2,25,-0.075153
71,79,-0.075318
6,25,-0.075881
38,44,-0.076213
7,22,-0.079118
14,16,-0.081516
25,52,-0.084976
41,71,-0.086697
30,72,-0.089617
