26 66 2.869187e+00
2 4 2.148268e+00
59 64 1.760650e+00
9 22 1.700156e+00
6 34 1.658593e+00
58 66 1.562913e+00
25 67 1.542132e+00
24 68 1.539695e+00
29 37 1.523821e+00
13 45 1.520767e+00
59 62 1.493592e+00
12 15 1.467154e+00
27 65 1.351427e+00
24 70 1.267598e+00
26 27 1.210893e+00
48 49 1.208382e+00
32 33 1.191898e+00
3 28 1.185371e+00
33 36 1.181832e+00
60 67 1.178941e+00
24 25 1.174140e+00
41 67 1.159769e+00
21 69 1.159681e+00
22 70 1.137297e+00
12 21 1.133030e+00
46 69 1.098662e+00
12 48 1.081702e+00
6 25 1.069296e+00
57 60 1.068423e+00
6 7 1.033665e+00
6 37 1.025715e+00
37 60 1.023696e+00
33 63 1.022794e+00
46 56 1.022496e+00
25 29 1.007032e+00
24 53 1.003060e+00
36 39 9.986445e-01
26 65 9.961590e-01
49 50 9.943904e-01
13 47 9.878467e-01
7 24 9.667969e-01
27 28 9.609553e-01
61 63 9.022191e-01
54 69 8.730654e-01
52 72 8.701045e-01
9 20 8.660688e-01
31 34 8.582868e-01
10 56 8.487635e-01
5 28 8.474335e-01
34 35 8.451902e-01
12 73 8.373400e-01
12 14 8.349213e-01
21 22 8.315337e-01
14 49 8.283009e-01
40 43 7.901422e-01
5 7 7.821256e-01
33 61 7.665802e-01
40 41 7.660463e-01
56 69 7.631204e-01
6 38 7.573070e-01
15 73 7.559885e-01
51 72 7.410487e-01
6 20 7.351447e-01
17 18 7.240541e-01
2 9 7.214037e-01
4 30 7.143290e-01
41 42 7.134305e-01
31 60 7.128621e-01
4 9 7.124919e-01
3 5 7.013806e-01
5 38 7.013263e-01
44 57 6.954539e-01
49 71 6.808029e-01
41 56 6.741064e-01
15 48 6.726218e-01
14 15 6.720490e-01
45 58 6.707088e-01
60 65 6.643211e-01
19 20 6.554124e-01
2 30 6.514098e-01
21 46 6.473440e-01
36 40 6.454038e-01
22 23 6.386835e-01
60 61 6.361188e-01
39 42 6.353908e-01
29 52 6.307376e-01
48 73 6.304897e-01
71 73 6.272363e-01
58 59 6.256887e-01
56 57 6.227882e-01
5 27 6.156362e-01
21 61 6.149616e-01
34 38 6.083496e-01
20 42 6.070013e-01
30 32 6.060261e-01
23 56 6.058771e-01
18 71 6.016492e-01
3 31 5.980743e-01
14 48 5.917166e-01
28 33 5.829940e-01
75 76 5.810583e-01
38 40 5.660494e-01
18 19 5.604692e-01
12 20 5.589329e-01
12 22 5.535276e-01
41 57 5.522502e-01
11 45 5.465497e-01
38 41 5.448718e-01
17 73 5.427557e-01
5 24 5.406164e-01
6 8 5.368331e-01
9 42 5.361929e-01
40 57 5.361538e-01
10 41 5.352011e-01
50 69 5.351381e-01
38 42 5.299488e-01
42 73 5.298387e-01
12 49 5.258491e-01
55 62 5.191105e-01
5 6 5.171001e-01
76 77 5.157715e-01
37 59 5.145397e-01
4 34 5.143952e-01
12 71 5.115753e-01
41 44 5.112656e-01
37 39 5.088930e-01
50 62 5.077762e-01
3 17 5.009658e-01
8 23 4.964215e-01
71 72 4.963753e-01
41 43 4.935764e-01
28 71 4.857098e-01
75 77 4.830945e-01
53 68 4.799102e-01
11 20 4.787914e-01
53 54 4.747572e-01
51 54 4.742767e-01
29 70 4.688523e-01
66 67 4.683093e-01
33 34 4.681551e-01
46 47 4.652048e-01
3 32 4.630256e-01
8 38 4.577705e-01
57 67 4.552482e-01
3 20 4.542607e-01
59 61 4.522835e-01
14 47 4.515777e-01
7 9 4.513438e-01
53 67 4.509068e-01
3 24 4.507920e-01
8 10 4.487954e-01
52 53 4.465586e-01
7 25 4.458851e-01
2 6 4.452398e-01
8 14 4.440950e-01
54 62 4.369609e-01
20 21 4.325470e-01
43 44 4.300254e-01
63 64 4.292366e-01
25 65 4.292208e-01
6 43 4.287119e-01
72 73 4.281120e-01
25 63 4.264743e-01
39 51 4.258690e-01
35 37 4.252642e-01
34 37 4.223588e-01
71 74 4.204621e-01
38 39 4.200298e-01
31 33 4.160373e-01
49 73 4.140378e-01
43 57 4.127309e-01
10 45 4.125822e-01
56 72 4.121450e-01
6 35 4.018147e-01
4 6 4.007434e-01
60 66 3.982654e-01
6 31 3.973600e-01
43 45 3.960984e-01
39 47 3.957485e-01
10 23 3.955152e-01
19 74 3.937189e-01
51 56 3.930277e-01
58 64 3.896938e-01
9 17 3.884635e-01
33 52 3.878907e-01
4 38 3.846137e-01
17 39 3.843158e-01
9 30 3.765073e-01
21 70 3.752369e-01
47 49 3.721160e-01
53 63 3.717390e-01
12 70 3.688462e-01
2 34 3.654933e-01
14 61 3.636756e-01
47 50 3.634742e-01
64 66 3.625393e-01
54 64 3.594543e-01
42 52 3.587469e-01
32 67 3.560836e-01
48 50 3.546204e-01
7 20 3.533758e-01
40 62 3.521103e-01
11 58 3.513904e-01
51 52 3.502445e-01
2 38 3.491907e-01
3 65 3.483745e-01
46 62 3.476583e-01
26 67 3.467911e-01
3 56 3.448730e-01
8 11 3.440426e-01
21 25 3.421187e-01
32 68 3.415325e-01
3 34 3.409954e-01
72 74 3.396775e-01
45 47 3.394184e-01
70 72 3.390705e-01
8 67 3.358326e-01
20 27 3.351434e-01
12 19 3.341762e-01
3 37 3.330675e-01
24 29 3.320563e-01
6 18 3.314937e-01
31 71 3.304754e-01
1 75 3.293494e-01
38 57 3.292957e-01
21 73 3.277633e-01
9 38 3.260870e-01
9 21 3.250569e-01
63 74 3.236231e-01
35 43 3.232783e-01
42 57 3.214778e-01
42 44 3.189801e-01
5 67 3.189245e-01
17 72 3.177085e-01
19 42 3.172456e-01
23 25 3.169746e-01
59 69 3.166173e-01
15 63 3.157803e-01
40 51 3.141172e-01
4 57 3.138056e-01
22 53 3.113436e-01
4 31 3.093127e-01
29 38 3.089804e-01
44 56 3.087104e-01
57 58 3.079465e-01
31 37 3.074043e-01
59 60 3.055075e-01
15 16 3.051110e-01
3 7 3.044868e-01
61 71 3.035835e-01
32 47 3.014808e-01
38 55 3.008096e-01
13 49 3.001767e-01
32 51 2.996855e-01
30 64 2.987879e-01
42 53 2.980935e-01
35 38 2.973094e-01
14 63 2.971578e-01
16 31 2.943296e-01
23 29 2.931595e-01
55 77 2.930419e-01
20 34 2.923350e-01
15 27 2.920705e-01
36 46 2.913552e-01
26 74 2.897030e-01
51 58 2.873598e-01
37 43 2.868657e-01
51 74 2.860865e-01
22 71 2.837059e-01
32 39 2.822738e-01
37 56 2.819919e-01
67 68 2.815001e-01
39 50 2.809681e-01
13 18 2.790004e-01
52 70 2.788584e-01
33 59 2.788216e-01
46 64 2.775393e-01
31 59 2.772207e-01
17 74 2.770347e-01
28 36 2.767180e-01
10 21 2.766806e-01
12 52 2.761744e-01
39 69 2.752781e-01
13 58 2.744580e-01
17 52 2.742957e-01
23 30 2.741163e-01
19 28 2.722594e-01
8 21 2.720895e-01
48 74 2.717151e-01
39 74 2.706660e-01
29 72 2.696104e-01
7 11 2.694762e-01
23 41 2.693757e-01
30 63 2.689761e-01
34 36 2.683060e-01
3 13 2.682739e-01
4 10 2.678982e-01
21 24 2.657129e-01
57 65 2.650066e-01
34 69 2.647688e-01
44 71 2.645947e-01
45 61 2.629800e-01
42 47 2.622346e-01
28 70 2.607949e-01
21 56 2.603806e-01
8 26 2.598737e-01
11 42 2.596615e-01
32 70 2.594303e-01
48 70 2.589970e-01
21 31 2.581869e-01
34 71 2.579488e-01
10 11 2.577218e-01
18 74 2.570241e-01
1 76 2.569629e-01
13 65 2.564396e-01
47 67 2.556234e-01
18 48 2.553703e-01
61 66 2.543683e-01
17 27 2.541413e-01
19 50 2.535783e-01
27 58 2.532105e-01
2 48 2.513449e-01
16 30 2.512591e-01
36 54 2.495352e-01
15 18 2.493341e-01
40 61 2.489575e-01
5 46 2.485232e-01
24 30 2.476878e-01
8 9 2.464627e-01
24 34 2.454564e-01
56 65 2.444616e-01
25 52 2.439386e-01
51 73 2.433709e-01
64 65 2.432124e-01
27 61 2.407698e-01
45 65 2.402327e-01
21 55 2.396250e-01
61 67 2.395692e-01
12 13 2.393871e-01
43 47 2.393680e-01
38 43 2.392765e-01
23 39 2.390384e-01
2 7 2.388140e-01
14 53 2.387466e-01
16 49 2.386074e-01
11 52 2.381996e-01
20 54 2.376889e-01
39 58 2.372584e-01
7 37 2.363597e-01
29 68 2.363100e-01
10 61 2.361928e-01
45 71 2.350509e-01
10 17 2.349361e-01
24 62 2.347995e-01
16 48 2.346144e-01
7 64 2.334358e-01
73 74 2.321088e-01
27 47 2.316808e-01
19 43 2.289216e-01
19 55 2.287419e-01
64 76 2.285720e-01
32 72 2.276373e-01
6 66 2.269278e-01
54 55 2.267663e-01
26 56 2.266525e-01
5 12 2.265668e-01
39 59 2.252251e-01
9 36 2.243350e-01
44 73 2.243005e-01
35 44 2.242545e-01
56 59 2.236107e-01
65 69 2.221981e-01
63 69 2.220727e-01
45 57 2.214019e-01
21 54 2.213723e-01
5 18 2.211447e-01
37 46 2.209405e-01
7 31 2.209366e-01
19 35 2.204318e-01
55 64 2.201668e-01
32 56 2.197484e-01
10 19 2.194032e-01
7 13 2.193505e-01
53 56 2.191733e-01
8 29 2.191395e-01
45 52 2.182116e-01
57 62 2.172030e-01
61 65 2.162793e-01
2 22 2.161501e-01
7 19 2.156979e-01
5 26 2.149192e-01
51 59 2.134544e-01
8 42 2.121733e-01
15 30 2.112774e-01
10 55 2.106465e-01
40 74 2.100265e-01
10 15 2.099708e-01
62 63 2.099223e-01
40 42 2.096233e-01
19 62 2.095566e-01
22 73 2.088014e-01
36 72 2.085263e-01
46 71 2.080640e-01
53 75 2.079818e-01
42 71 2.074075e-01
31 35 2.073289e-01
2 8 2.072151e-01
13 14 2.068690e-01
13 62 2.063161e-01
70 71 2.061899e-01
11 55 2.061687e-01
4 15 2.048869e-01
35 42 2.045415e-01
31 61 2.039835e-01
19 45 2.039718e-01
37 50 2.038416e-01
17 47 2.035215e-01
2 31 2.031766e-01
12 18 2.013490e-01
4 7 2.012735e-01
28 47 2.007553e-01
44 46 1.999824e-01
28 37 1.997043e-01
42 70 1.996383e-01
9 11 1.995711e-01
4 8 1.983837e-01
32 64 1.982378e-01
9 44 1.978778e-01
50 73 1.973888e-01
46 48 1.957181e-01
27 53 1.955436e-01
20 28 1.945599e-01
7 12 1.938360e-01
18 30 1.937485e-01
25 69 1.933433e-01
11 40 1.931798e-01
27 36 1.921514e-01
56 71 1.916600e-01
14 25 1.914746e-01
52 74 1.912071e-01
41 49 1.909492e-01
33 73 1.896079e-01
58 75 1.895772e-01
63 65 1.894821e-01
38 70 1.894633e-01
17 65 1.888861e-01
64 68 1.882256e-01
7 38 1.880768e-01
12 17 1.876223e-01
39 66 1.874755e-01
59 63 1.870401e-01
16 54 1.869364e-01
37 45 1.861227e-01
28 56 1.860941e-01
25 64 1.859518e-01
33 48 1.858910e-01
5 23 1.855924e-01
17 32 1.847800e-01
31 50 1.847135e-01
20 50 1.841607e-01
22 24 1.839751e-01
15 17 1.834342e-01
33 41 1.826813e-01
2 70 1.826630e-01
55 61 1.825530e-01
7 41 1.823592e-01
30 69 1.816043e-01
58 76 1.814808e-01
4 48 1.810912e-01
30 38 1.810668e-01
32 53 1.801564e-01
35 51 1.801487e-01
24 26 1.792080e-01
43 51 1.788801e-01
33 35 1.788004e-01
30 34 1.787623e-01
12 74 1.783877e-01
17 46 1.768587e-01
31 65 1.765292e-01
19 38 1.764552e-01
14 20 1.762085e-01
62 68 1.759426e-01
8 41 1.755208e-01
2 10 1.749728e-01
18 39 1.749482e-01
17 35 1.745857e-01
53 76 1.744680e-01
46 53 1.736841e-01
32 46 1.732909e-01
10 44 1.728123e-01
26 68 1.726521e-01
7 65 1.726203e-01
48 55 1.723049e-01
65 68 1.718049e-01
58 77 1.713652e-01
30 35 1.709253e-01
16 18 1.699070e-01
55 59 1.697046e-01
37 63 1.696204e-01
50 58 1.686505e-01
13 64 1.683328e-01
36 47 1.680098e-01
20 37 1.677371e-01
18 60 1.676798e-01
38 45 1.675335e-01
49 63 1.669349e-01
15 25 1.667928e-01
44 58 1.665685e-01
12 65 1.664056e-01
20 67 1.662654e-01
46 74 1.660183e-01
48 69 1.654934e-01
55 58 1.654920e-01
13 19 1.649777e-01
14 71 1.646928e-01
53 72 1.644224e-01
51 67 1.636615e-01
49 75 1.634213e-01
13 74 1.633331e-01
5 21 1.631720e-01
1 77 1.631594e-01
35 36 1.628885e-01
45 54 1.625077e-01
5 56 1.622623e-01
2 75 1.619514e-01
8 34 1.619187e-01
6 69 1.614708e-01
13 39 1.612762e-01
9 35 1.607018e-01
60 64 1.604344e-01
21 50 1.602977e-01
18 23 1.600273e-01
15 42 1.599251e-01
44 47 1.597094e-01
15 72 1.595435e-01
30 72 1.587971e-01
17 36 1.585810e-01
62 70 1.583948e-01
52 73 1.581259e-01
18 63 1.581165e-01
14 58 1.580303e-01
43 60 1.577737e-01
35 74 1.573144e-01
18 68 1.570094e-01
16 72 1.566754e-01
40 66 1.565685e-01
41 70 1.563320e-01
37 41 1.562117e-01
32 60 1.559339e-01
2 15 1.558554e-01
23 45 1.552302e-01
3 35 1.549490e-01
55 68 1.549409e-01
37 67 1.548521e-01
45 51 1.546232e-01
33 49 1.544726e-01
28 63 1.542852e-01
5 53 1.539314e-01
11 36 1.537276e-01
23 46 1.533752e-01
13 44 1.532541e-01
34 42 1.526588e-01
27 55 1.521498e-01
16 37 1.520110e-01
51 61 1.518234e-01
35 66 1.517133e-01
44 51 1.507713e-01
37 61 1.507176e-01
30 33 1.505494e-01
40 60 1.500737e-01
15 71 1.500339e-01
14 26 1.492438e-01
39 44 1.489544e-01
34 60 1.486661e-01
7 8 1.480414e-01
14 36 1.476135e-01
36 55 1.475014e-01
54 74 1.473204e-01
49 67 1.467067e-01
63 66 1.466649e-01
37 62 1.461683e-01
31 55 1.460932e-01
26 64 1.460865e-01
27 52 1.457887e-01
13 61 1.457373e-01
18 62 1.456529e-01
28 54 1.455434e-01
27 72 1.452415e-01
64 77 1.447329e-01
45 74 1.446746e-01
16 19 1.441992e-01
15 53 1.441922e-01
28 74 1.438909e-01
49 72 1.436544e-01
43 55 1.426631e-01
8 27 1.425485e-01
9 73 1.424249e-01
15 43 1.422669e-01
61 62 1.418847e-01
30 57 1.417495e-01
5 20 1.414020e-01
9 10 1.410065e-01
1 29 1.405378e-01
46 61 1.404768e-01
22 64 1.402198e-01
21 34 1.398255e-01
43 70 1.398021e-01
28 55 1.396526e-01
47 57 1.395128e-01
65 66 1.392550e-01
40 65 1.384950e-01
1 14 1.379856e-01
7 66 1.378066e-01
41 65 1.377961e-01
32 40 1.376286e-01
36 60 1.375404e-01
51 65 1.373368e-01
11 35 1.371438e-01
45 68 1.370921e-01
30 60 1.359769e-01
29 64 1.358590e-01
6 61 1.356674e-01
39 62 1.356494e-01
42 45 1.351989e-01
23 49 1.350566e-01
50 68 1.349685e-01
52 63 1.347246e-01
2 62 1.343462e-01
49 76 1.343376e-01
49 52 1.340132e-01
26 46 1.335925e-01
29 35 1.333727e-01
13 73 1.331717e-01
22 31 1.330775e-01
9 16 1.325272e-01
44 76 1.322539e-01
50 76 1.319712e-01
31 53 1.315024e-01
20 65 1.313591e-01
16 28 1.312347e-01
11 21 1.311500e-01
16 74 1.305116e-01
55 75 1.300835e-01
18 20 1.296527e-01
44 67 1.293898e-01
55 76 1.291582e-01
49 68 1.285715e-01
38 66 1.285378e-01
7 34 1.284607e-01
7 71 1.282710e-01
40 71 1.281614e-01
4 75 1.276459e-01
52 65 1.272120e-01
27 33 1.270645e-01
53 57 1.270566e-01
43 64 1.267807e-01
16 35 1.265672e-01
17 51 1.261903e-01
73 75 1.257278e-01
39 53 1.256894e-01
7 49 1.254847e-01
45 55 1.239384e-01
15 22 1.238733e-01
9 65 1.238639e-01
22 46 1.233483e-01
44 49 1.232502e-01
58 69 1.229446e-01
28 41 1.228485e-01
12 16 1.228375e-01
13 35 1.223289e-01
5 19 1.222274e-01
50 77 1.208364e-01
10 22 1.207301e-01
31 75 1.206448e-01
22 52 1.202837e-01
13 69 1.200295e-01
16 75 1.193081e-01
10 29 1.192565e-01
7 42 1.191782e-01
1 7 1.191216e-01
49 77 1.187224e-01
14 73 1.182949e-01
32 36 1.181090e-01
19 23 1.180120e-01
44 72 1.179044e-01
22 29 1.177708e-01
21 68 1.174921e-01
4 70 1.171750e-01
18 52 1.171143e-01
47 74 1.168000e-01
47 58 1.164498e-01
32 34 1.163340e-01
54 71 1.162215e-01
8 39 1.161597e-01
14 18 1.152818e-01
17 22 1.151762e-01
30 50 1.151042e-01
11 54 1.149924e-01
48 71 1.148250e-01
11 57 1.146863e-01
26 30 1.145694e-01
58 65 1.144792e-01
43 63 1.142929e-01
16 50 1.139718e-01
18 73 1.137780e-01
1 32 1.135188e-01
25 30 1.133673e-01
51 53 1.133432e-01
30 37 1.132388e-01
19 26 1.131361e-01
50 55 1.126801e-01
48 58 1.122739e-01
29 63 1.121116e-01
10 36 1.120491e-01
18 42 1.118166e-01
60 71 1.117306e-01
25 71 1.110739e-01
46 72 1.105676e-01
43 59 1.100345e-01
61 64 1.095361e-01
70 75 1.093978e-01
55 63 1.092594e-01
2 76 1.088476e-01
66 68 1.084297e-01
13 54 1.071645e-01
1 40 1.071453e-01
35 59 1.068940e-01
3 4 1.064326e-01
48 75 1.063161e-01
27 35 1.060587e-01
44 45 1.046432e-01
11 73 1.036171e-01
8 61 1.033335e-01
15 47 1.032371e-01
51 64 1.032162e-01
17 45 1.027567e-01
1 3 1.020990e-01
54 77 1.020108e-01
2 55 1.019378e-01
25 57 1.014089e-01
52 62 1.011356e-01
16 52 1.010875e-01
9 19 1.009606e-01
6 22 1.005461e-01
40 63 1.005047e-01
45 60 1.003690e-01
3 62 9.913514e-02
11 22 9.852274e-02
26 55 9.840898e-02
1 46 9.774742e-02
46 75 9.641416e-02
18 27 9.626158e-02
35 63 9.619650e-02
27 39 9.483430e-02
13 26 9.457998e-02
23 24 9.387088e-02
54 67 9.381582e-02
26 35 9.349550e-02
44 48 9.295709e-02
38 68 9.274550e-02
4 25 9.237529e-02
11 18 9.172995e-02
43 62 9.108048e-02
9 68 9.084501e-02
37 65 9.084332e-02
19 59 9.043147e-02
5 59 9.042184e-02
31 49 9.018756e-02
20 22 8.979763e-02
58 62 8.974365e-02
64 75 8.895648e-02
11 43 8.894087e-02
50 67 8.866303e-02
47 73 8.852878e-02
59 66 8.848017e-02
14 17 8.808731e-02
63 71 8.796625e-02
21 41 8.776400e-02
58 74 8.774474e-02
5 25 8.764194e-02
8 18 8.754233e-02
20 39 8.722102e-02
47 75 8.717091e-02
28 53 8.619282e-02
21 23 8.586484e-02
27 70 8.583515e-02
6 19 8.573663e-02
2 77 8.563566e-02
17 19 8.561112e-02
18 33 8.528356e-02
50 56 8.519656e-02
35 50 8.419146e-02
1 49 8.409067e-02
31 54 8.386153e-02
3 60 8.305675e-02
40 44 8.304547e-02
25 76 8.290385e-02
54 72 8.267405e-02
36 41 8.259804e-02
9 15 8.237737e-02
13 57 8.230458e-02
32 54 8.214818e-02
23 37 8.199561e-02
26 63 8.138442e-02
65 75 8.127406e-02
4 62 8.122097e-02
3 11 8.120740e-02
16 51 8.080846e-02
11 66 8.049282e-02
66 77 8.045186e-02
10 24 8.012173e-02
13 70 7.998374e-02
21 77 7.978189e-02
16 17 7.949217e-02
2 50 7.910819e-02
19 22 7.878030e-02
15 29 7.841612e-02
26 43 7.787670e-02
10 64 7.762478e-02
33 69 7.745706e-02
36 49 7.740185e-02
4 50 7.738216e-02
16 47 7.733506e-02
20 24 7.703874e-02
27 68 7.582286e-02
29 54 7.555683e-02
16 65 7.530678e-02
11 19 7.520413e-02
3 53 7.487443e-02
40 45 7.477083e-02
23 27 7.363370e-02
11 37 7.359957e-02
14 19 7.313090e-02
9 64 7.299786e-02
36 69 7.297132e-02
56 75 7.274248e-02
6 67 7.253263e-02
30 51 7.231744e-02
3 58 7.226633e-02
54 68 7.191433e-02
39 52 7.173458e-02
51 75 7.173316e-02
39 65 7.165938e-02
21 44 7.137282e-02
20 72 7.042881e-02
33 66 7.011149e-02
42 66 6.972620e-02
30 47 6.961233e-02
37 40 6.945302e-02
36 73 6.945293e-02
25 53 6.907481e-02
30 45 6.877446e-02
15 52 6.836259e-02
33 40 6.835423e-02
9 25 6.831954e-02
26 39 6.823854e-02
29 33 6.813194e-02
23 73 6.799236e-02
36 38 6.797173e-02
36 66 6.781974e-02
54 76 6.739606e-02
10 34 6.689323e-02
16 32 6.650326e-02
1 8 6.649628e-02
45 62 6.627540e-02
11 56 6.569622e-02
27 43 6.557328e-02
12 28 6.547225e-02
5 73 6.538714e-02
34 53 6.491339e-02
22 50 6.441225e-02
11 32 6.414488e-02
58 70 6.399436e-02
30 54 6.399076e-02
19 63 6.380547e-02
34 46 6.374218e-02
2 25 6.373237e-02
4 22 6.365695e-02
54 58 6.345363e-02
13 32 6.343333e-02
62 67 6.338390e-02
48 54 6.327815e-02
18 34 6.322483e-02
25 77 6.322008e-02
11 31 6.305866e-02
13 59 6.300941e-02
35 57 6.300003e-02
64 71 6.291329e-02
30 46 6.230957e-02
8 52 6.229702e-02
35 45 6.216908e-02
3 59 6.136883e-02
30 61 6.121220e-02
8 57 6.106592e-02
1 53 6.101184e-02
24 52 6.096595e-02
26 61 6.088038e-02
43 46 6.062574e-02
8 54 6.049859e-02
18 26 6.043270e-02
28 48 6.037235e-02
11 70 6.031205e-02
14 51 6.011830e-02
55 70 6.011534e-02
1 28 5.989849e-02
8 58 5.978060e-02
13 36 5.966918e-02
26 58 5.960275e-02
16 73 5.936617e-02
33 64 5.934074e-02
10 58 5.921646e-02
47 77 5.919184e-02
23 74 5.912407e-02
20 58 5.866685e-02
45 76 5.854171e-02
19 47 5.829298e-02
22 25 5.795715e-02
53 65 5.775619e-02
46 52 5.772878e-02
55 66 5.751486e-02
11 74 5.733076e-02
49 54 5.725968e-02
60 68 5.715875e-02
11 59 5.714088e-02
8 44 5.676216e-02
44 59 5.583167e-02
32 58 5.576439e-02
43 58 5.551403e-02
42 43 5.540641e-02
72 75 5.537520e-02
47 59 5.499475e-02
16 21 5.497721e-02
1 64 5.495369e-02
41 77 5.492072e-02
3 38 5.491773e-02
57 76 5.488606e-02
48 62 5.483646e-02
8 32 5.475718e-02
14 68 5.385198e-02
24 54 5.378415e-02
10 74 5.356135e-02
11 72 5.353511e-02
2 12 5.349442e-02
2 5 5.333130e-02
16 26 5.304775e-02
42 51 5.297048e-02
25 37 5.271246e-02
18 54 5.255261e-02
10 48 5.243638e-02
5 37 5.217995e-02
56 62 5.182477e-02
29 57 5.133616e-02
47 51 5.085449e-02
35 41 5.069132e-02
39 40 5.054997e-02
17 20 5.011906e-02
19 54 4.998752e-02
8 20 4.995117e-02
10 43 4.990504e-02
32 65 4.972244e-02
4 12 4.971212e-02
39 43 4.933199e-02
51 76 4.923060e-02
67 69 4.904314e-02
19 30 4.898168e-02
7 63 4.862344e-02
27 51 4.851406e-02
2 23 4.803049e-02
10 20 4.784685e-02
17 42 4.760260e-02
24 42 4.755250e-02
27 60 4.752666e-02
49 55 4.751432e-02
1 26 4.740914e-02
31 70 4.680986e-02
34 75 4.677502e-02
22 66 4.676703e-02
27 56 4.600635e-02
7 60 4.578221e-02
47 60 4.572032e-02
56 77 4.552639e-02
7 21 4.548559e-02
56 76 4.530259e-02
35 39 4.521460e-02
61 77 4.482518e-02
21 36 4.436296e-02
18 28 4.371994e-02
17 43 4.330037e-02
27 74 4.312397e-02
13 15 4.252625e-02
4 5 4.231535e-02
6 41 4.205861e-02
8 25 4.202753e-02
54 59 4.161735e-02
43 68 4.152386e-02
6 73 4.146820e-02
29 71 4.118426e-02
33 43 4.112578e-02
9 40 4.109017e-02
21 32 4.106961e-02
33 56 4.105794e-02
17 49 4.103110e-02
60 63 4.090332e-02
51 77 4.089447e-02
3 51 4.020246e-02
40 75 4.018605e-02
10 33 4.012996e-02
22 34 3.990300e-02
38 58 3.944782e-02
1 73 3.936264e-02
28 68 3.931628e-02
57 77 3.904666e-02
6 16 3.899380e-02
44 77 3.891259e-02
52 68 3.880397e-02
17 58 3.830306e-02
20 48 3.793742e-02
12 72 3.783787e-02
40 46 3.764727e-02
35 73 3.762443e-02
74 75 3.729202e-02
1 5 3.716368e-02
8 22 3.701269e-02
14 27 3.694609e-02
48 52 3.655093e-02
32 62 3.610691e-02
54 66 3.606763e-02
9 72 3.598209e-02
54 75 3.558648e-02
16 40 3.555370e-02
1 11 3.542762e-02
29 31 3.515592e-02
62 72 3.506418e-02
62 77 3.503320e-02
3 42 3.494725e-02
31 32 3.477147e-02
26 28 3.470578e-02
54 57 3.446297e-02
23 34 3.429458e-02
15 45 3.398080e-02
15 20 3.384532e-02
47 55 3.377023e-02
9 29 3.369600e-02
72 76 3.362850e-02
15 74 3.353889e-02
25 74 3.321605e-02
23 33 3.314126e-02
13 46 3.292041e-02
1 42 3.274191e-02
5 34 3.266854e-02
3 66 3.231058e-02
13 17 3.223618e-02
5 8 3.219197e-02
53 69 3.169575e-02
34 52 3.166094e-02
78 83 3.134404e-02
78 79 3.134404e-02
81 82 3.134404e-02
82 83 3.134404e-02
82 84 3.134404e-02
81 83 3.134404e-02
84 85 3.134404e-02
80 85 3.134404e-02
80 84 3.134404e-02
83 85 3.134404e-02
78 84 3.134404e-02
82 85 3.134404e-02
79 83 3.134404e-02
79 85 3.134404e-02
81 85 3.134404e-02
78 85 3.134404e-02
80 83 3.134404e-02
81 84 3.134404e-02
79 84 3.134404e-02
83 84 3.134404e-02
80 82 3.134404e-02
79 82 3.134404e-02
78 82 3.134404e-02
79 80 3.134404e-02
80 81 3.134404e-02
78 81 3.134404e-02
78 80 3.134404e-02
79 81 3.134404e-02
25 49 3.127521e-02
7 28 3.070158e-02
10 31 3.036578e-02
1 74 2.992349e-02
20 66 2.969503e-02
3 70 2.951307e-02
14 33 2.915334e-02
47 76 2.888843e-02
50 75 2.886537e-02
1 36 2.886348e-02
14 75 2.882996e-02
16 61 2.881200e-02
36 62 2.860566e-02
40 76 2.854017e-02
11 68 2.853015e-02
59 68 2.819247e-02
7 32 2.793377e-02
7 74 2.782749e-02
61 73 2.780947e-02
1 79 2.755375e-02
1 81 2.755375e-02
1 78 2.755375e-02
1 80 2.755375e-02
1 82 2.755375e-02
1 83 2.755375e-02
1 84 2.755375e-02
1 85 2.755375e-02
36 43 2.750981e-02
27 64 2.742698e-02
10 35 2.729657e-02
41 54 2.726317e-02
77 80 2.714859e-02
77 85 2.714859e-02
77 84 2.714859e-02
77 79 2.714859e-02
77 81 2.714859e-02
77 78 2.714859e-02
77 83 2.714859e-02
77 82 2.714859e-02
57 71 2.701706e-02
11 65 2.688484e-02
47 64 2.668741e-02
7 72 2.667880e-02
1 25 2.663479e-02
15 77 2.627460e-02
17 69 2.599243e-02
5 39 2.581858e-02
3 71 2.565801e-02
76 78 2.562390e-02
76 80 2.562390e-02
76 79 2.562390e-02
76 85 2.562390e-02
76 84 2.562390e-02
76 82 2.562390e-02
76 83 2.562390e-02
76 81 2.562390e-02
17 62 2.561901e-02
43 54 2.530935e-02
3 76 2.509281e-02
52 54 2.495938e-02
35 40 2.474189e-02
16 71 2.457186e-02
47 72 2.450612e-02
45 46 2.440528e-02
15 32 2.431519e-02
15 19 2.405033e-02
16 70 2.402629e-02
16 58 2.348076e-02
19 73 2.341878e-02
64 69 2.338251e-02
41 47 2.329674e-02
5 43 2.326895e-02
69 72 2.325009e-02
13 23 2.314498e-02
75 82 2.279956e-02
75 78 2.279956e-02
75 85 2.279956e-02
75 84 2.279956e-02
75 83 2.279956e-02
75 79 2.279956e-02
75 80 2.279956e-02
75 81 2.279956e-02
28 46 2.266059e-02
10 28 2.259995e-02
2 85 2.251952e-02
2 84 2.251952e-02
2 82 2.251952e-02
2 80 2.251952e-02
2 83 2.251952e-02
2 81 2.251952e-02
2 78 2.251952e-02
2 79 2.251952e-02
3 19 2.218447e-02
3 30 2.185083e-02
36 76 2.153782e-02
52 66 2.149511e-02
39 56 2.070147e-02
18 58 2.052270e-02
70 73 2.040269e-02
6 28 2.024171e-02
25 55 2.020620e-02
3 77 2.014608e-02
18 41 2.012641e-02
16 23 1.996503e-02
5 17 1.992402e-02
56 70 1.987751e-02
64 67 1.974622e-02
44 55 1.961356e-02
8 19 1.960659e-02
54 60 1.954192e-02
6 10 1.907789e-02
1 55 1.897782e-02
19 60 1.872678e-02
49 53 1.854602e-02
12 69 1.843102e-02
46 76 1.820290e-02
11 27 1.813246e-02
39 46 1.759349e-02
16 82 1.749038e-02
16 81 1.749038e-02
16 80 1.749038e-02
16 83 1.749038e-02
16 79 1.749038e-02
16 78 1.749038e-02
16 85 1.749038e-02
16 84 1.749038e-02
32 44 1.739862e-02
15 51 1.699767e-02
6 71 1.696712e-02
21 67 1.667403e-02
4 23 1.658755e-02
68 69 1.646914e-02
19 51 1.640016e-02
4 84 1.633088e-02
4 85 1.633088e-02
4 82 1.633088e-02
4 83 1.633088e-02
4 81 1.633088e-02
4 78 1.633088e-02
4 80 1.633088e-02
4 79 1.633088e-02
9 53 1.620805e-02
28 45 1.609920e-02
1 56 1.579621e-02
7 40 1.509334e-02
32 43 1.479178e-02
24 63 1.460586e-02
15 26 1.439175e-02
17 31 1.417342e-02
1 50 1.413847e-02
43 74 1.407238e-02
42 60 1.393281e-02
26 57 1.383296e-02
36 58 1.367130e-02
27 42 1.353906e-02
55 67 1.339511e-02
9 66 1.336289e-02
16 29 1.335743e-02
8 16 1.327254e-02
9 28 1.315544e-02
10 12 1.295022e-02
50 72 1.293191e-02
6 77 1.256152e-02
8 15 1.255739e-02
19 27 1.218127e-02
15 49 1.214778e-02
5 13 1.202402e-02
17 63 1.191172e-02
17 26 1.183278e-02
66 74 1.179112e-02
12 58 1.177762e-02
58 63 1.175851e-02
2 69 1.172910e-02
41 76 1.126424e-02
4 77 1.120465e-02
51 68 1.112631e-02
14 77 1.108191e-02
68 72 1.092589e-02
44 64 1.090117e-02
55 74 1.079370e-02
60 75 1.051636e-02
47 61 1.049411e-02
5 44 1.023043e-02
36 75 1.001985e-02
16 27 9.901556e-03
28 43 9.866684e-03
63 75 9.851435e-03
6 44 9.839241e-03
16 44 9.801642e-03
43 49 9.781958e-03
12 45 9.687059e-03
10 38 9.685434e-03
39 72 9.452900e-03
74 77 9.314555e-03
60 62 9.292063e-03
4 76 9.243587e-03
15 28 9.183796e-03
61 75 9.081745e-03
45 77 9.068868e-03
8 43 8.898649e-03
12 36 8.861716e-03
19 24 8.828272e-03
62 64 8.747712e-03
31 85 8.663488e-03
31 79 8.663488e-03
31 81 8.663488e-03
31 78 8.663488e-03
31 84 8.663488e-03
31 80 8.663488e-03
31 82 8.663488e-03
31 83 8.663488e-03
56 67 8.520387e-03
1 10 8.271549e-03
50 59 8.152162e-03
56 68 8.085047e-03
50 80 8.032031e-03
50 78 8.032031e-03
50 79 8.032031e-03
50 85 8.032031e-03
50 81 8.032031e-03
50 84 8.032031e-03
50 82 8.032031e-03
50 83 8.032031e-03
1 57 7.852284e-03
5 10 7.782780e-03
4 69 7.566168e-03
73 77 7.552715e-03
22 48 7.504804e-03
10 76 7.490004e-03
35 46 7.366098e-03
64 74 6.989883e-03
5 68 6.972150e-03
25 75 6.932820e-03
31 73 6.299355e-03
57 69 6.273615e-03
34 67 6.258967e-03
39 57 6.189421e-03
45 72 6.093039e-03
69 76 6.046084e-03
18 44 5.873780e-03
54 85 5.869705e-03
54 81 5.869705e-03
54 78 5.869705e-03
54 80 5.869705e-03
54 79 5.869705e-03
54 84 5.869705e-03
54 82 5.869705e-03
54 83 5.869705e-03
24 58 5.818687e-03
36 77 5.596324e-03
74 76 5.460356e-03
4 49 5.123015e-03
22 28 5.101019e-03
15 69 5.096717e-03
14 52 4.661844e-03
60 77 4.612158e-03
8 33 4.602135e-03
57 72 4.492728e-03
46 51 4.430320e-03
17 40 4.222202e-03
15 70 4.177684e-03
4 41 4.105247e-03
31 63 3.984317e-03
41 48 3.622550e-03
40 49 3.484525e-03
23 83 3.396542e-03
23 82 3.396542e-03
23 84 3.396542e-03
23 85 3.396542e-03
23 78 3.396542e-03
23 81 3.396542e-03
23 80 3.396542e-03
23 79 3.396542e-03
1 20 3.311283e-03
11 23 3.259418e-03
41 53 3.167764e-03
44 75 2.892474e-03
1 58 2.757514e-03
61 79 2.700736e-03
61 78 2.700736e-03
61 80 2.700736e-03
61 81 2.700736e-03
61 85 2.700736e-03
61 82 2.700736e-03
61 83 2.700736e-03
61 84 2.700736e-03
30 81 2.479082e-03
30 79 2.479082e-03
30 83 2.479082e-03
30 84 2.479082e-03
30 85 2.479082e-03
30 80 2.479082e-03
30 78 2.479082e-03
30 82 2.479082e-03
45 59 2.335407e-03
9 81 1.879248e-03
9 78 1.879248e-03
9 80 1.879248e-03
9 79 1.879248e-03
9 84 1.879248e-03
9 85 1.879248e-03
9 83 1.879248e-03
9 82 1.879248e-03
48 80 1.876059e-03
48 79 1.876059e-03
48 78 1.876059e-03
48 81 1.876059e-03
48 85 1.876059e-03
48 84 1.876059e-03
48 82 1.876059e-03
48 83 1.876059e-03
44 69 1.349048e-03
5 11 1.343161e-03
37 78 9.393938e-04
37 80 9.393938e-04
37 85 9.393938e-04
37 79 9.393938e-04
37 84 9.393938e-04
37 81 9.393938e-04
37 82 9.393938e-04
37 83 9.393938e-04
49 79 7.908142e-04
49 80 7.908142e-04
49 78 7.908142e-04
49 83 7.908142e-04
49 84 7.908142e-04
49 82 7.908142e-04
49 81 7.908142e-04
49 85 7.908142e-04
17 23 1.859173e-04
13 81 -2.627844e-04
13 85 -2.627844e-04
13 78 -2.627844e-04
13 79 -2.627844e-04
13 80 -2.627844e-04
13 84 -2.627844e-04
13 83 -2.627844e-04
13 82 -2.627844e-04
9 32 -3.574418e-04
36 68 -3.933554e-04
13 28 -4.545451e-04
55 78 -6.564620e-04
55 79 -6.564620e-04
55 80 -6.564620e-04
55 83 -6.564620e-04
55 84 -6.564620e-04
55 82 -6.564620e-04
55 81 -6.564620e-04
55 85 -6.564620e-04
21 59 -7.144842e-04
53 81 -8.257551e-04
53 84 -8.257551e-04
53 83 -8.257551e-04
53 82 -8.257551e-04
53 85 -8.257551e-04
53 80 -8.257551e-04
53 78 -8.257551e-04
53 79 -8.257551e-04
61 72 -9.931818e-04
18 35 -1.127105e-03
32 57 -1.196654e-03
22 81 -1.633142e-03
22 79 -1.633142e-03
22 82 -1.633142e-03
22 78 -1.633142e-03
22 80 -1.633142e-03
22 83 -1.633142e-03
22 84 -1.633142e-03
22 85 -1.633142e-03
29 79 -1.686195e-03
29 78 -1.686195e-03
29 81 -1.686195e-03
29 80 -1.686195e-03
29 82 -1.686195e-03
29 83 -1.686195e-03
29 84 -1.686195e-03
29 85 -1.686195e-03
55 65 -1.763032e-03
1 47 -2.056910e-03
69 79 -2.093997e-03
69 78 -2.093997e-03
69 80 -2.093997e-03
69 84 -2.093997e-03
69 85 -2.093997e-03
69 83 -2.093997e-03
69 81 -2.093997e-03
69 82 -2.093997e-03
15 76 -2.185799e-03
39 79 -2.220412e-03
39 78 -2.220412e-03
39 80 -2.220412e-03
39 81 -2.220412e-03
39 85 -2.220412e-03
39 84 -2.220412e-03
39 82 -2.220412e-03
39 83 -2.220412e-03
32 35 -2.313681e-03
19 37 -2.314218e-03
34 72 -2.329696e-03
45 50 -2.337662e-03
1 44 -2.348395e-03
15 80 -2.433342e-03
15 78 -2.433342e-03
15 81 -2.433342e-03
15 79 -2.433342e-03
15 82 -2.433342e-03
15 85 -2.433342e-03
15 83 -2.433342e-03
15 84 -2.433342e-03
1 61 -2.516952e-03
53 55 -2.606252e-03
56 79 -2.671999e-03
56 83 -2.671999e-03
56 78 -2.671999e-03
56 80 -2.671999e-03
56 84 -2.671999e-03
56 85 -2.671999e-03
56 82 -2.671999e-03
56 81 -2.671999e-03
57 64 -2.835773e-03
25 48 -3.124991e-03
26 85 -3.164442e-03
26 80 -3.164442e-03
26 84 -3.164442e-03
26 78 -3.164442e-03
26 83 -3.164442e-03
26 81 -3.164442e-03
26 79 -3.164442e-03
26 82 -3.164442e-03
16 34 -3.202440e-03
3 27 -3.278486e-03
73 78 -3.299219e-03
73 80 -3.299219e-03
73 79 -3.299219e-03
73 85 -3.299219e-03
73 81 -3.299219e-03
73 84 -3.299219e-03
73 82 -3.299219e-03
73 83 -3.299219e-03
34 48 -3.304820e-03
68 84 -3.434360e-03
68 85 -3.434360e-03
68 83 -3.434360e-03
68 81 -3.434360e-03
68 78 -3.434360e-03
68 80 -3.434360e-03
68 82 -3.434360e-03
68 79 -3.434360e-03
36 79 -3.708925e-03
36 80 -3.708925e-03
36 81 -3.708925e-03
36 85 -3.708925e-03
36 78 -3.708925e-03
36 84 -3.708925e-03
36 82 -3.708925e-03
36 83 -3.708925e-03
31 51 -3.842372e-03
44 66 -3.911245e-03
23 51 -4.012927e-03
52 85 -4.044203e-03
52 84 -4.044203e-03
52 80 -4.044203e-03
52 78 -4.044203e-03
52 79 -4.044203e-03
52 81 -4.044203e-03
52 82 -4.044203e-03
52 83 -4.044203e-03
30 48 -4.213340e-03
64 81 -4.289547e-03
64 79 -4.289547e-03
64 82 -4.289547e-03
64 83 -4.289547e-03
64 84 -4.289547e-03
64 85 -4.289547e-03
64 80 -4.289547e-03
64 78 -4.289547e-03
29 48 -4.336721e-03
33 53 -4.633104e-03
18 47 -4.711092e-03
19 66 -4.818813e-03
59 82 -5.024677e-03
59 83 -5.024677e-03
59 81 -5.024677e-03
59 84 -5.024677e-03
59 85 -5.024677e-03
59 79 -5.024677e-03
59 80 -5.024677e-03
59 78 -5.024677e-03
7 14 -5.112692e-03
74 78 -5.264702e-03
74 79 -5.264702e-03
74 81 -5.264702e-03
74 80 -5.264702e-03
74 85 -5.264702e-03
74 84 -5.264702e-03
74 82 -5.264702e-03
74 83 -5.264702e-03
8 78 -5.352505e-03
8 81 -5.352505e-03
8 80 -5.352505e-03
8 84 -5.352505e-03
8 79 -5.352505e-03
8 82 -5.352505e-03
8 85 -5.352505e-03
8 83 -5.352505e-03
5 35 -5.394133e-03
53 58 -5.411155e-03
50 64 -5.464396e-03
47 80 -5.485933e-03
47 79 -5.485933e-03
47 81 -5.485933e-03
47 85 -5.485933e-03
47 78 -5.485933e-03
47 84 -5.485933e-03
47 83 -5.485933e-03
47 82 -5.485933e-03
25 84 -5.549155e-03
25 83 -5.549155e-03
25 82 -5.549155e-03
25 81 -5.549155e-03
25 85 -5.549155e-03
25 79 -5.549155e-03
25 78 -5.549155e-03
25 80 -5.549155e-03
44 85 -5.652590e-03
44 80 -5.652590e-03
44 81 -5.652590e-03
44 78 -5.652590e-03
44 79 -5.652590e-03
44 82 -5.652590e-03
44 84 -5.652590e-03
44 83 -5.652590e-03
3 85 -5.764050e-03
3 84 -5.764050e-03
3 83 -5.764050e-03
3 79 -5.764050e-03
3 82 -5.764050e-03
3 80 -5.764050e-03
3 81 -5.764050e-03
3 78 -5.764050e-03
46 84 -5.783516e-03
46 85 -5.783516e-03
46 83 -5.783516e-03
46 81 -5.783516e-03
46 79 -5.783516e-03
46 78 -5.783516e-03
46 82 -5.783516e-03
46 80 -5.783516e-03
19 72 -5.808755e-03
32 79 -5.840414e-03
32 81 -5.840414e-03
32 80 -5.840414e-03
32 78 -5.840414e-03
32 85 -5.840414e-03
32 82 -5.840414e-03
32 84 -5.840414e-03
32 83 -5.840414e-03
8 45 -5.875084e-03
2 24 -5.931759e-03
25 39 -5.980290e-03
24 33 -6.003500e-03
1 60 -6.226487e-03
6 81 -6.335952e-03
6 83 -6.335952e-03
6 84 -6.335952e-03
6 85 -6.335952e-03
6 78 -6.335952e-03
6 82 -6.335952e-03
6 79 -6.335952e-03
6 80 -6.335952e-03
33 80 -6.338301e-03
33 85 -6.338301e-03
33 81 -6.338301e-03
33 79 -6.338301e-03
33 84 -6.338301e-03
33 82 -6.338301e-03
33 83 -6.338301e-03
33 78 -6.338301e-03
24 78 -6.510016e-03
24 79 -6.510016e-03
24 84 -6.510016e-03
24 83 -6.510016e-03
24 80 -6.510016e-03
24 81 -6.510016e-03
24 85 -6.510016e-03
24 82 -6.510016e-03
70 84 -6.522402e-03
70 85 -6.522402e-03
70 83 -6.522402e-03
70 81 -6.522402e-03
70 80 -6.522402e-03
70 82 -6.522402e-03
70 79 -6.522402e-03
70 78 -6.522402e-03
5 65 -6.579745e-03
49 69 -6.626547e-03
9 18 -7.017800e-03
21 79 -7.065034e-03
21 81 -7.065034e-03
21 78 -7.065034e-03
21 82 -7.065034e-03
21 80 -7.065034e-03
21 84 -7.065034e-03
21 85 -7.065034e-03
21 83 -7.065034e-03
11 13 -7.076785e-03
35 61 -7.101618e-03
22 27 -7.134976e-03
18 46 -7.260579e-03
4 29 -7.320023e-03
19 80 -7.387645e-03
19 81 -7.387645e-03
19 79 -7.387645e-03
19 78 -7.387645e-03
19 85 -7.387645e-03
19 82 -7.387645e-03
19 84 -7.387645e-03
19 83 -7.387645e-03
62 81 -7.451627e-03
62 82 -7.451627e-03
62 84 -7.451627e-03
62 79 -7.451627e-03
62 83 -7.451627e-03
62 85 -7.451627e-03
62 80 -7.451627e-03
62 78 -7.451627e-03
3 74 -7.458210e-03
35 78 -7.461342e-03
35 85 -7.461342e-03
35 84 -7.461342e-03
35 82 -7.461342e-03
35 79 -7.461342e-03
35 80 -7.461342e-03
35 81 -7.461342e-03
35 83 -7.461342e-03
17 80 -7.470101e-03
17 81 -7.470101e-03
17 85 -7.470101e-03
17 84 -7.470101e-03
17 78 -7.470101e-03
17 83 -7.470101e-03
17 82 -7.470101e-03
17 79 -7.470101e-03
7 51 -7.503538e-03
18 40 -7.517233e-03
24 60 -7.521659e-03
10 84 -7.529123e-03
10 79 -7.529123e-03
10 78 -7.529123e-03
10 82 -7.529123e-03
10 85 -7.529123e-03
10 83 -7.529123e-03
10 80 -7.529123e-03
10 81 -7.529123e-03
30 73 -7.734132e-03
66 81 -7.779872e-03
66 80 -7.779872e-03
66 79 -7.779872e-03
66 82 -7.779872e-03
66 83 -7.779872e-03
66 84 -7.779872e-03
66 85 -7.779872e-03
66 78 -7.779872e-03
41 81 -7.789036e-03
41 84 -7.789036e-03
41 79 -7.789036e-03
41 82 -7.789036e-03
41 85 -7.789036e-03
41 83 -7.789036e-03
41 80 -7.789036e-03
41 78 -7.789036e-03
34 40 -7.809585e-03
22 74 -7.835953e-03
47 62 -8.139860e-03
67 78 -8.197570e-03
67 79 -8.197570e-03
67 84 -8.197570e-03
67 81 -8.197570e-03
67 83 -8.197570e-03
67 82 -8.197570e-03
67 85 -8.197570e-03
67 80 -8.197570e-03
26 36 -8.352754e-03
45 64 -8.400330e-03
14 40 -8.503211e-03
34 80 -8.539402e-03
34 81 -8.539402e-03
34 84 -8.539402e-03
34 82 -8.539402e-03
34 85 -8.539402e-03
34 79 -8.539402e-03
34 78 -8.539402e-03
34 83 -8.539402e-03
12 79 -8.553332e-03
12 78 -8.553332e-03
12 85 -8.553332e-03
12 84 -8.553332e-03
12 81 -8.553332e-03
12 83 -8.553332e-03
12 82 -8.553332e-03
12 80 -8.553332e-03
40 80 -8.562229e-03
40 79 -8.562229e-03
40 81 -8.562229e-03
40 78 -8.562229e-03
40 85 -8.562229e-03
40 84 -8.562229e-03
40 82 -8.562229e-03
40 83 -8.562229e-03
72 80 -8.699680e-03
72 78 -8.699680e-03
72 79 -8.699680e-03
72 85 -8.699680e-03
72 81 -8.699680e-03
72 84 -8.699680e-03
72 82 -8.699680e-03
72 83 -8.699680e-03
22 61 -8.719080e-03
11 71 -8.748137e-03
45 75 -8.779365e-03
16 33 -8.793996e-03
7 82 -8.992687e-03
7 81 -8.992687e-03
7 79 -8.992687e-03
7 83 -8.992687e-03
7 84 -8.992687e-03
7 80 -8.992687e-03
7 85 -8.992687e-03
7 78 -8.992687e-03
9 70 -9.191853e-03
51 79 -9.200047e-03
51 80 -9.200047e-03
51 81 -9.200047e-03
51 78 -9.200047e-03
51 84 -9.200047e-03
51 85 -9.200047e-03
51 82 -9.200047e-03
51 83 -9.200047e-03
6 60 -9.355139e-03
34 77 -9.376302e-03
30 40 -9.564320e-03
65 84 -9.569816e-03
65 85 -9.569816e-03
65 82 -9.569816e-03
65 79 -9.569816e-03
65 78 -9.569816e-03
65 80 -9.569816e-03
65 83 -9.569816e-03
65 81 -9.569816e-03
28 80 -9.688187e-03
28 79 -9.688187e-03
28 84 -9.688187e-03
28 85 -9.688187e-03
28 81 -9.688187e-03
28 78 -9.688187e-03
28 82 -9.688187e-03
28 83 -9.688187e-03
28 76 -9.745107e-03
35 55 -9.745151e-03
36 50 -9.814053e-03
57 75 -1.003861e-02
63 83 -1.005074e-02
63 84 -1.005074e-02
63 81 -1.005074e-02
63 85 -1.005074e-02
63 78 -1.005074e-02
63 80 -1.005074e-02
63 79 -1.005074e-02
63 82 -1.005074e-02
50 66 -1.014671e-02
27 80 -1.036256e-02
27 79 -1.036256e-02
27 81 -1.036256e-02
27 78 -1.036256e-02
27 85 -1.036256e-02
27 84 -1.036256e-02
27 82 -1.036256e-02
27 83 -1.036256e-02
42 81 -1.040179e-02
42 79 -1.040179e-02
42 80 -1.040179e-02
42 82 -1.040179e-02
42 78 -1.040179e-02
42 84 -1.040179e-02
42 83 -1.040179e-02
42 85 -1.040179e-02
71 79 -1.043246e-02
71 80 -1.043246e-02
71 84 -1.043246e-02
71 85 -1.043246e-02
71 81 -1.043246e-02
71 82 -1.043246e-02
71 83 -1.043246e-02
71 78 -1.043246e-02
63 77 -1.046475e-02
18 80 -1.047159e-02
18 79 -1.047159e-02
18 85 -1.047159e-02
18 81 -1.047159e-02
18 84 -1.047159e-02
18 78 -1.047159e-02
18 82 -1.047159e-02
18 83 -1.047159e-02
16 22 -1.051978e-02
14 80 -1.081082e-02
14 82 -1.081082e-02
14 78 -1.081082e-02
14 83 -1.081082e-02
14 84 -1.081082e-02
14 81 -1.081082e-02
14 85 -1.081082e-02
14 79 -1.081082e-02
35 71 -1.088513e-02
38 78 -1.118822e-02
38 80 -1.118822e-02
38 79 -1.118822e-02
38 81 -1.118822e-02
38 83 -1.118822e-02
38 82 -1.118822e-02
38 85 -1.118822e-02
38 84 -1.118822e-02
58 85 -1.121097e-02
58 84 -1.121097e-02
58 80 -1.121097e-02
58 82 -1.121097e-02
58 78 -1.121097e-02
58 83 -1.121097e-02
58 79 -1.121097e-02
58 81 -1.121097e-02
13 71 -1.121525e-02
23 70 -1.131028e-02
1 24 -1.141481e-02
46 55 -1.146848e-02
9 39 -1.149211e-02
57 81 -1.152148e-02
57 82 -1.152148e-02
57 80 -1.152148e-02
57 79 -1.152148e-02
57 83 -1.152148e-02
57 85 -1.152148e-02
57 84 -1.152148e-02
57 78 -1.152148e-02
45 80 -1.158696e-02
45 81 -1.158696e-02
45 79 -1.158696e-02
45 85 -1.158696e-02
45 78 -1.158696e-02
45 84 -1.158696e-02
45 82 -1.158696e-02
45 83 -1.158696e-02
46 54 -1.162222e-02
42 74 -1.168677e-02
23 50 -1.198278e-02
50 60 -1.219415e-02
1 51 -1.255886e-02
5 74 -1.269316e-02
32 66 -1.273822e-02
5 81 -1.295796e-02
5 78 -1.295796e-02
5 79 -1.295796e-02
5 80 -1.295796e-02
5 82 -1.295796e-02
5 83 -1.295796e-02
5 84 -1.295796e-02
5 85 -1.295796e-02
12 77 -1.327107e-02
14 57 -1.339949e-02
35 72 -1.363633e-02
60 84 -1.379013e-02
60 83 -1.379013e-02
60 85 -1.379013e-02
60 82 -1.379013e-02
60 80 -1.379013e-02
60 81 -1.379013e-02
60 79 -1.379013e-02
60 78 -1.379013e-02
22 30 -1.391199e-02
41 51 -1.404954e-02
20 79 -1.415206e-02
20 78 -1.415206e-02
20 80 -1.415206e-02
20 82 -1.415206e-02
20 81 -1.415206e-02
20 83 -1.415206e-02
20 84 -1.415206e-02
20 85 -1.415206e-02
20 41 -1.444498e-02
11 81 -1.461770e-02
11 84 -1.461770e-02
11 79 -1.461770e-02
11 85 -1.461770e-02
11 80 -1.461770e-02
11 82 -1.461770e-02
11 83 -1.461770e-02
11 78 -1.461770e-02
15 23 -1.492337e-02
24 31 -1.510099e-02
37 66 -1.517467e-02
12 47 -1.519148e-02
29 60 -1.546293e-02
17 28 -1.583564e-02
12 54 -1.591028e-02
43 78 -1.599905e-02
43 79 -1.599905e-02
43 85 -1.599905e-02
43 80 -1.599905e-02
43 81 -1.599905e-02
43 84 -1.599905e-02
43 83 -1.599905e-02
43 82 -1.599905e-02
7 29 -1.624575e-02
17 50 -1.625642e-02
69 74 -1.627072e-02
1 38 -1.633300e-02
37 77 -1.666725e-02
38 56 -1.676157e-02
29 32 -1.682961e-02
11 39 -1.748400e-02
33 74 -1.750158e-02
57 74 -1.779103e-02
1 27 -1.788296e-02
25 70 -1.793760e-02
1 31 -1.821845e-02
21 76 -1.826241e-02
6 48 -1.832066e-02
29 59 -1.844975e-02
1 54 -1.860457e-02
23 62 -1.862435e-02
40 68 -1.894643e-02
39 73 -1.913353e-02
27 77 -1.931998e-02
14 76 -1.933586e-02
39 41 -1.959620e-02
39 76 -1.971731e-02
31 76 -2.028535e-02
15 44 -2.059237e-02
26 62 -2.097399e-02
19 53 -2.117353e-02
16 46 -2.124344e-02
14 50 -2.164281e-02
36 74 -2.177469e-02
69 73 -2.194212e-02
49 60 -2.217760e-02
15 46 -2.218971e-02
20 61 -2.221848e-02
28 58 -2.227238e-02
4 36 -2.239341e-02
1 39 -2.244536e-02
3 9 -2.248353e-02
27 40 -2.252585e-02
11 46 -2.253301e-02
2 57 -2.257056e-02
63 76 -2.268597e-02
59 65 -2.337422e-02
51 66 -2.343192e-02
2 3 -2.426159e-02
35 52 -2.452862e-02
1 72 -2.454981e-02
10 72 -2.480111e-02
23 72 -2.534397e-02
35 62 -2.554096e-02
1 35 -2.564834e-02
13 43 -2.569365e-02
11 33 -2.619954e-02
22 55 -2.635544e-02
13 20 -2.645036e-02
9 55 -2.654681e-02
10 42 -2.667134e-02
32 75 -2.671561e-02
42 77 -2.673132e-02
66 76 -2.694284e-02
16 42 -2.694891e-02
1 17 -2.698269e-02
19 32 -2.731480e-02
43 77 -2.738114e-02
1 12 -2.744756e-02
10 77 -2.748988e-02
23 55 -2.753579e-02
3 14 -2.771728e-02
11 34 -2.803231e-02
67 73 -2.807497e-02
18 25 -2.840217e-02
38 47 -2.845557e-02
16 55 -2.862043e-02
4 24 -2.868318e-02
65 71 -2.868371e-02
62 74 -2.879752e-02
37 52 -2.904268e-02
16 39 -2.909095e-02
27 76 -2.911270e-02
10 32 -2.917354e-02
6 76 -2.920385e-02
1 13 -2.942985e-02
35 53 -2.952886e-02
29 50 -2.969252e-02
36 42 -3.011068e-02
38 61 -3.011464e-02
21 52 -3.036438e-02
5 32 -3.095568e-02
28 77 -3.117078e-02
1 68 -3.128352e-02
30 36 -3.139705e-02
10 50 -3.142140e-02
52 69 -3.154592e-02
26 59 -3.220560e-02
1 9 -3.259712e-02
21 42 -3.261979e-02
61 76 -3.272068e-02
10 46 -3.276218e-02
67 76 -3.290964e-02
3 43 -3.292763e-02
1 45 -3.299685e-02
30 43 -3.337515e-02
23 68 -3.350367e-02
3 61 -3.365617e-02
69 77 -3.377125e-02
15 31 -3.390162e-02
14 45 -3.406366e-02
63 68 -3.408770e-02
41 63 -3.414236e-02
13 68 -3.425783e-02
8 59 -3.441709e-02
31 39 -3.447360e-02
24 40 -3.455633e-02
71 76 -3.457908e-02
41 60 -3.474810e-02
11 38 -3.489242e-02
19 52 -3.507589e-02
4 71 -3.510885e-02
14 29 -3.519850e-02
20 32 -3.537717e-02
58 60 -3.555131e-02
11 50 -3.606661e-02
36 63 -3.645703e-02
51 55 -3.675212e-02
68 76 -3.686385e-02
34 76 -3.689247e-02
38 50 -3.689288e-02
35 68 -3.697565e-02
32 52 -3.699777e-02
43 65 -3.700931e-02
2 54 -3.708168e-02
29 34 -3.709263e-02
29 44 -3.728256e-02
15 75 -3.729136e-02
47 68 -3.773953e-02
53 77 -3.786347e-02
23 26 -3.793254e-02
43 67 -3.800294e-02
63 72 -3.804574e-02
43 48 -3.811258e-02
22 43 -3.842046e-02
64 72 -3.849338e-02
33 50 -3.856229e-02
67 75 -3.859155e-02
7 77 -3.860244e-02
40 77 -3.869394e-02
4 11 -3.869701e-02
3 50 -3.938601e-02
71 75 -3.974723e-02
62 76 -3.991735e-02
7 75 -3.995015e-02
72 77 -4.008545e-02
44 62 -4.011290e-02
39 75 -4.030527e-02
9 69 -4.049460e-02
27 59 -4.083253e-02
1 4 -4.098534e-02
17 54 -4.138446e-02
18 37 -4.148866e-02
62 66 -4.179095e-02
17 71 -4.182684e-02
8 47 -4.189871e-02
9 74 -4.190175e-02
43 76 -4.212950e-02
38 44 -4.241696e-02
56 61 -4.248351e-02
40 47 -4.271294e-02
46 50 -4.285271e-02
25 32 -4.291362e-02
1 22 -4.300365e-02
41 75 -4.347709e-02
23 52 -4.352423e-02
29 77 -4.424574e-02
16 68 -4.440011e-02
30 74 -4.448673e-02
22 40 -4.470505e-02
2 46 -4.496287e-02
18 70 -4.504341e-02
45 66 -4.522472e-02
31 41 -4.532625e-02
42 61 -4.544747e-02
51 57 -4.550191e-02
18 55 -4.576174e-02
10 71 -4.578143e-02
28 64 -4.581326e-02
57 73 -4.593403e-02
13 52 -4.612954e-02
7 69 -4.635571e-02
36 37 -4.669054e-02
1 2 -4.681694e-02
5 70 -4.683685e-02
70 77 -4.685866e-02
2 29 -4.698851e-02
11 48 -4.709957e-02
34 70 -4.745148e-02
14 38 -4.759906e-02
73 76 -4.789046e-02
20 62 -4.792200e-02
1 52 -4.807208e-02
10 75 -4.826382e-02
22 26 -4.839628e-02
8 60 -4.843848e-02
4 45 -4.847111e-02
40 59 -4.850888e-02
13 76 -4.852220e-02
13 48 -4.853943e-02
23 71 -4.877662e-02
29 42 -4.881590e-02
5 41 -4.883335e-02
25 35 -4.883773e-02
8 13 -4.906241e-02
50 54 -4.931737e-02
11 75 -4.934485e-02
12 23 -4.936533e-02
14 55 -4.945627e-02
57 61 -4.968151e-02
38 54 -5.023557e-02
6 75 -5.042834e-02
1 16 -5.061832e-02
5 40 -5.062636e-02
56 58 -5.070501e-02
32 74 -5.089293e-02
25 26 -5.103051e-02
14 46 -5.134047e-02
48 77 -5.146923e-02
22 68 -5.151797e-02
44 52 -5.152557e-02
34 57 -5.158894e-02
13 63 -5.166025e-02
13 51 -5.167071e-02
42 56 -5.167908e-02
16 41 -5.177153e-02
30 56 -5.178712e-02
20 55 -5.204946e-02
29 76 -5.205691e-02
18 38 -5.218278e-02
6 9 -5.220538e-02
2 45 -5.231557e-02
6 65 -5.232514e-02
17 37 -5.252187e-02
1 6 -5.257370e-02
34 41 -5.273052e-02
66 75 -5.281098e-02
23 58 -5.285725e-02
46 68 -5.296497e-02
2 13 -5.324847e-02
7 76 -5.356600e-02
49 56 -5.377828e-02
23 44 -5.410887e-02
24 74 -5.415989e-02
32 45 -5.435350e-02
43 72 -5.437844e-02
38 65 -5.443326e-02
32 76 -5.518368e-02
6 14 -5.577326e-02
11 17 -5.593041e-02
13 67 -5.599637e-02
9 47 -5.616501e-02
8 35 -5.666916e-02
2 68 -5.684431e-02
53 61 -5.699499e-02
12 27 -5.702011e-02
44 50 -5.716593e-02
34 44 -5.717429e-02
2 41 -5.728340e-02
41 52 -5.734150e-02
45 49 -5.755549e-02
53 71 -5.805614e-02
60 76 -5.831119e-02
5 47 -5.911196e-02
3 54 -5.923368e-02
61 69 -5.957106e-02
30 31 -5.968065e-02
8 37 -5.968766e-02
65 76 -5.969363e-02
68 73 -5.981052e-02
31 45 -5.983430e-02
14 31 -6.015536e-02
28 67 -6.058169e-02
69 70 -6.125684e-02
24 67 -6.198276e-02
24 37 -6.200916e-02
20 73 -6.218800e-02
19 76 -6.229267e-02
41 66 -6.249358e-02
29 69 -6.274756e-02
29 51 -6.275057e-02
30 70 -6.281983e-02
27 29 -6.283350e-02
21 49 -6.305611e-02
48 56 -6.316094e-02
56 63 -6.337488e-02
14 23 -6.343764e-02
19 57 -6.344973e-02
66 72 -6.368053e-02
1 30 -6.368405e-02
5 29 -6.375482e-02
45 56 -6.387672e-02
37 44 -6.400966e-02
65 72 -6.436120e-02
20 43 -6.465574e-02
29 75 -6.468002e-02
58 72 -6.492515e-02
65 77 -6.494533e-02
16 67 -6.517091e-02
1 18 -6.524808e-02
57 68 -6.538940e-02
16 36 -6.548456e-02
17 57 -6.557300e-02
28 69 -6.557546e-02
27 46 -6.566213e-02
4 13 -6.598596e-02
33 37 -6.628467e-02
60 69 -6.628722e-02
10 18 -6.637412e-02
67 77 -6.644245e-02
11 53 -6.651446e-02
26 31 -6.652839e-02
10 69 -6.679631e-02
33 60 -6.700344e-02
14 30 -6.708606e-02
43 66 -6.719723e-02
20 35 -6.730507e-02
12 75 -6.738691e-02
13 27 -6.747148e-02
23 67 -6.758367e-02
63 67 -6.767988e-02
30 62 -6.772816e-02
16 69 -6.775815e-02
14 62 -6.812216e-02
28 42 -6.820502e-02
51 62 -6.823944e-02
20 30 -6.836787e-02
42 55 -6.867014e-02
11 41 -6.878063e-02
31 77 -6.891383e-02
16 77 -6.998982e-02
57 59 -7.036864e-02
17 29 -7.063721e-02
1 43 -7.075393e-02
36 71 -7.087369e-02
23 60 -7.117484e-02
39 77 -7.119038e-02
45 53 -7.127351e-02
30 52 -7.187482e-02
50 52 -7.209433e-02
26 60 -7.235153e-02
34 43 -7.314332e-02
19 40 -7.322927e-02
7 62 -7.325746e-02
14 43 -7.329358e-02
59 77 -7.335620e-02
26 40 -7.362551e-02
9 48 -7.367874e-02
1 48 -7.403248e-02
2 58 -7.424811e-02
46 77 -7.451857e-02
12 53 -7.465177e-02
16 56 -7.499945e-02
47 54 -7.505087e-02
17 24 -7.513863e-02
1 66 -7.548476e-02
17 70 -7.557083e-02
13 77 -7.604566e-02
21 72 -7.622760e-02
32 50 -7.630833e-02
13 55 -7.641276e-02
14 16 -7.657145e-02
4 19 -7.664310e-02
12 42 -7.696062e-02
9 54 -7.696668e-02
8 56 -7.713347e-02
68 77 -7.721468e-02
37 68 -7.731621e-02
3 45 -7.739518e-02
15 50 -7.740715e-02
29 45 -7.763415e-02
42 76 -7.779148e-02
61 70 -7.837192e-02
6 50 -7.841477e-02
35 47 -7.843940e-02
16 76 -7.847476e-02
27 66 -7.848955e-02
12 29 -7.858911e-02
12 76 -7.863711e-02
4 20 -7.886708e-02
1 59 -7.890315e-02
59 67 -7.900093e-02
4 14 -7.901099e-02
38 77 -7.911073e-02
15 21 -7.915445e-02
16 63 -7.915944e-02
68 70 -7.918903e-02
32 63 -7.926214e-02
30 75 -7.940783e-02
51 63 -7.944614e-02
53 70 -7.958815e-02
40 73 -7.970909e-02
42 59 -7.989081e-02
1 33 -7.996268e-02
23 31 -8.022158e-02
1 41 -8.057432e-02
55 69 -8.099899e-02
65 74 -8.100367e-02
59 76 -8.104258e-02
2 53 -8.105161e-02
31 44 -8.107168e-02
11 76 -8.116924e-02
29 53 -8.127500e-02
6 24 -8.138865e-02
7 70 -8.215330e-02
44 54 -8.218220e-02
1 65 -8.227421e-02
13 16 -8.231481e-02
12 31 -8.236631e-02
52 77 -8.241291e-02
36 59 -8.246682e-02
70 76 -8.261492e-02
17 38 -8.281580e-02
31 36 -8.311262e-02
26 45 -8.316741e-02
56 74 -8.318980e-02
33 75 -8.322706e-02
21 66 -8.335722e-02
38 51 -8.367098e-02
47 70 -8.369006e-02
5 50 -8.389089e-02
21 47 -8.403018e-02
17 77 -8.412236e-02
1 23 -8.421140e-02
19 77 -8.421948e-02
46 59 -8.445258e-02
9 51 -8.457800e-02
69 75 -8.471307e-02
3 29 -8.473610e-02
23 77 -8.519294e-02
11 26 -8.541074e-02
33 58 -8.541492e-02
3 26 -8.586675e-02
11 60 -8.591800e-02
6 26 -8.599183e-02
15 24 -8.604390e-02
18 43 -8.643010e-02
47 69 -8.655425e-02
2 32 -8.692616e-02
39 49 -8.699185e-02
42 75 -8.722660e-02
19 75 -8.741031e-02
10 40 -8.744301e-02
42 63 -8.745801e-02
55 56 -8.762802e-02
19 34 -8.781905e-02
71 77 -8.789175e-02
37 49 -8.812254e-02
21 28 -8.823786e-02
35 48 -8.824116e-02
62 75 -8.830552e-02
18 51 -8.855058e-02
8 66 -8.875744e-02
11 47 -8.881250e-02
2 66 -8.886413e-02
34 50 -8.890768e-02
32 77 -8.932475e-02
30 77 -8.958391e-02
1 70 -8.969669e-02
2 64 -8.981756e-02
51 71 -9.033000e-02
31 48 -9.041709e-02
20 40 -9.047477e-02
33 44 -9.061468e-02
43 50 -9.102121e-02
8 28 -9.119422e-02
48 76 -9.119699e-02
24 48 -9.125489e-02
37 76 -9.156640e-02
10 25 -9.163904e-02
35 75 -9.168775e-02
40 67 -9.180303e-02
67 74 -9.189805e-02
13 29 -9.191312e-02
37 73 -9.193281e-02
70 74 -9.199667e-02
23 53 -9.202647e-02
35 76 -9.218937e-02
21 51 -9.243031e-02
38 67 -9.245830e-02
44 65 -9.254410e-02
52 61 -9.265634e-02
3 8 -9.276493e-02
20 33 -9.286613e-02
5 57 -9.313142e-02
6 49 -9.369236e-02
12 50 -9.385064e-02
24 27 -9.396755e-02
7 52 -9.413485e-02
24 28 -9.416672e-02
27 75 -9.430275e-02
6 30 -9.437377e-02
8 48 -9.447398e-02
1 15 -9.518252e-02
41 74 -9.533087e-02
59 72 -9.544279e-02
10 60 -9.569486e-02
24 61 -9.637643e-02
40 48 -9.643570e-02
22 56 -9.660742e-02
31 42 -9.684020e-02
18 21 -9.687411e-02
48 51 -9.688674e-02
25 28 -9.691725e-02
10 16 -9.693602e-02
7 18 -9.713791e-02
31 40 -9.738165e-02
17 75 -9.759864e-02
8 73 -9.768880e-02
12 51 -9.772269e-02
1 37 -9.794036e-02
24 35 -9.813023e-02
11 44 -9.823459e-02
22 44 -9.832740e-02
37 48 -9.849067e-02
4 44 -9.868422e-02
19 44 -9.882285e-02
19 33 -9.886289e-02
44 63 -9.900062e-02
14 44 -9.907517e-02
30 76 -9.914701e-02
50 53 -9.984329e-02
1 63 -1.000242e-01
29 65 -1.003893e-01
40 55 -1.004734e-01
62 73 -1.005272e-01
20 52 -1.006460e-01
52 56 -1.007800e-01
17 21 -1.012802e-01
8 55 -1.013107e-01
3 75 -1.013596e-01
19 64 -1.015853e-01
11 14 -1.016955e-01
12 24 -1.017832e-01
4 37 -1.021167e-01
10 68 -1.022502e-01
1 67 -1.022845e-01
3 23 -1.023656e-01
3 64 -1.028203e-01
68 71 -1.028626e-01
30 68 -1.030665e-01
13 33 -1.032894e-01
31 46 -1.035003e-01
1 69 -1.036188e-01
26 75 -1.036228e-01
28 73 -1.037772e-01
33 77 -1.038311e-01
9 41 -1.039286e-01
14 64 -1.041699e-01
23 76 -1.043014e-01
3 10 -1.043858e-01
4 63 -1.044948e-01
26 76 -1.049799e-01
21 57 -1.050587e-01
5 75 -1.050655e-01
33 54 -1.051458e-01
1 21 -1.051895e-01
27 30 -1.052594e-01
52 75 -1.053136e-01
41 64 -1.056303e-01
29 40 -1.056315e-01
3 25 -1.061038e-01
65 73 -1.064138e-01
4 16 -1.065882e-01
5 16 -1.068963e-01
38 74 -1.070409e-01
17 60 -1.071021e-01
15 33 -1.071455e-01
21 75 -1.077188e-01
28 44 -1.078598e-01
8 30 -1.080972e-01
42 58 -1.081861e-01
4 68 -1.086075e-01
17 64 -1.087988e-01
3 18 -1.090839e-01
8 36 -1.094837e-01
14 66 -1.095264e-01
4 66 -1.098205e-01
35 60 -1.099448e-01
26 47 -1.100287e-01
20 59 -1.100602e-01
2 19 -1.102022e-01
47 71 -1.104392e-01
8 70 -1.104743e-01
39 61 -1.105220e-01
8 72 -1.107962e-01
27 54 -1.108365e-01
57 66 -1.115936e-01
38 62 -1.116724e-01
2 16 -1.116927e-01
21 48 -1.119098e-01
47 56 -1.120644e-01
16 45 -1.122412e-01
22 35 -1.123250e-01
5 52 -1.124600e-01
3 68 -1.126524e-01
42 67 -1.127080e-01
60 74 -1.128878e-01
31 38 -1.130065e-01
68 74 -1.130252e-01
10 53 -1.132575e-01
19 39 -1.133287e-01
24 77 -1.137819e-01
32 73 -1.139719e-01
55 72 -1.140206e-01
29 47 -1.141544e-01
13 60 -1.146624e-01
28 30 -1.150065e-01
43 73 -1.151436e-01
18 22 -1.152321e-01
29 58 -1.157007e-01
19 71 -1.158566e-01
2 42 -1.161231e-01
57 63 -1.166374e-01
11 67 -1.166545e-01
28 31 -1.166941e-01
13 21 -1.169671e-01
26 51 -1.173437e-01
27 45 -1.174124e-01
2 20 -1.176118e-01
25 46 -1.181869e-01
3 47 -1.184177e-01
3 46 -1.184706e-01
52 58 -1.184970e-01
52 76 -1.185264e-01
2 51 -1.186279e-01
4 18 -1.186714e-01
59 74 -1.187006e-01
9 14 -1.188253e-01
11 28 -1.188535e-01
38 46 -1.189781e-01
4 55 -1.190593e-01
4 28 -1.191855e-01
4 40 -1.193928e-01
47 48 -1.194424e-01
52 64 -1.196062e-01
20 47 -1.197059e-01
5 63 -1.197984e-01
20 70 -1.199904e-01
7 15 -1.202040e-01
1 19 -1.202230e-01
52 71 -1.203078e-01
52 55 -1.204738e-01
27 67 -1.209824e-01
37 75 -1.210849e-01
1 71 -1.211827e-01
22 77 -1.212647e-01
18 77 -1.214336e-01
35 64 -1.214482e-01
49 59 -1.216351e-01
11 30 -1.218485e-01
5 76 -1.220582e-01
33 68 -1.222027e-01
31 69 -1.222942e-01
3 72 -1.223681e-01
17 48 -1.225575e-01
44 61 -1.228065e-01
6 23 -1.229081e-01
37 54 -1.229505e-01
7 36 -1.229525e-01
23 47 -1.229992e-01
20 68 -1.230857e-01
18 72 -1.231146e-01
14 54 -1.231792e-01
21 29 -1.232435e-01
7 23 -1.234981e-01
11 62 -1.235138e-01
52 57 -1.237506e-01
25 36 -1.237948e-01
8 77 -1.244824e-01
13 75 -1.247638e-01
28 32 -1.250089e-01
8 17 -1.251542e-01
19 29 -1.252865e-01
7 44 -1.253640e-01
18 66 -1.253715e-01
26 77 -1.254044e-01
26 53 -1.257823e-01
40 72 -1.260250e-01
15 64 -1.261281e-01
27 44 -1.261700e-01
23 66 -1.265938e-01
3 63 -1.270567e-01
30 49 -1.270998e-01
3 44 -1.272441e-01
11 29 -1.273599e-01
11 63 -1.275425e-01
13 25 -1.278352e-01
36 67 -1.279279e-01
40 50 -1.283575e-01
25 43 -1.284663e-01
13 53 -1.288142e-01
18 65 -1.294006e-01
28 51 -1.297120e-01
58 68 -1.299567e-01
23 69 -1.301867e-01
21 40 -1.303672e-01
2 21 -1.306811e-01
52 67 -1.308598e-01
39 67 -1.309196e-01
40 70 -1.310790e-01
13 72 -1.311146e-01
7 54 -1.316336e-01
37 71 -1.319195e-01
29 41 -1.321737e-01
46 49 -1.322231e-01
8 74 -1.322415e-01
48 72 -1.322706e-01
2 60 -1.324125e-01
6 42 -1.324759e-01
4 47 -1.326090e-01
17 44 -1.330349e-01
27 63 -1.330373e-01
8 40 -1.330649e-01
46 70 -1.331938e-01
14 28 -1.337129e-01
56 73 -1.341990e-01
10 67 -1.343013e-01
2 59 -1.343396e-01
18 61 -1.347527e-01
4 32 -1.347693e-01
35 58 -1.347874e-01
17 76 -1.349866e-01
20 63 -1.352481e-01
20 38 -1.359114e-01
28 52 -1.364374e-01
9 33 -1.366333e-01
43 69 -1.367630e-01
2 28 -1.374582e-01
50 61 -1.376443e-01
7 59 -1.379923e-01
22 51 -1.380318e-01
58 73 -1.381705e-01
62 71 -1.382006e-01
2 35 -1.382424e-01
37 51 -1.386497e-01
10 52 -1.388932e-01
42 65 -1.397225e-01
29 73 -1.399248e-01
49 74 -1.399997e-01
16 59 -1.400186e-01
26 49 -1.400666e-01
14 41 -1.401211e-01
19 31 -1.401896e-01
39 68 -1.402445e-01
50 71 -1.404509e-01
8 75 -1.405513e-01
50 70 -1.408573e-01
11 16 -1.409580e-01
26 32 -1.411624e-01
48 63 -1.411675e-01
23 61 -1.412853e-01
18 76 -1.420502e-01
6 17 -1.421664e-01
41 68 -1.423740e-01
17 59 -1.425370e-01
11 15 -1.426781e-01
6 70 -1.427056e-01
37 64 -1.427983e-01
52 59 -1.428444e-01
24 75 -1.429664e-01
11 51 -1.430197e-01
12 44 -1.430743e-01
4 33 -1.432667e-01
49 65 -1.434709e-01
33 72 -1.435256e-01
24 47 -1.436210e-01
49 51 -1.437907e-01
9 52 -1.439764e-01
37 70 -1.440044e-01
51 70 -1.441124e-01
43 56 -1.441753e-01
14 60 -1.443340e-01
9 77 -1.448275e-01
20 77 -1.448466e-01
24 64 -1.449552e-01
36 64 -1.451487e-01
24 32 -1.451759e-01
3 39 -1.453126e-01
27 38 -1.464379e-01
18 75 -1.464985e-01
55 60 -1.465218e-01
41 50 -1.465349e-01
23 40 -1.468802e-01
4 54 -1.470078e-01
22 69 -1.470737e-01
32 55 -1.472348e-01
44 60 -1.477932e-01
5 77 -1.478014e-01
58 67 -1.481609e-01
24 76 -1.482321e-01
20 46 -1.485194e-01
28 66 -1.486422e-01
43 53 -1.486769e-01
45 73 -1.489763e-01
36 57 -1.490138e-01
2 47 -1.490871e-01
44 68 -1.491396e-01
9 23 -1.492388e-01
7 55 -1.494542e-01
25 66 -1.494568e-01
26 50 -1.495453e-01
20 71 -1.499526e-01
37 57 -1.500577e-01
18 24 -1.505208e-01
15 61 -1.506752e-01
5 30 -1.512166e-01
23 75 -1.513410e-01
23 64 -1.515836e-01
26 54 -1.517686e-01
16 62 -1.524094e-01
46 73 -1.527230e-01
60 70 -1.531828e-01
20 76 -1.532231e-01
13 40 -1.535168e-01
23 65 -1.535610e-01
15 58 -1.543497e-01
7 22 -1.543857e-01
20 45 -1.544011e-01
50 74 -1.549157e-01
48 57 -1.550324e-01
12 57 -1.550937e-01
65 70 -1.551351e-01
39 55 -1.551368e-01
34 58 -1.552297e-01
14 74 -1.553492e-01
20 64 -1.555100e-01
5 36 -1.558272e-01
39 54 -1.558455e-01
51 69 -1.560781e-01
38 76 -1.561553e-01
28 75 -1.561834e-01
7 27 -1.562049e-01
24 73 -1.569683e-01
61 74 -1.577873e-01
43 75 -1.584133e-01
26 52 -1.584157e-01
33 76 -1.584218e-01
14 70 -1.584552e-01
31 64 -1.584796e-01
18 45 -1.586989e-01
66 69 -1.587879e-01
22 76 -1.589229e-01
7 68 -1.590405e-01
2 71 -1.591560e-01
8 76 -1.592848e-01
29 62 -1.592909e-01
23 48 -1.596073e-01
47 53 -1.597732e-01
18 31 -1.599772e-01
12 33 -1.600359e-01
16 20 -1.601605e-01
18 59 -1.606701e-01
35 70 -1.607894e-01
2 56 -1.608370e-01
24 55 -1.610099e-01
25 38 -1.610344e-01
24 38 -1.611105e-01
3 15 -1.611861e-01
10 13 -1.612157e-01
10 63 -1.613639e-01
5 49 -1.615038e-01
38 59 -1.615640e-01
10 54 -1.615958e-01
6 57 -1.617382e-01
25 59 -1.622878e-01
12 25 -1.624728e-01
18 53 -1.624854e-01
1 34 -1.626123e-01
41 72 -1.626240e-01
9 34 -1.628191e-01
38 63 -1.629055e-01
20 25 -1.629074e-01
3 36 -1.629324e-01
12 68 -1.631618e-01
13 30 -1.631623e-01
10 47 -1.632397e-01
26 73 -1.633428e-01
68 75 -1.634047e-01
27 48 -1.634729e-01
29 43 -1.636816e-01
44 74 -1.641713e-01
26 38 -1.648045e-01
5 55 -1.651055e-01
62 65 -1.651171e-01
22 62 -1.651719e-01
14 72 -1.652909e-01
9 75 -1.653385e-01
17 34 -1.654274e-01
38 69 -1.654364e-01
38 71 -1.661489e-01
42 50 -1.661951e-01
40 69 -1.662200e-01
17 68 -1.662768e-01
41 55 -1.666174e-01
14 67 -1.666796e-01
11 24 -1.667309e-01
18 69 -1.668560e-01
26 33 -1.669217e-01
4 46 -1.671067e-01
42 72 -1.671367e-01
6 29 -1.674028e-01
9 76 -1.682773e-01
11 77 -1.682881e-01
23 63 -1.682918e-01
16 38 -1.683961e-01
28 50 -1.684298e-01
24 36 -1.684993e-01
20 51 -1.686736e-01
26 71 -1.687247e-01
1 62 -1.687404e-01
48 68 -1.689630e-01
25 68 -1.691704e-01
42 64 -1.692943e-01
2 63 -1.696021e-01
30 39 -1.699643e-01
2 37 -1.702489e-01
40 52 -1.703894e-01
31 72 -1.707519e-01
39 64 -1.709476e-01
39 70 -1.711407e-01
22 75 -1.712393e-01
16 53 -1.715057e-01
39 48 -1.715820e-01
53 73 -1.721533e-01
41 61 -1.722737e-01
23 35 -1.723407e-01
69 71 -1.725565e-01
4 35 -1.727443e-01
59 70 -1.732478e-01
28 49 -1.735508e-01
18 64 -1.738628e-01
29 74 -1.740314e-01
58 61 -1.742255e-01
23 42 -1.742710e-01
6 36 -1.745651e-01
26 69 -1.747098e-01
2 14 -1.751307e-01
47 63 -1.751522e-01
25 50 -1.753681e-01
53 64 -1.756028e-01
34 47 -1.758429e-01
18 29 -1.761711e-01
9 63 -1.767252e-01
22 72 -1.767647e-01
35 77 -1.769383e-01
8 71 -1.769463e-01
30 65 -1.770184e-01
16 60 -1.771034e-01
7 26 -1.772188e-01
53 59 -1.775851e-01
43 52 -1.776740e-01
26 29 -1.777035e-01
5 42 -1.777112e-01
17 55 -1.778269e-01
31 57 -1.778715e-01
45 69 -1.779865e-01
26 34 -1.780055e-01
60 72 -1.782154e-01
19 21 -1.782976e-01
3 33 -1.784277e-01
22 59 -1.787243e-01
26 42 -1.789820e-01
33 39 -1.790921e-01
22 54 -1.791420e-01
15 65 -1.791905e-01
22 67 -1.792350e-01
27 34 -1.793742e-01
27 62 -1.795876e-01
26 70 -1.803951e-01
49 61 -1.805625e-01
15 67 -1.807684e-01
7 53 -1.812549e-01
8 62 -1.813587e-01
24 51 -1.816612e-01
44 70 -1.818769e-01
10 57 -1.820321e-01
39 60 -1.824921e-01
9 43 -1.830521e-01
17 33 -1.832105e-01
55 73 -1.832435e-01
33 51 -1.832620e-01
14 65 -1.833090e-01
30 71 -1.835072e-01
56 60 -1.835458e-01
2 44 -1.837836e-01
19 56 -1.842439e-01
55 57 -1.846436e-01
35 54 -1.850686e-01
33 55 -1.851259e-01
42 68 -1.851260e-01
5 71 -1.853410e-01
22 39 -1.854428e-01
51 60 -1.855481e-01
38 75 -1.857507e-01
38 73 -1.858060e-01
11 49 -1.861213e-01
34 54 -1.861936e-01
2 49 -1.863538e-01
36 48 -1.866729e-01
5 64 -1.868335e-01
25 61 -1.870013e-01
9 13 -1.873535e-01
4 27 -1.876899e-01
25 44 -1.877338e-01
24 72 -1.878411e-01
36 65 -1.879684e-01
3 16 -1.886391e-01
16 43 -1.887404e-01
14 42 -1.889486e-01
22 36 -1.893759e-01
34 74 -1.895960e-01
4 64 -1.897789e-01
13 42 -1.909704e-01
40 53 -1.911848e-01
49 62 -1.914698e-01
26 41 -1.916063e-01
9 12 -1.917268e-01
4 56 -1.917587e-01
28 39 -1.919623e-01
7 35 -1.921657e-01
37 53 -1.922435e-01
2 40 -1.924742e-01
31 52 -1.929252e-01
3 57 -1.930046e-01
2 18 -1.935769e-01
16 64 -1.936711e-01
30 67 -1.939422e-01
13 50 -1.943105e-01
11 69 -1.949180e-01
40 64 -1.949758e-01
34 73 -1.950732e-01
14 39 -1.951451e-01
17 30 -1.952367e-01
15 37 -1.953134e-01
4 51 -1.959056e-01
14 35 -1.961476e-01
5 33 -1.963883e-01
5 69 -1.965885e-01
5 61 -1.966148e-01
6 59 -1.967057e-01
33 62 -1.973028e-01
17 41 -1.973290e-01
18 32 -1.975064e-01
45 48 -1.975810e-01
20 56 -1.976156e-01
34 45 -1.977487e-01
2 67 -1.977881e-01
19 70 -1.982233e-01
16 24 -1.985772e-01
2 36 -1.987379e-01
66 70 -1.992017e-01
24 41 -1.992865e-01
19 48 -1.996461e-01
48 53 -1.997401e-01
19 25 -1.999614e-01
34 55 -1.999628e-01
14 59 -2.000327e-01
6 55 -2.001185e-01
59 75 -2.004547e-01
46 67 -2.007954e-01
23 28 -2.009511e-01
29 49 -2.011113e-01
10 62 -2.011728e-01
8 63 -2.013977e-01
3 22 -2.017321e-01
4 21 -2.022461e-01
23 54 -2.022747e-01
34 49 -2.025757e-01
35 49 -2.027499e-01
5 48 -2.027990e-01
2 43 -2.029857e-01
4 59 -2.034666e-01
16 25 -2.036975e-01
31 66 -2.037807e-01
25 60 -2.042450e-01
29 55 -2.044078e-01
12 67 -2.048654e-01
28 65 -2.049675e-01
23 36 -2.049739e-01
9 62 -2.050525e-01
4 74 -2.054024e-01
12 39 -2.054179e-01
16 57 -2.054419e-01
23 59 -2.054461e-01
33 46 -2.055031e-01
49 57 -2.057040e-01
8 31 -2.059755e-01
2 33 -2.063106e-01
15 35 -2.065025e-01
17 61 -2.068101e-01
36 51 -2.069549e-01
33 65 -2.076884e-01
49 70 -2.078889e-01
4 53 -2.079380e-01
25 41 -2.081341e-01
15 54 -2.082447e-01
6 32 -2.084321e-01
50 51 -2.090994e-01
39 71 -2.093536e-01
6 15 -2.094471e-01
12 55 -2.097484e-01
54 65 -2.101829e-01
17 53 -2.102499e-01
36 70 -2.102570e-01
12 35 -2.103666e-01
33 42 -2.106432e-01
21 33 -2.109948e-01
29 67 -2.110902e-01
4 42 -2.113109e-01
24 46 -2.113839e-01
28 62 -2.115188e-01
41 73 -2.122501e-01
38 52 -2.124336e-01
8 50 -2.124716e-01
18 36 -2.125063e-01
10 49 -2.126018e-01
23 57 -2.129140e-01
17 66 -2.131196e-01
8 68 -2.132621e-01
31 68 -2.135320e-01
37 72 -2.135580e-01
41 62 -2.138498e-01
32 41 -2.146373e-01
38 60 -2.148746e-01
36 45 -2.148767e-01
29 36 -2.151755e-01
6 13 -2.153701e-01
3 21 -2.154343e-01
10 27 -2.154764e-01
5 62 -2.154787e-01
49 58 -2.156284e-01
2 11 -2.156440e-01
15 55 -2.159523e-01
10 51 -2.163292e-01
14 56 -2.163647e-01
46 63 -2.166215e-01
61 68 -2.166804e-01
48 59 -2.172328e-01
18 57 -2.173649e-01
5 60 -2.177951e-01
15 39 -2.180210e-01
20 74 -2.183760e-01
12 63 -2.186256e-01
9 37 -2.187025e-01
31 47 -2.188817e-01
14 21 -2.196457e-01
32 61 -2.200527e-01
15 34 -2.204224e-01
29 30 -2.205890e-01
2 72 -2.206051e-01
9 60 -2.206328e-01
53 66 -2.211124e-01
36 52 -2.211414e-01
59 71 -2.212263e-01
41 46 -2.212316e-01
66 73 -2.220920e-01
8 12 -2.221870e-01
20 23 -2.223378e-01
36 44 -2.225315e-01
39 45 -2.225573e-01
40 54 -2.233406e-01
30 44 -2.240575e-01
23 38 -2.243053e-01
32 49 -2.245403e-01
13 66 -2.251421e-01
32 59 -2.253512e-01
3 67 -2.255538e-01
9 58 -2.257297e-01
4 72 -2.258671e-01
21 53 -2.261575e-01
19 61 -2.263727e-01
20 53 -2.272542e-01
38 48 -2.274036e-01
22 65 -2.276647e-01
6 40 -2.279811e-01
47 65 -2.280128e-01
27 32 -2.282938e-01
17 56 -2.285669e-01
22 32 -2.286484e-01
25 62 -2.290626e-01
7 48 -2.299438e-01
42 69 -2.303342e-01
19 49 -2.305425e-01
41 58 -2.309808e-01
28 35 -2.309913e-01
50 57 -2.312395e-01
22 33 -2.316267e-01
17 25 -2.316783e-01
12 61 -2.320785e-01
14 34 -2.323803e-01
30 55 -2.324482e-01
10 59 -2.326551e-01
25 51 -2.327323e-01
40 58 -2.328871e-01
18 56 -2.330612e-01
22 57 -2.331356e-01
3 55 -2.331830e-01
11 12 -2.334665e-01
13 22 -2.336744e-01
30 58 -2.348783e-01
54 73 -2.353030e-01
4 58 -2.355759e-01
15 66 -2.356336e-01
22 49 -2.365203e-01
2 61 -2.366858e-01
48 65 -2.367247e-01
10 70 -2.369523e-01
7 33 -2.369922e-01
41 69 -2.374344e-01
33 71 -2.376141e-01
27 41 -2.382232e-01
43 71 -2.383819e-01
7 56 -2.386232e-01
31 67 -2.386516e-01
30 53 -2.386692e-01
12 34 -2.389418e-01
3 40 -2.394088e-01
65 67 -2.394702e-01
7 39 -2.397939e-01
10 37 -2.398382e-01
10 30 -2.403658e-01
7 61 -2.407423e-01
29 39 -2.412472e-01
2 73 -2.417149e-01
28 40 -2.420422e-01
31 58 -2.430611e-01
21 38 -2.432247e-01
28 72 -2.434082e-01
32 48 -2.434882e-01
53 60 -2.445337e-01
33 47 -2.452232e-01
2 74 -2.453244e-01
22 38 -2.453929e-01
6 62 -2.455759e-01
25 31 -2.460998e-01
54 56 -2.466236e-01
9 67 -2.478318e-01
27 69 -2.480294e-01
5 14 -2.481494e-01
9 26 -2.482895e-01
29 61 -2.484763e-01
23 32 -2.486009e-01
4 67 -2.486939e-01
33 45 -2.487853e-01
21 43 -2.489171e-01
6 64 -2.490543e-01
6 27 -2.491536e-01
19 36 -2.494230e-01
48 61 -2.496649e-01
11 25 -2.497035e-01
3 6 -2.499360e-01
5 15 -2.503092e-01
48 60 -2.503372e-01
4 52 -2.513329e-01
19 46 -2.518292e-01
9 45 -2.518365e-01
5 22 -2.526799e-01
25 33 -2.527764e-01
30 66 -2.538238e-01
16 66 -2.540925e-01
5 66 -2.541352e-01
24 43 -2.550430e-01
11 64 -2.555273e-01
23 43 -2.555404e-01
28 34 -2.556365e-01
34 62 -2.561952e-01
10 14 -2.565165e-01
13 24 -2.565219e-01
4 60 -2.569441e-01
21 65 -2.570407e-01
4 43 -2.575661e-01
20 75 -2.575778e-01
42 49 -2.581613e-01
3 52 -2.582629e-01
29 46 -2.584246e-01
58 71 -2.586051e-01
22 41 -2.586809e-01
20 36 -2.588790e-01
43 61 -2.594128e-01
6 54 -2.599569e-01
10 66 -2.600024e-01
29 56 -2.604787e-01
62 69 -2.613979e-01
27 49 -2.621664e-01
13 38 -2.629343e-01
30 41 -2.631077e-01
15 38 -2.636476e-01
46 57 -2.637278e-01
15 36 -2.638953e-01
56 64 -2.639721e-01
18 49 -2.641583e-01
6 52 -2.643780e-01
37 74 -2.643868e-01
14 32 -2.643961e-01
59 73 -2.662994e-01
21 35 -2.667285e-01
7 30 -2.667876e-01
7 58 -2.667998e-01
4 61 -2.672776e-01
8 53 -2.683449e-01
12 56 -2.686651e-01
40 56 -2.688463e-01
2 39 -2.689433e-01
24 39 -2.691740e-01
9 46 -2.693826e-01
20 57 -2.703668e-01
7 16 -2.708437e-01
50 65 -2.709267e-01
6 12 -2.710894e-01
19 69 -2.711656e-01
33 70 -2.716624e-01
32 69 -2.717837e-01
19 65 -2.732959e-01
19 41 -2.735812e-01
15 68 -2.736523e-01
12 41 -2.748702e-01
28 61 -2.754209e-01
6 47 -2.754507e-01
56 66 -2.756180e-01
15 59 -2.758981e-01
18 67 -2.759306e-01
27 50 -2.766558e-01
49 64 -2.769633e-01
33 38 -2.770445e-01
32 38 -2.782585e-01
25 45 -2.785614e-01
34 39 -2.787339e-01
3 69 -2.790598e-01
24 45 -2.793073e-01
15 62 -2.795624e-01
5 31 -2.797877e-01
4 39 -2.806867e-01
24 65 -2.806878e-01
6 45 -2.808815e-01
25 27 -2.809597e-01
14 24 -2.816501e-01
25 54 -2.817312e-01
34 63 -2.819149e-01
46 60 -2.824870e-01
5 72 -2.825915e-01
13 34 -2.826577e-01
2 27 -2.840602e-01
44 53 -2.841509e-01
3 48 -2.847172e-01
42 46 -2.848475e-01
27 57 -2.849156e-01
53 62 -2.851430e-01
55 71 -2.853175e-01
42 48 -2.855677e-01
21 64 -2.861455e-01
24 71 -2.862597e-01
17 67 -2.871958e-01
34 68 -2.872788e-01
10 73 -2.878285e-01
28 57 -2.880834e-01
20 60 -2.882661e-01
7 17 -2.884955e-01
46 66 -2.886110e-01
8 24 -2.888836e-01
38 72 -2.890931e-01
26 37 -2.891481e-01
38 64 -2.895737e-01
54 61 -2.895932e-01
42 62 -2.923795e-01
35 69 -2.923858e-01
9 24 -2.924558e-01
27 31 -2.934854e-01
24 44 -2.935954e-01
53 74 -2.938563e-01
27 37 -2.945485e-01
7 10 -2.946896e-01
21 60 -2.948639e-01
22 37 -2.980054e-01
12 38 -2.980440e-01
5 45 -2.982727e-01
63 73 -2.986008e-01
31 62 -2.987408e-01
33 67 -2.988814e-01
8 64 -3.003743e-01
67 71 -3.004341e-01
12 59 -3.005388e-01
30 59 -3.006709e-01
21 58 -3.011504e-01
24 57 -3.016478e-01
54 63 -3.026120e-01
15 40 -3.027650e-01
45 63 -3.028694e-01
18 50 -3.031880e-01
9 50 -3.038083e-01
2 26 -3.038480e-01
26 44 -3.052472e-01
13 31 -3.067880e-01
67 70 -3.089836e-01
2 65 -3.092835e-01
24 49 -3.098535e-01
37 69 -3.106173e-01
48 67 -3.108232e-01
24 66 -3.111994e-01
39 63 -3.112326e-01
14 22 -3.121444e-01
12 64 -3.123995e-01
22 47 -3.128895e-01
7 73 -3.130966e-01
4 26 -3.135486e-01
24 69 -3.136768e-01
50 63 -3.142074e-01
8 69 -3.145189e-01
10 26 -3.149658e-01
3 49 -3.152894e-01
19 68 -3.153971e-01
21 26 -3.158442e-01
12 40 -3.158683e-01
6 53 -3.162282e-01
30 42 -3.168861e-01
32 42 -3.176872e-01
35 67 -3.177022e-01
34 51 -3.179412e-01
20 26 -3.190950e-01
9 57 -3.192766e-01
36 53 -3.196598e-01
37 47 -3.203578e-01
7 67 -3.218632e-01
6 72 -3.220471e-01
33 57 -3.221995e-01
47 66 -3.224133e-01
13 56 -3.242921e-01
2 52 -3.244601e-01
25 40 -3.247319e-01
9 27 -3.247830e-01
31 43 -3.255839e-01
7 45 -3.262569e-01
9 49 -3.268482e-01
22 60 -3.270508e-01
21 45 -3.271787e-01
54 70 -3.272587e-01
63 70 -3.274551e-01
36 61 -3.278617e-01
5 51 -3.290234e-01
22 58 -3.295577e-01
60 73 -3.299487e-01
38 53 -3.306911e-01
5 58 -3.308327e-01
12 30 -3.309946e-01
22 63 -3.313883e-01
10 39 -3.318854e-01
8 49 -3.331988e-01
14 37 -3.333924e-01
15 57 -3.336874e-01
31 74 -3.346200e-01
29 66 -3.349238e-01
25 72 -3.353558e-01
32 71 -3.362949e-01
48 64 -3.362989e-01
41 45 -3.363186e-01
14 69 -3.368175e-01
4 17 -3.372838e-01
20 31 -3.373820e-01
21 27 -3.376427e-01
41 59 -3.381107e-01
2 17 -3.383217e-01
28 38 -3.392711e-01
9 71 -3.394603e-01
37 38 -3.396947e-01
6 11 -3.407290e-01
12 62 -3.409183e-01
21 37 -3.430422e-01
21 74 -3.434127e-01
28 60 -3.446982e-01
20 69 -3.452041e-01
12 60 -3.462081e-01
26 72 -3.467043e-01
42 54 -3.470266e-01
6 39 -3.472524e-01
7 57 -3.472996e-01
66 71 -3.473075e-01
38 49 -3.477237e-01
25 34 -3.482256e-01
41 71 -3.487721e-01
47 52 -3.491138e-01
7 50 -3.492855e-01
19 58 -3.497509e-01
12 46 -3.504113e-01
27 71 -3.516567e-01
4 73 -3.517554e-01
46 65 -3.522797e-01
52 60 -3.526699e-01
9 31 -3.535863e-01
45 70 -3.537021e-01
35 56 -3.560815e-01
21 62 -3.566182e-01
7 46 -3.567629e-01
6 68 -3.575679e-01
10 65 -3.606731e-01
6 51 -3.649506e-01
22 42 -3.654264e-01
21 39 -3.657381e-01
21 30 -3.658775e-01
11 61 -3.658848e-01
31 56 -3.665925e-01
25 58 -3.666491e-01
7 47 -3.678546e-01
19 67 -3.698797e-01
24 56 -3.712660e-01
12 66 -3.726967e-01
12 32 -3.752590e-01
24 59 -3.767052e-01
20 49 -3.774217e-01
34 59 -3.797984e-01
34 64 -3.820892e-01
27 73 -3.822236e-01
28 29 -3.826004e-01
57 70 -3.835683e-01
15 56 -3.838873e-01
26 48 -3.839367e-01
8 65 -3.848512e-01
35 65 -3.863152e-01
12 26 -3.870603e-01
22 45 -3.881432e-01
34 56 -3.882880e-01
3 73 -3.900413e-01
64 73 -3.924631e-01
36 56 -3.932143e-01
49 66 -3.934824e-01
48 66 -3.941923e-01
9 61 -3.943461e-01
8 51 -3.945609e-01
34 61 -3.967113e-01
25 42 -3.976330e-01
64 70 -3.979171e-01
5 9 -3.995294e-01
21 63 -3.996212e-01
9 59 -4.002291e-01
4 65 -4.008218e-01
37 58 -4.022955e-01
32 37 -4.043036e-01
37 42 -4.050024e-01
6 46 -4.062348e-01
25 47 -4.086943e-01
25 56 -4.088217e-01
6 33 -4.115359e-01
6 74 -4.133924e-01
24 50 -4.167691e-01
7 43 -4.187699e-01
34 66 -4.191473e-01
37 55 -4.268743e-01
67 72 -4.288773e-01
13 41 -4.322920e-01
3 12 -4.327325e-01
8 46 -4.364545e-01
3 41 -4.442701e-01
6 63 -4.478429e-01
28 59 -4.523503e-01
45 67 -4.552167e-01
20 29 -4.640910e-01
20 44 -4.694987e-01
5 54 -4.773523e-01
6 58 -4.780180e-01
15 41 -4.794419e-01
6 21 -4.822490e-01
15 60 -4.842343e-01
21 71 -4.894570e-01
9 56 -4.904611e-01
46 58 -4.955358e-01
6 56 -5.179666e-01
12 43 -5.290460e-01
34 65 -5.370211e-01
13 37 -5.644371e-01
12 37 -6.052644e-01
25 73 -6.441317e-01
