26,66,0.795492
59,64,0.487140
29,37,0.476541
58,66,0.464508
59,62,0.464236
13,45,0.462947
6,34,0.454457
9,22,0.444648
24,68,0.443452
25,67,0.415269
22,70,0.397695
2,4,0.392982
12,15,0.368726
27,65,0.365929
26,27,0.359367
32,33,0.357113
24,70,0.352533
33,36,0.349817
57,60,0.340946
60,67,0.338896
33,63,0.315330
13,47,0.311903
21,69,0.305808
36,39,0.304646
41,67,0.304526
48,49,0.295197
12,48,0.292720
6,37,0.291873
27,28,0.290073
24,25,0.285556
3,28,0.283311
34,35,0.282874
46,56,0.282315
12,21,0.281570
6,25,0.275694
46,69,0.274750
52,72,0.268689
37,60,0.265331
40,43,0.265307
25,29,0.261192
7,24,0.258650
26,65,0.256159
24,53,0.256143
54,69,0.255209
61,63,0.251359
41,42,0.246890
21,22,0.245008
6,7,0.244767
10,56,0.241353
39,42,0.241023
56,69,0.235914
12,73,0.225436
5,28,0.220896
33,61,0.218934
9,20,0.218544
40,41,0.217921
41,56,0.214090
58,59,0.211647
6,20,0.209435
44,57,0.207866
18,71,0.206582
36,40,0.205744
17,18,0.205320
51,72,0.205010
48,73,0.204729
5,7,0.204584
3,5,0.195984
11,45,0.195222
5,38,0.195044
12,14,0.194323
45,58,0.193147
29,52,0.192856
10,41,0.191133
50,69,0.189106
5,27,0.188575
15,73,0.187793
41,43,0.187668
38,40,0.186911
31,34,0.183395
23,56,0.183358
38,42,0.183312
56,57,0.183120
14,49,0.182913
21,46,0.182858
17,73,0.181783
49,50,0.179763
28,33,0.175396
60,61,0.173846
71,72,0.173259
6,38,0.172176
18,19,0.171781
71,73,0.171387
41,44,0.171290
34,38,0.170925
19,20,0.169304
20,42,0.169222
4,9,0.166341
14,15,0.165975
51,54,0.165677
15,48,0.164879
2,9,0.164609
21,61,0.164109
14,48,0.163033
49,71,0.161315
30,32,0.160678
40,57,0.158512
5,6,0.157456
9,42,0.156677
54,62,0.156599
3,20,0.155252
37,39,0.154366
14,47,0.154055
41,57,0.153947
39,51,0.153750
8,10,0.153486
12,20,0.150113
12,22,0.149341
53,67,0.147896
31,60,0.147056
4,30,0.146714
3,24,0.144901
66,67,0.143934
6,35,0.143073
33,34,0.141957
46,47,0.140034
12,49,0.139449
22,23,0.139438
56,72,0.138845
51,52,0.138616
59,61,0.138138
5,24,0.137333
38,39,0.137060
53,54,0.136202
3,31,0.136138
3,17,0.135317
50,62,0.134483
37,59,0.133761
38,41,0.133367
43,44,0.133268
42,73,0.132250
6,31,0.131518
2,30,0.127412
72,74,0.126980
8,38,0.126501
53,68,0.126263
60,65,0.123149
3,32,0.122991
11,20,0.122985
55,62,0.122491
75,76,0.122377
8,14,0.122029
17,39,0.121218
21,70,0.120564
63,64,0.120060
28,71,0.119408
10,23,0.119305
72,73,0.119237
18,68,0.118364
39,47,0.116829
35,37,0.116614
19,28,0.115864
6,8,0.115426
29,70,0.115238
9,17,0.114958
34,37,0.113144
47,50,0.112783
31,33,0.112717
40,61,0.112270
19,74,0.112267
60,66,0.111716
34,36,0.111521
8,23,0.110578
20,34,0.110497
17,72,0.110341
25,63,0.109991
20,21,0.109852
3,65,0.109470
21,73,0.109102
61,71,0.108932
42,52,0.108858
13,18,0.108749
12,19,0.108619
12,71,0.108505
6,43,0.108398
40,51,0.108226
63,74,0.108226
7,25,0.107868
49,73,0.107441
31,59,0.107299
45,47,0.107299
31,71,0.106864
19,55,0.106827
14,61,0.106746
8,11,0.106034
51,56,0.105682
71,74,0.105640
35,43,0.105624
39,74,0.104897
51,74,0.104702
29,72,0.104472
8,67,0.104137
10,45,0.104125
57,67,0.103645
14,63,0.103136
57,65,0.103098
42,44,0.102498
64,66,0.102131
76,77,0.101908
5,67,0.101678
44,56,0.101269
13,65,0.101174
43,45,0.100876
48,50,0.099157
54,64,0.098988
61,66,0.098391
32,68,0.098233
3,34,0.097611
40,62,0.097512
75,77,0.096556
30,64,0.095993
7,38,0.095515
8,21,0.094985
58,64,0.094329
4,34,0.093966
9,21,0.093742
26,74,0.093547
32,51,0.092915
43,57,0.092730
2,6,0.092676
51,58,0.092434
70,72,0.091982
4,10,0.090904
17,74,0.090847
53,63,0.090685
18,48,0.089894
4,6,0.089574
29,64,0.089066
19,42,0.088916
70,71,0.088777
20,50,0.088153
11,42,0.088101
39,59,0.087559
32,67,0.087381
12,74,0.087357
12,13,0.087319
21,50,0.087222
10,21,0.087150
11,58,0.087099
32,39,0.086884
17,32,0.086802
35,38,0.086788
53,56,0.086711
40,42,0.086640
4,31,0.086418
21,55,0.085962
27,61,0.085704
20,27,0.085353
3,7,0.084841
64,68,0.084806
2,34,0.084482
27,72,0.084433
44,71,0.084266
7,8,0.084242
13,58,0.084088
45,71,0.084060
73,74,0.084025
5,18,0.083969
13,14,0.082405
11,55,0.082310
26,67,0.081929
5,19,0.081737
23,29,0.081250
28,37,0.080697
3,35,0.080635
57,58,0.080558
62,63,0.080441
28,70,0.080398
24,30,0.080219
33,52,0.080026
23,25,0.079980
39,69,0.079881
5,26,0.079712
17,46,0.079344
28,36,0.079048
7,9,0.078775
11,52,0.078715
30,63,0.078711
18,74,0.078643
17,27,0.078380
55,64,0.078121
32,46,0.078013
39,58,0.077896
3,56,0.077863
54,55,0.077479
43,55,0.077225
45,65,0.077189
5,46,0.077080
10,15,0.076849
12,52,0.076807
42,47,0.076473
45,61,0.076255
52,53,0.076213
59,69,0.076197
9,11,0.075952
7,41,0.075721
46,64,0.075696
63,69,0.075403
4,38,0.075171
56,71,0.075054
28,55,0.074595
46,48,0.074483
22,52,0.074483
32,47,0.073985
19,50,0.073811
15,27,0.073724
48,55,0.073545
43,47,0.073509
12,70,0.073428
47,67,0.073413
11,73,0.073191
35,44,0.073178
38,55,0.073080
22,53,0.072903
27,58,0.072742
27,47,0.072391
19,43,0.072376
17,52,0.072204
12,17,0.072036
36,72,0.071943
32,56,0.071799
3,37,0.071795
37,45,0.071436
14,53,0.071417
37,43,0.071302
51,61,0.071209
11,36,0.071058
2,31,0.070803
9,30,0.070482
23,41,0.070422
18,60,0.070237
33,59,0.070222
44,47,0.070118
43,59,0.070046
45,52,0.069976
15,63,0.069791
7,19,0.069512
8,26,0.069338
7,34,0.068792
22,73,0.068664
10,61,0.068298
6,18,0.068289
24,62,0.068028
38,57,0.067882
42,53,0.067765
14,58,0.067550
15,18,0.067455
31,37,0.067236
5,12,0.067077
52,70,0.066931
14,20,0.066796
25,52,0.066733
8,9,0.066707
62,70,0.066457
12,65,0.066309
1,75,0.066140
40,60,0.066095
32,36,0.065792
59,60,0.065759
24,26,0.065619
19,35,0.065583
42,57,0.065560
7,37,0.065552
27,33,0.065506
7,66,0.065400
36,46,0.065120
29,68,0.064508
46,62,0.064383
17,45,0.064157
44,58,0.064002
56,65,0.063912
35,42,0.063844
9,38,0.063722
50,58,0.063709
44,73,0.063570
9,36,0.063531
8,29,0.063268
45,51,0.063262
2,38,0.063055
51,73,0.062929
8,41,0.062687
64,65,0.062573
48,74,0.061851
46,71,0.061675
37,56,0.061219
22,71,0.060714
3,13,0.060539
32,72,0.060489
9,19,0.060361
15,30,0.060048
14,26,0.059952
10,19,0.059862
13,73,0.059650
21,56,0.059605
7,31,0.059514
50,73,0.059457
7,20,0.059195
21,31,0.059173
23,30,0.059085
40,74,0.058707
36,60,0.058519
17,35,0.058477
51,59,0.058422
44,72,0.058271
20,28,0.058168
26,55,0.058163
9,35,0.058101
8,34,0.057930
35,51,0.057715
21,25,0.057570
47,49,0.057442
24,34,0.057134
59,63,0.056828
36,54,0.056805
2,50,0.056539
61,62,0.056165
5,20,0.055893
48,70,0.055478
55,61,0.055329
37,62,0.055048
47,57,0.055029
15,17,0.054984
15,43,0.054965
2,10,0.054869
37,61,0.054758
51,65,0.054723
49,63,0.054682
21,24,0.054383
15,16,0.054077
52,73,0.053739
18,20,0.053711
1,76,0.053547
15,72,0.053497
15,25,0.053439
9,10,0.053190
15,47,0.053155
5,59,0.053030
31,35,0.052919
26,56,0.052918
2,8,0.052915
19,45,0.052746
44,51,0.052629
10,55,0.052522
47,74,0.052354
13,26,0.052347
18,63,0.052300
37,46,0.052269
56,59,0.052247
67,68,0.052235
19,22,0.052175
8,27,0.051888
38,58,0.051802
34,42,0.051785
35,66,0.051768
13,49,0.051762
19,23,0.051689
17,65,0.051647
46,53,0.051562
4,50,0.051367
40,65,0.051250
45,54,0.051170
14,18,0.050871
2,62,0.050747
4,25,0.050593
9,15,0.050479
58,65,0.050288
32,70,0.050197
50,55,0.050077
52,65,0.049982
37,67,0.049942
30,60,0.049725
31,55,0.049653
26,64,0.049638
21,54,0.049635
41,65,0.049585
4,7,0.049470
45,57,0.049467
45,60,0.049258
64,76,0.049024
65,68,0.049007
51,67,0.048871
13,35,0.048781
2,7,0.048530
55,70,0.048441
61,67,0.048093
1,29,0.048027
13,44,0.047964
4,48,0.047964
38,43,0.047919
54,71,0.047814
2,48,0.047777
12,18,0.047677
22,24,0.047672
28,63,0.047530
55,68,0.047426
37,63,0.047278
39,44,0.047244
27,51,0.047176
33,73,0.047060
44,46,0.046871
16,31,0.046588
55,77,0.046301
38,70,0.046256
42,71,0.046228
53,57,0.045976
11,21,0.045812
19,62,0.045534
58,74,0.045361
62,68,0.045314
28,47,0.045201
2,22,0.045106
25,64,0.044704
53,75,0.044533
45,55,0.044340
55,75,0.044332
17,22,0.044248
9,44,0.044196
9,73,0.044015
13,62,0.043979
7,11,0.043904
3,11,0.043882
51,64,0.043778
20,65,0.043686
34,71,0.043597
18,39,0.043318
18,54,0.043261
35,50,0.043219
26,58,0.043068
35,71,0.043042
7,13,0.042873
6,66,0.042769
20,54,0.042730
10,44,0.042305
39,66,0.042293
15,53,0.042218
30,50,0.042049
13,39,0.042022
23,46,0.041846
57,62,0.041807
21,34,0.041712
17,47,0.041612
31,65,0.041291
10,11,0.041284
65,66,0.041137
17,36,0.041119
4,57,0.041009
53,72,0.040897
32,65,0.040708
2,15,0.040651
23,39,0.040634
36,47,0.040353
40,71,0.040332
15,71,0.040299
61,65,0.040274
2,25,0.039871
5,53,0.039864
23,49,0.039808
26,61,0.039797
18,73,0.039748
32,40,0.039713
65,69,0.039300
25,65,0.039281
70,75,0.039253
7,74,0.039216
32,64,0.039192
16,49,0.039024
8,18,0.038812
4,8,0.038809
19,73,0.038787
42,70,0.038749
23,24,0.038619
33,43,0.038556
56,75,0.038303
25,30,0.038268
2,70,0.038144
2,75,0.038055
22,29,0.037940
29,71,0.037598
14,71,0.037549
32,34,0.037493
11,57,0.037428
3,38,0.037332
27,53,0.037330
67,69,0.037211
11,18,0.037184
45,46,0.037006
4,15,0.036992
30,46,0.036651
58,69,0.036639
16,48,0.036576
33,41,0.036473
14,33,0.036442
28,48,0.036408
25,37,0.036234
13,54,0.036136
5,23,0.036027
33,48,0.035953
15,22,0.035945
32,53,0.035934
14,73,0.035752
47,73,0.035722
35,57,0.035689
33,40,0.035364
52,68,0.035315
63,65,0.035292
8,39,0.035094
9,65,0.035082
26,35,0.034937
13,19,0.034924
11,35,0.034765
7,65,0.034747
29,38,0.034608
8,16,0.034604
26,63,0.034517
43,60,0.034325
46,74,0.034261
33,35,0.034238
39,62,0.034109
47,72,0.034082
13,74,0.033943
47,59,0.033788
37,41,0.033762
28,54,0.033744
11,40,0.033625
20,39,0.033531
47,58,0.033522
13,61,0.033499
13,64,0.033369
54,74,0.033367
55,63,0.033295
53,76,0.033267
33,69,0.033206
27,35,0.033033
3,60,0.032930
54,68,0.032796
1,77,0.032750
16,30,0.032734
46,75,0.032712
52,74,0.032693
47,51,0.032616
18,42,0.032517
44,67,0.032493
34,69,0.032286
10,17,0.032229
22,50,0.032182
18,52,0.032081
49,72,0.032074
31,61,0.032010
60,64,0.031978
15,19,0.031952
2,23,0.031881
68,76,0.031848
50,68,0.031767
16,54,0.031695
16,29,0.031611
35,36,0.031602
26,28,0.031206
30,57,0.031191
40,66,0.031086
2,12,0.031073
36,38,0.031019
17,51,0.030914
7,28,0.030883
24,29,0.030871
13,46,0.030862
35,74,0.030743
58,75,0.030698
35,39,0.030674
15,52,0.030637
19,38,0.030590
51,57,0.030578
4,62,0.030524
11,54,0.030495
48,69,0.030477
11,70,0.030330
55,66,0.030170
60,63,0.030145
37,65,0.030110
64,69,0.030084
10,36,0.030047
19,63,0.030037
55,59,0.030018
11,72,0.029820
27,52,0.029807
19,30,0.029692
16,55,0.029679
4,75,0.029522
15,42,0.029336
54,77,0.029211
51,68,0.029195
8,58,0.029176
45,68,0.029145
4,23,0.029144
12,16,0.029122
22,31,0.029114
13,17,0.029094
31,50,0.029023
20,37,0.028938
50,67,0.028782
27,55,0.028734
7,64,0.028612
33,49,0.028492
36,69,0.028150
59,66,0.028132
30,72,0.028122
78,79,0.028122
79,80,0.028122
79,81,0.028122
79,82,0.028122
79,83,0.028122
79,84,0.028122
79,85,0.028122
78,80,0.028122
78,81,0.028122
78,82,0.028122
78,83,0.028122
78,84,0.028122
78,85,0.028122
80,81,0.028122
80,82,0.028122
80,83,0.028122
80,84,0.028122
80,85,0.028122
81,82,0.028122
81,83,0.028122
81,84,0.028122
81,85,0.028122
82,83,0.028122
82,84,0.028122
82,85,0.028122
83,84,0.028122
83,85,0.028122
84,85,0.028122
24,54,0.028065
29,35,0.028061
7,21,0.028016
16,28,0.028003
49,75,0.027956
15,26,0.027931
20,72,0.027897
23,37,0.027684
4,12,0.027665
24,52,0.027563
14,36,0.027506
47,61,0.027458
7,71,0.027412
27,64,0.027377
54,59,0.027195
26,30,0.027180
43,70,0.027046
43,74,0.026965
31,53,0.026948
6,61,0.026938
18,26,0.026932
6,73,0.026910
27,36,0.026864
63,66,0.026860
27,39,0.026852
48,71,0.026733
10,46,0.026715
45,74,0.026698
49,69,0.026636
4,70,0.026605
61,64,0.026496
31,54,0.026369
26,39,0.026240
22,64,0.026225
17,28,0.026092
10,29,0.026073
30,69,0.025965
32,74,0.025758
41,49,0.025645
3,4,0.025638
16,75,0.025555
50,76,0.025515
21,44,0.025448
2,78,0.025398
2,80,0.025398
2,81,0.025398
2,82,0.025398
2,83,0.025398
2,84,0.025398
2,85,0.025398
2,79,0.025398
40,44,0.025384
3,74,0.025354
28,56,0.025342
52,63,0.025117
4,29,0.025097
16,21,0.025056
36,55,0.025025
12,28,0.024998
35,63,0.024848
39,41,0.024802
3,62,0.024750
1,46,0.024679
19,59,0.024662
11,65,0.024570
18,34,0.024490
18,30,0.024309
6,69,0.024230
5,56,0.024093
30,73,0.024018
1,79,0.023998
1,78,0.023998
1,80,0.023998
1,81,0.023998
1,82,0.023998
1,83,0.023998
1,84,0.023998
1,85,0.023998
27,42,0.023981
52,62,0.023970
22,25,0.023934
25,53,0.023862
21,41,0.023805
22,61,0.023773
18,62,0.023686
9,29,0.023634
49,52,0.023623
38,56,0.023585
63,71,0.023548
22,66,0.023495
2,76,0.023447
7,12,0.023436
16,72,0.023303
12,36,0.023172
35,45,0.023168
37,40,0.023132
77,79,0.023102
77,78,0.023102
77,80,0.023102
77,81,0.023102
77,82,0.023102
77,83,0.023102
77,84,0.023102
77,85,0.023102
39,43,0.022985
25,49,0.022976
8,13,0.022906
2,77,0.022547
40,63,0.022501
64,77,0.022465
73,75,0.022441
11,68,0.022388
3,19,0.022131
54,76,0.022004
49,67,0.021956
22,46,0.021886
54,72,0.021879
3,9,0.021835
13,70,0.021639
23,80,0.021634
23,81,0.021634
23,82,0.021634
23,83,0.021634
23,84,0.021634
23,85,0.021634
23,78,0.021634
23,79,0.021634
17,63,0.021628
28,74,0.021595
10,20,0.021588
35,59,0.021581
20,41,0.021494
32,43,0.021415
14,17,0.021409
27,74,0.021399
30,33,0.021373
36,66,0.021335
29,54,0.021317
17,29,0.021267
13,59,0.021043
11,37,0.020960
36,62,0.020959
25,35,0.020916
49,76,0.020904
11,31,0.020855
42,43,0.020701
40,45,0.020688
28,41,0.020682
46,61,0.020678
4,80,0.020637
4,81,0.020637
4,82,0.020637
4,83,0.020637
4,84,0.020637
4,85,0.020637
4,78,0.020637
4,79,0.020637
16,68,0.020578
11,74,0.020539
42,66,0.020410
30,51,0.020396
76,79,0.020335
76,78,0.020335
76,80,0.020335
76,81,0.020335
76,82,0.020335
76,83,0.020335
76,84,0.020335
76,85,0.020335
26,68,0.020324
60,68,0.020285
27,60,0.020220
55,76,0.020202
55,58,0.020193
14,27,0.020044
50,77,0.020026
48,62,0.020009
27,56,0.019928
43,50,0.019845
16,19,0.019750
28,53,0.019585
43,51,0.019572
1,7,0.019519
31,32,0.019492
3,30,0.019470
11,38,0.019468
3,50,0.019229
49,77,0.019073
44,76,0.019013
43,64,0.019010
44,45,0.019003
11,43,0.018988
10,28,0.018971
21,49,0.018963
13,15,0.018928
43,54,0.018858
13,69,0.018846
7,60,0.018832
8,32,0.018831
16,22,0.018665
18,40,0.018664
8,54,0.018646
56,76,0.018605
25,57,0.018603
31,75,0.018571
48,58,0.018519
58,76,0.018456
16,65,0.018306
66,77,0.018301
30,34,0.018272
11,56,0.018247
4,69,0.018211
4,49,0.018148
41,54,0.018098
17,71,0.018033
20,61,0.018007
55,74,0.017979
7,29,0.017957
53,55,0.017903
36,49,0.017883
7,49,0.017838
1,53,0.017799
34,44,0.017719
6,71,0.017690
14,19,0.017614
14,51,0.017589
3,58,0.017528
2,55,0.017515
30,38,0.017506
58,77,0.017370
38,66,0.017337
16,79,0.017298
16,78,0.017298
16,80,0.017298
16,81,0.017298
16,82,0.017298
16,83,0.017298
16,84,0.017298
16,85,0.017298
6,10,0.017256
42,45,0.017246
30,37,0.017235
17,19,0.017155
1,68,0.017125
33,74,0.017124
46,52,0.016933
1,2,0.016841
5,21,0.016811
21,23,0.016731
18,44,0.016717
11,66,0.016635
10,64,0.016579
31,70,0.016558
75,79,0.016499
75,78,0.016499
75,80,0.016499
75,81,0.016499
75,82,0.016499
75,83,0.016499
75,84,0.016499
75,85,0.016499
44,48,0.016383
33,64,0.016366
42,60,0.016329
38,45,0.016270
49,68,0.016264
34,46,0.016241
18,33,0.016206
18,27,0.016153
16,50,0.016063
7,42,0.016002
17,58,0.016000
49,54,0.015975
4,22,0.015872
16,35,0.015864
31,49,0.015829
10,43,0.015772
3,51,0.015734
6,48,0.015638
65,75,0.015599
9,72,0.015590
62,64,0.015556
20,32,0.015511
12,58,0.015502
9,64,0.015491
1,32,0.015457
8,52,0.015449
20,48,0.015388
21,68,0.015245
32,58,0.015109
32,45,0.015104
68,71,0.015025
28,45,0.015022
48,75,0.014971
15,49,0.014963
8,19,0.014897
22,48,0.014870
8,44,0.014858
44,69,0.014795
19,60,0.014792
13,28,0.014650
54,57,0.014629
53,80,0.014625
53,81,0.014625
53,82,0.014625
53,83,0.014625
53,84,0.014625
53,85,0.014625
53,78,0.014625
53,79,0.014625
54,67,0.014549
32,62,0.014501
16,37,0.014422
13,57,0.014361
57,72,0.014275
16,18,0.014245
41,47,0.014214
2,69,0.014205
23,34,0.014179
14,40,0.014108
9,40,0.014034
41,77,0.013907
5,74,0.013854
36,58,0.013828
13,32,0.013809
19,26,0.013803
49,80,0.013537
49,81,0.013537
49,82,0.013537
49,83,0.013537
49,84,0.013537
49,85,0.013537
49,78,0.013537
49,79,0.013537
35,73,0.013480
25,76,0.013458
1,4,0.013421
4,5,0.013322
39,50,0.013295
34,52,0.013255
21,77,0.013156
66,68,0.013115
46,76,0.013026
2,5,0.012977
9,25,0.012931
17,57,0.012911
32,54,0.012750
22,34,0.012711
1,8,0.012685
10,12,0.012655
11,22,0.012654
18,58,0.012633
1,14,0.012583
5,11,0.012567
1,49,0.012565
30,54,0.012564
18,47,0.012557
13,51,0.012547
58,70,0.012499
16,74,0.012485
56,77,0.012376
39,52,0.012277
10,31,0.012265
69,70,0.012229
14,38,0.012206
36,37,0.012028
26,57,0.011913
5,73,0.011841
58,60,0.011782
10,22,0.011615
50,59,0.011519
43,63,0.011467
39,53,0.011442
61,73,0.011433
9,32,0.011389
61,69,0.011377
18,28,0.011374
10,33,0.011329
9,70,0.011297
30,79,0.011193
30,80,0.011193
30,81,0.011193
30,82,0.011193
30,83,0.011193
30,84,0.011193
30,85,0.011193
30,78,0.011193
14,52,0.011140
46,72,0.011114
8,57,0.011073
63,75,0.011030
1,3,0.011020
11,32,0.010839
29,33,0.010811
32,60,0.010674
39,65,0.010603
9,18,0.010562
27,43,0.010429
49,55,0.010429
17,50,0.010336
32,57,0.010321
19,54,0.010314
8,15,0.010185
7,63,0.010183
31,78,0.010107
31,80,0.010107
31,81,0.010107
31,82,0.010107
31,83,0.010107
31,84,0.010107
31,85,0.010107
31,79,0.010107
53,65,0.010098
8,61,0.010024
25,39,0.010001
58,62,0.009983
5,13,0.009982
47,64,0.009924
5,17,0.009884
25,77,0.009824
20,22,0.009802
32,44,0.009779
45,62,0.009683
18,41,0.009654
9,53,0.009648
42,74,0.009533
31,38,0.009499
20,24,0.009489
38,50,0.009336
26,46,0.009325
52,66,0.009306
16,51,0.009261
20,58,0.009170
8,33,0.009008
26,43,0.008978
35,68,0.008970
28,46,0.008934
56,70,0.008923
72,75,0.008917
44,49,0.008877
23,33,0.008839
54,60,0.008785
27,70,0.008664
25,28,0.008592
35,61,0.008435
64,67,0.008128
55,65,0.008093
23,50,0.008081
16,73,0.008080
6,28,0.007995
8,42,0.007967
1,6,0.007874
16,32,0.007868
47,60,0.007724
43,62,0.007651
6,19,0.007649
44,55,0.007635
47,75,0.007601
11,59,0.007573
56,62,0.007400
4,77,0.007370
8,59,0.007343
50,78,0.007305
50,80,0.007305
50,81,0.007305
50,82,0.007305
50,83,0.007305
50,84,0.007305
50,85,0.007305
50,79,0.007305
42,51,0.007282
12,72,0.007279
29,80,0.007273
29,81,0.007273
29,82,0.007273
29,83,0.007273
29,84,0.007273
29,85,0.007273
29,78,0.007273
29,79,0.007273
49,53,0.007183
16,23,0.007148
17,40,0.007103
5,37,0.007061
21,52,0.006983
18,23,0.006965
11,19,0.006924
16,46,0.006841
6,60,0.006747
41,70,0.006710
50,72,0.006665
22,80,0.006649
22,81,0.006649
22,82,0.006649
22,83,0.006649
22,84,0.006649
22,85,0.006649
22,78,0.006649
22,79,0.006649
51,53,0.006471
1,23,0.006442
9,16,0.006436
9,28,0.006365
24,42,0.006363
14,50,0.006363
24,63,0.006308
11,34,0.006243
68,80,0.006182
68,81,0.006182
68,82,0.006182
68,83,0.006182
68,84,0.006182
68,85,0.006182
68,78,0.006182
68,79,0.006182
43,46,0.005971
73,77,0.005944
34,72,0.005788
35,40,0.005705
15,45,0.005636
54,75,0.005630
6,22,0.005624
8,43,0.005583
5,68,0.005580
12,45,0.005576
55,80,0.005566
55,81,0.005566
55,82,0.005566
55,83,0.005566
55,84,0.005566
55,85,0.005566
55,78,0.005566
55,79,0.005566
13,36,0.005540
33,66,0.005532
60,62,0.005412
46,54,0.005387
64,75,0.005383
54,78,0.005371
54,80,0.005371
54,81,0.005371
54,82,0.005371
54,83,0.005371
54,84,0.005371
54,85,0.005371
54,79,0.005371
48,54,0.005360
4,76,0.005346
30,36,0.005288
5,35,0.005205
10,24,0.005196
1,5,0.005188
7,72,0.005186
31,63,0.005178
60,75,0.005125
34,48,0.005050
1,64,0.005015
25,48,0.004959
41,51,0.004944
27,40,0.004916
10,74,0.004909
64,79,0.004898
64,80,0.004898
64,81,0.004898
64,82,0.004898
64,83,0.004898
64,84,0.004898
64,85,0.004898
64,78,0.004898
17,20,0.004858
15,28,0.004689
30,62,0.004686
50,56,0.004657
10,80,0.004652
10,81,0.004652
10,82,0.004652
10,83,0.004652
10,84,0.004652
10,85,0.004652
10,78,0.004652
10,79,0.004652
45,72,0.004611
1,25,0.004576
57,76,0.004573
9,68,0.004565
43,67,0.004551
17,43,0.004533
13,68,0.004527
44,64,0.004445
3,27,0.004393
16,52,0.004217
10,76,0.004154
6,44,0.004075
69,79,0.004048
69,80,0.004048
69,81,0.004048
69,82,0.004048
69,83,0.004048
69,84,0.004048
69,85,0.004048
69,78,0.004048
11,13,0.004042
8,78,0.003926
8,80,0.003926
8,81,0.003926
8,82,0.003926
8,83,0.003926
8,84,0.003926
8,85,0.003926
8,79,0.003926
47,55,0.003901
56,80,0.003862
56,81,0.003862
56,82,0.003862
56,83,0.003862
56,84,0.003862
56,85,0.003862
56,78,0.003862
56,79,0.003862
1,40,0.003859
7,68,0.003838
25,80,0.003720
25,81,0.003720
25,82,0.003720
25,83,0.003720
25,84,0.003720
25,85,0.003720
25,78,0.003720
25,79,0.003720
60,71,0.003670
4,41,0.003653
24,80,0.003626
24,81,0.003626
24,82,0.003626
24,83,0.003626
24,84,0.003626
24,85,0.003626
24,78,0.003626
24,79,0.003626
43,58,0.003623
72,76,0.003589
38,47,0.003466
3,33,0.003373
19,47,0.003358
30,61,0.003355
15,69,0.003308
13,43,0.003301
39,40,0.003277
28,76,0.003181
20,67,0.003044
29,32,0.002967
8,20,0.002939
33,56,0.002933
1,16,0.002878
54,58,0.002818
25,55,0.002768
1,56,0.002751
28,43,0.002732
71,76,0.002705
1,30,0.002666
69,76,0.002658
30,40,0.002632
23,45,0.002563
20,73,0.002406
16,56,0.002317
31,76,0.002299
1,36,0.002298
21,32,0.002260
3,61,0.002199
52,69,0.002180
53,70,0.002105
2,54,0.002049
10,34,0.002048
19,57,0.001994
3,76,0.001974
59,79,0.001906
59,78,0.001906
59,80,0.001906
59,81,0.001906
59,82,0.001906
59,83,0.001906
59,84,0.001906
59,85,0.001906
36,43,0.001887
10,42,0.001830
52,54,0.001828
12,42,0.001677
5,44,0.001634
29,48,0.001605
5,39,0.001557
68,72,0.001529
14,45,0.001523
19,32,0.001519
6,16,0.001503
2,68,0.001488
1,28,0.001486
40,68,0.001473
70,78,0.001436
70,80,0.001436
70,81,0.001436
70,82,0.001436
70,83,0.001436
70,84,0.001436
70,85,0.001436
70,79,0.001436
47,69,0.001399
14,25,0.001345
32,35,0.001280
6,67,0.001272
62,77,0.001242
37,77,0.001106
57,71,0.001093
41,53,0.001046
8,30,0.001043
57,77,0.000999
65,76,0.000937
63,77,0.000926
46,80,0.000863
46,81,0.000863
46,82,0.000863
46,83,0.000863
46,84,0.000863
46,85,0.000863
46,78,0.000863
46,79,0.000863
2,29,0.000798
69,73,0.000769
16,77,0.000764
1,42,0.000688
4,36,0.000632
41,79,0.000591
41,78,0.000591
41,80,0.000591
41,81,0.000591
41,82,0.000591
41,83,0.000591
41,84,0.000591
41,85,0.000591
34,53,0.000561
68,77,0.000492
17,60,0.000492
48,52,0.000470
47,77,0.000469
29,76,0.000456
25,32,0.000436
5,8,0.000433
30,47,0.000427
42,56,0.000411
69,72,0.000381
45,59,0.000289
4,71,0.000287
16,70,0.000215
19,72,0.000207
50,75,0.000040
35,60,0.000026
2,24,0.000017
62,80,0.000012
62,81,0.000012
62,82,0.000012
62,83,0.000012
62,84,0.000012
62,85,0.000012
62,78,0.000012
62,79,0.000012
16,44,-0.000001
12,77,-0.000109
51,77,-0.000149
36,73,-0.000243
13,71,-0.000281
53,77,-0.000321
3,14,-0.000341
6,75,-0.000394
45,50,-0.000405
24,58,-0.000432
16,26,-0.000467
9,79,-0.000468
9,80,-0.000468
9,81,-0.000468
9,82,-0.000468
9,83,-0.000468
9,84,-0.000468
9,85,-0.000468
9,78,-0.000468
15,74,-0.000473
35,46,-0.000492
13,48,-0.000563
16,33,-0.000577
48,79,-0.000589
48,78,-0.000589
48,80,-0.000589
48,81,-0.000589
48,82,-0.000589
48,83,-0.000589
48,84,-0.000589
48,85,-0.000589
10,60,-0.000609
13,52,-0.000661
61,75,-0.000692
1,54,-0.000710
2,46,-0.000741
1,10,-0.000772
29,75,-0.000779
59,76,-0.000798
60,69,-0.000823
28,58,-0.000875
8,36,-0.000906
29,57,-0.000912
5,10,-0.000949
12,47,-0.001000
2,16,-0.001048
36,75,-0.001111
23,77,-0.001155
21,72,-0.001225
23,53,-0.001256
66,74,-0.001292
6,50,-0.001309
29,63,-0.001329
6,80,-0.001365
6,81,-0.001365
6,82,-0.001365
6,83,-0.001365
6,84,-0.001365
6,85,-0.001365
6,78,-0.001365
6,79,-0.001365
15,31,-0.001368
36,74,-0.001434
21,80,-0.001464
21,81,-0.001464
21,82,-0.001464
21,83,-0.001464
21,84,-0.001464
21,85,-0.001464
21,78,-0.001464
21,79,-0.001464
40,75,-0.001467
4,24,-0.001492
46,50,-0.001508
62,66,-0.001606
15,20,-0.001616
66,80,-0.001653
66,81,-0.001653
66,82,-0.001653
66,83,-0.001653
66,84,-0.001653
66,85,-0.001653
66,78,-0.001653
66,79,-0.001653
67,76,-0.001671
60,77,-0.001806
16,58,-0.001816
43,65,-0.001962
74,75,-0.001994
51,75,-0.002011
6,77,-0.002076
26,59,-0.002082
25,75,-0.002223
34,70,-0.002224
44,77,-0.002237
16,71,-0.002386
61,77,-0.002405
36,63,-0.002460
54,66,-0.002467
21,57,-0.002495
3,45,-0.002517
5,65,-0.002638
15,77,-0.002640
7,51,-0.002674
1,41,-0.002743
34,75,-0.002760
67,78,-0.002778
67,80,-0.002778
67,81,-0.002778
67,82,-0.002778
67,83,-0.002778
67,84,-0.002778
67,85,-0.002778
67,79,-0.002778
36,80,-0.002901
36,81,-0.002901
36,82,-0.002901
36,83,-0.002901
36,84,-0.002901
36,85,-0.002901
36,78,-0.002901
36,79,-0.002901
38,68,-0.002924
17,42,-0.002933
7,80,-0.003012
7,81,-0.003012
7,82,-0.003012
7,83,-0.003012
7,84,-0.003012
7,85,-0.003012
7,78,-0.003012
7,79,-0.003012
1,31,-0.003069
53,69,-0.003116
63,76,-0.003155
19,51,-0.003179
3,54,-0.003192
49,56,-0.003388
16,41,-0.003391
18,37,-0.003460
19,27,-0.003501
5,40,-0.003502
23,70,-0.003508
1,61,-0.003509
61,80,-0.003513
61,81,-0.003513
61,82,-0.003513
61,83,-0.003513
61,84,-0.003513
61,85,-0.003513
61,78,-0.003513
61,79,-0.003513
1,73,-0.003536
70,77,-0.003729
36,76,-0.003773
15,29,-0.003909
13,23,-0.003925
43,48,-0.004073
1,50,-0.004098
14,68,-0.004099
50,66,-0.004149
5,25,-0.004256
63,79,-0.004283
63,78,-0.004283
63,80,-0.004283
63,81,-0.004283
63,82,-0.004283
63,83,-0.004283
63,84,-0.004283
63,85,-0.004283
31,51,-0.004344
22,55,-0.004412
24,48,-0.004416
69,77,-0.004479
62,67,-0.004555
45,76,-0.004565
1,38,-0.004588
15,79,-0.004660
15,80,-0.004660
15,81,-0.004660
15,82,-0.004660
15,83,-0.004660
15,84,-0.004660
15,85,-0.004660
15,78,-0.004660
39,73,-0.004684
13,67,-0.004734
39,72,-0.004760
66,76,-0.004765
23,73,-0.004840
65,78,-0.004849
65,80,-0.004849
65,81,-0.004849
65,82,-0.004849
65,83,-0.004849
65,84,-0.004849
65,85,-0.004849
65,79,-0.004849
10,48,-0.004875
12,31,-0.004953
7,32,-0.004999
4,16,-0.005009
67,74,-0.005030
1,9,-0.005030
16,34,-0.005068
26,36,-0.005100
16,27,-0.005101
44,75,-0.005112
36,77,-0.005132
57,75,-0.005137
23,27,-0.005139
40,76,-0.005198
16,47,-0.005215
39,46,-0.005271
11,46,-0.005288
67,73,-0.005309
30,56,-0.005314
8,25,-0.005374
43,68,-0.005382
16,76,-0.005383
3,42,-0.005397
26,40,-0.005423
56,63,-0.005428
1,57,-0.005440
47,76,-0.005455
26,62,-0.005470
1,26,-0.005489
27,68,-0.005517
17,62,-0.005546
12,80,-0.005575
12,81,-0.005575
12,82,-0.005575
12,83,-0.005575
12,84,-0.005575
12,85,-0.005575
12,78,-0.005575
12,79,-0.005575
68,70,-0.005593
12,27,-0.005599
57,69,-0.005603
33,53,-0.005622
74,77,-0.005638
26,47,-0.005712
40,47,-0.005719
70,76,-0.005780
15,50,-0.005780
29,77,-0.005800
10,18,-0.005885
34,77,-0.005998
27,44,-0.006012
24,67,-0.006028
6,76,-0.006046
44,66,-0.006057
15,44,-0.006177
48,77,-0.006251
58,63,-0.006265
35,72,-0.006340
47,62,-0.006394
23,68,-0.006517
38,44,-0.006585
38,79,-0.006601
38,80,-0.006601
38,81,-0.006601
38,82,-0.006601
38,83,-0.006601
38,84,-0.006601
38,85,-0.006601
38,78,-0.006601
48,51,-0.006604
51,76,-0.006614
31,73,-0.006660
22,27,-0.006913
1,20,-0.007013
2,64,-0.007029
42,75,-0.007054
36,41,-0.007096
15,51,-0.007144
20,33,-0.007176
22,30,-0.007260
62,72,-0.007274
3,25,-0.007311
29,40,-0.007370
39,75,-0.007502
32,52,-0.007535
2,3,-0.007577
1,55,-0.007599
21,76,-0.007667
9,39,-0.007688
16,17,-0.007716
10,75,-0.007797
30,31,-0.007825
5,34,-0.007889
19,52,-0.007894
38,61,-0.007903
1,44,-0.007912
1,74,-0.007976
23,55,-0.007991
1,67,-0.008015
28,69,-0.008018
65,77,-0.008029
74,76,-0.008031
3,77,-0.008063
17,26,-0.008071
37,80,-0.008078
37,81,-0.008078
37,82,-0.008078
37,83,-0.008078
37,84,-0.008078
37,85,-0.008078
37,78,-0.008078
37,79,-0.008078
59,77,-0.008128
5,32,-0.008131
16,69,-0.008134
41,76,-0.008194
57,64,-0.008264
24,31,-0.008408
27,46,-0.008434
63,72,-0.008440
72,77,-0.008510
24,77,-0.008525
2,56,-0.008544
23,60,-0.008599
20,59,-0.008604
30,70,-0.008673
55,67,-0.008675
15,32,-0.008682
64,71,-0.008703
73,78,-0.008776
73,80,-0.008776
73,81,-0.008776
73,82,-0.008776
73,83,-0.008776
73,84,-0.008776
73,85,-0.008776
73,79,-0.008776
3,46,-0.008805
21,67,-0.008814
36,42,-0.008835
47,71,-0.009068
70,73,-0.009162
15,70,-0.009215
61,72,-0.009263
44,78,-0.009309
44,80,-0.009309
44,81,-0.009309
44,82,-0.009309
44,83,-0.009309
44,84,-0.009309
44,85,-0.009309
44,79,-0.009309
16,40,-0.009325
14,57,-0.009394
1,70,-0.009475
41,52,-0.009575
39,78,-0.009588
39,80,-0.009588
39,81,-0.009588
39,82,-0.009588
39,83,-0.009588
39,84,-0.009588
39,85,-0.009588
39,79,-0.009588
1,24,-0.009696
12,23,-0.009708
48,56,-0.009717
57,79,-0.009730
57,78,-0.009730
57,80,-0.009730
57,81,-0.009730
57,82,-0.009730
57,83,-0.009730
57,84,-0.009730
57,85,-0.009730
7,77,-0.009740
10,50,-0.009875
6,30,-0.010020
26,80,-0.010023
26,81,-0.010023
26,82,-0.010023
26,83,-0.010023
26,84,-0.010023
26,85,-0.010023
26,78,-0.010023
26,79,-0.010023
24,76,-0.010052
14,75,-0.010092
67,77,-0.010118
34,79,-0.010161
34,80,-0.010161
34,81,-0.010161
34,82,-0.010161
34,83,-0.010161
34,84,-0.010161
34,85,-0.010161
34,78,-0.010161
60,78,-0.010251
60,80,-0.010251
60,81,-0.010251
60,82,-0.010251
60,83,-0.010251
60,84,-0.010251
60,85,-0.010251
60,79,-0.010251
32,80,-0.010271
32,81,-0.010271
32,82,-0.010271
32,83,-0.010271
32,84,-0.010271
32,85,-0.010271
32,78,-0.010271
32,79,-0.010271
45,77,-0.010306
66,75,-0.010537
29,31,-0.010570
45,75,-0.010589
18,35,-0.010601
63,68,-0.010607
14,79,-0.010635
14,80,-0.010635
14,81,-0.010635
14,82,-0.010635
14,83,-0.010635
14,84,-0.010635
14,85,-0.010635
14,78,-0.010635
39,56,-0.010645
56,67,-0.010682
42,61,-0.010686
58,72,-0.010724
4,37,-0.010888
59,68,-0.010943
1,11,-0.010985
14,62,-0.011072
28,77,-0.011146
62,75,-0.011149
44,62,-0.011165
18,46,-0.011193
59,65,-0.011205
42,77,-0.011295
25,71,-0.011318
23,76,-0.011322
20,62,-0.011343
49,65,-0.011398
34,41,-0.011403
62,76,-0.011437
45,66,-0.011443
7,36,-0.011455
1,12,-0.011457
35,62,-0.011470
1,47,-0.011477
12,75,-0.011480
6,49,-0.011491
17,31,-0.011572
11,26,-0.011586
53,66,-0.011607
25,74,-0.011621
35,53,-0.011641
14,31,-0.011705
33,79,-0.011749
33,80,-0.011749
33,81,-0.011749
33,82,-0.011749
33,83,-0.011749
33,84,-0.011749
33,85,-0.011749
33,78,-0.011749
28,80,-0.011767
28,81,-0.011767
28,82,-0.011767
28,83,-0.011767
28,84,-0.011767
28,85,-0.011767
28,78,-0.011767
28,79,-0.011767
15,23,-0.011781
18,38,-0.011783
8,66,-0.011817
1,58,-0.011834
3,10,-0.011860
3,70,-0.011904
1,22,-0.011909
1,60,-0.011915
2,53,-0.011917
26,45,-0.011926
46,55,-0.011978
64,72,-0.012032
71,79,-0.012034
71,80,-0.012034
71,81,-0.012034
71,82,-0.012034
71,83,-0.012034
71,84,-0.012034
71,85,-0.012034
71,78,-0.012034
29,53,-0.012038
34,67,-0.012109
60,76,-0.012159
21,36,-0.012177
16,36,-0.012226
25,69,-0.012248
20,30,-0.012304
23,52,-0.012328
1,27,-0.012361
45,73,-0.012381
14,76,-0.012403
1,59,-0.012426
38,46,-0.012428
5,80,-0.012463
5,81,-0.012463
5,82,-0.012463
5,83,-0.012463
5,84,-0.012463
5,85,-0.012463
5,78,-0.012463
5,79,-0.012463
23,67,-0.012469
18,70,-0.012487
40,46,-0.012558
43,77,-0.012573
10,16,-0.012641
37,57,-0.012663
44,52,-0.012686
17,44,-0.012710
32,75,-0.012717
34,50,-0.012819
37,52,-0.012893
5,41,-0.012906
44,59,-0.013098
1,39,-0.013107
10,58,-0.013143
9,66,-0.013293
42,63,-0.013296
57,59,-0.013335
5,47,-0.013376
3,66,-0.013396
47,70,-0.013442
8,37,-0.013467
29,59,-0.013500
10,77,-0.013510
72,80,-0.013525
72,81,-0.013525
72,82,-0.013525
72,83,-0.013525
72,84,-0.013525
72,85,-0.013525
72,79,-0.013525
72,78,-0.013525
29,60,-0.013530
35,41,-0.013537
16,61,-0.013544
30,45,-0.013569
1,51,-0.013604
41,48,-0.013676
41,75,-0.013681
22,74,-0.013754
12,54,-0.013869
5,57,-0.013908
15,75,-0.013914
1,45,-0.013964
15,76,-0.014005
39,76,-0.014032
19,37,-0.014077
13,80,-0.014109
13,81,-0.014109
13,82,-0.014109
13,83,-0.014109
13,84,-0.014109
13,85,-0.014109
13,78,-0.014109
13,79,-0.014109
4,54,-0.014113
30,65,-0.014166
29,34,-0.014181
28,68,-0.014234
20,55,-0.014305
22,40,-0.014307
32,66,-0.014396
13,76,-0.014420
38,65,-0.014449
68,69,-0.014470
14,77,-0.014491
40,70,-0.014496
52,80,-0.014518
52,81,-0.014518
52,82,-0.014518
52,83,-0.014518
52,84,-0.014518
52,85,-0.014518
52,78,-0.014518
52,79,-0.014518
1,66,-0.014520
30,35,-0.014537
24,75,-0.014589
9,74,-0.014640
20,70,-0.014719
1,72,-0.014722
31,77,-0.014817
42,79,-0.014922
42,78,-0.014922
42,80,-0.014922
42,81,-0.014922
42,82,-0.014922
42,83,-0.014922
42,84,-0.014922
42,85,-0.014922
18,22,-0.014923
58,79,-0.014928
58,80,-0.014928
58,81,-0.014928
58,82,-0.014928
58,83,-0.014928
58,84,-0.014928
58,85,-0.014928
58,78,-0.014928
23,62,-0.014954
43,49,-0.014962
6,26,-0.015067
31,42,-0.015120
36,50,-0.015205
37,44,-0.015228
61,70,-0.015259
69,75,-0.015264
51,79,-0.015320
51,80,-0.015320
51,81,-0.015320
51,82,-0.015320
51,83,-0.015320
51,84,-0.015320
51,85,-0.015320
51,78,-0.015320
11,14,-0.015421
44,50,-0.015460
32,77,-0.015473
11,29,-0.015482
48,76,-0.015574
3,53,-0.015576
22,56,-0.015638
8,74,-0.015648
15,21,-0.015668
35,52,-0.015670
17,49,-0.015725
25,50,-0.015740
1,65,-0.015745
37,64,-0.015754
50,64,-0.015771
30,74,-0.015783
6,23,-0.015801
5,43,-0.015824
24,33,-0.015860
8,47,-0.015862
9,69,-0.015863
6,15,-0.015873
26,69,-0.016012
20,80,-0.016044
20,81,-0.016044
20,82,-0.016044
20,83,-0.016044
20,84,-0.016044
20,85,-0.016044
20,78,-0.016044
20,79,-0.016044
67,75,-0.016044
3,71,-0.016059
16,39,-0.016096
39,57,-0.016182
3,78,-0.016219
3,80,-0.016219
3,81,-0.016219
3,82,-0.016219
3,83,-0.016219
3,84,-0.016219
3,85,-0.016219
3,79,-0.016219
33,60,-0.016247
53,58,-0.016266
27,76,-0.016279
46,68,-0.016290
39,77,-0.016293
22,75,-0.016296
34,76,-0.016327
3,29,-0.016580
52,75,-0.016591
19,79,-0.016648
19,80,-0.016648
19,81,-0.016648
19,82,-0.016648
19,83,-0.016648
19,84,-0.016648
19,85,-0.016648
19,78,-0.016648
30,77,-0.016676
9,55,-0.016713
41,60,-0.016723
21,66,-0.016801
19,24,-0.016809
23,31,-0.016820
11,71,-0.016853
10,25,-0.016854
7,75,-0.016859
40,77,-0.016867
25,41,-0.016986
65,74,-0.017126
17,38,-0.017129
10,72,-0.017132
22,77,-0.017164
19,34,-0.017201
18,51,-0.017203
69,74,-0.017246
1,48,-0.017246
40,79,-0.017384
40,80,-0.017384
40,81,-0.017384
40,82,-0.017384
40,83,-0.017384
40,84,-0.017384
40,85,-0.017384
40,78,-0.017384
33,44,-0.017426
38,77,-0.017436
1,35,-0.017441
5,49,-0.017525
10,38,-0.017539
46,77,-0.017562
29,41,-0.017562
18,72,-0.017571
31,44,-0.017603
25,31,-0.017638
73,76,-0.017671
27,45,-0.017698
74,78,-0.017749
74,80,-0.017749
74,81,-0.017749
74,82,-0.017749
74,83,-0.017749
74,84,-0.017749
74,85,-0.017749
74,79,-0.017749
45,49,-0.017783
1,52,-0.017865
10,53,-0.017878
56,74,-0.017942
42,76,-0.017952
27,80,-0.017984
27,81,-0.017984
27,82,-0.017984
27,83,-0.017984
27,84,-0.017984
27,85,-0.017984
27,78,-0.017984
27,79,-0.017984
11,78,-0.018037
11,80,-0.018037
11,81,-0.018037
11,82,-0.018037
11,83,-0.018037
11,84,-0.018037
11,85,-0.018037
11,79,-0.018037
18,43,-0.018133
11,27,-0.018162
20,43,-0.018177
14,29,-0.018245
35,79,-0.018263
35,80,-0.018263
35,81,-0.018263
35,82,-0.018263
35,83,-0.018263
35,84,-0.018263
35,85,-0.018263
35,78,-0.018263
11,41,-0.018273
30,75,-0.018276
47,80,-0.018295
47,81,-0.018295
47,82,-0.018295
47,83,-0.018295
47,84,-0.018295
47,85,-0.018295
47,78,-0.018295
47,79,-0.018295
20,66,-0.018303
34,60,-0.018314
23,72,-0.018386
14,55,-0.018393
13,20,-0.018480
1,13,-0.018491
1,21,-0.018511
16,63,-0.018558
11,33,-0.018591
13,77,-0.018597
61,76,-0.018620
69,71,-0.018635
37,66,-0.018661
52,77,-0.018818
2,37,-0.018890
35,55,-0.018942
53,61,-0.018997
30,43,-0.019011
43,79,-0.019036
43,78,-0.019036
43,80,-0.019036
43,81,-0.019036
43,82,-0.019036
43,83,-0.019036
43,84,-0.019036
43,85,-0.019036
8,75,-0.019055
15,24,-0.019071
45,56,-0.019142
43,72,-0.019158
11,60,-0.019204
1,17,-0.019216
8,56,-0.019271
10,32,-0.019294
37,76,-0.019297
34,43,-0.019493
3,43,-0.019529
22,35,-0.019543
45,79,-0.019572
45,80,-0.019572
45,81,-0.019572
45,82,-0.019572
45,83,-0.019572
45,84,-0.019572
45,85,-0.019572
45,78,-0.019572
32,76,-0.019585
5,75,-0.019614
2,49,-0.019642
23,36,-0.019657
7,40,-0.019696
24,60,-0.019713
52,58,-0.019748
17,54,-0.019750
9,52,-0.019812
40,49,-0.019923
24,27,-0.019947
27,77,-0.019998
23,75,-0.020024
41,66,-0.020038
22,43,-0.020051
36,71,-0.020065
4,14,-0.020094
2,21,-0.020098
29,69,-0.020234
23,44,-0.020250
7,26,-0.020257
10,35,-0.020305
30,68,-0.020324
7,14,-0.020362
6,14,-0.020402
62,74,-0.020408
31,46,-0.020558
1,15,-0.020565
26,49,-0.020573
1,69,-0.020670
12,69,-0.020686
43,76,-0.020783
2,60,-0.020846
56,58,-0.020953
8,35,-0.020964
3,44,-0.020982
6,41,-0.021013
17,78,-0.021027
17,80,-0.021027
17,81,-0.021027
17,82,-0.021027
17,83,-0.021027
17,84,-0.021027
17,85,-0.021027
17,79,-0.021027
68,73,-0.021133
51,55,-0.021172
40,59,-0.021199
26,60,-0.021213
15,65,-0.021223
16,42,-0.021259
37,73,-0.021293
11,50,-0.021375
11,48,-0.021404
4,11,-0.021414
4,68,-0.021456
21,48,-0.021584
8,77,-0.021590
1,37,-0.021631
27,54,-0.021635
52,76,-0.021684
24,64,-0.021688
71,77,-0.021716
42,72,-0.021727
36,59,-0.021744
9,48,-0.021760
31,45,-0.021767
29,42,-0.021849
29,45,-0.021895
23,51,-0.021915
19,39,-0.021967
8,28,-0.021971
41,63,-0.022013
64,74,-0.022031
28,67,-0.022049
52,55,-0.022053
33,58,-0.022221
11,67,-0.022283
5,70,-0.022298
13,55,-0.022423
3,23,-0.022457
19,44,-0.022516
1,71,-0.022535
14,16,-0.022601
28,32,-0.022700
21,59,-0.022741
19,66,-0.022768
17,41,-0.022809
45,53,-0.022847
11,15,-0.022869
37,75,-0.022877
6,24,-0.022882
26,77,-0.022933
71,75,-0.022982
22,28,-0.022991
12,29,-0.023006
11,23,-0.023054
23,69,-0.023090
33,37,-0.023116
21,75,-0.023118
10,40,-0.023182
23,74,-0.023201
5,30,-0.023210
57,61,-0.023273
42,67,-0.023286
65,71,-0.023473
16,59,-0.023605
33,75,-0.023629
33,77,-0.023634
9,47,-0.023668
24,74,-0.023672
44,63,-0.023724
14,30,-0.023734
2,36,-0.023768
30,76,-0.023909
12,50,-0.023912
14,66,-0.023956
31,64,-0.023969
4,44,-0.023976
35,58,-0.024040
35,47,-0.024070
4,46,-0.024170
26,31,-0.024222
31,69,-0.024374
13,60,-0.024384
17,48,-0.024466
25,43,-0.024486
17,37,-0.024567
20,63,-0.024634
19,76,-0.024691
1,43,-0.024758
31,39,-0.024864
68,75,-0.024885
25,70,-0.024946
52,71,-0.024948
11,30,-0.024961
46,49,-0.024981
11,76,-0.024992
27,66,-0.025005
6,65,-0.025100
11,28,-0.025141
61,74,-0.025199
20,45,-0.025202
7,70,-0.025224
53,71,-0.025267
28,31,-0.025269
32,63,-0.025278
48,59,-0.025282
4,66,-0.025319
52,67,-0.025326
2,41,-0.025332
50,54,-0.025345
8,60,-0.025387
9,34,-0.025445
14,46,-0.025496
49,60,-0.025614
14,74,-0.025616
28,50,-0.025684
17,75,-0.025706
63,67,-0.025762
30,48,-0.025822
18,79,-0.025825
18,78,-0.025825
18,80,-0.025825
18,81,-0.025825
18,82,-0.025825
18,83,-0.025825
18,84,-0.025825
18,85,-0.025825
7,62,-0.025876
19,77,-0.025900
52,61,-0.026030
42,55,-0.026145
28,73,-0.026154
50,70,-0.026197
12,76,-0.026314
1,62,-0.026351
17,69,-0.026382
31,40,-0.026419
2,32,-0.026500
10,67,-0.026508
28,42,-0.026562
14,43,-0.026568
11,39,-0.026583
25,66,-0.026613
52,57,-0.026617
40,72,-0.026625
14,60,-0.026764
8,48,-0.026789
20,76,-0.026804
25,38,-0.026812
37,50,-0.026856
16,20,-0.026861
12,24,-0.026927
5,76,-0.026932
55,69,-0.026936
16,67,-0.026945
59,72,-0.026962
34,57,-0.027025
10,69,-0.027033
11,47,-0.027045
36,51,-0.027053
1,33,-0.027084
17,23,-0.027129
17,59,-0.027131
26,76,-0.027146
45,64,-0.027166
21,51,-0.027190
49,74,-0.027198
57,74,-0.027207
20,71,-0.027287
1,63,-0.027441
39,67,-0.027444
7,48,-0.027462
7,76,-0.027483
14,35,-0.027643
12,51,-0.027649
7,53,-0.027669
34,47,-0.027676
7,44,-0.027758
44,65,-0.027774
33,55,-0.027776
11,75,-0.027842
5,50,-0.027866
2,13,-0.027929
16,38,-0.027951
5,16,-0.027984
13,27,-0.028007
2,28,-0.028043
46,67,-0.028078
6,9,-0.028080
3,63,-0.028082
2,58,-0.028126
22,76,-0.028179
8,45,-0.028274
2,57,-0.028395
1,18,-0.028404
35,75,-0.028456
3,75,-0.028481
4,28,-0.028505
5,77,-0.028563
40,73,-0.028620
57,73,-0.028622
29,73,-0.028651
36,68,-0.028681
4,20,-0.028747
29,50,-0.028760
49,59,-0.028910
19,25,-0.028963
7,23,-0.028972
8,76,-0.029001
3,18,-0.029091
24,40,-0.029215
14,70,-0.029215
19,40,-0.029264
33,50,-0.029317
27,75,-0.029334
66,72,-0.029383
16,53,-0.029397
42,68,-0.029504
15,33,-0.029550
17,68,-0.029691
41,74,-0.029754
35,76,-0.029756
52,56,-0.029789
46,51,-0.029918
51,66,-0.029934
5,52,-0.029938
23,26,-0.029963
15,46,-0.029975
56,61,-0.030064
37,51,-0.030073
65,72,-0.030081
23,58,-0.030140
44,61,-0.030145
4,53,-0.030200
14,41,-0.030234
29,74,-0.030260
24,61,-0.030306
9,63,-0.030444
4,45,-0.030450
47,68,-0.030462
21,53,-0.030517
9,76,-0.030521
24,51,-0.030551
4,32,-0.030681
42,65,-0.030729
19,33,-0.030745
37,49,-0.030758
2,14,-0.030799
33,39,-0.030980
17,64,-0.031021
6,17,-0.031070
29,49,-0.031158
22,49,-0.031163
12,53,-0.031172
8,22,-0.031388
6,40,-0.031440
16,62,-0.031448
13,29,-0.031458
20,51,-0.031493
17,77,-0.031658
6,42,-0.031712
4,47,-0.031778
3,26,-0.031907
2,66,-0.031928
52,59,-0.031947
51,69,-0.031966
4,56,-0.032045
57,63,-0.032060
9,13,-0.032133
4,67,-0.032154
16,25,-0.032207
11,24,-0.032281
17,24,-0.032284
15,34,-0.032291
3,47,-0.032335
43,69,-0.032373
31,48,-0.032443
34,40,-0.032443
37,48,-0.032455
1,34,-0.032471
29,51,-0.032492
4,55,-0.032528
40,55,-0.032533
39,45,-0.032549
28,51,-0.032594
3,39,-0.032654
26,75,-0.032734
39,68,-0.032779
38,73,-0.032821
41,64,-0.032880
7,69,-0.032951
25,36,-0.032961
13,21,-0.032989
28,75,-0.033214
43,52,-0.033317
26,51,-0.033333
27,67,-0.033514
36,67,-0.033571
27,32,-0.033592
18,29,-0.033703
29,47,-0.033713
19,53,-0.033753
32,50,-0.033808
38,48,-0.033810
10,30,-0.033817
32,73,-0.033848
20,68,-0.033925
3,59,-0.034071
19,56,-0.034201
20,52,-0.034212
9,23,-0.034218
56,68,-0.034233
2,47,-0.034339
6,29,-0.034395
28,65,-0.034447
16,24,-0.034469
52,64,-0.034490
57,66,-0.034543
22,69,-0.034565
47,54,-0.034674
38,54,-0.034725
13,63,-0.034733
28,30,-0.034789
14,28,-0.034825
12,57,-0.034959
10,68,-0.034997
16,60,-0.035011
9,41,-0.035030
1,19,-0.035049
20,47,-0.035059
21,47,-0.035078
43,75,-0.035223
33,46,-0.035233
41,50,-0.035312
20,40,-0.035319
14,54,-0.035356
33,76,-0.035371
8,72,-0.035397
13,16,-0.035442
48,68,-0.035483
55,72,-0.035557
5,69,-0.035561
18,66,-0.035791
19,31,-0.035810
19,75,-0.035812
9,77,-0.035843
13,75,-0.035846
49,62,-0.035853
38,71,-0.035927
2,67,-0.036003
33,51,-0.036003
23,64,-0.036082
16,45,-0.036108
59,67,-0.036175
21,42,-0.036204
48,57,-0.036214
38,67,-0.036253
40,48,-0.036286
25,26,-0.036530
22,72,-0.036662
2,45,-0.036735
65,73,-0.036805
23,66,-0.036812
4,13,-0.036998
10,71,-0.037004
34,54,-0.037043
35,64,-0.037115
11,12,-0.037150
30,52,-0.037207
23,71,-0.037210
11,63,-0.037212
40,54,-0.037224
51,60,-0.037248
8,71,-0.037250
38,74,-0.037345
26,52,-0.037423
21,29,-0.037433
51,62,-0.037589
30,67,-0.037669
18,55,-0.037813
16,64,-0.037822
18,77,-0.037894
9,75,-0.037951
7,59,-0.038002
5,33,-0.038148
26,53,-0.038249
27,63,-0.038277
57,68,-0.038308
68,74,-0.038326
14,44,-0.038411
20,35,-0.038499
49,61,-0.038501
44,74,-0.038524
14,23,-0.038612
27,29,-0.038622
30,39,-0.038674
20,38,-0.038787
43,53,-0.038905
14,39,-0.038926
3,8,-0.038952
11,16,-0.039009
11,77,-0.039015
31,66,-0.039096
58,73,-0.039186
17,25,-0.039270
50,53,-0.039316
31,72,-0.039381
23,54,-0.039536
62,73,-0.039667
62,65,-0.039712
3,15,-0.039716
3,57,-0.039741
2,71,-0.039771
22,68,-0.039843
62,71,-0.039854
7,27,-0.039876
44,54,-0.039942
20,77,-0.039960
58,68,-0.040009
23,47,-0.040116
58,71,-0.040362
3,68,-0.040508
18,56,-0.040532
7,22,-0.040549
5,61,-0.040589
53,59,-0.040599
35,77,-0.040662
60,74,-0.040710
5,63,-0.040713
38,76,-0.040718
11,44,-0.040720
33,62,-0.040745
7,18,-0.040824
37,71,-0.040849
29,44,-0.040881
31,57,-0.040934
11,51,-0.040979
50,74,-0.041139
19,64,-0.041297
23,57,-0.041331
42,58,-0.041332
17,61,-0.041368
8,73,-0.041388
18,67,-0.041436
38,62,-0.041541
22,44,-0.041560
4,64,-0.041566
18,45,-0.041600
25,46,-0.041602
42,59,-0.041646
22,54,-0.041697
11,17,-0.041741
24,37,-0.041765
41,55,-0.041785
5,55,-0.041813
43,66,-0.041829
14,64,-0.042007
28,52,-0.042013
26,32,-0.042056
3,64,-0.042068
39,71,-0.042087
50,52,-0.042109
44,68,-0.042152
16,57,-0.042199
46,70,-0.042316
7,35,-0.042329
59,75,-0.042343
33,72,-0.042367
17,70,-0.042386
10,49,-0.042389
9,58,-0.042437
23,65,-0.042532
9,54,-0.042750
38,75,-0.042765
18,61,-0.042942
24,41,-0.042997
23,40,-0.043051
7,15,-0.043091
30,49,-0.043137
14,59,-0.043151
25,61,-0.043194
24,36,-0.043291
2,20,-0.043294
18,65,-0.043367
4,21,-0.043384
22,62,-0.043390
47,48,-0.043520
53,64,-0.043631
12,44,-0.043655
27,59,-0.043681
39,49,-0.043715
27,62,-0.043780
31,36,-0.043795
20,64,-0.043892
11,62,-0.043939
11,49,-0.044105
27,38,-0.044107
36,57,-0.044146
29,65,-0.044166
35,54,-0.044191
40,64,-0.044217
17,76,-0.044227
18,76,-0.044390
60,70,-0.044442
34,74,-0.044466
2,59,-0.044468
3,40,-0.044629
24,35,-0.044673
9,33,-0.044674
51,63,-0.044823
3,72,-0.044923
43,61,-0.044963
56,73,-0.045040
13,53,-0.045100
20,75,-0.045108
2,51,-0.045172
10,13,-0.045174
27,48,-0.045185
24,46,-0.045270
50,60,-0.045347
47,53,-0.045369
23,61,-0.045393
31,41,-0.045406
2,44,-0.045443
34,45,-0.045479
43,73,-0.045487
15,54,-0.045541
21,43,-0.045643
33,42,-0.045646
24,72,-0.045656
7,55,-0.045749
19,46,-0.045855
10,14,-0.045958
48,63,-0.046015
15,58,-0.046115
29,36,-0.046121
28,64,-0.046156
18,32,-0.046184
46,59,-0.046231
58,67,-0.046301
19,71,-0.046455
6,70,-0.046617
4,59,-0.046628
4,33,-0.046689
13,72,-0.046796
18,57,-0.046855
50,61,-0.046949
34,49,-0.047039
10,52,-0.047179
8,55,-0.047183
2,33,-0.047218
4,63,-0.047265
50,51,-0.047337
23,59,-0.047377
4,19,-0.047406
16,43,-0.047590
40,67,-0.047610
26,42,-0.047706
55,56,-0.047718
22,26,-0.047806
5,64,-0.047834
49,57,-0.047865
10,54,-0.047882
49,51,-0.047886
42,50,-0.048007
18,75,-0.048027
27,30,-0.048031
24,38,-0.048096
38,51,-0.048227
20,74,-0.048291
8,62,-0.048307
41,58,-0.048455
2,42,-0.048481
3,6,-0.048579
26,50,-0.048599
26,34,-0.048626
15,61,-0.048777
5,29,-0.048783
35,48,-0.048809
35,67,-0.048844
15,66,-0.048987
18,59,-0.049025
50,71,-0.049041
12,25,-0.049072
27,34,-0.049091
8,70,-0.049094
25,68,-0.049111
28,40,-0.049168
6,57,-0.049317
6,32,-0.049394
14,72,-0.049423
50,57,-0.049471
40,52,-0.049506
9,12,-0.049511
13,40,-0.049660
28,39,-0.049664
38,60,-0.049749
25,33,-0.049936
4,18,-0.050001
15,64,-0.050045
6,27,-0.050167
18,31,-0.050173
47,56,-0.050201
39,55,-0.050240
51,70,-0.050264
10,47,-0.050335
22,67,-0.050343
49,70,-0.050398
66,70,-0.050474
30,41,-0.050518
65,70,-0.050542
3,22,-0.050687
18,69,-0.050733
24,66,-0.050743
17,56,-0.050877
12,35,-0.050915
40,58,-0.050954
41,68,-0.050963
19,29,-0.051136
66,69,-0.051157
9,43,-0.051269
44,60,-0.051346
12,67,-0.051483
37,68,-0.051633
34,55,-0.051689
7,30,-0.051729
32,49,-0.051802
22,65,-0.051811
9,37,-0.051912
36,48,-0.051931
53,73,-0.052033
22,39,-0.052040
21,40,-0.052072
15,55,-0.052078
14,56,-0.052145
43,56,-0.052308
25,60,-0.052406
22,32,-0.052436
4,60,-0.052447
70,74,-0.052480
25,59,-0.052485
18,21,-0.052492
10,63,-0.052500
13,25,-0.052608
30,53,-0.052662
24,73,-0.052809
34,73,-0.052811
49,58,-0.052838
8,40,-0.052917
45,48,-0.052957
17,34,-0.052966
18,25,-0.053035
5,15,-0.053065
41,61,-0.053119
20,46,-0.053271
9,60,-0.053388
59,74,-0.053419
48,72,-0.053477
9,14,-0.053635
10,62,-0.053891
48,65,-0.053898
15,37,-0.053938
4,27,-0.053938
44,70,-0.054239
38,52,-0.054261
3,16,-0.054264
34,63,-0.054302
8,50,-0.054475
16,66,-0.054727
2,40,-0.054798
5,42,-0.054822
21,28,-0.054829
53,60,-0.054924
19,48,-0.054956
30,66,-0.054961
29,62,-0.055005
54,56,-0.055054
17,66,-0.055211
4,72,-0.055274
6,13,-0.055278
2,61,-0.055321
29,30,-0.055441
37,70,-0.055655
41,73,-0.055775
23,38,-0.055826
7,61,-0.055865
2,19,-0.055913
2,73,-0.055918
23,48,-0.055922
28,44,-0.056132
31,68,-0.056238
2,63,-0.056320
14,65,-0.056342
24,28,-0.056368
3,36,-0.056451
28,35,-0.056558
10,70,-0.056606
11,53,-0.056628
4,58,-0.056727
55,73,-0.056734
9,24,-0.056787
4,40,-0.056866
18,53,-0.056872
26,29,-0.056890
2,65,-0.056954
15,67,-0.056974
24,47,-0.057134
36,64,-0.057195
26,70,-0.057240
6,36,-0.057372
30,59,-0.057421
13,30,-0.057441
34,58,-0.057456
17,21,-0.057483
25,42,-0.057485
29,39,-0.057671
2,11,-0.057721
13,42,-0.057727
30,55,-0.057771
23,35,-0.057838
2,35,-0.057866
21,38,-0.057869
37,53,-0.057875
17,30,-0.057900
19,21,-0.058017
39,54,-0.058125
5,14,-0.058179
58,61,-0.058255
25,62,-0.058357
31,58,-0.058415
5,36,-0.058611
59,70,-0.058641
26,54,-0.058743
11,25,-0.058777
26,71,-0.058927
38,49,-0.059125
23,63,-0.059132
6,12,-0.059133
7,54,-0.059244
14,42,-0.059312
24,55,-0.059314
7,33,-0.059379
26,38,-0.059398
24,71,-0.059633
37,54,-0.059813
15,39,-0.059884
17,55,-0.059922
39,64,-0.059960
22,51,-0.059991
19,36,-0.060163
23,28,-0.060189
24,32,-0.060396
34,39,-0.060399
9,51,-0.060448
48,67,-0.060539
54,65,-0.060643
5,60,-0.060797
3,52,-0.060832
49,64,-0.060884
24,49,-0.061023
12,59,-0.061051
2,72,-0.061069
43,71,-0.061240
28,66,-0.061259
7,10,-0.061295
27,69,-0.061318
55,60,-0.061351
5,62,-0.061607
55,57,-0.061644
39,60,-0.061666
46,73,-0.061714
40,50,-0.061764
28,34,-0.061824
33,65,-0.061923
38,69,-0.062045
19,61,-0.062051
31,47,-0.062200
13,33,-0.062222
25,40,-0.062303
12,38,-0.062376
48,60,-0.062416
8,31,-0.062466
20,23,-0.062553
4,42,-0.062564
15,38,-0.062744
6,53,-0.062745
7,39,-0.062837
22,59,-0.062948
38,59,-0.062949
56,60,-0.062962
6,62,-0.062964
17,33,-0.062992
14,67,-0.063078
26,33,-0.063099
47,65,-0.063118
24,45,-0.063181
40,53,-0.063396
7,16,-0.063568
2,43,-0.063583
8,63,-0.063642
39,48,-0.063702
14,24,-0.063777
37,74,-0.063781
47,63,-0.063799
7,58,-0.063816
20,25,-0.063985
33,54,-0.064044
12,39,-0.064093
12,55,-0.064111
32,48,-0.064189
5,48,-0.064277
10,37,-0.064315
54,73,-0.064445
15,57,-0.064446
49,66,-0.064503
11,69,-0.064620
15,36,-0.064752
19,69,-0.064782
4,51,-0.064967
28,57,-0.065089
31,67,-0.065168
3,67,-0.065182
21,33,-0.065216
8,64,-0.065366
66,73,-0.065458
26,37,-0.065831
14,21,-0.065852
61,68,-0.065856
4,61,-0.065898
7,52,-0.066040
8,49,-0.066222
25,27,-0.066230
55,71,-0.066271
34,62,-0.066478
28,49,-0.066608
9,46,-0.066668
3,48,-0.066679
19,65,-0.066788
21,27,-0.066798
23,32,-0.066909
29,58,-0.066969
36,44,-0.066997
12,63,-0.067261
6,72,-0.067451
39,61,-0.067480
33,68,-0.067495
41,69,-0.067666
41,72,-0.067738
22,33,-0.067877
18,49,-0.067967
20,53,-0.068078
8,68,-0.068105
27,57,-0.068149
59,71,-0.068206
31,62,-0.068220
6,55,-0.068243
30,71,-0.068342
46,63,-0.068353
24,65,-0.068368
9,49,-0.068457
41,46,-0.068580
20,60,-0.068612
12,64,-0.068612
35,70,-0.068642
19,49,-0.068779
21,60,-0.068789
23,42,-0.068898
32,38,-0.069355
20,56,-0.069375
36,52,-0.069533
27,49,-0.069629
3,21,-0.069744
36,53,-0.069792
21,64,-0.069821
10,51,-0.069908
25,44,-0.069950
5,45,-0.070490
29,55,-0.070615
9,67,-0.070639
48,53,-0.070744
60,72,-0.070822
18,24,-0.070912
7,45,-0.070914
12,34,-0.070926
4,65,-0.071012
36,65,-0.071093
19,70,-0.071112
28,62,-0.071137
56,64,-0.071201
14,32,-0.071269
4,35,-0.071293
18,64,-0.071352
37,38,-0.071559
4,43,-0.071607
42,49,-0.071623
24,39,-0.071648
29,67,-0.071741
14,22,-0.072042
12,33,-0.072145
42,64,-0.072178
2,18,-0.072221
15,62,-0.072226
23,43,-0.072226
33,67,-0.072422
51,71,-0.072866
25,34,-0.072881
25,51,-0.072960
33,47,-0.072995
26,44,-0.073190
26,73,-0.073197
39,70,-0.073381
36,45,-0.073385
9,50,-0.073421
37,47,-0.073676
6,11,-0.073697
2,26,-0.073791
4,26,-0.073864
15,35,-0.074196
33,45,-0.074245
30,44,-0.074316
9,62,-0.074319
38,63,-0.074387
42,46,-0.074397
42,69,-0.074432
19,41,-0.074474
24,57,-0.074601
21,65,-0.074613
4,74,-0.074621
20,57,-0.074635
46,60,-0.074731
21,35,-0.075032
45,63,-0.075194
13,22,-0.075246
40,69,-0.075265
24,44,-0.075334
12,68,-0.075756
64,70,-0.075766
22,38,-0.075871
67,71,-0.075893
31,43,-0.076078
5,31,-0.076508
45,69,-0.076523
10,57,-0.076814
9,26,-0.076832
20,36,-0.077088
12,26,-0.077183
28,72,-0.077293
53,62,-0.077328
6,33,-0.077549
6,64,-0.077550
50,65,-0.077655
5,51,-0.077730
22,41,-0.077770
33,71,-0.077826
32,69,-0.077894
5,22,-0.077941
10,59,-0.077949
24,43,-0.078000
5,66,-0.078286
37,72,-0.078651
30,58,-0.078691
41,62,-0.078733
20,69,-0.078736
5,71,-0.078744
2,39,-0.079411
8,53,-0.079464
62,69,-0.079497
29,43,-0.079564
14,34,-0.079597
18,50,-0.079604
31,52,-0.079642
13,34,-0.079801
13,66,-0.079825
27,37,-0.079856
8,17,-0.079900
7,73,-0.079953
7,17,-0.079965
42,54,-0.080011
22,58,-0.080139
22,37,-0.080202
6,51,-0.080321
9,45,-0.080365
50,63,-0.080777
6,47,-0.080859
25,45,-0.080913
22,63,-0.081192
4,52,-0.081302
30,42,-0.081445
14,37,-0.081545
9,27,-0.081552
6,52,-0.081581
15,68,-0.081623
3,55,-0.081699
21,30,-0.081754
33,70,-0.081882
8,12,-0.081906
67,70,-0.082037
12,40,-0.082129
12,30,-0.082276
8,24,-0.082379
26,41,-0.082576
7,56,-0.082703
47,52,-0.082759
27,41,-0.082831
7,57,-0.082886
35,49,-0.082986
46,57,-0.083076
17,53,-0.083331
32,55,-0.083423
42,48,-0.083509
4,73,-0.083559
38,53,-0.083594
12,56,-0.083811
22,57,-0.083871
27,31,-0.083993
13,56,-0.084236
59,73,-0.084418
35,69,-0.084458
56,66,-0.084559
25,54,-0.084605
6,39,-0.084995
63,70,-0.085021
29,46,-0.085120
42,62,-0.085270
2,74,-0.085389
13,31,-0.085649
10,27,-0.085651
13,50,-0.085706
4,39,-0.085812
34,68,-0.086093
39,63,-0.086203
9,31,-0.086260
60,73,-0.086657
18,36,-0.087060
11,64,-0.087179
12,41,-0.087550
7,67,-0.087723
48,64,-0.087975
21,45,-0.087995
13,38,-0.088010
29,66,-0.088146
12,61,-0.088146
54,63,-0.088295
22,36,-0.088567
41,71,-0.088702
46,66,-0.088772
34,51,-0.088829
28,38,-0.088847
28,61,-0.089072
6,59,-0.089182
34,64,-0.089407
29,61,-0.089504
32,61,-0.089621
38,64,-0.089804
2,27,-0.089851
38,72,-0.089966
9,71,-0.089973
47,66,-0.090282
48,61,-0.090360
17,67,-0.090405
3,69,-0.090446
24,69,-0.090770
53,74,-0.091216
25,58,-0.091376
21,26,-0.091452
3,49,-0.091524
52,60,-0.091655
27,71,-0.091725
21,62,-0.091744
15,40,-0.091797
22,60,-0.092145
7,50,-0.092324
13,24,-0.092456
21,37,-0.092463
10,39,-0.092485
32,37,-0.092609
10,73,-0.093197
3,73,-0.093797
45,67,-0.093797
36,70,-0.093898
32,59,-0.094171
32,42,-0.094529
54,70,-0.094617
12,60,-0.094643
54,61,-0.094953
6,45,-0.095560
12,66,-0.095801
37,69,-0.096052
25,72,-0.096156
2,52,-0.096313
66,71,-0.096518
10,66,-0.096847
28,29,-0.097288
27,50,-0.097398
5,9,-0.097487
21,74,-0.097678
12,62,-0.097998
25,47,-0.098102
31,56,-0.098464
65,67,-0.099133
9,61,-0.099321
20,31,-0.099388
21,63,-0.099527
64,73,-0.099550
32,41,-0.099626
19,68,-0.099639
29,56,-0.099653
40,56,-0.099707
37,58,-0.100259
41,59,-0.100378
57,70,-0.100533
41,45,-0.100869
63,73,-0.100996
28,60,-0.101176
32,71,-0.101363
20,26,-0.101872
6,54,-0.101970
44,53,-0.102032
31,74,-0.102203
33,57,-0.102321
9,57,-0.102839
4,17,-0.102856
2,17,-0.103145
26,72,-0.103553
14,69,-0.103569
34,61,-0.103583
6,58,-0.103862
6,63,-0.103991
36,61,-0.104379
35,56,-0.104492
34,56,-0.105015
22,45,-0.105559
35,65,-0.105772
15,59,-0.105873
12,32,-0.106428
7,46,-0.106518
24,56,-0.106956
15,56,-0.107109
21,58,-0.108089
34,59,-0.108651
20,49,-0.108680
12,46,-0.108861
5,72,-0.109128
5,58,-0.109477
19,58,-0.109662
27,73,-0.109807
33,38,-0.109874
6,46,-0.110847
13,37,-0.110906
24,59,-0.111026
37,42,-0.111281
8,46,-0.111804
34,66,-0.112878
22,47,-0.112951
26,48,-0.113036
3,12,-0.113505
21,39,-0.113986
7,47,-0.114524
9,59,-0.114614
48,66,-0.115494
8,69,-0.116237
8,65,-0.116698
10,65,-0.117194
6,68,-0.117819
45,70,-0.117881
10,26,-0.117916
11,61,-0.118478
36,56,-0.118570
25,56,-0.118739
13,41,-0.119623
20,29,-0.121981
7,43,-0.122469
6,74,-0.123210
20,44,-0.125277
24,50,-0.126354
19,67,-0.126387
22,42,-0.126947
15,60,-0.127383
21,71,-0.127768
46,65,-0.129401
12,43,-0.130565
9,56,-0.132859
28,59,-0.136784
5,54,-0.138868
6,21,-0.139839
8,51,-0.139941
46,58,-0.140398
67,72,-0.140425
37,55,-0.145269
3,41,-0.149471
15,41,-0.150113
12,37,-0.154855
34,65,-0.158820
6,56,-0.186400
25,73,-0.196254
