52,55,0.545307
17,36,0.467782
54,58,0.439336
19,26,0.433383
40,44,0.363865
37,41,0.341628
42,63,0.341576
15,57,0.328940
33,37,0.268287
33,38,0.247956
28,34,0.246225
17,57,0.243761
55,93,0.241125
89,90,0.239817
20,26,0.238322
8,9,0.237812
34,35,0.236478
43,63,0.235970
85,87,0.228782
13,92,0.221915
48,49,0.220961
97,98,0.217829
94,96,0.212710
51,59,0.209948
36,40,0.209557
28,37,0.209335
28,33,0.205890
15,53,0.203889
44,56,0.203264
22,23,0.201463
68,69,0.199462
43,56,0.195581
14,16,0.194979
13,37,0.192990
33,41,0.189648
11,14,0.187559
61,86,0.185971
36,57,0.185847
38,39,0.185503
86,88,0.183915
47,48,0.183388
82,84,0.182798
98,99,0.181304
20,24,0.181070
29,33,0.178248
68,70,0.177645
17,20,0.175841
43,59,0.173841
57,60,0.170338
26,27,0.169388
38,41,0.169049
43,44,0.168808
34,37,0.166371
18,20,0.165574
16,17,0.165327
25,27,0.163351
53,94,0.163170
95,96,0.162360
44,95,0.161446
89,92,0.161330
26,28,0.159920
85,88,0.159006
29,31,0.157869
26,29,0.156519
35,39,0.155362
51,93,0.155240
56,60,0.153808
85,89,0.153215
33,35,0.151511
39,63,0.151490
91,92,0.150207
9,12,0.148049
94,95,0.147601
41,45,0.147461
26,33,0.145890
72,73,0.144772
88,90,0.144483
63,67,0.142018
69,70,0.140134
71,72,0.139639
52,58,0.139514
28,35,0.138538
64,84,0.138025
43,46,0.137753
17,19,0.137096
28,29,0.136735
75,76,0.136142
3,4,0.134296
47,59,0.132786
90,92,0.132169
19,20,0.131523
52,54,0.131214
92,94,0.130988
10,11,0.130633
76,77,0.130583
40,60,0.129528
4,5,0.128980
8,12,0.128634
12,13,0.127540
97,99,0.127520
49,50,0.126559
21,24,0.125380
58,90,0.124197
44,97,0.124155
5,6,0.123894
59,93,0.122660
13,28,0.122013
78,80,0.121184
70,72,0.119855
9,13,0.119607
52,93,0.119036
29,35,0.118783
73,74,0.117891
39,42,0.117226
74,75,0.117005
90,91,0.116173
71,76,0.114539
99,100,0.114501
19,34,0.113657
58,91,0.113562
13,14,0.112837
11,12,0.111374
71,73,0.111139
72,75,0.110807
42,46,0.110578
13,33,0.109942
18,23,0.109041
64,82,0.108924
80,85,0.108904
48,56,0.108103
65,91,0.108059
44,47,0.107752
81,83,0.107651
22,85,0.107055
83,88,0.106948
36,86,0.106722
51,56,0.106634
63,66,0.106420
65,68,0.106329
19,84,0.105906
18,57,0.105605
24,37,0.105324
39,67,0.105167
39,56,0.104912
95,98,0.104524
6,7,0.104458
88,89,0.103833
59,63,0.103721
52,95,0.103644
58,93,0.103391
58,62,0.102834
44,48,0.102685
23,35,0.102679
44,84,0.102205
92,93,0.102073
85,86,0.101565
54,61,0.101517
33,34,0.100522
64,65,0.100446
7,8,0.100102
58,61,0.099945
6,92,0.099606
87,88,0.099538
74,76,0.099206
61,83,0.099068
26,82,0.097303
72,77,0.097207
17,85,0.096986
34,36,0.096420
70,71,0.095669
34,40,0.095219
47,50,0.095076
64,78,0.094952
24,26,0.094881
66,67,0.094225
70,78,0.094153
32,33,0.093672
20,37,0.093285
13,41,0.093257
15,20,0.092801
36,82,0.092528
75,77,0.092292
71,75,0.091608
44,53,0.091201
54,81,0.091075
31,32,0.090752
3,5,0.090617
45,49,0.090597
46,50,0.090403
24,28,0.089339
99,101,0.089325
34,41,0.089225
100,101,0.089196
15,90,0.088958
98,100,0.088838
58,88,0.088677
27,28,0.088457
72,76,0.088420
16,96,0.088333
73,76,0.088081
13,21,0.087994
11,21,0.087593
51,55,0.087534
20,21,0.087326
56,95,0.087307
45,46,0.086951
62,91,0.086805
19,40,0.086775
7,71,0.086091
29,30,0.086076
12,14,0.086038
10,12,0.085947
79,82,0.085386
5,7,0.085358
69,71,0.085170
22,87,0.084487
27,29,0.084485
43,60,0.084431
74,77,0.084379
77,78,0.084278
93,94,0.084019
4,71,0.083961
34,38,0.083948
44,46,0.083786
82,96,0.083674
64,81,0.083534
20,53,0.083440
38,45,0.083204
65,66,0.083064
90,94,0.082995
21,22,0.082927
24,81,0.082759
25,78,0.082753
72,74,0.082458
47,55,0.081924
4,6,0.081693
62,66,0.081674
24,33,0.081378
38,67,0.081236
67,68,0.081116
90,96,0.080956
91,94,0.080711
54,88,0.080710
71,74,0.080453
46,59,0.080413
15,16,0.079923
61,91,0.079678
12,15,0.079656
27,32,0.079629
92,95,0.079441
15,40,0.079416
47,62,0.079376
7,9,0.079236
6,8,0.079202
83,91,0.079156
37,38,0.078628
11,13,0.078573
70,76,0.078476
55,59,0.077419
84,86,0.077211
61,64,0.077167
17,40,0.077163
33,51,0.076879
4,76,0.076748
24,83,0.076683
89,96,0.076580
88,91,0.076497
19,23,0.076208
7,10,0.076204
26,84,0.076154
6,75,0.076016
62,92,0.075492
82,83,0.075265
5,72,0.075240
17,18,0.075125
31,38,0.075045
95,97,0.074818
61,84,0.074793
60,64,0.074043
16,82,0.073878
5,71,0.073844
15,88,0.073690
92,96,0.073670
30,83,0.073535
4,8,0.073397
19,82,0.072958
79,80,0.072922
69,72,0.072755
29,39,0.072637
85,91,0.072449
11,22,0.072221
23,66,0.072033
18,28,0.071678
21,85,0.071537
16,18,0.071318
28,53,0.071255
42,50,0.071130
54,55,0.070578
14,21,0.070403
62,63,0.070401
22,52,0.070236
46,66,0.070081
50,56,0.069992
70,75,0.069920
65,67,0.069849
96,97,0.069847
66,92,0.069767
44,59,0.069632
35,38,0.069596
93,96,0.069436
23,24,0.069390
73,75,0.069359
10,61,0.069311
93,95,0.069120
7,94,0.068691
13,94,0.068620
20,33,0.068584
14,29,0.068540
17,61,0.068231
96,98,0.068215
81,90,0.068133
33,36,0.068130
26,35,0.068024
18,88,0.067849
42,59,0.067736
40,56,0.067644
81,82,0.067551
86,90,0.067544
15,17,0.067498
89,91,0.067422
68,72,0.067400
24,54,0.067381
7,75,0.067161
14,41,0.067156
5,77,0.067056
60,96,0.066452
45,56,0.066302
78,81,0.066213
53,62,0.065896
64,90,0.065444
9,10,0.065405
80,93,0.065377
8,10,0.065140
71,77,0.065132
67,69,0.065042
94,98,0.064974
2,3,0.064816
5,10,0.064760
5,75,0.064711
68,80,0.064633
25,26,0.064592
59,62,0.064505
42,43,0.064413
50,64,0.064398
71,80,0.063945
51,52,0.063741
26,34,0.063717
56,63,0.063635
66,69,0.063381
32,38,0.062912
5,76,0.062906
4,7,0.062602
15,38,0.062543
6,11,0.062453
43,47,0.062441
13,34,0.062348
97,100,0.062311
27,30,0.062298
18,45,0.062075
7,76,0.062044
20,23,0.061998
69,80,0.061988
25,35,0.061930
73,77,0.061611
66,70,0.061362
30,42,0.061289
16,87,0.061116
91,95,0.061006
34,82,0.060742
70,77,0.060584
72,78,0.060136
18,22,0.060062
34,64,0.060058
39,48,0.060027
12,17,0.059964
9,11,0.059957
38,42,0.059892
13,15,0.059785
57,96,0.059671
25,28,0.059625
25,80,0.059294
13,85,0.059284
28,40,0.059180
35,57,0.058793
12,65,0.058609
53,60,0.058588
4,73,0.058553
70,73,0.058493
47,76,0.058457
38,58,0.058186
49,98,0.058160
35,69,0.058054
72,96,0.057853
6,41,0.057776
21,28,0.057734
54,57,0.057694
7,77,0.057493
78,85,0.057432
20,84,0.057355
22,25,0.057239
68,81,0.056952
91,93,0.056891
21,88,0.056886
6,66,0.056883
32,51,0.056461
8,15,0.056422
53,56,0.056398
78,79,0.056372
61,65,0.056357
80,81,0.056337
4,75,0.056336
10,16,0.056191
44,52,0.056093
46,51,0.056053
3,77,0.055957
5,70,0.055890
82,95,0.055831
98,101,0.055828
50,51,0.055759
39,45,0.055739
11,42,0.055704
6,77,0.055627
31,35,0.055516
49,59,0.055457
48,97,0.055311
92,98,0.055276
38,46,0.055264
49,61,0.054963
27,35,0.054903
87,89,0.054895
44,45,0.054859
72,82,0.054596
9,61,0.054477
76,79,0.054466
42,45,0.054446
53,92,0.054253
35,68,0.054221
6,70,0.054170
12,25,0.054113
15,86,0.053997
80,87,0.053974
10,38,0.053741
95,99,0.053597
53,55,0.053479
62,79,0.053291
53,90,0.053130
14,28,0.053049
21,37,0.052918
41,84,0.052854
35,89,0.052739
38,47,0.052723
11,92,0.052705
27,80,0.052664
77,79,0.052618
57,81,0.052540
30,31,0.052359
48,55,0.052031
42,79,0.051981
35,37,0.051956
69,75,0.051667
52,56,0.051547
3,74,0.051473
17,29,0.051464
70,74,0.051398
50,60,0.051344
60,93,0.051284
19,21,0.051261
14,61,0.051219
5,73,0.051157
70,80,0.050994
6,10,0.050965
3,76,0.050863
80,89,0.050797
34,84,0.050666
69,96,0.050633
87,90,0.050322
65,86,0.050201
74,85,0.050065
13,43,0.050041
5,68,0.049986
39,43,0.049907
30,87,0.049709
86,91,0.049634
46,47,0.049510
4,72,0.049447
13,24,0.049446
93,97,0.049370
61,94,0.049337
15,21,0.049316
59,60,0.049281
38,44,0.049219
35,81,0.049216
41,56,0.049118
8,69,0.048972
16,74,0.048869
23,79,0.048801
89,95,0.048684
88,94,0.048662
23,63,0.048575
61,66,0.048573
4,69,0.048564
45,78,0.048434
20,34,0.048429
57,59,0.048376
5,18,0.048347
57,67,0.048296
25,30,0.048229
9,58,0.048109
28,30,0.048074
12,89,0.048058
6,76,0.048013
24,34,0.047924
19,32,0.047915
19,37,0.047701
23,26,0.047627
91,97,0.047608
24,41,0.047588
26,88,0.047541
14,37,0.047365
4,77,0.047341
68,73,0.047239
3,7,0.047190
21,80,0.047120
11,61,0.047083
2,4,0.047071
16,40,0.047000
3,71,0.046968
8,11,0.046939
13,16,0.046868
22,69,0.046862
46,54,0.046760
8,73,0.046639
3,73,0.046639
10,19,0.046622
60,63,0.046487
68,71,0.046473
7,27,0.046451
55,97,0.046405
89,93,0.046380
55,63,0.046262
31,78,0.046261
5,11,0.046240
11,16,0.046214
88,96,0.046008
28,52,0.046000
67,84,0.045990
29,32,0.045886
42,66,0.045689
32,41,0.045569
86,94,0.045568
55,58,0.045550
58,94,0.045500
77,80,0.045464
32,39,0.045448
17,43,0.045382
13,56,0.045321
40,90,0.045311
34,86,0.045148
52,53,0.045103
3,6,0.045019
40,63,0.045014
68,95,0.044757
6,9,0.044752
53,58,0.044699
65,83,0.044617
31,80,0.044594
45,83,0.044558
57,86,0.044546
31,62,0.044533
24,49,0.044502
45,62,0.044459
58,60,0.044364
30,35,0.044338
58,65,0.044333
42,95,0.044327
12,19,0.044317
68,79,0.044178
33,44,0.044172
62,96,0.044168
23,39,0.044100
6,74,0.043972
32,47,0.043843
53,82,0.043763
4,74,0.043647
6,73,0.043541
57,61,0.043503
22,64,0.043452
9,15,0.043345
3,75,0.043286
37,51,0.043239
29,81,0.043225
42,83,0.043176
30,58,0.043130
48,98,0.043039
14,20,0.043019
8,49,0.042925
36,64,0.042905
8,30,0.042832
14,33,0.042653
90,100,0.042629
18,87,0.042616
69,74,0.042531
39,80,0.042462
91,98,0.042431
48,51,0.042368
55,95,0.042306
29,69,0.042216
28,38,0.042209
72,93,0.042173
12,48,0.042116
5,8,0.042010
47,79,0.041936
18,19,0.041900
15,28,0.041885
51,53,0.041866
87,91,0.041862
50,55,0.041825
15,49,0.041820
28,31,0.041696
44,60,0.041648
7,74,0.041542
33,52,0.041497
60,81,0.041376
59,65,0.041279
29,78,0.041119
5,74,0.041101
47,83,0.040951
31,56,0.040941
16,25,0.040907
46,67,0.040877
27,77,0.040854
47,56,0.040841
57,90,0.040823
60,66,0.040706
15,35,0.040694
21,83,0.040610
17,84,0.040602
6,48,0.040450
8,74,0.040349
20,85,0.040347
1,2,0.040266
60,61,0.040255
33,43,0.040190
75,78,0.040187
7,32,0.040150
4,47,0.040081
77,87,0.040009
11,49,0.040005
39,66,0.039987
21,48,0.039926
54,87,0.039750
57,87,0.039735
60,62,0.039715
25,39,0.039639
93,98,0.039632
9,65,0.039622
18,94,0.039576
22,56,0.039566
20,82,0.039435
68,78,0.039288
48,72,0.039189
16,97,0.039041
50,75,0.038970
22,86,0.038819
84,85,0.038662
20,56,0.038658
62,67,0.038459
46,56,0.038425
58,59,0.038406
17,60,0.038392
14,59,0.038305
54,86,0.038162
55,86,0.038134
27,89,0.038133
66,75,0.038132
20,46,0.037978
55,65,0.037944
17,23,0.037904
31,76,0.037799
84,91,0.037753
79,81,0.037709
16,31,0.037652
15,19,0.037613
57,58,0.037537
36,84,0.037452
83,85,0.037439
15,60,0.037413
9,18,0.037399
76,78,0.037371
5,69,0.037356
23,67,0.037294
13,89,0.037200
18,50,0.037171
66,91,0.037021
67,92,0.036964
6,69,0.036914
10,87,0.036875
2,5,0.036865
73,78,0.036760
30,70,0.036735
25,29,0.036606
4,68,0.036502
6,71,0.036475
14,42,0.036462
5,80,0.036416
38,94,0.036394
28,78,0.036381
7,68,0.036316
69,77,0.036208
36,46,0.036164
3,72,0.036142
46,88,0.036122
30,50,0.036054
14,15,0.036004
79,91,0.035967
35,67,0.035929
5,41,0.035927
31,47,0.035782
9,57,0.035761
8,41,0.035720
65,90,0.035666
52,82,0.035653
6,62,0.035609
61,90,0.035588
8,42,0.035579
34,51,0.035568
67,71,0.035549
36,37,0.035489
2,74,0.035489
37,52,0.035468
43,49,0.035446
83,90,0.035361
52,57,0.035283
25,79,0.035282
22,54,0.035212
20,80,0.035136
30,38,0.035135
43,62,0.035099
83,86,0.035073
30,62,0.035051
55,62,0.034965
83,96,0.034937
19,77,0.034908
29,89,0.034830
23,30,0.034793
9,50,0.034690
10,36,0.034623
50,81,0.034616
49,51,0.034575
13,19,0.034573
47,49,0.034520
61,81,0.034429
13,88,0.034421
30,39,0.034407
16,20,0.034354
67,79,0.034269
68,85,0.034253
64,80,0.034200
55,94,0.034179
73,87,0.034163
32,80,0.034153
69,81,0.034140
7,12,0.034010
83,87,0.033961
8,14,0.033875
68,77,0.033749
66,83,0.033666
90,97,0.033555
4,96,0.033539
32,49,0.033482
27,34,0.033456
50,84,0.033452
54,96,0.033445
40,84,0.033431
55,91,0.033414
87,93,0.033404
67,80,0.033240
27,70,0.033211
63,65,0.033188
50,85,0.033182
40,53,0.033141
28,36,0.032823
21,98,0.032797
58,85,0.032767
6,12,0.032765
63,64,0.032603
35,64,0.032591
13,53,0.032462
39,41,0.032445
97,101,0.032438
51,66,0.032203
9,23,0.032195
34,52,0.032185
45,50,0.032121
86,93,0.032090
24,57,0.031983
18,36,0.031918
67,70,0.031875
40,97,0.031861
5,79,0.031807
29,36,0.031793
13,38,0.031747
44,90,0.031738
39,57,0.031719
5,66,0.031707
66,68,0.031501
94,99,0.031369
34,62,0.031249
56,81,0.031243
36,65,0.031236
32,87,0.031121
14,26,0.031107
24,51,0.031041
54,79,0.031036
65,70,0.031018
56,66,0.030918
13,35,0.030889
52,87,0.030879
60,95,0.030867
64,70,0.030833
29,38,0.030727
18,35,0.030725
41,58,0.030718
56,57,0.030697
25,53,0.030676
47,51,0.030654
24,63,0.030583
4,70,0.030487
4,55,0.030425
21,41,0.030366
31,33,0.030360
50,88,0.030305
21,47,0.030207
31,70,0.030180
17,21,0.030177
32,83,0.030174
30,65,0.030150
85,96,0.030132
48,50,0.030129
7,46,0.030098
25,70,0.030061
38,85,0.030043
12,82,0.029913
30,80,0.029867
31,41,0.029864
15,89,0.029863
31,74,0.029820
51,87,0.029793
11,41,0.029705
34,50,0.029667
36,88,0.029551
30,46,0.029518
36,48,0.029515
20,41,0.029502
44,49,0.029426
30,76,0.029420
40,41,0.029396
32,37,0.029326
36,78,0.029291
86,89,0.029091
64,66,0.029083
3,10,0.029026
27,51,0.029018
35,60,0.028986
7,73,0.028982
78,92,0.028961
14,22,0.028906
90,99,0.028903
17,86,0.028867
15,34,0.028849
81,97,0.028804
28,90,0.028800
53,54,0.028777
7,69,0.028752
23,57,0.028694
42,91,0.028599
15,84,0.028592
21,49,0.028563
83,98,0.028538
65,89,0.028521
63,71,0.028512
80,88,0.028427
31,50,0.028256
45,75,0.028232
4,63,0.028155
66,73,0.028063
10,84,0.028005
64,85,0.027980
32,46,0.027893
30,43,0.027790
71,79,0.027770
10,71,0.027759
28,61,0.027747
61,63,0.027744
3,99,0.027650
39,73,0.027621
10,62,0.027594
7,72,0.027534
48,94,0.027506
32,97,0.027466
70,95,0.027428
64,91,0.027396
32,40,0.027383
13,81,0.027367
21,52,0.027365
84,87,0.027292
92,101,0.027268
55,70,0.027158
71,78,0.027111
7,97,0.027039
49,74,0.027000
52,60,0.026950
22,24,0.026943
65,79,0.026890
62,89,0.026855
50,98,0.026796
49,71,0.026773
18,24,0.026770
74,87,0.026726
17,89,0.026691
34,43,0.026655
20,48,0.026617
7,51,0.026602
12,45,0.026555
35,43,0.026502
18,25,0.026494
79,83,0.026490
62,88,0.026474
50,95,0.026460
30,75,0.026460
60,94,0.026459
39,46,0.026447
18,64,0.026360
19,22,0.026310
7,87,0.026303
69,89,0.026271
61,92,0.026250
47,71,0.026236
8,31,0.026187
81,87,0.026060
4,67,0.026051
12,91,0.026005
23,98,0.025977
12,86,0.025932
41,48,0.025850
22,49,0.025818
43,51,0.025816
67,81,0.025620
9,35,0.025583
7,62,0.025553
47,94,0.025411
8,70,0.025409
23,78,0.025395
12,66,0.025382
94,97,0.025348
23,25,0.025340
16,92,0.025265
49,72,0.025263
66,72,0.025241
11,62,0.025241
57,65,0.025197
35,78,0.025163
80,97,0.025161
66,94,0.025118
83,84,0.025051
53,59,0.025039
88,93,0.024935
2,76,0.024864
29,37,0.024759
7,29,0.024722
22,50,0.024712
31,58,0.024710
32,78,0.024699
46,79,0.024678
33,57,0.024637
51,72,0.024636
66,79,0.024543
18,82,0.024451
80,91,0.024435
3,59,0.024293
11,86,0.024272
86,101,0.024261
10,25,0.024243
21,51,0.024229
6,64,0.024198
6,46,0.024196
32,71,0.024117
14,23,0.024110
92,100,0.024101
45,54,0.024057
68,74,0.024056
65,94,0.024030
40,45,0.024007
10,21,0.024007
8,76,0.023972
18,41,0.023948
15,83,0.023852
47,63,0.023837
62,81,0.023827
42,62,0.023720
3,20,0.023700
58,81,0.023672
12,33,0.023666
45,100,0.023593
12,80,0.023585
13,91,0.023556
16,86,0.023555
6,47,0.023519
74,82,0.023512
27,86,0.023492
26,36,0.023437
63,73,0.023427
93,101,0.023426
66,71,0.023411
31,90,0.023374
79,86,0.023369
37,92,0.023250
23,97,0.023246
46,58,0.023233
64,73,0.023224
80,83,0.023144
24,48,0.023105
25,46,0.023088
30,95,0.023058
52,96,0.023038
60,79,0.023037
9,87,0.022998
22,32,0.022969
81,86,0.022956
25,31,0.022956
63,75,0.022911
2,84,0.022897
54,64,0.022879
92,99,0.022876
49,52,0.022864
70,79,0.022861
91,96,0.022805
32,54,0.022799
48,75,0.022793
31,45,0.022777
19,60,0.022744
43,48,0.022701
74,83,0.022672
41,94,0.022652
15,31,0.022646
53,74,0.022596
14,31,0.022596
34,60,0.022472
56,94,0.022462
32,77,0.022363
27,64,0.022254
19,53,0.022218
5,46,0.022190
42,78,0.022178
27,65,0.022105
25,59,0.022072
32,61,0.022030
1,74,0.022016
26,68,0.022012
64,68,0.022000
12,58,0.021997
94,101,0.021997
45,84,0.021961
10,34,0.021914
88,99,0.021914
46,94,0.021889
25,62,0.021867
24,58,0.021866
47,77,0.021834
34,96,0.021813
11,54,0.021808
31,65,0.021791
76,97,0.021779
1,3,0.021739
2,77,0.021717
47,53,0.021682
48,76,0.021675
10,73,0.021615
24,25,0.021596
2,6,0.021588
57,62,0.021570
24,85,0.021538
45,63,0.021490
81,101,0.021481
28,101,0.021431
4,9,0.021393
41,44,0.021392
7,18,0.021381
36,100,0.021370
53,57,0.021299
32,62,0.021297
8,71,0.021234
3,36,0.021219
83,89,0.021204
6,30,0.021166
6,32,0.021114
9,68,0.021063
21,25,0.021061
13,101,0.021007
16,59,0.020995
42,67,0.020959
3,16,0.020937
71,99,0.020935
15,25,0.020880
45,79,0.020837
22,80,0.020793
40,99,0.020732
8,45,0.020725
20,27,0.020711
53,95,0.020668
37,56,0.020637
2,73,0.020624
12,41,0.020520
31,72,0.020519
12,29,0.020499
8,62,0.020493
42,86,0.020457
67,97,0.020366
75,79,0.020350
21,86,0.020326
21,43,0.020322
1,48,0.020322
49,99,0.020294
7,70,0.020191
59,68,0.020137
40,47,0.020134
16,35,0.020083
3,98,0.019932
42,72,0.019920
35,41,0.019910
26,67,0.019888
21,89,0.019878
79,101,0.019864
81,89,0.019851
19,74,0.019840
50,57,0.019824
31,75,0.019822
8,65,0.019819
35,96,0.019797
6,72,0.019783
19,101,0.019775
11,83,0.019770
17,33,0.019766
43,57,0.019692
37,39,0.019691
21,35,0.019690
51,89,0.019687
8,21,0.019657
39,55,0.019629
50,65,0.019587
56,84,0.019582
47,64,0.019578
82,92,0.019563
11,96,0.019563
52,66,0.019540
5,47,0.019526
90,98,0.019523
3,96,0.019499
4,66,0.019487
61,89,0.019474
39,49,0.019470
46,86,0.019460
58,66,0.019453
81,93,0.019448
44,51,0.019443
15,36,0.019442
54,62,0.019412
27,63,0.019391
46,75,0.019385
29,70,0.019284
13,57,0.019206
22,44,0.019193
20,38,0.019151
35,45,0.019127
66,80,0.019114
11,66,0.019110
37,100,0.019106
18,69,0.019098
47,74,0.019071
65,81,0.019068
5,22,0.019059
62,78,0.019041
14,27,0.019021
71,95,0.019000
80,86,0.018997
27,83,0.018982
33,56,0.018966
45,101,0.018965
20,36,0.018962
79,97,0.018941
23,34,0.018915
31,69,0.018840
12,16,0.018838
77,85,0.018825
69,78,0.018818
21,90,0.018771
29,87,0.018742
29,54,0.018719
84,94,0.018714
60,101,0.018685
48,64,0.018671
21,30,0.018650
55,98,0.018611
71,85,0.018602
10,66,0.018597
19,36,0.018597
48,54,0.018593
75,82,0.018582
18,26,0.018579
40,91,0.018552
78,86,0.018534
29,101,0.018527
50,101,0.018518
15,46,0.018399
43,80,0.018397
32,64,0.018341
32,72,0.018307
20,28,0.018298
48,71,0.018294
79,93,0.018282
40,102,0.018269
40,103,0.018269
40,104,0.018269
40,105,0.018269
40,106,0.018269
40,107,0.018269
40,108,0.018269
61,62,0.018265
10,47,0.018227
81,98,0.018218
41,90,0.018203
59,80,0.018196
16,19,0.018190
3,39,0.018183
42,76,0.018174
8,83,0.018167
14,90,0.018154
90,95,0.018148
36,103,0.018094
36,104,0.018094
36,105,0.018094
36,106,0.018094
36,107,0.018094
36,108,0.018094
36,102,0.018094
44,92,0.018060
1,32,0.018032
16,77,0.018019
61,88,0.018003
30,92,0.017962
69,76,0.017934
12,97,0.017852
8,79,0.017843
4,46,0.017837
86,99,0.017801
2,8,0.017783
74,78,0.017779
13,18,0.017767
27,31,0.017765
14,18,0.017759
18,30,0.017714
52,64,0.017701
11,45,0.017689
21,97,0.017635
32,43,0.017602
76,80,0.017599
44,54,0.017567
16,67,0.017562
87,96,0.017532
47,75,0.017525
3,49,0.017520
28,82,0.017512
50,92,0.017493
16,65,0.017483
48,99,0.017479
68,76,0.017462
20,57,0.017458
93,100,0.017458
68,89,0.017453
21,44,0.017431
33,84,0.017365
57,66,0.017304
11,79,0.017288
65,101,0.017284
59,100,0.017210
37,60,0.017176
81,100,0.017102
18,29,0.017086
40,57,0.016987
15,99,0.016921
27,69,0.016877
72,79,0.016868
39,93,0.016859
30,81,0.016841
14,35,0.016822
42,100,0.016788
2,41,0.016775
6,31,0.016746
12,59,0.016733
30,73,0.016715
88,98,0.016709
14,39,0.016699
14,69,0.016675
26,64,0.016670
22,46,0.016664
38,62,0.016664
3,69,0.016556
25,74,0.016534
49,69,0.016469
1,53,0.016468
8,86,0.016440
67,99,0.016415
78,83,0.016409
79,98,0.016405
43,88,0.016394
74,84,0.016374
22,48,0.016357
27,99,0.016356
71,94,0.016318
2,32,0.016232
79,85,0.016203
30,33,0.016199
9,89,0.016182
10,32,0.016179
25,64,0.016176
45,66,0.016121
47,84,0.016067
32,79,0.016065
34,102,0.016042
34,103,0.016042
34,104,0.016042
34,105,0.016042
34,106,0.016042
34,107,0.016042
34,108,0.016042
22,83,0.016009
23,48,0.015964
95,101,0.015949
41,46,0.015945
42,47,0.015874
9,81,0.015807
77,91,0.015787
89,100,0.015773
2,75,0.015771
8,58,0.015750
43,55,0.015748
40,73,0.015701
42,92,0.015700
96,99,0.015696
83,101,0.015696
55,81,0.015677
69,73,0.015632
50,80,0.015618
1,84,0.015588
19,65,0.015577
19,102,0.015575
19,103,0.015575
19,104,0.015575
19,105,0.015575
19,106,0.015575
19,107,0.015575
19,108,0.015575
55,100,0.015567
84,103,0.015566
84,104,0.015566
84,105,0.015566
84,106,0.015566
84,107,0.015566
84,108,0.015566
84,102,0.015566
42,48,0.015561
82,97,0.015530
13,40,0.015523
45,73,0.015515
91,101,0.015502
39,77,0.015459
12,95,0.015413
15,43,0.015400
30,100,0.015339
18,43,0.015327
42,101,0.015323
54,93,0.015316
3,67,0.015314
9,62,0.015310
13,103,0.015299
13,104,0.015299
13,105,0.015299
13,106,0.015299
13,107,0.015299
13,108,0.015299
13,102,0.015299
96,101,0.015287
57,89,0.015267
21,87,0.015252
70,83,0.015208
44,91,0.015197
29,68,0.015195
29,85,0.015170
64,69,0.015115
83,94,0.015106
34,53,0.015101
18,38,0.015085
42,65,0.015075
30,32,0.015058
27,66,0.015052
57,70,0.015037
22,74,0.015008
36,73,0.014994
18,27,0.014987
38,50,0.014980
68,97,0.014956
9,17,0.014926
55,79,0.014889
26,42,0.014865
24,56,0.014856
10,82,0.014817
27,82,0.014784
54,91,0.014712
19,64,0.014695
2,7,0.014694
15,54,0.014693
21,38,0.014680
82,103,0.014662
82,104,0.014662
82,105,0.014662
82,106,0.014662
82,107,0.014662
82,108,0.014662
82,102,0.014662
60,102,0.014651
60,103,0.014651
60,104,0.014651
60,105,0.014651
60,106,0.014651
60,107,0.014651
60,108,0.014651
17,24,0.014650
44,101,0.014640
47,68,0.014630
3,30,0.014627
12,57,0.014623
76,99,0.014611
12,22,0.014561
3,97,0.014530
32,57,0.014469
40,67,0.014425
27,68,0.014422
46,48,0.014421
8,38,0.014416
42,73,0.014409
8,16,0.014382
77,81,0.014382
45,47,0.014361
10,74,0.014348
68,82,0.014336
6,45,0.014320
49,57,0.014317
29,65,0.014317
65,69,0.014261
28,47,0.014180
49,79,0.014140
9,67,0.014120
62,74,0.013991
11,68,0.013967
19,25,0.013949
20,69,0.013919
59,72,0.013908
16,48,0.013842
24,65,0.013834
67,98,0.013819
79,92,0.013817
19,59,0.013781
14,48,0.013764
30,72,0.013757
24,59,0.013738
11,60,0.013653
42,99,0.013645
54,65,0.013626
54,66,0.013596
15,51,0.013584
16,62,0.013552
83,100,0.013547
79,87,0.013543
6,91,0.013538
8,55,0.013519
85,100,0.013518
28,44,0.013518
44,103,0.013488
44,104,0.013488
44,105,0.013488
44,106,0.013488
44,107,0.013488
44,108,0.013488
44,102,0.013488
56,73,0.013483
33,47,0.013476
39,47,0.013465
10,65,0.013454
24,87,0.013441
1,5,0.013415
32,42,0.013413
10,27,0.013382
18,89,0.013343
1,4,0.013336
27,50,0.013330
42,60,0.013301
78,91,0.013298
27,78,0.013285
10,92,0.013275
39,61,0.013216
3,8,0.013196
68,93,0.013193
16,55,0.013188
8,84,0.013175
91,100,0.013109
2,71,0.013087
7,63,0.012982
68,75,0.012976
25,65,0.012957
21,32,0.012930
66,99,0.012916
63,100,0.012870
77,95,0.012870
10,50,0.012849
1,37,0.012774
30,79,0.012770
32,59,0.012733
38,51,0.012722
53,65,0.012706
48,66,0.012700
11,27,0.012658
5,25,0.012638
45,86,0.012632
19,100,0.012623
4,10,0.012598
36,61,0.012562
52,63,0.012550
14,47,0.012457
61,96,0.012444
15,101,0.012443
32,100,0.012409
15,41,0.012408
20,22,0.012393
29,58,0.012368
4,49,0.012360
42,51,0.012286
41,98,0.012281
54,63,0.012279
29,34,0.012276
7,79,0.012199
77,94,0.012194
4,59,0.012185
32,75,0.012179
26,103,0.012168
26,104,0.012168
26,105,0.012168
26,106,0.012168
26,107,0.012168
26,108,0.012168
26,102,0.012168
9,94,0.012162
30,55,0.012099
33,89,0.012099
20,86,0.012042
24,38,0.012033
14,54,0.012027
2,72,0.012000
45,77,0.011989
36,44,0.011979
75,96,0.011966
11,63,0.011914
64,103,0.011903
64,104,0.011903
64,105,0.011903
64,106,0.011903
64,107,0.011903
64,108,0.011903
64,102,0.011903
24,52,0.011890
9,14,0.011862
22,43,0.011847
15,65,0.011836
63,89,0.011801
36,58,0.011776
25,77,0.011774
4,11,0.011760
78,88,0.011758
17,35,0.011751
12,99,0.011749
61,82,0.011746
33,39,0.011743
51,77,0.011734
17,65,0.011710
22,77,0.011695
71,84,0.011664
26,96,0.011624
13,22,0.011575
2,30,0.011573
19,76,0.011492
6,29,0.011479
52,81,0.011448
51,86,0.011428
8,40,0.011403
89,99,0.011384
5,67,0.011354
55,89,0.011332
23,64,0.011293
95,100,0.011285
31,71,0.011275
5,16,0.011263
51,76,0.011260
21,101,0.011225
62,99,0.011213
96,102,0.011206
96,103,0.011206
96,104,0.011206
96,105,0.011206
96,106,0.011206
96,107,0.011206
96,108,0.011206
22,41,0.011156
15,102,0.011147
15,103,0.011147
15,104,0.011147
15,105,0.011147
15,106,0.011147
15,107,0.011147
15,108,0.011147
26,60,0.011120
39,60,0.011106
73,86,0.011079
3,47,0.011059
24,53,0.011033
18,33,0.010995
87,101,0.010961
62,90,0.010960
3,25,0.010955
17,30,0.010952
7,81,0.010889
59,97,0.010872
25,85,0.010867
32,76,0.010866
28,60,0.010846
75,97,0.010846
6,22,0.010797
32,53,0.010776
45,81,0.010772
42,97,0.010762
10,17,0.010754
86,96,0.010687
26,65,0.010673
52,71,0.010657
8,22,0.010648
58,92,0.010614
13,90,0.010611
29,60,0.010609
49,100,0.010597
19,69,0.010560
39,52,0.010545
1,73,0.010531
55,66,0.010515
9,24,0.010469
19,24,0.010458
77,84,0.010401
24,92,0.010397
37,82,0.010395
5,98,0.010390
22,30,0.010389
4,48,0.010361
24,46,0.010330
1,76,0.010324
53,101,0.010316
18,47,0.010294
25,69,0.010281
15,33,0.010271
41,67,0.010234
29,71,0.010222
15,56,0.010210
5,87,0.010174
18,56,0.010137
49,75,0.010103
6,88,0.010091
14,32,0.010071
59,61,0.010054
87,95,0.010049
9,96,0.010037
38,79,0.010036
60,65,0.010028
14,87,0.010014
8,63,0.009879
5,99,0.009876
10,72,0.009864
65,87,0.009862
41,49,0.009844
65,82,0.009822
23,69,0.009789
102,103,0.009773
102,104,0.009773
102,105,0.009773
102,106,0.009773
102,107,0.009773
102,108,0.009773
104,105,0.009773
104,106,0.009773
104,107,0.009773
104,108,0.009773
105,106,0.009773
105,107,0.009773
105,108,0.009773
106,107,0.009773
106,108,0.009773
103,104,0.009773
103,105,0.009773
103,106,0.009773
103,107,0.009773
103,108,0.009773
107,108,0.009773
48,59,0.009745
27,85,0.009706
13,52,0.009699
10,80,0.009677
65,95,0.009676
96,100,0.009621
23,49,0.009612
36,59,0.009593
65,98,0.009549
22,45,0.009537
38,99,0.009527
18,85,0.009485
1,40,0.009481
60,91,0.009477
37,102,0.009465
37,103,0.009465
37,104,0.009465
37,105,0.009465
37,106,0.009465
37,107,0.009465
37,108,0.009465
4,32,0.009455
3,93,0.009440
10,44,0.009416
34,44,0.009413
1,102,0.009403
1,103,0.009403
1,104,0.009403
1,105,0.009403
1,106,0.009403
1,107,0.009403
1,108,0.009403
24,30,0.009390
28,43,0.009377
88,100,0.009369
3,48,0.009357
31,68,0.009357
39,51,0.009333
51,79,0.009300
39,101,0.009299
40,82,0.009282
50,90,0.009281
49,90,0.009276
16,30,0.009251
5,63,0.009247
90,102,0.009235
90,103,0.009235
90,104,0.009235
90,105,0.009235
90,106,0.009235
90,107,0.009235
90,108,0.009235
23,87,0.009217
5,39,0.009204
23,103,0.009204
23,104,0.009204
23,105,0.009204
23,106,0.009204
23,107,0.009204
23,108,0.009204
23,102,0.009204
32,88,0.009203
67,77,0.009198
72,80,0.009192
10,46,0.009186
79,89,0.009160
80,95,0.009159
11,53,0.009112
16,51,0.009108
62,93,0.009067
50,63,0.009031
13,96,0.009027
1,41,0.009014
20,35,0.009007
56,96,0.009006
7,31,0.008987
13,64,0.008954
2,56,0.008936
65,88,0.008935
26,101,0.008912
37,68,0.008909
82,91,0.008908
13,83,0.008902
65,100,0.008901
7,16,0.008893
88,95,0.008878
25,87,0.008853
42,75,0.008841
53,102,0.008829
53,103,0.008829
53,104,0.008829
53,105,0.008829
53,106,0.008829
53,107,0.008829
53,108,0.008829
4,93,0.008801
5,93,0.008766
61,75,0.008754
47,58,0.008725
10,75,0.008721
81,91,0.008716
64,67,0.008676
12,61,0.008663
2,82,0.008628
17,22,0.008627
2,92,0.008621
40,70,0.008616
31,93,0.008614
74,99,0.008605
27,48,0.008596
6,65,0.008585
83,97,0.008563
29,90,0.008552
23,84,0.008529
20,102,0.008517
20,103,0.008517
20,104,0.008517
20,105,0.008517
20,106,0.008517
20,107,0.008517
20,108,0.008517
18,53,0.008499
3,70,0.008478
70,81,0.008470
12,88,0.008449
31,77,0.008446
1,13,0.008445
7,47,0.008442
2,102,0.008378
2,103,0.008378
2,104,0.008378
2,105,0.008378
2,106,0.008378
2,107,0.008378
2,108,0.008378
61,100,0.008359
29,99,0.008329
34,101,0.008326
14,80,0.008310
6,68,0.008296
7,22,0.008287
38,43,0.008272
9,44,0.008250
45,87,0.008248
5,30,0.008226
9,71,0.008220
76,84,0.008206
27,52,0.008206
1,6,0.008190
59,87,0.008174
59,71,0.008163
6,44,0.008163
3,31,0.008110
63,101,0.008099
43,85,0.008091
94,102,0.008068
94,103,0.008068
94,104,0.008068
94,105,0.008068
94,106,0.008068
94,107,0.008068
94,108,0.008068
9,38,0.008064
30,89,0.008049
22,62,0.008035
43,100,0.008014
36,54,0.008001
75,80,0.007984
10,26,0.007982
30,66,0.007968
50,77,0.007933
8,93,0.007929
11,36,0.007925
43,82,0.007907
6,50,0.007905
48,74,0.007896
47,61,0.007866
1,7,0.007863
32,95,0.007853
39,76,0.007848
31,79,0.007846
1,75,0.007794
28,57,0.007779
14,17,0.007740
12,79,0.007730
41,101,0.007713
54,95,0.007704
74,98,0.007698
63,85,0.007696
8,13,0.007696
74,80,0.007689
60,88,0.007661
10,70,0.007587
2,36,0.007576
90,93,0.007559
1,34,0.007528
22,26,0.007496
2,42,0.007480
73,79,0.007455
16,90,0.007455
45,67,0.007430
12,101,0.007400
16,23,0.007350
67,72,0.007333
87,97,0.007321
7,80,0.007316
33,60,0.007309
41,54,0.007304
42,71,0.007283
9,47,0.007172
4,89,0.007108
34,74,0.007093
85,93,0.007088
25,52,0.007075
56,102,0.007044
56,103,0.007044
56,104,0.007044
56,105,0.007044
56,106,0.007044
56,107,0.007044
56,108,0.007044
25,101,0.007026
1,16,0.007021
16,37,0.006947
84,88,0.006943
7,64,0.006943
62,87,0.006899
30,101,0.006896
1,19,0.006885
33,102,0.006850
33,103,0.006850
33,104,0.006850
33,105,0.006850
33,106,0.006850
33,107,0.006850
33,108,0.006850
33,40,0.006849
11,46,0.006832
27,97,0.006819
76,85,0.006815
31,81,0.006808
65,99,0.006808
23,28,0.006796
17,99,0.006757
12,50,0.006743
48,65,0.006743
22,27,0.006742
12,23,0.006734
46,98,0.006733
1,36,0.006731
45,74,0.006718
101,102,0.006716
101,103,0.006716
101,104,0.006716
101,105,0.006716
101,106,0.006716
101,107,0.006716
101,108,0.006716
53,69,0.006708
10,76,0.006680
18,52,0.006677
16,27,0.006657
7,14,0.006642
90,101,0.006637
56,61,0.006632
55,74,0.006621
62,70,0.006599
50,79,0.006584
10,85,0.006567
12,21,0.006566
37,95,0.006564
12,63,0.006536
5,89,0.006521
63,68,0.006512
14,101,0.006485
89,101,0.006484
77,96,0.006477
9,21,0.006476
88,92,0.006464
40,59,0.006455
32,50,0.006423
9,51,0.006418
78,93,0.006407
32,91,0.006401
27,100,0.006401
35,49,0.006357
73,82,0.006342
31,84,0.006340
12,44,0.006321
58,82,0.006289
13,61,0.006280
25,49,0.006280
73,91,0.006265
24,94,0.006158
1,82,0.006088
27,60,0.006070
32,56,0.006068
2,46,0.006047
14,52,0.006032
48,87,0.006030
7,78,0.006014
81,94,0.005972
45,91,0.005970
52,85,0.005970
39,98,0.005958
37,62,0.005924
48,70,0.005911
23,101,0.005866
44,89,0.005850
18,42,0.005836
49,78,0.005813
30,45,0.005796
22,53,0.005789
1,71,0.005784
22,91,0.005762
1,96,0.005748
65,97,0.005735
8,54,0.005733
38,71,0.005720
63,97,0.005681
2,37,0.005649
48,77,0.005590
33,95,0.005586
7,99,0.005576
12,100,0.005556
14,100,0.005546
47,70,0.005513
21,29,0.005507
32,70,0.005495
54,100,0.005470
27,55,0.005456
40,98,0.005450
52,61,0.005446
30,63,0.005443
17,100,0.005411
34,85,0.005385
37,43,0.005378
14,62,0.005373
32,84,0.005346
12,62,0.005313
31,48,0.005271
73,83,0.005263
13,51,0.005254
9,25,0.005197
60,92,0.005176
11,51,0.005168
43,92,0.005146
49,81,0.005132
53,96,0.005124
49,56,0.005121
25,71,0.005113
23,90,0.005103
37,40,0.005099
3,56,0.005090
36,93,0.005080
4,45,0.005064
18,65,0.005056
57,63,0.005052
8,18,0.005049
31,43,0.005026
24,60,0.005016
46,93,0.005004
25,99,0.004996
81,85,0.004971
4,87,0.004965
73,97,0.004958
21,58,0.004927
80,82,0.004923
4,12,0.004920
29,88,0.004898
43,101,0.004895
37,70,0.004886
71,83,0.004883
77,98,0.004880
38,100,0.004867
52,101,0.004837
66,86,0.004818
9,102,0.004805
9,103,0.004805
9,104,0.004805
9,105,0.004805
9,106,0.004805
9,107,0.004805
9,108,0.004805
29,67,0.004799
3,66,0.004754
17,97,0.004742
5,19,0.004722
31,46,0.004700
87,100,0.004697
2,31,0.004656
76,94,0.004652
67,75,0.004644
24,35,0.004587
79,99,0.004573
4,31,0.004563
71,97,0.004558
86,87,0.004543
17,55,0.004530
72,95,0.004526
9,100,0.004519
62,83,0.004492
6,78,0.004488
71,82,0.004480
59,70,0.004477
95,102,0.004477
95,103,0.004477
95,104,0.004477
95,105,0.004477
95,106,0.004477
95,107,0.004477
95,108,0.004477
24,61,0.004472
3,68,0.004461
54,101,0.004458
45,48,0.004438
20,67,0.004428
7,11,0.004395
53,100,0.004395
81,92,0.004370
40,101,0.004361
62,101,0.004322
56,97,0.004307
50,62,0.004288
18,21,0.004248
60,73,0.004245
35,52,0.004244
60,90,0.004242
8,25,0.004232
45,52,0.004229
67,87,0.004224
2,64,0.004224
21,68,0.004218
32,65,0.004218
7,42,0.004214
2,16,0.004213
4,30,0.004176
66,76,0.004142
1,44,0.004142
64,101,0.004136
16,26,0.004098
17,96,0.004087
24,36,0.004064
69,82,0.004060
2,22,0.004059
52,97,0.004056
13,30,0.004052
10,54,0.004018
74,79,0.004014
15,18,0.003994
5,61,0.003988
27,41,0.003986
37,67,0.003985
42,58,0.003976
45,58,0.003975
84,90,0.003963
63,93,0.003960
38,101,0.003934
66,101,0.003933
58,100,0.003910
55,101,0.003905
3,44,0.003888
48,69,0.003874
1,39,0.003871
4,51,0.003869
33,101,0.003855
1,18,0.003843
32,101,0.003831
17,75,0.003829
49,70,0.003804
11,77,0.003788
76,82,0.003770
10,67,0.003734
63,72,0.003731
38,83,0.003693
50,61,0.003642
65,73,0.003627
1,60,0.003624
22,73,0.003577
33,100,0.003556
3,45,0.003529
18,74,0.003504
15,29,0.003479
53,64,0.003467
2,9,0.003439
57,100,0.003409
11,24,0.003406
29,100,0.003387
43,95,0.003360
5,45,0.003356
13,49,0.003339
14,83,0.003339
21,59,0.003328
4,16,0.003320
57,102,0.003317
57,103,0.003317
57,104,0.003317
57,105,0.003317
57,106,0.003317
57,107,0.003317
57,108,0.003317
22,72,0.003316
2,19,0.003306
37,66,0.003288
25,67,0.003271
6,27,0.003261
69,84,0.003251
11,48,0.003247
59,73,0.003236
23,38,0.003233
11,30,0.003225
17,58,0.003152
11,71,0.003132
28,80,0.003130
33,64,0.003121
2,48,0.003053
1,95,0.003029
53,89,0.003028
46,49,0.003026
1,70,0.003004
82,98,0.002975
5,27,0.002917
73,93,0.002892
19,28,0.002890
14,30,0.002878
52,102,0.002878
52,103,0.002878
52,104,0.002878
52,105,0.002878
52,106,0.002878
52,107,0.002878
52,108,0.002878
30,71,0.002861
5,59,0.002832
26,100,0.002823
3,61,0.002821
35,58,0.002810
1,101,0.002801
31,49,0.002797
50,76,0.002787
57,88,0.002754
51,74,0.002747
32,81,0.002744
2,45,0.002743
14,19,0.002728
75,85,0.002711
24,101,0.002705
1,49,0.002704
30,88,0.002702
25,45,0.002682
15,39,0.002662
19,75,0.002661
6,16,0.002639
50,78,0.002638
49,97,0.002638
13,93,0.002614
16,39,0.002585
1,52,0.002582
7,65,0.002526
4,18,0.002509
17,78,0.002504
10,18,0.002495
5,62,0.002480
30,47,0.002470
31,34,0.002468
4,62,0.002429
4,99,0.002420
16,91,0.002416
64,94,0.002400
8,59,0.002361
33,81,0.002351
8,32,0.002320
86,95,0.002312
20,96,0.002310
24,90,0.002280
100,102,0.002259
100,103,0.002259
100,104,0.002259
100,105,0.002259
100,106,0.002259
100,107,0.002259
100,108,0.002259
23,85,0.002249
22,99,0.002239
77,99,0.002201
14,63,0.002196
52,94,0.002188
15,45,0.002182
11,23,0.002178
50,72,0.002173
45,51,0.002172
47,69,0.002157
60,82,0.002137
3,102,0.002120
3,103,0.002120
3,104,0.002120
3,105,0.002120
3,106,0.002120
3,107,0.002120
3,108,0.002120
61,69,0.002065
48,63,0.002056
49,68,0.002053
25,97,0.002036
34,98,0.002006
47,67,0.002005
98,102,0.001951
98,103,0.001951
98,104,0.001951
98,105,0.001951
98,106,0.001951
98,107,0.001951
98,108,0.001951
54,80,0.001896
2,49,0.001892
92,102,0.001891
92,103,0.001891
92,104,0.001891
92,105,0.001891
92,106,0.001891
92,107,0.001891
92,108,0.001891
56,90,0.001837
76,98,0.001825
5,38,0.001797
45,70,0.001780
56,58,0.001761
71,87,0.001759
29,43,0.001728
3,42,0.001718
5,48,0.001692
42,102,0.001687
42,103,0.001687
42,104,0.001687
42,105,0.001687
42,106,0.001687
42,107,0.001687
42,108,0.001687
45,99,0.001683
74,81,0.001669
10,13,0.001665
2,34,0.001647
5,51,0.001645
1,20,0.001626
33,91,0.001621
23,75,0.001615
9,63,0.001595
42,53,0.001587
47,78,0.001582
21,82,0.001582
83,93,0.001571
71,89,0.001553
1,72,0.001526
21,57,0.001519
50,68,0.001499
38,57,0.001493
1,98,0.001436
13,32,0.001398
73,88,0.001389
51,94,0.001376
43,45,0.001370
28,88,0.001368
20,50,0.001350
1,14,0.001336
1,64,0.001335
54,89,0.001305
1,69,0.001291
65,77,0.001263
8,102,0.001235
8,103,0.001235
8,104,0.001235
8,105,0.001235
8,106,0.001235
8,107,0.001235
8,108,0.001235
56,101,0.001227
7,50,0.001218
3,64,0.001217
9,26,0.001216
4,42,0.001208
37,83,0.001191
67,90,0.001177
1,77,0.001165
8,77,0.001148
55,76,0.001133
18,102,0.001077
18,103,0.001077
18,104,0.001077
18,105,0.001077
18,106,0.001077
18,107,0.001077
18,108,0.001077
77,97,0.001016
87,92,0.001008
47,98,0.000987
58,64,0.000968
1,8,0.000952
15,67,0.000939
27,44,0.000933
76,83,0.000916
17,102,0.000904
17,103,0.000904
17,104,0.000904
17,105,0.000904
17,106,0.000904
17,107,0.000904
17,108,0.000904
7,30,0.000892
3,11,0.000890
12,40,0.000866
31,94,0.000854
46,77,0.000844
30,93,0.000835
9,92,0.000816
16,102,0.000797
16,103,0.000797
16,104,0.000797
16,105,0.000797
16,106,0.000797
16,107,0.000797
16,108,0.000797
2,69,0.000794
24,69,0.000789
1,33,0.000770
53,75,0.000731
17,38,0.000731
68,91,0.000718
4,50,0.000717
50,53,0.000676
71,93,0.000657
46,97,0.000602
17,39,0.000547
19,39,0.000545
5,42,0.000532
16,79,0.000500
23,29,0.000477
1,42,0.000472
60,100,0.000464
10,93,0.000413
87,98,0.000407
6,96,0.000403
11,37,0.000398
1,15,0.000397
74,102,0.000397
74,103,0.000397
74,104,0.000397
74,105,0.000397
74,106,0.000397
74,107,0.000397
74,108,0.000397
4,80,0.000384
41,55,0.000382
9,83,0.000358
13,62,0.000352
30,77,0.000350
20,31,0.000337
66,100,0.000337
19,98,0.000324
1,9,0.000318
28,87,0.000308
14,51,0.000289
63,78,0.000274
89,98,0.000246
16,70,0.000230
26,58,0.000196
10,51,0.000194
9,91,0.000176
18,37,0.000169
8,20,0.000168
55,68,0.000148
1,26,0.000138
9,55,0.000096
2,10,0.000083
33,59,0.000038
25,76,0.000007
26,66,-0.000019
1,28,-0.000029
62,85,-0.000051
37,101,-0.000070
19,99,-0.000075
68,94,-0.000086
66,93,-0.000160
23,40,-0.000165
1,55,-0.000174
25,72,-0.000175
76,81,-0.000214
88,102,-0.000223
88,103,-0.000223
88,104,-0.000223
88,105,-0.000223
88,106,-0.000223
88,107,-0.000223
88,108,-0.000223
42,88,-0.000228
19,50,-0.000232
43,64,-0.000239
1,79,-0.000253
3,50,-0.000258
37,58,-0.000318
11,57,-0.000323
6,21,-0.000344
7,98,-0.000352
68,84,-0.000355
27,58,-0.000361
14,102,-0.000361
14,103,-0.000361
14,104,-0.000361
14,105,-0.000361
14,106,-0.000361
14,107,-0.000361
14,108,-0.000361
2,68,-0.000390
3,51,-0.000447
53,99,-0.000450
99,102,-0.000464
99,103,-0.000464
99,104,-0.000464
99,105,-0.000464
99,106,-0.000464
99,107,-0.000464
99,108,-0.000464
80,92,-0.000469
10,56,-0.000472
47,72,-0.000473
51,101,-0.000475
45,97,-0.000508
22,101,-0.000514
86,92,-0.000520
16,56,-0.000523
36,92,-0.000527
2,66,-0.000533
15,44,-0.000537
16,21,-0.000558
46,68,-0.000560
53,87,-0.000576
11,78,-0.000587
3,80,-0.000595
77,82,-0.000608
41,102,-0.000630
41,103,-0.000630
41,104,-0.000630
41,105,-0.000630
41,106,-0.000630
41,107,-0.000630
41,108,-0.000630
18,98,-0.000664
28,93,-0.000669
75,94,-0.000718
31,52,-0.000725
43,58,-0.000727
22,102,-0.000755
22,103,-0.000755
22,104,-0.000755
22,105,-0.000755
22,106,-0.000755
22,107,-0.000755
22,108,-0.000755
58,101,-0.000780
62,95,-0.000800
13,100,-0.000820
49,85,-0.000841
8,75,-0.000843
20,90,-0.000859
66,77,-0.000884
9,39,-0.000890
26,97,-0.000895
39,90,-0.000900
21,75,-0.000902
47,73,-0.000941
79,100,-0.000956
27,62,-0.000959
68,92,-0.000962
6,25,-0.000984
31,88,-0.000987
7,48,-0.001020
1,23,-0.001057
59,79,-0.001062
58,79,-0.001071
1,56,-0.001088
21,26,-0.001096
11,39,-0.001104
20,98,-0.001142
18,58,-0.001161
47,52,-0.001162
70,88,-0.001231
45,80,-0.001247
32,74,-0.001318
57,101,-0.001345
21,27,-0.001349
55,72,-0.001364
55,102,-0.001387
55,103,-0.001387
55,104,-0.001387
55,105,-0.001387
55,106,-0.001387
55,107,-0.001387
55,108,-0.001387
28,102,-0.001436
28,103,-0.001436
28,104,-0.001436
28,105,-0.001436
28,106,-0.001436
28,107,-0.001436
28,108,-0.001436
11,29,-0.001439
20,61,-0.001449
11,73,-0.001458
13,31,-0.001464
11,47,-0.001471
54,59,-0.001471
19,49,-0.001480
73,102,-0.001481
73,103,-0.001481
73,104,-0.001481
73,105,-0.001481
73,106,-0.001481
73,107,-0.001481
73,108,-0.001481
40,64,-0.001493
27,40,-0.001515
55,71,-0.001515
14,71,-0.001534
51,73,-0.001569
28,48,-0.001631
52,72,-0.001637
37,69,-0.001651
5,96,-0.001656
66,84,-0.001671
36,85,-0.001676
31,101,-0.001728
76,102,-0.001728
76,103,-0.001728
76,104,-0.001728
76,105,-0.001728
76,106,-0.001728
76,107,-0.001728
76,108,-0.001728
5,31,-0.001731
7,67,-0.001738
2,53,-0.001741
36,56,-0.001770
80,84,-0.001772
24,86,-0.001772
31,67,-0.001799
6,51,-0.001819
35,54,-0.001831
5,50,-0.001857
28,41,-0.001863
13,20,-0.001887
27,81,-0.001905
55,90,-0.001914
2,21,-0.001950
52,83,-0.002003
12,53,-0.002006
9,86,-0.002025
12,102,-0.002034
12,103,-0.002034
12,104,-0.002034
12,105,-0.002034
12,106,-0.002034
12,107,-0.002034
12,108,-0.002034
9,29,-0.002043
74,93,-0.002057
3,83,-0.002069
26,92,-0.002086
40,78,-0.002092
1,99,-0.002107
19,94,-0.002115
42,77,-0.002131
73,84,-0.002161
7,59,-0.002173
42,55,-0.002178
9,79,-0.002192
82,88,-0.002194
15,85,-0.002216
8,81,-0.002223
13,46,-0.002233
74,89,-0.002241
46,100,-0.002271
30,67,-0.002280
35,42,-0.002284
2,18,-0.002293
10,79,-0.002296
22,71,-0.002301
10,30,-0.002302
21,23,-0.002302
27,45,-0.002323
24,27,-0.002347
4,102,-0.002357
4,103,-0.002357
4,104,-0.002357
4,105,-0.002357
4,106,-0.002357
4,107,-0.002357
4,108,-0.002357
46,102,-0.002369
46,103,-0.002369
46,104,-0.002369
46,105,-0.002369
46,106,-0.002369
46,107,-0.002369
46,108,-0.002369
63,70,-0.002387
50,91,-0.002433
23,100,-0.002442
4,17,-0.002445
23,68,-0.002447
56,88,-0.002471
16,71,-0.002483
20,78,-0.002483
42,74,-0.002504
3,9,-0.002505
75,102,-0.002578
75,103,-0.002578
75,104,-0.002578
75,105,-0.002578
75,106,-0.002578
75,107,-0.002578
75,108,-0.002578
2,50,-0.002603
55,82,-0.002613
38,80,-0.002622
43,69,-0.002632
2,96,-0.002755
2,43,-0.002757
42,98,-0.002770
2,78,-0.002781
6,54,-0.002784
72,102,-0.002789
72,103,-0.002789
72,104,-0.002789
72,105,-0.002789
72,106,-0.002789
72,107,-0.002789
72,108,-0.002789
44,72,-0.002800
24,100,-0.002801
17,87,-0.002820
3,85,-0.002855
46,83,-0.002857
17,47,-0.002887
39,64,-0.002906
29,48,-0.002917
1,24,-0.002920
11,100,-0.002931
32,73,-0.002954
50,93,-0.002994
11,18,-0.002995
31,39,-0.003006
45,55,-0.003021
64,100,-0.003043
19,56,-0.003067
36,49,-0.003070
53,85,-0.003072
4,23,-0.003078
44,93,-0.003090
75,98,-0.003096
2,59,-0.003099
7,61,-0.003099
1,46,-0.003112
11,35,-0.003118
6,79,-0.003123
62,100,-0.003131
59,86,-0.003162
21,54,-0.003175
89,102,-0.003180
89,103,-0.003180
89,104,-0.003180
89,105,-0.003180
89,106,-0.003180
89,107,-0.003180
89,108,-0.003180
81,95,-0.003181
4,84,-0.003194
10,48,-0.003221
25,96,-0.003243
25,93,-0.003250
58,102,-0.003257
58,103,-0.003257
58,104,-0.003257
58,105,-0.003257
58,106,-0.003257
58,107,-0.003257
58,108,-0.003257
88,101,-0.003279
51,98,-0.003288
67,85,-0.003299
70,84,-0.003327
29,59,-0.003333
41,89,-0.003335
55,96,-0.003360
25,88,-0.003363
2,93,-0.003368
4,95,-0.003374
23,33,-0.003391
25,100,-0.003407
40,71,-0.003425
43,102,-0.003429
43,103,-0.003429
43,104,-0.003429
43,105,-0.003429
43,106,-0.003429
43,107,-0.003429
43,108,-0.003429
55,92,-0.003448
22,37,-0.003452
45,72,-0.003495
73,95,-0.003502
43,79,-0.003514
4,98,-0.003523
2,11,-0.003547
54,77,-0.003555
66,74,-0.003563
66,78,-0.003593
16,22,-0.003594
43,98,-0.003600
55,61,-0.003613
38,56,-0.003614
16,101,-0.003616
39,69,-0.003625
53,76,-0.003628
59,78,-0.003637
19,91,-0.003640
3,82,-0.003644
11,87,-0.003652
72,83,-0.003675
70,93,-0.003687
7,23,-0.003691
86,102,-0.003703
86,103,-0.003703
86,104,-0.003703
86,105,-0.003703
86,106,-0.003703
86,107,-0.003703
86,108,-0.003703
5,56,-0.003710
16,29,-0.003711
36,39,-0.003716
11,95,-0.003717
40,43,-0.003736
46,101,-0.003743
2,101,-0.003744
38,60,-0.003747
10,31,-0.003777
9,30,-0.003794
14,82,-0.003802
35,102,-0.003803
35,103,-0.003803
35,104,-0.003803
35,105,-0.003803
35,106,-0.003803
35,107,-0.003803
35,108,-0.003803
18,97,-0.003815
25,43,-0.003816
20,68,-0.003847
4,44,-0.003854
7,57,-0.003899
56,89,-0.003907
41,69,-0.003908
56,99,-0.003921
31,100,-0.003968
2,70,-0.003984
25,40,-0.004002
78,101,-0.004006
81,102,-0.004015
81,103,-0.004015
81,104,-0.004015
81,105,-0.004015
81,106,-0.004015
81,107,-0.004015
81,108,-0.004015
46,90,-0.004039
6,14,-0.004053
10,100,-0.004060
46,74,-0.004062
40,58,-0.004064
1,88,-0.004085
23,73,-0.004089
6,36,-0.004130
56,62,-0.004136
27,79,-0.004144
23,50,-0.004151
5,102,-0.004160
5,103,-0.004160
5,104,-0.004160
5,105,-0.004160
5,106,-0.004160
5,107,-0.004160
5,108,-0.004160
69,91,-0.004165
9,22,-0.004166
23,31,-0.004173
6,26,-0.004191
49,76,-0.004200
23,74,-0.004209
41,57,-0.004215
94,100,-0.004227
22,79,-0.004232
4,52,-0.004241
2,63,-0.004283
38,102,-0.004283
38,103,-0.004283
38,104,-0.004283
38,105,-0.004283
38,106,-0.004283
38,107,-0.004283
38,108,-0.004283
30,49,-0.004296
2,67,-0.004329
3,19,-0.004397
61,102,-0.004410
61,103,-0.004410
61,104,-0.004410
61,105,-0.004410
61,106,-0.004410
61,107,-0.004410
61,108,-0.004410
35,82,-0.004426
30,51,-0.004430
77,86,-0.004462
67,100,-0.004495
36,96,-0.004497
12,49,-0.004503
67,101,-0.004514
9,45,-0.004517
27,93,-0.004531
44,71,-0.004543
33,92,-0.004564
70,102,-0.004564
70,103,-0.004564
70,104,-0.004564
70,105,-0.004564
70,106,-0.004564
70,107,-0.004564
70,108,-0.004564
20,25,-0.004575
1,100,-0.004577
58,97,-0.004610
20,65,-0.004615
25,89,-0.004642
87,99,-0.004660
1,78,-0.004663
49,92,-0.004706
1,58,-0.004715
25,66,-0.004724
11,99,-0.004741
54,78,-0.004749
51,75,-0.004758
20,52,-0.004795
9,41,-0.004806
6,102,-0.004807
6,103,-0.004807
6,104,-0.004807
6,105,-0.004807
6,106,-0.004807
6,107,-0.004807
6,108,-0.004807
67,76,-0.004816
49,80,-0.004837
14,40,-0.004893
93,102,-0.004900
93,103,-0.004900
93,104,-0.004900
93,105,-0.004900
93,106,-0.004900
93,107,-0.004900
93,108,-0.004900
29,83,-0.004949
1,90,-0.004953
16,100,-0.004969
10,42,-0.005014
25,102,-0.005014
25,103,-0.005014
25,104,-0.005014
25,105,-0.005014
25,106,-0.005014
25,107,-0.005014
25,108,-0.005014
23,65,-0.005015
82,100,-0.005031
30,85,-0.005059
4,35,-0.005070
2,52,-0.005077
50,73,-0.005077
67,78,-0.005102
59,101,-0.005104
6,24,-0.005145
23,27,-0.005166
23,81,-0.005175
70,87,-0.005191
28,49,-0.005208
62,102,-0.005219
62,103,-0.005219
62,104,-0.005219
62,105,-0.005219
62,106,-0.005219
62,107,-0.005219
62,108,-0.005219
76,96,-0.005221
14,94,-0.005221
22,66,-0.005242
33,58,-0.005272
5,55,-0.005275
2,47,-0.005280
61,67,-0.005281
3,21,-0.005282
29,73,-0.005308
1,94,-0.005312
35,83,-0.005328
43,50,-0.005338
40,76,-0.005339
27,33,-0.005362
12,51,-0.005409
34,93,-0.005415
41,95,-0.005434
27,42,-0.005441
18,49,-0.005458
6,80,-0.005470
17,77,-0.005470
41,100,-0.005473
7,102,-0.005486
7,103,-0.005486
7,104,-0.005486
7,105,-0.005486
7,106,-0.005486
7,107,-0.005486
7,108,-0.005486
12,92,-0.005492
31,95,-0.005495
12,24,-0.005499
7,49,-0.005500
21,66,-0.005515
91,102,-0.005520
91,103,-0.005520
91,104,-0.005520
91,105,-0.005520
91,106,-0.005520
91,107,-0.005520
91,108,-0.005520
48,90,-0.005548
5,32,-0.005560
1,17,-0.005584
1,25,-0.005588
25,68,-0.005642
45,68,-0.005646
13,95,-0.005674
15,100,-0.005703
44,99,-0.005705
86,100,-0.005706
9,101,-0.005722
85,101,-0.005732
23,86,-0.005747
6,63,-0.005753
19,33,-0.005765
33,80,-0.005769
7,38,-0.005789
60,69,-0.005791
3,86,-0.005794
39,89,-0.005796
30,102,-0.005797
30,103,-0.005797
30,104,-0.005797
30,105,-0.005797
30,106,-0.005797
30,107,-0.005797
30,108,-0.005797
30,97,-0.005818
25,81,-0.005838
53,71,-0.005842
14,91,-0.005863
25,57,-0.005868
66,96,-0.005903
51,80,-0.005920
68,100,-0.005925
71,98,-0.005934
70,82,-0.005964
81,88,-0.005989
4,83,-0.005993
46,73,-0.005996
49,73,-0.006020
21,45,-0.006053
14,45,-0.006091
22,88,-0.006096
12,98,-0.006104
7,91,-0.006107
2,23,-0.006122
51,58,-0.006129
1,31,-0.006132
3,46,-0.006161
26,95,-0.006166
70,92,-0.006167
10,23,-0.006177
68,88,-0.006205
1,45,-0.006221
8,44,-0.006260
2,86,-0.006267
54,71,-0.006273
12,83,-0.006285
41,53,-0.006304
11,32,-0.006314
4,22,-0.006334
29,49,-0.006338
27,102,-0.006346
27,103,-0.006346
27,104,-0.006346
27,105,-0.006346
27,106,-0.006346
27,107,-0.006346
27,108,-0.006346
79,88,-0.006351
23,80,-0.006378
3,32,-0.006385
11,72,-0.006393
16,32,-0.006403
78,84,-0.006409
10,91,-0.006423
61,74,-0.006424
16,24,-0.006426
50,74,-0.006439
1,10,-0.006453
1,50,-0.006466
70,94,-0.006467
3,63,-0.006475
23,60,-0.006481
8,82,-0.006493
58,99,-0.006505
71,102,-0.006513
71,103,-0.006513
71,104,-0.006513
71,105,-0.006513
71,106,-0.006513
71,107,-0.006513
71,108,-0.006513
49,53,-0.006521
1,30,-0.006537
27,101,-0.006572
68,98,-0.006594
35,100,-0.006615
66,89,-0.006616
24,62,-0.006633
1,59,-0.006652
1,22,-0.006657
69,79,-0.006667
53,84,-0.006668
25,86,-0.006674
45,102,-0.006695
45,103,-0.006695
45,104,-0.006695
45,105,-0.006695
45,106,-0.006695
45,107,-0.006695
45,108,-0.006695
1,66,-0.006724
2,55,-0.006745
1,57,-0.006745
84,97,-0.006755
51,95,-0.006775
87,94,-0.006787
11,52,-0.006793
77,102,-0.006814
77,103,-0.006814
77,104,-0.006814
77,105,-0.006814
77,106,-0.006814
77,107,-0.006814
77,108,-0.006814
22,78,-0.006815
23,72,-0.006818
61,101,-0.006848
82,93,-0.006857
76,93,-0.006877
63,99,-0.006887
83,102,-0.006910
83,103,-0.006910
83,104,-0.006910
83,105,-0.006910
83,106,-0.006910
83,107,-0.006910
83,108,-0.006910
60,68,-0.006935
45,61,-0.006965
39,102,-0.006972
39,103,-0.006972
39,104,-0.006972
39,105,-0.006972
39,106,-0.006972
39,107,-0.006972
39,108,-0.006972
1,27,-0.006983
61,78,-0.007005
21,73,-0.007013
24,102,-0.007028
24,103,-0.007028
24,104,-0.007028
24,105,-0.007028
24,106,-0.007028
24,107,-0.007028
24,108,-0.007028
48,102,-0.007046
48,103,-0.007046
48,104,-0.007046
48,105,-0.007046
48,106,-0.007046
48,107,-0.007046
48,108,-0.007046
58,95,-0.007078
33,78,-0.007086
2,26,-0.007091
69,85,-0.007116
2,95,-0.007118
19,62,-0.007148
63,77,-0.007154
67,73,-0.007155
19,78,-0.007173
7,20,-0.007196
2,39,-0.007206
74,96,-0.007214
7,15,-0.007215
31,87,-0.007241
15,27,-0.007245
72,97,-0.007263
69,102,-0.007274
69,103,-0.007274
69,104,-0.007274
69,105,-0.007274
69,106,-0.007274
69,107,-0.007274
69,108,-0.007274
67,91,-0.007287
17,101,-0.007296
50,71,-0.007312
17,64,-0.007313
63,76,-0.007323
2,60,-0.007324
75,86,-0.007330
73,99,-0.007370
1,86,-0.007377
59,102,-0.007380
59,103,-0.007380
59,104,-0.007380
59,105,-0.007380
59,106,-0.007380
59,107,-0.007380
59,108,-0.007380
72,85,-0.007384
26,75,-0.007396
43,67,-0.007404
27,72,-0.007412
48,73,-0.007421
11,98,-0.007424
92,97,-0.007440
51,71,-0.007443
16,85,-0.007497
30,91,-0.007500
62,72,-0.007514
34,57,-0.007515
35,91,-0.007518
2,94,-0.007524
42,49,-0.007529
7,66,-0.007532
46,62,-0.007538
39,83,-0.007541
22,95,-0.007567
4,39,-0.007588
31,102,-0.007588
31,103,-0.007588
31,104,-0.007588
31,105,-0.007588
31,106,-0.007588
31,107,-0.007588
31,108,-0.007588
11,84,-0.007626
52,100,-0.007631
1,12,-0.007637
29,72,-0.007679
14,99,-0.007714
19,73,-0.007752
39,50,-0.007760
5,21,-0.007772
36,101,-0.007779
50,102,-0.007807
50,103,-0.007807
50,104,-0.007807
50,105,-0.007807
50,106,-0.007807
50,107,-0.007807
50,108,-0.007807
7,25,-0.007815
4,25,-0.007820
59,77,-0.007820
18,70,-0.007821
9,74,-0.007822
70,98,-0.007829
37,90,-0.007829
3,79,-0.007832
2,20,-0.007838
2,13,-0.007856
14,79,-0.007875
47,66,-0.007878
21,33,-0.007891
5,82,-0.007910
27,38,-0.007925
25,75,-0.007947
2,51,-0.007965
2,40,-0.008001
27,74,-0.008015
26,53,-0.008019
6,99,-0.008023
83,95,-0.008037
93,99,-0.008037
29,42,-0.008045
20,29,-0.008048
60,78,-0.008053
63,81,-0.008057
10,101,-0.008070
57,85,-0.008093
31,54,-0.008126
64,99,-0.008126
68,102,-0.008152
68,103,-0.008152
68,104,-0.008152
68,105,-0.008152
68,106,-0.008152
68,107,-0.008152
68,108,-0.008152
38,75,-0.008206
36,68,-0.008221
75,99,-0.008226
2,44,-0.008231
9,90,-0.008253
21,64,-0.008278
54,85,-0.008279
2,54,-0.008285
7,45,-0.008286
59,69,-0.008288
1,62,-0.008298
2,89,-0.008321
78,89,-0.008323
29,102,-0.008325
29,103,-0.008325
29,104,-0.008325
29,105,-0.008325
29,106,-0.008325
29,107,-0.008325
29,108,-0.008325
43,81,-0.008326
56,64,-0.008337
66,102,-0.008348
66,103,-0.008348
66,104,-0.008348
66,105,-0.008348
66,106,-0.008348
66,107,-0.008348
66,108,-0.008348
59,76,-0.008362
97,102,-0.008365
97,103,-0.008365
97,104,-0.008365
97,105,-0.008365
97,106,-0.008365
97,107,-0.008365
97,108,-0.008365
4,94,-0.008388
54,92,-0.008425
35,94,-0.008455
1,83,-0.008487
26,37,-0.008496
44,81,-0.008504
26,94,-0.008511
6,42,-0.008521
63,102,-0.008522
63,103,-0.008522
63,104,-0.008522
63,105,-0.008522
63,106,-0.008522
63,107,-0.008522
63,108,-0.008522
23,99,-0.008546
57,93,-0.008592
25,98,-0.008601
65,102,-0.008610
65,103,-0.008610
65,104,-0.008610
65,105,-0.008610
65,106,-0.008610
65,107,-0.008610
65,108,-0.008610
29,64,-0.008610
37,48,-0.008623
41,59,-0.008644
68,86,-0.008656
1,67,-0.008689
46,55,-0.008712
19,83,-0.008742
44,83,-0.008785
24,76,-0.008857
17,41,-0.008863
10,77,-0.008864
78,87,-0.008899
12,73,-0.008900
30,54,-0.008912
41,63,-0.008935
1,61,-0.008961
44,100,-0.008963
32,66,-0.008996
4,34,-0.009004
39,71,-0.009033
49,77,-0.009061
18,78,-0.009066
49,93,-0.009074
3,78,-0.009088
61,87,-0.009106
15,96,-0.009109
50,97,-0.009126
64,72,-0.009132
30,69,-0.009194
23,43,-0.009195
41,51,-0.009215
25,54,-0.009238
53,93,-0.009265
33,63,-0.009270
34,77,-0.009272
59,98,-0.009297
22,58,-0.009305
2,90,-0.009309
62,75,-0.009317
54,83,-0.009326
14,72,-0.009327
3,62,-0.009340
6,20,-0.009354
1,11,-0.009369
78,99,-0.009376
74,100,-0.009377
3,95,-0.009386
3,55,-0.009398
10,86,-0.009414
19,45,-0.009424
3,18,-0.009433
47,102,-0.009444
47,103,-0.009444
47,104,-0.009444
47,105,-0.009444
47,106,-0.009444
47,107,-0.009444
47,108,-0.009444
70,85,-0.009449
78,102,-0.009452
78,103,-0.009452
78,104,-0.009452
78,105,-0.009452
78,106,-0.009452
78,107,-0.009452
78,108,-0.009452
61,68,-0.009477
58,87,-0.009515
61,95,-0.009562
63,74,-0.009582
84,96,-0.009582
37,85,-0.009591
58,86,-0.009654
32,102,-0.009671
32,103,-0.009671
32,104,-0.009671
32,105,-0.009671
32,106,-0.009671
32,107,-0.009671
32,108,-0.009671
33,82,-0.009697
84,99,-0.009736
23,82,-0.009736
2,35,-0.009847
34,39,-0.009872
27,98,-0.009874
10,102,-0.009899
10,103,-0.009899
10,104,-0.009899
10,105,-0.009899
10,106,-0.009899
10,107,-0.009899
10,108,-0.009899
20,58,-0.009938
10,59,-0.009947
79,102,-0.009960
79,103,-0.009960
79,104,-0.009960
79,105,-0.009960
79,106,-0.009960
79,107,-0.009960
79,108,-0.009960
2,62,-0.009964
3,94,-0.009972
4,37,-0.009985
42,61,-0.009997
85,97,-0.010003
13,98,-0.010023
20,60,-0.010033
18,39,-0.010049
14,49,-0.010078
24,89,-0.010090
2,38,-0.010108
11,43,-0.010139
74,97,-0.010139
23,89,-0.010163
10,68,-0.010176
50,100,-0.010226
49,102,-0.010237
49,103,-0.010237
49,104,-0.010237
49,105,-0.010237
49,106,-0.010237
49,107,-0.010237
49,108,-0.010237
51,69,-0.010249
7,82,-0.010294
2,17,-0.010341
30,57,-0.010346
11,81,-0.010367
23,62,-0.010372
39,95,-0.010388
4,40,-0.010410
6,82,-0.010417
4,79,-0.010438
46,81,-0.010440
70,91,-0.010442
38,78,-0.010453
73,80,-0.010471
37,45,-0.010504
25,42,-0.010506
40,54,-0.010527
17,53,-0.010542
33,97,-0.010565
43,72,-0.010583
21,102,-0.010589
21,103,-0.010589
21,104,-0.010589
21,105,-0.010589
21,106,-0.010589
21,107,-0.010589
21,108,-0.010589
51,64,-0.010592
33,53,-0.010600
37,72,-0.010601
67,74,-0.010611
31,99,-0.010659
10,69,-0.010661
51,102,-0.010661
51,103,-0.010661
51,104,-0.010661
51,105,-0.010661
51,106,-0.010661
51,107,-0.010661
51,108,-0.010661
25,51,-0.010683
6,55,-0.010688
59,91,-0.010702
8,47,-0.010702
17,68,-0.010745
6,49,-0.010767
3,22,-0.010774
25,83,-0.010802
9,40,-0.010813
69,94,-0.010815
14,60,-0.010854
10,89,-0.010902
26,73,-0.010989
14,65,-0.011010
51,100,-0.011015
14,25,-0.011021
72,87,-0.011078
80,99,-0.011113
59,81,-0.011125
51,78,-0.011127
47,81,-0.011127
17,28,-0.011129
21,65,-0.011158
85,92,-0.011173
56,91,-0.011206
36,75,-0.011207
40,46,-0.011264
1,51,-0.011266
8,88,-0.011268
1,97,-0.011271
21,99,-0.011330
43,54,-0.011332
35,101,-0.011344
28,51,-0.011360
52,65,-0.011365
2,14,-0.011381
59,96,-0.011390
1,43,-0.011401
10,15,-0.011412
32,34,-0.011418
34,90,-0.011447
87,102,-0.011456
87,103,-0.011456
87,104,-0.011456
87,105,-0.011456
87,106,-0.011456
87,107,-0.011456
87,108,-0.011456
83,92,-0.011458
74,95,-0.011469
1,29,-0.011472
21,62,-0.011490
41,76,-0.011496
38,90,-0.011509
23,42,-0.011533
31,89,-0.011552
35,73,-0.011574
17,95,-0.011576
25,55,-0.011581
8,91,-0.011594
60,67,-0.011618
28,32,-0.011640
54,102,-0.011651
54,103,-0.011651
54,104,-0.011651
54,105,-0.011651
54,106,-0.011651
54,107,-0.011651
54,108,-0.011651
67,88,-0.011676
8,72,-0.011676
9,46,-0.011679
26,86,-0.011710
59,99,-0.011718
5,78,-0.011734
44,68,-0.011737
21,79,-0.011741
43,66,-0.011743
25,38,-0.011751
42,85,-0.011790
51,67,-0.011805
49,84,-0.011817
24,98,-0.011832
5,36,-0.011851
55,87,-0.011875
1,68,-0.011891
80,96,-0.011935
35,99,-0.011946
32,48,-0.011980
10,49,-0.011988
80,101,-0.012015
53,98,-0.012033
27,46,-0.012039
9,43,-0.012045
40,48,-0.012045
67,82,-0.012054
46,80,-0.012077
22,65,-0.012086
3,12,-0.012096
4,54,-0.012101
12,69,-0.012120
49,55,-0.012123
16,84,-0.012136
28,89,-0.012184
60,80,-0.012187
22,84,-0.012194
10,95,-0.012201
13,29,-0.012215
7,34,-0.012249
16,47,-0.012256
1,92,-0.012257
1,38,-0.012261
7,19,-0.012271
23,70,-0.012275
39,100,-0.012320
1,54,-0.012324
56,92,-0.012335
7,52,-0.012364
32,92,-0.012370
80,100,-0.012391
56,83,-0.012413
4,14,-0.012418
44,57,-0.012431
11,93,-0.012445
26,44,-0.012457
55,75,-0.012468
37,89,-0.012473
37,78,-0.012492
60,83,-0.012515
18,61,-0.012521
8,48,-0.012527
52,98,-0.012572
13,26,-0.012601
52,78,-0.012607
4,64,-0.012646
4,29,-0.012670
36,38,-0.012683
13,59,-0.012685
7,39,-0.012711
34,47,-0.012716
9,19,-0.012738
19,72,-0.012790
66,87,-0.012813
54,68,-0.012820
44,77,-0.012846
39,79,-0.012863
1,63,-0.012866
40,100,-0.012911
75,81,-0.012921
48,80,-0.012930
3,60,-0.012930
2,25,-0.012955
11,102,-0.012965
11,103,-0.012965
11,104,-0.012965
11,105,-0.012965
11,106,-0.012965
11,107,-0.012965
11,108,-0.012965
6,84,-0.012969
1,93,-0.012972
4,78,-0.013005
22,55,-0.013011
2,81,-0.013040
23,52,-0.013052
54,73,-0.013088
28,46,-0.013089
3,24,-0.013103
5,20,-0.013107
16,94,-0.013130
31,59,-0.013162
11,55,-0.013166
80,102,-0.013187
80,103,-0.013187
80,104,-0.013187
80,105,-0.013187
80,106,-0.013187
80,107,-0.013187
80,108,-0.013187
2,33,-0.013189
85,102,-0.013195
85,103,-0.013195
85,104,-0.013195
85,105,-0.013195
85,106,-0.013195
85,107,-0.013195
85,108,-0.013195
39,97,-0.013197
73,85,-0.013205
29,47,-0.013208
1,21,-0.013218
5,84,-0.013219
18,86,-0.013232
13,17,-0.013237
25,90,-0.013245
29,45,-0.013261
67,102,-0.013301
67,103,-0.013301
67,104,-0.013301
67,105,-0.013301
67,106,-0.013301
67,107,-0.013301
67,108,-0.013301
53,77,-0.013303
1,81,-0.013326
50,69,-0.013333
15,64,-0.013343
1,47,-0.013363
36,67,-0.013438
59,75,-0.013462
36,43,-0.013469
32,35,-0.013491
30,56,-0.013497
14,34,-0.013529
29,77,-0.013564
39,65,-0.013587
1,85,-0.013588
40,94,-0.013620
15,70,-0.013625
8,99,-0.013625
4,85,-0.013626
33,67,-0.013668
18,99,-0.013682
13,60,-0.013714
14,77,-0.013723
54,67,-0.013727
35,85,-0.013733
54,74,-0.013752
78,98,-0.013759
61,79,-0.013802
10,58,-0.013804
40,49,-0.013807
52,92,-0.013818
38,48,-0.013826
12,39,-0.013828
7,36,-0.013851
22,51,-0.013864
30,99,-0.013872
47,97,-0.013893
45,96,-0.013920
14,92,-0.013996
24,88,-0.014004
37,93,-0.014006
72,84,-0.014029
35,84,-0.014029
49,101,-0.014069
30,52,-0.014073
83,99,-0.014111
21,72,-0.014126
20,101,-0.014225
60,97,-0.014239
29,79,-0.014246
34,79,-0.014269
16,33,-0.014292
1,65,-0.014296
1,35,-0.014320
73,89,-0.014322
1,80,-0.014329
38,66,-0.014336
64,86,-0.014354
9,54,-0.014378
55,80,-0.014392
29,57,-0.014421
26,74,-0.014433
3,41,-0.014442
38,95,-0.014460
2,98,-0.014488
19,79,-0.014489
27,75,-0.014551
14,84,-0.014561
35,56,-0.014563
41,99,-0.014570
33,85,-0.014583
4,82,-0.014604
31,51,-0.014625
21,61,-0.014634
46,52,-0.014668
22,100,-0.014695
14,46,-0.014698
22,42,-0.014701
12,56,-0.014706
2,15,-0.014790
2,79,-0.014795
21,100,-0.014818
54,75,-0.014845
57,78,-0.014854
75,95,-0.014862
54,72,-0.014869
5,34,-0.014899
12,52,-0.014903
45,95,-0.014906
6,34,-0.014946
5,9,-0.014952
2,58,-0.014991
49,54,-0.014996
38,54,-0.015007
28,92,-0.015039
2,24,-0.015059
30,84,-0.015065
39,81,-0.015080
27,73,-0.015105
79,95,-0.015110
72,99,-0.015129
69,90,-0.015162
82,94,-0.015173
31,44,-0.015206
8,64,-0.015214
41,79,-0.015218
76,92,-0.015240
75,83,-0.015247
32,85,-0.015248
76,89,-0.015254
53,67,-0.015267
49,88,-0.015270
67,83,-0.015277
18,100,-0.015283
39,74,-0.015286
39,88,-0.015288
10,40,-0.015313
20,51,-0.015348
64,97,-0.015357
32,93,-0.015365
12,94,-0.015366
72,94,-0.015417
29,53,-0.015430
36,50,-0.015457
65,92,-0.015463
3,14,-0.015464
51,54,-0.015491
52,67,-0.015494
67,94,-0.015509
37,64,-0.015517
34,76,-0.015528
13,80,-0.015539
27,87,-0.015566
22,89,-0.015567
50,70,-0.015577
21,96,-0.015628
67,93,-0.015653
46,76,-0.015699
37,44,-0.015703
53,63,-0.015709
38,61,-0.015714
17,82,-0.015721
35,98,-0.015761
36,62,-0.015786
14,96,-0.015796
2,100,-0.015803
34,80,-0.015806
3,43,-0.015820
57,68,-0.015858
2,61,-0.015870
17,48,-0.015900
32,99,-0.015908
10,63,-0.015930
56,100,-0.016026
1,89,-0.016038
15,61,-0.016117
9,27,-0.016128
29,97,-0.016131
5,14,-0.016134
26,48,-0.016143
73,98,-0.016156
3,38,-0.016157
45,69,-0.016172
28,56,-0.016181
54,76,-0.016185
31,40,-0.016236
2,65,-0.016244
14,70,-0.016282
20,89,-0.016283
77,89,-0.016293
79,90,-0.016301
24,39,-0.016302
30,59,-0.016310
67,96,-0.016310
49,63,-0.016317
10,97,-0.016322
35,51,-0.016331
85,98,-0.016342
84,101,-0.016384
15,98,-0.016403
2,29,-0.016410
23,36,-0.016419
76,87,-0.016424
46,72,-0.016436
11,70,-0.016447
22,63,-0.016472
47,99,-0.016482
11,101,-0.016488
16,80,-0.016491
14,67,-0.016491
53,72,-0.016500
63,83,-0.016516
44,69,-0.016523
22,59,-0.016524
27,54,-0.016603
2,83,-0.016615
25,33,-0.016637
26,80,-0.016646
4,21,-0.016650
60,76,-0.016686
45,92,-0.016689
2,12,-0.016696
33,65,-0.016753
29,82,-0.016781
81,96,-0.016791
52,59,-0.016816
45,53,-0.016818
43,61,-0.016825
12,46,-0.016846
3,87,-0.016890
22,76,-0.016892
11,97,-0.016898
31,57,-0.016910
40,92,-0.016920
25,73,-0.016927
23,96,-0.016931
55,99,-0.016934
91,99,-0.016958
28,96,-0.016963
13,47,-0.016963
42,57,-0.016979
30,37,-0.016993
3,54,-0.017008
7,86,-0.017062
34,72,-0.017066
49,66,-0.017074
29,76,-0.017135
20,49,-0.017145
28,45,-0.017152
42,82,-0.017180
60,99,-0.017192
27,43,-0.017202
8,50,-0.017213
53,97,-0.017274
11,33,-0.017307
9,82,-0.017313
33,83,-0.017320
19,96,-0.017365
51,90,-0.017390
14,57,-0.017393
11,82,-0.017394
16,38,-0.017419
10,28,-0.017425
82,101,-0.017441
22,47,-0.017463
5,40,-0.017465
11,19,-0.017473
53,79,-0.017501
39,87,-0.017502
2,87,-0.017562
76,95,-0.017571
62,76,-0.017581
86,97,-0.017652
33,42,-0.017695
31,66,-0.017724
2,99,-0.017727
40,51,-0.017750
12,90,-0.017773
30,74,-0.017835
46,78,-0.017894
52,80,-0.017904
3,17,-0.017919
75,91,-0.017961
48,84,-0.017965
16,41,-0.017969
2,97,-0.017972
56,67,-0.018010
11,74,-0.018018
40,75,-0.018025
61,85,-0.018047
49,60,-0.018081
11,17,-0.018094
51,88,-0.018175
29,40,-0.018212
27,84,-0.018223
18,71,-0.018228
12,35,-0.018231
28,72,-0.018260
12,47,-0.018283
13,44,-0.018286
68,83,-0.018303
38,63,-0.018318
18,95,-0.018330
85,99,-0.018341
28,39,-0.018403
26,98,-0.018411
7,17,-0.018444
4,38,-0.018472
71,86,-0.018481
20,54,-0.018481
3,27,-0.018487
50,86,-0.018495
70,97,-0.018504
12,43,-0.018511
46,63,-0.018515
52,90,-0.018539
19,88,-0.018559
64,89,-0.018573
52,89,-0.018611
45,89,-0.018618
81,99,-0.018696
9,73,-0.018716
21,84,-0.018727
29,98,-0.018746
11,85,-0.018755
49,67,-0.018757
50,99,-0.018761
8,19,-0.018815
16,63,-0.018872
37,46,-0.018951
12,67,-0.018980
77,83,-0.018981
13,42,-0.018998
42,68,-0.019018
43,73,-0.019025
4,88,-0.019038
78,97,-0.019059
21,67,-0.019065
61,99,-0.019070
17,27,-0.019114
36,79,-0.019126
75,93,-0.019133
12,26,-0.019147
11,67,-0.019157
19,86,-0.019160
65,84,-0.019163
58,83,-0.019167
32,63,-0.019189
43,52,-0.019201
63,95,-0.019203
75,100,-0.019204
10,22,-0.019224
8,87,-0.019263
19,55,-0.019275
69,99,-0.019276
64,93,-0.019285
24,32,-0.019330
8,39,-0.019347
9,20,-0.019349
46,71,-0.019365
2,27,-0.019400
3,58,-0.019406
18,31,-0.019407
45,71,-0.019445
12,18,-0.019489
34,81,-0.019529
63,87,-0.019563
38,82,-0.019567
55,73,-0.019569
45,85,-0.019586
29,94,-0.019587
24,50,-0.019593
15,80,-0.019596
10,45,-0.019604
40,69,-0.019604
33,99,-0.019650
5,49,-0.019652
28,84,-0.019684
22,31,-0.019721
13,50,-0.019746
38,53,-0.019747
52,70,-0.019826
2,80,-0.019836
55,69,-0.019884
43,94,-0.019888
18,79,-0.019890
12,87,-0.019901
9,76,-0.019916
3,34,-0.019926
45,93,-0.019936
8,46,-0.019959
16,83,-0.019970
63,92,-0.019972
33,94,-0.020024
20,74,-0.020055
29,66,-0.020055
3,84,-0.020088
49,65,-0.020098
57,72,-0.020103
19,48,-0.020103
43,65,-0.020112
12,42,-0.020128
21,56,-0.020144
70,89,-0.020145
40,50,-0.020147
16,76,-0.020156
8,67,-0.020180
6,19,-0.020186
26,81,-0.020198
6,67,-0.020206
80,98,-0.020207
9,99,-0.020239
61,76,-0.020270
6,86,-0.020273
68,101,-0.020290
50,67,-0.020293
23,46,-0.020326
6,59,-0.020350
57,99,-0.020390
74,86,-0.020399
6,40,-0.020415
5,24,-0.020423
78,95,-0.020432
16,44,-0.020438
22,92,-0.020440
64,71,-0.020456
72,98,-0.020503
46,87,-0.020514
22,40,-0.020518
50,94,-0.020522
23,41,-0.020537
6,87,-0.020562
10,94,-0.020582
39,78,-0.020589
69,88,-0.020589
58,77,-0.020600
36,72,-0.020639
22,28,-0.020669
54,99,-0.020677
18,59,-0.020684
45,98,-0.020692
45,76,-0.020695
25,48,-0.020730
15,95,-0.020786
5,97,-0.020832
63,69,-0.020845
46,64,-0.020847
41,42,-0.020854
60,72,-0.020867
21,53,-0.020876
46,92,-0.020889
62,98,-0.020892
20,70,-0.020909
9,60,-0.020910
40,96,-0.020914
13,99,-0.020926
37,59,-0.020929
37,55,-0.020944
70,99,-0.020962
29,75,-0.021036
2,88,-0.021042
5,54,-0.021085
24,31,-0.021089
37,49,-0.021105
20,79,-0.021106
73,100,-0.021135
24,75,-0.021136
69,87,-0.021149
4,43,-0.021189
18,68,-0.021200
16,73,-0.021240
15,23,-0.021252
33,46,-0.021260
37,76,-0.021265
43,53,-0.021333
25,94,-0.021337
38,89,-0.021350
11,34,-0.021351
10,35,-0.021356
26,85,-0.021359
47,65,-0.021449
8,51,-0.021474
1,87,-0.021490
24,79,-0.021517
9,98,-0.021533
38,77,-0.021590
14,81,-0.021629
73,81,-0.021639
69,86,-0.021644
12,64,-0.021644
26,78,-0.021705
14,88,-0.021718
36,91,-0.021724
2,57,-0.021727
32,36,-0.021745
53,86,-0.021758
61,71,-0.021761
44,76,-0.021785
14,78,-0.021799
36,99,-0.021812
11,50,-0.021835
4,26,-0.021895
11,75,-0.021933
8,85,-0.021944
36,89,-0.021961
41,73,-0.021984
6,17,-0.021995
32,67,-0.021999
10,81,-0.022047
24,55,-0.022079
15,32,-0.022088
72,92,-0.022120
48,61,-0.022160
24,78,-0.022162
39,44,-0.022194
16,75,-0.022254
9,80,-0.022257
8,96,-0.022269
25,36,-0.022275
17,51,-0.022296
8,90,-0.022299
8,101,-0.022314
57,94,-0.022317
5,29,-0.022333
34,73,-0.022372
58,75,-0.022376
19,89,-0.022392
5,53,-0.022398
21,95,-0.022438
21,50,-0.022482
5,12,-0.022523
43,71,-0.022566
63,91,-0.022575
53,73,-0.022604
3,40,-0.022641
28,68,-0.022645
19,51,-0.022672
50,58,-0.022685
84,89,-0.022685
32,55,-0.022740
12,27,-0.022791
25,50,-0.022803
54,70,-0.022808
17,31,-0.022812
16,49,-0.022822
38,55,-0.022843
16,98,-0.022878
63,84,-0.022926
1,91,-0.022938
50,52,-0.022938
73,96,-0.022968
38,49,-0.022979
62,69,-0.023048
32,69,-0.023053
57,74,-0.023066
66,81,-0.023087
75,88,-0.023087
8,100,-0.023091
18,101,-0.023158
30,44,-0.023166
24,44,-0.023192
64,96,-0.023195
36,98,-0.023200
16,66,-0.023208
53,61,-0.023227
60,74,-0.023237
43,83,-0.023244
59,95,-0.023268
5,64,-0.023270
10,83,-0.023297
7,101,-0.023309
36,69,-0.023312
62,71,-0.023334
24,91,-0.023342
69,83,-0.023359
49,62,-0.023438
9,36,-0.023454
59,90,-0.023455
24,95,-0.023466
15,50,-0.023482
15,24,-0.023590
39,86,-0.023617
57,79,-0.023654
27,90,-0.023705
67,95,-0.023721
40,61,-0.023725
26,41,-0.023732
4,24,-0.023786
2,85,-0.023822
8,78,-0.023822
15,66,-0.023828
15,87,-0.023834
30,34,-0.023835
18,54,-0.023839
4,41,-0.023889
28,99,-0.023916
85,94,-0.023926
22,81,-0.023937
28,77,-0.023962
58,63,-0.023999
5,43,-0.024001
34,67,-0.024002
27,49,-0.024010
56,82,-0.024011
18,62,-0.024021
36,51,-0.024060
71,100,-0.024078
9,33,-0.024084
31,82,-0.024116
8,24,-0.024138
31,37,-0.024141
7,84,-0.024151
26,59,-0.024190
11,31,-0.024190
41,66,-0.024204
30,98,-0.024211
42,84,-0.024242
64,87,-0.024253
15,78,-0.024253
51,84,-0.024259
26,50,-0.024262
28,100,-0.024264
17,73,-0.024291
85,95,-0.024292
25,41,-0.024298
54,69,-0.024311
77,100,-0.024319
5,17,-0.024423
48,78,-0.024449
23,77,-0.024471
31,86,-0.024481
9,69,-0.024497
10,99,-0.024497
75,84,-0.024589
64,88,-0.024606
48,58,-0.024709
26,69,-0.024715
6,89,-0.024753
55,57,-0.024756
59,67,-0.024765
69,100,-0.024773
31,98,-0.024776
66,97,-0.024777
55,84,-0.024779
17,83,-0.024784
7,26,-0.024806
53,80,-0.024841
35,74,-0.024848
25,37,-0.024849
88,97,-0.024867
9,93,-0.024869
8,61,-0.024876
15,91,-0.024897
50,87,-0.024979
19,54,-0.024986
46,95,-0.025038
63,98,-0.025038
39,99,-0.025071
16,36,-0.025141
28,58,-0.025143
9,16,-0.025178
18,76,-0.025188
59,74,-0.025191
44,75,-0.025212
34,75,-0.025221
48,100,-0.025256
29,96,-0.025257
28,95,-0.025342
41,88,-0.025356
68,99,-0.025373
26,40,-0.025376
22,34,-0.025379
14,55,-0.025385
77,101,-0.025430
30,61,-0.025446
10,41,-0.025448
14,76,-0.025466
67,86,-0.025497
72,100,-0.025538
27,56,-0.025547
13,55,-0.025547
68,87,-0.025555
89,97,-0.025565
54,97,-0.025571
31,83,-0.025621
84,92,-0.025622
5,86,-0.025628
52,75,-0.025663
16,61,-0.025702
23,71,-0.025703
27,76,-0.025705
17,49,-0.025706
62,77,-0.025713
2,28,-0.025723
42,94,-0.025812
59,66,-0.025841
4,92,-0.025859
21,78,-0.025880
44,64,-0.025903
6,97,-0.025914
51,61,-0.025943
4,19,-0.025963
18,75,-0.025999
28,54,-0.026022
58,89,-0.026036
17,59,-0.026036
35,48,-0.026042
35,46,-0.026048
7,54,-0.026075
2,91,-0.026114
37,53,-0.026149
44,50,-0.026161
7,93,-0.026181
44,80,-0.026191
7,89,-0.026191
40,68,-0.026199
64,77,-0.026211
35,75,-0.026233
23,83,-0.026242
10,90,-0.026279
16,54,-0.026310
24,73,-0.026339
22,29,-0.026350
65,71,-0.026351
24,47,-0.026356
18,72,-0.026363
4,36,-0.026419
11,90,-0.026423
65,80,-0.026432
35,88,-0.026481
13,65,-0.026529
23,51,-0.026557
12,31,-0.026571
5,95,-0.026573
8,34,-0.026581
22,35,-0.026600
4,97,-0.026670
3,89,-0.026701
17,94,-0.026715
56,70,-0.026738
48,52,-0.026744
16,50,-0.026750
57,97,-0.026830
24,45,-0.026870
47,100,-0.026912
37,73,-0.026969
62,97,-0.026975
34,88,-0.027069
76,90,-0.027100
48,53,-0.027109
10,55,-0.027140
80,90,-0.027140
34,100,-0.027152
30,48,-0.027175
21,39,-0.027203
59,89,-0.027207
53,78,-0.027210
7,40,-0.027228
35,61,-0.027256
3,65,-0.027413
39,75,-0.027418
9,52,-0.027451
45,65,-0.027458
7,24,-0.027459
21,71,-0.027471
8,23,-0.027477
48,83,-0.027478
75,87,-0.027507
27,94,-0.027523
78,82,-0.027543
51,68,-0.027550
9,59,-0.027593
3,101,-0.027598
60,84,-0.027599
10,53,-0.027616
11,28,-0.027629
22,36,-0.027671
43,77,-0.027675
76,91,-0.027722
29,74,-0.027787
3,53,-0.027805
55,88,-0.027828
46,60,-0.027828
42,54,-0.027829
23,61,-0.027835
12,60,-0.027851
34,66,-0.027882
34,54,-0.027883
17,52,-0.027895
7,100,-0.027897
18,44,-0.027902
31,97,-0.027922
16,60,-0.027972
27,67,-0.027973
24,40,-0.028054
10,14,-0.028054
35,76,-0.028100
28,65,-0.028102
40,77,-0.028106
43,99,-0.028132
6,94,-0.028135
42,69,-0.028157
47,93,-0.028159
61,93,-0.028166
23,53,-0.028180
14,53,-0.028212
16,64,-0.028218
64,76,-0.028222
77,88,-0.028236
64,98,-0.028244
31,91,-0.028287
76,100,-0.028291
45,59,-0.028294
11,15,-0.028318
76,88,-0.028341
48,96,-0.028377
9,70,-0.028395
8,95,-0.028442
84,95,-0.028472
17,46,-0.028481
49,86,-0.028510
82,89,-0.028522
12,78,-0.028525
74,91,-0.028526
31,73,-0.028536
33,87,-0.028544
24,72,-0.028551
38,81,-0.028600
13,23,-0.028626
27,71,-0.028714
20,47,-0.028738
36,76,-0.028741
35,71,-0.028767
39,70,-0.028768
18,34,-0.028771
38,59,-0.028814
33,90,-0.028844
49,58,-0.028866
5,44,-0.028882
39,82,-0.028887
5,85,-0.028930
37,99,-0.028933
63,96,-0.028935
11,59,-0.028960
61,98,-0.029005
38,74,-0.029008
21,70,-0.029009
32,89,-0.029010
3,23,-0.029014
40,42,-0.029029
73,92,-0.029030
8,98,-0.029050
37,74,-0.029060
40,52,-0.029081
57,83,-0.029087
20,77,-0.029153
22,33,-0.029160
13,45,-0.029181
62,86,-0.029181
25,44,-0.029187
56,75,-0.029249
46,99,-0.029277
86,98,-0.029300
72,81,-0.029320
22,98,-0.029340
42,87,-0.029354
79,84,-0.029362
30,40,-0.029383
66,98,-0.029409
63,80,-0.029431
12,54,-0.029464
56,74,-0.029468
36,41,-0.029498
32,68,-0.029505
35,95,-0.029507
70,100,-0.029507
63,79,-0.029532
4,86,-0.029543
22,97,-0.029598
69,93,-0.029612
11,80,-0.029618
16,78,-0.029619
23,58,-0.029620
16,46,-0.029626
12,30,-0.029637
11,69,-0.029657
35,36,-0.029690
27,92,-0.029716
82,99,-0.029716
30,90,-0.029740
41,87,-0.029742
8,68,-0.029766
22,75,-0.029818
19,42,-0.029883
74,88,-0.029893
39,84,-0.029918
5,35,-0.029922
37,65,-0.029988
65,78,-0.029990
10,60,-0.030082
26,32,-0.030193
38,98,-0.030229
56,79,-0.030246
35,47,-0.030250
46,70,-0.030287
65,75,-0.030289
10,29,-0.030303
37,61,-0.030328
17,62,-0.030341
64,92,-0.030348
20,100,-0.030350
12,20,-0.030356
41,64,-0.030375
23,92,-0.030405
43,97,-0.030409
10,20,-0.030458
17,88,-0.030463
74,94,-0.030470
24,70,-0.030484
22,38,-0.030539
56,69,-0.030567
3,29,-0.030585
46,84,-0.030622
15,58,-0.030624
26,77,-0.030656
3,37,-0.030663
12,81,-0.030665
19,90,-0.030671
69,97,-0.030688
58,74,-0.030688
23,88,-0.030689
44,94,-0.030758
13,86,-0.030773
57,91,-0.030787
29,46,-0.030807
34,48,-0.030812
34,91,-0.030818
9,88,-0.030821
18,91,-0.030830
23,76,-0.030845
34,71,-0.030865
26,76,-0.030886
19,87,-0.030893
23,45,-0.030918
24,64,-0.031037
78,100,-0.031047
41,68,-0.031062
76,86,-0.031062
17,70,-0.031105
8,17,-0.031117
51,81,-0.031139
4,20,-0.031147
49,91,-0.031161
18,92,-0.031173
11,64,-0.031180
20,45,-0.031181
36,94,-0.031236
39,58,-0.031245
8,43,-0.031256
41,52,-0.031271
6,18,-0.031283
46,85,-0.031297
31,85,-0.031398
16,72,-0.031416
30,86,-0.031421
34,87,-0.031426
70,86,-0.031428
4,61,-0.031466
17,98,-0.031477
38,76,-0.031514
12,55,-0.031526
24,84,-0.031547
22,70,-0.031586
10,39,-0.031604
42,81,-0.031623
72,86,-0.031630
40,83,-0.031651
38,92,-0.031670
60,98,-0.031682
22,68,-0.031776
40,81,-0.031788
40,87,-0.031790
41,75,-0.031800
15,62,-0.031914
45,94,-0.031981
68,96,-0.032023
69,101,-0.032047
55,56,-0.032052
6,39,-0.032070
11,38,-0.032100
26,62,-0.032106
26,72,-0.032161
8,57,-0.032172
6,53,-0.032324
27,61,-0.032333
54,94,-0.032355
39,40,-0.032377
44,82,-0.032394
77,93,-0.032404
6,85,-0.032429
8,97,-0.032450
20,75,-0.032460
37,97,-0.032461
39,85,-0.032540
6,23,-0.032557
7,85,-0.032606
46,65,-0.032614
11,65,-0.032639
43,93,-0.032645
24,29,-0.032676
21,63,-0.032779
48,85,-0.032783
26,31,-0.032791
72,89,-0.032887
54,60,-0.032906
14,93,-0.032907
36,74,-0.032908
8,53,-0.032912
26,71,-0.032952
21,92,-0.032957
37,81,-0.033023
32,52,-0.033045
12,38,-0.033057
34,89,-0.033075
3,35,-0.033080
30,53,-0.033089
52,62,-0.033099
33,98,-0.033138
11,20,-0.033146
15,75,-0.033196
28,91,-0.033207
35,63,-0.033224
33,96,-0.033249
26,39,-0.033253
29,93,-0.033291
16,34,-0.033305
56,59,-0.033335
57,84,-0.033357
28,59,-0.033366
27,47,-0.033376
71,96,-0.033429
19,41,-0.033472
36,83,-0.033487
29,50,-0.033517
19,97,-0.033521
3,57,-0.033535
49,87,-0.033553
51,62,-0.033558
82,87,-0.033616
6,28,-0.033660
24,68,-0.033673
14,66,-0.033719
28,83,-0.033720
17,69,-0.033731
34,99,-0.033778
48,68,-0.033789
8,56,-0.033792
16,93,-0.033818
7,55,-0.033846
14,24,-0.033884
27,39,-0.033951
21,76,-0.033978
12,93,-0.033983
6,83,-0.033992
20,91,-0.033992
47,54,-0.034057
65,96,-0.034081
6,43,-0.034092
19,61,-0.034106
33,48,-0.034112
18,66,-0.034112
38,88,-0.034117
26,54,-0.034134
41,97,-0.034184
50,59,-0.034196
5,83,-0.034227
18,80,-0.034242
37,63,-0.034262
10,57,-0.034280
11,76,-0.034292
9,53,-0.034307
32,90,-0.034361
42,64,-0.034386
38,73,-0.034434
45,64,-0.034442
81,84,-0.034489
38,97,-0.034496
47,80,-0.034507
26,43,-0.034534
27,53,-0.034596
14,73,-0.034597
16,57,-0.034680
69,98,-0.034709
52,74,-0.034730
47,96,-0.034777
18,73,-0.034786
9,75,-0.034836
59,92,-0.034875
17,76,-0.034890
41,50,-0.034897
33,86,-0.034935
23,32,-0.034947
50,96,-0.035005
56,78,-0.035029
20,76,-0.035039
21,74,-0.035053
10,33,-0.035090
24,42,-0.035098
9,32,-0.035105
43,87,-0.035125
31,61,-0.035147
28,55,-0.035170
45,88,-0.035184
20,66,-0.035189
59,64,-0.035198
36,87,-0.035220
48,60,-0.035230
26,99,-0.035252
33,49,-0.035258
55,78,-0.035269
29,52,-0.035271
15,37,-0.035282
19,95,-0.035304
58,78,-0.035350
48,93,-0.035356
4,56,-0.035360
21,42,-0.035364
18,84,-0.035391
26,63,-0.035399
50,83,-0.035437
50,54,-0.035498
52,99,-0.035526
35,65,-0.035526
40,86,-0.035600
43,76,-0.035630
44,98,-0.035641
18,63,-0.035660
47,85,-0.035666
60,87,-0.035708
44,67,-0.035709
27,88,-0.035733
14,43,-0.035753
25,58,-0.035776
17,71,-0.035786
7,21,-0.035786
27,91,-0.035794
5,88,-0.035875
52,69,-0.035916
48,82,-0.035994
58,80,-0.036034
61,70,-0.036039
35,90,-0.036053
26,49,-0.036089
44,79,-0.036172
36,52,-0.036205
56,68,-0.036227
18,77,-0.036238
21,91,-0.036255
71,91,-0.036268
56,93,-0.036286
41,43,-0.036329
19,44,-0.036335
46,69,-0.036341
33,79,-0.036357
21,69,-0.036357
12,37,-0.036381
9,95,-0.036396
19,27,-0.036512
75,89,-0.036525
6,37,-0.036547
46,91,-0.036562
9,72,-0.036602
7,60,-0.036608
6,52,-0.036624
74,92,-0.036634
45,82,-0.036695
44,86,-0.036709
43,70,-0.036711
42,80,-0.036745
25,84,-0.036793
3,28,-0.036797
51,97,-0.036866
19,92,-0.036874
7,83,-0.036875
8,26,-0.036909
84,100,-0.036909
37,86,-0.036911
34,83,-0.036941
28,85,-0.036950
27,96,-0.036986
41,96,-0.037041
59,83,-0.037052
32,94,-0.037071
35,72,-0.037079
25,91,-0.037103
46,96,-0.037118
54,90,-0.037128
58,98,-0.037131
12,32,-0.037132
16,53,-0.037169
14,56,-0.037178
53,68,-0.037192
24,77,-0.037196
26,56,-0.037246
41,60,-0.037269
41,85,-0.037330
70,90,-0.037355
24,74,-0.037420
12,36,-0.037440
38,87,-0.037454
20,92,-0.037458
14,44,-0.037462
17,37,-0.037462
7,41,-0.037464
19,70,-0.037468
15,42,-0.037557
44,96,-0.037566
60,70,-0.037616
17,50,-0.037633
39,68,-0.037644
9,48,-0.037649
17,90,-0.037657
44,85,-0.037668
67,89,-0.037668
12,70,-0.037683
6,81,-0.037710
60,75,-0.037727
41,83,-0.037806
45,90,-0.037830
17,92,-0.037849
5,92,-0.037864
15,55,-0.037866
82,85,-0.037890
62,80,-0.037892
68,90,-0.037944
23,91,-0.037958
17,74,-0.038011
44,62,-0.038018
66,82,-0.038023
14,97,-0.038032
69,95,-0.038068
42,90,-0.038092
23,94,-0.038094
3,100,-0.038119
48,79,-0.038129
41,62,-0.038150
20,81,-0.038186
43,96,-0.038188
11,25,-0.038188
4,27,-0.038224
56,65,-0.038225
41,81,-0.038240
26,45,-0.038249
25,47,-0.038256
31,92,-0.038267
44,63,-0.038270
13,36,-0.038313
51,70,-0.038338
71,81,-0.038371
3,92,-0.038397
4,15,-0.038408
28,76,-0.038420
39,91,-0.038458
26,51,-0.038525
46,53,-0.038568
28,62,-0.038569
70,96,-0.038598
51,99,-0.038717
39,94,-0.038733
35,87,-0.038735
20,99,-0.038778
26,61,-0.038786
55,60,-0.038788
9,37,-0.038831
39,96,-0.038833
6,93,-0.038856
9,56,-0.038858
79,94,-0.038919
7,88,-0.038940
8,92,-0.038999
62,68,-0.039156
44,70,-0.039203
52,86,-0.039313
59,85,-0.039337
4,60,-0.039366
51,57,-0.039405
66,95,-0.039457
13,27,-0.039507
14,74,-0.039509
12,75,-0.039530
31,55,-0.039567
15,47,-0.039591
74,101,-0.039633
14,86,-0.039695
21,60,-0.039722
72,88,-0.039769
25,61,-0.039773
66,85,-0.039790
65,76,-0.039846
34,65,-0.039856
36,45,-0.039859
53,66,-0.039875
55,77,-0.039881
41,72,-0.039938
42,70,-0.039954
52,76,-0.039959
14,38,-0.039978
82,86,-0.039991
13,54,-0.039993
9,31,-0.040032
3,88,-0.040060
9,28,-0.040067
48,88,-0.040073
29,84,-0.040074
17,93,-0.040082
6,58,-0.040084
10,43,-0.040092
18,90,-0.040111
18,81,-0.040141
34,94,-0.040155
36,60,-0.040167
13,48,-0.040177
33,61,-0.040204
12,68,-0.040225
49,95,-0.040252
36,77,-0.040269
45,60,-0.040287
31,63,-0.040295
19,35,-0.040306
10,88,-0.040466
64,74,-0.040504
44,73,-0.040541
58,69,-0.040608
8,94,-0.040643
20,87,-0.040663
34,49,-0.040673
65,93,-0.040676
55,83,-0.040688
61,97,-0.040787
3,26,-0.040810
11,44,-0.040813
13,78,-0.040875
75,90,-0.040952
37,75,-0.040980
16,99,-0.040980
6,90,-0.041034
32,86,-0.041041
29,51,-0.041051
58,71,-0.041126
24,99,-0.041141
41,78,-0.041172
23,54,-0.041260
43,74,-0.041266
43,68,-0.041268
65,74,-0.041290
28,69,-0.041310
8,37,-0.041399
13,63,-0.041475
25,63,-0.041490
47,88,-0.041539
20,94,-0.041539
25,34,-0.041540
13,84,-0.041545
17,81,-0.041564
78,90,-0.041592
61,73,-0.041600
61,72,-0.041614
7,13,-0.041682
37,47,-0.041693
57,95,-0.041743
41,82,-0.041747
47,101,-0.041802
47,60,-0.041845
48,67,-0.041879
9,77,-0.041894
19,46,-0.041908
42,89,-0.041957
26,93,-0.041971
12,71,-0.042035
55,67,-0.042042
51,63,-0.042044
38,69,-0.042112
16,81,-0.042119
34,46,-0.042137
9,34,-0.042146
10,78,-0.042179
60,77,-0.042247
12,72,-0.042250
28,73,-0.042279
28,86,-0.042439
28,64,-0.042481
20,62,-0.042488
30,78,-0.042522
48,57,-0.042554
35,66,-0.042560
20,93,-0.042575
4,53,-0.042584
31,60,-0.042636
53,88,-0.042671
4,91,-0.042677
20,72,-0.042685
29,80,-0.042786
64,95,-0.042808
26,87,-0.042823
17,54,-0.042883
28,74,-0.042885
52,84,-0.042919
59,82,-0.042930
40,93,-0.042940
40,85,-0.042958
15,93,-0.042971
35,92,-0.043021
16,43,-0.043022
34,55,-0.043070
22,90,-0.043113
16,42,-0.043193
11,89,-0.043200
36,97,-0.043213
24,67,-0.043272
5,81,-0.043281
13,67,-0.043292
37,54,-0.043359
26,79,-0.043376
21,31,-0.043385
18,48,-0.043421
20,73,-0.043421
14,98,-0.043434
47,57,-0.043499
36,81,-0.043544
19,31,-0.043584
41,77,-0.043587
62,82,-0.043704
3,52,-0.043805
16,95,-0.043901
5,60,-0.043935
21,36,-0.043976
19,81,-0.044040
43,90,-0.044060
21,77,-0.044075
46,82,-0.044159
24,97,-0.044207
25,82,-0.044243
73,101,-0.044246
23,37,-0.044278
3,15,-0.044309
25,92,-0.044349
33,55,-0.044376
72,91,-0.044378
28,70,-0.044408
39,72,-0.044421
41,86,-0.044473
27,59,-0.044480
7,95,-0.044481
4,65,-0.044483
11,88,-0.044511
40,89,-0.044570
18,51,-0.044578
24,80,-0.044619
24,66,-0.044708
15,81,-0.044747
37,84,-0.044757
14,89,-0.044893
20,40,-0.044894
38,68,-0.044897
20,64,-0.044932
15,97,-0.044948
11,91,-0.044967
36,71,-0.044975
35,86,-0.044982
35,40,-0.044997
6,98,-0.045006
20,63,-0.045010
35,97,-0.045051
82,90,-0.045065
18,40,-0.045067
26,83,-0.045068
10,24,-0.045074
62,65,-0.045189
60,71,-0.045277
22,94,-0.045280
32,58,-0.045282
25,95,-0.045436
20,97,-0.045449
69,92,-0.045449
14,58,-0.045481
43,86,-0.045507
28,50,-0.045517
16,69,-0.045534
77,92,-0.045547
36,80,-0.045642
6,38,-0.045739
48,86,-0.045764
36,70,-0.045794
18,55,-0.045813
72,90,-0.045829
4,101,-0.045830
35,79,-0.045910
60,86,-0.045917
31,42,-0.045925
14,75,-0.045938
52,73,-0.045979
3,91,-0.046069
29,91,-0.046263
40,74,-0.046290
66,90,-0.046310
51,96,-0.046319
48,101,-0.046336
7,35,-0.046353
56,77,-0.046444
7,43,-0.046461
56,86,-0.046504
37,57,-0.046517
26,46,-0.046601
54,98,-0.046601
58,72,-0.046610
9,78,-0.046633
73,94,-0.046670
3,81,-0.046690
48,95,-0.046694
34,42,-0.046748
10,52,-0.046795
32,44,-0.046835
28,98,-0.046842
57,64,-0.046889
26,30,-0.046890
64,83,-0.046930
37,50,-0.046947
52,77,-0.046995
47,92,-0.046999
9,64,-0.047006
40,72,-0.047028
49,64,-0.047031
31,64,-0.047050
56,87,-0.047071
15,26,-0.047189
43,78,-0.047199
38,64,-0.047308
62,73,-0.047336
5,94,-0.047368
64,75,-0.047379
52,91,-0.047382
30,96,-0.047402
36,55,-0.047422
5,26,-0.047427
62,94,-0.047499
38,52,-0.047586
63,90,-0.047638
30,68,-0.047692
52,88,-0.047731
60,89,-0.047744
57,75,-0.047760
15,30,-0.047771
23,47,-0.047781
22,82,-0.047892
32,45,-0.047893
5,91,-0.047903
38,86,-0.047916
48,62,-0.047952
20,42,-0.048017
8,27,-0.048032
9,97,-0.048051
31,53,-0.048053
10,98,-0.048114
51,92,-0.048118
71,88,-0.048122
4,58,-0.048147
41,71,-0.048191
18,93,-0.048198
5,15,-0.048224
42,93,-0.048234
10,37,-0.048295
76,101,-0.048296
41,80,-0.048307
37,91,-0.048313
15,79,-0.048315
57,73,-0.048362
13,68,-0.048506
15,72,-0.048552
57,98,-0.048556
16,89,-0.048556
32,60,-0.048586
75,101,-0.048601
41,47,-0.048632
17,25,-0.048693
40,55,-0.048738
28,71,-0.048818
22,93,-0.048830
36,90,-0.048872
38,65,-0.048884
9,49,-0.048934
56,98,-0.048938
57,92,-0.048958
11,40,-0.048992
22,67,-0.049042
61,80,-0.049049
5,100,-0.049058
12,28,-0.049075
15,59,-0.049086
47,82,-0.049102
48,91,-0.049104
53,70,-0.049182
28,75,-0.049237
37,71,-0.049240
15,82,-0.049265
48,81,-0.049280
27,37,-0.049315
8,80,-0.049325
15,77,-0.049350
13,82,-0.049397
61,77,-0.049463
35,70,-0.049728
43,75,-0.049810
12,85,-0.049906
20,32,-0.049930
34,56,-0.049992
40,79,-0.050046
46,89,-0.050107
29,86,-0.050135
56,80,-0.050216
58,70,-0.050247
58,67,-0.050297
63,88,-0.050332
9,66,-0.050353
23,55,-0.050371
53,83,-0.050392
41,91,-0.050438
40,80,-0.050446
58,96,-0.050545
24,96,-0.050591
44,74,-0.050604
6,100,-0.050636
50,89,-0.050668
41,74,-0.050828
19,93,-0.050865
24,93,-0.050871
6,15,-0.050882
16,28,-0.050967
18,67,-0.051029
35,80,-0.051065
17,34,-0.051070
57,77,-0.051072
24,43,-0.051099
15,94,-0.051105
72,101,-0.051129
36,66,-0.051257
10,64,-0.051270
6,60,-0.051280
32,82,-0.051369
44,66,-0.051373
7,37,-0.051579
15,48,-0.051680
5,23,-0.051797
78,96,-0.051810
41,65,-0.051816
12,77,-0.051844
16,52,-0.051852
44,78,-0.051860
17,79,-0.051877
23,44,-0.051920
5,58,-0.051928
8,66,-0.051944
14,85,-0.051947
42,44,-0.051951
29,92,-0.052051
26,47,-0.052300
5,101,-0.052313
19,30,-0.052326
34,59,-0.052365
34,78,-0.052378
54,84,-0.052393
8,52,-0.052398
13,87,-0.052404
8,35,-0.052438
42,96,-0.052476
29,41,-0.052524
13,97,-0.052534
63,86,-0.052558
59,84,-0.052579
47,86,-0.052610
5,65,-0.052667
18,32,-0.052724
6,95,-0.052728
14,68,-0.052804
29,63,-0.052868
9,85,-0.052877
21,81,-0.052954
58,73,-0.053000
11,58,-0.053016
43,91,-0.053092
12,74,-0.053133
7,56,-0.053155
51,91,-0.053179
79,96,-0.053216
44,61,-0.053218
33,93,-0.053226
8,29,-0.053299
57,82,-0.053322
23,93,-0.053325
28,67,-0.053362
34,97,-0.053442
42,56,-0.053480
45,57,-0.053492
54,82,-0.053581
63,94,-0.053637
15,71,-0.053651
13,79,-0.053686
8,60,-0.053726
21,34,-0.053960
58,76,-0.053970
17,66,-0.054009
15,63,-0.054209
9,42,-0.054233
37,79,-0.054300
17,45,-0.054305
57,80,-0.054412
31,96,-0.054641
16,88,-0.054648
22,60,-0.054807
89,94,-0.054836
17,80,-0.054903
15,52,-0.054983
47,90,-0.055004
51,65,-0.055017
49,83,-0.055057
62,84,-0.055091
85,90,-0.055132
35,50,-0.055234
75,92,-0.055405
19,66,-0.055410
6,56,-0.055519
13,58,-0.055640
5,52,-0.055721
25,60,-0.055738
14,64,-0.055790
51,82,-0.055808
17,91,-0.055936
30,41,-0.055955
41,70,-0.056034
39,62,-0.056125
22,39,-0.056204
18,83,-0.056212
62,64,-0.056242
17,56,-0.056419
71,101,-0.056460
37,98,-0.056473
13,66,-0.056486
19,29,-0.056551
16,68,-0.056562
70,101,-0.056598
37,80,-0.056615
3,33,-0.056620
51,60,-0.056624
11,26,-0.056665
36,95,-0.056692
17,32,-0.056712
38,70,-0.056713
16,45,-0.056738
71,92,-0.056825
19,47,-0.056864
21,94,-0.056869
77,90,-0.056923
19,80,-0.056944
40,95,-0.056957
66,88,-0.056978
46,61,-0.057006
33,66,-0.057024
26,70,-0.057120
55,85,-0.057170
5,37,-0.057186
51,85,-0.057220
6,57,-0.057234
24,71,-0.057237
47,91,-0.057244
26,89,-0.057253
65,72,-0.057738
51,83,-0.057926
27,95,-0.057992
4,57,-0.057992
37,88,-0.058018
33,54,-0.058105
25,32,-0.058159
22,96,-0.058160
37,87,-0.058173
78,94,-0.058222
17,67,-0.058308
6,101,-0.058397
26,90,-0.058427
28,97,-0.058505
37,94,-0.058664
33,68,-0.058681
47,95,-0.058737
12,96,-0.058755
17,72,-0.059067
50,82,-0.059095
49,89,-0.059141
26,91,-0.059297
33,77,-0.059318
50,66,-0.059436
38,72,-0.059529
57,71,-0.059598
13,39,-0.059623
19,71,-0.059654
32,98,-0.059657
84,98,-0.059709
34,58,-0.059825
19,38,-0.059932
15,73,-0.059988
35,77,-0.060057
59,94,-0.060082
19,68,-0.060089
7,58,-0.060112
74,90,-0.060192
9,84,-0.060263
43,89,-0.060279
21,55,-0.060393
15,92,-0.060638
41,61,-0.060749
39,59,-0.060835
65,85,-0.060907
56,71,-0.061050
33,50,-0.061140
6,61,-0.061282
38,84,-0.061318
7,96,-0.061382
34,69,-0.061431
19,58,-0.061494
33,88,-0.061532
5,28,-0.061619
29,55,-0.061624
34,95,-0.061663
57,69,-0.061910
35,93,-0.062025
36,53,-0.062126
24,82,-0.062172
64,79,-0.062251
52,68,-0.062264
30,94,-0.062326
18,60,-0.062393
37,96,-0.062526
53,81,-0.062639
29,62,-0.062656
38,40,-0.062695
8,36,-0.062711
56,76,-0.062729
11,56,-0.062729
6,13,-0.062771
17,26,-0.062908
46,57,-0.062965
5,57,-0.063037
14,50,-0.063139
25,56,-0.063321
15,22,-0.063435
20,88,-0.063669
44,88,-0.063868
3,13,-0.063895
43,84,-0.063928
29,56,-0.063983
35,44,-0.064009
27,36,-0.064016
28,79,-0.064044
36,63,-0.064051
7,53,-0.064053
21,46,-0.064071
41,92,-0.064142
7,92,-0.064203
49,82,-0.064307
12,84,-0.064392
36,47,-0.064492
28,66,-0.064516
12,76,-0.064545
18,96,-0.064632
30,36,-0.064653
23,59,-0.064734
19,67,-0.064774
17,63,-0.064804
55,64,-0.064809
47,87,-0.064824
5,13,-0.064846
58,68,-0.065007
35,53,-0.065221
15,68,-0.065295
8,89,-0.065483
34,68,-0.065540
49,96,-0.065702
34,61,-0.065993
20,71,-0.066010
28,63,-0.066144
40,88,-0.066211
7,44,-0.066279
33,62,-0.066321
14,95,-0.066592
39,54,-0.066782
40,66,-0.067123
15,76,-0.067158
30,82,-0.067176
13,76,-0.067180
40,65,-0.067323
53,91,-0.067346
32,96,-0.067365
19,85,-0.067470
21,93,-0.067702
6,35,-0.067855
23,56,-0.067888
31,36,-0.067913
13,77,-0.068143
84,93,-0.068328
29,61,-0.068736
71,90,-0.069125
10,96,-0.069285
20,95,-0.069448
4,100,-0.069561
42,52,-0.069620
20,43,-0.069770
36,42,-0.069779
7,90,-0.069808
19,43,-0.070065
33,76,-0.070245
30,60,-0.070368
4,81,-0.070710
29,95,-0.070810
35,55,-0.070882
3,90,-0.071104
57,76,-0.071205
13,25,-0.071402
40,62,-0.071525
44,65,-0.071591
35,59,-0.071700
20,55,-0.071806
28,94,-0.071807
13,72,-0.071869
44,87,-0.072108
35,62,-0.072175
33,45,-0.072319
48,92,-0.072364
26,52,-0.072430
20,44,-0.072435
49,94,-0.072796
13,69,-0.072877
5,33,-0.072976
8,28,-0.073189
28,42,-0.073198
12,34,-0.073282
22,61,-0.073785
14,36,-0.075166
37,42,-0.075198
11,94,-0.075254
23,95,-0.076182
26,55,-0.076250
7,28,-0.076452
56,72,-0.076586
33,73,-0.076767
73,90,-0.077200
54,56,-0.077371
15,74,-0.077394
60,85,-0.077752
34,70,-0.077765
63,82,-0.077789
34,92,-0.077837
19,57,-0.078068
34,63,-0.078508
28,81,-0.078628
7,33,-0.078703
20,39,-0.079105
33,70,-0.079555
33,69,-0.079638
80,94,-0.080765
39,53,-0.080770
4,28,-0.081160
29,44,-0.081253
37,77,-0.081683
38,96,-0.081747
20,30,-0.082005
30,64,-0.082059
16,58,-0.082315
5,90,-0.082445
21,40,-0.082572
27,57,-0.082808
38,91,-0.083215
56,85,-0.083638
59,88,-0.083862
26,38,-0.084064
41,93,-0.084128
20,83,-0.084218
4,90,-0.085245
48,89,-0.085701
52,79,-0.085994
44,58,-0.085995
8,33,-0.087281
20,59,-0.087656
33,75,-0.088659
17,42,-0.089606
13,70,-0.089642
13,74,-0.089703
47,89,-0.089835
4,33,-0.090094
33,72,-0.090227
6,33,-0.091146
15,69,-0.092096
22,57,-0.092527
26,57,-0.092634
33,74,-0.092651
19,52,-0.093131
38,93,-0.093146
18,46,-0.093157
58,84,-0.093736
4,13,-0.094172
19,63,-0.094642
13,73,-0.096051
13,71,-0.096512
39,92,-0.096803
13,75,-0.097791
17,44,-0.100468
34,45,-0.105603
33,71,-0.107979
44,55,-0.122476
