12 93 2.059626e+00
15 41 2.015030e+00
23 26 1.826047e+00
15 83 1.789527e+00
51 53 1.640429e+00
50 57 1.509703e+00
53 55 1.489919e+00
79 84 1.470408e+00
14 40 1.321430e+00
89 91 1.308838e+00
3 4 1.275911e+00
53 54 1.271480e+00
40 70 1.253668e+00
6 98 1.186363e+00
46 48 1.159754e+00
59 60 1.153024e+00
23 25 1.145201e+00
30 31 1.128726e+00
81 82 1.123142e+00
14 88 1.105774e+00
28 29 1.094852e+00
43 85 1.039018e+00
39 67 1.032460e+00
70 71 1.020053e+00
47 60 9.810968e-01
5 95 9.797631e-01
5 13 9.744440e-01
42 46 9.528683e-01
89 92 9.294950e-01
41 67 9.264245e-01
7 44 9.133904e-01
27 28 9.039237e-01
51 58 8.976712e-01
71 74 8.976047e-01
10 89 8.929374e-01
17 67 8.848836e-01
16 70 8.815740e-01
44 64 8.710883e-01
61 90 8.677539e-01
48 49 8.645152e-01
51 55 8.575662e-01
8 10 8.400602e-01
9 11 8.322902e-01
30 33 8.025856e-01
97 98 8.018236e-01
63 66 7.990752e-01
73 74 7.976487e-01
62 93 7.881939e-01
48 60 7.823669e-01
23 24 7.638251e-01
45 60 7.633564e-01
26 29 7.487907e-01
74 75 7.404935e-01
75 76 7.300220e-01
80 81 7.248248e-01
31 32 7.172264e-01
95 97 7.155610e-01
22 28 7.148176e-01
23 29 7.082720e-01
54 55 7.070241e-01
50 51 7.057129e-01
32 33 7.054665e-01
17 39 7.022171e-01
60 90 6.975579e-01
10 48 6.965619e-01
71 88 6.921521e-01
62 96 6.879054e-01
47 61 6.828413e-01
17 41 6.824037e-01
75 86 6.788118e-01
9 10 6.736281e-01
96 98 6.715214e-01
42 44 6.634872e-01
35 36 6.536982e-01
6 96 6.471085e-01
14 68 6.421835e-01
72 77 6.398781e-01
68 93 6.352761e-01
15 82 6.335553e-01
15 85 6.219647e-01
70 86 6.193678e-01
48 59 6.154689e-01
73 76 6.023305e-01
26 27 5.977576e-01
10 11 5.969926e-01
73 75 5.929583e-01
38 76 5.928316e-01
82 83 5.922469e-01
29 31 5.916297e-01
38 75 5.891731e-01
35 37 5.885379e-01
8 62 5.882012e-01
36 38 5.871741e-01
7 8 5.805385e-01
70 88 5.774383e-01
42 45 5.767252e-01
57 61 5.766628e-01
46 47 5.742417e-01
4 6 5.734020e-01
13 14 5.708951e-01
40 42 5.686925e-01
22 23 5.640004e-01
50 58 5.571080e-01
72 73 5.553245e-01
13 87 5.474182e-01
73 89 5.460902e-01
11 71 5.412814e-01
47 48 5.332437e-01
29 30 5.326822e-01
22 24 5.321664e-01
55 58 5.316079e-01
5 7 5.282183e-01
10 90 5.267054e-01
27 29 5.254546e-01
49 90 5.247103e-01
71 89 5.224540e-01
11 87 5.193534e-01
16 38 5.153983e-01
33 34 5.137924e-01
22 26 5.127529e-01
16 30 5.109102e-01
71 94 5.101555e-01
71 75 5.066043e-01
47 57 5.059666e-01
70 72 5.030129e-01
7 97 5.022350e-01
24 25 4.981056e-01
11 73 4.975922e-01
71 72 4.937289e-01
42 62 4.911742e-01
65 68 4.884180e-01
71 92 4.855422e-01
25 27 4.829631e-01
37 38 4.813560e-01
37 40 4.808971e-01
41 64 4.772877e-01
51 57 4.736378e-01
49 60 4.720322e-01
31 33 4.663295e-01
24 26 4.647324e-01
37 72 4.642718e-01
25 26 4.625440e-01
11 89 4.607556e-01
16 36 4.603772e-01
38 72 4.584810e-01
49 51 4.571295e-01
28 30 4.558124e-01
51 54 4.543257e-01
34 52 4.524251e-01
75 92 4.516974e-01
36 37 4.451381e-01
55 57 4.446638e-01
62 68 4.364101e-01
6 8 4.342384e-01
60 61 4.338725e-01
40 86 4.338132e-01
4 5 4.335707e-01
83 85 4.285693e-01
30 32 4.245525e-01
80 85 4.242165e-01
74 80 4.228461e-01
62 90 4.196427e-01
71 76 4.154314e-01
31 34 4.128696e-01
77 84 4.060357e-01
19 20 4.008567e-01
35 72 4.001896e-01
68 96 3.991950e-01
6 9 3.948412e-01
40 68 3.945495e-01
75 88 3.944560e-01
16 72 3.936583e-01
86 88 3.891809e-01
41 43 3.887530e-01
43 44 3.861389e-01
3 6 3.853191e-01
76 78 3.852278e-01
77 86 3.846258e-01
5 87 3.843910e-01
81 83 3.824230e-01
78 80 3.823336e-01
66 96 3.784132e-01
26 95 3.781629e-01
76 92 3.739392e-01
57 59 3.710025e-01
87 94 3.705560e-01
3 9 3.692444e-01
96 97 3.691806e-01
80 84 3.681631e-01
10 46 3.668134e-01
3 17 3.662750e-01
49 91 3.653858e-01
48 54 3.636065e-01
51 52 3.604472e-01
64 65 3.599608e-01
2 3 3.563142e-01
76 86 3.544156e-01
7 13 3.512705e-01
42 66 3.509217e-01
5 80 3.508724e-01
45 64 3.493426e-01
5 97 3.480791e-01
70 74 3.476516e-01
9 16 3.462807e-01
21 34 3.450742e-01
28 37 3.435671e-01
27 30 3.435026e-01
24 30 3.425896e-01
78 85 3.421674e-01
41 83 3.415062e-01
90 96 3.404499e-01
52 57 3.390648e-01
58 60 3.354567e-01
52 53 3.343397e-01
35 38 3.323083e-01
21 22 3.318858e-01
23 27 3.307235e-01
74 88 3.298563e-01
18 20 3.287816e-01
16 40 3.273450e-01
71 73 3.272698e-01
45 47 3.244974e-01
20 22 3.215888e-01
26 42 3.200221e-01
49 50 3.195251e-01
86 87 3.189148e-01
16 17 3.181127e-01
48 62 3.173012e-01
64 67 3.156379e-01
75 78 3.110155e-01
80 95 3.083639e-01
66 68 3.083145e-01
53 77 3.060357e-01
98 99 3.059065e-01
8 33 3.057659e-01
54 57 3.054886e-01
43 73 3.040284e-01
68 75 3.028570e-01
3 8 3.022569e-01
19 34 3.002226e-01
66 98 2.999959e-01
70 75 2.996464e-01
63 90 2.986699e-01
19 23 2.981379e-01
26 65 2.970640e-01
88 89 2.966499e-01
12 45 2.966111e-01
50 55 2.928973e-01
30 38 2.928899e-01
78 84 2.926167e-01
30 71 2.920809e-01
4 14 2.920233e-01
7 12 2.920164e-01
68 95 2.898406e-01
4 16 2.879929e-01
10 60 2.879652e-01
11 12 2.858983e-01
62 65 2.851381e-01
65 66 2.849680e-01
7 10 2.833229e-01
23 28 2.825186e-01
7 68 2.818399e-01
27 31 2.815930e-01
37 39 2.814271e-01
57 58 2.797566e-01
37 76 2.796175e-01
25 29 2.789664e-01
47 59 2.788100e-01
36 75 2.760513e-01
43 46 2.757281e-01
40 41 2.754394e-01
10 30 2.744171e-01
58 59 2.739910e-01
28 35 2.717992e-01
74 78 2.704978e-01
26 28 2.699261e-01
48 65 2.677731e-01
30 78 2.674511e-01
44 95 2.657583e-01
42 47 2.656092e-01
40 46 2.655991e-01
93 96 2.634609e-01
94 95 2.617746e-01
61 62 2.613985e-01
3 16 2.607967e-01
17 18 2.607841e-01
32 38 2.605128e-01
9 58 2.602748e-01
14 30 2.600369e-01
12 14 2.599857e-01
34 82 2.598014e-01
28 31 2.569470e-01
46 65 2.539195e-01
49 57 2.533813e-01
42 65 2.531680e-01
92 96 2.530844e-01
27 33 2.524088e-01
45 46 2.517032e-01
74 87 2.513320e-01
71 77 2.511010e-01
13 85 2.507151e-01
18 33 2.505481e-01
7 11 2.502232e-01
10 91 2.495600e-01
4 98 2.488514e-01
50 61 2.486586e-01
44 68 2.486574e-01
32 71 2.486127e-01
67 79 2.478402e-01
72 88 2.473318e-01
13 26 2.473055e-01
45 49 2.471530e-01
38 87 2.465981e-01
82 84 2.464914e-01
84 95 2.464735e-01
45 62 2.461698e-01
58 90 2.459292e-01
63 98 2.457687e-01
12 48 2.443712e-01
87 90 2.436991e-01
35 87 2.436883e-01
22 25 2.434746e-01
76 79 2.426387e-01
16 91 2.423923e-01
49 52 2.404854e-01
35 79 2.399215e-01
77 81 2.398767e-01
61 70 2.383212e-01
74 86 2.382860e-01
79 80 2.376443e-01
46 49 2.369976e-01
90 92 2.369086e-01
51 59 2.363957e-01
12 13 2.360431e-01
52 55 2.351710e-01
58 67 2.346465e-01
73 94 2.337999e-01
14 16 2.336065e-01
9 90 2.332500e-01
68 78 2.332252e-01
73 92 2.327137e-01
76 94 2.318774e-01
13 94 2.318766e-01
21 25 2.317798e-01
38 70 2.316926e-01
20 28 2.312454e-01
55 59 2.304047e-01
57 68 2.296042e-01
40 44 2.295022e-01
7 73 2.292713e-01
5 69 2.285730e-01
50 53 2.278933e-01
84 94 2.267160e-01
42 64 2.262700e-01
29 32 2.260628e-01
44 73 2.256312e-01
39 73 2.252609e-01
59 61 2.249008e-01
36 84 2.247638e-01
10 47 2.245794e-01
25 28 2.242790e-01
35 39 2.238600e-01
44 45 2.230084e-01
69 76 2.227147e-01
28 34 2.224924e-01
38 41 2.224441e-01
46 90 2.223698e-01
46 59 2.223238e-01
58 99 2.213826e-01
31 38 2.212037e-01
54 56 2.210821e-01
25 33 2.209973e-01
14 70 2.205934e-01
59 82 2.203496e-01
63 64 2.202279e-01
92 94 2.193789e-01
54 66 2.190028e-01
26 30 2.189052e-01
42 43 2.187396e-01
86 92 2.181595e-01
72 74 2.181400e-01
45 59 2.180908e-01
22 30 2.180628e-01
26 40 2.166466e-01
73 85 2.158004e-01
57 60 2.155433e-01
16 34 2.147867e-01
77 88 2.135347e-01
3 80 2.119625e-01
62 64 2.117263e-01
54 58 2.116401e-01
24 63 2.112295e-01
5 8 2.106497e-01
4 80 2.101976e-01
20 27 2.100416e-01
70 92 2.100199e-01
7 95 2.096912e-01
34 35 2.093778e-01
15 43 2.093553e-01
64 68 2.092291e-01
61 64 2.092103e-01
16 39 2.090783e-01
45 48 2.090142e-01
75 94 2.088169e-01
39 97 2.081521e-01
32 34 2.080433e-01
14 29 2.080227e-01
69 91 2.079866e-01
17 19 2.070619e-01
34 36 2.064669e-01
16 77 2.061580e-01
7 40 2.052822e-01
87 92 2.043483e-01
69 90 2.035866e-01
53 58 2.035320e-01
33 37 2.031802e-01
9 57 2.026481e-01
15 18 2.026204e-01
62 66 2.024079e-01
13 78 2.015433e-01
94 97 2.014741e-01
87 96 2.001672e-01
69 88 1.996863e-01
26 43 1.990082e-01
52 62 1.987956e-01
3 99 1.983924e-01
67 96 1.977269e-01
4 17 1.976734e-01
40 88 1.974690e-01
37 86 1.971035e-01
47 65 1.969149e-01
88 95 1.968882e-01
84 87 1.964392e-01
24 32 1.958876e-01
67 97 1.957315e-01
59 97 1.948583e-01
68 92 1.945128e-01
36 78 1.939060e-01
11 15 1.938957e-01
57 98 1.937811e-01
61 63 1.934812e-01
84 93 1.934724e-01
36 72 1.925436e-01
2 83 1.924344e-01
49 96 1.923261e-01
18 38 1.920783e-01
12 62 1.918486e-01
39 91 1.915058e-01
50 67 1.913781e-01
15 22 1.910174e-01
18 55 1.906814e-01
88 92 1.906163e-01
11 13 1.903997e-01
5 85 1.903137e-01
10 12 1.901666e-01
18 24 1.896821e-01
7 26 1.894526e-01
70 77 1.894519e-01
63 96 1.887367e-01
36 63 1.885949e-01
11 18 1.885857e-01
3 51 1.883365e-01
49 59 1.880969e-01
8 11 1.877585e-01
22 29 1.876384e-01
17 40 1.872230e-01
77 80 1.865081e-01
50 52 1.864742e-01
9 29 1.863010e-01
72 84 1.861592e-01
63 91 1.857435e-01
78 83 1.853666e-01
72 92 1.851318e-01
12 42 1.846700e-01
39 71 1.844317e-01
20 97 1.843221e-01
48 90 1.833698e-01
39 94 1.832775e-01
13 75 1.832542e-01
10 87 1.830080e-01
72 91 1.828372e-01
28 38 1.826832e-01
79 85 1.824113e-01
40 43 1.818128e-01
48 69 1.815268e-01
21 31 1.809940e-01
9 32 1.808001e-01
24 81 1.800310e-01
2 4 1.796422e-01
63 72 1.794684e-01
21 27 1.794173e-01
33 35 1.791838e-01
29 92 1.780251e-01
9 39 1.774238e-01
6 47 1.772946e-01
17 38 1.767035e-01
91 96 1.762721e-01
5 6 1.760888e-01
91 95 1.760534e-01
7 21 1.756441e-01
52 54 1.751548e-01
69 71 1.751141e-01
25 64 1.749517e-01
67 72 1.747947e-01
12 46 1.747846e-01
3 87 1.740630e-01
38 99 1.730921e-01
30 67 1.730023e-01
53 71 1.729844e-01
24 82 1.729674e-01
49 73 1.729056e-01
43 69 1.726846e-01
18 21 1.721853e-01
54 68 1.720113e-01
60 62 1.714447e-01
24 39 1.709274e-01
78 86 1.706057e-01
72 75 1.705099e-01
17 24 1.701404e-01
24 33 1.690772e-01
14 26 1.687354e-01
11 30 1.687162e-01
54 62 1.686940e-01
13 27 1.682313e-01
62 63 1.681772e-01
50 90 1.679932e-01
28 32 1.674157e-01
12 68 1.672226e-01
11 22 1.672174e-01
15 35 1.668131e-01
37 77 1.667411e-01
87 88 1.666690e-01
34 75 1.665199e-01
7 56 1.664730e-01
9 89 1.663354e-01
41 65 1.659711e-01
18 79 1.657859e-01
10 73 1.657048e-01
66 93 1.655638e-01
59 99 1.655559e-01
5 19 1.655257e-01
6 19 1.654245e-01
79 94 1.654163e-01
54 65 1.653750e-01
8 9 1.652559e-01
35 77 1.651344e-01
10 14 1.645659e-01
13 19 1.640462e-01
69 85 1.634932e-01
32 46 1.634634e-01
14 86 1.634112e-01
37 56 1.630743e-01
78 87 1.628473e-01
11 75 1.626441e-01
27 44 1.625401e-01
46 54 1.623937e-01
89 98 1.623416e-01
69 84 1.621595e-01
71 87 1.617706e-01
82 85 1.615818e-01
11 33 1.614819e-01
54 81 1.608010e-01
46 74 1.607960e-01
19 24 1.604854e-01
55 64 1.600164e-01
39 69 1.598828e-01
72 86 1.598409e-01
9 92 1.592399e-01
55 67 1.588441e-01
51 98 1.577679e-01
5 38 1.575502e-01
3 39 1.569688e-01
28 40 1.569577e-01
35 52 1.569058e-01
15 31 1.559697e-01
16 24 1.559091e-01
44 46 1.557766e-01
51 62 1.554178e-01
88 93 1.551805e-01
66 97 1.545417e-01
12 36 1.544994e-01
79 91 1.539697e-01
48 73 1.539678e-01
89 94 1.537035e-01
65 82 1.522421e-01
50 69 1.521549e-01
21 24 1.513475e-01
17 71 1.510279e-01
45 65 1.509884e-01
32 37 1.508692e-01
12 43 1.508546e-01
46 62 1.507552e-01
89 90 1.503017e-01
7 75 1.502137e-01
55 56 1.498198e-01
52 60 1.498127e-01
43 64 1.494685e-01
8 17 1.493790e-01
59 90 1.491017e-01
16 32 1.488007e-01
68 69 1.486913e-01
93 95 1.486735e-01
34 37 1.483326e-01
10 19 1.481895e-01
24 41 1.480856e-01
54 96 1.479742e-01
12 97 1.475048e-01
91 94 1.474873e-01
33 36 1.471995e-01
61 68 1.469826e-01
2 5 1.462732e-01
63 65 1.456065e-01
12 59 1.453564e-01
17 85 1.449828e-01
95 96 1.445590e-01
25 46 1.442308e-01
4 61 1.441749e-01
34 77 1.440582e-01
75 98 1.438607e-01
4 21 1.433372e-01
94 96 1.432920e-01
34 76 1.429517e-01
27 79 1.428749e-01
20 26 1.428260e-01
3 20 1.427828e-01
66 85 1.426759e-01
15 88 1.426445e-01
48 58 1.426040e-01
21 41 1.425519e-01
21 38 1.424537e-01
40 49 1.424183e-01
76 80 1.422028e-01
37 71 1.416883e-01
41 61 1.416487e-01
17 99 1.415644e-01
68 70 1.415194e-01
6 18 1.414506e-01
10 49 1.408548e-01
8 12 1.407141e-01
24 59 1.405949e-01
90 93 1.401381e-01
12 18 1.397137e-01
18 31 1.395754e-01
31 36 1.389716e-01
1 9 1.386793e-01
6 16 1.386614e-01
85 94 1.384631e-01
72 87 1.384020e-01
50 63 1.383425e-01
13 15 1.380924e-01
13 28 1.380008e-01
9 61 1.374460e-01
2 19 1.373219e-01
55 74 1.361711e-01
42 80 1.360911e-01
6 17 1.356159e-01
4 30 1.351119e-01
77 85 1.348954e-01
16 95 1.348739e-01
15 26 1.347198e-01
9 19 1.346159e-01
64 66 1.340436e-01
28 95 1.338751e-01
5 12 1.334741e-01
18 84 1.333116e-01
32 72 1.332003e-01
63 81 1.328254e-01
4 99 1.328218e-01
19 82 1.327636e-01
14 39 1.322099e-01
18 82 1.319733e-01
92 93 1.318160e-01
38 88 1.315709e-01
36 70 1.309272e-01
65 67 1.305319e-01
66 80 1.304765e-01
67 92 1.304603e-01
10 37 1.302327e-01
20 23 1.300860e-01
88 90 1.297251e-01
29 40 1.292644e-01
59 83 1.283655e-01
33 76 1.279751e-01
26 48 1.277645e-01
53 61 1.277416e-01
25 79 1.276368e-01
3 31 1.273492e-01
77 92 1.272953e-01
58 93 1.272352e-01
71 95 1.269614e-01
1 2 1.267732e-01
80 90 1.267653e-01
87 93 1.267465e-01
9 30 1.267190e-01
36 62 1.266273e-01
79 81 1.262240e-01
41 55 1.261291e-01
4 15 1.257877e-01
52 72 1.256725e-01
2 21 1.251392e-01
3 21 1.250934e-01
36 41 1.250419e-01
91 99 1.249347e-01
39 74 1.247136e-01
4 10 1.246053e-01
55 77 1.245385e-01
29 33 1.242974e-01
45 82 1.241968e-01
64 81 1.238272e-01
71 79 1.237183e-01
14 93 1.236409e-01
49 58 1.235984e-01
78 82 1.232282e-01
2 77 1.231441e-01
78 89 1.230949e-01
77 78 1.228991e-01
4 8 1.228671e-01
2 51 1.226854e-01
84 91 1.226741e-01
76 77 1.223079e-01
42 48 1.222413e-01
27 73 1.221160e-01
37 73 1.220833e-01
9 52 1.220146e-01
48 94 1.220018e-01
40 60 1.218345e-01
4 25 1.217040e-01
20 52 1.215563e-01
60 71 1.214641e-01
28 49 1.212216e-01
56 57 1.210914e-01
16 71 1.209382e-01
14 54 1.206061e-01
33 67 1.205408e-01
71 78 1.204608e-01
77 83 1.203454e-01
38 64 1.200402e-01
37 87 1.198528e-01
38 39 1.197980e-01
81 91 1.197167e-01
2 6 1.194083e-01
25 69 1.191579e-01
22 35 1.191399e-01
29 78 1.190973e-01
82 97 1.184026e-01
90 91 1.180683e-01
7 20 1.177929e-01
33 38 1.174779e-01
81 95 1.173014e-01
32 70 1.169330e-01
5 29 1.168090e-01
43 45 1.166945e-01
70 73 1.166617e-01
69 75 1.163098e-01
20 21 1.162315e-01
9 47 1.159278e-01
20 81 1.158352e-01
6 44 1.158332e-01
18 64 1.155905e-01
54 77 1.153699e-01
29 66 1.151821e-01
20 34 1.151033e-01
2 33 1.150274e-01
64 69 1.149642e-01
24 31 1.149272e-01
34 57 1.148689e-01
26 69 1.147704e-01
3 24 1.144955e-01
14 19 1.143441e-01
6 21 1.143421e-01
85 91 1.142989e-01
11 57 1.140273e-01
19 22 1.135554e-01
65 69 1.133405e-01
78 93 1.130354e-01
81 85 1.130093e-01
88 91 1.130000e-01
1 37 1.126459e-01
14 42 1.125557e-01
52 59 1.123760e-01
42 68 1.119683e-01
74 94 1.116143e-01
16 92 1.114880e-01
9 60 1.112219e-01
35 73 1.111885e-01
64 83 1.111403e-01
2 80 1.111287e-01
23 99 1.109539e-01
19 63 1.109193e-01
4 46 1.107715e-01
69 79 1.105389e-01
31 37 1.102267e-01
9 15 1.098814e-01
93 94 1.098402e-01
77 79 1.098351e-01
58 80 1.097207e-01
21 52 1.096720e-01
34 80 1.096674e-01
57 62 1.096034e-01
19 41 1.094380e-01
43 62 1.093767e-01
3 55 1.092466e-01
79 82 1.092212e-01
19 96 1.089220e-01
26 46 1.086711e-01
39 98 1.085895e-01
6 15 1.083594e-01
12 88 1.083207e-01
50 56 1.083181e-01
18 76 1.081641e-01
2 34 1.080216e-01
7 23 1.079905e-01
18 97 1.079903e-01
33 68 1.079370e-01
3 81 1.072428e-01
74 79 1.069943e-01
39 78 1.069432e-01
60 81 1.069375e-01
39 99 1.068910e-01
9 18 1.066691e-01
20 56 1.065467e-01
49 61 1.060519e-01
6 20 1.056565e-01
36 76 1.053207e-01
4 20 1.051993e-01
17 50 1.048661e-01
52 73 1.047983e-01
20 95 1.047398e-01
13 74 1.047308e-01
18 83 1.045647e-01
27 80 1.044255e-01
34 53 1.043288e-01
86 93 1.042849e-01
55 63 1.042102e-01
29 51 1.040230e-01
20 36 1.039851e-01
9 51 1.039324e-01
19 72 1.038235e-01
57 99 1.037170e-01
13 21 1.035032e-01
41 44 1.034893e-01
24 28 1.032121e-01
15 81 1.031918e-01
63 79 1.029340e-01
88 99 1.028856e-01
5 16 1.026863e-01
42 88 1.022927e-01
31 39 1.022175e-01
39 43 1.022064e-01
46 67 1.021415e-01
35 56 1.020772e-01
2 52 1.019835e-01
7 29 1.018428e-01
59 88 1.014943e-01
73 79 1.013747e-01
35 66 1.013584e-01
70 95 1.013122e-01
59 86 1.012251e-01
64 99 1.011563e-01
2 20 1.011161e-01
49 63 1.009788e-01
18 69 1.008300e-01
21 96 1.007746e-01
40 90 1.003340e-01
75 87 1.001933e-01
56 73 1.001096e-01
19 31 1.000313e-01
4 24 1.000233e-01
35 65 9.976823e-02
2 81 9.973960e-02
41 45 9.963244e-02
47 98 9.954060e-02
29 42 9.946273e-02
42 85 9.913748e-02
3 19 9.906777e-02
7 87 9.904418e-02
67 99 9.899786e-02
40 95 9.886898e-02
25 74 9.856799e-02
24 51 9.844513e-02
24 38 9.836152e-02
5 10 9.830586e-02
13 44 9.809775e-02
19 56 9.759910e-02
5 25 9.753141e-02
58 61 9.662955e-02
16 45 9.662834e-02
70 87 9.662709e-02
61 92 9.650654e-02
79 86 9.648097e-02
19 76 9.642242e-02
34 65 9.637939e-02
88 96 9.621783e-02
23 37 9.615068e-02
50 54 9.591047e-02
87 91 9.582691e-02
39 81 9.580023e-02
67 76 9.553463e-02
46 68 9.548036e-02
57 90 9.530868e-02
78 92 9.522041e-02
44 52 9.521830e-02
18 22 9.506362e-02
18 90 9.479391e-02
44 57 9.456175e-02
63 95 9.450441e-02
49 53 9.446523e-02
26 68 9.440442e-02
61 74 9.421122e-02
25 97 9.412644e-02
7 37 9.375996e-02
8 16 9.346276e-02
55 99 9.326424e-02
39 85 9.320766e-02
57 91 9.319057e-02
31 80 9.279792e-02
24 99 9.279534e-02
36 92 9.256682e-02
53 56 9.245476e-02
78 94 9.239430e-02
44 69 9.225484e-02
37 70 9.199535e-02
45 95 9.196138e-02
13 89 9.188339e-02
27 54 9.187196e-02
58 79 9.185171e-02
18 58 9.134631e-02
72 78 9.130063e-02
33 92 9.125638e-02
47 99 9.119407e-02
12 26 9.118905e-02
31 57 9.102181e-02
37 52 9.082495e-02
5 45 9.077354e-02
17 21 9.076376e-02
74 85 9.068471e-02
32 77 9.062726e-02
79 95 9.034923e-02
53 57 9.013970e-02
20 37 9.001698e-02
53 81 8.996176e-02
1 19 8.995430e-02
19 69 8.967392e-02
16 31 8.959734e-02
5 15 8.949470e-02
2 58 8.934458e-02
1 18 8.928654e-02
16 18 8.918718e-02
85 86 8.914523e-02
14 75 8.903461e-02
39 86 8.900922e-02
3 60 8.834034e-02
3 89 8.831423e-02
25 92 8.826739e-02
53 80 8.818349e-02
61 94 8.810517e-02
18 35 8.802455e-02
51 85 8.798223e-02
22 84 8.796102e-02
14 20 8.788963e-02
66 88 8.751575e-02
27 37 8.741181e-02
35 44 8.739104e-02
76 90 8.734333e-02
82 88 8.731027e-02
9 91 8.724982e-02
52 80 8.716727e-02
12 27 8.684247e-02
19 25 8.677870e-02
74 92 8.662085e-02
24 35 8.661030e-02
97 99 8.655389e-02
36 69 8.634308e-02
77 82 8.630224e-02
5 83 8.614497e-02
34 38 8.605388e-02
39 65 8.588053e-02
21 32 8.577292e-02
47 50 8.571195e-02
69 97 8.570251e-02
81 84 8.568417e-02
29 46 8.557877e-02
13 39 8.540725e-02
33 50 8.492096e-02
7 32 8.485722e-02
25 99 8.479195e-02
48 57 8.428868e-02
1 3 8.407949e-02
52 77 8.405835e-02
83 98 8.394289e-02
5 33 8.392570e-02
74 83 8.387932e-02
9 76 8.380922e-02
52 56 8.368363e-02
63 75 8.360395e-02
66 67 8.354483e-02
27 68 8.319921e-02
16 50 8.276745e-02
18 32 8.260972e-02
38 45 8.257816e-02
42 82 8.247698e-02
14 89 8.242895e-02
84 89 8.237287e-02
41 56 8.220596e-02
7 62 8.198668e-02
36 77 8.196891e-02
9 50 8.174144e-02
17 96 8.171476e-02
4 19 8.155841e-02
47 49 8.154189e-02
72 94 8.154033e-02
12 15 8.152985e-02
47 69 8.152365e-02
37 49 8.140915e-02
64 84 8.136580e-02
41 73 8.136402e-02
18 19 8.133409e-02
6 61 8.084255e-02
11 90 8.081052e-02
50 78 8.079594e-02
22 93 8.049179e-02
16 90 7.999955e-02
3 66 7.982318e-02
8 98 7.941144e-02
51 56 7.927053e-02
44 65 7.922861e-02
53 59 7.891026e-02
3 28 7.869262e-02
84 86 7.839336e-02
23 34 7.823594e-02
4 18 7.798314e-02
76 89 7.798242e-02
11 32 7.786512e-02
46 93 7.764386e-02
73 78 7.751544e-02
8 44 7.738438e-02
18 39 7.720144e-02
66 94 7.718118e-02
6 22 7.712330e-02
80 88 7.662997e-02
8 68 7.661587e-02
46 58 7.659257e-02
8 87 7.644344e-02
70 76 7.641992e-02
75 90 7.630197e-02
24 60 7.629203e-02
47 78 7.624633e-02
14 99 7.616151e-02
39 70 7.611798e-02
4 22 7.611078e-02
32 35 7.601852e-02
53 67 7.593043e-02
3 35 7.581932e-02
27 56 7.581207e-02
12 87 7.573424e-02
20 33 7.561322e-02
69 89 7.552376e-02
71 90 7.541483e-02
4 32 7.540573e-02
48 50 7.532683e-02
50 95 7.530059e-02
54 86 7.521487e-02
4 74 7.507331e-02
61 99 7.496595e-02
22 85 7.482469e-02
6 35 7.468767e-02
63 67 7.467905e-02
73 81 7.454121e-02
16 21 7.449784e-02
20 54 7.432315e-02
9 13 7.410908e-02
3 10 7.391961e-02
52 83 7.391462e-02
30 61 7.348060e-02
4 50 7.343457e-02
10 59 7.318631e-02
69 78 7.290741e-02
66 83 7.282969e-02
18 56 7.271193e-02
68 74 7.270681e-02
8 96 7.270146e-02
29 43 7.269533e-02
6 32 7.268044e-02
5 78 7.265344e-02
40 74 7.239457e-02
7 19 7.206745e-02
31 51 7.174106e-02
37 41 7.154093e-02
35 71 7.149623e-02
39 90 7.128654e-02
65 71 7.120264e-02
6 7 7.096437e-02
15 48 7.086476e-02
56 81 7.082272e-02
57 89 7.080225e-02
59 68 7.059638e-02
57 83 7.057496e-02
19 58 7.046764e-02
21 43 7.046566e-02
67 94 7.045760e-02
20 50 7.039036e-02
74 90 7.018463e-02
2 91 7.004733e-02
78 79 6.995929e-02
26 44 6.985313e-02
7 33 6.965045e-02
15 19 6.964367e-02
82 99 6.957350e-02
5 62 6.937258e-02
64 94 6.928800e-02
2 57 6.928273e-02
56 95 6.928222e-02
2 13 6.897870e-02
34 83 6.891430e-02
23 30 6.881481e-02
63 69 6.879981e-02
8 22 6.874566e-02
16 74 6.872949e-02
83 86 6.837393e-02
34 43 6.831137e-02
1 35 6.822784e-02
55 98 6.821956e-02
64 87 6.817348e-02
30 69 6.816434e-02
20 62 6.814054e-02
54 78 6.812478e-02
22 64 6.795778e-02
40 71 6.768149e-02
31 47 6.767170e-02
13 23 6.753712e-02
70 96 6.751148e-02
45 93 6.745178e-02
45 81 6.722324e-02
56 68 6.713059e-02
86 89 6.681222e-02
66 69 6.673048e-02
42 93 6.664846e-02
80 83 6.663422e-02
58 82 6.657499e-02
16 88 6.656413e-02
40 77 6.639014e-02
35 85 6.630788e-02
55 82 6.629125e-02
47 62 6.614390e-02
83 91 6.601029e-02
69 95 6.579132e-02
5 66 6.572784e-02
31 35 6.564338e-02
34 87 6.560252e-02
41 42 6.553415e-02
52 63 6.538995e-02
20 32 6.515349e-02
41 98 6.499888e-02
87 89 6.491009e-02
63 94 6.466122e-02
80 99 6.444343e-02
12 33 6.439294e-02
6 99 6.435127e-02
62 79 6.425222e-02
13 45 6.414160e-02
28 50 6.400389e-02
33 52 6.388206e-02
25 65 6.363184e-02
76 98 6.337706e-02
11 58 6.327006e-02
19 53 6.306468e-02
49 87 6.301499e-02
93 99 6.300238e-02
49 68 6.282467e-02
14 65 6.269195e-02
79 87 6.267253e-02
49 86 6.218383e-02
45 63 6.216102e-02
60 93 6.202455e-02
13 20 6.189099e-02
3 92 6.187588e-02
63 84 6.180744e-02
56 82 6.174202e-02
15 99 6.173699e-02
8 20 6.157043e-02
30 46 6.156953e-02
47 71 6.156715e-02
62 73 6.154375e-02
38 80 6.137986e-02
21 64 6.118086e-02
64 78 6.113867e-02
3 82 6.112245e-02
3 18 6.104564e-02
32 76 6.090250e-02
56 76 6.078510e-02
18 25 6.067292e-02
39 41 6.055121e-02
27 63 6.049587e-02
48 66 6.048092e-02
21 36 6.039936e-02
47 55 6.027694e-02
9 48 6.025708e-02
17 22 6.024249e-02
39 96 6.023074e-02
27 72 6.021391e-02
52 64 6.017306e-02
7 90 5.984661e-02
2 18 5.944148e-02
13 88 5.941102e-02
1 53 5.927316e-02
3 15 5.927123e-02
56 96 5.920962e-02
4 51 5.915706e-02
47 64 5.911583e-02
22 94 5.899999e-02
3 58 5.884133e-02
23 63 5.881595e-02
30 39 5.881139e-02
70 78 5.862208e-02
61 98 5.854899e-02
3 98 5.796322e-02
6 56 5.759167e-02
46 99 5.726010e-02
44 78 5.707453e-02
4 91 5.682092e-02
68 81 5.663405e-02
27 43 5.637982e-02
19 92 5.628825e-02
13 91 5.615726e-02
27 40 5.609915e-02
45 76 5.608634e-02
1 21 5.605381e-02
19 35 5.597025e-02
8 56 5.584135e-02
7 88 5.581139e-02
28 41 5.575963e-02
9 21 5.567987e-02
10 82 5.565173e-02
31 69 5.509595e-02
49 55 5.441337e-02
39 95 5.431813e-02
1 55 5.427401e-02
58 98 5.401311e-02
9 88 5.386442e-02
24 58 5.375766e-02
43 79 5.369340e-02
79 83 5.368029e-02
67 95 5.364301e-02
84 99 5.357758e-02
11 97 5.356731e-02
9 28 5.354882e-02
35 89 5.353433e-02
1 5 5.348971e-02
67 68 5.342937e-02
2 78 5.323269e-02
65 99 5.322540e-02
57 63 5.314929e-02
41 47 5.313884e-02
53 72 5.304847e-02
28 67 5.298924e-02
25 30 5.271977e-02
11 93 5.267348e-02
20 65 5.266072e-02
59 64 5.249750e-02
63 73 5.230545e-02
27 98 5.228827e-02
62 83 5.224438e-02
43 68 5.218649e-02
37 85 5.215466e-02
50 91 5.215117e-02
20 31 5.214700e-02
47 94 5.186220e-02
80 97 5.185806e-02
20 41 5.182956e-02
20 25 5.169174e-02
40 52 5.168915e-02
73 77 5.153952e-02
63 99 5.135718e-02
61 71 5.118263e-02
14 69 5.100269e-02
28 51 5.099036e-02
39 50 5.094692e-02
2 41 5.094342e-02
18 23 5.089752e-02
56 58 5.081830e-02
21 56 5.073447e-02
31 77 5.072845e-02
18 37 5.072377e-02
61 97 5.057912e-02
45 69 5.056633e-02
25 34 5.034656e-02
56 63 5.015656e-02
31 60 5.012572e-02
49 84 5.008294e-02
80 89 5.005946e-02
81 87 5.005688e-02
34 55 4.990277e-02
18 36 4.984530e-02
43 52 4.968526e-02
54 79 4.967462e-02
1 52 4.966737e-02
38 73 4.961723e-02
13 33 4.951926e-02
25 35 4.949716e-02
15 93 4.944668e-02
9 46 4.939547e-02
1 95 4.933908e-02
32 55 4.920920e-02
61 93 4.914803e-02
72 95 4.896617e-02
96 99 4.890062e-02
45 99 4.889489e-02
15 21 4.870423e-02
31 84 4.867095e-02
23 94 4.863198e-02
14 79 4.862010e-02
5 91 4.849350e-02
43 95 4.826989e-02
43 74 4.822119e-02
49 89 4.819771e-02
11 25 4.817280e-02
32 45 4.798232e-02
7 93 4.797370e-02
2 35 4.791532e-02
42 55 4.760214e-02
69 74 4.759379e-02
2 60 4.745823e-02
48 91 4.740215e-02
61 88 4.732475e-02
56 83 4.729830e-02
10 93 4.726128e-02
35 94 4.710852e-02
14 23 4.709053e-02
30 63 4.699420e-02
48 79 4.697689e-02
85 87 4.682619e-02
36 40 4.669240e-02
44 72 4.662889e-02
62 80 4.660513e-02
30 75 4.621185e-02
95 98 4.613223e-02
12 65 4.606751e-02
34 59 4.604440e-02
55 68 4.581043e-02
47 81 4.576849e-02
73 87 4.571778e-02
6 55 4.557405e-02
11 38 4.555851e-02
8 99 4.552717e-02
43 89 4.548918e-02
9 34 4.548154e-02
2 16 4.544651e-02
34 94 4.538832e-02
4 56 4.520671e-02
62 91 4.520502e-02
22 33 4.503810e-02
25 56 4.498310e-02
56 67 4.495022e-02
34 39 4.462271e-02
76 88 4.444454e-02
46 63 4.427216e-02
27 66 4.422217e-02
32 49 4.415064e-02
5 35 4.411508e-02
6 42 4.410548e-02
38 40 4.384133e-02
28 90 4.380523e-02
43 87 4.373252e-02
27 90 4.358931e-02
69 72 4.343166e-02
92 95 4.332401e-02
23 59 4.301052e-02
36 86 4.298786e-02
6 49 4.282847e-02
62 97 4.275316e-02
36 97 4.271435e-02
19 37 4.268450e-02
8 42 4.260634e-02
49 75 4.259491e-02
49 62 4.251549e-02
17 65 4.245291e-02
43 66 4.242706e-02
32 41 4.227165e-02
20 78 4.221318e-02
23 86 4.215270e-02
2 86 4.193174e-02
66 70 4.193144e-02
28 66 4.182973e-02
76 84 4.182953e-02
49 72 4.163343e-02
13 77 4.144525e-02
79 99 4.134416e-02
19 90 4.133836e-02
43 48 4.114670e-02
21 86 4.105916e-02
14 74 4.103032e-02
75 96 4.091751e-02
32 86 4.087920e-02
59 65 4.086789e-02
83 96 4.081887e-02
61 96 4.073189e-02
1 20 4.073066e-02
40 94 4.054390e-02
50 81 4.051043e-02
69 70 4.050015e-02
11 53 4.049402e-02
8 67 4.040368e-02
8 26 4.018881e-02
27 42 4.007234e-02
39 58 3.993621e-02
58 78 3.990790e-02
34 49 3.987791e-02
37 94 3.984094e-02
33 65 3.981301e-02
12 66 3.969647e-02
86 98 3.956876e-02
16 59 3.955256e-02
33 66 3.953612e-02
1 23 3.948145e-02
26 66 3.936321e-02
24 66 3.933775e-02
8 57 3.931112e-02
57 88 3.926808e-02
85 90 3.926224e-02
4 78 3.912482e-02
43 81 3.868736e-02
21 84 3.810060e-02
51 99 3.791299e-02
50 89 3.789408e-02
25 47 3.781491e-02
28 87 3.773656e-02
15 65 3.758729e-02
65 93 3.756462e-02
71 98 3.753215e-02
87 97 3.751998e-02
82 98 3.727348e-02
29 48 3.726036e-02
13 82 3.724948e-02
41 93 3.715604e-02
63 74 3.713419e-02
63 92 3.712826e-02
4 9 3.706163e-02
30 52 3.702175e-02
46 64 3.697010e-02
17 97 3.675148e-02
69 99 3.661809e-02
8 48 3.661584e-02
28 77 3.658591e-02
19 51 3.653153e-02
47 82 3.652807e-02
2 42 3.641623e-02
25 40 3.640545e-02
7 43 3.602249e-02
8 84 3.582898e-02
32 96 3.562619e-02
73 86 3.560392e-02
81 86 3.552132e-02
2 17 3.550335e-02
91 93 3.548518e-02
3 41 3.528615e-02
48 67 3.519353e-02
21 78 3.518999e-02
67 82 3.514474e-02
22 41 3.513800e-02
9 25 3.502400e-02
47 89 3.500957e-02
11 66 3.500783e-02
48 61 3.492614e-02
15 61 3.481018e-02
6 10 3.471943e-02
28 76 3.467548e-02
40 45 3.456296e-02
66 91 3.455915e-02
55 93 3.447890e-02
91 97 3.442442e-02
19 36 3.422817e-02
38 98 3.422526e-02
9 82 3.422195e-02
5 42 3.420450e-02
7 15 3.396525e-02
42 87 3.395515e-02
73 97 3.388164e-02
6 13 3.386794e-02
17 64 3.381102e-02
10 13 3.380802e-02
6 50 3.377485e-02
44 81 3.365760e-02
33 81 3.335724e-02
75 84 3.333252e-02
4 64 3.325803e-02
56 98 3.293766e-02
52 58 3.292864e-02
34 93 3.282335e-02
12 24 3.269923e-02
34 56 3.258704e-02
23 69 3.257552e-02
31 41 3.246429e-02
51 63 3.241040e-02
42 63 3.222128e-02
23 64 3.220858e-02
35 75 3.213372e-02
63 83 3.200961e-02
59 93 3.200273e-02
57 67 3.195690e-02
71 80 3.186841e-02
38 52 3.168795e-02
53 63 3.167562e-02
38 86 3.128564e-02
21 54 3.126002e-02
49 66 3.094937e-02
60 79 3.090025e-02
82 86 3.088631e-02
2 25 3.080423e-02
84 85 3.075646e-02
41 81 3.068072e-02
9 23 3.049463e-02
85 92 3.048699e-02
45 50 3.047525e-02
46 66 3.041038e-02
1 54 3.035097e-02
5 17 3.031744e-02
9 43 3.010394e-02
3 85 3.007568e-02
18 81 3.005392e-02
82 93 2.998590e-02
11 77 2.997417e-02
23 80 2.996938e-02
24 34 2.985708e-02
16 80 2.978329e-02
9 12 2.975786e-02
52 69 2.965391e-02
39 83 2.961405e-02
22 82 2.959922e-02
57 96 2.949018e-02
58 91 2.921483e-02
14 85 2.909890e-02
21 67 2.909868e-02
27 35 2.902463e-02
27 91 2.900014e-02
49 54 2.891406e-02
86 90 2.887281e-02
17 34 2.869627e-02
5 65 2.845990e-02
28 54 2.842503e-02
28 45 2.840672e-02
22 66 2.839808e-02
13 43 2.819637e-02
13 61 2.805271e-02
2 23 2.795814e-02
52 78 2.760004e-02
3 33 2.759226e-02
6 94 2.757913e-02
6 51 2.757444e-02
3 47 2.752504e-02
3 53 2.741050e-02
7 27 2.732203e-02
18 28 2.728027e-02
38 77 2.725276e-02
20 24 2.722558e-02
2 55 2.704620e-02
8 47 2.703465e-02
53 79 2.695539e-02
2 56 2.666870e-02
72 80 2.655587e-02
36 42 2.642358e-02
15 20 2.638861e-02
60 75 2.631604e-02
74 91 2.620674e-02
19 77 2.617366e-02
10 99 2.610675e-02
41 77 2.593050e-02
2 30 2.583994e-02
30 87 2.580849e-02
27 38 2.573606e-02
15 38 2.565389e-02
77 90 2.555966e-02
31 74 2.507383e-02
4 27 2.483547e-02
11 88 2.483456e-02
36 54 2.469047e-02
3 97 2.463918e-02
16 43 2.426136e-02
56 74 2.424094e-02
56 79 2.416837e-02
9 35 2.414227e-02
21 45 2.394814e-02
15 77 2.394068e-02
1 25 2.367731e-02
33 62 2.365873e-02
35 74 2.360543e-02
7 14 2.358079e-02
27 45 2.350804e-02
11 94 2.335157e-02
40 65 2.332159e-02
56 77 2.331961e-02
33 56 2.331519e-02
25 44 2.331443e-02
18 78 2.326674e-02
25 75 2.324857e-02
30 66 2.323426e-02
4 47 2.320803e-02
37 99 2.318254e-02
17 20 2.302619e-02
2 29 2.298851e-02
27 58 2.296280e-02
21 80 2.295041e-02
28 61 2.285149e-02
1 50 2.283669e-02
79 96 2.265332e-02
2 84 2.260859e-02
1 85 2.259255e-02
24 64 2.250206e-02
56 62 2.247990e-02
46 87 2.241137e-02
60 99 2.231662e-02
4 39 2.226846e-02
48 93 2.216334e-02
53 96 2.202734e-02
8 13 2.199082e-02
19 29 2.195589e-02
31 68 2.194585e-02
17 25 2.189085e-02
5 79 2.178087e-02
41 53 2.177551e-02
13 95 2.177312e-02
58 84 2.176463e-02
24 76 2.147528e-02
71 91 2.134573e-02
17 55 2.134036e-02
17 72 2.129271e-02
43 93 2.097087e-02
2 15 2.096594e-02
4 38 2.091838e-02
16 20 2.082616e-02
31 72 2.065456e-02
46 60 2.043334e-02
61 91 2.036777e-02
52 66 2.021551e-02
91 98 2.018151e-02
47 53 2.004488e-02
4 11 2.000902e-02
4 86 1.981003e-02
15 36 1.967328e-02
23 91 1.949565e-02
45 91 1.940420e-02
22 52 1.939469e-02
72 83 1.930863e-02
68 94 1.924359e-02
15 29 1.923886e-02
39 49 1.919561e-02
6 83 1.896218e-02
1 41 1.894707e-02
21 23 1.882746e-02
85 88 1.881810e-02
50 71 1.873142e-02
19 98 1.851509e-02
64 91 1.844835e-02
36 39 1.840390e-02
44 87 1.827020e-02
22 47 1.824668e-02
20 60 1.814251e-02
43 54 1.814089e-02
39 72 1.809413e-02
87 98 1.809231e-02
1 77 1.803855e-02
69 98 1.800530e-02
16 85 1.800129e-02
3 44 1.790484e-02
38 57 1.786512e-02
31 52 1.783098e-02
7 18 1.777759e-02
47 86 1.774382e-02
44 70 1.752216e-02
32 54 1.729663e-02
39 45 1.726457e-02
24 29 1.725840e-02
81 92 1.722825e-02
33 49 1.717834e-02
30 89 1.715110e-02
88 97 1.679824e-02
81 88 1.646330e-02
61 82 1.639744e-02
75 81 1.625962e-02
59 63 1.624982e-02
37 81 1.612659e-02
7 46 1.589057e-02
34 71 1.576823e-02
81 93 1.572856e-02
27 46 1.572574e-02
76 81 1.569466e-02
86 94 1.567612e-02
32 91 1.565109e-02
56 84 1.562406e-02
54 63 1.560418e-02
84 92 1.550824e-02
32 43 1.539128e-02
80 98 1.529466e-02
28 86 1.522147e-02
19 83 1.515722e-02
54 74 1.515275e-02
6 63 1.512552e-02
30 37 1.500625e-02
29 95 1.497023e-02
63 93 1.494480e-02
32 47 1.485725e-02
1 97 1.468252e-02
36 73 1.455683e-02
25 50 1.453352e-02
40 93 1.450208e-02
1 79 1.450136e-02
8 93 1.443867e-02
36 56 1.437540e-02
1 6 1.431681e-02
69 94 1.431025e-02
1 86 1.425281e-02
76 97 1.414776e-02
34 88 1.414347e-02
1 8 1.403440e-02
39 54 1.401815e-02
17 28 1.383306e-02
43 67 1.372304e-02
42 56 1.349026e-02
12 23 1.340967e-02
45 68 1.324618e-02
46 92 1.313535e-02
3 13 1.307839e-02
12 94 1.306809e-02
6 88 1.305005e-02
41 74 1.303007e-02
8 66 1.296231e-02
66 76 1.293881e-02
22 32 1.293577e-02
23 70 1.290827e-02
7 91 1.290110e-02
13 34 1.289544e-02
33 40 1.283694e-02
56 66 1.252231e-02
67 98 1.238455e-02
18 34 1.232907e-02
3 14 1.223620e-02
37 59 1.220224e-02
21 29 1.219551e-02
67 69 1.214587e-02
11 82 1.207819e-02
78 90 1.204823e-02
15 28 1.204685e-02
49 95 1.198216e-02
62 72 1.198161e-02
52 91 1.191772e-02
66 78 1.170500e-02
31 65 1.166178e-02
40 99 1.162964e-02
43 99 1.147544e-02
27 93 1.130497e-02
73 90 1.121616e-02
8 27 1.104752e-02
52 68 1.101966e-02
6 45 1.101482e-02
17 86 1.100753e-02
3 50 1.095807e-02
52 95 1.079924e-02
15 17 1.079885e-02
60 77 1.073471e-02
86 97 1.068387e-02
55 85 1.059141e-02
32 58 1.051609e-02
37 51 1.016647e-02
31 44 1.014306e-02
18 72 1.009743e-02
9 20 1.005414e-02
2 85 1.003118e-02
24 96 9.682947e-03
34 81 9.629107e-03
43 76 9.555153e-03
1 33 9.549209e-03
18 98 9.507773e-03
26 84 9.364113e-03
13 16 9.358037e-03
35 81 9.185470e-03
79 89 8.568347e-03
1 58 8.458502e-03
20 55 8.385822e-03
72 76 8.311192e-03
4 49 8.130361e-03
74 77 8.058504e-03
8 18 7.983852e-03
54 61 7.893234e-03
34 66 7.871549e-03
93 97 7.840810e-03
59 79 7.827919e-03
13 84 7.672194e-03
18 66 7.671304e-03
45 84 7.643018e-03
6 71 7.505363e-03
26 49 7.332461e-03
1 17 7.316950e-03
1 91 7.293989e-03
32 61 7.210928e-03
9 67 7.168215e-03
34 99 7.126442e-03
30 44 7.004631e-03
11 61 6.913466e-03
7 54 6.878288e-03
1 39 6.863778e-03
8 14 6.863325e-03
30 92 6.606061e-03
24 47 6.510063e-03
65 84 6.355972e-03
8 59 6.316479e-03
32 89 6.194722e-03
21 44 6.132806e-03
57 95 6.098744e-03
44 77 6.022569e-03
44 67 5.991641e-03
19 38 5.983333e-03
17 43 5.947194e-03
45 89 5.924505e-03
75 97 5.889963e-03
17 30 5.857439e-03
31 76 5.841550e-03
1 4 5.790232e-03
54 64 5.752294e-03
44 62 5.630128e-03
74 97 5.577834e-03
13 59 5.458198e-03
68 72 5.425203e-03
58 76 5.402006e-03
20 35 5.393254e-03
76 87 5.237971e-03
3 34 5.217724e-03
39 79 4.931913e-03
74 84 4.899720e-03
61 65 4.890521e-03
2 53 4.858312e-03
5 21 4.848284e-03
36 45 4.840754e-03
1 70 4.797990e-03
47 76 4.689689e-03
7 22 4.552247e-03
12 34 4.245049e-03
41 60 4.215537e-03
14 46 4.204783e-03
19 73 4.172960e-03
14 84 4.149995e-03
15 32 4.147887e-03
6 12 4.102402e-03
56 92 4.077694e-03
42 53 3.996611e-03
7 69 3.799938e-03
18 26 3.733644e-03
38 71 3.720591e-03
32 57 3.715238e-03
56 75 3.526987e-03
27 48 3.515585e-03
14 95 3.451479e-03
17 91 3.381887e-03
14 44 3.304262e-03
40 75 3.290799e-03
68 82 3.247062e-03
1 83 3.245155e-03
16 67 3.229003e-03
14 67 3.178210e-03
32 82 2.870619e-03
22 53 2.616545e-03
52 96 2.602865e-03
10 24 2.393973e-03
1 61 2.344723e-03
9 87 2.251122e-03
1 31 2.197043e-03
11 92 2.125287e-03
35 42 2.101644e-03
34 45 2.004533e-03
78 96 1.998287e-03
51 84 1.975103e-03
17 95 1.874223e-03
19 32 1.679445e-03
17 31 1.651370e-03
21 30 1.606328e-03
19 79 1.539983e-03
56 69 1.490127e-03
9 66 1.398733e-03
24 56 1.343255e-03
21 40 1.186669e-03
23 93 1.123684e-03
69 73 1.114369e-03
83 89 1.002422e-03
11 14 9.566158e-04
44 76 9.269540e-04
15 56 8.509798e-04
26 79 5.499914e-04
24 65 5.291980e-04
20 59 5.118228e-04
12 32 4.900827e-04
2 98 4.780964e-04
81 89 3.791118e-04
65 74 3.439142e-04
16 86 3.297509e-04
63 70 2.502831e-04
75 91 2.280755e-04
51 94 1.900016e-04
4 59 1.614277e-04
82 89 5.845479e-05
5 92 3.976076e-05
21 65 1.985955e-05
52 70 -3.963798e-05
63 77 -6.857707e-05
11 37 -1.221483e-04
22 77 -2.471111e-04
3 78 -2.553841e-04
52 92 -2.570823e-04
21 51 -3.639328e-04
1 24 -4.469759e-04
13 60 -4.813916e-04
60 69 -5.292046e-04
4 96 -6.396743e-04
1 49 -7.491752e-04
1 80 -7.903861e-04
24 68 -8.236310e-04
30 65 -8.518868e-04
36 94 -1.007370e-03
91 92 -1.188137e-03
64 80 -1.299722e-03
41 68 -1.377570e-03
36 88 -1.424260e-03
32 53 -1.427602e-03
19 50 -1.489969e-03
33 61 -1.725333e-03
49 56 -1.932966e-03
16 28 -1.957062e-03
22 49 -2.136654e-03
82 90 -2.215305e-03
67 83 -2.235730e-03
25 31 -2.261438e-03
8 31 -2.278995e-03
47 51 -2.284874e-03
13 38 -2.306917e-03
11 85 -2.332978e-03
58 85 -2.344644e-03
45 66 -2.449537e-03
1 34 -2.499838e-03
5 99 -2.552220e-03
1 98 -2.557994e-03
13 93 -2.706569e-03
36 52 -2.708528e-03
4 13 -2.740596e-03
22 79 -2.845867e-03
68 71 -2.900554e-03
21 83 -2.936937e-03
42 69 -2.972324e-03
1 32 -2.995331e-03
1 96 -3.006552e-03
6 77 -3.007244e-03
29 82 -3.064284e-03
2 90 -3.094388e-03
27 39 -3.122682e-03
6 89 -3.134083e-03
85 93 -3.139567e-03
14 27 -3.163685e-03
22 68 -3.172451e-03
9 26 -3.347348e-03
1 59 -3.409081e-03
65 97 -3.437955e-03
89 96 -3.488006e-03
74 96 -3.702846e-03
7 76 -3.718239e-03
53 84 -3.720530e-03
56 86 -3.723045e-03
24 27 -3.795194e-03
26 76 -3.824632e-03
2 63 -3.867500e-03
1 47 -3.957528e-03
1 64 -3.973020e-03
19 81 -4.016373e-03
52 82 -4.190391e-03
11 59 -4.219836e-03
15 23 -4.247435e-03
43 97 -4.258272e-03
8 65 -4.276796e-03
21 62 -4.293866e-03
76 83 -4.328553e-03
19 64 -4.339596e-03
5 46 -4.383586e-03
14 48 -4.501521e-03
46 76 -4.532983e-03
57 80 -4.566272e-03
7 92 -4.620628e-03
78 99 -4.713677e-03
36 50 -4.753538e-03
86 99 -4.767964e-03
14 37 -4.775006e-03
20 99 -4.893320e-03
6 29 -4.970702e-03
4 88 -5.009239e-03
27 86 -5.127219e-03
64 70 -5.191708e-03
68 98 -5.197567e-03
9 37 -5.285191e-03
1 7 -5.433721e-03
75 89 -5.531921e-03
56 65 -5.557761e-03
18 63 -5.626995e-03
22 91 -5.702722e-03
52 81 -5.732405e-03
15 34 -5.754535e-03
16 27 -5.809270e-03
82 94 -5.961820e-03
43 77 -6.100800e-03
10 50 -6.182105e-03
59 73 -6.186814e-03
19 99 -6.328375e-03
24 36 -6.396334e-03
2 31 -6.412624e-03
62 99 -6.437361e-03
1 76 -6.454957e-03
11 74 -6.536876e-03
47 75 -6.540786e-03
1 16 -6.584655e-03
69 80 -6.691781e-03
6 58 -6.721920e-03
18 85 -6.757792e-03
1 90 -6.809637e-03
9 49 -6.814175e-03
40 51 -6.849157e-03
13 69 -6.871243e-03
3 52 -6.895004e-03
36 64 -6.913885e-03
13 73 -6.964027e-03
23 92 -7.019692e-03
54 72 -7.418268e-03
2 28 -7.496301e-03
36 49 -7.553647e-03
55 94 -7.647123e-03
23 98 -7.994155e-03
94 98 -7.997201e-03
50 98 -8.016199e-03
8 38 -8.049959e-03
31 49 -8.136207e-03
12 25 -8.224388e-03
2 79 -8.340805e-03
45 52 -8.443502e-03
1 15 -8.529444e-03
5 72 -8.563912e-03
28 55 -8.685872e-03
11 45 -8.726152e-03
22 56 -9.009052e-03
5 44 -9.028069e-03
20 63 -9.078730e-03
32 94 -9.098123e-03
8 25 -9.160010e-03
11 26 -9.238913e-03
42 78 -9.244991e-03
53 64 -9.294821e-03
19 55 -9.413664e-03
20 66 -9.539690e-03
77 91 -9.582862e-03
13 97 -9.773066e-03
8 90 -9.887814e-03
75 83 -9.957094e-03
1 69 -1.001633e-02
11 19 -1.002239e-02
34 58 -1.004321e-02
75 80 -1.007740e-02
21 68 -1.012521e-02
19 86 -1.043919e-02
37 88 -1.050414e-02
50 99 -1.054422e-02
60 70 -1.056681e-02
2 9 -1.062806e-02
1 26 -1.063967e-02
25 91 -1.065661e-02
79 92 -1.069468e-02
32 44 -1.072717e-02
19 68 -1.075533e-02
24 71 -1.085461e-02
49 76 -1.086904e-02
36 48 -1.093010e-02
1 84 -1.097350e-02
33 64 -1.106964e-02
25 52 -1.130017e-02
52 98 -1.132148e-02
1 42 -1.132377e-02
81 98 -1.141400e-02
14 73 -1.152434e-02
43 63 -1.167482e-02
21 60 -1.168868e-02
33 72 -1.176910e-02
30 36 -1.178362e-02
34 73 -1.181736e-02
1 36 -1.183853e-02
72 97 -1.188541e-02
6 91 -1.194380e-02
24 52 -1.222034e-02
14 53 -1.229632e-02
40 76 -1.233444e-02
22 55 -1.235010e-02
7 35 -1.235052e-02
40 66 -1.250243e-02
36 90 -1.253360e-02
8 40 -1.279282e-02
54 85 -1.287940e-02
85 89 -1.291540e-02
42 92 -1.292356e-02
1 51 -1.294859e-02
1 57 -1.296292e-02
32 75 -1.300922e-02
9 36 -1.304449e-02
58 64 -1.310197e-02
30 56 -1.317997e-02
29 83 -1.319396e-02
53 86 -1.320536e-02
37 60 -1.322420e-02
7 72 -1.326061e-02
10 21 -1.326221e-02
23 56 -1.344053e-02
37 74 -1.346557e-02
2 43 -1.348092e-02
17 74 -1.358289e-02
75 85 -1.368613e-02
95 99 -1.372856e-02
42 99 -1.373092e-02
82 96 -1.376692e-02
31 48 -1.377643e-02
32 99 -1.387131e-02
69 82 -1.403841e-02
14 15 -1.410600e-02
8 21 -1.412681e-02
4 41 -1.413641e-02
36 44 -1.423972e-02
23 65 -1.442889e-02
44 56 -1.443748e-02
5 98 -1.448318e-02
13 29 -1.455989e-02
28 64 -1.471509e-02
72 89 -1.472363e-02
16 22 -1.474507e-02
60 67 -1.483755e-02
40 53 -1.484866e-02
2 22 -1.490083e-02
27 70 -1.492890e-02
20 89 -1.494080e-02
21 81 -1.494747e-02
48 96 -1.503673e-02
5 27 -1.505743e-02
89 97 -1.517331e-02
12 40 -1.517862e-02
16 25 -1.521038e-02
36 58 -1.542221e-02
57 71 -1.548872e-02
18 52 -1.552194e-02
8 82 -1.555835e-02
65 91 -1.565103e-02
35 61 -1.567011e-02
17 83 -1.569117e-02
28 53 -1.571735e-02
14 87 -1.573524e-02
55 65 -1.574864e-02
43 70 -1.574990e-02
22 42 -1.575390e-02
9 99 -1.590375e-02
39 51 -1.598705e-02
29 69 -1.601039e-02
3 22 -1.617164e-02
61 67 -1.631483e-02
67 74 -1.641762e-02
1 44 -1.655226e-02
41 62 -1.660530e-02
54 83 -1.666209e-02
29 36 -1.676655e-02
2 38 -1.689983e-02
25 37 -1.704117e-02
4 37 -1.709099e-02
92 98 -1.709475e-02
36 83 -1.709669e-02
73 95 -1.726918e-02
1 93 -1.730451e-02
66 81 -1.731762e-02
47 84 -1.732086e-02
14 25 -1.739066e-02
49 69 -1.739402e-02
1 78 -1.743510e-02
68 99 -1.746107e-02
1 87 -1.747265e-02
20 29 -1.755460e-02
75 77 -1.759157e-02
44 84 -1.766474e-02
57 66 -1.768241e-02
2 32 -1.776997e-02
1 45 -1.777265e-02
39 76 -1.793304e-02
51 69 -1.798583e-02
69 92 -1.799333e-02
62 94 -1.802961e-02
14 31 -1.813297e-02
3 94 -1.827685e-02
17 47 -1.832770e-02
22 37 -1.838410e-02
27 96 -1.841135e-02
20 64 -1.841275e-02
45 80 -1.842377e-02
33 88 -1.856612e-02
17 98 -1.857077e-02
1 29 -1.860226e-02
3 5 -1.867512e-02
50 73 -1.891524e-02
22 38 -1.892268e-02
3 7 -1.898968e-02
84 96 -1.903653e-02
1 28 -1.916989e-02
37 67 -1.921064e-02
14 58 -1.923018e-02
24 55 -1.935284e-02
58 63 -1.939508e-02
23 61 -1.941193e-02
7 79 -1.942785e-02
9 22 -1.954296e-02
16 87 -1.961361e-02
11 79 -1.967288e-02
20 58 -1.991958e-02
21 63 -1.994635e-02
61 69 -2.009636e-02
2 54 -2.011931e-02
1 66 -2.014762e-02
57 92 -2.016312e-02
67 80 -2.027779e-02
4 35 -2.027896e-02
24 61 -2.027975e-02
18 89 -2.031543e-02
62 98 -2.039069e-02
32 56 -2.041771e-02
21 82 -2.055564e-02
55 80 -2.073564e-02
8 15 -2.078567e-02
1 62 -2.086584e-02
29 63 -2.093935e-02
31 97 -2.098628e-02
76 95 -2.101352e-02
17 82 -2.104685e-02
47 74 -2.105405e-02
38 44 -2.105959e-02
20 98 -2.111685e-02
13 46 -2.116674e-02
1 38 -2.128131e-02
35 41 -2.134825e-02
58 65 -2.135945e-02
16 47 -2.141995e-02
85 98 -2.143283e-02
60 86 -2.150171e-02
48 89 -2.152881e-02
61 83 -2.153062e-02
89 99 -2.153974e-02
21 73 -2.155691e-02
66 84 -2.156758e-02
29 34 -2.157926e-02
71 96 -2.159203e-02
7 31 -2.162570e-02
55 79 -2.170530e-02
72 81 -2.181568e-02
12 22 -2.183726e-02
1 89 -2.185320e-02
7 51 -2.187080e-02
29 73 -2.195875e-02
33 53 -2.202548e-02
4 55 -2.204304e-02
15 74 -2.206356e-02
32 60 -2.210508e-02
66 99 -2.213661e-02
79 93 -2.220172e-02
17 57 -2.223930e-02
20 90 -2.232532e-02
76 96 -2.247256e-02
53 78 -2.247483e-02
1 88 -2.252674e-02
1 82 -2.261502e-02
59 85 -2.263851e-02
83 84 -2.267575e-02
71 86 -2.278300e-02
53 83 -2.286514e-02
30 79 -2.287695e-02
56 64 -2.288096e-02
25 81 -2.296610e-02
11 60 -2.298231e-02
47 88 -2.300156e-02
2 88 -2.301828e-02
9 71 -2.302310e-02
79 98 -2.305562e-02
74 89 -2.308663e-02
3 96 -2.315966e-02
21 55 -2.317720e-02
71 85 -2.335660e-02
60 89 -2.338614e-02
6 84 -2.340835e-02
25 90 -2.354780e-02
56 60 -2.359610e-02
25 36 -2.360085e-02
20 82 -2.364601e-02
5 58 -2.382490e-02
6 36 -2.386631e-02
1 60 -2.387686e-02
61 87 -2.393062e-02
1 72 -2.412716e-02
7 50 -2.413761e-02
21 46 -2.417389e-02
6 31 -2.418175e-02
87 95 -2.420297e-02
23 58 -2.422430e-02
33 75 -2.422921e-02
31 83 -2.461854e-02
1 56 -2.464789e-02
22 27 -2.474454e-02
12 16 -2.475300e-02
21 35 -2.482216e-02
1 12 -2.487764e-02
24 80 -2.491566e-02
19 94 -2.498931e-02
60 63 -2.500653e-02
2 72 -2.507692e-02
38 58 -2.509593e-02
78 88 -2.512581e-02
83 95 -2.515302e-02
20 30 -2.515453e-02
2 87 -2.533318e-02
39 57 -2.539683e-02
17 36 -2.549798e-02
6 95 -2.556949e-02
65 95 -2.557915e-02
55 83 -2.560938e-02
2 71 -2.567409e-02
26 87 -2.573503e-02
39 80 -2.578046e-02
59 67 -2.590925e-02
25 68 -2.604726e-02
35 70 -2.619041e-02
8 89 -2.619517e-02
18 75 -2.645621e-02
35 96 -2.649347e-02
29 44 -2.672311e-02
36 47 -2.674787e-02
45 58 -2.699762e-02
6 39 -2.699947e-02
22 80 -2.704442e-02
2 50 -2.726803e-02
1 81 -2.731812e-02
58 81 -2.733922e-02
65 83 -2.738285e-02
6 78 -2.751994e-02
21 66 -2.753960e-02
13 41 -2.756688e-02
27 61 -2.765684e-02
33 95 -2.766241e-02
1 43 -2.786329e-02
69 87 -2.786788e-02
18 65 -2.792321e-02
3 32 -2.793156e-02
62 69 -2.812685e-02
8 39 -2.813368e-02
10 18 -2.816049e-02
85 99 -2.821018e-02
12 99 -2.823351e-02
1 22 -2.825742e-02
43 82 -2.828561e-02
37 42 -2.830271e-02
4 7 -2.831535e-02
9 24 -2.832403e-02
2 97 -2.834067e-02
40 57 -2.836565e-02
81 94 -2.840184e-02
36 74 -2.852329e-02
52 65 -2.856840e-02
41 99 -2.861022e-02
11 24 -2.861230e-02
21 50 -2.862700e-02
22 98 -2.869533e-02
28 63 -2.875309e-02
21 99 -2.888669e-02
53 66 -2.895175e-02
45 57 -2.935414e-02
81 96 -2.936494e-02
8 19 -2.951791e-02
29 61 -2.955327e-02
19 59 -2.957577e-02
2 24 -2.973645e-02
52 67 -2.975915e-02
66 95 -2.976899e-02
67 86 -2.990664e-02
35 46 -3.005354e-02
68 73 -3.007869e-02
26 99 -3.023090e-02
1 63 -3.028684e-02
41 52 -3.035777e-02
35 53 -3.039258e-02
41 91 -3.040137e-02
19 78 -3.042615e-02
12 29 -3.043572e-02
24 84 -3.052276e-02
24 49 -3.060522e-02
47 80 -3.062052e-02
61 95 -3.070106e-02
10 84 -3.081424e-02
44 97 -3.088535e-02
10 32 -3.094264e-02
15 92 -3.099220e-02
20 86 -3.101678e-02
83 92 -3.104144e-02
1 13 -3.110326e-02
15 79 -3.112374e-02
52 94 -3.113308e-02
61 66 -3.122951e-02
20 48 -3.130307e-02
32 36 -3.131640e-02
78 95 -3.134560e-02
23 53 -3.145399e-02
43 65 -3.148469e-02
50 68 -3.155881e-02
32 97 -3.157947e-02
55 61 -3.177032e-02
32 90 -3.181135e-02
19 52 -3.198867e-02
36 91 -3.201842e-02
21 69 -3.206154e-02
26 36 -3.211479e-02
1 73 -3.218421e-02
24 75 -3.222004e-02
14 18 -3.224478e-02
61 77 -3.226584e-02
45 94 -3.228197e-02
2 82 -3.230764e-02
8 85 -3.231021e-02
41 59 -3.233968e-02
62 78 -3.239064e-02
17 68 -3.241313e-02
4 97 -3.241663e-02
20 84 -3.248950e-02
13 30 -3.267611e-02
11 84 -3.268109e-02
41 96 -3.284376e-02
43 59 -3.294439e-02
19 21 -3.296708e-02
8 92 -3.299689e-02
17 61 -3.303826e-02
24 91 -3.327407e-02
30 70 -3.328149e-02
59 95 -3.330456e-02
22 61 -3.332691e-02
2 10 -3.335567e-02
60 91 -3.336237e-02
13 53 -3.337523e-02
43 58 -3.349365e-02
19 80 -3.352346e-02
4 12 -3.353863e-02
54 67 -3.354310e-02
5 32 -3.357691e-02
31 56 -3.364438e-02
20 45 -3.388106e-02
17 69 -3.388653e-02
19 66 -3.392225e-02
7 65 -3.401198e-02
35 78 -3.415180e-02
3 84 -3.419887e-02
83 93 -3.420918e-02
51 68 -3.422508e-02
14 91 -3.428092e-02
27 65 -3.429698e-02
35 58 -3.433664e-02
4 52 -3.438925e-02
92 99 -3.439094e-02
55 81 -3.443616e-02
19 54 -3.443881e-02
17 84 -3.445425e-02
46 50 -3.457727e-02
22 83 -3.458359e-02
19 39 -3.461021e-02
25 83 -3.466128e-02
9 55 -3.469494e-02
10 45 -3.482442e-02
66 79 -3.489684e-02
42 83 -3.491258e-02
6 80 -3.493621e-02
4 53 -3.494018e-02
23 97 -3.515294e-02
55 84 -3.515552e-02
1 74 -3.516398e-02
73 96 -3.525115e-02
79 97 -3.532623e-02
38 79 -3.535889e-02
18 99 -3.537714e-02
1 30 -3.539938e-02
3 57 -3.543750e-02
80 93 -3.548875e-02
20 47 -3.560521e-02
12 51 -3.564286e-02
40 89 -3.577811e-02
24 37 -3.583720e-02
21 33 -3.594129e-02
28 82 -3.594639e-02
1 65 -3.599890e-02
46 82 -3.609177e-02
10 81 -3.623982e-02
18 94 -3.624279e-02
16 97 -3.627539e-02
51 80 -3.629770e-02
53 99 -3.630176e-02
5 81 -3.633802e-02
10 65 -3.638152e-02
10 80 -3.641698e-02
10 55 -3.643901e-02
42 84 -3.646021e-02
37 66 -3.647526e-02
11 99 -3.651453e-02
76 91 -3.675453e-02
4 83 -3.681377e-02
44 48 -3.688210e-02
26 96 -3.689219e-02
26 81 -3.701815e-02
45 86 -3.702043e-02
3 88 -3.704317e-02
65 96 -3.704673e-02
38 92 -3.710537e-02
11 56 -3.712120e-02
29 97 -3.713340e-02
32 52 -3.713706e-02
65 76 -3.716992e-02
41 78 -3.717292e-02
8 50 -3.735829e-02
37 48 -3.744508e-02
59 81 -3.750120e-02
21 39 -3.753304e-02
2 49 -3.761699e-02
24 46 -3.767495e-02
22 62 -3.771177e-02
4 58 -3.784081e-02
35 95 -3.790380e-02
17 56 -3.810033e-02
29 87 -3.820070e-02
5 26 -3.820266e-02
20 77 -3.829085e-02
27 50 -3.837759e-02
46 56 -3.843493e-02
45 77 -3.844732e-02
50 94 -3.850520e-02
13 25 -3.857284e-02
2 59 -3.860268e-02
19 26 -3.865063e-02
71 81 -3.870218e-02
8 34 -3.871567e-02
7 25 -3.878391e-02
19 67 -3.883014e-02
11 47 -3.887592e-02
8 73 -3.895689e-02
31 45 -3.905827e-02
58 77 -3.908557e-02
1 46 -3.915893e-02
3 49 -3.931072e-02
84 98 -3.940088e-02
59 62 -3.946992e-02
2 11 -3.949607e-02
5 47 -3.951536e-02
2 67 -3.959773e-02
46 83 -3.965006e-02
54 80 -3.975770e-02
56 71 -3.982860e-02
33 71 -3.989491e-02
56 88 -3.991633e-02
31 58 -3.993254e-02
25 96 -3.999062e-02
77 97 -4.002589e-02
34 97 -4.003425e-02
41 63 -4.006339e-02
27 52 -4.007475e-02
13 17 -4.010633e-02
25 45 -4.017850e-02
25 32 -4.023621e-02
20 44 -4.029710e-02
2 96 -4.034690e-02
18 30 -4.045429e-02
10 42 -4.050544e-02
27 77 -4.057380e-02
15 62 -4.068973e-02
53 93 -4.070962e-02
31 40 -4.071331e-02
82 91 -4.075316e-02
41 72 -4.083162e-02
10 94 -4.097305e-02
10 69 -4.105600e-02
26 67 -4.109604e-02
43 56 -4.113783e-02
29 89 -4.115687e-02
51 60 -4.119606e-02
6 92 -4.122169e-02
29 86 -4.126215e-02
7 89 -4.127276e-02
75 82 -4.127899e-02
63 97 -4.138966e-02
23 82 -4.140592e-02
55 89 -4.171730e-02
2 65 -4.175436e-02
44 49 -4.181566e-02
12 19 -4.185482e-02
1 67 -4.191623e-02
61 84 -4.195982e-02
28 98 -4.202632e-02
26 62 -4.202832e-02
16 64 -4.207257e-02
29 99 -4.210031e-02
22 34 -4.237382e-02
27 36 -4.237876e-02
14 94 -4.238117e-02
68 89 -4.242529e-02
44 86 -4.245394e-02
40 97 -4.245640e-02
5 36 -4.255907e-02
48 84 -4.266200e-02
37 55 -4.269988e-02
20 67 -4.273041e-02
27 59 -4.282295e-02
45 67 -4.308148e-02
1 10 -4.309035e-02
77 94 -4.315960e-02
41 82 -4.318371e-02
37 78 -4.324279e-02
1 68 -4.327815e-02
32 48 -4.343774e-02
17 44 -4.347857e-02
1 94 -4.356884e-02
7 81 -4.356923e-02
25 80 -4.359565e-02
3 59 -4.362321e-02
17 35 -4.367435e-02
12 60 -4.369408e-02
17 37 -4.378831e-02
12 31 -4.381554e-02
10 54 -4.387477e-02
58 96 -4.401623e-02
27 32 -4.410841e-02
22 48 -4.419671e-02
2 45 -4.423413e-02
45 78 -4.428459e-02
27 47 -4.428462e-02
17 77 -4.443692e-02
86 95 -4.444579e-02
49 67 -4.445652e-02
30 42 -4.447942e-02
17 94 -4.458957e-02
83 99 -4.468851e-02
2 8 -4.470701e-02
9 38 -4.471597e-02
33 86 -4.485581e-02
23 73 -4.492598e-02
31 67 -4.497600e-02
1 14 -4.503572e-02
22 58 -4.517973e-02
71 82 -4.522933e-02
43 86 -4.533436e-02
31 42 -4.536252e-02
31 78 -4.542666e-02
6 11 -4.557871e-02
9 96 -4.558639e-02
46 75 -4.563506e-02
56 78 -4.568073e-02
62 81 -4.579548e-02
51 70 -4.587970e-02
43 50 -4.599862e-02
89 93 -4.616338e-02
33 70 -4.628571e-02
83 97 -4.629966e-02
24 83 -4.639866e-02
27 97 -4.641536e-02
47 54 -4.642712e-02
21 58 -4.661482e-02
13 80 -4.663032e-02
1 40 -4.691721e-02
11 91 -4.699445e-02
68 87 -4.701470e-02
10 61 -4.720117e-02
22 99 -4.725138e-02
62 95 -4.729311e-02
25 58 -4.748960e-02
4 44 -4.773183e-02
8 80 -4.775006e-02
43 78 -4.776964e-02
40 50 -4.787938e-02
43 51 -4.803928e-02
66 73 -4.804347e-02
32 39 -4.805350e-02
17 89 -4.808707e-02
15 46 -4.833124e-02
45 83 -4.840523e-02
28 97 -4.848158e-02
37 63 -4.861323e-02
26 45 -4.865845e-02
47 58 -4.869016e-02
67 81 -4.869281e-02
65 79 -4.869735e-02
15 45 -4.895250e-02
33 87 -4.900732e-02
10 36 -4.915767e-02
66 82 -4.920413e-02
80 82 -4.924649e-02
13 68 -4.938851e-02
85 95 -4.947849e-02
41 46 -4.950083e-02
45 54 -4.954336e-02
42 60 -4.955257e-02
35 83 -4.958223e-02
46 94 -4.965230e-02
29 39 -4.985415e-02
36 79 -4.988113e-02
54 94 -4.995757e-02
65 98 -5.001697e-02
73 98 -5.012954e-02
7 49 -5.013497e-02
54 60 -5.013999e-02
19 62 -5.017299e-02
21 72 -5.034943e-02
59 77 -5.040792e-02
50 80 -5.042235e-02
35 43 -5.049074e-02
4 57 -5.053794e-02
34 85 -5.055135e-02
30 90 -5.056602e-02
68 88 -5.059483e-02
18 53 -5.060249e-02
43 94 -5.081649e-02
74 99 -5.083576e-02
6 24 -5.083845e-02
17 60 -5.086252e-02
28 46 -5.092112e-02
27 51 -5.099342e-02
21 94 -5.107506e-02
8 95 -5.116318e-02
49 77 -5.123968e-02
19 97 -5.123979e-02
18 54 -5.128675e-02
16 99 -5.130917e-02
9 59 -5.132303e-02
46 95 -5.133131e-02
37 95 -5.137284e-02
2 64 -5.141191e-02
12 84 -5.144963e-02
39 56 -5.148038e-02
39 47 -5.156568e-02
44 75 -5.163335e-02
1 99 -5.163595e-02
18 50 -5.170427e-02
10 39 -5.177682e-02
56 89 -5.200741e-02
19 95 -5.206156e-02
37 69 -5.209134e-02
2 14 -5.212339e-02
12 54 -5.216207e-02
35 88 -5.225998e-02
59 98 -5.231370e-02
45 87 -5.240249e-02
42 94 -5.243050e-02
17 79 -5.244076e-02
23 43 -5.246812e-02
30 58 -5.249550e-02
40 78 -5.253142e-02
9 33 -5.253951e-02
80 87 -5.254765e-02
50 59 -5.255557e-02
60 84 -5.261789e-02
47 52 -5.263475e-02
39 75 -5.269676e-02
45 51 -5.271760e-02
1 71 -5.274858e-02
5 48 -5.280489e-02
12 17 -5.302140e-02
35 86 -5.308008e-02
7 45 -5.315248e-02
64 73 -5.316940e-02
34 67 -5.329269e-02
44 94 -5.339434e-02
4 94 -5.340208e-02
69 77 -5.356571e-02
34 54 -5.359611e-02
53 62 -5.361105e-02
16 29 -5.365176e-02
3 56 -5.366552e-02
11 95 -5.375414e-02
9 17 -5.385101e-02
10 44 -5.387755e-02
18 43 -5.387970e-02
52 85 -5.389045e-02
29 84 -5.404918e-02
43 60 -5.405235e-02
20 92 -5.405915e-02
12 21 -5.413558e-02
29 93 -5.414542e-02
27 71 -5.416751e-02
12 28 -5.417056e-02
35 76 -5.417163e-02
30 47 -5.421384e-02
6 93 -5.424050e-02
42 95 -5.427045e-02
20 83 -5.430235e-02
7 94 -5.431700e-02
13 42 -5.432536e-02
69 96 -5.432629e-02
72 82 -5.440911e-02
18 59 -5.446335e-02
34 41 -5.447603e-02
54 95 -5.453831e-02
11 21 -5.461949e-02
8 64 -5.472870e-02
57 64 -5.474007e-02
20 42 -5.478199e-02
3 83 -5.485092e-02
34 70 -5.510048e-02
5 50 -5.511586e-02
3 77 -5.515082e-02
18 62 -5.521082e-02
32 84 -5.521724e-02
24 74 -5.523608e-02
22 54 -5.524108e-02
20 94 -5.531771e-02
24 44 -5.544835e-02
32 65 -5.559763e-02
54 84 -5.559815e-02
1 48 -5.561460e-02
5 52 -5.581720e-02
50 84 -5.583553e-02
58 62 -5.584596e-02
14 43 -5.588295e-02
44 59 -5.593037e-02
28 57 -5.597236e-02
65 70 -5.606440e-02
56 91 -5.615404e-02
27 67 -5.632230e-02
6 26 -5.637996e-02
9 85 -5.641037e-02
15 47 -5.645692e-02
12 35 -5.654039e-02
7 28 -5.661104e-02
28 39 -5.664737e-02
2 89 -5.673215e-02
59 91 -5.681229e-02
8 81 -5.682009e-02
85 97 -5.687753e-02
6 43 -5.713059e-02
12 86 -5.735446e-02
81 99 -5.749825e-02
44 51 -5.759248e-02
2 61 -5.773364e-02
85 96 -5.773552e-02
40 69 -5.773765e-02
38 74 -5.780097e-02
25 51 -5.784806e-02
22 97 -5.788130e-02
45 56 -5.795079e-02
11 20 -5.798695e-02
54 82 -5.806342e-02
70 90 -5.818397e-02
5 68 -5.823441e-02
12 91 -5.828801e-02
52 90 -5.843210e-02
42 81 -5.851558e-02
24 48 -5.852546e-02
72 85 -5.857832e-02
22 60 -5.862158e-02
77 87 -5.865566e-02
32 73 -5.867324e-02
22 76 -5.876950e-02
11 63 -5.885609e-02
6 75 -5.886039e-02
53 98 -5.891451e-02
63 89 -5.898403e-02
56 70 -5.899429e-02
2 37 -5.925902e-02
33 48 -5.939166e-02
11 44 -5.953907e-02
59 69 -5.954338e-02
31 43 -5.961668e-02
6 82 -5.972484e-02
21 87 -5.973849e-02
11 41 -5.975693e-02
23 83 -5.993003e-02
37 92 -5.995626e-02
55 97 -5.996523e-02
24 53 -6.007267e-02
74 81 -6.008907e-02
31 93 -6.014600e-02
1 27 -6.018602e-02
28 93 -6.030816e-02
2 70 -6.032039e-02
44 74 -6.034910e-02
25 77 -6.037037e-02
59 84 -6.038329e-02
13 79 -6.040922e-02
10 34 -6.045436e-02
39 61 -6.054777e-02
17 49 -6.056178e-02
26 92 -6.064156e-02
49 81 -6.066275e-02
64 95 -6.069288e-02
1 75 -6.076547e-02
50 82 -6.084091e-02
36 53 -6.100544e-02
88 98 -6.102785e-02
48 82 -6.103014e-02
22 59 -6.106148e-02
7 41 -6.113932e-02
5 31 -6.115675e-02
17 45 -6.124479e-02
78 81 -6.140628e-02
32 40 -6.155558e-02
17 52 -6.156269e-02
8 49 -6.161050e-02
25 88 -6.162467e-02
15 78 -6.176648e-02
13 64 -6.203800e-02
39 55 -6.205435e-02
7 42 -6.208824e-02
31 55 -6.210819e-02
44 61 -6.215472e-02
29 65 -6.215814e-02
81 97 -6.219094e-02
74 76 -6.220572e-02
1 92 -6.222080e-02
22 86 -6.230975e-02
51 89 -6.234217e-02
40 64 -6.240116e-02
30 91 -6.240735e-02
26 33 -6.242795e-02
69 93 -6.246493e-02
28 33 -6.264093e-02
64 76 -6.265098e-02
76 99 -6.265243e-02
38 97 -6.272658e-02
33 73 -6.275742e-02
30 49 -6.276553e-02
3 25 -6.278731e-02
11 29 -6.279680e-02
34 86 -6.292751e-02
17 48 -6.299059e-02
15 71 -6.304465e-02
7 70 -6.312533e-02
26 80 -6.315008e-02
24 89 -6.325983e-02
20 79 -6.346274e-02
73 80 -6.347246e-02
54 69 -6.350490e-02
7 86 -6.351698e-02
57 72 -6.362540e-02
83 94 -6.372601e-02
8 36 -6.394448e-02
1 11 -6.396714e-02
54 97 -6.411340e-02
46 89 -6.414062e-02
32 87 -6.415952e-02
65 92 -6.417822e-02
15 52 -6.419794e-02
41 69 -6.422389e-02
33 45 -6.435790e-02
42 98 -6.436837e-02
35 64 -6.447498e-02
77 99 -6.447650e-02
7 82 -6.450492e-02
64 82 -6.454872e-02
57 79 -6.464593e-02
60 64 -6.471797e-02
61 89 -6.475834e-02
53 74 -6.500520e-02
8 32 -6.501133e-02
17 66 -6.519705e-02
8 46 -6.528094e-02
12 72 -6.536578e-02
38 43 -6.542988e-02
5 14 -6.551938e-02
20 69 -6.562702e-02
82 92 -6.566596e-02
9 77 -6.581856e-02
54 98 -6.582109e-02
64 85 -6.583932e-02
31 73 -6.584585e-02
25 42 -6.589225e-02
8 28 -6.590400e-02
31 90 -6.606754e-02
2 46 -6.610626e-02
21 98 -6.622098e-02
54 59 -6.629644e-02
23 66 -6.632818e-02
2 66 -6.634041e-02
35 97 -6.636745e-02
13 72 -6.645548e-02
59 80 -6.647505e-02
12 56 -6.652094e-02
10 43 -6.653025e-02
21 97 -6.654268e-02
39 53 -6.654281e-02
16 63 -6.660056e-02
50 97 -6.660893e-02
5 43 -6.676241e-02
23 87 -6.683495e-02
46 53 -6.686900e-02
19 60 -6.689048e-02
64 97 -6.692286e-02
8 54 -6.713182e-02
33 44 -6.716271e-02
36 85 -6.717744e-02
38 94 -6.724767e-02
51 97 -6.730151e-02
6 33 -6.732470e-02
12 63 -6.739795e-02
55 96 -6.742206e-02
23 44 -6.743892e-02
30 35 -6.744580e-02
35 99 -6.759518e-02
9 14 -6.761844e-02
21 79 -6.778189e-02
55 62 -6.783133e-02
40 59 -6.801629e-02
3 12 -6.808680e-02
13 99 -6.820509e-02
44 89 -6.821177e-02
29 50 -6.829691e-02
51 82 -6.833043e-02
17 58 -6.845352e-02
24 67 -6.851822e-02
58 97 -6.852119e-02
9 78 -6.857285e-02
78 97 -6.858023e-02
36 43 -6.869127e-02
11 17 -6.874662e-02
48 87 -6.881992e-02
37 79 -6.886802e-02
23 32 -6.886826e-02
33 54 -6.897698e-02
19 47 -6.901337e-02
17 92 -6.908183e-02
11 35 -6.909274e-02
61 80 -6.911603e-02
66 77 -6.913993e-02
34 51 -6.931458e-02
28 94 -6.931572e-02
32 74 -6.932217e-02
45 85 -6.934117e-02
29 71 -6.937102e-02
52 71 -6.943281e-02
28 36 -6.951345e-02
4 63 -6.955554e-02
70 98 -6.956591e-02
64 92 -6.962191e-02
25 86 -6.962280e-02
7 96 -6.962621e-02
55 90 -6.963072e-02
80 86 -6.964243e-02
35 40 -6.964565e-02
32 63 -6.966521e-02
56 85 -6.968267e-02
53 94 -6.975013e-02
35 69 -6.985530e-02
3 61 -6.987277e-02
47 96 -6.990238e-02
31 81 -6.991046e-02
42 59 -6.991288e-02
14 34 -6.991422e-02
55 78 -7.003825e-02
16 65 -7.006795e-02
64 72 -7.008680e-02
63 85 -7.013932e-02
21 92 -7.016515e-02
46 84 -7.021697e-02
16 55 -7.021777e-02
6 86 -7.024558e-02
43 90 -7.041781e-02
11 67 -7.043059e-02
48 71 -7.043450e-02
32 50 -7.043771e-02
52 61 -7.063181e-02
44 98 -7.065667e-02
20 57 -7.078655e-02
20 80 -7.079130e-02
11 69 -7.081228e-02
16 19 -7.083473e-02
27 85 -7.089498e-02
6 54 -7.093027e-02
18 57 -7.102856e-02
34 68 -7.103041e-02
90 98 -7.103087e-02
4 45 -7.106865e-02
3 93 -7.113569e-02
16 23 -7.126256e-02
11 51 -7.136149e-02
41 97 -7.137477e-02
22 43 -7.143676e-02
48 97 -7.145716e-02
29 91 -7.147805e-02
73 91 -7.162865e-02
62 86 -7.172528e-02
56 90 -7.173618e-02
49 94 -7.178893e-02
9 72 -7.189057e-02
2 26 -7.191655e-02
25 38 -7.192044e-02
8 58 -7.211096e-02
2 36 -7.217275e-02
43 98 -7.218278e-02
53 70 -7.224747e-02
70 83 -7.225048e-02
4 54 -7.226168e-02
13 31 -7.227889e-02
30 34 -7.237940e-02
33 97 -7.255317e-02
61 79 -7.258401e-02
2 92 -7.260773e-02
35 62 -7.268471e-02
76 93 -7.270583e-02
20 96 -7.271961e-02
14 33 -7.288885e-02
29 98 -7.289042e-02
12 85 -7.296738e-02
36 71 -7.307118e-02
31 64 -7.307975e-02
50 72 -7.315972e-02
51 64 -7.316728e-02
12 44 -7.317700e-02
32 85 -7.328000e-02
18 77 -7.335751e-02
17 70 -7.345609e-02
31 94 -7.377326e-02
34 91 -7.380782e-02
36 67 -7.384331e-02
50 93 -7.386867e-02
20 68 -7.394955e-02
11 46 -7.398891e-02
60 80 -7.400069e-02
94 99 -7.402748e-02
90 94 -7.404219e-02
60 97 -7.427029e-02
11 86 -7.429040e-02
22 78 -7.431293e-02
42 77 -7.437592e-02
13 36 -7.439483e-02
27 53 -7.439497e-02
44 63 -7.443784e-02
10 20 -7.444483e-02
23 40 -7.450944e-02
11 65 -7.452541e-02
38 83 -7.456881e-02
38 63 -7.464788e-02
49 99 -7.466973e-02
93 98 -7.473791e-02
45 88 -7.480399e-02
6 70 -7.481130e-02
51 78 -7.482416e-02
32 79 -7.483079e-02
25 62 -7.506300e-02
64 96 -7.506530e-02
8 51 -7.516308e-02
28 70 -7.526598e-02
65 72 -7.535705e-02
5 53 -7.535876e-02
50 70 -7.537602e-02
18 47 -7.552883e-02
9 98 -7.557310e-02
2 7 -7.564246e-02
18 67 -7.574799e-02
45 98 -7.575964e-02
45 74 -7.582027e-02
45 79 -7.582162e-02
52 97 -7.584224e-02
18 61 -7.584796e-02
12 50 -7.591792e-02
12 57 -7.592967e-02
66 87 -7.593309e-02
23 72 -7.600172e-02
19 93 -7.602876e-02
76 82 -7.605677e-02
65 89 -7.605929e-02
22 69 -7.611804e-02
11 43 -7.613089e-02
37 82 -7.617021e-02
58 86 -7.620174e-02
13 56 -7.629955e-02
25 71 -7.637977e-02
77 95 -7.638989e-02
67 73 -7.643183e-02
5 34 -7.663647e-02
11 34 -7.670150e-02
28 99 -7.678032e-02
33 60 -7.679243e-02
8 74 -7.680541e-02
54 75 -7.684851e-02
6 66 -7.693795e-02
4 66 -7.699651e-02
16 49 -7.705589e-02
29 53 -7.711230e-02
23 51 -7.714895e-02
50 83 -7.722952e-02
23 79 -7.728959e-02
15 53 -7.735223e-02
22 63 -7.737060e-02
51 96 -7.739483e-02
58 74 -7.753608e-02
21 53 -7.763497e-02
5 18 -7.769337e-02
31 63 -7.780373e-02
8 37 -7.783899e-02
8 76 -7.784140e-02
15 70 -7.784678e-02
3 76 -7.801516e-02
4 81 -7.807881e-02
41 85 -7.809616e-02
10 56 -7.810266e-02
53 60 -7.819456e-02
77 98 -7.820223e-02
19 87 -7.830676e-02
56 80 -7.839598e-02
38 61 -7.848468e-02
29 90 -7.851227e-02
23 60 -7.852260e-02
12 83 -7.853200e-02
2 95 -7.861196e-02
16 56 -7.875092e-02
28 56 -7.876317e-02
62 67 -7.880234e-02
12 78 -7.881436e-02
37 75 -7.885198e-02
8 97 -7.894969e-02
13 96 -7.903194e-02
35 51 -7.911762e-02
70 80 -7.913402e-02
4 28 -7.922786e-02
21 70 -7.931900e-02
42 89 -7.955969e-02
44 66 -7.956131e-02
4 29 -7.964962e-02
22 31 -7.968560e-02
13 65 -7.977795e-02
65 75 -7.977919e-02
63 80 -7.980026e-02
56 97 -7.982247e-02
64 79 -8.003024e-02
15 60 -8.004176e-02
24 97 -8.008245e-02
64 77 -8.015228e-02
58 72 -8.017167e-02
6 74 -8.033401e-02
17 33 -8.037461e-02
52 79 -8.046896e-02
51 61 -8.047485e-02
37 61 -8.050352e-02
18 41 -8.053528e-02
15 84 -8.061006e-02
42 75 -8.075108e-02
22 50 -8.075968e-02
4 95 -8.076243e-02
34 98 -8.080135e-02
16 69 -8.086945e-02
42 96 -8.087840e-02
26 64 -8.096611e-02
9 53 -8.106889e-02
17 81 -8.110463e-02
26 50 -8.114491e-02
6 64 -8.119524e-02
31 88 -8.131949e-02
29 41 -8.146660e-02
52 84 -8.149602e-02
6 34 -8.156579e-02
61 78 -8.159957e-02
56 61 -8.165666e-02
51 77 -8.167271e-02
17 59 -8.181445e-02
40 56 -8.188455e-02
43 91 -8.190936e-02
13 22 -8.196215e-02
60 98 -8.204451e-02
16 76 -8.204815e-02
14 90 -8.206969e-02
13 51 -8.213106e-02
67 93 -8.219082e-02
5 55 -8.222618e-02
57 87 -8.238142e-02
5 61 -8.238652e-02
19 48 -8.239057e-02
19 33 -8.242514e-02
10 67 -8.253041e-02
18 60 -8.259511e-02
59 70 -8.259848e-02
57 76 -8.265638e-02
51 79 -8.272181e-02
44 80 -8.282731e-02
43 49 -8.294082e-02
15 91 -8.299412e-02
2 94 -8.302379e-02
2 47 -8.307722e-02
14 21 -8.311059e-02
54 92 -8.313304e-02
33 57 -8.316489e-02
10 63 -8.317100e-02
16 54 -8.321664e-02
20 93 -8.325555e-02
62 77 -8.341904e-02
10 98 -8.347101e-02
2 76 -8.354336e-02
72 96 -8.358426e-02
21 85 -8.360550e-02
41 84 -8.364422e-02
61 85 -8.366079e-02
38 82 -8.374219e-02
2 39 -8.375615e-02
16 35 -8.378779e-02
25 85 -8.379452e-02
11 55 -8.380712e-02
70 97 -8.382463e-02
2 27 -8.382474e-02
29 52 -8.389614e-02
54 87 -8.395993e-02
80 92 -8.401437e-02
5 28 -8.416793e-02
29 60 -8.446025e-02
12 55 -8.454255e-02
43 83 -8.460645e-02
14 62 -8.462956e-02
37 93 -8.468197e-02
51 91 -8.483449e-02
33 98 -8.492622e-02
39 52 -8.492958e-02
46 52 -8.495164e-02
76 85 -8.495253e-02
68 79 -8.502682e-02
18 86 -8.507739e-02
27 62 -8.513606e-02
60 65 -8.527418e-02
9 56 -8.529310e-02
22 90 -8.530467e-02
22 46 -8.536232e-02
48 80 -8.544998e-02
23 57 -8.546420e-02
21 75 -8.560451e-02
28 62 -8.574227e-02
70 82 -8.574673e-02
83 90 -8.579611e-02
18 44 -8.586677e-02
60 83 -8.609496e-02
11 96 -8.615972e-02
12 53 -8.617079e-02
44 83 -8.625467e-02
61 81 -8.628540e-02
23 77 -8.634131e-02
26 88 -8.642893e-02
21 93 -8.646307e-02
64 71 -8.649612e-02
5 56 -8.651660e-02
40 81 -8.656404e-02
47 83 -8.656533e-02
47 92 -8.672950e-02
22 92 -8.674597e-02
3 23 -8.685263e-02
5 75 -8.692019e-02
16 73 -8.694057e-02
49 98 -8.695040e-02
64 98 -8.696273e-02
5 23 -8.697511e-02
57 82 -8.705013e-02
14 97 -8.705804e-02
2 93 -8.715351e-02
75 93 -8.718199e-02
4 87 -8.723075e-02
42 54 -8.726323e-02
29 56 -8.733300e-02
25 43 -8.736518e-02
67 85 -8.741290e-02
34 84 -8.743978e-02
33 80 -8.760894e-02
50 64 -8.771777e-02
65 81 -8.773477e-02
20 72 -8.776064e-02
17 80 -8.776404e-02
31 50 -8.797690e-02
11 48 -8.798029e-02
33 59 -8.804611e-02
64 74 -8.820852e-02
14 80 -8.821925e-02
10 79 -8.823361e-02
10 27 -8.825787e-02
3 65 -8.833108e-02
3 86 -8.836939e-02
30 51 -8.838791e-02
56 94 -8.843838e-02
30 73 -8.848042e-02
38 49 -8.848815e-02
15 37 -8.869321e-02
84 97 -8.870452e-02
26 61 -8.879272e-02
4 33 -8.885311e-02
42 72 -8.893098e-02
5 22 -8.893108e-02
66 74 -8.901472e-02
33 82 -8.911482e-02
21 59 -8.911564e-02
36 87 -8.916795e-02
57 69 -8.920265e-02
17 51 -8.921535e-02
38 90 -8.925689e-02
56 59 -8.926923e-02
47 66 -8.959109e-02
19 44 -8.959502e-02
63 68 -8.972590e-02
8 63 -8.978557e-02
29 76 -8.980434e-02
21 74 -8.992155e-02
16 51 -8.992923e-02
38 84 -8.993535e-02
6 59 -9.000637e-02
15 64 -9.006073e-02
2 12 -9.007757e-02
43 92 -9.018827e-02
28 80 -9.021055e-02
8 78 -9.025193e-02
5 64 -9.025477e-02
47 97 -9.035815e-02
52 76 -9.042715e-02
19 74 -9.055398e-02
9 69 -9.060703e-02
21 28 -9.067367e-02
63 82 -9.077682e-02
30 54 -9.087375e-02
10 88 -9.088534e-02
56 72 -9.093033e-02
3 90 -9.095296e-02
36 55 -9.098660e-02
29 35 -9.105943e-02
44 85 -9.109740e-02
39 92 -9.127842e-02
57 70 -9.133030e-02
55 69 -9.151890e-02
39 59 -9.154223e-02
13 35 -9.156707e-02
24 43 -9.156937e-02
74 95 -9.163551e-02
20 38 -9.167688e-02
11 42 -9.168734e-02
7 30 -9.169468e-02
16 84 -9.174677e-02
30 48 -9.178767e-02
47 63 -9.187528e-02
7 64 -9.191025e-02
16 60 -9.195805e-02
70 91 -9.200884e-02
10 51 -9.206117e-02
39 77 -9.208690e-02
63 78 -9.210831e-02
24 69 -9.211719e-02
37 96 -9.213765e-02
37 91 -9.218002e-02
38 56 -9.224805e-02
12 69 -9.236272e-02
35 48 -9.246149e-02
22 36 -9.249741e-02
39 87 -9.252432e-02
30 82 -9.266050e-02
73 99 -9.274802e-02
11 16 -9.282509e-02
35 55 -9.287955e-02
52 93 -9.303770e-02
58 69 -9.304299e-02
2 44 -9.321706e-02
20 53 -9.344297e-02
39 63 -9.348221e-02
51 90 -9.349194e-02
92 97 -9.355432e-02
26 47 -9.362500e-02
21 90 -9.369213e-02
8 45 -9.373541e-02
55 66 -9.377252e-02
19 65 -9.378451e-02
8 53 -9.382904e-02
31 79 -9.383884e-02
62 92 -9.386818e-02
28 43 -9.388862e-02
4 60 -9.391414e-02
38 91 -9.393438e-02
51 74 -9.399181e-02
33 74 -9.409887e-02
14 35 -9.415555e-02
25 87 -9.417586e-02
20 76 -9.418425e-02
38 62 -9.432113e-02
9 83 -9.437378e-02
65 87 -9.443017e-02
33 43 -9.445518e-02
54 89 -9.458527e-02
31 62 -9.471160e-02
40 87 -9.494234e-02
22 72 -9.494711e-02
8 41 -9.502588e-02
49 92 -9.502979e-02
7 61 -9.506355e-02
73 88 -9.511386e-02
3 54 -9.512689e-02
23 45 -9.526987e-02
63 86 -9.532066e-02
33 55 -9.535135e-02
10 28 -9.537540e-02
50 92 -9.550301e-02
23 84 -9.550468e-02
65 88 -9.555051e-02
41 48 -9.561510e-02
35 47 -9.564818e-02
33 94 -9.568439e-02
30 84 -9.569248e-02
72 79 -9.569378e-02
4 68 -9.569729e-02
4 43 -9.600862e-02
33 84 -9.606200e-02
48 83 -9.611696e-02
42 52 -9.626226e-02
46 79 -9.628187e-02
23 38 -9.632098e-02
49 74 -9.634024e-02
7 52 -9.653548e-02
34 48 -9.666772e-02
6 37 -9.669207e-02
12 38 -9.672285e-02
12 41 -9.697348e-02
10 74 -9.698841e-02
18 71 -9.704887e-02
62 88 -9.707502e-02
53 85 -9.715429e-02
31 54 -9.716483e-02
14 47 -9.722467e-02
10 26 -9.730054e-02
19 42 -9.734112e-02
42 86 -9.746839e-02
26 91 -9.752101e-02
64 75 -9.791951e-02
30 81 -9.801782e-02
8 69 -9.803056e-02
3 71 -9.806501e-02
70 89 -9.833391e-02
5 96 -9.834362e-02
49 80 -9.843348e-02
4 34 -9.865354e-02
37 50 -9.875696e-02
29 57 -9.875953e-02
37 58 -9.881394e-02
35 93 -9.892533e-02
25 55 -9.905525e-02
75 79 -9.909016e-02
33 83 -9.913659e-02
50 76 -9.916776e-02
2 73 -9.921264e-02
22 81 -9.936071e-02
7 9 -9.937329e-02
10 53 -9.939272e-02
15 25 -9.940189e-02
12 49 -9.948491e-02
13 50 -9.949731e-02
20 43 -9.959803e-02
53 87 -9.962688e-02
37 89 -9.963952e-02
17 53 -9.966481e-02
19 27 -9.982313e-02
55 91 -9.988705e-02
20 88 -1.000202e-01
47 91 -1.001251e-01
33 78 -1.001430e-01
20 39 -1.002745e-01
5 24 -1.003922e-01
4 82 -1.005639e-01
18 87 -1.005958e-01
13 54 -1.006246e-01
44 93 -1.007296e-01
29 72 -1.007474e-01
41 75 -1.007904e-01
20 73 -1.008351e-01
5 20 -1.008544e-01
26 77 -1.008602e-01
4 65 -1.010380e-01
9 31 -1.011021e-01
32 67 -1.011705e-01
14 60 -1.011861e-01
12 58 -1.012704e-01
60 68 -1.012767e-01
23 75 -1.013016e-01
42 67 -1.013729e-01
23 85 -1.014290e-01
31 98 -1.015583e-01
14 56 -1.015610e-01
5 67 -1.015935e-01
26 51 -1.016230e-01
73 83 -1.017641e-01
30 45 -1.017968e-01
42 73 -1.017974e-01
23 39 -1.018100e-01
25 66 -1.018612e-01
55 72 -1.019625e-01
23 31 -1.019649e-01
12 79 -1.021058e-01
22 89 -1.021333e-01
12 80 -1.022505e-01
12 89 -1.023658e-01
15 76 -1.023946e-01
24 92 -1.024965e-01
4 71 -1.025401e-01
58 89 -1.025507e-01
23 42 -1.026453e-01
67 89 -1.026775e-01
71 83 -1.028125e-01
3 67 -1.028382e-01
33 79 -1.028466e-01
61 86 -1.029105e-01
47 77 -1.029886e-01
25 84 -1.031403e-01
86 96 -1.031502e-01
43 47 -1.033481e-01
2 69 -1.033486e-01
23 46 -1.033845e-01
22 74 -1.034438e-01
24 79 -1.034490e-01
48 63 -1.034802e-01
10 64 -1.034862e-01
4 67 -1.038778e-01
25 39 -1.039344e-01
46 77 -1.040375e-01
46 85 -1.040496e-01
3 45 -1.040780e-01
40 82 -1.041174e-01
42 49 -1.042034e-01
7 78 -1.042582e-01
6 90 -1.042664e-01
6 52 -1.043886e-01
23 55 -1.045366e-01
60 96 -1.045371e-01
28 92 -1.047842e-01
26 74 -1.048392e-01
26 56 -1.048688e-01
30 59 -1.049185e-01
12 75 -1.050070e-01
15 51 -1.051301e-01
23 33 -1.051682e-01
16 58 -1.053032e-01
22 51 -1.053571e-01
13 86 -1.054408e-01
15 16 -1.056372e-01
8 52 -1.056676e-01
21 77 -1.056859e-01
44 55 -1.057069e-01
34 74 -1.058635e-01
36 51 -1.058712e-01
38 55 -1.059404e-01
51 65 -1.059757e-01
11 27 -1.060062e-01
4 23 -1.060565e-01
23 49 -1.061005e-01
33 42 -1.061570e-01
49 64 -1.061731e-01
32 95 -1.061928e-01
21 42 -1.062269e-01
8 88 -1.062301e-01
3 95 -1.063277e-01
44 82 -1.063464e-01
54 70 -1.065193e-01
9 42 -1.065226e-01
58 66 -1.065573e-01
79 88 -1.065800e-01
11 54 -1.065860e-01
6 62 -1.065921e-01
60 76 -1.066317e-01
11 76 -1.066654e-01
42 79 -1.067330e-01
21 88 -1.068254e-01
56 87 -1.070305e-01
5 84 -1.071051e-01
34 60 -1.071609e-01
35 60 -1.071660e-01
46 57 -1.072574e-01
67 84 -1.072643e-01
4 72 -1.072772e-01
32 93 -1.073580e-01
5 11 -1.073602e-01
6 30 -1.076443e-01
15 30 -1.076713e-01
70 93 -1.077880e-01
14 59 -1.078306e-01
17 32 -1.078534e-01
25 76 -1.079052e-01
90 99 -1.081753e-01
68 83 -1.082076e-01
8 24 -1.082508e-01
15 94 -1.082878e-01
27 87 -1.083132e-01
54 99 -1.083184e-01
30 86 -1.083836e-01
38 89 -1.084015e-01
30 60 -1.084257e-01
47 90 -1.084356e-01
6 97 -1.084635e-01
35 63 -1.085782e-01
8 91 -1.086012e-01
30 85 -1.088325e-01
12 64 -1.088404e-01
29 64 -1.088736e-01
80 96 -1.088841e-01
3 11 -1.088900e-01
39 66 -1.090016e-01
44 60 -1.090967e-01
48 98 -1.092468e-01
20 75 -1.093171e-01
24 70 -1.093845e-01
45 55 -1.094387e-01
57 85 -1.094671e-01
70 84 -1.094914e-01
29 85 -1.095361e-01
13 49 -1.095583e-01
9 86 -1.096425e-01
61 76 -1.097367e-01
71 99 -1.099898e-01
47 70 -1.099959e-01
29 88 -1.100033e-01
80 94 -1.100072e-01
2 62 -1.100136e-01
28 58 -1.101726e-01
60 72 -1.104516e-01
55 60 -1.104936e-01
26 63 -1.105320e-01
3 38 -1.105761e-01
48 51 -1.105915e-01
38 53 -1.108424e-01
18 92 -1.108880e-01
15 97 -1.109280e-01
52 99 -1.109772e-01
34 50 -1.110292e-01
16 83 -1.110307e-01
27 76 -1.111052e-01
10 71 -1.114337e-01
63 87 -1.114446e-01
34 44 -1.114481e-01
8 75 -1.116118e-01
5 57 -1.116494e-01
36 80 -1.117899e-01
65 80 -1.118719e-01
29 49 -1.119243e-01
16 82 -1.121077e-01
21 47 -1.121299e-01
21 95 -1.122805e-01
18 96 -1.123381e-01
31 96 -1.123944e-01
70 94 -1.124189e-01
17 54 -1.124510e-01
50 75 -1.125048e-01
58 95 -1.125198e-01
23 36 -1.125419e-01
37 54 -1.126564e-01
50 60 -1.127264e-01
26 59 -1.128108e-01
25 54 -1.128132e-01
5 76 -1.128913e-01
8 79 -1.129913e-01
11 49 -1.130252e-01
16 75 -1.131215e-01
30 50 -1.131556e-01
39 64 -1.131747e-01
26 93 -1.132291e-01
20 46 -1.133391e-01
41 80 -1.133755e-01
38 69 -1.133998e-01
42 58 -1.134799e-01
68 77 -1.135630e-01
4 40 -1.135648e-01
23 35 -1.136430e-01
10 57 -1.136473e-01
78 91 -1.136652e-01
13 98 -1.136946e-01
27 89 -1.139377e-01
37 57 -1.140105e-01
40 91 -1.144625e-01
10 31 -1.145349e-01
12 20 -1.147586e-01
58 88 -1.147814e-01
18 80 -1.148222e-01
31 59 -1.148467e-01
53 68 -1.150112e-01
30 93 -1.150984e-01
21 49 -1.153287e-01
59 76 -1.153989e-01
19 57 -1.154057e-01
21 57 -1.154706e-01
53 65 -1.157107e-01
37 83 -1.157352e-01
39 48 -1.157501e-01
34 42 -1.158252e-01
18 73 -1.158450e-01
35 92 -1.158747e-01
15 58 -1.159826e-01
5 39 -1.161356e-01
37 98 -1.163016e-01
33 47 -1.163910e-01
19 30 -1.164717e-01
25 93 -1.165172e-01
60 66 -1.165554e-01
13 24 -1.169688e-01
44 88 -1.169719e-01
58 70 -1.170822e-01
13 66 -1.173218e-01
31 53 -1.173331e-01
64 90 -1.173359e-01
33 41 -1.175989e-01
26 86 -1.176095e-01
36 66 -1.176172e-01
69 83 -1.177163e-01
8 61 -1.177251e-01
31 89 -1.177478e-01
25 48 -1.178055e-01
37 97 -1.178595e-01
7 84 -1.179060e-01
17 23 -1.180490e-01
43 80 -1.181360e-01
44 47 -1.185080e-01
38 66 -1.185338e-01
24 57 -1.188129e-01
25 60 -1.189730e-01
9 64 -1.193292e-01
16 79 -1.194669e-01
13 90 -1.195293e-01
48 99 -1.195403e-01
9 70 -1.195995e-01
7 34 -1.196363e-01
55 76 -1.196397e-01
62 82 -1.196531e-01
12 47 -1.196554e-01
23 41 -1.197104e-01
12 71 -1.198902e-01
26 83 -1.199109e-01
73 84 -1.201176e-01
10 97 -1.202456e-01
44 79 -1.202793e-01
11 36 -1.203149e-01
34 47 -1.203411e-01
10 22 -1.204668e-01
60 85 -1.205230e-01
57 74 -1.205232e-01
15 86 -1.206245e-01
36 82 -1.206245e-01
26 31 -1.208716e-01
21 26 -1.208814e-01
3 29 -1.210627e-01
44 58 -1.210977e-01
47 56 -1.212498e-01
17 26 -1.212680e-01
34 90 -1.214135e-01
51 76 -1.214426e-01
19 43 -1.214436e-01
31 70 -1.217053e-01
63 76 -1.217561e-01
70 79 -1.217564e-01
3 69 -1.219185e-01
46 81 -1.220106e-01
36 65 -1.220146e-01
72 99 -1.220918e-01
22 44 -1.221666e-01
3 37 -1.222431e-01
67 75 -1.222878e-01
21 48 -1.222914e-01
62 89 -1.223629e-01
39 40 -1.223880e-01
29 79 -1.224919e-01
57 97 -1.225667e-01
27 64 -1.226171e-01
6 67 -1.226437e-01
26 82 -1.226782e-01
51 83 -1.227077e-01
51 67 -1.230269e-01
37 65 -1.230769e-01
5 59 -1.231277e-01
37 64 -1.231475e-01
39 60 -1.232972e-01
73 82 -1.234114e-01
4 31 -1.238046e-01
31 66 -1.238207e-01
26 34 -1.239729e-01
9 41 -1.240262e-01
6 53 -1.241488e-01
2 68 -1.241686e-01
57 94 -1.241815e-01
14 32 -1.242294e-01
17 62 -1.242580e-01
19 28 -1.242715e-01
56 93 -1.245038e-01
28 75 -1.245588e-01
30 99 -1.247008e-01
12 95 -1.247601e-01
43 84 -1.248225e-01
13 18 -1.250729e-01
24 50 -1.250871e-01
64 86 -1.251242e-01
54 91 -1.251364e-01
13 81 -1.253058e-01
14 49 -1.253688e-01
25 41 -1.255152e-01
81 90 -1.255439e-01
32 98 -1.256839e-01
3 64 -1.257519e-01
28 69 -1.258444e-01
8 43 -1.259479e-01
44 99 -1.259531e-01
38 78 -1.261283e-01
43 61 -1.262933e-01
59 89 -1.263009e-01
38 42 -1.263629e-01
74 98 -1.265253e-01
23 47 -1.268575e-01
62 75 -1.269461e-01
6 85 -1.269483e-01
51 86 -1.272226e-01
55 86 -1.272597e-01
17 88 -1.273568e-01
57 65 -1.274140e-01
6 25 -1.274754e-01
4 85 -1.274825e-01
30 94 -1.276739e-01
45 61 -1.277771e-01
6 40 -1.277995e-01
59 74 -1.278286e-01
10 15 -1.280855e-01
8 23 -1.280957e-01
29 45 -1.281902e-01
7 85 -1.282247e-01
35 45 -1.282758e-01
38 51 -1.284101e-01
50 66 -1.284345e-01
38 81 -1.284372e-01
22 39 -1.284501e-01
26 52 -1.284686e-01
31 85 -1.284714e-01
5 9 -1.285138e-01
27 55 -1.285167e-01
6 68 -1.286811e-01
35 84 -1.287066e-01
34 72 -1.288410e-01
7 57 -1.288433e-01
11 72 -1.291071e-01
33 46 -1.293461e-01
10 85 -1.294670e-01
12 82 -1.295469e-01
14 81 -1.295502e-01
6 28 -1.296093e-01
60 78 -1.296728e-01
38 67 -1.297369e-01
17 76 -1.298867e-01
18 68 -1.299183e-01
50 86 -1.299677e-01
29 70 -1.299978e-01
15 54 -1.300009e-01
12 92 -1.301273e-01
37 44 -1.302372e-01
28 81 -1.302505e-01
35 80 -1.302548e-01
10 86 -1.304364e-01
16 37 -1.306949e-01
41 54 -1.307583e-01
5 37 -1.307888e-01
19 46 -1.308509e-01
18 95 -1.308842e-01
18 93 -1.308958e-01
6 87 -1.309266e-01
52 87 -1.309479e-01
33 99 -1.309551e-01
14 22 -1.311619e-01
6 60 -1.313592e-01
65 78 -1.314906e-01
49 83 -1.315218e-01
5 49 -1.315527e-01
27 99 -1.316514e-01
58 83 -1.317986e-01
18 48 -1.318322e-01
22 95 -1.322299e-01
3 36 -1.324149e-01
25 59 -1.324172e-01
41 86 -1.324909e-01
10 23 -1.326649e-01
89 95 -1.326705e-01
19 75 -1.326766e-01
18 45 -1.327092e-01
41 57 -1.327475e-01
49 78 -1.327588e-01
46 73 -1.327933e-01
40 92 -1.328102e-01
25 82 -1.328223e-01
40 79 -1.328828e-01
48 75 -1.329931e-01
16 93 -1.330083e-01
44 71 -1.330356e-01
19 49 -1.331293e-01
6 46 -1.334022e-01
15 49 -1.334329e-01
27 84 -1.334754e-01
37 80 -1.336010e-01
10 92 -1.336121e-01
33 63 -1.336560e-01
10 62 -1.336625e-01
58 94 -1.337521e-01
4 84 -1.337994e-01
38 60 -1.339980e-01
9 97 -1.340041e-01
32 62 -1.341055e-01
45 53 -1.341524e-01
75 99 -1.342055e-01
34 46 -1.342230e-01
24 85 -1.343373e-01
12 61 -1.343811e-01
25 72 -1.345164e-01
50 62 -1.345202e-01
5 86 -1.348039e-01
6 65 -1.348405e-01
21 37 -1.350321e-01
36 98 -1.351076e-01
55 87 -1.351912e-01
41 50 -1.352830e-01
51 81 -1.352892e-01
24 78 -1.353964e-01
54 76 -1.354378e-01
9 27 -1.354960e-01
18 42 -1.356656e-01
9 80 -1.356664e-01
47 85 -1.357232e-01
44 50 -1.357543e-01
48 88 -1.358184e-01
10 35 -1.358336e-01
65 86 -1.358753e-01
18 49 -1.359985e-01
41 58 -1.360176e-01
23 50 -1.360263e-01
17 87 -1.361008e-01
27 94 -1.361151e-01
10 96 -1.361251e-01
46 70 -1.361756e-01
4 93 -1.362189e-01
54 90 -1.362289e-01
35 54 -1.362686e-01
8 60 -1.363112e-01
21 61 -1.365530e-01
67 78 -1.367368e-01
67 87 -1.367618e-01
48 52 -1.370063e-01
32 88 -1.370144e-01
47 79 -1.374099e-01
6 23 -1.374211e-01
33 51 -1.374235e-01
30 80 -1.374561e-01
38 54 -1.375520e-01
12 70 -1.375628e-01
40 55 -1.376643e-01
14 98 -1.377271e-01
59 96 -1.377986e-01
30 55 -1.378232e-01
26 78 -1.379069e-01
9 44 -1.379312e-01
3 43 -1.380483e-01
25 73 -1.381492e-01
48 77 -1.382558e-01
90 95 -1.384729e-01
30 40 -1.384919e-01
5 77 -1.385917e-01
19 88 -1.386502e-01
14 66 -1.386587e-01
10 83 -1.386767e-01
27 41 -1.388159e-01
84 90 -1.388735e-01
50 88 -1.388862e-01
90 97 -1.388877e-01
45 70 -1.389243e-01
40 48 -1.389471e-01
39 44 -1.389582e-01
20 51 -1.390573e-01
8 94 -1.391023e-01
33 89 -1.391522e-01
62 85 -1.391606e-01
15 98 -1.391961e-01
31 99 -1.392557e-01
5 51 -1.394579e-01
53 73 -1.394923e-01
7 48 -1.397239e-01
26 85 -1.399891e-01
2 75 -1.400172e-01
14 45 -1.400190e-01
45 90 -1.400351e-01
17 63 -1.402408e-01
10 40 -1.403694e-01
17 78 -1.406959e-01
50 79 -1.407349e-01
4 79 -1.407656e-01
40 83 -1.407924e-01
75 95 -1.408205e-01
88 94 -1.408820e-01
46 88 -1.409282e-01
8 29 -1.410535e-01
19 91 -1.412347e-01
36 99 -1.412416e-01
33 69 -1.412611e-01
42 70 -1.412661e-01
28 83 -1.413408e-01
15 73 -1.413994e-01
25 89 -1.414506e-01
8 86 -1.414588e-01
14 64 -1.415206e-01
55 70 -1.416047e-01
4 48 -1.419537e-01
22 96 -1.420000e-01
33 85 -1.420340e-01
7 58 -1.420863e-01
50 77 -1.421002e-01
43 88 -1.421419e-01
22 57 -1.421840e-01
36 46 -1.422443e-01
77 89 -1.423992e-01
23 67 -1.424874e-01
74 82 -1.425376e-01
78 98 -1.426629e-01
3 27 -1.428905e-01
22 75 -1.429847e-01
28 65 -1.430881e-01
38 65 -1.431602e-01
65 77 -1.434133e-01
42 51 -1.434279e-01
51 73 -1.435239e-01
29 81 -1.436618e-01
66 75 -1.436687e-01
26 97 -1.436893e-01
2 74 -1.437127e-01
44 90 -1.437187e-01
28 91 -1.438344e-01
26 54 -1.441342e-01
32 81 -1.441727e-01
11 78 -1.442529e-01
9 74 -1.443164e-01
16 66 -1.445523e-01
44 54 -1.446625e-01
30 43 -1.447087e-01
27 83 -1.447095e-01
8 70 -1.449394e-01
13 62 -1.449489e-01
49 79 -1.451150e-01
27 34 -1.451261e-01
10 17 -1.454588e-01
34 92 -1.454977e-01
6 81 -1.455416e-01
24 77 -1.456125e-01
8 77 -1.456422e-01
14 82 -1.456998e-01
61 72 -1.458848e-01
50 96 -1.460007e-01
64 89 -1.462269e-01
58 71 -1.464288e-01
48 74 -1.466213e-01
23 95 -1.466868e-01
53 91 -1.467316e-01
34 78 -1.467471e-01
19 45 -1.468016e-01
32 92 -1.468746e-01
54 71 -1.468754e-01
42 61 -1.469120e-01
52 86 -1.470576e-01
67 91 -1.470929e-01
14 36 -1.471411e-01
34 96 -1.472348e-01
13 52 -1.472718e-01
32 83 -1.472896e-01
11 70 -1.473074e-01
34 95 -1.473297e-01
50 85 -1.473788e-01
28 78 -1.474151e-01
4 92 -1.477647e-01
28 79 -1.479368e-01
35 98 -1.479431e-01
45 97 -1.480305e-01
62 76 -1.480466e-01
57 86 -1.480704e-01
63 71 -1.481677e-01
53 76 -1.482943e-01
36 95 -1.483261e-01
46 72 -1.483371e-01
59 72 -1.484725e-01
43 75 -1.486267e-01
22 67 -1.487283e-01
28 42 -1.488615e-01
67 70 -1.489629e-01
24 42 -1.489694e-01
68 76 -1.491015e-01
15 72 -1.491284e-01
11 39 -1.492450e-01
10 16 -1.492909e-01
46 98 -1.493740e-01
23 89 -1.495429e-01
36 81 -1.495523e-01
65 85 -1.495543e-01
28 72 -1.495872e-01
24 54 -1.497355e-01
29 59 -1.497395e-01
2 40 -1.498149e-01
7 66 -1.498355e-01
40 85 -1.498460e-01
59 71 -1.499308e-01
26 35 -1.499695e-01
34 63 -1.500598e-01
39 46 -1.500609e-01
11 80 -1.501739e-01
57 78 -1.502309e-01
22 88 -1.505833e-01
39 89 -1.506385e-01
67 88 -1.506893e-01
12 73 -1.508112e-01
57 73 -1.509364e-01
42 50 -1.511580e-01
10 77 -1.513779e-01
60 87 -1.516099e-01
28 88 -1.517151e-01
7 16 -1.517616e-01
18 29 -1.517907e-01
15 42 -1.518060e-01
24 88 -1.521714e-01
49 71 -1.521935e-01
59 75 -1.522755e-01
20 74 -1.523870e-01
43 55 -1.525955e-01
27 69 -1.528397e-01
11 98 -1.529155e-01
27 81 -1.529658e-01
48 92 -1.530149e-01
26 38 -1.531104e-01
35 91 -1.532946e-01
48 95 -1.535171e-01
29 75 -1.536096e-01
22 45 -1.536847e-01
30 88 -1.540048e-01
27 60 -1.541777e-01
86 91 -1.544291e-01
16 46 -1.544573e-01
48 78 -1.544841e-01
36 89 -1.546901e-01
14 92 -1.547979e-01
12 74 -1.548187e-01
31 61 -1.550637e-01
24 98 -1.551433e-01
83 88 -1.551662e-01
14 50 -1.552697e-01
15 33 -1.554089e-01
16 57 -1.556818e-01
24 45 -1.557339e-01
43 53 -1.557400e-01
30 77 -1.557632e-01
15 68 -1.558565e-01
18 88 -1.558580e-01
23 78 -1.559530e-01
87 99 -1.564047e-01
14 77 -1.564282e-01
47 67 -1.564840e-01
20 61 -1.565446e-01
10 58 -1.565792e-01
61 73 -1.568077e-01
14 51 -1.570309e-01
24 94 -1.571104e-01
30 97 -1.571418e-01
70 85 -1.574352e-01
11 81 -1.575242e-01
21 91 -1.576312e-01
5 82 -1.580577e-01
38 47 -1.584312e-01
21 71 -1.585305e-01
65 90 -1.585432e-01
32 69 -1.586550e-01
51 93 -1.588154e-01
77 93 -1.589434e-01
28 74 -1.590016e-01
7 36 -1.590029e-01
37 53 -1.592003e-01
11 52 -1.597343e-01
5 94 -1.597510e-01
17 29 -1.597886e-01
10 95 -1.598062e-01
41 66 -1.598713e-01
24 73 -1.599581e-01
26 73 -1.599884e-01
23 52 -1.599894e-01
15 66 -1.600690e-01
25 57 -1.601271e-01
49 70 -1.601497e-01
16 78 -1.603318e-01
3 62 -1.603361e-01
79 90 -1.603944e-01
5 73 -1.604432e-01
47 72 -1.604539e-01
39 88 -1.604725e-01
52 75 -1.604934e-01
42 91 -1.605903e-01
26 94 -1.607070e-01
6 57 -1.609117e-01
28 47 -1.610640e-01
7 67 -1.610657e-01
57 84 -1.611286e-01
42 90 -1.612664e-01
21 76 -1.614491e-01
26 70 -1.618271e-01
44 92 -1.618885e-01
36 60 -1.621394e-01
25 61 -1.621491e-01
44 53 -1.621611e-01
14 55 -1.621721e-01
40 61 -1.622396e-01
60 82 -1.622613e-01
53 88 -1.624269e-01
20 49 -1.625798e-01
4 89 -1.628291e-01
46 51 -1.629436e-01
29 74 -1.631201e-01
30 72 -1.631891e-01
17 75 -1.632580e-01
11 23 -1.632784e-01
54 73 -1.634070e-01
37 68 -1.634432e-01
8 30 -1.635657e-01
15 67 -1.636153e-01
40 54 -1.638587e-01
31 95 -1.639399e-01
36 59 -1.644080e-01
39 93 -1.647004e-01
70 99 -1.648044e-01
6 76 -1.650206e-01
17 42 -1.652155e-01
41 49 -1.652289e-01
40 72 -1.653360e-01
4 62 -1.653699e-01
3 72 -1.653755e-01
42 74 -1.655374e-01
7 71 -1.656542e-01
48 68 -1.656676e-01
50 87 -1.656894e-01
71 93 -1.657543e-01
26 98 -1.657643e-01
16 48 -1.660589e-01
74 93 -1.662513e-01
24 95 -1.664536e-01
69 81 -1.664654e-01
15 44 -1.664764e-01
65 94 -1.667114e-01
28 73 -1.670703e-01
27 78 -1.673239e-01
38 48 -1.674203e-01
27 49 -1.674827e-01
12 76 -1.675695e-01
22 40 -1.676377e-01
50 65 -1.678342e-01
15 95 -1.678422e-01
26 32 -1.679570e-01
68 80 -1.680355e-01
13 67 -1.683283e-01
25 67 -1.688126e-01
6 27 -1.688196e-01
46 61 -1.688223e-01
59 94 -1.689544e-01
82 95 -1.690011e-01
40 63 -1.690522e-01
41 51 -1.691844e-01
33 90 -1.692852e-01
36 57 -1.694526e-01
66 86 -1.694929e-01
14 24 -1.695954e-01
16 94 -1.696111e-01
14 83 -1.703114e-01
25 70 -1.703329e-01
53 92 -1.703437e-01
28 48 -1.704322e-01
37 62 -1.704867e-01
37 84 -1.705238e-01
2 99 -1.707188e-01
15 24 -1.707492e-01
29 68 -1.709125e-01
7 99 -1.714384e-01
36 61 -1.715112e-01
48 55 -1.715591e-01
40 67 -1.719448e-01
33 77 -1.719530e-01
10 76 -1.719764e-01
51 72 -1.720255e-01
45 96 -1.720563e-01
18 27 -1.722203e-01
41 79 -1.722654e-01
10 41 -1.723454e-01
10 68 -1.726858e-01
4 42 -1.727257e-01
10 52 -1.728393e-01
14 57 -1.731113e-01
38 68 -1.732081e-01
25 95 -1.732456e-01
61 75 -1.734320e-01
63 88 -1.734369e-01
35 57 -1.735086e-01
53 69 -1.735783e-01
48 56 -1.736543e-01
19 70 -1.738068e-01
7 53 -1.744378e-01
16 81 -1.745760e-01
30 95 -1.747617e-01
23 96 -1.749226e-01
16 42 -1.749343e-01
9 73 -1.750242e-01
23 74 -1.751775e-01
18 74 -1.752039e-01
84 88 -1.753496e-01
12 81 -1.756564e-01
6 41 -1.756640e-01
16 89 -1.764234e-01
16 68 -1.766057e-01
35 59 -1.766200e-01
28 85 -1.769398e-01
5 93 -1.771597e-01
20 70 -1.771638e-01
48 72 -1.771659e-01
26 41 -1.773879e-01
66 90 -1.777329e-01
16 52 -1.777493e-01
11 83 -1.777748e-01
14 41 -1.777861e-01
10 66 -1.783707e-01
52 74 -1.784054e-01
77 96 -1.787191e-01
5 63 -1.787596e-01
48 53 -1.788081e-01
5 60 -1.788623e-01
66 72 -1.788765e-01
11 28 -1.789434e-01
11 50 -1.789955e-01
7 63 -1.791205e-01
45 75 -1.794031e-01
73 93 -1.794847e-01
51 66 -1.795356e-01
59 92 -1.799095e-01
38 59 -1.800603e-01
41 95 -1.801605e-01
49 85 -1.801720e-01
59 66 -1.803753e-01
13 37 -1.808608e-01
8 55 -1.809250e-01
58 68 -1.809508e-01
4 36 -1.809849e-01
68 85 -1.810470e-01
43 96 -1.810472e-01
27 82 -1.810893e-01
33 58 -1.812029e-01
31 87 -1.813050e-01
57 75 -1.813779e-01
40 84 -1.813979e-01
57 77 -1.814754e-01
10 29 -1.816034e-01
29 80 -1.817137e-01
45 72 -1.817507e-01
9 40 -1.819183e-01
15 96 -1.822237e-01
48 86 -1.823440e-01
16 62 -1.824819e-01
51 71 -1.825964e-01
22 87 -1.826501e-01
18 91 -1.827589e-01
5 40 -1.834664e-01
35 67 -1.837753e-01
28 59 -1.838128e-01
19 85 -1.838999e-01
49 65 -1.839540e-01
7 59 -1.840694e-01
9 81 -1.841888e-01
27 95 -1.842211e-01
36 68 -1.843695e-01
19 84 -1.844033e-01
7 24 -1.845994e-01
55 92 -1.846760e-01
6 14 -1.847291e-01
8 83 -1.848181e-01
37 45 -1.849277e-01
2 48 -1.849856e-01
38 95 -1.850197e-01
14 96 -1.853338e-01
29 77 -1.855912e-01
43 72 -1.857311e-01
47 87 -1.857470e-01
58 92 -1.859093e-01
41 88 -1.859539e-01
3 42 -1.860173e-01
50 74 -1.865768e-01
33 91 -1.865821e-01
8 72 -1.866896e-01
13 47 -1.867138e-01
14 17 -1.869109e-01
29 94 -1.870898e-01
13 40 -1.871154e-01
38 96 -1.873024e-01
23 88 -1.878860e-01
26 57 -1.880759e-01
39 84 -1.882211e-01
33 96 -1.883052e-01
26 72 -1.883731e-01
13 70 -1.884983e-01
46 78 -1.885029e-01
17 73 -1.885724e-01
47 68 -1.886751e-01
68 97 -1.887127e-01
29 38 -1.887988e-01
37 90 -1.888859e-01
9 79 -1.892634e-01
5 71 -1.894620e-01
18 70 -1.895367e-01
13 32 -1.895877e-01
41 70 -1.896542e-01
17 46 -1.900832e-01
23 48 -1.900971e-01
38 93 -1.901546e-01
18 40 -1.902499e-01
46 96 -1.903265e-01
48 64 -1.903628e-01
55 95 -1.903798e-01
10 25 -1.903836e-01
22 71 -1.905078e-01
4 69 -1.906108e-01
60 88 -1.907164e-01
17 27 -1.909742e-01
3 46 -1.910650e-01
35 49 -1.912414e-01
42 97 -1.913179e-01
56 99 -1.913753e-01
41 90 -1.914251e-01
12 98 -1.914705e-01
33 39 -1.917400e-01
46 97 -1.917935e-01
31 91 -1.920877e-01
33 93 -1.920994e-01
5 90 -1.921116e-01
58 73 -1.924323e-01
38 85 -1.925382e-01
29 54 -1.926973e-01
20 85 -1.927564e-01
23 90 -1.927766e-01
4 90 -1.928249e-01
24 90 -1.930192e-01
6 72 -1.930665e-01
14 52 -1.932519e-01
24 86 -1.932810e-01
47 93 -1.932916e-01
14 78 -1.933905e-01
3 74 -1.934886e-01
32 66 -1.935765e-01
13 63 -1.943184e-01
3 75 -1.947123e-01
15 75 -1.947461e-01
3 70 -1.951130e-01
7 77 -1.951826e-01
6 69 -1.952567e-01
66 92 -1.953918e-01
26 37 -1.954067e-01
62 87 -1.954665e-01
48 85 -1.955828e-01
27 75 -1.956823e-01
48 76 -1.957650e-01
29 58 -1.958426e-01
30 74 -1.961501e-01
28 84 -1.962008e-01
67 90 -1.965067e-01
46 86 -1.965735e-01
28 89 -1.966979e-01
25 78 -1.967796e-01
41 94 -1.969017e-01
40 58 -1.971169e-01
49 97 -1.975353e-01
30 76 -1.975804e-01
26 53 -1.976121e-01
44 96 -1.977875e-01
53 82 -1.978818e-01
46 55 -1.979339e-01
64 88 -1.982504e-01
15 89 -1.984357e-01
4 70 -1.984956e-01
80 91 -1.985406e-01
40 80 -1.987185e-01
35 50 -1.987544e-01
53 97 -1.990728e-01
40 98 -1.992402e-01
29 55 -1.998050e-01
55 73 -1.999373e-01
29 37 -2.000389e-01
22 65 -2.001786e-01
27 57 -2.002847e-01
72 93 -2.009277e-01
13 83 -2.012940e-01
47 73 -2.013214e-01
27 92 -2.013283e-01
67 77 -2.015211e-01
42 76 -2.018254e-01
3 48 -2.018255e-01
15 90 -2.021071e-01
37 43 -2.021945e-01
44 91 -2.025554e-01
29 47 -2.029592e-01
3 63 -2.031861e-01
72 90 -2.033279e-01
9 54 -2.033287e-01
26 89 -2.034689e-01
15 87 -2.037508e-01
12 52 -2.040015e-01
65 73 -2.040366e-01
14 38 -2.041430e-01
25 53 -2.042167e-01
32 64 -2.043179e-01
62 71 -2.043985e-01
26 60 -2.046023e-01
40 47 -2.047118e-01
46 80 -2.047437e-01
68 84 -2.048019e-01
39 82 -2.052118e-01
9 63 -2.053649e-01
45 92 -2.054694e-01
8 35 -2.058141e-01
16 98 -2.061205e-01
3 40 -2.064765e-01
48 81 -2.064919e-01
37 46 -2.066876e-01
3 91 -2.067945e-01
64 93 -2.069077e-01
5 74 -2.069916e-01
21 89 -2.071713e-01
30 98 -2.075957e-01
3 68 -2.081128e-01
69 86 -2.084739e-01
41 89 -2.086598e-01
82 87 -2.087407e-01
23 68 -2.089380e-01
7 39 -2.089775e-01
9 45 -2.090103e-01
60 95 -2.091841e-01
46 71 -2.095685e-01
62 84 -2.097683e-01
68 90 -2.099800e-01
62 70 -2.100995e-01
7 74 -2.101688e-01
20 71 -2.101936e-01
32 80 -2.103020e-01
36 93 -2.105947e-01
15 50 -2.108034e-01
30 64 -2.108460e-01
13 92 -2.111147e-01
35 82 -2.112259e-01
19 61 -2.116887e-01
3 26 -2.118240e-01
25 63 -2.118591e-01
16 33 -2.119090e-01
71 97 -2.121312e-01
12 90 -2.123838e-01
12 30 -2.123858e-01
13 58 -2.125920e-01
4 76 -2.127490e-01
17 93 -2.130218e-01
40 96 -2.132051e-01
46 69 -2.132971e-01
43 57 -2.133841e-01
51 92 -2.136363e-01
28 52 -2.140534e-01
31 82 -2.143890e-01
34 40 -2.146035e-01
42 57 -2.146058e-01
34 62 -2.147392e-01
32 59 -2.147565e-01
15 55 -2.149131e-01
60 94 -2.151829e-01
49 88 -2.152203e-01
7 80 -2.152208e-01
66 71 -2.160065e-01
10 33 -2.161050e-01
54 93 -2.163260e-01
20 91 -2.166913e-01
4 26 -2.170057e-01
59 87 -2.170659e-01
10 70 -2.177070e-01
26 55 -2.177351e-01
30 53 -2.180664e-01
7 55 -2.180989e-01
53 75 -2.182786e-01
41 76 -2.184544e-01
37 47 -2.185248e-01
20 87 -2.185502e-01
48 70 -2.194041e-01
15 27 -2.194264e-01
28 71 -2.205279e-01
14 63 -2.207934e-01
13 76 -2.211049e-01
57 93 -2.214048e-01
19 89 -2.222518e-01
7 98 -2.222523e-01
14 28 -2.225216e-01
22 70 -2.226026e-01
15 63 -2.226729e-01
32 42 -2.230434e-01
5 89 -2.235988e-01
6 38 -2.236701e-01
24 62 -2.239150e-01
25 94 -2.239672e-01
24 72 -2.246893e-01
52 88 -2.248097e-01
30 83 -2.248801e-01
31 46 -2.252595e-01
51 88 -2.253296e-01
34 79 -2.253437e-01
62 74 -2.255741e-01
57 81 -2.260313e-01
20 40 -2.262187e-01
40 62 -2.263533e-01
60 74 -2.263696e-01
29 96 -2.263960e-01
5 88 -2.269150e-01
12 37 -2.270391e-01
17 90 -2.271494e-01
13 55 -2.272887e-01
31 71 -2.273255e-01
5 41 -2.273413e-01
12 67 -2.275599e-01
26 39 -2.276034e-01
5 54 -2.285646e-01
41 92 -2.300210e-01
23 81 -2.310774e-01
4 77 -2.318290e-01
83 87 -2.318707e-01
68 86 -2.319631e-01
9 95 -2.321975e-01
53 95 -2.322437e-01
28 44 -2.323649e-01
5 70 -2.324531e-01
34 69 -2.324589e-01
51 95 -2.326447e-01
9 65 -2.337870e-01
28 96 -2.339784e-01
6 79 -2.342134e-01
71 84 -2.344671e-01
23 76 -2.344839e-01
59 78 -2.345133e-01
4 75 -2.349589e-01
23 54 -2.352864e-01
12 96 -2.359597e-01
15 39 -2.359813e-01
66 89 -2.360326e-01
38 50 -2.362548e-01
7 47 -2.363963e-01
32 78 -2.366624e-01
55 88 -2.367683e-01
27 88 -2.372198e-01
15 69 -2.381845e-01
9 94 -2.383371e-01
26 90 -2.385681e-01
14 76 -2.390162e-01
10 75 -2.395335e-01
34 64 -2.397655e-01
7 83 -2.398498e-01
38 46 -2.406839e-01
30 68 -2.417889e-01
52 89 -2.418575e-01
41 71 -2.421491e-01
29 62 -2.421590e-01
39 42 -2.424545e-01
26 75 -2.427809e-01
30 57 -2.443926e-01
24 87 -2.444701e-01
32 68 -2.447389e-01
19 40 -2.454909e-01
53 90 -2.456102e-01
12 39 -2.468253e-01
55 71 -2.468306e-01
67 71 -2.473140e-01
18 51 -2.473473e-01
28 68 -2.473593e-01
26 58 -2.477373e-01
22 73 -2.478936e-01
46 91 -2.491441e-01
54 88 -2.494657e-01
11 62 -2.497400e-01
47 95 -2.507634e-01
31 92 -2.517233e-01
45 73 -2.519911e-01
16 44 -2.520992e-01
53 89 -2.524043e-01
29 67 -2.530515e-01
51 87 -2.536487e-01
14 72 -2.538721e-01
3 30 -2.539601e-01
10 72 -2.559573e-01
58 87 -2.573726e-01
27 74 -2.580499e-01
49 82 -2.585324e-01
25 98 -2.590805e-01
9 62 -2.593051e-01
19 71 -2.595593e-01
72 98 -2.604905e-01
13 48 -2.607647e-01
16 96 -2.619993e-01
6 73 -2.633826e-01
15 59 -2.640785e-01
12 77 -2.644082e-01
36 96 -2.651684e-01
11 31 -2.653878e-01
30 96 -2.656158e-01
9 75 -2.662312e-01
51 75 -2.663109e-01
6 48 -2.663358e-01
11 40 -2.666854e-01
23 62 -2.681172e-01
9 84 -2.681249e-01
28 60 -2.695794e-01
35 68 -2.711378e-01
68 91 -2.714309e-01
9 93 -2.727633e-01
24 40 -2.750061e-01
30 62 -2.750442e-01
16 53 -2.756347e-01
14 61 -2.758394e-01
7 17 -2.784957e-01
40 73 -2.801214e-01
14 71 -2.810861e-01
34 61 -2.813602e-01
18 46 -2.827910e-01
24 93 -2.834732e-01
35 90 -2.843465e-01
49 93 -2.846004e-01
10 38 -2.856489e-01
45 71 -2.877871e-01
34 89 -2.895668e-01
60 92 -2.898579e-01
39 68 -2.907105e-01
42 71 -2.908545e-01
43 71 -2.918585e-01
16 61 -2.924965e-01
5 30 -2.939233e-01
11 68 -2.955336e-01
3 79 -2.971693e-01
15 40 -2.990753e-01
13 57 -2.995529e-01
70 81 -3.013768e-01
3 73 -3.028782e-01
16 26 -3.038273e-01
25 49 -3.043547e-01
7 60 -3.068728e-01
55 75 -3.084227e-01
32 51 -3.097109e-01
26 71 -3.100956e-01
16 41 -3.109770e-01
4 73 -3.116884e-01
11 64 -3.185752e-01
30 41 -3.187462e-01
13 71 -3.195158e-01
31 75 -3.218146e-01
9 68 -3.219671e-01
39 62 -3.291928e-01
8 71 -3.298861e-01
10 78 -3.305402e-01
41 87 -3.325280e-01
15 57 -3.358732e-01
7 38 -3.433833e-01
58 75 -3.511919e-01
23 71 -3.594313e-01
60 73 -3.634150e-01
31 86 -3.638532e-01
15 80 -3.769864e-01
