15 41 0 8
12 93 0 8
15 83 0 8
23 26 0 8
79 84 0 8
50 57 0 8
14 40 0 8
53 55 0 8
51 53 0 8
23 25 0 8
59 60 0 8
3 4 0 8
89 91 0 8
40 70 0 8
14 88 0 8
6 98 0 8
28 29 0 8
30 31 0 8
81 82 0 8
53 54 0 8
5 13 0 8
43 85 0 8
39 67 0 8
41 67 0 8
46 48 0 8
16 70 0 8
5 95 0 8
44 64 0 8
27 28 0 8
10 89 0 8
47 60 0 8
48 60 0 8
71 74 0 8
62 93 0 8
17 67 0 8
61 90 0 8
63 66 0 8
7 44 0 8
51 58 0 8
30 33 0 8
97 98 0 8
9 11 0 8
89 92 0 8
42 46 0 8
23 24 0 8
51 55 0 8
95 97 0 8
70 86 0 8
60 90 0 8
22 28 0 8
48 49 0 8
9 10 0 8
8 10 0 8
14 68 0 8
23 29 0 8
32 33 0 8
17 41 0 8
45 60 0 8
74 75 0 8
80 81 0 8
75 86 0 8
17 39 0 8
15 85 0 8
48 59 0 8
29 30 0 8
50 51 0 8
6 96 0 8
75 76 0 8
13 87 0 8
73 74 0 8
47 61 0 8
46 47 0 8
96 98 0 8
72 77 0 8
31 32 0 8
41 64 0 8
22 23 0 8
68 93 0 8
15 82 0 8
70 71 0 8
35 36 0 8
26 29 0 8
82 83 0 8
73 76 0 8
62 96 0 8
36 38 0 8
73 89 0 8
22 26 0 8
29 31 0 8
42 44 0 8
47 57 0 8
35 37 0 8
57 61 0 8
42 62 0 8
4 6 0 8
8 62 0 8
10 48 0 8
38 76 0 8
54 55 0 8
73 75 0 8
11 87 0 8
28 30 0 8
24 25 0 8
47 48 0 8
71 72 0 8
11 89 0 8
10 11 0 8
55 58 0 8
71 75 0 8
16 30 0 8
71 88 0 8
37 72 0 8
16 38 0 8
40 42 0 8
7 8 0 8
50 58 0 8
42 45 0 8
25 26 0 8
72 73 0 8
25 27 0 8
49 60 0 8
30 32 0 8
22 24 0 8
33 34 0 8
5 7 0 8
49 90 0 8
71 89 0 8
31 33 0 8
71 94 0 8
62 90 0 8
27 29 0 8
77 84 0 8
37 40 0 8
26 27 0 8
80 84 0 8
16 40 0 8
4 5 0 8
24 26 0 8
40 86 0 8
5 87 0 8
83 85 0 8
57 59 0 8
16 36 0 8
11 71 0 8
51 57 0 8
16 72 0 8
66 96 0 8
55 57 0 8
74 80 0 8
70 72 0 8
21 22 0 8
51 54 0 8
41 83 0 8
37 38 0 8
13 14 0 8
38 72 0 8
49 51 0 8
36 37 0 8
6 8 0 8
11 73 0 8
71 92 0 8
31 34 0 8
34 52 0 8
23 27 0 8
64 67 0 8
75 92 0 8
87 94 0 8
96 97 0 8
7 13 0 8
13 85 0 8
48 54 0 8
86 88 0 8
58 60 0 8
70 88 0 8
49 91 0 8
81 83 0 8
71 76 0 8
60 61 0 8
76 78 0 8
5 97 0 8
75 88 0 8
35 72 0 8
64 65 0 8
43 73 0 8
80 85 0 8
38 75 0 8
45 64 0 8
10 47 0 8
35 38 0 8
77 86 0 8
10 90 0 8
74 86 0 8
20 22 0 8
23 28 0 8
78 80 0 8
63 90 0 8
5 80 0 8
80 95 0 8
65 68 0 8
49 50 0 8
70 75 0 8
88 89 0 8
45 47 0 8
45 62 0 8
27 33 0 8
78 85 0 8
76 86 0 8
98 99 0 8
74 88 0 8
16 17 0 8
7 97 0 8
24 32 0 8
18 33 0 8
3 6 0 8
93 96 0 8
4 98 0 8
41 43 0 8
59 61 0 8
12 45 0 8
21 34 0 8
34 82 0 8
61 62 0 8
66 68 0 8
42 66 0 8
10 91 0 8
5 8 0 8
11 12 0 8
18 20 0 8
19 20 0 8
62 65 0 8
76 92 0 8
40 41 0 8
66 98 0 8
32 71 0 8
3 17 0 8
52 57 0 8
10 46 0 8
30 38 0 8
3 8 0 8
71 77 0 8
9 89 0 8
42 47 0 8
32 38 0 8
52 53 0 8
69 76 0 8
26 95 0 8
19 34 0 8
22 25 0 8
19 23 0 8
9 16 0 8
67 97 0 8
54 57 0 8
49 96 0 8
51 52 0 8
18 38 0 8
25 33 0 8
20 97 0 8
3 16 0 8
68 75 0 8
43 44 0 8
42 64 0 8
4 14 0 8
37 39 0 8
65 66 0 8
9 90 0 8
28 35 0 8
12 14 0 8
6 9 0 8
44 95 0 8
37 76 0 8
79 80 0 8
48 58 0 8
27 31 0 8
20 28 0 8
88 95 0 8
38 87 0 8
13 27 0 8
68 96 0 8
74 87 0 8
30 71 0 8
78 84 0 8
84 94 0 8
75 78 0 8
86 87 0 8
26 42 0 8
44 68 0 8
63 64 0 8
49 57 0 8
24 63 0 8
7 11 0 8
75 94 0 8
28 31 0 8
76 79 0 8
14 70 0 8
10 60 0 8
92 94 0 8
63 98 0 8
50 61 0 8
17 40 0 8
37 86 0 8
39 73 0 8
70 74 0 8
35 87 0 8
40 44 0 8
61 70 0 8
13 94 0 8
40 88 0 8
78 83 0 8
84 93 0 8
5 69 0 8
28 37 0 8
7 73 0 8
50 90 0 8
7 12 0 8
12 42 0 8
44 45 0 8
82 84 0 8
90 96 0 8
45 46 0 8
17 18 0 8
57 60 0 8
32 34 0 8
58 90 0 8
58 59 0 8
40 68 0 8
50 53 0 8
49 59 0 8
44 73 0 8
61 64 0 8
39 43 0 8
50 55 0 8
12 48 0 8
36 63 0 8
8 33 0 8
36 84 0 8
4 80 0 8
2 3 0 8
39 71 0 8
34 76 0 8
3 87 0 8
4 16 0 8
76 94 0 8
74 78 0 8
30 67 0 8
77 81 0 8
72 74 0 8
7 10 0 8
55 59 0 8
31 38 0 8
43 46 0 8
47 59 0 8
45 49 0 8
57 58 0 8
48 57 0 8
73 85 0 8
15 31 0 8
9 58 0 8
36 72 0 8
22 29 0 8
53 77 0 8
35 39 0 8
10 37 0 8
12 97 0 8
32 72 0 8
48 62 0 8
61 63 0 8
71 73 0 8
58 67 0 8
29 32 0 8
40 60 0 8
21 25 0 8
14 39 0 8
87 96 0 8
5 85 0 8
67 96 0 8
88 92 0 8
60 62 0 8
51 59 0 8
62 68 0 8
38 70 0 8
36 78 0 8
3 9 0 8
68 69 0 8
10 12 0 8
45 48 0 8
8 9 0 8
45 59 0 8
72 92 0 8
35 52 0 8
42 65 0 8
58 93 0 8
62 66 0 8
14 16 0 8
16 39 0 8
54 58 0 8
55 64 0 8
40 46 0 8
16 77 0 8
87 92 0 8
24 81 0 8
38 99 0 8
63 96 0 8
46 59 0 8
9 92 0 8
72 84 0 8
3 80 0 8
39 69 0 8
54 66 0 8
67 79 0 8
18 24 0 8
68 95 0 8
73 92 0 8
78 86 0 8
69 85 0 8
14 19 0 8
19 96 0 8
41 65 0 8
11 22 0 8
82 85 0 8
13 78 0 8
24 33 0 8
39 91 0 8
91 95 0 8
30 78 0 8
89 94 0 8
26 65 0 8
15 22 0 8
91 96 0 8
11 13 0 8
53 58 0 8
12 62 0 8
50 54 0 8
29 92 0 8
4 25 0 8
72 91 0 8
67 72 0 8
43 62 0 8
92 93 0 8
78 87 0 8
86 92 0 8
6 19 0 8
26 28 0 8
54 81 0 8
11 18 0 8
84 95 0 8
69 90 0 8
48 65 0 8
38 88 0 8
25 28 0 8
9 60 0 8
14 86 0 8
17 71 0 8
64 66 0 8
35 79 0 8
68 78 0 8
18 55 0 8
15 88 0 8
72 88 0 8
16 91 0 8
50 67 0 8
7 40 0 8
27 30 0 8
7 95 0 8
36 75 0 8
21 27 0 8
10 49 0 8
7 68 0 8
11 30 0 8
34 35 0 8
49 73 0 8
21 96 0 8
14 54 0 8
73 94 0 8
19 24 0 8
9 29 0 8
72 75 0 8
64 68 0 8
14 30 0 8
52 62 0 8
34 36 0 8
16 34 0 8
76 77 0 8
18 21 0 8
33 35 0 8
15 35 0 8
19 76 0 8
46 65 0 8
39 97 0 8
8 12 0 8
70 92 0 8
15 26 0 8
59 82 0 8
21 31 0 8
13 26 0 8
69 88 0 8
51 98 0 8
28 34 0 8
63 91 0 8
12 18 0 8
31 39 0 8
28 40 0 8
46 62 0 8
20 81 0 8
26 40 0 8
18 31 0 8
59 97 0 8
78 92 0 8
52 59 0 8
64 69 0 8
54 62 0 8
10 30 0 8
46 54 0 8
16 71 0 8
52 55 0 8
17 19 0 8
37 71 0 8
41 61 0 8
10 19 0 8
48 50 0 8
68 81 0 8
14 26 0 8
12 59 0 8
3 51 0 8
84 87 0 8
16 31 0 8
93 94 0 8
10 14 0 8
66 97 0 8
19 72 0 8
31 36 0 8
37 73 0 8
71 87 0 8
69 71 0 8
89 90 0 8
11 15 0 8
90 92 0 8
94 95 0 8
28 95 0 8
33 37 0 8
69 91 0 8
84 91 0 8
8 11 0 8
90 91 0 8
69 79 0 8
62 63 0 8
8 17 0 8
12 46 0 8
26 30 0 8
18 79 0 8
40 71 0 8
28 38 0 8
21 38 0 8
46 90 0 8
22 30 0 8
9 57 0 8
71 79 0 8
5 38 0 8
35 77 0 8
19 82 0 8
36 62 0 8
38 41 0 8
49 52 0 8
52 60 0 8
77 88 0 8
37 77 0 8
92 96 0 8
77 80 0 8
12 36 0 8
79 95 0 8
94 97 0 8
9 32 0 8
91 94 0 8
9 51 0 8
59 90 0 8
17 38 0 8
6 47 0 8
2 29 0 8
4 74 0 8
43 45 0 8
42 80 0 8
26 68 0 8
48 94 0 8
54 96 0 8
12 68 0 8
78 94 0 8
24 38 0 8
70 77 0 8
13 75 0 8
38 64 0 8
65 82 0 8
53 71 0 8
76 80 0 8
85 94 0 8
2 83 0 8
5 66 0 8
9 39 0 8
10 87 0 8
79 91 0 8
2 13 0 8
58 99 0 8
48 69 0 8
46 49 0 8
78 89 0 8
25 29 0 8
79 94 0 8
11 33 0 8
29 78 0 8
50 63 0 8
15 18 0 8
47 65 0 8
80 90 0 8
36 77 0 8
24 30 0 8
13 19 0 8
29 33 0 8
26 43 0 8
60 81 0 8
66 93 0 8
5 12 0 8
79 82 0 8
3 31 0 8
55 67 0 8
54 56 0 8
3 39 0 8
79 81 0 8
59 68 0 8
24 41 0 8
25 92 0 8
42 43 0 8
88 93 0 8
27 44 0 8
39 90 0 8
20 21 0 8
6 17 0 8
36 70 0 8
3 13 0 8
39 70 0 8
93 99 0 8
52 54 0 8
27 79 0 8
40 77 0 8
27 73 0 8
5 19 0 8
34 80 0 8
94 96 0 8
32 76 0 8
71 95 0 8
77 85 0 8
62 64 0 8
10 82 0 8
47 50 0 8
25 79 0 8
7 21 0 8
51 62 0 8
39 74 0 8
82 97 0 8
5 25 0 8
34 77 0 8
57 90 0 8
17 24 0 8
18 84 0 8
2 5 0 8
4 10 0 8
13 74 0 8
43 69 0 8
87 90 0 8
36 69 0 8
22 35 0 8
54 65 0 8
88 99 0 8
50 95 0 8
46 74 0 8
72 86 0 8
18 69 0 8
4 61 0 8
34 43 0 8
63 65 0 8
77 79 0 8
35 71 0 8
40 49 0 8
33 36 0 8
17 99 0 8
77 78 0 8
44 46 0 8
27 98 0 8
17 85 0 8
14 75 0 8
11 53 0 8
33 67 0 8
78 82 0 8
18 82 0 8
24 51 0 8
11 32 0 8
3 21 0 8
43 54 0 8
64 99 0 8
19 25 0 8
34 75 0 8
3 20 0 8
24 31 0 8
65 69 0 8
51 85 0 8
27 37 0 8
36 76 0 8
47 64 0 8
50 52 0 8
42 85 0 8
24 59 0 8
42 48 0 8
70 95 0 8
34 37 0 8
7 29 0 8
25 64 0 8
37 52 0 8
28 41 0 8
32 77 0 8
7 26 0 8
18 83 0 8
42 68 0 8
32 46 0 8
20 27 0 8
14 99 0 8
11 57 0 8
74 92 0 8
24 82 0 8
54 77 0 8
63 92 0 8
81 95 0 8
21 41 0 8
18 97 0 8
27 68 0 8
18 39 0 8
73 79 0 8
9 91 0 8
47 71 0 8
24 39 0 8
27 90 0 8
19 22 0 8
18 64 0 8
10 59 0 8
57 91 0 8
21 80 0 8
12 13 0 8
42 63 0 8
77 83 0 8
38 39 0 8
3 99 0 8
12 15 0 8
38 80 0 8
45 65 0 8
20 52 0 8
6 44 0 8
48 90 0 8
25 97 0 8
13 77 0 8
87 88 0 8
68 74 0 8
4 15 0 8
59 99 0 8
3 81 0 8
7 56 0 8
86 93 0 8
50 69 0 8
63 72 0 8
59 83 0 8
53 61 0 8
25 74 0 8
13 21 0 8
9 61 0 8
59 88 0 8
8 68 0 8
1 95 0 8
39 94 0 8
35 44 0 8
89 98 0 8
63 81 0 8
64 94 0 8
3 55 0 8
8 13 0 8
6 21 0 8
6 20 0 8
5 6 0 8
56 82 0 8
60 71 0 8
45 81 0 8
2 81 0 8
81 91 0 8
21 24 0 8
25 34 0 8
47 69 0 8
4 99 0 8
52 73 0 8
15 43 0 8
35 85 0 8
28 61 0 8
29 48 0 8
19 63 0 8
23 99 0 8
18 76 0 8
42 56 0 8
39 78 0 8
65 67 0 8
21 52 0 8
5 33 0 8
33 76 0 8
41 73 0 8
77 82 0 8
5 45 0 8
9 76 0 8
41 55 0 8
6 7 0 8
81 85 0 8
13 61 0 8
26 69 0 8
6 22 0 8
9 13 0 8
78 93 0 8
69 99 0 8
49 58 0 8
64 78 0 8
52 72 0 8
35 65 0 8
20 23 0 8
43 64 0 8
4 8 0 8
4 30 0 8
6 61 0 8
83 86 0 8
39 85 0 8
55 74 0 8
79 86 0 8
22 85 0 8
2 19 0 8
47 49 0 8
87 91 0 8
14 29 0 8
8 98 0 8
52 83 0 8
29 51 0 8
66 95 0 8
7 75 0 8
61 74 0 8
95 96 0 8
16 92 0 8
85 91 0 8
84 89 0 8
57 98 0 8
74 79 0 8
9 48 0 8
86 97 0 8
37 74 0 8
66 94 0 8
93 95 0 8
55 56 0 8
4 21 0 8
69 75 0 8
28 76 0 8
80 88 0 8
56 68 0 8
50 78 0 8
69 97 0 8
44 52 0 8
69 84 0 8
73 81 0 8
19 29 0 8
7 87 0 8
77 92 0 8
28 50 0 8
45 95 0 8
44 69 0 8
49 53 0 8
5 10 0 8
37 85 0 8
96 99 0 8
6 99 0 8
29 43 0 8
66 88 0 8
12 94 0 8
42 88 0 8
3 14 0 8
44 70 0 8
63 67 0 8
33 92 0 8
23 30 0 8
31 37 0 8
95 98 0 8
32 35 0 8
67 92 0 8
91 93 0 8
7 43 0 8
2 23 0 8
29 46 0 8
61 94 0 8
72 87 0 8
16 32 0 8
57 83 0 8
5 78 0 8
75 98 0 8
13 45 0 8
81 84 0 8
69 98 0 8
9 46 0 8
58 79 0 8
37 87 0 8
8 87 0 8
13 39 0 8
44 57 0 8
14 42 0 8
28 67 0 8
17 96 0 8
54 60 0 8
2 20 0 8
16 24 0 8
34 57 0 8
4 17 0 8
20 34 0 8
23 37 0 8
25 46 0 8
3 89 0 8
46 93 0 8
20 26 0 8
67 99 0 8
4 78 0 8
3 10 0 8
4 27 0 8
22 82 0 8
18 58 0 8
43 52 0 8
5 35 0 8
44 65 0 8
78 79 0 8
45 82 0 8
39 65 0 8
7 23 0 8
67 76 0 8
79 85 0 8
20 95 0 8
3 28 0 8
26 46 0 8
9 19 0 8
4 91 0 8
5 83 0 8
47 78 0 8
2 4 0 8
30 69 0 8
58 82 0 8
35 73 0 8
2 80 0 8
72 94 0 8
40 52 0 8
13 28 0 8
31 52 0 8
46 68 0 8
34 94 0 8
38 45 0 8
24 76 0 8
22 84 0 8
9 47 0 8
12 26 0 8
39 49 0 8
53 81 0 8
58 80 0 8
6 16 0 8
3 33 0 8
66 85 0 8
57 89 0 8
71 86 0 8
72 95 0 8
68 70 0 8
41 45 0 8
79 87 0 8
47 53 0 8
64 81 0 8
84 99 0 8
6 18 0 8
88 91 0 8
68 82 0 8
36 41 0 8
66 80 0 8
13 15 0 8
23 63 0 8
33 66 0 8
29 40 0 8
16 74 0 8
48 91 0 8
84 92 0 8
35 66 0 8
38 73 0 8
27 66 0 8
28 51 0 8
45 93 0 8
20 36 0 8
74 94 0 8
55 63 0 8
36 86 0 8
45 63 0 8
47 89 0 8
55 77 0 8
66 83 0 8
19 77 0 8
7 88 0 8
61 68 0 8
1 2 0 8
45 69 0 8
90 93 0 8
50 91 0 8
24 28 0 8
9 15 0 8
62 91 0 8
75 90 0 8
3 35 0 8
85 92 0 8
74 77 0 8
13 20 0 8
36 92 0 8
47 94 0 8
53 84 0 8
6 15 0 8
5 79 0 8
57 62 0 8
47 98 0 8
9 52 0 8
24 64 0 8
73 87 0 8
28 49 0 8
19 68 0 8
6 13 0 8
19 31 0 8
36 40 0 8
97 99 0 8
32 45 0 8
69 74 0 8
62 73 0 8
24 66 0 8
49 61 0 8
14 93 0 8
15 81 0 8
26 48 0 8
4 24 0 8
36 73 0 8
49 86 0 8
9 88 0 8
34 55 0 8
57 63 0 8
4 46 0 8
87 93 0 8
33 40 0 8
34 65 0 8
75 87 0 8
3 24 0 8
66 78 0 8
4 22 0 8
47 62 0 8
69 70 0 8
66 69 0 8
17 30 0 8
19 37 0 8
45 76 0 8
53 80 0 8
48 61 0 8
76 90 0 8
16 21 0 8
4 64 0 8
15 21 0 8
30 46 0 8
16 95 0 8
27 91 0 8
56 57 0 8
27 80 0 8
39 41 0 8
7 72 0 8
11 77 0 8
20 32 0 8
11 93 0 8
62 80 0 8
49 55 0 8
37 88 0 8
1 65 0 8
80 99 0 8
61 71 0 8
17 21 0 8
44 78 0 8
8 93 0 8
24 99 0 8
82 93 0 8
12 88 0 8
64 84 0 8
15 20 0 8
46 60 0 8
7 20 0 8
13 89 0 8
64 83 0 8
63 99 0 8
66 67 0 8
70 87 0 8
13 44 0 8
10 99 0 8
2 25 0 8
47 55 0 8
54 86 0 8
23 34 0 8
1 9 0 8
1 42 0 8
26 84 0 8
61 88 0 8
65 99 0 8
55 93 0 8
48 89 0 8
9 30 0 8
6 63 0 8
19 69 0 8
25 99 0 8
92 95 0 8
52 80 0 8
37 70 0 8
54 79 0 8
65 93 0 8
68 94 0 8
59 64 0 8
21 62 0 8
29 42 0 8
42 82 0 8
17 50 0 8
59 86 0 8
6 49 0 8
3 60 0 8
84 86 0 8
54 68 0 8
7 32 0 8
56 66 0 8
76 89 0 8
39 86 0 8
67 95 0 8
35 74 0 8
34 71 0 8
23 69 0 8
14 89 0 8
70 73 0 8
27 54 0 8
16 50 0 8
16 90 0 8
20 50 0 8
25 56 0 8
4 19 0 8
12 27 0 8
20 41 0 8
11 75 0 8
47 99 0 8
48 73 0 8
2 21 0 8
70 96 0 8
20 56 0 8
15 65 0 8
43 77 0 8
11 97 0 8
56 81 0 8
49 75 0 8
63 84 0 8
67 94 0 8
36 58 0 8
19 41 0 8
59 93 0 8
21 84 0 8
10 93 0 8
25 75 0 8
21 23 0 8
52 82 0 8
1 26 0 8
17 74 0 8
2 6 0 8
32 41 0 8
43 76 0 8
53 57 0 8
39 99 0 8
41 44 0 8
15 32 0 8
68 99 0 8
22 49 0 8
51 84 0 8
37 49 0 8
1 25 0 8
37 56 0 8
30 61 0 8
7 62 0 8
19 98 0 8
50 81 0 8
57 67 0 8
70 78 0 8
63 95 0 8
7 14 0 8
82 99 0 8
24 35 0 8
16 80 0 8
28 66 0 8
12 66 0 8
38 40 0 8
55 68 0 8
3 88 0 8
3 50 0 8
11 58 0 8
20 25 0 8
84 85 0 8
8 26 0 8
5 15 0 8
71 98 0 8
39 95 0 8
3 84 0 8
3 15 0 8
72 78 0 8
54 78 0 8
12 33 0 8
24 34 0 8
31 57 0 8
33 81 0 8
39 50 0 8
49 84 0 8
21 54 0 8
9 18 0 8
58 61 0 8
39 58 0 8
24 60 0 8
13 33 0 8
1 7 0 8
32 82 0 8
14 20 0 8
18 22 0 8
9 43 0 8
32 55 0 8
61 91 0 8
19 64 0 8
63 75 0 8
53 56 0 8
66 91 0 8
51 56 0 8
4 20 0 8
37 59 0 8
2 33 0 8
75 84 0 8
43 48 0 8
34 49 0 8
49 89 0 8
42 99 0 8
42 55 0 8
2 58 0 8
15 29 0 8
45 99 0 8
31 47 0 8
4 32 0 8
6 58 0 8
33 68 0 8
63 73 0 8
49 63 0 8
38 98 0 8
10 13 0 8
73 78 0 8
6 71 0 8
58 96 0 8
91 99 0 8
21 68 0 8
12 43 0 8
76 84 0 8
15 99 0 8
85 87 0 8
65 71 0 8
33 38 0 8
34 83 0 8
7 46 0 8
63 94 0 8
50 56 0 8
49 72 0 8
57 68 0 8
59 65 0 8
46 64 0 8
31 35 0 8
30 63 0 8
73 77 0 8
27 40 0 8
32 86 0 8
6 94 0 8
88 90 0 8
68 92 0 8
17 22 0 8
43 93 0 8
56 74 0 8
61 93 0 8
4 38 0 8
24 68 0 8
31 74 0 8
16 88 0 8
15 48 0 8
14 79 0 8
25 35 0 8
71 78 0 8
49 54 0 8
16 45 0 8
20 37 0 8
29 66 0 8
19 90 0 8
53 79 0 8
27 56 0 8
56 65 0 8
23 59 0 8
35 56 0 8
61 92 0 8
1 54 0 8
52 77 0 8
11 60 0 8
69 95 0 8
5 29 0 8
14 69 0 8
25 40 0 8
56 58 0 8
17 86 0 8
22 66 0 8
58 98 0 8
21 43 0 8
55 99 0 8
63 79 0 8
30 75 0 8
19 56 0 8
16 86 0 8
69 78 0 8
69 89 0 8
16 18 0 8
80 97 0 8
40 94 0 8
27 72 0 8
82 94 0 8
18 78 0 8
8 89 0 8
45 91 0 8
35 94 0 8
21 40 0 8
2 51 0 8
86 98 0 8
61 82 0 8
9 35 0 8
22 41 0 8
34 59 0 8
19 73 0 8
2 85 0 8
2 41 0 8
18 98 0 8
36 97 0 8
1 93 0 8
22 68 0 8
30 39 0 8
48 66 0 8
61 96 0 8
52 63 0 8
54 64 0 8
28 32 0 8
7 15 0 8
75 85 0 8
82 90 0 8
18 66 0 8
40 75 0 8
21 36 0 8
18 36 0 8
4 50 0 8
39 79 0 8
7 93 0 8
1 46 0 8
2 34 0 8
3 92 0 8
2 77 0 8
20 65 0 8
8 57 0 8
8 85 0 8
4 39 0 8
78 90 0 8
12 51 0 8
58 78 0 8
14 44 0 8
3 41 0 8
31 80 0 8
19 58 0 8
52 96 0 8
69 72 0 8
18 34 0 8
25 65 0 8
74 90 0 8
6 35 0 8
23 70 0 8
21 67 0 8
9 82 0 8
71 90 0 8
61 69 0 8
1 53 0 8
33 50 0 8
10 73 0 8
37 51 0 8
19 35 0 8
1 20 0 8
70 76 0 8
52 56 0 8
80 98 0 8
8 56 0 8
34 87 0 8
9 34 0 8
24 58 0 8
17 97 0 8
20 98 0 8
1 68 0 8
7 37 0 8
1 37 0 8
32 43 0 8
3 85 0 8
56 95 0 8
20 31 0 8
31 42 0 8
41 47 0 8
42 93 0 8
46 67 0 8
8 40 0 8
20 62 0 8
63 69 0 8
1 5 0 8
1 66 0 8
10 18 0 8
15 38 0 8
39 45 0 8
35 75 0 8
36 42 0 8
28 54 0 8
28 87 0 8
40 74 0 8
6 43 0 8
36 88 0 8
66 70 0 8
83 91 0 8
41 42 0 8
19 50 0 8
43 59 0 8
46 63 0 8
27 42 0 8
20 78 0 8
34 53 0 8
2 91 0 8
6 31 0 8
28 90 0 8
57 99 0 8
2 87 0 8
6 88 0 8
5 62 0 8
69 92 0 8
4 11 0 8
14 74 0 8
56 63 0 8
74 83 0 8
6 42 0 8
43 79 0 8
16 20 0 8
51 70 0 8
22 64 0 8
43 81 0 8
32 37 0 8
3 66 0 8
32 96 0 8
10 55 0 8
40 45 0 8
60 69 0 8
1 23 0 8
8 16 0 8
83 89 0 8
42 53 0 8
20 29 0 8
80 89 0 8
8 42 0 8
53 59 0 8
16 97 0 8
32 54 0 8
3 19 0 8
31 73 0 8
33 65 0 8
14 65 0 8
32 61 0 8
27 58 0 8
56 88 0 8
56 83 0 8
43 50 0 8
40 43 0 8
15 77 0 8
18 19 0 8
72 80 0 8
8 20 0 8
1 18 0 8
38 52 0 8
16 67 0 8
64 87 0 8
9 67 0 8
30 92 0 8
9 50 0 8
19 81 0 8
53 72 0 8
16 43 0 8
11 45 0 8
24 47 0 8
11 94 0 8
66 81 0 8
8 67 0 8
91 97 0 8
2 70 0 8
5 65 0 8
5 17 0 8
31 65 0 8
76 98 0 8
44 67 0 8
41 74 0 8
61 97 0 8
63 83 0 8
12 65 0 8
66 84 0 8
80 83 0 8
4 18 0 8
50 89 0 8
2 78 0 8
59 79 0 8
21 56 0 8
35 81 0 8
38 77 0 8
40 65 0 8
39 83 0 8
60 79 0 8
49 56 0 8
5 26 0 8
18 26 0 8
3 7 0 8
46 92 0 8
3 53 0 8
63 74 0 8
7 33 0 8
6 26 0 8
40 90 0 8
4 96 0 8
74 84 0 8
23 80 0 8
12 87 0 8
82 88 0 8
4 86 0 8
30 36 0 8
42 92 0 8
3 98 0 8
79 99 0 8
34 56 0 8
74 85 0 8
18 56 0 8
23 87 0 8
36 52 0 8
36 47 0 8
4 88 0 8
1 30 0 8
59 73 0 8
24 83 0 8
2 28 0 8
28 86 0 8
75 96 0 8
8 44 0 8
8 66 0 8
9 25 0 8
35 42 0 8
25 30 0 8
43 66 0 8
67 80 0 8
31 69 0 8
29 86 0 8
5 91 0 8
68 88 0 8
41 91 0 8
18 90 0 8
56 64 0 8
2 18 0 8
32 49 0 8
11 88 0 8
49 76 0 8
8 90 0 8
1 40 0 8
64 73 0 8
18 35 0 8
41 77 0 8
46 66 0 8
66 76 0 8
87 89 0 8
8 99 0 8
79 89 0 8
21 82 0 8
36 90 0 8
26 45 0 8
6 50 0 8
8 47 0 8
4 47 0 8
20 54 0 8
38 71 0 8
75 77 0 8
5 42 0 8
53 67 0 8
60 77 0 8
21 64 0 8
69 80 0 8
34 68 0 8
26 44 0 8
88 96 0 8
33 62 0 8
18 37 0 8
1 70 0 8
6 78 0 8
4 13 0 8
28 55 0 8
37 94 0 8
11 90 0 8
56 73 0 8
76 88 0 8
39 98 0 8
17 65 0 8
50 59 0 8
17 84 0 8
37 81 0 8
40 99 0 8
21 32 0 8
72 76 0 8
29 36 0 8
33 97 0 8
2 15 0 8
25 45 0 8
14 67 0 8
25 52 0 8
2 52 0 8
34 93 0 8
30 56 0 8
3 82 0 8
50 71 0 8
78 99 0 8
68 72 0 8
22 38 0 8
48 79 0 8
27 46 0 8
86 89 0 8
11 37 0 8
23 86 0 8
79 83 0 8
7 54 0 8
67 82 0 8
1 14 0 8
11 82 0 8
4 9 0 8
4 41 0 8
55 98 0 8
20 59 0 8
17 70 0 8
9 28 0 8
67 69 0 8
23 94 0 8
83 96 0 8
46 99 0 8
44 81 0 8
18 94 0 8
8 22 0 8
15 93 0 8
21 78 0 8
57 95 0 8
27 63 0 8
18 81 0 8
22 32 0 8
6 56 0 8
8 80 0 8
12 23 0 8
56 62 0 8
4 7 0 8
45 83 0 8
49 66 0 8
66 99 0 8
22 53 0 8
27 35 0 8
18 32 0 8
87 98 0 8
45 51 0 8
2 53 0 8
11 19 0 8
1 55 0 8
49 87 0 8
41 63 0 8
15 19 0 8
72 83 0 8
52 92 0 8
8 27 0 8
64 91 0 8
58 63 0 8
83 95 0 8
36 56 0 8
32 60 0 8
20 60 0 8
51 63 0 8
1 19 0 8
1 52 0 8
48 67 0 8
41 93 0 8
1 3 0 8
30 66 0 8
5 27 0 8
13 23 0 8
31 84 0 8
11 25 0 8
2 42 0 8
51 94 0 8
32 44 0 8
38 92 0 8
14 23 0 8
52 58 0 8
23 32 0 8
24 80 0 8
6 12 0 8
20 24 0 8
2 43 0 8
23 92 0 8
19 21 0 8
17 72 0 8
3 49 0 8
27 86 0 8
21 81 0 8
3 97 0 8
74 91 0 8
34 39 0 8
27 59 0 8
9 12 0 8
33 60 0 8
45 89 0 8
42 84 0 8
29 53 0 8
6 32 0 8
1 29 0 8
21 65 0 8
57 70 0 8
72 89 0 8
30 42 0 8
30 44 0 8
11 79 0 8
40 57 0 8
19 92 0 8
32 94 0 8
46 50 0 8
44 72 0 8
19 51 0 8
49 62 0 8
74 97 0 8
18 72 0 8
2 17 0 8
18 65 0 8
3 94 0 8
1 35 0 8
9 21 0 8
1 21 0 8
58 62 0 8
55 82 0 8
44 77 0 8
18 23 0 8
29 99 0 8
23 64 0 8
2 31 0 8
24 96 0 8
21 29 0 8
50 98 0 8
81 86 0 8
62 72 0 8
24 49 0 8
75 80 0 8
31 60 0 8
50 73 0 8
33 61 0 8
55 84 0 8
17 28 0 8
17 89 0 8
6 91 0 8
14 85 0 8
28 45 0 8
20 47 0 8
75 81 0 8
1 12 0 8
13 82 0 8
16 85 0 8
33 80 0 8
56 96 0 8
73 86 0 8
43 74 0 8
24 29 0 8
26 33 0 8
31 51 0 8
34 66 0 8
53 63 0 8
35 53 0 8
55 94 0 8
69 73 0 8
43 99 0 8
43 95 0 8
2 65 0 8
14 53 0 8
30 52 0 8
13 60 0 8
19 26 0 8
25 69 0 8
62 97 0 8
83 98 0 8
1 31 0 8
46 58 0 8
25 44 0 8
27 45 0 8
37 95 0 8
28 77 0 8
38 86 0 8
86 99 0 8
12 17 0 8
41 84 0 8
36 39 0 8
22 47 0 8
6 89 0 8
4 59 0 8
5 72 0 8
20 33 0 8
78 96 0 8
81 93 0 8
1 13 0 8
24 36 0 8
14 84 0 8
82 98 0 8
1 36 0 8
27 39 0 8
70 98 0 8
82 96 0 8
20 89 0 8
45 66 0 8
41 81 0 8
31 49 0 8
77 90 0 8
14 31 0 8
19 97 0 8
25 91 0 8
82 91 0 8
83 97 0 8
8 96 0 8
48 93 0 8
16 87 0 8
11 38 0 8
43 51 0 8
43 70 0 8
52 64 0 8
47 52 0 8
56 77 0 8
35 89 0 8
21 50 0 8
14 48 0 8
2 35 0 8
42 96 0 8
17 64 0 8
54 72 0 8
39 72 0 8
25 51 0 8
1 84 0 8
13 93 0 8
1 78 0 8
17 55 0 8
43 56 0 8
39 81 0 8
79 96 0 8
39 96 0 8
2 57 0 8
19 38 0 8
26 99 0 8
45 50 0 8
14 21 0 8
47 86 0 8
4 51 0 8
5 99 0 8
10 24 0 8
22 37 0 8
22 79 0 8
5 92 0 8
53 86 0 8
4 97 0 8
18 75 0 8
1 45 0 8
7 35 0 8
95 99 0 8
17 57 0 8
81 92 0 8
22 62 0 8
17 61 0 8
4 56 0 8
14 34 0 8
9 22 0 8
26 36 0 8
85 99 0 8
86 94 0 8
10 84 0 8
13 34 0 8
64 70 0 8
13 53 0 8
30 65 0 8
45 52 0 8
22 52 0 8
25 83 0 8
56 76 0 8
1 97 0 8
87 97 0 8
41 53 0 8
91 98 0 8
6 51 0 8
71 80 0 8
12 32 0 8
14 27 0 8
61 99 0 8
80 87 0 8
45 68 0 8
8 18 0 8
58 76 0 8
25 47 0 8
67 83 0 8
9 26 0 8
78 88 0 8
65 95 0 8
61 95 0 8
32 56 0 8
72 81 0 8
7 18 0 8
87 95 0 8
32 36 0 8
8 59 0 8
71 81 0 8
7 90 0 8
61 67 0 8
15 34 0 8
22 94 0 8
37 78 0 8
5 16 0 8
55 62 0 8
12 34 0 8
60 93 0 8
1 16 0 8
37 96 0 8
60 86 0 8
2 32 0 8
45 85 0 8
6 83 0 8
29 61 0 8
3 96 0 8
8 45 0 8
2 60 0 8
41 98 0 8
68 73 0 8
31 97 0 8
31 90 0 8
63 93 0 8
32 91 0 8
51 99 0 8
37 67 0 8
49 68 0 8
40 93 0 8
2 16 0 8
5 46 0 8
12 24 0 8
1 27 0 8
5 36 0 8
44 61 0 8
56 92 0 8
9 49 0 8
47 51 0 8
36 49 0 8
5 44 0 8
2 56 0 8
2 11 0 8
41 56 0 8
21 63 0 8
8 76 0 8
21 66 0 8
6 10 0 8
17 20 0 8
40 66 0 8
19 60 0 8
56 75 0 8
1 82 0 8
67 74 0 8
29 90 0 8
25 71 0 8
20 92 0 8
6 55 0 8
1 11 0 8
26 66 0 8
81 89 0 8
1 56 0 8
55 65 0 8
30 89 0 8
46 87 0 8
36 45 0 8
2 79 0 8
32 70 0 8
1 44 0 8
3 58 0 8
3 18 0 8
1 8 0 8
85 86 0 8
18 25 0 8
7 19 0 8
74 89 0 8
38 43 0 8
62 83 0 8
13 73 0 8
53 64 0 8
17 95 0 8
56 69 0 8
65 97 0 8
2 86 0 8
31 43 0 8
37 99 0 8
68 87 0 8
13 16 0 8
55 79 0 8
62 98 0 8
37 41 0 8
2 22 0 8
35 46 0 8
46 56 0 8
67 98 0 8
27 38 0 8
25 37 0 8
34 97 0 8
8 65 0 8
40 59 0 8
12 40 0 8
1 85 0 8
6 77 0 8
47 81 0 8
29 82 0 8
6 70 0 8
44 87 0 8
43 58 0 8
1 41 0 8
71 91 0 8
26 87 0 8
11 21 0 8
20 35 0 8
82 86 0 8
52 66 0 8
35 43 0 8
88 97 0 8
7 69 0 8
8 14 0 8
6 93 0 8
54 95 0 8
2 72 0 8
7 22 0 8
81 98 0 8
19 93 0 8
26 96 0 8
3 93 0 8
26 49 0 8
14 46 0 8
34 73 0 8
56 67 0 8
16 59 0 8
34 88 0 8
21 83 0 8
32 47 0 8
47 74 0 8
43 97 0 8
33 56 0 8
27 96 0 8
14 58 0 8
70 91 0 8
2 10 0 8
11 74 0 8
20 99 0 8
53 99 0 8
24 91 0 8
2 26 0 8
28 53 0 8
11 24 0 8
35 62 0 8
8 84 0 8
8 39 0 8
38 57 0 8
31 76 0 8
16 49 0 8
17 25 0 8
63 89 0 8
15 52 0 8
11 44 0 8
9 77 0 8
56 98 0 8
58 85 0 8
4 35 0 8
7 65 0 8
24 65 0 8
52 69 0 8
64 80 0 8
2 63 0 8
27 43 0 8
26 62 0 8
1 94 0 8
16 22 0 8
53 66 0 8
29 34 0 8
92 99 0 8
18 28 0 8
17 31 0 8
42 78 0 8
9 23 0 8
23 53 0 8
15 23 0 8
1 64 0 8
1 15 0 8
62 94 0 8
56 60 0 8
12 99 0 8
59 67 0 8
1 50 0 8
12 83 0 8
6 29 0 8
54 63 0 8
47 76 0 8
42 87 0 8
89 97 0 8
1 69 0 8
17 44 0 8
19 79 0 8
8 38 0 8
62 79 0 8
52 95 0 8
1 59 0 8
1 10 0 8
1 83 0 8
23 91 0 8
2 55 0 8
43 68 0 8
5 61 0 8
52 84 0 8
5 31 0 8
18 30 0 8
11 92 0 8
2 54 0 8
7 27 0 8
10 39 0 8
23 75 0 8
25 50 0 8
59 95 0 8
1 77 0 8
11 47 0 8
70 90 0 8
9 71 0 8
22 33 0 8
58 81 0 8
1 43 0 8
40 50 0 8
26 79 0 8
22 93 0 8
54 82 0 8
92 98 0 8
1 4 0 8
13 59 0 8
32 57 0 8
52 78 0 8
4 49 0 8
17 32 0 8
49 95 0 8
4 81 0 8
1 62 0 8
47 75 0 8
23 97 0 8
50 82 0 8
2 30 0 8
20 64 0 8
93 98 0 8
91 92 0 8
73 95 0 8
23 73 0 8
33 52 0 8
45 56 0 8
73 97 0 8
12 56 0 8
11 96 0 8
46 75 0 8
42 69 0 8
9 37 0 8
39 76 0 8
61 98 0 8
30 87 0 8
19 53 0 8
71 85 0 8
45 54 0 8
29 83 0 8
2 14 0 8
44 48 0 8
21 45 0 8
27 70 0 8
34 38 0 8
41 69 0 8
17 68 0 8
9 72 0 8
60 75 0 8
43 60 0 8
59 63 0 8
1 48 0 8
11 85 0 8
1 90 0 8
21 51 0 8
13 25 0 8
65 92 0 8
85 96 0 8
56 70 0 8
67 68 0 8
54 61 0 8
43 63 0 8
13 64 0 8
1 34 0 8
39 54 0 8
16 63 0 8
2 84 0 8
4 52 0 8
6 80 0 8
52 98 0 8
60 91 0 8
13 95 0 8
44 97 0 8
36 54 0 8
2 7 0 8
65 74 0 8
49 69 0 8
57 80 0 8
17 83 0 8
30 79 0 8
1 75 0 8
3 52 0 8
40 95 0 8
15 79 0 8
56 78 0 8
17 79 0 8
24 52 0 8
25 76 0 8
33 88 0 8
19 78 0 8
22 61 0 8
26 81 0 8
8 25 0 8
36 50 0 8
93 97 0 8
13 91 0 8
17 36 0 8
38 44 0 8
34 45 0 8
53 78 0 8
15 36 0 8
89 93 0 8
46 83 0 8
32 48 0 8
34 81 0 8
2 24 0 8
1 33 0 8
58 97 0 8
9 14 0 8
1 47 0 8
3 12 0 8
3 44 0 8
76 97 0 8
55 90 0 8
47 56 0 8
24 55 0 8
18 85 0 8
54 67 0 8
57 96 0 8
1 28 0 8
79 92 0 8
13 30 0 8
1 39 0 8
25 90 0 8
8 73 0 8
1 87 0 8
35 69 0 8
40 51 0 8
27 32 0 8
8 31 0 8
11 61 0 8
40 56 0 8
45 78 0 8
20 58 0 8
20 69 0 8
52 70 0 8
1 99 0 8
24 44 0 8
75 83 0 8
21 35 0 8
62 99 0 8
11 66 0 8
41 60 0 8
17 48 0 8
2 88 0 8
14 91 0 8
25 58 0 8
34 58 0 8
61 65 0 8
19 80 0 8
44 63 0 8
57 88 0 8
30 49 0 8
6 92 0 8
13 35 0 8
65 85 0 8
53 83 0 8
3 34 0 8
7 91 0 8
15 56 0 8
56 79 0 8
59 85 0 8
68 79 0 8
2 9 0 8
1 32 0 8
32 50 0 8
23 56 0 8
33 73 0 8
77 91 0 8
8 48 0 8
3 5 0 8
53 62 0 8
35 61 0 8
17 94 0 8
1 92 0 8
43 89 0 8
94 98 0 8
1 88 0 8
1 96 0 8
8 15 0 8
46 82 0 8
27 48 0 8
82 89 0 8
13 51 0 8
21 86 0 8
1 24 0 8
65 91 0 8
2 27 0 8
1 63 0 8
4 87 0 8
29 95 0 8
21 60 0 8
5 81 0 8
32 89 0 8
32 58 0 8
17 43 0 8
22 77 0 8
40 53 0 8
43 86 0 8
8 54 0 8
12 44 0 8
34 41 0 8
35 96 0 8
39 80 0 8
32 97 0 8
18 52 0 8
39 57 0 8
20 68 0 8
17 91 0 8
18 89 0 8
15 28 0 8
12 22 0 8
29 98 0 8
75 91 0 8
86 90 0 8
29 69 0 8
35 88 0 8
47 80 0 8
15 51 0 8
40 76 0 8
1 81 0 8
49 67 0 8
1 22 0 8
31 58 0 8
25 81 0 8
81 88 0 8
13 79 0 8
44 76 0 8
21 87 0 8
58 91 0 8
59 62 0 8
45 58 0 8
12 21 0 8
1 17 0 8
2 98 0 8
54 74 0 8
45 84 0 8
9 36 0 8
19 42 0 8
12 16 0 8
10 81 0 8
52 91 0 8
9 38 0 8
11 26 0 8
23 61 0 8
35 83 0 8
18 62 0 8
28 39 0 8
64 92 0 8
11 56 0 8
31 77 0 8
27 65 0 8
34 67 0 8
85 88 0 8
42 83 0 8
61 86 0 8
52 93 0 8
31 72 0 8
20 83 0 8
45 87 0 8
52 68 0 8
34 51 0 8
32 53 0 8
20 80 0 8
47 90 0 8
5 98 0 8
1 79 0 8
17 34 0 8
55 61 0 8
6 64 0 8
57 87 0 8
36 53 0 8
79 98 0 8
31 68 0 8
8 74 0 8
28 98 0 8
11 27 0 8
12 55 0 8
23 44 0 8
22 27 0 8
60 63 0 8
20 82 0 8
37 42 0 8
12 28 0 8
89 99 0 8
72 97 0 8
29 73 0 8
2 82 0 8
32 65 0 8
31 56 0 8
35 64 0 8
6 11 0 8
9 96 0 8
54 69 0 8
15 46 0 8
65 76 0 8
1 58 0 8
7 45 0 8
47 96 0 8
32 99 0 8
2 96 0 8
85 95 0 8
38 61 0 8
6 86 0 8
18 53 0 8
22 98 0 8
59 98 0 8
41 99 0 8
30 37 0 8
65 83 0 8
33 71 0 8
83 92 0 8
43 67 0 8
19 36 0 8
12 25 0 8
23 93 0 8
13 97 0 8
32 74 0 8
43 82 0 8
38 49 0 8
31 88 0 8
53 96 0 8
13 41 0 8
6 39 0 8
33 98 0 8
8 95 0 8
2 89 0 8
42 98 0 8
2 8 0 8
61 77 0 8
14 33 0 8
2 49 0 8
10 94 0 8
40 55 0 8
13 84 0 8
65 88 0 8
59 84 0 8
6 82 0 8
81 87 0 8
53 74 0 8
1 72 0 8
46 53 0 8
52 81 0 8
3 32 0 8
7 28 0 8
11 99 0 8
74 96 0 8
28 57 0 8
73 91 0 8
17 49 0 8
56 86 0 8
48 51 0 8
57 92 0 8
37 63 0 8
36 91 0 8
1 91 0 8
9 87 0 8
1 60 0 8
52 61 0 8
2 71 0 8
35 78 0 8
20 79 0 8
1 6 0 8
4 37 0 8
51 78 0 8
20 84 0 8
61 87 0 8
6 95 0 8
17 98 0 8
22 34 0 8
23 65 0 8
19 52 0 8
57 72 0 8
26 92 0 8
32 84 0 8
19 83 0 8
14 56 0 8
13 88 0 8
12 47 0 8
22 89 0 8
76 91 0 8
22 48 0 8
1 49 0 8
15 70 0 8
22 91 0 8
27 97 0 8
31 44 0 8
50 99 0 8
35 86 0 8
22 56 0 8
18 50 0 8
7 41 0 8
48 55 0 8
46 76 0 8
56 84 0 8
25 62 0 8
24 75 0 8
85 90 0 8
22 43 0 8
54 84 0 8
31 93 0 8
6 45 0 8
10 69 0 8
54 89 0 8
22 97 0 8
25 96 0 8
12 31 0 8
37 93 0 8
28 64 0 8
33 64 0 8
24 56 0 8
28 75 0 8
46 57 0 8
29 63 0 8
37 60 0 8
1 98 0 8
47 82 0 8
22 76 0 8
65 84 0 8
7 42 0 8
20 38 0 8
76 81 0 8
58 64 0 8
21 73 0 8
65 96 0 8
4 29 0 8
5 58 0 8
56 91 0 8
22 50 0 8
24 48 0 8
2 12 0 8
21 55 0 8
40 97 0 8
16 35 0 8
25 43 0 8
22 31 0 8
10 80 0 8
84 98 0 8
43 53 0 8
2 50 0 8
12 35 0 8
36 44 0 8
58 77 0 8
7 31 0 8
8 81 0 8
25 36 0 8
56 89 0 8
43 87 0 8
4 12 0 8
35 70 0 8
34 54 0 8
21 44 0 8
14 80 0 8
62 81 0 8
65 72 0 8
69 96 0 8
1 86 0 8
44 84 0 8
2 95 0 8
23 31 0 8
22 60 0 8
28 82 0 8
79 97 0 8
19 32 0 8
44 62 0 8
1 51 0 8
56 85 0 8
52 65 0 8
29 39 0 8
14 94 0 8
11 84 0 8
21 46 0 8
7 86 0 8
8 92 0 8
26 76 0 8
44 56 0 8
15 74 0 8
39 59 0 8
53 94 0 8
41 72 0 8
9 20 0 8
34 84 0 8
2 90 0 8
44 98 0 8
8 23 0 8
43 49 0 8
80 93 0 8
43 98 0 8
76 83 0 8
33 87 0 8
1 38 0 8
57 79 0 8
6 36 0 8
2 68 0 8
19 99 0 8
19 55 0 8
31 67 0 8
2 97 0 8
81 96 0 8
4 57 0 8
53 73 0 8
17 52 0 8
20 90 0 8
76 87 0 8
30 73 0 8
43 65 0 8
1 57 0 8
63 68 0 8
42 81 0 8
3 95 0 8
1 80 0 8
50 68 0 8
25 31 0 8
15 71 0 8
22 90 0 8
7 94 0 8
90 98 0 8
38 79 0 8
42 95 0 8
17 56 0 8
74 76 0 8
19 59 0 8
10 57 0 8
17 87 0 8
47 84 0 8
44 66 0 8
76 82 0 8
59 77 0 8
20 63 0 8
56 59 0 8
8 82 0 8
41 52 0 8
44 94 0 8
10 67 0 8
69 87 0 8
17 37 0 8
29 41 0 8
33 72 0 8
13 56 0 8
35 41 0 8
11 16 0 8
51 89 0 8
21 69 0 8
13 68 0 8
27 53 0 8
10 56 0 8
36 94 0 8
44 51 0 8
52 94 0 8
72 82 0 8
6 66 0 8
30 48 0 8
8 51 0 8
29 97 0 8
3 77 0 8
5 18 0 8
21 47 0 8
9 33 0 8
20 66 0 8
4 66 0 8
54 97 0 8
13 72 0 8
75 97 0 8
28 80 0 8
21 70 0 8
2 67 0 8
22 55 0 8
13 90 0 8
32 79 0 8
20 43 0 8
42 60 0 8
5 50 0 8
18 99 0 8
20 93 0 8
62 78 0 8
37 79 0 8
23 72 0 8
65 89 0 8
22 58 0 8
21 49 0 8
7 92 0 8
32 75 0 8
37 89 0 8
37 48 0 8
49 77 0 8
73 99 0 8
15 62 0 8
45 80 0 8
41 96 0 8
1 67 0 8
25 86 0 8
7 79 0 8
69 82 0 8
19 67 0 8
39 61 0 8
14 95 0 8
47 54 0 8
65 81 0 8
69 94 0 8
80 82 0 8
2 46 0 8
14 37 0 8
10 42 0 8
52 67 0 8
20 55 0 8
48 88 0 8
64 72 0 8
13 46 0 8
51 76 0 8
11 14 0 8
15 61 0 8
7 51 0 8
3 57 0 8
31 41 0 8
12 89 0 8
36 83 0 8
19 86 0 8
15 30 0 8
17 77 0 8
3 22 0 8
37 92 0 8
24 92 0 8
18 63 0 8
25 32 0 8
36 82 0 8
10 54 0 8
11 20 0 8
10 45 0 8
69 77 0 8
58 65 0 8
20 44 0 8
45 94 0 8
33 53 0 8
16 56 0 8
4 83 0 8
18 57 0 8
51 69 0 8
11 46 0 8
55 81 0 8
10 32 0 8
52 97 0 8
12 54 0 8
20 30 0 8
24 61 0 8
28 94 0 8
8 46 0 8
21 58 0 8
60 70 0 8
15 92 0 8
21 92 0 8
2 76 0 8
65 75 0 8
1 61 0 8
62 95 0 8
41 97 0 8
9 66 0 8
13 69 0 8
7 9 0 8
58 70 0 8
16 76 0 8
19 87 0 8
50 80 0 8
29 49 0 8
84 96 0 8
20 96 0 8
21 74 0 8
45 67 0 8
24 27 0 8
8 50 0 8
4 55 0 8
6 84 0 8
18 54 0 8
35 58 0 8
39 56 0 8
24 46 0 8
31 83 0 8
51 79 0 8
55 85 0 8
41 75 0 8
51 91 0 8
22 54 0 8
9 42 0 8
36 85 0 8
2 66 0 8
21 98 0 8
66 87 0 8
17 59 0 8
3 47 0 8
33 78 0 8
27 61 0 8
17 58 0 8
63 86 0 8
20 48 0 8
19 27 0 8
24 43 0 8
1 89 0 8
1 74 0 8
5 67 0 8
78 81 0 8
31 55 0 8
20 53 0 8
73 80 0 8
19 47 0 8
76 95 0 8
8 21 0 8
7 76 0 8
31 40 0 8
2 69 0 8
61 83 0 8
63 70 0 8
2 38 0 8
22 83 0 8
30 54 0 8
56 93 0 8
53 70 0 8
26 67 0 8
50 94 0 8
27 51 0 8
14 60 0 8
64 98 0 8
11 17 0 8
10 21 0 8
5 52 0 8
9 24 0 8
77 87 0 8
19 44 0 8
35 95 0 8
63 80 0 8
23 79 0 8
15 17 0 8
60 89 0 8
75 93 0 8
33 55 0 8
55 89 0 8
7 66 0 8
76 96 0 8
65 70 0 8
38 58 0 8
54 85 0 8
7 25 0 8
3 27 0 8
71 96 0 8
45 86 0 8
46 52 0 8
9 55 0 8
14 35 0 8
24 97 0 8
7 82 0 8
67 86 0 8
41 46 0 8
29 35 0 8
54 83 0 8
23 98 0 8
32 73 0 8
32 90 0 8
88 98 0 8
18 59 0 8
29 44 0 8
17 33 0 8
53 85 0 8
67 84 0 8
10 34 0 8
31 63 0 8
19 54 0 8
15 45 0 8
49 64 0 8
71 83 0 8
14 90 0 8
18 43 0 8
21 26 0 8
29 89 0 8
16 73 0 8
36 74 0 8
34 47 0 8
4 63 0 8
40 89 0 8
24 37 0 8
56 97 0 8
13 36 0 8
1 73 0 8
10 65 0 8
20 45 0 8
56 87 0 8
34 70 0 8
41 62 0 8
51 80 0 8
4 53 0 8
79 93 0 8
27 36 0 8
58 74 0 8
16 23 0 8
57 71 0 8
2 47 0 8
63 77 0 8
51 60 0 8
45 88 0 8
27 93 0 8
20 67 0 8
10 20 0 8
44 74 0 8
2 59 0 8
52 85 0 8
26 56 0 8
7 78 0 8
10 44 0 8
33 74 0 8
68 71 0 8
28 56 0 8
34 99 0 8
44 59 0 8
37 69 0 8
5 22 0 8
57 69 0 8
14 25 0 8
85 93 0 8
42 77 0 8
12 63 0 8
8 97 0 8
33 70 0 8
19 66 0 8
38 55 0 8
29 50 0 8
36 64 0 8
66 73 0 8
23 58 0 8
21 53 0 8
28 72 0 8
41 68 0 8
20 57 0 8
56 71 0 8
60 99 0 8
16 55 0 8
63 97 0 8
66 82 0 8
39 92 0 8
9 78 0 8
27 87 0 8
25 80 0 8
34 86 0 8
53 87 0 8
67 81 0 8
16 65 0 8
17 54 0 8
76 93 0 8
17 47 0 8
50 84 0 8
23 33 0 8
5 76 0 8
61 66 0 8
50 76 0 8
12 60 0 8
14 15 0 8
5 64 0 8
30 47 0 8
71 99 0 8
25 60 0 8
37 55 0 8
65 98 0 8
2 37 0 8
8 64 0 8
64 79 0 8
37 75 0 8
10 98 0 8
11 34 0 8
55 70 0 8
59 69 0 8
9 86 0 8
17 81 0 8
5 75 0 8
17 69 0 8
15 84 0 8
26 54 0 8
17 80 0 8
13 17 0 8
23 57 0 8
29 84 0 8
16 84 0 8
4 71 0 8
1 71 0 8
1 76 0 8
2 92 0 8
32 85 0 8
21 33 0 8
24 74 0 8
16 29 0 8
12 50 0 8
9 98 0 8
43 83 0 8
46 95 0 8
61 89 0 8
28 33 0 8
46 85 0 8
6 46 0 8
55 80 0 8
35 47 0 8
11 51 0 8
48 96 0 8
51 77 0 8
7 81 0 8
28 97 0 8
54 75 0 8
29 56 0 8
27 77 0 8
44 88 0 8
16 83 0 8
80 96 0 8
9 99 0 8
18 80 0 8
12 53 0 8
4 44 0 8
57 65 0 8
58 86 0 8
5 86 0 8
27 47 0 8
41 86 0 8
30 90 0 8
25 42 0 8
39 51 0 8
15 60 0 8
5 47 0 8
54 99 0 8
64 77 0 8
8 32 0 8
67 73 0 8
23 45 0 8
55 69 0 8
38 94 0 8
38 97 0 8
30 43 0 8
28 46 0 8
57 82 0 8
18 71 0 8
64 85 0 8
32 39 0 8
33 42 0 8
28 63 0 8
22 86 0 8
18 87 0 8
51 74 0 8
41 82 0 8
75 89 0 8
22 42 0 8
60 67 0 8
6 74 0 8
73 96 0 8
27 71 0 8
12 91 0 8
51 82 0 8
29 70 0 8
35 76 0 8
2 45 0 8
14 73 0 8
11 59 0 8
52 90 0 8
41 59 0 8
9 56 0 8
49 94 0 8
35 97 0 8
5 57 0 8
54 98 0 8
43 78 0 8
25 55 0 8
5 43 0 8
12 19 0 8
29 52 0 8
44 80 0 8
5 56 0 8
26 63 0 8
4 40 0 8
46 89 0 8
26 88 0 8
44 75 0 8
13 96 0 8
69 93 0 8
75 82 0 8
27 52 0 8
16 79 0 8
58 69 0 8
30 91 0 8
83 93 0 8
42 94 0 8
19 48 0 8
55 83 0 8
68 77 0 8
49 80 0 8
60 84 0 8
56 94 0 8
46 81 0 8
39 63 0 8
61 78 0 8
6 62 0 8
11 70 0 8
6 75 0 8
19 39 0 8
13 29 0 8
17 35 0 8
57 76 0 8
24 53 0 8
23 83 0 8
85 98 0 8
3 78 0 8
28 58 0 8
2 64 0 8
21 94 0 8
46 94 0 8
62 88 0 8
31 81 0 8
58 84 0 8
54 80 0 8
3 59 0 8
32 67 0 8
10 53 0 8
11 67 0 8
2 93 0 8
12 49 0 8
32 40 0 8
47 92 0 8
4 54 0 8
30 58 0 8
66 77 0 8
42 54 0 8
35 51 0 8
27 67 0 8
10 61 0 8
3 56 0 8
30 35 0 8
33 95 0 8
75 79 0 8
6 24 0 8
61 79 0 8
16 47 0 8
21 95 0 8
48 71 0 8
31 61 0 8
21 99 0 8
83 94 0 8
37 61 0 8
28 99 0 8
22 78 0 8
11 41 0 8
45 57 0 8
35 40 0 8
16 19 0 8
11 42 0 8
2 62 0 8
34 72 0 8
13 38 0 8
6 30 0 8
42 86 0 8
49 81 0 8
15 53 0 8
11 91 0 8
29 65 0 8
24 84 0 8
5 68 0 8
53 65 0 8
21 79 0 8
4 82 0 8
58 72 0 8
17 51 0 8
60 64 0 8
8 53 0 8
50 62 0 8
21 72 0 8
10 36 0 8
2 40 0 8
3 76 0 8
43 92 0 8
33 75 0 8
17 82 0 8
38 82 0 8
42 52 0 8
70 83 0 8
54 59 0 8
58 94 0 8
20 72 0 8
79 88 0 8
26 34 0 8
36 95 0 8
55 97 0 8
59 81 0 8
4 94 0 8
71 82 0 8
11 95 0 8
39 77 0 8
16 99 0 8
77 95 0 8
62 77 0 8
36 43 0 8
83 84 0 8
7 30 0 8
6 87 0 8
32 63 0 8
76 99 0 8
4 58 0 8
17 60 0 8
65 79 0 8
31 79 0 8
4 67 0 8
22 99 0 8
9 70 0 8
9 69 0 8
81 94 0 8
9 17 0 8
9 31 0 8
61 81 0 8
64 90 0 8
13 66 0 8
20 46 0 8
24 69 0 8
38 91 0 8
16 37 0 8
70 80 0 8
44 99 0 8
86 95 0 8
8 19 0 8
33 85 0 8
57 66 0 8
48 53 0 8
2 73 0 8
25 68 0 8
47 58 0 8
45 77 0 8
73 98 0 8
12 84 0 8
5 14 0 8
77 97 0 8
20 42 0 8
85 97 0 8
42 89 0 8
12 29 0 8
53 98 0 8
18 44 0 8
48 82 0 8
65 87 0 8
2 94 0 8
26 64 0 8
21 75 0 8
59 70 0 8
41 48 0 8
37 66 0 8
73 90 0 8
36 55 0 8
5 23 0 8
52 79 0 8
2 44 0 8
31 89 0 8
3 11 0 8
26 93 0 8
22 63 0 8
33 59 0 8
56 61 0 8
32 92 0 8
23 77 0 8
21 28 0 8
74 99 0 8
30 45 0 8
27 41 0 8
94 99 0 8
55 96 0 8
6 90 0 8
39 52 0 8
12 85 0 8
31 85 0 8
43 75 0 8
35 99 0 8
21 85 0 8
43 94 0 8
26 51 0 8
53 93 0 8
5 21 0 8
31 45 0 8
20 88 0 8
31 48 0 8
60 96 0 8
78 95 0 8
83 99 0 8
56 80 0 8
3 83 0 8
9 59 0 8
11 63 0 8
9 83 0 8
3 25 0 8
72 85 0 8
22 59 0 8
27 83 0 8
82 92 0 8
10 79 0 8
38 74 0 8
43 55 0 8
12 79 0 8
77 94 0 8
57 64 0 8
23 85 0 8
33 54 0 8
14 87 0 8
26 80 0 8
25 77 0 8
29 60 0 8
11 49 0 8
25 87 0 8
67 85 0 8
5 55 0 8
19 43 0 8
56 72 0 8
39 87 0 8
23 82 0 8
30 81 0 8
10 50 0 8
18 60 0 8
5 20 0 8
68 98 0 8
64 71 0 8
85 89 0 8
6 54 0 8
15 64 0 8
90 94 0 8
34 91 0 8
59 76 0 8
50 60 0 8
8 79 0 8
2 61 0 8
10 43 0 8
30 86 0 8
16 27 0 8
89 96 0 8
3 37 0 8
41 78 0 8
44 83 0 8
38 84 0 8
46 84 0 8
81 97 0 8
24 88 0 8
16 64 0 8
14 18 0 8
54 92 0 8
5 53 0 8
30 70 0 8
8 75 0 8
21 90 0 8
48 77 0 8
34 85 0 8
28 79 0 8
44 47 0 8
36 48 0 8
19 74 0 8
51 61 0 8
39 53 0 8
58 89 0 8
44 58 0 8
60 97 0 8
55 72 0 8
5 11 0 8
39 75 0 8
48 83 0 8
33 86 0 8
16 69 0 8
10 88 0 8
55 91 0 8
14 62 0 8
18 68 0 8
24 71 0 8
76 85 0 8
7 96 0 8
18 88 0 8
4 65 0 8
25 66 0 8
70 94 0 8
51 96 0 8
48 52 0 8
3 45 0 8
23 47 0 8
37 82 0 8
83 90 0 8
60 98 0 8
20 94 0 8
2 39 0 8
51 90 0 8
42 79 0 8
19 28 0 8
12 41 0 8
24 73 0 8
58 95 0 8
23 38 0 8
17 29 0 8
21 39 0 8
46 88 0 8
22 69 0 8
37 83 0 8
18 95 0 8
64 97 0 8
11 29 0 8
8 63 0 8
35 60 0 8
42 58 0 8
32 87 0 8
21 97 0 8
52 76 0 8
10 58 0 8
10 77 0 8
5 48 0 8
19 94 0 8
26 83 0 8
11 48 0 8
22 92 0 8
34 78 0 8
51 86 0 8
21 30 0 8
36 71 0 8
20 77 0 8
13 43 0 8
29 54 0 8
48 56 0 8
51 73 0 8
6 52 0 8
8 41 0 8
54 90 0 8
7 49 0 8
15 94 0 8
25 48 0 8
34 98 0 8
17 92 0 8
8 52 0 8
33 44 0 8
26 70 0 8
57 85 0 8
12 70 0 8
36 67 0 8
16 28 0 8
26 47 0 8
22 75 0 8
2 36 0 8
42 70 0 8
64 95 0 8
7 34 0 8
50 79 0 8
58 83 0 8
20 75 0 8
30 84 0 8
5 24 0 8
23 40 0 8
6 37 0 8
38 89 0 8
38 56 0 8
42 59 0 8
18 45 0 8
68 76 0 8
7 53 0 8
36 80 0 8
38 81 0 8
11 43 0 8
29 72 0 8
33 49 0 8
34 92 0 8
50 86 0 8
19 91 0 8
15 86 0 8
46 96 0 8
42 72 0 8
45 98 0 8
7 58 0 8
31 64 0 8
13 99 0 8
30 34 0 8
4 34 0 8
47 85 0 8
27 76 0 8
39 55 0 8
6 23 0 8
48 97 0 8
44 85 0 8
59 91 0 8
67 87 0 8
3 62 0 8
7 67 0 8
33 89 0 8
47 83 0 8
33 82 0 8
12 57 0 8
44 71 0 8
31 98 0 8
49 83 0 8
38 83 0 8
92 97 0 8
3 90 0 8
80 86 0 8
30 93 0 8
21 93 0 8
90 95 0 8
41 80 0 8
10 26 0 8
14 59 0 8
20 76 0 8
4 95 0 8
16 57 0 8
16 75 0 8
27 81 0 8
2 75 0 8
7 50 0 8
38 90 0 8
15 97 0 8
13 81 0 8
80 92 0 8
31 78 0 8
23 66 0 8
8 24 0 8
61 84 0 8
6 65 0 8
14 43 0 8
60 65 0 8
18 47 0 8
24 98 0 8
48 84 0 8
25 38 0 8
47 88 0 8
24 67 0 8
46 55 0 8
12 72 0 8
13 80 0 8
25 85 0 8
38 63 0 8
5 34 0 8
11 35 0 8
28 48 0 8
7 63 0 8
26 82 0 8
37 57 0 8
12 75 0 8
20 73 0 8
18 67 0 8
52 71 0 8
40 92 0 8
40 82 0 8
34 46 0 8
31 99 0 8
51 64 0 8
34 90 0 8
8 49 0 8
5 28 0 8
18 86 0 8
9 74 0 8
77 98 0 8
57 94 0 8
33 90 0 8
51 97 0 8
87 99 0 8
26 61 0 8
78 98 0 8
7 16 0 8
38 67 0 8
28 62 0 8
48 74 0 8
62 69 0 8
14 47 0 8
26 91 0 8
26 59 0 8
25 41 0 8
36 57 0 8
81 99 0 8
13 52 0 8
40 64 0 8
38 47 0 8
63 85 0 8
29 91 0 8
33 94 0 8
29 75 0 8
60 76 0 8
8 88 0 8
44 49 0 8
29 64 0 8
77 99 0 8
38 62 0 8
10 22 0 8
13 98 0 8
13 31 0 8
60 68 0 8
10 51 0 8
35 93 0 8
50 93 0 8
20 39 0 8
11 52 0 8
16 51 0 8
18 61 0 8
19 62 0 8
56 90 0 8
28 65 0 8
4 72 0 8
18 77 0 8
8 37 0 8
44 60 0 8
13 24 0 8
90 99 0 8
7 89 0 8
37 91 0 8
3 29 0 8
46 79 0 8
27 62 0 8
66 74 0 8
45 79 0 8
6 59 0 8
23 42 0 8
54 70 0 8
28 70 0 8
6 33 0 8
4 60 0 8
60 80 0 8
7 52 0 8
50 83 0 8
78 97 0 8
65 78 0 8
10 85 0 8
15 25 0 8
7 64 0 8
62 67 0 8
62 86 0 8
58 88 0 8
7 57 0 8
8 29 0 8
44 55 0 8
29 87 0 8
22 72 0 8
44 86 0 8
37 53 0 8
36 79 0 8
29 71 0 8
73 83 0 8
39 48 0 8
42 67 0 8
23 36 0 8
19 30 0 8
22 80 0 8
63 71 0 8
40 81 0 8
17 63 0 8
23 84 0 8
32 52 0 8
69 83 0 8
11 36 0 8
8 28 0 8
10 35 0 8
44 54 0 8
3 71 0 8
7 70 0 8
44 93 0 8
74 81 0 8
54 87 0 8
3 23 0 8
72 96 0 8
36 87 0 8
26 31 0 8
35 55 0 8
59 74 0 8
2 99 0 8
18 96 0 8
44 82 0 8
22 46 0 8
74 98 0 8
3 86 0 8
59 80 0 8
18 93 0 8
26 32 0 8
12 86 0 8
13 22 0 8
13 65 0 8
13 50 0 8
33 47 0 8
55 78 0 8
70 99 0 8
23 46 0 8
50 70 0 8
4 45 0 8
26 97 0 8
35 48 0 8
34 74 0 8
23 51 0 8
43 47 0 8
30 82 0 8
10 27 0 8
47 91 0 8
14 22 0 8
10 74 0 8
22 95 0 8
43 91 0 8
30 94 0 8
62 82 0 8
48 87 0 8
60 78 0 8
54 94 0 8
3 61 0 8
29 93 0 8
67 75 0 8
67 89 0 8
33 57 0 8
33 63 0 8
58 68 0 8
33 45 0 8
26 50 0 8
30 85 0 8
61 76 0 8
3 69 0 8
8 43 0 8
11 55 0 8
50 97 0 8
48 68 0 8
50 75 0 8
75 99 0 8
33 84 0 8
47 97 0 8
27 85 0 8
17 78 0 8
3 65 0 8
25 57 0 8
51 68 0 8
70 89 0 8
13 54 0 8
2 74 0 8
64 96 0 8
50 64 0 8
15 91 0 8
17 53 0 8
40 54 0 8
13 62 0 8
15 37 0 8
49 70 0 8
26 74 0 8
3 67 0 8
9 41 0 8
45 61 0 8
19 95 0 8
27 55 0 8
8 36 0 8
32 88 0 8
34 96 0 8
15 76 0 8
51 83 0 8
63 82 0 8
18 73 0 8
53 91 0 8
27 64 0 8
29 85 0 8
10 64 0 8
18 42 0 8
23 43 0 8
26 77 0 8
15 47 0 8
43 80 0 8
22 36 0 8
14 55 0 8
51 71 0 8
40 91 0 8
3 36 0 8
12 69 0 8
46 72 0 8
14 77 0 8
5 73 0 8
50 66 0 8
23 55 0 8
20 86 0 8
41 50 0 8
38 96 0 8
7 85 0 8
14 51 0 8
11 69 0 8
5 71 0 8
37 50 0 8
8 69 0 8
86 96 0 8
57 86 0 8
21 61 0 8
32 98 0 8
71 93 0 8
4 68 0 8
11 81 0 8
42 75 0 8
39 64 0 8
55 87 0 8
13 49 0 8
11 54 0 8
31 50 0 8
10 63 0 8
78 91 0 8
7 84 0 8
10 31 0 8
51 65 0 8
8 58 0 8
77 89 0 8
15 66 0 8
13 42 0 8
37 44 0 8
30 60 0 8
74 82 0 8
67 88 0 8
40 69 0 8
8 34 0 8
4 28 0 8
18 92 0 8
52 86 0 8
5 49 0 8
24 70 0 8
14 36 0 8
23 39 0 8
7 99 0 8
34 48 0 8
8 61 0 8
6 81 0 8
10 71 0 8
3 54 0 8
64 75 0 8
15 16 0 8
62 85 0 8
3 74 0 8
52 88 0 8
21 88 0 8
61 80 0 8
68 83 0 8
81 90 0 8
62 92 0 8
10 15 0 8
67 91 0 8
50 77 0 8
46 70 0 8
8 91 0 8
40 83 0 8
63 78 0 8
16 81 0 8
4 85 0 8
66 79 0 8
40 78 0 8
34 50 0 8
55 60 0 8
28 52 0 8
25 67 0 8
73 84 0 8
16 54 0 8
17 45 0 8
36 51 0 8
38 66 0 8
67 93 0 8
48 63 0 8
35 54 0 8
15 33 0 8
12 78 0 8
10 95 0 8
10 70 0 8
15 58 0 8
11 65 0 8
30 51 0 8
52 99 0 8
33 83 0 8
5 39 0 8
17 76 0 8
24 50 0 8
3 43 0 8
27 89 0 8
49 98 0 8
62 89 0 8
22 57 0 8
21 77 0 8
14 97 0 8
70 97 0 8
28 88 0 8
49 74 0 8
15 78 0 8
50 92 0 8
84 97 0 8
44 89 0 8
10 97 0 8
27 95 0 8
31 94 0 8
66 75 0 8
15 49 0 8
16 25 0 8
39 44 0 8
33 46 0 8
11 76 0 8
53 69 0 8
65 94 0 8
21 59 0 8
37 80 0 8
42 51 0 8
64 76 0 8
63 87 0 8
5 96 0 8
15 54 0 8
41 58 0 8
33 51 0 8
37 58 0 8
16 60 0 8
26 94 0 8
31 62 0 8
9 80 0 8
53 68 0 8
33 48 0 8
19 49 0 8
33 41 0 8
15 98 0 8
25 84 0 8
22 44 0 8
11 39 0 8
50 72 0 8
58 66 0 8
30 99 0 8
25 73 0 8
49 99 0 8
73 82 0 8
48 80 0 8
33 43 0 8
23 49 0 8
55 66 0 8
51 67 0 8
53 60 0 8
28 36 0 8
15 44 0 8
56 99 0 8
34 42 0 8
4 89 0 8
37 54 0 8
28 42 0 8
67 78 0 8
45 55 0 8
38 51 0 8
49 78 0 8
46 73 0 8
35 45 0 8
6 53 0 8
13 18 0 8
34 44 0 8
27 99 0 8
38 95 0 8
46 98 0 8
4 48 0 8
16 82 0 8
17 23 0 8
52 87 0 8
6 67 0 8
45 74 0 8
38 69 0 8
18 49 0 8
55 76 0 8
19 57 0 8
37 97 0 8
25 39 0 8
8 78 0 8
20 74 0 8
22 51 0 8
65 80 0 8
46 77 0 8
26 52 0 8
57 74 0 8
27 50 0 8
44 79 0 8
70 85 0 8
58 73 0 8
41 57 0 8
3 46 0 8
22 96 0 8
39 47 0 8
47 66 0 8
6 97 0 8
11 72 0 8
10 86 0 8
26 86 0 8
50 96 0 8
16 78 0 8
34 60 0 8
38 60 0 8
9 85 0 8
38 53 0 8
26 35 0 8
38 78 0 8
6 40 0 8
33 99 0 8
12 20 0 8
42 90 0 8
42 73 0 8
5 51 0 8
53 97 0 8
20 49 0 8
9 40 0 8
36 66 0 8
23 89 0 8
4 33 0 8
64 82 0 8
19 33 0 8
57 97 0 8
41 79 0 8
18 91 0 8
63 76 0 8
60 83 0 8
33 96 0 8
51 72 0 8
16 93 0 8
46 51 0 8
20 51 0 8
54 76 0 8
14 45 0 8
77 93 0 8
28 93 0 8
38 42 0 8
19 75 0 8
30 77 0 8
5 59 0 8
15 24 0 8
18 41 0 8
20 71 0 8
28 81 0 8
83 88 0 8
24 78 0 8
17 62 0 8
72 79 0 8
48 86 0 8
40 48 0 8
82 95 0 8
23 67 0 8
39 66 0 8
42 61 0 8
24 57 0 8
63 88 0 8
70 84 0 8
10 28 0 8
90 97 0 8
47 70 0 8
64 89 0 8
8 60 0 8
32 81 0 8
37 68 0 8
68 84 0 8
28 43 0 8
39 93 0 8
19 88 0 8
25 88 0 8
8 55 0 8
16 89 0 8
21 37 0 8
3 70 0 8
6 25 0 8
20 61 0 8
12 95 0 8
18 74 0 8
39 89 0 8
29 57 0 8
28 69 0 8
28 92 0 8
9 44 0 8
21 57 0 8
5 32 0 8
9 53 0 8
37 90 0 8
39 46 0 8
14 81 0 8
48 99 0 8
14 57 0 8
24 42 0 8
49 71 0 8
10 40 0 8
74 95 0 8
54 88 0 8
9 97 0 8
37 64 0 8
22 81 0 8
51 93 0 8
28 83 0 8
70 82 0 8
80 94 0 8
31 66 0 8
32 62 0 8
30 68 0 8
29 45 0 8
12 64 0 8
38 68 0 8
4 36 0 8
39 60 0 8
17 66 0 8
25 72 0 8
24 89 0 8
27 94 0 8
41 85 0 8
55 92 0 8
9 73 0 8
5 9 0 8
50 85 0 8
43 61 0 8
22 65 0 8
32 93 0 8
4 23 0 8
36 81 0 8
70 79 0 8
17 26 0 8
49 92 0 8
39 40 0 8
28 85 0 8
35 98 0 8
28 78 0 8
14 52 0 8
7 71 0 8
12 82 0 8
59 94 0 8
36 65 0 8
26 78 0 8
21 71 0 8
7 61 0 8
23 78 0 8
64 74 0 8
37 65 0 8
42 91 0 8
12 30 0 8
31 54 0 8
16 66 0 8
15 42 0 8
12 58 0 8
9 45 0 8
10 92 0 8
23 35 0 8
19 65 0 8
19 45 0 8
55 73 0 8
60 88 0 8
10 96 0 8
57 84 0 8
24 94 0 8
7 48 0 8
31 59 0 8
31 96 0 8
25 54 0 8
50 88 0 8
32 83 0 8
26 85 0 8
12 80 0 8
47 68 0 8
47 77 0 8
21 48 0 8
31 53 0 8
40 98 0 8
16 42 0 8
79 90 0 8
7 98 0 8
12 38 0 8
55 95 0 8
72 99 0 8
41 54 0 8
10 68 0 8
29 76 0 8
35 92 0 8
57 77 0 8
3 68 0 8
26 41 0 8
36 99 0 8
49 97 0 8
60 66 0 8
40 61 0 8
27 82 0 8
45 90 0 8
3 38 0 8
27 34 0 8
61 75 0 8
50 74 0 8
4 43 0 8
10 52 0 8
41 95 0 8
36 98 0 8
14 49 0 8
28 74 0 8
8 94 0 8
35 91 0 8
36 46 0 8
33 69 0 8
6 76 0 8
40 85 0 8
23 60 0 8
65 90 0 8
48 95 0 8
12 61 0 8
30 95 0 8
48 75 0 8
36 59 0 8
70 93 0 8
23 52 0 8
8 77 0 8
38 65 0 8
60 87 0 8
74 93 0 8
24 45 0 8
60 72 0 8
65 73 0 8
4 92 0 8
59 96 0 8
45 97 0 8
7 59 0 8
62 71 0 8
41 90 0 8
65 86 0 8
44 50 0 8
41 51 0 8
53 76 0 8
24 77 0 8
89 95 0 8
68 89 0 8
7 55 0 8
30 50 0 8
39 84 0 8
18 27 0 8
9 64 0 8
28 73 0 8
6 27 0 8
9 79 0 8
22 74 0 8
6 85 0 8
35 80 0 8
38 48 0 8
19 46 0 8
51 88 0 8
45 53 0 8
19 85 0 8
30 80 0 8
16 58 0 8
29 68 0 8
35 57 0 8
35 67 0 8
44 90 0 8
22 67 0 8
4 42 0 8
8 30 0 8
14 50 0 8
18 29 0 8
37 98 0 8
27 78 0 8
3 64 0 8
48 98 0 8
19 70 0 8
4 79 0 8
4 93 0 8
58 71 0 8
12 92 0 8
10 16 0 8
9 27 0 8
23 41 0 8
60 85 0 8
30 59 0 8
37 62 0 8
65 77 0 8
68 90 0 8
41 49 0 8
13 40 0 8
16 48 0 8
2 48 0 8
24 86 0 8
6 72 0 8
12 98 0 8
53 92 0 8
8 86 0 8
24 72 0 8
16 46 0 8
10 25 0 8
30 55 0 8
28 47 0 8
10 23 0 8
6 34 0 8
42 50 0 8
24 85 0 8
20 85 0 8
14 66 0 8
4 31 0 8
6 68 0 8
4 77 0 8
25 93 0 8
26 38 0 8
54 73 0 8
26 53 0 8
39 88 0 8
59 75 0 8
47 63 0 8
29 79 0 8
25 70 0 8
44 53 0 8
7 36 0 8
12 73 0 8
40 87 0 8
29 74 0 8
54 71 0 8
47 87 0 8
18 48 0 8
22 45 0 8
23 50 0 8
15 55 0 8
55 86 0 8
46 97 0 8
36 60 0 8
12 76 0 8
16 33 0 8
68 85 0 8
17 88 0 8
73 88 0 8
3 72 0 8
52 89 0 8
10 17 0 8
61 72 0 8
4 62 0 8
31 87 0 8
21 76 0 8
25 89 0 8
38 59 0 8
73 93 0 8
29 55 0 8
26 98 0 8
27 84 0 8
10 41 0 8
22 40 0 8
88 94 0 8
67 90 0 8
10 66 0 8
23 48 0 8
4 90 0 8
31 91 0 8
68 80 0 8
51 81 0 8
17 75 0 8
28 89 0 8
33 39 0 8
4 84 0 8
13 86 0 8
21 42 0 8
15 90 0 8
30 88 0 8
31 70 0 8
15 67 0 8
34 95 0 8
6 41 0 8
75 95 0 8
26 37 0 8
82 87 0 8
45 96 0 8
48 76 0 8
29 59 0 8
14 24 0 8
7 74 0 8
11 80 0 8
27 75 0 8
3 26 0 8
33 79 0 8
4 75 0 8
11 98 0 8
29 62 0 8
84 88 0 8
5 82 0 8
23 96 0 8
61 85 0 8
13 37 0 8
35 63 0 8
7 24 0 8
12 71 0 8
34 63 0 8
40 79 0 8
15 50 0 8
7 47 0 8
62 75 0 8
44 92 0 8
20 87 0 8
50 65 0 8
11 83 0 8
11 86 0 8
30 98 0 8
11 78 0 8
30 72 0 8
14 32 0 8
14 92 0 8
32 95 0 8
29 58 0 8
15 73 0 8
43 90 0 8
15 72 0 8
57 78 0 8
19 71 0 8
13 70 0 8
27 92 0 8
48 92 0 8
8 70 0 8
53 95 0 8
9 63 0 8
49 79 0 8
43 84 0 8
24 95 0 8
80 91 0 8
59 66 0 8
57 73 0 8
52 75 0 8
19 89 0 8
57 81 0 8
27 60 0 8
33 91 0 8
26 89 0 8
20 70 0 8
35 49 0 8
44 96 0 8
23 68 0 8
5 90 0 8
18 70 0 8
69 81 0 8
12 37 0 8
29 37 0 8
14 82 0 8
62 76 0 8
24 90 0 8
23 74 0 8
17 27 0 8
49 65 0 8
45 70 0 8
24 79 0 8
66 72 0 8
23 54 0 8
46 78 0 8
30 97 0 8
47 79 0 8
3 42 0 8
15 89 0 8
12 74 0 8
28 59 0 8
38 54 0 8
83 87 0 8
29 77 0 8
36 89 0 8
53 75 0 8
77 96 0 8
31 46 0 8
38 50 0 8
48 78 0 8
30 40 0 8
45 92 0 8
6 28 0 8
10 62 0 8
19 61 0 8
36 61 0 8
46 61 0 8
28 91 0 8
60 94 0 8
86 91 0 8
84 90 0 8
25 61 0 8
14 83 0 8
13 92 0 8
35 82 0 8
25 59 0 8
33 93 0 8
60 95 0 8
3 91 0 8
18 40 0 8
21 91 0 8
29 81 0 8
6 60 0 8
54 91 0 8
64 86 0 8
57 75 0 8
37 45 0 8
35 84 0 8
48 72 0 8
5 94 0 8
12 52 0 8
6 69 0 8
15 95 0 8
32 66 0 8
14 38 0 8
43 88 0 8
8 72 0 8
14 78 0 8
37 46 0 8
33 77 0 8
66 92 0 8
11 50 0 8
14 41 0 8
16 52 0 8
28 84 0 8
7 80 0 8
48 64 0 8
42 97 0 8
15 68 0 8
34 40 0 8
4 76 0 8
36 68 0 8
40 96 0 8
59 72 0 8
41 66 0 8
9 62 0 8
6 57 0 8
51 92 0 8
5 77 0 8
30 57 0 8
23 90 0 8
59 89 0 8
45 72 0 8
54 93 0 8
25 82 0 8
62 84 0 8
41 88 0 8
24 87 0 8
25 78 0 8
27 49 0 8
3 75 0 8
40 67 0 8
41 94 0 8
7 39 0 8
23 95 0 8
22 71 0 8
16 68 0 8
57 93 0 8
5 37 0 8
13 67 0 8
47 95 0 8
67 71 0 8
38 93 0 8
5 63 0 8
22 39 0 8
17 46 0 8
44 91 0 8
11 23 0 8
72 93 0 8
28 44 0 8
15 75 0 8
37 47 0 8
17 93 0 8
4 26 0 8
28 71 0 8
7 83 0 8
26 72 0 8
46 86 0 8
10 72 0 8
40 84 0 8
40 63 0 8
30 76 0 8
7 77 0 8
9 81 0 8
27 69 0 8
50 87 0 8
14 64 0 8
26 55 0 8
16 62 0 8
40 72 0 8
3 48 0 8
59 92 0 8
16 94 0 8
61 73 0 8
19 84 0 8
46 91 0 8
64 93 0 8
17 90 0 8
68 86 0 8
20 40 0 8
10 29 0 8
37 43 0 8
12 81 0 8
16 98 0 8
31 71 0 8
25 98 0 8
64 88 0 8
13 58 0 8
53 88 0 8
3 30 0 8
3 40 0 8
29 80 0 8
4 69 0 8
13 63 0 8
55 88 0 8
11 68 0 8
15 87 0 8
33 58 0 8
68 97 0 8
17 42 0 8
46 80 0 8
26 39 0 8
14 17 0 8
35 50 0 8
51 66 0 8
10 83 0 8
16 96 0 8
40 58 0 8
58 92 0 8
52 74 0 8
59 71 0 8
60 82 0 8
34 62 0 8
17 73 0 8
30 53 0 8
66 90 0 8
32 69 0 8
21 89 0 8
43 96 0 8
32 59 0 8
10 76 0 8
29 88 0 8
45 75 0 8
25 95 0 8
30 96 0 8
62 70 0 8
13 76 0 8
34 64 0 8
23 81 0 8
67 70 0 8
47 72 0 8
42 49 0 8
24 54 0 8
26 73 0 8
66 86 0 8
4 70 0 8
9 54 0 8
5 54 0 8
34 69 0 8
47 67 0 8
27 57 0 8
5 40 0 8
30 64 0 8
42 76 0 8
66 71 0 8
32 80 0 8
24 62 0 8
49 88 0 8
62 87 0 8
46 71 0 8
72 90 0 8
55 71 0 8
14 96 0 8
34 79 0 8
67 77 0 8
26 60 0 8
53 82 0 8
20 91 0 8
41 89 0 8
29 94 0 8
13 83 0 8
29 38 0 8
5 84 0 8
6 38 0 8
41 70 0 8
13 32 0 8
48 85 0 8
13 55 0 8
49 85 0 8
31 82 0 8
26 57 0 8
23 88 0 8
18 46 0 8
38 85 0 8
22 73 0 8
42 74 0 8
31 92 0 8
46 69 0 8
14 63 0 8
3 63 0 8
25 53 0 8
40 62 0 8
16 53 0 8
53 90 0 8
32 64 0 8
32 68 0 8
25 63 0 8
15 59 0 8
42 57 0 8
14 98 0 8
8 35 0 8
26 75 0 8
71 84 0 8
68 91 0 8
15 63 0 8
5 93 0 8
32 42 0 8
5 70 0 8
5 88 0 8
15 96 0 8
31 95 0 8
6 14 0 8
47 73 0 8
29 47 0 8
40 80 0 8
30 74 0 8
51 95 0 8
37 84 0 8
32 78 0 8
28 96 0 8
30 83 0 8
10 33 0 8
30 62 0 8
9 65 0 8
27 74 0 8
43 57 0 8
40 47 0 8
5 60 0 8
71 97 0 8
9 95 0 8
12 90 0 8
59 78 0 8
8 71 0 8
12 96 0 8
12 39 0 8
9 94 0 8
69 86 0 8
22 87 0 8
18 51 0 8
5 30 0 8
25 94 0 8
22 88 0 8
38 46 0 8
35 59 0 8
31 75 0 8
47 93 0 8
43 71 0 8
22 70 0 8
8 83 0 8
51 87 0 8
9 68 0 8
5 89 0 8
28 68 0 8
14 71 0 8
72 98 0 8
23 76 0 8
66 89 0 8
62 74 0 8
26 90 0 8
41 92 0 8
36 96 0 8
15 69 0 8
7 60 0 8
53 89 0 8
14 76 0 8
6 48 0 8
35 90 0 8
49 82 0 8
60 74 0 8
16 44 0 8
59 87 0 8
9 84 0 8
48 81 0 8
16 61 0 8
26 58 0 8
10 75 0 8
5 41 0 8
11 62 0 8
51 75 0 8
11 28 0 8
3 73 0 8
6 79 0 8
43 72 0 8
6 73 0 8
39 82 0 8
9 75 0 8
23 62 0 8
14 61 0 8
32 51 0 8
11 31 0 8
5 74 0 8
15 27 0 8
39 42 0 8
34 61 0 8
27 88 0 8
14 72 0 8
13 48 0 8
55 75 0 8
41 71 0 8
14 28 0 8
15 39 0 8
24 40 0 8
16 26 0 8
36 93 0 8
3 79 0 8
48 70 0 8
25 49 0 8
29 96 0 8
58 75 0 8
13 47 0 8
39 68 0 8
11 40 0 8
9 93 0 8
58 87 0 8
12 77 0 8
4 73 0 8
10 38 0 8
15 40 0 8
42 71 0 8
30 41 0 8
16 41 0 8
45 73 0 8
41 76 0 8
40 73 0 8
28 60 0 8
19 40 0 8
12 67 0 8
34 89 0 8
7 17 0 8
10 78 0 8
70 81 0 8
26 71 0 8
29 67 0 8
35 68 0 8
15 57 0 8
13 57 0 8
49 93 0 8
60 92 0 8
45 71 0 8
39 62 0 8
7 38 0 8
41 87 0 8
60 73 0 8
24 93 0 8
13 71 0 8
11 64 0 8
31 86 0 8
23 71 0 8
15 80 0 8
