114 120 0 8
113 120 0 8
113 119 0 8
112 120 0 8
112 119 0 8
112 118 0 8
111 120 0 8
111 119 0 8
111 118 0 8
111 117 0 8
110 120 0 8
110 119 0 8
110 118 0 8
110 117 0 8
110 116 0 8
109 120 0 8
109 119 0 8
109 118 0 8
109 117 0 8
109 116 0 8
109 115 0 8
108 120 0 8
108 119 0 8
108 118 0 8
108 117 0 8
108 116 0 8
108 115 0 8
108 114 0 8
107 120 0 8
107 119 0 8
107 118 0 8
107 117 0 8
107 116 0 8
107 115 0 8
107 114 0 8
107 113 0 8
106 120 0 8
106 119 0 8
106 118 0 8
106 117 0 8
106 116 0 8
106 115 0 8
106 114 0 8
106 113 0 8
106 112 0 8
105 120 0 8
105 119 0 8
105 118 0 8
105 117 0 8
105 116 0 8
105 115 0 8
105 114 0 8
105 113 0 8
105 112 0 8
105 111 0 8
104 120 0 8
104 119 0 8
104 118 0 8
104 117 0 8
104 116 0 8
104 115 0 8
104 114 0 8
104 113 0 8
104 112 0 8
104 111 0 8
104 110 0 8
103 120 0 8
103 119 0 8
103 118 0 8
103 117 0 8
103 116 0 8
103 115 0 8
103 114 0 8
103 113 0 8
103 112 0 8
103 111 0 8
103 110 0 8
103 109 0 8
102 120 0 8
102 119 0 8
102 118 0 8
102 117 0 8
102 116 0 8
102 115 0 8
102 114 0 8
102 113 0 8
102 112 0 8
102 111 0 8
102 110 0 8
102 109 0 8
102 108 0 8
101 120 0 8
101 119 0 8
101 118 0 8
101 117 0 8
101 116 0 8
101 115 0 8
101 114 0 8
101 113 0 8
101 112 0 8
101 111 0 8
101 110 0 8
101 109 0 8
101 108 0 8
101 107 0 8
100 120 0 8
100 119 0 8
100 118 0 8
100 117 0 8
100 116 0 8
100 115 0 8
100 114 0 8
100 113 0 8
100 112 0 8
100 111 0 8
100 110 0 8
100 109 0 8
100 108 0 8
100 107 0 8
100 106 0 8
