31 34 1.620830e+00
8 47 1.434289e+00
72 79 1.350482e+00
11 45 1.346157e+00
79 80 1.232279e+00
20 44 1.193919e+00
77 83 1.155788e+00
49 77 1.155192e+00
69 76 1.151475e+00
21 49 1.125276e+00
69 72 1.088205e+00
6 47 1.060000e+00
18 21 1.020220e+00
54 56 1.017000e+00
59 69 1.007864e+00
60 61 1.005627e+00
35 39 9.959473e-01
11 83 9.785293e-01
65 67 9.429325e-01
74 79 9.426120e-01
74 78 9.316345e-01
26 32 9.298195e-01
75 83 9.263882e-01
50 57 9.249251e-01
22 34 9.196187e-01
54 75 9.187533e-01
42 43 9.178953e-01
22 42 9.165326e-01
27 46 9.128112e-01
28 41 9.094287e-01
63 73 9.079983e-01
38 39 9.072755e-01
40 44 9.010337e-01
22 60 8.910093e-01
67 71 8.906930e-01
71 79 8.805358e-01
70 71 8.768781e-01
62 63 8.734970e-01
70 84 8.633500e-01
34 57 8.477960e-01
71 83 8.446789e-01
4 78 8.381750e-01
84 85 8.319070e-01
4 46 8.246592e-01
59 82 8.210557e-01
63 80 8.198788e-01
12 17 8.194440e-01
18 25 8.130068e-01
72 81 8.129460e-01
32 75 8.125504e-01
8 70 8.109253e-01
50 60 8.080034e-01
39 41 7.960122e-01
65 74 7.925953e-01
50 52 7.907199e-01
27 55 7.901555e-01
39 42 7.842254e-01
30 70 7.827740e-01
18 50 7.813240e-01
3 10 7.777585e-01
58 66 7.772003e-01
26 28 7.695337e-01
65 81 7.643545e-01
39 46 7.587577e-01
58 70 7.475216e-01
61 66 7.377883e-01
76 78 7.363854e-01
68 69 7.353735e-01
12 34 7.307469e-01
71 82 7.237812e-01
24 75 7.201261e-01
16 74 7.195673e-01
11 44 7.154407e-01
23 68 7.149468e-01
47 70 7.125143e-01
26 27 7.122821e-01
78 79 7.074557e-01
16 71 7.063182e-01
65 66 7.052611e-01
4 14 7.016548e-01
21 25 6.988148e-01
35 38 6.976139e-01
62 76 6.951663e-01
41 62 6.939298e-01
35 43 6.904130e-01
27 28 6.892442e-01
17 40 6.863972e-01
39 43 6.849971e-01
40 53 6.849501e-01
39 57 6.846698e-01
5 84 6.835272e-01
48 59 6.786037e-01
5 14 6.772798e-01
67 78 6.772746e-01
8 80 6.766865e-01
24 58 6.712717e-01
14 67 6.700808e-01
44 68 6.673356e-01
45 74 6.666254e-01
79 83 6.657517e-01
58 67 6.644520e-01
18 24 6.640441e-01
25 26 6.632038e-01
41 43 6.611633e-01
15 41 6.601870e-01
2 19 6.596139e-01
13 19 6.589425e-01
26 29 6.578363e-01
2 13 6.574191e-01
44 64 6.571593e-01
14 79 6.568353e-01
42 58 6.563504e-01
9 19 6.562975e-01
18 66 6.559588e-01
2 9 6.545358e-01
20 21 6.541931e-01
9 13 6.541254e-01
12 31 6.529072e-01
22 48 6.514026e-01
76 84 6.505461e-01
28 39 6.496705e-01
69 84 6.455641e-01
28 35 6.450008e-01
67 82 6.437909e-01
77 82 6.427494e-01
10 15 6.394472e-01
54 70 6.381971e-01
41 54 6.371368e-01
6 12 6.367629e-01
11 25 6.367085e-01
56 61 6.334762e-01
3 15 6.305165e-01
8 71 6.300469e-01
50 84 6.297412e-01
52 78 6.247957e-01
62 79 6.246204e-01
37 49 6.167961e-01
71 81 6.166954e-01
65 83 6.163374e-01
56 63 6.155278e-01
7 18 6.140729e-01
43 54 6.129017e-01
11 29 6.124020e-01
22 61 6.122324e-01
51 72 6.118832e-01
8 25 6.113402e-01
65 79 6.088136e-01
7 81 6.082312e-01
77 81 6.075246e-01
37 41 6.074986e-01
55 61 6.027580e-01
27 78 6.021039e-01
37 38 6.013780e-01
49 51 6.009307e-01
67 74 6.002293e-01
34 36 5.965844e-01
4 69 5.952875e-01
70 77 5.951394e-01
18 49 5.949463e-01
4 5 5.945568e-01
38 57 5.944306e-01
6 48 5.941694e-01
81 82 5.939703e-01
12 18 5.930360e-01
28 42 5.924358e-01
68 77 5.917476e-01
74 81 5.908096e-01
28 32 5.907250e-01
28 60 5.905641e-01
37 39 5.863207e-01
40 51 5.853164e-01
19 38 5.843991e-01
32 50 5.843485e-01
2 38 5.831409e-01
13 38 5.826760e-01
31 46 5.823100e-01
9 38 5.796895e-01
4 68 5.776919e-01
37 40 5.774166e-01
47 54 5.753001e-01
74 82 5.721359e-01
15 28 5.713704e-01
53 69 5.663630e-01
51 66 5.643007e-01
7 66 5.625842e-01
60 64 5.604413e-01
28 50 5.603089e-01
36 56 5.595182e-01
78 83 5.583256e-01
8 54 5.583153e-01
81 83 5.578880e-01
62 72 5.576913e-01
3 41 5.574215e-01
28 52 5.566674e-01
31 57 5.547165e-01
28 43 5.535906e-01
22 43 5.522301e-01
56 77 5.515161e-01
56 57 5.514005e-01
51 58 5.509842e-01
49 72 5.496940e-01
32 33 5.483725e-01
16 34 5.461098e-01
28 29 5.449772e-01
58 85 5.449310e-01
7 83 5.440032e-01
36 54 5.416077e-01
6 8 5.409488e-01
8 74 5.406342e-01
71 78 5.400764e-01
32 82 5.368425e-01
61 78 5.366583e-01
38 40 5.361856e-01
5 60 5.338668e-01
62 73 5.326091e-01
49 83 5.318790e-01
17 85 5.314273e-01
40 82 5.305916e-01
27 34 5.303454e-01
57 60 5.297271e-01
49 81 5.290806e-01
59 63 5.288603e-01
21 42 5.279692e-01
67 79 5.260019e-01
17 43 5.245635e-01
68 76 5.243201e-01
28 34 5.224289e-01
29 39 5.196853e-01
71 77 5.191975e-01
25 28 5.183443e-01
16 53 5.167592e-01
70 76 5.162573e-01
24 26 5.161725e-01
48 75 5.153940e-01
40 81 5.118373e-01
28 30 5.115664e-01
33 37 5.109111e-01
83 85 5.100869e-01
39 54 5.097043e-01
12 21 5.096490e-01
28 46 5.086087e-01
20 65 5.079464e-01
24 67 5.077855e-01
26 39 5.065392e-01
69 71 5.062474e-01
21 23 5.055788e-01
27 39 5.050312e-01
56 60 5.042961e-01
35 55 5.030230e-01
51 53 5.029794e-01
38 61 5.028532e-01
5 23 5.027307e-01
34 41 5.022949e-01
44 83 5.004563e-01
39 58 4.996562e-01
52 84 4.991596e-01
16 67 4.986475e-01
16 51 4.979564e-01
68 71 4.977431e-01
72 82 4.977305e-01
6 45 4.950642e-01
4 76 4.914238e-01
71 74 4.907248e-01
45 83 4.905916e-01
76 79 4.903745e-01
49 80 4.878350e-01
30 43 4.869103e-01
73 82 4.856792e-01
70 78 4.843781e-01
26 85 4.819993e-01
75 82 4.796085e-01
7 71 4.782974e-01
10 41 4.775695e-01
7 19 4.765088e-01
29 44 4.758829e-01
2 7 4.751329e-01
7 13 4.747228e-01
33 79 4.744997e-01
66 70 4.740122e-01
45 75 4.732061e-01
4 27 4.724670e-01
18 33 4.723268e-01
20 22 4.712547e-01
7 9 4.702553e-01
4 72 4.697493e-01
33 65 4.693464e-01
42 48 4.690224e-01
29 45 4.671374e-01
24 52 4.666075e-01
52 68 4.660432e-01
70 79 4.647545e-01
17 51 4.646011e-01
7 8 4.645825e-01
11 70 4.612340e-01
3 6 4.609619e-01
12 16 4.609072e-01
6 72 4.600856e-01
35 41 4.595560e-01
16 23 4.585351e-01
6 10 4.582846e-01
11 75 4.582648e-01
67 83 4.578084e-01
79 82 4.574111e-01
25 50 4.568700e-01
25 30 4.544395e-01
25 75 4.535449e-01
12 48 4.532421e-01
5 78 4.528455e-01
35 46 4.525524e-01
54 55 4.524017e-01
22 28 4.523726e-01
36 83 4.510747e-01
18 70 4.473732e-01
71 76 4.473680e-01
70 81 4.468022e-01
5 72 4.464614e-01
40 55 4.461654e-01
26 36 4.459735e-01
17 21 4.445654e-01
35 57 4.442132e-01
76 77 4.419465e-01
20 42 4.419341e-01
4 74 4.405637e-01
50 58 4.394976e-01
50 66 4.350103e-01
66 74 4.346750e-01
40 66 4.342042e-01
10 16 4.338361e-01
34 37 4.332090e-01
11 65 4.332035e-01
32 52 4.331426e-01
7 70 4.325710e-01
59 72 4.313414e-01
16 31 4.303084e-01
3 16 4.297197e-01
19 85 4.283097e-01
6 82 4.268216e-01
9 85 4.266580e-01
2 85 4.261009e-01
34 46 4.260954e-01
13 85 4.259294e-01
30 64 4.243864e-01
5 6 4.241600e-01
51 59 4.237783e-01
67 75 4.233703e-01
25 34 4.233570e-01
27 33 4.230269e-01
33 39 4.225511e-01
23 35 4.222096e-01
82 85 4.214276e-01
67 72 4.214181e-01
59 80 4.213198e-01
47 53 4.211619e-01
14 82 4.206590e-01
5 27 4.203655e-01
60 65 4.198105e-01
24 81 4.192620e-01
17 66 4.187088e-01
74 80 4.179814e-01
48 82 4.176345e-01
27 35 4.169047e-01
29 52 4.166763e-01
62 64 4.158013e-01
5 12 4.156024e-01
14 15 4.151526e-01
57 61 4.151361e-01
50 69 4.149890e-01
47 71 4.139609e-01
26 40 4.138600e-01
67 81 4.132007e-01
77 78 4.126810e-01
73 80 4.125955e-01
54 77 4.121827e-01
5 76 4.121157e-01
30 42 4.120656e-01
12 77 4.115976e-01
20 31 4.103910e-01
11 20 4.101868e-01
27 43 4.095021e-01
44 77 4.088038e-01
21 36 4.079303e-01
8 17 4.078689e-01
26 52 4.071835e-01
4 52 4.065639e-01
18 37 4.059587e-01
30 47 4.056128e-01
18 32 4.052851e-01
32 58 4.045823e-01
43 44 4.043305e-01
18 81 4.017376e-01
62 66 4.015943e-01
20 26 4.008248e-01
53 81 4.004220e-01
23 32 3.998537e-01
18 58 3.989053e-01
78 82 3.975944e-01
43 63 3.962113e-01
34 43 3.946856e-01
10 14 3.945344e-01
10 28 3.941345e-01
43 55 3.938811e-01
23 33 3.937664e-01
76 82 3.925494e-01
19 39 3.917413e-01
29 37 3.912065e-01
61 76 3.908539e-01
2 39 3.907850e-01
3 34 3.905850e-01
13 39 3.903711e-01
71 72 3.902735e-01
76 81 3.902548e-01
39 63 3.898630e-01
10 34 3.892751e-01
56 68 3.891456e-01
50 67 3.891382e-01
29 69 3.884166e-01
18 44 3.882865e-01
46 53 3.882706e-01
9 39 3.882454e-01
3 14 3.880273e-01
75 77 3.873947e-01
32 77 3.873085e-01
44 45 3.871714e-01
51 85 3.865223e-01
44 55 3.862563e-01
49 79 3.859571e-01
21 24 3.859080e-01
17 59 3.857032e-01
3 28 3.855495e-01
27 53 3.846069e-01
4 53 3.845370e-01
20 51 3.830991e-01
24 70 3.827376e-01
59 64 3.825098e-01
46 55 3.817239e-01
39 40 3.813381e-01
47 59 3.801912e-01
17 34 3.800512e-01
30 56 3.797450e-01
33 45 3.795852e-01
41 56 3.793092e-01
24 25 3.790445e-01
4 45 3.768511e-01
51 81 3.767230e-01
36 53 3.764813e-01
5 74 3.763763e-01
47 51 3.744727e-01
15 35 3.735925e-01
27 31 3.734343e-01
28 37 3.733170e-01
26 35 3.723642e-01
31 53 3.720620e-01
24 64 3.719819e-01
59 78 3.719381e-01
47 48 3.716369e-01
58 81 3.676586e-01
14 84 3.672552e-01
19 84 3.657964e-01
13 84 3.647934e-01
10 19 3.644912e-01
21 37 3.644547e-01
2 84 3.639986e-01
9 84 3.639726e-01
2 10 3.635119e-01
72 76 3.631357e-01
10 13 3.630140e-01
24 50 3.627471e-01
61 64 3.627301e-01
75 80 3.615915e-01
69 85 3.610379e-01
3 19 3.610121e-01
6 54 3.608840e-01
9 10 3.608558e-01
58 62 3.602403e-01
2 3 3.600534e-01
7 23 3.596263e-01
33 38 3.595683e-01
3 13 3.594562e-01
80 81 3.571058e-01
36 63 3.570384e-01
26 41 3.568986e-01
68 82 3.563580e-01
24 27 3.561388e-01
32 39 3.552572e-01
38 59 3.551802e-01
3 9 3.550384e-01
64 66 3.548275e-01
10 12 3.545987e-01
36 49 3.544365e-01
32 70 3.542938e-01
43 46 3.534628e-01
3 12 3.527148e-01
11 81 3.526303e-01
11 21 3.514190e-01
32 66 3.511405e-01
29 42 3.508500e-01
29 53 3.505565e-01
32 35 3.499734e-01
36 71 3.495830e-01
72 85 3.495358e-01
33 77 3.490469e-01
5 67 3.476882e-01
67 68 3.472301e-01
11 80 3.471099e-01
52 60 3.466966e-01
13 14 3.465723e-01
31 43 3.461692e-01
14 76 3.459793e-01
40 72 3.457676e-01
24 43 3.433583e-01
70 80 3.431273e-01
47 72 3.430920e-01
49 73 3.427400e-01
35 42 3.422586e-01
65 75 3.420854e-01
27 76 3.414739e-01
5 45 3.403242e-01
12 49 3.400000e-01
51 69 3.396431e-01
37 53 3.396020e-01
36 79 3.395607e-01
22 76 3.392262e-01
33 44 3.389715e-01
29 72 3.388006e-01
43 61 3.386272e-01
28 55 3.384604e-01
10 27 3.382430e-01
30 59 3.372256e-01
24 29 3.371429e-01
69 79 3.367926e-01
65 80 3.361093e-01
24 39 3.354716e-01
39 44 3.353389e-01
20 23 3.343585e-01
3 27 3.339478e-01
39 50 3.336128e-01
25 64 3.335812e-01
73 79 3.335143e-01
20 45 3.331453e-01
48 62 3.331007e-01
66 67 3.326136e-01
23 60 3.324402e-01
24 36 3.323773e-01
69 81 3.322464e-01
56 73 3.319301e-01
8 69 3.317823e-01
11 18 3.313501e-01
27 29 3.296861e-01
77 80 3.292441e-01
14 78 3.292431e-01
14 45 3.284088e-01
21 54 3.275208e-01
69 82 3.244864e-01
53 72 3.235567e-01
41 63 3.232212e-01
11 79 3.229905e-01
29 35 3.225926e-01
56 64 3.223964e-01
40 59 3.222318e-01
50 64 3.221770e-01
59 62 3.208946e-01
54 62 3.204860e-01
16 18 3.204272e-01
7 38 3.198177e-01
65 82 3.191823e-01
53 74 3.182392e-01
23 59 3.180067e-01
6 49 3.179998e-01
18 73 3.179276e-01
40 46 3.175977e-01
48 51 3.175472e-01
50 68 3.160962e-01
46 52 3.156486e-01
21 50 3.147495e-01
49 71 3.145366e-01
48 49 3.145268e-01
58 74 3.142123e-01
22 27 3.136721e-01
42 56 3.132088e-01
8 75 3.129702e-01
15 63 3.126628e-01
58 60 3.125718e-01
71 84 3.123775e-01
14 29 3.123277e-01
18 31 3.121346e-01
4 19 3.118145e-01
61 84 3.115899e-01
60 63 3.109863e-01
57 85 3.106185e-01
70 83 3.104919e-01
62 68 3.104713e-01
39 55 3.104421e-01
2 4 3.101256e-01
20 64 3.095626e-01
38 41 3.095527e-01
57 80 3.088727e-01
17 31 3.084265e-01
34 56 3.080694e-01
30 84 3.076624e-01
12 20 3.075973e-01
65 77 3.075953e-01
6 34 3.071945e-01
4 13 3.066420e-01
36 81 3.065686e-01
4 9 3.064508e-01
39 64 3.052024e-01
14 19 3.048248e-01
12 25 3.048167e-01
82 84 3.045710e-01
6 52 3.044032e-01
2 14 3.041236e-01
51 65 3.038785e-01
52 74 3.037922e-01
27 41 3.037593e-01
45 55 3.030645e-01
30 55 3.030065e-01
33 35 3.027650e-01
4 84 3.027024e-01
50 61 3.020305e-01
35 40 3.019423e-01
9 14 3.013824e-01
35 63 3.012374e-01
23 62 3.011811e-01
26 60 3.011333e-01
11 69 3.011050e-01
48 63 3.010775e-01
26 55 3.008075e-01
72 84 3.003852e-01
17 42 3.002816e-01
5 33 3.001115e-01
68 78 2.996490e-01
65 71 2.986582e-01
35 52 2.986545e-01
12 42 2.980487e-01
30 44 2.979001e-01
6 71 2.972599e-01
15 19 2.970340e-01
6 81 2.969879e-01
36 40 2.966747e-01
20 25 2.966239e-01
72 83 2.962109e-01
2 15 2.961983e-01
8 36 2.961904e-01
33 54 2.961529e-01
13 15 2.956167e-01
28 45 2.951895e-01
56 62 2.950208e-01
66 81 2.947567e-01
17 18 2.943140e-01
39 52 2.941070e-01
46 64 2.935846e-01
13 35 2.932282e-01
73 76 2.932247e-01
9 15 2.931634e-01
19 35 2.914918e-01
28 64 2.912668e-01
48 80 2.912477e-01
14 73 2.912293e-01
25 36 2.909512e-01
42 61 2.909325e-01
82 83 2.908572e-01
2 35 2.906500e-01
6 77 2.903516e-01
47 62 2.899246e-01
60 67 2.897324e-01
14 31 2.892980e-01
64 65 2.891601e-01
25 66 2.890071e-01
3 31 2.882815e-01
10 31 2.880241e-01
25 73 2.878360e-01
5 69 2.877653e-01
47 75 2.876560e-01
9 35 2.871650e-01
7 50 2.870825e-01
36 58 2.870038e-01
23 26 2.864090e-01
16 57 2.864013e-01
33 48 2.863074e-01
30 74 2.861017e-01
37 48 2.855516e-01
5 10 2.846973e-01
29 84 2.842850e-01
42 44 2.838656e-01
76 83 2.837409e-01
27 42 2.829843e-01
41 44 2.825593e-01
44 65 2.821724e-01
29 77 2.812485e-01
9 57 2.811993e-01
25 32 2.803463e-01
49 85 2.798526e-01
19 57 2.798274e-01
75 84 2.796479e-01
14 69 2.786328e-01
27 32 2.785853e-01
79 81 2.785476e-01
2 57 2.785003e-01
6 15 2.780603e-01
17 56 2.769536e-01
23 66 2.767196e-01
13 57 2.765895e-01
3 5 2.762156e-01
48 76 2.759537e-01
5 82 2.757421e-01
20 46 2.756150e-01
73 78 2.754512e-01
50 65 2.753806e-01
53 63 2.746602e-01
72 78 2.726851e-01
22 46 2.710444e-01
27 54 2.704293e-01
10 38 2.699362e-01
23 39 2.677500e-01
43 60 2.676518e-01
49 82 2.674169e-01
23 46 2.670774e-01
25 60 2.652628e-01
31 42 2.649671e-01
21 34 2.644677e-01
55 64 2.642293e-01
8 40 2.641752e-01
15 17 2.639310e-01
3 38 2.638985e-01
53 62 2.634755e-01
23 58 2.630204e-01
34 42 2.624424e-01
29 70 2.619651e-01
55 63 2.618910e-01
46 57 2.615152e-01
27 75 2.609442e-01
37 63 2.606936e-01
23 27 2.602508e-01
49 75 2.598766e-01
3 73 2.594844e-01
32 64 2.586489e-01
37 42 2.586219e-01
5 48 2.584535e-01
55 56 2.581613e-01
52 82 2.575147e-01
41 46 2.573923e-01
7 58 2.571082e-01
64 80 2.570621e-01
4 79 2.568474e-01
15 16 2.564207e-01
42 51 2.562770e-01
26 48 2.557841e-01
12 54 2.552310e-01
36 43 2.552062e-01
37 43 2.549429e-01
25 83 2.548304e-01
45 70 2.539890e-01
68 79 2.537065e-01
34 68 2.526527e-01
57 68 2.525516e-01
10 73 2.517265e-01
12 22 2.516926e-01
22 68 2.513683e-01
64 77 2.510979e-01
5 15 2.510685e-01
60 76 2.506556e-01
23 54 2.498311e-01
18 71 2.496921e-01
31 73 2.483036e-01
23 48 2.474379e-01
18 20 2.474327e-01
75 81 2.474284e-01
83 84 2.471361e-01
4 71 2.470695e-01
24 46 2.459569e-01
40 41 2.459186e-01
72 74 2.449622e-01
4 75 2.448472e-01
79 84 2.443568e-01
17 72 2.437822e-01
20 57 2.436139e-01
37 56 2.425541e-01
24 28 2.421225e-01
42 46 2.420916e-01
53 79 2.413933e-01
33 76 2.412108e-01
5 59 2.411016e-01
30 39 2.405026e-01
68 84 2.404841e-01
53 70 2.399619e-01
51 67 2.399135e-01
73 81 2.395725e-01
47 64 2.394634e-01
20 70 2.390494e-01
25 35 2.378114e-01
44 82 2.377115e-01
62 80 2.376843e-01
21 35 2.373166e-01
7 25 2.372461e-01
55 75 2.370707e-01
12 23 2.365427e-01
8 66 2.364844e-01
40 43 2.360304e-01
10 46 2.356969e-01
52 76 2.331055e-01
32 78 2.329230e-01
74 76 2.329189e-01
53 66 2.321637e-01
8 15 2.319407e-01
16 83 2.317640e-01
3 46 2.315953e-01
4 40 2.310635e-01
59 74 2.309172e-01
55 78 2.307738e-01
31 50 2.306507e-01
69 78 2.306157e-01
40 58 2.304440e-01
35 62 2.302023e-01
49 68 2.295366e-01
66 69 2.292805e-01
24 55 2.291894e-01
7 79 2.291475e-01
23 24 2.288602e-01
28 40 2.278741e-01
14 68 2.273338e-01
5 22 2.264487e-01
66 85 2.255862e-01
37 46 2.253871e-01
26 34 2.253663e-01
5 61 2.253013e-01
43 48 2.248392e-01
22 36 2.239279e-01
21 43 2.237874e-01
45 72 2.234979e-01
11 51 2.224152e-01
28 56 2.211135e-01
11 13 2.206145e-01
11 19 2.201256e-01
10 22 2.196922e-01
42 50 2.195875e-01
29 78 2.193706e-01
18 69 2.193582e-01
2 11 2.190654e-01
30 35 2.188145e-01
57 58 2.184284e-01
14 41 2.183322e-01
49 53 2.182514e-01
26 58 2.175996e-01
26 49 2.171281e-01
12 56 2.171238e-01
46 54 2.163146e-01
53 59 2.161582e-01
15 22 2.161062e-01
42 63 2.156497e-01
67 69 2.156019e-01
4 8 2.145709e-01
69 70 2.145418e-01
12 57 2.136651e-01
9 11 2.127701e-01
28 57 2.127122e-01
44 49 2.126604e-01
63 76 2.123829e-01
17 26 2.122027e-01
15 34 2.117193e-01
65 76 2.113496e-01
16 20 2.112509e-01
3 22 2.108590e-01
14 72 2.106063e-01
45 84 2.100417e-01
17 58 2.095581e-01
21 31 2.094306e-01
35 44 2.091424e-01
8 30 2.086133e-01
47 80 2.083293e-01
8 77 2.080019e-01
14 74 2.079409e-01
20 24 2.068478e-01
58 69 2.066399e-01
14 46 2.061699e-01
9 75 2.059267e-01
45 52 2.054133e-01
5 29 2.053179e-01
30 50 2.052781e-01
2 75 2.045396e-01
35 50 2.042629e-01
19 75 2.039721e-01
32 55 2.039540e-01
7 36 2.037065e-01
59 79 2.035571e-01
14 70 2.033143e-01
16 70 2.032204e-01
26 50 2.030037e-01
6 83 2.028496e-01
7 42 2.024229e-01
22 44 2.014498e-01
75 85 2.012887e-01
13 75 2.012417e-01
22 29 2.009752e-01
42 60 2.008892e-01
58 79 2.003522e-01
14 71 1.996990e-01
16 17 1.993383e-01
15 43 1.992827e-01
30 45 1.985127e-01
4 15 1.977713e-01
6 31 1.968771e-01
24 79 1.962505e-01
23 50 1.961415e-01
12 66 1.959401e-01
21 26 1.956335e-01
36 67 1.953694e-01
30 41 1.944928e-01
70 73 1.944611e-01
30 62 1.939966e-01
22 23 1.938270e-01
7 82 1.936267e-01
36 55 1.933162e-01
31 61 1.931255e-01
31 35 1.931237e-01
40 45 1.925503e-01
64 70 1.923665e-01
6 73 1.920547e-01
31 56 1.919552e-01
64 68 1.916721e-01
33 55 1.909042e-01
38 55 1.902850e-01
7 51 1.899550e-01
20 66 1.894373e-01
7 67 1.882994e-01
15 38 1.878288e-01
14 38 1.875171e-01
41 55 1.874048e-01
51 79 1.868168e-01
20 33 1.864746e-01
52 64 1.864597e-01
8 83 1.858771e-01
81 85 1.857319e-01
46 61 1.856065e-01
47 83 1.853384e-01
5 79 1.851264e-01
24 78 1.851142e-01
45 48 1.849767e-01
66 82 1.849576e-01
64 78 1.849081e-01
22 45 1.847865e-01
25 37 1.847830e-01
74 83 1.843702e-01
20 39 1.842362e-01
36 77 1.841797e-01
7 32 1.832932e-01
40 47 1.824193e-01
59 73 1.823351e-01
4 38 1.821201e-01
4 54 1.815377e-01
36 82 1.814468e-01
27 52 1.805655e-01
21 39 1.803798e-01
60 73 1.803357e-01
10 26 1.803264e-01
56 76 1.801964e-01
44 70 1.801547e-01
41 68 1.797828e-01
48 50 1.797177e-01
4 70 1.796302e-01
42 57 1.794056e-01
11 17 1.793928e-01
45 71 1.789801e-01
59 66 1.786870e-01
23 49 1.785795e-01
18 67 1.782521e-01
21 30 1.778051e-01
21 27 1.773611e-01
21 51 1.773160e-01
15 80 1.770759e-01
20 48 1.770040e-01
42 55 1.766358e-01
8 11 1.762963e-01
20 81 1.761220e-01
21 66 1.760836e-01
80 82 1.755124e-01
61 68 1.754734e-01
37 51 1.748630e-01
3 26 1.746667e-01
49 69 1.742121e-01
54 58 1.740434e-01
54 63 1.740078e-01
12 50 1.737308e-01
65 72 1.728904e-01
40 42 1.724138e-01
33 47 1.719781e-01
70 82 1.718472e-01
6 69 1.717944e-01
8 81 1.716535e-01
53 80 1.714553e-01
59 65 1.714016e-01
32 54 1.711894e-01
55 72 1.710471e-01
7 49 1.708299e-01
7 68 1.704592e-01
11 76 1.702217e-01
4 82 1.695326e-01
47 77 1.692968e-01
33 59 1.689573e-01
67 85 1.687839e-01
64 69 1.682905e-01
60 80 1.677844e-01
44 52 1.673896e-01
12 15 1.668937e-01
36 37 1.668623e-01
23 31 1.664944e-01
25 31 1.646259e-01
7 74 1.640957e-01
30 38 1.638803e-01
28 31 1.637553e-01
23 65 1.636401e-01
31 37 1.635801e-01
15 52 1.635126e-01
48 74 1.634363e-01
10 84 1.628983e-01
62 65 1.628862e-01
57 84 1.623666e-01
57 65 1.620539e-01
15 31 1.619163e-01
51 80 1.617835e-01
3 84 1.617480e-01
47 55 1.616483e-01
26 42 1.605821e-01
45 65 1.602677e-01
78 85 1.596467e-01
58 64 1.584692e-01
56 78 1.581220e-01
78 84 1.580746e-01
33 42 1.580632e-01
21 80 1.578941e-01
14 52 1.578738e-01
25 46 1.569511e-01
40 74 1.559763e-01
24 31 1.558465e-01
17 73 1.556597e-01
7 22 1.548569e-01
39 68 1.546487e-01
7 33 1.538803e-01
22 55 1.536307e-01
32 40 1.536276e-01
45 82 1.534495e-01
16 40 1.533861e-01
3 63 1.526433e-01
21 77 1.525253e-01
27 57 1.523806e-01
7 10 1.521332e-01
8 67 1.520949e-01
11 53 1.517482e-01
46 76 1.516562e-01
6 9 1.516059e-01
15 47 1.512513e-01
35 60 1.509601e-01
11 48 1.508813e-01
59 85 1.508086e-01
59 84 1.507104e-01
35 73 1.506047e-01
17 81 1.503478e-01
29 83 1.502249e-01
10 63 1.497770e-01
46 69 1.495216e-01
3 7 1.493342e-01
26 75 1.488308e-01
31 39 1.487761e-01
36 72 1.486194e-01
17 82 1.484968e-01
26 64 1.483078e-01
31 41 1.481860e-01
23 43 1.463856e-01
17 70 1.463204e-01
54 83 1.461601e-01
46 58 1.458674e-01
6 23 1.448006e-01
61 85 1.445454e-01
29 40 1.444841e-01
34 63 1.441233e-01
2 6 1.435427e-01
15 27 1.431676e-01
6 19 1.429465e-01
26 31 1.427069e-01
75 79 1.412238e-01
61 73 1.410993e-01
6 13 1.407236e-01
6 11 1.404823e-01
18 51 1.400843e-01
51 61 1.400270e-01
64 74 1.398692e-01
3 85 1.392020e-01
12 33 1.384343e-01
29 82 1.381822e-01
40 79 1.380671e-01
58 82 1.380514e-01
43 45 1.379573e-01
12 75 1.377546e-01
11 59 1.376382e-01
21 68 1.372708e-01
55 62 1.371855e-01
26 43 1.369267e-01
10 85 1.366566e-01
15 73 1.365262e-01
39 60 1.362437e-01
52 72 1.353487e-01
8 21 1.352467e-01
51 62 1.351993e-01
53 55 1.351922e-01
36 47 1.346440e-01
21 22 1.345531e-01
34 39 1.337226e-01
29 30 1.337206e-01
34 60 1.337142e-01
42 68 1.335097e-01
8 49 1.327782e-01
22 37 1.318267e-01
27 30 1.316711e-01
28 63 1.313138e-01
52 55 1.308330e-01
17 36 1.306567e-01
61 74 1.305226e-01
32 38 1.298698e-01
14 35 1.297055e-01
32 83 1.290345e-01
29 71 1.278202e-01
43 62 1.272136e-01
16 79 1.266633e-01
24 37 1.264998e-01
14 18 1.262240e-01
11 77 1.259213e-01
66 71 1.245568e-01
58 72 1.238533e-01
6 80 1.236354e-01
11 67 1.234439e-01
5 80 1.232919e-01
35 56 1.232172e-01
39 45 1.224054e-01
45 53 1.223934e-01
40 76 1.217865e-01
64 79 1.217655e-01
48 64 1.213356e-01
12 43 1.212235e-01
29 46 1.203088e-01
9 83 1.200804e-01
25 63 1.198701e-01
37 62 1.197945e-01
53 67 1.197880e-01
38 44 1.194337e-01
8 45 1.190659e-01
72 80 1.187567e-01
61 65 1.186245e-01
30 37 1.185584e-01
44 69 1.185126e-01
19 42 1.183167e-01
35 80 1.181944e-01
73 84 1.180490e-01
19 41 1.175711e-01
2 42 1.175055e-01
56 66 1.173974e-01
13 41 1.170998e-01
2 41 1.168401e-01
13 42 1.164342e-01
11 49 1.164277e-01
15 84 1.164210e-01
16 49 1.161640e-01
2 83 1.161074e-01
22 63 1.159020e-01
20 30 1.155661e-01
28 44 1.147859e-01
72 73 1.147168e-01
19 83 1.145531e-01
9 41 1.141962e-01
44 48 1.137313e-01
9 42 1.136371e-01
21 53 1.134112e-01
44 57 1.129790e-01
38 85 1.128678e-01
13 83 1.123583e-01
78 81 1.113851e-01
24 32 1.112026e-01
25 29 1.105534e-01
55 65 1.101012e-01
4 24 1.097415e-01
47 76 1.096077e-01
22 56 1.095566e-01
22 25 1.094917e-01
4 85 1.094857e-01
6 17 1.093497e-01
10 23 1.084602e-01
26 81 1.084093e-01
42 45 1.082301e-01
61 69 1.081826e-01
17 48 1.075799e-01
60 78 1.070097e-01
14 28 1.069742e-01
9 34 1.069051e-01
7 84 1.063843e-01
23 51 1.063580e-01
46 60 1.063328e-01
54 71 1.056867e-01
33 41 1.053459e-01
37 68 1.051971e-01
27 37 1.051860e-01
19 28 1.048885e-01
2 28 1.042787e-01
72 77 1.041488e-01
13 28 1.041295e-01
16 19 1.037667e-01
26 38 1.036904e-01
60 62 1.033994e-01
9 16 1.033239e-01
2 16 1.032878e-01
8 32 1.030902e-01
24 60 1.029461e-01
10 35 1.029174e-01
25 71 1.027737e-01
30 33 1.027729e-01
13 16 1.027701e-01
43 47 1.027329e-01
58 63 1.026351e-01
3 23 1.024946e-01
19 34 1.022740e-01
29 41 1.021968e-01
29 55 1.019209e-01
16 75 1.018929e-01
9 28 1.013907e-01
15 65 1.013659e-01
2 34 1.013515e-01
28 38 1.013488e-01
49 50 1.012852e-01
76 80 1.012399e-01
11 12 1.011300e-01
36 64 1.008166e-01
32 42 1.007405e-01
7 85 1.005351e-01
13 34 1.005222e-01
47 73 1.001811e-01
15 46 9.952327e-02
12 51 9.948402e-02
52 81 9.936072e-02
12 73 9.923179e-02
17 22 9.872884e-02
44 66 9.856360e-02
22 31 9.850666e-02
18 80 9.845969e-02
50 76 9.793902e-02
46 73 9.793538e-02
16 59 9.763331e-02
22 41 9.729253e-02
3 35 9.707937e-02
27 40 9.699317e-02
37 44 9.693309e-02
67 73 9.689243e-02
41 45 9.671780e-02
49 59 9.623460e-02
24 30 9.604469e-02
6 16 9.513503e-02
74 84 9.500203e-02
27 45 9.490388e-02
61 77 9.476210e-02
4 59 9.463926e-02
73 85 9.446684e-02
47 69 9.360515e-02
68 74 9.357415e-02
17 69 9.350229e-02
16 47 9.347816e-02
37 55 9.332938e-02
46 68 9.329711e-02
2 5 9.315487e-02
20 43 9.305812e-02
5 19 9.277017e-02
37 61 9.276790e-02
9 54 9.230966e-02
4 67 9.205020e-02
37 58 9.181179e-02
24 59 9.174175e-02
2 54 9.163949e-02
20 77 9.152700e-02
19 54 9.135347e-02
36 59 9.122944e-02
60 77 9.116514e-02
30 80 9.087719e-02
14 20 9.087072e-02
7 40 9.060676e-02
5 13 9.056617e-02
33 64 9.046386e-02
32 48 9.010470e-02
51 57 8.980815e-02
13 54 8.966241e-02
29 38 8.941688e-02
5 9 8.934952e-02
45 47 8.902594e-02
14 22 8.889844e-02
52 56 8.873212e-02
45 79 8.872893e-02
37 80 8.798665e-02
43 64 8.726062e-02
59 76 8.687688e-02
63 77 8.675186e-02
10 33 8.674100e-02
2 27 8.648610e-02
51 68 8.639985e-02
9 27 8.630529e-02
11 82 8.613564e-02
18 79 8.570927e-02
20 58 8.542332e-02
67 77 8.540713e-02
23 57 8.536975e-02
19 27 8.535254e-02
45 67 8.534848e-02
31 52 8.490562e-02
34 38 8.438601e-02
36 44 8.411504e-02
17 80 8.410481e-02
8 18 8.391744e-02
30 58 8.339349e-02
26 30 8.321525e-02
13 27 8.295547e-02
34 35 8.290368e-02
17 61 8.273603e-02
35 64 8.235241e-02
7 14 8.135590e-02
51 77 8.054079e-02
25 38 8.049341e-02
23 63 8.017063e-02
75 76 7.993898e-02
5 18 7.942499e-02
3 33 7.930943e-02
48 55 7.927918e-02
17 47 7.914982e-02
31 58 7.887509e-02
6 30 7.870662e-02
43 52 7.865955e-02
47 66 7.862070e-02
38 84 7.859000e-02
21 55 7.823065e-02
7 26 7.803941e-02
45 46 7.779050e-02
67 70 7.752042e-02
5 52 7.742541e-02
29 56 7.720112e-02
5 46 7.708999e-02
34 54 7.690670e-02
8 53 7.654896e-02
39 56 7.640994e-02
4 6 7.639135e-02
4 10 7.625748e-02
34 50 7.544379e-02
77 79 7.536514e-02
3 4 7.447517e-02
36 78 7.435580e-02
15 62 7.346261e-02
11 47 7.330810e-02
33 81 7.294791e-02
23 64 7.290100e-02
23 42 7.285947e-02
59 81 7.268214e-02
38 42 7.263819e-02
66 80 7.242029e-02
52 69 7.223098e-02
51 82 7.202321e-02
10 39 7.132357e-02
8 78 7.073186e-02
53 83 7.057624e-02
29 43 7.038758e-02
32 51 6.955914e-02
50 51 6.928374e-02
63 79 6.913970e-02
35 37 6.906881e-02
36 38 6.872353e-02
16 30 6.831791e-02
17 41 6.824673e-02
64 71 6.766602e-02
12 55 6.707923e-02
55 80 6.705544e-02
66 73 6.661403e-02
35 61 6.650161e-02
10 77 6.555391e-02
15 61 6.538092e-02
32 59 6.531666e-02
9 12 6.483574e-02
3 39 6.476270e-02
45 81 6.470903e-02
7 39 6.466539e-02
37 66 6.445593e-02
26 57 6.435235e-02
54 85 6.420419e-02
33 71 6.404584e-02
32 60 6.349860e-02
9 31 6.328352e-02
18 34 6.327755e-02
30 40 6.313000e-02
3 77 6.229455e-02
37 72 6.228696e-02
32 43 6.213010e-02
37 67 6.212218e-02
12 19 6.193253e-02
2 12 6.177619e-02
21 44 6.118147e-02
17 65 6.109722e-02
16 37 6.109250e-02
6 41 6.108189e-02
40 49 6.079656e-02
12 13 6.024589e-02
7 75 5.992200e-02
7 15 5.989787e-02
39 61 5.942045e-02
25 69 5.884107e-02
11 36 5.878153e-02
19 31 5.874444e-02
59 71 5.859914e-02
6 75 5.839075e-02
54 84 5.823090e-02
2 31 5.788667e-02
24 54 5.773270e-02
55 77 5.769161e-02
10 51 5.740434e-02
13 31 5.706835e-02
31 63 5.669277e-02
62 70 5.656792e-02
3 51 5.573556e-02
12 60 5.495651e-02
33 80 5.485129e-02
44 59 5.473369e-02
15 55 5.453916e-02
67 84 5.428929e-02
31 54 5.352651e-02
4 43 5.340491e-02
6 76 5.336623e-02
11 72 5.329775e-02
80 83 5.300438e-02
21 33 5.254692e-02
27 63 5.254610e-02
16 81 5.247664e-02
52 67 5.226582e-02
17 63 5.206605e-02
11 38 5.132886e-02
25 53 5.129716e-02
61 63 5.127967e-02
64 72 5.110700e-02
6 14 5.059317e-02
48 68 5.052023e-02
56 65 5.050478e-02
36 51 5.020272e-02
32 68 4.983990e-02
22 57 4.944076e-02
7 17 4.901825e-02
48 65 4.900988e-02
32 37 4.864702e-02
11 40 4.840576e-02
25 52 4.799685e-02
44 51 4.785450e-02
74 85 4.777141e-02
79 85 4.749007e-02
60 66 4.730939e-02
16 41 4.723450e-02
46 56 4.694780e-02
20 34 4.677183e-02
63 65 4.661820e-02
21 81 4.645616e-02
12 61 4.546658e-02
23 34 4.514347e-02
39 62 4.503066e-02
4 7 4.444112e-02
7 30 4.372453e-02
4 30 4.368478e-02
5 56 4.355202e-02
8 85 4.294432e-02
69 74 4.288516e-02
25 51 4.283631e-02
29 32 4.214990e-02
33 43 4.188560e-02
30 78 4.175012e-02
33 63 4.152138e-02
26 46 4.139377e-02
53 82 4.136030e-02
17 77 4.130032e-02
36 66 4.122457e-02
72 75 4.103074e-02
11 74 4.096465e-02
40 85 4.079347e-02
62 84 4.044981e-02
53 58 4.009805e-02
28 33 3.950503e-02
5 70 3.931450e-02
31 66 3.931104e-02
8 56 3.900484e-02
52 59 3.876567e-02
6 22 3.851674e-02
23 55 3.818448e-02
5 66 3.801497e-02
22 35 3.756911e-02
36 80 3.737397e-02
18 54 3.735053e-02
29 33 3.729177e-02
11 42 3.665074e-02
52 83 3.618822e-02
5 64 3.617904e-02
17 20 3.588005e-02
57 73 3.581972e-02
57 63 3.575770e-02
31 59 3.561686e-02
11 37 3.537552e-02
15 85 3.522305e-02
20 83 3.512681e-02
35 54 3.476226e-02
8 79 3.424454e-02
30 71 3.389577e-02
1 2 3.387748e-02
19 46 3.365541e-02
36 75 3.350214e-02
23 41 3.319842e-02
13 46 3.306123e-02
54 78 3.248653e-02
3 48 3.248337e-02
2 46 3.229135e-02
49 78 3.212111e-02
65 85 3.134468e-02
12 27 3.112485e-02
41 47 3.108221e-02
30 32 3.073197e-02
20 49 3.028423e-02
22 24 3.005244e-02
33 70 2.992288e-02
55 71 2.983509e-02
10 48 2.961256e-02
9 61 2.952052e-02
38 50 2.942347e-02
9 46 2.928160e-02
3 32 2.890320e-02
9 73 2.888261e-02
51 70 2.887309e-02
66 79 2.868842e-02
44 61 2.849704e-02
13 73 2.784860e-02
19 61 2.769117e-02
53 54 2.759449e-02
20 50 2.748246e-02
20 54 2.744195e-02
49 66 2.731459e-02
32 45 2.729423e-02
30 63 2.724393e-02
20 79 2.683435e-02
7 62 2.664839e-02
2 61 2.663938e-02
46 50 2.654907e-02
13 61 2.650360e-02
19 73 2.641944e-02
14 85 2.601370e-02
8 82 2.560224e-02
41 53 2.556103e-02
2 73 2.554523e-02
15 72 2.547767e-02
58 68 2.539373e-02
61 67 2.493569e-02
6 46 2.468307e-02
36 65 2.461039e-02
41 52 2.452414e-02
10 25 2.451453e-02
18 56 2.441439e-02
62 74 2.427810e-02
25 39 2.421263e-02
11 66 2.319559e-02
28 53 2.303705e-02
63 82 2.253782e-02
9 48 2.167339e-02
6 37 2.167142e-02
4 47 2.082234e-02
19 37 2.055889e-02
13 37 2.054641e-02
46 78 2.008244e-02
2 37 1.988152e-02
13 48 1.966138e-02
34 55 1.883322e-02
36 45 1.872287e-02
16 80 1.808482e-02
16 64 1.788864e-02
14 37 1.761766e-02
9 50 1.735604e-02
47 56 1.691057e-02
42 53 1.677139e-02
10 29 1.639871e-02
23 25 1.596954e-02
66 68 1.587867e-02
68 83 1.571778e-02
51 74 1.539727e-02
66 77 1.509361e-02
57 78 1.498048e-02
18 23 1.490447e-02
48 72 1.474098e-02
20 55 1.457782e-02
51 71 1.456547e-02
5 68 1.430316e-02
55 60 1.418831e-02
37 57 1.400912e-02
38 47 1.377620e-02
11 16 1.374955e-02
36 76 1.353747e-02
33 75 1.306398e-02
9 37 1.283831e-02
20 35 1.272215e-02
47 67 1.266171e-02
55 73 1.259930e-02
45 60 1.226246e-02
17 24 1.224459e-02
19 48 1.204064e-02
19 50 1.199677e-02
48 77 1.199564e-02
2 48 1.196266e-02
64 83 1.179785e-02
8 65 1.168495e-02
40 73 1.160999e-02
25 42 1.152603e-02
3 25 1.152031e-02
7 64 1.142724e-02
37 74 1.127338e-02
2 50 1.090493e-02
33 46 1.075863e-02
40 67 1.072054e-02
24 42 1.065583e-02
22 39 1.039538e-02
13 50 1.039049e-02
29 60 1.030772e-02
47 65 1.010656e-02
61 83 1.004542e-02
24 74 9.480973e-03
21 58 8.929821e-03
48 61 8.562550e-03
19 24 8.433075e-03
34 47 8.431201e-03
34 48 8.295037e-03
25 59 8.282881e-03
2 24 7.049776e-03
20 29 7.027273e-03
30 66 6.613572e-03
18 53 6.544099e-03
11 71 6.437470e-03
1 72 6.427088e-03
8 68 6.351041e-03
6 38 6.204715e-03
3 52 6.102575e-03
13 24 5.359253e-03
65 70 5.349092e-03
29 79 3.368918e-03
31 38 3.361992e-03
56 70 3.303543e-03
16 50 2.928282e-03
57 64 2.907592e-03
69 83 2.905982e-03
22 66 2.866141e-03
34 61 2.255282e-03
9 24 1.993830e-03
37 73 1.665763e-03
1 77 1.395983e-03
1 75 1.352277e-03
1 83 1.251356e-03
1 33 1.202630e-03
1 85 1.021513e-03
24 35 1.009824e-03
1 65 9.880741e-04
1 81 9.747364e-04
37 47 9.666693e-04
1 71 9.542847e-04
1 76 9.086026e-04
1 9 9.075161e-04
33 66 8.953471e-04
8 10 8.166799e-04
1 79 7.952217e-04
1 78 7.702381e-04
1 13 6.646704e-04
1 19 6.638294e-04
1 84 5.992968e-04
1 27 4.750344e-04
1 54 4.578543e-04
1 70 4.083399e-04
1 55 3.031879e-04
14 16 2.807547e-04
1 4 2.670843e-04
1 6 2.137378e-04
3 29 1.375817e-04
1 8 1.369992e-04
1 38 7.550185e-05
1 47 1.888065e-05
1 7 -1.902973e-06
1 49 -4.309415e-05
26 44 -5.605391e-05
23 28 -8.706725e-05
1 10 -1.039061e-04
1 3 -1.207785e-04
1 64 -1.306423e-04
16 65 -1.856965e-04
1 26 -1.879981e-04
1 44 -1.906803e-04
1 36 -2.548098e-04
1 15 -3.838537e-04
1 46 -4.088266e-04
1 68 -4.121182e-04
1 57 -4.363539e-04
1 24 -4.510134e-04
1 43 -5.841289e-04
1 32 -6.382543e-04
1 14 -6.476399e-04
43 53 -6.522622e-04
1 69 -6.640520e-04
1 82 -6.856540e-04
1 11 -6.906713e-04
1 39 -7.077149e-04
1 73 -7.317757e-04
1 61 -7.454082e-04
1 34 -8.128647e-04
35 58 -8.143577e-04
1 41 -8.633929e-04
1 56 -8.831377e-04
1 50 -9.430995e-04
1 31 -9.604520e-04
1 12 -9.780074e-04
1 5 -1.076460e-03
18 48 -1.109623e-03
1 16 -1.118121e-03
1 35 -1.130670e-03
1 42 -1.170257e-03
1 52 -1.216860e-03
43 57 -1.217193e-03
1 80 -1.219070e-03
1 58 -1.241510e-03
1 28 -1.241936e-03
1 48 -1.262462e-03
1 67 -1.291621e-03
37 81 -1.301343e-03
60 68 -1.341127e-03
1 29 -1.362567e-03
1 45 -1.369112e-03
27 81 -1.379707e-03
1 30 -1.406522e-03
13 49 -1.477815e-03
1 37 -1.479024e-03
1 18 -1.510812e-03
1 63 -1.518982e-03
1 22 -1.530129e-03
1 53 -1.530833e-03
1 23 -1.538242e-03
1 17 -1.539649e-03
1 62 -1.570448e-03
1 40 -1.625619e-03
1 60 -1.722858e-03
1 74 -1.733314e-03
1 51 -1.742218e-03
1 25 -1.793001e-03
1 21 -1.930434e-03
1 66 -1.968353e-03
1 20 -1.978884e-03
22 59 -2.139641e-03
24 72 -2.171488e-03
3 57 -2.200371e-03
1 59 -2.221820e-03
12 44 -2.510249e-03
64 76 -2.558099e-03
17 30 -2.684435e-03
32 69 -2.978344e-03
60 74 -2.985877e-03
12 41 -3.049682e-03
19 49 -3.552836e-03
48 73 -4.088671e-03
15 69 -4.091942e-03
73 77 -4.143234e-03
29 68 -4.784770e-03
78 80 -5.088965e-03
31 67 -5.096856e-03
64 73 -5.174186e-03
2 49 -5.261245e-03
10 57 -5.649426e-03
35 59 -6.377245e-03
34 51 -6.461088e-03
4 81 -7.078831e-03
5 41 -7.586259e-03
38 43 -7.902802e-03
10 52 -7.904333e-03
16 36 -8.019575e-03
5 17 -8.081793e-03
28 62 -8.241757e-03
8 76 -9.154380e-03
29 59 -9.272842e-03
8 26 -9.367808e-03
59 68 -9.503830e-03
9 49 -9.768367e-03
52 63 -1.028763e-02
27 56 -1.100300e-02
33 72 -1.111439e-02
37 45 -1.126297e-02
22 51 -1.137925e-02
6 40 -1.190862e-02
49 61 -1.212621e-02
32 62 -1.239441e-02
3 8 -1.326759e-02
13 18 -1.388083e-02
30 54 -1.399318e-02
15 56 -1.415815e-02
10 32 -1.455777e-02
51 63 -1.458844e-02
18 19 -1.490975e-02
4 41 -1.492862e-02
2 18 -1.497505e-02
45 76 -1.522469e-02
18 74 -1.543845e-02
5 38 -1.552571e-02
58 77 -1.606701e-02
14 50 -1.672899e-02
29 54 -1.715530e-02
36 70 -1.721788e-02
18 36 -1.748510e-02
50 80 -1.804323e-02
37 59 -1.809042e-02
9 18 -1.885812e-02
35 68 -1.908432e-02
15 82 -1.922575e-02
14 24 -1.926526e-02
18 68 -1.943158e-02
52 53 -1.980893e-02
9 17 -2.000080e-02
17 19 -2.006876e-02
2 17 -2.011460e-02
57 77 -2.028259e-02
12 47 -2.040176e-02
16 48 -2.076972e-02
17 50 -2.154945e-02
44 71 -2.163988e-02
7 69 -2.171928e-02
17 75 -2.173429e-02
13 17 -2.182572e-02
10 20 -2.231224e-02
42 47 -2.255622e-02
52 73 -2.294516e-02
8 50 -2.325424e-02
23 80 -2.389056e-02
21 52 -2.406505e-02
47 78 -2.417551e-02
14 59 -2.439200e-02
3 17 -2.492347e-02
10 17 -2.521748e-02
30 31 -2.536548e-02
31 60 -2.536819e-02
26 63 -2.537751e-02
70 85 -2.549730e-02
44 81 -2.569981e-02
13 78 -2.570088e-02
3 20 -2.610056e-02
15 60 -2.641653e-02
12 80 -2.643786e-02
8 23 -2.661607e-02
23 53 -2.679746e-02
11 35 -2.697354e-02
5 16 -2.723438e-02
41 60 -2.771356e-02
55 57 -2.778902e-02
24 33 -2.782696e-02
15 39 -2.812970e-02
14 34 -2.830630e-02
45 61 -2.865699e-02
4 29 -2.919578e-02
19 22 -2.943845e-02
6 44 -2.950658e-02
40 61 -2.972160e-02
20 53 -2.973285e-02
2 22 -2.992197e-02
26 83 -3.014669e-02
13 22 -3.024317e-02
19 78 -3.036076e-02
43 58 -3.041816e-02
58 71 -3.177348e-02
43 75 -3.194149e-02
2 78 -3.240841e-02
56 71 -3.245291e-02
74 75 -3.286529e-02
25 85 -3.374599e-02
9 78 -3.384136e-02
9 22 -3.399562e-02
28 61 -3.458635e-02
34 62 -3.514055e-02
14 25 -3.566089e-02
21 28 -3.638323e-02
36 48 -3.642469e-02
29 74 -3.652040e-02
5 73 -3.677414e-02
54 64 -3.704723e-02
45 63 -3.708901e-02
42 76 -3.740700e-02
33 83 -3.768755e-02
21 83 -3.816608e-02
71 75 -3.831931e-02
5 30 -3.848284e-02
32 56 -3.946665e-02
21 46 -3.970559e-02
73 83 -3.994472e-02
4 73 -4.005663e-02
49 58 -4.021892e-02
35 47 -4.059862e-02
23 36 -4.102758e-02
29 63 -4.121723e-02
27 64 -4.221206e-02
24 38 -4.279800e-02
60 69 -4.283900e-02
70 72 -4.285666e-02
16 68 -4.287454e-02
8 41 -4.287646e-02
9 77 -4.298672e-02
15 26 -4.310164e-02
6 42 -4.343954e-02
30 79 -4.357114e-02
41 61 -4.405415e-02
32 47 -4.496580e-02
21 69 -4.523469e-02
28 68 -4.540603e-02
39 85 -4.549708e-02
10 60 -4.557997e-02
57 59 -4.574975e-02
3 60 -4.604140e-02
6 64 -4.609049e-02
21 85 -4.637480e-02
39 59 -4.706672e-02
16 73 -4.707430e-02
34 59 -4.810669e-02
29 75 -4.818666e-02
24 44 -4.869713e-02
22 40 -4.883735e-02
13 21 -4.900841e-02
33 62 -4.905027e-02
21 48 -4.924921e-02
31 32 -4.983348e-02
41 73 -4.989714e-02
16 24 -5.005131e-02
2 77 -5.014848e-02
2 21 -5.037010e-02
48 56 -5.042621e-02
19 21 -5.054656e-02
6 63 -5.065351e-02
19 77 -5.072275e-02
67 80 -5.075510e-02
21 79 -5.086854e-02
57 67 -5.094546e-02
20 61 -5.113356e-02
5 77 -5.119395e-02
18 64 -5.162286e-02
30 52 -5.221780e-02
13 77 -5.231278e-02
15 74 -5.241931e-02
2 23 -5.286604e-02
19 23 -5.296259e-02
13 23 -5.314142e-02
45 68 -5.349977e-02
15 53 -5.363642e-02
9 23 -5.376740e-02
47 63 -5.420414e-02
8 12 -5.443300e-02
12 38 -5.479474e-02
37 54 -5.488405e-02
50 71 -5.492990e-02
68 72 -5.513698e-02
12 74 -5.555493e-02
9 21 -5.560960e-02
18 45 -5.577671e-02
23 74 -5.584406e-02
30 61 -5.593807e-02
42 62 -5.636583e-02
67 76 -5.668895e-02
51 56 -5.707268e-02
10 11 -5.751105e-02
5 63 -5.769207e-02
20 82 -5.801641e-02
38 63 -5.831174e-02
53 65 -5.876496e-02
30 82 -5.912219e-02
43 80 -5.919340e-02
32 49 -5.938167e-02
6 33 -5.944130e-02
7 21 -5.955893e-02
38 48 -5.983538e-02
25 58 -5.993966e-02
22 26 -6.004136e-02
30 53 -6.088944e-02
20 73 -6.155588e-02
56 75 -6.200719e-02
14 39 -6.202973e-02
38 56 -6.236172e-02
26 51 -6.238331e-02
25 81 -6.239338e-02
36 62 -6.248109e-02
33 51 -6.253366e-02
56 83 -6.294787e-02
9 80 -6.332746e-02
49 65 -6.338932e-02
25 44 -6.340243e-02
38 52 -6.366218e-02
17 62 -6.375422e-02
31 48 -6.376541e-02
26 54 -6.393097e-02
29 57 -6.395067e-02
48 79 -6.406818e-02
16 38 -6.442857e-02
13 80 -6.446176e-02
6 28 -6.451534e-02
19 80 -6.451827e-02
22 38 -6.488493e-02
69 75 -6.494037e-02
33 40 -6.512349e-02
51 73 -6.513839e-02
48 57 -6.519766e-02
2 80 -6.522904e-02
16 25 -6.538144e-02
60 72 -6.548099e-02
36 61 -6.554781e-02
44 56 -6.577069e-02
20 27 -6.619316e-02
58 73 -6.646856e-02
23 56 -6.659520e-02
12 30 -6.695882e-02
7 61 -6.703476e-02
14 58 -6.718052e-02
49 55 -6.727645e-02
29 80 -6.759165e-02
26 53 -6.768576e-02
15 44 -6.788259e-02
22 58 -6.837839e-02
20 76 -6.847474e-02
71 73 -6.906703e-02
20 60 -6.943763e-02
32 36 -6.947030e-02
52 54 -6.988040e-02
3 11 -6.998505e-02
23 52 -7.000557e-02
10 75 -7.075953e-02
25 79 -7.087645e-02
15 29 -7.117375e-02
41 80 -7.150624e-02
46 63 -7.162343e-02
32 81 -7.203712e-02
5 62 -7.252308e-02
36 41 -7.281733e-02
31 47 -7.288950e-02
3 75 -7.307137e-02
44 58 -7.332050e-02
53 61 -7.345937e-02
20 62 -7.386003e-02
11 73 -7.398383e-02
66 72 -7.414842e-02
6 7 -7.506444e-02
5 50 -7.536887e-02
51 55 -7.540634e-02
40 60 -7.545050e-02
47 52 -7.587403e-02
62 82 -7.602511e-02
80 85 -7.663476e-02
16 28 -7.669949e-02
18 85 -7.687545e-02
27 77 -7.810844e-02
25 41 -7.835064e-02
33 74 -7.841812e-02
34 85 -7.845227e-02
15 30 -7.863823e-02
16 82 -7.866893e-02
22 73 -7.919471e-02
22 47 -7.939491e-02
62 69 -7.966739e-02
38 83 -8.060291e-02
32 41 -8.084280e-02
25 65 -8.087913e-02
56 74 -8.089026e-02
4 17 -8.092114e-02
8 22 -8.109495e-02
12 14 -8.117657e-02
25 45 -8.152630e-02
11 84 -8.162195e-02
8 72 -8.164585e-02
25 33 -8.172540e-02
53 75 -8.179266e-02
17 55 -8.208657e-02
42 54 -8.229585e-02
51 83 -8.238366e-02
23 69 -8.294112e-02
10 43 -8.310075e-02
22 30 -8.318526e-02
19 43 -8.322334e-02
36 46 -8.324100e-02
2 43 -8.338339e-02
25 67 -8.341900e-02
70 74 -8.373266e-02
14 27 -8.394190e-02
36 85 -8.445883e-02
37 82 -8.461397e-02
17 44 -8.472507e-02
9 43 -8.484916e-02
27 38 -8.487552e-02
17 60 -8.498673e-02
52 62 -8.509899e-02
7 11 -8.541050e-02
3 43 -8.580037e-02
5 71 -8.580377e-02
62 71 -8.587489e-02
71 80 -8.590444e-02
29 58 -8.620792e-02
8 59 -8.651646e-02
13 43 -8.661283e-02
77 85 -8.760518e-02
11 32 -8.782350e-02
61 80 -8.830939e-02
45 64 -8.869173e-02
33 56 -8.876188e-02
20 84 -8.883424e-02
62 81 -8.887963e-02
27 62 -8.890121e-02
8 58 -8.946874e-02
11 33 -8.964411e-02
38 75 -8.968479e-02
55 81 -9.009778e-02
22 64 -9.042769e-02
34 53 -9.087577e-02
8 19 -9.150434e-02
47 79 -9.151270e-02
16 66 -9.161323e-02
12 85 -9.162017e-02
3 74 -9.181758e-02
6 85 -9.202428e-02
10 74 -9.207923e-02
24 62 -9.212096e-02
8 13 -9.220179e-02
37 60 -9.232527e-02
2 8 -9.236115e-02
28 54 -9.243424e-02
7 12 -9.280737e-02
7 57 -9.293561e-02
24 34 -9.307533e-02
3 47 -9.327272e-02
31 36 -9.382629e-02
48 60 -9.397173e-02
4 33 -9.403269e-02
15 23 -9.414662e-02
25 27 -9.448555e-02
44 62 -9.454339e-02
66 75 -9.468244e-02
8 9 -9.476384e-02
58 65 -9.496296e-02
12 78 -9.516371e-02
23 44 -9.518945e-02
48 54 -9.525111e-02
64 82 -9.547806e-02
52 71 -9.562848e-02
10 61 -9.599159e-02
49 63 -9.616067e-02
38 45 -9.617751e-02
8 52 -9.621718e-02
27 83 -9.645024e-02
16 85 -9.661031e-02
24 71 -9.674695e-02
39 84 -9.676905e-02
3 61 -9.728348e-02
10 47 -9.733305e-02
8 51 -9.772551e-02
7 35 -9.812502e-02
44 85 -9.854443e-02
41 57 -9.945495e-02
43 66 -9.956464e-02
43 65 -9.974569e-02
17 28 -9.994218e-02
21 67 -1.003176e-01
27 36 -1.004155e-01
12 26 -1.009951e-01
27 44 -1.011286e-01
63 64 -1.012637e-01
56 67 -1.015094e-01
20 52 -1.016112e-01
41 65 -1.018058e-01
20 28 -1.018739e-01
6 43 -1.020367e-01
38 60 -1.021383e-01
22 53 -1.021383e-01
36 68 -1.022123e-01
56 80 -1.022799e-01
5 11 -1.031160e-01
9 26 -1.042366e-01
17 54 -1.043782e-01
13 26 -1.045868e-01
21 56 -1.048242e-01
2 26 -1.048317e-01
19 26 -1.049690e-01
29 76 -1.051821e-01
65 78 -1.053156e-01
9 52 -1.053456e-01
20 67 -1.058071e-01
31 81 -1.060320e-01
45 78 -1.064960e-01
25 74 -1.065465e-01
45 80 -1.066595e-01
16 32 -1.078348e-01
80 84 -1.078840e-01
49 67 -1.082887e-01
38 49 -1.084931e-01
49 74 -1.089907e-01
68 70 -1.090427e-01
30 76 -1.090643e-01
63 84 -1.101964e-01
18 22 -1.102366e-01
19 52 -1.105700e-01
22 84 -1.106186e-01
21 73 -1.109517e-01
2 52 -1.115094e-01
63 68 -1.116005e-01
23 75 -1.119410e-01
4 28 -1.122325e-01
41 42 -1.125094e-01
9 62 -1.126027e-01
51 64 -1.127749e-01
15 66 -1.128677e-01
61 62 -1.130039e-01
13 70 -1.134201e-01
59 61 -1.135068e-01
8 34 -1.136869e-01
2 70 -1.138968e-01
9 70 -1.139952e-01
18 65 -1.141707e-01
37 76 -1.141911e-01
29 67 -1.142105e-01
74 77 -1.143264e-01
19 70 -1.143831e-01
13 71 -1.149533e-01
42 85 -1.150828e-01
59 70 -1.150913e-01
73 74 -1.152089e-01
13 62 -1.152933e-01
38 46 -1.154037e-01
13 52 -1.154282e-01
49 60 -1.154917e-01
23 40 -1.156032e-01
19 62 -1.163674e-01
34 45 -1.163993e-01
9 71 -1.166879e-01
42 65 -1.168957e-01
2 62 -1.169368e-01
33 78 -1.171741e-01
29 31 -1.177827e-01
10 69 -1.178334e-01
17 57 -1.178996e-01
3 69 -1.182757e-01
2 71 -1.185724e-01
19 71 -1.192117e-01
22 62 -1.192630e-01
16 84 -1.193552e-01
6 84 -1.194110e-01
14 81 -1.194792e-01
26 33 -1.199457e-01
66 84 -1.200101e-01
42 52 -1.206816e-01
6 70 -1.210374e-01
62 75 -1.211415e-01
51 76 -1.217781e-01
29 66 -1.219296e-01
4 31 -1.223437e-01
24 45 -1.223996e-01
63 78 -1.224474e-01
17 78 -1.228714e-01
3 18 -1.230379e-01
77 84 -1.231297e-01
16 27 -1.231814e-01
65 69 -1.238461e-01
8 43 -1.240638e-01
10 18 -1.243164e-01
21 29 -1.243758e-01
10 78 -1.249030e-01
43 71 -1.249643e-01
3 78 -1.263638e-01
32 46 -1.263818e-01
40 80 -1.269423e-01
26 77 -1.277877e-01
25 56 -1.278002e-01
21 59 -1.279261e-01
57 76 -1.281368e-01
14 60 -1.284286e-01
21 63 -1.284639e-01
61 82 -1.304004e-01
22 52 -1.306937e-01
76 85 -1.307232e-01
5 31 -1.307420e-01
14 53 -1.308460e-01
6 27 -1.308577e-01
52 70 -1.310048e-01
64 67 -1.310093e-01
34 52 -1.321515e-01
45 58 -1.328762e-01
45 54 -1.328776e-01
13 40 -1.329566e-01
32 63 -1.330243e-01
35 53 -1.330311e-01
30 34 -1.330745e-01
53 64 -1.330750e-01
19 40 -1.333483e-01
5 28 -1.334053e-01
2 40 -1.335459e-01
12 81 -1.336557e-01
70 75 -1.342380e-01
60 84 -1.342747e-01
26 37 -1.345717e-01
10 83 -1.346304e-01
9 40 -1.354830e-01
44 46 -1.355154e-01
31 55 -1.360119e-01
11 85 -1.360423e-01
53 76 -1.360734e-01
43 78 -1.362569e-01
3 83 -1.372037e-01
40 65 -1.378986e-01
35 49 -1.380840e-01
15 40 -1.381145e-01
14 61 -1.381503e-01
20 36 -1.382001e-01
14 40 -1.382299e-01
23 38 -1.383367e-01
48 71 -1.384080e-01
47 61 -1.389253e-01
52 57 -1.389634e-01
53 84 -1.392524e-01
13 25 -1.393846e-01
28 84 -1.399194e-01
37 65 -1.406285e-01
19 25 -1.407588e-01
12 63 -1.410549e-01
9 76 -1.411748e-01
2 25 -1.412194e-01
30 65 -1.414530e-01
17 49 -1.415179e-01
9 25 -1.417823e-01
5 34 -1.419624e-01
62 85 -1.424351e-01
2 76 -1.427628e-01
15 25 -1.428051e-01
13 76 -1.430508e-01
52 79 -1.430820e-01
8 28 -1.432816e-01
19 76 -1.434891e-01
12 28 -1.437698e-01
11 58 -1.438634e-01
17 32 -1.441236e-01
32 67 -1.444185e-01
44 76 -1.444973e-01
24 40 -1.446309e-01
16 69 -1.447655e-01
20 47 -1.450490e-01
33 34 -1.454534e-01
29 34 -1.456194e-01
48 85 -1.458371e-01
32 85 -1.460008e-01
15 33 -1.460801e-01
16 60 -1.460802e-01
25 47 -1.462917e-01
44 67 -1.463400e-01
15 77 -1.465836e-01
18 62 -1.466301e-01
41 50 -1.466528e-01
75 78 -1.469554e-01
57 79 -1.474961e-01
19 32 -1.476702e-01
51 75 -1.478251e-01
13 32 -1.479371e-01
68 73 -1.484512e-01
9 32 -1.485053e-01
26 73 -1.486061e-01
2 32 -1.486167e-01
15 20 -1.487569e-01
30 51 -1.488442e-01
4 18 -1.492548e-01
8 55 -1.493279e-01
31 85 -1.495752e-01
16 62 -1.496615e-01
29 47 -1.498605e-01
10 72 -1.500699e-01
32 53 -1.504886e-01
3 42 -1.506535e-01
10 42 -1.507401e-01
45 69 -1.509521e-01
66 76 -1.516346e-01
4 65 -1.522715e-01
18 38 -1.525125e-01
20 37 -1.525151e-01
4 39 -1.526320e-01
3 62 -1.527980e-01
33 52 -1.528332e-01
31 51 -1.536739e-01
8 42 -1.538967e-01
64 81 -1.539783e-01
30 48 -1.542113e-01
10 62 -1.543898e-01
24 77 -1.548199e-01
58 59 -1.552483e-01
3 72 -1.553843e-01
35 85 -1.553870e-01
36 60 -1.554702e-01
14 80 -1.567598e-01
21 32 -1.571890e-01
53 73 -1.572008e-01
32 34 -1.572280e-01
3 21 -1.579228e-01
57 62 -1.587038e-01
34 73 -1.588288e-01
24 47 -1.589382e-01
28 47 -1.591038e-01
35 45 -1.592699e-01
33 36 -1.603769e-01
18 61 -1.604089e-01
29 64 -1.612252e-01
16 33 -1.612472e-01
11 50 -1.613190e-01
38 54 -1.613360e-01
4 64 -1.618470e-01
52 61 -1.620879e-01
43 56 -1.621517e-01
16 77 -1.623596e-01
10 21 -1.627788e-01
54 60 -1.628035e-01
19 33 -1.633213e-01
2 33 -1.635817e-01
12 64 -1.637229e-01
17 83 -1.638053e-01
13 33 -1.638398e-01
57 75 -1.640756e-01
3 81 -1.640912e-01
5 58 -1.641645e-01
7 45 -1.644612e-01
4 12 -1.644826e-01
8 46 -1.649004e-01
65 73 -1.650585e-01
39 49 -1.658238e-01
39 53 -1.658355e-01
24 73 -1.664630e-01
10 81 -1.666694e-01
53 56 -1.668742e-01
55 85 -1.672594e-01
9 69 -1.673420e-01
20 85 -1.674053e-01
9 33 -1.674147e-01
16 72 -1.676827e-01
47 68 -1.676880e-01
45 57 -1.684201e-01
7 41 -1.690713e-01
26 78 -1.690847e-01
24 57 -1.693622e-01
12 65 -1.695112e-01
11 55 -1.695513e-01
48 66 -1.696545e-01
28 85 -1.696850e-01
15 51 -1.697347e-01
26 72 -1.699183e-01
32 79 -1.699998e-01
36 52 -1.703014e-01
9 51 -1.704483e-01
52 80 -1.705220e-01
19 69 -1.706951e-01
51 60 -1.707451e-01
16 21 -1.708684e-01
55 68 -1.712163e-01
10 54 -1.714940e-01
2 69 -1.715114e-01
13 69 -1.715858e-01
10 65 -1.718555e-01
50 56 -1.721064e-01
6 26 -1.721959e-01
27 61 -1.722032e-01
40 68 -1.724262e-01
19 51 -1.728680e-01
36 69 -1.729698e-01
50 59 -1.730560e-01
22 74 -1.730594e-01
2 51 -1.731292e-01
3 54 -1.732190e-01
3 65 -1.734371e-01
13 51 -1.739936e-01
13 44 -1.743222e-01
25 54 -1.745704e-01
5 53 -1.746433e-01
40 57 -1.747376e-01
3 50 -1.750847e-01
19 44 -1.751219e-01
7 48 -1.752385e-01
18 46 -1.754423e-01
29 49 -1.754704e-01
7 16 -1.759960e-01
54 57 -1.760402e-01
2 44 -1.761568e-01
3 49 -1.763464e-01
23 85 -1.763628e-01
8 16 -1.768947e-01
4 77 -1.770393e-01
21 62 -1.771768e-01
14 56 -1.777861e-01
62 83 -1.778491e-01
10 50 -1.779220e-01
4 80 -1.779982e-01
13 55 -1.783130e-01
7 78 -1.785699e-01
52 65 -1.785817e-01
31 84 -1.787149e-01
19 55 -1.788083e-01
15 59 -1.792967e-01
9 44 -1.794240e-01
41 84 -1.798154e-01
32 80 -1.800759e-01
15 64 -1.801819e-01
36 57 -1.804148e-01
2 55 -1.804192e-01
9 63 -1.805745e-01
9 55 -1.806233e-01
46 75 -1.808452e-01
12 84 -1.813304e-01
53 78 -1.815955e-01
10 49 -1.818423e-01
30 69 -1.818745e-01
44 63 -1.827416e-01
30 67 -1.828049e-01
22 69 -1.831978e-01
42 66 -1.842280e-01
12 24 -1.843227e-01
26 59 -1.844558e-01
40 56 -1.846153e-01
13 63 -1.846482e-01
24 53 -1.848649e-01
14 30 -1.851181e-01
26 68 -1.858534e-01
5 20 -1.859510e-01
43 83 -1.862898e-01
54 68 -1.863925e-01
19 63 -1.866337e-01
5 49 -1.869936e-01
3 82 -1.870550e-01
2 63 -1.871126e-01
38 66 -1.876404e-01
8 31 -1.880208e-01
63 67 -1.885071e-01
15 48 -1.895466e-01
17 53 -1.896383e-01
10 82 -1.899188e-01
17 35 -1.905993e-01
24 85 -1.911713e-01
38 62 -1.913421e-01
14 66 -1.913509e-01
44 75 -1.915432e-01
18 75 -1.918438e-01
15 57 -1.922165e-01
27 58 -1.929954e-01
41 85 -1.931590e-01
7 20 -1.935463e-01
58 75 -1.938180e-01
65 68 -1.939499e-01
27 85 -1.942362e-01
42 59 -1.942827e-01
17 38 -1.945691e-01
24 76 -1.945850e-01
48 84 -1.946333e-01
55 59 -1.946575e-01
4 44 -1.946635e-01
30 73 -1.957167e-01
8 48 -1.957217e-01
53 71 -1.958333e-01
3 80 -1.965790e-01
50 79 -1.967700e-01
28 80 -1.969236e-01
49 84 -1.971744e-01
23 47 -1.978586e-01
45 56 -1.982859e-01
25 55 -1.989235e-01
12 32 -1.994518e-01
21 57 -1.996188e-01
10 80 -2.001676e-01
23 37 -2.005313e-01
33 73 -2.011234e-01
33 58 -2.013554e-01
28 73 -2.013556e-01
9 58 -2.015327e-01
14 64 -2.015746e-01
44 47 -2.019968e-01
19 58 -2.020530e-01
45 85 -2.023176e-01
18 83 -2.023465e-01
35 36 -2.025800e-01
50 53 -2.026901e-01
47 60 -2.027189e-01
15 75 -2.029226e-01
2 58 -2.029343e-01
55 79 -2.030007e-01
55 66 -2.030968e-01
48 69 -2.032443e-01
13 58 -2.033429e-01
10 55 -2.035777e-01
46 62 -2.037329e-01
6 32 -2.041488e-01
7 72 -2.045009e-01
30 57 -2.046239e-01
31 65 -2.054740e-01
3 55 -2.054962e-01
4 56 -2.056777e-01
26 62 -2.056855e-01
14 63 -2.057477e-01
46 84 -2.058447e-01
57 71 -2.059319e-01
15 45 -2.061034e-01
34 84 -2.061447e-01
9 20 -2.062394e-01
4 57 -2.064021e-01
45 62 -2.064712e-01
18 77 -2.069994e-01
29 61 -2.069999e-01
15 76 -2.074768e-01
32 71 -2.078670e-01
24 65 -2.082821e-01
21 45 -2.085325e-01
21 60 -2.090347e-01
19 20 -2.092758e-01
26 70 -2.093296e-01
2 20 -2.093709e-01
18 30 -2.098011e-01
13 20 -2.100403e-01
36 73 -2.105605e-01
19 29 -2.111798e-01
55 67 -2.112458e-01
56 58 -2.112544e-01
13 29 -2.118688e-01
46 67 -2.119148e-01
2 29 -2.120671e-01
27 72 -2.123905e-01
9 47 -2.125091e-01
50 85 -2.128985e-01
33 57 -2.129644e-01
9 72 -2.132541e-01
50 74 -2.134434e-01
35 84 -2.135318e-01
64 84 -2.138112e-01
38 64 -2.138279e-01
45 49 -2.142254e-01
7 34 -2.151159e-01
54 61 -2.158470e-01
9 29 -2.159508e-01
31 62 -2.161727e-01
5 21 -2.163217e-01
24 56 -2.164970e-01
10 76 -2.166963e-01
3 76 -2.167277e-01
2 72 -2.175950e-01
50 63 -2.177969e-01
63 74 -2.180855e-01
24 49 -2.181384e-01
20 38 -2.183728e-01
23 30 -2.187451e-01
46 85 -2.187475e-01
22 85 -2.191521e-01
50 78 -2.193453e-01
2 47 -2.195557e-01
13 47 -2.198627e-01
6 51 -2.201816e-01
19 47 -2.205939e-01
19 72 -2.206050e-01
36 42 -2.209201e-01
26 45 -2.211520e-01
36 74 -2.212186e-01
30 46 -2.212354e-01
22 54 -2.212404e-01
48 81 -2.215007e-01
61 81 -2.216005e-01
11 15 -2.216119e-01
13 72 -2.216733e-01
18 42 -2.220681e-01
4 23 -2.221000e-01
29 50 -2.222131e-01
53 60 -2.222142e-01
12 46 -2.222843e-01
42 64 -2.227368e-01
49 76 -2.235486e-01
47 74 -2.239768e-01
27 60 -2.244929e-01
34 44 -2.246846e-01
9 74 -2.251999e-01
6 20 -2.253728e-01
15 18 -2.258785e-01
31 40 -2.259831e-01
17 23 -2.263604e-01
16 45 -2.265787e-01
8 33 -2.270939e-01
36 39 -2.272065e-01
49 64 -2.272205e-01
27 50 -2.272948e-01
63 75 -2.274416e-01
37 52 -2.276117e-01
73 75 -2.277079e-01
42 49 -2.279737e-01
15 67 -2.280386e-01
23 45 -2.282535e-01
2 74 -2.283949e-01
19 74 -2.284327e-01
11 68 -2.290095e-01
21 38 -2.290842e-01
38 51 -2.291604e-01
3 67 -2.292479e-01
20 41 -2.293939e-01
14 57 -2.295772e-01
42 83 -2.297722e-01
11 24 -2.301392e-01
14 17 -2.303459e-01
64 75 -2.305788e-01
15 36 -2.306066e-01
13 74 -2.306743e-01
43 74 -2.307258e-01
49 70 -2.311240e-01
50 72 -2.313314e-01
11 30 -2.315629e-01
56 84 -2.316753e-01
63 72 -2.316892e-01
10 67 -2.320483e-01
24 68 -2.321607e-01
16 29 -2.340707e-01
18 76 -2.342915e-01
53 68 -2.343691e-01
15 68 -2.348662e-01
5 47 -2.349939e-01
40 83 -2.352984e-01
9 60 -2.354607e-01
4 63 -2.355656e-01
6 21 -2.356988e-01
62 67 -2.358941e-01
13 60 -2.359086e-01
4 55 -2.359702e-01
58 78 -2.359873e-01
15 78 -2.362133e-01
19 60 -2.364574e-01
6 74 -2.364770e-01
7 73 -2.364921e-01
2 60 -2.365590e-01
29 81 -2.371135e-01
20 74 -2.380322e-01
48 53 -2.381234e-01
11 39 -2.382493e-01
27 67 -2.382807e-01
40 48 -2.392190e-01
27 69 -2.393705e-01
5 65 -2.394793e-01
33 68 -2.395611e-01
16 46 -2.396994e-01
5 35 -2.398978e-01
14 36 -2.405828e-01
55 76 -2.408900e-01
26 69 -2.410698e-01
11 62 -2.413782e-01
9 56 -2.416860e-01
57 74 -2.417623e-01
16 78 -2.419832e-01
56 82 -2.421151e-01
17 84 -2.423754e-01
19 56 -2.425479e-01
16 22 -2.426338e-01
13 56 -2.426581e-01
30 60 -2.430974e-01
2 56 -2.431007e-01
16 63 -2.447685e-01
31 33 -2.448714e-01
15 32 -2.450105e-01
10 37 -2.450361e-01
48 70 -2.452900e-01
22 33 -2.460485e-01
59 75 -2.462857e-01
25 62 -2.463997e-01
30 36 -2.466320e-01
68 81 -2.472333e-01
4 36 -2.477160e-01
27 68 -2.478953e-01
40 52 -2.482556e-01
24 48 -2.483394e-01
50 62 -2.483900e-01
69 80 -2.492421e-01
5 85 -2.494268e-01
11 57 -2.496349e-01
4 50 -2.496994e-01
28 36 -2.498551e-01
71 85 -2.499881e-01
6 25 -2.501550e-01
11 14 -2.501565e-01
46 81 -2.507811e-01
12 35 -2.510079e-01
27 84 -2.511959e-01
55 84 -2.513512e-01
69 73 -2.513771e-01
3 37 -2.521979e-01
54 72 -2.522608e-01
38 53 -2.524276e-01
5 7 -2.525085e-01
5 54 -2.525900e-01
7 28 -2.529926e-01
24 41 -2.530516e-01
26 67 -2.544755e-01
9 82 -2.547463e-01
6 57 -2.549629e-01
21 75 -2.557675e-01
21 65 -2.558351e-01
49 56 -2.559468e-01
34 65 -2.563653e-01
56 69 -2.565811e-01
21 40 -2.570343e-01
41 48 -2.572597e-01
29 51 -2.576379e-01
31 64 -2.583985e-01
38 67 -2.585108e-01
2 82 -2.586345e-01
6 39 -2.589755e-01
54 65 -2.589780e-01
42 74 -2.591075e-01
10 24 -2.591373e-01
19 82 -2.594289e-01
7 31 -2.597291e-01
3 24 -2.597308e-01
13 82 -2.599723e-01
44 78 -2.604030e-01
41 72 -2.608643e-01
18 26 -2.610821e-01
20 71 -2.622991e-01
47 50 -2.623797e-01
23 73 -2.624342e-01
60 83 -2.627351e-01
4 16 -2.630184e-01
61 72 -2.632253e-01
6 60 -2.642214e-01
29 36 -2.646234e-01
7 77 -2.646345e-01
37 64 -2.650809e-01
3 53 -2.651332e-01
37 71 -2.651494e-01
63 70 -2.653430e-01
58 80 -2.653706e-01
38 65 -2.655452e-01
5 40 -2.662711e-01
17 71 -2.663051e-01
43 81 -2.670013e-01
9 30 -2.679494e-01
44 79 -2.679706e-01
60 70 -2.683363e-01
40 54 -2.684009e-01
66 78 -2.686588e-01
28 58 -2.691234e-01
31 68 -2.692719e-01
57 81 -2.693552e-01
10 53 -2.694015e-01
13 30 -2.701213e-01
19 30 -2.702494e-01
2 30 -2.703897e-01
56 59 -2.712749e-01
17 79 -2.712837e-01
41 59 -2.713226e-01
11 23 -2.718520e-01
17 52 -2.725079e-01
8 84 -2.728063e-01
25 43 -2.731182e-01
29 65 -2.734883e-01
47 85 -2.734886e-01
9 53 -2.736444e-01
10 68 -2.738833e-01
6 18 -2.741201e-01
43 50 -2.741252e-01
37 75 -2.743445e-01
39 51 -2.751007e-01
10 56 -2.751499e-01
19 53 -2.755581e-01
41 69 -2.760012e-01
13 53 -2.760411e-01
2 53 -2.761129e-01
3 56 -2.761497e-01
12 40 -2.771054e-01
43 84 -2.780982e-01
4 34 -2.781803e-01
3 68 -2.781937e-01
41 82 -2.789077e-01
14 77 -2.791889e-01
8 24 -2.792643e-01
42 84 -2.794273e-01
7 54 -2.798856e-01
33 53 -2.801180e-01
54 73 -2.803739e-01
57 83 -2.809977e-01
30 68 -2.813058e-01
38 77 -2.814062e-01
13 79 -2.814641e-01
43 59 -2.816198e-01
7 59 -2.819221e-01
22 78 -2.821119e-01
28 65 -2.822184e-01
9 79 -2.824546e-01
52 85 -2.827609e-01
5 75 -2.831373e-01
18 57 -2.833763e-01
18 60 -2.844524e-01
61 75 -2.846427e-01
19 79 -2.847302e-01
12 59 -2.851491e-01
2 79 -2.852555e-01
16 26 -2.858303e-01
54 76 -2.861259e-01
53 85 -2.862438e-01
21 41 -2.876706e-01
12 72 -2.877282e-01
3 30 -2.884507e-01
9 81 -2.884854e-01
8 14 -2.885917e-01
23 29 -2.893864e-01
33 49 -2.894210e-01
22 65 -2.895489e-01
4 11 -2.900942e-01
6 59 -2.902282e-01
47 57 -2.905376e-01
13 59 -2.906121e-01
7 53 -2.907206e-01
56 81 -2.909761e-01
5 55 -2.913845e-01
25 61 -2.914191e-01
2 59 -2.915295e-01
19 59 -2.916989e-01
9 59 -2.917179e-01
63 85 -2.917298e-01
54 67 -2.924154e-01
39 48 -2.939208e-01
22 82 -2.944747e-01
2 81 -2.952034e-01
6 79 -2.952426e-01
6 36 -2.955240e-01
47 49 -2.957920e-01
35 65 -2.959199e-01
7 27 -2.961020e-01
15 54 -2.961047e-01
8 63 -2.961946e-01
68 80 -2.964490e-01
5 43 -2.967762e-01
8 64 -2.968532e-01
19 81 -2.969465e-01
44 73 -2.973444e-01
20 32 -2.985767e-01
30 72 -2.987465e-01
13 81 -2.988935e-01
46 66 -2.989172e-01
13 67 -2.989496e-01
34 67 -2.989542e-01
9 67 -2.991911e-01
19 67 -2.996505e-01
2 67 -2.997663e-01
14 47 -3.000081e-01
47 82 -3.003172e-01
38 58 -3.003450e-01
24 63 -3.006252e-01
32 74 -3.006749e-01
33 60 -3.008099e-01
41 67 -3.015946e-01
60 82 -3.018851e-01
10 30 -3.019211e-01
81 84 -3.021269e-01
14 75 -3.021452e-01
43 73 -3.021806e-01
4 37 -3.026130e-01
31 74 -3.031772e-01
58 83 -3.032763e-01
22 72 -3.045230e-01
18 84 -3.045252e-01
38 73 -3.046540e-01
8 29 -3.066905e-01
17 76 -3.073810e-01
7 76 -3.077104e-01
4 62 -3.078387e-01
41 64 -3.078427e-01
33 82 -3.085422e-01
58 84 -3.086033e-01
48 67 -3.086226e-01
24 61 -3.086359e-01
12 62 -3.088818e-01
57 70 -3.092361e-01
41 51 -3.092744e-01
37 79 -3.096692e-01
69 77 -3.099212e-01
9 65 -3.102916e-01
60 79 -3.113480e-01
42 78 -3.113548e-01
9 66 -3.115967e-01
44 53 -3.121811e-01
43 68 -3.125920e-01
23 77 -3.127554e-01
30 83 -3.128278e-01
2 66 -3.128597e-01
13 66 -3.128941e-01
19 66 -3.129618e-01
15 70 -3.131345e-01
12 70 -3.133350e-01
40 64 -3.136884e-01
4 35 -3.136979e-01
24 84 -3.137012e-01
31 45 -3.144870e-01
2 65 -3.147058e-01
17 74 -3.148093e-01
45 77 -3.148329e-01
16 56 -3.152269e-01
54 66 -3.155942e-01
16 76 -3.158693e-01
43 69 -3.162510e-01
19 65 -3.162541e-01
40 63 -3.162555e-01
49 57 -3.165030e-01
12 68 -3.167266e-01
13 65 -3.167369e-01
7 65 -3.167693e-01
27 71 -3.169761e-01
15 83 -3.175719e-01
26 66 -3.176931e-01
54 69 -3.178989e-01
34 77 -3.180585e-01
22 83 -3.185245e-01
59 83 -3.186997e-01
14 26 -3.188423e-01
8 62 -3.193286e-01
20 40 -3.193290e-01
43 82 -3.193813e-01
7 37 -3.203267e-01
41 58 -3.206554e-01
53 57 -3.209382e-01
14 55 -3.212826e-01
34 66 -3.219526e-01
22 50 -3.221439e-01
35 48 -3.224826e-01
15 42 -3.229157e-01
15 79 -3.229183e-01
41 74 -3.233328e-01
6 35 -3.236658e-01
15 37 -3.236735e-01
27 73 -3.239058e-01
3 44 -3.240651e-01
21 82 -3.242730e-01
5 24 -3.251410e-01
11 22 -3.252363e-01
10 44 -3.252572e-01
18 47 -3.255329e-01
44 60 -3.257067e-01
16 43 -3.260143e-01
6 78 -3.261012e-01
59 60 -3.265935e-01
11 78 -3.270090e-01
16 39 -3.271135e-01
26 82 -3.275379e-01
9 36 -3.279674e-01
7 46 -3.282002e-01
13 36 -3.282003e-01
4 48 -3.283078e-01
36 84 -3.287828e-01
19 36 -3.288775e-01
17 33 -3.289224e-01
45 51 -3.293536e-01
39 47 -3.294792e-01
29 85 -3.297768e-01
2 36 -3.297882e-01
3 71 -3.298343e-01
10 71 -3.301759e-01
44 72 -3.305802e-01
24 82 -3.307139e-01
63 71 -3.310185e-01
26 71 -3.318704e-01
10 70 -3.321061e-01
60 85 -3.325548e-01
50 54 -3.325570e-01
3 70 -3.327373e-01
15 81 -3.331010e-01
18 82 -3.331502e-01
7 80 -3.331936e-01
8 38 -3.336494e-01
16 35 -3.337876e-01
20 68 -3.341052e-01
66 83 -3.352267e-01
33 67 -3.361340e-01
4 66 -3.366633e-01
31 80 -3.367313e-01
63 81 -3.369365e-01
5 37 -3.373473e-01
55 70 -3.378397e-01
51 84 -3.379228e-01
25 84 -3.389279e-01
20 69 -3.391174e-01
41 66 -3.398541e-01
16 58 -3.398775e-01
54 82 -3.401314e-01
46 74 -3.404044e-01
59 67 -3.406135e-01
21 64 -3.406804e-01
11 54 -3.416913e-01
55 58 -3.419303e-01
34 80 -3.421532e-01
9 45 -3.426250e-01
14 48 -3.426292e-01
52 77 -3.427978e-01
12 71 -3.428078e-01
15 24 -3.430065e-01
68 85 -3.436360e-01
58 61 -3.436586e-01
2 45 -3.439630e-01
25 76 -3.441698e-01
49 62 -3.442526e-01
19 45 -3.442707e-01
13 45 -3.448558e-01
6 53 -3.452497e-01
44 50 -3.457765e-01
3 66 -3.462002e-01
10 66 -3.465638e-01
62 78 -3.471300e-01
23 81 -3.472243e-01
65 84 -3.473195e-01
7 43 -3.475952e-01
6 50 -3.477295e-01
12 79 -3.483126e-01
10 79 -3.483238e-01
5 25 -3.483271e-01
35 78 -3.484838e-01
15 50 -3.493886e-01
50 70 -3.494845e-01
54 59 -3.498067e-01
40 69 -3.503852e-01
17 25 -3.511561e-01
10 40 -3.511698e-01
12 39 -3.513635e-01
15 49 -3.514089e-01
14 23 -3.520890e-01
3 79 -3.521178e-01
50 81 -3.523917e-01
12 52 -3.528932e-01
30 81 -3.531335e-01
23 82 -3.534883e-01
19 68 -3.542150e-01
9 68 -3.542517e-01
17 64 -3.546953e-01
13 68 -3.548150e-01
3 40 -3.549053e-01
25 80 -3.549123e-01
21 61 -3.550026e-01
2 68 -3.550079e-01
20 56 -3.552194e-01
5 39 -3.552722e-01
40 75 -3.554982e-01
31 78 -3.559842e-01
20 75 -3.573619e-01
4 60 -3.573730e-01
46 82 -3.577993e-01
15 21 -3.578425e-01
33 61 -3.591456e-01
46 47 -3.593399e-01
31 79 -3.596123e-01
36 50 -3.600629e-01
61 79 -3.604396e-01
45 66 -3.605589e-01
17 67 -3.615457e-01
25 40 -3.616491e-01
44 80 -3.619281e-01
11 63 -3.626160e-01
23 83 -3.635759e-01
8 73 -3.641692e-01
22 49 -3.646625e-01
52 75 -3.646752e-01
18 35 -3.660978e-01
23 76 -3.662100e-01
32 44 -3.666249e-01
33 85 -3.669092e-01
3 64 -3.675643e-01
30 77 -3.680483e-01
35 66 -3.686088e-01
34 75 -3.691356e-01
57 69 -3.701816e-01
6 66 -3.706083e-01
38 71 -3.706440e-01
10 64 -3.708518e-01
25 82 -3.712296e-01
63 69 -3.714592e-01
46 79 -3.717841e-01
12 45 -3.725394e-01
12 76 -3.727654e-01
11 61 -3.737305e-01
14 54 -3.738267e-01
38 80 -3.739842e-01
50 55 -3.741061e-01
46 65 -3.748711e-01
37 84 -3.750362e-01
14 42 -3.753871e-01
56 79 -3.768712e-01
55 83 -3.769418e-01
31 44 -3.773134e-01
43 70 -3.779434e-01
43 77 -3.782184e-01
45 73 -3.795154e-01
27 47 -3.797189e-01
14 83 -3.805552e-01
17 45 -3.805576e-01
29 62 -3.809000e-01
6 56 -3.823596e-01
11 26 -3.824256e-01
38 78 -3.824808e-01
9 64 -3.826167e-01
21 71 -3.838293e-01
60 81 -3.838435e-01
46 59 -3.839204e-01
48 78 -3.841234e-01
23 70 -3.844532e-01
34 78 -3.848683e-01
34 49 -3.854228e-01
2 64 -3.856612e-01
19 64 -3.860481e-01
13 64 -3.861054e-01
10 45 -3.864160e-01
30 85 -3.877323e-01
58 76 -3.878257e-01
28 59 -3.889777e-01
10 59 -3.899164e-01
12 29 -3.900006e-01
6 61 -3.904092e-01
3 45 -3.905597e-01
23 84 -3.908249e-01
39 75 -3.919153e-01
35 70 -3.919237e-01
5 57 -3.920935e-01
21 47 -3.927558e-01
48 52 -3.927969e-01
16 61 -3.929728e-01
11 56 -3.960332e-01
30 49 -3.963060e-01
21 70 -3.974289e-01
25 68 -3.975581e-01
7 24 -3.977954e-01
6 62 -3.980406e-01
47 84 -4.000658e-01
8 61 -4.007974e-01
14 33 -4.012894e-01
25 72 -4.013083e-01
56 85 -4.019991e-01
38 68 -4.027414e-01
3 59 -4.032973e-01
20 59 -4.035721e-01
18 59 -4.037102e-01
34 81 -4.039901e-01
37 85 -4.040045e-01
54 80 -4.040792e-01
50 82 -4.042283e-01
40 77 -4.043807e-01
12 37 -4.046350e-01
7 47 -4.047637e-01
49 52 -4.052856e-01
5 83 -4.055800e-01
25 48 -4.055904e-01
4 58 -4.056960e-01
22 81 -4.068219e-01
16 54 -4.084893e-01
4 25 -4.086441e-01
28 69 -4.088576e-01
24 51 -4.091384e-01
16 44 -4.092965e-01
26 56 -4.094317e-01
12 69 -4.094486e-01
3 58 -4.095177e-01
46 72 -4.096023e-01
18 41 -4.099411e-01
30 75 -4.109859e-01
60 75 -4.115854e-01
4 83 -4.116549e-01
18 55 -4.119399e-01
8 35 -4.122997e-01
10 58 -4.126158e-01
40 70 -4.128492e-01
41 75 -4.129920e-01
51 54 -4.132728e-01
38 69 -4.135950e-01
14 65 -4.140980e-01
27 65 -4.143864e-01
32 72 -4.148793e-01
27 49 -4.149301e-01
20 63 -4.150463e-01
18 78 -4.156098e-01
25 49 -4.157390e-01
18 40 -4.162253e-01
34 40 -4.163621e-01
4 26 -4.169253e-01
39 83 -4.172583e-01
16 52 -4.182618e-01
31 49 -4.200216e-01
27 48 -4.204422e-01
20 72 -4.208342e-01
54 81 -4.214057e-01
32 65 -4.214077e-01
27 80 -4.215374e-01
32 57 -4.217972e-01
28 72 -4.232206e-01
8 20 -4.236452e-01
47 81 -4.237182e-01
4 42 -4.240237e-01
41 77 -4.247951e-01
12 58 -4.260752e-01
35 77 -4.262582e-01
50 77 -4.265008e-01
31 82 -4.267708e-01
46 48 -4.271955e-01
38 81 -4.273631e-01
12 83 -4.274686e-01
15 71 -4.276916e-01
14 49 -4.284401e-01
37 50 -4.292462e-01
21 84 -4.292578e-01
23 78 -4.295548e-01
16 42 -4.296136e-01
5 8 -4.302404e-01
7 44 -4.302512e-01
4 61 -4.307007e-01
12 67 -4.309677e-01
40 78 -4.312788e-01
61 71 -4.318512e-01
33 50 -4.323274e-01
22 71 -4.324238e-01
6 55 -4.329863e-01
6 65 -4.333468e-01
14 43 -4.334698e-01
57 72 -4.346183e-01
43 49 -4.352685e-01
46 70 -4.355409e-01
31 77 -4.358418e-01
11 52 -4.359209e-01
27 51 -4.361152e-01
8 44 -4.366945e-01
25 57 -4.370200e-01
56 72 -4.372779e-01
6 67 -4.377652e-01
54 74 -4.382285e-01
59 77 -4.395732e-01
44 74 -4.400289e-01
7 60 -4.404106e-01
68 75 -4.406819e-01
43 85 -4.412865e-01
11 34 -4.416884e-01
46 51 -4.417630e-01
41 49 -4.423872e-01
14 51 -4.425866e-01
42 75 -4.428147e-01
38 72 -4.437364e-01
26 84 -4.444794e-01
51 52 -4.449277e-01
48 58 -4.456400e-01
37 77 -4.459760e-01
14 32 -4.462781e-01
31 76 -4.463158e-01
46 77 -4.475970e-01
52 58 -4.491536e-01
32 61 -4.493380e-01
21 78 -4.508089e-01
35 67 -4.519128e-01
42 73 -4.520999e-01
34 71 -4.525276e-01
24 69 -4.525811e-01
7 52 -4.527364e-01
64 85 -4.531414e-01
4 32 -4.536394e-01
11 41 -4.548465e-01
6 58 -4.551105e-01
11 64 -4.554709e-01
48 83 -4.559431e-01
39 66 -4.560035e-01
63 83 -4.561814e-01
31 70 -4.562588e-01
5 51 -4.568506e-01
63 66 -4.585806e-01
29 73 -4.593322e-01
39 73 -4.597092e-01
35 74 -4.597311e-01
61 70 -4.607238e-01
28 82 -4.610115e-01
42 77 -4.616495e-01
57 66 -4.621153e-01
22 80 -4.628161e-01
5 42 -4.632236e-01
38 70 -4.633759e-01
12 36 -4.634867e-01
18 63 -4.640651e-01
24 66 -4.642957e-01
41 76 -4.643357e-01
12 82 -4.668877e-01
11 27 -4.679832e-01
21 72 -4.682182e-01
35 82 -4.684202e-01
38 74 -4.685189e-01
4 22 -4.688869e-01
21 76 -4.690503e-01
55 74 -4.694185e-01
18 39 -4.731346e-01
26 47 -4.734778e-01
23 71 -4.736907e-01
7 55 -4.737119e-01
3 36 -4.741170e-01
31 75 -4.747567e-01
14 62 -4.750046e-01
43 72 -4.751897e-01
47 58 -4.755024e-01
60 71 -4.755181e-01
26 65 -4.756096e-01
17 68 -4.761866e-01
31 71 -4.783866e-01
38 76 -4.790047e-01
5 36 -4.790328e-01
18 72 -4.800479e-01
40 84 -4.802192e-01
15 58 -4.814757e-01
41 78 -4.835031e-01
33 69 -4.836175e-01
35 69 -4.836647e-01
28 66 -4.840322e-01
22 75 -4.848950e-01
46 71 -4.853570e-01
8 60 -4.858113e-01
33 84 -4.877673e-01
6 68 -4.889838e-01
28 74 -4.899915e-01
49 54 -4.902682e-01
50 73 -4.906605e-01
46 80 -4.913329e-01
27 59 -4.931377e-01
17 37 -4.936503e-01
4 21 -4.941962e-01
10 36 -4.947397e-01
42 72 -4.969560e-01
5 81 -4.971387e-01
45 50 -4.981930e-01
17 27 -4.985677e-01
18 27 -4.999040e-01
28 51 -5.014636e-01
62 77 -5.028169e-01
35 71 -5.032261e-01
34 64 -5.037524e-01
34 58 -5.083467e-01
20 78 -5.086838e-01
23 61 -5.098457e-01
31 72 -5.105600e-01
37 78 -5.113517e-01
11 43 -5.114874e-01
23 67 -5.118576e-01
4 49 -5.120560e-01
6 29 -5.122279e-01
44 84 -5.145490e-01
46 49 -5.167273e-01
11 31 -5.202177e-01
28 48 -5.203835e-01
17 39 -5.203860e-01
14 21 -5.205322e-01
7 29 -5.211381e-01
38 79 -5.214324e-01
26 61 -5.215176e-01
5 44 -5.221671e-01
7 56 -5.228491e-01
28 75 -5.234526e-01
22 32 -5.241974e-01
22 70 -5.258127e-01
32 73 -5.262585e-01
35 75 -5.288387e-01
37 69 -5.290596e-01
28 67 -5.293416e-01
5 26 -5.295107e-01
24 83 -5.302300e-01
40 62 -5.308823e-01
39 67 -5.320287e-01
55 69 -5.321419e-01
51 78 -5.326875e-01
24 80 -5.328940e-01
42 71 -5.328981e-01
46 83 -5.366633e-01
4 20 -5.369319e-01
28 49 -5.388533e-01
42 70 -5.394060e-01
29 48 -5.401936e-01
20 80 -5.415000e-01
32 84 -5.416348e-01
37 70 -5.421919e-01
26 74 -5.425199e-01
6 24 -5.428558e-01
35 51 -5.434042e-01
18 29 -5.438766e-01
34 83 -5.475704e-01
38 82 -5.481546e-01
28 77 -5.515091e-01
22 67 -5.537396e-01
7 63 -5.546530e-01
52 66 -5.548068e-01
31 69 -5.554929e-01
23 72 -5.575462e-01
42 80 -5.582815e-01
8 27 -5.585914e-01
11 28 -5.595907e-01
50 83 -5.615619e-01
8 37 -5.619465e-01
43 51 -5.629770e-01
14 44 -5.642957e-01
32 76 -5.661541e-01
23 79 -5.675418e-01
39 65 -5.709567e-01
26 79 -5.726628e-01
54 79 -5.754722e-01
34 70 -5.765376e-01
18 28 -5.781082e-01
41 81 -5.795407e-01
5 32 -5.819103e-01
50 75 -5.822361e-01
27 74 -5.823809e-01
42 67 -5.827396e-01
45 59 -5.859330e-01
25 78 -5.867256e-01
22 79 -5.871676e-01
35 76 -5.880202e-01
42 81 -5.891317e-01
41 79 -5.891958e-01
34 74 -5.904500e-01
41 83 -5.905499e-01
34 72 -5.922217e-01
53 77 -5.937786e-01
25 70 -5.938904e-01
16 55 -5.941502e-01
26 80 -5.956436e-01
34 69 -5.959800e-01
39 78 -5.991714e-01
44 54 -5.993177e-01
22 77 -6.016651e-01
41 70 -6.022830e-01
55 82 -6.026412e-01
28 78 -6.051709e-01
39 80 -6.057692e-01
43 76 -6.061605e-01
8 57 -6.064724e-01
35 79 -6.068445e-01
39 77 -6.099952e-01
35 72 -6.121429e-01
21 74 -6.134641e-01
42 69 -6.137224e-01
28 76 -6.167461e-01
40 50 -6.185751e-01
12 53 -6.206475e-01
11 46 -6.255447e-01
34 76 -6.267206e-01
28 70 -6.269719e-01
42 79 -6.299824e-01
43 79 -6.303018e-01
25 77 -6.422757e-01
18 43 -6.428588e-01
31 83 -6.435862e-01
4 51 -6.453332e-01
27 82 -6.463751e-01
17 46 -6.497217e-01
11 60 -6.535610e-01
57 82 -6.646245e-01
8 39 -6.653284e-01
39 69 -6.683459e-01
28 83 -6.744369e-01
18 52 -6.748044e-01
26 76 -6.880748e-01
39 71 -6.887831e-01
39 70 -6.968543e-01
17 29 -7.002450e-01
40 71 -7.021855e-01
27 66 -7.055450e-01
41 71 -7.063272e-01
34 82 -7.198235e-01
35 83 -7.221112e-01
34 79 -7.241385e-01
39 76 -7.398699e-01
37 83 -7.442104e-01
43 67 -7.477022e-01
28 79 -7.610359e-01
39 72 -7.639450e-01
42 82 -7.643218e-01
27 79 -7.711051e-01
39 74 -7.911997e-01
28 81 -7.921220e-01
28 71 -8.107055e-01
39 82 -8.124018e-01
39 81 -8.286151e-01
27 70 -8.313793e-01
39 79 -8.385697e-01
35 81 -8.825754e-01
