# For publication of results, please cite:
# ...
# ... Michael Schantz Klausen, Martin Closter Jespersen, Henrik Nielsen, Kamilla Kjærgaard Jensen, 
# ... Vanessa Isabell Jurtz, Casper Kaae Sønderby, Morten Otto Alexander Sommer, Ole Winther, 
# ... Morten Nielsen, Bent Petersen, and Paolo Marcatili. 
# ... NetSurfP-2.0: Improved prediction of protein structural features by integrated deep learning.
# ... Proteins: Structure, Function, and Bioinformatics (Feb. 2019).
# ... https://doi.org/10.1002/prot.25674
# ...
#
# Column 1: Class assignment - B for buried or E for Exposed - Threshold: 25% exposure, but not based on RSA
# Column 2: Amino acid
# Column 3: Sequence name
# Column 4: Amino acid number
# Column 5: Relative Surface Accessibility - RSA
# Column 6: Absolute Surface Accessibility
# Column 7: Not used
# Column 8: Probability for Alpha-Helix
# Column 9: Probability for Beta-strand
# Column 10: Probability for Coil
E S  2FJCO                  1    0.949 111.197   0.000   0.000   0.000   1.000
E A  2FJCO                  2    0.534  58.860   0.000   0.008   0.012   0.980
E P  2FJCO                  3    0.680  96.434   0.000   0.009   0.004   0.987
E G  2FJCO                  4    0.679  53.462   0.000   0.018   0.013   0.970
E V  2FJCO                  5    0.413  63.533   0.000   0.010   0.011   0.979
E P  2FJCO                  6    0.436  61.925   0.000   0.034   0.008   0.958
E D  2FJCO                  7    0.628  90.489   0.000   0.238   0.001   0.761
E A  2FJCO                  8    0.641  70.668   0.000   0.873   0.000   0.126
E R  2FJCO                  9    0.726 166.199   0.000   0.910   0.001   0.089
B A  2FJCO                 10    0.185  20.352   0.000   0.970   0.000   0.030
B I  2FJCO                 11    0.159  29.376   0.000   0.986   0.000   0.014
E A  2FJCO                 12    0.418  46.021   0.000   0.992   0.000   0.008
E A  2FJCO                 13    0.352  38.816   0.000   0.996   0.000   0.003
B I  2FJCO                 14    0.034   6.288   0.000   0.998   0.000   0.002
B C  2FJCO                 15    0.063   8.848   0.000   0.999   0.000   0.001
E E  2FJCO                 16    0.527  92.032   0.000   0.999   0.000   0.001
B Q  2FJCO                 17    0.240  42.821   0.000   0.999   0.000   0.001
B L  2FJCO                 18    0.023   4.257   0.000   0.998   0.000   0.002
B R  2FJCO                 19    0.230  52.727   0.000   0.998   0.000   0.002
E Q  2FJCO                 20    0.394  70.456   0.000   0.998   0.000   0.002
B H  2FJCO                 21    0.086  15.675   0.000   0.998   0.000   0.002
B V  2FJCO                 22    0.056   8.584   0.000   0.997   0.000   0.003
B A  2FJCO                 23    0.124  13.671   0.000   0.994   0.000   0.006
B D  2FJCO                 24    0.170  24.429   0.000   0.985   0.000   0.015
B L  2FJCO                 25    0.047   8.524   0.000   0.998   0.000   0.002
B G  2FJCO                 26    0.177  13.920   0.000   0.999   0.000   0.001
E V  2FJCO                 27    0.254  39.097   0.000   0.999   0.000   0.001
B L  2FJCO                 28    0.037   6.769   0.000   0.999   0.000   0.001
B Y  2FJCO                 29    0.191  40.869   0.000   0.999   0.000   0.001
E I  2FJCO                 30    0.364  67.315   0.000   0.999   0.000   0.001
B K  2FJCO                 31    0.240  49.448   0.000   0.998   0.000   0.002
B L  2FJCO                 32    0.037   6.837   0.000   0.996   0.000   0.004
E H  2FJCO                 33    0.301  54.737   0.000   0.994   0.000   0.006
E N  2FJCO                 34    0.380  55.673   0.000   0.980   0.000   0.020
B Y  2FJCO                 35    0.115  24.558   0.000   0.965   0.000   0.035
B H  2FJCO                 36    0.118  21.408   0.000   0.955   0.001   0.045
E W  2FJCO                 37    0.623 149.746   0.000   0.871   0.001   0.128
E H  2FJCO                 38    0.412  75.033   0.000   0.733   0.001   0.265
B I  2FJCO                 39    0.102  18.790   0.000   0.236   0.098   0.667
E Y  2FJCO                 40    0.532 113.716   0.000   0.102   0.221   0.676
E G  2FJCO                 41    0.490  38.559   0.000   0.202   0.035   0.763
E I  2FJCO                 42    0.645 119.358   0.000   0.243   0.016   0.740
E E  2FJCO                 43    0.530  92.522   0.000   0.220   0.003   0.777
B F  2FJCO                 44    0.190  38.089   0.000   0.869   0.006   0.125
E K  2FJCO                 45    0.542 111.414   0.000   0.986   0.001   0.014
E Q  2FJCO                 46    0.564 100.766   0.000   0.986   0.000   0.013
B V  2FJCO                 47    0.096  14.793   0.000   0.994   0.000   0.006
B H  2FJCO                 48    0.247  44.920   0.000   0.997   0.000   0.003
E E  2FJCO                 49    0.546  95.379   0.000   0.999   0.000   0.001
E L  2FJCO                 50    0.255  46.781   0.000   0.998   0.000   0.002
B L  2FJCO                 51    0.092  16.893   0.000   0.996   0.000   0.003
E E  2FJCO                 52    0.479  83.715   0.000   0.998   0.000   0.002
E E  2FJCO                 53    0.597 104.287   0.000   0.997   0.000   0.003
B Y  2FJCO                 54    0.205  43.719   0.000   0.994   0.000   0.006
B Y  2FJCO                 55    0.235  50.254   0.000   0.995   0.000   0.005
E V  2FJCO                 56    0.480  73.795   0.000   0.995   0.000   0.005
E S  2FJCO                 57    0.351  41.111   0.000   0.991   0.000   0.009
B V  2FJCO                 58    0.058   8.861   0.000   0.996   0.000   0.004
E T  2FJCO                 59    0.329  45.635   0.000   0.996   0.000   0.004
E E  2FJCO                 60    0.611 106.811   0.000   0.995   0.000   0.005
B A  2FJCO                 61    0.110  12.138   0.000   0.994   0.000   0.006
B F  2FJCO                 62    0.084  16.802   0.000   0.999   0.000   0.001
E D  2FJCO                 63    0.461  66.366   0.000   1.000   0.000   0.000
E T  2FJCO                 64    0.381  52.852   0.000   1.000   0.000   0.000
B I  2FJCO                 65    0.032   5.925   0.000   1.000   0.000   0.000
B A  2FJCO                 66    0.065   7.158   0.000   1.000   0.000   0.000
E E  2FJCO                 67    0.554  96.840   0.000   1.000   0.000   0.000
E R  2FJCO                 68    0.319  73.022   0.000   1.000   0.000   0.000
B L  2FJCO                 69    0.031   5.722   0.000   0.999   0.000   0.001
E L  2FJCO                 70    0.429  78.466   0.000   0.998   0.000   0.002
E Q  2FJCO                 71    0.700 125.040   0.000   0.946   0.000   0.054
E L  2FJCO                 72    0.265  48.456   0.000   0.174   0.000   0.826
E G  2FJCO                 73    0.638  50.216   0.000   0.003   0.000   0.997
B A  2FJCO                 74    0.181  19.979   0.000   0.002   0.007   0.992
E Q  2FJCO                 75    0.715 127.712   0.000   0.001   0.224   0.775
B A  2FJCO                 76    0.191  21.041   0.000   0.000   0.011   0.989
E P  2FJCO                 77    0.359  50.920   0.000   0.000   0.004   0.995
E A  2FJCO                 78    0.416  45.808   0.000   0.003   0.015   0.982
E S  2FJCO                 79    0.460  53.876   0.000   0.003   0.011   0.986
E M  2FJCO                 80    0.433  86.616   0.000   0.972   0.000   0.028
E A  2FJCO                 81    0.620  68.313   0.000   0.991   0.000   0.009
E E  2FJCO                 82    0.450  78.567   0.000   0.993   0.000   0.007
B Y  2FJCO                 83    0.122  26.106   0.000   0.995   0.000   0.005
E L  2FJCO                 84    0.348  63.670   0.000   0.989   0.000   0.011
E A  2FJCO                 85    0.666  73.366   0.000   0.965   0.000   0.035
E L  2FJCO                 86    0.382  69.868   0.000   0.921   0.000   0.079
B S  2FJCO                 87    0.237  27.765   0.000   0.595   0.002   0.402
E G  2FJCO                 88    0.675  53.093   0.000   0.029   0.005   0.966
E I  2FJCO                 89    0.252  46.676   0.000   0.017   0.006   0.977
E A  2FJCO                 90    0.565  62.223   0.000   0.032   0.012   0.957
E E  2FJCO                 91    0.601 104.974   0.000   0.103   0.031   0.865
E E  2FJCO                 92    0.648 113.186   0.000   0.066   0.026   0.908
E T  2FJCO                 93    0.567  78.703   0.000   0.073   0.015   0.912
E E  2FJCO                 94    0.747 130.511   0.000   0.077   0.007   0.916
E K  2FJCO                 95    0.646 132.812   0.000   0.090   0.013   0.897
E E  2FJCO                 96    0.783 136.818   0.000   0.078   0.021   0.900
E I  2FJCO                 97    0.321  59.466   0.000   0.026   0.060   0.914
E T  2FJCO                 98    0.462  64.117   0.000   0.022   0.021   0.958
B I  2FJCO                 99    0.210  38.829   0.000   0.983   0.000   0.017
E V  2FJCO                100    0.458  70.434   0.000   0.993   0.000   0.007
E S  2FJCO                101    0.417  48.882   0.000   0.994   0.000   0.006
B A  2FJCO                102    0.059   6.542   0.000   0.998   0.000   0.002
B L  2FJCO                103    0.101  18.458   0.000   0.997   0.000   0.003
E A  2FJCO                104    0.405  44.591   0.000   0.998   0.000   0.002
E R  2FJCO                105    0.380  86.967   0.000   0.994   0.000   0.006
B V  2FJCO                106    0.038   5.850   0.000   0.998   0.000   0.002
E K  2FJCO                107    0.296  60.826   0.000   0.999   0.000   0.001
E R  2FJCO                108    0.543 124.309   0.000   0.998   0.000   0.002
B D  2FJCO                109    0.139  19.973   0.000   0.998   0.000   0.002
B F  2FJCO                110    0.089  17.953   0.000   0.999   0.000   0.001
E E  2FJCO                111    0.506  88.390   0.000   0.999   0.000   0.001
E Y  2FJCO                112    0.426  91.045   0.000   0.998   0.000   0.002
B L  2FJCO                113    0.054   9.876   0.000   0.999   0.000   0.001
B S  2FJCO                114    0.172  20.103   0.000   0.999   0.000   0.001
E T  2FJCO                115    0.502  69.617   0.000   0.998   0.000   0.002
E R  2FJCO                116    0.304  69.717   0.000   0.997   0.000   0.003
B F  2FJCO                117    0.087  17.537   0.000   0.997   0.000   0.003
E S  2FJCO                118    0.426  49.898   0.000   0.998   0.000   0.002
E Q  2FJCO                119    0.533  95.160   0.000   0.993   0.000   0.007
B T  2FJCO                120    0.063   8.674   0.000   0.992   0.000   0.008
E Q  2FJCO                121    0.281  50.233   0.000   0.998   0.000   0.002
E V  2FJCO                122    0.506  77.767   0.000   0.998   0.000   0.002
B L  2FJCO                123    0.230  42.137   0.000   0.997   0.000   0.003
B A  2FJCO                124    0.020   2.202   0.000   0.995   0.000   0.004
E A  2FJCO                125    0.513  56.499   0.000   0.981   0.000   0.019
E E  2FJCO                126    0.803 140.284   0.000   0.951   0.000   0.049
E S  2FJCO                127    0.416  48.721   0.000   0.478   0.000   0.522
E G  2FJCO                128    0.734  57.782   0.000   0.001   0.000   0.999
B D  2FJCO                129    0.241  34.734   0.000   0.001   0.001   0.998
E A  2FJCO                130    0.711  78.358   0.000   0.979   0.000   0.021
E V  2FJCO                131    0.546  83.993   0.000   0.986   0.000   0.014
B T  2FJCO                132    0.051   7.142   0.000   0.992   0.000   0.008
E D  2FJCO                133    0.332  47.867   0.000   0.997   0.000   0.003
E G  2FJCO                134    0.431  33.919   0.000   0.997   0.000   0.003
B I  2FJCO                135    0.229  42.347   0.000   0.999   0.000   0.001
B I  2FJCO                136    0.045   8.338   0.000   0.999   0.000   0.001
E T  2FJCO                137    0.351  48.694   0.000   0.999   0.000   0.001
E D  2FJCO                138    0.505  72.776   0.000   0.997   0.000   0.003
B I  2FJCO                139    0.120  22.172   0.000   0.999   0.000   0.001
B L  2FJCO                140    0.180  32.951   0.000   0.996   0.000   0.004
E R  2FJCO                141    0.592 135.571   0.000   0.991   0.000   0.009
E T  2FJCO                142    0.365  50.621   0.000   0.973   0.000   0.026
B L  2FJCO                143    0.134  24.479   0.000   0.986   0.000   0.014
E G  2FJCO                144    0.275  21.639   0.000   0.988   0.000   0.012
E K  2FJCO                145    0.586 120.617   0.000   0.989   0.000   0.011
B A  2FJCO                146    0.218  24.008   0.000   0.989   0.000   0.010
B I  2FJCO                147    0.143  26.491   0.000   0.996   0.000   0.004
E W  2FJCO                148    0.590 141.830   0.000   0.996   0.000   0.003
E M  2FJCO                149    0.478  95.719   0.000   0.993   0.000   0.006
B L  2FJCO                150    0.111  20.406   0.000   0.976   0.000   0.024
E G  2FJCO                151    0.304  23.945   0.000   0.946   0.001   0.054
E A  2FJCO                152    0.645  71.073   0.000   0.888   0.001   0.111
E T  2FJCO                153    0.464  64.392   0.000   0.718   0.001   0.281
E L  2FJCO                154    0.366  67.060   0.000   0.496   0.010   0.494
E K  2FJCO                155    0.767 157.870   0.000   0.221   0.013   0.766
E A  2FJCO                156    0.921 101.499   0.000   0.001   0.000   0.999
