48 52 1.928549e+00
47 48 1.847486e+00
47 52 1.779398e+00
52 61 1.623085e+00
6 18 1.576218e+00
6 7 1.445939e+00
48 61 1.373221e+00
47 61 1.371560e+00
46 60 1.277329e+00
60 61 1.185834e+00
6 10 1.121483e+00
18 47 1.112583e+00
6 61 1.090665e+00
4 45 1.035927e+00
6 52 1.033154e+00
40 41 1.030593e+00
18 48 9.367925e-01
63 64 9.103897e-01
57 61 8.877410e-01
64 65 8.757733e-01
21 22 8.732686e-01
6 47 8.406994e-01
39 40 8.267312e-01
18 52 8.164001e-01
18 61 8.127969e-01
6 48 7.958120e-01
10 18 7.917619e-01
14 43 7.833792e-01
22 23 7.771281e-01
43 44 7.348854e-01
27 28 7.310619e-01
2 4 7.294660e-01
5 13 7.223317e-01
45 49 6.982042e-01
2 3 6.966799e-01
7 18 6.930028e-01
10 52 6.929187e-01
17 58 6.898712e-01
58 62 6.815920e-01
45 50 6.620236e-01
42 60 6.538740e-01
36 37 6.512361e-01
38 41 6.416614e-01
22 58 6.353423e-01
10 60 6.308496e-01
28 29 6.240531e-01
68 69 6.085079e-01
50 51 5.969056e-01
5 57 5.861543e-01
15 56 5.679272e-01
33 34 5.658181e-01
29 30 5.655287e-01
3 4 5.652998e-01
32 33 5.604890e-01
14 57 5.563136e-01
4 51 5.495413e-01
57 60 5.473305e-01
24 25 5.436045e-01
42 45 5.417557e-01
42 46 5.399166e-01
20 21 5.369113e-01
13 54 5.355020e-01
66 67 5.325371e-01
30 34 5.313901e-01
26 27 5.283169e-01
24 28 5.281893e-01
31 54 5.241096e-01
12 56 5.218701e-01
11 15 5.090530e-01
38 39 5.031009e-01
43 47 5.026361e-01
33 36 4.841465e-01
7 11 4.839140e-01
5 56 4.810653e-01
52 60 4.797746e-01
56 61 4.779903e-01
7 64 4.728950e-01
67 69 4.697996e-01
13 20 4.642124e-01
10 11 4.596174e-01
67 68 4.578796e-01
19 26 4.505165e-01
64 66 4.457250e-01
52 57 4.386784e-01
3 9 4.384144e-01
10 61 4.376066e-01
35 38 4.359659e-01
21 58 4.316013e-01
51 62 4.308054e-01
25 34 4.279269e-01
53 65 4.259582e-01
57 59 4.225575e-01
30 31 4.217612e-01
5 41 4.215993e-01
42 48 4.215923e-01
35 36 4.200359e-01
45 56 4.188895e-01
55 59 4.140664e-01
7 61 4.127555e-01
24 27 4.126182e-01
38 40 4.099011e-01
27 43 4.046312e-01
10 48 4.045047e-01
26 28 4.018266e-01
39 59 3.997304e-01
16 21 3.992409e-01
16 30 3.975661e-01
9 15 3.960413e-01
46 56 3.957839e-01
41 45 3.943266e-01
29 36 3.938828e-01
10 47 3.890891e-01
36 38 3.889728e-01
53 69 3.880758e-01
33 35 3.877372e-01
29 37 3.876047e-01
14 60 3.861926e-01
14 17 3.828830e-01
15 17 3.822879e-01
25 31 3.802053e-01
63 66 3.799360e-01
50 60 3.727242e-01
18 28 3.717176e-01
19 51 3.709567e-01
7 52 3.687166e-01
9 51 3.680007e-01
14 53 3.671235e-01
8 9 3.653180e-01
28 30 3.649655e-01
15 29 3.620120e-01
43 48 3.612659e-01
2 12 3.604999e-01
19 20 3.604940e-01
11 59 3.599031e-01
5 8 3.576660e-01
21 26 3.562289e-01
22 43 3.550716e-01
3 5 3.532670e-01
4 50 3.514085e-01
15 19 3.505100e-01
32 37 3.503202e-01
12 16 3.466433e-01
32 34 3.458233e-01
2 13 3.431238e-01
20 22 3.425960e-01
53 55 3.416890e-01
5 40 3.409554e-01
8 23 3.405527e-01
9 54 3.401418e-01
39 55 3.377503e-01
19 27 3.376293e-01
25 27 3.371235e-01
64 67 3.342774e-01
11 12 3.331857e-01
1 2 3.322789e-01
30 36 3.318696e-01
65 66 3.316042e-01
56 68 3.309241e-01
5 22 3.299535e-01
45 60 3.294707e-01
22 24 3.292108e-01
43 52 3.290321e-01
23 24 3.289330e-01
63 65 3.279493e-01
4 9 3.271800e-01
68 70 3.265178e-01
19 59 3.256730e-01
16 62 3.237831e-01
3 19 3.233133e-01
23 25 3.208945e-01
25 49 3.208038e-01
21 44 3.203062e-01
66 69 3.197886e-01
39 41 3.176879e-01
15 24 3.168142e-01
2 45 3.157668e-01
19 30 3.136173e-01
16 32 3.118784e-01
16 49 3.116239e-01
14 26 3.116055e-01
16 19 3.101503e-01
41 44 3.096330e-01
7 10 3.092257e-01
16 20 3.078356e-01
37 65 3.077477e-01
34 35 3.076944e-01
29 31 3.071725e-01
41 58 3.067275e-01
53 63 3.063589e-01
31 34 3.058259e-01
16 26 3.023109e-01
12 49 3.004020e-01
7 48 2.990899e-01
23 62 2.986493e-01
69 70 2.983781e-01
8 16 2.978326e-01
53 67 2.976800e-01
21 25 2.976170e-01
28 34 2.970245e-01
5 7 2.954429e-01
49 68 2.929512e-01
24 34 2.927418e-01
12 30 2.911895e-01
43 46 2.911745e-01
53 61 2.910513e-01
56 70 2.903031e-01
17 25 2.899967e-01
33 42 2.898590e-01
5 14 2.888984e-01
42 44 2.887094e-01
31 37 2.877103e-01
13 14 2.867768e-01
31 59 2.833373e-01
10 22 2.824438e-01
9 27 2.822587e-01
51 54 2.790752e-01
3 11 2.782450e-01
7 17 2.779903e-01
65 67 2.779588e-01
29 55 2.778265e-01
25 37 2.777736e-01
51 59 2.772054e-01
45 51 2.764921e-01
47 57 2.747733e-01
25 40 2.747374e-01
5 42 2.726190e-01
12 23 2.689517e-01
44 48 2.688129e-01
12 22 2.677524e-01
10 46 2.674170e-01
49 50 2.672684e-01
34 38 2.670487e-01
4 55 2.667781e-01
14 44 2.659926e-01
12 33 2.655356e-01
44 60 2.652582e-01
33 37 2.651750e-01
11 19 2.633052e-01
20 46 2.625470e-01
27 49 2.624760e-01
32 41 2.614489e-01
15 25 2.607938e-01
20 54 2.593241e-01
65 70 2.591015e-01
22 28 2.585009e-01
8 55 2.570224e-01
3 36 2.569980e-01
49 54 2.560562e-01
11 17 2.551737e-01
62 63 2.546220e-01
66 70 2.540191e-01
20 35 2.535520e-01
25 33 2.534451e-01
11 51 2.526987e-01
27 65 2.526818e-01
13 17 2.507482e-01
32 40 2.505030e-01
2 53 2.493117e-01
25 41 2.492988e-01
65 68 2.484844e-01
30 41 2.481337e-01
29 35 2.473353e-01
8 12 2.470378e-01
9 26 2.469238e-01
7 43 2.468192e-01
46 59 2.458912e-01
30 59 2.458363e-01
27 36 2.441083e-01
6 60 2.440929e-01
1 8 2.427686e-01
16 54 2.424143e-01
4 14 2.412959e-01
4 56 2.411778e-01
9 16 2.390450e-01
4 8 2.384687e-01
32 42 2.361521e-01
17 50 2.361505e-01
28 31 2.357805e-01
66 68 2.352577e-01
44 58 2.351891e-01
20 27 2.351070e-01
5 11 2.349129e-01
35 55 2.348184e-01
3 41 2.347570e-01
51 52 2.347313e-01
52 53 2.334291e-01
27 31 2.327462e-01
20 63 2.324509e-01
28 63 2.321034e-01
3 49 2.316010e-01
36 39 2.312565e-01
30 33 2.311666e-01
26 45 2.302276e-01
24 44 2.299229e-01
44 54 2.297820e-01
52 68 2.289059e-01
10 45 2.285961e-01
35 37 2.285559e-01
12 62 2.279975e-01
7 63 2.279083e-01
11 58 2.249247e-01
17 46 2.248696e-01
33 66 2.244923e-01
42 52 2.209182e-01
27 32 2.204064e-01
2 25 2.199375e-01
17 42 2.196456e-01
49 59 2.182077e-01
39 57 2.181575e-01
6 57 2.173879e-01
31 36 2.170089e-01
47 69 2.164330e-01
3 29 2.162232e-01
55 58 2.162089e-01
29 38 2.153299e-01
11 13 2.153257e-01
42 43 2.148516e-01
49 55 2.140883e-01
13 23 2.138267e-01
12 26 2.129426e-01
3 58 2.126028e-01
7 62 2.124554e-01
61 68 2.119320e-01
9 37 2.116525e-01
10 43 2.115686e-01
46 48 2.113708e-01
32 55 2.112796e-01
16 45 2.103190e-01
11 40 2.099430e-01
4 10 2.096439e-01
2 16 2.090635e-01
42 47 2.079224e-01
34 37 2.076641e-01
48 69 2.075675e-01
5 54 2.073835e-01
62 64 2.068408e-01
47 60 2.066972e-01
10 14 2.065332e-01
55 64 2.049818e-01
32 50 2.049043e-01
8 41 2.048718e-01
2 23 2.038377e-01
58 61 2.033335e-01
7 44 2.024287e-01
22 36 2.020979e-01
20 25 2.012376e-01
3 10 1.998284e-01
28 35 1.990675e-01
13 43 1.988372e-01
8 17 1.985426e-01
44 62 1.983997e-01
26 30 1.974048e-01
13 66 1.967154e-01
26 35 1.965841e-01
54 57 1.965339e-01
23 26 1.953540e-01
7 27 1.950530e-01
48 57 1.948790e-01
5 6 1.942812e-01
8 64 1.939865e-01
17 45 1.937817e-01
16 36 1.937635e-01
22 59 1.936240e-01
2 14 1.933945e-01
12 35 1.925179e-01
55 57 1.920749e-01
7 50 1.918366e-01
43 45 1.916382e-01
18 69 1.906906e-01
7 22 1.898227e-01
4 17 1.897478e-01
5 16 1.884334e-01
10 42 1.881731e-01
44 49 1.863552e-01
25 26 1.863445e-01
46 47 1.856563e-01
19 21 1.848200e-01
14 62 1.827666e-01
43 61 1.809945e-01
19 58 1.807982e-01
11 49 1.803450e-01
15 41 1.802222e-01
34 62 1.800659e-01
56 69 1.800446e-01
15 40 1.798445e-01
15 39 1.795947e-01
6 14 1.794272e-01
50 55 1.789280e-01
15 20 1.788057e-01
3 17 1.787507e-01
46 50 1.787453e-01
25 29 1.780795e-01
9 62 1.779009e-01
31 57 1.777707e-01
51 68 1.777426e-01
1 4 1.776896e-01
63 67 1.769086e-01
4 49 1.764544e-01
49 56 1.759798e-01
23 31 1.755456e-01
13 24 1.752237e-01
9 59 1.750927e-01
17 54 1.738112e-01
56 63 1.729705e-01
22 30 1.719895e-01
31 35 1.711177e-01
23 54 1.696434e-01
19 31 1.694908e-01
9 19 1.685816e-01
36 40 1.684967e-01
14 31 1.681621e-01
14 33 1.664288e-01
26 38 1.663971e-01
25 67 1.659476e-01
56 60 1.658169e-01
25 63 1.655170e-01
5 44 1.650139e-01
30 35 1.649262e-01
21 59 1.649093e-01
42 54 1.644614e-01
2 19 1.644009e-01
37 46 1.642196e-01
55 70 1.641816e-01
41 50 1.639951e-01
12 55 1.622386e-01
30 54 1.621647e-01
59 62 1.621189e-01
5 20 1.620453e-01
48 60 1.617675e-01
17 18 1.617598e-01
24 51 1.613288e-01
35 39 1.609171e-01
9 25 1.603755e-01
37 38 1.601475e-01
51 53 1.599052e-01
3 40 1.591588e-01
9 31 1.590592e-01
8 27 1.588147e-01
13 15 1.584265e-01
21 63 1.578165e-01
34 36 1.577605e-01
4 21 1.576929e-01
39 64 1.566433e-01
16 23 1.565061e-01
11 37 1.564500e-01
7 47 1.554435e-01
63 68 1.554280e-01
59 66 1.546961e-01
12 24 1.542033e-01
3 31 1.540571e-01
50 58 1.539146e-01
11 53 1.537493e-01
2 15 1.536885e-01
1 53 1.536400e-01
17 27 1.534243e-01
16 31 1.533711e-01
1 36 1.529420e-01
20 23 1.526741e-01
12 63 1.515482e-01
49 51 1.513544e-01
4 6 1.509685e-01
23 42 1.504531e-01
29 41 1.502245e-01
57 62 1.501795e-01
12 39 1.500519e-01
12 19 1.499044e-01
27 35 1.497484e-01
38 55 1.495458e-01
13 30 1.483821e-01
12 21 1.481748e-01
28 33 1.481241e-01
37 60 1.478687e-01
53 57 1.477393e-01
59 70 1.476803e-01
9 24 1.474775e-01
18 57 1.472736e-01
15 16 1.466518e-01
44 47 1.463726e-01
55 63 1.462043e-01
23 46 1.460241e-01
10 16 1.459342e-01
9 32 1.459216e-01
31 44 1.458359e-01
29 66 1.453185e-01
31 32 1.452778e-01
35 57 1.451226e-01
1 3 1.449146e-01
30 64 1.448266e-01
14 18 1.446900e-01
11 20 1.443664e-01
15 35 1.442886e-01
1 28 1.433292e-01
27 34 1.433094e-01
47 53 1.422658e-01
63 70 1.416532e-01
39 44 1.400232e-01
38 51 1.398469e-01
44 45 1.394004e-01
8 26 1.390886e-01
1 59 1.384878e-01
15 26 1.376741e-01
40 50 1.374928e-01
5 51 1.372802e-01
54 68 1.372112e-01
1 34 1.371476e-01
43 55 1.367672e-01
35 63 1.367063e-01
39 43 1.366920e-01
12 37 1.361328e-01
33 38 1.357006e-01
35 49 1.356129e-01
64 70 1.355985e-01
12 38 1.354679e-01
13 21 1.351434e-01
20 29 1.337838e-01
59 65 1.336908e-01
50 54 1.331994e-01
16 33 1.330385e-01
7 8 1.328283e-01
2 35 1.327189e-01
15 55 1.321059e-01
8 39 1.316249e-01
9 29 1.315340e-01
15 49 1.305022e-01
23 39 1.300625e-01
17 51 1.298893e-01
17 36 1.298128e-01
20 58 1.297411e-01
2 24 1.293334e-01
26 29 1.289413e-01
34 56 1.288074e-01
4 54 1.282241e-01
24 37 1.279980e-01
47 51 1.279152e-01
26 31 1.275295e-01
13 39 1.271495e-01
38 46 1.259597e-01
44 51 1.250614e-01
19 25 1.249910e-01
19 65 1.244087e-01
1 21 1.238100e-01
54 58 1.236842e-01
29 59 1.235395e-01
20 37 1.229584e-01
46 51 1.227318e-01
15 32 1.227091e-01
9 28 1.224897e-01
49 65 1.223473e-01
22 51 1.222453e-01
16 17 1.217414e-01
3 25 1.215053e-01
54 56 1.213534e-01
1 45 1.202150e-01
26 34 1.184716e-01
11 23 1.183037e-01
31 39 1.181170e-01
38 49 1.180458e-01
27 66 1.179108e-01
24 65 1.175531e-01
6 28 1.170890e-01
34 54 1.169473e-01
9 40 1.164179e-01
3 12 1.163467e-01
21 54 1.157975e-01
30 39 1.156630e-01
8 14 1.156261e-01
24 36 1.149676e-01
53 68 1.146351e-01
3 30 1.142854e-01
30 40 1.141494e-01
11 60 1.141451e-01
24 43 1.136854e-01
22 39 1.136689e-01
56 67 1.134972e-01
11 16 1.128585e-01
1 25 1.123408e-01
50 66 1.117212e-01
40 56 1.115501e-01
21 60 1.111743e-01
4 11 1.110096e-01
36 59 1.107810e-01
11 56 1.106042e-01
20 62 1.105143e-01
3 43 1.103138e-01
38 53 1.102457e-01
64 68 1.100347e-01
19 22 1.099738e-01
46 49 1.099681e-01
13 27 1.094709e-01
54 63 1.094365e-01
32 35 1.091026e-01
45 48 1.090023e-01
13 41 1.079196e-01
21 42 1.076778e-01
1 68 1.075336e-01
67 70 1.075263e-01
21 24 1.066388e-01
28 58 1.063716e-01
33 50 1.061669e-01
55 56 1.053650e-01
40 53 1.049057e-01
16 55 1.048388e-01
40 60 1.046296e-01
33 54 1.044614e-01
3 15 1.042265e-01
16 63 1.038229e-01
4 44 1.035155e-01
41 46 1.033232e-01
8 13 1.029095e-01
38 65 1.028683e-01
58 68 1.027678e-01
12 44 1.022854e-01
26 58 1.006326e-01
23 49 1.003285e-01
5 46 1.000910e-01
29 34 1.000028e-01
21 28 9.993281e-02
19 29 9.931745e-02
3 56 9.913307e-02
27 33 9.874459e-02
10 23 9.860963e-02
7 53 9.837798e-02
30 55 9.826610e-02
8 29 9.825149e-02
9 36 9.820040e-02
8 58 9.797800e-02
3 16 9.794803e-02
44 46 9.771296e-02
38 50 9.768400e-02
1 9 9.748102e-02
8 56 9.727686e-02
31 64 9.719801e-02
36 55 9.657819e-02
35 67 9.652591e-02
54 55 9.650112e-02
40 67 9.565859e-02
34 58 9.546787e-02
1 24 9.528835e-02
36 46 9.462769e-02
5 58 9.410026e-02
27 29 9.405153e-02
5 23 9.357482e-02
46 63 9.276132e-02
26 33 9.271346e-02
56 66 9.227096e-02
16 59 9.216353e-02
14 45 9.215018e-02
10 13 9.209709e-02
12 59 9.191897e-02
54 59 9.191583e-02
29 64 9.124125e-02
21 31 9.114797e-02
31 33 9.066161e-02
15 30 9.057129e-02
15 54 9.051214e-02
14 28 9.047870e-02
48 50 9.044015e-02
2 46 9.006433e-02
21 37 8.998272e-02
15 23 8.991671e-02
19 49 8.964097e-02
28 41 8.961089e-02
22 34 8.960896e-02
34 64 8.952945e-02
17 49 8.949866e-02
30 38 8.938412e-02
13 31 8.910551e-02
14 50 8.868520e-02
33 67 8.832988e-02
30 66 8.776805e-02
25 58 8.764061e-02
37 59 8.728939e-02
20 55 8.691785e-02
28 40 8.672077e-02
12 46 8.672014e-02
16 37 8.651930e-02
25 32 8.650066e-02
17 20 8.643538e-02
8 19 8.635795e-02
26 66 8.633231e-02
47 68 8.620968e-02
19 54 8.601279e-02
32 58 8.580182e-02
1 31 8.571084e-02
49 53 8.522982e-02
44 52 8.485240e-02
22 31 8.449401e-02
26 32 8.434189e-02
53 70 8.420087e-02
24 29 8.412601e-02
52 69 8.365458e-02
38 58 8.354572e-02
8 42 8.348060e-02
13 49 8.304174e-02
20 26 8.230504e-02
3 66 8.190158e-02
23 34 8.164963e-02
39 53 8.162818e-02
2 37 8.156135e-02
9 44 8.143684e-02
20 65 8.102758e-02
3 39 8.102740e-02
9 49 8.065974e-02
8 62 8.062328e-02
8 34 8.024737e-02
36 62 8.022273e-02
13 57 8.002999e-02
47 70 7.941422e-02
17 19 7.913687e-02
24 54 7.906031e-02
17 67 7.873092e-02
16 25 7.864808e-02
56 58 7.818126e-02
1 30 7.800358e-02
40 49 7.792574e-02
64 69 7.776528e-02
47 67 7.769812e-02
41 51 7.762538e-02
1 26 7.754548e-02
15 64 7.690876e-02
23 35 7.622471e-02
37 51 7.612694e-02
9 12 7.604180e-02
8 15 7.564441e-02
41 66 7.539896e-02
19 56 7.519767e-02
51 57 7.511989e-02
9 21 7.497910e-02
48 70 7.416584e-02
10 25 7.383763e-02
55 62 7.370705e-02
10 29 7.327624e-02
28 36 7.308668e-02
42 51 7.299113e-02
19 39 7.288138e-02
33 39 7.283102e-02
23 27 7.172842e-02
56 59 7.129936e-02
61 69 7.125210e-02
2 8 7.124491e-02
15 65 7.104040e-02
39 65 7.100512e-02
52 56 7.087290e-02
42 50 7.078986e-02
12 57 7.076917e-02
7 57 7.071746e-02
29 40 7.071704e-02
20 38 7.049784e-02
12 15 7.042394e-02
1 70 7.021689e-02
37 55 7.012639e-02
1 69 6.987919e-02
27 70 6.957867e-02
35 41 6.953092e-02
32 36 6.917131e-02
19 62 6.906582e-02
49 70 6.902796e-02
35 65 6.902554e-02
4 58 6.898827e-02
47 66 6.872614e-02
23 58 6.871123e-02
22 55 6.867294e-02
2 26 6.835246e-02
43 65 6.804820e-02
9 13 6.778113e-02
43 60 6.761649e-02
20 64 6.732836e-02
11 44 6.664892e-02
21 62 6.628552e-02
39 62 6.609110e-02
2 33 6.603522e-02
29 33 6.581127e-02
52 70 6.559204e-02
37 66 6.556791e-02
12 31 6.527237e-02
3 55 6.519444e-02
13 46 6.469612e-02
45 55 6.451724e-02
8 67 6.446871e-02
23 38 6.446582e-02
22 54 6.416878e-02
23 64 6.390265e-02
11 21 6.368767e-02
1 32 6.325518e-02
48 68 6.319905e-02
8 36 6.309734e-02
9 43 6.294845e-02
37 53 6.266668e-02
17 23 6.266477e-02
24 46 6.254755e-02
1 29 6.245082e-02
27 67 6.232819e-02
9 34 6.205259e-02
21 23 6.102026e-02
24 45 6.056583e-02
49 69 6.011076e-02
26 37 6.003012e-02
1 55 5.995619e-02
14 47 5.982876e-02
56 65 5.980627e-02
32 45 5.948150e-02
21 40 5.893334e-02
20 32 5.890569e-02
2 38 5.854488e-02
45 53 5.822774e-02
8 30 5.798595e-02
4 40 5.787992e-02
47 56 5.763527e-02
26 59 5.757749e-02
5 24 5.683651e-02
22 32 5.662223e-02
17 57 5.660734e-02
37 43 5.641110e-02
60 62 5.604909e-02
11 25 5.603445e-02
17 44 5.599455e-02
4 68 5.584531e-02
4 33 5.551000e-02
51 67 5.510189e-02
18 66 5.468574e-02
5 49 5.453645e-02
50 57 5.406725e-02
46 65 5.318978e-02
12 45 5.306089e-02
15 37 5.289799e-02
9 30 5.286514e-02
61 70 5.252725e-02
2 31 5.249652e-02
20 42 5.239489e-02
4 41 5.226610e-02
19 28 5.149558e-02
29 32 5.144464e-02
20 39 5.140498e-02
21 34 5.128693e-02
14 21 5.065872e-02
16 44 5.040190e-02
27 63 4.979961e-02
5 35 4.931970e-02
7 9 4.930445e-02
23 36 4.896857e-02
4 19 4.878198e-02
44 64 4.854145e-02
21 57 4.853187e-02
18 67 4.837337e-02
15 53 4.823187e-02
18 68 4.812165e-02
31 70 4.795583e-02
14 27 4.793204e-02
17 29 4.768356e-02
14 54 4.764896e-02
25 42 4.755050e-02
16 24 4.754106e-02
29 44 4.744447e-02
19 37 4.726969e-02
13 40 4.691692e-02
28 38 4.641582e-02
16 58 4.610291e-02
15 22 4.531842e-02
2 22 4.504609e-02
20 28 4.487842e-02
26 49 4.452427e-02
38 66 4.430196e-02
10 63 4.396127e-02
22 40 4.377309e-02
5 50 4.377260e-02
19 35 4.366346e-02
51 58 4.329195e-02
34 66 4.320261e-02
13 65 4.317181e-02
62 68 4.297107e-02
6 68 4.289596e-02
23 67 4.274779e-02
55 69 4.237967e-02
21 32 4.237105e-02
3 45 4.233201e-02
1 51 4.183955e-02
1 6 4.150252e-02
48 67 4.149155e-02
2 9 4.126736e-02
25 35 4.110833e-02
20 67 4.095516e-02
18 70 4.037612e-02
1 58 3.990716e-02
10 12 3.968138e-02
26 55 3.963736e-02
4 43 3.955812e-02
2 54 3.953249e-02
14 67 3.930028e-02
27 38 3.927377e-02
1 56 3.905134e-02
3 59 3.896073e-02
2 27 3.868262e-02
26 65 3.864452e-02
45 70 3.816384e-02
43 49 3.809304e-02
42 53 3.802675e-02
42 57 3.788990e-02
27 40 3.773184e-02
11 62 3.749267e-02
1 37 3.716761e-02
18 22 3.713925e-02
46 67 3.676529e-02
5 28 3.599550e-02
23 37 3.595641e-02
50 65 3.589356e-02
4 65 3.578972e-02
34 57 3.575175e-02
53 64 3.565141e-02
5 62 3.561976e-02
32 70 3.529790e-02
41 65 3.516608e-02
41 57 3.458891e-02
46 58 3.414314e-02
28 54 3.409274e-02
40 45 3.400065e-02
51 69 3.370292e-02
15 66 3.325789e-02
65 69 3.291477e-02
23 28 3.286886e-02
56 64 3.216638e-02
40 46 3.184841e-02
59 68 3.181820e-02
48 53 3.158598e-02
10 50 3.128026e-02
24 35 3.013461e-02
19 53 3.007972e-02
2 40 2.991740e-02
33 49 2.978869e-02
41 64 2.948943e-02
61 62 2.943273e-02
27 30 2.932448e-02
4 66 2.923808e-02
31 43 2.887027e-02
24 59 2.853407e-02
19 32 2.834899e-02
46 61 2.803917e-02
3 35 2.797862e-02
13 56 2.795810e-02
22 25 2.788576e-02
43 53 2.783250e-02
11 46 2.780840e-02
36 49 2.714219e-02
30 70 2.695810e-02
37 50 2.691137e-02
14 39 2.688656e-02
39 42 2.684389e-02
4 26 2.644375e-02
21 64 2.570256e-02
20 66 2.545320e-02
44 50 2.540430e-02
19 38 2.535989e-02
27 54 2.516828e-02
27 59 2.508175e-02
40 62 2.477031e-02
19 34 2.465496e-02
48 66 2.436871e-02
27 62 2.435487e-02
26 64 2.431590e-02
38 62 2.416419e-02
33 58 2.383933e-02
32 62 2.383435e-02
7 13 2.381846e-02
12 54 2.349023e-02
50 52 2.345272e-02
11 24 2.277576e-02
22 44 2.262506e-02
1 65 2.201618e-02
30 45 2.192335e-02
53 66 2.185174e-02
6 69 2.110641e-02
39 51 2.076444e-02
8 28 2.053958e-02
37 39 2.053714e-02
8 35 2.046216e-02
5 15 2.025958e-02
32 39 2.001706e-02
13 63 1.957980e-02
30 62 1.957182e-02
39 49 1.951561e-02
24 49 1.935635e-02
31 42 1.922925e-02
16 46 1.918772e-02
23 40 1.917836e-02
38 67 1.896538e-02
5 64 1.890204e-02
18 32 1.877245e-02
16 56 1.834201e-02
16 41 1.818735e-02
8 43 1.812172e-02
20 30 1.802616e-02
42 64 1.792961e-02
3 32 1.780182e-02
12 41 1.730815e-02
22 57 1.686217e-02
2 21 1.673178e-02
1 27 1.669887e-02
28 32 1.659739e-02
1 50 1.619900e-02
29 45 1.606776e-02
2 41 1.604968e-02
18 38 1.604712e-02
35 44 1.577943e-02
8 68 1.529695e-02
1 61 1.494185e-02
35 54 1.426307e-02
14 34 1.367069e-02
13 29 1.364473e-02
19 55 1.358759e-02
39 70 1.351272e-02
32 68 1.319999e-02
29 70 1.318997e-02
18 36 1.313046e-02
1 33 1.300680e-02
17 33 1.292680e-02
10 17 1.247109e-02
21 39 1.202461e-02
40 66 1.186764e-02
16 66 1.162653e-02
51 61 1.147462e-02
5 30 1.147085e-02
29 43 1.144324e-02
37 64 1.124560e-02
3 37 1.113016e-02
25 43 1.102619e-02
30 50 1.095775e-02
39 56 1.078537e-02
24 33 1.076158e-02
13 25 1.070497e-02
1 22 1.040802e-02
25 36 1.021181e-02
10 57 1.010011e-02
58 64 9.838626e-03
51 70 9.753165e-03
30 32 9.748242e-03
9 64 9.636837e-03
13 42 9.525928e-03
28 69 9.427240e-03
11 34 9.270527e-03
25 30 9.057330e-03
50 64 8.507430e-03
41 60 8.293777e-03
37 42 8.224215e-03
46 69 8.194139e-03
7 38 8.090257e-03
3 33 7.607948e-03
9 55 7.205720e-03
22 63 7.204873e-03
5 53 6.826210e-03
36 41 6.647726e-03
13 16 6.619728e-03
11 63 6.520461e-03
35 70 6.354043e-03
41 63 6.210179e-03
1 12 5.434158e-03
24 39 5.233740e-03
40 70 5.168054e-03
24 26 4.913309e-03
26 36 4.819284e-03
6 53 4.343876e-03
40 68 4.013724e-03
13 51 4.004886e-03
32 57 3.867458e-03
6 21 3.670505e-03
9 58 3.204824e-03
35 66 3.065941e-03
41 59 2.895049e-03
4 20 2.885470e-03
15 38 2.372648e-03
32 65 2.335324e-03
18 60 1.712957e-03
2 70 1.377141e-03
33 70 1.209937e-03
15 63 1.101177e-03
1 19 1.046254e-03
10 34 7.060254e-04
5 67 5.770113e-04
36 66 2.111640e-05
8 11 -1.031477e-04
38 63 -1.871915e-04
15 44 -2.649048e-04
7 21 -5.232196e-04
3 22 -7.393804e-04
32 38 -7.475683e-04
39 66 -9.042889e-04
27 69 -9.327195e-04
24 38 -9.677738e-04
1 15 -1.170967e-03
3 64 -1.230810e-03
19 63 -1.265004e-03
33 44 -1.617856e-03
36 68 -1.888309e-03
41 43 -2.035182e-03
11 33 -2.159623e-03
26 62 -2.372513e-03
24 57 -2.476847e-03
12 50 -2.557974e-03
51 56 -2.826750e-03
40 69 -3.126955e-03
10 20 -3.165086e-03
37 40 -3.260755e-03
55 60 -3.915570e-03
2 51 -4.014668e-03
22 64 -4.485945e-03
23 44 -4.661249e-03
36 51 -4.728099e-03
23 60 -4.729154e-03
26 40 -4.753653e-03
17 63 -5.150542e-03
12 18 -5.398621e-03
30 63 -5.477316e-03
34 40 -5.780324e-03
28 64 -6.047246e-03
13 44 -6.189516e-03
40 58 -6.815752e-03
28 59 -6.861338e-03
17 60 -7.081357e-03
4 25 -7.123592e-03
38 42 -7.456424e-03
58 63 -7.919133e-03
8 24 -8.241896e-03
33 69 -8.359440e-03
8 65 -8.379941e-03
35 51 -8.473419e-03
16 27 -8.539977e-03
16 39 -9.007389e-03
39 63 -9.045070e-03
9 23 -9.192008e-03
52 67 -9.703908e-03
14 23 -9.828656e-03
53 62 -9.833062e-03
48 56 -9.953052e-03
25 69 -1.002152e-02
50 70 -1.012652e-02
36 45 -1.023093e-02
2 61 -1.039324e-02
45 47 -1.058738e-02
63 69 -1.063828e-02
14 37 -1.073552e-02
42 59 -1.074887e-02
18 19 -1.099774e-02
37 61 -1.126203e-02
12 28 -1.172126e-02
62 67 -1.215627e-02
2 50 -1.217684e-02
49 58 -1.225951e-02
19 50 -1.232979e-02
25 28 -1.259774e-02
33 53 -1.274275e-02
2 30 -1.283275e-02
27 58 -1.291336e-02
9 20 -1.320626e-02
1 35 -1.331370e-02
34 63 -1.355396e-02
59 60 -1.367657e-02
18 62 -1.446159e-02
43 50 -1.448065e-02
4 5 -1.461166e-02
13 67 -1.464560e-02
5 31 -1.484548e-02
28 39 -1.497006e-02
2 36 -1.506665e-02
6 66 -1.511093e-02
38 70 -1.516717e-02
41 70 -1.528805e-02
35 56 -1.549492e-02
45 58 -1.554802e-02
11 28 -1.564709e-02
14 20 -1.564738e-02
49 64 -1.567013e-02
16 38 -1.630686e-02
16 67 -1.632207e-02
8 45 -1.678787e-02
14 59 -1.689910e-02
30 65 -1.697061e-02
20 57 -1.720168e-02
59 63 -1.777220e-02
13 58 -1.779448e-02
2 29 -1.793461e-02
13 55 -1.837353e-02
49 66 -1.856006e-02
6 11 -1.859852e-02
18 33 -1.860853e-02
3 27 -1.879299e-02
59 61 -1.887032e-02
5 43 -1.898773e-02
3 23 -1.903844e-02
4 53 -1.907858e-02
7 46 -1.923151e-02
26 43 -1.961929e-02
20 50 -2.032395e-02
33 55 -2.052822e-02
7 42 -2.065275e-02
14 69 -2.078196e-02
38 57 -2.134398e-02
20 44 -2.152440e-02
27 50 -2.168002e-02
15 27 -2.183292e-02
8 70 -2.183783e-02
3 34 -2.203516e-02
20 41 -2.211420e-02
19 67 -2.214247e-02
1 40 -2.236533e-02
11 67 -2.255609e-02
57 67 -2.266867e-02
61 67 -2.282337e-02
7 39 -2.313337e-02
34 70 -2.361712e-02
12 65 -2.381574e-02
18 24 -2.389876e-02
57 64 -2.416724e-02
38 69 -2.445037e-02
52 66 -2.446749e-02
17 69 -2.456090e-02
20 40 -2.464580e-02
9 22 -2.474105e-02
17 32 -2.480087e-02
50 68 -2.480713e-02
25 39 -2.498894e-02
36 56 -2.520503e-02
23 55 -2.536572e-02
31 53 -2.542879e-02
24 30 -2.573244e-02
35 40 -2.585269e-02
29 54 -2.607253e-02
55 66 -2.645608e-02
23 51 -2.645701e-02
19 68 -2.666280e-02
45 67 -2.673683e-02
2 55 -2.706874e-02
6 67 -2.707822e-02
5 38 -2.720416e-02
41 42 -2.729956e-02
27 53 -2.737262e-02
2 34 -2.750650e-02
17 39 -2.768797e-02
8 10 -2.769544e-02
7 67 -2.779233e-02
45 63 -2.806839e-02
8 69 -2.825823e-02
23 56 -2.837972e-02
30 58 -2.844554e-02
28 70 -2.847345e-02
45 57 -2.877739e-02
35 50 -2.884718e-02
8 50 -2.925506e-02
48 51 -2.932273e-02
2 7 -2.952470e-02
15 33 -2.956330e-02
17 65 -2.960355e-02
25 44 -2.962660e-02
57 65 -2.966334e-02
1 49 -2.972816e-02
62 70 -2.983584e-02
44 56 -2.986990e-02
18 21 -2.995909e-02
33 60 -3.033446e-02
14 46 -3.058256e-02
34 51 -3.093327e-02
20 24 -3.107276e-02
2 69 -3.124094e-02
34 69 -3.173804e-02
18 43 -3.187849e-02
19 33 -3.188683e-02
4 62 -3.190492e-02
23 68 -3.208645e-02
62 65 -3.281883e-02
34 65 -3.305538e-02
13 64 -3.320753e-02
12 51 -3.340719e-02
34 43 -3.366825e-02
11 43 -3.366962e-02
40 64 -3.396396e-02
1 67 -3.445505e-02
6 70 -3.451233e-02
57 58 -3.527788e-02
17 43 -3.534371e-02
17 26 -3.563248e-02
22 27 -3.569354e-02
30 67 -3.579447e-02
26 42 -3.581765e-02
39 67 -3.594815e-02
25 70 -3.600538e-02
8 31 -3.617948e-02
33 59 -3.642278e-02
39 68 -3.651725e-02
20 31 -3.668410e-02
41 53 -3.687321e-02
28 65 -3.701285e-02
50 69 -3.703869e-02
27 68 -3.718204e-02
61 66 -3.733792e-02
36 69 -3.747620e-02
33 64 -3.749593e-02
3 60 -3.808384e-02
17 66 -3.825703e-02
25 66 -3.827556e-02
28 62 -3.861092e-02
23 63 -3.901660e-02
30 53 -3.906990e-02
46 52 -3.909766e-02
53 54 -3.919920e-02
15 45 -3.963704e-02
35 69 -3.984357e-02
59 64 -3.992502e-02
37 68 -3.992734e-02
25 68 -3.999521e-02
52 65 -4.007667e-02
36 42 -4.025359e-02
54 70 -4.046703e-02
11 64 -4.078323e-02
29 42 -4.081253e-02
23 45 -4.084076e-02
10 40 -4.109628e-02
37 67 -4.138542e-02
17 21 -4.143626e-02
20 33 -4.166242e-02
24 69 -4.168051e-02
32 61 -4.176456e-02
1 52 -4.252111e-02
53 59 -4.257885e-02
39 54 -4.260277e-02
34 45 -4.280555e-02
31 55 -4.282848e-02
21 30 -4.299658e-02
5 10 -4.305750e-02
31 63 -4.362375e-02
54 69 -4.406641e-02
24 66 -4.408517e-02
19 24 -4.431427e-02
41 49 -4.433402e-02
22 49 -4.446177e-02
12 60 -4.469691e-02
3 26 -4.486466e-02
37 69 -4.500115e-02
17 35 -4.510149e-02
50 67 -4.511342e-02
44 69 -4.538839e-02
9 38 -4.540528e-02
55 68 -4.542366e-02
46 70 -4.543421e-02
45 59 -4.578915e-02
37 63 -4.668433e-02
19 64 -4.696221e-02
6 17 -4.705312e-02
20 34 -4.712304e-02
24 63 -4.716303e-02
41 54 -4.725528e-02
42 56 -4.732759e-02
54 67 -4.732916e-02
33 46 -4.733092e-02
9 17 -4.736428e-02
45 69 -4.758637e-02
1 42 -4.759602e-02
1 64 -4.763862e-02
25 62 -4.789596e-02
15 68 -4.813572e-02
22 62 -4.819009e-02
17 47 -4.866663e-02
14 36 -4.893220e-02
21 35 -4.924020e-02
13 38 -4.924536e-02
46 64 -4.925922e-02
6 65 -4.935423e-02
5 9 -4.947485e-02
34 49 -4.962636e-02
44 65 -4.997251e-02
22 29 -5.038062e-02
32 54 -5.082721e-02
10 54 -5.093699e-02
18 53 -5.101831e-02
26 68 -5.146607e-02
3 20 -5.151801e-02
32 69 -5.177716e-02
2 6 -5.181792e-02
62 69 -5.194888e-02
19 46 -5.301028e-02
21 36 -5.301972e-02
12 29 -5.303178e-02
44 53 -5.309088e-02
11 45 -5.312528e-02
5 55 -5.320400e-02
37 56 -5.336118e-02
12 25 -5.351881e-02
14 15 -5.374813e-02
37 70 -5.376306e-02
24 40 -5.379130e-02
15 43 -5.396960e-02
26 41 -5.470119e-02
28 37 -5.492401e-02
9 14 -5.495710e-02
4 69 -5.527855e-02
6 27 -5.530835e-02
2 52 -5.532560e-02
24 53 -5.533202e-02
31 47 -5.562405e-02
20 56 -5.579177e-02
7 54 -5.590537e-02
20 53 -5.609872e-02
5 65 -5.635526e-02
42 70 -5.642501e-02
7 59 -5.642931e-02
1 39 -5.643871e-02
18 20 -5.698378e-02
1 16 -5.712532e-02
11 36 -5.755548e-02
14 35 -5.755784e-02
32 47 -5.801199e-02
5 21 -5.815586e-02
3 21 -5.831377e-02
1 47 -5.848639e-02
36 54 -5.860240e-02
14 30 -5.875793e-02
4 15 -5.896977e-02
32 59 -5.955369e-02
9 65 -5.963466e-02
34 41 -6.004542e-02
31 69 -6.017241e-02
28 47 -6.026238e-02
16 51 -6.026287e-02
49 63 -6.026379e-02
2 59 -6.049966e-02
17 40 -6.058568e-02
54 62 -6.058577e-02
55 67 -6.059341e-02
13 19 -6.110254e-02
6 8 -6.146445e-02
22 42 -6.169966e-02
59 69 -6.192163e-02
1 63 -6.208088e-02
8 46 -6.220897e-02
16 22 -6.225211e-02
24 31 -6.258139e-02
47 50 -6.264433e-02
4 23 -6.278422e-02
29 69 -6.293935e-02
9 42 -6.304762e-02
26 50 -6.307376e-02
4 59 -6.331258e-02
19 36 -6.359326e-02
29 62 -6.391460e-02
38 68 -6.400698e-02
18 45 -6.415628e-02
46 66 -6.422168e-02
9 39 -6.430722e-02
7 65 -6.459230e-02
11 31 -6.460149e-02
4 16 -6.469498e-02
28 68 -6.504524e-02
10 51 -6.516535e-02
42 62 -6.519927e-02
39 69 -6.564297e-02
31 65 -6.574809e-02
31 40 -6.591301e-02
57 70 -6.601305e-02
2 68 -6.619099e-02
31 66 -6.635712e-02
21 38 -6.640686e-02
37 47 -6.642151e-02
25 54 -6.665523e-02
7 41 -6.696936e-02
15 58 -6.706130e-02
1 18 -6.721478e-02
13 68 -6.771639e-02
8 60 -6.787883e-02
5 26 -6.794084e-02
4 35 -6.812829e-02
8 49 -6.813049e-02
26 69 -6.822394e-02
34 59 -6.828150e-02
13 22 -6.831603e-02
46 62 -6.840434e-02
40 55 -6.840833e-02
42 49 -6.897178e-02
11 69 -6.921965e-02
4 32 -6.978383e-02
46 68 -6.987453e-02
36 67 -6.988658e-02
25 53 -7.014875e-02
20 51 -7.026433e-02
22 60 -7.032193e-02
1 62 -7.063988e-02
12 66 -7.075386e-02
14 68 -7.108211e-02
13 69 -7.135702e-02
7 69 -7.141705e-02
43 62 -7.184516e-02
24 64 -7.191702e-02
12 36 -7.192692e-02
38 59 -7.242137e-02
24 55 -7.261856e-02
22 26 -7.303326e-02
3 8 -7.356661e-02
31 67 -7.378005e-02
23 70 -7.393137e-02
7 14 -7.415511e-02
34 67 -7.442580e-02
23 32 -7.468946e-02
51 66 -7.504812e-02
52 58 -7.551882e-02
51 64 -7.554053e-02
16 60 -7.595759e-02
31 38 -7.603154e-02
22 69 -7.604256e-02
15 60 -7.648262e-02
42 61 -7.648604e-02
28 67 -7.655413e-02
31 68 -7.686337e-02
11 35 -7.694500e-02
6 16 -7.700529e-02
4 12 -7.719971e-02
7 70 -7.730678e-02
55 65 -7.748741e-02
13 35 -7.756923e-02
43 70 -7.800945e-02
15 69 -7.838502e-02
24 68 -7.863769e-02
13 50 -7.871758e-02
59 67 -7.899126e-02
50 63 -7.915098e-02
10 53 -7.915933e-02
4 57 -7.944511e-02
6 46 -7.947812e-02
2 49 -7.978787e-02
60 68 -7.981894e-02
15 34 -7.985709e-02
25 64 -7.992830e-02
7 40 -8.004214e-02
21 33 -8.067181e-02
32 67 -8.078936e-02
4 60 -8.083087e-02
11 22 -8.094553e-02
9 67 -8.108681e-02
28 50 -8.152476e-02
46 53 -8.175611e-02
3 65 -8.202050e-02
2 42 -8.202852e-02
57 63 -8.217509e-02
8 66 -8.241091e-02
30 69 -8.252431e-02
14 22 -8.283213e-02
6 38 -8.283702e-02
22 45 -8.313015e-02
2 47 -8.363841e-02
58 70 -8.374600e-02
21 27 -8.395241e-02
7 30 -8.419165e-02
44 55 -8.480610e-02
28 53 -8.487828e-02
36 70 -8.512921e-02
2 11 -8.529012e-02
3 63 -8.569982e-02
34 68 -8.580667e-02
38 43 -8.660011e-02
10 21 -8.660436e-02
30 37 -8.665425e-02
11 39 -8.693156e-02
32 52 -8.701643e-02
1 5 -8.727490e-02
26 54 -8.751149e-02
50 53 -8.772105e-02
4 13 -8.779663e-02
51 63 -8.804698e-02
4 67 -8.809717e-02
18 51 -8.861110e-02
26 63 -8.879463e-02
22 37 -8.880292e-02
40 42 -8.883826e-02
5 12 -8.887261e-02
4 37 -8.887326e-02
20 70 -8.904442e-02
11 70 -8.912595e-02
5 60 -8.926313e-02
1 54 -8.947063e-02
58 67 -8.975391e-02
19 40 -9.012054e-02
41 68 -9.077123e-02
49 57 -9.086048e-02
2 43 -9.090864e-02
19 66 -9.145951e-02
5 29 -9.147958e-02
29 39 -9.149965e-02
18 42 -9.155091e-02
41 67 -9.155476e-02
61 65 -9.157978e-02
4 70 -9.192305e-02
12 42 -9.208628e-02
5 63 -9.209819e-02
53 56 -9.229249e-02
28 51 -9.256366e-02
42 55 -9.270709e-02
53 58 -9.285783e-02
26 67 -9.288978e-02
1 44 -9.294026e-02
37 62 -9.303510e-02
14 70 -9.346512e-02
44 70 -9.369654e-02
17 68 -9.422148e-02
21 49 -9.462510e-02
8 33 -9.467584e-02
12 69 -9.477124e-02
13 62 -9.486651e-02
8 51 -9.536717e-02
39 50 -9.553331e-02
13 28 -9.570868e-02
10 69 -9.572147e-02
39 60 -9.581364e-02
35 68 -9.644735e-02
28 42 -9.663182e-02
8 59 -9.672839e-02
15 70 -9.679333e-02
60 63 -9.766307e-02
32 48 -9.800865e-02
11 57 -9.818383e-02
21 53 -9.837351e-02
11 29 -9.850785e-02
15 46 -9.881780e-02
50 62 -9.884457e-02
3 24 -9.886600e-02
19 70 -9.888076e-02
13 32 -9.918802e-02
10 70 -9.926868e-02
32 43 -9.945490e-02
8 25 -9.949771e-02
14 24 -9.953494e-02
27 46 -9.978587e-02
28 43 -9.980373e-02
17 70 -1.000525e-01
28 48 -1.000744e-01
30 43 -1.001459e-01
38 64 -1.002061e-01
15 62 -1.002408e-01
35 62 -1.002787e-01
14 19 -1.012834e-01
17 61 -1.013539e-01
11 26 -1.014063e-01
28 66 -1.017174e-01
45 52 -1.019359e-01
60 70 -1.019662e-01
6 43 -1.021856e-01
58 65 -1.022024e-01
1 66 -1.022550e-01
6 56 -1.025973e-01
54 60 -1.030085e-01
35 59 -1.033207e-01
14 48 -1.035094e-01
38 45 -1.035346e-01
24 70 -1.037977e-01
13 70 -1.039312e-01
14 56 -1.040070e-01
6 12 -1.041590e-01
49 67 -1.041873e-01
42 66 -1.041977e-01
23 33 -1.046114e-01
11 14 -1.046329e-01
1 17 -1.051315e-01
1 48 -1.054810e-01
36 65 -1.055448e-01
28 49 -1.058612e-01
19 60 -1.058904e-01
3 38 -1.059178e-01
24 48 -1.060678e-01
3 70 -1.061643e-01
3 68 -1.062411e-01
1 14 -1.067153e-01
9 45 -1.070370e-01
2 56 -1.070720e-01
33 43 -1.072223e-01
13 37 -1.073809e-01
33 63 -1.078695e-01
2 28 -1.081421e-01
20 36 -1.082085e-01
21 55 -1.084824e-01
33 68 -1.086593e-01
19 23 -1.088628e-01
11 32 -1.089365e-01
27 48 -1.092231e-01
12 67 -1.096439e-01
16 50 -1.096456e-01
15 67 -1.101415e-01
9 35 -1.102653e-01
6 63 -1.103054e-01
21 69 -1.108924e-01
18 25 -1.110711e-01
16 42 -1.116012e-01
24 56 -1.120516e-01
54 64 -1.123331e-01
29 68 -1.129189e-01
60 69 -1.134583e-01
5 68 -1.136958e-01
36 43 -1.142868e-01
28 55 -1.151284e-01
16 70 -1.152193e-01
2 32 -1.156461e-01
3 6 -1.162013e-01
22 70 -1.163578e-01
29 49 -1.164524e-01
16 34 -1.169138e-01
23 69 -1.174809e-01
57 69 -1.175446e-01
20 69 -1.175733e-01
6 22 -1.183531e-01
4 18 -1.183594e-01
2 39 -1.184757e-01
24 50 -1.185524e-01
1 10 -1.185796e-01
3 57 -1.189413e-01
30 57 -1.189959e-01
27 37 -1.198257e-01
10 31 -1.199471e-01
7 26 -1.200169e-01
35 53 -1.201149e-01
56 62 -1.201239e-01
27 44 -1.202987e-01
44 63 -1.203619e-01
25 55 -1.203732e-01
44 68 -1.211732e-01
52 62 -1.211779e-01
33 45 -1.211923e-01
35 61 -1.213395e-01
7 68 -1.217366e-01
6 42 -1.217450e-01
11 27 -1.224782e-01
35 42 -1.225106e-01
33 41 -1.231113e-01
14 38 -1.232407e-01
26 70 -1.232722e-01
18 59 -1.233091e-01
54 66 -1.233163e-01
1 20 -1.237086e-01
23 41 -1.237207e-01
23 53 -1.238392e-01
32 51 -1.238528e-01
24 67 -1.243549e-01
8 48 -1.243870e-01
6 40 -1.244783e-01
34 39 -1.246760e-01
40 43 -1.247400e-01
39 46 -1.248767e-01
36 47 -1.249237e-01
29 46 -1.253662e-01
12 32 -1.255759e-01
1 23 -1.259163e-01
9 11 -1.261212e-01
31 58 -1.261915e-01
29 52 -1.263103e-01
8 63 -1.264282e-01
4 38 -1.269600e-01
42 58 -1.269724e-01
5 45 -1.271243e-01
44 57 -1.271813e-01
36 64 -1.277110e-01
7 25 -1.279506e-01
32 66 -1.281122e-01
51 60 -1.287374e-01
14 32 -1.288517e-01
3 14 -1.290913e-01
42 63 -1.292169e-01
9 68 -1.296141e-01
3 69 -1.302486e-01
16 29 -1.302621e-01
34 50 -1.314368e-01
28 52 -1.315538e-01
13 36 -1.317497e-01
13 34 -1.321901e-01
40 54 -1.323403e-01
40 57 -1.325998e-01
32 56 -1.330907e-01
18 34 -1.332013e-01
45 54 -1.333120e-01
7 45 -1.335483e-01
7 29 -1.336948e-01
33 65 -1.343385e-01
9 48 -1.343777e-01
9 33 -1.347462e-01
12 70 -1.349585e-01
44 61 -1.356935e-01
45 62 -1.357803e-01
8 38 -1.360676e-01
23 50 -1.361434e-01
58 69 -1.361740e-01
11 30 -1.363741e-01
14 25 -1.367247e-01
41 47 -1.371775e-01
18 46 -1.371835e-01
23 65 -1.372677e-01
5 70 -1.373173e-01
50 59 -1.374169e-01
36 44 -1.375805e-01
9 50 -1.376055e-01
29 65 -1.379325e-01
7 28 -1.380002e-01
10 65 -1.383357e-01
12 27 -1.384698e-01
16 43 -1.388737e-01
3 54 -1.389867e-01
9 66 -1.390607e-01
18 39 -1.393373e-01
12 40 -1.394857e-01
50 56 -1.399778e-01
14 42 -1.406101e-01
38 54 -1.406643e-01
34 55 -1.407791e-01
1 38 -1.411025e-01
29 48 -1.412290e-01
20 68 -1.413370e-01
13 60 -1.413768e-01
14 65 -1.413816e-01
11 50 -1.414142e-01
31 45 -1.418275e-01
13 33 -1.418333e-01
56 57 -1.419345e-01
4 46 -1.421575e-01
31 41 -1.421870e-01
28 56 -1.423877e-01
7 56 -1.424076e-01
41 69 -1.426889e-01
14 52 -1.429744e-01
41 55 -1.430403e-01
14 66 -1.430552e-01
15 42 -1.432278e-01
19 69 -1.433769e-01
6 32 -1.435013e-01
30 49 -1.438975e-01
42 69 -1.440849e-01
11 42 -1.441924e-01
51 55 -1.450739e-01
17 52 -1.455745e-01
31 50 -1.455981e-01
7 66 -1.456250e-01
29 50 -1.458900e-01
42 67 -1.462040e-01
23 30 -1.465190e-01
33 57 -1.467162e-01
5 66 -1.476828e-01
22 48 -1.477098e-01
32 60 -1.477716e-01
4 34 -1.481403e-01
31 62 -1.482956e-01
8 37 -1.484948e-01
1 11 -1.491800e-01
47 65 -1.492418e-01
10 68 -1.492848e-01
4 7 -1.493224e-01
14 29 -1.494823e-01
37 49 -1.496357e-01
22 41 -1.498208e-01
22 33 -1.502144e-01
24 60 -1.503956e-01
11 68 -1.508241e-01
32 64 -1.508330e-01
3 44 -1.509214e-01
33 48 -1.514308e-01
25 57 -1.525550e-01
48 62 -1.525775e-01
10 58 -1.529814e-01
2 60 -1.530893e-01
26 44 -1.532301e-01
7 32 -1.535770e-01
18 44 -1.540073e-01
55 61 -1.540745e-01
50 61 -1.541309e-01
36 50 -1.542889e-01
17 31 -1.544263e-01
57 68 -1.549754e-01
15 21 -1.555501e-01
18 65 -1.555511e-01
22 35 -1.556264e-01
9 52 -1.558808e-01
10 44 -1.559209e-01
15 31 -1.559226e-01
22 65 -1.559461e-01
5 59 -1.561881e-01
38 60 -1.563536e-01
10 19 -1.563674e-01
21 70 -1.564534e-01
8 40 -1.567973e-01
43 63 -1.571916e-01
29 58 -1.578117e-01
13 26 -1.580530e-01
9 56 -1.580751e-01
32 53 -1.581084e-01
15 36 -1.588866e-01
16 28 -1.589186e-01
6 20 -1.594428e-01
18 26 -1.598257e-01
3 51 -1.602029e-01
27 41 -1.603474e-01
24 62 -1.604487e-01
6 24 -1.604697e-01
45 61 -1.610723e-01
32 44 -1.611264e-01
35 64 -1.612060e-01
21 29 -1.613962e-01
19 41 -1.615613e-01
8 32 -1.616514e-01
15 28 -1.617010e-01
16 69 -1.617206e-01
30 51 -1.622147e-01
6 35 -1.623451e-01
18 40 -1.624675e-01
25 65 -1.624864e-01
27 39 -1.629974e-01
43 68 -1.639623e-01
32 46 -1.649610e-01
14 41 -1.656210e-01
34 47 -1.656986e-01
35 48 -1.658340e-01
30 56 -1.658870e-01
48 63 -1.659741e-01
3 13 -1.675498e-01
17 64 -1.678535e-01
6 9 -1.679763e-01
4 24 -1.680808e-01
2 57 -1.681098e-01
12 64 -1.681394e-01
29 67 -1.687731e-01
18 41 -1.693539e-01
26 57 -1.696180e-01
34 60 -1.696878e-01
47 62 -1.700796e-01
21 65 -1.704217e-01
24 32 -1.708818e-01
17 24 -1.715563e-01
9 70 -1.716183e-01
46 55 -1.721762e-01
43 64 -1.724553e-01
23 66 -1.727459e-01
6 62 -1.729324e-01
18 35 -1.733065e-01
23 29 -1.733875e-01
22 38 -1.736740e-01
19 42 -1.739274e-01
17 59 -1.740451e-01
8 21 -1.743022e-01
38 48 -1.745311e-01
37 54 -1.750074e-01
17 30 -1.750952e-01
37 44 -1.754678e-01
49 62 -1.754925e-01
32 63 -1.756757e-01
15 57 -1.759246e-01
3 53 -1.759260e-01
21 51 -1.759465e-01
7 24 -1.760969e-01
10 56 -1.762869e-01
58 59 -1.764079e-01
34 44 -1.769063e-01
33 51 -1.769731e-01
4 63 -1.770955e-01
6 51 -1.773666e-01
20 59 -1.775135e-01
7 49 -1.775465e-01
1 13 -1.777125e-01
54 65 -1.779804e-01
13 45 -1.780197e-01
6 64 -1.780396e-01
6 23 -1.783037e-01
16 64 -1.783587e-01
9 57 -1.787566e-01
52 59 -1.787782e-01
1 43 -1.789297e-01
21 48 -1.790033e-01
58 66 -1.790189e-01
41 56 -1.793901e-01
17 62 -1.800131e-01
4 29 -1.800427e-01
18 58 -1.805729e-01
27 45 -1.824201e-01
45 65 -1.824755e-01
22 56 -1.826300e-01
4 39 -1.829523e-01
53 60 -1.829952e-01
37 52 -1.830504e-01
7 36 -1.830711e-01
7 34 -1.836924e-01
6 44 -1.839852e-01
36 58 -1.849760e-01
43 69 -1.851934e-01
5 18 -1.853047e-01
5 33 -1.853267e-01
21 66 -1.854897e-01
21 41 -1.858920e-01
10 37 -1.859629e-01
3 28 -1.860556e-01
11 55 -1.869561e-01
8 53 -1.870442e-01
9 69 -1.873054e-01
2 44 -1.877467e-01
4 48 -1.878776e-01
14 51 -1.881905e-01
8 61 -1.882527e-01
47 58 -1.882753e-01
43 54 -1.894311e-01
62 66 -1.903899e-01
8 44 -1.908780e-01
31 49 -1.913857e-01
40 63 -1.915411e-01
29 51 -1.915746e-01
40 65 -1.916269e-01
40 51 -1.919250e-01
15 59 -1.921876e-01
4 61 -1.924030e-01
10 59 -1.924507e-01
8 52 -1.926062e-01
11 66 -1.926346e-01
16 57 -1.926529e-01
21 46 -1.930650e-01
34 46 -1.937214e-01
10 55 -1.940748e-01
18 31 -1.944331e-01
23 43 -1.945853e-01
29 47 -1.946201e-01
6 50 -1.947128e-01
10 33 -1.947562e-01
36 52 -1.955633e-01
58 60 -1.955761e-01
18 29 -1.962212e-01
10 64 -1.962671e-01
34 61 -1.962759e-01
32 49 -1.965006e-01
27 64 -1.968955e-01
12 58 -1.969485e-01
27 55 -1.969801e-01
52 54 -1.972151e-01
38 44 -1.973761e-01
26 53 -1.974993e-01
52 63 -1.975664e-01
5 69 -1.976300e-01
1 41 -1.982329e-01
57 66 -1.986117e-01
4 64 -1.986324e-01
35 58 -1.990921e-01
21 61 -1.990960e-01
7 15 -1.991301e-01
17 37 -1.994734e-01
27 56 -1.994946e-01
9 41 -1.999319e-01
40 59 -2.007586e-01
40 52 -2.015307e-01
2 48 -2.017384e-01
1 46 -2.018802e-01
48 58 -2.021467e-01
3 52 -2.026843e-01
3 47 -2.040775e-01
45 66 -2.041831e-01
15 50 -2.047354e-01
27 60 -2.049441e-01
35 46 -2.053772e-01
20 43 -2.059104e-01
39 48 -2.062857e-01
7 33 -2.063272e-01
17 41 -2.066308e-01
8 20 -2.080525e-01
16 18 -2.092227e-01
18 27 -2.092673e-01
21 50 -2.094999e-01
16 35 -2.099607e-01
60 67 -2.103447e-01
2 18 -2.104395e-01
14 61 -2.105531e-01
26 39 -2.110042e-01
18 55 -2.110413e-01
23 48 -2.110621e-01
45 46 -2.111047e-01
4 36 -2.116570e-01
6 54 -2.117674e-01
20 60 -2.118498e-01
14 64 -2.118881e-01
7 12 -2.119436e-01
5 39 -2.124493e-01
9 63 -2.125192e-01
33 61 -2.129748e-01
17 38 -2.133217e-01
12 20 -2.138789e-01
36 61 -2.140876e-01
5 25 -2.141784e-01
47 59 -2.141936e-01
13 48 -2.143049e-01
34 53 -2.143988e-01
17 48 -2.144658e-01
14 58 -2.145234e-01
10 66 -2.145671e-01
28 46 -2.148781e-01
37 41 -2.150721e-01
10 24 -2.153325e-01
2 17 -2.161027e-01
30 68 -2.169319e-01
28 61 -2.185661e-01
26 48 -2.186328e-01
4 31 -2.186514e-01
9 60 -2.187004e-01
5 32 -2.188748e-01
20 49 -2.191870e-01
6 33 -2.192311e-01
41 62 -2.194832e-01
18 64 -2.196891e-01
48 65 -2.198007e-01
11 41 -2.202021e-01
40 44 -2.206985e-01
10 38 -2.209164e-01
21 67 -2.210334e-01
19 57 -2.219617e-01
12 68 -2.220736e-01
33 62 -2.231902e-01
12 47 -2.232338e-01
7 58 -2.236916e-01
21 68 -2.240921e-01
11 65 -2.242619e-01
42 68 -2.252396e-01
26 56 -2.259134e-01
41 52 -2.259657e-01
9 61 -2.268011e-01
43 66 -2.273065e-01
38 61 -2.275584e-01
47 64 -2.283665e-01
8 47 -2.285285e-01
45 68 -2.302352e-01
44 66 -2.310901e-01
29 56 -2.314611e-01
29 57 -2.316984e-01
43 51 -2.322574e-01
23 57 -2.326661e-01
35 43 -2.326841e-01
60 65 -2.327333e-01
33 47 -2.337422e-01
20 61 -2.337846e-01
18 30 -2.338935e-01
31 52 -2.340502e-01
2 66 -2.340912e-01
35 45 -2.346680e-01
10 30 -2.349284e-01
3 62 -2.360692e-01
13 52 -2.362585e-01
22 68 -2.362652e-01
17 53 -2.368133e-01
40 47 -2.377002e-01
2 5 -2.378650e-01
1 7 -2.382016e-01
30 60 -2.382807e-01
21 45 -2.385585e-01
49 60 -2.386705e-01
12 34 -2.386920e-01
23 59 -2.395366e-01
5 52 -2.398301e-01
29 60 -2.401061e-01
30 47 -2.403245e-01
29 63 -2.408480e-01
29 61 -2.414367e-01
36 63 -2.432097e-01
43 58 -2.432900e-01
10 15 -2.438544e-01
13 53 -2.441998e-01
34 48 -2.442893e-01
19 48 -2.445968e-01
31 61 -2.448102e-01
17 34 -2.451809e-01
33 40 -2.464077e-01
6 25 -2.468606e-01
52 64 -2.468711e-01
43 67 -2.476879e-01
13 59 -2.481651e-01
42 65 -2.487082e-01
16 68 -2.487527e-01
12 17 -2.490731e-01
6 34 -2.494869e-01
10 39 -2.494967e-01
40 48 -2.496160e-01
3 50 -2.498788e-01
6 26 -2.501085e-01
9 46 -2.504335e-01
44 59 -2.512130e-01
2 58 -2.528966e-01
17 56 -2.529680e-01
18 63 -2.531926e-01
15 52 -2.533783e-01
22 46 -2.538120e-01
6 29 -2.548205e-01
11 18 -2.550994e-01
48 64 -2.553106e-01
41 61 -2.562542e-01
35 47 -2.571271e-01
2 63 -2.574155e-01
34 42 -2.580712e-01
31 48 -2.582479e-01
16 53 -2.585583e-01
13 61 -2.589504e-01
22 50 -2.590525e-01
24 41 -2.591027e-01
25 59 -2.591834e-01
7 60 -2.596125e-01
5 19 -2.606743e-01
26 60 -2.616561e-01
61 63 -2.620747e-01
1 60 -2.621072e-01
44 67 -2.630184e-01
36 48 -2.631153e-01
3 67 -2.633844e-01
33 56 -2.638440e-01
11 38 -2.642602e-01
12 53 -2.645346e-01
10 26 -2.650831e-01
24 47 -2.661766e-01
39 47 -2.663129e-01
26 46 -2.665209e-01
34 52 -2.666019e-01
8 18 -2.670773e-01
49 61 -2.671974e-01
36 60 -2.673564e-01
18 50 -2.678291e-01
9 47 -2.687313e-01
10 32 -2.687541e-01
5 17 -2.692647e-01
2 67 -2.699755e-01
47 63 -2.703824e-01
54 61 -2.707249e-01
10 41 -2.716730e-01
30 48 -2.720711e-01
47 55 -2.727467e-01
30 44 -2.738899e-01
5 61 -2.741073e-01
36 53 -2.743670e-01
16 48 -2.753970e-01
25 38 -2.758307e-01
27 47 -2.772776e-01
11 47 -2.773548e-01
24 52 -2.777154e-01
38 47 -2.782887e-01
22 53 -2.786116e-01
14 49 -2.786414e-01
3 42 -2.795311e-01
31 51 -2.801119e-01
6 41 -2.809196e-01
22 67 -2.811362e-01
6 13 -2.815142e-01
11 61 -2.817639e-01
12 48 -2.824668e-01
13 47 -2.825448e-01
35 60 -2.827780e-01
9 53 -2.828324e-01
8 54 -2.829326e-01
31 46 -2.829664e-01
52 55 -2.830925e-01
3 46 -2.842684e-01
41 48 -2.846907e-01
7 19 -2.855947e-01
22 47 -2.858920e-01
13 18 -2.859328e-01
35 52 -2.860422e-01
17 28 -2.862795e-01
12 43 -2.866900e-01
61 64 -2.869093e-01
48 59 -2.872604e-01
7 37 -2.877315e-01
5 37 -2.878020e-01
48 55 -2.878373e-01
26 47 -2.887494e-01
10 67 -2.893006e-01
40 61 -2.901858e-01
8 22 -2.904089e-01
7 23 -2.912095e-01
38 52 -2.917233e-01
25 52 -2.920700e-01
7 16 -2.920920e-01
15 48 -2.925880e-01
4 47 -2.926846e-01
2 65 -2.939741e-01
21 56 -2.942027e-01
19 43 -2.942046e-01
37 45 -2.944185e-01
24 42 -2.951994e-01
46 54 -2.964290e-01
25 56 -2.970048e-01
43 56 -2.976896e-01
20 48 -2.980620e-01
11 48 -2.995598e-01
25 47 -3.009339e-01
12 13 -3.010512e-01
21 47 -3.012069e-01
21 52 -3.014545e-01
3 18 -3.015460e-01
36 57 -3.017641e-01
22 61 -3.018306e-01
37 58 -3.023314e-01
10 35 -3.024661e-01
19 47 -3.029456e-01
25 50 -3.030550e-01
24 58 -3.032647e-01
18 56 -3.034073e-01
15 51 -3.038132e-01
27 52 -3.061904e-01
8 57 -3.069730e-01
7 55 -3.081137e-01
6 31 -3.085979e-01
26 52 -3.094267e-01
2 20 -3.095378e-01
37 48 -3.099628e-01
17 55 -3.102329e-01
47 49 -3.104693e-01
6 59 -3.113348e-01
26 51 -3.131095e-01
28 44 -3.133007e-01
15 18 -3.134239e-01
30 52 -3.140073e-01
5 47 -3.151228e-01
18 49 -3.157632e-01
6 36 -3.157721e-01
14 63 -3.162093e-01
6 19 -3.173193e-01
51 65 -3.177382e-01
23 52 -3.179930e-01
60 64 -3.182760e-01
43 57 -3.190586e-01
15 47 -3.192832e-01
5 48 -3.196155e-01
2 62 -3.199300e-01
39 58 -3.202606e-01
6 55 -3.217967e-01
9 10 -3.222614e-01
11 54 -3.227959e-01
7 20 -3.232234e-01
3 61 -3.240409e-01
37 57 -3.254857e-01
6 37 -3.259831e-01
6 58 -3.289897e-01
22 52 -3.303929e-01
19 45 -3.312673e-01
27 42 -3.314986e-01
22 66 -3.319015e-01
7 31 -3.320328e-01
25 48 -3.331651e-01
49 52 -3.340422e-01
39 52 -3.342911e-01
48 49 -3.348344e-01
38 56 -3.358817e-01
10 36 -3.361696e-01
12 52 -3.370462e-01
39 45 -3.370829e-01
4 42 -3.373972e-01
5 34 -3.378180e-01
30 61 -3.407873e-01
16 65 -3.412564e-01
45 64 -3.416356e-01
10 49 -3.423241e-01
47 54 -3.432362e-01
30 42 -3.435032e-01
10 62 -3.438938e-01
28 57 -3.441429e-01
29 53 -3.443408e-01
4 27 -3.447121e-01
16 40 -3.464074e-01
18 23 -3.465810e-01
46 57 -3.467330e-01
7 35 -3.472642e-01
25 45 -3.486777e-01
6 30 -3.492889e-01
2 64 -3.496509e-01
25 51 -3.496777e-01
39 61 -3.500309e-01
4 52 -3.501593e-01
60 66 -3.512925e-01
12 61 -3.513371e-01
1 57 -3.521358e-01
26 61 -3.524760e-01
16 47 -3.545862e-01
27 61 -3.585512e-01
17 22 -3.589918e-01
25 46 -3.608868e-01
6 45 -3.626948e-01
5 27 -3.634036e-01
20 47 -3.634608e-01
20 52 -3.658199e-01
14 55 -3.670849e-01
33 52 -3.680441e-01
3 7 -3.700247e-01
43 59 -3.713445e-01
31 60 -3.725848e-01
11 52 -3.733109e-01
19 61 -3.736786e-01
21 43 -3.737171e-01
18 37 -3.773555e-01
6 15 -3.773984e-01
18 54 -3.789626e-01
3 48 -3.796286e-01
25 61 -3.831272e-01
19 44 -3.856586e-01
10 27 -3.858506e-01
15 61 -3.878275e-01
10 28 -3.882650e-01
12 14 -3.893351e-01
2 10 -3.915554e-01
4 28 -3.920293e-01
23 47 -3.973649e-01
16 52 -3.980237e-01
27 57 -3.992829e-01
24 61 -4.010163e-01
28 60 -4.028908e-01
6 49 -4.030736e-01
20 45 -4.041961e-01
16 61 -4.047174e-01
6 39 -4.056755e-01
19 52 -4.069299e-01
28 45 -4.114702e-01
7 51 -4.120604e-01
48 54 -4.210981e-01
5 36 -4.245924e-01
30 46 -4.294111e-01
9 18 -4.363276e-01
4 30 -4.376182e-01
4 22 -4.437550e-01
31 56 -4.463610e-01
23 61 -4.474667e-01
14 40 -4.549277e-01
25 60 -4.720500e-01
14 16 -4.741068e-01
27 51 -4.819160e-01
