39,82,0.732492
53,86,0.698634
36,49,0.585272
57,58,0.572298
49,82,0.408245
14,18,0.406752
70,86,0.386717
14,17,0.350082
32,33,0.305564
77,84,0.302178
27,40,0.299594
12,52,0.296320
39,41,0.293992
53,70,0.291947
17,29,0.291250
74,86,0.290818
37,54,0.284231
36,77,0.284196
13,30,0.280506
40,50,0.279323
16,52,0.267510
24,25,0.264606
62,66,0.264425
51,73,0.258753
36,51,0.256933
85,87,0.253459
49,84,0.242919
52,92,0.233870
33,34,0.232739
81,82,0.232591
76,80,0.231641
57,66,0.231414
28,41,0.228042
74,78,0.226323
13,54,0.223407
51,69,0.220771
34,51,0.220577
17,21,0.218939
69,70,0.214889
56,62,0.212572
39,49,0.211532
87,92,0.210844
69,73,0.208217
26,27,0.207649
27,38,0.206500
52,89,0.205838
25,26,0.205375
17,38,0.203576
95,98,0.203018
29,38,0.200496
78,83,0.198158
26,40,0.198007
31,36,0.195327
56,57,0.193954
16,87,0.193275
88,91,0.188572
96,97,0.187331
29,30,0.186424
19,23,0.186302
92,93,0.186138
47,82,0.184735
17,18,0.184626
54,57,0.184305
63,67,0.183960
88,90,0.183615
70,71,0.179046
30,38,0.177198
73,74,0.176854
80,81,0.174960
56,89,0.172561
82,84,0.170618
53,67,0.170203
39,47,0.169671
49,77,0.168059
46,47,0.166964
42,46,0.166284
89,90,0.166267
41,46,0.165256
52,54,0.164778
11,14,0.164678
55,56,0.164197
21,27,0.162422
68,91,0.161355
16,17,0.160394
57,70,0.155984
40,46,0.155692
55,89,0.155370
93,94,0.155134
34,76,0.154974
25,27,0.154265
30,35,0.154056
13,17,0.153996
23,25,0.153726
89,93,0.153117
36,69,0.150985
64,68,0.150628
13,37,0.150574
62,65,0.150309
25,40,0.150294
55,58,0.150029
40,48,0.149428
31,49,0.149290
51,54,0.148777
51,66,0.147243
66,69,0.146933
55,90,0.144463
37,38,0.143603
70,78,0.141874
95,96,0.141484
87,88,0.140808
88,89,0.139691
18,22,0.139670
47,48,0.139581
97,98,0.139255
22,23,0.139222
81,84,0.139081
53,54,0.138289
58,63,0.138129
26,28,0.137936
53,73,0.137917
13,51,0.137850
48,83,0.137319
19,96,0.136655
59,61,0.135978
34,36,0.135592
98,99,0.135433
36,39,0.134952
52,87,0.133702
12,16,0.133657
29,40,0.132950
65,66,0.132603
58,66,0.132106
48,50,0.131957
48,85,0.129822
21,26,0.129696
44,45,0.129404
39,46,0.128706
20,27,0.128413
37,57,0.127798
8,9,0.127082
94,95,0.126422
92,95,0.126373
96,98,0.125354
54,56,0.122900
36,82,0.122739
60,63,0.122651
9,10,0.122490
43,44,0.122273
66,73,0.120158
78,79,0.116800
12,89,0.116500
84,86,0.116058
78,84,0.116026
16,38,0.115767
46,48,0.113812
8,10,0.112811
93,96,0.112754
41,47,0.112552
16,20,0.112301
37,53,0.112051
51,56,0.111688
86,87,0.111012
20,21,0.110625
19,22,0.110107
20,50,0.109805
35,51,0.109479
70,84,0.108457
60,61,0.108263
37,66,0.107125
58,59,0.106830
13,14,0.105626
92,94,0.105489
59,90,0.105311
55,60,0.104789
31,32,0.104597
63,88,0.104100
34,69,0.104073
77,81,0.103825
30,57,0.103503
35,38,0.103266
43,45,0.102942
55,59,0.102267
63,66,0.102227
71,72,0.101939
41,82,0.101458
91,95,0.101441
62,63,0.101440
78,81,0.101356
48,49,0.101347
74,75,0.101202
40,41,0.101187
59,60,0.101119
15,18,0.100834
20,23,0.100121
57,73,0.100052
15,19,0.099086
23,27,0.098938
13,69,0.098801
18,21,0.098330
36,38,0.097695
12,15,0.096668
51,57,0.096550
22,24,0.095890
79,80,0.095850
49,51,0.095675
21,28,0.095636
82,83,0.095210
18,26,0.094244
20,25,0.094152
75,76,0.093824
15,93,0.092961
42,43,0.092740
20,38,0.092583
67,71,0.092395
41,42,0.091378
85,88,0.091311
27,29,0.091309
28,83,0.091126
84,85,0.090823
40,42,0.090287
50,85,0.089644
93,98,0.089294
42,45,0.089129
16,23,0.088804
13,57,0.088648
52,56,0.088639
90,91,0.088422
80,82,0.087845
57,74,0.087535
30,31,0.086024
28,40,0.085720
67,70,0.085548
27,28,0.085502
95,99,0.085367
61,64,0.085242
23,24,0.084969
93,95,0.084683
94,96,0.084601
37,51,0.084386
59,62,0.083785
63,69,0.083407
53,74,0.082619
71,85,0.082200
89,91,0.081954
86,88,0.081811
53,57,0.081736
7,9,0.081688
13,66,0.081498
37,50,0.081395
17,40,0.081349
17,27,0.081114
32,34,0.080632
14,15,0.080374
67,68,0.080350
55,63,0.079863
20,40,0.079859
56,88,0.079433
97,99,0.079372
48,54,0.079144
21,29,0.079025
30,54,0.078639
71,75,0.078413
27,30,0.078347
39,48,0.078316
61,62,0.078292
96,99,0.077653
60,64,0.077618
24,41,0.077528
80,93,0.077492
28,29,0.077209
24,79,0.077157
99,100,0.076776
23,26,0.076463
75,78,0.076413
47,83,0.076351
90,94,0.075711
56,58,0.075495
58,67,0.075070
18,23,0.075049
71,87,0.074591
36,84,0.074279
78,80,0.074044
57,89,0.073537
60,85,0.072935
17,99,0.072893
16,19,0.072862
51,84,0.072610
70,74,0.072527
83,87,0.072350
20,24,0.072289
57,62,0.072066
7,8,0.071642
47,59,0.071438
12,27,0.071267
5,9,0.071241
77,80,0.070563
87,99,0.070536
41,49,0.070302
53,77,0.069989
90,93,0.069955
20,87,0.069643
21,23,0.069639
12,13,0.069465
55,62,0.069301
46,82,0.068998
74,84,0.068974
12,29,0.068816
72,75,0.068770
93,97,0.068762
62,90,0.068752
57,69,0.068698
12,92,0.068638
33,80,0.068570
2,5,0.068390
71,91,0.068132
33,76,0.068097
48,53,0.068071
16,50,0.068066
25,41,0.067666
85,92,0.067590
72,84,0.067377
89,92,0.067110
7,10,0.067047
79,81,0.066987
55,88,0.066713
64,88,0.066578
17,26,0.066362
63,78,0.065751
45,54,0.065724
17,35,0.065480
17,48,0.065286
58,73,0.065223
95,97,0.065216
15,47,0.065123
56,66,0.064909
58,60,0.064631
58,88,0.064610
30,53,0.064446
34,73,0.064252
64,67,0.064065
71,78,0.064055
13,15,0.063649
34,77,0.063267
94,98,0.063236
73,77,0.063231
78,94,0.063177
64,91,0.063067
83,84,0.063003
41,43,0.062642
30,73,0.062454
62,69,0.062414
25,32,0.062130
92,96,0.061960
68,81,0.061897
35,82,0.061796
73,76,0.061734
30,58,0.061666
37,69,0.061649
56,69,0.061300
15,25,0.061261
21,22,0.061088
36,37,0.060847
58,62,0.060832
66,86,0.060724
18,52,0.060601
17,33,0.060495
68,72,0.060461
54,88,0.060343
15,21,0.060322
12,18,0.060203
59,68,0.060048
64,65,0.059960
91,96,0.059800
100,101,0.059617
52,88,0.059551
17,34,0.059293
51,62,0.059093
6,8,0.059080
52,55,0.058723
47,80,0.058603
5,6,0.058441
5,7,0.058419
35,40,0.058417
6,9,0.058358
17,28,0.058025
56,90,0.057860
67,88,0.057744
31,34,0.057682
2,9,0.057624
81,87,0.057542
56,63,0.057427
39,40,0.057344
46,49,0.057101
61,79,0.056971
6,7,0.056945
14,19,0.056914
46,83,0.056900
50,52,0.056900
47,49,0.056548
19,97,0.056412
64,90,0.056394
26,41,0.056270
75,79,0.056234
14,34,0.056065
11,71,0.055726
41,45,0.055357
84,92,0.055348
59,66,0.055284
65,77,0.055245
63,70,0.055214
66,70,0.055209
26,33,0.054960
11,70,0.054509
46,64,0.054416
20,65,0.054344
64,80,0.054284
50,81,0.053919
50,83,0.053771
76,78,0.053632
76,79,0.053616
16,92,0.053614
28,39,0.053270
72,73,0.053193
80,83,0.053022
94,97,0.052908
12,93,0.052793
35,36,0.052659
54,66,0.052639
31,61,0.052539
34,37,0.052248
87,91,0.052195
58,70,0.052178
38,87,0.051834
73,86,0.051805
42,44,0.051740
43,47,0.051587
9,11,0.051563
6,10,0.051539
65,68,0.051528
11,16,0.051311
63,73,0.051010
63,71,0.050975
82,87,0.050952
77,87,0.050717
2,4,0.050669
83,85,0.050497
15,20,0.050462
29,99,0.050456
63,64,0.050424
75,85,0.050422
34,35,0.050359
52,57,0.050137
26,29,0.050013
33,52,0.049994
2,6,0.049934
71,79,0.049805
22,25,0.049792
15,23,0.049699
41,83,0.049663
5,10,0.049655
30,89,0.049600
11,52,0.049596
64,83,0.049499
30,72,0.049486
11,12,0.049453
77,82,0.049402
67,86,0.048986
12,54,0.048938
42,85,0.048938
90,97,0.048929
16,96,0.048854
30,37,0.048845
64,79,0.048795
11,32,0.048683
45,68,0.048652
28,46,0.048626
76,81,0.048506
5,8,0.048445
37,39,0.048437
2,3,0.048404
64,78,0.048290
24,75,0.048194
87,90,0.048132
71,74,0.048124
75,91,0.048063
40,47,0.047962
67,75,0.047961
3,4,0.047860
23,32,0.047857
32,59,0.047842
60,94,0.047756
50,94,0.047645
3,6,0.047543
29,34,0.047450
54,65,0.047355
1,4,0.047277
24,32,0.047243
60,65,0.047099
44,47,0.047032
64,97,0.047018
81,86,0.046992
15,61,0.046896
22,61,0.046724
22,29,0.046669
45,50,0.046589
53,95,0.046546
41,48,0.046531
8,44,0.046418
35,54,0.046266
3,7,0.046261
47,55,0.046246
27,33,0.046172
21,24,0.046168
34,80,0.046146
3,9,0.046133
45,46,0.046127
38,52,0.046087
15,97,0.046028
101,102,0.045969
54,94,0.045942
12,17,0.045685
15,96,0.045593
87,96,0.045555
14,21,0.045494
37,45,0.045448
64,71,0.045422
61,90,0.045410
34,96,0.045394
50,97,0.045217
11,33,0.045108
4,6,0.045076
55,61,0.045017
11,94,0.045003
91,98,0.044987
56,59,0.044950
1,5,0.044774
14,22,0.044730
85,86,0.044491
33,61,0.044462
68,79,0.044451
3,5,0.044324
61,65,0.044147
81,88,0.044095
62,89,0.044086
11,96,0.044047
31,82,0.044008
26,95,0.043811
11,59,0.043792
66,90,0.043777
57,67,0.043616
18,19,0.043199
64,75,0.043182
83,93,0.043101
25,33,0.043019
10,44,0.042932
31,62,0.042912
64,69,0.042904
81,85,0.042807
42,94,0.042715
78,85,0.042653
48,82,0.042611
9,12,0.042494
89,96,0.042465
34,53,0.042394
44,50,0.042316
66,74,0.042300
36,86,0.042267
83,97,0.042165
58,74,0.042111
32,62,0.042083
72,83,0.041909
56,60,0.041905
40,89,0.041873
12,55,0.041873
62,70,0.041832
66,67,0.041490
61,66,0.041381
12,35,0.041381
60,67,0.041313
67,83,0.041229
2,7,0.041158
68,69,0.041152
68,76,0.041010
18,29,0.040928
51,74,0.040874
4,5,0.040848
9,14,0.040841
43,46,0.040803
87,89,0.040795
42,72,0.040771
52,91,0.040674
46,85,0.040620
35,67,0.040554
56,92,0.040550
2,8,0.040374
53,90,0.040298
13,45,0.040295
37,44,0.040198
26,42,0.040184
45,47,0.040158
54,62,0.040116
78,95,0.039884
49,92,0.039819
53,88,0.039816
68,83,0.039814
8,21,0.039784
47,54,0.039748
31,41,0.039563
3,8,0.039553
65,76,0.039523
20,22,0.039333
19,95,0.039294
60,62,0.039286
53,55,0.038930
53,60,0.038915
26,46,0.038823
68,75,0.038795
1,3,0.038580
30,66,0.038316
50,87,0.038313
13,38,0.038305
52,62,0.038164
22,80,0.038128
11,18,0.038103
18,25,0.037987
60,91,0.037985
4,7,0.037777
11,23,0.037727
62,68,0.037640
30,48,0.037460
98,100,0.037287
35,66,0.037233
99,101,0.037220
4,9,0.037158
84,97,0.037146
37,43,0.037113
70,73,0.037022
86,91,0.036982
70,77,0.036925
32,64,0.036899
72,78,0.036894
72,94,0.036843
1,2,0.036821
72,74,0.036688
88,92,0.036620
14,38,0.036495
11,58,0.036494
46,91,0.036456
100,102,0.036331
50,74,0.036329
60,78,0.036216
16,40,0.036206
11,47,0.036156
64,66,0.036146
2,10,0.036073
76,77,0.035905
43,65,0.035887
4,8,0.035834
80,92,0.035828
70,92,0.035809
10,14,0.035798
77,83,0.035723
65,94,0.035705
9,44,0.035643
19,24,0.035640
15,22,0.035547
66,72,0.035538
16,85,0.035393
28,33,0.035293
48,84,0.035276
26,50,0.035248
91,93,0.035139
65,84,0.035107
22,28,0.035042
76,92,0.034990
45,61,0.034875
30,32,0.034853
32,80,0.034802
81,83,0.034790
13,21,0.034714
10,11,0.034687
91,94,0.034685
68,94,0.034634
5,37,0.034627
8,51,0.034512
35,73,0.034450
54,89,0.034442
45,51,0.034396
25,28,0.034348
14,16,0.034347
32,76,0.034345
74,89,0.034262
72,80,0.034243
1,6,0.034224
3,10,0.034155
71,84,0.034134
38,82,0.034091
86,99,0.034032
77,97,0.034022
62,67,0.033986
27,92,0.033941
56,67,0.033861
40,99,0.033852
4,10,0.033836
39,43,0.033810
32,71,0.033796
15,45,0.033708
59,94,0.033646
20,81,0.033619
32,60,0.033557
36,56,0.033551
3,37,0.033535
79,85,0.033528
33,48,0.033393
35,58,0.033354
23,46,0.033337
17,69,0.033334
42,76,0.033107
28,75,0.033058
27,61,0.033004
49,87,0.032906
32,73,0.032843
43,83,0.032795
10,43,0.032783
8,11,0.032638
52,93,0.032631
63,65,0.032584
10,45,0.032491
30,51,0.032373
26,32,0.032369
2,20,0.032310
33,68,0.032272
8,43,0.032229
62,75,0.032225
6,44,0.032119
65,69,0.032039
27,35,0.031957
39,42,0.031947
59,80,0.031921
88,94,0.031787
79,90,0.031728
19,58,0.031643
29,35,0.031631
69,81,0.031608
21,44,0.031552
70,88,0.031335
29,39,0.031309
50,76,0.031237
79,97,0.031195
97,100,0.031166
33,59,0.030919
1,7,0.030880
62,73,0.030798
65,70,0.030791
14,20,0.030785
34,84,0.030776
9,45,0.030740
71,98,0.030708
15,95,0.030701
46,79,0.030608
2,15,0.030580
26,72,0.030574
91,97,0.030473
33,35,0.030369
8,25,0.030277
18,50,0.030121
76,83,0.030029
67,79,0.029949
21,55,0.029947
25,93,0.029896
23,31,0.029890
22,31,0.029843
73,75,0.029766
16,24,0.029582
19,92,0.029471
84,88,0.029271
64,76,0.029193
41,44,0.029184
59,91,0.029088
18,32,0.029048
65,67,0.028979
54,69,0.028979
49,81,0.028954
59,69,0.028951
38,54,0.028899
42,67,0.028873
47,89,0.028844
65,95,0.028839
1,10,0.028811
90,96,0.028696
63,68,0.028667
13,20,0.028651
66,88,0.028651
23,29,0.028638
22,72,0.028561
59,81,0.028452
50,72,0.028443
4,45,0.028403
28,52,0.028385
4,44,0.028372
42,79,0.028350
7,45,0.028338
9,21,0.028330
23,91,0.028283
1,37,0.028127
19,27,0.028070
79,88,0.028051
9,57,0.028007
40,93,0.027973
39,84,0.027960
63,90,0.027897
32,72,0.027887
15,17,0.027875
24,93,0.027832
73,99,0.027773
85,93,0.027714
35,56,0.027689
19,80,0.027676
31,44,0.027602
33,42,0.027469
8,13,0.027405
23,78,0.027395
75,93,0.027387
58,61,0.027344
1,9,0.027270
8,45,0.027269
74,77,0.027253
59,78,0.027220
42,81,0.027165
7,44,0.027047
90,95,0.026893
65,73,0.026879
2,54,0.026864
67,95,0.026817
54,73,0.026772
30,69,0.026762
68,95,0.026710
85,95,0.026652
35,55,0.026646
37,52,0.026646
38,41,0.026642
76,95,0.026606
1,8,0.026599
37,103,0.026579
37,86,0.026567
27,79,0.026543
61,72,0.026484
68,71,0.026448
38,49,0.026443
71,88,0.026436
51,53,0.026412
7,37,0.026350
85,89,0.026340
23,83,0.026213
22,26,0.026163
24,72,0.026067
19,28,0.026012
64,94,0.025964
26,94,0.025963
13,27,0.025940
32,68,0.025937
23,43,0.025908
42,75,0.025888
22,42,0.025886
5,53,0.025871
15,37,0.025858
14,29,0.025801
79,84,0.025778
3,45,0.025768
26,34,0.025754
82,95,0.025750
25,39,0.025676
56,61,0.025661
80,90,0.025624
22,65,0.025587
99,102,0.025544
65,75,0.025522
31,45,0.025472
9,31,0.025465
2,51,0.025420
26,44,0.025384
2,13,0.025350
20,47,0.025340
33,95,0.025272
20,93,0.025228
67,94,0.025179
64,92,0.025162
55,78,0.025143
42,93,0.025090
12,19,0.025080
11,15,0.025064
76,91,0.024942
24,26,0.024924
3,24,0.024897
10,23,0.024808
19,20,0.024769
19,89,0.024756
59,64,0.024719
2,52,0.024655
12,21,0.024653
12,62,0.024624
10,54,0.024615
63,77,0.024587
36,73,0.024579
3,53,0.024433
9,13,0.024430
94,99,0.024362
67,80,0.024185
19,26,0.024089
19,21,0.024072
12,87,0.024065
48,55,0.024031
34,65,0.024013
9,43,0.024005
22,93,0.023947
87,97,0.023892
55,86,0.023855
37,48,0.023851
3,44,0.023802
84,91,0.023789
10,37,0.023780
10,21,0.023780
18,38,0.023637
5,44,0.023632
3,13,0.023630
54,74,0.023581
66,71,0.023497
79,89,0.023480
62,92,0.023470
4,37,0.023460
32,48,0.023440
46,80,0.023438
21,65,0.023350
19,60,0.023308
32,78,0.023270
57,59,0.023245
19,78,0.023211
76,97,0.023173
48,64,0.023133
68,78,0.023127
21,75,0.023117
16,43,0.023054
38,40,0.023037
15,92,0.022974
25,50,0.022970
23,98,0.022969
35,39,0.022945
60,88,0.022915
18,28,0.022832
65,72,0.022711
95,100,0.022697
21,79,0.022598
36,80,0.022580
77,95,0.022461
42,78,0.022436
78,97,0.022425
57,65,0.022353
6,37,0.022337
11,89,0.022331
20,28,0.022311
59,76,0.022308
48,86,0.022238
63,79,0.022199
32,36,0.022183
67,93,0.022175
9,38,0.022153
44,68,0.022133
69,84,0.022100
69,75,0.022049
58,96,0.022010
69,77,0.022006
19,56,0.021941
48,71,0.021934
18,75,0.021927
12,51,0.021919
3,50,0.021908
22,33,0.021904
41,96,0.021874
9,55,0.021874
65,90,0.021867
15,28,0.021847
50,96,0.021839
2,37,0.021819
62,88,0.021637
68,73,0.021631
15,86,0.021629
88,97,0.021624
10,16,0.021623
1,24,0.021586
11,21,0.021552
47,92,0.021452
8,37,0.021412
13,36,0.021377
82,98,0.021375
24,33,0.021319
9,30,0.021213
35,74,0.021181
62,71,0.021156
22,59,0.021146
9,37,0.021142
42,47,0.021127
12,59,0.021106
18,80,0.021090
59,65,0.021073
11,45,0.021059
20,76,0.021054
22,98,0.021030
25,97,0.020946
32,79,0.020924
10,30,0.020899
42,83,0.020890
65,80,0.020849
50,84,0.020735
17,23,0.020716
28,66,0.020654
15,65,0.020630
70,75,0.020527
17,30,0.020524
80,84,0.020500
59,93,0.020484
60,75,0.020462
26,79,0.020460
79,83,0.020432
25,72,0.020413
6,43,0.020393
15,75,0.020377
6,45,0.020360
74,80,0.020337
49,101,0.020329
4,24,0.020316
60,90,0.020249
21,80,0.020201
75,83,0.020153
45,48,0.020058
20,29,0.020051
63,91,0.020027
54,58,0.020005
72,93,0.019949
35,45,0.019929
2,11,0.019928
25,46,0.019899
96,100,0.019898
27,55,0.019875
47,68,0.019849
77,99,0.019830
25,82,0.019808
37,102,0.019806
43,64,0.019743
81,103,0.019692
75,88,0.019663
12,49,0.019644
26,61,0.019597
24,95,0.019574
19,61,0.019555
10,13,0.019474
26,97,0.019467
5,20,0.019319
29,42,0.019307
9,35,0.019298
5,15,0.019278
86,92,0.019250
37,101,0.019208
85,94,0.019112
21,35,0.019089
35,68,0.019089
1,44,0.019069
76,98,0.019048
74,81,0.019000
39,54,0.018961
53,102,0.018956
2,44,0.018900
27,50,0.018894
73,98,0.018758
72,77,0.018732
55,66,0.018663
11,69,0.018663
64,81,0.018655
70,91,0.018654
91,92,0.018636
60,95,0.018633
32,43,0.018603
5,13,0.018591
65,88,0.018563
92,99,0.018532
72,81,0.018478
54,103,0.018395
5,11,0.018368
78,90,0.018354
35,63,0.018341
77,79,0.018334
33,72,0.018289
96,101,0.018260
27,42,0.018211
73,92,0.018189
8,14,0.018076
13,29,0.018006
38,77,0.017965
28,99,0.017902
15,26,0.017768
63,85,0.017591
26,59,0.017565
9,52,0.017515
42,80,0.017512
10,12,0.017502
97,101,0.017493
19,66,0.017477
64,72,0.017422
7,11,0.017417
20,103,0.017417
1,13,0.017396
47,81,0.017347
31,56,0.017326
30,96,0.017300
68,85,0.017161
60,72,0.017128
65,98,0.017095
10,29,0.017077
33,75,0.017060
65,71,0.017036
51,52,0.017028
18,27,0.017024
56,76,0.017014
61,93,0.016972
26,31,0.016956
22,32,0.016946
16,95,0.016914
14,30,0.016909
91,99,0.016844
19,41,0.016822
58,71,0.016745
95,101,0.016734
14,23,0.016729
8,54,0.016718
22,97,0.016670
80,94,0.016643
60,66,0.016614
78,86,0.016590
1,20,0.016581
21,87,0.016580
77,91,0.016473
6,24,0.016454
7,50,0.016435
26,43,0.016426
57,61,0.016412
29,74,0.016385
50,103,0.016358
28,30,0.016339
10,53,0.016276
71,96,0.016262
28,90,0.016255
36,53,0.016204
59,85,0.016203
1,81,0.016188
90,98,0.016164
5,45,0.016112
18,68,0.016099
50,95,0.016085
18,94,0.016062
59,63,0.015997
22,38,0.015965
33,63,0.015951
35,64,0.015916
81,102,0.015898
69,95,0.015866
58,75,0.015824
24,48,0.015813
20,31,0.015771
25,96,0.015738
47,91,0.015712
6,11,0.015612
46,68,0.015605
3,26,0.015521
1,53,0.015508
10,69,0.015488
18,95,0.015484
11,34,0.015375
14,32,0.015326
41,64,0.015289
47,50,0.015267
92,97,0.015146
45,85,0.015047
34,43,0.015009
5,23,0.014965
14,50,0.014933
4,11,0.014924
51,86,0.014923
5,31,0.014906
29,36,0.014825
5,81,0.014808
8,58,0.014799
13,23,0.014798
10,26,0.014792
83,94,0.014774
5,24,0.014746
55,91,0.014733
22,83,0.014725
72,91,0.014714
14,91,0.014676
48,60,0.014653
13,16,0.014620
81,101,0.014601
43,67,0.014570
5,28,0.014550
35,65,0.014511
13,31,0.014492
18,61,0.014479
75,90,0.014444
38,46,0.014432
98,102,0.014400
6,22,0.014356
8,48,0.014347
85,90,0.014332
24,47,0.014324
53,103,0.014293
44,71,0.014281
35,97,0.014272
54,81,0.014272
21,31,0.014219
80,85,0.014187
91,100,0.014164
43,48,0.014153
72,76,0.014149
70,79,0.014101
24,59,0.014093
32,61,0.014054
98,101,0.014046
85,97,0.014014
74,79,0.013985
3,54,0.013982
11,54,0.013972
41,94,0.013964
20,32,0.013957
18,79,0.013909
86,102,0.013901
7,43,0.013860
29,55,0.013859
11,22,0.013835
53,66,0.013814
24,27,0.013804
10,24,0.013795
37,49,0.013778
44,83,0.013750
3,11,0.013735
14,98,0.013706
17,25,0.013685
42,50,0.013685
4,32,0.013685
49,56,0.013683
9,24,0.013636
30,63,0.013623
35,99,0.013585
2,81,0.013584
3,20,0.013540
89,99,0.013509
69,74,0.013504
41,89,0.013488
81,100,0.013481
20,33,0.013452
14,24,0.013435
51,103,0.013394
25,98,0.013363
63,95,0.013306
91,101,0.013246
4,13,0.013183
80,100,0.013182
85,91,0.013176
72,79,0.013159
64,98,0.013076
56,95,0.013059
10,35,0.013052
45,75,0.013017
31,72,0.013016
60,79,0.013009
94,100,0.012990
60,99,0.012956
58,72,0.012931
16,71,0.012915
4,81,0.012894
67,91,0.012875
93,101,0.012764
36,70,0.012749
85,101,0.012702
42,61,0.012687
73,89,0.012668
72,98,0.012657
79,87,0.012656
3,43,0.012628
54,86,0.012609
83,92,0.012534
5,43,0.012531
35,37,0.012515
51,59,0.012504
6,21,0.012478
13,99,0.012472
31,59,0.012461
24,58,0.012429
24,98,0.012425
48,72,0.012384
69,71,0.012372
80,95,0.012355
7,61,0.012347
6,81,0.012344
44,46,0.012343
32,97,0.012316
15,89,0.012307
54,91,0.012301
44,48,0.012274
25,44,0.012199
58,65,0.012197
56,68,0.012143
2,57,0.012125
41,75,0.012084
14,96,0.012064
22,60,0.012024
19,93,0.012022
50,79,0.011995
68,93,0.011975
4,48,0.011973
34,70,0.011939
23,71,0.011853
38,96,0.011851
15,46,0.011832
34,62,0.011728
14,57,0.011659
2,50,0.011655
21,99,0.011631
47,71,0.011569
10,51,0.011444
54,102,0.011436
4,41,0.011394
43,54,0.011381
19,90,0.011372
89,100,0.011360
5,16,0.011354
97,102,0.011353
10,17,0.011344
101,103,0.011334
35,44,0.011319
58,69,0.011304
24,103,0.011293
7,20,0.011282
24,28,0.011277
75,80,0.011262
74,98,0.011194
27,57,0.011156
63,82,0.011141
59,88,0.011132
22,44,0.011095
53,63,0.011086
30,86,0.011062
4,42,0.011058
61,83,0.011036
7,16,0.011023
3,25,0.011008
3,31,0.010998
67,74,0.010991
16,79,0.010974
69,72,0.010970
3,48,0.010946
19,85,0.010930
20,26,0.010927
4,43,0.010910
45,60,0.010886
66,89,0.010882
44,60,0.010880
4,50,0.010872
20,92,0.010853
45,63,0.010832
1,45,0.010808
52,85,0.010780
15,72,0.010758
41,51,0.010757
15,83,0.010747
3,81,0.010720
65,100,0.010714
12,63,0.010674
7,13,0.010667
90,92,0.010647
56,73,0.010644
4,14,0.010605
22,67,0.010604
15,31,0.010571
102,103,0.010560
6,32,0.010538
1,11,0.010537
62,98,0.010536
15,16,0.010533
60,93,0.010483
23,97,0.010479
22,47,0.010433
12,76,0.010358
71,95,0.010357
33,73,0.010348
28,62,0.010341
43,50,0.010333
1,50,0.010320
78,87,0.010295
60,98,0.010250
83,88,0.010228
28,34,0.010227
31,68,0.010223
87,94,0.010188
14,59,0.010161
60,73,0.010156
55,67,0.010151
23,93,0.010149
2,38,0.010137
78,88,0.010111
7,28,0.010095
4,25,0.010053
77,103,0.010041
23,85,0.010026
15,33,0.010009
1,54,0.009988
68,92,0.009968
31,80,0.009957
8,86,0.009954
23,94,0.009952
47,62,0.009924
24,77,0.009920
11,67,0.009892
25,92,0.009853
2,43,0.009853
2,103,0.009750
61,98,0.009748
31,97,0.009744
17,22,0.009707
20,80,0.009693
22,27,0.009640
59,89,0.009585
2,45,0.009580
11,98,0.009576
29,61,0.009559
82,90,0.009534
59,71,0.009529
2,24,0.009521
20,102,0.009490
38,103,0.009483
75,84,0.009482
38,88,0.009480
35,59,0.009479
42,48,0.009456
1,30,0.009430
4,31,0.009425
85,100,0.009423
30,46,0.009420
54,100,0.009410
6,31,0.009396
100,103,0.009358
2,53,0.009346
59,74,0.009336
16,99,0.009234
4,38,0.009229
8,15,0.009208
64,77,0.009191
9,86,0.009191
42,49,0.009189
13,103,0.009189
72,90,0.009131
15,38,0.009117
23,39,0.009084
44,61,0.009074
6,41,0.009054
7,12,0.008997
55,71,0.008946
74,76,0.008944
87,95,0.008929
90,99,0.008916
23,38,0.008915
4,53,0.008890
18,20,0.008881
9,15,0.008850
68,88,0.008839
50,101,0.008807
2,19,0.008804
8,47,0.008800
6,20,0.008798
96,102,0.008739
70,99,0.008688
11,93,0.008684
22,96,0.008673
41,67,0.008672
21,38,0.008669
9,17,0.008639
52,84,0.008625
9,83,0.008614
49,68,0.008609
49,89,0.008588
65,78,0.008563
51,58,0.008516
1,102,0.008514
10,49,0.008499
47,56,0.008488
66,101,0.008460
79,91,0.008405
49,50,0.008390
5,103,0.008373
43,69,0.008366
79,100,0.008264
2,102,0.008237
11,17,0.008234
3,38,0.008231
56,64,0.008231
5,26,0.008189
29,63,0.008171
9,81,0.008151
1,103,0.008150
48,99,0.008128
30,76,0.008122
76,84,0.008119
30,88,0.008119
4,102,0.008115
8,41,0.008113
86,95,0.008064
22,90,0.008059
4,61,0.008001
60,76,0.007999
3,103,0.007977
10,22,0.007960
3,102,0.007920
32,45,0.007915
8,35,0.007894
1,25,0.007876
50,92,0.007871
21,59,0.007859
77,78,0.007824
5,102,0.007820
99,103,0.007810
76,96,0.007802
8,18,0.007778
17,68,0.007772
8,19,0.007745
31,79,0.007740
4,103,0.007722
16,58,0.007715
84,93,0.007681
31,95,0.007679
8,70,0.007662
4,54,0.007653
46,89,0.007568
54,101,0.007567
75,94,0.007559
68,98,0.007545
27,34,0.007496
51,102,0.007496
3,17,0.007476
19,83,0.007473
6,19,0.007465
51,90,0.007424
51,55,0.007422
34,49,0.007415
12,56,0.007409
3,23,0.007404
84,94,0.007386
7,103,0.007386
48,75,0.007362
1,101,0.007345
48,103,0.007344
3,49,0.007335
31,60,0.007330
93,100,0.007323
56,78,0.007318
31,55,0.007301
2,101,0.007288
3,101,0.007258
7,18,0.007240
21,42,0.007222
25,68,0.007196
2,25,0.007179
37,88,0.007163
58,94,0.007163
33,64,0.007136
6,25,0.007135
49,65,0.007081
33,98,0.007068
4,15,0.007037
33,44,0.007013
13,25,0.007010
6,48,0.007002
49,103,0.006996
53,100,0.006953
17,20,0.006919
7,71,0.006913
46,58,0.006911
75,97,0.006910
8,55,0.006909
73,90,0.006836
27,89,0.006779
19,31,0.006773
34,78,0.006768
43,85,0.006756
5,101,0.006746
4,101,0.006713
85,96,0.006690
6,17,0.006656
70,94,0.006649
10,31,0.006647
47,76,0.006640
7,48,0.006626
60,83,0.006626
33,83,0.006620
64,87,0.006599
22,77,0.006586
5,14,0.006560
19,68,0.006545
6,16,0.006497
47,57,0.006431
77,98,0.006410
9,51,0.006387
6,103,0.006380
24,69,0.006364
7,33,0.006331
46,88,0.006313
6,18,0.006294
3,35,0.006285
56,98,0.006245
9,19,0.006228
3,52,0.006212
3,30,0.006206
50,102,0.006176
36,79,0.006170
45,49,0.006168
10,28,0.006147
31,83,0.006131
19,25,0.006118
4,20,0.006115
22,43,0.006086
19,50,0.006084
28,36,0.006075
82,103,0.006069
30,68,0.006064
8,22,0.006043
77,102,0.006034
77,101,0.006011
12,82,0.006005
1,48,0.006001
51,70,0.005996
5,32,0.005961
1,31,0.005957
75,96,0.005950
16,47,0.005949
26,78,0.005939
2,31,0.005935
16,42,0.005897
76,94,0.005895
74,102,0.005889
23,80,0.005887
23,61,0.005860
5,61,0.005825
25,43,0.005813
23,96,0.005784
64,74,0.005773
2,33,0.005749
5,52,0.005737
6,53,0.005734
15,79,0.005729
8,26,0.005715
27,101,0.005688
87,103,0.005687
14,55,0.005682
6,29,0.005676
3,21,0.005675
21,61,0.005671
31,39,0.005663
63,98,0.005657
15,50,0.005652
13,50,0.005642
7,32,0.005628
7,22,0.005625
46,72,0.005617
91,102,0.005612
31,90,0.005606
19,47,0.005599
83,98,0.005597
15,71,0.005580
8,17,0.005547
9,103,0.005532
18,98,0.005528
5,19,0.005528
10,86,0.005509
10,58,0.005507
33,93,0.005500
72,85,0.005493
5,50,0.005486
3,14,0.005482
7,21,0.005475
42,92,0.005468
47,99,0.005446
19,98,0.005417
60,80,0.005414
7,51,0.005404
48,81,0.005401
21,52,0.005400
61,74,0.005394
22,76,0.005383
6,102,0.005382
5,60,0.005375
29,41,0.005357
7,102,0.005340
38,90,0.005333
36,62,0.005324
25,91,0.005323
50,100,0.005301
79,96,0.005292
8,29,0.005286
43,49,0.005281
22,81,0.005278
89,95,0.005243
38,50,0.005240
71,94,0.005239
24,101,0.005237
16,103,0.005223
6,28,0.005222
5,17,0.005208
17,24,0.005205
15,55,0.005203
33,36,0.005192
5,38,0.005183
63,96,0.005183
43,81,0.005161
74,91,0.005153
82,101,0.005151
33,97,0.005106
32,90,0.005090
41,59,0.005080
6,26,0.005076
84,103,0.005064
61,75,0.005064
8,103,0.005061
15,30,0.005023
73,81,0.005017
85,103,0.005006
4,60,0.004997
36,43,0.004962
44,49,0.004949
29,85,0.004936
20,101,0.004926
30,62,0.004902
9,29,0.004900
49,102,0.004877
14,45,0.004870
6,27,0.004869
5,49,0.004864
1,61,0.004851
8,69,0.004844
18,31,0.004843
43,51,0.004833
69,99,0.004783
7,14,0.004781
34,57,0.004779
3,36,0.004771
90,100,0.004769
57,60,0.004755
79,95,0.004704
66,103,0.004685
55,72,0.004665
23,60,0.004657
21,83,0.004656
10,41,0.004654
11,26,0.004644
71,97,0.004634
34,45,0.004624
52,63,0.004621
37,100,0.004621
10,33,0.004617
54,70,0.004616
22,79,0.004609
11,31,0.004605
39,71,0.004600
22,68,0.004592
86,103,0.004582
51,89,0.004578
65,97,0.004567
76,93,0.004558
63,72,0.004555
6,36,0.004542
55,75,0.004535
60,97,0.004518
17,32,0.004514
40,57,0.004467
10,55,0.004451
15,87,0.004421
3,22,0.004416
10,81,0.004382
4,16,0.004376
11,13,0.004372
54,64,0.004358
15,76,0.004353
6,33,0.004350
12,30,0.004347
31,43,0.004338
12,40,0.004326
6,49,0.004325
11,38,0.004322
8,42,0.004318
13,74,0.004302
33,101,0.004296
25,30,0.004288
27,59,0.004267
78,101,0.004260
63,93,0.004239
1,16,0.004233
1,100,0.004226
5,29,0.004220
57,101,0.004219
34,68,0.004207
1,38,0.004171
4,23,0.004162
5,54,0.004144
12,79,0.004132
64,93,0.004125
46,60,0.004119
3,28,0.004112
6,13,0.004112
47,97,0.004101
62,93,0.004098
61,94,0.004062
7,55,0.004041
6,101,0.004029
38,61,0.004029
12,20,0.004015
21,48,0.003986
5,30,0.003971
67,98,0.003899
43,75,0.003881
31,33,0.003851
2,100,0.003842
48,58,0.003828
8,82,0.003823
29,82,0.003788
25,83,0.003776
6,12,0.003774
83,99,0.003773
65,83,0.003764
11,44,0.003759
20,68,0.003698
7,23,0.003690
72,97,0.003690
3,100,0.003669
29,78,0.003656
2,30,0.003652
5,42,0.003595
11,30,0.003593
47,72,0.003592
25,52,0.003592
10,15,0.003582
43,79,0.003579
51,101,0.003571
76,89,0.003566
16,22,0.003552
48,77,0.003547
60,71,0.003516
46,50,0.003514
8,31,0.003492
6,50,0.003473
8,52,0.003468
8,28,0.003458
10,103,0.003456
30,52,0.003438
56,94,0.003425
84,87,0.003411
35,100,0.003406
8,24,0.003401
8,89,0.003393
16,46,0.003383
63,83,0.003377
52,103,0.003375
28,65,0.003371
59,98,0.003368
3,47,0.003367
57,103,0.003358
22,95,0.003339
24,39,0.003328
14,100,0.003325
24,102,0.003325
17,39,0.003321
28,48,0.003306
77,100,0.003300
29,59,0.003295
25,99,0.003222
16,91,0.003221
19,42,0.003216
75,77,0.003203
4,100,0.003177
67,89,0.003172
26,76,0.003172
69,79,0.003155
21,41,0.003127
63,97,0.003113
13,48,0.003112
34,94,0.003101
9,69,0.003086
21,98,0.003078
4,28,0.003070
2,16,0.003054
42,58,0.003046
53,101,0.003045
4,36,0.003042
3,60,0.003027
42,68,0.003013
9,23,0.003005
1,32,0.002992
32,100,0.002944
2,48,0.002943
42,59,0.002943
72,101,0.002931
12,25,0.002931
18,97,0.002925
48,102,0.002902
85,102,0.002898
11,97,0.002897
24,42,0.002881
10,70,0.002864
6,34,0.002844
7,101,0.002828
18,71,0.002827
4,30,0.002818
10,19,0.002793
31,93,0.002786
58,98,0.002737
5,21,0.002708
10,32,0.002660
5,100,0.002635
68,82,0.002630
28,49,0.002627
97,103,0.002622
55,80,0.002610
26,45,0.002595
1,99,0.002590
87,102,0.002548
7,38,0.002542
79,102,0.002538
25,42,0.002521
5,12,0.002500
44,76,0.002482
79,93,0.002462
55,95,0.002446
24,96,0.002379
29,69,0.002377
26,64,0.002368
29,54,0.002368
6,47,0.002363
4,59,0.002352
79,94,0.002346
36,89,0.002315
40,70,0.002305
6,23,0.002296
13,100,0.002289
19,79,0.002283
50,53,0.002259
14,69,0.002258
36,100,0.002250
21,64,0.002246
4,22,0.002246
55,92,0.002215
1,28,0.002203
5,18,0.002196
3,42,0.002182
94,101,0.002177
65,102,0.002148
73,103,0.002148
7,25,0.002146
4,29,0.002146
44,103,0.002121
2,39,0.002094
37,99,0.002080
2,61,0.002074
19,33,0.002068
13,43,0.002051
4,49,0.002039
1,42,0.002030
14,85,0.002014
9,27,0.002001
43,87,0.001997
30,39,0.001964
4,46,0.001963
71,73,0.001960
73,102,0.001950
5,27,0.001946
34,56,0.001938
98,103,0.001929
44,66,0.001916
4,27,0.001882
74,90,0.001879
5,25,0.001877
2,29,0.001864
53,99,0.001855
72,100,0.001855
3,16,0.001841
5,22,0.001829
80,98,0.001815
56,79,0.001811
78,91,0.001781
78,102,0.001712
42,100,0.001697
24,88,0.001672
52,79,0.001652
49,64,0.001651
45,103,0.001649
11,27,0.001639
73,91,0.001637
17,19,0.001631
86,90,0.001602
81,91,0.001586
23,33,0.001584
55,77,0.001577
13,47,0.001577
10,25,0.001572
76,85,0.001569
9,49,0.001563
21,33,0.001534
2,23,0.001528
3,19,0.001511
3,29,0.001497
84,101,0.001490
9,16,0.001489
2,32,0.001482
6,15,0.001420
3,61,0.001409
92,103,0.001408
35,89,0.001407
44,81,0.001397
14,62,0.001389
1,14,0.001372
95,102,0.001363
1,23,0.001345
24,100,0.001326
23,101,0.001323
9,53,0.001306
9,70,0.001300
8,102,0.001291
64,100,0.001289
22,78,0.001273
92,100,0.001240
13,44,0.001232
64,96,0.001186
13,35,0.001176
32,77,0.001157
91,103,0.001151
24,66,0.001136
22,55,0.001136
50,98,0.001129
24,53,0.001120
49,100,0.001113
7,24,0.001050
60,87,0.001025
6,35,0.001023
2,28,0.001000
60,101,0.000994
31,103,0.000992
24,91,0.000973
61,76,0.000960
63,80,0.000946
34,102,0.000943
61,67,0.000927
10,68,0.000911
61,102,0.000904
14,71,0.000897
7,31,0.000880
10,61,0.000842
9,18,0.000833
3,57,0.000803
1,49,0.000789
83,96,0.000786
36,103,0.000782
35,57,0.000773
6,30,0.000756
43,63,0.000735
28,47,0.000727
67,73,0.000717
13,73,0.000715
27,63,0.000706
56,71,0.000703
43,103,0.000697
72,96,0.000695
28,98,0.000672
9,102,0.000658
46,75,0.000652
8,23,0.000647
13,102,0.000623
1,27,0.000603
8,61,0.000602
46,55,0.000587
64,102,0.000581
75,99,0.000580
61,78,0.000574
36,60,0.000569
59,79,0.000563
39,103,0.000561
29,94,0.000527
50,99,0.000524
10,87,0.000524
18,90,0.000511
51,92,0.000477
79,86,0.000460
29,102,0.000434
81,94,0.000412
1,43,0.000400
19,71,0.000394
60,102,0.000378
4,39,0.000362
4,18,0.000358
39,80,0.000353
79,98,0.000339
73,101,0.000311
44,52,0.000311
12,31,0.000281
19,63,0.000256
75,102,0.000249
44,102,0.000247
51,88,0.000215
6,14,0.000189
35,76,0.000186
6,61,0.000154
24,64,0.000153
10,102,0.000148
62,64,0.000136
93,99,0.000107
18,42,0.000088
8,16,0.000067
4,35,0.000050
35,88,0.000049
69,102,0.000038
81,90,0.000018
45,102,-0.000027
4,99,-0.000043
23,47,-0.000070
69,103,-0.000108
16,27,-0.000108
4,34,-0.000110
34,74,-0.000166
28,68,-0.000175
49,73,-0.000182
39,44,-0.000200
7,15,-0.000202
45,76,-0.000207
47,74,-0.000210
2,42,-0.000214
1,60,-0.000218
74,95,-0.000278
78,100,-0.000288
36,64,-0.000289
18,33,-0.000298
40,103,-0.000311
4,51,-0.000313
3,51,-0.000318
18,24,-0.000329
1,19,-0.000332
40,92,-0.000342
32,96,-0.000372
10,42,-0.000393
20,90,-0.000401
39,51,-0.000422
27,62,-0.000427
46,101,-0.000438
7,35,-0.000439
19,84,-0.000439
7,19,-0.000448
1,22,-0.000487
35,94,-0.000518
31,84,-0.000550
21,76,-0.000550
1,51,-0.000561
15,29,-0.000572
4,19,-0.000576
63,74,-0.000598
11,28,-0.000622
88,93,-0.000628
32,55,-0.000635
68,74,-0.000638
10,39,-0.000644
2,27,-0.000662
78,96,-0.000663
1,26,-0.000666
19,29,-0.000669
41,99,-0.000670
88,95,-0.000677
39,102,-0.000682
12,38,-0.000691
74,82,-0.000694
18,56,-0.000694
11,84,-0.000716
72,102,-0.000726
11,41,-0.000731
22,94,-0.000748
40,86,-0.000749
18,35,-0.000760
38,102,-0.000776
43,102,-0.000790
6,100,-0.000794
15,78,-0.000815
9,25,-0.000852
8,81,-0.000872
46,61,-0.000876
94,102,-0.000885
3,46,-0.000891
61,80,-0.000897
14,65,-0.000906
27,99,-0.000923
19,99,-0.000924
7,26,-0.000926
54,77,-0.000943
1,15,-0.000950
59,67,-0.000960
65,93,-0.000962
15,41,-0.000972
2,99,-0.000979
28,44,-0.000986
31,100,-0.000990
46,98,-0.000992
1,12,-0.000993
60,81,-0.001023
25,100,-0.001043
21,97,-0.001062
11,73,-0.001068
7,29,-0.001089
42,82,-0.001094
45,55,-0.001101
8,32,-0.001105
5,48,-0.001107
67,77,-0.001116
36,74,-0.001120
80,96,-0.001123
18,91,-0.001153
2,35,-0.001153
95,103,-0.001160
48,101,-0.001160
96,103,-0.001181
63,75,-0.001187
45,59,-0.001188
9,56,-0.001189
7,81,-0.001192
34,50,-0.001193
1,98,-0.001195
16,29,-0.001208
3,32,-0.001215
44,65,-0.001240
21,25,-0.001242
78,103,-0.001262
3,99,-0.001269
9,22,-0.001306
2,22,-0.001338
33,100,-0.001353
26,52,-0.001360
11,87,-0.001365
2,12,-0.001447
9,34,-0.001505
23,90,-0.001514
10,47,-0.001523
21,56,-0.001535
4,26,-0.001553
9,87,-0.001567
4,17,-0.001568
1,34,-0.001577
69,76,-0.001585
83,101,-0.001605
48,52,-0.001609
39,101,-0.001626
13,53,-0.001672
18,64,-0.001675
87,101,-0.001697
59,97,-0.001698
71,83,-0.001708
36,102,-0.001722
52,102,-0.001722
11,19,-0.001731
35,92,-0.001740
43,59,-0.001742
30,103,-0.001757
25,103,-0.001798
22,75,-0.001804
1,59,-0.001807
4,12,-0.001809
1,36,-0.001809
36,96,-0.001830
87,100,-0.001835
67,100,-0.001841
12,100,-0.001888
15,52,-0.001908
80,102,-0.001926
6,46,-0.001927
1,57,-0.001931
15,60,-0.001949
56,74,-0.001950
7,17,-0.001953
6,54,-0.001963
84,102,-0.001967
44,67,-0.001979
56,96,-0.001988
8,101,-0.001994
72,103,-0.001995
49,85,-0.002016
44,54,-0.002029
92,102,-0.002036
19,67,-0.002051
34,58,-0.002054
2,58,-0.002106
26,63,-0.002121
71,103,-0.002128
28,71,-0.002132
44,87,-0.002133
25,61,-0.002138
57,102,-0.002160
7,49,-0.002160
10,65,-0.002206
1,17,-0.002223
22,74,-0.002230
67,78,-0.002231
44,85,-0.002236
33,43,-0.002240
6,38,-0.002249
69,80,-0.002270
48,100,-0.002272
11,20,-0.002293
65,79,-0.002303
16,32,-0.002344
12,70,-0.002351
65,101,-0.002359
32,93,-0.002381
87,98,-0.002396
24,83,-0.002403
2,14,-0.002418
42,98,-0.002426
2,21,-0.002426
7,39,-0.002435
1,52,-0.002447
19,75,-0.002451
60,68,-0.002462
33,46,-0.002471
20,70,-0.002476
25,47,-0.002484
69,88,-0.002492
3,12,-0.002505
22,102,-0.002566
39,72,-0.002586
41,98,-0.002596
14,26,-0.002597
36,76,-0.002637
37,58,-0.002653
16,36,-0.002661
20,94,-0.002668
6,42,-0.002669
69,101,-0.002705
33,55,-0.002722
23,49,-0.002733
5,39,-0.002736
23,30,-0.002756
7,100,-0.002756
46,52,-0.002762
66,102,-0.002772
33,81,-0.002784
20,37,-0.002792
3,59,-0.002805
3,39,-0.002837
79,103,-0.002868
74,103,-0.002885
82,102,-0.002890
59,100,-0.002891
9,101,-0.002899
1,33,-0.002908
25,31,-0.002922
78,98,-0.002933
24,74,-0.002934
38,53,-0.002936
30,99,-0.002940
36,40,-0.002962
1,47,-0.002971
46,56,-0.002996
78,92,-0.003004
28,97,-0.003008
57,72,-0.003009
36,91,-0.003062
62,100,-0.003064
22,87,-0.003096
44,101,-0.003098
1,39,-0.003106
35,60,-0.003107
45,101,-0.003115
4,57,-0.003127
8,27,-0.003132
36,67,-0.003161
5,99,-0.003184
8,87,-0.003186
11,91,-0.003211
61,97,-0.003211
33,78,-0.003270
80,97,-0.003309
45,88,-0.003327
84,98,-0.003337
65,89,-0.003354
6,60,-0.003363
86,101,-0.003383
5,35,-0.003383
43,56,-0.003414
43,58,-0.003420
44,59,-0.003425
51,76,-0.003452
7,92,-0.003457
4,47,-0.003459
22,103,-0.003463
83,90,-0.003465
23,41,-0.003470
21,60,-0.003471
75,103,-0.003485
50,78,-0.003489
5,57,-0.003492
7,41,-0.003493
8,12,-0.003498
68,77,-0.003505
8,56,-0.003508
63,92,-0.003528
56,80,-0.003550
78,99,-0.003555
10,83,-0.003563
7,27,-0.003568
61,63,-0.003589
21,78,-0.003616
51,100,-0.003630
31,67,-0.003631
41,65,-0.003632
61,89,-0.003635
45,57,-0.003643
3,15,-0.003652
48,61,-0.003657
63,86,-0.003673
26,60,-0.003703
83,91,-0.003718
70,96,-0.003723
22,52,-0.003740
4,52,-0.003749
6,57,-0.003757
16,102,-0.003764
83,95,-0.003775
19,94,-0.003778
46,97,-0.003801
30,100,-0.003815
15,80,-0.003832
3,27,-0.003833
39,50,-0.003850
20,44,-0.003853
61,88,-0.003863
48,92,-0.003870
10,101,-0.003877
71,101,-0.003884
71,100,-0.003921
84,96,-0.003933
2,26,-0.003950
82,97,-0.003952
7,59,-0.003960
15,67,-0.003961
14,41,-0.003983
81,99,-0.004000
76,101,-0.004007
45,66,-0.004008
74,97,-0.004012
5,51,-0.004022
65,91,-0.004025
17,43,-0.004030
35,61,-0.004044
35,95,-0.004048
28,60,-0.004071
8,40,-0.004072
44,63,-0.004082
27,32,-0.004085
1,66,-0.004103
4,21,-0.004114
40,100,-0.004118
8,39,-0.004140
70,103,-0.004156
22,91,-0.004160
76,86,-0.004165
70,100,-0.004183
25,101,-0.004184
19,52,-0.004189
4,33,-0.004193
32,103,-0.004209
6,39,-0.004209
31,101,-0.004222
10,77,-0.004224
57,91,-0.004243
10,88,-0.004246
2,49,-0.004264
1,21,-0.004283
42,65,-0.004286
5,47,-0.004295
55,87,-0.004296
5,34,-0.004297
12,33,-0.004319
43,101,-0.004368
9,33,-0.004397
46,90,-0.004400
65,103,-0.004410
49,98,-0.004423
8,79,-0.004430
77,96,-0.004437
26,47,-0.004446
9,50,-0.004482
38,56,-0.004487
79,101,-0.004503
8,38,-0.004509
58,90,-0.004516
16,74,-0.004550
90,102,-0.004553
52,60,-0.004555
24,62,-0.004578
38,99,-0.004593
2,66,-0.004595
28,59,-0.004600
4,56,-0.004601
22,64,-0.004604
3,41,-0.004618
31,77,-0.004623
10,46,-0.004627
45,79,-0.004632
36,101,-0.004647
13,101,-0.004650
9,48,-0.004654
2,36,-0.004663
72,95,-0.004665
32,41,-0.004677
46,76,-0.004704
9,54,-0.004708
12,103,-0.004711
33,103,-0.004739
7,54,-0.004768
4,98,-0.004774
75,95,-0.004778
75,100,-0.004791
5,58,-0.004794
63,102,-0.004801
26,86,-0.004804
54,76,-0.004838
38,101,-0.004848
88,102,-0.004850
6,56,-0.004854
5,36,-0.004854
57,100,-0.004855
12,101,-0.004876
1,56,-0.004878
75,101,-0.004887
16,67,-0.004888
6,51,-0.004894
31,37,-0.004895
29,98,-0.004931
94,103,-0.004937
14,33,-0.004947
8,90,-0.004954
32,70,-0.004961
27,100,-0.004967
33,51,-0.004983
42,99,-0.005047
61,100,-0.005076
61,103,-0.005085
74,101,-0.005089
23,100,-0.005144
58,101,-0.005150
25,102,-0.005188
60,100,-0.005200
60,77,-0.005206
11,43,-0.005216
11,42,-0.005217
25,79,-0.005221
61,101,-0.005248
76,102,-0.005255
1,29,-0.005259
43,86,-0.005265
63,76,-0.005267
50,51,-0.005288
31,42,-0.005301
31,73,-0.005331
41,100,-0.005333
28,38,-0.005335
80,91,-0.005349
33,69,-0.005379
20,30,-0.005382
93,102,-0.005384
19,57,-0.005400
60,84,-0.005402
22,40,-0.005419
7,57,-0.005430
40,51,-0.005451
69,96,-0.005451
28,102,-0.005481
12,102,-0.005482
11,35,-0.005508
1,35,-0.005511
68,102,-0.005537
17,55,-0.005545
1,18,-0.005569
67,92,-0.005571
7,85,-0.005588
27,44,-0.005590
44,100,-0.005622
10,75,-0.005628
79,82,-0.005637
3,18,-0.005640
12,86,-0.005661
19,55,-0.005662
16,18,-0.005664
1,46,-0.005676
38,76,-0.005688
3,34,-0.005694
68,100,-0.005710
66,100,-0.005713
27,70,-0.005735
34,41,-0.005762
83,103,-0.005799
20,72,-0.005810
3,33,-0.005828
10,79,-0.005828
26,103,-0.005835
33,102,-0.005869
40,75,-0.005876
3,40,-0.005877
47,103,-0.005883
22,46,-0.005892
2,17,-0.005904
1,97,-0.005922
64,86,-0.005924
39,96,-0.005925
10,66,-0.005936
6,40,-0.005946
73,78,-0.005953
22,101,-0.005980
34,101,-0.005980
11,103,-0.006000
84,90,-0.006006
62,72,-0.006022
19,45,-0.006043
88,103,-0.006069
24,50,-0.006074
67,102,-0.006077
23,75,-0.006079
25,67,-0.006088
3,98,-0.006091
72,88,-0.006108
10,38,-0.006122
8,85,-0.006132
64,103,-0.006138
48,51,-0.006139
35,80,-0.006152
9,28,-0.006160
2,98,-0.006181
2,40,-0.006183
10,56,-0.006196
24,43,-0.006198
14,44,-0.006209
35,84,-0.006250
85,99,-0.006274
33,88,-0.006295
52,66,-0.006325
92,98,-0.006347
59,101,-0.006350
11,62,-0.006350
71,99,-0.006359
12,77,-0.006394
1,72,-0.006401
1,77,-0.006411
6,59,-0.006412
2,41,-0.006418
33,67,-0.006430
11,102,-0.006437
52,100,-0.006438
46,93,-0.006458
34,54,-0.006469
57,63,-0.006470
92,101,-0.006474
9,26,-0.006508
19,39,-0.006508
6,99,-0.006530
33,40,-0.006550
86,97,-0.006559
31,75,-0.006564
23,44,-0.006577
59,72,-0.006577
57,88,-0.006589
15,98,-0.006606
43,78,-0.006608
29,100,-0.006623
73,100,-0.006630
8,53,-0.006641
34,39,-0.006642
38,62,-0.006655
13,26,-0.006672
14,58,-0.006677
11,63,-0.006679
38,43,-0.006682
10,18,-0.006710
21,46,-0.006716
13,72,-0.006726
23,42,-0.006755
34,90,-0.006761
19,30,-0.006783
15,64,-0.006811
2,60,-0.006813
41,101,-0.006824
10,48,-0.006840
1,41,-0.006843
70,101,-0.006854
43,53,-0.006860
4,66,-0.006866
83,102,-0.006870
61,95,-0.006879
32,42,-0.006887
22,100,-0.006903
40,96,-0.006938
13,67,-0.006948
2,18,-0.006952
1,73,-0.006965
55,100,-0.006966
55,57,-0.006973
8,78,-0.006984
27,53,-0.006987
11,37,-0.007000
60,103,-0.007014
8,49,-0.007043
27,94,-0.007058
14,67,-0.007059
65,99,-0.007063
5,41,-0.007096
21,103,-0.007106
28,103,-0.007107
8,30,-0.007116
57,96,-0.007128
35,90,-0.007151
22,62,-0.007173
20,100,-0.007177
31,102,-0.007185
67,103,-0.007202
10,89,-0.007225
50,80,-0.007236
68,87,-0.007238
46,96,-0.007242
16,61,-0.007243
38,94,-0.007249
59,96,-0.007268
77,94,-0.007272
7,56,-0.007274
35,103,-0.007300
21,43,-0.007307
42,103,-0.007313
12,81,-0.007344
32,102,-0.007365
16,101,-0.007381
62,103,-0.007393
12,57,-0.007393
76,87,-0.007436
83,100,-0.007438
83,86,-0.007455
43,76,-0.007471
88,101,-0.007517
32,63,-0.007517
44,56,-0.007518
26,91,-0.007519
14,31,-0.007526
31,98,-0.007547
9,76,-0.007560
12,67,-0.007563
21,30,-0.007580
14,93,-0.007580
64,101,-0.007622
2,46,-0.007630
55,64,-0.007635
20,85,-0.007711
27,31,-0.007751
10,67,-0.007754
62,95,-0.007759
89,101,-0.007763
6,72,-0.007807
30,101,-0.007810
1,55,-0.007855
14,103,-0.007856
43,80,-0.007890
32,98,-0.007893
55,76,-0.007904
24,44,-0.007913
47,101,-0.007919
4,58,-0.007933
18,100,-0.007935
42,63,-0.007951
89,102,-0.007997
12,34,-0.007998
6,64,-0.008003
56,65,-0.008010
5,46,-0.008018
14,97,-0.008047
30,102,-0.008048
8,20,-0.008053
47,100,-0.008064
18,39,-0.008096
86,89,-0.008097
27,103,-0.008120
36,94,-0.008128
24,73,-0.008139
14,75,-0.008157
11,95,-0.008159
60,70,-0.008176
93,103,-0.008201
47,52,-0.008206
61,71,-0.008220
9,42,-0.008222
1,71,-0.008247
16,44,-0.008256
42,71,-0.008265
8,75,-0.008273
45,73,-0.008297
10,27,-0.008304
46,62,-0.008318
29,72,-0.008331
9,65,-0.008362
50,71,-0.008362
21,102,-0.008390
34,100,-0.008392
18,96,-0.008395
67,101,-0.008410
3,56,-0.008421
76,100,-0.008426
11,82,-0.008442
70,102,-0.008442
7,42,-0.008453
5,55,-0.008456
23,64,-0.008465
90,101,-0.008472
31,46,-0.008473
86,100,-0.008483
40,53,-0.008521
44,58,-0.008531
7,60,-0.008564
1,85,-0.008599
46,92,-0.008614
40,102,-0.008619
55,93,-0.008620
34,103,-0.008631
12,14,-0.008635
32,35,-0.008635
17,64,-0.008660
82,92,-0.008677
77,86,-0.008706
68,103,-0.008709
34,40,-0.008713
52,90,-0.008732
15,44,-0.008734
42,70,-0.008760
16,60,-0.008785
29,101,-0.008794
11,29,-0.008810
28,72,-0.008813
82,100,-0.008829
54,61,-0.008835
44,64,-0.008841
89,103,-0.008850
39,91,-0.008864
37,40,-0.008884
5,59,-0.008895
33,47,-0.008907
2,73,-0.008908
42,97,-0.008920
21,45,-0.008926
7,66,-0.008926
38,100,-0.008942
67,85,-0.008965
54,63,-0.008977
81,92,-0.009014
43,68,-0.009015
1,69,-0.009023
27,102,-0.009031
63,99,-0.009041
58,92,-0.009052
26,37,-0.009057
14,80,-0.009066
33,90,-0.009080
3,66,-0.009083
28,32,-0.009090
5,98,-0.009115
15,103,-0.009117
90,103,-0.009138
62,79,-0.009149
44,72,-0.009165
58,100,-0.009179
17,103,-0.009189
50,57,-0.009192
28,67,-0.009201
1,82,-0.009209
9,61,-0.009211
7,30,-0.009221
1,58,-0.009224
3,58,-0.009266
6,71,-0.009267
68,80,-0.009281
44,69,-0.009285
34,61,-0.009301
5,33,-0.009314
18,67,-0.009327
23,59,-0.009327
6,98,-0.009331
9,59,-0.009343
36,44,-0.009348
9,32,-0.009358
43,94,-0.009360
16,37,-0.009370
12,41,-0.009385
57,99,-0.009385
37,65,-0.009399
63,94,-0.009469
23,103,-0.009473
28,35,-0.009474
29,87,-0.009489
50,67,-0.009498
7,34,-0.009498
35,78,-0.009508
18,103,-0.009530
8,34,-0.009577
45,89,-0.009610
29,103,-0.009616
45,65,-0.009623
31,69,-0.009626
1,84,-0.009628
82,99,-0.009644
6,58,-0.009651
16,83,-0.009680
47,66,-0.009691
34,64,-0.009708
8,65,-0.009711
18,62,-0.009711
81,97,-0.009719
12,85,-0.009727
9,68,-0.009728
30,36,-0.009728
45,100,-0.009732
10,40,-0.009732
68,101,-0.009746
43,71,-0.009757
38,97,-0.009764
1,86,-0.009771
7,86,-0.009779
41,91,-0.009780
19,101,-0.009787
12,88,-0.009791
44,57,-0.009792
42,102,-0.009837
47,65,-0.009893
64,95,-0.009893
29,95,-0.009913
40,71,-0.009927
66,68,-0.009928
50,65,-0.009952
63,103,-0.009983
40,97,-0.010000
1,75,-0.010001
43,100,-0.010003
85,98,-0.010027
46,102,-0.010040
39,100,-0.010046
44,78,-0.010046
20,74,-0.010063
56,99,-0.010106
74,92,-0.010108
44,51,-0.010109
38,44,-0.010110
70,89,-0.010112
67,72,-0.010120
24,71,-0.010121
4,97,-0.010121
16,70,-0.010126
15,85,-0.010149
76,103,-0.010171
71,102,-0.010177
89,94,-0.010185
71,77,-0.010191
61,81,-0.010220
14,42,-0.010235
8,57,-0.010236
9,47,-0.010247
53,65,-0.010248
82,91,-0.010269
24,94,-0.010275
4,40,-0.010293
7,53,-0.010294
4,72,-0.010297
24,37,-0.010301
67,87,-0.010312
2,96,-0.010323
8,36,-0.010334
23,95,-0.010339
17,42,-0.010347
28,101,-0.010352
71,80,-0.010371
62,97,-0.010373
18,59,-0.010383
41,79,-0.010385
23,102,-0.010441
80,103,-0.010464
58,102,-0.010483
68,70,-0.010484
62,101,-0.010506
20,43,-0.010531
37,73,-0.010538
16,51,-0.010539
35,102,-0.010549
67,90,-0.010551
8,100,-0.010567
24,68,-0.010572
63,101,-0.010575
9,36,-0.010630
8,88,-0.010639
19,103,-0.010658
7,70,-0.010669
8,80,-0.010672
28,31,-0.010703
60,92,-0.010728
35,101,-0.010738
14,90,-0.010765
5,40,-0.010772
50,91,-0.010789
15,32,-0.010807
26,101,-0.010815
27,52,-0.010819
17,41,-0.010824
2,34,-0.010835
42,74,-0.010853
17,80,-0.010857
54,99,-0.010888
53,84,-0.010894
35,43,-0.010899
38,79,-0.010950
13,85,-0.010964
8,64,-0.010995
7,77,-0.011057
54,68,-0.011085
10,20,-0.011087
75,87,-0.011101
89,97,-0.011101
4,73,-0.011106
30,77,-0.011107
61,99,-0.011109
57,75,-0.011111
29,32,-0.011123
7,47,-0.011160
59,102,-0.011166
28,96,-0.011167
28,84,-0.011189
44,79,-0.011204
53,62,-0.011213
29,67,-0.011226
6,66,-0.011256
39,75,-0.011257
2,59,-0.011277
51,77,-0.011289
76,88,-0.011302
2,97,-0.011336
62,94,-0.011344
14,73,-0.011346
31,48,-0.011352
2,47,-0.011375
16,97,-0.011384
1,96,-0.011411
28,51,-0.011437
2,55,-0.011444
3,97,-0.011445
11,101,-0.011502
30,91,-0.011520
58,103,-0.011520
28,45,-0.011521
1,40,-0.011538
2,56,-0.011559
56,75,-0.011565
2,77,-0.011565
61,96,-0.011567
40,56,-0.011589
41,78,-0.011594
19,46,-0.011595
48,91,-0.011596
43,61,-0.011597
3,77,-0.011617
9,79,-0.011625
27,56,-0.011633
75,81,-0.011634
21,62,-0.011659
76,90,-0.011682
9,100,-0.011685
12,58,-0.011687
31,74,-0.011693
28,64,-0.011695
49,59,-0.011765
46,65,-0.011776
11,57,-0.011781
7,80,-0.011783
28,69,-0.011819
37,67,-0.011861
42,55,-0.011869
64,70,-0.011872
68,96,-0.011882
1,91,-0.011886
74,87,-0.011891
4,77,-0.011899
9,80,-0.011914
7,58,-0.011915
74,88,-0.011934
54,93,-0.011948
41,103,-0.011951
1,87,-0.011955
15,102,-0.011994
56,72,-0.012007
1,74,-0.012032
26,100,-0.012070
62,77,-0.012072
20,77,-0.012135
7,72,-0.012147
7,83,-0.012159
45,70,-0.012270
84,100,-0.012295
10,57,-0.012298
32,44,-0.012311
57,86,-0.012312
33,65,-0.012324
81,95,-0.012347
34,91,-0.012351
24,34,-0.012352
24,99,-0.012360
16,76,-0.012366
14,78,-0.012375
32,65,-0.012378
18,85,-0.012378
80,89,-0.012386
88,96,-0.012408
32,84,-0.012431
43,90,-0.012444
23,76,-0.012473
26,102,-0.012485
19,65,-0.012487
47,98,-0.012488
26,67,-0.012494
22,70,-0.012500
44,55,-0.012505
62,99,-0.012513
25,81,-0.012528
53,96,-0.012533
50,55,-0.012551
18,102,-0.012560
4,71,-0.012561
27,71,-0.012570
41,90,-0.012583
43,73,-0.012595
18,63,-0.012606
33,74,-0.012610
74,99,-0.012628
33,58,-0.012634
7,46,-0.012637
74,100,-0.012662
24,97,-0.012666
7,99,-0.012733
1,78,-0.012802
63,100,-0.012823
59,103,-0.012835
46,95,-0.012843
25,38,-0.012849
13,65,-0.012862
26,98,-0.012867
31,86,-0.012889
38,85,-0.012897
70,81,-0.012900
38,67,-0.012936
10,52,-0.012959
10,36,-0.013001
7,40,-0.013007
21,90,-0.013032
49,86,-0.013033
55,102,-0.013034
45,58,-0.013036
28,81,-0.013036
25,94,-0.013040
20,88,-0.013046
10,100,-0.013050
38,39,-0.013061
41,95,-0.013070
62,102,-0.013071
7,64,-0.013073
2,71,-0.013076
47,102,-0.013079
14,37,-0.013088
20,45,-0.013095
4,69,-0.013134
4,85,-0.013142
35,77,-0.013156
38,73,-0.013186
5,85,-0.013195
40,58,-0.013206
26,89,-0.013222
9,66,-0.013226
24,30,-0.013237
13,90,-0.013260
18,74,-0.013264
73,94,-0.013308
9,89,-0.013321
16,68,-0.013322
80,87,-0.013329
55,103,-0.013360
6,77,-0.013374
80,101,-0.013398
24,82,-0.013425
34,42,-0.013426
29,31,-0.013439
65,74,-0.013468
46,103,-0.013484
14,102,-0.013489
15,101,-0.013492
23,35,-0.013500
47,85,-0.013504
14,28,-0.013521
6,52,-0.013522
16,26,-0.013524
7,87,-0.013538
13,87,-0.013569
56,103,-0.013578
61,69,-0.013587
13,75,-0.013587
56,91,-0.013596
56,102,-0.013617
33,79,-0.013642
33,38,-0.013654
12,97,-0.013657
14,89,-0.013661
3,72,-0.013663
7,67,-0.013664
25,65,-0.013671
9,62,-0.013701
53,94,-0.013707
24,67,-0.013709
11,77,-0.013722
1,92,-0.013731
68,84,-0.013734
9,90,-0.013766
23,40,-0.013794
20,86,-0.013798
18,88,-0.013801
25,29,-0.013804
1,95,-0.013828
40,101,-0.013854
39,65,-0.013867
6,94,-0.013896
15,99,-0.013908
55,68,-0.013917
26,39,-0.013949
26,99,-0.013950
32,69,-0.013962
39,64,-0.013973
59,73,-0.013987
28,50,-0.014000
39,97,-0.014020
8,68,-0.014029
64,89,-0.014041
32,101,-0.014077
28,88,-0.014082
19,102,-0.014085
19,91,-0.014087
9,20,-0.014103
30,45,-0.014109
48,76,-0.014141
5,69,-0.014157
7,52,-0.014179
8,83,-0.014192
48,97,-0.014229
37,87,-0.014257
18,101,-0.014265
75,86,-0.014266
18,76,-0.014279
34,93,-0.014279
6,92,-0.014283
21,101,-0.014314
52,99,-0.014315
7,65,-0.014336
11,79,-0.014368
67,69,-0.014396
56,100,-0.014400
20,82,-0.014405
6,65,-0.014431
52,101,-0.014460
55,94,-0.014477
17,74,-0.014481
40,72,-0.014527
3,73,-0.014531
12,42,-0.014552
39,77,-0.014553
35,49,-0.014578
60,96,-0.014590
27,39,-0.014606
17,45,-0.014607
50,93,-0.014607
56,101,-0.014612
28,100,-0.014617
9,46,-0.014619
36,83,-0.014620
55,85,-0.014622
9,88,-0.014672
74,85,-0.014674
13,18,-0.014678
23,45,-0.014692
20,98,-0.014696
47,75,-0.014737
32,83,-0.014740
58,76,-0.014791
25,63,-0.014803
58,85,-0.014807
10,80,-0.014829
24,76,-0.014833
22,85,-0.014843
32,46,-0.014851
14,101,-0.014856
4,82,-0.014869
3,85,-0.014881
42,101,-0.014900
7,78,-0.014949
17,46,-0.014953
9,40,-0.014953
13,28,-0.014964
43,74,-0.015015
14,87,-0.015020
52,95,-0.015034
11,24,-0.015046
12,84,-0.015053
8,50,-0.015058
4,84,-0.015069
4,75,-0.015095
21,40,-0.015097
19,40,-0.015106
20,41,-0.015122
27,75,-0.015183
37,94,-0.015190
7,69,-0.015201
42,56,-0.015205
24,65,-0.015211
32,51,-0.015245
37,92,-0.015250
28,74,-0.015250
52,67,-0.015255
27,46,-0.015259
73,97,-0.015259
71,92,-0.015268
7,79,-0.015274
3,71,-0.015274
18,40,-0.015283
29,56,-0.015296
61,85,-0.015326
53,72,-0.015329
68,99,-0.015337
70,76,-0.015348
46,78,-0.015385
5,66,-0.015387
34,92,-0.015397
22,63,-0.015398
20,48,-0.015401
16,33,-0.015413
31,87,-0.015427
37,85,-0.015428
21,72,-0.015436
5,97,-0.015439
21,68,-0.015442
12,28,-0.015477
9,78,-0.015511
3,82,-0.015513
4,86,-0.015527
35,42,-0.015536
5,72,-0.015537
64,84,-0.015547
7,84,-0.015547
26,35,-0.015554
39,81,-0.015567
2,72,-0.015576
53,64,-0.015587
46,67,-0.015603
18,72,-0.015616
58,68,-0.015617
45,84,-0.015627
40,94,-0.015636
58,89,-0.015643
20,91,-0.015662
10,60,-0.015663
14,99,-0.015684
12,83,-0.015692
40,44,-0.015698
53,80,-0.015707
52,86,-0.015711
13,81,-0.015729
41,74,-0.015741
4,55,-0.015744
12,36,-0.015745
28,42,-0.015777
52,98,-0.015792
29,45,-0.015794
40,61,-0.015797
3,55,-0.015826
75,98,-0.015830
25,48,-0.015831
17,61,-0.015831
17,102,-0.015875
2,86,-0.015883
41,68,-0.015888
46,100,-0.015905
5,73,-0.015918
45,83,-0.015948
8,33,-0.015959
11,100,-0.015959
33,39,-0.015965
47,61,-0.015966
5,77,-0.015980
5,56,-0.015996
18,83,-0.016006
15,90,-0.016018
15,91,-0.016039
17,36,-0.016044
3,69,-0.016094
17,44,-0.016097
44,73,-0.016108
48,68,-0.016129
32,99,-0.016131
7,63,-0.016147
23,28,-0.016183
15,59,-0.016187
1,64,-0.016204
63,89,-0.016211
43,66,-0.016216
4,96,-0.016236
3,86,-0.016238
16,100,-0.016248
21,85,-0.016249
42,69,-0.016301
27,65,-0.016305
27,66,-0.016319
2,82,-0.016321
12,99,-0.016321
2,84,-0.016321
14,43,-0.016323
23,56,-0.016333
28,79,-0.016357
10,84,-0.016368
36,48,-0.016372
66,75,-0.016375
11,83,-0.016381
47,78,-0.016381
24,35,-0.016398
5,71,-0.016432
40,66,-0.016435
29,44,-0.016486
44,80,-0.016508
2,69,-0.016512
49,66,-0.016518
31,47,-0.016537
79,92,-0.016540
50,82,-0.016542
15,100,-0.016552
14,46,-0.016553
69,100,-0.016580
11,68,-0.016586
58,79,-0.016631
13,70,-0.016662
12,44,-0.016668
47,60,-0.016690
18,45,-0.016757
72,99,-0.016766
9,75,-0.016771
10,78,-0.016801
19,44,-0.016836
18,46,-0.016856
35,83,-0.016888
41,102,-0.016891
3,84,-0.016911
55,70,-0.016920
30,95,-0.016943
19,100,-0.016959
22,41,-0.016969
16,45,-0.016986
16,98,-0.016997
28,61,-0.017044
22,45,-0.017077
23,62,-0.017097
38,81,-0.017111
77,92,-0.017143
11,25,-0.017195
46,87,-0.017200
1,79,-0.017213
7,93,-0.017216
18,82,-0.017243
4,74,-0.017259
3,74,-0.017270
24,81,-0.017278
80,99,-0.017286
51,63,-0.017306
10,64,-0.017375
9,58,-0.017375
53,59,-0.017386
50,89,-0.017415
12,98,-0.017416
71,93,-0.017427
3,87,-0.017434
38,95,-0.017453
10,90,-0.017471
47,93,-0.017481
67,76,-0.017517
4,87,-0.017522
49,93,-0.017547
36,93,-0.017547
19,76,-0.017549
1,94,-0.017559
14,92,-0.017560
81,98,-0.017579
34,71,-0.017587
19,59,-0.017599
61,73,-0.017607
55,101,-0.017619
3,96,-0.017621
81,96,-0.017625
25,71,-0.017647
34,44,-0.017653
21,86,-0.017671
6,55,-0.017692
4,91,-0.017698
66,84,-0.017705
30,55,-0.017717
41,84,-0.017736
15,49,-0.017791
80,88,-0.017792
26,81,-0.017801
38,89,-0.017845
6,73,-0.017855
6,97,-0.017877
28,37,-0.017887
6,69,-0.017895
48,69,-0.017896
20,83,-0.017901
1,93,-0.017910
24,46,-0.017910
26,96,-0.017916
12,24,-0.017930
18,48,-0.017938
39,99,-0.017968
57,76,-0.017978
33,71,-0.017995
9,60,-0.018017
31,76,-0.018031
41,93,-0.018036
42,60,-0.018044
6,85,-0.018052
2,85,-0.018062
53,78,-0.018070
8,67,-0.018079
7,98,-0.018098
11,56,-0.018138
31,65,-0.018140
33,60,-0.018161
66,92,-0.018190
40,79,-0.018205
44,75,-0.018207
27,74,-0.018232
35,50,-0.018247
26,82,-0.018286
18,57,-0.018305
23,79,-0.018308
2,91,-0.018365
15,94,-0.018371
25,45,-0.018385
59,92,-0.018388
35,96,-0.018417
29,93,-0.018418
19,34,-0.018427
7,91,-0.018461
46,94,-0.018464
9,41,-0.018464
81,89,-0.018476
48,59,-0.018478
32,39,-0.018481
71,76,-0.018486
41,50,-0.018497
39,52,-0.018502
80,86,-0.018522
21,95,-0.018541
2,75,-0.018546
75,89,-0.018549
10,76,-0.018563
25,95,-0.018614
32,94,-0.018628
3,75,-0.018669
4,78,-0.018673
2,74,-0.018680
33,99,-0.018680
69,82,-0.018681
36,66,-0.018713
11,80,-0.018740
71,86,-0.018764
88,98,-0.018795
17,89,-0.018830
17,97,-0.018834
31,70,-0.018844
72,89,-0.018881
21,32,-0.018899
70,72,-0.018903
10,34,-0.018907
14,61,-0.018941
16,34,-0.018949
43,84,-0.018955
20,95,-0.018965
6,86,-0.019009
16,25,-0.019017
45,87,-0.019022
9,67,-0.019037
38,45,-0.019065
1,65,-0.019073
57,85,-0.019074
33,62,-0.019075
43,52,-0.019111
2,87,-0.019129
23,68,-0.019151
45,64,-0.019153
8,59,-0.019164
39,94,-0.019166
3,91,-0.019225
31,94,-0.019237
7,88,-0.019238
19,72,-0.019239
53,87,-0.019248
1,83,-0.019256
49,69,-0.019282
56,93,-0.019312
52,75,-0.019319
9,85,-0.019324
55,83,-0.019326
7,90,-0.019344
12,68,-0.019349
35,93,-0.019351
3,92,-0.019352
77,85,-0.019354
7,36,-0.019362
25,75,-0.019364
60,74,-0.019368
14,64,-0.019378
5,82,-0.019385
79,99,-0.019390
17,47,-0.019411
11,85,-0.019432
6,82,-0.019438
40,43,-0.019440
74,94,-0.019440
41,61,-0.019488
4,95,-0.019494
29,46,-0.019520
1,70,-0.019523
47,58,-0.019541
88,100,-0.019571
8,66,-0.019577
4,92,-0.019579
43,92,-0.019596
20,34,-0.019601
21,96,-0.019650
45,53,-0.019655
62,76,-0.019677
29,77,-0.019685
50,73,-0.019685
5,86,-0.019708
16,31,-0.019713
16,81,-0.019719
3,95,-0.019755
6,68,-0.019788
6,62,-0.019798
57,92,-0.019812
87,93,-0.019844
14,25,-0.019863
6,91,-0.019870
77,88,-0.019941
24,31,-0.019952
8,46,-0.019956
42,77,-0.019975
5,92,-0.019981
53,68,-0.020000
30,70,-0.020009
28,56,-0.020021
16,72,-0.020040
45,62,-0.020060
8,63,-0.020072
59,99,-0.020078
20,49,-0.020084
2,78,-0.020088
12,95,-0.020109
69,91,-0.020137
57,71,-0.020169
43,88,-0.020186
2,94,-0.020189
16,48,-0.020189
48,94,-0.020203
23,34,-0.020213
2,92,-0.020257
49,74,-0.020273
21,71,-0.020285
28,58,-0.020286
27,43,-0.020286
45,81,-0.020295
58,99,-0.020310
10,59,-0.020355
35,72,-0.020372
5,65,-0.020372
22,82,-0.020427
36,45,-0.020435
77,93,-0.020440
5,78,-0.020443
7,68,-0.020455
33,94,-0.020457
22,49,-0.020463
41,72,-0.020476
41,58,-0.020491
41,56,-0.020493
41,63,-0.020509
42,57,-0.020517
10,82,-0.020547
6,93,-0.020552
1,76,-0.020563
34,66,-0.020567
21,89,-0.020571
5,84,-0.020591
24,40,-0.020609
29,33,-0.020624
8,62,-0.020633
32,89,-0.020645
82,93,-0.020668
1,62,-0.020701
48,93,-0.020701
24,85,-0.020730
38,91,-0.020761
2,65,-0.020770
31,81,-0.020774
21,100,-0.020780
5,75,-0.020830
9,82,-0.020895
2,95,-0.020924
4,64,-0.020931
55,97,-0.020942
55,98,-0.020961
45,94,-0.020993
17,31,-0.021001
6,87,-0.021024
6,95,-0.021053
48,67,-0.021058
43,82,-0.021070
7,82,-0.021086
28,94,-0.021116
30,59,-0.021137
14,60,-0.021139
50,63,-0.021141
40,73,-0.021154
14,72,-0.021189
46,71,-0.021196
82,88,-0.021198
11,66,-0.021205
27,76,-0.021224
13,24,-0.021254
14,74,-0.021321
3,78,-0.021337
49,99,-0.021371
19,37,-0.021386
44,77,-0.021402
33,45,-0.021419
26,80,-0.021421
39,74,-0.021426
62,80,-0.021456
28,85,-0.021458
23,48,-0.021477
42,86,-0.021480
3,64,-0.021503
5,87,-0.021504
16,39,-0.021566
45,90,-0.021611
45,86,-0.021631
13,55,-0.021650
44,62,-0.021653
12,23,-0.021654
8,60,-0.021661
54,67,-0.021672
29,71,-0.021686
67,97,-0.021709
31,85,-0.021726
1,88,-0.021744
7,76,-0.021761
2,70,-0.021805
1,80,-0.021821
61,68,-0.021850
16,88,-0.021879
29,50,-0.021922
13,22,-0.021923
18,58,-0.021947
12,90,-0.021995
31,51,-0.021996
45,82,-0.022006
60,86,-0.022016
11,99,-0.022024
26,77,-0.022074
11,46,-0.022091
20,71,-0.022116
37,75,-0.022116
29,84,-0.022146
47,94,-0.022147
5,96,-0.022162
37,96,-0.022188
31,35,-0.022203
32,86,-0.022206
28,70,-0.022220
44,89,-0.022230
70,98,-0.022242
76,82,-0.022265
30,75,-0.022283
1,67,-0.022298
69,89,-0.022306
4,65,-0.022308
12,61,-0.022364
31,99,-0.022368
72,86,-0.022415
29,70,-0.022428
53,71,-0.022431
72,87,-0.022432
15,58,-0.022455
67,84,-0.022472
15,24,-0.022473
3,65,-0.022481
68,97,-0.022497
21,37,-0.022509
33,96,-0.022552
20,54,-0.022562
16,75,-0.022570
37,81,-0.022603
31,57,-0.022630
30,92,-0.022643
74,93,-0.022648
37,90,-0.022655
76,99,-0.022659
13,32,-0.022691
35,81,-0.022770
12,94,-0.022806
61,77,-0.022817
11,36,-0.022841
1,68,-0.022847
34,48,-0.022930
50,56,-0.022949
18,44,-0.022967
13,83,-0.022969
65,81,-0.022988
5,79,-0.022991
35,75,-0.023055
30,94,-0.023065
73,85,-0.023078
17,52,-0.023086
6,84,-0.023136
34,98,-0.023140
31,71,-0.023159
4,79,-0.023185
54,83,-0.023185
10,50,-0.023194
39,73,-0.023211
10,62,-0.023227
50,64,-0.023242
5,74,-0.023271
13,56,-0.023287
18,77,-0.023305
6,67,-0.023306
47,96,-0.023327
44,92,-0.023332
26,85,-0.023362
4,94,-0.023375
1,90,-0.023383
32,91,-0.023386
30,43,-0.023397
27,95,-0.023439
43,62,-0.023452
7,89,-0.023459
54,98,-0.023470
28,93,-0.023529
24,55,-0.023569
12,60,-0.023572
15,84,-0.023600
3,79,-0.023617
39,89,-0.023650
17,98,-0.023668
3,94,-0.023746
15,68,-0.023819
44,86,-0.023832
23,99,-0.023880
11,72,-0.023924
14,94,-0.023980
4,93,-0.023988
49,63,-0.023998
25,90,-0.024006
24,29,-0.024031
43,95,-0.024070
55,99,-0.024075
45,78,-0.024076
4,62,-0.024115
73,96,-0.024192
17,59,-0.024202
43,89,-0.024237
66,93,-0.024269
5,68,-0.024300
48,96,-0.024319
26,83,-0.024358
8,76,-0.024402
44,74,-0.024402
18,99,-0.024405
55,69,-0.024417
6,79,-0.024452
45,77,-0.024458
6,75,-0.024459
54,79,-0.024468
20,99,-0.024485
38,75,-0.024493
47,88,-0.024506
5,91,-0.024540
12,39,-0.024573
38,65,-0.024586
31,96,-0.024614
26,92,-0.024616
17,87,-0.024639
56,87,-0.024644
45,56,-0.024655
12,69,-0.024656
82,94,-0.024676
2,93,-0.024679
5,83,-0.024688
19,69,-0.024692
17,101,-0.024750
46,59,-0.024757
35,41,-0.024785
5,62,-0.024800
42,73,-0.024849
4,83,-0.024849
6,78,-0.024853
52,82,-0.024857
32,75,-0.024936
47,69,-0.024945
57,84,-0.024971
40,81,-0.024985
4,70,-0.025006
43,57,-0.025008
42,90,-0.025036
28,80,-0.025059
40,45,-0.025111
6,96,-0.025119
36,41,-0.025126
75,82,-0.025130
15,43,-0.025130
42,96,-0.025134
21,73,-0.025163
1,63,-0.025178
2,79,-0.025197
25,62,-0.025240
34,60,-0.025250
11,55,-0.025257
2,64,-0.025266
7,73,-0.025288
38,72,-0.025297
28,43,-0.025304
20,35,-0.025333
44,94,-0.025354
37,74,-0.025367
17,79,-0.025374
12,91,-0.025378
36,71,-0.025417
13,89,-0.025433
31,92,-0.025433
11,61,-0.025451
72,92,-0.025512
2,62,-0.025533
48,87,-0.025534
60,89,-0.025544
5,94,-0.025552
50,69,-0.025579
6,74,-0.025593
49,80,-0.025605
45,92,-0.025619
36,68,-0.025620
16,55,-0.025630
49,96,-0.025641
40,83,-0.025642
24,45,-0.025648
74,83,-0.025670
84,99,-0.025684
23,72,-0.025724
82,86,-0.025726
6,70,-0.025737
32,87,-0.025747
82,96,-0.025761
3,83,-0.025774
36,42,-0.025782
37,72,-0.025790
37,62,-0.025795
6,83,-0.025822
32,85,-0.025837
3,93,-0.025870
32,47,-0.025878
37,41,-0.025899
18,65,-0.025905
5,93,-0.025922
49,76,-0.025924
8,99,-0.025941
27,41,-0.026028
9,84,-0.026029
21,70,-0.026039
15,57,-0.026046
17,100,-0.026052
25,78,-0.026060
45,69,-0.026094
30,60,-0.026103
14,88,-0.026106
22,71,-0.026133
22,50,-0.026140
3,62,-0.026143
6,63,-0.026151
86,93,-0.026155
58,83,-0.026175
26,56,-0.026198
43,60,-0.026218
15,63,-0.026251
18,47,-0.026256
16,93,-0.026283
13,41,-0.026290
59,95,-0.026291
12,73,-0.026302
78,93,-0.026360
46,84,-0.026365
11,75,-0.026377
4,67,-0.026413
29,43,-0.026428
7,62,-0.026431
53,97,-0.026434
46,63,-0.026451
4,76,-0.026509
63,81,-0.026527
88,99,-0.026536
41,60,-0.026537
5,95,-0.026572
62,83,-0.026660
23,69,-0.026663
65,87,-0.026716
45,67,-0.026738
35,48,-0.026755
24,78,-0.026760
59,83,-0.026762
7,94,-0.026772
19,32,-0.026779
19,64,-0.026783
10,85,-0.026807
89,98,-0.026824
45,71,-0.026832
14,49,-0.026845
29,64,-0.026846
35,62,-0.026855
14,39,-0.026897
16,35,-0.026911
5,76,-0.026916
14,40,-0.026939
61,91,-0.026941
44,53,-0.026942
26,75,-0.026973
35,98,-0.026986
15,70,-0.026999
22,89,-0.027005
69,87,-0.027011
54,87,-0.027019
52,71,-0.027021
67,96,-0.027062
5,70,-0.027091
39,98,-0.027132
2,68,-0.027144
49,60,-0.027170
20,39,-0.027210
13,93,-0.027221
32,40,-0.027252
15,74,-0.027263
5,64,-0.027264
31,38,-0.027266
24,86,-0.027289
27,45,-0.027290
32,82,-0.027299
4,68,-0.027309
53,75,-0.027313
31,40,-0.027350
13,96,-0.027357
65,92,-0.027364
26,65,-0.027367
24,38,-0.027368
9,99,-0.027424
69,93,-0.027428
73,93,-0.027441
37,98,-0.027449
12,78,-0.027525
29,58,-0.027583
23,63,-0.027590
38,98,-0.027622
9,64,-0.027625
84,95,-0.027661
2,83,-0.027672
7,97,-0.027706
34,83,-0.027709
22,99,-0.027712
27,85,-0.027721
20,75,-0.027723
52,53,-0.027737
58,78,-0.027753
29,89,-0.027755
45,74,-0.027765
58,86,-0.027812
23,53,-0.027830
44,90,-0.027833
23,58,-0.027835
31,91,-0.027836
24,52,-0.027840
34,55,-0.027844
34,99,-0.027924
3,70,-0.027929
65,82,-0.027930
40,67,-0.027940
46,69,-0.027979
15,35,-0.028017
25,53,-0.028044
42,52,-0.028065
34,88,-0.028068
34,63,-0.028071
39,53,-0.028079
42,51,-0.028100
12,53,-0.028107
4,80,-0.028126
52,78,-0.028133
17,66,-0.028139
27,97,-0.028141
11,88,-0.028159
4,88,-0.028163
70,85,-0.028163
36,61,-0.028206
49,90,-0.028207
39,79,-0.028219
68,90,-0.028319
38,68,-0.028378
70,83,-0.028399
9,77,-0.028421
25,84,-0.028441
32,95,-0.028515
28,89,-0.028534
26,74,-0.028539
8,71,-0.028567
78,89,-0.028576
29,48,-0.028580
4,63,-0.028608
25,74,-0.028609
27,93,-0.028613
7,95,-0.028640
40,65,-0.028672
2,67,-0.028689
27,82,-0.028711
20,96,-0.028728
47,64,-0.028740
73,83,-0.028772
6,90,-0.028782
61,84,-0.028790
72,82,-0.028791
43,72,-0.028805
48,98,-0.028829
39,55,-0.028864
33,77,-0.028890
29,60,-0.028911
14,95,-0.028933
48,80,-0.028980
29,47,-0.028989
54,55,-0.028992
86,98,-0.029022
18,66,-0.029024
22,37,-0.029027
37,68,-0.029044
42,62,-0.029049
35,87,-0.029053
13,86,-0.029072
52,97,-0.029073
11,90,-0.029082
31,88,-0.029089
34,72,-0.029144
54,60,-0.029156
21,74,-0.029160
1,89,-0.029167
45,72,-0.029191
77,89,-0.029201
30,44,-0.029264
49,61,-0.029280
3,80,-0.029298
13,63,-0.029308
50,70,-0.029311
41,97,-0.029318
46,81,-0.029322
17,83,-0.029323
46,86,-0.029325
3,67,-0.029336
3,76,-0.029366
14,36,-0.029383
37,70,-0.029386
39,83,-0.029394
48,90,-0.029414
9,39,-0.029418
29,79,-0.029452
43,70,-0.029465
16,41,-0.029484
11,48,-0.029489
6,88,-0.029489
5,63,-0.029490
36,47,-0.029513
11,60,-0.029521
15,42,-0.029524
6,80,-0.029534
3,88,-0.029535
37,97,-0.029551
15,34,-0.029573
2,76,-0.029591
13,84,-0.029596
29,83,-0.029628
30,98,-0.029641
49,71,-0.029645
35,70,-0.029676
4,90,-0.029698
73,79,-0.029728
38,70,-0.029740
37,42,-0.029754
25,80,-0.029754
25,77,-0.029785
30,87,-0.029808
40,74,-0.029825
18,55,-0.029955
17,92,-0.029963
19,35,-0.029980
40,52,-0.030007
15,27,-0.030042
3,68,-0.030113
2,63,-0.030134
2,88,-0.030147
25,87,-0.030149
35,46,-0.030170
38,71,-0.030202
66,79,-0.030220
13,34,-0.030241
19,48,-0.030267
10,99,-0.030269
45,52,-0.030269
16,28,-0.030323
22,56,-0.030338
49,75,-0.030348
18,60,-0.030431
37,89,-0.030465
52,76,-0.030511
29,96,-0.030548
29,52,-0.030551
5,67,-0.030554
13,59,-0.030561
29,88,-0.030567
2,80,-0.030574
36,55,-0.030619
5,80,-0.030620
27,88,-0.030643
27,64,-0.030654
36,63,-0.030656
40,85,-0.030686
47,79,-0.030687
32,66,-0.030696
8,84,-0.030733
29,49,-0.030734
37,77,-0.030747
21,63,-0.030751
57,93,-0.030813
39,67,-0.030813
18,41,-0.030830
27,51,-0.030834
65,96,-0.030841
70,95,-0.030893
10,63,-0.030918
34,87,-0.030933
42,89,-0.030981
24,63,-0.031009
29,62,-0.031024
12,66,-0.031048
50,75,-0.031093
43,93,-0.031093
24,61,-0.031139
43,55,-0.031176
2,90,-0.031214
39,93,-0.031215
27,68,-0.031277
3,90,-0.031291
63,84,-0.031369
55,82,-0.031380
14,51,-0.031387
20,78,-0.031404
20,97,-0.031409
36,99,-0.031446
70,80,-0.031480
57,68,-0.031491
58,64,-0.031546
20,60,-0.031547
11,64,-0.031573
57,64,-0.031618
68,89,-0.031631
51,79,-0.031643
32,53,-0.031650
6,76,-0.031681
55,81,-0.031760
29,73,-0.031767
30,34,-0.031778
14,47,-0.031793
51,68,-0.031839
86,94,-0.031892
35,47,-0.031892
69,90,-0.031919
44,84,-0.031923
51,75,-0.031933
23,65,-0.031974
31,66,-0.031978
7,96,-0.031996
66,76,-0.032008
34,97,-0.032012
19,53,-0.032074
55,65,-0.032079
50,77,-0.032101
22,73,-0.032153
39,88,-0.032252
3,63,-0.032264
69,97,-0.032304
22,58,-0.032352
44,93,-0.032380
49,95,-0.032385
24,54,-0.032420
32,67,-0.032463
66,77,-0.032464
5,88,-0.032480
25,55,-0.032490
39,59,-0.032513
39,45,-0.032524
21,58,-0.032562
44,91,-0.032563
18,30,-0.032606
49,78,-0.032615
41,81,-0.032656
36,98,-0.032744
13,95,-0.032748
78,82,-0.032751
17,67,-0.032786
67,81,-0.032790
16,59,-0.032797
5,90,-0.032803
34,52,-0.032803
62,84,-0.032816
23,50,-0.032818
41,55,-0.032824
44,88,-0.032970
12,22,-0.032984
37,61,-0.032993
9,63,-0.033000
2,89,-0.033003
28,76,-0.033050
41,54,-0.033082
58,91,-0.033116
40,80,-0.033138
55,79,-0.033182
62,81,-0.033221
41,62,-0.033270
32,52,-0.033321
12,72,-0.033345
21,69,-0.033347
25,58,-0.033356
70,97,-0.033359
49,79,-0.033382
26,71,-0.033385
27,90,-0.033396
13,60,-0.033413
44,82,-0.033456
57,77,-0.033485
36,95,-0.033496
40,77,-0.033500
29,80,-0.033512
26,48,-0.033593
51,97,-0.033621
35,71,-0.033622
62,78,-0.033651
64,99,-0.033663
32,58,-0.033675
25,37,-0.033702
48,95,-0.033724
38,42,-0.033764
12,64,-0.033767
61,87,-0.033812
24,60,-0.033819
30,80,-0.033852
57,98,-0.033888
13,62,-0.033892
51,85,-0.033941
41,71,-0.034060
47,95,-0.034077
16,89,-0.034090
17,78,-0.034094
53,91,-0.034129
29,90,-0.034142
75,92,-0.034147
28,86,-0.034202
8,77,-0.034228
36,97,-0.034278
21,88,-0.034293
18,43,-0.034322
43,99,-0.034331
42,87,-0.034341
18,92,-0.034354
21,77,-0.034415
39,68,-0.034434
51,82,-0.034470
15,81,-0.034506
26,73,-0.034530
45,93,-0.034557
34,81,-0.034641
21,51,-0.034646
44,99,-0.034666
33,85,-0.034667
49,97,-0.034769
73,87,-0.034784
50,60,-0.034795
22,30,-0.034897
59,77,-0.034933
12,96,-0.034976
37,93,-0.034982
28,95,-0.034985
37,47,-0.034998
52,58,-0.035037
22,35,-0.035098
49,72,-0.035138
30,33,-0.035147
51,99,-0.035154
35,79,-0.035156
18,81,-0.035158
66,99,-0.035162
52,77,-0.035173
47,90,-0.035197
64,73,-0.035199
41,85,-0.035204
59,75,-0.035314
11,50,-0.035390
23,88,-0.035415
19,81,-0.035415
45,99,-0.035434
40,76,-0.035441
50,54,-0.035454
7,74,-0.035472
16,82,-0.035565
17,95,-0.035602
53,56,-0.035677
20,42,-0.035679
52,69,-0.035679
18,89,-0.035693
29,97,-0.035698
19,77,-0.035709
3,89,-0.035726
51,72,-0.035776
15,40,-0.035783
39,62,-0.035820
21,92,-0.035848
17,96,-0.035939
30,42,-0.035949
55,84,-0.035968
54,85,-0.035977
12,45,-0.036058
28,63,-0.036076
49,62,-0.036107
4,89,-0.036110
26,68,-0.036111
33,57,-0.036118
18,93,-0.036172
41,88,-0.036190
25,60,-0.036201
61,92,-0.036204
62,85,-0.036216
33,87,-0.036249
26,51,-0.036259
66,85,-0.036268
16,69,-0.036328
14,52,-0.036429
61,70,-0.036489
46,77,-0.036553
10,71,-0.036559
39,61,-0.036577
43,77,-0.036580
37,71,-0.036608
36,54,-0.036617
16,78,-0.036639
43,96,-0.036681
17,50,-0.036743
47,63,-0.036760
49,54,-0.036815
50,61,-0.036824
30,67,-0.036829
43,91,-0.036851
20,84,-0.036857
14,35,-0.036903
73,80,-0.036907
45,91,-0.036920
50,86,-0.036945
71,81,-0.036966
45,80,-0.036967
21,93,-0.036979
30,74,-0.036990
28,53,-0.036996
19,38,-0.037118
37,59,-0.037174
13,64,-0.037186
5,89,-0.037198
63,87,-0.037220
54,80,-0.037224
38,58,-0.037264
13,92,-0.037283
66,94,-0.037305
22,92,-0.037321
32,49,-0.037358
27,37,-0.037465
69,98,-0.037535
16,64,-0.037585
6,89,-0.037621
27,91,-0.037621
38,69,-0.037622
42,95,-0.037630
31,64,-0.037650
66,87,-0.037650
33,54,-0.037738
8,98,-0.037745
41,92,-0.037758
30,84,-0.037853
23,55,-0.037951
34,67,-0.037986
11,76,-0.037995
14,66,-0.038088
7,75,-0.038177
13,33,-0.038182
12,46,-0.038289
59,82,-0.038356
23,70,-0.038374
19,73,-0.038404
48,66,-0.038497
36,52,-0.038545
57,79,-0.038606
24,70,-0.038672
14,83,-0.038688
22,84,-0.038702
16,65,-0.038712
25,59,-0.038753
21,66,-0.038760
24,56,-0.038785
32,37,-0.038883
45,97,-0.038908
16,54,-0.038963
20,64,-0.038969
59,86,-0.039006
41,52,-0.039039
58,77,-0.039074
20,58,-0.039076
15,54,-0.039101
36,81,-0.039139
19,43,-0.039173
13,71,-0.039173
9,71,-0.039178
49,67,-0.039188
30,65,-0.039229
19,87,-0.039325
20,57,-0.039326
12,32,-0.039357
38,55,-0.039366
47,87,-0.039371
46,74,-0.039406
33,41,-0.039431
86,96,-0.039522
40,90,-0.039573
58,97,-0.039574
16,53,-0.039623
27,96,-0.039647
71,89,-0.039652
26,30,-0.039693
48,56,-0.039757
18,34,-0.039808
41,77,-0.039819
52,94,-0.039831
39,85,-0.039864
49,70,-0.039872
16,94,-0.039875
10,98,-0.039887
42,54,-0.039945
55,73,-0.040034
26,93,-0.040037
25,73,-0.040041
20,69,-0.040106
57,95,-0.040157
83,89,-0.040171
20,36,-0.040174
15,82,-0.040189
30,71,-0.040195
20,73,-0.040201
15,39,-0.040222
47,84,-0.040225
62,74,-0.040233
38,66,-0.040301
53,58,-0.040310
19,70,-0.040387
16,73,-0.040399
44,95,-0.040505
61,82,-0.040530
40,82,-0.040571
41,80,-0.040591
56,85,-0.040676
74,96,-0.040704
46,99,-0.040733
57,80,-0.040734
66,97,-0.040764
17,73,-0.040771
40,95,-0.040773
18,73,-0.040794
57,90,-0.040827
39,66,-0.040828
9,72,-0.040913
10,92,-0.040916
24,80,-0.041036
48,73,-0.041071
53,98,-0.041182
21,81,-0.041198
34,47,-0.041268
20,51,-0.041322
9,98,-0.041323
49,58,-0.041353
54,72,-0.041384
23,52,-0.041384
21,94,-0.041392
54,95,-0.041406
67,99,-0.041451
32,56,-0.041468
56,81,-0.041528
34,82,-0.041529
25,34,-0.041532
36,50,-0.041532
14,81,-0.041591
22,69,-0.041851
30,93,-0.041880
51,78,-0.041882
8,92,-0.041890
25,85,-0.041935
24,90,-0.041936
28,77,-0.041978
17,84,-0.042050
37,79,-0.042088
16,21,-0.042122
73,95,-0.042135
12,43,-0.042280
13,46,-0.042326
14,84,-0.042383
37,91,-0.042429
27,67,-0.042446
38,80,-0.042453
13,97,-0.042460
12,75,-0.042465
23,84,-0.042497
9,92,-0.042537
34,95,-0.042546
14,48,-0.042609
77,90,-0.042613
29,91,-0.042635
23,54,-0.042714
18,69,-0.042755
40,55,-0.042756
38,60,-0.042786
37,84,-0.042798
23,73,-0.042834
46,66,-0.042867
34,79,-0.042869
18,87,-0.042902
48,78,-0.042935
36,78,-0.042952
14,86,-0.042965
30,90,-0.042976
32,92,-0.042991
17,72,-0.043019
11,81,-0.043042
53,79,-0.043043
30,81,-0.043048
16,57,-0.043056
51,65,-0.043149
20,61,-0.043156
33,53,-0.043225
33,50,-0.043260
53,61,-0.043288
8,72,-0.043366
37,80,-0.043425
64,85,-0.043468
20,53,-0.043527
30,64,-0.043534
28,54,-0.043545
29,65,-0.043545
30,40,-0.043559
35,69,-0.043564
55,96,-0.043585
21,47,-0.043651
22,48,-0.043651
17,37,-0.043670
29,66,-0.043784
39,63,-0.043797
33,70,-0.043926
27,47,-0.043990
11,40,-0.044017
13,19,-0.044024
23,77,-0.044069
25,35,-0.044089
39,57,-0.044128
56,70,-0.044233
81,93,-0.044290
39,76,-0.044310
21,91,-0.044344
20,52,-0.044357
17,51,-0.044363
11,86,-0.044422
71,90,-0.044440
57,97,-0.044481
23,87,-0.044482
28,87,-0.044497
19,62,-0.044510
29,51,-0.044568
15,73,-0.044574
45,95,-0.044592
21,39,-0.044655
11,65,-0.044674
52,81,-0.044717
42,66,-0.044787
40,60,-0.044799
58,95,-0.044801
31,63,-0.044812
38,74,-0.044813
68,86,-0.044822
44,70,-0.044861
48,88,-0.044902
37,60,-0.044981
58,84,-0.045005
51,93,-0.045025
54,97,-0.045192
29,75,-0.045200
53,69,-0.045287
30,82,-0.045305
27,72,-0.045331
61,86,-0.045349
35,91,-0.045378
14,76,-0.045396
32,88,-0.045423
17,58,-0.045445
13,52,-0.045457
34,46,-0.045460
29,76,-0.045534
50,66,-0.045555
45,96,-0.045591
18,53,-0.045722
22,53,-0.045726
56,97,-0.045730
21,34,-0.045765
27,36,-0.045795
17,91,-0.045939
40,98,-0.045949
25,76,-0.045957
20,79,-0.046029
45,98,-0.046077
54,78,-0.046100
12,26,-0.046184
33,37,-0.046261
28,55,-0.046273
30,97,-0.046282
32,54,-0.046368
33,56,-0.046379
66,80,-0.046428
10,72,-0.046452
23,81,-0.046576
62,86,-0.046597
23,37,-0.046667
51,98,-0.046693
44,98,-0.046775
18,84,-0.046827
25,56,-0.046846
70,90,-0.046850
42,64,-0.046866
46,73,-0.046921
18,70,-0.046971
17,82,-0.046971
27,84,-0.046983
12,37,-0.047036
38,93,-0.047055
38,59,-0.047072
36,65,-0.047157
13,91,-0.047158
37,78,-0.047209
13,40,-0.047254
51,91,-0.047263
42,88,-0.047265
48,89,-0.047292
32,50,-0.047306
12,65,-0.047312
37,83,-0.047318
62,82,-0.047366
51,94,-0.047374
37,56,-0.047434
55,74,-0.047477
30,50,-0.047534
52,65,-0.047641
52,64,-0.047653
14,56,-0.047653
54,96,-0.047688
34,75,-0.047690
22,39,-0.047704
29,68,-0.047803
34,86,-0.047848
28,91,-0.047958
18,78,-0.048020
32,81,-0.048080
16,30,-0.048136
17,76,-0.048172
33,91,-0.048205
11,51,-0.048245
52,70,-0.048248
24,87,-0.048254
23,86,-0.048369
29,37,-0.048369
41,53,-0.048430
65,86,-0.048487
48,74,-0.048501
14,63,-0.048510
66,81,-0.048524
51,61,-0.048525
53,83,-0.048532
53,92,-0.048571
42,84,-0.048580
58,81,-0.048603
70,87,-0.048609
35,52,-0.048620
46,51,-0.048638
40,54,-0.048674
15,77,-0.048787
40,88,-0.048811
41,76,-0.048827
43,98,-0.048845
16,90,-0.048858
12,80,-0.048876
39,60,-0.048959
62,96,-0.049015
25,54,-0.049048
33,82,-0.049121
26,88,-0.049175
27,58,-0.049187
53,81,-0.049220
31,78,-0.049257
38,92,-0.049262
52,83,-0.049327
13,49,-0.049339
32,74,-0.049410
42,91,-0.049421
44,96,-0.049431
41,57,-0.049552
53,89,-0.049553
70,93,-0.049635
53,82,-0.049652
17,75,-0.049741
38,47,-0.049789
26,90,-0.049805
57,94,-0.049811
71,82,-0.049848
46,70,-0.049850
65,85,-0.049887
17,63,-0.049911
20,63,-0.050008
37,95,-0.050129
23,51,-0.050226
28,73,-0.050318
46,54,-0.050338
27,98,-0.050340
28,57,-0.050375
23,74,-0.050391
17,65,-0.050402
30,61,-0.050436
8,97,-0.050460
36,85,-0.050476
20,55,-0.050481
66,95,-0.050497
13,78,-0.050518
29,92,-0.050552
56,84,-0.050570
47,77,-0.050574
59,84,-0.050679
16,84,-0.050705
24,51,-0.050746
11,92,-0.050807
40,68,-0.050823
13,76,-0.050910
56,77,-0.050961
47,73,-0.050989
69,85,-0.051022
13,94,-0.051028
21,82,-0.051145
30,56,-0.051217
62,91,-0.051298
13,82,-0.051319
19,74,-0.051407
38,78,-0.051412
25,70,-0.051435
17,62,-0.051508
26,38,-0.051553
48,62,-0.051558
52,96,-0.051614
34,59,-0.051640
30,78,-0.051728
32,38,-0.051761
33,66,-0.051771
40,59,-0.051814
13,42,-0.051991
22,86,-0.051994
13,58,-0.052029
31,53,-0.052060
27,87,-0.052127
15,48,-0.052184
15,56,-0.052188
58,80,-0.052252
82,89,-0.052257
49,52,-0.052271
20,67,-0.052281
13,68,-0.052305
12,71,-0.052354
25,66,-0.052420
39,95,-0.052498
9,91,-0.052530
11,49,-0.052608
15,62,-0.052678
17,56,-0.052815
21,67,-0.052913
26,66,-0.052916
38,57,-0.052937
53,93,-0.052944
26,55,-0.052944
17,71,-0.053075
66,78,-0.053084
21,84,-0.053188
59,70,-0.053344
20,62,-0.053344
10,97,-0.053355
19,49,-0.053432
20,46,-0.053434
22,34,-0.053437
69,92,-0.053443
60,82,-0.053449
39,90,-0.053462
38,64,-0.053487
24,57,-0.053559
25,49,-0.053628
47,51,-0.053783
21,50,-0.053797
13,98,-0.053824
27,69,-0.053835
42,53,-0.053846
41,73,-0.053899
36,58,-0.053920
39,58,-0.054022
11,39,-0.054036
27,60,-0.054086
17,85,-0.054140
8,73,-0.054145
26,62,-0.054154
16,63,-0.054184
37,64,-0.054237
33,89,-0.054256
29,86,-0.054381
16,86,-0.054401
44,97,-0.054461
40,62,-0.054473
9,97,-0.054496
27,83,-0.054566
58,93,-0.054569
23,82,-0.054774
41,69,-0.054789
40,91,-0.054999
24,36,-0.055011
20,56,-0.055015
20,59,-0.055041
8,93,-0.055084
31,54,-0.055121
14,53,-0.055258
36,59,-0.055297
36,72,-0.055466
20,89,-0.055584
31,89,-0.055600
37,82,-0.055655
17,77,-0.055687
11,53,-0.055729
43,97,-0.055799
36,75,-0.055810
14,82,-0.055946
47,67,-0.056168
33,84,-0.056230
8,91,-0.056269
16,66,-0.056337
52,59,-0.056349
39,92,-0.056353
17,90,-0.056371
73,84,-0.056379
31,50,-0.056505
66,83,-0.056544
33,86,-0.056578
9,73,-0.056621
39,78,-0.056629
25,64,-0.056665
25,88,-0.056702
16,49,-0.056803
11,78,-0.056839
14,54,-0.056871
62,87,-0.057120
27,49,-0.057184
27,77,-0.057321
10,73,-0.057412
18,86,-0.057521
22,57,-0.057525
18,51,-0.057560
26,69,-0.057571
57,83,-0.057618
58,87,-0.057736
13,80,-0.057789
21,53,-0.057789
19,86,-0.057857
27,48,-0.057891
28,82,-0.057979
35,53,-0.057983
25,51,-0.058079
40,49,-0.058137
26,36,-0.058304
48,63,-0.058316
41,87,-0.058384
19,54,-0.058422
39,70,-0.058464
39,86,-0.058470
37,55,-0.058530
40,84,-0.058631
56,83,-0.058680
73,88,-0.058738
10,91,-0.058745
24,84,-0.058823
14,77,-0.058824
30,85,-0.058900
51,64,-0.059355
15,88,-0.059373
17,57,-0.059385
35,85,-0.059498
37,76,-0.059499
36,87,-0.059511
36,90,-0.059571
38,63,-0.059589
23,92,-0.059608
51,80,-0.059663
66,96,-0.059677
17,70,-0.059796
50,58,-0.059825
31,52,-0.060123
34,38,-0.060189
9,93,-0.060196
18,37,-0.060320
38,51,-0.060417
24,92,-0.060495
30,49,-0.060624
35,86,-0.060740
49,88,-0.060832
40,64,-0.060842
11,74,-0.060869
69,86,-0.060978
23,66,-0.061185
15,66,-0.061237
16,80,-0.061246
33,49,-0.061251
54,92,-0.061303
52,74,-0.061553
58,82,-0.061580
17,81,-0.061617
57,81,-0.061636
66,91,-0.061674
23,36,-0.061678
17,60,-0.061694
69,94,-0.061695
17,49,-0.061874
27,80,-0.061880
48,70,-0.062014
29,57,-0.062039
26,53,-0.062114
12,74,-0.062121
22,66,-0.062132
54,90,-0.062227
8,96,-0.062355
26,54,-0.062356
49,83,-0.062675
17,88,-0.062741
54,82,-0.062762
40,69,-0.062835
69,83,-0.062946
53,76,-0.062977
16,56,-0.063373
38,86,-0.063375
22,54,-0.063586
19,88,-0.063750
82,85,-0.063791
10,93,-0.063859
26,87,-0.063890
15,69,-0.063918
50,68,-0.064022
23,89,-0.064061
9,95,-0.064116
40,87,-0.064184
51,67,-0.064283
27,81,-0.064474
8,95,-0.064603
36,88,-0.064609
27,78,-0.064730
40,78,-0.064907
15,36,-0.064941
24,89,-0.064970
84,89,-0.065063
64,82,-0.065158
51,96,-0.065163
26,70,-0.065321
49,55,-0.065606
48,79,-0.065618
46,53,-0.065680
8,94,-0.065723
54,71,-0.065855
9,94,-0.066063
10,95,-0.066181
39,69,-0.066199
25,89,-0.066233
51,95,-0.066342
22,51,-0.066701
10,96,-0.066936
8,74,-0.066988
17,53,-0.067020
57,87,-0.067104
9,96,-0.067281
66,82,-0.067299
38,48,-0.067302
34,89,-0.067360
52,61,-0.067749
52,72,-0.067787
22,88,-0.067836
14,27,-0.067840
10,94,-0.067976
9,74,-0.068150
16,62,-0.068349
47,53,-0.068582
30,79,-0.068615
19,36,-0.068727
73,82,-0.068768
37,63,-0.068980
27,86,-0.069129
59,87,-0.069181
16,77,-0.069488
48,65,-0.069583
12,47,-0.069891
60,69,-0.069938
51,81,-0.070143
13,39,-0.070175
18,54,-0.070306
21,54,-0.070308
19,51,-0.070466
29,81,-0.070822
13,79,-0.070934
19,82,-0.071305
21,36,-0.071319
51,83,-0.071370
10,74,-0.071456
12,48,-0.071469
29,53,-0.071523
15,53,-0.071737
51,87,-0.072147
24,49,-0.072184
13,61,-0.072463
25,36,-0.072502
52,68,-0.072660
17,93,-0.072995
34,85,-0.073412
30,41,-0.073790
26,57,-0.073999
47,70,-0.074226
18,36,-0.074279
49,94,-0.074376
27,73,-0.074716
37,46,-0.074958
50,88,-0.075064
28,78,-0.075130
26,58,-0.075163
49,53,-0.075176
54,84,-0.075400
30,83,-0.075831
25,86,-0.075901
20,66,-0.076125
57,82,-0.076213
66,98,-0.076281
23,57,-0.076628
14,79,-0.076755
39,87,-0.077064
25,57,-0.077556
41,86,-0.077736
23,67,-0.078032
53,85,-0.078402
21,57,-0.078651
17,94,-0.079250
25,69,-0.079409
40,63,-0.079409
14,68,-0.079886
36,46,-0.080020
47,86,-0.080514
51,71,-0.080572
49,57,-0.080626
56,82,-0.080948
14,70,-0.081038
52,73,-0.081086
54,59,-0.081436
46,57,-0.081765
27,54,-0.082180
69,78,-0.082434
38,84,-0.082470
49,91,-0.083342
50,62,-0.083688
67,82,-0.084058
12,50,-0.085572
30,47,-0.085647
70,82,-0.085693
33,92,-0.085915
13,88,-0.086313
56,86,-0.086422
26,49,-0.086652
13,77,-0.086905
32,57,-0.087008
36,57,-0.087598
41,70,-0.087834
21,49,-0.088154
51,60,-0.088323
38,83,-0.088507
52,80,-0.089257
36,92,-0.090014
57,78,-0.090660
54,75,-0.090675
22,36,-0.091096
15,51,-0.091206
28,92,-0.093115
41,66,-0.093467
50,59,-0.094509
31,58,-0.095622
17,86,-0.096924
50,90,-0.098326
17,54,-0.098734
39,56,-0.100593
26,84,-0.101661
18,49,-0.105679
48,57,-0.112070
