43 44 3.948820e+00
27 32 3.578432e+00
66 73 1.625246e+00
11 27 1.175730e+00
30 67 1.169433e+00
15 16 1.109351e+00
31 32 1.093134e+00
5 6 1.078916e+00
9 11 1.077467e+00
62 66 1.071617e+00
55 56 1.026083e+00
59 61 1.022242e+00
6 32 1.009896e+00
13 27 1.007667e+00
61 65 9.926387e-01
6 8 9.576739e-01
65 73 9.268797e-01
6 63 8.928937e-01
16 17 7.937883e-01
9 44 7.875145e-01
6 11 7.871623e-01
24 28 7.860578e-01
6 30 7.818231e-01
58 62 7.797945e-01
12 45 7.557342e-01
46 58 7.456567e-01
27 63 7.414117e-01
56 75 7.403141e-01
62 63 7.344820e-01
26 64 7.257172e-01
69 73 7.107548e-01
24 34 7.058602e-01
11 62 6.943565e-01
2 3 6.895256e-01
65 68 6.688637e-01
6 66 6.663961e-01
12 38 6.566668e-01
44 75 6.405678e-01
42 44 6.326670e-01
72 75 6.224358e-01
38 39 6.169479e-01
11 46 6.114745e-01
59 60 5.812477e-01
6 9 5.658009e-01
14 15 5.656974e-01
13 23 5.591846e-01
54 55 5.508739e-01
12 14 5.500881e-01
20 24 5.372868e-01
69 71 5.370578e-01
3 4 5.274326e-01
14 45 5.193945e-01
10 33 5.172766e-01
13 34 5.132614e-01
65 69 5.094368e-01
51 52 5.020644e-01
24 36 5.018801e-01
73 74 5.008229e-01
26 67 4.928046e-01
45 57 4.854795e-01
5 30 4.847889e-01
39 40 4.744297e-01
62 73 4.718045e-01
44 62 4.684145e-01
60 62 4.629080e-01
68 69 4.618659e-01
32 63 4.552995e-01
66 72 4.519375e-01
6 31 4.511245e-01
25 29 4.509717e-01
17 18 4.448255e-01
38 42 4.446787e-01
2 29 4.408009e-01
7 8 4.386613e-01
39 41 4.280225e-01
35 38 4.250036e-01
26 30 4.234939e-01
74 75 4.174726e-01
50 51 4.110789e-01
46 63 4.108532e-01
60 61 4.099361e-01
47 60 4.040422e-01
12 34 4.020435e-01
10 35 4.014887e-01
4 7 4.004414e-01
38 55 3.990730e-01
19 22 3.964243e-01
31 62 3.947292e-01
47 57 3.894591e-01
30 70 3.887636e-01
11 32 3.881626e-01
45 55 3.825642e-01
34 35 3.787256e-01
48 60 3.783262e-01
53 56 3.781232e-01
3 29 3.780353e-01
43 46 3.752070e-01
53 54 3.728105e-01
9 43 3.654589e-01
65 66 3.632282e-01
34 45 3.558316e-01
9 72 3.537529e-01
59 68 3.534073e-01
56 57 3.532782e-01
3 30 3.525829e-01
5 72 3.508924e-01
19 64 3.508141e-01
52 53 3.501576e-01
14 20 3.500003e-01
5 67 3.495008e-01
10 42 3.491471e-01
35 45 3.482541e-01
48 49 3.476802e-01
14 17 3.476183e-01
46 62 3.473700e-01
42 43 3.472284e-01
69 70 3.451612e-01
41 42 3.435056e-01
18 19 3.429180e-01
16 48 3.418375e-01
21 24 3.381288e-01
66 67 3.360798e-01
35 39 3.359033e-01
62 74 3.356378e-01
32 46 3.349760e-01
29 67 3.335282e-01
61 64 3.302011e-01
10 43 3.265727e-01
14 16 3.242183e-01
66 70 3.239942e-01
29 30 3.205415e-01
43 62 3.191195e-01
13 16 3.122979e-01
2 25 3.112399e-01
49 54 3.098642e-01
16 60 3.074623e-01
5 11 3.046426e-01
32 62 3.036201e-01
64 68 3.036001e-01
45 46 3.030475e-01
22 26 3.027379e-01
20 36 2.999814e-01
28 34 2.983885e-01
10 44 2.971784e-01
50 56 2.961673e-01
30 32 2.958967e-01
52 54 2.952060e-01
23 64 2.945191e-01
68 70 2.895164e-01
10 38 2.882997e-01
47 48 2.874627e-01
34 36 2.853567e-01
38 40 2.837601e-01
11 13 2.834041e-01
6 58 2.822763e-01
22 64 2.820157e-01
64 65 2.808125e-01
72 74 2.808096e-01
12 42 2.801821e-01
57 61 2.798890e-01
17 19 2.784538e-01
63 66 2.778930e-01
27 46 2.764464e-01
42 45 2.759274e-01
66 69 2.755107e-01
35 41 2.741896e-01
23 60 2.735194e-01
4 5 2.709205e-01
58 66 2.703903e-01
60 64 2.702608e-01
25 26 2.666775e-01
19 60 2.662060e-01
37 38 2.627331e-01
6 67 2.604754e-01
25 28 2.601252e-01
8 32 2.590149e-01
13 24 2.587793e-01
29 71 2.573339e-01
28 29 2.564570e-01
21 22 2.562759e-01
71 73 2.555904e-01
54 56 2.539901e-01
12 53 2.525366e-01
45 47 2.504276e-01
64 67 2.503019e-01
14 18 2.501636e-01
28 33 2.496422e-01
35 42 2.492888e-01
58 63 2.490686e-01
61 68 2.480605e-01
19 48 2.479991e-01
58 74 2.475805e-01
49 50 2.472017e-01
47 49 2.454320e-01
19 23 2.435637e-01
23 63 2.429976e-01
36 38 2.416719e-01
13 46 2.410839e-01
12 13 2.393168e-01
49 51 2.383988e-01
52 56 2.372926e-01
11 63 2.372426e-01
60 69 2.368772e-01
14 47 2.361925e-01
15 17 2.354513e-01
72 73 2.354077e-01
38 53 2.347220e-01
3 5 2.344395e-01
30 64 2.339941e-01
1 2 2.324989e-01
44 47 2.318143e-01
18 22 2.301094e-01
8 9 2.299084e-01
17 70 2.275852e-01
49 61 2.267428e-01
30 31 2.264471e-01
40 41 2.263398e-01
11 44 2.248562e-01
36 37 2.226597e-01
67 70 2.213818e-01
21 36 2.209969e-01
17 64 2.205551e-01
2 4 2.201496e-01
5 7 2.195468e-01
10 41 2.161927e-01
12 18 2.161703e-01
35 36 2.158450e-01
23 26 2.151984e-01
58 59 2.151879e-01
69 74 2.132223e-01
12 37 2.124022e-01
19 29 2.111904e-01
66 74 2.111449e-01
2 26 2.105748e-01
75 76 2.094343e-01
15 48 2.080430e-01
66 71 2.079623e-01
35 40 2.073812e-01
59 64 2.071290e-01
44 58 2.069138e-01
37 69 2.068114e-01
3 71 2.061454e-01
1 3 2.058049e-01
28 75 2.054342e-01
64 66 2.044765e-01
37 47 2.043434e-01
53 55 2.041117e-01
33 40 2.040814e-01
50 53 2.037312e-01
36 71 2.033097e-01
10 39 1.998870e-01
23 46 1.990895e-01
11 72 1.985774e-01
20 53 1.969480e-01
16 49 1.959791e-01
26 29 1.955757e-01
19 26 1.954954e-01
55 67 1.952173e-01
11 12 1.946807e-01
48 64 1.937778e-01
3 55 1.937496e-01
50 54 1.935100e-01
37 52 1.927886e-01
19 21 1.926737e-01
13 17 1.919190e-01
13 20 1.918124e-01
32 58 1.903296e-01
9 27 1.902518e-01
3 36 1.897066e-01
12 20 1.882657e-01
20 25 1.876517e-01
19 20 1.869598e-01
63 64 1.854858e-01
19 65 1.854057e-01
9 75 1.836767e-01
61 69 1.835542e-01
50 52 1.834472e-01
13 15 1.832126e-01
67 69 1.831492e-01
51 57 1.818588e-01
6 7 1.815875e-01
14 37 1.808617e-01
3 67 1.798561e-01
8 11 1.795700e-01
18 26 1.780947e-01
9 10 1.780871e-01
9 58 1.771082e-01
34 53 1.769334e-01
47 54 1.764703e-01
27 34 1.761034e-01
4 53 1.760501e-01
6 62 1.754853e-01
21 40 1.754568e-01
4 28 1.750698e-01
17 47 1.743815e-01
31 58 1.710649e-01
33 36 1.694794e-01
59 71 1.680569e-01
27 31 1.680113e-01
7 18 1.650751e-01
3 25 1.645957e-01
13 63 1.643668e-01
5 29 1.642933e-01
15 34 1.632827e-01
43 58 1.619505e-01
37 55 1.609596e-01
27 30 1.602351e-01
24 49 1.600985e-01
56 58 1.584231e-01
6 46 1.579432e-01
25 30 1.578257e-01
22 50 1.576899e-01
16 38 1.566190e-01
62 64 1.561239e-01
52 55 1.560735e-01
52 75 1.556594e-01
44 46 1.553466e-01
14 48 1.550735e-01
21 59 1.550450e-01
5 46 1.547840e-01
43 47 1.543355e-01
48 57 1.527016e-01
26 63 1.526329e-01
33 41 1.514145e-01
18 20 1.510051e-01
14 61 1.507558e-01
50 74 1.503445e-01
57 59 1.500580e-01
27 62 1.497686e-01
36 40 1.489805e-01
12 36 1.484208e-01
59 65 1.482098e-01
48 61 1.469367e-01
16 19 1.463048e-01
33 37 1.461481e-01
3 56 1.455898e-01
17 37 1.450619e-01
51 53 1.446822e-01
17 48 1.445849e-01
33 48 1.443469e-01
42 47 1.441707e-01
37 39 1.437012e-01
14 54 1.431899e-01
7 31 1.430843e-01
2 30 1.424668e-01
11 15 1.415063e-01
41 54 1.384701e-01
16 52 1.383550e-01
34 38 1.371377e-01
40 42 1.371208e-01
5 8 1.358782e-01
29 64 1.357089e-01
9 17 1.356946e-01
45 52 1.348959e-01
33 52 1.348634e-01
35 37 1.347870e-01
16 35 1.346791e-01
2 17 1.345925e-01
14 49 1.345486e-01
20 21 1.345096e-01
43 75 1.334597e-01
21 25 1.321566e-01
48 53 1.320503e-01
47 58 1.316420e-01
22 47 1.316160e-01
20 22 1.310145e-01
66 68 1.308515e-01
30 66 1.304265e-01
23 33 1.302903e-01
30 63 1.293771e-01
22 70 1.293185e-01
15 60 1.293034e-01
15 47 1.292888e-01
4 71 1.292263e-01
8 28 1.289229e-01
18 59 1.287703e-01
13 31 1.285504e-01
20 29 1.278603e-01
16 50 1.278001e-01
32 70 1.275473e-01
40 53 1.275113e-01
4 25 1.273168e-01
23 29 1.268026e-01
53 75 1.267203e-01
15 59 1.257578e-01
16 47 1.257374e-01
28 51 1.249736e-01
71 72 1.243552e-01
5 32 1.243020e-01
57 76 1.242034e-01
39 71 1.238303e-01
5 71 1.230032e-01
43 45 1.222404e-01
31 63 1.222401e-01
41 49 1.219789e-01
45 62 1.212930e-01
55 75 1.212759e-01
14 38 1.210170e-01
30 72 1.209849e-01
15 52 1.206402e-01
4 8 1.206230e-01
7 51 1.197767e-01
39 42 1.196072e-01
1 76 1.189167e-01
12 39 1.180889e-01
34 63 1.178989e-01
23 27 1.169024e-01
4 12 1.167710e-01
26 68 1.167425e-01
49 65 1.167003e-01
15 22 1.163344e-01
15 50 1.163316e-01
36 50 1.158699e-01
14 19 1.158690e-01
39 55 1.158612e-01
22 25 1.157638e-01
42 55 1.157512e-01
33 49 1.156660e-01
26 51 1.153282e-01
28 41 1.151524e-01
40 51 1.150673e-01
37 56 1.148278e-01
5 63 1.147746e-01
44 56 1.141435e-01
34 48 1.140870e-01
7 46 1.136394e-01
23 52 1.136288e-01
12 16 1.135969e-01
5 19 1.129877e-01
9 25 1.129277e-01
31 43 1.125215e-01
68 71 1.124148e-01
32 73 1.119959e-01
19 40 1.112500e-01
2 76 1.110744e-01
1 31 1.108257e-01
60 65 1.108066e-01
48 59 1.100834e-01
10 12 1.100485e-01
15 23 1.094521e-01
16 54 1.094493e-01
34 42 1.092868e-01
60 63 1.092190e-01
14 50 1.091135e-01
50 57 1.088518e-01
55 69 1.088117e-01
7 41 1.088071e-01
32 67 1.087771e-01
26 28 1.083985e-01
45 50 1.082287e-01
67 68 1.080679e-01
7 19 1.076413e-01
35 52 1.069988e-01
39 51 1.064908e-01
45 68 1.061289e-01
5 66 1.060603e-01
31 46 1.053194e-01
68 74 1.053066e-01
23 34 1.051731e-01
52 59 1.049916e-01
51 75 1.048854e-01
24 25 1.045602e-01
2 28 1.042617e-01
37 41 1.039944e-01
51 55 1.036334e-01
37 40 1.034371e-01
20 37 1.030893e-01
25 64 1.029026e-01
39 53 1.028179e-01
57 68 1.027423e-01
39 75 1.024691e-01
51 54 1.021668e-01
70 71 1.018514e-01
63 69 1.011001e-01
2 75 1.010873e-01
51 65 1.009431e-01
30 47 1.009148e-01
6 72 1.005732e-01
20 23 1.004177e-01
4 23 1.003541e-01
7 48 1.002759e-01
8 25 1.002533e-01
10 24 9.983613e-02
40 68 9.973799e-02
13 36 9.967630e-02
63 74 9.957693e-02
8 55 9.898302e-02
31 70 9.873461e-02
47 61 9.867276e-02
6 27 9.864552e-02
38 45 9.800219e-02
26 48 9.670055e-02
4 14 9.664684e-02
23 66 9.622687e-02
33 51 9.620852e-02
44 72 9.616918e-02
45 70 9.607938e-02
55 57 9.574390e-02
36 56 9.534244e-02
20 38 9.485047e-02
15 42 9.459940e-02
14 75 9.406160e-02
28 36 9.362908e-02
30 37 9.335714e-02
36 41 9.332673e-02
62 69 9.269962e-02
49 67 9.262868e-02
33 68 9.230639e-02
10 16 9.184460e-02
15 20 9.168413e-02
22 57 9.123661e-02
17 24 9.117585e-02
20 48 9.065023e-02
14 59 9.059068e-02
18 24 9.029161e-02
21 51 8.974933e-02
64 69 8.971116e-02
22 67 8.960163e-02
11 58 8.920838e-02
50 60 8.893222e-02
8 15 8.875360e-02
33 35 8.850724e-02
63 67 8.849094e-02
16 20 8.838740e-02
18 33 8.835652e-02
28 49 8.791143e-02
7 9 8.766953e-02
57 58 8.765504e-02
46 60 8.714457e-02
34 60 8.673896e-02
4 39 8.642155e-02
21 54 8.629542e-02
5 12 8.605007e-02
28 55 8.603936e-02
9 38 8.530984e-02
33 39 8.528499e-02
24 38 8.510854e-02
1 57 8.471674e-02
51 56 8.471337e-02
20 57 8.462749e-02
18 36 8.451452e-02
33 42 8.397126e-02
22 61 8.375867e-02
26 37 8.374086e-02
23 32 8.351350e-02
19 25 8.349344e-02
14 34 8.345372e-02
7 35 8.339961e-02
18 65 8.319442e-02
51 69 8.278657e-02
16 24 8.277619e-02
49 52 8.271573e-02
15 68 8.250644e-02
29 51 8.243651e-02
9 12 8.129112e-02
49 68 8.082105e-02
18 25 8.082087e-02
4 35 8.053561e-02
4 75 7.832297e-02
18 41 7.823286e-02
22 28 7.805040e-02
67 71 7.758109e-02
5 39 7.748022e-02
22 37 7.717050e-02
49 74 7.689426e-02
24 56 7.686253e-02
59 69 7.670616e-02
17 74 7.634637e-02
40 61 7.610190e-02
40 71 7.597541e-02
24 51 7.573466e-02
10 18 7.559970e-02
23 24 7.521434e-02
54 71 7.513085e-02
17 23 7.494875e-02
10 37 7.470185e-02
24 27 7.456177e-02
15 49 7.441095e-02
51 60 7.435034e-02
52 76 7.424315e-02
13 19 7.396923e-02
18 54 7.344611e-02
10 21 7.337827e-02
25 60 7.328998e-02
54 75 7.324748e-02
60 70 7.307490e-02
15 71 7.283465e-02
40 72 7.278621e-02
46 47 7.277605e-02
22 41 7.267860e-02
26 47 7.267011e-02
33 50 7.165121e-02
47 62 7.142175e-02
28 35 7.072580e-02
36 52 7.069480e-02
5 31 7.034659e-02
21 53 7.031291e-02
6 13 7.022911e-02
26 61 6.994783e-02
72 76 6.990056e-02
44 66 6.967103e-02
42 68 6.954353e-02
5 9 6.953607e-02
36 54 6.947907e-02
38 47 6.889434e-02
63 65 6.879598e-02
7 11 6.860330e-02
4 55 6.857078e-02
50 68 6.849184e-02
22 29 6.837345e-02
7 21 6.816656e-02
64 74 6.788006e-02
49 69 6.779254e-02
65 67 6.768414e-02
40 74 6.766561e-02
15 57 6.766077e-02
57 62 6.743529e-02
50 55 6.711799e-02
53 61 6.709326e-02
38 56 6.684423e-02
20 40 6.683364e-02
39 49 6.649631e-02
28 37 6.646932e-02
8 29 6.640492e-02
22 49 6.621774e-02
62 65 6.618995e-02
59 70 6.609976e-02
48 72 6.581267e-02
69 72 6.531631e-02
17 41 6.483080e-02
25 59 6.464218e-02
48 75 6.454456e-02
3 75 6.452130e-02
21 70 6.402593e-02
7 49 6.402529e-02
55 74 6.394337e-02
24 59 6.360856e-02
31 45 6.335590e-02
47 56 6.327283e-02
18 40 6.305125e-02
18 70 6.262029e-02
49 70 6.246688e-02
48 51 6.237218e-02
17 49 6.213365e-02
54 58 6.210802e-02
4 67 6.177705e-02
26 31 6.172458e-02
22 31 6.171215e-02
9 35 6.164013e-02
8 10 6.145366e-02
41 57 6.139636e-02
21 76 6.134373e-02
21 57 6.111889e-02
37 50 6.108502e-02
35 44 6.053311e-02
7 40 6.020216e-02
3 28 5.986989e-02
18 71 5.954883e-02
38 54 5.952845e-02
60 71 5.927488e-02
31 33 5.910328e-02
12 35 5.850332e-02
22 68 5.839470e-02
37 48 5.797597e-02
23 67 5.792010e-02
23 59 5.773885e-02
16 18 5.770746e-02
13 59 5.766962e-02
42 49 5.691504e-02
3 7 5.685694e-02
21 45 5.655656e-02
9 19 5.589478e-02
2 37 5.571353e-02
5 27 5.545567e-02
71 74 5.537794e-02
32 66 5.522354e-02
41 52 5.514744e-02
14 52 5.498857e-02
21 46 5.471087e-02
27 29 5.458403e-02
8 46 5.414675e-02
2 7 5.412516e-02
58 75 5.353315e-02
40 49 5.311581e-02
4 54 5.306587e-02
8 74 5.299237e-02
2 68 5.245544e-02
14 22 5.243064e-02
16 55 5.219984e-02
40 56 5.184084e-02
32 33 5.175863e-02
21 52 5.171287e-02
36 45 5.125845e-02
19 37 5.096537e-02
42 58 5.070332e-02
31 66 5.056006e-02
39 69 5.030102e-02
35 68 5.018156e-02
24 57 4.999756e-02
42 56 4.993193e-02
29 68 4.976948e-02
2 8 4.970201e-02
21 23 4.968457e-02
26 65 4.963994e-02
42 71 4.945641e-02
11 34 4.878449e-02
27 65 4.869765e-02
8 35 4.852025e-02
51 76 4.843206e-02
55 58 4.830608e-02
39 45 4.820331e-02
42 51 4.806779e-02
43 57 4.795794e-02
18 30 4.764650e-02
24 52 4.746185e-02
54 74 4.727600e-02
8 69 4.710614e-02
7 39 4.704598e-02
4 42 4.702664e-02
24 48 4.691814e-02
25 57 4.681935e-02
53 57 4.647244e-02
19 59 4.636850e-02
57 66 4.633490e-02
50 76 4.620097e-02
16 34 4.610342e-02
56 74 4.595577e-02
3 21 4.561125e-02
36 53 4.560280e-02
15 72 4.554988e-02
29 57 4.548258e-02
7 50 4.543640e-02
22 24 4.540011e-02
8 12 4.521621e-02
1 65 4.515998e-02
3 74 4.510305e-02
31 49 4.507740e-02
36 59 4.500636e-02
4 56 4.482469e-02
8 72 4.474542e-02
17 38 4.447317e-02
2 31 4.429544e-02
17 29 4.419518e-02
42 57 4.412487e-02
35 76 4.386201e-02
6 10 4.374556e-02
47 51 4.369294e-02
20 50 4.332280e-02
1 37 4.303506e-02
53 64 4.297138e-02
21 68 4.267805e-02
53 71 4.265615e-02
45 58 4.253692e-02
10 15 4.243321e-02
1 7 4.217062e-02
33 53 4.209172e-02
2 39 4.179806e-02
7 55 4.168713e-02
4 9 4.158567e-02
41 60 4.138709e-02
34 39 4.133899e-02
14 26 4.124157e-02
37 71 4.120313e-02
22 65 4.112974e-02
50 64 4.110246e-02
1 26 4.105522e-02
3 8 4.081270e-02
28 52 4.061950e-02
16 36 4.040657e-02
23 48 4.021011e-02
20 52 4.009357e-02
70 73 3.982682e-02
4 30 3.950936e-02
67 74 3.945266e-02
15 21 3.933801e-02
3 54 3.920591e-02
57 75 3.917208e-02
32 72 3.915739e-02
18 52 3.911608e-02
23 45 3.906022e-02
53 72 3.856043e-02
33 76 3.847678e-02
45 53 3.845703e-02
7 29 3.843439e-02
46 66 3.820651e-02
10 61 3.810783e-02
5 26 3.809179e-02
55 71 3.793160e-02
39 50 3.780416e-02
51 73 3.745012e-02
50 59 3.735336e-02
4 31 3.690944e-02
12 55 3.665093e-02
22 45 3.656746e-02
8 71 3.622296e-02
61 67 3.595364e-02
56 71 3.589809e-02
8 51 3.505509e-02
25 61 3.472366e-02
19 24 3.457359e-02
4 36 3.448984e-02
47 76 3.448219e-02
36 61 3.435653e-02
3 26 3.407527e-02
53 69 3.401659e-02
7 10 3.341741e-02
29 35 3.341305e-02
15 24 3.323406e-02
7 53 3.319799e-02
8 62 3.314315e-02
17 22 3.313239e-02
30 45 3.302800e-02
55 70 3.261547e-02
19 53 3.239276e-02
51 70 3.225211e-02
36 42 3.220397e-02
51 64 3.215418e-02
17 69 3.212427e-02
18 49 3.181119e-02
17 52 3.179081e-02
10 25 3.175745e-02
5 40 3.170992e-02
8 50 3.170827e-02
7 36 3.161435e-02
21 69 3.155351e-02
12 54 3.144503e-02
28 47 3.140030e-02
54 57 3.108448e-02
13 60 3.107031e-02
16 22 3.095414e-02
46 73 3.087197e-02
7 72 3.071240e-02
16 53 3.066281e-02
34 37 3.064233e-02
29 53 3.054181e-02
50 72 3.047243e-02
52 57 3.033476e-02
2 61 3.029558e-02
21 33 3.024652e-02
45 49 3.008124e-02
43 52 2.993748e-02
20 56 2.984935e-02
15 19 2.954251e-02
14 30 2.940790e-02
58 72 2.903662e-02
2 14 2.901251e-02
7 20 2.884896e-02
53 74 2.876310e-02
1 46 2.875593e-02
74 76 2.867586e-02
4 18 2.861772e-02
6 70 2.849429e-02
59 67 2.826170e-02
21 49 2.815266e-02
40 75 2.812930e-02
25 41 2.811859e-02
68 73 2.793205e-02
70 74 2.774746e-02
40 76 2.763061e-02
11 20 2.757358e-02
25 48 2.752456e-02
34 59 2.738176e-02
46 68 2.727483e-02
52 72 2.717531e-02
38 76 2.691801e-02
15 18 2.671533e-02
54 69 2.667651e-02
18 68 2.638229e-02
12 21 2.635111e-02
61 63 2.599202e-02
39 70 2.573152e-02
3 39 2.570814e-02
64 70 2.543453e-02
31 50 2.514991e-02
26 49 2.497185e-02
1 40 2.496784e-02
46 59 2.480707e-02
7 17 2.480332e-02
15 35 2.472688e-02
5 18 2.466280e-02
22 71 2.455184e-02
1 27 2.437065e-02
4 41 2.429134e-02
15 56 2.425031e-02
23 36 2.420766e-02
53 70 2.414834e-02
1 21 2.397062e-02
4 13 2.393197e-02
18 75 2.353382e-02
8 14 2.352752e-02
40 52 2.329819e-02
50 71 2.327402e-02
33 69 2.321348e-02
52 68 2.312761e-02
61 71 2.302776e-02
19 68 2.296185e-02
26 39 2.295840e-02
18 64 2.274032e-02
13 48 2.247263e-02
1 10 2.244598e-02
41 68 2.241364e-02
46 57 2.237940e-02
71 76 2.231914e-02
8 33 2.217648e-02
48 50 2.214347e-02
40 55 2.196721e-02
1 41 2.185307e-02
24 70 2.183673e-02
10 40 2.183523e-02
25 54 2.158151e-02
21 28 2.137341e-02
11 28 2.135950e-02
40 69 2.111591e-02
13 14 2.105891e-02
26 40 2.100437e-02
11 75 2.067035e-02
7 76 2.043907e-02
35 54 2.041803e-02
15 61 2.036322e-02
29 41 2.027369e-02
4 33 2.024848e-02
42 54 2.010980e-02
54 59 2.005829e-02
1 15 1.997302e-02
55 76 1.972108e-02
51 71 1.954800e-02
4 57 1.947487e-02
49 59 1.906863e-02
25 52 1.890944e-02
33 54 1.887327e-02
16 37 1.875858e-02
21 39 1.870456e-02
21 41 1.790160e-02
50 62 1.770939e-02
12 17 1.765857e-02
22 55 1.742758e-02
70 76 1.740283e-02
38 50 1.736773e-02
58 60 1.719929e-02
20 39 1.716725e-02
14 63 1.714319e-02
25 68 1.712080e-02
21 67 1.703842e-02
51 74 1.697197e-02
37 53 1.651084e-02
17 53 1.643672e-02
21 71 1.639757e-02
19 61 1.637151e-02
21 72 1.628070e-02
22 76 1.615841e-02
4 10 1.571514e-02
50 73 1.566804e-02
39 72 1.561174e-02
16 25 1.553846e-02
37 49 1.549582e-02
3 37 1.535890e-02
13 37 1.531673e-02
27 54 1.530626e-02
3 22 1.492621e-02
1 38 1.491838e-02
35 50 1.486686e-02
1 53 1.482157e-02
23 54 1.453140e-02
25 50 1.452428e-02
14 57 1.438420e-02
36 75 1.413626e-02
29 50 1.408330e-02
33 56 1.406990e-02
18 21 1.404907e-02
60 74 1.401087e-02
25 33 1.397310e-02
41 55 1.395459e-02
39 68 1.386952e-02
36 49 1.373376e-02
55 65 1.367735e-02
3 17 1.341359e-02
10 29 1.338012e-02
25 45 1.332709e-02
41 69 1.329044e-02
28 54 1.312982e-02
20 72 1.291381e-02
41 53 1.280912e-02
57 73 1.266592e-02
15 25 1.263188e-02
41 51 1.196621e-02
17 59 1.180861e-02
35 55 1.179712e-02
26 70 1.175681e-02
47 50 1.174982e-02
7 54 1.169913e-02
3 70 1.142668e-02
16 56 1.123128e-02
5 70 1.120628e-02
2 10 1.096381e-02
39 48 1.092080e-02
18 76 1.088665e-02
44 59 1.083669e-02
24 37 1.066871e-02
47 74 1.065693e-02
1 19 1.044330e-02
23 58 1.018193e-02
5 13 9.999410e-03
39 44 9.988355e-03
36 39 9.939755e-03
26 46 9.825423e-03
1 43 9.511409e-03
24 35 9.441343e-03
7 75 9.405706e-03
9 54 9.392064e-03
63 68 9.106390e-03
8 13 9.033167e-03
41 45 8.993233e-03
73 76 8.974142e-03
28 30 8.948437e-03
1 33 8.689288e-03
48 52 8.688733e-03
61 70 8.588384e-03
41 44 8.567916e-03
70 72 8.471323e-03
1 30 8.338880e-03
11 16 8.282092e-03
47 68 8.229761e-03
56 76 7.994094e-03
12 57 7.923683e-03
1 36 7.781766e-03
42 76 7.458860e-03
60 68 7.374513e-03
20 69 7.372361e-03
22 30 7.307727e-03
12 61 7.301724e-03
1 51 7.051727e-03
48 56 6.768370e-03
12 24 6.649957e-03
2 33 6.583764e-03
31 69 6.565617e-03
19 49 6.553869e-03
39 76 6.528861e-03
63 72 6.489487e-03
5 23 6.395005e-03
4 38 6.320530e-03
37 64 6.315612e-03
32 57 6.173510e-03
11 31 6.047273e-03
8 49 5.733892e-03
21 47 5.698570e-03
40 50 5.586747e-03
10 70 5.327245e-03
4 51 5.276742e-03
15 58 5.188460e-03
59 73 5.152321e-03
33 75 5.094218e-03
13 29 4.997421e-03
12 41 4.949852e-03
13 22 4.855401e-03
7 33 4.806398e-03
53 76 4.795523e-03
17 33 4.649350e-03
37 70 4.582790e-03
4 34 4.405876e-03
22 74 4.237998e-03
12 47 4.215301e-03
7 56 4.211557e-03
60 76 4.182521e-03
3 52 4.103842e-03
10 20 4.020818e-03
20 32 3.910987e-03
26 62 3.854218e-03
15 45 3.746459e-03
1 23 3.635636e-03
12 50 3.574375e-03
13 47 3.499178e-03
46 76 3.221068e-03
4 16 3.104211e-03
29 75 3.051052e-03
2 12 3.037095e-03
26 38 2.983615e-03
39 56 2.975762e-03
2 52 2.839157e-03
26 72 2.835954e-03
4 26 2.578059e-03
21 48 2.458102e-03
15 33 2.354334e-03
47 59 2.302312e-03
1 42 2.275598e-03
18 58 2.126886e-03
18 72 2.023854e-03
28 39 1.978984e-03
1 20 1.890665e-03
28 50 1.746554e-03
37 76 1.575859e-03
18 29 1.489617e-03
2 53 1.409286e-03
13 62 1.289312e-03
43 76 1.121076e-03
37 46 1.003637e-03
37 42 9.570078e-04
19 41 8.792694e-04
3 33 7.789166e-04
56 70 5.750958e-04
17 68 5.316008e-04
7 23 4.594229e-04
32 34 4.480966e-04
2 20 3.880523e-04
30 34 2.478475e-04
1 29 2.395262e-04
33 38 1.318171e-04
49 76 7.979817e-05
58 71 -1.268014e-04
8 31 -1.271927e-04
11 53 -2.086125e-04
28 40 -2.384577e-04
9 31 -2.670127e-04
3 72 -3.377807e-04
8 19 -3.403711e-04
43 63 -4.854021e-04
2 73 -5.055380e-04
9 52 -6.512657e-04
17 76 -7.760865e-04
13 66 -8.526236e-04
9 13 -9.823411e-04
36 51 -1.004678e-03
8 20 -1.162232e-03
20 31 -1.185483e-03
10 49 -1.294471e-03
11 67 -1.447357e-03
40 70 -1.465993e-03
1 59 -1.506910e-03
44 57 -1.609958e-03
7 74 -1.616594e-03
27 73 -1.947905e-03
10 73 -1.950254e-03
10 28 -2.100791e-03
17 54 -2.146374e-03
16 75 -2.238000e-03
15 26 -2.377646e-03
19 57 -2.383594e-03
43 55 -2.434879e-03
21 61 -2.534908e-03
10 14 -2.544571e-03
1 39 -2.749604e-03
5 22 -2.765961e-03
20 68 -2.824091e-03
58 76 -2.836867e-03
10 13 -2.837416e-03
25 35 -2.910222e-03
12 40 -3.179581e-03
65 71 -3.220862e-03
33 72 -3.243988e-03
1 11 -3.245547e-03
25 51 -3.345653e-03
59 76 -3.407477e-03
48 74 -3.424599e-03
25 42 -3.425219e-03
1 64 -3.512722e-03
21 50 -3.531190e-03
10 69 -3.559378e-03
10 36 -3.601277e-03
29 54 -3.607184e-03
24 61 -3.622285e-03
41 76 -3.697528e-03
42 46 -3.707005e-03
11 23 -3.795191e-03
59 74 -3.821971e-03
67 75 -3.829883e-03
2 41 -3.970103e-03
18 42 -3.984564e-03
58 67 -4.122500e-03
2 34 -4.244463e-03
51 67 -4.248085e-03
4 49 -4.384864e-03
51 68 -4.463784e-03
52 74 -4.567613e-03
17 51 -4.573916e-03
9 68 -4.651670e-03
1 70 -4.734024e-03
73 75 -4.742600e-03
1 75 -4.750184e-03
35 53 -4.853608e-03
7 42 -5.084888e-03
4 19 -5.099012e-03
37 51 -5.104063e-03
5 16 -5.286249e-03
4 73 -5.352616e-03
29 49 -5.477820e-03
24 40 -5.559613e-03
44 74 -5.584753e-03
10 31 -5.752549e-03
52 70 -5.810925e-03
8 58 -5.857197e-03
28 76 -5.860238e-03
59 62 -5.903026e-03
55 59 -5.907104e-03
17 75 -6.125191e-03
33 71 -6.226093e-03
8 75 -6.285929e-03
2 21 -6.347034e-03
1 24 -6.421804e-03
22 52 -6.422331e-03
35 74 -6.431378e-03
33 34 -6.558712e-03
46 48 -6.624651e-03
22 35 -6.632513e-03
18 53 -6.753634e-03
23 25 -6.769445e-03
9 48 -6.833594e-03
52 64 -7.023743e-03
58 73 -7.064954e-03
3 20 -7.102246e-03
35 71 -7.114264e-03
25 39 -7.187376e-03
3 40 -7.209093e-03
17 61 -7.228493e-03
1 61 -7.408952e-03
15 28 -7.530136e-03
51 63 -7.551632e-03
45 66 -7.681640e-03
18 51 -7.813317e-03
18 73 -7.915160e-03
1 9 -8.041521e-03
3 23 -8.123998e-03
26 41 -8.220321e-03
21 38 -8.237027e-03
1 14 -8.313409e-03
14 60 -8.346627e-03
1 54 -8.476753e-03
8 54 -8.560228e-03
1 28 -8.635662e-03
39 73 -8.714145e-03
43 51 -8.729409e-03
2 45 -8.775784e-03
7 70 -8.893395e-03
39 46 -9.193184e-03
52 71 -9.272330e-03
25 31 -9.381076e-03
38 41 -9.404808e-03
13 45 -9.423195e-03
24 33 -9.427003e-03
47 52 -9.460266e-03
49 56 -9.476805e-03
3 64 -9.569518e-03
14 53 -9.743023e-03
10 22 -9.853762e-03
59 63 -9.909769e-03
17 73 -9.922718e-03
22 23 -9.967019e-03
67 72 -9.968170e-03
22 59 -1.001083e-02
20 51 -1.002202e-02
23 47 -1.003252e-02
43 66 -1.010690e-02
64 71 -1.033710e-02
23 49 -1.042372e-02
24 26 -1.044395e-02
35 51 -1.070471e-02
20 45 -1.071552e-02
29 63 -1.073587e-02
2 24 -1.079449e-02
1 73 -1.088514e-02
10 46 -1.145246e-02
9 73 -1.162132e-02
7 12 -1.174101e-02
4 37 -1.179768e-02
10 76 -1.191849e-02
1 49 -1.192073e-02
21 26 -1.193562e-02
10 56 -1.207943e-02
28 71 -1.209295e-02
13 44 -1.215525e-02
48 54 -1.219441e-02
7 26 -1.224867e-02
46 51 -1.228049e-02
2 74 -1.242860e-02
18 31 -1.252599e-02
25 56 -1.252968e-02
22 36 -1.263365e-02
48 55 -1.266350e-02
34 70 -1.285254e-02
27 67 -1.297350e-02
48 76 -1.297807e-02
19 76 -1.313963e-02
38 74 -1.320639e-02
57 60 -1.320826e-02
24 76 -1.333351e-02
22 38 -1.335147e-02
5 14 -1.367637e-02
3 13 -1.370146e-02
28 67 -1.385235e-02
16 73 -1.390913e-02
68 76 -1.410609e-02
10 48 -1.435355e-02
10 72 -1.437211e-02
21 34 -1.446005e-02
14 36 -1.446649e-02
13 53 -1.453510e-02
16 59 -1.464443e-02
61 76 -1.466451e-02
61 66 -1.467035e-02
1 71 -1.473391e-02
1 4 -1.479000e-02
2 46 -1.555214e-02
40 54 -1.572584e-02
26 71 -1.584329e-02
39 57 -1.586797e-02
17 50 -1.592108e-02
19 75 -1.593826e-02
14 41 -1.633317e-02
19 38 -1.662903e-02
29 70 -1.666157e-02
3 18 -1.666834e-02
18 55 -1.677509e-02
1 5 -1.678274e-02
10 68 -1.680628e-02
34 41 -1.694754e-02
3 76 -1.725747e-02
2 70 -1.740122e-02
12 29 -1.742161e-02
19 74 -1.744601e-02
51 72 -1.764057e-02
31 74 -1.779762e-02
10 58 -1.785687e-02
44 45 -1.797870e-02
8 18 -1.800387e-02
41 66 -1.817315e-02
24 53 -1.847589e-02
12 19 -1.888477e-02
52 58 -1.891389e-02
8 40 -1.902408e-02
38 44 -1.904432e-02
1 22 -1.907701e-02
36 74 -1.908854e-02
1 69 -1.943849e-02
69 76 -1.946383e-02
1 52 -1.955598e-02
45 76 -1.966517e-02
29 74 -1.968560e-02
15 39 -1.987013e-02
48 71 -1.991315e-02
25 53 -1.992840e-02
8 26 -2.010016e-02
9 28 -2.026071e-02
35 62 -2.026283e-02
6 12 -2.033062e-02
16 43 -2.033128e-02
6 73 -2.037332e-02
7 25 -2.041523e-02
22 39 -2.063793e-02
1 68 -2.065476e-02
41 67 -2.074670e-02
4 72 -2.077805e-02
3 11 -2.079383e-02
16 21 -2.091022e-02
4 76 -2.124692e-02
24 64 -2.126323e-02
9 70 -2.126764e-02
17 60 -2.136347e-02
4 52 -2.144435e-02
36 47 -2.144923e-02
36 76 -2.164721e-02
1 67 -2.166595e-02
42 74 -2.170049e-02
11 76 -2.181806e-02
21 29 -2.181831e-02
65 70 -2.184695e-02
7 69 -2.193503e-02
14 21 -2.200972e-02
9 74 -2.212574e-02
17 21 -2.213609e-02
1 55 -2.215400e-02
44 51 -2.215551e-02
3 35 -2.217756e-02
1 18 -2.222927e-02
1 8 -2.229864e-02
41 48 -2.235300e-02
12 76 -2.241179e-02
13 76 -2.263230e-02
31 54 -2.264191e-02
30 43 -2.267342e-02
49 72 -2.271964e-02
40 73 -2.275571e-02
22 48 -2.289422e-02
5 58 -2.301085e-02
14 39 -2.309435e-02
18 69 -2.324546e-02
42 60 -2.327290e-02
44 60 -2.337427e-02
7 37 -2.340506e-02
29 52 -2.353952e-02
36 68 -2.355243e-02
67 76 -2.359863e-02
22 53 -2.371550e-02
33 58 -2.393509e-02
44 76 -2.401791e-02
41 61 -2.421765e-02
21 65 -2.430199e-02
48 70 -2.437207e-02
13 35 -2.452047e-02
24 29 -2.468920e-02
65 74 -2.470723e-02
48 65 -2.470754e-02
26 34 -2.483239e-02
15 76 -2.495698e-02
9 76 -2.499384e-02
20 33 -2.505191e-02
3 14 -2.512602e-02
54 73 -2.520925e-02
2 57 -2.521082e-02
54 76 -2.525800e-02
40 63 -2.526211e-02
8 21 -2.569934e-02
26 69 -2.585142e-02
33 63 -2.604814e-02
25 46 -2.619034e-02
10 17 -2.620157e-02
15 31 -2.630918e-02
7 45 -2.636601e-02
21 42 -2.637726e-02
1 63 -2.657015e-02
31 40 -2.663252e-02
5 15 -2.669812e-02
35 43 -2.717094e-02
29 56 -2.720647e-02
47 55 -2.732663e-02
33 70 -2.733843e-02
24 39 -2.736901e-02
2 54 -2.746323e-02
20 34 -2.748411e-02
2 18 -2.761564e-02
5 25 -2.766865e-02
49 75 -2.769989e-02
3 57 -2.771723e-02
8 60 -2.774726e-02
17 26 -2.780723e-02
28 38 -2.782532e-02
20 28 -2.783776e-02
18 37 -2.789175e-02
7 71 -2.802902e-02
18 50 -2.804661e-02
26 35 -2.812503e-02
2 5 -2.830400e-02
31 52 -2.834897e-02
14 64 -2.842323e-02
2 64 -2.851183e-02
10 11 -2.879252e-02
28 65 -2.880390e-02
49 71 -2.884012e-02
17 56 -2.885121e-02
34 69 -2.887519e-02
9 20 -2.891026e-02
5 34 -2.894111e-02
9 32 -2.894608e-02
5 69 -2.895147e-02
9 23 -2.928801e-02
13 32 -2.941352e-02
32 43 -2.949787e-02
8 65 -2.954944e-02
9 50 -2.967610e-02
47 69 -2.969024e-02
31 44 -2.974645e-02
16 71 -2.975771e-02
5 24 -2.988911e-02
15 43 -3.008633e-02
25 27 -3.017670e-02
15 64 -3.026452e-02
10 19 -3.035317e-02
40 43 -3.036096e-02
37 67 -3.051737e-02
57 65 -3.060432e-02
1 56 -3.070348e-02
19 33 -3.073880e-02
20 54 -3.088106e-02
37 54 -3.097395e-02
41 58 -3.103096e-02
5 75 -3.108817e-02
35 70 -3.116770e-02
23 31 -3.148072e-02
2 55 -3.148387e-02
38 57 -3.158363e-02
23 74 -3.174706e-02
19 36 -3.175771e-02
34 47 -3.179085e-02
2 56 -3.181972e-02
60 67 -3.191673e-02
39 60 -3.221343e-02
27 76 -3.224157e-02
28 53 -3.240155e-02
17 31 -3.244885e-02
34 55 -3.247324e-02
9 29 -3.266223e-02
22 51 -3.275900e-02
62 72 -3.298250e-02
16 23 -3.322341e-02
15 53 -3.351627e-02
25 75 -3.354065e-02
1 74 -3.360646e-02
20 26 -3.365650e-02
37 68 -3.396841e-02
2 40 -3.406841e-02
26 73 -3.417717e-02
27 37 -3.424715e-02
31 76 -3.454652e-02
18 48 -3.454653e-02
10 34 -3.455070e-02
35 75 -3.463422e-02
5 17 -3.480016e-02
47 64 -3.486427e-02
8 23 -3.526821e-02
11 48 -3.535194e-02
4 29 -3.546087e-02
38 64 -3.557344e-02
1 62 -3.571969e-02
20 49 -3.590863e-02
37 43 -3.591424e-02
20 27 -3.595175e-02
39 54 -3.604105e-02
1 6 -3.604335e-02
17 34 -3.644462e-02
35 56 -3.647957e-02
35 48 -3.648021e-02
1 25 -3.672666e-02
31 71 -3.679788e-02
34 52 -3.688970e-02
31 67 -3.690025e-02
64 73 -3.690302e-02
7 22 -3.697730e-02
30 53 -3.703444e-02
11 43 -3.711412e-02
18 39 -3.717933e-02
8 17 -3.728837e-02
21 74 -3.743530e-02
41 56 -3.746207e-02
3 41 -3.754887e-02
52 61 -3.756360e-02
9 56 -3.756712e-02
50 61 -3.775726e-02
16 41 -3.777400e-02
28 72 -3.781959e-02
19 51 -3.827000e-02
28 70 -3.838819e-02
62 68 -3.840705e-02
58 70 -3.841398e-02
23 37 -3.856956e-02
21 58 -3.857162e-02
13 38 -3.878233e-02
12 43 -3.895338e-02
59 75 -3.905065e-02
35 59 -3.921967e-02
49 55 -3.927552e-02
25 55 -3.931089e-02
14 56 -3.939257e-02
29 76 -3.941883e-02
41 50 -3.947848e-02
23 65 -3.950703e-02
2 36 -3.960797e-02
4 58 -3.970656e-02
3 53 -3.987381e-02
18 74 -4.006611e-02
5 50 -4.008868e-02
16 57 -4.012017e-02
22 66 -4.032363e-02
40 60 -4.041919e-02
10 52 -4.048301e-02
26 60 -4.053231e-02
61 75 -4.060421e-02
47 66 -4.064424e-02
16 76 -4.074706e-02
1 44 -4.083791e-02
28 45 -4.096215e-02
9 34 -4.105605e-02
19 35 -4.130646e-02
21 37 -4.142327e-02
42 59 -4.152614e-02
49 57 -4.157330e-02
12 25 -4.163150e-02
7 65 -4.164200e-02
29 33 -4.180487e-02
23 30 -4.205201e-02
29 40 -4.215996e-02
10 55 -4.216746e-02
7 14 -4.216797e-02
11 14 -4.230856e-02
24 42 -4.250083e-02
42 70 -4.267652e-02
36 69 -4.274475e-02
8 41 -4.283628e-02
53 65 -4.295334e-02
19 45 -4.301808e-02
65 76 -4.312037e-02
29 31 -4.314955e-02
19 31 -4.342209e-02
46 61 -4.342530e-02
17 20 -4.345064e-02
22 40 -4.345524e-02
20 58 -4.359891e-02
18 61 -4.369886e-02
39 43 -4.375247e-02
17 36 -4.376590e-02
1 72 -4.411106e-02
25 74 -4.414729e-02
1 48 -4.424595e-02
4 21 -4.436847e-02
29 37 -4.445186e-02
38 71 -4.502566e-02
25 76 -4.506744e-02
20 76 -4.509916e-02
46 75 -4.518071e-02
19 39 -4.520033e-02
1 58 -4.523798e-02
2 60 -4.525165e-02
47 65 -4.531951e-02
42 61 -4.533857e-02
19 50 -4.534672e-02
57 71 -4.575830e-02
38 49 -4.575920e-02
2 72 -4.614778e-02
13 72 -4.614841e-02
21 30 -4.647051e-02
35 72 -4.649485e-02
7 57 -4.654537e-02
26 36 -4.673579e-02
9 46 -4.703140e-02
23 41 -4.708843e-02
8 68 -4.711806e-02
30 56 -4.729010e-02
14 51 -4.737477e-02
7 47 -4.755448e-02
53 73 -4.756432e-02
5 54 -4.759499e-02
2 50 -4.779111e-02
30 41 -4.810863e-02
1 17 -4.812601e-02
1 12 -4.815748e-02
9 15 -4.823007e-02
12 75 -4.824250e-02
19 32 -4.832057e-02
38 75 -4.846317e-02
25 36 -4.847785e-02
22 33 -4.857665e-02
33 73 -4.906105e-02
9 61 -4.909035e-02
31 35 -4.909833e-02
44 54 -4.916100e-02
30 36 -4.923700e-02
32 42 -4.933756e-02
40 46 -4.941227e-02
63 76 -4.942156e-02
13 40 -4.949606e-02
21 60 -4.970841e-02
26 76 -4.976904e-02
54 70 -4.977508e-02
41 72 -4.994293e-02
51 59 -5.003939e-02
22 60 -5.010684e-02
6 65 -5.045512e-02
7 73 -5.048992e-02
16 40 -5.052306e-02
1 16 -5.075680e-02
3 59 -5.077741e-02
41 59 -5.085207e-02
8 39 -5.087064e-02
47 73 -5.100289e-02
14 24 -5.111245e-02
33 64 -5.134439e-02
50 70 -5.138807e-02
39 67 -5.142976e-02
23 76 -5.151507e-02
1 34 -5.152164e-02
4 69 -5.154604e-02
25 37 -5.161205e-02
11 30 -5.184343e-02
20 42 -5.197755e-02
41 74 -5.201939e-02
7 66 -5.222241e-02
17 57 -5.224539e-02
5 28 -5.224998e-02
8 61 -5.241732e-02
54 65 -5.246159e-02
30 76 -5.267227e-02
3 50 -5.271158e-02
11 49 -5.275271e-02
14 76 -5.290197e-02
13 51 -5.296273e-02
44 55 -5.296669e-02
28 42 -5.311131e-02
51 61 -5.312577e-02
44 52 -5.317055e-02
37 75 -5.321008e-02
63 70 -5.321918e-02
4 20 -5.323180e-02
30 74 -5.353933e-02
30 55 -5.365133e-02
12 15 -5.371345e-02
3 63 -5.382614e-02
32 75 -5.391690e-02
45 61 -5.409180e-02
1 66 -5.412282e-02
2 44 -5.413044e-02
68 72 -5.414434e-02
28 31 -5.441858e-02
32 44 -5.442146e-02
36 72 -5.448652e-02
15 41 -5.449176e-02
2 13 -5.451223e-02
39 64 -5.457982e-02
1 50 -5.482277e-02
23 28 -5.482381e-02
2 69 -5.482443e-02
41 43 -5.485153e-02
4 47 -5.486920e-02
2 49 -5.493775e-02
32 48 -5.496623e-02
1 45 -5.502109e-02
38 48 -5.503694e-02
24 50 -5.521819e-02
8 34 -5.527524e-02
22 69 -5.530379e-02
16 67 -5.530666e-02
11 56 -5.532160e-02
58 65 -5.533827e-02
16 61 -5.534325e-02
15 62 -5.555258e-02
33 61 -5.561361e-02
38 43 -5.567983e-02
52 60 -5.578992e-02
12 51 -5.584757e-02
33 55 -5.585174e-02
25 47 -5.589298e-02
55 60 -5.619945e-02
10 53 -5.620674e-02
24 73 -5.624215e-02
14 28 -5.635063e-02
66 76 -5.635932e-02
41 73 -5.637424e-02
30 54 -5.671820e-02
21 31 -5.691180e-02
62 76 -5.692372e-02
28 60 -5.696916e-02
38 52 -5.699146e-02
15 63 -5.713017e-02
34 40 -5.717755e-02
3 61 -5.727679e-02
19 27 -5.748741e-02
52 67 -5.753459e-02
38 46 -5.758313e-02
2 58 -5.774350e-02
42 67 -5.797837e-02
33 57 -5.799165e-02
29 55 -5.801585e-02
28 57 -5.810274e-02
12 28 -5.810721e-02
29 73 -5.811882e-02
4 70 -5.838481e-02
7 60 -5.851759e-02
22 72 -5.866194e-02
13 33 -5.885683e-02
13 21 -5.906093e-02
3 62 -5.915914e-02
57 72 -5.942766e-02
43 56 -5.944264e-02
57 63 -5.947546e-02
10 45 -5.955315e-02
22 42 -5.977488e-02
23 70 -5.997818e-02
29 42 -6.000365e-02
32 76 -6.001463e-02
1 35 -6.002409e-02
30 35 -6.006917e-02
7 61 -6.020865e-02
43 64 -6.022365e-02
57 69 -6.025094e-02
37 73 -6.047845e-02
27 47 -6.069491e-02
4 24 -6.077684e-02
9 33 -6.103618e-02
42 73 -6.105712e-02
49 60 -6.106294e-02
14 44 -6.107851e-02
45 54 -6.110893e-02
5 33 -6.122990e-02
40 59 -6.131021e-02
30 38 -6.141199e-02
4 64 -6.147656e-02
41 71 -6.154873e-02
47 75 -6.166336e-02
13 70 -6.169836e-02
28 73 -6.178270e-02
36 65 -6.198415e-02
10 71 -6.212372e-02
29 39 -6.227447e-02
45 72 -6.228884e-02
10 60 -6.228949e-02
18 23 -6.235186e-02
8 66 -6.268376e-02
20 60 -6.272949e-02
3 24 -6.275570e-02
4 6 -6.276011e-02
35 64 -6.296552e-02
48 67 -6.298952e-02
7 28 -6.309720e-02
1 60 -6.323165e-02
41 70 -6.334501e-02
64 76 -6.340444e-02
24 65 -6.347221e-02
2 47 -6.354129e-02
23 72 -6.358168e-02
4 50 -6.368375e-02
29 60 -6.375219e-02
34 61 -6.375585e-02
2 42 -6.395643e-02
15 36 -6.409149e-02
23 71 -6.412987e-02
11 65 -6.417081e-02
55 72 -6.420817e-02
33 65 -6.431357e-02
14 67 -6.468325e-02
8 48 -6.477449e-02
5 76 -6.487136e-02
38 51 -6.489917e-02
54 60 -6.498977e-02
25 66 -6.508132e-02
14 29 -6.514170e-02
16 44 -6.514652e-02
4 61 -6.523337e-02
21 56 -6.561753e-02
3 38 -6.567633e-02
19 52 -6.569936e-02
4 74 -6.569962e-02
22 75 -6.588325e-02
34 68 -6.631616e-02
5 21 -6.651257e-02
34 76 -6.660242e-02
26 33 -6.700814e-02
3 69 -6.712201e-02
28 46 -6.720712e-02
18 46 -6.726572e-02
43 49 -6.732868e-02
2 38 -6.735579e-02
16 51 -6.741618e-02
53 60 -6.780248e-02
20 41 -6.781507e-02
46 67 -6.781837e-02
41 63 -6.782807e-02
16 65 -6.789000e-02
21 64 -6.805659e-02
13 41 -6.808712e-02
50 58 -6.834590e-02
20 70 -6.868590e-02
11 22 -6.889997e-02
56 67 -6.890712e-02
56 65 -6.897624e-02
3 32 -6.915563e-02
18 28 -6.915922e-02
20 55 -6.948863e-02
3 15 -6.953782e-02
20 35 -6.968544e-02
25 58 -6.977754e-02
25 65 -6.989003e-02
60 66 -7.003681e-02
30 65 -7.030920e-02
29 34 -7.033499e-02
40 67 -7.061045e-02
7 58 -7.096205e-02
28 43 -7.097573e-02
7 34 -7.104342e-02
9 16 -7.106904e-02
16 68 -7.118227e-02
23 73 -7.128476e-02
14 55 -7.129107e-02
43 71 -7.133445e-02
27 28 -7.152112e-02
8 76 -7.154412e-02
27 48 -7.162710e-02
35 57 -7.174179e-02
39 58 -7.179557e-02
21 63 -7.202553e-02
9 14 -7.209727e-02
29 38 -7.237356e-02
24 60 -7.239795e-02
34 72 -7.257346e-02
4 43 -7.260558e-02
37 74 -7.266296e-02
17 42 -7.277613e-02
22 73 -7.297014e-02
18 60 -7.303583e-02
10 54 -7.325834e-02
23 42 -7.353283e-02
11 69 -7.385530e-02
17 25 -7.390360e-02
32 59 -7.398587e-02
20 71 -7.407918e-02
4 11 -7.409075e-02
9 42 -7.410742e-02
62 75 -7.424111e-02
45 67 -7.442816e-02
18 35 -7.448015e-02
7 64 -7.453703e-02
37 65 -7.476985e-02
24 68 -7.477621e-02
36 70 -7.479720e-02
40 58 -7.480502e-02
63 71 -7.480875e-02
62 71 -7.483324e-02
54 68 -7.492734e-02
16 28 -7.499594e-02
4 15 -7.507357e-02
23 56 -7.511124e-02
60 73 -7.515193e-02
40 45 -7.521242e-02
8 24 -7.527202e-02
34 74 -7.553930e-02
69 75 -7.572990e-02
11 66 -7.585069e-02
65 72 -7.615511e-02
23 62 -7.618788e-02
12 65 -7.620109e-02
9 24 -7.628183e-02
1 47 -7.632324e-02
25 34 -7.651408e-02
26 42 -7.651911e-02
28 59 -7.660361e-02
42 65 -7.669956e-02
41 64 -7.684571e-02
20 75 -7.701979e-02
31 37 -7.724624e-02
4 65 -7.741233e-02
7 38 -7.749277e-02
24 66 -7.768471e-02
3 58 -7.773068e-02
19 71 -7.786568e-02
9 51 -7.792115e-02
27 64 -7.799637e-02
61 74 -7.803371e-02
4 40 -7.816748e-02
10 74 -7.864444e-02
21 27 -7.868610e-02
19 28 -7.871446e-02
48 68 -7.879746e-02
24 75 -7.888205e-02
6 15 -7.900963e-02
25 71 -7.916479e-02
5 35 -7.925564e-02
13 54 -7.930502e-02
53 58 -7.948851e-02
1 13 -7.955396e-02
29 59 -7.959767e-02
53 59 -7.960298e-02
40 65 -7.969473e-02
8 73 -7.975252e-02
15 55 -7.979973e-02
34 71 -7.987459e-02
26 52 -8.008480e-02
5 20 -8.015006e-02
2 65 -8.022379e-02
47 67 -8.035768e-02
56 69 -8.037303e-02
38 68 -8.044452e-02
31 65 -8.070731e-02
3 45 -8.083822e-02
19 47 -8.095858e-02
17 72 -8.131857e-02
21 35 -8.159306e-02
1 32 -8.167458e-02
31 41 -8.188236e-02
43 54 -8.213328e-02
12 60 -8.217999e-02
28 56 -8.219494e-02
58 68 -8.246055e-02
20 63 -8.254263e-02
52 66 -8.255361e-02
19 30 -8.267313e-02
25 38 -8.275681e-02
17 65 -8.289349e-02
26 59 -8.295624e-02
19 62 -8.304843e-02
8 37 -8.330170e-02
23 61 -8.331804e-02
3 48 -8.375529e-02
2 32 -8.377809e-02
19 54 -8.378348e-02
19 69 -8.381688e-02
17 35 -8.390951e-02
8 22 -8.400552e-02
17 40 -8.401248e-02
23 40 -8.406835e-02
3 42 -8.407792e-02
34 67 -8.421450e-02
31 75 -8.443292e-02
44 53 -8.446905e-02
33 46 -8.449840e-02
30 40 -8.463285e-02
40 48 -8.468946e-02
2 6 -8.485879e-02
47 71 -8.487309e-02
2 71 -8.494654e-02
19 55 -8.496599e-02
10 50 -8.503019e-02
29 46 -8.508537e-02
39 61 -8.517963e-02
44 71 -8.537431e-02
4 68 -8.542618e-02
43 68 -8.578919e-02
20 47 -8.603253e-02
17 63 -8.619941e-02
34 62 -8.627179e-02
31 34 -8.630700e-02
12 72 -8.646149e-02
11 41 -8.647605e-02
50 75 -8.664858e-02
5 68 -8.672243e-02
40 44 -8.676131e-02
43 48 -8.687938e-02
26 50 -8.694364e-02
6 21 -8.697199e-02
33 67 -8.701135e-02
17 39 -8.703965e-02
23 50 -8.753872e-02
41 46 -8.755443e-02
16 70 -8.756597e-02
42 52 -8.769774e-02
14 31 -8.770936e-02
7 68 -8.831138e-02
18 38 -8.831336e-02
33 60 -8.844914e-02
6 76 -8.858831e-02
41 65 -8.874144e-02
13 71 -8.874568e-02
25 69 -8.877486e-02
45 59 -8.878739e-02
4 27 -8.896705e-02
24 47 -8.897063e-02
18 34 -8.898114e-02
42 53 -8.906754e-02
70 75 -8.940777e-02
3 31 -8.958319e-02
5 73 -8.969316e-02
24 72 -8.983981e-02
13 56 -8.985454e-02
13 58 -8.985497e-02
53 68 -9.001351e-02
14 73 -9.002983e-02
37 45 -9.028418e-02
30 49 -9.029667e-02
31 57 -9.045199e-02
3 19 -9.045966e-02
5 56 -9.054508e-02
21 55 -9.064826e-02
48 69 -9.072010e-02
16 33 -9.072698e-02
30 33 -9.101627e-02
47 53 -9.127262e-02
19 42 -9.129778e-02
31 42 -9.133818e-02
30 39 -9.133932e-02
39 47 -9.147383e-02
34 57 -9.151486e-02
2 9 -9.174971e-02
52 69 -9.183553e-02
9 47 -9.185519e-02
36 55 -9.186785e-02
18 56 -9.192164e-02
64 72 -9.198030e-02
22 56 -9.202078e-02
46 65 -9.208378e-02
35 60 -9.213562e-02
23 57 -9.214600e-02
10 64 -9.227366e-02
13 74 -9.233158e-02
9 57 -9.236659e-02
24 74 -9.245589e-02
25 40 -9.294565e-02
34 50 -9.301702e-02
37 72 -9.313065e-02
22 34 -9.317564e-02
13 28 -9.347903e-02
16 42 -9.349161e-02
25 67 -9.376332e-02
25 72 -9.377512e-02
11 68 -9.385642e-02
45 74 -9.403883e-02
30 59 -9.411486e-02
33 47 -9.423528e-02
46 71 -9.437669e-02
28 63 -9.443594e-02
7 32 -9.487878e-02
23 53 -9.489146e-02
65 75 -9.495107e-02
47 72 -9.503729e-02
12 48 -9.510938e-02
18 57 -9.542154e-02
2 22 -9.543566e-02
32 45 -9.577312e-02
40 47 -9.594606e-02
41 47 -9.595442e-02
40 57 -9.600965e-02
44 48 -9.602352e-02
36 58 -9.604709e-02
9 65 -9.604999e-02
29 65 -9.617076e-02
8 53 -9.620415e-02
34 51 -9.626067e-02
38 61 -9.628178e-02
52 73 -9.644433e-02
58 64 -9.648221e-02
49 63 -9.661379e-02
24 30 -9.668076e-02
31 73 -9.689671e-02
52 65 -9.691856e-02
12 64 -9.724387e-02
9 41 -9.736115e-02
2 19 -9.792133e-02
25 70 -9.822042e-02
56 61 -9.833988e-02
23 35 -9.849608e-02
59 66 -9.861411e-02
48 63 -9.861599e-02
9 22 -9.863679e-02
11 47 -9.891687e-02
19 73 -9.893843e-02
11 33 -9.901143e-02
57 64 -9.915204e-02
43 72 -9.924712e-02
6 57 -9.930235e-02
17 71 -9.932805e-02
56 63 -9.951922e-02
49 73 -9.952436e-02
23 39 -9.963967e-02
3 12 -9.970726e-02
22 27 -9.979211e-02
10 59 -9.980421e-02
21 43 -9.998769e-02
24 54 -1.000436e-01
24 45 -1.001371e-01
37 59 -1.001710e-01
34 65 -1.002174e-01
28 68 -1.002491e-01
3 27 -1.003528e-01
16 74 -1.004632e-01
20 46 -1.004900e-01
31 68 -1.005650e-01
30 75 -1.006054e-01
30 48 -1.007593e-01
56 59 -1.009527e-01
15 40 -1.009833e-01
2 66 -1.013530e-01
41 75 -1.013533e-01
6 50 -1.015445e-01
36 43 -1.015558e-01
45 63 -1.018018e-01
50 69 -1.020003e-01
10 57 -1.022541e-01
27 44 -1.024519e-01
9 49 -1.024883e-01
12 49 -1.025472e-01
14 27 -1.026687e-01
5 36 -1.028117e-01
3 51 -1.028166e-01
63 73 -1.031016e-01
3 66 -1.031072e-01
40 64 -1.031540e-01
33 45 -1.031591e-01
29 69 -1.032338e-01
3 73 -1.033631e-01
39 52 -1.033898e-01
7 15 -1.035779e-01
46 49 -1.037163e-01
2 59 -1.037789e-01
56 60 -1.042398e-01
30 68 -1.042509e-01
4 45 -1.044353e-01
20 64 -1.045237e-01
26 74 -1.046046e-01
5 37 -1.046973e-01
2 62 -1.049016e-01
9 53 -1.049875e-01
8 64 -1.049907e-01
23 69 -1.050475e-01
28 64 -1.052030e-01
30 61 -1.053340e-01
31 56 -1.054205e-01
37 60 -1.055323e-01
29 47 -1.056250e-01
55 68 -1.056322e-01
31 55 -1.058477e-01
53 67 -1.059689e-01
56 72 -1.059947e-01
21 73 -1.060567e-01
35 58 -1.062982e-01
18 66 -1.065820e-01
11 57 -1.069344e-01
71 75 -1.070463e-01
6 48 -1.071276e-01
7 44 -1.071284e-01
61 72 -1.071818e-01
17 30 -1.072865e-01
2 11 -1.074599e-01
49 64 -1.075142e-01
44 63 -1.075293e-01
8 42 -1.076132e-01
2 67 -1.076317e-01
12 23 -1.076418e-01
15 70 -1.076568e-01
5 44 -1.077510e-01
12 58 -1.079778e-01
46 72 -1.080339e-01
13 67 -1.082480e-01
46 74 -1.082697e-01
62 70 -1.082868e-01
32 65 -1.082984e-01
25 32 -1.084026e-01
54 61 -1.085100e-01
59 72 -1.085492e-01
40 62 -1.087121e-01
5 43 -1.088056e-01
24 32 -1.088118e-01
15 51 -1.090066e-01
49 66 -1.090739e-01
14 70 -1.090849e-01
14 40 -1.095221e-01
44 49 -1.096509e-01
6 45 -1.096852e-01
28 74 -1.097709e-01
67 73 -1.097763e-01
31 38 -1.098568e-01
14 33 -1.099348e-01
42 62 -1.099555e-01
7 24 -1.101379e-01
58 61 -1.102660e-01
11 29 -1.103120e-01
28 44 -1.103732e-01
25 73 -1.105262e-01
8 70 -1.106260e-01
27 35 -1.107475e-01
33 43 -1.109621e-01
56 64 -1.114661e-01
2 27 -1.118948e-01
2 63 -1.120974e-01
7 67 -1.122702e-01
13 43 -1.125368e-01
9 63 -1.127920e-01
18 67 -1.127941e-01
38 69 -1.132236e-01
13 18 -1.133895e-01
50 63 -1.134755e-01
42 50 -1.136505e-01
4 48 -1.145127e-01
34 56 -1.148099e-01
39 74 -1.148484e-01
28 61 -1.149809e-01
10 26 -1.151070e-01
9 40 -1.153499e-01
9 36 -1.153611e-01
10 23 -1.154579e-01
31 61 -1.155080e-01
26 55 -1.156572e-01
6 60 -1.156725e-01
44 70 -1.157278e-01
12 26 -1.158336e-01
30 42 -1.160918e-01
6 33 -1.165556e-01
17 58 -1.167120e-01
4 17 -1.167232e-01
5 51 -1.167877e-01
46 70 -1.169086e-01
33 44 -1.169202e-01
29 32 -1.170154e-01
6 64 -1.170536e-01
3 6 -1.171100e-01
45 69 -1.171152e-01
8 43 -1.171226e-01
31 72 -1.171328e-01
45 60 -1.172100e-01
17 28 -1.172799e-01
57 74 -1.174274e-01
6 23 -1.174967e-01
6 74 -1.176402e-01
9 21 -1.176516e-01
10 51 -1.178377e-01
37 58 -1.178703e-01
36 48 -1.178839e-01
20 67 -1.179055e-01
12 71 -1.184267e-01
46 64 -1.185147e-01
27 50 -1.187268e-01
34 66 -1.188668e-01
16 39 -1.188969e-01
15 46 -1.191647e-01
9 37 -1.193547e-01
43 74 -1.193594e-01
16 64 -1.198205e-01
8 36 -1.198254e-01
10 75 -1.198574e-01
2 15 -1.200646e-01
18 32 -1.203592e-01
12 56 -1.205335e-01
13 25 -1.206183e-01
33 74 -1.209429e-01
6 39 -1.209847e-01
6 29 -1.210361e-01
2 51 -1.211718e-01
14 25 -1.213540e-01
8 63 -1.217801e-01
47 70 -1.220084e-01
19 70 -1.220569e-01
17 67 -1.220598e-01
36 46 -1.220666e-01
55 64 -1.222002e-01
24 63 -1.222132e-01
5 42 -1.224105e-01
11 36 -1.224116e-01
36 60 -1.225842e-01
24 71 -1.226313e-01
12 22 -1.227722e-01
54 72 -1.227728e-01
46 55 -1.229883e-01
10 67 -1.230166e-01
2 35 -1.232974e-01
24 46 -1.233561e-01
2 16 -1.236198e-01
27 70 -1.237854e-01
15 74 -1.240812e-01
3 16 -1.243434e-01
7 59 -1.243684e-01
5 52 -1.243915e-01
9 30 -1.244409e-01
5 41 -1.245767e-01
51 58 -1.246376e-01
24 69 -1.252400e-01
44 68 -1.252573e-01
37 62 -1.254121e-01
22 54 -1.254165e-01
27 33 -1.255446e-01
6 54 -1.255917e-01
11 51 -1.256955e-01
12 52 -1.259296e-01
4 22 -1.259549e-01
42 64 -1.261151e-01
3 46 -1.261609e-01
18 47 -1.261846e-01
5 64 -1.262287e-01
13 65 -1.262331e-01
6 40 -1.262368e-01
35 61 -1.264181e-01
64 75 -1.264641e-01
9 18 -1.264708e-01
7 43 -1.265892e-01
32 36 -1.270071e-01
54 67 -1.270131e-01
30 50 -1.271392e-01
30 60 -1.271983e-01
32 69 -1.272216e-01
44 65 -1.272256e-01
61 73 -1.272754e-01
8 16 -1.275223e-01
5 60 -1.275316e-01
8 52 -1.276556e-01
27 45 -1.276591e-01
17 43 -1.276801e-01
6 55 -1.277303e-01
50 65 -1.278345e-01
16 27 -1.278346e-01
23 43 -1.280378e-01
9 62 -1.281874e-01
46 54 -1.283466e-01
20 61 -1.285319e-01
31 64 -1.286533e-01
36 67 -1.287445e-01
4 66 -1.292164e-01
16 69 -1.292233e-01
45 51 -1.292281e-01
33 62 -1.294876e-01
5 38 -1.296881e-01
28 32 -1.297558e-01
17 32 -1.297731e-01
16 45 -1.298167e-01
28 48 -1.298265e-01
42 63 -1.299962e-01
20 74 -1.303714e-01
22 32 -1.305345e-01
13 49 -1.305363e-01
15 54 -1.306302e-01
34 75 -1.310745e-01
15 38 -1.310784e-01
44 61 -1.312213e-01
16 72 -1.315108e-01
29 72 -1.317858e-01
7 13 -1.318141e-01
48 66 -1.318367e-01
36 64 -1.318400e-01
12 70 -1.318964e-01
35 69 -1.320840e-01
12 62 -1.321571e-01
50 66 -1.322134e-01
30 71 -1.322467e-01
26 27 -1.323032e-01
25 43 -1.323538e-01
9 39 -1.325829e-01
5 48 -1.330301e-01
19 67 -1.331045e-01
15 27 -1.331969e-01
3 43 -1.335013e-01
6 61 -1.338156e-01
42 72 -1.339905e-01
8 45 -1.344615e-01
12 59 -1.345245e-01
8 30 -1.346511e-01
20 30 -1.348165e-01
27 36 -1.349370e-01
14 74 -1.351661e-01
11 18 -1.353945e-01
5 59 -1.355547e-01
29 36 -1.355700e-01
12 69 -1.360199e-01
2 43 -1.362768e-01
20 65 -1.364372e-01
38 70 -1.365165e-01
12 30 -1.365394e-01
29 43 -1.367864e-01
54 64 -1.368918e-01
17 45 -1.369975e-01
28 66 -1.370387e-01
32 60 -1.378237e-01
19 63 -1.378287e-01
11 74 -1.380923e-01
9 26 -1.381355e-01
32 56 -1.382713e-01
5 49 -1.382995e-01
11 17 -1.387496e-01
8 57 -1.388556e-01
35 67 -1.388633e-01
11 54 -1.392011e-01
9 69 -1.393065e-01
57 70 -1.393713e-01
49 53 -1.395000e-01
33 59 -1.396403e-01
28 58 -1.396561e-01
22 46 -1.396650e-01
31 53 -1.399830e-01
21 75 -1.401539e-01
68 75 -1.401742e-01
38 72 -1.403969e-01
31 59 -1.405118e-01
43 61 -1.408841e-01
35 66 -1.409619e-01
4 60 -1.416350e-01
53 66 -1.416764e-01
11 50 -1.417088e-01
38 59 -1.418439e-01
15 32 -1.421633e-01
12 74 -1.424738e-01
34 64 -1.425027e-01
8 44 -1.429491e-01
23 55 -1.429744e-01
14 72 -1.433497e-01
19 72 -1.433875e-01
43 60 -1.436229e-01
27 42 -1.440166e-01
6 25 -1.441118e-01
26 43 -1.442267e-01
46 52 -1.444571e-01
27 71 -1.445309e-01
16 58 -1.449033e-01
45 64 -1.450241e-01
43 67 -1.450258e-01
10 47 -1.450456e-01
31 39 -1.453086e-01
35 65 -1.454354e-01
13 55 -1.454596e-01
4 59 -1.456040e-01
15 29 -1.457006e-01
26 53 -1.458590e-01
9 66 -1.459114e-01
26 56 -1.460779e-01
24 41 -1.460867e-01
31 36 -1.463379e-01
18 62 -1.464461e-01
45 56 -1.465513e-01
6 36 -1.466709e-01
13 42 -1.467482e-01
37 61 -1.469554e-01
45 48 -1.471448e-01
7 27 -1.473096e-01
34 73 -1.476025e-01
25 49 -1.478966e-01
27 74 -1.492652e-01
43 53 -1.496110e-01
14 58 -1.498732e-01
55 62 -1.500747e-01
23 51 -1.503425e-01
49 58 -1.503941e-01
11 35 -1.504003e-01
24 55 -1.504470e-01
30 52 -1.505094e-01
23 75 -1.506089e-01
38 65 -1.506942e-01
8 27 -1.507352e-01
45 65 -1.508656e-01
34 46 -1.510659e-01
29 61 -1.510935e-01
3 68 -1.511918e-01
6 34 -1.512932e-01
8 47 -1.513853e-01
44 69 -1.517390e-01
13 30 -1.521393e-01
12 33 -1.521650e-01
53 62 -1.522515e-01
8 59 -1.523693e-01
26 66 -1.523977e-01
35 49 -1.524503e-01
47 63 -1.525043e-01
12 63 -1.526377e-01
21 62 -1.529800e-01
31 47 -1.530903e-01
6 16 -1.531168e-01
18 27 -1.532520e-01
26 32 -1.533042e-01
11 42 -1.536295e-01
23 68 -1.541796e-01
43 70 -1.542607e-01
12 46 -1.543208e-01
46 56 -1.543291e-01
55 61 -1.546064e-01
6 35 -1.547889e-01
27 39 -1.550290e-01
7 52 -1.554115e-01
29 45 -1.554135e-01
26 75 -1.556644e-01
27 49 -1.560389e-01
6 38 -1.563002e-01
11 61 -1.563264e-01
9 55 -1.563935e-01
14 23 -1.565174e-01
20 73 -1.569994e-01
8 38 -1.570796e-01
14 65 -1.573019e-01
35 63 -1.577380e-01
30 57 -1.577647e-01
22 43 -1.580601e-01
29 66 -1.580841e-01
27 66 -1.580858e-01
3 34 -1.580950e-01
48 73 -1.581013e-01
27 38 -1.583528e-01
3 10 -1.583773e-01
4 32 -1.584202e-01
24 31 -1.584659e-01
10 30 -1.585407e-01
56 62 -1.587133e-01
43 69 -1.589261e-01
35 73 -1.590103e-01
16 26 -1.590672e-01
18 45 -1.591864e-01
46 69 -1.593592e-01
11 73 -1.594486e-01
35 47 -1.598321e-01
42 69 -1.599051e-01
23 38 -1.604715e-01
54 63 -1.606182e-01
58 69 -1.608829e-01
8 56 -1.612710e-01
10 62 -1.613443e-01
2 23 -1.616413e-01
22 62 -1.617775e-01
32 50 -1.618639e-01
29 62 -1.619210e-01
7 16 -1.629436e-01
13 68 -1.634007e-01
19 58 -1.634091e-01
15 69 -1.641611e-01
4 46 -1.645673e-01
14 71 -1.648796e-01
39 59 -1.653897e-01
16 30 -1.656289e-01
45 71 -1.657197e-01
27 75 -1.657650e-01
28 62 -1.658900e-01
29 58 -1.659833e-01
36 73 -1.660739e-01
17 55 -1.662080e-01
55 66 -1.664988e-01
3 60 -1.667818e-01
26 57 -1.668634e-01
5 10 -1.669897e-01
13 57 -1.673694e-01
12 73 -1.673736e-01
38 62 -1.675414e-01
48 62 -1.678260e-01
3 9 -1.680515e-01
19 56 -1.681862e-01
6 26 -1.683452e-01
32 74 -1.686388e-01
36 44 -1.686995e-01
38 67 -1.688301e-01
6 56 -1.691971e-01
43 50 -1.692180e-01
3 49 -1.692305e-01
55 73 -1.693109e-01
13 73 -1.694714e-01
16 46 -1.694977e-01
25 63 -1.695992e-01
54 62 -1.697039e-01
31 48 -1.698606e-01
39 66 -1.699462e-01
25 62 -1.701027e-01
6 41 -1.703220e-01
12 27 -1.705035e-01
22 63 -1.713728e-01
32 38 -1.714882e-01
10 66 -1.719025e-01
37 63 -1.719890e-01
57 67 -1.720428e-01
42 48 -1.721619e-01
15 37 -1.723349e-01
38 60 -1.724662e-01
5 65 -1.727239e-01
6 24 -1.727970e-01
43 73 -1.729427e-01
15 75 -1.732040e-01
35 46 -1.735137e-01
27 56 -1.735315e-01
45 73 -1.741702e-01
32 37 -1.743687e-01
43 65 -1.752657e-01
36 57 -1.755168e-01
3 47 -1.756110e-01
20 66 -1.756404e-01
44 67 -1.756755e-01
38 63 -1.764046e-01
34 58 -1.765957e-01
13 50 -1.766445e-01
42 66 -1.766533e-01
28 69 -1.767259e-01
13 26 -1.776042e-01
51 66 -1.777271e-01
6 19 -1.778950e-01
16 63 -1.782954e-01
25 44 -1.785173e-01
62 67 -1.786935e-01
11 59 -1.787748e-01
27 72 -1.792903e-01
15 67 -1.793569e-01
36 62 -1.794437e-01
32 40 -1.795257e-01
5 62 -1.799755e-01
20 59 -1.803339e-01
26 44 -1.804705e-01
56 73 -1.806133e-01
32 41 -1.809471e-01
17 27 -1.809845e-01
12 44 -1.811619e-01
5 53 -1.814258e-01
11 25 -1.817972e-01
6 14 -1.820259e-01
30 58 -1.827901e-01
50 67 -1.828403e-01
41 62 -1.830342e-01
37 57 -1.831753e-01
63 75 -1.838415e-01
20 43 -1.840410e-01
38 73 -1.843696e-01
54 66 -1.844165e-01
43 59 -1.844279e-01
10 63 -1.844341e-01
61 62 -1.851475e-01
14 35 -1.855232e-01
16 31 -1.856551e-01
36 66 -1.857691e-01
46 50 -1.857856e-01
44 73 -1.860803e-01
19 43 -1.862850e-01
9 71 -1.863462e-01
4 63 -1.875188e-01
9 64 -1.875986e-01
20 44 -1.881475e-01
12 31 -1.895772e-01
19 34 -1.897440e-01
11 71 -1.898418e-01
60 72 -1.898683e-01
6 51 -1.909010e-01
11 60 -1.909520e-01
60 75 -1.913327e-01
6 18 -1.913469e-01
37 66 -1.917448e-01
27 52 -1.922664e-01
9 67 -1.922997e-01
7 30 -1.924746e-01
22 58 -1.927324e-01
9 60 -1.930190e-01
39 65 -1.934021e-01
18 43 -1.935634e-01
16 29 -1.939192e-01
27 58 -1.941847e-01
14 66 -1.948948e-01
52 63 -1.949217e-01
8 67 -1.951179e-01
21 44 -1.960548e-01
39 62 -1.966902e-01
6 59 -1.967490e-01
11 19 -1.972665e-01
6 71 -1.978895e-01
5 57 -1.979155e-01
52 62 -1.981253e-01
46 53 -1.988646e-01
31 51 -1.990306e-01
30 51 -1.992712e-01
6 44 -1.992784e-01
24 58 -1.993888e-01
7 62 -1.998280e-01
6 52 -2.000630e-01
27 51 -2.015955e-01
27 40 -2.016308e-01
16 66 -2.019667e-01
30 73 -2.022029e-01
6 42 -2.024318e-01
56 66 -2.028664e-01
30 46 -2.028756e-01
34 49 -2.030548e-01
21 32 -2.031960e-01
5 61 -2.036901e-01
48 58 -2.039977e-01
55 63 -2.048914e-01
32 49 -2.050335e-01
2 48 -2.051766e-01
14 42 -2.055936e-01
31 60 -2.058291e-01
18 63 -2.064376e-01
24 67 -2.066974e-01
29 48 -2.070791e-01
42 75 -2.080965e-01
5 55 -2.081631e-01
27 53 -2.082617e-01
3 65 -2.088602e-01
49 62 -2.098261e-01
5 47 -2.098918e-01
15 66 -2.102541e-01
6 37 -2.109363e-01
22 44 -2.112742e-01
27 69 -2.121292e-01
4 44 -2.128143e-01
11 64 -2.130617e-01
14 69 -2.131453e-01
26 54 -2.148258e-01
36 63 -2.154447e-01
13 69 -2.154690e-01
26 58 -2.159988e-01
13 39 -2.160563e-01
38 58 -2.164696e-01
12 32 -2.178679e-01
39 63 -2.188715e-01
6 17 -2.194070e-01
14 68 -2.214640e-01
34 54 -2.218914e-01
11 52 -2.218968e-01
11 26 -2.231652e-01
34 43 -2.234249e-01
6 43 -2.234648e-01
45 75 -2.239319e-01
14 46 -2.244660e-01
15 65 -2.247341e-01
11 40 -2.265381e-01
10 65 -2.269515e-01
10 27 -2.277384e-01
30 69 -2.278813e-01
14 43 -2.282142e-01
15 30 -2.296888e-01
19 66 -2.300809e-01
30 44 -2.303342e-01
51 62 -2.314438e-01
32 39 -2.316462e-01
13 52 -2.318932e-01
32 54 -2.320212e-01
11 55 -2.326378e-01
11 37 -2.343329e-01
13 61 -2.344507e-01
40 66 -2.344762e-01
44 50 -2.351256e-01
34 44 -2.351711e-01
44 64 -2.356425e-01
27 57 -2.359948e-01
27 61 -2.366566e-01
17 62 -2.368087e-01
11 45 -2.378685e-01
6 28 -2.385163e-01
12 67 -2.385835e-01
27 41 -2.388394e-01
6 75 -2.389985e-01
24 43 -2.392893e-01
33 66 -2.397438e-01
38 66 -2.403350e-01
66 75 -2.408452e-01
5 45 -2.408965e-01
20 62 -2.413857e-01
56 68 -2.419239e-01
14 62 -2.422757e-01
9 45 -2.429575e-01
15 73 -2.444008e-01
6 20 -2.456332e-01
9 59 -2.467729e-01
27 68 -2.471219e-01
17 66 -2.471896e-01
12 68 -2.478537e-01
27 60 -2.498228e-01
27 43 -2.510358e-01
4 62 -2.510842e-01
37 44 -2.517216e-01
11 24 -2.541247e-01
3 44 -2.542992e-01
14 32 -2.550198e-01
53 63 -2.553776e-01
17 44 -2.560545e-01
18 44 -2.563269e-01
13 64 -2.583065e-01
7 63 -2.610826e-01
13 75 -2.619790e-01
19 44 -2.625048e-01
24 62 -2.629505e-01
6 68 -2.652143e-01
16 32 -2.655815e-01
11 38 -2.662396e-01
32 35 -2.685827e-01
21 66 -2.693921e-01
11 70 -2.719644e-01
6 47 -2.725798e-01
11 21 -2.750423e-01
32 71 -2.767859e-01
24 44 -2.767900e-01
17 46 -2.779636e-01
6 53 -2.784776e-01
12 66 -2.800121e-01
32 51 -2.834538e-01
11 39 -2.839145e-01
27 55 -2.843602e-01
32 52 -2.846926e-01
6 69 -2.847960e-01
10 32 -2.872078e-01
6 22 -2.907265e-01
30 62 -2.938223e-01
6 49 -2.958259e-01
23 44 -2.960091e-01
15 44 -2.967043e-01
32 68 -2.975615e-01
32 61 -3.070377e-01
32 47 -3.113041e-01
29 44 -3.135216e-01
27 59 -3.196437e-01
5 74 -3.214774e-01
19 46 -3.261410e-01
32 53 -3.344583e-01
26 45 -3.352415e-01
16 62 -3.364146e-01
32 55 -3.404993e-01
32 64 -3.509059e-01
