43,44,1.128747
27,32,1.087584
66,73,0.611319
15,16,0.369013
30,67,0.368161
11,27,0.353671
13,27,0.350067
61,65,0.348297
59,61,0.340783
5,6,0.336979
9,11,0.336240
62,66,0.313244
55,56,0.305738
65,73,0.304145
6,30,0.287670
31,32,0.280559
6,8,0.277586
24,28,0.277145
12,45,0.270849
6,63,0.269339
46,58,0.258697
9,44,0.251017
6,32,0.241185
11,62,0.235920
26,64,0.235128
56,75,0.234011
27,63,0.229488
16,17,0.227937
44,75,0.227088
6,66,0.226631
42,44,0.223123
6,11,0.221356
66,72,0.220593
58,62,0.216949
69,73,0.215443
13,23,0.213256
59,60,0.211840
65,68,0.209188
62,63,0.204853
72,75,0.196084
20,24,0.190248
62,73,0.185147
12,38,0.179434
6,9,0.178936
13,34,0.178506
38,39,0.176283
12,14,0.171197
14,15,0.170360
74,75,0.170162
26,67,0.169042
73,74,0.167198
2,3,0.166506
45,57,0.164054
38,42,0.162483
14,45,0.159926
3,4,0.159109
69,71,0.158909
24,34,0.156221
47,60,0.154492
54,55,0.150495
68,69,0.149744
17,18,0.148468
51,52,0.147608
7,8,0.146420
35,45,0.146079
10,33,0.145642
5,30,0.145633
12,34,0.143390
24,36,0.141228
53,56,0.140649
32,63,0.140338
6,67,0.138873
65,69,0.136737
14,20,0.136587
62,74,0.135672
5,72,0.135477
25,29,0.134479
44,62,0.133950
56,57,0.133779
35,38,0.132687
39,40,0.132483
45,55,0.132477
9,72,0.131437
66,69,0.131339
11,46,0.130644
26,30,0.128304
2,29,0.127207
18,19,0.126818
9,43,0.124574
47,57,0.124347
10,44,0.124220
48,60,0.124047
11,32,0.123620
39,41,0.123591
34,35,0.122522
42,43,0.122104
4,7,0.121198
65,66,0.120055
60,61,0.119787
10,43,0.119170
53,54,0.117570
19,64,0.116542
5,67,0.115976
35,39,0.114723
69,70,0.114707
34,45,0.114299
30,70,0.114179
38,55,0.113916
5,11,0.113865
66,67,0.113375
41,42,0.112239
6,31,0.112197
16,48,0.111764
10,35,0.111699
61,64,0.110575
30,32,0.110556
3,30,0.108552
10,42,0.107856
50,51,0.106779
35,42,0.106199
43,46,0.105597
13,16,0.105331
19,22,0.104865
21,24,0.104426
29,30,0.104353
64,68,0.102797
49,54,0.102149
25,28,0.101777
52,53,0.101589
58,74,0.100942
16,60,0.100766
22,26,0.099858
23,60,0.099549
46,63,0.098786
11,63,0.098630
3,29,0.098429
17,19,0.098232
64,65,0.098180
2,25,0.097294
38,40,0.097194
60,62,0.096664
66,70,0.096385
71,73,0.096237
19,60,0.095860
50,56,0.095687
68,70,0.095465
23,64,0.095401
8,9,0.095385
32,46,0.094961
48,49,0.094214
3,5,0.094080
46,62,0.094063
28,29,0.093661
23,63,0.093434
72,74,0.092626
34,36,0.092232
36,37,0.092037
14,47,0.091793
64,67,0.091792
43,62,0.090505
12,42,0.089276
14,17,0.089257
14,16,0.089151
9,58,0.089042
4,5,0.087634
40,41,0.087605
47,49,0.086113
6,72,0.085772
17,70,0.085687
16,19,0.085663
21,36,0.085124
20,36,0.084560
30,64,0.084366
8,32,0.083757
66,74,0.083436
22,64,0.082382
19,48,0.082157
10,38,0.082076
44,58,0.082064
25,26,0.081775
30,31,0.081458
52,54,0.081445
59,71,0.081088
5,7,0.080771
54,56,0.080636
11,44,0.079911
47,48,0.079716
10,41,0.079185
15,17,0.078765
12,53,0.078385
36,38,0.078186
23,26,0.077999
28,33,0.077890
72,73,0.077554
57,61,0.076574
49,61,0.076548
12,37,0.075881
58,59,0.075137
12,20,0.075089
67,70,0.075068
45,47,0.074797
13,15,0.074504
64,66,0.074420
50,54,0.074058
38,53,0.073912
29,71,0.073164
37,47,0.072871
26,63,0.072333
49,51,0.072154
35,40,0.072007
20,53,0.071587
19,65,0.071266
37,39,0.070956
20,25,0.070889
14,18,0.070469
27,31,0.070448
50,52,0.070155
14,54,0.069762
32,62,0.069746
8,11,0.069597
19,26,0.069253
29,67,0.069166
12,13,0.068930
32,58,0.068774
26,29,0.068644
60,64,0.068503
11,72,0.068285
45,46,0.067893
18,22,0.067843
37,38,0.067800
1,2,0.067746
13,24,0.067702
59,68,0.067535
23,46,0.067244
13,17,0.067197
33,40,0.066942
18,26,0.066727
4,28,0.066453
50,53,0.066370
44,56,0.066211
9,75,0.066115
58,63,0.065694
36,40,0.065481
15,23,0.065182
37,69,0.065103
5,46,0.065094
15,48,0.064680
53,55,0.064655
33,36,0.064581
52,56,0.064548
35,41,0.064294
43,45,0.064174
19,23,0.064019
17,64,0.064010
44,47,0.063862
19,21,0.063615
11,12,0.063459
63,66,0.063289
66,71,0.063275
9,10,0.062498
43,75,0.062318
49,50,0.062130
36,71,0.062099
33,49,0.061662
31,62,0.061383
4,8,0.061369
66,68,0.061217
58,66,0.060879
58,75,0.060385
21,22,0.060260
43,58,0.060223
48,57,0.060220
42,45,0.059659
19,29,0.059643
28,75,0.059173
16,35,0.059082
33,41,0.058845
27,30,0.058571
59,65,0.058559
60,69,0.058301
56,58,0.058227
33,37,0.058077
25,30,0.057641
41,49,0.057500
59,64,0.056861
51,57,0.056588
9,27,0.056276
44,72,0.056131
30,63,0.056092
30,66,0.056049
42,55,0.055873
44,46,0.055769
15,22,0.055661
37,52,0.055621
12,36,0.055517
13,46,0.055427
27,46,0.054891
4,25,0.054890
47,54,0.054856
14,50,0.054715
24,56,0.054352
1,3,0.054267
23,32,0.054154
4,53,0.053895
5,29,0.053839
28,34,0.053804
32,70,0.053673
38,45,0.053666
34,53,0.053621
20,29,0.053516
50,74,0.053212
15,34,0.052848
16,50,0.052830
8,28,0.052691
48,64,0.052606
11,58,0.052448
21,46,0.052356
16,47,0.052265
19,20,0.052087
31,58,0.052013
43,47,0.051969
27,62,0.051772
10,39,0.051382
16,54,0.051232
14,34,0.051170
69,74,0.051051
5,66,0.050539
21,59,0.050351
16,49,0.050117
5,8,0.049946
7,46,0.049759
7,41,0.049523
13,31,0.049394
17,37,0.049332
12,18,0.049162
5,63,0.049097
14,19,0.049003
29,64,0.048662
34,38,0.048553
20,22,0.048456
67,68,0.048082
22,49,0.047787
23,33,0.047780
18,70,0.047758
27,34,0.047587
14,49,0.047432
35,36,0.047355
52,55,0.047289
19,40,0.047234
17,47,0.047213
1,31,0.047157
7,18,0.046958
11,13,0.046956
41,54,0.046937
35,37,0.046554
61,68,0.046161
21,40,0.046128
3,55,0.046126
31,70,0.046019
37,55,0.045750
6,7,0.045618
31,63,0.045077
26,28,0.044693
39,42,0.044622
33,48,0.044568
34,39,0.044542
70,71,0.044502
45,53,0.044470
2,26,0.044358
40,42,0.044290
15,47,0.044249
23,27,0.043985
63,69,0.043736
75,76,0.043712
57,58,0.043508
2,30,0.043432
13,63,0.043401
22,25,0.043343
24,51,0.043316
8,29,0.043037
11,15,0.042858
26,47,0.042717
50,55,0.042638
11,34,0.042575
4,12,0.042445
13,36,0.042435
20,57,0.042400
33,51,0.042303
22,50,0.042174
14,48,0.042152
23,29,0.041988
49,67,0.041816
2,4,0.041651
61,69,0.041615
5,19,0.041200
45,52,0.041112
13,20,0.040872
7,31,0.040780
63,67,0.040701
8,55,0.040684
16,20,0.040649
7,55,0.040561
68,74,0.040491
32,67,0.040369
48,61,0.040357
3,25,0.039957
22,47,0.039932
21,51,0.039775
15,20,0.039755
53,75,0.039664
63,74,0.039566
7,51,0.039502
37,41,0.039188
14,38,0.039174
36,41,0.039143
45,50,0.039112
8,25,0.039067
20,38,0.038953
18,36,0.038910
21,54,0.038865
26,68,0.038094
40,51,0.037970
48,53,0.037943
59,69,0.037938
16,52,0.037869
21,53,0.037861
8,15,0.037814
14,37,0.037272
39,55,0.037096
9,17,0.036888
60,63,0.036806
51,56,0.036798
8,10,0.036691
51,65,0.036518
12,39,0.036414
2,17,0.036408
18,20,0.036386
30,37,0.036300
23,52,0.036145
65,67,0.036120
9,19,0.035888
28,51,0.035698
15,42,0.035644
37,71,0.035573
15,50,0.035547
34,59,0.035540
23,34,0.035473
14,59,0.035394
7,48,0.035339
14,61,0.035299
49,65,0.035215
28,55,0.035198
57,76,0.034806
5,39,0.034743
63,65,0.034337
17,24,0.034315
17,74,0.034183
55,69,0.034096
51,55,0.034085
3,36,0.033905
45,70,0.033765
23,66,0.033750
13,19,0.033708
15,60,0.033665
2,28,0.033659
62,64,0.033658
51,69,0.033593
36,50,0.033588
69,72,0.033498
31,46,0.033455
27,65,0.033370
39,51,0.033192
10,24,0.033155
18,59,0.033124
22,70,0.032994
48,59,0.032519
34,48,0.032513
37,56,0.032490
3,71,0.032470
46,60,0.032443
12,55,0.032440
8,12,0.032390
20,23,0.032346
36,52,0.032278
18,52,0.032109
21,57,0.032091
18,65,0.032058
64,69,0.032053
18,58,0.031995
60,71,0.031946
47,62,0.031914
40,71,0.031854
59,70,0.031749
17,48,0.031702
24,49,0.031508
3,67,0.031403
37,40,0.031392
17,49,0.031387
15,21,0.031317
34,42,0.031285
71,72,0.030749
46,68,0.030705
7,19,0.030512
28,41,0.030416
47,56,0.030369
36,56,0.030308
51,53,0.030215
41,45,0.030132
24,25,0.030098
33,52,0.029972
61,67,0.029959
4,33,0.029619
40,56,0.029613
15,59,0.029593
33,68,0.029544
14,22,0.029484
62,65,0.029467
16,37,0.029328
32,73,0.029090
13,37,0.029089
3,7,0.029062
3,21,0.029007
43,57,0.028833
67,69,0.028817
16,18,0.028634
5,32,0.028623
11,75,0.028318
38,54,0.028272
49,68,0.028229
5,9,0.028215
33,35,0.028149
15,49,0.028109
29,51,0.028001
3,56,0.027942
48,51,0.027879
21,33,0.027866
42,57,0.027859
24,57,0.027801
53,57,0.027753
6,58,0.027613
7,49,0.027541
9,38,0.027530
50,60,0.027363
18,68,0.027221
62,69,0.027219
39,49,0.027173
10,12,0.027101
22,24,0.027028
10,46,0.026837
49,52,0.026834
49,69,0.026725
24,27,0.026426
42,47,0.026366
6,27,0.026351
12,35,0.026336
34,60,0.026247
3,8,0.026212
7,11,0.026194
50,64,0.026099
4,35,0.025989
31,33,0.025987
4,71,0.025959
36,49,0.025945
26,65,0.025838
26,70,0.025803
27,29,0.025749
24,37,0.025695
32,57,0.025639
30,72,0.025515
4,14,0.025499
36,61,0.025428
9,25,0.025316
15,72,0.025190
40,68,0.025139
35,50,0.025064
42,56,0.025004
21,49,0.024831
40,53,0.024827
45,68,0.024755
6,46,0.024704
39,46,0.024528
39,53,0.024380
4,30,0.024304
40,61,0.024298
10,18,0.024277
55,75,0.024241
28,35,0.024229
11,67,0.024177
1,76,0.024141
3,13,0.024100
44,59,0.024032
64,74,0.024000
60,70,0.023937
29,68,0.023835
51,60,0.023726
22,57,0.023642
20,21,0.023579
34,63,0.023534
64,70,0.023110
15,52,0.023072
17,52,0.023049
20,50,0.022985
18,40,0.022904
51,54,0.022877
40,69,0.022669
39,75,0.022620
38,56,0.022613
5,71,0.022508
4,75,0.022432
19,37,0.022418
22,29,0.022396
2,37,0.022281
28,37,0.022055
18,33,0.021984
61,71,0.021935
1,6,0.021931
50,71,0.021931
47,58,0.021850
2,8,0.021784
50,62,0.021721
58,72,0.021695
14,26,0.021686
46,73,0.021665
71,74,0.021665
58,76,0.021515
6,10,0.021499
26,37,0.021471
8,33,0.021470
7,35,0.021419
21,23,0.021372
52,59,0.021292
68,71,0.021265
12,16,0.021252
51,71,0.021217
36,59,0.021166
18,41,0.020966
4,23,0.020953
54,58,0.020932
5,31,0.020911
26,31,0.020823
1,46,0.020815
22,61,0.020810
22,41,0.020791
31,43,0.020781
23,67,0.020706
7,53,0.020691
20,48,0.020592
26,41,0.020510
66,76,0.020431
3,11,0.020430
26,51,0.020270
25,46,0.020245
1,29,0.020179
57,62,0.020010
39,71,0.019915
19,25,0.019803
28,47,0.019727
28,49,0.019705
14,53,0.019568
20,37,0.019565
19,59,0.019562
35,44,0.019538
10,37,0.019456
35,68,0.019437
44,66,0.019425
23,50,0.019328
41,44,0.019227
20,52,0.019225
35,52,0.019153
6,70,0.019152
42,71,0.019067
8,35,0.019028
4,39,0.018962
25,41,0.018949
33,50,0.018946
25,60,0.018889
52,57,0.018874
4,13,0.018823
1,26,0.018653
2,45,0.018646
74,76,0.018550
16,36,0.018478
13,48,0.018452
12,54,0.018422
25,64,0.018343
13,22,0.018257
2,76,0.018220
1,57,0.018210
49,74,0.018176
42,58,0.018156
57,73,0.018133
53,61,0.018096
17,29,0.018041
32,33,0.018031
20,40,0.017960
46,76,0.017813
58,71,0.017744
48,72,0.017646
10,21,0.017614
37,54,0.017581
48,75,0.017526
42,54,0.017509
28,36,0.017439
9,35,0.017406
14,52,0.017162
20,27,0.017155
24,59,0.017098
7,39,0.016995
5,12,0.016941
36,53,0.016716
64,73,0.016615
33,54,0.016604
3,22,0.016602
23,45,0.016573
52,75,0.016511
6,62,0.016494
20,32,0.016474
23,48,0.016451
33,42,0.016432
55,58,0.016426
49,70,0.016332
18,49,0.016309
59,67,0.016306
7,47,0.016236
16,53,0.016208
19,68,0.016206
50,57,0.016201
31,76,0.016158
4,36,0.016131
6,13,0.016050
39,48,0.015968
60,68,0.015959
51,68,0.015920
17,59,0.015831
51,70,0.015763
62,76,0.015713
51,74,0.015675
55,57,0.015673
26,48,0.015577
1,11,0.015492
24,48,0.015419
57,75,0.015408
24,52,0.015356
54,71,0.015346
55,70,0.015177
45,62,0.015152
13,38,0.015043
7,29,0.014987
16,24,0.014986
47,59,0.014867
21,68,0.014808
40,60,0.014792
31,49,0.014687
36,45,0.014676
21,67,0.014676
3,28,0.014649
58,73,0.014634
21,45,0.014626
21,25,0.014614
1,27,0.014521
4,57,0.014488
7,9,0.014412
29,57,0.014408
4,73,0.014196
37,53,0.014003
7,17,0.013860
1,62,0.013743
39,68,0.013717
25,57,0.013623
2,75,0.013558
8,49,0.013523
17,22,0.013512
18,54,0.013488
53,74,0.013458
18,29,0.013455
51,75,0.013386
62,72,0.013366
18,24,0.013307
25,48,0.013289
54,74,0.013257
72,76,0.013249
18,71,0.013218
33,34,0.013218
18,25,0.013204
4,67,0.013182
7,21,0.013171
29,50,0.013143
39,45,0.013125
3,33,0.013052
43,56,0.013020
60,65,0.013019
35,71,0.012992
9,12,0.012921
46,57,0.012846
9,32,0.012828
1,43,0.012802
7,40,0.012797
10,61,0.012764
22,37,0.012653
26,39,0.012588
14,75,0.012409
70,73,0.012353
4,51,0.012331
15,24,0.012148
40,43,0.012104
18,73,0.012066
26,72,0.011965
33,56,0.011901
33,69,0.011894
70,74,0.011788
1,42,0.011779
29,35,0.011747
1,25,0.011714
15,25,0.011561
17,69,0.011489
68,73,0.011447
2,68,0.011424
4,42,0.011311
13,29,0.011257
22,67,0.011202
8,51,0.011170
40,72,0.011128
30,47,0.011106
56,70,0.011104
10,16,0.011057
47,61,0.011055
57,66,0.010961
16,34,0.010951
23,47,0.010897
18,48,0.010830
46,47,0.010764
55,67,0.010752
21,52,0.010729
11,76,0.010691
14,63,0.010688
40,52,0.010685
21,76,0.010671
22,36,0.010655
41,60,0.010488
26,35,0.010470
20,42,0.010448
11,16,0.010343
21,48,0.010326
4,55,0.010263
42,49,0.010207
36,68,0.010204
23,25,0.010203
30,45,0.010186
7,75,0.010093
8,20,0.010017
58,65,0.009983
24,26,0.009975
8,69,0.009963
39,44,0.009935
29,53,0.009901
10,25,0.009888
43,63,0.009811
33,39,0.009753
63,76,0.009685
22,28,0.009588
2,7,0.009520
21,69,0.009472
5,26,0.009408
28,52,0.009379
3,74,0.009316
55,74,0.009284
9,31,0.009220
25,51,0.009176
46,59,0.009094
10,34,0.009091
22,68,0.009089
20,70,0.009086
39,50,0.008977
12,57,0.008926
63,71,0.008815
18,64,0.008803
2,12,0.008772
21,39,0.008760
8,74,0.008698
42,76,0.008685
12,50,0.008590
28,54,0.008540
36,42,0.008502
22,31,0.008479
16,22,0.008430
34,69,0.008354
40,49,0.008323
67,72,0.008273
38,44,0.008248
1,8,0.008192
17,41,0.008183
47,52,0.008181
38,57,0.008119
22,71,0.008104
3,26,0.008067
35,53,0.008057
15,71,0.008007
52,76,0.007966
62,75,0.007912
3,17,0.007911
2,14,0.007906
31,69,0.007840
9,56,0.007829
12,17,0.007740
52,68,0.007684
14,57,0.007666
45,76,0.007666
21,50,0.007655
7,36,0.007621
8,50,0.007596
17,68,0.007570
23,24,0.007520
38,48,0.007482
21,70,0.007449
25,54,0.007436
54,75,0.007409
32,76,0.007383
13,60,0.007160
48,52,0.007149
55,71,0.007073
18,30,0.007051
50,68,0.007047
50,72,0.007043
37,64,0.006975
57,68,0.006836
41,68,0.006763
24,42,0.006669
14,36,0.006610
71,76,0.006592
7,56,0.006454
2,46,0.006326
73,75,0.006283
15,35,0.006265
19,38,0.006248
4,38,0.006214
42,46,0.006199
3,20,0.006196
1,30,0.006170
23,54,0.006147
51,73,0.006137
17,54,0.006097
41,52,0.006090
20,56,0.006088
48,74,0.006045
39,56,0.005994
18,51,0.005906
10,70,0.005850
4,34,0.005770
5,69,0.005757
22,55,0.005752
7,54,0.005739
51,64,0.005692
8,31,0.005671
7,37,0.005655
18,42,0.005567
1,7,0.005552
2,61,0.005485
41,69,0.005434
13,53,0.005417
31,40,0.005340
57,59,0.005325
29,74,0.005323
16,71,0.005241
1,65,0.005228
1,37,0.005203
8,40,0.005179
1,63,0.005171
15,68,0.005156
9,68,0.005131
19,49,0.005060
73,76,0.004981
44,74,0.004972
38,71,0.004948
45,58,0.004939
16,38,0.004930
16,55,0.004898
11,28,0.004874
39,69,0.004865
15,64,0.004793
2,52,0.004790
33,71,0.004750
10,40,0.004675
26,61,0.004661
20,49,0.004642
24,38,0.004617
48,56,0.004604
27,76,0.004598
25,56,0.004584
35,55,0.004574
25,52,0.004436
17,31,0.004407
44,57,0.004404
3,75,0.004386
16,40,0.004380
53,69,0.004372
26,38,0.004340
7,76,0.004326
46,48,0.004310
1,32,0.004274
3,52,0.004240
31,41,0.004223
1,66,0.004136
31,50,0.004127
2,31,0.004116
19,53,0.004076
4,56,0.003967
3,54,0.003875
14,28,0.003866
48,54,0.003856
12,40,0.003847
25,59,0.003781
41,67,0.003770
61,66,0.003763
25,61,0.003763
15,19,0.003720
6,76,0.003685
29,63,0.003674
24,61,0.003652
1,73,0.003638
15,58,0.003587
3,70,0.003550
31,66,0.003548
27,67,0.003500
21,41,0.003497
17,51,0.003459
54,57,0.003433
53,65,0.003413
18,21,0.003410
65,70,0.003388
35,76,0.003377
10,69,0.003287
24,29,0.003217
1,21,0.003147
39,70,0.003143
14,51,0.003110
35,43,0.003102
1,58,0.003099
36,54,0.003071
5,40,0.003056
9,13,0.003049
17,23,0.002892
38,43,0.002883
33,76,0.002792
13,35,0.002780
65,71,0.002774
47,50,0.002742
2,57,0.002714
28,39,0.002646
10,58,0.002635
11,56,0.002627
40,74,0.002608
31,45,0.002540
8,71,0.002535
9,54,0.002439
19,41,0.002416
19,24,0.002398
20,51,0.002373
10,55,0.002336
7,25,0.002315
34,55,0.002298
2,13,0.002278
20,39,0.002273
21,34,0.002272
22,59,0.002255
29,41,0.002243
4,9,0.002181
8,14,0.002164
53,64,0.002152
10,14,0.002083
12,41,0.002059
41,53,0.002048
2,34,0.002048
8,21,0.002037
18,55,0.001992
12,25,0.001958
23,36,0.001900
31,42,0.001857
10,15,0.001811
21,58,0.001793
8,72,0.001791
47,68,0.001726
19,35,0.001666
24,54,0.001616
7,10,0.001573
47,51,0.001558
67,74,0.001555
4,16,0.001554
9,48,0.001516
62,71,0.001507
37,50,0.001505
35,74,0.001489
37,51,0.001465
5,27,0.001460
17,38,0.001454
44,45,0.001405
17,33,0.001394
13,51,0.001331
40,76,0.001130
25,27,0.001128
51,63,0.001122
12,51,0.001064
23,31,0.000976
37,49,0.000975
33,64,0.000952
8,54,0.000946
22,52,0.000916
7,20,0.000904
25,68,0.000871
60,66,0.000862
55,76,0.000835
50,59,0.000814
52,64,0.000711
47,74,0.000709
56,74,0.000688
10,31,0.000641
28,40,0.000636
46,75,0.000556
43,76,0.000524
17,60,0.000503
26,62,0.000459
52,74,0.000409
13,45,0.000348
18,50,0.000310
57,65,0.000282
17,53,0.000274
12,47,0.000262
46,51,0.000233
36,39,0.000228
10,13,0.000219
63,64,0.000215
13,76,0.000182
38,47,0.000154
22,30,0.000152
41,51,0.000109
1,5,0.000058
1,33,0.000049
54,69,0.000039
13,62,0.000033
10,73,-0.000019
24,50,-0.000031
1,23,-0.000057
22,33,-0.000065
39,57,-0.000082
7,50,-0.000095
32,75,-0.000148
70,72,-0.000163
23,65,-0.000168
7,69,-0.000169
7,72,-0.000197
12,21,-0.000233
48,50,-0.000242
37,46,-0.000306
7,26,-0.000327
18,53,-0.000387
54,59,-0.000398
24,35,-0.000431
25,33,-0.000443
28,76,-0.000534
29,52,-0.000597
23,59,-0.000633
44,55,-0.000729
11,53,-0.000744
12,61,-0.000798
22,38,-0.000830
3,37,-0.000873
8,66,-0.000914
40,55,-0.000981
70,76,-0.000995
12,15,-0.000995
10,72,-0.001009
23,72,-0.001104
24,33,-0.001108
18,76,-0.001151
22,60,-0.001235
44,76,-0.001246
4,19,-0.001262
4,31,-0.001267
4,49,-0.001271
1,10,-0.001291
10,48,-0.001340
13,33,-0.001389
32,66,-0.001420
29,56,-0.001442
67,76,-0.001447
59,75,-0.001480
48,55,-0.001488
15,26,-0.001494
15,61,-0.001555
48,71,-0.001566
42,51,-0.001578
26,49,-0.001629
1,41,-0.001641
22,51,-0.001712
4,18,-0.001771
28,60,-0.001793
38,50,-0.001797
39,54,-0.001829
20,68,-0.001833
32,34,-0.001841
20,33,-0.001847
1,4,-0.001861
37,70,-0.001885
10,17,-0.001894
31,35,-0.001922
25,31,-0.002004
22,23,-0.002015
49,63,-0.002060
31,74,-0.002091
22,66,-0.002122
59,62,-0.002130
41,61,-0.002175
42,60,-0.002184
10,71,-0.002223
45,67,-0.002271
24,76,-0.002272
10,29,-0.002305
60,74,-0.002348
9,76,-0.002435
1,40,-0.002455
2,53,-0.002468
17,50,-0.002487
51,59,-0.002575
9,29,-0.002607
11,31,-0.002629
21,56,-0.002634
38,41,-0.002687
45,49,-0.002746
3,59,-0.002775
29,70,-0.002798
1,15,-0.002811
4,69,-0.002823
15,53,-0.002825
30,43,-0.002830
43,55,-0.002902
22,35,-0.002912
7,65,-0.002921
1,74,-0.002954
34,50,-0.002960
39,76,-0.002965
1,19,-0.003022
1,70,-0.003024
52,71,-0.003028
36,74,-0.003042
2,24,-0.003046
3,23,-0.003106
55,65,-0.003109
5,22,-0.003113
23,28,-0.003126
23,76,-0.003130
30,54,-0.003206
46,66,-0.003270
22,45,-0.003303
40,46,-0.003335
13,59,-0.003389
10,76,-0.003393
42,68,-0.003395
10,49,-0.003406
1,54,-0.003423
4,41,-0.003465
8,46,-0.003483
5,13,-0.003508
36,47,-0.003510
59,73,-0.003632
8,58,-0.003679
1,34,-0.003706
18,69,-0.003782
40,70,-0.003785
8,13,-0.003790
5,36,-0.003792
52,61,-0.003797
3,18,-0.003835
51,72,-0.003842
3,64,-0.003846
49,71,-0.003862
4,37,-0.003906
1,28,-0.003928
41,57,-0.003930
41,76,-0.003937
20,58,-0.003969
19,61,-0.003977
63,70,-0.003981
58,60,-0.003985
24,40,-0.003988
8,39,-0.004027
2,73,-0.004068
25,35,-0.004124
61,70,-0.004141
43,48,-0.004191
22,74,-0.004243
19,50,-0.004273
1,59,-0.004279
1,24,-0.004288
21,47,-0.004328
2,39,-0.004348
53,72,-0.004363
13,14,-0.004401
47,76,-0.004404
3,38,-0.004478
32,72,-0.004509
9,52,-0.004512
33,38,-0.004537
2,69,-0.004560
3,63,-0.004669
49,60,-0.004725
1,45,-0.004748
52,70,-0.004762
34,72,-0.004778
28,67,-0.004796
41,58,-0.004831
14,21,-0.004848
21,55,-0.004897
9,73,-0.004905
16,75,-0.004905
17,61,-0.004906
7,12,-0.004913
11,14,-0.004920
40,54,-0.004941
28,53,-0.004949
34,41,-0.004958
26,46,-0.004981
35,51,-0.005002
36,51,-0.005041
51,76,-0.005078
7,22,-0.005096
1,55,-0.005227
14,44,-0.005227
20,55,-0.005242
12,22,-0.005256
57,63,-0.005279
11,43,-0.005306
5,70,-0.005338
52,67,-0.005344
11,30,-0.005369
2,27,-0.005375
65,76,-0.005393
11,20,-0.005440
29,46,-0.005448
22,39,-0.005477
28,71,-0.005485
46,72,-0.005523
45,54,-0.005547
18,46,-0.005556
65,72,-0.005561
12,23,-0.005596
2,55,-0.005613
63,72,-0.005647
26,60,-0.005662
1,61,-0.005700
16,73,-0.005704
1,67,-0.005717
29,31,-0.005724
21,28,-0.005728
36,75,-0.005736
5,75,-0.005767
21,61,-0.005850
41,55,-0.005890
15,28,-0.005958
34,52,-0.006008
14,39,-0.006042
2,54,-0.006059
16,21,-0.006074
3,39,-0.006075
37,68,-0.006125
26,40,-0.006138
3,48,-0.006184
21,38,-0.006300
19,57,-0.006357
25,53,-0.006480
1,64,-0.006483
9,28,-0.006488
16,25,-0.006495
59,76,-0.006526
3,27,-0.006542
3,53,-0.006589
69,76,-0.006607
1,20,-0.006644
50,76,-0.006729
41,56,-0.006788
23,58,-0.006812
8,19,-0.006821
19,33,-0.006859
2,40,-0.006878
60,76,-0.006879
3,66,-0.006893
4,21,-0.006955
4,6,-0.006970
15,43,-0.006973
22,53,-0.006993
2,56,-0.007050
43,52,-0.007073
16,59,-0.007091
19,76,-0.007099
10,53,-0.007199
25,50,-0.007239
5,14,-0.007249
30,74,-0.007253
1,13,-0.007266
14,30,-0.007319
6,73,-0.007348
37,43,-0.007456
10,68,-0.007474
47,73,-0.007506
24,47,-0.007507
28,45,-0.007561
38,64,-0.007563
7,66,-0.007579
25,47,-0.007581
30,53,-0.007582
68,76,-0.007589
4,10,-0.007617
2,70,-0.007640
56,76,-0.007696
61,63,-0.007697
22,75,-0.007710
15,18,-0.007730
7,70,-0.007752
22,76,-0.007764
2,58,-0.007778
1,36,-0.007815
4,27,-0.007920
35,62,-0.008000
30,56,-0.008030
2,20,-0.008036
24,64,-0.008038
49,76,-0.008126
7,71,-0.008158
3,76,-0.008202
24,39,-0.008219
20,26,-0.008242
12,76,-0.008274
27,54,-0.008279
17,36,-0.008303
52,72,-0.008304
2,60,-0.008322
5,17,-0.008335
30,39,-0.008335
5,58,-0.008368
1,53,-0.008406
4,52,-0.008407
41,66,-0.008456
9,15,-0.008464
3,72,-0.008472
15,62,-0.008509
2,21,-0.008539
61,76,-0.008544
41,71,-0.008573
15,57,-0.008595
17,76,-0.008636
26,59,-0.008655
5,54,-0.008681
1,44,-0.008719
31,52,-0.008723
44,52,-0.008747
42,53,-0.008758
21,31,-0.008792
12,24,-0.008857
24,70,-0.008864
30,41,-0.008918
41,70,-0.008998
18,61,-0.009006
40,59,-0.009015
43,64,-0.009061
40,45,-0.009074
8,76,-0.009116
2,41,-0.009159
2,42,-0.009174
29,75,-0.009189
9,74,-0.009315
15,40,-0.009317
15,39,-0.009335
38,76,-0.009389
37,67,-0.009424
7,61,-0.009429
8,23,-0.009447
28,30,-0.009457
19,32,-0.009500
29,54,-0.009506
53,68,-0.009526
37,76,-0.009574
34,76,-0.009593
28,42,-0.009616
1,38,-0.009632
30,55,-0.009683
28,31,-0.009716
12,72,-0.009743
4,50,-0.009744
63,68,-0.009832
53,70,-0.009852
7,58,-0.009855
30,65,-0.009871
10,19,-0.009908
56,71,-0.009923
39,67,-0.009928
36,69,-0.009956
62,68,-0.009960
59,63,-0.009978
40,50,-0.009989
47,75,-0.009995
60,67,-0.010015
28,50,-0.010170
18,74,-0.010183
23,70,-0.010223
20,31,-0.010246
4,24,-0.010284
17,26,-0.010415
14,56,-0.010456
48,76,-0.010510
33,53,-0.010566
2,47,-0.010618
42,74,-0.010631
4,64,-0.010642
28,57,-0.010672
55,59,-0.010690
13,32,-0.010759
24,53,-0.010794
1,9,-0.010814
24,75,-0.010838
25,42,-0.010855
1,71,-0.010891
10,22,-0.010956
10,20,-0.010971
16,41,-0.010991
12,29,-0.011007
53,60,-0.011007
47,55,-0.011148
38,75,-0.011154
1,68,-0.011167
3,32,-0.011168
4,47,-0.011172
5,76,-0.011172
20,69,-0.011176
57,60,-0.011178
39,43,-0.011184
19,74,-0.011186
7,42,-0.011219
34,47,-0.011224
19,45,-0.011244
53,76,-0.011263
17,71,-0.011333
34,70,-0.011356
29,42,-0.011360
34,57,-0.011361
2,33,-0.011365
5,18,-0.011426
39,60,-0.011431
8,75,-0.011448
22,40,-0.011465
65,74,-0.011488
17,21,-0.011522
21,74,-0.011524
15,31,-0.011546
15,76,-0.011581
33,55,-0.011615
31,65,-0.011657
31,67,-0.011679
19,51,-0.011690
21,37,-0.011708
67,71,-0.011744
40,75,-0.011781
53,71,-0.011818
24,45,-0.011824
3,40,-0.011933
34,37,-0.011954
39,72,-0.011988
38,61,-0.011998
18,39,-0.012021
33,75,-0.012092
28,73,-0.012154
5,25,-0.012158
25,45,-0.012169
49,72,-0.012172
9,23,-0.012245
4,61,-0.012270
21,65,-0.012332
27,73,-0.012397
15,33,-0.012432
1,69,-0.012440
10,60,-0.012453
25,76,-0.012528
7,23,-0.012533
9,24,-0.012573
48,67,-0.012604
39,73,-0.012615
50,73,-0.012627
16,61,-0.012672
33,58,-0.012697
9,61,-0.012750
18,72,-0.012782
11,23,-0.012808
7,14,-0.012819
21,42,-0.012871
23,61,-0.012906
32,42,-0.012931
53,59,-0.012956
44,51,-0.012973
7,68,-0.013004
57,69,-0.013011
26,69,-0.013053
29,49,-0.013114
7,74,-0.013213
1,39,-0.013256
14,41,-0.013275
43,66,-0.013369
29,76,-0.013394
33,67,-0.013410
44,54,-0.013418
1,52,-0.013491
13,40,-0.013502
14,60,-0.013504
19,31,-0.013511
52,65,-0.013538
22,56,-0.013545
2,65,-0.013561
50,58,-0.013582
18,60,-0.013584
32,44,-0.013603
18,75,-0.013612
54,76,-0.013623
29,69,-0.013648
25,55,-0.013691
16,28,-0.013753
33,70,-0.013787
17,75,-0.013793
25,75,-0.013899
2,66,-0.013939
23,37,-0.013964
16,57,-0.013982
46,65,-0.014006
2,10,-0.014073
2,64,-0.014075
52,58,-0.014089
36,76,-0.014117
52,69,-0.014171
2,5,-0.014191
23,74,-0.014196
15,36,-0.014205
1,51,-0.014288
22,48,-0.014320
29,40,-0.014364
57,71,-0.014407
32,43,-0.014446
23,49,-0.014455
17,20,-0.014472
49,59,-0.014491
30,49,-0.014525
5,37,-0.014597
25,74,-0.014650
35,48,-0.014678
58,68,-0.014684
51,67,-0.014709
29,33,-0.014715
51,61,-0.014752
35,54,-0.014809
3,57,-0.014829
22,73,-0.014836
2,74,-0.014882
37,48,-0.014926
39,52,-0.014976
5,16,-0.014990
37,42,-0.014994
16,65,-0.014998
9,70,-0.015061
34,40,-0.015091
29,65,-0.015094
3,69,-0.015123
18,37,-0.015209
26,71,-0.015241
38,74,-0.015299
19,39,-0.015409
44,60,-0.015411
1,22,-0.015423
41,48,-0.015473
1,14,-0.015489
1,56,-0.015497
14,76,-0.015594
19,36,-0.015594
21,71,-0.015629
6,50,-0.015650
2,63,-0.015712
67,73,-0.015736
47,64,-0.015766
1,75,-0.015807
58,70,-0.015827
10,28,-0.015827
41,64,-0.015846
12,19,-0.015896
29,55,-0.015897
6,48,-0.015903
38,49,-0.015923
28,32,-0.015928
54,68,-0.015958
4,54,-0.015981
22,42,-0.016012
40,58,-0.016017
10,36,-0.016041
3,19,-0.016078
36,60,-0.016218
25,32,-0.016291
30,34,-0.016333
31,54,-0.016342
26,52,-0.016360
16,56,-0.016422
41,59,-0.016433
15,56,-0.016442
17,25,-0.016455
2,72,-0.016461
20,54,-0.016467
20,72,-0.016481
3,35,-0.016542
2,50,-0.016546
2,44,-0.016548
12,48,-0.016582
10,52,-0.016595
4,76,-0.016621
16,76,-0.016631
3,41,-0.016697
9,50,-0.016730
36,70,-0.016757
31,56,-0.016794
33,61,-0.017017
14,55,-0.017020
5,23,-0.017036
8,65,-0.017055
61,75,-0.017064
4,45,-0.017097
10,56,-0.017129
1,49,-0.017147
17,34,-0.017153
27,64,-0.017153
34,74,-0.017157
46,64,-0.017170
48,65,-0.017226
20,60,-0.017233
50,69,-0.017406
12,43,-0.017418
48,69,-0.017430
3,61,-0.017476
25,67,-0.017493
10,51,-0.017518
16,67,-0.017600
15,51,-0.017661
38,52,-0.017696
9,14,-0.017702
4,29,-0.017706
35,70,-0.017721
64,71,-0.017770
35,75,-0.017772
2,32,-0.017793
23,71,-0.017934
30,75,-0.017942
18,35,-0.017947
13,72,-0.017996
33,72,-0.018008
9,20,-0.018036
1,12,-0.018040
12,28,-0.018056
41,72,-0.018129
1,72,-0.018186
13,21,-0.018229
22,65,-0.018268
29,34,-0.018275
8,68,-0.018334
19,27,-0.018343
35,57,-0.018438
28,68,-0.018455
6,65,-0.018473
58,64,-0.018478
62,70,-0.018488
1,18,-0.018497
34,62,-0.018502
40,63,-0.018617
19,63,-0.018618
4,26,-0.018701
41,50,-0.018727
40,67,-0.018796
36,48,-0.018817
31,37,-0.018825
6,12,-0.018855
30,76,-0.018930
9,33,-0.018942
25,40,-0.019095
41,73,-0.019095
13,47,-0.019105
20,45,-0.019116
21,72,-0.019116
2,22,-0.019126
5,15,-0.019154
43,54,-0.019211
15,45,-0.019271
18,34,-0.019281
9,49,-0.019340
10,11,-0.019388
28,63,-0.019418
25,65,-0.019436
43,51,-0.019506
33,63,-0.019521
21,29,-0.019537
8,18,-0.019547
4,58,-0.019558
55,68,-0.019587
56,72,-0.019599
39,58,-0.019637
15,74,-0.019777
18,31,-0.019800
26,34,-0.019807
2,59,-0.019821
41,43,-0.019857
38,46,-0.019931
25,38,-0.019937
5,43,-0.019958
47,69,-0.020099
4,70,-0.020105
31,71,-0.020126
28,38,-0.020148
29,73,-0.020196
20,76,-0.020211
17,56,-0.020220
16,51,-0.020313
34,61,-0.020319
27,28,-0.020386
21,64,-0.020411
59,74,-0.020468
42,70,-0.020564
23,39,-0.020569
18,57,-0.020594
4,68,-0.020602
8,34,-0.020649
21,26,-0.020750
23,41,-0.020789
21,30,-0.020791
2,18,-0.020971
41,46,-0.021000
29,37,-0.021058
19,28,-0.021066
11,22,-0.021090
25,37,-0.021107
2,62,-0.021136
4,72,-0.021186
35,64,-0.021198
29,60,-0.021207
2,9,-0.021292
14,64,-0.021323
6,57,-0.021331
25,39,-0.021361
5,34,-0.021427
13,56,-0.021459
13,54,-0.021487
16,43,-0.021494
13,66,-0.021517
39,61,-0.021611
11,48,-0.021620
6,15,-0.021626
24,68,-0.021628
13,44,-0.021631
60,73,-0.021741
3,45,-0.021795
43,72,-0.021836
49,66,-0.021887
3,50,-0.021905
10,50,-0.021915
22,54,-0.022013
9,62,-0.022023
7,64,-0.022026
11,33,-0.022100
49,75,-0.022146
1,17,-0.022171
35,60,-0.022184
8,62,-0.022217
1,35,-0.022324
42,67,-0.022383
17,39,-0.022428
39,64,-0.022459
3,14,-0.022472
40,48,-0.022529
28,43,-0.022531
9,51,-0.022576
53,73,-0.022649
25,36,-0.022721
21,35,-0.022733
12,49,-0.022734
26,73,-0.022901
1,48,-0.022914
35,59,-0.022923
58,67,-0.022951
32,48,-0.022966
19,75,-0.022978
6,61,-0.022986
9,34,-0.023072
8,42,-0.023144
33,47,-0.023150
7,15,-0.023156
4,40,-0.023163
27,44,-0.023201
7,24,-0.023210
25,71,-0.023245
28,74,-0.023347
5,59,-0.023360
12,64,-0.023375
11,49,-0.023411
14,70,-0.023414
1,16,-0.023427
30,68,-0.023448
43,71,-0.023479
55,72,-0.023560
10,75,-0.023562
22,69,-0.023611
26,36,-0.023649
49,55,-0.023753
17,42,-0.023755
4,11,-0.023755
20,35,-0.023821
15,63,-0.023852
19,62,-0.023880
16,70,-0.023967
36,72,-0.023984
1,60,-0.024010
50,63,-0.024031
56,69,-0.024056
1,47,-0.024103
69,75,-0.024144
17,63,-0.024161
33,65,-0.024203
20,34,-0.024262
8,64,-0.024304
47,71,-0.024333
20,63,-0.024369
36,55,-0.024389
16,33,-0.024421
3,15,-0.024429
46,61,-0.024502
52,66,-0.024527
6,39,-0.024528
33,73,-0.024538
37,59,-0.024626
28,65,-0.024636
21,60,-0.024699
9,46,-0.024711
20,71,-0.024739
31,47,-0.024758
8,61,-0.024770
56,64,-0.024779
2,36,-0.024811
17,67,-0.024907
8,60,-0.024935
8,17,-0.024987
14,67,-0.025053
34,68,-0.025093
41,74,-0.025114
35,56,-0.025212
40,62,-0.025253
7,60,-0.025274
34,71,-0.025282
30,35,-0.025355
1,50,-0.025441
13,42,-0.025514
18,38,-0.025527
17,57,-0.025530
14,24,-0.025562
11,41,-0.025575
43,68,-0.025644
17,35,-0.025669
4,43,-0.025792
11,54,-0.025793
5,28,-0.025799
4,20,-0.025823
30,38,-0.025871
25,58,-0.025875
27,45,-0.025932
38,68,-0.025948
40,73,-0.025956
28,59,-0.026012
6,16,-0.026029
4,48,-0.026035
20,46,-0.026051
52,73,-0.026085
5,35,-0.026123
10,74,-0.026148
33,46,-0.026159
28,56,-0.026209
7,32,-0.026260
2,6,-0.026284
26,76,-0.026298
38,59,-0.026408
36,65,-0.026414
37,75,-0.026475
56,65,-0.026486
7,57,-0.026491
24,65,-0.026628
55,60,-0.026633
7,33,-0.026665
12,30,-0.026695
28,72,-0.026727
8,26,-0.026743
4,32,-0.026745
64,76,-0.026771
33,60,-0.026798
42,65,-0.026825
12,59,-0.026843
45,72,-0.026856
3,62,-0.026878
47,65,-0.026900
20,61,-0.026907
31,68,-0.027016
5,44,-0.027036
33,57,-0.027040
9,36,-0.027075
7,38,-0.027126
17,40,-0.027136
18,67,-0.027139
18,23,-0.027186
19,71,-0.027213
31,55,-0.027214
2,67,-0.027266
25,69,-0.027277
13,43,-0.027301
5,73,-0.027314
24,73,-0.027322
5,33,-0.027354
45,69,-0.027368
31,57,-0.027400
5,38,-0.027470
30,36,-0.027659
24,46,-0.027698
68,72,-0.027747
20,47,-0.027769
3,6,-0.027785
19,55,-0.027794
38,51,-0.027830
37,60,-0.027841
5,50,-0.027842
8,53,-0.027854
15,55,-0.027892
48,70,-0.027999
67,75,-0.028007
13,28,-0.028019
44,48,-0.028056
2,19,-0.028194
7,67,-0.028210
20,28,-0.028235
34,51,-0.028322
2,11,-0.028397
30,50,-0.028411
20,75,-0.028605
37,74,-0.028620
17,45,-0.028675
31,61,-0.028715
27,48,-0.028720
49,56,-0.028723
28,64,-0.028760
7,73,-0.028773
11,69,-0.028774
19,52,-0.028777
58,61,-0.028886
10,47,-0.028910
8,41,-0.028924
46,49,-0.028926
65,75,-0.029061
28,46,-0.029113
36,67,-0.029157
27,71,-0.029182
42,59,-0.029212
2,71,-0.029219
4,74,-0.029275
2,49,-0.029291
15,54,-0.029313
31,38,-0.029384
14,29,-0.029480
2,51,-0.029489
18,45,-0.029508
21,75,-0.029514
24,69,-0.029585
9,41,-0.029634
44,61,-0.029650
19,42,-0.029699
30,48,-0.029717
36,46,-0.029717
55,62,-0.029781
35,58,-0.029826
26,55,-0.029828
7,45,-0.029884
44,67,-0.029899
2,35,-0.029946
22,27,-0.029992
11,52,-0.030008
54,60,-0.030021
14,25,-0.030127
57,64,-0.030188
45,74,-0.030195
49,57,-0.030230
3,24,-0.030232
3,16,-0.030232
47,66,-0.030242
16,63,-0.030256
37,73,-0.030288
6,45,-0.030378
29,38,-0.030408
47,72,-0.030427
17,73,-0.030515
43,49,-0.030531
31,73,-0.030591
11,47,-0.030627
70,75,-0.030662
64,72,-0.030678
3,68,-0.030739
49,53,-0.030749
11,66,-0.030822
24,74,-0.030832
38,69,-0.030834
26,53,-0.030878
25,43,-0.030894
12,62,-0.030934
44,71,-0.030964
52,60,-0.031031
23,42,-0.031043
37,65,-0.031081
11,68,-0.031105
61,72,-0.031152
12,56,-0.031223
34,67,-0.031367
8,24,-0.031381
31,44,-0.031406
7,28,-0.031666
28,61,-0.031713
13,74,-0.031723
5,20,-0.031730
44,70,-0.031735
16,74,-0.031834
44,53,-0.031849
31,34,-0.031904
23,62,-0.031998
14,72,-0.032040
2,38,-0.032042
54,73,-0.032054
32,56,-0.032074
29,32,-0.032084
30,33,-0.032090
54,72,-0.032117
16,44,-0.032184
8,22,-0.032195
15,41,-0.032260
39,47,-0.032287
8,43,-0.032339
20,41,-0.032378
8,16,-0.032405
57,72,-0.032570
6,60,-0.032574
46,74,-0.032675
50,70,-0.032682
40,44,-0.032704
35,61,-0.032721
40,64,-0.032771
17,72,-0.032776
42,73,-0.032815
8,70,-0.032886
28,70,-0.032895
14,40,-0.032904
32,59,-0.032967
44,68,-0.033000
19,47,-0.033076
44,63,-0.033158
23,69,-0.033180
54,70,-0.033193
33,44,-0.033194
31,75,-0.033210
41,63,-0.033273
9,21,-0.033353
16,42,-0.033401
16,23,-0.033452
26,33,-0.033488
5,60,-0.033533
20,64,-0.033551
16,72,-0.033652
63,73,-0.033658
3,51,-0.033670
45,66,-0.033718
34,73,-0.033774
19,69,-0.033933
7,34,-0.033981
42,50,-0.034033
8,73,-0.034050
3,42,-0.034103
3,46,-0.034115
54,65,-0.034129
10,59,-0.034145
50,61,-0.034159
3,47,-0.034163
19,30,-0.034200
8,37,-0.034247
19,70,-0.034269
43,74,-0.034304
18,66,-0.034337
5,24,-0.034368
9,16,-0.034387
7,43,-0.034440
9,65,-0.034503
29,39,-0.034550
23,73,-0.034574
4,59,-0.034580
26,42,-0.034621
37,61,-0.034627
30,42,-0.034637
24,63,-0.034682
28,44,-0.034712
45,63,-0.034720
46,54,-0.034803
40,57,-0.034894
8,48,-0.034950
61,74,-0.034985
2,43,-0.035024
10,67,-0.035032
37,57,-0.035052
18,32,-0.035237
26,57,-0.035248
27,50,-0.035287
17,65,-0.035342
32,40,-0.035387
37,45,-0.035430
25,73,-0.035492
33,45,-0.035614
45,61,-0.035632
5,21,-0.035659
5,51,-0.035701
8,57,-0.035713
24,30,-0.035787
13,18,-0.035923
56,67,-0.035965
27,47,-0.036101
25,34,-0.036141
6,74,-0.036258
7,59,-0.036276
54,64,-0.036305
6,17,-0.036307
57,74,-0.036322
21,43,-0.036341
4,65,-0.036395
42,72,-0.036449
10,45,-0.036495
9,22,-0.036565
29,47,-0.036598
19,54,-0.036623
4,22,-0.036639
45,60,-0.036668
3,73,-0.036693
13,67,-0.036737
49,73,-0.036891
9,42,-0.036894
31,64,-0.036937
12,75,-0.036969
6,54,-0.037007
4,46,-0.037017
12,33,-0.037102
35,67,-0.037123
29,59,-0.037152
41,65,-0.037230
21,27,-0.037251
10,57,-0.037325
6,64,-0.037345
30,40,-0.037405
6,41,-0.037521
16,26,-0.037548
15,70,-0.037554
56,60,-0.037655
50,75,-0.037729
13,41,-0.037753
24,60,-0.037815
43,73,-0.037953
27,72,-0.037963
41,75,-0.037984
8,52,-0.038121
38,62,-0.038228
49,62,-0.038240
12,60,-0.038284
23,53,-0.038285
18,47,-0.038292
37,72,-0.038376
22,46,-0.038401
18,56,-0.038412
3,34,-0.038424
42,61,-0.038774
10,54,-0.038812
46,55,-0.038821
48,68,-0.038864
22,72,-0.038881
5,41,-0.038985
12,31,-0.039186
9,30,-0.039208
21,63,-0.039213
11,57,-0.039248
61,73,-0.039263
11,17,-0.039290
54,61,-0.039339
3,58,-0.039367
6,21,-0.039429
14,33,-0.039466
17,43,-0.039491
11,74,-0.039513
20,67,-0.039524
24,55,-0.039602
14,27,-0.039607
40,65,-0.039665
18,28,-0.039725
24,32,-0.039743
17,28,-0.039750
32,69,-0.039800
71,75,-0.039820
4,66,-0.039878
23,30,-0.039921
11,36,-0.039932
47,70,-0.039940
11,50,-0.039949
23,40,-0.039977
21,73,-0.039987
8,27,-0.040019
15,38,-0.040021
46,67,-0.040034
5,42,-0.040050
30,61,-0.040110
17,58,-0.040118
3,10,-0.040182
6,71,-0.040228
5,52,-0.040237
10,64,-0.040244
46,70,-0.040254
48,63,-0.040263
34,65,-0.040347
50,65,-0.040359
32,60,-0.040479
44,49,-0.040539
36,64,-0.040559
32,65,-0.040565
33,43,-0.040579
59,72,-0.040606
10,23,-0.040657
27,42,-0.040778
11,35,-0.040827
28,62,-0.040828
4,17,-0.040958
9,39,-0.041011
23,43,-0.041072
42,52,-0.041174
12,65,-0.041181
25,66,-0.041217
35,72,-0.041243
31,72,-0.041243
21,62,-0.041486
3,31,-0.041529
47,67,-0.041651
5,68,-0.041667
47,53,-0.041763
26,27,-0.041785
10,26,-0.041873
23,75,-0.041982
26,74,-0.042007
33,59,-0.042044
17,30,-0.042076
11,65,-0.042108
2,15,-0.042163
40,47,-0.042197
12,74,-0.042240
19,56,-0.042259
16,46,-0.042438
2,16,-0.042461
14,31,-0.042498
56,59,-0.042527
24,66,-0.042546
25,70,-0.042568
23,57,-0.042615
9,66,-0.042656
4,15,-0.042744
27,37,-0.042756
16,68,-0.042823
36,43,-0.042859
6,38,-0.042889
30,52,-0.042903
25,62,-0.042933
15,32,-0.042954
9,40,-0.042961
55,64,-0.042988
19,67,-0.042990
19,73,-0.043003
3,49,-0.043041
43,53,-0.043164
16,64,-0.043178
32,38,-0.043226
14,74,-0.043285
27,35,-0.043317
15,29,-0.043410
54,63,-0.043497
34,56,-0.043567
4,60,-0.043571
26,50,-0.043625
27,33,-0.043670
9,37,-0.043749
46,71,-0.043770
23,38,-0.043796
31,36,-0.043929
27,58,-0.043933
9,53,-0.043936
59,66,-0.043960
25,72,-0.044029
10,62,-0.044040
2,48,-0.044056
5,65,-0.044077
13,71,-0.044120
3,12,-0.044120
50,66,-0.044215
22,32,-0.044236
37,58,-0.044237
14,73,-0.044273
27,74,-0.044303
8,47,-0.044330
49,64,-0.044388
51,58,-0.044422
56,61,-0.044513
37,62,-0.044513
14,35,-0.044521
27,56,-0.044596
5,64,-0.044876
53,66,-0.044961
34,64,-0.044964
55,61,-0.044974
43,67,-0.045005
30,59,-0.045031
25,63,-0.045051
3,43,-0.045069
63,75,-0.045160
48,66,-0.045175
27,36,-0.045194
24,72,-0.045211
53,67,-0.045353
14,66,-0.045361
12,71,-0.045468
64,75,-0.045540
27,75,-0.045560
35,47,-0.045665
56,62,-0.045741
6,35,-0.045750
7,44,-0.045765
20,73,-0.045785
27,70,-0.045855
29,45,-0.045856
12,70,-0.045878
36,58,-0.045969
15,27,-0.046074
45,59,-0.046141
31,59,-0.046322
49,58,-0.046501
5,53,-0.046562
23,56,-0.046568
38,72,-0.046599
37,63,-0.046741
33,74,-0.046816
43,60,-0.046838
38,70,-0.046861
11,29,-0.046877
7,27,-0.046899
41,62,-0.047035
8,59,-0.047066
12,26,-0.047081
3,9,-0.047107
22,34,-0.047188
47,63,-0.047261
28,58,-0.047343
23,68,-0.047488
29,36,-0.047703
16,39,-0.047726
32,41,-0.047812
12,52,-0.047925
33,62,-0.048019
13,70,-0.048065
56,63,-0.048072
43,61,-0.048096
66,75,-0.048133
30,60,-0.048163
13,58,-0.048187
5,48,-0.048221
9,47,-0.048376
24,71,-0.048408
14,65,-0.048428
44,73,-0.048669
26,43,-0.048720
11,59,-0.048805
13,57,-0.048809
9,69,-0.048837
35,49,-0.048910
42,62,-0.048955
38,65,-0.049070
45,73,-0.049154
8,45,-0.049221
34,75,-0.049271
29,62,-0.049334
41,47,-0.049426
26,75,-0.049513
13,39,-0.049525
29,43,-0.049603
25,44,-0.049611
16,31,-0.049628
43,70,-0.049751
30,71,-0.049922
27,39,-0.049978
39,65,-0.050085
6,59,-0.050094
18,63,-0.050259
26,44,-0.050412
31,39,-0.050434
23,35,-0.050461
24,41,-0.050593
28,48,-0.050701
13,65,-0.050716
25,49,-0.050774
20,66,-0.050816
5,61,-0.050824
16,69,-0.050865
6,56,-0.050893
42,64,-0.050928
8,30,-0.050953
11,42,-0.050981
17,32,-0.051062
34,66,-0.051225
6,34,-0.051254
6,23,-0.051307
13,75,-0.051355
39,62,-0.051485
42,75,-0.051546
10,30,-0.051562
15,46,-0.051607
15,66,-0.051682
55,63,-0.051927
13,55,-0.051947
45,64,-0.052073
16,45,-0.052377
7,13,-0.052443
6,25,-0.052455
32,37,-0.052473
15,69,-0.052498
61,62,-0.052553
45,51,-0.052747
21,32,-0.052748
32,45,-0.052791
12,58,-0.052793
30,51,-0.052823
29,48,-0.053010
9,26,-0.053057
42,69,-0.053179
5,56,-0.053197
58,69,-0.053281
52,62,-0.053354
31,53,-0.053370
29,72,-0.053437
56,73,-0.053456
30,46,-0.053495
62,67,-0.053496
29,66,-0.053530
12,73,-0.053551
26,66,-0.053645
8,67,-0.053723
22,62,-0.053734
26,56,-0.053868
6,29,-0.053888
35,65,-0.054038
10,63,-0.054201
8,56,-0.054238
20,30,-0.054428
48,62,-0.054519
24,31,-0.054549
52,63,-0.054549
38,63,-0.054599
9,18,-0.054689
11,61,-0.054690
5,10,-0.054836
36,44,-0.054945
29,58,-0.054953
6,40,-0.055228
30,57,-0.055273
20,74,-0.055386
2,23,-0.055440
45,65,-0.055589
28,66,-0.055650
12,69,-0.055828
13,25,-0.055865
15,37,-0.055935
13,50,-0.056122
6,33,-0.056141
8,38,-0.056345
34,54,-0.056439
17,55,-0.056517
53,58,-0.056639
68,75,-0.056708
18,62,-0.056762
55,73,-0.056902
45,56,-0.057005
9,60,-0.057094
57,70,-0.057112
5,62,-0.057130
6,37,-0.057291
27,49,-0.057400
6,55,-0.057403
7,62,-0.057404
14,71,-0.057409
7,52,-0.057465
6,52,-0.057467
8,63,-0.057609
23,55,-0.057882
45,71,-0.058044
16,30,-0.058054
31,48,-0.058195
35,69,-0.058200
53,62,-0.058234
6,24,-0.058355
27,38,-0.058529
35,63,-0.058587
9,71,-0.058670
26,32,-0.058840
43,65,-0.058891
7,16,-0.058913
54,62,-0.058958
48,73,-0.059011
12,46,-0.059032
16,58,-0.059063
9,64,-0.059108
9,63,-0.059318
16,27,-0.059394
20,59,-0.059418
46,52,-0.059515
57,67,-0.059598
60,75,-0.059632
32,36,-0.059649
22,43,-0.059738
9,57,-0.059841
32,50,-0.059844
6,26,-0.060112
29,61,-0.060138
6,18,-0.060153
27,52,-0.060211
24,58,-0.060384
11,51,-0.060453
43,50,-0.060525
11,55,-0.060728
36,62,-0.060749
44,65,-0.060826
39,59,-0.060852
28,69,-0.060952
32,49,-0.060971
31,60,-0.061216
6,44,-0.061254
20,65,-0.061377
16,32,-0.061635
15,67,-0.061672
5,45,-0.061723
14,46,-0.061736
34,44,-0.061758
14,58,-0.061833
45,75,-0.061889
13,26,-0.062015
13,49,-0.062067
54,67,-0.062336
15,30,-0.062364
9,55,-0.062369
36,66,-0.062399
30,73,-0.062454
27,60,-0.062467
35,73,-0.062487
15,75,-0.062610
9,67,-0.062615
23,51,-0.062636
10,27,-0.062990
32,74,-0.063108
10,66,-0.063376
20,44,-0.063428
38,73,-0.063428
12,63,-0.063652
16,29,-0.063657
43,69,-0.063763
19,58,-0.063816
6,42,-0.063821
11,25,-0.063825
8,44,-0.063852
38,67,-0.063867
3,60,-0.063918
8,36,-0.063933
14,23,-0.064042
11,64,-0.064052
42,48,-0.064162
51,62,-0.064197
55,66,-0.064282
39,66,-0.064349
22,63,-0.064386
39,74,-0.064404
35,66,-0.064451
27,51,-0.064597
11,71,-0.064970
11,18,-0.065027
46,53,-0.065201
6,43,-0.065207
13,68,-0.065254
43,59,-0.065353
18,43,-0.065426
11,26,-0.065448
13,30,-0.065585
27,53,-0.065849
15,65,-0.065910
36,63,-0.065938
45,48,-0.065966
14,42,-0.065989
26,54,-0.065995
5,49,-0.066361
36,57,-0.066416
22,44,-0.066420
6,36,-0.066450
7,30,-0.066575
46,69,-0.066637
27,57,-0.066736
5,47,-0.066827
5,55,-0.066845
35,46,-0.067327
9,59,-0.067562
34,46,-0.067652
27,69,-0.067659
18,27,-0.067869
13,52,-0.068025
13,69,-0.068184
44,69,-0.068224
17,62,-0.068255
31,51,-0.068386
6,19,-0.068483
12,27,-0.068733
4,63,-0.068950
6,47,-0.069087
27,66,-0.069126
46,56,-0.069210
6,75,-0.069372
50,67,-0.069452
6,28,-0.069499
32,61,-0.069783
17,27,-0.069801
14,68,-0.069900
54,66,-0.069906
36,73,-0.069912
6,14,-0.070648
60,72,-0.070882
3,44,-0.070999
34,58,-0.071013
19,72,-0.071163
51,66,-0.071251
37,66,-0.071252
42,63,-0.071329
3,65,-0.071387
32,54,-0.071466
11,73,-0.071513
13,61,-0.071928
19,34,-0.072198
20,43,-0.072501
30,69,-0.072551
27,40,-0.072562
19,43,-0.073058
11,19,-0.073167
24,43,-0.073211
34,49,-0.073356
38,60,-0.073390
14,69,-0.073551
32,39,-0.073789
27,43,-0.073871
39,63,-0.074127
22,58,-0.074471
21,44,-0.074540
12,68,-0.074869
11,39,-0.075277
32,71,-0.075511
27,61,-0.075837
13,73,-0.075903
48,58,-0.076252
42,66,-0.076260
6,53,-0.076515
9,45,-0.076529
6,68,-0.076671
26,58,-0.076944
5,57,-0.076982
19,44,-0.077201
33,66,-0.077247
27,68,-0.078062
14,43,-0.078223
30,44,-0.078957
11,24,-0.079022
38,66,-0.079048
12,44,-0.079109
17,66,-0.079890
24,67,-0.079930
10,65,-0.080354
11,70,-0.080616
20,62,-0.080782
44,50,-0.080905
11,60,-0.081039
24,44,-0.081342
11,40,-0.081374
34,43,-0.081790
32,35,-0.081870
16,66,-0.081942
7,63,-0.082023
38,58,-0.082172
17,46,-0.082821
11,21,-0.083043
30,58,-0.083449
12,32,-0.083457
44,64,-0.084245
4,44,-0.084314
10,32,-0.084437
46,50,-0.084509
27,41,-0.084595
32,52,-0.084660
11,45,-0.086477
37,44,-0.086936
21,66,-0.087160
6,69,-0.087369
4,62,-0.087380
24,62,-0.087417
19,66,-0.087634
32,47,-0.087822
6,51,-0.088037
17,44,-0.088337
6,22,-0.088808
6,20,-0.089550
18,44,-0.090291
23,44,-0.090439
15,73,-0.090554
27,55,-0.090705
56,68,-0.091354
14,62,-0.091401
11,37,-0.092580
32,68,-0.092677
11,38,-0.092824
40,66,-0.093496
14,32,-0.094496
56,66,-0.094524
26,45,-0.096260
12,67,-0.096391
53,63,-0.097662
15,44,-0.100543
6,49,-0.101278
13,64,-0.101366
32,51,-0.102389
5,74,-0.103556
27,59,-0.106229
30,62,-0.108508
16,62,-0.109249
19,46,-0.110540
32,55,-0.111264
12,66,-0.111922
29,44,-0.117339
32,64,-0.121471
32,53,-0.128888
