165 183 0 8
209 215 0 8
208 215 0 8
208 214 0 8
207 215 0 8
207 214 0 8
207 213 0 8
206 215 0 8
206 214 0 8
206 213 0 8
206 212 0 8
205 215 0 8
205 214 0 8
205 213 0 8
205 212 0 8
205 211 0 8
204 215 0 8
204 214 0 8
204 213 0 8
204 212 0 8
204 211 0 8
204 210 0 8
203 215 0 8
203 214 0 8
203 213 0 8
203 212 0 8
203 211 0 8
203 210 0 8
203 209 0 8
202 215 0 8
202 214 0 8
202 213 0 8
202 212 0 8
202 211 0 8
202 210 0 8
202 209 0 8
202 208 0 8
201 215 0 8
201 214 0 8
201 213 0 8
201 212 0 8
201 211 0 8
201 210 0 8
201 209 0 8
201 208 0 8
201 207 0 8
200 215 0 8
200 214 0 8
200 213 0 8
200 212 0 8
200 211 0 8
200 210 0 8
200 209 0 8
200 208 0 8
200 207 0 8
200 206 0 8
199 215 0 8
199 214 0 8
199 213 0 8
199 212 0 8
199 211 0 8
199 210 0 8
199 209 0 8
199 208 0 8
199 207 0 8
199 206 0 8
199 205 0 8
198 215 0 8
198 214 0 8
198 213 0 8
198 212 0 8
198 211 0 8
198 210 0 8
198 209 0 8
198 208 0 8
198 207 0 8
198 206 0 8
198 205 0 8
198 204 0 8
197 215 0 8
197 214 0 8
197 213 0 8
197 212 0 8
197 211 0 8
197 210 0 8
197 209 0 8
197 208 0 8
197 207 0 8
197 206 0 8
197 205 0 8
197 204 0 8
197 203 0 8
196 215 0 8
196 214 0 8
196 213 0 8
196 212 0 8
196 211 0 8
196 210 0 8
196 209 0 8
196 208 0 8
196 207 0 8
196 206 0 8
196 205 0 8
196 204 0 8
196 203 0 8
196 202 0 8
195 215 0 8
195 214 0 8
195 213 0 8
195 212 0 8
195 211 0 8
195 210 0 8
195 209 0 8
195 208 0 8
195 207 0 8
195 206 0 8
195 205 0 8
195 204 0 8
195 203 0 8
195 202 0 8
195 201 0 8
194 215 0 8
194 214 0 8
194 213 0 8
194 212 0 8
194 211 0 8
194 210 0 8
194 209 0 8
194 208 0 8
194 207 0 8
194 206 0 8
194 205 0 8
194 204 0 8
194 203 0 8
194 202 0 8
194 201 0 8
194 200 0 8
193 215 0 8
193 214 0 8
193 213 0 8
193 212 0 8
193 211 0 8
193 210 0 8
193 209 0 8
193 208 0 8
193 207 0 8
193 206 0 8
193 205 0 8
193 204 0 8
193 203 0 8
193 202 0 8
193 201 0 8
193 200 0 8
193 199 0 8
192 215 0 8
192 214 0 8
192 213 0 8
192 212 0 8
192 211 0 8
192 210 0 8
192 209 0 8
192 208 0 8
192 207 0 8
192 206 0 8
192 205 0 8
192 204 0 8
192 203 0 8
192 202 0 8
192 201 0 8
192 200 0 8
192 199 0 8
192 198 0 8
191 215 0 8
191 214 0 8
191 213 0 8
191 212 0 8
191 211 0 8
191 210 0 8
191 209 0 8
191 208 0 8
191 207 0 8
191 206 0 8
191 205 0 8
191 204 0 8
191 203 0 8
191 202 0 8
191 201 0 8
191 200 0 8
191 199 0 8
191 198 0 8
191 197 0 8
190 215 0 8
190 214 0 8
190 213 0 8
190 212 0 8
190 211 0 8
190 210 0 8
190 209 0 8
190 208 0 8
190 207 0 8
190 206 0 8
190 205 0 8
190 204 0 8
190 203 0 8
190 202 0 8
190 201 0 8
190 200 0 8
190 199 0 8
190 198 0 8
190 197 0 8
190 196 0 8
189 215 0 8
189 214 0 8
189 213 0 8
189 212 0 8
189 211 0 8
189 210 0 8
189 209 0 8
189 208 0 8
189 207 0 8
189 206 0 8
189 205 0 8
189 204 0 8
189 203 0 8
189 202 0 8
189 201 0 8
189 200 0 8
189 199 0 8
189 198 0 8
189 197 0 8
189 196 0 8
189 195 0 8
188 215 0 8
188 214 0 8
188 213 0 8
188 212 0 8
188 211 0 8
188 210 0 8
188 209 0 8
188 208 0 8
188 207 0 8
188 206 0 8
188 205 0 8
188 204 0 8
188 203 0 8
188 202 0 8
188 201 0 8
188 200 0 8
188 199 0 8
188 198 0 8
188 197 0 8
188 196 0 8
188 195 0 8
188 194 0 8
187 215 0 8
187 214 0 8
187 213 0 8
187 212 0 8
187 211 0 8
187 210 0 8
187 209 0 8
187 208 0 8
187 207 0 8
187 206 0 8
187 205 0 8
187 204 0 8
187 203 0 8
187 202 0 8
187 201 0 8
187 200 0 8
187 199 0 8
187 198 0 8
187 197 0 8
187 196 0 8
187 195 0 8
187 194 0 8
187 193 0 8
186 215 0 8
186 214 0 8
186 213 0 8
186 212 0 8
186 211 0 8
186 210 0 8
186 209 0 8
186 208 0 8
186 207 0 8
186 206 0 8
186 205 0 8
186 204 0 8
186 203 0 8
186 202 0 8
186 201 0 8
186 200 0 8
186 199 0 8
186 198 0 8
186 197 0 8
186 196 0 8
186 195 0 8
186 194 0 8
186 193 0 8
186 192 0 8
185 215 0 8
185 214 0 8
185 213 0 8
185 212 0 8
185 211 0 8
185 210 0 8
185 209 0 8
185 208 0 8
185 207 0 8
185 206 0 8
185 205 0 8
185 204 0 8
185 203 0 8
185 202 0 8
185 201 0 8
185 200 0 8
185 199 0 8
185 198 0 8
185 197 0 8
185 196 0 8
185 195 0 8
185 194 0 8
185 193 0 8
185 192 0 8
185 191 0 8
184 215 0 8
184 214 0 8
184 213 0 8
184 212 0 8
184 211 0 8
184 210 0 8
184 209 0 8
184 208 0 8
184 207 0 8
184 206 0 8
184 205 0 8
184 204 0 8
184 203 0 8
184 202 0 8
184 201 0 8
184 200 0 8
184 199 0 8
184 198 0 8
184 197 0 8
184 196 0 8
184 195 0 8
184 194 0 8
184 193 0 8
184 192 0 8
184 191 0 8
184 190 0 8
183 215 0 8
183 214 0 8
183 213 0 8
183 212 0 8
183 211 0 8
183 210 0 8
183 209 0 8
183 208 0 8
183 207 0 8
183 206 0 8
183 205 0 8
183 204 0 8
183 203 0 8
183 202 0 8
183 201 0 8
183 200 0 8
183 199 0 8
183 198 0 8
183 197 0 8
183 196 0 8
183 195 0 8
183 194 0 8
183 193 0 8
183 192 0 8
183 191 0 8
183 190 0 8
183 189 0 8
182 215 0 8
182 214 0 8
182 213 0 8
182 212 0 8
182 211 0 8
182 210 0 8
182 209 0 8
182 208 0 8
182 207 0 8
182 206 0 8
182 205 0 8
182 204 0 8
182 203 0 8
182 202 0 8
182 201 0 8
182 200 0 8
182 199 0 8
182 198 0 8
182 197 0 8
182 196 0 8
182 195 0 8
182 194 0 8
182 193 0 8
182 192 0 8
182 191 0 8
182 190 0 8
182 189 0 8
182 188 0 8
181 215 0 8
181 214 0 8
181 213 0 8
181 212 0 8
181 211 0 8
181 210 0 8
181 209 0 8
181 208 0 8
181 207 0 8
181 206 0 8
181 205 0 8
181 204 0 8
181 203 0 8
181 202 0 8
181 201 0 8
181 200 0 8
181 199 0 8
181 198 0 8
181 197 0 8
181 196 0 8
181 195 0 8
181 194 0 8
181 193 0 8
181 192 0 8
181 191 0 8
181 190 0 8
181 189 0 8
181 188 0 8
181 187 0 8
180 215 0 8
180 214 0 8
180 213 0 8
180 212 0 8
180 211 0 8
180 210 0 8
180 209 0 8
180 208 0 8
180 207 0 8
180 206 0 8
180 205 0 8
180 204 0 8
180 203 0 8
180 202 0 8
180 201 0 8
180 200 0 8
180 199 0 8
180 198 0 8
180 197 0 8
180 196 0 8
180 195 0 8
180 194 0 8
180 193 0 8
180 192 0 8
180 191 0 8
180 190 0 8
180 189 0 8
180 188 0 8
180 187 0 8
180 186 0 8
179 215 0 8
179 214 0 8
179 213 0 8
179 212 0 8
179 211 0 8
179 210 0 8
179 209 0 8
179 208 0 8
179 207 0 8
179 206 0 8
179 205 0 8
179 204 0 8
179 203 0 8
179 202 0 8
179 201 0 8
179 200 0 8
179 199 0 8
179 198 0 8
179 197 0 8
179 196 0 8
179 195 0 8
179 194 0 8
179 193 0 8
179 192 0 8
179 191 0 8
179 190 0 8
179 189 0 8
179 188 0 8
179 187 0 8
179 186 0 8
179 185 0 8
178 215 0 8
178 214 0 8
178 213 0 8
178 212 0 8
178 211 0 8
178 210 0 8
178 209 0 8
178 208 0 8
178 207 0 8
178 206 0 8
178 205 0 8
178 204 0 8
178 203 0 8
178 202 0 8
178 201 0 8
178 200 0 8
178 199 0 8
178 198 0 8
178 197 0 8
178 196 0 8
178 195 0 8
178 194 0 8
178 193 0 8
178 192 0 8
178 191 0 8
178 190 0 8
178 189 0 8
178 188 0 8
178 187 0 8
178 186 0 8
178 185 0 8
178 184 0 8
177 215 0 8
177 214 0 8
177 213 0 8
177 212 0 8
177 211 0 8
177 210 0 8
177 209 0 8
177 208 0 8
177 207 0 8
177 206 0 8
177 205 0 8
177 204 0 8
177 203 0 8
177 202 0 8
177 201 0 8
177 200 0 8
177 199 0 8
177 198 0 8
177 197 0 8
177 196 0 8
177 195 0 8
177 194 0 8
177 193 0 8
177 192 0 8
177 191 0 8
177 190 0 8
177 189 0 8
177 188 0 8
177 187 0 8
177 186 0 8
177 185 0 8
177 184 0 8
177 183 0 8
176 215 0 8
176 214 0 8
176 213 0 8
176 212 0 8
176 211 0 8
176 210 0 8
176 209 0 8
176 208 0 8
176 207 0 8
176 206 0 8
176 205 0 8
176 204 0 8
176 203 0 8
176 202 0 8
176 201 0 8
176 200 0 8
176 199 0 8
176 198 0 8
176 197 0 8
176 196 0 8
176 195 0 8
176 194 0 8
176 193 0 8
176 192 0 8
176 191 0 8
176 190 0 8
176 189 0 8
176 188 0 8
176 187 0 8
176 186 0 8
176 185 0 8
176 184 0 8
176 183 0 8
176 182 0 8
175 215 0 8
175 214 0 8
175 213 0 8
175 212 0 8
175 211 0 8
175 210 0 8
175 209 0 8
175 208 0 8
175 207 0 8
175 206 0 8
175 205 0 8
175 204 0 8
175 203 0 8
175 202 0 8
175 201 0 8
175 200 0 8
175 199 0 8
175 198 0 8
175 197 0 8
175 196 0 8
175 195 0 8
175 194 0 8
175 193 0 8
175 192 0 8
175 191 0 8
175 190 0 8
175 189 0 8
175 188 0 8
175 187 0 8
175 186 0 8
175 185 0 8
175 184 0 8
175 183 0 8
175 182 0 8
175 181 0 8
174 215 0 8
174 214 0 8
174 213 0 8
174 212 0 8
174 211 0 8
174 210 0 8
174 209 0 8
174 208 0 8
174 207 0 8
174 206 0 8
174 205 0 8
174 204 0 8
174 203 0 8
174 202 0 8
174 201 0 8
174 200 0 8
174 199 0 8
174 198 0 8
174 197 0 8
174 196 0 8
174 195 0 8
174 194 0 8
174 193 0 8
174 192 0 8
174 191 0 8
174 190 0 8
174 189 0 8
174 188 0 8
174 187 0 8
174 186 0 8
174 185 0 8
174 184 0 8
174 183 0 8
174 182 0 8
174 181 0 8
174 180 0 8
173 215 0 8
173 214 0 8
173 213 0 8
173 212 0 8
173 211 0 8
173 210 0 8
173 209 0 8
173 208 0 8
173 207 0 8
173 206 0 8
173 205 0 8
173 204 0 8
173 203 0 8
173 202 0 8
173 201 0 8
173 200 0 8
173 199 0 8
173 198 0 8
173 197 0 8
173 196 0 8
173 195 0 8
173 194 0 8
173 193 0 8
173 192 0 8
173 191 0 8
173 190 0 8
173 189 0 8
173 188 0 8
173 187 0 8
173 186 0 8
173 185 0 8
173 184 0 8
173 183 0 8
173 182 0 8
173 181 0 8
173 180 0 8
173 179 0 8
172 215 0 8
172 214 0 8
172 213 0 8
172 212 0 8
172 211 0 8
172 210 0 8
172 209 0 8
172 208 0 8
172 207 0 8
172 206 0 8
172 205 0 8
172 204 0 8
172 203 0 8
172 202 0 8
172 201 0 8
172 200 0 8
172 199 0 8
172 198 0 8
172 197 0 8
172 196 0 8
172 195 0 8
172 194 0 8
172 193 0 8
172 192 0 8
172 191 0 8
172 190 0 8
172 189 0 8
172 188 0 8
172 187 0 8
172 186 0 8
172 185 0 8
172 184 0 8
172 183 0 8
172 182 0 8
172 181 0 8
172 180 0 8
172 179 0 8
172 178 0 8
171 215 0 8
171 214 0 8
171 213 0 8
171 212 0 8
171 211 0 8
171 210 0 8
171 209 0 8
171 208 0 8
171 207 0 8
171 206 0 8
171 205 0 8
171 204 0 8
171 203 0 8
171 202 0 8
171 201 0 8
171 200 0 8
171 199 0 8
171 198 0 8
171 197 0 8
171 196 0 8
171 195 0 8
171 194 0 8
171 193 0 8
171 192 0 8
171 191 0 8
171 190 0 8
171 189 0 8
171 188 0 8
171 187 0 8
171 186 0 8
171 185 0 8
171 184 0 8
171 183 0 8
171 182 0 8
171 181 0 8
171 180 0 8
171 179 0 8
171 178 0 8
171 177 0 8
170 215 0 8
170 214 0 8
170 213 0 8
170 212 0 8
170 211 0 8
170 210 0 8
170 209 0 8
170 208 0 8
170 207 0 8
170 206 0 8
170 205 0 8
170 204 0 8
170 203 0 8
170 202 0 8
170 201 0 8
170 200 0 8
170 199 0 8
170 198 0 8
170 197 0 8
170 196 0 8
170 195 0 8
170 194 0 8
170 193 0 8
170 192 0 8
170 191 0 8
170 190 0 8
170 189 0 8
170 188 0 8
170 187 0 8
170 186 0 8
170 185 0 8
170 184 0 8
170 183 0 8
170 182 0 8
170 181 0 8
170 180 0 8
170 179 0 8
170 178 0 8
170 177 0 8
170 176 0 8
169 215 0 8
169 214 0 8
169 213 0 8
169 212 0 8
169 211 0 8
169 210 0 8
169 209 0 8
169 208 0 8
169 207 0 8
169 206 0 8
169 205 0 8
169 204 0 8
169 203 0 8
169 202 0 8
169 201 0 8
169 200 0 8
169 199 0 8
169 198 0 8
169 197 0 8
169 196 0 8
169 195 0 8
169 194 0 8
169 193 0 8
169 192 0 8
169 191 0 8
169 190 0 8
169 189 0 8
169 188 0 8
169 187 0 8
169 186 0 8
169 185 0 8
169 184 0 8
169 183 0 8
169 182 0 8
169 181 0 8
169 180 0 8
169 179 0 8
169 178 0 8
169 177 0 8
169 176 0 8
169 175 0 8
168 215 0 8
168 214 0 8
168 213 0 8
168 212 0 8
168 211 0 8
168 210 0 8
168 209 0 8
168 208 0 8
168 207 0 8
168 206 0 8
168 205 0 8
168 204 0 8
168 203 0 8
168 202 0 8
168 201 0 8
168 200 0 8
168 199 0 8
168 198 0 8
168 197 0 8
168 196 0 8
168 195 0 8
168 194 0 8
168 193 0 8
168 192 0 8
168 191 0 8
168 190 0 8
168 189 0 8
168 188 0 8
168 187 0 8
168 186 0 8
168 185 0 8
168 184 0 8
168 183 0 8
168 182 0 8
168 181 0 8
168 180 0 8
168 179 0 8
168 178 0 8
168 177 0 8
168 176 0 8
168 175 0 8
168 174 0 8
167 215 0 8
167 214 0 8
167 213 0 8
167 212 0 8
167 211 0 8
167 210 0 8
167 209 0 8
167 208 0 8
167 207 0 8
167 206 0 8
167 205 0 8
167 204 0 8
167 203 0 8
167 202 0 8
167 201 0 8
167 200 0 8
167 199 0 8
167 198 0 8
167 197 0 8
167 196 0 8
167 195 0 8
167 194 0 8
167 193 0 8
167 192 0 8
167 191 0 8
167 190 0 8
167 189 0 8
167 188 0 8
167 187 0 8
167 186 0 8
167 185 0 8
167 184 0 8
167 183 0 8
167 182 0 8
167 181 0 8
167 180 0 8
167 179 0 8
167 178 0 8
167 177 0 8
167 176 0 8
167 175 0 8
167 174 0 8
167 173 0 8
166 215 0 8
166 214 0 8
166 213 0 8
166 212 0 8
166 211 0 8
166 210 0 8
166 209 0 8
166 208 0 8
166 207 0 8
166 206 0 8
166 205 0 8
166 204 0 8
166 203 0 8
166 202 0 8
166 201 0 8
166 200 0 8
166 199 0 8
166 198 0 8
166 197 0 8
166 196 0 8
166 195 0 8
166 194 0 8
166 193 0 8
166 192 0 8
166 191 0 8
166 190 0 8
166 189 0 8
166 188 0 8
166 187 0 8
166 186 0 8
166 185 0 8
166 184 0 8
166 183 0 8
166 182 0 8
166 181 0 8
166 180 0 8
166 179 0 8
166 178 0 8
166 177 0 8
166 176 0 8
166 175 0 8
166 174 0 8
166 173 0 8
166 172 0 8
165 215 0 8
165 214 0 8
165 213 0 8
165 212 0 8
165 211 0 8
165 210 0 8
165 209 0 8
165 208 0 8
165 207 0 8
165 206 0 8
165 205 0 8
165 204 0 8
165 203 0 8
165 202 0 8
165 201 0 8
165 200 0 8
165 199 0 8
165 198 0 8
165 197 0 8
165 196 0 8
165 195 0 8
165 194 0 8
165 193 0 8
165 192 0 8
165 191 0 8
165 190 0 8
165 189 0 8
165 188 0 8
165 187 0 8
165 186 0 8
165 185 0 8
165 184 0 8
165 182 0 8
165 181 0 8
165 180 0 8
165 179 0 8
165 178 0 8
165 177 0 8
165 176 0 8
165 175 0 8
165 174 0 8
165 173 0 8
165 172 0 8
165 171 0 8
164 215 0 8
164 214 0 8
164 213 0 8
164 212 0 8
164 211 0 8
164 210 0 8
164 209 0 8
164 208 0 8
164 207 0 8
164 206 0 8
164 205 0 8
164 204 0 8
164 203 0 8
164 202 0 8
164 201 0 8
164 200 0 8
164 199 0 8
164 198 0 8
164 197 0 8
164 196 0 8
164 195 0 8
164 194 0 8
164 193 0 8
164 192 0 8
164 191 0 8
164 190 0 8
164 189 0 8
164 188 0 8
164 187 0 8
164 186 0 8
164 185 0 8
164 184 0 8
164 183 0 8
164 182 0 8
164 181 0 8
164 180 0 8
164 179 0 8
164 178 0 8
164 177 0 8
164 176 0 8
164 175 0 8
164 174 0 8
164 173 0 8
164 172 0 8
164 171 0 8
164 170 0 8
163 215 0 8
163 214 0 8
163 213 0 8
163 212 0 8
163 211 0 8
163 210 0 8
163 209 0 8
163 208 0 8
163 207 0 8
163 206 0 8
163 205 0 8
163 204 0 8
163 203 0 8
163 202 0 8
163 201 0 8
163 200 0 8
163 199 0 8
163 198 0 8
163 197 0 8
163 196 0 8
163 195 0 8
163 194 0 8
163 193 0 8
163 192 0 8
163 191 0 8
163 190 0 8
163 189 0 8
163 188 0 8
163 187 0 8
163 186 0 8
163 185 0 8
163 184 0 8
163 183 0 8
163 182 0 8
163 181 0 8
163 180 0 8
163 179 0 8
163 178 0 8
163 177 0 8
163 176 0 8
163 175 0 8
163 174 0 8
163 173 0 8
163 172 0 8
163 171 0 8
163 170 0 8
163 169 0 8
162 215 0 8
162 214 0 8
162 213 0 8
162 212 0 8
162 211 0 8
162 210 0 8
162 209 0 8
162 208 0 8
162 207 0 8
162 206 0 8
162 205 0 8
162 204 0 8
162 203 0 8
162 202 0 8
162 201 0 8
162 200 0 8
162 199 0 8
162 198 0 8
162 197 0 8
162 196 0 8
162 195 0 8
162 194 0 8
162 193 0 8
162 192 0 8
162 191 0 8
162 190 0 8
162 189 0 8
162 188 0 8
162 187 0 8
162 186 0 8
162 185 0 8
162 184 0 8
162 183 0 8
162 182 0 8
162 181 0 8
162 180 0 8
162 179 0 8
162 178 0 8
162 177 0 8
162 176 0 8
162 175 0 8
162 174 0 8
162 173 0 8
162 172 0 8
162 171 0 8
162 170 0 8
162 169 0 8
162 168 0 8
161 215 0 8
161 214 0 8
161 213 0 8
161 212 0 8
161 211 0 8
161 210 0 8
161 209 0 8
161 208 0 8
161 207 0 8
161 206 0 8
161 205 0 8
161 204 0 8
161 203 0 8
161 202 0 8
161 201 0 8
161 200 0 8
161 199 0 8
161 198 0 8
161 197 0 8
161 196 0 8
161 195 0 8
161 194 0 8
161 193 0 8
161 192 0 8
161 191 0 8
161 190 0 8
161 189 0 8
161 188 0 8
161 187 0 8
161 186 0 8
161 185 0 8
161 184 0 8
161 183 0 8
161 182 0 8
161 181 0 8
161 180 0 8
161 179 0 8
161 178 0 8
161 177 0 8
161 176 0 8
161 175 0 8
161 174 0 8
161 173 0 8
161 172 0 8
161 171 0 8
161 170 0 8
161 169 0 8
161 168 0 8
161 167 0 8
160 215 0 8
160 214 0 8
160 213 0 8
160 212 0 8
160 211 0 8
160 210 0 8
160 209 0 8
160 208 0 8
160 207 0 8
160 206 0 8
160 205 0 8
160 204 0 8
160 203 0 8
160 202 0 8
160 201 0 8
160 200 0 8
160 199 0 8
160 198 0 8
160 197 0 8
160 196 0 8
160 195 0 8
160 194 0 8
160 193 0 8
160 192 0 8
160 191 0 8
160 190 0 8
160 189 0 8
160 188 0 8
160 187 0 8
160 186 0 8
160 185 0 8
160 184 0 8
160 183 0 8
160 182 0 8
160 181 0 8
160 180 0 8
160 179 0 8
160 178 0 8
160 177 0 8
160 176 0 8
160 175 0 8
160 174 0 8
160 173 0 8
160 172 0 8
160 171 0 8
160 170 0 8
160 169 0 8
160 168 0 8
160 167 0 8
160 166 0 8
159 215 0 8
159 214 0 8
159 213 0 8
159 212 0 8
159 211 0 8
159 210 0 8
159 209 0 8
159 208 0 8
159 207 0 8
159 206 0 8
159 205 0 8
159 204 0 8
159 203 0 8
159 202 0 8
159 201 0 8
159 200 0 8
159 199 0 8
159 198 0 8
159 197 0 8
159 196 0 8
159 195 0 8
159 194 0 8
159 193 0 8
159 192 0 8
159 191 0 8
159 190 0 8
159 189 0 8
159 188 0 8
159 187 0 8
159 186 0 8
159 185 0 8
159 184 0 8
159 183 0 8
159 182 0 8
159 181 0 8
159 180 0 8
159 179 0 8
159 178 0 8
159 177 0 8
159 176 0 8
159 175 0 8
159 174 0 8
159 173 0 8
159 172 0 8
159 171 0 8
159 170 0 8
159 169 0 8
159 168 0 8
159 167 0 8
159 166 0 8
159 165 0 8
158 215 0 8
158 214 0 8
158 213 0 8
158 212 0 8
158 211 0 8
158 210 0 8
158 209 0 8
158 208 0 8
158 207 0 8
158 206 0 8
158 205 0 8
158 204 0 8
158 203 0 8
158 202 0 8
158 201 0 8
158 200 0 8
158 199 0 8
158 198 0 8
158 197 0 8
158 196 0 8
158 195 0 8
158 194 0 8
158 193 0 8
158 192 0 8
158 191 0 8
158 190 0 8
158 189 0 8
158 188 0 8
158 187 0 8
158 186 0 8
158 185 0 8
158 184 0 8
158 183 0 8
158 182 0 8
158 181 0 8
158 180 0 8
158 179 0 8
158 178 0 8
158 177 0 8
158 176 0 8
158 175 0 8
158 174 0 8
158 173 0 8
158 172 0 8
158 171 0 8
158 170 0 8
158 169 0 8
158 168 0 8
158 167 0 8
158 166 0 8
158 165 0 8
158 164 0 8
157 215 0 8
157 214 0 8
157 213 0 8
157 212 0 8
157 211 0 8
157 210 0 8
157 209 0 8
157 208 0 8
157 207 0 8
157 206 0 8
157 205 0 8
157 204 0 8
157 203 0 8
157 202 0 8
157 201 0 8
157 200 0 8
157 199 0 8
157 198 0 8
157 197 0 8
157 196 0 8
157 195 0 8
157 194 0 8
157 193 0 8
157 192 0 8
157 191 0 8
157 190 0 8
157 189 0 8
157 188 0 8
157 187 0 8
157 186 0 8
157 185 0 8
157 184 0 8
157 183 0 8
157 182 0 8
157 181 0 8
157 180 0 8
157 179 0 8
157 178 0 8
157 177 0 8
157 176 0 8
157 175 0 8
157 174 0 8
157 173 0 8
157 172 0 8
157 171 0 8
157 170 0 8
157 169 0 8
157 168 0 8
157 167 0 8
157 166 0 8
157 165 0 8
157 164 0 8
157 163 0 8
156 215 0 8
156 214 0 8
156 213 0 8
156 212 0 8
156 211 0 8
156 210 0 8
156 209 0 8
156 208 0 8
156 207 0 8
156 206 0 8
156 205 0 8
156 204 0 8
156 203 0 8
156 202 0 8
156 201 0 8
156 200 0 8
156 199 0 8
156 198 0 8
156 197 0 8
156 196 0 8
156 195 0 8
156 194 0 8
156 193 0 8
156 192 0 8
156 191 0 8
156 190 0 8
156 189 0 8
156 188 0 8
156 187 0 8
156 186 0 8
156 185 0 8
156 184 0 8
156 183 0 8
156 182 0 8
156 181 0 8
156 180 0 8
156 179 0 8
156 178 0 8
156 177 0 8
156 176 0 8
156 175 0 8
156 174 0 8
156 173 0 8
156 172 0 8
156 171 0 8
156 170 0 8
156 169 0 8
156 168 0 8
156 167 0 8
156 166 0 8
156 165 0 8
156 164 0 8
156 163 0 8
156 162 0 8
155 215 0 8
155 214 0 8
155 213 0 8
155 212 0 8
155 211 0 8
155 210 0 8
155 209 0 8
155 208 0 8
155 207 0 8
155 206 0 8
155 205 0 8
155 204 0 8
155 203 0 8
155 202 0 8
155 201 0 8
155 200 0 8
155 199 0 8
155 198 0 8
155 197 0 8
155 196 0 8
155 195 0 8
155 194 0 8
155 193 0 8
155 192 0 8
155 191 0 8
155 190 0 8
155 189 0 8
155 188 0 8
155 187 0 8
155 186 0 8
155 185 0 8
155 184 0 8
155 183 0 8
155 182 0 8
155 181 0 8
155 180 0 8
155 179 0 8
155 178 0 8
155 177 0 8
155 176 0 8
155 175 0 8
155 174 0 8
155 173 0 8
155 172 0 8
155 171 0 8
155 170 0 8
155 169 0 8
155 168 0 8
155 167 0 8
155 166 0 8
155 165 0 8
155 164 0 8
155 163 0 8
155 162 0 8
155 161 0 8
154 215 0 8
154 214 0 8
154 213 0 8
154 212 0 8
154 211 0 8
154 210 0 8
154 209 0 8
154 208 0 8
154 207 0 8
154 206 0 8
154 205 0 8
154 204 0 8
154 203 0 8
154 202 0 8
154 201 0 8
154 200 0 8
154 199 0 8
154 198 0 8
154 197 0 8
154 196 0 8
154 195 0 8
154 194 0 8
154 193 0 8
154 192 0 8
154 191 0 8
154 190 0 8
154 189 0 8
154 188 0 8
154 187 0 8
154 186 0 8
154 185 0 8
154 184 0 8
154 183 0 8
154 182 0 8
154 181 0 8
154 180 0 8
154 179 0 8
154 178 0 8
154 177 0 8
154 176 0 8
154 175 0 8
154 174 0 8
154 173 0 8
154 172 0 8
154 171 0 8
154 170 0 8
154 169 0 8
154 168 0 8
154 167 0 8
154 166 0 8
154 165 0 8
154 164 0 8
154 163 0 8
154 162 0 8
154 161 0 8
154 160 0 8
153 215 0 8
153 214 0 8
153 213 0 8
153 212 0 8
153 211 0 8
153 210 0 8
153 209 0 8
153 208 0 8
153 207 0 8
153 206 0 8
153 205 0 8
153 204 0 8
153 203 0 8
153 202 0 8
153 201 0 8
153 200 0 8
153 199 0 8
153 198 0 8
153 197 0 8
153 196 0 8
153 195 0 8
153 194 0 8
153 193 0 8
153 192 0 8
153 191 0 8
153 190 0 8
153 189 0 8
153 188 0 8
153 187 0 8
153 186 0 8
153 185 0 8
153 184 0 8
153 183 0 8
153 182 0 8
153 181 0 8
153 180 0 8
153 179 0 8
153 178 0 8
153 177 0 8
153 176 0 8
153 175 0 8
153 174 0 8
153 173 0 8
153 172 0 8
153 171 0 8
153 170 0 8
153 169 0 8
153 168 0 8
153 167 0 8
153 166 0 8
153 165 0 8
153 164 0 8
153 163 0 8
153 162 0 8
153 161 0 8
153 160 0 8
153 159 0 8
152 215 0 8
152 214 0 8
152 213 0 8
152 212 0 8
152 211 0 8
152 210 0 8
152 209 0 8
152 208 0 8
152 207 0 8
152 206 0 8
152 205 0 8
152 204 0 8
152 203 0 8
152 202 0 8
152 201 0 8
152 200 0 8
152 199 0 8
152 198 0 8
152 197 0 8
152 196 0 8
152 195 0 8
152 194 0 8
152 193 0 8
152 192 0 8
152 191 0 8
152 190 0 8
152 189 0 8
152 188 0 8
152 187 0 8
152 186 0 8
152 185 0 8
152 184 0 8
152 183 0 8
152 182 0 8
152 181 0 8
152 180 0 8
152 179 0 8
152 178 0 8
152 177 0 8
152 176 0 8
152 175 0 8
152 174 0 8
152 173 0 8
152 172 0 8
152 171 0 8
152 170 0 8
152 169 0 8
152 168 0 8
152 167 0 8
152 166 0 8
152 165 0 8
152 164 0 8
152 163 0 8
152 162 0 8
152 161 0 8
152 160 0 8
152 159 0 8
152 158 0 8
151 215 0 8
151 214 0 8
151 213 0 8
151 212 0 8
151 211 0 8
151 210 0 8
151 209 0 8
151 208 0 8
151 207 0 8
151 206 0 8
151 205 0 8
151 204 0 8
151 203 0 8
151 202 0 8
151 201 0 8
151 200 0 8
151 199 0 8
151 198 0 8
151 197 0 8
151 196 0 8
151 195 0 8
151 194 0 8
151 193 0 8
151 192 0 8
151 191 0 8
151 190 0 8
151 189 0 8
151 188 0 8
151 187 0 8
151 186 0 8
151 185 0 8
151 184 0 8
151 183 0 8
151 182 0 8
151 181 0 8
151 180 0 8
151 179 0 8
151 178 0 8
151 177 0 8
151 176 0 8
151 175 0 8
151 174 0 8
151 173 0 8
151 172 0 8
151 171 0 8
151 170 0 8
151 169 0 8
151 168 0 8
151 167 0 8
151 166 0 8
151 165 0 8
151 164 0 8
151 163 0 8
151 162 0 8
151 161 0 8
151 160 0 8
151 159 0 8
151 158 0 8
151 157 0 8
150 215 0 8
150 214 0 8
150 213 0 8
150 212 0 8
150 211 0 8
150 210 0 8
150 209 0 8
150 208 0 8
150 207 0 8
150 206 0 8
150 205 0 8
150 204 0 8
150 203 0 8
150 202 0 8
150 201 0 8
150 200 0 8
150 199 0 8
150 198 0 8
150 197 0 8
150 196 0 8
150 195 0 8
150 194 0 8
150 193 0 8
150 192 0 8
150 191 0 8
150 190 0 8
150 189 0 8
150 188 0 8
150 187 0 8
150 186 0 8
150 185 0 8
150 184 0 8
150 183 0 8
150 182 0 8
150 181 0 8
150 180 0 8
150 179 0 8
150 178 0 8
150 177 0 8
150 176 0 8
150 175 0 8
150 174 0 8
150 173 0 8
150 172 0 8
150 171 0 8
150 170 0 8
150 169 0 8
150 168 0 8
150 167 0 8
150 166 0 8
150 165 0 8
150 164 0 8
150 163 0 8
150 162 0 8
150 161 0 8
150 160 0 8
150 159 0 8
150 158 0 8
150 157 0 8
150 156 0 8
149 215 0 8
149 214 0 8
149 213 0 8
149 212 0 8
149 211 0 8
149 210 0 8
149 209 0 8
149 208 0 8
149 207 0 8
149 206 0 8
149 205 0 8
149 204 0 8
149 203 0 8
149 202 0 8
149 201 0 8
149 200 0 8
149 199 0 8
149 198 0 8
149 197 0 8
149 196 0 8
149 195 0 8
149 194 0 8
149 193 0 8
149 192 0 8
149 191 0 8
149 190 0 8
149 189 0 8
149 188 0 8
149 187 0 8
149 186 0 8
149 185 0 8
149 184 0 8
149 183 0 8
149 182 0 8
149 181 0 8
149 180 0 8
149 179 0 8
149 178 0 8
149 177 0 8
149 176 0 8
149 175 0 8
149 174 0 8
149 173 0 8
149 172 0 8
149 171 0 8
149 170 0 8
149 169 0 8
149 168 0 8
149 167 0 8
149 166 0 8
149 165 0 8
149 164 0 8
149 163 0 8
149 162 0 8
149 161 0 8
149 160 0 8
149 159 0 8
149 158 0 8
149 157 0 8
149 156 0 8
149 155 0 8
148 215 0 8
148 214 0 8
148 213 0 8
148 212 0 8
148 211 0 8
148 210 0 8
148 209 0 8
148 208 0 8
148 207 0 8
148 206 0 8
148 205 0 8
148 204 0 8
148 203 0 8
148 202 0 8
148 201 0 8
148 200 0 8
148 199 0 8
148 198 0 8
148 197 0 8
148 196 0 8
148 195 0 8
148 194 0 8
148 193 0 8
148 192 0 8
148 191 0 8
148 190 0 8
148 189 0 8
148 188 0 8
148 187 0 8
148 186 0 8
148 185 0 8
148 184 0 8
148 183 0 8
148 182 0 8
148 181 0 8
148 180 0 8
148 179 0 8
148 178 0 8
148 177 0 8
148 176 0 8
148 175 0 8
148 174 0 8
148 173 0 8
148 172 0 8
148 171 0 8
148 170 0 8
148 169 0 8
148 168 0 8
148 167 0 8
148 166 0 8
148 165 0 8
148 164 0 8
148 163 0 8
148 162 0 8
148 161 0 8
148 160 0 8
148 159 0 8
148 158 0 8
148 157 0 8
148 156 0 8
148 155 0 8
148 154 0 8
147 215 0 8
147 214 0 8
147 213 0 8
147 212 0 8
147 211 0 8
147 210 0 8
147 209 0 8
147 208 0 8
147 207 0 8
147 206 0 8
147 205 0 8
147 204 0 8
147 203 0 8
147 202 0 8
147 201 0 8
147 200 0 8
147 199 0 8
147 198 0 8
147 197 0 8
147 196 0 8
147 195 0 8
147 194 0 8
147 193 0 8
147 192 0 8
147 191 0 8
147 190 0 8
147 189 0 8
147 188 0 8
147 187 0 8
147 186 0 8
147 185 0 8
147 184 0 8
147 183 0 8
147 182 0 8
147 181 0 8
147 180 0 8
147 179 0 8
147 178 0 8
147 177 0 8
147 176 0 8
147 175 0 8
147 174 0 8
147 173 0 8
147 172 0 8
147 171 0 8
147 170 0 8
147 169 0 8
147 168 0 8
147 167 0 8
147 166 0 8
147 165 0 8
147 164 0 8
147 163 0 8
147 162 0 8
147 161 0 8
147 160 0 8
147 159 0 8
147 158 0 8
147 157 0 8
147 156 0 8
147 155 0 8
147 154 0 8
147 153 0 8
146 215 0 8
146 214 0 8
146 213 0 8
146 212 0 8
146 211 0 8
146 210 0 8
146 209 0 8
146 208 0 8
146 207 0 8
146 206 0 8
146 205 0 8
146 204 0 8
146 203 0 8
146 202 0 8
146 201 0 8
146 200 0 8
146 199 0 8
146 198 0 8
146 197 0 8
146 196 0 8
146 195 0 8
146 194 0 8
146 193 0 8
146 192 0 8
146 191 0 8
146 190 0 8
146 189 0 8
146 188 0 8
146 187 0 8
146 186 0 8
146 185 0 8
146 184 0 8
146 183 0 8
146 182 0 8
146 181 0 8
146 180 0 8
146 179 0 8
146 178 0 8
146 177 0 8
146 176 0 8
146 175 0 8
146 174 0 8
146 173 0 8
146 172 0 8
146 171 0 8
146 170 0 8
146 169 0 8
146 168 0 8
146 167 0 8
146 166 0 8
146 165 0 8
146 164 0 8
146 163 0 8
146 162 0 8
146 161 0 8
146 160 0 8
146 159 0 8
146 158 0 8
146 157 0 8
146 156 0 8
146 155 0 8
146 154 0 8
146 153 0 8
146 152 0 8
145 215 0 8
145 214 0 8
145 213 0 8
145 212 0 8
145 211 0 8
145 210 0 8
145 209 0 8
145 208 0 8
145 207 0 8
145 206 0 8
145 205 0 8
145 204 0 8
145 203 0 8
145 202 0 8
145 201 0 8
145 200 0 8
145 199 0 8
145 198 0 8
145 197 0 8
145 196 0 8
145 195 0 8
145 194 0 8
145 193 0 8
145 192 0 8
145 191 0 8
145 190 0 8
145 189 0 8
145 188 0 8
145 187 0 8
145 186 0 8
145 185 0 8
145 184 0 8
145 183 0 8
145 182 0 8
145 181 0 8
145 180 0 8
145 179 0 8
145 178 0 8
145 177 0 8
145 176 0 8
145 175 0 8
145 174 0 8
145 173 0 8
145 172 0 8
145 171 0 8
145 170 0 8
145 169 0 8
145 168 0 8
145 167 0 8
145 166 0 8
145 165 0 8
145 164 0 8
145 163 0 8
145 162 0 8
145 161 0 8
145 160 0 8
145 159 0 8
145 158 0 8
145 157 0 8
145 156 0 8
145 155 0 8
145 154 0 8
145 153 0 8
145 152 0 8
145 151 0 8
144 215 0 8
144 214 0 8
144 213 0 8
144 212 0 8
144 211 0 8
144 210 0 8
144 209 0 8
144 208 0 8
144 207 0 8
144 206 0 8
144 205 0 8
144 204 0 8
144 203 0 8
144 202 0 8
144 201 0 8
144 200 0 8
144 199 0 8
144 198 0 8
144 197 0 8
144 196 0 8
144 195 0 8
144 194 0 8
144 193 0 8
144 192 0 8
144 191 0 8
144 190 0 8
144 189 0 8
144 188 0 8
144 187 0 8
144 186 0 8
144 185 0 8
144 184 0 8
144 183 0 8
144 182 0 8
144 181 0 8
144 180 0 8
144 179 0 8
144 178 0 8
144 177 0 8
144 176 0 8
144 175 0 8
144 174 0 8
144 173 0 8
144 172 0 8
144 171 0 8
144 170 0 8
144 169 0 8
144 168 0 8
144 167 0 8
144 166 0 8
144 165 0 8
144 164 0 8
144 163 0 8
144 162 0 8
144 161 0 8
144 160 0 8
144 159 0 8
144 158 0 8
144 157 0 8
144 156 0 8
144 155 0 8
144 154 0 8
144 153 0 8
144 152 0 8
144 151 0 8
144 150 0 8
143 215 0 8
143 214 0 8
143 213 0 8
143 212 0 8
143 211 0 8
143 210 0 8
143 209 0 8
143 208 0 8
143 207 0 8
143 206 0 8
143 205 0 8
143 204 0 8
143 203 0 8
143 202 0 8
143 201 0 8
143 200 0 8
143 199 0 8
143 198 0 8
143 197 0 8
143 196 0 8
143 195 0 8
143 194 0 8
143 193 0 8
143 192 0 8
143 191 0 8
143 190 0 8
143 189 0 8
143 188 0 8
143 187 0 8
143 186 0 8
143 185 0 8
143 184 0 8
143 183 0 8
143 182 0 8
143 181 0 8
143 180 0 8
143 179 0 8
143 178 0 8
143 177 0 8
143 176 0 8
143 175 0 8
143 174 0 8
143 173 0 8
143 172 0 8
143 171 0 8
143 170 0 8
143 169 0 8
143 168 0 8
143 167 0 8
143 166 0 8
143 165 0 8
143 164 0 8
143 163 0 8
143 162 0 8
143 161 0 8
143 160 0 8
143 159 0 8
143 158 0 8
143 157 0 8
143 156 0 8
143 155 0 8
143 154 0 8
143 153 0 8
143 152 0 8
143 151 0 8
143 150 0 8
143 149 0 8
142 215 0 8
142 214 0 8
142 213 0 8
142 212 0 8
142 211 0 8
142 210 0 8
142 209 0 8
142 208 0 8
142 207 0 8
142 206 0 8
142 205 0 8
142 204 0 8
142 203 0 8
142 202 0 8
142 201 0 8
142 200 0 8
142 199 0 8
142 198 0 8
142 197 0 8
142 196 0 8
142 195 0 8
142 194 0 8
142 193 0 8
142 192 0 8
142 191 0 8
142 190 0 8
142 189 0 8
142 188 0 8
142 187 0 8
142 186 0 8
142 185 0 8
142 184 0 8
142 183 0 8
142 182 0 8
142 181 0 8
142 180 0 8
142 179 0 8
142 178 0 8
142 177 0 8
142 176 0 8
142 175 0 8
142 174 0 8
142 173 0 8
142 172 0 8
142 171 0 8
142 170 0 8
142 169 0 8
142 168 0 8
142 167 0 8
142 166 0 8
142 165 0 8
142 164 0 8
142 163 0 8
142 162 0 8
142 161 0 8
142 160 0 8
142 159 0 8
142 158 0 8
142 157 0 8
142 156 0 8
142 155 0 8
142 154 0 8
142 153 0 8
142 152 0 8
142 151 0 8
142 150 0 8
142 149 0 8
142 148 0 8
141 215 0 8
141 214 0 8
141 213 0 8
141 212 0 8
141 211 0 8
141 210 0 8
141 209 0 8
141 208 0 8
141 207 0 8
141 206 0 8
141 205 0 8
141 204 0 8
141 203 0 8
141 202 0 8
141 201 0 8
141 200 0 8
141 199 0 8
141 198 0 8
141 197 0 8
141 196 0 8
141 195 0 8
141 194 0 8
141 193 0 8
141 192 0 8
141 191 0 8
141 190 0 8
141 189 0 8
141 188 0 8
141 187 0 8
141 186 0 8
141 185 0 8
141 184 0 8
141 183 0 8
141 182 0 8
141 181 0 8
141 180 0 8
141 179 0 8
141 178 0 8
141 177 0 8
141 176 0 8
141 175 0 8
141 174 0 8
141 173 0 8
141 172 0 8
141 171 0 8
141 170 0 8
141 169 0 8
141 168 0 8
141 167 0 8
141 166 0 8
141 165 0 8
141 164 0 8
141 163 0 8
141 162 0 8
141 161 0 8
141 160 0 8
141 159 0 8
141 158 0 8
141 157 0 8
141 156 0 8
141 155 0 8
141 154 0 8
141 153 0 8
141 152 0 8
141 151 0 8
141 150 0 8
141 149 0 8
141 148 0 8
141 147 0 8
140 215 0 8
140 214 0 8
140 213 0 8
140 212 0 8
140 211 0 8
140 210 0 8
140 209 0 8
140 208 0 8
140 207 0 8
140 206 0 8
140 205 0 8
140 204 0 8
140 203 0 8
140 202 0 8
140 201 0 8
140 200 0 8
140 199 0 8
140 198 0 8
140 197 0 8
140 196 0 8
140 195 0 8
140 194 0 8
140 193 0 8
140 192 0 8
140 191 0 8
140 190 0 8
140 189 0 8
140 188 0 8
140 187 0 8
140 186 0 8
140 185 0 8
140 184 0 8
140 183 0 8
140 182 0 8
140 181 0 8
140 180 0 8
140 179 0 8
140 178 0 8
140 177 0 8
140 176 0 8
140 175 0 8
140 174 0 8
140 173 0 8
140 172 0 8
140 171 0 8
140 170 0 8
140 169 0 8
140 168 0 8
140 167 0 8
140 166 0 8
140 165 0 8
140 164 0 8
140 163 0 8
140 162 0 8
140 161 0 8
140 160 0 8
140 159 0 8
140 158 0 8
140 157 0 8
140 156 0 8
140 155 0 8
140 154 0 8
140 153 0 8
140 152 0 8
140 151 0 8
140 150 0 8
140 149 0 8
140 148 0 8
140 147 0 8
140 146 0 8
139 215 0 8
139 214 0 8
139 213 0 8
139 212 0 8
139 211 0 8
139 210 0 8
139 209 0 8
139 208 0 8
139 207 0 8
139 206 0 8
139 205 0 8
139 204 0 8
139 203 0 8
139 202 0 8
139 201 0 8
139 200 0 8
139 199 0 8
139 198 0 8
139 197 0 8
139 196 0 8
139 195 0 8
139 194 0 8
139 193 0 8
139 192 0 8
139 191 0 8
139 190 0 8
139 189 0 8
139 188 0 8
139 187 0 8
139 186 0 8
139 185 0 8
139 184 0 8
139 183 0 8
139 182 0 8
139 181 0 8
139 180 0 8
139 179 0 8
139 178 0 8
139 177 0 8
139 176 0 8
139 175 0 8
139 174 0 8
139 173 0 8
139 172 0 8
139 171 0 8
139 170 0 8
139 169 0 8
139 168 0 8
139 167 0 8
139 166 0 8
139 165 0 8
139 164 0 8
139 163 0 8
139 162 0 8
139 161 0 8
139 160 0 8
139 159 0 8
139 158 0 8
139 157 0 8
139 156 0 8
139 155 0 8
139 154 0 8
139 153 0 8
139 152 0 8
139 151 0 8
139 150 0 8
139 149 0 8
139 148 0 8
139 147 0 8
139 146 0 8
139 145 0 8
138 215 0 8
138 214 0 8
138 213 0 8
138 212 0 8
138 211 0 8
138 210 0 8
138 209 0 8
138 208 0 8
138 207 0 8
138 206 0 8
138 205 0 8
138 204 0 8
138 203 0 8
138 202 0 8
138 201 0 8
138 200 0 8
138 199 0 8
138 198 0 8
138 197 0 8
138 196 0 8
138 195 0 8
138 194 0 8
138 193 0 8
138 192 0 8
138 191 0 8
138 190 0 8
138 189 0 8
138 188 0 8
138 187 0 8
138 186 0 8
138 185 0 8
138 184 0 8
138 183 0 8
138 182 0 8
138 181 0 8
138 180 0 8
138 179 0 8
138 178 0 8
138 177 0 8
138 176 0 8
138 175 0 8
138 174 0 8
138 173 0 8
138 172 0 8
138 171 0 8
138 170 0 8
138 169 0 8
138 168 0 8
138 167 0 8
138 166 0 8
138 165 0 8
138 164 0 8
138 163 0 8
138 162 0 8
138 161 0 8
138 160 0 8
138 159 0 8
138 158 0 8
138 157 0 8
138 156 0 8
138 155 0 8
138 154 0 8
138 153 0 8
138 152 0 8
138 151 0 8
138 150 0 8
138 149 0 8
138 148 0 8
138 147 0 8
138 146 0 8
138 145 0 8
138 144 0 8
137 215 0 8
137 214 0 8
137 213 0 8
137 212 0 8
137 211 0 8
137 210 0 8
137 209 0 8
137 208 0 8
137 207 0 8
137 206 0 8
137 205 0 8
137 204 0 8
137 203 0 8
137 202 0 8
137 201 0 8
137 200 0 8
137 199 0 8
137 198 0 8
137 197 0 8
137 196 0 8
137 195 0 8
137 194 0 8
137 193 0 8
137 192 0 8
137 191 0 8
137 190 0 8
137 189 0 8
137 188 0 8
137 187 0 8
137 186 0 8
137 185 0 8
137 184 0 8
137 183 0 8
137 182 0 8
137 181 0 8
137 180 0 8
137 179 0 8
137 178 0 8
137 177 0 8
137 176 0 8
137 175 0 8
137 174 0 8
137 173 0 8
137 172 0 8
137 171 0 8
137 170 0 8
137 169 0 8
137 168 0 8
137 167 0 8
137 166 0 8
137 165 0 8
137 164 0 8
137 163 0 8
137 162 0 8
137 161 0 8
137 160 0 8
137 159 0 8
137 158 0 8
137 157 0 8
137 156 0 8
137 155 0 8
137 154 0 8
137 153 0 8
137 152 0 8
137 151 0 8
137 150 0 8
137 149 0 8
137 148 0 8
137 147 0 8
137 146 0 8
137 145 0 8
137 144 0 8
137 143 0 8
136 215 0 8
136 214 0 8
136 213 0 8
136 212 0 8
136 211 0 8
136 210 0 8
136 209 0 8
136 208 0 8
136 207 0 8
136 206 0 8
136 205 0 8
136 204 0 8
136 203 0 8
136 202 0 8
136 201 0 8
136 200 0 8
136 199 0 8
136 198 0 8
136 197 0 8
136 196 0 8
136 195 0 8
136 194 0 8
136 193 0 8
136 192 0 8
136 191 0 8
136 190 0 8
136 189 0 8
136 188 0 8
136 187 0 8
136 186 0 8
136 185 0 8
136 184 0 8
136 183 0 8
136 182 0 8
136 181 0 8
136 180 0 8
136 179 0 8
136 178 0 8
136 177 0 8
136 176 0 8
136 175 0 8
136 174 0 8
136 173 0 8
136 172 0 8
136 171 0 8
136 170 0 8
136 169 0 8
136 168 0 8
136 167 0 8
136 166 0 8
136 165 0 8
136 164 0 8
136 163 0 8
136 162 0 8
136 161 0 8
136 160 0 8
136 159 0 8
136 158 0 8
136 157 0 8
136 156 0 8
136 155 0 8
136 154 0 8
136 153 0 8
136 152 0 8
136 151 0 8
136 150 0 8
136 149 0 8
136 148 0 8
136 147 0 8
136 146 0 8
136 145 0 8
136 144 0 8
136 143 0 8
136 142 0 8
135 215 0 8
135 214 0 8
135 213 0 8
135 212 0 8
135 211 0 8
135 210 0 8
135 209 0 8
135 208 0 8
135 207 0 8
135 206 0 8
135 205 0 8
135 204 0 8
135 203 0 8
135 202 0 8
135 201 0 8
135 200 0 8
135 199 0 8
135 198 0 8
135 197 0 8
135 196 0 8
135 195 0 8
135 194 0 8
135 193 0 8
135 192 0 8
135 191 0 8
135 190 0 8
135 189 0 8
135 188 0 8
135 187 0 8
135 186 0 8
135 185 0 8
135 184 0 8
135 183 0 8
135 182 0 8
135 181 0 8
135 180 0 8
135 179 0 8
135 178 0 8
135 177 0 8
135 176 0 8
135 175 0 8
135 174 0 8
135 173 0 8
135 172 0 8
135 171 0 8
135 170 0 8
135 169 0 8
135 168 0 8
135 167 0 8
135 166 0 8
135 165 0 8
135 164 0 8
135 163 0 8
135 162 0 8
135 161 0 8
135 160 0 8
135 159 0 8
135 158 0 8
135 157 0 8
135 156 0 8
135 155 0 8
135 154 0 8
135 153 0 8
135 152 0 8
135 151 0 8
135 150 0 8
135 149 0 8
135 148 0 8
135 147 0 8
135 146 0 8
135 145 0 8
135 144 0 8
135 143 0 8
135 142 0 8
135 141 0 8
134 215 0 8
134 214 0 8
134 213 0 8
134 212 0 8
134 211 0 8
134 210 0 8
134 209 0 8
134 208 0 8
134 207 0 8
134 206 0 8
134 205 0 8
134 204 0 8
134 203 0 8
134 202 0 8
134 201 0 8
134 200 0 8
134 199 0 8
134 198 0 8
134 197 0 8
134 196 0 8
134 195 0 8
134 194 0 8
134 193 0 8
134 192 0 8
134 191 0 8
134 190 0 8
134 189 0 8
134 188 0 8
134 187 0 8
134 186 0 8
134 185 0 8
134 184 0 8
134 183 0 8
134 182 0 8
134 181 0 8
134 180 0 8
134 179 0 8
134 178 0 8
134 177 0 8
134 176 0 8
134 175 0 8
134 174 0 8
134 173 0 8
134 172 0 8
134 171 0 8
134 170 0 8
134 169 0 8
134 168 0 8
134 167 0 8
134 166 0 8
134 165 0 8
134 164 0 8
134 163 0 8
134 162 0 8
134 161 0 8
134 160 0 8
134 159 0 8
134 158 0 8
134 157 0 8
134 156 0 8
134 155 0 8
134 154 0 8
134 153 0 8
134 152 0 8
134 151 0 8
134 150 0 8
134 149 0 8
134 148 0 8
134 147 0 8
134 146 0 8
134 145 0 8
134 144 0 8
134 143 0 8
134 142 0 8
134 141 0 8
134 140 0 8
133 215 0 8
133 214 0 8
133 213 0 8
133 212 0 8
133 211 0 8
133 210 0 8
133 209 0 8
133 208 0 8
133 207 0 8
133 206 0 8
133 205 0 8
133 204 0 8
133 203 0 8
133 202 0 8
133 201 0 8
133 200 0 8
133 199 0 8
133 198 0 8
133 197 0 8
133 196 0 8
133 195 0 8
133 194 0 8
133 193 0 8
133 192 0 8
133 191 0 8
133 190 0 8
133 189 0 8
133 188 0 8
133 187 0 8
133 186 0 8
133 185 0 8
133 184 0 8
133 183 0 8
133 182 0 8
133 181 0 8
133 180 0 8
133 179 0 8
133 178 0 8
133 177 0 8
133 176 0 8
133 175 0 8
133 174 0 8
133 173 0 8
133 172 0 8
133 171 0 8
133 170 0 8
133 169 0 8
133 168 0 8
133 167 0 8
133 166 0 8
133 165 0 8
133 164 0 8
133 163 0 8
133 162 0 8
133 161 0 8
133 160 0 8
133 159 0 8
133 158 0 8
133 157 0 8
133 156 0 8
133 155 0 8
133 154 0 8
133 153 0 8
133 152 0 8
133 151 0 8
133 150 0 8
133 149 0 8
133 148 0 8
133 147 0 8
133 146 0 8
133 145 0 8
133 144 0 8
133 143 0 8
133 142 0 8
133 141 0 8
133 140 0 8
133 139 0 8
132 215 0 8
132 214 0 8
132 213 0 8
132 212 0 8
132 211 0 8
132 210 0 8
132 209 0 8
132 208 0 8
132 207 0 8
132 206 0 8
132 205 0 8
132 204 0 8
132 203 0 8
132 202 0 8
132 201 0 8
132 200 0 8
132 199 0 8
132 198 0 8
132 197 0 8
132 196 0 8
132 195 0 8
132 194 0 8
132 193 0 8
132 192 0 8
132 191 0 8
132 190 0 8
132 189 0 8
132 188 0 8
132 187 0 8
132 186 0 8
132 185 0 8
132 184 0 8
132 183 0 8
132 182 0 8
132 181 0 8
132 180 0 8
132 179 0 8
132 178 0 8
132 177 0 8
132 176 0 8
132 175 0 8
132 174 0 8
132 173 0 8
132 172 0 8
132 171 0 8
132 170 0 8
132 169 0 8
132 168 0 8
132 167 0 8
132 166 0 8
132 165 0 8
132 164 0 8
132 163 0 8
132 162 0 8
132 161 0 8
132 160 0 8
132 159 0 8
132 158 0 8
132 157 0 8
132 156 0 8
132 155 0 8
132 154 0 8
132 153 0 8
132 152 0 8
132 151 0 8
132 150 0 8
132 149 0 8
132 148 0 8
132 147 0 8
132 146 0 8
132 145 0 8
132 144 0 8
132 143 0 8
132 142 0 8
132 141 0 8
132 140 0 8
132 139 0 8
132 138 0 8
131 215 0 8
131 214 0 8
131 213 0 8
131 212 0 8
131 211 0 8
131 210 0 8
131 209 0 8
131 208 0 8
131 207 0 8
131 206 0 8
131 205 0 8
131 204 0 8
131 203 0 8
131 202 0 8
131 201 0 8
131 200 0 8
131 199 0 8
131 198 0 8
131 197 0 8
131 196 0 8
131 195 0 8
131 194 0 8
131 193 0 8
131 192 0 8
131 191 0 8
131 190 0 8
131 189 0 8
131 188 0 8
131 187 0 8
131 186 0 8
131 185 0 8
131 184 0 8
131 183 0 8
131 182 0 8
131 181 0 8
131 180 0 8
131 179 0 8
131 178 0 8
131 177 0 8
131 176 0 8
131 175 0 8
131 174 0 8
131 173 0 8
131 172 0 8
131 171 0 8
131 170 0 8
131 169 0 8
131 168 0 8
131 167 0 8
131 166 0 8
131 165 0 8
131 164 0 8
131 163 0 8
131 162 0 8
131 161 0 8
131 160 0 8
131 159 0 8
131 158 0 8
131 157 0 8
131 156 0 8
131 155 0 8
131 154 0 8
131 153 0 8
131 152 0 8
131 151 0 8
131 150 0 8
131 149 0 8
131 148 0 8
131 147 0 8
131 146 0 8
131 145 0 8
131 144 0 8
131 143 0 8
131 142 0 8
131 141 0 8
131 140 0 8
131 139 0 8
131 138 0 8
131 137 0 8
130 215 0 8
130 214 0 8
130 213 0 8
130 212 0 8
130 211 0 8
130 210 0 8
130 209 0 8
130 208 0 8
130 207 0 8
130 206 0 8
130 205 0 8
130 204 0 8
130 203 0 8
130 202 0 8
130 201 0 8
130 200 0 8
130 199 0 8
130 198 0 8
130 197 0 8
130 196 0 8
130 195 0 8
130 194 0 8
130 193 0 8
130 192 0 8
130 191 0 8
130 190 0 8
130 189 0 8
130 188 0 8
130 187 0 8
130 186 0 8
130 185 0 8
130 184 0 8
130 183 0 8
130 182 0 8
130 181 0 8
130 180 0 8
130 179 0 8
130 178 0 8
130 177 0 8
130 176 0 8
130 175 0 8
130 174 0 8
130 173 0 8
130 172 0 8
130 171 0 8
130 170 0 8
130 169 0 8
130 168 0 8
130 167 0 8
130 166 0 8
130 165 0 8
130 164 0 8
130 163 0 8
130 162 0 8
130 161 0 8
130 160 0 8
130 159 0 8
130 158 0 8
130 157 0 8
130 156 0 8
130 155 0 8
130 154 0 8
130 153 0 8
130 152 0 8
130 151 0 8
130 150 0 8
130 149 0 8
130 148 0 8
130 147 0 8
130 146 0 8
130 145 0 8
130 144 0 8
130 143 0 8
130 142 0 8
130 141 0 8
130 140 0 8
130 139 0 8
130 138 0 8
130 137 0 8
130 136 0 8
129 215 0 8
129 214 0 8
129 213 0 8
129 212 0 8
129 211 0 8
129 210 0 8
129 209 0 8
129 208 0 8
129 207 0 8
129 206 0 8
129 205 0 8
129 204 0 8
129 203 0 8
129 202 0 8
129 201 0 8
129 200 0 8
129 199 0 8
129 198 0 8
129 197 0 8
129 196 0 8
129 195 0 8
129 194 0 8
129 193 0 8
129 192 0 8
129 191 0 8
129 190 0 8
129 189 0 8
129 188 0 8
129 187 0 8
129 186 0 8
129 185 0 8
129 184 0 8
129 183 0 8
129 182 0 8
129 181 0 8
129 180 0 8
129 179 0 8
129 178 0 8
129 177 0 8
129 176 0 8
129 175 0 8
129 174 0 8
129 173 0 8
129 172 0 8
129 171 0 8
129 170 0 8
129 169 0 8
129 168 0 8
129 167 0 8
129 166 0 8
129 165 0 8
129 164 0 8
129 163 0 8
129 162 0 8
129 161 0 8
129 160 0 8
129 159 0 8
129 158 0 8
129 157 0 8
129 156 0 8
129 155 0 8
129 154 0 8
129 153 0 8
129 152 0 8
129 151 0 8
129 150 0 8
129 149 0 8
129 148 0 8
129 147 0 8
129 146 0 8
129 145 0 8
129 144 0 8
129 143 0 8
129 142 0 8
129 141 0 8
129 140 0 8
129 139 0 8
129 138 0 8
129 137 0 8
129 136 0 8
129 135 0 8
128 215 0 8
128 214 0 8
128 213 0 8
128 212 0 8
128 211 0 8
128 210 0 8
128 209 0 8
128 208 0 8
128 207 0 8
128 206 0 8
128 205 0 8
128 204 0 8
128 203 0 8
128 202 0 8
128 201 0 8
128 200 0 8
128 199 0 8
128 198 0 8
128 197 0 8
128 196 0 8
128 195 0 8
128 194 0 8
128 193 0 8
128 192 0 8
128 191 0 8
128 190 0 8
128 189 0 8
128 188 0 8
128 187 0 8
128 186 0 8
128 185 0 8
128 184 0 8
128 183 0 8
128 182 0 8
128 181 0 8
128 180 0 8
128 179 0 8
128 178 0 8
128 177 0 8
128 176 0 8
128 175 0 8
128 174 0 8
128 173 0 8
128 172 0 8
128 171 0 8
128 170 0 8
128 169 0 8
128 168 0 8
128 167 0 8
128 166 0 8
128 165 0 8
128 164 0 8
128 163 0 8
128 162 0 8
128 161 0 8
128 160 0 8
128 159 0 8
128 158 0 8
128 157 0 8
128 156 0 8
128 155 0 8
128 154 0 8
128 153 0 8
128 152 0 8
128 151 0 8
128 150 0 8
128 149 0 8
128 148 0 8
128 147 0 8
128 146 0 8
128 145 0 8
128 144 0 8
128 143 0 8
128 142 0 8
128 141 0 8
128 140 0 8
128 139 0 8
128 138 0 8
128 137 0 8
128 136 0 8
128 135 0 8
128 134 0 8
127 215 0 8
127 214 0 8
127 213 0 8
127 212 0 8
127 211 0 8
127 210 0 8
127 209 0 8
127 208 0 8
127 207 0 8
127 206 0 8
127 205 0 8
127 204 0 8
127 203 0 8
127 202 0 8
127 201 0 8
127 200 0 8
127 199 0 8
127 198 0 8
127 197 0 8
127 196 0 8
127 195 0 8
127 194 0 8
127 193 0 8
127 192 0 8
127 191 0 8
127 190 0 8
127 189 0 8
127 188 0 8
127 187 0 8
127 186 0 8
127 185 0 8
127 184 0 8
127 183 0 8
127 182 0 8
127 181 0 8
127 180 0 8
127 179 0 8
127 178 0 8
127 177 0 8
127 176 0 8
127 175 0 8
127 174 0 8
127 173 0 8
127 172 0 8
127 171 0 8
127 170 0 8
127 169 0 8
127 168 0 8
127 167 0 8
127 166 0 8
127 165 0 8
127 164 0 8
127 163 0 8
127 162 0 8
127 161 0 8
127 160 0 8
127 159 0 8
127 158 0 8
127 157 0 8
127 156 0 8
127 155 0 8
127 154 0 8
127 153 0 8
127 152 0 8
127 151 0 8
127 150 0 8
127 149 0 8
127 148 0 8
127 147 0 8
127 146 0 8
127 145 0 8
127 144 0 8
127 143 0 8
127 142 0 8
127 141 0 8
127 140 0 8
127 139 0 8
127 138 0 8
127 137 0 8
127 136 0 8
127 135 0 8
127 134 0 8
127 133 0 8
126 215 0 8
126 214 0 8
126 213 0 8
126 212 0 8
126 211 0 8
126 210 0 8
126 209 0 8
126 208 0 8
126 207 0 8
126 206 0 8
126 205 0 8
126 204 0 8
126 203 0 8
126 202 0 8
126 201 0 8
126 200 0 8
126 199 0 8
126 198 0 8
126 197 0 8
126 196 0 8
126 195 0 8
126 194 0 8
126 193 0 8
126 192 0 8
126 191 0 8
126 190 0 8
126 189 0 8
126 188 0 8
126 187 0 8
126 186 0 8
126 185 0 8
126 184 0 8
126 183 0 8
126 182 0 8
126 181 0 8
126 180 0 8
126 179 0 8
126 178 0 8
126 177 0 8
126 176 0 8
126 175 0 8
126 174 0 8
126 173 0 8
126 172 0 8
126 171 0 8
126 170 0 8
126 169 0 8
126 168 0 8
126 167 0 8
126 166 0 8
126 165 0 8
126 164 0 8
126 163 0 8
126 162 0 8
126 161 0 8
126 160 0 8
126 159 0 8
126 158 0 8
126 157 0 8
126 156 0 8
126 155 0 8
126 154 0 8
126 153 0 8
126 152 0 8
126 151 0 8
126 150 0 8
126 149 0 8
126 148 0 8
126 147 0 8
126 146 0 8
126 145 0 8
126 144 0 8
126 143 0 8
126 142 0 8
126 141 0 8
126 140 0 8
126 139 0 8
126 138 0 8
126 137 0 8
126 136 0 8
126 135 0 8
126 134 0 8
126 133 0 8
126 132 0 8
125 215 0 8
125 214 0 8
125 213 0 8
125 212 0 8
125 211 0 8
125 210 0 8
125 209 0 8
125 208 0 8
125 207 0 8
125 206 0 8
125 205 0 8
125 204 0 8
125 203 0 8
125 202 0 8
125 201 0 8
125 200 0 8
125 199 0 8
125 198 0 8
125 197 0 8
125 196 0 8
125 195 0 8
125 194 0 8
125 193 0 8
125 192 0 8
125 191 0 8
125 190 0 8
125 189 0 8
125 188 0 8
125 187 0 8
125 186 0 8
125 185 0 8
125 184 0 8
125 183 0 8
125 182 0 8
125 181 0 8
125 180 0 8
125 179 0 8
125 178 0 8
125 177 0 8
125 176 0 8
125 175 0 8
125 174 0 8
125 173 0 8
125 172 0 8
125 171 0 8
125 170 0 8
125 169 0 8
125 168 0 8
125 167 0 8
125 166 0 8
125 165 0 8
125 164 0 8
125 163 0 8
125 162 0 8
125 161 0 8
125 160 0 8
125 159 0 8
125 158 0 8
125 157 0 8
125 156 0 8
125 155 0 8
125 154 0 8
125 153 0 8
125 152 0 8
125 151 0 8
125 150 0 8
125 149 0 8
125 148 0 8
125 147 0 8
125 146 0 8
125 145 0 8
125 144 0 8
125 143 0 8
125 142 0 8
125 141 0 8
125 140 0 8
125 139 0 8
125 138 0 8
125 137 0 8
125 136 0 8
125 135 0 8
125 134 0 8
125 133 0 8
125 132 0 8
125 131 0 8
124 215 0 8
124 214 0 8
124 213 0 8
124 212 0 8
124 211 0 8
124 210 0 8
124 209 0 8
124 208 0 8
124 207 0 8
124 206 0 8
124 205 0 8
124 204 0 8
124 203 0 8
124 202 0 8
124 201 0 8
124 200 0 8
124 199 0 8
124 198 0 8
124 197 0 8
124 196 0 8
124 195 0 8
124 194 0 8
124 193 0 8
124 192 0 8
124 191 0 8
124 190 0 8
124 189 0 8
124 188 0 8
124 187 0 8
124 186 0 8
124 185 0 8
124 184 0 8
124 183 0 8
124 182 0 8
124 181 0 8
124 180 0 8
124 179 0 8
124 178 0 8
124 177 0 8
124 176 0 8
124 175 0 8
124 174 0 8
124 173 0 8
124 172 0 8
124 171 0 8
124 170 0 8
124 169 0 8
124 168 0 8
124 167 0 8
124 166 0 8
124 165 0 8
124 164 0 8
124 163 0 8
124 162 0 8
124 161 0 8
124 160 0 8
124 159 0 8
124 158 0 8
124 157 0 8
124 156 0 8
124 155 0 8
124 154 0 8
124 153 0 8
124 152 0 8
124 151 0 8
124 150 0 8
124 149 0 8
124 148 0 8
124 147 0 8
124 146 0 8
124 145 0 8
124 144 0 8
124 143 0 8
124 142 0 8
124 141 0 8
124 140 0 8
124 139 0 8
124 138 0 8
124 137 0 8
124 136 0 8
124 135 0 8
124 134 0 8
124 133 0 8
124 132 0 8
124 131 0 8
124 130 0 8
123 215 0 8
123 214 0 8
123 213 0 8
123 212 0 8
123 211 0 8
123 210 0 8
123 209 0 8
123 208 0 8
123 207 0 8
123 206 0 8
123 205 0 8
123 204 0 8
123 203 0 8
123 202 0 8
123 201 0 8
123 200 0 8
123 199 0 8
123 198 0 8
123 197 0 8
123 196 0 8
123 195 0 8
123 194 0 8
123 193 0 8
123 192 0 8
123 191 0 8
123 190 0 8
123 189 0 8
123 188 0 8
123 187 0 8
123 186 0 8
123 185 0 8
123 184 0 8
123 183 0 8
123 182 0 8
123 181 0 8
123 180 0 8
123 179 0 8
123 178 0 8
123 177 0 8
123 176 0 8
123 175 0 8
123 174 0 8
123 173 0 8
123 172 0 8
123 171 0 8
123 170 0 8
123 169 0 8
123 168 0 8
123 167 0 8
123 166 0 8
123 165 0 8
123 164 0 8
123 163 0 8
123 162 0 8
123 161 0 8
123 160 0 8
123 159 0 8
123 158 0 8
123 157 0 8
123 156 0 8
123 155 0 8
123 154 0 8
123 153 0 8
123 152 0 8
123 151 0 8
123 150 0 8
123 149 0 8
123 148 0 8
123 147 0 8
123 146 0 8
123 145 0 8
123 144 0 8
123 143 0 8
123 142 0 8
123 141 0 8
123 140 0 8
123 139 0 8
123 138 0 8
123 137 0 8
123 136 0 8
123 135 0 8
123 134 0 8
123 133 0 8
123 132 0 8
123 131 0 8
123 130 0 8
123 129 0 8
122 215 0 8
122 214 0 8
122 213 0 8
122 212 0 8
122 211 0 8
122 210 0 8
122 209 0 8
122 208 0 8
122 207 0 8
122 206 0 8
122 205 0 8
122 204 0 8
122 203 0 8
122 202 0 8
122 201 0 8
122 200 0 8
122 199 0 8
122 198 0 8
122 197 0 8
122 196 0 8
122 195 0 8
122 194 0 8
122 193 0 8
122 192 0 8
122 191 0 8
122 190 0 8
122 189 0 8
122 188 0 8
122 187 0 8
122 186 0 8
122 185 0 8
122 184 0 8
122 183 0 8
122 182 0 8
122 181 0 8
122 180 0 8
122 179 0 8
122 178 0 8
122 177 0 8
122 176 0 8
122 175 0 8
122 174 0 8
122 173 0 8
122 172 0 8
122 171 0 8
122 170 0 8
122 169 0 8
122 168 0 8
122 167 0 8
122 166 0 8
122 165 0 8
122 164 0 8
122 163 0 8
122 162 0 8
122 161 0 8
122 160 0 8
122 159 0 8
122 158 0 8
122 157 0 8
122 156 0 8
122 155 0 8
122 154 0 8
122 153 0 8
122 152 0 8
122 151 0 8
122 150 0 8
122 149 0 8
122 148 0 8
122 147 0 8
122 146 0 8
122 145 0 8
122 144 0 8
122 143 0 8
122 142 0 8
122 141 0 8
122 140 0 8
122 139 0 8
122 138 0 8
122 137 0 8
122 136 0 8
122 135 0 8
122 134 0 8
122 133 0 8
122 132 0 8
122 131 0 8
122 130 0 8
122 129 0 8
122 128 0 8
121 215 0 8
121 214 0 8
121 213 0 8
121 212 0 8
121 211 0 8
121 210 0 8
121 209 0 8
121 208 0 8
121 207 0 8
121 206 0 8
121 205 0 8
121 204 0 8
121 203 0 8
121 202 0 8
121 201 0 8
121 200 0 8
121 199 0 8
121 198 0 8
121 197 0 8
121 196 0 8
121 195 0 8
121 194 0 8
121 193 0 8
121 192 0 8
121 191 0 8
121 190 0 8
121 189 0 8
121 188 0 8
121 187 0 8
121 186 0 8
121 185 0 8
121 184 0 8
121 183 0 8
121 182 0 8
121 181 0 8
121 180 0 8
121 179 0 8
121 178 0 8
121 177 0 8
121 176 0 8
121 175 0 8
121 174 0 8
121 173 0 8
121 172 0 8
121 171 0 8
121 170 0 8
121 169 0 8
121 168 0 8
121 167 0 8
121 166 0 8
121 165 0 8
121 164 0 8
121 163 0 8
121 162 0 8
121 161 0 8
121 160 0 8
121 159 0 8
121 158 0 8
121 157 0 8
121 156 0 8
121 155 0 8
121 154 0 8
121 153 0 8
121 152 0 8
121 151 0 8
121 150 0 8
121 149 0 8
121 148 0 8
121 147 0 8
121 146 0 8
121 145 0 8
121 144 0 8
121 143 0 8
121 142 0 8
121 141 0 8
121 140 0 8
121 139 0 8
121 138 0 8
121 137 0 8
121 136 0 8
121 135 0 8
121 134 0 8
121 133 0 8
121 132 0 8
121 131 0 8
121 130 0 8
121 129 0 8
121 128 0 8
121 127 0 8
120 215 0 8
120 214 0 8
120 213 0 8
120 212 0 8
120 211 0 8
120 210 0 8
120 209 0 8
120 208 0 8
120 207 0 8
120 206 0 8
120 205 0 8
120 204 0 8
120 203 0 8
120 202 0 8
120 201 0 8
120 200 0 8
120 199 0 8
120 198 0 8
120 197 0 8
120 196 0 8
120 195 0 8
120 194 0 8
120 193 0 8
120 192 0 8
120 191 0 8
120 190 0 8
120 189 0 8
120 188 0 8
120 187 0 8
120 186 0 8
120 185 0 8
120 184 0 8
120 183 0 8
120 182 0 8
120 181 0 8
120 180 0 8
120 179 0 8
120 178 0 8
120 177 0 8
120 176 0 8
120 175 0 8
120 174 0 8
120 173 0 8
120 172 0 8
120 171 0 8
120 170 0 8
120 169 0 8
120 168 0 8
120 167 0 8
120 166 0 8
120 165 0 8
120 164 0 8
120 163 0 8
120 162 0 8
120 161 0 8
120 160 0 8
120 159 0 8
120 158 0 8
120 157 0 8
120 156 0 8
120 155 0 8
120 154 0 8
120 153 0 8
120 152 0 8
120 151 0 8
120 150 0 8
120 149 0 8
120 148 0 8
120 147 0 8
120 146 0 8
120 145 0 8
120 144 0 8
120 143 0 8
120 142 0 8
120 141 0 8
120 140 0 8
120 139 0 8
120 138 0 8
120 137 0 8
120 136 0 8
120 135 0 8
120 134 0 8
120 133 0 8
120 132 0 8
120 131 0 8
120 130 0 8
120 129 0 8
120 128 0 8
120 127 0 8
120 126 0 8
119 215 0 8
119 214 0 8
119 213 0 8
119 212 0 8
119 211 0 8
119 210 0 8
119 209 0 8
119 208 0 8
119 207 0 8
119 206 0 8
119 205 0 8
119 204 0 8
119 203 0 8
119 202 0 8
119 201 0 8
119 200 0 8
119 199 0 8
119 198 0 8
119 197 0 8
119 196 0 8
119 195 0 8
119 194 0 8
119 193 0 8
119 192 0 8
119 191 0 8
119 190 0 8
119 189 0 8
119 188 0 8
119 187 0 8
119 186 0 8
119 185 0 8
119 184 0 8
119 183 0 8
119 182 0 8
119 181 0 8
119 180 0 8
119 179 0 8
119 178 0 8
119 177 0 8
119 176 0 8
119 175 0 8
119 174 0 8
119 173 0 8
119 172 0 8
119 171 0 8
119 170 0 8
119 169 0 8
119 168 0 8
119 167 0 8
119 166 0 8
119 165 0 8
119 164 0 8
119 163 0 8
119 162 0 8
119 161 0 8
119 160 0 8
119 159 0 8
119 158 0 8
119 157 0 8
119 156 0 8
119 155 0 8
119 154 0 8
119 153 0 8
119 152 0 8
119 151 0 8
119 150 0 8
119 149 0 8
119 148 0 8
119 147 0 8
119 146 0 8
119 145 0 8
119 144 0 8
119 143 0 8
119 142 0 8
119 141 0 8
119 140 0 8
119 139 0 8
119 138 0 8
119 137 0 8
119 136 0 8
119 135 0 8
119 134 0 8
119 133 0 8
119 132 0 8
119 131 0 8
119 130 0 8
119 129 0 8
119 128 0 8
119 127 0 8
119 126 0 8
119 125 0 8
118 215 0 8
118 214 0 8
118 213 0 8
118 212 0 8
118 211 0 8
118 210 0 8
118 209 0 8
118 208 0 8
118 207 0 8
118 206 0 8
118 205 0 8
118 204 0 8
118 203 0 8
118 202 0 8
118 201 0 8
118 200 0 8
118 199 0 8
118 198 0 8
118 197 0 8
118 196 0 8
118 195 0 8
118 194 0 8
118 193 0 8
118 192 0 8
118 191 0 8
118 190 0 8
118 189 0 8
118 188 0 8
118 187 0 8
118 186 0 8
118 185 0 8
118 184 0 8
118 183 0 8
118 182 0 8
118 181 0 8
118 180 0 8
118 179 0 8
118 178 0 8
118 177 0 8
118 176 0 8
118 175 0 8
118 174 0 8
118 173 0 8
118 172 0 8
118 171 0 8
118 170 0 8
118 169 0 8
118 168 0 8
118 167 0 8
118 166 0 8
118 165 0 8
118 164 0 8
118 163 0 8
118 162 0 8
118 161 0 8
118 160 0 8
118 159 0 8
118 158 0 8
118 157 0 8
118 156 0 8
118 155 0 8
118 154 0 8
118 153 0 8
118 152 0 8
118 151 0 8
118 150 0 8
118 149 0 8
118 148 0 8
118 147 0 8
118 146 0 8
118 145 0 8
118 144 0 8
118 143 0 8
118 142 0 8
118 141 0 8
118 140 0 8
118 139 0 8
118 138 0 8
118 137 0 8
118 136 0 8
118 135 0 8
118 134 0 8
118 133 0 8
118 132 0 8
118 131 0 8
118 130 0 8
118 129 0 8
118 128 0 8
118 127 0 8
118 126 0 8
118 125 0 8
118 124 0 8
117 215 0 8
117 214 0 8
117 213 0 8
117 212 0 8
117 211 0 8
117 210 0 8
117 209 0 8
117 208 0 8
117 207 0 8
117 206 0 8
117 205 0 8
117 204 0 8
117 203 0 8
117 202 0 8
117 201 0 8
117 200 0 8
117 199 0 8
117 198 0 8
117 197 0 8
117 196 0 8
117 195 0 8
117 194 0 8
117 193 0 8
117 192 0 8
117 191 0 8
117 190 0 8
117 189 0 8
117 188 0 8
117 187 0 8
117 186 0 8
117 185 0 8
117 184 0 8
117 183 0 8
117 182 0 8
117 181 0 8
117 180 0 8
117 179 0 8
117 178 0 8
117 177 0 8
117 176 0 8
117 175 0 8
117 174 0 8
117 173 0 8
117 172 0 8
117 171 0 8
117 170 0 8
117 169 0 8
117 168 0 8
117 167 0 8
117 166 0 8
117 165 0 8
117 164 0 8
117 163 0 8
117 162 0 8
117 161 0 8
117 160 0 8
117 159 0 8
117 158 0 8
117 157 0 8
117 156 0 8
117 155 0 8
117 154 0 8
117 153 0 8
117 152 0 8
117 151 0 8
117 150 0 8
117 149 0 8
117 148 0 8
117 147 0 8
117 146 0 8
117 145 0 8
117 144 0 8
117 143 0 8
117 142 0 8
117 141 0 8
117 140 0 8
117 139 0 8
117 138 0 8
117 137 0 8
117 136 0 8
117 135 0 8
117 134 0 8
117 133 0 8
117 132 0 8
117 131 0 8
117 130 0 8
117 129 0 8
117 128 0 8
117 127 0 8
117 126 0 8
117 125 0 8
117 124 0 8
117 123 0 8
116 215 0 8
116 214 0 8
116 213 0 8
116 212 0 8
116 211 0 8
116 210 0 8
116 209 0 8
116 208 0 8
116 207 0 8
116 206 0 8
116 205 0 8
116 204 0 8
116 203 0 8
116 202 0 8
116 201 0 8
116 200 0 8
116 199 0 8
116 198 0 8
116 197 0 8
116 196 0 8
116 195 0 8
116 194 0 8
116 193 0 8
116 192 0 8
116 191 0 8
116 190 0 8
116 189 0 8
116 188 0 8
116 187 0 8
116 186 0 8
116 185 0 8
116 184 0 8
116 183 0 8
116 182 0 8
116 181 0 8
116 180 0 8
116 179 0 8
116 178 0 8
116 177 0 8
116 176 0 8
116 175 0 8
116 174 0 8
116 173 0 8
116 172 0 8
116 171 0 8
116 170 0 8
116 169 0 8
116 168 0 8
116 167 0 8
116 166 0 8
116 165 0 8
116 164 0 8
116 163 0 8
116 162 0 8
116 161 0 8
116 160 0 8
116 159 0 8
116 158 0 8
116 157 0 8
116 156 0 8
116 155 0 8
116 154 0 8
116 153 0 8
116 152 0 8
116 151 0 8
116 150 0 8
116 149 0 8
116 148 0 8
116 147 0 8
116 146 0 8
116 145 0 8
116 144 0 8
116 143 0 8
116 142 0 8
116 141 0 8
116 140 0 8
116 139 0 8
116 138 0 8
116 137 0 8
116 136 0 8
116 135 0 8
116 134 0 8
116 133 0 8
116 132 0 8
116 131 0 8
116 130 0 8
116 129 0 8
116 128 0 8
116 127 0 8
116 126 0 8
116 125 0 8
116 124 0 8
116 123 0 8
116 122 0 8
115 215 0 8
115 214 0 8
115 213 0 8
115 212 0 8
115 211 0 8
115 210 0 8
115 209 0 8
115 208 0 8
115 207 0 8
115 206 0 8
115 205 0 8
115 204 0 8
115 203 0 8
115 202 0 8
115 201 0 8
115 200 0 8
115 199 0 8
115 198 0 8
115 197 0 8
115 196 0 8
115 195 0 8
115 194 0 8
115 193 0 8
115 192 0 8
115 191 0 8
115 190 0 8
115 189 0 8
115 188 0 8
115 187 0 8
115 186 0 8
115 185 0 8
115 184 0 8
115 183 0 8
115 182 0 8
115 181 0 8
115 180 0 8
115 179 0 8
115 178 0 8
115 177 0 8
115 176 0 8
115 175 0 8
115 174 0 8
115 173 0 8
115 172 0 8
115 171 0 8
115 170 0 8
115 169 0 8
115 168 0 8
115 167 0 8
115 166 0 8
115 165 0 8
115 164 0 8
115 163 0 8
115 162 0 8
115 161 0 8
115 160 0 8
115 159 0 8
115 158 0 8
115 157 0 8
115 156 0 8
115 155 0 8
115 154 0 8
115 153 0 8
115 152 0 8
115 151 0 8
115 150 0 8
115 149 0 8
115 148 0 8
115 147 0 8
115 146 0 8
115 145 0 8
115 144 0 8
115 143 0 8
115 142 0 8
115 141 0 8
115 140 0 8
115 139 0 8
115 138 0 8
115 137 0 8
115 136 0 8
115 135 0 8
115 134 0 8
115 133 0 8
115 132 0 8
115 131 0 8
115 130 0 8
115 129 0 8
115 128 0 8
115 127 0 8
115 126 0 8
115 125 0 8
115 124 0 8
115 123 0 8
115 122 0 8
115 121 0 8
114 215 0 8
114 214 0 8
114 213 0 8
114 212 0 8
114 211 0 8
114 210 0 8
114 209 0 8
114 208 0 8
114 207 0 8
114 206 0 8
114 205 0 8
114 204 0 8
114 203 0 8
114 202 0 8
114 201 0 8
114 200 0 8
114 199 0 8
114 198 0 8
114 197 0 8
114 196 0 8
114 195 0 8
114 194 0 8
114 193 0 8
114 192 0 8
114 191 0 8
114 190 0 8
114 189 0 8
114 188 0 8
114 187 0 8
114 186 0 8
114 185 0 8
114 184 0 8
114 183 0 8
114 182 0 8
114 181 0 8
114 180 0 8
114 179 0 8
114 178 0 8
114 177 0 8
114 176 0 8
114 175 0 8
114 174 0 8
114 173 0 8
114 172 0 8
114 171 0 8
114 170 0 8
114 169 0 8
114 168 0 8
114 167 0 8
114 166 0 8
114 165 0 8
114 164 0 8
114 163 0 8
114 162 0 8
114 161 0 8
114 160 0 8
114 159 0 8
114 158 0 8
114 157 0 8
114 156 0 8
114 155 0 8
114 154 0 8
114 153 0 8
114 152 0 8
114 151 0 8
114 150 0 8
114 149 0 8
114 148 0 8
114 147 0 8
114 146 0 8
114 145 0 8
114 144 0 8
114 143 0 8
114 142 0 8
114 141 0 8
114 140 0 8
114 139 0 8
114 138 0 8
114 137 0 8
114 136 0 8
114 135 0 8
114 134 0 8
114 133 0 8
114 132 0 8
114 131 0 8
114 130 0 8
114 129 0 8
114 128 0 8
114 127 0 8
114 126 0 8
114 125 0 8
114 124 0 8
114 123 0 8
114 122 0 8
114 121 0 8
114 120 0 8
113 215 0 8
113 214 0 8
113 213 0 8
113 212 0 8
113 211 0 8
113 210 0 8
113 209 0 8
113 208 0 8
113 207 0 8
113 206 0 8
113 205 0 8
113 204 0 8
113 203 0 8
113 202 0 8
113 201 0 8
113 200 0 8
113 199 0 8
113 198 0 8
113 197 0 8
113 196 0 8
113 195 0 8
113 194 0 8
113 193 0 8
113 192 0 8
113 191 0 8
113 190 0 8
113 189 0 8
113 188 0 8
113 187 0 8
113 186 0 8
113 185 0 8
113 184 0 8
113 183 0 8
113 182 0 8
113 181 0 8
113 180 0 8
113 179 0 8
113 178 0 8
113 177 0 8
113 176 0 8
113 175 0 8
113 174 0 8
113 173 0 8
113 172 0 8
113 171 0 8
113 170 0 8
113 169 0 8
113 168 0 8
113 167 0 8
113 166 0 8
113 165 0 8
113 164 0 8
113 163 0 8
113 162 0 8
113 161 0 8
113 160 0 8
113 159 0 8
113 158 0 8
113 157 0 8
113 156 0 8
113 155 0 8
113 154 0 8
113 153 0 8
113 152 0 8
113 151 0 8
113 150 0 8
113 149 0 8
113 148 0 8
113 147 0 8
113 146 0 8
113 145 0 8
113 144 0 8
113 143 0 8
113 142 0 8
113 141 0 8
113 140 0 8
113 139 0 8
113 138 0 8
113 137 0 8
113 136 0 8
113 135 0 8
113 134 0 8
113 133 0 8
113 132 0 8
113 131 0 8
113 130 0 8
113 129 0 8
113 128 0 8
113 127 0 8
113 126 0 8
113 125 0 8
113 124 0 8
113 123 0 8
113 122 0 8
113 121 0 8
113 120 0 8
113 119 0 8
112 215 0 8
112 214 0 8
112 213 0 8
112 212 0 8
112 211 0 8
112 210 0 8
112 209 0 8
112 208 0 8
112 207 0 8
112 206 0 8
112 205 0 8
112 204 0 8
112 203 0 8
112 202 0 8
112 201 0 8
112 200 0 8
112 199 0 8
112 198 0 8
112 197 0 8
112 196 0 8
112 195 0 8
112 194 0 8
112 193 0 8
112 192 0 8
112 191 0 8
112 190 0 8
112 189 0 8
112 188 0 8
112 187 0 8
112 186 0 8
112 185 0 8
112 184 0 8
112 183 0 8
112 182 0 8
112 181 0 8
112 180 0 8
112 179 0 8
112 178 0 8
112 177 0 8
112 176 0 8
112 175 0 8
112 174 0 8
112 173 0 8
112 172 0 8
112 171 0 8
112 170 0 8
112 169 0 8
112 168 0 8
112 167 0 8
112 166 0 8
112 165 0 8
112 164 0 8
112 163 0 8
112 162 0 8
112 161 0 8
112 160 0 8
112 159 0 8
112 158 0 8
112 157 0 8
112 156 0 8
112 155 0 8
112 154 0 8
112 153 0 8
112 152 0 8
112 151 0 8
112 150 0 8
112 149 0 8
112 148 0 8
112 147 0 8
112 146 0 8
112 145 0 8
112 144 0 8
112 143 0 8
112 142 0 8
112 141 0 8
112 140 0 8
112 139 0 8
112 138 0 8
112 137 0 8
112 136 0 8
112 135 0 8
112 134 0 8
112 133 0 8
112 132 0 8
112 131 0 8
112 130 0 8
112 129 0 8
112 128 0 8
112 127 0 8
112 126 0 8
112 125 0 8
112 124 0 8
112 123 0 8
112 122 0 8
112 121 0 8
112 120 0 8
112 119 0 8
112 118 0 8
111 215 0 8
111 214 0 8
111 213 0 8
111 212 0 8
111 211 0 8
111 210 0 8
111 209 0 8
111 208 0 8
111 207 0 8
111 206 0 8
111 205 0 8
111 204 0 8
111 203 0 8
111 202 0 8
111 201 0 8
111 200 0 8
111 199 0 8
111 198 0 8
111 197 0 8
111 196 0 8
111 195 0 8
111 194 0 8
111 193 0 8
111 192 0 8
111 191 0 8
111 190 0 8
111 189 0 8
111 188 0 8
111 187 0 8
111 186 0 8
111 185 0 8
111 184 0 8
111 183 0 8
111 182 0 8
111 181 0 8
111 180 0 8
111 179 0 8
111 178 0 8
111 177 0 8
111 176 0 8
111 175 0 8
111 174 0 8
111 173 0 8
111 172 0 8
111 171 0 8
111 170 0 8
111 169 0 8
111 168 0 8
111 167 0 8
111 166 0 8
111 165 0 8
111 164 0 8
111 163 0 8
111 162 0 8
111 161 0 8
111 160 0 8
111 159 0 8
111 158 0 8
111 157 0 8
111 156 0 8
111 155 0 8
111 154 0 8
111 153 0 8
111 152 0 8
111 151 0 8
111 150 0 8
111 149 0 8
111 148 0 8
111 147 0 8
111 146 0 8
111 145 0 8
111 144 0 8
111 143 0 8
111 142 0 8
111 141 0 8
111 140 0 8
111 139 0 8
111 138 0 8
111 137 0 8
111 136 0 8
111 135 0 8
111 134 0 8
111 133 0 8
111 132 0 8
111 131 0 8
111 130 0 8
111 129 0 8
111 128 0 8
111 127 0 8
111 126 0 8
111 125 0 8
111 124 0 8
111 123 0 8
111 122 0 8
111 121 0 8
111 120 0 8
111 119 0 8
111 118 0 8
111 117 0 8
110 215 0 8
110 214 0 8
110 213 0 8
110 212 0 8
110 211 0 8
110 210 0 8
110 209 0 8
110 208 0 8
110 207 0 8
110 206 0 8
110 205 0 8
110 204 0 8
110 203 0 8
110 202 0 8
110 201 0 8
110 200 0 8
110 199 0 8
110 198 0 8
110 197 0 8
110 196 0 8
110 195 0 8
110 194 0 8
110 193 0 8
110 192 0 8
110 191 0 8
110 190 0 8
110 189 0 8
110 188 0 8
110 187 0 8
110 186 0 8
110 185 0 8
110 184 0 8
110 183 0 8
110 182 0 8
110 181 0 8
110 180 0 8
110 179 0 8
110 178 0 8
110 177 0 8
110 176 0 8
110 175 0 8
110 174 0 8
110 173 0 8
110 172 0 8
110 171 0 8
110 170 0 8
110 169 0 8
110 168 0 8
110 167 0 8
110 166 0 8
110 165 0 8
110 164 0 8
110 163 0 8
110 162 0 8
110 161 0 8
110 160 0 8
110 159 0 8
110 158 0 8
110 157 0 8
110 156 0 8
110 155 0 8
110 154 0 8
110 153 0 8
110 152 0 8
110 151 0 8
110 150 0 8
110 149 0 8
110 148 0 8
110 147 0 8
110 146 0 8
110 145 0 8
110 144 0 8
110 143 0 8
110 142 0 8
110 141 0 8
110 140 0 8
110 139 0 8
110 138 0 8
110 137 0 8
110 136 0 8
110 135 0 8
110 134 0 8
110 133 0 8
110 132 0 8
110 131 0 8
110 130 0 8
110 129 0 8
110 128 0 8
110 127 0 8
110 126 0 8
110 125 0 8
110 124 0 8
110 123 0 8
110 122 0 8
110 121 0 8
110 120 0 8
110 119 0 8
110 118 0 8
110 117 0 8
110 116 0 8
109 215 0 8
109 214 0 8
109 213 0 8
109 212 0 8
109 211 0 8
109 210 0 8
109 209 0 8
109 208 0 8
109 207 0 8
109 206 0 8
109 205 0 8
109 204 0 8
109 203 0 8
109 202 0 8
109 201 0 8
109 200 0 8
109 199 0 8
109 198 0 8
109 197 0 8
109 196 0 8
109 195 0 8
109 194 0 8
109 193 0 8
109 192 0 8
109 191 0 8
109 190 0 8
109 189 0 8
109 188 0 8
109 187 0 8
109 186 0 8
109 185 0 8
109 184 0 8
109 183 0 8
109 182 0 8
109 181 0 8
109 180 0 8
109 179 0 8
109 178 0 8
109 177 0 8
109 176 0 8
109 175 0 8
109 174 0 8
109 173 0 8
109 172 0 8
109 171 0 8
109 170 0 8
109 169 0 8
109 168 0 8
109 167 0 8
109 166 0 8
109 165 0 8
109 164 0 8
109 163 0 8
109 162 0 8
109 161 0 8
109 160 0 8
109 159 0 8
109 158 0 8
109 157 0 8
109 156 0 8
109 155 0 8
109 154 0 8
109 153 0 8
109 152 0 8
109 151 0 8
109 150 0 8
109 149 0 8
109 148 0 8
109 147 0 8
109 146 0 8
109 145 0 8
109 144 0 8
109 143 0 8
109 142 0 8
109 141 0 8
109 140 0 8
109 139 0 8
109 138 0 8
109 137 0 8
109 136 0 8
109 135 0 8
109 134 0 8
109 133 0 8
109 132 0 8
109 131 0 8
109 130 0 8
109 129 0 8
109 128 0 8
109 127 0 8
109 126 0 8
109 125 0 8
109 124 0 8
109 123 0 8
109 122 0 8
109 121 0 8
109 120 0 8
109 119 0 8
109 118 0 8
109 117 0 8
109 116 0 8
109 115 0 8
108 215 0 8
108 214 0 8
108 213 0 8
108 212 0 8
108 211 0 8
108 210 0 8
108 209 0 8
108 208 0 8
108 207 0 8
108 206 0 8
108 205 0 8
108 204 0 8
108 203 0 8
108 202 0 8
108 201 0 8
108 200 0 8
108 199 0 8
108 198 0 8
108 197 0 8
108 196 0 8
108 195 0 8
108 194 0 8
108 193 0 8
108 192 0 8
108 191 0 8
108 190 0 8
108 189 0 8
108 188 0 8
108 187 0 8
108 186 0 8
108 185 0 8
108 184 0 8
108 183 0 8
108 182 0 8
108 181 0 8
108 180 0 8
108 179 0 8
108 178 0 8
108 177 0 8
108 176 0 8
108 175 0 8
108 174 0 8
108 173 0 8
108 172 0 8
108 171 0 8
108 170 0 8
108 169 0 8
108 168 0 8
108 167 0 8
108 166 0 8
108 165 0 8
108 164 0 8
108 163 0 8
108 162 0 8
108 161 0 8
108 160 0 8
108 159 0 8
108 158 0 8
108 157 0 8
108 156 0 8
108 155 0 8
108 154 0 8
108 153 0 8
108 152 0 8
108 151 0 8
108 150 0 8
108 149 0 8
108 148 0 8
108 147 0 8
108 146 0 8
108 145 0 8
108 144 0 8
108 143 0 8
108 142 0 8
108 141 0 8
108 140 0 8
108 139 0 8
108 138 0 8
108 137 0 8
108 136 0 8
108 135 0 8
108 134 0 8
108 133 0 8
108 132 0 8
108 131 0 8
108 130 0 8
108 129 0 8
108 128 0 8
108 127 0 8
108 126 0 8
108 125 0 8
108 124 0 8
108 123 0 8
108 122 0 8
108 121 0 8
108 120 0 8
108 119 0 8
108 118 0 8
108 117 0 8
108 116 0 8
108 115 0 8
108 114 0 8
107 215 0 8
107 214 0 8
107 213 0 8
107 212 0 8
107 211 0 8
107 210 0 8
107 209 0 8
107 208 0 8
107 207 0 8
107 206 0 8
107 205 0 8
107 204 0 8
107 203 0 8
107 202 0 8
107 201 0 8
107 200 0 8
107 199 0 8
107 198 0 8
107 197 0 8
107 196 0 8
107 195 0 8
107 194 0 8
107 193 0 8
107 192 0 8
107 191 0 8
107 190 0 8
107 189 0 8
107 188 0 8
107 187 0 8
107 186 0 8
107 185 0 8
107 184 0 8
107 183 0 8
107 182 0 8
107 181 0 8
107 180 0 8
107 179 0 8
107 178 0 8
107 177 0 8
107 176 0 8
107 175 0 8
107 174 0 8
107 173 0 8
107 172 0 8
107 171 0 8
107 170 0 8
107 169 0 8
107 168 0 8
107 167 0 8
107 166 0 8
107 165 0 8
107 164 0 8
107 163 0 8
107 162 0 8
107 161 0 8
107 160 0 8
107 159 0 8
107 158 0 8
107 157 0 8
107 156 0 8
107 155 0 8
107 154 0 8
107 153 0 8
107 152 0 8
107 151 0 8
107 150 0 8
107 149 0 8
107 148 0 8
107 147 0 8
107 146 0 8
107 145 0 8
107 144 0 8
107 143 0 8
107 142 0 8
107 141 0 8
107 140 0 8
107 139 0 8
107 138 0 8
107 137 0 8
107 136 0 8
107 135 0 8
107 134 0 8
107 133 0 8
107 132 0 8
107 131 0 8
107 130 0 8
107 129 0 8
107 128 0 8
107 127 0 8
107 126 0 8
107 125 0 8
107 124 0 8
107 123 0 8
107 122 0 8
107 121 0 8
107 120 0 8
107 119 0 8
107 118 0 8
107 117 0 8
107 116 0 8
107 115 0 8
107 114 0 8
107 113 0 8
106 215 0 8
106 214 0 8
106 213 0 8
106 212 0 8
106 211 0 8
106 210 0 8
106 209 0 8
106 208 0 8
106 207 0 8
106 206 0 8
106 205 0 8
106 204 0 8
106 203 0 8
106 202 0 8
106 201 0 8
106 200 0 8
106 199 0 8
106 198 0 8
106 197 0 8
106 196 0 8
106 195 0 8
106 194 0 8
106 193 0 8
106 192 0 8
106 191 0 8
106 190 0 8
106 189 0 8
106 188 0 8
106 187 0 8
106 186 0 8
106 185 0 8
106 184 0 8
106 183 0 8
106 182 0 8
106 181 0 8
106 180 0 8
106 179 0 8
106 178 0 8
106 177 0 8
106 176 0 8
106 175 0 8
106 174 0 8
106 173 0 8
106 172 0 8
106 171 0 8
106 170 0 8
106 169 0 8
106 168 0 8
106 167 0 8
106 166 0 8
106 165 0 8
106 164 0 8
106 163 0 8
106 162 0 8
106 161 0 8
106 160 0 8
106 159 0 8
106 158 0 8
106 157 0 8
106 156 0 8
106 155 0 8
106 154 0 8
106 153 0 8
106 152 0 8
106 151 0 8
106 150 0 8
106 149 0 8
106 148 0 8
106 147 0 8
106 146 0 8
106 145 0 8
106 144 0 8
106 143 0 8
106 142 0 8
106 141 0 8
106 140 0 8
106 139 0 8
106 138 0 8
106 137 0 8
106 136 0 8
106 135 0 8
106 134 0 8
106 133 0 8
106 132 0 8
106 131 0 8
106 130 0 8
106 129 0 8
106 128 0 8
106 127 0 8
106 126 0 8
106 125 0 8
106 124 0 8
106 123 0 8
106 122 0 8
106 121 0 8
106 120 0 8
106 119 0 8
106 118 0 8
106 117 0 8
106 116 0 8
106 115 0 8
106 114 0 8
106 113 0 8
106 112 0 8
105 215 0 8
105 214 0 8
105 213 0 8
105 212 0 8
105 211 0 8
105 210 0 8
105 209 0 8
105 208 0 8
105 207 0 8
105 206 0 8
105 205 0 8
105 204 0 8
105 203 0 8
105 202 0 8
105 201 0 8
105 200 0 8
105 199 0 8
105 198 0 8
105 197 0 8
105 196 0 8
105 195 0 8
105 194 0 8
105 193 0 8
105 192 0 8
105 191 0 8
105 190 0 8
105 189 0 8
105 188 0 8
105 187 0 8
105 186 0 8
105 185 0 8
105 184 0 8
105 183 0 8
105 182 0 8
105 181 0 8
105 180 0 8
105 179 0 8
105 178 0 8
105 177 0 8
105 176 0 8
105 175 0 8
105 174 0 8
105 173 0 8
105 172 0 8
105 171 0 8
105 170 0 8
105 169 0 8
105 168 0 8
105 167 0 8
105 166 0 8
105 165 0 8
105 164 0 8
105 163 0 8
105 162 0 8
105 161 0 8
105 160 0 8
105 159 0 8
105 158 0 8
105 157 0 8
105 156 0 8
105 155 0 8
105 154 0 8
105 153 0 8
105 152 0 8
105 151 0 8
105 150 0 8
105 149 0 8
105 148 0 8
105 147 0 8
105 146 0 8
105 145 0 8
105 144 0 8
105 143 0 8
105 142 0 8
105 141 0 8
105 140 0 8
105 139 0 8
105 138 0 8
105 137 0 8
105 136 0 8
105 135 0 8
105 134 0 8
105 133 0 8
105 132 0 8
105 131 0 8
105 130 0 8
105 129 0 8
105 128 0 8
105 127 0 8
105 126 0 8
105 125 0 8
105 124 0 8
105 123 0 8
105 122 0 8
105 121 0 8
105 120 0 8
105 119 0 8
105 118 0 8
105 117 0 8
105 116 0 8
105 115 0 8
105 114 0 8
105 113 0 8
105 112 0 8
105 111 0 8
104 215 0 8
104 214 0 8
104 213 0 8
104 212 0 8
104 211 0 8
104 210 0 8
104 209 0 8
104 208 0 8
104 207 0 8
104 206 0 8
104 205 0 8
104 204 0 8
104 203 0 8
104 202 0 8
104 201 0 8
104 200 0 8
104 199 0 8
104 198 0 8
104 197 0 8
104 196 0 8
104 195 0 8
104 194 0 8
104 193 0 8
104 192 0 8
104 191 0 8
104 190 0 8
104 189 0 8
104 188 0 8
104 187 0 8
104 186 0 8
104 185 0 8
104 184 0 8
104 183 0 8
104 182 0 8
104 181 0 8
104 180 0 8
104 179 0 8
104 178 0 8
104 177 0 8
104 176 0 8
104 175 0 8
104 174 0 8
104 173 0 8
104 172 0 8
104 171 0 8
104 170 0 8
104 169 0 8
104 168 0 8
104 167 0 8
104 166 0 8
104 165 0 8
104 164 0 8
104 163 0 8
104 162 0 8
104 161 0 8
104 160 0 8
104 159 0 8
104 158 0 8
104 157 0 8
104 156 0 8
104 155 0 8
104 154 0 8
104 153 0 8
104 152 0 8
104 151 0 8
104 150 0 8
104 149 0 8
104 148 0 8
104 147 0 8
104 146 0 8
104 145 0 8
104 144 0 8
104 143 0 8
104 142 0 8
104 141 0 8
104 140 0 8
104 139 0 8
104 138 0 8
104 137 0 8
104 136 0 8
104 135 0 8
104 134 0 8
104 133 0 8
104 132 0 8
104 131 0 8
104 130 0 8
104 129 0 8
104 128 0 8
104 127 0 8
104 126 0 8
104 125 0 8
104 124 0 8
104 123 0 8
104 122 0 8
104 121 0 8
104 120 0 8
104 119 0 8
104 118 0 8
104 117 0 8
104 116 0 8
104 115 0 8
104 114 0 8
104 113 0 8
104 112 0 8
104 111 0 8
104 110 0 8
103 215 0 8
103 214 0 8
103 213 0 8
103 212 0 8
103 211 0 8
103 210 0 8
103 209 0 8
103 208 0 8
103 207 0 8
103 206 0 8
103 205 0 8
103 204 0 8
103 203 0 8
103 202 0 8
103 201 0 8
103 200 0 8
103 199 0 8
103 198 0 8
103 197 0 8
103 196 0 8
103 195 0 8
103 194 0 8
103 193 0 8
103 192 0 8
103 191 0 8
103 190 0 8
103 189 0 8
103 188 0 8
103 187 0 8
103 186 0 8
103 185 0 8
103 184 0 8
103 183 0 8
103 182 0 8
103 181 0 8
103 180 0 8
103 179 0 8
103 178 0 8
103 177 0 8
103 176 0 8
103 175 0 8
103 174 0 8
103 173 0 8
103 172 0 8
103 171 0 8
103 170 0 8
103 169 0 8
103 168 0 8
103 167 0 8
103 166 0 8
103 165 0 8
103 164 0 8
103 163 0 8
103 162 0 8
103 161 0 8
103 160 0 8
103 159 0 8
103 158 0 8
103 157 0 8
103 156 0 8
103 155 0 8
103 154 0 8
103 153 0 8
103 152 0 8
103 151 0 8
103 150 0 8
103 149 0 8
103 148 0 8
103 147 0 8
103 146 0 8
103 145 0 8
103 144 0 8
103 143 0 8
103 142 0 8
103 141 0 8
103 140 0 8
103 139 0 8
103 138 0 8
103 137 0 8
103 136 0 8
103 135 0 8
103 134 0 8
103 133 0 8
103 132 0 8
103 131 0 8
103 130 0 8
103 129 0 8
103 128 0 8
103 127 0 8
103 126 0 8
103 125 0 8
103 124 0 8
103 123 0 8
103 122 0 8
103 121 0 8
103 120 0 8
103 119 0 8
103 118 0 8
103 117 0 8
103 116 0 8
103 115 0 8
103 114 0 8
103 113 0 8
103 112 0 8
103 111 0 8
103 110 0 8
103 109 0 8
102 215 0 8
102 214 0 8
102 213 0 8
102 212 0 8
102 211 0 8
102 210 0 8
102 209 0 8
102 208 0 8
102 207 0 8
102 206 0 8
102 205 0 8
102 204 0 8
102 203 0 8
102 202 0 8
102 201 0 8
102 200 0 8
102 199 0 8
102 198 0 8
102 197 0 8
102 196 0 8
102 195 0 8
102 194 0 8
102 193 0 8
102 192 0 8
102 191 0 8
102 190 0 8
102 189 0 8
102 188 0 8
102 187 0 8
102 186 0 8
102 185 0 8
102 184 0 8
102 183 0 8
102 182 0 8
102 181 0 8
102 180 0 8
102 179 0 8
102 178 0 8
102 177 0 8
102 176 0 8
102 175 0 8
102 174 0 8
102 173 0 8
102 172 0 8
102 171 0 8
102 170 0 8
102 169 0 8
102 168 0 8
102 167 0 8
102 166 0 8
102 165 0 8
102 164 0 8
102 163 0 8
102 162 0 8
102 161 0 8
102 160 0 8
102 159 0 8
102 158 0 8
102 157 0 8
102 156 0 8
102 155 0 8
102 154 0 8
102 153 0 8
102 152 0 8
102 151 0 8
102 150 0 8
102 149 0 8
102 148 0 8
102 147 0 8
102 146 0 8
102 145 0 8
102 144 0 8
102 143 0 8
102 142 0 8
102 141 0 8
102 140 0 8
102 139 0 8
102 138 0 8
102 137 0 8
102 136 0 8
102 135 0 8
102 134 0 8
102 133 0 8
102 132 0 8
102 131 0 8
102 130 0 8
102 129 0 8
102 128 0 8
102 127 0 8
102 126 0 8
102 125 0 8
102 124 0 8
102 123 0 8
102 122 0 8
102 121 0 8
102 120 0 8
102 119 0 8
102 118 0 8
102 117 0 8
102 116 0 8
102 115 0 8
102 114 0 8
102 113 0 8
102 112 0 8
102 111 0 8
102 110 0 8
102 109 0 8
102 108 0 8
101 215 0 8
101 214 0 8
101 213 0 8
101 212 0 8
101 211 0 8
101 210 0 8
101 209 0 8
101 208 0 8
101 207 0 8
101 206 0 8
101 205 0 8
101 204 0 8
101 203 0 8
101 202 0 8
101 201 0 8
101 200 0 8
101 199 0 8
101 198 0 8
101 197 0 8
101 196 0 8
101 195 0 8
101 194 0 8
101 193 0 8
101 192 0 8
101 191 0 8
101 190 0 8
101 189 0 8
101 188 0 8
101 187 0 8
101 186 0 8
101 185 0 8
101 184 0 8
101 183 0 8
101 182 0 8
101 181 0 8
101 180 0 8
101 179 0 8
101 178 0 8
101 177 0 8
101 176 0 8
101 175 0 8
101 174 0 8
101 173 0 8
101 172 0 8
101 171 0 8
101 170 0 8
101 169 0 8
101 168 0 8
101 167 0 8
101 166 0 8
101 165 0 8
101 164 0 8
101 163 0 8
101 162 0 8
101 161 0 8
101 160 0 8
101 159 0 8
101 158 0 8
101 157 0 8
101 156 0 8
101 155 0 8
101 154 0 8
101 153 0 8
101 152 0 8
101 151 0 8
101 150 0 8
101 149 0 8
101 148 0 8
101 147 0 8
101 146 0 8
101 145 0 8
101 144 0 8
101 143 0 8
101 142 0 8
101 141 0 8
101 140 0 8
101 139 0 8
101 138 0 8
101 137 0 8
101 136 0 8
101 135 0 8
101 134 0 8
101 133 0 8
101 132 0 8
101 131 0 8
101 130 0 8
101 129 0 8
101 128 0 8
101 127 0 8
101 126 0 8
101 125 0 8
101 124 0 8
101 123 0 8
101 122 0 8
101 121 0 8
101 120 0 8
101 119 0 8
101 118 0 8
101 117 0 8
101 116 0 8
101 115 0 8
101 114 0 8
101 113 0 8
101 112 0 8
101 111 0 8
101 110 0 8
101 109 0 8
101 108 0 8
101 107 0 8
100 215 0 8
100 214 0 8
100 213 0 8
100 212 0 8
100 211 0 8
100 210 0 8
100 209 0 8
100 208 0 8
100 207 0 8
100 206 0 8
100 205 0 8
100 204 0 8
100 203 0 8
100 202 0 8
100 201 0 8
100 200 0 8
100 199 0 8
100 198 0 8
100 197 0 8
100 196 0 8
100 195 0 8
100 194 0 8
100 193 0 8
100 192 0 8
100 191 0 8
100 190 0 8
100 189 0 8
100 188 0 8
100 187 0 8
100 186 0 8
100 185 0 8
100 184 0 8
100 183 0 8
100 182 0 8
100 181 0 8
100 180 0 8
100 179 0 8
100 178 0 8
100 177 0 8
100 176 0 8
100 175 0 8
100 174 0 8
100 173 0 8
100 172 0 8
100 171 0 8
100 170 0 8
100 169 0 8
100 168 0 8
100 167 0 8
100 166 0 8
100 165 0 8
100 164 0 8
100 163 0 8
100 162 0 8
100 161 0 8
100 160 0 8
100 159 0 8
100 158 0 8
100 157 0 8
100 156 0 8
100 155 0 8
100 154 0 8
100 153 0 8
100 152 0 8
100 151 0 8
100 150 0 8
100 149 0 8
100 148 0 8
100 147 0 8
100 146 0 8
100 145 0 8
100 144 0 8
100 143 0 8
100 142 0 8
100 141 0 8
100 140 0 8
100 139 0 8
100 138 0 8
100 137 0 8
100 136 0 8
100 135 0 8
100 134 0 8
100 133 0 8
100 132 0 8
100 131 0 8
100 130 0 8
100 129 0 8
100 128 0 8
100 127 0 8
100 126 0 8
100 125 0 8
100 124 0 8
100 123 0 8
100 122 0 8
100 121 0 8
100 120 0 8
100 119 0 8
100 118 0 8
100 117 0 8
100 116 0 8
100 115 0 8
100 114 0 8
100 113 0 8
100 112 0 8
100 111 0 8
100 110 0 8
100 109 0 8
100 108 0 8
100 107 0 8
100 106 0 8
