29 31 2.258482e+00
7 27 2.232643e+00
37 54 2.047206e+00
54 64 1.657320e+00
42 48 1.562513e+00
32 40 1.517929e+00
23 65 1.465067e+00
41 66 1.407950e+00
48 72 1.208421e+00
21 23 1.184376e+00
36 39 1.178040e+00
42 49 1.164640e+00
69 71 1.132138e+00
23 67 1.120182e+00
33 36 1.114247e+00
75 79 1.107247e+00
81 84 1.105375e+00
83 84 1.094865e+00
79 83 1.065569e+00
57 61 1.059283e+00
30 56 1.054130e+00
57 58 1.053965e+00
57 63 1.023928e+00
64 66 1.017233e+00
6 29 1.015653e+00
27 61 1.010187e+00
14 25 1.006280e+00
81 82 1.005200e+00
33 35 9.938561e-01
40 41 9.530612e-01
38 42 9.517938e-01
51 53 9.500918e-01
11 12 9.482807e-01
28 37 9.460546e-01
55 65 9.454592e-01
74 82 9.445552e-01
49 69 9.419900e-01
75 84 9.305470e-01
78 80 9.285830e-01
59 60 9.266645e-01
79 84 8.846185e-01
39 43 8.824159e-01
9 27 8.751386e-01
55 63 8.685431e-01
74 78 8.663346e-01
8 12 8.573940e-01
76 77 8.564005e-01
49 52 8.449896e-01
79 80 8.393099e-01
4 5 8.190278e-01
79 81 8.160629e-01
24 26 8.124642e-01
9 14 8.088670e-01
29 30 7.808431e-01
11 13 7.793363e-01
80 82 7.782382e-01
48 69 7.759550e-01
50 69 7.661285e-01
23 53 7.658014e-01
78 82 7.638364e-01
69 72 7.611693e-01
63 64 7.609646e-01
22 71 7.463866e-01
2 3 7.461811e-01
75 80 7.400723e-01
47 68 7.376184e-01
54 62 7.280856e-01
75 83 7.241614e-01
35 39 7.223648e-01
54 56 7.216401e-01
9 25 7.196162e-01
75 81 7.174758e-01
24 65 7.150215e-01
74 76 6.878113e-01
34 37 6.741744e-01
50 67 6.694303e-01
12 14 6.667241e-01
80 84 6.604973e-01
73 75 6.508141e-01
78 81 6.476881e-01
15 16 6.427629e-01
46 49 6.410284e-01
55 56 6.377683e-01
80 83 6.358861e-01
12 13 6.314316e-01
79 82 6.304878e-01
26 41 6.151521e-01
37 64 6.145985e-01
4 40 6.084118e-01
37 52 6.044468e-01
4 32 6.040637e-01
5 44 6.028880e-01
2 6 6.021776e-01
16 19 6.021320e-01
16 17 6.004448e-01
26 34 5.970008e-01
25 65 5.963806e-01
5 6 5.963523e-01
53 67 5.889901e-01
63 66 5.881953e-01
40 44 5.821765e-01
71 72 5.793833e-01
78 79 5.761381e-01
52 64 5.759070e-01
27 63 5.698474e-01
73 79 5.696095e-01
59 61 5.695320e-01
74 81 5.660854e-01
62 68 5.654715e-01
80 81 5.623306e-01
76 80 5.557867e-01
6 7 5.554179e-01
6 8 5.527531e-01
28 64 5.512222e-01
11 14 5.497165e-01
81 83 5.419267e-01
41 47 5.409832e-01
41 63 5.388651e-01
62 64 5.376401e-01
70 71 5.360005e-01
8 26 5.352827e-01
72 73 5.344771e-01
75 78 5.294096e-01
60 61 5.243639e-01
13 17 5.216864e-01
77 84 5.214709e-01
3 9 5.205717e-01
9 11 5.185051e-01
10 15 5.115067e-01
41 49 5.109116e-01
52 53 5.088539e-01
77 79 5.080896e-01
77 78 5.077050e-01
34 54 5.073155e-01
42 47 5.051091e-01
32 64 5.041429e-01
77 81 5.013290e-01
10 75 5.010126e-01
36 37 5.007937e-01
62 63 4.995356e-01
22 72 4.982821e-01
35 38 4.905017e-01
56 58 4.848141e-01
9 61 4.826576e-01
5 32 4.791855e-01
40 64 4.790530e-01
7 9 4.784139e-01
58 59 4.751303e-01
50 51 4.732208e-01
75 76 4.706845e-01
10 13 4.671465e-01
78 84 4.664460e-01
77 80 4.644036e-01
57 59 4.640140e-01
2 44 4.576848e-01
76 82 4.566694e-01
54 55 4.557836e-01
48 49 4.522860e-01
19 20 4.501015e-01
68 71 4.488464e-01
76 78 4.484613e-01
15 18 4.448742e-01
82 84 4.387122e-01
55 57 4.379659e-01
66 68 4.323085e-01
58 60 4.296671e-01
30 31 4.250501e-01
8 11 4.151637e-01
60 74 4.127194e-01
65 67 4.114717e-01
74 77 4.093268e-01
82 83 4.047931e-01
46 69 4.045039e-01
71 73 4.024828e-01
74 80 4.010946e-01
56 62 4.007031e-01
17 23 3.993020e-01
52 54 3.967152e-01
26 28 3.963679e-01
11 15 3.918985e-01
64 68 3.874115e-01
13 77 3.854046e-01
76 84 3.851247e-01
7 10 3.838730e-01
62 66 3.802349e-01
54 60 3.767746e-01
76 83 3.760818e-01
35 48 3.723985e-01
77 82 3.713708e-01
33 39 3.678768e-01
24 41 3.672302e-01
27 29 3.654172e-01
67 69 3.609121e-01
68 73 3.603739e-01
34 62 3.594944e-01
27 30 3.586715e-01
3 4 3.529396e-01
42 45 3.519473e-01
73 84 3.517036e-01
24 74 3.503585e-01
18 24 3.471205e-01
3 29 3.456978e-01
23 51 3.455226e-01
28 32 3.444749e-01
44 55 3.440197e-01
68 70 3.420491e-01
16 18 3.391101e-01
6 27 3.371530e-01
26 62 3.354505e-01
13 16 3.353525e-01
48 50 3.349221e-01
35 36 3.333084e-01
16 20 3.317903e-01
38 52 3.314200e-01
29 32 3.293933e-01
26 66 3.282407e-01
9 16 3.281818e-01
15 17 3.268745e-01
41 45 3.266380e-01
32 37 3.260779e-01
22 23 3.255204e-01
52 62 3.253927e-01
37 40 3.230725e-01
2 7 3.230396e-01
25 63 3.218658e-01
54 70 3.206377e-01
75 77 3.204862e-01
58 61 3.193669e-01
45 47 3.178512e-01
73 78 3.177295e-01
7 8 3.177215e-01
21 43 3.168579e-01
8 10 3.156425e-01
13 62 3.132979e-01
18 31 3.128490e-01
45 49 3.128185e-01
3 5 3.127983e-01
1 3 3.127612e-01
22 28 3.121971e-01
14 17 3.101699e-01
12 22 3.094720e-01
46 50 3.088757e-01
4 6 3.075939e-01
13 65 3.075044e-01
32 63 3.070948e-01
17 21 3.066430e-01
12 32 3.057656e-01
18 22 3.046683e-01
13 76 3.039271e-01
28 76 3.025098e-01
78 83 3.018656e-01
59 74 3.017940e-01
2 38 3.017386e-01
3 6 3.010320e-01
28 47 3.010241e-01
17 20 3.004607e-01
49 74 2.996630e-01
26 74 2.991832e-01
51 67 2.984505e-01
35 46 2.982519e-01
52 66 2.967226e-01
40 63 2.962587e-01
37 62 2.930809e-01
73 81 2.901937e-01
31 43 2.898778e-01
56 57 2.891394e-01
40 43 2.888410e-01
62 82 2.887693e-01
10 14 2.877880e-01
63 65 2.874559e-01
47 71 2.873856e-01
4 41 2.867418e-01
47 49 2.866306e-01
5 53 2.857578e-01
18 73 2.836974e-01
20 21 2.835667e-01
31 38 2.827115e-01
51 52 2.804110e-01
22 50 2.784659e-01
12 71 2.777829e-01
51 56 2.767800e-01
46 59 2.763464e-01
35 40 2.757732e-01
50 72 2.757406e-01
49 67 2.752198e-01
60 63 2.740915e-01
44 46 2.740789e-01
5 12 2.718493e-01
46 61 2.694590e-01
76 81 2.685388e-01
8 28 2.683036e-01
29 40 2.678674e-01
17 42 2.676544e-01
20 83 2.676523e-01
47 69 2.676101e-01
2 40 2.673228e-01
4 8 2.659261e-01
2 4 2.643480e-01
51 70 2.642376e-01
11 62 2.636196e-01
30 60 2.635174e-01
4 36 2.634021e-01
49 66 2.628007e-01
3 44 2.608778e-01
23 28 2.600374e-01
10 84 2.595109e-01
50 54 2.587400e-01
14 45 2.579105e-01
4 37 2.567656e-01
68 72 2.567321e-01
3 45 2.560823e-01
65 80 2.555660e-01
22 53 2.525375e-01
1 19 2.523109e-01
50 70 2.521192e-01
4 12 2.507359e-01
44 56 2.498880e-01
49 70 2.484612e-01
74 83 2.481508e-01
19 22 2.480411e-01
33 34 2.476525e-01
26 32 2.474423e-01
46 72 2.465844e-01
19 74 2.463427e-01
25 80 2.461932e-01
17 73 2.427967e-01
30 35 2.424599e-01
47 66 2.402694e-01
71 74 2.384835e-01
3 17 2.372031e-01
57 60 2.370560e-01
22 25 2.367952e-01
73 77 2.367129e-01
15 25 2.365986e-01
33 37 2.365754e-01
46 47 2.362736e-01
36 40 2.362707e-01
16 56 2.356030e-01
19 38 2.353988e-01
49 50 2.349970e-01
50 52 2.349133e-01
28 34 2.344642e-01
3 7 2.343268e-01
10 18 2.337423e-01
45 52 2.328086e-01
15 19 2.303756e-01
64 71 2.300928e-01
53 61 2.299537e-01
22 24 2.292141e-01
43 44 2.285248e-01
56 60 2.278367e-01
16 23 2.278301e-01
46 70 2.275979e-01
43 46 2.275682e-01
10 16 2.274264e-01
1 2 2.267551e-01
19 82 2.263316e-01
77 83 2.257410e-01
2 18 2.256175e-01
12 78 2.240663e-01
10 17 2.237904e-01
2 43 2.236592e-01
34 69 2.229971e-01
3 35 2.222252e-01
53 55 2.220671e-01
2 17 2.217435e-01
61 62 2.213706e-01
12 45 2.199373e-01
24 78 2.198089e-01
26 37 2.197202e-01
6 33 2.195892e-01
69 70 2.192364e-01
28 62 2.190334e-01
4 29 2.183039e-01
12 63 2.180055e-01
21 51 2.168182e-01
24 77 2.165438e-01
9 60 2.165245e-01
71 81 2.163803e-01
2 58 2.153516e-01
33 65 2.138344e-01
5 41 2.138069e-01
76 79 2.136288e-01
34 63 2.131204e-01
70 73 2.125180e-01
6 31 2.113877e-01
47 72 2.106173e-01
1 20 2.091044e-01
41 42 2.082627e-01
26 47 2.082167e-01
2 9 2.080467e-01
24 82 2.078813e-01
8 47 2.077974e-01
58 70 2.065780e-01
23 43 2.065020e-01
75 82 2.060133e-01
6 12 2.051134e-01
18 19 2.044525e-01
73 80 2.037583e-01
10 79 2.036429e-01
33 73 2.026990e-01
17 65 2.026520e-01
9 15 2.025462e-01
9 67 2.020530e-01
14 50 2.017165e-01
34 47 2.015399e-01
23 55 2.013193e-01
16 21 2.011880e-01
29 50 2.005877e-01
61 63 2.005532e-01
20 73 1.995981e-01
27 55 1.976953e-01
28 40 1.971453e-01
20 79 1.970415e-01
46 77 1.970257e-01
2 56 1.969369e-01
14 16 1.961395e-01
21 67 1.956124e-01
43 59 1.944890e-01
13 14 1.931895e-01
74 84 1.919008e-01
17 18 1.914610e-01
32 71 1.909921e-01
38 40 1.901593e-01
2 27 1.896120e-01
31 56 1.896059e-01
25 27 1.892228e-01
44 54 1.889690e-01
63 68 1.888159e-01
29 53 1.886341e-01
19 36 1.885414e-01
28 49 1.874157e-01
13 15 1.864074e-01
68 69 1.862490e-01
20 33 1.859138e-01
9 45 1.857151e-01
8 40 1.842348e-01
20 84 1.841586e-01
19 53 1.841005e-01
13 81 1.836919e-01
32 55 1.835772e-01
28 52 1.828606e-01
45 66 1.821532e-01
61 70 1.820899e-01
24 47 1.819841e-01
18 25 1.818169e-01
34 52 1.815912e-01
18 33 1.814201e-01
44 48 1.807533e-01
14 19 1.801893e-01
60 82 1.791502e-01
46 48 1.790523e-01
3 10 1.788746e-01
6 43 1.781816e-01
67 68 1.780161e-01
70 72 1.772199e-01
67 82 1.769248e-01
41 60 1.768218e-01
47 48 1.761482e-01
39 60 1.759376e-01
11 52 1.750712e-01
20 75 1.747275e-01
8 81 1.740264e-01
51 60 1.735317e-01
3 40 1.731093e-01
1 43 1.729540e-01
15 44 1.729013e-01
8 64 1.725689e-01
29 36 1.721108e-01
16 30 1.707868e-01
71 77 1.706788e-01
14 31 1.696998e-01
19 55 1.687732e-01
2 24 1.686524e-01
61 67 1.683950e-01
21 22 1.682613e-01
13 83 1.679527e-01
16 22 1.670348e-01
9 18 1.663959e-01
72 75 1.658294e-01
44 76 1.653768e-01
17 53 1.649541e-01
23 84 1.641454e-01
17 25 1.640581e-01
39 48 1.639531e-01
39 40 1.636480e-01
27 66 1.631131e-01
38 49 1.629372e-01
16 84 1.622958e-01
7 12 1.621264e-01
55 58 1.619381e-01
13 82 1.613061e-01
21 44 1.611376e-01
15 46 1.610922e-01
39 51 1.609674e-01
39 72 1.609396e-01
60 67 1.599855e-01
8 78 1.596586e-01
27 31 1.588136e-01
27 57 1.584353e-01
7 18 1.584187e-01
41 44 1.576352e-01
34 41 1.567542e-01
48 58 1.567216e-01
31 62 1.567125e-01
7 38 1.565850e-01
35 55 1.561672e-01
69 73 1.560922e-01
36 41 1.558607e-01
11 45 1.554939e-01
5 8 1.554656e-01
30 61 1.554488e-01
20 29 1.550589e-01
17 79 1.549980e-01
45 64 1.548182e-01
18 35 1.543556e-01
5 28 1.534814e-01
43 51 1.534442e-01
1 76 1.532051e-01
31 51 1.530498e-01
32 52 1.525005e-01
7 26 1.522318e-01
44 70 1.522058e-01
39 42 1.521266e-01
47 58 1.516958e-01
26 45 1.509586e-01
31 35 1.507193e-01
13 79 1.503868e-01
18 59 1.503584e-01
50 53 1.502519e-01
1 8 1.493823e-01
56 72 1.477289e-01
42 43 1.477167e-01
67 73 1.476029e-01
4 64 1.471697e-01
5 71 1.469382e-01
16 83 1.469195e-01
1 39 1.469146e-01
36 50 1.468086e-01
15 81 1.462337e-01
8 32 1.459273e-01
66 76 1.456578e-01
3 31 1.448269e-01
3 48 1.446350e-01
35 42 1.442171e-01
11 42 1.442093e-01
34 38 1.437051e-01
12 36 1.431721e-01
30 38 1.424086e-01
2 16 1.423767e-01
1 29 1.423509e-01
14 15 1.422631e-01
55 59 1.418613e-01
74 75 1.417417e-01
26 82 1.416827e-01
6 10 1.412675e-01
60 64 1.412376e-01
72 84 1.411764e-01
19 31 1.408623e-01
13 75 1.407862e-01
5 13 1.403967e-01
20 81 1.403911e-01
43 61 1.401674e-01
5 66 1.395023e-01
46 71 1.391365e-01
31 32 1.387730e-01
66 74 1.386767e-01
11 54 1.378544e-01
22 26 1.372608e-01
30 43 1.368750e-01
15 26 1.364591e-01
9 59 1.360295e-01
29 38 1.358639e-01
33 71 1.357428e-01
28 29 1.351388e-01
25 59 1.350438e-01
65 83 1.349557e-01
41 59 1.343324e-01
1 30 1.341082e-01
25 58 1.330054e-01
53 65 1.322696e-01
35 60 1.320444e-01
39 44 1.319849e-01
3 11 1.317408e-01
43 55 1.312555e-01
3 65 1.308734e-01
60 62 1.304547e-01
19 51 1.300254e-01
20 39 1.294868e-01
36 44 1.289079e-01
22 51 1.283181e-01
6 60 1.282854e-01
6 51 1.282747e-01
18 23 1.281802e-01
15 52 1.278678e-01
19 33 1.273724e-01
44 58 1.269113e-01
12 76 1.269045e-01
11 80 1.268575e-01
52 57 1.267931e-01
48 68 1.266913e-01
71 79 1.263044e-01
38 56 1.261372e-01
10 20 1.255878e-01
28 53 1.255412e-01
5 40 1.252993e-01
12 33 1.250737e-01
36 43 1.244041e-01
15 22 1.243272e-01
15 61 1.240781e-01
41 52 1.234043e-01
29 54 1.232829e-01
5 64 1.229511e-01
13 28 1.228253e-01
24 56 1.227641e-01
18 21 1.225329e-01
7 61 1.220055e-01
8 31 1.217920e-01
64 82 1.217442e-01
34 56 1.212603e-01
43 53 1.209238e-01
67 70 1.199621e-01
12 28 1.197544e-01
14 30 1.196871e-01
12 84 1.191331e-01
5 24 1.190454e-01
18 81 1.190083e-01
68 76 1.188381e-01
33 43 1.184550e-01
30 42 1.184264e-01
28 82 1.182599e-01
14 67 1.181725e-01
13 45 1.177324e-01
6 11 1.175876e-01
21 55 1.174280e-01
22 38 1.173463e-01
3 61 1.170045e-01
20 46 1.168522e-01
25 35 1.168247e-01
31 36 1.168232e-01
33 41 1.165867e-01
65 78 1.161310e-01
16 39 1.159107e-01
2 31 1.157363e-01
48 53 1.153562e-01
2 29 1.149232e-01
12 19 1.148874e-01
72 76 1.145284e-01
13 30 1.144859e-01
24 73 1.144676e-01
34 45 1.142153e-01
11 63 1.141367e-01
73 74 1.141292e-01
2 59 1.140832e-01
71 75 1.137813e-01
42 70 1.136589e-01
22 55 1.136202e-01
34 36 1.134195e-01
24 34 1.133836e-01
4 18 1.133601e-01
11 34 1.127555e-01
53 66 1.127493e-01
5 7 1.126229e-01
59 81 1.124314e-01
42 67 1.123344e-01
61 65 1.121327e-01
34 49 1.120893e-01
1 22 1.120650e-01
59 70 1.117690e-01
10 52 1.115703e-01
24 25 1.113848e-01
38 44 1.113606e-01
32 33 1.113307e-01
55 83 1.105328e-01
37 38 1.099130e-01
11 17 1.097211e-01
1 42 1.089173e-01
35 44 1.088351e-01
23 56 1.087029e-01
30 36 1.085402e-01
62 67 1.082853e-01
31 58 1.082008e-01
46 57 1.077116e-01
21 56 1.075772e-01
29 51 1.075751e-01
4 52 1.075243e-01
9 68 1.072809e-01
10 11 1.067809e-01
4 31 1.067559e-01
7 43 1.067527e-01
17 50 1.057523e-01
10 50 1.056490e-01
21 49 1.056323e-01
1 51 1.056177e-01
9 29 1.051392e-01
66 67 1.051206e-01
34 82 1.049447e-01
15 20 1.043712e-01
20 80 1.042377e-01
17 81 1.037828e-01
17 27 1.037777e-01
14 59 1.036313e-01
12 77 1.032328e-01
36 46 1.031853e-01
51 68 1.026094e-01
26 52 1.022412e-01
30 48 1.021229e-01
3 36 1.020401e-01
68 75 1.018794e-01
25 84 1.016739e-01
21 73 1.014860e-01
15 74 1.014199e-01
51 72 1.013218e-01
21 46 1.011522e-01
1 35 1.007954e-01
33 54 1.007430e-01
19 83 1.005221e-01
57 82 1.005146e-01
29 43 1.004244e-01
4 51 1.000200e-01
17 19 9.987073e-02
1 18 9.964805e-02
1 59 9.962870e-02
38 39 9.944940e-02
8 15 9.935267e-02
12 52 9.933920e-02
7 13 9.910570e-02
22 33 9.895090e-02
36 70 9.868957e-02
2 25 9.813040e-02
25 79 9.804857e-02
3 69 9.803720e-02
1 31 9.777816e-02
32 57 9.719314e-02
6 14 9.714195e-02
58 68 9.696552e-02
1 21 9.687597e-02
19 24 9.666863e-02
23 27 9.660663e-02
23 60 9.655451e-02
47 83 9.582253e-02
18 44 9.472938e-02
47 81 9.428837e-02
22 48 9.367062e-02
19 43 9.354501e-02
43 60 9.350161e-02
43 72 9.338586e-02
72 79 9.323767e-02
36 51 9.277699e-02
40 80 9.274576e-02
52 60 9.250784e-02
38 58 9.232107e-02
44 60 9.194385e-02
11 76 9.173960e-02
32 49 9.107645e-02
59 76 9.101748e-02
3 18 9.096673e-02
3 22 9.078956e-02
25 43 9.059347e-02
31 70 9.017088e-02
72 74 8.971525e-02
46 82 8.944097e-02
29 58 8.931988e-02
25 45 8.926889e-02
2 73 8.917143e-02
1 56 8.910892e-02
3 56 8.879228e-02
26 81 8.852483e-02
45 54 8.847150e-02
13 69 8.845341e-02
10 41 8.843012e-02
22 60 8.819593e-02
15 24 8.814295e-02
5 15 8.808253e-02
7 80 8.763389e-02
45 63 8.743638e-02
21 59 8.724994e-02
13 42 8.720233e-02
22 69 8.718615e-02
46 58 8.707298e-02
24 48 8.705883e-02
15 75 8.693812e-02
5 52 8.683683e-02
21 53 8.681294e-02
40 42 8.651985e-02
49 61 8.620509e-02
11 27 8.613899e-02
18 26 8.612392e-02
33 40 8.604798e-02
55 69 8.582202e-02
18 58 8.580800e-02
22 39 8.572425e-02
27 44 8.510556e-02
17 43 8.496402e-02
12 24 8.488216e-02
57 64 8.472997e-02
17 33 8.472092e-02
54 57 8.467990e-02
13 80 8.461352e-02
20 59 8.435723e-02
62 78 8.430921e-02
30 44 8.425203e-02
44 61 8.413505e-02
3 30 8.403615e-02
3 19 8.400245e-02
41 71 8.372281e-02
45 82 8.343627e-02
15 72 8.328548e-02
22 74 8.323937e-02
12 37 8.315583e-02
29 70 8.268617e-02
50 71 8.221427e-02
4 44 8.221274e-02
4 55 8.217649e-02
10 42 8.201329e-02
58 78 8.174503e-02
71 82 8.157216e-02
8 45 8.138900e-02
35 70 8.128138e-02
3 70 8.086862e-02
1 58 8.083757e-02
48 70 8.069479e-02
16 43 8.065757e-02
29 39 7.966464e-02
4 7 7.930365e-02
21 31 7.918239e-02
30 50 7.888995e-02
34 68 7.883706e-02
31 44 7.880236e-02
6 9 7.860158e-02
35 37 7.822267e-02
36 65 7.811956e-02
58 76 7.790238e-02
32 54 7.757755e-02
46 68 7.750076e-02
17 70 7.733545e-02
3 13 7.720762e-02
12 64 7.697755e-02
1 36 7.677926e-02
1 38 7.671637e-02
49 72 7.626102e-02
19 35 7.575908e-02
46 53 7.575327e-02
10 46 7.540817e-02
31 69 7.533931e-02
35 61 7.519795e-02
20 51 7.509435e-02
3 53 7.491284e-02
3 67 7.464694e-02
42 46 7.414519e-02
20 31 7.409962e-02
66 82 7.406801e-02
40 45 7.308488e-02
71 84 7.286717e-02
40 69 7.280473e-02
1 16 7.255661e-02
31 50 7.237963e-02
10 81 7.226968e-02
31 48 7.224743e-02
15 38 7.220052e-02
39 56 7.188754e-02
28 77 7.151234e-02
6 19 7.148569e-02
2 30 7.139995e-02
19 56 7.136215e-02
2 14 7.135824e-02
40 71 7.117484e-02
25 73 7.100268e-02
4 9 7.077497e-02
25 60 7.069227e-02
7 58 7.034988e-02
21 38 7.024647e-02
32 48 7.021645e-02
8 62 6.984167e-02
34 44 6.951381e-02
57 74 6.949101e-02
59 67 6.947989e-02
24 45 6.942504e-02
37 41 6.933625e-02
12 82 6.931859e-02
32 41 6.916253e-02
62 65 6.911072e-02
13 26 6.902554e-02
30 51 6.901560e-02
11 30 6.898520e-02
66 77 6.890515e-02
30 54 6.883884e-02
15 63 6.866121e-02
73 76 6.855438e-02
3 59 6.813274e-02
49 64 6.809104e-02
59 77 6.729557e-02
8 18 6.723826e-02
49 83 6.702848e-02
32 60 6.685795e-02
45 74 6.681997e-02
45 62 6.670905e-02
21 30 6.627453e-02
45 58 6.619013e-02
2 51 6.616818e-02
6 50 6.601843e-02
6 58 6.560204e-02
20 78 6.557351e-02
19 59 6.512345e-02
23 49 6.496184e-02
8 21 6.470427e-02
47 84 6.422080e-02
13 33 6.417766e-02
37 68 6.397264e-02
68 79 6.396349e-02
4 11 6.369337e-02
43 48 6.360232e-02
1 78 6.356402e-02
28 30 6.324771e-02
1 44 6.317859e-02
56 65 6.312128e-02
70 83 6.311670e-02
45 61 6.272051e-02
10 72 6.227191e-02
61 69 6.226765e-02
17 34 6.210638e-02
32 50 6.206173e-02
1 77 6.195098e-02
51 55 6.192147e-02
34 64 6.184209e-02
35 53 6.140142e-02
4 39 6.130863e-02
17 55 6.100254e-02
19 60 6.097535e-02
20 25 6.082180e-02
63 79 6.080536e-02
62 74 6.079773e-02
14 57 6.079056e-02
37 66 6.076791e-02
61 66 6.059611e-02
6 23 6.057262e-02
24 71 6.021524e-02
23 78 6.017462e-02
4 27 6.011778e-02
4 56 6.004602e-02
26 38 5.940094e-02
3 39 5.931321e-02
18 53 5.917500e-02
20 57 5.904462e-02
18 83 5.891066e-02
25 57 5.886276e-02
68 84 5.852941e-02
1 45 5.786213e-02
55 72 5.763542e-02
27 53 5.732956e-02
4 17 5.728395e-02
1 72 5.722099e-02
13 52 5.699507e-02
47 50 5.629954e-02
35 73 5.624423e-02
19 39 5.597375e-02
65 73 5.566970e-02
3 51 5.551052e-02
17 67 5.546102e-02
38 55 5.512387e-02
6 44 5.493963e-02
35 67 5.483671e-02
43 69 5.465062e-02
14 49 5.464192e-02
20 68 5.413268e-02
15 73 5.405968e-02
42 69 5.391946e-02
11 82 5.387631e-02
1 9 5.357307e-02
56 61 5.348954e-02
10 83 5.327527e-02
20 24 5.322196e-02
45 59 5.312160e-02
33 66 5.304960e-02
8 34 5.304044e-02
6 53 5.297609e-02
35 63 5.296078e-02
2 19 5.287804e-02
1 47 5.279927e-02
10 76 5.274166e-02
2 50 5.255300e-02
29 57 5.247619e-02
24 33 5.229308e-02
66 73 5.213256e-02
31 39 5.206925e-02
2 65 5.205501e-02
25 55 5.204724e-02
8 76 5.203467e-02
5 16 5.185199e-02
14 18 5.180795e-02
2 33 5.169497e-02
58 67 5.161040e-02
50 68 5.134675e-02
14 60 5.123284e-02
65 75 5.118122e-02
57 70 5.117648e-02
18 56 5.083464e-02
27 60 5.060624e-02
44 64 5.059482e-02
53 56 5.051366e-02
24 51 5.043635e-02
41 79 5.039802e-02
20 72 5.023812e-02
70 76 5.005737e-02
5 11 4.964496e-02
13 22 4.940773e-02
11 81 4.916054e-02
63 75 4.909859e-02
3 33 4.898420e-02
1 7 4.868675e-02
13 41 4.853381e-02
19 58 4.850991e-02
18 78 4.830442e-02
56 82 4.797917e-02
19 27 4.780789e-02
12 41 4.743713e-02
9 39 4.743193e-02
4 16 4.742942e-02
14 21 4.739389e-02
2 11 4.721059e-02
9 75 4.708900e-02
8 37 4.664431e-02
32 58 4.647262e-02
21 24 4.642376e-02
17 30 4.632364e-02
57 81 4.624890e-02
16 53 4.606503e-02
45 79 4.592634e-02
7 30 4.587216e-02
3 46 4.583370e-02
28 45 4.551844e-02
41 68 4.512228e-02
44 57 4.504976e-02
4 21 4.489471e-02
32 74 4.471012e-02
4 43 4.459600e-02
28 39 4.448747e-02
6 18 4.440041e-02
35 51 4.438337e-02
1 11 4.422895e-02
1 54 4.369040e-02
35 57 4.368535e-02
35 52 4.360444e-02
46 83 4.331942e-02
1 46 4.323762e-02
71 78 4.317565e-02
14 61 4.315687e-02
20 35 4.307203e-02
1 27 4.300943e-02
1 17 4.296246e-02
13 68 4.281518e-02
43 70 4.256253e-02
64 78 4.251855e-02
45 48 4.245602e-02
7 73 4.234542e-02
20 71 4.232177e-02
21 50 4.215123e-02
38 47 4.182977e-02
35 65 4.176604e-02
11 49 4.150427e-02
48 71 4.103826e-02
11 41 4.079643e-02
20 76 4.076746e-02
64 65 4.051793e-02
40 57 4.022709e-02
22 70 4.013685e-02
44 52 3.987408e-02
9 12 3.963292e-02
1 15 3.958433e-02
27 36 3.951499e-02
29 46 3.949835e-02
38 51 3.939444e-02
28 81 3.936390e-02
43 67 3.898341e-02
1 5 3.886145e-02
9 63 3.875954e-02
36 48 3.851121e-02
59 69 3.845052e-02
2 42 3.845051e-02
12 18 3.809745e-02
15 23 3.806618e-02
16 42 3.796703e-02
21 39 3.794871e-02
8 13 3.753561e-02
20 30 3.749306e-02
1 34 3.727507e-02
8 77 3.726941e-02
4 70 3.699811e-02
17 26 3.689998e-02
34 48 3.660457e-02
61 74 3.630687e-02
57 71 3.625977e-02
22 68 3.620539e-02
24 53 3.619531e-02
60 70 3.613855e-02
9 10 3.588459e-02
65 84 3.584433e-02
38 61 3.560910e-02
31 42 3.554278e-02
10 12 3.525293e-02
6 15 3.507879e-02
1 48 3.497345e-02
32 34 3.474984e-02
9 23 3.474528e-02
25 30 3.462074e-02
4 71 3.406627e-02
9 38 3.349622e-02
17 24 3.346531e-02
30 75 3.343881e-02
26 63 3.312977e-02
29 67 3.307907e-02
30 39 3.261250e-02
46 73 3.259547e-02
10 31 3.229003e-02
68 78 3.218430e-02
36 54 3.191225e-02
50 57 3.189154e-02
47 52 3.176303e-02
57 62 3.104418e-02
41 76 3.080833e-02
34 66 3.077586e-02
28 46 3.067825e-02
16 70 3.067383e-02
18 80 3.028262e-02
16 51 3.008187e-02
20 22 2.993329e-02
7 75 2.992531e-02
26 60 2.979735e-02
13 34 2.971320e-02
39 55 2.967251e-02
17 51 2.963005e-02
32 42 2.956644e-02
24 83 2.947088e-02
5 9 2.941212e-02
14 58 2.938231e-02
39 62 2.935644e-02
1 50 2.927338e-02
71 83 2.840401e-02
58 72 2.837631e-02
47 76 2.804572e-02
51 58 2.802364e-02
61 73 2.797808e-02
10 24 2.794615e-02
52 63 2.788090e-02
17 71 2.767785e-02
40 52 2.766942e-02
2 15 2.760163e-02
33 51 2.719807e-02
7 70 2.703887e-02
48 65 2.700939e-02
37 45 2.678800e-02
45 81 2.674193e-02
21 29 2.672246e-02
17 44 2.671252e-02
46 52 2.664955e-02
16 67 2.663962e-02
19 67 2.651023e-02
28 80 2.602103e-02
17 31 2.583657e-02
32 62 2.559832e-02
48 61 2.552127e-02
11 28 2.539147e-02
29 74 2.538032e-02
48 73 2.526964e-02
25 69 2.518221e-02
59 65 2.515355e-02
52 70 2.506147e-02
31 33 2.502853e-02
46 80 2.488714e-02
19 34 2.485548e-02
5 10 2.474099e-02
19 44 2.468754e-02
63 83 2.460353e-02
3 20 2.443061e-02
12 47 2.436778e-02
10 80 2.416779e-02
11 61 2.397432e-02
24 27 2.380092e-02
42 53 2.357644e-02
26 73 2.342759e-02
33 59 2.340868e-02
68 77 2.331882e-02
34 35 2.327748e-02
51 54 2.326681e-02
24 58 2.319459e-02
34 57 2.317717e-02
7 16 2.314470e-02
29 60 2.292018e-02
11 23 2.289352e-02
9 13 2.263323e-02
11 55 2.252130e-02
16 44 2.230283e-02
38 66 2.216457e-02
18 28 2.188620e-02
2 36 2.159318e-02
15 51 2.156351e-02
16 46 2.149983e-02
49 82 2.147372e-02
7 35 2.136832e-02
60 72 2.116100e-02
20 62 2.107555e-02
7 14 2.092945e-02
24 29 2.090082e-02
15 39 2.089660e-02
19 68 2.074511e-02
5 23 2.066843e-02
1 57 2.050583e-02
19 50 2.041296e-02
11 21 2.036247e-02
61 81 2.034171e-02
67 81 2.027703e-02
38 50 2.007941e-02
3 14 2.003704e-02
21 79 1.969774e-02
38 70 1.967231e-02
18 67 1.935825e-02
25 78 1.932052e-02
22 61 1.931068e-02
35 72 1.928365e-02
49 54 1.909163e-02
26 33 1.879417e-02
5 62 1.871350e-02
9 22 1.865028e-02
10 37 1.863034e-02
42 61 1.822939e-02
16 25 1.812957e-02
26 78 1.806790e-02
7 15 1.795206e-02
11 26 1.785590e-02
7 36 1.758139e-02
2 55 1.757804e-02
47 75 1.731559e-02
27 58 1.730203e-02
5 26 1.718158e-02
53 58 1.713504e-02
2 21 1.712594e-02
16 35 1.686567e-02
20 38 1.682676e-02
3 15 1.682168e-02
42 59 1.681571e-02
4 60 1.656367e-02
5 70 1.654412e-02
24 84 1.654146e-02
13 49 1.651754e-02
1 67 1.651129e-02
18 51 1.649087e-02
16 57 1.632728e-02
51 77 1.629552e-02
13 50 1.618203e-02
55 67 1.611472e-02
21 57 1.569195e-02
38 68 1.539443e-02
18 65 1.538842e-02
50 58 1.525238e-02
4 28 1.500652e-02
8 9 1.499121e-02
2 10 1.481495e-02
9 43 1.454564e-02
58 71 1.424634e-02
6 54 1.411036e-02
38 53 1.352251e-02
19 21 1.323509e-02
39 61 1.315433e-02
21 26 1.290131e-02
45 77 1.267751e-02
10 36 1.258129e-02
66 69 1.256287e-02
3 83 1.254792e-02
34 46 1.248746e-02
7 78 1.240457e-02
31 61 1.237802e-02
16 59 1.222665e-02
34 60 1.206897e-02
17 57 1.199221e-02
8 39 1.187473e-02
29 61 1.179922e-02
28 66 1.159567e-02
25 46 1.124569e-02
69 76 1.118488e-02
23 57 1.115196e-02
38 67 1.106779e-02
28 56 1.067698e-02
15 45 1.061582e-02
7 46 1.052193e-02
15 60 1.029074e-02
32 66 1.017950e-02
14 79 9.960991e-03
5 19 9.858078e-03
20 43 9.803919e-03
2 54 9.716781e-03
9 53 9.368411e-03
13 47 9.145253e-03
59 75 9.017114e-03
17 38 8.959941e-03
25 67 8.931569e-03
59 73 8.830144e-03
9 62 8.801977e-03
7 59 8.750873e-03
5 14 8.733256e-03
30 58 8.599529e-03
2 8 8.248868e-03
10 30 7.991470e-03
47 79 7.990137e-03
28 44 7.961893e-03
62 77 7.919818e-03
1 14 7.767981e-03
32 38 7.752380e-03
7 52 7.671023e-03
19 25 7.667767e-03
43 47 7.635805e-03
26 83 7.459597e-03
15 57 7.441947e-03
53 73 7.081527e-03
18 57 6.750137e-03
3 42 6.697750e-03
8 70 6.558036e-03
22 52 6.524975e-03
19 48 6.328662e-03
38 60 6.177850e-03
21 81 6.174955e-03
13 64 6.164824e-03
48 66 5.939930e-03
1 60 5.815906e-03
5 42 5.786408e-03
34 55 5.661096e-03
45 68 5.510548e-03
18 50 5.478716e-03
58 63 5.463716e-03
56 59 5.309599e-03
65 76 5.234224e-03
32 44 4.777233e-03
10 45 4.673654e-03
62 81 4.656670e-03
47 80 4.602751e-03
18 20 4.522145e-03
44 59 4.491892e-03
27 56 4.430590e-03
1 53 4.307640e-03
42 72 4.285409e-03
34 74 4.266769e-03
9 55 3.927456e-03
59 71 3.897083e-03
2 39 3.880926e-03
60 73 3.722782e-03
29 56 3.674143e-03
39 50 3.486919e-03
25 47 3.336772e-03
58 69 3.020606e-03
53 74 2.821302e-03
2 70 2.775293e-03
52 56 2.586252e-03
6 35 2.541278e-03
7 45 2.488729e-03
4 69 2.379753e-03
72 78 2.264813e-03
20 58 2.197102e-03
19 49 2.058574e-03
69 80 2.000210e-03
22 59 1.974112e-03
35 43 1.768440e-03
17 56 1.721730e-03
37 74 1.589971e-03
31 57 1.332849e-03
25 75 1.240552e-03
39 41 1.226344e-03
30 33 9.408817e-04
3 72 4.089092e-04
9 19 3.668654e-04
23 25 1.700780e-04
16 32 9.535772e-06
35 56 -1.741618e-04
46 76 -3.073281e-04
45 65 -3.338329e-04
27 32 -4.442321e-04
1 61 -5.545339e-04
30 80 -6.631171e-04
20 74 -8.184189e-04
31 59 -9.684738e-04
21 58 -1.017321e-03
5 34 -1.056807e-03
19 73 -1.156478e-03
30 55 -1.196403e-03
20 56 -1.514100e-03
53 54 -1.601029e-03
27 70 -1.662727e-03
30 73 -1.818938e-03
2 23 -1.820487e-03
25 33 -1.825873e-03
44 45 -1.921095e-03
7 53 -1.995974e-03
13 84 -2.032490e-03
35 47 -2.111532e-03
38 65 -2.367070e-03
20 67 -2.418948e-03
17 48 -2.498901e-03
4 50 -2.539817e-03
43 49 -2.882018e-03
48 67 -3.179076e-03
12 43 -3.411644e-03
3 78 -3.467553e-03
52 82 -3.651614e-03
25 31 -3.750000e-03
32 76 -3.971923e-03
6 52 -4.070248e-03
27 49 -4.117726e-03
11 59 -4.173096e-03
19 61 -4.270600e-03
16 31 -4.449603e-03
58 62 -4.568083e-03
24 50 -4.710819e-03
2 66 -4.747824e-03
25 34 -4.834822e-03
25 83 -4.876579e-03
41 72 -4.954650e-03
28 31 -5.028670e-03
2 49 -5.216722e-03
17 35 -5.351053e-03
54 65 -5.352110e-03
10 44 -5.455803e-03
63 84 -5.469558e-03
6 38 -5.552727e-03
18 48 -5.840100e-03
8 44 -5.921767e-03
44 73 -5.971348e-03
39 58 -6.059599e-03
33 45 -6.137989e-03
5 58 -6.472702e-03
26 79 -6.779388e-03
25 61 -6.961005e-03
20 66 -7.018292e-03
13 20 -7.095513e-03
42 58 -7.241194e-03
32 35 -7.355407e-03
4 48 -7.438116e-03
1 4 -7.440738e-03
68 81 -7.661541e-03
20 36 -8.018979e-03
11 64 -8.246313e-03
43 66 -8.345184e-03
22 34 -8.450520e-03
10 43 -8.457098e-03
22 65 -8.469238e-03
23 58 -8.676992e-03
24 68 -8.727317e-03
8 68 -8.770361e-03
55 75 -8.875804e-03
53 62 -9.049905e-03
34 80 -9.184773e-03
36 74 -9.415927e-03
38 72 -9.552601e-03
27 28 -9.556706e-03
39 79 -9.608450e-03
36 67 -9.697185e-03
10 28 -9.736188e-03
29 35 -9.869220e-03
18 27 -1.037496e-02
10 59 -1.060436e-02
37 49 -1.063139e-02
11 65 -1.063979e-02
60 69 -1.097698e-02
40 51 -1.099007e-02
55 84 -1.109767e-02
19 70 -1.124119e-02
50 59 -1.133655e-02
8 82 -1.142125e-02
56 70 -1.152249e-02
34 77 -1.156934e-02
4 15 -1.162054e-02
40 48 -1.176899e-02
36 57 -1.203653e-02
53 72 -1.226450e-02
8 41 -1.231351e-02
14 84 -1.261818e-02
5 27 -1.270812e-02
64 81 -1.281398e-02
55 71 -1.316160e-02
23 74 -1.317756e-02
69 75 -1.323435e-02
16 80 -1.338087e-02
8 36 -1.339389e-02
58 80 -1.341700e-02
24 80 -1.349351e-02
64 72 -1.359695e-02
47 73 -1.371887e-02
43 50 -1.372747e-02
6 61 -1.375711e-02
66 83 -1.394631e-02
48 55 -1.425590e-02
44 84 -1.426989e-02
28 43 -1.428634e-02
24 39 -1.456390e-02
5 22 -1.482619e-02
5 30 -1.488731e-02
30 40 -1.492217e-02
4 22 -1.510926e-02
47 82 -1.514789e-02
15 77 -1.550104e-02
38 43 -1.550408e-02
40 47 -1.559732e-02
60 71 -1.566379e-02
56 71 -1.579198e-02
55 64 -1.589177e-02
44 77 -1.593476e-02
66 84 -1.628616e-02
38 48 -1.630226e-02
13 21 -1.633800e-02
14 26 -1.634677e-02
24 75 -1.694559e-02
29 55 -1.706729e-02
55 61 -1.709467e-02
30 59 -1.710322e-02
18 29 -1.730371e-02
2 45 -1.731972e-02
21 37 -1.736793e-02
42 81 -1.758186e-02
32 43 -1.762409e-02
40 76 -1.778957e-02
63 78 -1.801141e-02
68 74 -1.802474e-02
16 69 -1.806939e-02
5 31 -1.809203e-02
14 22 -1.836569e-02
10 77 -1.842823e-02
36 72 -1.878242e-02
35 59 -1.879658e-02
26 76 -1.879811e-02
47 77 -1.884846e-02
16 60 -1.892621e-02
61 82 -1.893508e-02
40 58 -1.906438e-02
47 51 -1.910217e-02
66 80 -1.955873e-02
1 6 -1.956093e-02
10 21 -1.967031e-02
16 58 -1.973486e-02
42 44 -1.985656e-02
14 38 -1.986758e-02
73 82 -2.040006e-02
12 81 -2.042048e-02
53 57 -2.047110e-02
17 39 -2.072444e-02
20 53 -2.077831e-02
40 49 -2.089390e-02
33 55 -2.095157e-02
15 33 -2.095360e-02
19 65 -2.099839e-02
57 80 -2.118417e-02
8 50 -2.123369e-02
56 69 -2.142480e-02
12 74 -2.144905e-02
13 35 -2.162695e-02
15 37 -2.173965e-02
8 57 -2.183722e-02
50 56 -2.209793e-02
40 68 -2.221667e-02
26 68 -2.227455e-02
10 40 -2.227568e-02
9 26 -2.233118e-02
46 60 -2.241056e-02
7 24 -2.244139e-02
34 76 -2.245755e-02
11 47 -2.251346e-02
12 66 -2.264790e-02
45 46 -2.269994e-02
6 46 -2.277640e-02
27 59 -2.294169e-02
34 51 -2.318317e-02
22 47 -2.344665e-02
30 70 -2.362559e-02
48 62 -2.363908e-02
24 38 -2.366850e-02
23 42 -2.379690e-02
20 37 -2.381263e-02
66 79 -2.382367e-02
42 52 -2.386082e-02
2 22 -2.386500e-02
13 48 -2.396432e-02
19 45 -2.398356e-02
65 68 -2.400010e-02
18 32 -2.428968e-02
63 77 -2.436502e-02
33 70 -2.449117e-02
24 57 -2.452818e-02
11 51 -2.454132e-02
6 59 -2.463190e-02
46 79 -2.527590e-02
3 38 -2.539494e-02
39 57 -2.541638e-02
5 35 -2.543641e-02
20 77 -2.563696e-02
9 78 -2.575059e-02
48 63 -2.584215e-02
25 70 -2.604348e-02
23 31 -2.614348e-02
21 83 -2.615320e-02
34 43 -2.633872e-02
44 49 -2.651507e-02
9 84 -2.658617e-02
28 71 -2.676007e-02
46 51 -2.687729e-02
9 30 -2.703820e-02
16 33 -2.712947e-02
8 83 -2.723968e-02
21 60 -2.724764e-02
35 62 -2.729272e-02
39 67 -2.731390e-02
50 73 -2.753159e-02
72 83 -2.757233e-02
18 40 -2.762654e-02
63 70 -2.766707e-02
40 54 -2.785333e-02
56 77 -2.830271e-02
10 73 -2.845481e-02
16 75 -2.890298e-02
15 43 -2.907301e-02
3 73 -2.916317e-02
55 70 -2.920364e-02
14 39 -2.942812e-02
7 84 -2.943647e-02
26 64 -2.947347e-02
3 43 -2.953120e-02
6 39 -2.964458e-02
33 79 -2.965677e-02
30 68 -3.020969e-02
39 83 -3.025850e-02
39 75 -3.029636e-02
48 57 -3.036520e-02
35 58 -3.068573e-02
58 75 -3.103974e-02
18 74 -3.109047e-02
7 20 -3.170394e-02
11 18 -3.213979e-02
8 72 -3.221871e-02
4 46 -3.224313e-02
33 44 -3.238778e-02
11 78 -3.246246e-02
70 74 -3.269432e-02
27 62 -3.276987e-02
13 37 -3.370507e-02
6 70 -3.379197e-02
15 21 -3.382904e-02
8 84 -3.383294e-02
5 74 -3.389770e-02
27 40 -3.408930e-02
5 38 -3.415209e-02
36 63 -3.460656e-02
61 64 -3.462158e-02
16 63 -3.467363e-02
31 55 -3.483338e-02
27 42 -3.485363e-02
8 33 -3.496644e-02
6 45 -3.502466e-02
22 35 -3.511109e-02
13 70 -3.542024e-02
1 10 -3.543929e-02
21 48 -3.545224e-02
33 57 -3.549895e-02
23 24 -3.602909e-02
12 15 -3.618685e-02
23 26 -3.631471e-02
59 83 -3.636913e-02
9 36 -3.653480e-02
15 83 -3.664937e-02
22 43 -3.669582e-02
62 76 -3.670408e-02
20 26 -3.672692e-02
20 49 -3.677994e-02
55 79 -3.679146e-02
34 81 -3.681099e-02
55 66 -3.684705e-02
57 77 -3.691398e-02
32 39 -3.719552e-02
1 37 -3.726453e-02
22 78 -3.750317e-02
72 77 -3.753655e-02
26 39 -3.764466e-02
36 84 -3.779946e-02
22 37 -3.785149e-02
1 69 -3.786527e-02
47 64 -3.789045e-02
10 23 -3.790147e-02
18 45 -3.848949e-02
26 77 -3.849093e-02
5 51 -3.856930e-02
10 63 -3.862542e-02
7 11 -3.870507e-02
5 29 -3.872514e-02
15 53 -3.876399e-02
43 56 -3.902421e-02
32 53 -3.907925e-02
28 58 -3.916094e-02
33 82 -3.932067e-02
46 65 -3.932780e-02
33 46 -3.949995e-02
22 36 -3.953357e-02
21 42 -3.965871e-02
26 51 -3.986240e-02
8 38 -3.990316e-02
15 70 -4.008237e-02
65 79 -4.027197e-02
73 83 -4.060466e-02
30 66 -4.087215e-02
2 12 -4.188803e-02
11 24 -4.220995e-02
39 47 -4.239298e-02
45 80 -4.260735e-02
7 77 -4.265314e-02
21 47 -4.272106e-02
26 36 -4.283978e-02
42 75 -4.284963e-02
11 39 -4.307207e-02
37 42 -4.310793e-02
5 80 -4.311559e-02
16 24 -4.340295e-02
35 66 -4.343331e-02
45 78 -4.347903e-02
12 72 -4.374966e-02
5 54 -4.384168e-02
36 66 -4.400655e-02
55 80 -4.403530e-02
9 47 -4.419893e-02
15 50 -4.422511e-02
34 50 -4.454262e-02
41 48 -4.456106e-02
18 52 -4.459503e-02
1 75 -4.464969e-02
27 35 -4.467614e-02
26 29 -4.470865e-02
2 57 -4.472101e-02
6 83 -4.486897e-02
3 21 -4.487246e-02
7 79 -4.489727e-02
55 82 -4.498533e-02
7 17 -4.517022e-02
14 54 -4.521302e-02
22 63 -4.528805e-02
47 70 -4.533866e-02
6 22 -4.536015e-02
31 52 -4.544915e-02
64 74 -4.546565e-02
9 20 -4.551003e-02
68 82 -4.562871e-02
46 62 -4.565268e-02
21 36 -4.582716e-02
74 79 -4.599621e-02
63 73 -4.599821e-02
33 47 -4.603767e-02
10 38 -4.625241e-02
6 76 -4.632675e-02
6 20 -4.636816e-02
45 50 -4.640156e-02
36 42 -4.642031e-02
16 72 -4.644263e-02
6 57 -4.650783e-02
65 66 -4.681528e-02
18 82 -4.683827e-02
14 34 -4.693250e-02
20 82 -4.704591e-02
4 65 -4.710157e-02
12 26 -4.721066e-02
19 78 -4.746810e-02
12 62 -4.750505e-02
41 53 -4.765771e-02
5 82 -4.767213e-02
40 53 -4.774141e-02
66 75 -4.782722e-02
20 23 -4.792484e-02
28 33 -4.799337e-02
43 68 -4.802000e-02
39 77 -4.823078e-02
11 67 -4.830750e-02
52 61 -4.842408e-02
9 57 -4.843170e-02
37 44 -4.844980e-02
41 50 -4.845609e-02
6 16 -4.858203e-02
37 60 -4.863026e-02
10 26 -4.868513e-02
1 73 -4.872334e-02
36 61 -4.885469e-02
10 82 -4.902600e-02
3 25 -4.939742e-02
25 77 -4.945639e-02
59 64 -4.952989e-02
10 39 -4.956829e-02
5 48 -4.957603e-02
28 59 -4.985609e-02
2 60 -4.989331e-02
6 32 -5.007869e-02
67 74 -5.008830e-02
9 51 -5.024623e-02
4 10 -5.026853e-02
52 68 -5.039158e-02
2 20 -5.046639e-02
19 37 -5.049287e-02
25 52 -5.096420e-02
27 41 -5.108631e-02
31 60 -5.121512e-02
4 59 -5.126310e-02
7 62 -5.141799e-02
4 35 -5.142468e-02
58 79 -5.159801e-02
19 30 -5.163430e-02
29 69 -5.166799e-02
15 58 -5.186368e-02
23 41 -5.189521e-02
30 71 -5.190722e-02
25 68 -5.195239e-02
8 35 -5.214745e-02
26 80 -5.214960e-02
15 59 -5.216144e-02
43 58 -5.219531e-02
21 68 -5.232440e-02
29 71 -5.240253e-02
5 65 -5.251402e-02
11 74 -5.255064e-02
50 76 -5.276675e-02
19 23 -5.284539e-02
52 59 -5.292028e-02
63 76 -5.293083e-02
8 22 -5.308307e-02
2 68 -5.316180e-02
17 69 -5.316703e-02
1 33 -5.332000e-02
10 47 -5.341270e-02
1 55 -5.349920e-02
11 66 -5.351261e-02
51 73 -5.351512e-02
30 53 -5.361520e-02
46 84 -5.374411e-02
9 49 -5.386000e-02
14 47 -5.394027e-02
10 69 -5.430535e-02
39 65 -5.436331e-02
33 84 -5.436377e-02
14 55 -5.441691e-02
2 13 -5.445869e-02
30 57 -5.448184e-02
2 48 -5.449797e-02
7 57 -5.454078e-02
37 78 -5.468121e-02
6 62 -5.470069e-02
25 53 -5.483821e-02
21 69 -5.484427e-02
23 29 -5.511639e-02
15 68 -5.514510e-02
72 80 -5.519244e-02
48 51 -5.520645e-02
65 69 -5.541264e-02
54 66 -5.570441e-02
25 66 -5.604405e-02
5 39 -5.609673e-02
9 79 -5.621085e-02
4 33 -5.635784e-02
26 27 -5.645234e-02
22 31 -5.653946e-02
15 42 -5.659179e-02
53 68 -5.659276e-02
33 64 -5.664203e-02
14 24 -5.667194e-02
14 72 -5.672476e-02
20 61 -5.674946e-02
64 76 -5.677843e-02
56 73 -5.697272e-02
59 72 -5.703166e-02
16 78 -5.714415e-02
20 48 -5.728823e-02
15 35 -5.737971e-02
3 50 -5.743204e-02
23 30 -5.750979e-02
54 63 -5.756369e-02
24 49 -5.763581e-02
21 41 -5.783566e-02
2 53 -5.797670e-02
11 50 -5.804186e-02
14 52 -5.826819e-02
9 17 -5.830125e-02
27 45 -5.861533e-02
1 32 -5.862715e-02
42 54 -5.864725e-02
62 70 -5.890850e-02
18 43 -5.891154e-02
21 40 -5.897934e-02
7 29 -5.898618e-02
60 76 -5.902066e-02
3 57 -5.913671e-02
43 45 -5.925365e-02
22 44 -5.935223e-02
10 27 -5.961643e-02
51 69 -5.962018e-02
57 76 -5.971813e-02
24 30 -5.980973e-02
9 73 -5.991284e-02
10 78 -5.991502e-02
1 68 -6.010819e-02
41 51 -6.013776e-02
7 23 -6.034883e-02
28 67 -6.041921e-02
19 57 -6.065457e-02
13 71 -6.068550e-02
16 48 -6.069753e-02
33 38 -6.106557e-02
32 61 -6.115763e-02
18 79 -6.134380e-02
24 55 -6.144285e-02
67 79 -6.152704e-02
7 21 -6.159460e-02
29 75 -6.165306e-02
38 41 -6.167054e-02
3 16 -6.167979e-02
56 81 -6.212555e-02
4 13 -6.213217e-02
18 38 -6.217228e-02
9 65 -6.217348e-02
35 78 -6.218755e-02
34 83 -6.223562e-02
34 84 -6.233874e-02
64 67 -6.259470e-02
16 38 -6.265382e-02
24 31 -6.274309e-02
9 21 -6.298022e-02
14 32 -6.301148e-02
19 52 -6.325414e-02
25 51 -6.332336e-02
26 43 -6.333402e-02
33 67 -6.335976e-02
8 20 -6.341881e-02
7 37 -6.366002e-02
33 48 -6.373005e-02
40 79 -6.408406e-02
21 84 -6.415615e-02
21 25 -6.422907e-02
69 74 -6.454491e-02
8 66 -6.460018e-02
1 74 -6.489162e-02
54 61 -6.493899e-02
46 67 -6.511580e-02
23 59 -6.523491e-02
46 66 -6.533719e-02
67 80 -6.535814e-02
8 17 -6.544299e-02
38 54 -6.563824e-02
41 83 -6.581262e-02
16 41 -6.588444e-02
37 48 -6.597141e-02
12 34 -6.603424e-02
14 43 -6.620565e-02
14 66 -6.624869e-02
56 78 -6.642731e-02
26 35 -6.678289e-02
23 54 -6.680463e-02
9 34 -6.684293e-02
59 66 -6.684575e-02
49 80 -6.708406e-02
50 83 -6.718762e-02
58 83 -6.720850e-02
14 76 -6.722402e-02
66 71 -6.730353e-02
51 59 -6.739694e-02
14 73 -6.739962e-02
12 31 -6.750633e-02
25 26 -6.761267e-02
45 60 -6.762360e-02
47 62 -6.765204e-02
5 33 -6.767242e-02
37 63 -6.816378e-02
1 25 -6.817165e-02
17 59 -6.828303e-02
28 51 -6.841509e-02
5 37 -6.845226e-02
51 74 -6.870102e-02
42 79 -6.892028e-02
54 68 -6.896334e-02
57 84 -6.899582e-02
64 83 -6.924507e-02
36 77 -6.937018e-02
17 47 -6.947184e-02
20 44 -6.954441e-02
15 69 -6.961563e-02
28 54 -6.961587e-02
38 45 -6.962673e-02
7 25 -6.984876e-02
50 61 -6.999028e-02
2 28 -7.001253e-02
20 69 -7.066591e-02
35 69 -7.067253e-02
22 77 -7.070166e-02
8 56 -7.081518e-02
17 83 -7.082068e-02
5 78 -7.087963e-02
37 69 -7.088438e-02
5 47 -7.091612e-02
70 80 -7.108108e-02
32 56 -7.110224e-02
27 73 -7.110468e-02
5 49 -7.132632e-02
30 83 -7.144830e-02
36 45 -7.148807e-02
46 78 -7.151478e-02
12 16 -7.152420e-02
67 83 -7.161449e-02
23 81 -7.162160e-02
32 36 -7.164287e-02
25 76 -7.166016e-02
3 28 -7.168361e-02
13 38 -7.170688e-02
5 21 -7.175734e-02
51 61 -7.182933e-02
21 61 -7.191185e-02
8 73 -7.212235e-02
36 83 -7.223197e-02
9 77 -7.224626e-02
12 60 -7.258081e-02
27 50 -7.260135e-02
39 69 -7.264474e-02
8 79 -7.271956e-02
36 75 -7.278998e-02
18 41 -7.289209e-02
6 55 -7.297295e-02
37 47 -7.317754e-02
50 65 -7.325565e-02
30 72 -7.328976e-02
7 81 -7.344974e-02
29 41 -7.355765e-02
55 76 -7.357192e-02
10 60 -7.373023e-02
5 45 -7.380804e-02
24 54 -7.402807e-02
16 79 -7.413536e-02
6 17 -7.419388e-02
33 60 -7.420350e-02
6 79 -7.433483e-02
52 67 -7.444627e-02
23 83 -7.447078e-02
6 49 -7.490208e-02
26 49 -7.499722e-02
22 45 -7.506813e-02
10 71 -7.550688e-02
11 68 -7.552063e-02
28 78 -7.568191e-02
35 50 -7.571172e-02
7 60 -7.600939e-02
15 48 -7.610507e-02
23 73 -7.641208e-02
21 45 -7.649259e-02
65 77 -7.671946e-02
19 42 -7.694585e-02
8 19 -7.696273e-02
39 70 -7.721190e-02
7 64 -7.730571e-02
2 35 -7.738322e-02
28 41 -7.757464e-02
34 78 -7.767757e-02
8 52 -7.774912e-02
7 44 -7.779008e-02
42 51 -7.797003e-02
48 56 -7.797877e-02
19 32 -7.812111e-02
26 40 -7.818336e-02
27 43 -7.826801e-02
68 80 -7.833276e-02
36 53 -7.840718e-02
9 44 -7.850127e-02
38 59 -7.859883e-02
24 40 -7.861610e-02
24 63 -7.867879e-02
31 53 -7.868221e-02
39 54 -7.871246e-02
32 51 -7.873391e-02
37 56 -7.934198e-02
12 57 -7.946208e-02
4 54 -7.974259e-02
17 72 -7.983805e-02
3 71 -7.996627e-02
21 62 -8.011686e-02
32 83 -8.018002e-02
36 38 -8.026304e-02
22 42 -8.034718e-02
33 68 -8.038649e-02
18 75 -8.042360e-02
13 23 -8.058678e-02
14 42 -8.098423e-02
1 13 -8.124741e-02
22 56 -8.153037e-02
11 16 -8.157975e-02
35 77 -8.166714e-02
6 21 -8.169375e-02
43 83 -8.170916e-02
67 78 -8.172793e-02
4 58 -8.227075e-02
30 34 -8.232427e-02
24 81 -8.235353e-02
67 72 -8.242075e-02
25 44 -8.259310e-02
43 54 -8.264432e-02
25 37 -8.270205e-02
8 14 -8.273055e-02
20 50 -8.280685e-02
7 39 -8.298250e-02
22 41 -8.307251e-02
30 62 -8.315678e-02
14 44 -8.325181e-02
16 55 -8.347597e-02
23 45 -8.370584e-02
59 79 -8.378019e-02
52 77 -8.389237e-02
21 34 -8.414347e-02
45 73 -8.426016e-02
21 35 -8.427538e-02
11 83 -8.427608e-02
12 68 -8.430461e-02
22 73 -8.439026e-02
29 42 -8.440571e-02
34 53 -8.466396e-02
19 79 -8.471692e-02
56 84 -8.477661e-02
30 47 -8.489091e-02
24 32 -8.494587e-02
8 60 -8.494881e-02
49 60 -8.504561e-02
39 53 -8.531993e-02
11 37 -8.536447e-02
3 47 -8.539964e-02
23 39 -8.541890e-02
12 40 -8.545388e-02
45 69 -8.556934e-02
11 25 -8.564206e-02
33 75 -8.565465e-02
23 70 -8.570434e-02
44 65 -8.581687e-02
8 75 -8.584355e-02
24 36 -8.586037e-02
30 45 -8.620808e-02
24 76 -8.622584e-02
55 60 -8.634033e-02
26 84 -8.638931e-02
26 54 -8.644579e-02
20 34 -8.663088e-02
17 46 -8.671544e-02
4 26 -8.682236e-02
25 56 -8.700634e-02
5 18 -8.702143e-02
70 75 -8.709181e-02
24 60 -8.716277e-02
24 43 -8.726350e-02
37 51 -8.754269e-02
58 73 -8.754631e-02
15 71 -8.773204e-02
27 74 -8.786920e-02
6 72 -8.814752e-02
16 50 -8.825442e-02
38 62 -8.829249e-02
65 71 -8.861044e-02
29 33 -8.893419e-02
54 67 -8.902038e-02
46 75 -8.913959e-02
41 64 -8.920916e-02
59 80 -8.926212e-02
15 84 -8.962540e-02
28 61 -8.968585e-02
22 62 -8.971615e-02
19 46 -9.001082e-02
36 79 -9.004625e-02
21 27 -9.017399e-02
16 45 -9.021816e-02
6 36 -9.030390e-02
17 84 -9.042610e-02
15 55 -9.064727e-02
4 23 -9.076670e-02
9 70 -9.077051e-02
11 19 -9.082447e-02
33 83 -9.109921e-02
32 79 -9.122870e-02
23 63 -9.122888e-02
19 69 -9.139219e-02
8 71 -9.146438e-02
4 61 -9.167079e-02
29 48 -9.176651e-02
20 28 -9.197452e-02
14 74 -9.201746e-02
19 76 -9.205900e-02
63 67 -9.211460e-02
4 67 -9.213581e-02
49 62 -9.222149e-02
8 54 -9.225673e-02
8 42 -9.233187e-02
23 50 -9.240563e-02
7 33 -9.253597e-02
18 46 -9.257502e-02
10 68 -9.268044e-02
10 19 -9.270360e-02
3 60 -9.276189e-02
8 46 -9.285785e-02
22 82 -9.293069e-02
16 73 -9.311154e-02
7 68 -9.321563e-02
67 76 -9.367505e-02
4 20 -9.369244e-02
7 50 -9.383103e-02
53 60 -9.408623e-02
42 71 -9.411730e-02
8 80 -9.423125e-02
21 70 -9.423717e-02
25 50 -9.450483e-02
16 36 -9.453004e-02
13 72 -9.457915e-02
14 37 -9.465405e-02
33 72 -9.467434e-02
63 69 -9.476158e-02
19 54 -9.494493e-02
30 77 -9.495150e-02
36 73 -9.506048e-02
13 66 -9.509957e-02
36 59 -9.512744e-02
3 76 -9.512919e-02
4 66 -9.528940e-02
13 36 -9.529561e-02
47 67 -9.539250e-02
12 49 -9.540109e-02
27 65 -9.577061e-02
3 34 -9.586343e-02
22 46 -9.586705e-02
50 55 -9.605410e-02
14 41 -9.613868e-02
14 77 -9.644695e-02
55 68 -9.649714e-02
4 72 -9.655613e-02
13 24 -9.660458e-02
18 60 -9.670319e-02
20 41 -9.677517e-02
50 66 -9.689234e-02
11 70 -9.723951e-02
15 56 -9.724835e-02
59 68 -9.731743e-02
17 45 -9.737551e-02
32 70 -9.756316e-02
26 65 -9.760144e-02
47 53 -9.775857e-02
21 28 -9.780373e-02
44 67 -9.798146e-02
2 41 -9.839558e-02
62 69 -9.849306e-02
50 63 -9.867194e-02
64 80 -9.883808e-02
57 75 -9.890731e-02
29 52 -9.895984e-02
37 77 -9.920306e-02
11 84 -9.928665e-02
41 80 -9.929400e-02
54 72 -9.932914e-02
19 41 -9.963041e-02
15 41 -9.983505e-02
14 51 -9.999015e-02
44 80 -1.001110e-01
72 81 -1.001806e-01
31 71 -1.002541e-01
37 46 -1.003376e-01
40 82 -1.004809e-01
38 64 -1.005973e-01
62 71 -1.006235e-01
1 70 -1.007801e-01
15 65 -1.009096e-01
29 68 -1.011503e-01
43 73 -1.011647e-01
6 13 -1.017305e-01
5 36 -1.018078e-01
24 59 -1.019477e-01
3 55 -1.020061e-01
43 79 -1.020281e-01
37 71 -1.021643e-01
3 79 -1.021712e-01
10 58 -1.021932e-01
14 46 -1.024654e-01
6 84 -1.026467e-01
37 65 -1.028341e-01
14 27 -1.028509e-01
21 66 -1.030309e-01
58 77 -1.030329e-01
46 63 -1.030438e-01
40 72 -1.031027e-01
65 70 -1.031068e-01
18 84 -1.031368e-01
21 72 -1.032125e-01
69 83 -1.033116e-01
61 77 -1.034150e-01
17 60 -1.034648e-01
24 46 -1.036188e-01
41 75 -1.036398e-01
45 76 -1.037708e-01
10 35 -1.039293e-01
9 58 -1.039831e-01
1 28 -1.041066e-01
67 71 -1.042651e-01
41 84 -1.042698e-01
18 61 -1.044802e-01
42 50 -1.045481e-01
33 74 -1.046739e-01
1 65 -1.047423e-01
27 39 -1.049456e-01
14 75 -1.049678e-01
26 30 -1.049721e-01
23 33 -1.051009e-01
1 49 -1.052791e-01
4 57 -1.053199e-01
25 72 -1.053584e-01
27 72 -1.053613e-01
50 77 -1.054346e-01
8 51 -1.054544e-01
49 65 -1.054664e-01
70 84 -1.055499e-01
6 42 -1.055991e-01
1 23 -1.057025e-01
7 72 -1.059202e-01
16 40 -1.059724e-01
36 68 -1.062180e-01
52 76 -1.062220e-01
54 74 -1.062596e-01
30 46 -1.062817e-01
3 49 -1.064864e-01
61 75 -1.064927e-01
66 81 -1.066209e-01
21 82 -1.066516e-01
5 79 -1.067309e-01
1 24 -1.067379e-01
25 41 -1.067464e-01
33 52 -1.068622e-01
1 62 -1.069606e-01
9 37 -1.070223e-01
4 14 -1.070992e-01
38 79 -1.071955e-01
31 46 -1.073371e-01
29 73 -1.073489e-01
16 65 -1.074608e-01
12 38 -1.075761e-01
27 64 -1.076611e-01
41 62 -1.077415e-01
30 32 -1.078331e-01
36 55 -1.078545e-01
6 26 -1.078954e-01
25 71 -1.079076e-01
9 69 -1.079128e-01
28 50 -1.079257e-01
49 59 -1.083120e-01
47 78 -1.083182e-01
55 77 -1.083530e-01
56 63 -1.083655e-01
53 63 -1.084159e-01
28 48 -1.085510e-01
56 66 -1.085649e-01
63 80 -1.085872e-01
44 72 -1.086225e-01
17 58 -1.086984e-01
5 72 -1.089219e-01
25 62 -1.089799e-01
32 77 -1.091470e-01
2 5 -1.093840e-01
6 25 -1.095191e-01
35 49 -1.097106e-01
41 77 -1.097561e-01
6 67 -1.098451e-01
2 84 -1.099910e-01
7 74 -1.100821e-01
37 50 -1.102607e-01
31 67 -1.106399e-01
32 72 -1.107104e-01
37 76 -1.107453e-01
39 46 -1.107634e-01
26 59 -1.108491e-01
20 40 -1.109269e-01
42 83 -1.109987e-01
3 81 -1.112144e-01
38 75 -1.112560e-01
38 71 -1.114233e-01
39 59 -1.116724e-01
20 32 -1.118301e-01
36 80 -1.118384e-01
51 62 -1.118413e-01
53 59 -1.118483e-01
43 52 -1.118656e-01
40 67 -1.118691e-01
43 75 -1.119202e-01
56 68 -1.121909e-01
18 63 -1.122864e-01
17 36 -1.124833e-01
10 51 -1.125238e-01
31 83 -1.126119e-01
16 77 -1.128654e-01
57 68 -1.128817e-01
45 70 -1.129522e-01
56 64 -1.129702e-01
28 84 -1.130461e-01
21 54 -1.131355e-01
58 84 -1.133198e-01
14 35 -1.136442e-01
36 60 -1.136868e-01
14 70 -1.137392e-01
37 70 -1.137967e-01
22 58 -1.139630e-01
9 80 -1.141427e-01
15 27 -1.143131e-01
22 40 -1.144072e-01
36 64 -1.144384e-01
30 79 -1.144573e-01
5 61 -1.144814e-01
23 72 -1.144971e-01
37 58 -1.145068e-01
62 80 -1.145092e-01
24 69 -1.147448e-01
1 66 -1.148092e-01
2 61 -1.148337e-01
39 66 -1.149005e-01
51 71 -1.150999e-01
28 42 -1.151901e-01
34 42 -1.152049e-01
13 53 -1.152113e-01
2 76 -1.154043e-01
51 63 -1.158704e-01
41 46 -1.160469e-01
38 76 -1.162507e-01
56 67 -1.163179e-01
53 69 -1.163417e-01
20 65 -1.163423e-01
32 47 -1.163433e-01
63 74 -1.164477e-01
25 38 -1.164584e-01
6 34 -1.169562e-01
42 55 -1.170022e-01
41 73 -1.171432e-01
22 30 -1.171851e-01
62 83 -1.172031e-01
13 25 -1.172069e-01
8 69 -1.172547e-01
15 80 -1.173302e-01
21 77 -1.173539e-01
7 51 -1.174528e-01
12 70 -1.174613e-01
2 77 -1.175397e-01
15 54 -1.175595e-01
17 29 -1.177657e-01
26 56 -1.178565e-01
24 70 -1.178979e-01
58 74 -1.179146e-01
27 38 -1.179330e-01
48 60 -1.181967e-01
47 56 -1.182075e-01
35 80 -1.184264e-01
66 78 -1.184427e-01
5 50 -1.184558e-01
17 61 -1.185010e-01
22 29 -1.185111e-01
64 70 -1.186797e-01
49 81 -1.186930e-01
14 65 -1.187604e-01
41 82 -1.188174e-01
33 63 -1.188686e-01
35 71 -1.188830e-01
53 78 -1.190458e-01
30 81 -1.194189e-01
25 42 -1.194801e-01
25 32 -1.194823e-01
60 77 -1.196053e-01
5 84 -1.196355e-01
30 67 -1.196789e-01
30 76 -1.197539e-01
47 55 -1.198346e-01
24 72 -1.198771e-01
30 41 -1.199376e-01
52 74 -1.199420e-01
2 69 -1.200839e-01
14 80 -1.201639e-01
40 56 -1.203559e-01
45 53 -1.203785e-01
15 49 -1.204940e-01
40 55 -1.205453e-01
52 69 -1.205898e-01
27 34 -1.207217e-01
28 75 -1.208228e-01
26 53 -1.208395e-01
2 52 -1.209801e-01
4 49 -1.210176e-01
40 70 -1.211501e-01
24 28 -1.212314e-01
25 39 -1.213946e-01
44 69 -1.214550e-01
39 73 -1.215100e-01
52 58 -1.217838e-01
27 76 -1.218152e-01
2 34 -1.218165e-01
54 71 -1.219101e-01
9 42 -1.219826e-01
53 70 -1.221633e-01
25 48 -1.222377e-01
5 57 -1.223085e-01
29 78 -1.223562e-01
34 79 -1.225003e-01
27 67 -1.226298e-01
4 34 -1.226433e-01
28 63 -1.227428e-01
42 57 -1.230982e-01
63 81 -1.231758e-01
6 69 -1.233033e-01
14 23 -1.233374e-01
49 51 -1.233795e-01
4 42 -1.234203e-01
25 74 -1.237215e-01
24 35 -1.237551e-01
30 63 -1.237990e-01
44 81 -1.238002e-01
35 76 -1.238614e-01
44 53 -1.240052e-01
1 26 -1.240149e-01
31 64 -1.240397e-01
12 17 -1.241009e-01
27 84 -1.241161e-01
29 66 -1.242287e-01
30 84 -1.242618e-01
7 55 -1.244244e-01
52 65 -1.245190e-01
4 30 -1.247785e-01
23 71 -1.248361e-01
18 42 -1.248427e-01
45 75 -1.249809e-01
23 34 -1.252509e-01
40 66 -1.254116e-01
47 63 -1.254512e-01
3 32 -1.255017e-01
43 62 -1.255024e-01
10 70 -1.255496e-01
4 53 -1.256106e-01
31 41 -1.256659e-01
42 60 -1.258349e-01
58 81 -1.260504e-01
54 59 -1.260902e-01
11 72 -1.261596e-01
12 42 -1.261681e-01
53 82 -1.265936e-01
62 84 -1.266062e-01
12 23 -1.267205e-01
36 71 -1.271740e-01
7 42 -1.273508e-01
3 80 -1.273775e-01
19 40 -1.273922e-01
7 76 -1.276088e-01
60 65 -1.276145e-01
34 75 -1.276333e-01
56 75 -1.276482e-01
16 47 -1.277473e-01
23 38 -1.278343e-01
33 78 -1.278537e-01
6 48 -1.279689e-01
72 82 -1.280050e-01
9 54 -1.280667e-01
30 69 -1.281334e-01
18 36 -1.283504e-01
3 58 -1.287714e-01
12 50 -1.288691e-01
53 83 -1.289706e-01
21 71 -1.290396e-01
14 28 -1.291217e-01
8 43 -1.292063e-01
39 74 -1.293439e-01
27 37 -1.293778e-01
16 54 -1.295820e-01
10 33 -1.296013e-01
6 82 -1.296888e-01
27 47 -1.298252e-01
23 32 -1.298831e-01
11 22 -1.299486e-01
48 77 -1.299753e-01
64 77 -1.301069e-01
36 78 -1.301860e-01
6 68 -1.304259e-01
4 19 -1.304545e-01
31 65 -1.305111e-01
5 81 -1.305558e-01
10 34 -1.306518e-01
28 35 -1.307502e-01
29 62 -1.308861e-01
17 22 -1.308982e-01
42 68 -1.310514e-01
66 70 -1.311226e-01
28 36 -1.311251e-01
8 16 -1.313494e-01
24 61 -1.313564e-01
27 80 -1.313959e-01
59 63 -1.317653e-01
14 53 -1.318312e-01
7 31 -1.319609e-01
21 76 -1.320399e-01
39 71 -1.321492e-01
65 81 -1.323231e-01
11 36 -1.323318e-01
23 37 -1.325125e-01
29 45 -1.328097e-01
5 83 -1.328354e-01
5 69 -1.328433e-01
9 28 -1.328724e-01
12 48 -1.329822e-01
33 81 -1.329956e-01
33 69 -1.331524e-01
60 68 -1.331547e-01
44 51 -1.332072e-01
25 29 -1.332683e-01
13 59 -1.333661e-01
22 57 -1.336310e-01
45 72 -1.336595e-01
26 50 -1.339612e-01
6 77 -1.341705e-01
18 30 -1.344134e-01
46 56 -1.344503e-01
23 75 -1.344777e-01
22 67 -1.344795e-01
25 54 -1.346847e-01
51 65 -1.347167e-01
12 75 -1.348113e-01
37 80 -1.349073e-01
18 64 -1.349601e-01
23 46 -1.350087e-01
28 55 -1.350699e-01
65 74 -1.351323e-01
59 78 -1.352001e-01
69 79 -1.354313e-01
20 47 -1.354554e-01
17 52 -1.354804e-01
42 76 -1.355111e-01
7 28 -1.356364e-01
49 68 -1.358518e-01
16 76 -1.358808e-01
32 46 -1.359673e-01
69 82 -1.359710e-01
15 34 -1.359940e-01
30 65 -1.363779e-01
9 31 -1.364653e-01
57 78 -1.365639e-01
8 23 -1.366087e-01
16 71 -1.366511e-01
14 20 -1.367271e-01
60 78 -1.367510e-01
56 74 -1.368364e-01
17 80 -1.373790e-01
54 78 -1.376289e-01
27 82 -1.376608e-01
42 84 -1.377016e-01
33 53 -1.377423e-01
36 76 -1.378725e-01
38 83 -1.380031e-01
64 84 -1.381589e-01
29 79 -1.383110e-01
2 37 -1.384005e-01
19 29 -1.384548e-01
45 55 -1.384994e-01
55 73 -1.385957e-01
13 54 -1.386775e-01
21 78 -1.387057e-01
32 75 -1.387867e-01
19 72 -1.389150e-01
12 55 -1.389473e-01
17 68 -1.391642e-01
4 62 -1.392695e-01
5 59 -1.392840e-01
40 75 -1.393569e-01
10 54 -1.395054e-01
37 82 -1.395974e-01
36 56 -1.397719e-01
45 57 -1.397838e-01
33 80 -1.398879e-01
12 83 -1.398931e-01
70 78 -1.400523e-01
27 48 -1.400794e-01
22 76 -1.401281e-01
28 70 -1.403071e-01
6 63 -1.403438e-01
15 29 -1.403609e-01
17 54 -1.404549e-01
28 57 -1.406089e-01
19 75 -1.406449e-01
31 77 -1.406932e-01
9 52 -1.406935e-01
26 31 -1.407767e-01
21 65 -1.408823e-01
23 77 -1.411055e-01
6 65 -1.411933e-01
29 65 -1.412965e-01
38 77 -1.414295e-01
45 67 -1.416418e-01
32 84 -1.416999e-01
16 62 -1.417129e-01
37 84 -1.420867e-01
34 58 -1.422596e-01
33 62 -1.424193e-01
54 82 -1.425301e-01
3 84 -1.425691e-01
71 80 -1.425921e-01
1 41 -1.429859e-01
15 36 -1.430194e-01
24 37 -1.430439e-01
34 39 -1.432780e-01
11 43 -1.434134e-01
23 64 -1.439660e-01
51 57 -1.439725e-01
23 80 -1.441339e-01
10 57 -1.443040e-01
20 70 -1.443132e-01
21 64 -1.445425e-01
11 79 -1.445926e-01
64 69 -1.445995e-01
49 75 -1.446004e-01
11 40 -1.446930e-01
6 28 -1.448103e-01
11 48 -1.450845e-01
2 72 -1.452130e-01
60 75 -1.456446e-01
7 48 -1.457681e-01
39 78 -1.457751e-01
6 56 -1.458991e-01
2 62 -1.459290e-01
45 71 -1.459586e-01
10 62 -1.460355e-01
15 64 -1.460412e-01
12 54 -1.460734e-01
41 43 -1.463667e-01
1 40 -1.465118e-01
7 47 -1.465688e-01
15 31 -1.465936e-01
52 55 -1.466114e-01
7 83 -1.469907e-01
17 74 -1.470845e-01
27 69 -1.470914e-01
24 67 -1.471310e-01
18 62 -1.472011e-01
58 66 -1.472236e-01
13 67 -1.473721e-01
4 25 -1.473773e-01
5 43 -1.475176e-01
18 66 -1.475448e-01
31 68 -1.477308e-01
32 67 -1.478263e-01
16 61 -1.478380e-01
61 83 -1.481157e-01
41 69 -1.481432e-01
38 82 -1.482327e-01
32 45 -1.485947e-01
47 65 -1.486156e-01
16 52 -1.486315e-01
16 29 -1.486424e-01
19 63 -1.486465e-01
36 47 -1.487472e-01
31 37 -1.487765e-01
11 77 -1.490389e-01
12 35 -1.491148e-01
68 83 -1.494260e-01
10 55 -1.496935e-01
70 77 -1.497963e-01
20 27 -1.498625e-01
32 68 -1.498881e-01
16 37 -1.500251e-01
10 22 -1.501112e-01
34 40 -1.502427e-01
7 22 -1.502449e-01
29 80 -1.502602e-01
8 25 -1.503554e-01
11 69 -1.503714e-01
41 81 -1.504352e-01
32 59 -1.506641e-01
5 63 -1.507203e-01
21 80 -1.507687e-01
11 73 -1.509021e-01
7 56 -1.509578e-01
13 51 -1.510770e-01
10 48 -1.511180e-01
12 79 -1.513166e-01
7 34 -1.513489e-01
19 26 -1.518588e-01
31 40 -1.521348e-01
4 82 -1.521830e-01
26 46 -1.521881e-01
59 62 -1.523763e-01
10 32 -1.526553e-01
66 72 -1.526596e-01
23 40 -1.527811e-01
3 27 -1.528144e-01
57 83 -1.529591e-01
49 57 -1.529747e-01
16 68 -1.531235e-01
21 32 -1.531595e-01
36 52 -1.532907e-01
18 77 -1.533514e-01
38 78 -1.534066e-01
34 73 -1.534148e-01
40 65 -1.534378e-01
70 79 -1.538541e-01
38 69 -1.543455e-01
22 32 -1.543525e-01
51 66 -1.544466e-01
31 45 -1.544794e-01
5 77 -1.545536e-01
36 82 -1.547431e-01
12 21 -1.547482e-01
23 79 -1.548808e-01
7 54 -1.548939e-01
8 53 -1.551262e-01
12 80 -1.551678e-01
64 73 -1.555287e-01
29 59 -1.555305e-01
15 76 -1.556275e-01
43 57 -1.559088e-01
67 75 -1.559547e-01
26 67 -1.559721e-01
38 80 -1.560742e-01
71 76 -1.562603e-01
35 68 -1.562624e-01
53 77 -1.563393e-01
9 35 -1.563664e-01
31 34 -1.565063e-01
16 81 -1.567577e-01
13 46 -1.568223e-01
7 32 -1.571412e-01
28 65 -1.573701e-01
6 71 -1.578009e-01
8 59 -1.578955e-01
4 74 -1.581478e-01
14 81 -1.581648e-01
28 68 -1.583709e-01
4 47 -1.586923e-01
44 62 -1.587478e-01
4 24 -1.589793e-01
50 82 -1.591502e-01
36 81 -1.591823e-01
37 55 -1.595143e-01
18 72 -1.596276e-01
31 66 -1.598861e-01
14 56 -1.598955e-01
23 47 -1.599125e-01
15 47 -1.599980e-01
36 58 -1.600123e-01
40 50 -1.600429e-01
48 80 -1.602568e-01
69 78 -1.603587e-01
28 72 -1.605422e-01
24 64 -1.605758e-01
9 46 -1.605928e-01
8 58 -1.610154e-01
9 56 -1.611264e-01
49 78 -1.612805e-01
5 73 -1.614261e-01
13 78 -1.614348e-01
18 39 -1.619616e-01
53 79 -1.625201e-01
4 68 -1.627690e-01
29 44 -1.629569e-01
61 78 -1.629714e-01
47 54 -1.629999e-01
27 33 -1.631211e-01
11 58 -1.633354e-01
5 25 -1.633367e-01
28 73 -1.634496e-01
57 69 -1.635259e-01
39 49 -1.635922e-01
49 55 -1.636467e-01
6 80 -1.636600e-01
26 44 -1.638104e-01
12 30 -1.638685e-01
4 77 -1.639120e-01
37 75 -1.639284e-01
26 72 -1.639477e-01
42 80 -1.640258e-01
27 83 -1.641094e-01
69 81 -1.641132e-01
44 50 -1.646295e-01
39 45 -1.646755e-01
14 63 -1.647005e-01
13 57 -1.647774e-01
57 73 -1.647926e-01
21 75 -1.648563e-01
43 63 -1.651177e-01
46 74 -1.653788e-01
57 79 -1.655245e-01
43 71 -1.656750e-01
22 49 -1.657461e-01
29 37 -1.657975e-01
47 59 -1.664182e-01
14 71 -1.665276e-01
31 74 -1.667987e-01
4 63 -1.671164e-01
13 19 -1.671910e-01
3 41 -1.673373e-01
39 81 -1.674779e-01
7 19 -1.675062e-01
33 56 -1.676755e-01
8 67 -1.678990e-01
23 62 -1.679560e-01
44 83 -1.682694e-01
22 64 -1.683613e-01
6 74 -1.684919e-01
10 67 -1.684961e-01
3 75 -1.685212e-01
50 75 -1.685440e-01
67 77 -1.686895e-01
10 25 -1.686902e-01
6 30 -1.686924e-01
48 74 -1.686941e-01
33 50 -1.687664e-01
11 57 -1.690727e-01
5 60 -1.692239e-01
2 80 -1.693059e-01
14 68 -1.693875e-01
43 74 -1.697355e-01
18 68 -1.699132e-01
31 47 -1.701414e-01
3 12 -1.702513e-01
22 27 -1.704324e-01
45 84 -1.709193e-01
37 57 -1.709353e-01
18 55 -1.710107e-01
4 38 -1.710159e-01
30 64 -1.711085e-01
24 42 -1.714586e-01
48 52 -1.716079e-01
6 66 -1.717737e-01
16 34 -1.717783e-01
12 69 -1.718061e-01
50 79 -1.718995e-01
43 77 -1.720204e-01
70 81 -1.720693e-01
11 38 -1.722893e-01
39 68 -1.723664e-01
2 46 -1.724615e-01
10 56 -1.724699e-01
46 64 -1.725580e-01
51 64 -1.726605e-01
12 51 -1.728687e-01
18 76 -1.728788e-01
7 82 -1.730122e-01
62 79 -1.730402e-01
14 29 -1.732966e-01
23 61 -1.734301e-01
62 73 -1.736010e-01
27 51 -1.736185e-01
49 56 -1.736809e-01
47 60 -1.737478e-01
12 39 -1.737517e-01
1 52 -1.738465e-01
31 63 -1.740080e-01
21 33 -1.740261e-01
13 74 -1.740772e-01
12 61 -1.742412e-01
20 52 -1.748139e-01
5 17 -1.748608e-01
30 37 -1.748685e-01
8 61 -1.749840e-01
28 69 -1.750255e-01
53 71 -1.750345e-01
7 71 -1.750540e-01
28 60 -1.755535e-01
3 77 -1.758613e-01
6 75 -1.758666e-01
17 75 -1.759044e-01
15 79 -1.761512e-01
18 70 -1.761686e-01
9 72 -1.763262e-01
52 78 -1.764963e-01
41 56 -1.765302e-01
21 52 -1.765690e-01
61 84 -1.766649e-01
7 67 -1.767194e-01
6 73 -1.772728e-01
18 54 -1.775794e-01
52 80 -1.776066e-01
31 54 -1.776469e-01
63 72 -1.783900e-01
44 66 -1.786024e-01
31 73 -1.786390e-01
5 75 -1.787054e-01
45 83 -1.793116e-01
54 76 -1.794029e-01
19 77 -1.794044e-01
10 65 -1.794549e-01
11 71 -1.796002e-01
10 64 -1.798953e-01
14 83 -1.799706e-01
15 30 -1.799949e-01
51 78 -1.803900e-01
40 74 -1.804886e-01
42 62 -1.806916e-01
27 77 -1.807660e-01
49 76 -1.808419e-01
61 72 -1.810432e-01
4 79 -1.811034e-01
14 78 -1.813050e-01
30 82 -1.815864e-01
20 54 -1.817703e-01
46 81 -1.818090e-01
10 49 -1.819807e-01
14 82 -1.820257e-01
13 39 -1.821843e-01
10 53 -1.826709e-01
34 61 -1.826711e-01
17 77 -1.830005e-01
21 63 -1.830469e-01
14 62 -1.831171e-01
58 64 -1.832189e-01
16 28 -1.835283e-01
20 60 -1.835896e-01
22 66 -1.836836e-01
37 67 -1.837800e-01
29 63 -1.840070e-01
11 20 -1.840377e-01
9 83 -1.842031e-01
12 44 -1.844402e-01
43 78 -1.844508e-01
32 69 -1.847149e-01
2 67 -1.847279e-01
14 33 -1.854462e-01
51 76 -1.857274e-01
6 64 -1.857977e-01
56 76 -1.858341e-01
1 64 -1.858737e-01
25 36 -1.862811e-01
3 82 -1.864046e-01
51 84 -1.865407e-01
27 54 -1.865521e-01
16 27 -1.866018e-01
41 74 -1.866720e-01
53 64 -1.867659e-01
24 44 -1.867842e-01
17 40 -1.869650e-01
42 66 -1.871155e-01
26 75 -1.872256e-01
12 65 -1.873923e-01
61 76 -1.875787e-01
3 52 -1.880246e-01
12 59 -1.882121e-01
32 65 -1.882925e-01
7 65 -1.885186e-01
38 57 -1.886429e-01
33 76 -1.888580e-01
51 83 -1.889565e-01
27 81 -1.897757e-01
42 82 -1.899437e-01
40 62 -1.900389e-01
55 81 -1.901149e-01
29 76 -1.903477e-01
18 69 -1.903808e-01
49 84 -1.904040e-01
11 31 -1.907628e-01
2 79 -1.907891e-01
44 74 -1.908078e-01
48 82 -1.909421e-01
54 58 -1.910322e-01
4 84 -1.911027e-01
49 71 -1.916246e-01
19 71 -1.916951e-01
1 71 -1.919127e-01
3 8 -1.921739e-01
33 49 -1.921967e-01
13 73 -1.924430e-01
23 68 -1.927056e-01
41 61 -1.927636e-01
31 76 -1.927691e-01
31 81 -1.928304e-01
3 26 -1.929812e-01
28 38 -1.932893e-01
20 45 -1.934255e-01
7 40 -1.936268e-01
2 47 -1.939420e-01
1 12 -1.939521e-01
35 54 -1.939561e-01
55 74 -1.939635e-01
12 25 -1.940948e-01
32 80 -1.943937e-01
31 72 -1.945442e-01
50 80 -1.947994e-01
38 46 -1.949542e-01
1 83 -1.950917e-01
44 47 -1.953634e-01
25 49 -1.954215e-01
49 77 -1.956071e-01
48 81 -1.957569e-01
63 82 -1.958990e-01
35 84 -1.960627e-01
16 49 -1.965452e-01
6 47 -1.965637e-01
1 82 -1.966845e-01
69 84 -1.968703e-01
43 82 -1.969421e-01
38 81 -1.972822e-01
4 75 -1.975398e-01
42 56 -1.975703e-01
51 81 -1.977062e-01
43 80 -1.980350e-01
1 80 -1.982027e-01
33 42 -1.986400e-01
7 66 -1.986850e-01
34 71 -1.987933e-01
2 26 -1.992771e-01
44 79 -1.993627e-01
42 77 -1.994487e-01
8 29 -1.995595e-01
26 42 -1.995777e-01
40 83 -1.999068e-01
52 71 -1.999311e-01
29 77 -2.000173e-01
49 58 -2.001773e-01
22 83 -2.003833e-01
17 49 -2.004228e-01
37 43 -2.008457e-01
59 82 -2.010673e-01
30 52 -2.010844e-01
51 79 -2.013499e-01
26 48 -2.016165e-01
32 78 -2.017648e-01
50 74 -2.021028e-01
19 81 -2.021034e-01
5 46 -2.023327e-01
8 48 -2.024655e-01
24 62 -2.028440e-01
56 83 -2.032250e-01
14 69 -2.032360e-01
54 79 -2.035157e-01
40 60 -2.035937e-01
12 20 -2.036548e-01
60 81 -2.041330e-01
47 74 -2.048279e-01
6 24 -2.050139e-01
33 77 -2.052968e-01
14 48 -2.054746e-01
37 53 -2.055459e-01
32 81 -2.056581e-01
61 80 -2.056907e-01
64 75 -2.057829e-01
52 83 -2.057875e-01
19 28 -2.058397e-01
13 63 -2.063699e-01
5 76 -2.063732e-01
8 30 -2.065690e-01
3 68 -2.066365e-01
22 54 -2.067303e-01
15 67 -2.067468e-01
28 79 -2.068404e-01
62 75 -2.071065e-01
20 64 -2.073985e-01
39 82 -2.075312e-01
43 64 -2.076722e-01
40 73 -2.077524e-01
11 75 -2.078509e-01
9 24 -2.079211e-01
26 70 -2.081018e-01
28 83 -2.086800e-01
7 69 -2.088391e-01
29 47 -2.089245e-01
3 66 -2.098759e-01
24 79 -2.105331e-01
40 78 -2.105434e-01
47 57 -2.106269e-01
57 65 -2.107541e-01
37 81 -2.110816e-01
23 44 -2.111529e-01
15 40 -2.112816e-01
29 34 -2.114640e-01
15 62 -2.117053e-01
49 79 -2.118379e-01
11 53 -2.120371e-01
27 46 -2.123446e-01
54 81 -2.125161e-01
35 45 -2.125253e-01
53 81 -2.126786e-01
39 64 -2.127742e-01
31 84 -2.128719e-01
18 47 -2.129311e-01
42 63 -2.130893e-01
37 79 -2.139159e-01
52 72 -2.139271e-01
20 55 -2.142011e-01
37 83 -2.142789e-01
16 74 -2.142845e-01
41 78 -2.144252e-01
23 69 -2.145161e-01
4 76 -2.145742e-01
31 80 -2.150186e-01
51 75 -2.152268e-01
9 33 -2.153823e-01
52 81 -2.155114e-01
1 81 -2.156879e-01
28 74 -2.158909e-01
34 70 -2.160115e-01
35 83 -2.161388e-01
26 71 -2.161910e-01
4 80 -2.163413e-01
35 41 -2.166948e-01
6 78 -2.169643e-01
6 37 -2.173929e-01
49 63 -2.176271e-01
13 44 -2.176313e-01
60 66 -2.177746e-01
63 71 -2.178765e-01
7 49 -2.179744e-01
18 37 -2.180498e-01
40 77 -2.181597e-01
50 84 -2.182453e-01
34 67 -2.182776e-01
5 55 -2.187388e-01
15 78 -2.188613e-01
34 65 -2.189638e-01
37 72 -2.192694e-01
46 55 -2.193537e-01
27 71 -2.195018e-01
17 78 -2.195567e-01
13 18 -2.195708e-01
5 67 -2.199801e-01
41 70 -2.205874e-01
9 66 -2.207059e-01
2 78 -2.209784e-01
25 28 -2.209877e-01
50 64 -2.211801e-01
39 80 -2.213711e-01
48 64 -2.214489e-01
19 66 -2.218162e-01
31 49 -2.219119e-01
40 46 -2.222161e-01
25 40 -2.224234e-01
43 84 -2.226723e-01
44 71 -2.226997e-01
37 73 -2.228926e-01
50 60 -2.229878e-01
49 53 -2.230358e-01
2 75 -2.234273e-01
54 73 -2.234353e-01
67 84 -2.240943e-01
65 72 -2.242121e-01
29 81 -2.242256e-01
37 39 -2.244904e-01
69 77 -2.247793e-01
31 82 -2.248484e-01
5 56 -2.248674e-01
39 52 -2.248932e-01
8 55 -2.250887e-01
17 66 -2.256396e-01
43 65 -2.258505e-01
12 53 -2.263294e-01
18 71 -2.264199e-01
25 81 -2.264287e-01
19 62 -2.266123e-01
6 40 -2.270961e-01
33 58 -2.275246e-01
34 72 -2.275843e-01
45 56 -2.281459e-01
2 83 -2.285329e-01
11 29 -2.290658e-01
14 36 -2.291664e-01
8 65 -2.292324e-01
48 59 -2.297214e-01
46 54 -2.298674e-01
30 78 -2.303928e-01
4 78 -2.308198e-01
13 31 -2.310168e-01
61 71 -2.311421e-01
36 69 -2.316772e-01
38 84 -2.317438e-01
17 63 -2.317446e-01
50 78 -2.317844e-01
39 76 -2.318130e-01
32 82 -2.321530e-01
12 58 -2.326878e-01
52 79 -2.332691e-01
29 64 -2.333525e-01
44 68 -2.335044e-01
17 62 -2.342474e-01
4 81 -2.343118e-01
14 40 -2.344972e-01
30 49 -2.346282e-01
24 66 -2.349881e-01
35 82 -2.350229e-01
13 40 -2.357216e-01
58 65 -2.358175e-01
15 32 -2.362250e-01
25 64 -2.363676e-01
31 78 -2.364336e-01
35 75 -2.367827e-01
27 52 -2.370294e-01
40 81 -2.372993e-01
35 74 -2.373987e-01
53 76 -2.374300e-01
2 82 -2.376147e-01
17 28 -2.379729e-01
5 20 -2.380054e-01
17 32 -2.382133e-01
42 74 -2.382331e-01
48 84 -2.386224e-01
10 66 -2.386893e-01
54 83 -2.387223e-01
27 78 -2.394169e-01
1 63 -2.398908e-01
25 82 -2.405122e-01
54 69 -2.405962e-01
53 75 -2.406768e-01
23 48 -2.407182e-01
8 63 -2.408810e-01
16 64 -2.408971e-01
12 27 -2.411297e-01
18 34 -2.412547e-01
38 63 -2.412626e-01
17 41 -2.412964e-01
2 63 -2.415359e-01
38 73 -2.415656e-01
19 64 -2.415702e-01
9 50 -2.416379e-01
26 58 -2.418778e-01
53 84 -2.424481e-01
13 32 -2.434305e-01
38 74 -2.434802e-01
48 76 -2.451630e-01
14 64 -2.460738e-01
3 54 -2.462382e-01
44 82 -2.464721e-01
59 84 -2.465835e-01
41 67 -2.468230e-01
11 44 -2.470206e-01
54 77 -2.474307e-01
8 24 -2.477324e-01
47 61 -2.478546e-01
44 75 -2.483163e-01
57 67 -2.488482e-01
35 64 -2.491499e-01
8 49 -2.496809e-01
57 72 -2.499293e-01
23 52 -2.502910e-01
17 37 -2.503550e-01
57 66 -2.505402e-01
48 75 -2.509252e-01
31 75 -2.510680e-01
5 68 -2.511065e-01
65 82 -2.512298e-01
4 83 -2.512601e-01
16 26 -2.514282e-01
45 51 -2.514290e-01
39 84 -2.519162e-01
23 35 -2.524842e-01
12 29 -2.534688e-01
55 78 -2.537346e-01
40 59 -2.539424e-01
56 79 -2.539849e-01
12 46 -2.540033e-01
20 63 -2.541495e-01
9 82 -2.542175e-01
19 84 -2.545559e-01
10 74 -2.546265e-01
13 61 -2.548823e-01
23 76 -2.549477e-01
39 63 -2.550069e-01
17 82 -2.558157e-01
36 49 -2.564451e-01
15 66 -2.569693e-01
17 64 -2.575092e-01
48 78 -2.575662e-01
27 68 -2.581699e-01
33 61 -2.586276e-01
29 84 -2.589618e-01
7 41 -2.590060e-01
4 45 -2.591474e-01
36 62 -2.595206e-01
52 75 -2.597682e-01
35 79 -2.597808e-01
20 42 -2.601071e-01
9 74 -2.605953e-01
11 35 -2.609431e-01
11 60 -2.612407e-01
10 29 -2.614309e-01
29 82 -2.617180e-01
42 65 -2.624076e-01
51 82 -2.627790e-01
4 73 -2.628567e-01
44 78 -2.630215e-01
40 61 -2.631208e-01
1 84 -2.644742e-01
27 75 -2.645919e-01
60 83 -2.649983e-01
2 71 -2.652001e-01
53 80 -2.656473e-01
8 27 -2.656564e-01
17 76 -2.657231e-01
29 72 -2.657954e-01
15 82 -2.658543e-01
12 56 -2.666465e-01
52 84 -2.668383e-01
9 32 -2.673825e-01
24 52 -2.680741e-01
13 43 -2.681516e-01
31 79 -2.688108e-01
9 48 -2.688775e-01
50 62 -2.690897e-01
43 76 -2.705941e-01
30 74 -2.710293e-01
26 55 -2.711626e-01
64 79 -2.714503e-01
26 61 -2.716019e-01
41 65 -2.720231e-01
15 28 -2.720624e-01
37 59 -2.729216e-01
42 64 -2.730100e-01
11 32 -2.749743e-01
18 49 -2.751178e-01
55 62 -2.755814e-01
43 81 -2.756042e-01
48 79 -2.756725e-01
8 74 -2.759419e-01
3 62 -2.761860e-01
12 67 -2.764297e-01
1 79 -2.771481e-01
9 81 -2.775763e-01
23 82 -2.795539e-01
42 73 -2.797561e-01
13 58 -2.808685e-01
13 27 -2.812024e-01
44 63 -2.815160e-01
10 61 -2.832524e-01
3 64 -2.837113e-01
32 73 -2.843610e-01
62 72 -2.849206e-01
23 66 -2.850595e-01
16 82 -2.850810e-01
29 49 -2.855470e-01
54 84 -2.858995e-01
3 24 -2.869505e-01
9 40 -2.873960e-01
11 33 -2.879986e-01
42 78 -2.889194e-01
27 79 -2.913378e-01
41 55 -2.917117e-01
58 82 -2.923406e-01
13 29 -2.941554e-01
51 80 -2.961855e-01
23 36 -2.966365e-01
2 81 -2.967921e-01
41 54 -2.971537e-01
22 81 -2.979462e-01
70 82 -2.980454e-01
40 84 -2.980588e-01
2 64 -2.990346e-01
19 47 -2.995786e-01
21 74 -2.998107e-01
37 61 -3.000556e-01
60 80 -3.008485e-01
29 83 -3.008697e-01
22 84 -3.009674e-01
26 57 -3.023160e-01
19 80 -3.024387e-01
41 58 -3.027844e-01
9 76 -3.049024e-01
12 73 -3.052924e-01
6 81 -3.060911e-01
9 64 -3.069717e-01
3 37 -3.070834e-01
13 56 -3.081151e-01
11 46 -3.089114e-01
3 23 -3.094439e-01
61 79 -3.096797e-01
11 56 -3.120731e-01
34 59 -3.163451e-01
13 55 -3.172227e-01
50 81 -3.186327e-01
2 32 -3.191716e-01
22 80 -3.200690e-01
3 74 -3.206328e-01
26 69 -3.216353e-01
56 80 -3.219800e-01
52 73 -3.263094e-01
9 71 -3.271056e-01
16 66 -3.299410e-01
35 81 -3.310680e-01
61 68 -3.323366e-01
54 75 -3.324719e-01
3 63 -3.335605e-01
41 57 -3.353006e-01
48 83 -3.382922e-01
54 80 -3.385110e-01
2 74 -3.446451e-01
7 63 -3.470772e-01
6 41 -3.497900e-01
22 75 -3.553761e-01
9 41 -3.627603e-01
49 73 -3.658546e-01
48 54 -3.663824e-01
60 84 -3.707518e-01
13 60 -3.761145e-01
22 79 -3.776256e-01
60 79 -4.340501e-01
