86 88 3.203319e+00
31 41 2.128188e+00
72 73 1.493192e+00
28 45 1.437778e+00
36 44 1.068941e+00
84 86 9.903609e-01
34 80 8.876246e-01
12 15 8.553486e-01
32 38 8.329108e-01
63 77 8.102403e-01
31 59 7.826520e-01
26 29 6.789701e-01
30 84 6.786401e-01
82 94 6.652805e-01
9 10 6.420186e-01
32 54 6.377904e-01
81 84 6.275127e-01
19 23 6.099730e-01
36 37 6.078790e-01
71 72 6.061336e-01
36 62 6.048536e-01
47 58 5.957826e-01
11 12 5.912254e-01
57 61 5.624248e-01
88 89 5.541030e-01
95 96 5.471766e-01
48 58 5.444917e-01
27 31 5.326206e-01
16 63 5.186872e-01
7 8 5.157951e-01
79 83 5.124489e-01
97 98 5.056963e-01
30 34 5.054117e-01
6 7 5.052179e-01
82 90 5.008788e-01
67 76 5.003370e-01
44 62 4.994600e-01
8 10 4.960945e-01
99 100 4.916432e-01
19 20 4.865141e-01
82 87 4.857352e-01
5 6 4.827405e-01
17 57 4.824568e-01
31 35 4.727561e-01
55 59 4.714572e-01
89 92 4.709099e-01
89 90 4.651773e-01
8 9 4.635747e-01
52 55 4.635361e-01
27 55 4.597110e-01
69 70 4.588289e-01
60 63 4.577206e-01
12 14 4.547689e-01
10 14 4.540005e-01
20 63 4.503956e-01
11 14 4.486027e-01
15 19 4.484093e-01
13 14 4.450154e-01
10 11 4.369690e-01
33 83 4.350970e-01
81 86 4.350133e-01
30 80 4.339546e-01
96 97 4.303769e-01
77 81 4.299705e-01
78 82 4.290894e-01
9 11 4.288114e-01
15 16 4.287050e-01
54 57 4.280380e-01
27 28 4.225178e-01
12 13 4.201835e-01
20 60 4.200777e-01
60 77 4.182227e-01
30 77 4.144325e-01
87 88 4.106225e-01
7 10 4.067371e-01
26 86 4.031392e-01
4 5 3.974927e-01
10 12 3.966304e-01
94 95 3.962591e-01
85 87 3.891964e-01
13 64 3.873078e-01
92 93 3.867376e-01
45 55 3.862853e-01
31 55 3.850921e-01
40 62 3.842430e-01
7 11 3.837160e-01
30 56 3.836452e-01
15 17 3.809082e-01
14 15 3.807462e-01
38 42 3.742909e-01
58 61 3.713248e-01
42 45 3.703402e-01
90 93 3.700788e-01
23 24 3.686577e-01
40 41 3.684951e-01
15 18 3.679984e-01
34 90 3.663065e-01
1 3 3.655394e-01
42 48 3.652000e-01
21 22 3.642540e-01
63 72 3.632080e-01
4 8 3.617743e-01
90 91 3.597036e-01
82 91 3.578433e-01
76 83 3.567651e-01
63 81 3.558521e-01
93 97 3.556005e-01
9 12 3.549004e-01
40 66 3.544135e-01
36 66 3.540599e-01
44 55 3.514039e-01
61 65 3.512031e-01
30 60 3.474013e-01
9 13 3.466516e-01
62 65 3.464403e-01
25 28 3.461814e-01
68 69 3.451686e-01
84 85 3.431308e-01
30 31 3.428694e-01
6 8 3.427430e-01
8 14 3.415213e-01
55 56 3.396989e-01
20 27 3.381048e-01
47 52 3.360409e-01
18 21 3.333630e-01
36 59 3.326670e-01
57 64 3.312936e-01
24 31 3.312321e-01
87 91 3.309763e-01
9 15 3.307203e-01
69 72 3.304058e-01
27 45 3.295629e-01
91 93 3.292545e-01
54 58 3.283741e-01
86 89 3.255312e-01
3 4 3.222543e-01
5 7 3.217741e-01
64 72 3.215652e-01
40 68 3.187490e-01
2 3 3.182622e-01
3 5 3.179471e-01
59 64 3.178908e-01
18 22 3.165034e-01
33 80 3.164634e-01
53 54 3.130406e-01
35 37 3.120715e-01
69 73 3.113807e-01
7 9 3.105286e-01
22 92 3.100663e-01
54 65 3.093641e-01
11 13 3.092247e-01
54 55 3.088117e-01
8 12 3.083628e-01
20 57 3.081614e-01
78 90 3.076310e-01
16 19 3.067940e-01
76 79 3.053007e-01
8 11 3.040310e-01
24 27 3.035793e-01
94 96 3.023744e-01
48 55 3.021396e-01
19 89 3.006498e-01
3 6 3.001002e-01
47 55 2.980387e-01
56 59 2.972756e-01
27 44 2.972644e-01
74 75 2.967402e-01
24 56 2.966699e-01
16 57 2.965592e-01
21 85 2.962960e-01
31 36 2.955827e-01
47 48 2.931584e-01
67 73 2.913782e-01
74 84 2.902143e-01
68 72 2.885887e-01
27 59 2.864678e-01
6 9 2.860084e-01
33 84 2.852650e-01
25 27 2.846980e-01
68 71 2.846355e-01
34 60 2.845424e-01
58 68 2.833808e-01
90 94 2.832403e-01
92 96 2.816379e-01
27 73 2.816088e-01
46 49 2.806702e-01
7 14 2.786808e-01
32 58 2.764029e-01
16 35 2.759836e-01
44 63 2.759833e-01
48 51 2.758575e-01
20 21 2.756482e-01
4 7 2.736163e-01
33 92 2.731614e-01
98 99 2.729278e-01
10 15 2.722515e-01
29 33 2.700708e-01
95 97 2.680199e-01
49 50 2.669163e-01
1 100 2.666670e-01
11 93 2.661638e-01
92 95 2.654555e-01
78 93 2.634813e-01
63 73 2.634720e-01
45 46 2.634452e-01
79 82 2.631690e-01
89 96 2.631125e-01
28 54 2.625994e-01
6 10 2.618765e-01
1 2 2.590439e-01
2 6 2.584033e-01
49 55 2.582097e-01
19 27 2.576265e-01
19 42 2.555455e-01
26 89 2.543805e-01
74 93 2.536044e-01
5 10 2.535432e-01
47 67 2.521386e-01
60 81 2.520459e-01
39 65 2.506111e-01
4 6 2.505782e-01
28 32 2.501156e-01
51 55 2.496520e-01
52 54 2.492543e-01
46 50 2.489808e-01
17 21 2.487922e-01
5 8 2.487350e-01
36 40 2.483819e-01
13 18 2.483761e-01
31 34 2.479953e-01
28 41 2.477629e-01
9 14 2.472232e-01
32 39 2.471523e-01
41 59 2.465217e-01
13 20 2.462313e-01
10 13 2.448112e-01
56 60 2.447749e-01
25 59 2.435210e-01
92 94 2.434078e-01
87 93 2.432240e-01
1 4 2.415351e-01
83 87 2.410856e-01
19 22 2.402553e-01
52 53 2.399731e-01
47 57 2.399491e-01
26 28 2.394003e-01
97 99 2.393372e-01
3 100 2.386591e-01
32 41 2.383090e-01
7 13 2.382073e-01
53 61 2.376237e-01
14 21 2.371138e-01
25 26 2.370750e-01
70 71 2.360293e-01
47 62 2.357782e-01
27 56 2.355594e-01
50 70 2.347939e-01
11 74 2.323762e-01
78 89 2.321243e-01
19 78 2.320682e-01
63 90 2.319764e-01
87 92 2.318731e-01
32 42 2.316798e-01
11 15 2.316411e-01
73 76 2.309867e-01
76 80 2.302059e-01
57 58 2.299490e-01
61 78 2.296779e-01
56 70 2.284183e-01
85 96 2.284010e-01
73 91 2.282322e-01
43 62 2.277890e-01
56 64 2.268725e-01
4 10 2.267290e-01
69 71 2.261960e-01
43 53 2.258266e-01
24 86 2.254396e-01
23 39 2.248196e-01
16 18 2.245501e-01
94 97 2.233450e-01
80 82 2.233017e-01
27 72 2.223115e-01
4 100 2.216440e-01
49 69 2.212406e-01
24 25 2.208577e-01
28 42 2.192092e-01
48 49 2.184896e-01
20 22 2.182237e-01
23 77 2.173540e-01
10 18 2.168312e-01
96 98 2.167341e-01
98 100 2.163656e-01
86 90 2.159581e-01
84 87 2.157390e-01
15 20 2.156050e-01
4 9 2.155309e-01
1 99 2.154504e-01
29 92 2.146505e-01
23 86 2.144277e-01
1 5 2.143137e-01
2 4 2.132919e-01
24 26 2.126370e-01
36 89 2.126289e-01
95 98 2.109905e-01
28 38 2.101749e-01
26 56 2.100340e-01
31 56 2.097434e-01
38 58 2.093485e-01
42 65 2.090121e-01
51 54 2.085902e-01
17 18 2.081868e-01
32 57 2.081723e-01
55 78 2.080522e-01
31 68 2.078202e-01
37 40 2.070503e-01
34 64 2.061094e-01
34 63 2.056521e-01
38 47 2.053354e-01
13 16 2.052366e-01
80 84 2.048230e-01
90 92 2.039749e-01
26 88 2.032829e-01
56 86 2.032301e-01
37 62 2.029423e-01
24 88 2.022319e-01
57 62 2.017851e-01
94 98 2.016961e-01
14 17 2.011615e-01
50 83 2.009998e-01
65 84 2.006463e-01
81 85 2.003532e-01
64 74 1.999629e-01
39 75 1.989731e-01
71 91 1.988554e-01
66 85 1.984523e-01
23 26 1.981226e-01
66 68 1.977151e-01
39 40 1.976712e-01
12 19 1.971465e-01
18 30 1.971282e-01
75 79 1.970221e-01
34 77 1.966705e-01
51 53 1.965442e-01
41 45 1.961840e-01
59 61 1.960807e-01
62 66 1.955062e-01
12 31 1.951609e-01
24 42 1.950727e-01
44 65 1.945358e-01
25 34 1.943792e-01
26 30 1.942603e-01
37 38 1.938840e-01
83 85 1.929476e-01
8 13 1.926981e-01
68 87 1.926830e-01
87 96 1.925155e-01
36 64 1.921640e-01
29 78 1.920911e-01
27 41 1.918145e-01
50 69 1.915382e-01
88 90 1.899402e-01
90 96 1.897035e-01
22 43 1.895226e-01
23 66 1.890510e-01
51 86 1.886615e-01
75 93 1.885421e-01
46 52 1.881109e-01
3 7 1.878297e-01
53 71 1.877476e-01
3 9 1.873996e-01
3 15 1.870168e-01
23 56 1.867937e-01
35 91 1.865989e-01
37 63 1.864810e-01
7 15 1.864561e-01
2 100 1.857909e-01
18 20 1.857076e-01
6 12 1.841441e-01
91 96 1.830644e-01
27 60 1.820404e-01
3 8 1.820273e-01
41 68 1.813841e-01
64 89 1.813626e-01
17 20 1.811991e-01
53 89 1.803810e-01
46 71 1.796903e-01
46 84 1.795963e-01
27 39 1.795607e-01
29 32 1.795005e-01
37 39 1.794718e-01
9 17 1.794715e-01
73 84 1.792009e-01
3 99 1.790021e-01
43 46 1.783504e-01
13 41 1.780921e-01
37 48 1.774743e-01
22 25 1.773132e-01
28 83 1.771137e-01
80 89 1.765951e-01
80 81 1.762724e-01
17 49 1.759647e-01
35 36 1.757939e-01
25 43 1.750838e-01
38 61 1.744767e-01
17 50 1.741468e-01
50 66 1.739326e-01
38 93 1.738191e-01
57 70 1.737683e-01
48 57 1.736417e-01
60 75 1.736134e-01
96 100 1.734327e-01
21 70 1.733980e-01
40 52 1.733964e-01
16 26 1.731707e-01
44 82 1.729073e-01
79 87 1.728715e-01
65 94 1.727365e-01
45 48 1.722618e-01
5 9 1.719035e-01
53 76 1.718516e-01
93 99 1.715680e-01
38 57 1.713379e-01
16 36 1.712982e-01
19 24 1.712299e-01
58 67 1.706466e-01
26 27 1.702605e-01
78 84 1.701787e-01
54 75 1.697335e-01
13 15 1.696589e-01
2 5 1.696428e-01
22 23 1.692897e-01
66 71 1.689892e-01
20 26 1.689023e-01
37 47 1.677938e-01
10 42 1.677103e-01
43 44 1.674402e-01
47 61 1.668734e-01
35 66 1.665934e-01
1 7 1.662965e-01
20 89 1.654435e-01
31 74 1.653705e-01
45 50 1.649364e-01
25 66 1.648057e-01
23 54 1.647357e-01
49 68 1.645981e-01
54 56 1.643667e-01
55 74 1.641896e-01
25 33 1.633501e-01
22 76 1.631920e-01
66 72 1.631386e-01
93 96 1.625403e-01
27 89 1.622343e-01
55 67 1.622058e-01
38 65 1.618751e-01
60 85 1.617470e-01
32 68 1.617277e-01
97 100 1.616358e-01
69 95 1.616150e-01
85 95 1.613029e-01
18 66 1.612584e-01
55 72 1.611596e-01
48 94 1.607050e-01
63 91 1.605212e-01
40 47 1.603841e-01
61 62 1.601988e-01
77 84 1.598078e-01
78 97 1.597533e-01
13 61 1.595678e-01
63 67 1.592920e-01
15 27 1.592220e-01
49 51 1.590351e-01
6 13 1.586431e-01
5 11 1.585581e-01
65 79 1.583629e-01
19 55 1.583543e-01
28 52 1.581598e-01
5 12 1.575963e-01
4 12 1.575383e-01
4 13 1.573237e-01
71 81 1.570366e-01
5 15 1.568536e-01
21 66 1.566325e-01
47 75 1.564966e-01
19 41 1.561673e-01
28 29 1.558590e-01
17 22 1.558465e-01
33 35 1.558179e-01
43 65 1.556147e-01
22 89 1.553836e-01
80 95 1.553821e-01
58 65 1.551875e-01
3 12 1.550565e-01
91 92 1.550564e-01
25 38 1.550382e-01
57 74 1.549972e-01
42 51 1.549722e-01
11 18 1.549641e-01
13 70 1.545259e-01
34 92 1.542325e-01
63 64 1.542002e-01
4 99 1.538335e-01
40 64 1.538179e-01
58 62 1.534877e-01
56 88 1.533220e-01
68 70 1.528733e-01
30 32 1.527207e-01
29 88 1.524762e-01
7 12 1.522317e-01
20 56 1.521828e-01
15 74 1.519757e-01
7 100 1.516719e-01
90 95 1.515870e-01
9 21 1.511479e-01
85 92 1.510668e-01
12 20 1.507061e-01
53 66 1.505564e-01
60 79 1.504812e-01
29 79 1.500524e-01
19 74 1.499466e-01
24 45 1.489539e-01
9 35 1.488479e-01
47 51 1.487872e-01
43 91 1.487800e-01
87 94 1.481710e-01
1 9 1.478035e-01
39 43 1.473734e-01
91 94 1.468091e-01
88 97 1.467751e-01
93 94 1.466397e-01
39 66 1.465565e-01
31 44 1.458996e-01
40 44 1.452767e-01
74 76 1.452122e-01
17 25 1.451673e-01
4 11 1.445016e-01
24 54 1.442395e-01
74 86 1.439123e-01
13 43 1.434947e-01
68 73 1.434373e-01
72 86 1.433118e-01
96 99 1.430470e-01
23 29 1.430013e-01
83 84 1.429668e-01
16 20 1.427909e-01
57 95 1.425968e-01
75 78 1.424655e-01
25 32 1.424107e-01
34 40 1.419624e-01
72 80 1.418380e-01
37 52 1.416454e-01
55 57 1.416416e-01
29 44 1.415794e-01
31 89 1.414585e-01
60 96 1.414369e-01
13 22 1.409946e-01
14 18 1.408989e-01
2 7 1.407049e-01
17 19 1.403484e-01
39 48 1.398451e-01
52 78 1.389631e-01
49 82 1.389516e-01
76 82 1.388037e-01
51 69 1.386008e-01
40 42 1.383987e-01
40 57 1.383972e-01
27 34 1.383868e-01
20 25 1.381129e-01
78 94 1.380135e-01
49 70 1.379799e-01
18 19 1.379233e-01
63 85 1.378378e-01
47 53 1.376503e-01
28 31 1.375688e-01
42 58 1.375587e-01
26 43 1.373338e-01
93 100 1.373172e-01
70 75 1.372510e-01
9 16 1.370556e-01
19 39 1.370439e-01
66 70 1.370121e-01
76 78 1.368383e-01
2 99 1.365431e-01
24 64 1.363431e-01
11 22 1.363042e-01
75 90 1.362222e-01
21 43 1.359924e-01
73 74 1.357380e-01
46 51 1.357183e-01
80 96 1.353511e-01
43 45 1.347869e-01
78 83 1.345802e-01
68 93 1.345402e-01
2 13 1.344055e-01
77 96 1.342403e-01
69 83 1.337746e-01
12 70 1.337338e-01
22 59 1.336095e-01
29 46 1.329378e-01
60 88 1.326709e-01
13 45 1.322958e-01
79 91 1.322747e-01
44 59 1.318899e-01
35 95 1.318266e-01
13 81 1.317581e-01
18 74 1.317573e-01
44 47 1.315026e-01
42 46 1.313825e-01
74 91 1.311782e-01
18 25 1.310017e-01
1 6 1.308189e-01
48 50 1.307252e-01
32 52 1.305163e-01
22 29 1.302377e-01
46 83 1.300946e-01
60 68 1.292365e-01
21 45 1.290030e-01
12 50 1.286789e-01
74 94 1.286643e-01
53 69 1.285620e-01
29 84 1.284004e-01
5 13 1.282592e-01
34 62 1.280329e-01
26 31 1.278464e-01
18 45 1.277711e-01
25 96 1.276759e-01
16 21 1.271021e-01
54 64 1.270197e-01
1 12 1.267569e-01
12 17 1.264922e-01
27 97 1.262408e-01
33 60 1.260918e-01
30 89 1.259056e-01
84 88 1.255485e-01
7 21 1.253998e-01
86 93 1.252948e-01
34 73 1.252865e-01
21 24 1.252202e-01
24 29 1.251411e-01
1 10 1.248906e-01
24 39 1.248010e-01
16 17 1.247693e-01
13 67 1.247022e-01
50 51 1.246620e-01
38 80 1.246388e-01
70 79 1.245354e-01
78 87 1.245139e-01
54 87 1.237717e-01
23 95 1.235590e-01
78 79 1.232525e-01
55 86 1.226606e-01
52 65 1.223487e-01
32 51 1.222928e-01
18 49 1.215309e-01
15 35 1.215102e-01
92 98 1.214244e-01
64 66 1.213755e-01
56 58 1.213417e-01
37 61 1.211590e-01
35 59 1.211096e-01
43 79 1.210200e-01
83 91 1.207894e-01
33 53 1.204995e-01
79 92 1.200999e-01
23 34 1.198995e-01
36 61 1.198505e-01
71 94 1.197918e-01
79 96 1.197837e-01
57 60 1.194714e-01
45 49 1.194548e-01
20 53 1.194167e-01
17 32 1.193610e-01
23 30 1.189419e-01
46 88 1.186745e-01
41 54 1.186194e-01
51 60 1.184415e-01
21 29 1.182954e-01
33 77 1.181389e-01
61 71 1.180142e-01
27 81 1.176771e-01
92 97 1.176637e-01
19 54 1.176087e-01
14 93 1.175123e-01
25 45 1.174781e-01
25 29 1.174702e-01
72 75 1.171961e-01
6 14 1.171125e-01
46 53 1.170830e-01
15 65 1.170759e-01
33 52 1.170220e-01
51 58 1.167598e-01
64 68 1.166151e-01
33 47 1.166145e-01
87 90 1.165847e-01
54 83 1.164396e-01
61 87 1.162865e-01
46 70 1.162783e-01
2 96 1.161096e-01
63 98 1.160875e-01
6 18 1.160436e-01
12 21 1.158164e-01
67 69 1.156877e-01
56 57 1.155868e-01
50 74 1.155764e-01
8 50 1.152882e-01
16 72 1.149883e-01
67 68 1.149839e-01
37 68 1.148369e-01
19 31 1.147785e-01
16 39 1.146921e-01
24 52 1.146149e-01
56 89 1.145630e-01
23 75 1.145182e-01
33 89 1.141979e-01
69 76 1.140613e-01
75 95 1.139452e-01
60 86 1.138793e-01
56 63 1.134397e-01
46 86 1.133811e-01
52 56 1.133317e-01
40 45 1.132559e-01
3 10 1.132515e-01
43 57 1.130593e-01
59 67 1.128717e-01
83 94 1.128615e-01
91 95 1.128253e-01
42 62 1.123362e-01
33 43 1.122881e-01
52 79 1.122700e-01
28 57 1.122540e-01
14 69 1.119927e-01
33 40 1.116564e-01
88 92 1.114625e-01
30 93 1.114563e-01
30 33 1.114158e-01
22 24 1.111503e-01
52 71 1.107029e-01
40 43 1.106562e-01
81 90 1.105956e-01
53 87 1.104794e-01
4 15 1.102251e-01
34 36 1.101694e-01
82 92 1.101157e-01
59 60 1.101060e-01
18 48 1.100813e-01
18 24 1.099767e-01
8 21 1.096664e-01
39 70 1.094439e-01
50 85 1.092629e-01
46 59 1.090979e-01
56 90 1.090854e-01
30 70 1.089616e-01
45 84 1.088276e-01
72 74 1.086262e-01
55 65 1.084458e-01
48 70 1.084234e-01
21 65 1.084150e-01
41 78 1.081879e-01
78 80 1.081685e-01
21 33 1.076936e-01
23 65 1.076003e-01
75 83 1.075581e-01
68 77 1.074948e-01
18 92 1.074673e-01
39 56 1.073041e-01
20 29 1.072962e-01
28 48 1.071669e-01
56 72 1.070544e-01
55 77 1.069479e-01
6 11 1.066952e-01
42 61 1.065864e-01
27 61 1.063488e-01
36 41 1.062543e-01
27 86 1.062382e-01
79 95 1.060597e-01
78 85 1.060121e-01
31 48 1.058816e-01
27 64 1.057808e-01
33 85 1.056642e-01
13 21 1.055993e-01
34 93 1.051043e-01
48 59 1.050052e-01
75 92 1.049980e-01
12 16 1.049392e-01
4 30 1.048476e-01
20 24 1.046335e-01
47 65 1.046192e-01
43 92 1.045429e-01
38 78 1.044647e-01
18 70 1.044543e-01
78 91 1.043543e-01
1 64 1.043378e-01
46 82 1.040282e-01
48 67 1.039488e-01
4 14 1.039269e-01
13 51 1.038117e-01
50 98 1.036727e-01
71 83 1.032921e-01
34 57 1.032835e-01
37 42 1.032795e-01
35 51 1.031420e-01
32 33 1.030414e-01
17 58 1.027074e-01
54 59 1.026891e-01
5 100 1.026017e-01
39 78 1.022017e-01
68 91 1.021868e-01
35 49 1.020977e-01
89 91 1.020946e-01
43 81 1.020576e-01
84 98 1.019315e-01
77 88 1.015301e-01
29 95 1.015259e-01
2 15 1.010835e-01
41 42 1.008480e-01
64 94 1.008263e-01
50 75 1.003494e-01
77 85 1.002562e-01
1 15 1.002267e-01
76 92 9.998673e-02
20 64 9.964295e-02
66 75 9.940685e-02
48 69 9.909718e-02
76 77 9.897733e-02
14 26 9.883544e-02
62 71 9.862142e-02
67 94 9.861654e-02
6 100 9.846678e-02
67 72 9.843515e-02
13 17 9.843074e-02
24 34 9.837788e-02
51 83 9.822702e-02
34 89 9.801310e-02
37 67 9.781670e-02
74 81 9.770323e-02
58 93 9.764075e-02
73 96 9.758250e-02
12 53 9.756181e-02
29 36 9.743512e-02
38 41 9.734846e-02
76 94 9.705918e-02
44 64 9.704620e-02
6 15 9.702717e-02
35 79 9.689316e-02
33 37 9.683294e-02
2 10 9.681225e-02
22 65 9.637916e-02
30 36 9.631400e-02
78 81 9.615931e-02
44 61 9.585299e-02
10 43 9.574874e-02
59 93 9.556705e-02
64 80 9.555242e-02
48 92 9.531200e-02
29 34 9.524428e-02
32 74 9.516816e-02
28 65 9.504091e-02
58 90 9.489937e-02
46 58 9.476075e-02
50 71 9.476018e-02
17 79 9.422811e-02
40 63 9.420704e-02
45 89 9.409174e-02
18 36 9.385703e-02
35 70 9.382593e-02
37 69 9.381862e-02
77 98 9.381156e-02
26 49 9.379436e-02
56 76 9.355943e-02
23 94 9.353876e-02
25 91 9.347118e-02
52 64 9.338427e-02
22 33 9.313103e-02
13 39 9.310449e-02
12 48 9.272957e-02
71 95 9.249640e-02
16 41 9.239535e-02
23 37 9.226933e-02
31 49 9.224506e-02
9 74 9.216815e-02
18 47 9.198332e-02
42 77 9.188937e-02
10 58 9.172927e-02
91 97 9.170571e-02
8 17 9.170312e-02
75 96 9.165595e-02
33 46 9.163306e-02
85 98 9.142027e-02
43 47 9.140751e-02
56 93 9.139055e-02
34 41 9.121509e-02
59 75 9.116790e-02
66 77 9.114982e-02
61 94 9.076376e-02
76 84 9.068472e-02
68 79 9.062731e-02
46 60 9.061448e-02
49 79 9.054106e-02
17 38 9.051052e-02
14 31 9.044062e-02
38 40 9.027822e-02
21 26 9.026829e-02
39 44 9.021549e-02
50 53 9.001698e-02
61 82 8.985000e-02
11 33 8.960154e-02
66 91 8.923737e-02
2 11 8.903357e-02
64 86 8.903028e-02
8 15 8.894299e-02
26 58 8.854417e-02
33 42 8.853349e-02
18 73 8.846987e-02
40 85 8.844088e-02
40 95 8.840993e-02
21 49 8.839464e-02
84 97 8.795858e-02
49 58 8.781188e-02
50 96 8.751179e-02
7 99 8.722330e-02
8 52 8.705479e-02
1 98 8.687249e-02
32 53 8.686079e-02
20 44 8.667754e-02
56 97 8.642028e-02
29 62 8.622339e-02
54 61 8.609223e-02
8 69 8.603292e-02
51 65 8.591776e-02
7 25 8.588920e-02
57 90 8.581350e-02
23 81 8.578822e-02
15 51 8.575914e-02
13 50 8.562605e-02
66 94 8.551645e-02
51 78 8.525342e-02
53 65 8.519077e-02
67 86 8.513858e-02
31 66 8.512815e-02
16 64 8.463685e-02
64 81 8.461982e-02
34 44 8.451939e-02
43 83 8.450533e-02
43 68 8.445447e-02
62 96 8.419843e-02
72 77 8.405357e-02
27 30 8.393690e-02
77 95 8.386311e-02
10 21 8.376118e-02
79 80 8.367975e-02
11 21 8.361732e-02
95 99 8.354272e-02
43 56 8.329947e-02
52 69 8.322790e-02
19 28 8.318484e-02
35 43 8.314608e-02
3 13 8.273503e-02
14 74 8.216728e-02
11 62 8.203345e-02
60 64 8.201097e-02
50 58 8.199885e-02
65 71 8.196360e-02
15 36 8.190360e-02
30 90 8.177017e-02
2 61 8.165599e-02
34 38 8.150879e-02
79 85 8.129771e-02
34 56 8.124993e-02
42 69 8.118644e-02
32 97 8.118296e-02
1 8 8.100782e-02
38 100 8.093257e-02
19 34 8.067530e-02
38 51 8.063154e-02
39 47 8.059576e-02
75 91 8.054678e-02
14 35 8.052256e-02
21 71 8.025353e-02
2 8 8.025214e-02
1 11 8.022275e-02
47 59 8.013298e-02
41 44 8.007190e-02
63 93 8.004635e-02
26 64 7.963978e-02
14 16 7.961286e-02
21 37 7.955961e-02
35 45 7.952014e-02
25 47 7.951689e-02
65 85 7.928041e-02
12 35 7.915484e-02
71 73 7.913206e-02
47 82 7.890172e-02
71 97 7.871632e-02
30 58 7.837777e-02
62 73 7.834060e-02
79 89 7.831645e-02
33 96 7.819389e-02
18 33 7.808112e-02
19 64 7.802791e-02
35 42 7.801991e-02
81 83 7.791953e-02
16 54 7.781496e-02
34 65 7.774665e-02
45 51 7.774005e-02
45 91 7.770218e-02
6 99 7.767301e-02
44 57 7.764187e-02
16 37 7.760828e-02
17 74 7.756012e-02
64 65 7.750676e-02
17 24 7.748963e-02
10 71 7.728808e-02
36 84 7.726422e-02
26 45 7.718639e-02
17 75 7.708201e-02
16 88 7.698426e-02
37 79 7.678572e-02
73 85 7.672566e-02
1 13 7.656900e-02
41 67 7.649869e-02
17 68 7.642963e-02
71 80 7.642532e-02
19 63 7.627218e-02
26 84 7.620441e-02
2 9 7.618660e-02
77 90 7.604549e-02
51 98 7.585637e-02
15 53 7.584992e-02
88 91 7.583002e-02
67 87 7.571940e-02
66 87 7.567445e-02
63 95 7.564590e-02
42 47 7.550059e-02
56 74 7.535460e-02
11 24 7.526013e-02
22 57 7.507130e-02
60 93 7.485010e-02
59 66 7.479513e-02
85 93 7.471129e-02
13 49 7.451387e-02
21 25 7.450755e-02
2 94 7.439127e-02
26 87 7.428069e-02
44 70 7.422912e-02
40 87 7.418676e-02
27 38 7.405685e-02
16 56 7.401959e-02
11 45 7.401579e-02
3 14 7.398940e-02
11 100 7.367870e-02
34 87 7.347206e-02
34 81 7.343050e-02
49 61 7.338794e-02
28 97 7.303728e-02
35 48 7.289717e-02
84 100 7.285630e-02
20 81 7.281388e-02
58 72 7.279369e-02
24 76 7.269371e-02
36 82 7.269025e-02
69 84 7.264672e-02
26 67 7.248854e-02
25 41 7.241316e-02
23 25 7.241225e-02
37 49 7.213402e-02
16 52 7.207827e-02
76 95 7.198640e-02
21 54 7.167777e-02
89 94 7.137137e-02
67 83 7.133887e-02
44 86 7.133736e-02
9 48 7.119533e-02
42 96 7.118128e-02
42 85 7.094638e-02
11 65 7.053189e-02
11 20 7.034529e-02
62 63 7.034089e-02
46 66 7.031983e-02
55 68 7.005012e-02
31 86 7.002329e-02
65 67 7.001297e-02
17 23 7.000430e-02
57 84 6.979684e-02
53 78 6.949460e-02
14 33 6.943772e-02
36 58 6.926741e-02
33 79 6.918304e-02
58 69 6.917017e-02
72 97 6.915631e-02
37 71 6.902940e-02
10 46 6.893056e-02
42 54 6.887329e-02
50 54 6.873835e-02
83 92 6.869203e-02
21 55 6.859078e-02
11 91 6.857455e-02
32 80 6.857226e-02
25 87 6.852725e-02
75 76 6.806945e-02
68 83 6.787517e-02
93 95 6.776865e-02
53 98 6.769889e-02
29 89 6.764556e-02
26 82 6.750254e-02
25 42 6.747253e-02
55 58 6.743050e-02
12 33 6.736108e-02
40 79 6.731425e-02
42 44 6.727139e-02
27 77 6.716863e-02
40 65 6.715861e-02
81 89 6.710881e-02
17 43 6.698401e-02
65 97 6.698000e-02
74 79 6.695281e-02
66 67 6.685112e-02
36 49 6.684636e-02
83 90 6.654383e-02
24 87 6.643461e-02
81 88 6.630660e-02
41 61 6.630618e-02
80 92 6.615558e-02
74 78 6.592303e-02
34 96 6.560190e-02
50 61 6.530761e-02
38 43 6.525952e-02
23 88 6.522907e-02
47 49 6.498425e-02
42 68 6.494857e-02
77 92 6.494521e-02
60 99 6.492098e-02
14 71 6.488799e-02
30 99 6.478791e-02
70 98 6.452202e-02
42 53 6.450107e-02
2 50 6.447269e-02
28 53 6.446931e-02
85 91 6.439710e-02
29 87 6.438161e-02
36 95 6.413927e-02
5 99 6.409231e-02
81 82 6.408791e-02
63 80 6.382081e-02
12 75 6.375995e-02
17 41 6.368331e-02
3 11 6.368175e-02
64 93 6.360533e-02
58 76 6.359647e-02
34 72 6.336183e-02
48 81 6.309803e-02
76 91 6.307462e-02
39 42 6.304219e-02
15 61 6.299212e-02
23 63 6.282184e-02
73 81 6.281255e-02
19 44 6.273295e-02
21 30 6.269223e-02
13 25 6.266192e-02
8 33 6.265141e-02
29 68 6.240897e-02
1 30 6.238108e-02
31 52 6.237815e-02
22 32 6.226454e-02
49 62 6.219364e-02
45 67 6.215648e-02
14 30 6.211148e-02
51 74 6.203878e-02
46 56 6.200929e-02
33 74 6.200375e-02
37 41 6.157812e-02
64 76 6.154982e-02
47 73 6.154104e-02
38 87 6.146555e-02
77 94 6.141062e-02
9 100 6.136691e-02
28 49 6.128833e-02
36 76 6.118474e-02
59 77 6.091480e-02
9 68 6.089894e-02
72 82 6.087516e-02
73 80 6.085223e-02
46 76 6.073165e-02
30 35 6.072538e-02
15 50 6.057455e-02
26 79 6.050907e-02
17 53 6.048076e-02
50 76 6.047552e-02
3 53 6.045920e-02
25 57 6.045653e-02
37 65 6.031815e-02
47 70 6.030343e-02
18 91 6.026944e-02
70 87 6.022318e-02
24 77 6.017363e-02
9 51 5.996874e-02
66 78 5.982865e-02
33 97 5.979674e-02
50 80 5.977821e-02
52 84 5.964552e-02
60 61 5.963176e-02
31 39 5.960226e-02
75 97 5.953916e-02
67 71 5.947455e-02
16 23 5.925916e-02
11 57 5.915790e-02
38 39 5.914034e-02
22 83 5.909857e-02
34 100 5.901893e-02
5 19 5.881861e-02
56 78 5.856808e-02
18 69 5.846347e-02
31 42 5.840664e-02
35 96 5.838942e-02
3 16 5.829209e-02
67 74 5.825047e-02
12 84 5.816476e-02
10 66 5.810326e-02
22 100 5.807173e-02
81 100 5.799422e-02
15 49 5.790539e-02
28 35 5.787513e-02
51 95 5.780213e-02
80 85 5.774801e-02
36 72 5.762516e-02
20 77 5.754546e-02
56 61 5.750707e-02
35 71 5.744739e-02
13 59 5.744340e-02
34 82 5.734457e-02
38 45 5.708743e-02
32 47 5.704423e-02
40 74 5.703374e-02
58 82 5.700536e-02
49 90 5.694690e-02
44 51 5.667690e-02
15 25 5.664711e-02
41 52 5.658141e-02
14 28 5.639719e-02
52 70 5.635591e-02
75 82 5.630115e-02
50 82 5.617497e-02
19 43 5.617333e-02
53 92 5.607257e-02
23 97 5.603067e-02
71 75 5.602580e-02
71 88 5.576544e-02
36 60 5.572547e-02
29 60 5.566557e-02
73 82 5.566534e-02
34 55 5.561375e-02
31 32 5.557465e-02
42 79 5.538307e-02
20 52 5.537094e-02
39 58 5.530876e-02
54 76 5.510625e-02
14 49 5.509269e-02
35 92 5.508912e-02
42 43 5.499863e-02
75 87 5.491660e-02
86 92 5.485425e-02
6 43 5.470144e-02
54 89 5.467856e-02
82 85 5.467405e-02
91 98 5.461687e-02
63 74 5.456187e-02
7 18 5.456125e-02
85 86 5.437714e-02
10 22 5.422592e-02
90 97 5.418151e-02
35 87 5.416844e-02
11 35 5.410315e-02
73 89 5.393392e-02
49 87 5.388820e-02
19 69 5.377088e-02
42 76 5.351875e-02
27 48 5.350749e-02
13 56 5.321398e-02
15 73 5.316079e-02
53 56 5.308443e-02
16 81 5.297782e-02
38 54 5.274462e-02
90 98 5.272883e-02
72 79 5.263650e-02
68 78 5.257203e-02
10 17 5.257043e-02
10 48 5.256192e-02
37 66 5.247278e-02
23 60 5.236542e-02
11 55 5.233583e-02
68 90 5.173284e-02
62 67 5.168155e-02
69 79 5.159424e-02
27 98 5.156200e-02
89 93 5.152065e-02
58 83 5.134343e-02
46 79 5.112477e-02
64 75 5.105324e-02
63 65 5.101239e-02
19 59 5.093501e-02
28 56 5.044685e-02
10 35 5.042983e-02
39 50 5.020626e-02
86 87 5.016388e-02
10 70 5.013683e-02
38 44 5.007562e-02
53 58 5.001172e-02
69 92 4.992928e-02
42 81 4.979127e-02
40 61 4.974566e-02
37 81 4.966725e-02
32 59 4.966581e-02
9 22 4.960694e-02
73 75 4.956272e-02
22 30 4.954033e-02
48 64 4.944406e-02
61 75 4.895084e-02
18 83 4.894844e-02
15 93 4.894759e-02
38 94 4.891828e-02
23 72 4.891672e-02
10 67 4.885469e-02
64 100 4.869819e-02
82 96 4.869423e-02
11 83 4.839794e-02
36 98 4.828672e-02
92 99 4.819441e-02
9 18 4.815544e-02
24 28 4.813788e-02
40 100 4.806324e-02
1 84 4.806124e-02
1 61 4.804510e-02
19 32 4.801503e-02
32 60 4.796563e-02
8 16 4.780203e-02
5 57 4.775532e-02
11 16 4.764761e-02
44 83 4.756469e-02
32 72 4.734162e-02
34 74 4.724049e-02
24 55 4.701701e-02
18 79 4.699745e-02
59 97 4.695180e-02
2 12 4.686256e-02
30 55 4.669236e-02
45 95 4.664516e-02
23 31 4.662785e-02
36 97 4.661819e-02
29 52 4.660752e-02
15 69 4.655571e-02
40 94 4.636026e-02
48 97 4.631352e-02
6 53 4.622058e-02
6 69 4.616072e-02
65 70 4.585653e-02
53 91 4.577925e-02
23 33 4.575774e-02
33 50 4.571499e-02
21 57 4.562149e-02
72 76 4.554431e-02
25 49 4.544278e-02
1 43 4.536083e-02
44 89 4.533896e-02
54 98 4.515186e-02
12 68 4.512870e-02
43 75 4.507177e-02
2 95 4.503989e-02
66 80 4.496331e-02
52 61 4.495646e-02
48 75 4.495050e-02
67 70 4.488140e-02
25 46 4.485642e-02
55 81 4.481542e-02
13 37 4.479495e-02
47 85 4.475521e-02
66 82 4.471438e-02
14 83 4.452915e-02
64 96 4.446185e-02
58 92 4.435983e-02
7 30 4.435160e-02
29 82 4.429475e-02
27 63 4.419264e-02
50 95 4.410968e-02
16 61 4.391979e-02
29 50 4.377563e-02
24 32 4.371359e-02
32 76 4.371195e-02
87 97 4.340529e-02
61 72 4.334592e-02
32 63 4.332611e-02
15 31 4.326276e-02
38 46 4.317026e-02
9 43 4.295947e-02
67 96 4.286925e-02
17 69 4.282846e-02
23 27 4.274110e-02
41 56 4.274001e-02
36 57 4.262418e-02
46 74 4.244206e-02
49 97 4.235053e-02
37 72 4.233569e-02
47 50 4.232198e-02
18 46 4.225766e-02
6 94 4.214222e-02
30 100 4.201154e-02
48 65 4.195353e-02
49 67 4.178521e-02
47 76 4.174871e-02
86 98 4.170575e-02
59 65 4.170429e-02
46 95 4.156564e-02
38 70 4.151586e-02
3 33 4.144125e-02
35 80 4.137932e-02
42 64 4.121267e-02
24 38 4.120972e-02
58 59 4.116800e-02
23 79 4.105280e-02
22 53 4.097555e-02
19 71 4.095115e-02
19 29 4.093026e-02
9 99 4.087538e-02
79 81 4.086034e-02
14 43 4.076990e-02
29 48 4.076309e-02
25 83 4.072826e-02
8 63 4.064907e-02
40 49 4.052861e-02
16 34 4.044861e-02
43 73 4.020098e-02
46 97 4.016343e-02
29 57 4.010364e-02
8 70 3.997717e-02
13 44 3.996271e-02
63 75 3.992707e-02
16 44 3.982036e-02
38 82 3.979866e-02
35 58 3.973019e-02
37 75 3.970090e-02
37 59 3.969699e-02
58 66 3.969353e-02
43 67 3.964788e-02
20 92 3.963139e-02
51 52 3.947057e-02
3 98 3.919740e-02
63 87 3.914508e-02
19 90 3.913603e-02
15 67 3.907816e-02
55 92 3.903254e-02
14 54 3.896116e-02
67 95 3.895025e-02
40 97 3.890845e-02
70 73 3.887623e-02
31 62 3.883679e-02
28 59 3.879755e-02
35 62 3.878413e-02
2 18 3.867904e-02
67 77 3.861913e-02
10 77 3.842794e-02
15 90 3.822236e-02
39 63 3.812651e-02
24 50 3.807259e-02
64 99 3.801961e-02
10 23 3.780774e-02
33 44 3.774171e-02
28 74 3.767663e-02
18 78 3.765864e-02
21 51 3.764051e-02
8 83 3.756112e-02
26 83 3.751020e-02
51 97 3.724604e-02
15 54 3.709345e-02
5 30 3.705551e-02
30 85 3.695005e-02
2 81 3.690989e-02
63 94 3.690407e-02
13 33 3.682547e-02
13 66 3.682476e-02
49 71 3.679097e-02
28 96 3.678976e-02
94 99 3.673323e-02
5 14 3.669167e-02
68 86 3.668038e-02
35 94 3.667107e-02
32 100 3.666258e-02
70 72 3.662591e-02
1 97 3.656482e-02
41 60 3.654120e-02
19 52 3.646674e-02
67 85 3.645267e-02
23 87 3.635196e-02
5 22 3.634861e-02
72 96 3.629770e-02
14 44 3.627695e-02
41 80 3.615176e-02
50 62 3.612250e-02
46 68 3.610277e-02
76 81 3.607497e-02
52 88 3.607012e-02
8 53 3.606985e-02
30 78 3.583554e-02
37 100 3.579995e-02
48 80 3.570516e-02
8 25 3.560232e-02
81 93 3.551704e-02
10 69 3.540204e-02
2 38 3.537379e-02
23 96 3.531650e-02
11 81 3.523009e-02
43 61 3.506153e-02
23 59 3.500587e-02
8 67 3.499557e-02
21 62 3.490993e-02
1 22 3.486798e-02
13 48 3.476834e-02
67 81 3.474473e-02
22 40 3.471505e-02
34 83 3.468872e-02
29 83 3.464008e-02
21 93 3.461465e-02
88 93 3.460836e-02
62 85 3.437947e-02
15 44 3.432203e-02
37 80 3.427242e-02
32 56 3.417987e-02
49 65 3.404114e-02
53 64 3.401249e-02
35 88 3.400965e-02
1 46 3.391409e-02
62 76 3.381525e-02
45 61 3.379992e-02
29 37 3.377659e-02
36 65 3.376377e-02
24 35 3.361668e-02
9 93 3.359587e-02
54 81 3.339467e-02
14 82 3.328170e-02
30 59 3.324419e-02
65 82 3.302517e-02
35 85 3.299104e-02
52 83 3.298981e-02
45 75 3.291731e-02
57 59 3.291549e-02
38 92 3.289764e-02
39 46 3.270469e-02
11 17 3.268749e-02
17 67 3.260499e-02
80 83 3.255309e-02
11 44 3.249482e-02
25 50 3.248097e-02
24 40 3.246607e-02
87 95 3.233886e-02
28 67 3.232649e-02
24 65 3.221226e-02
30 39 3.213750e-02
39 45 3.207026e-02
29 63 3.204037e-02
39 93 3.187390e-02
67 79 3.177765e-02
1 73 3.173976e-02
23 47 3.172519e-02
49 88 3.169889e-02
24 85 3.156602e-02
32 90 3.151216e-02
44 95 3.138088e-02
46 96 3.116444e-02
34 88 3.113945e-02
15 21 3.112022e-02
55 98 3.106532e-02
7 79 3.089031e-02
30 44 3.085364e-02
6 22 3.076854e-02
89 97 3.066269e-02
5 18 3.062496e-02
58 80 3.062119e-02
34 70 3.054223e-02
56 85 3.053962e-02
18 27 3.025751e-02
31 45 3.016915e-02
29 56 3.011953e-02
12 22 3.011817e-02
64 98 3.010609e-02
52 58 3.009058e-02
76 87 3.005698e-02
12 57 3.002088e-02
43 84 2.988482e-02
76 86 2.986554e-02
25 94 2.979019e-02
11 39 2.971576e-02
11 54 2.968846e-02
5 48 2.966239e-02
27 35 2.964872e-02
16 45 2.952335e-02
77 79 2.945149e-02
26 71 2.943869e-02
18 71 2.942029e-02
63 99 2.933879e-02
18 61 2.932966e-02
9 37 2.924393e-02
43 90 2.923867e-02
70 95 2.902226e-02
26 95 2.900888e-02
20 30 2.887978e-02
47 83 2.885115e-02
51 96 2.866253e-02
47 84 2.863395e-02
39 82 2.863272e-02
9 46 2.856311e-02
59 83 2.842942e-02
31 90 2.839581e-02
29 85 2.833540e-02
56 81 2.821621e-02
68 82 2.820339e-02
29 77 2.818589e-02
17 27 2.817934e-02
46 98 2.816108e-02
21 32 2.815508e-02
33 76 2.789070e-02
26 37 2.786448e-02
24 75 2.784042e-02
22 49 2.777858e-02
25 80 2.777816e-02
33 100 2.763716e-02
39 64 2.762578e-02
40 82 2.760991e-02
6 27 2.747567e-02
27 67 2.740106e-02
48 68 2.733423e-02
11 26 2.723157e-02
11 69 2.721337e-02
72 100 2.719467e-02
9 50 2.718677e-02
43 82 2.714212e-02
52 86 2.713626e-02
71 78 2.701963e-02
66 76 2.684849e-02
20 45 2.681161e-02
51 62 2.680616e-02
50 84 2.673343e-02
86 91 2.665038e-02
36 73 2.662630e-02
2 14 2.654232e-02
24 83 2.652500e-02
28 47 2.646814e-02
58 91 2.643883e-02
40 89 2.640681e-02
32 64 2.638351e-02
7 27 2.620411e-02
44 80 2.606676e-02
21 81 2.605803e-02
1 52 2.595641e-02
51 79 2.591179e-02
80 87 2.583346e-02
51 92 2.580610e-02
6 97 2.577901e-02
85 97 2.571035e-02
22 28 2.568307e-02
28 78 2.568036e-02
46 90 2.566025e-02
10 100 2.550467e-02
12 24 2.543728e-02
6 17 2.543708e-02
25 37 2.518994e-02
59 94 2.515965e-02
26 39 2.512148e-02
40 50 2.507376e-02
54 78 2.502934e-02
78 92 2.500017e-02
65 68 2.487809e-02
75 85 2.462226e-02
51 57 2.461893e-02
68 81 2.454512e-02
40 46 2.449726e-02
20 48 2.449696e-02
5 70 2.448064e-02
35 77 2.443086e-02
56 95 2.442781e-02
2 90 2.437812e-02
22 47 2.427009e-02
31 97 2.425483e-02
8 42 2.424345e-02
18 44 2.415183e-02
2 17 2.409832e-02
39 57 2.404488e-02
26 48 2.403348e-02
4 77 2.394545e-02
78 95 2.391095e-02
3 19 2.387458e-02
33 70 2.376836e-02
44 48 2.373883e-02
91 99 2.370790e-02
50 52 2.362180e-02
8 71 2.348246e-02
84 92 2.342047e-02
6 90 2.341020e-02
41 69 2.328673e-02
2 98 2.323502e-02
48 53 2.321991e-02
21 53 2.320510e-02
2 30 2.317161e-02
80 90 2.317070e-02
48 76 2.312647e-02
53 99 2.304847e-02
66 74 2.304085e-02
10 24 2.300855e-02
45 74 2.299621e-02
43 52 2.294704e-02
34 66 2.287314e-02
9 53 2.282666e-02
6 16 2.277077e-02
93 98 2.255416e-02
28 72 2.246569e-02
16 24 2.239981e-02
82 89 2.227088e-02
14 61 2.213347e-02
22 39 2.206403e-02
36 90 2.203469e-02
24 60 2.201185e-02
28 51 2.198289e-02
20 47 2.196051e-02
35 78 2.191266e-02
63 86 2.185443e-02
21 75 2.175455e-02
14 39 2.158850e-02
26 52 2.157179e-02
67 82 2.143165e-02
70 92 2.138715e-02
37 85 2.135849e-02
38 81 2.119669e-02
84 89 2.119379e-02
9 26 2.102007e-02
74 87 2.101394e-02
53 74 2.093302e-02
39 80 2.083261e-02
30 76 2.076637e-02
43 55 2.075039e-02
31 53 2.074094e-02
51 88 2.068698e-02
8 36 2.067268e-02
11 72 2.055575e-02
49 56 2.053847e-02
29 45 2.050808e-02
14 53 2.047900e-02
41 47 2.046702e-02
12 52 2.045545e-02
46 61 2.036609e-02
10 37 2.035081e-02
81 98 2.030496e-02
45 88 2.028258e-02
29 30 2.019980e-02
34 59 2.011231e-02
76 85 2.008399e-02
15 57 2.002736e-02
40 78 1.999166e-02
33 38 1.973261e-02
49 59 1.964382e-02
49 76 1.962288e-02
10 54 1.961188e-02
69 88 1.947458e-02
54 68 1.941405e-02
16 48 1.935768e-02
57 65 1.931048e-02
40 69 1.921082e-02
8 43 1.910992e-02
3 43 1.909503e-02
14 41 1.905679e-02
49 75 1.896470e-02
20 23 1.896330e-02
6 51 1.884155e-02
48 98 1.861948e-02
44 73 1.852980e-02
40 98 1.849658e-02
25 89 1.845124e-02
45 66 1.837909e-02
81 99 1.837318e-02
7 22 1.831764e-02
23 61 1.824984e-02
46 75 1.824981e-02
69 82 1.824403e-02
24 43 1.822926e-02
11 43 1.820054e-02
38 84 1.791536e-02
8 40 1.788458e-02
51 80 1.782982e-02
15 40 1.774687e-02
1 19 1.773595e-02
1 81 1.773342e-02
64 67 1.770494e-02
32 92 1.770324e-02
41 91 1.769341e-02
9 33 1.759118e-02
52 67 1.754595e-02
32 34 1.741697e-02
7 54 1.741236e-02
36 75 1.738910e-02
74 77 1.732185e-02
43 76 1.726204e-02
3 63 1.722250e-02
30 63 1.719871e-02
61 91 1.717847e-02
9 54 1.710615e-02
27 80 1.708346e-02
70 93 1.701451e-02
31 80 1.692692e-02
53 62 1.689657e-02
16 30 1.683977e-02
39 53 1.668613e-02
47 95 1.663111e-02
21 61 1.650310e-02
25 70 1.646913e-02
59 81 1.646841e-02
68 80 1.646803e-02
72 89 1.645208e-02
26 51 1.641183e-02
10 75 1.640894e-02
21 83 1.638443e-02
6 63 1.636055e-02
44 67 1.626943e-02
3 75 1.626307e-02
83 95 1.620338e-02
50 97 1.615562e-02
3 57 1.612585e-02
7 51 1.604990e-02
8 78 1.600049e-02
17 87 1.593207e-02
44 68 1.587076e-02
22 80 1.580636e-02
5 17 1.572407e-02
1 92 1.568462e-02
49 52 1.566404e-02
29 90 1.565145e-02
32 79 1.560184e-02
34 35 1.559436e-02
2 97 1.556457e-02
28 94 1.548540e-02
38 97 1.545879e-02
12 71 1.536157e-02
42 92 1.535722e-02
43 94 1.520882e-02
61 95 1.516561e-02
39 97 1.515616e-02
55 93 1.499972e-02
23 70 1.497393e-02
46 63 1.497255e-02
47 96 1.484408e-02
17 28 1.479585e-02
5 16 1.469413e-02
38 83 1.468621e-02
39 100 1.461387e-02
5 69 1.449686e-02
4 18 1.446488e-02
77 86 1.433328e-02
25 74 1.429038e-02
32 99 1.415488e-02
82 97 1.409260e-02
49 98 1.395665e-02
21 50 1.395231e-02
51 67 1.391090e-02
45 65 1.388884e-02
24 62 1.387787e-02
44 78 1.386946e-02
32 35 1.379876e-02
1 53 1.378208e-02
17 33 1.365544e-02
8 100 1.345436e-02
22 56 1.339630e-02
67 90 1.336179e-02
35 89 1.334878e-02
52 87 1.332606e-02
71 87 1.325816e-02
72 99 1.324348e-02
49 74 1.310583e-02
33 99 1.310546e-02
82 98 1.288711e-02
51 93 1.287614e-02
7 17 1.287429e-02
37 53 1.280625e-02
65 100 1.275905e-02
26 63 1.273632e-02
37 60 1.252122e-02
45 68 1.248763e-02
1 71 1.239231e-02
29 39 1.223856e-02
71 96 1.218996e-02
25 68 1.216613e-02
7 52 1.186993e-02
34 78 1.186809e-02
41 100 1.181076e-02
60 98 1.173326e-02
37 43 1.171323e-02
50 64 1.167321e-02
22 67 1.151997e-02
22 84 1.149432e-02
32 40 1.142880e-02
73 98 1.137600e-02
38 79 1.137385e-02
25 67 1.119671e-02
46 77 1.113689e-02
44 56 1.112492e-02
30 86 1.109610e-02
22 36 1.098156e-02
62 70 1.096665e-02
17 78 1.094961e-02
22 99 1.088531e-02
45 54 1.087340e-02
28 62 1.085387e-02
23 49 1.085299e-02
8 84 1.069091e-02
38 67 1.060374e-02
10 38 1.059845e-02
73 87 1.053537e-02
4 93 1.046545e-02
6 39 1.038808e-02
31 73 1.038166e-02
40 67 1.037826e-02
43 95 1.025870e-02
40 88 1.021612e-02
19 60 1.015851e-02
40 73 1.012593e-02
53 80 9.939722e-03
3 21 9.826887e-03
16 33 9.804544e-03
18 62 9.749435e-03
22 70 9.436082e-03
7 28 9.382596e-03
3 30 9.309681e-03
70 83 9.241318e-03
69 94 9.212521e-03
67 99 9.172930e-03
5 53 8.934795e-03
25 60 8.897463e-03
11 82 8.821963e-03
69 74 8.793431e-03
28 39 8.784894e-03
30 54 8.708130e-03
8 35 8.694222e-03
37 70 8.693117e-03
18 76 8.665320e-03
25 51 8.608434e-03
53 83 8.590687e-03
84 96 8.520396e-03
5 98 8.419782e-03
18 94 8.368776e-03
60 89 8.315244e-03
48 77 8.197855e-03
32 37 8.195547e-03
9 66 8.052660e-03
19 36 7.998157e-03
56 73 7.975791e-03
46 48 7.947894e-03
21 80 7.914741e-03
65 77 7.901676e-03
8 77 7.899460e-03
20 51 7.808831e-03
75 94 7.804461e-03
3 93 7.760395e-03
7 45 7.695637e-03
26 74 7.526296e-03
23 89 7.489072e-03
6 48 7.433991e-03
87 99 7.129316e-03
10 82 7.116902e-03
34 46 7.056898e-03
55 73 7.046420e-03
39 98 6.987055e-03
61 76 6.916875e-03
41 62 6.888092e-03
2 67 6.795032e-03
52 75 6.776596e-03
23 68 6.716248e-03
71 74 6.582944e-03
4 44 6.453176e-03
25 40 6.382937e-03
51 91 6.285793e-03
60 62 6.253133e-03
22 26 6.243404e-03
6 79 6.234974e-03
60 78 6.202599e-03
88 98 6.184677e-03
1 96 6.166459e-03
8 38 6.056695e-03
66 95 6.040922e-03
2 71 5.985096e-03
63 97 5.984986e-03
4 64 5.940008e-03
5 23 5.921828e-03
27 88 5.774922e-03
14 22 5.753335e-03
77 99 5.749909e-03
55 75 5.488229e-03
84 99 5.396581e-03
1 38 5.381185e-03
61 66 5.345221e-03
49 78 5.322602e-03
56 80 5.249127e-03
37 98 5.243092e-03
77 100 4.971960e-03
89 95 4.900872e-03
15 32 4.864427e-03
39 51 4.814208e-03
82 95 4.772783e-03
1 33 4.631211e-03
55 64 4.586362e-03
69 96 4.515474e-03
3 97 4.410123e-03
26 62 4.365460e-03
1 17 4.339019e-03
3 52 4.316331e-03
72 93 4.240084e-03
53 70 4.229480e-03
29 99 4.132040e-03
70 89 4.093038e-03
55 60 4.062950e-03
43 59 4.048551e-03
14 51 3.986307e-03
17 30 3.942331e-03
36 94 3.885482e-03
16 49 3.852296e-03
64 69 3.778108e-03
52 93 3.763839e-03
14 24 3.704259e-03
54 82 3.693856e-03
36 67 3.647919e-03
76 88 3.543275e-03
35 98 3.526628e-03
11 28 3.487188e-03
4 84 3.457001e-03
43 89 3.441786e-03
5 38 3.424107e-03
77 93 3.336915e-03
8 81 3.316356e-03
68 74 3.302193e-03
67 75 3.297772e-03
51 90 3.279316e-03
67 97 3.076683e-03
67 80 2.999985e-03
37 91 2.993849e-03
2 49 2.992813e-03
7 81 2.827956e-03
53 85 2.691834e-03
50 55 2.688803e-03
4 81 2.669409e-03
85 88 2.619893e-03
42 88 2.574586e-03
52 57 2.547388e-03
7 39 2.485081e-03
28 40 2.347656e-03
35 97 2.340606e-03
46 92 2.316348e-03
6 21 2.290782e-03
56 65 2.139011e-03
37 78 2.093643e-03
80 98 2.079863e-03
1 57 1.996135e-03
3 92 1.990821e-03
38 95 1.955597e-03
39 96 1.908580e-03
8 29 1.846726e-03
7 86 1.750961e-03
81 91 1.731777e-03
88 95 1.653292e-03
43 58 1.638112e-03
60 90 1.630388e-03
73 93 1.161931e-03
37 46 1.114937e-03
5 35 1.009575e-03
71 99 9.896923e-04
64 73 9.413881e-04
35 52 9.233408e-04
38 91 9.050247e-04
60 100 9.030414e-04
3 22 7.909514e-04
35 69 6.715922e-04
32 62 6.712904e-04
54 74 6.591236e-04
17 51 6.569400e-04
59 76 6.448619e-04
50 67 6.182619e-04
38 98 5.695050e-04
3 90 5.404688e-04
49 95 4.171422e-04
41 99 2.353593e-04
40 76 2.181296e-04
9 87 1.981509e-04
3 84 1.338042e-04
80 91 3.404253e-05
4 63 -2.960795e-05
7 26 -3.498684e-05
95 100 -5.268334e-05
2 73 -1.334400e-04
32 85 -1.838282e-04
37 45 -2.546645e-04
55 82 -2.934475e-04
23 46 -3.720271e-04
27 66 -4.794952e-04
1 18 -4.804053e-04
61 98 -5.062579e-04
39 87 -5.309355e-04
9 28 -6.066471e-04
85 90 -6.222373e-04
1 14 -6.359350e-04
52 62 -6.508680e-04
25 75 -7.247568e-04
26 47 -7.361935e-04
23 74 -7.925542e-04
6 45 -8.626523e-04
76 100 -9.075811e-04
66 79 -1.040826e-03
6 50 -1.106261e-03
33 66 -1.122194e-03
20 67 -1.156727e-03
39 71 -1.277114e-03
6 75 -1.283681e-03
20 40 -1.301606e-03
42 56 -1.361398e-03
3 55 -1.391595e-03
17 54 -1.436631e-03
8 46 -1.444268e-03
37 73 -1.487033e-03
43 69 -1.528765e-03
13 26 -1.580967e-03
23 76 -1.628699e-03
83 98 -1.659387e-03
4 50 -1.809130e-03
54 97 -1.832569e-03
36 91 -1.846540e-03
22 41 -1.865734e-03
25 92 -1.906052e-03
71 79 -1.947910e-03
18 57 -1.994436e-03
38 52 -1.996666e-03
18 40 -2.011984e-03
3 17 -2.052521e-03
13 73 -2.073437e-03
5 65 -2.082270e-03
12 25 -2.153143e-03
13 63 -2.182207e-03
4 45 -2.259923e-03
39 69 -2.279453e-03
75 99 -2.335502e-03
4 22 -2.573706e-03
60 74 -2.612965e-03
37 50 -2.642584e-03
19 77 -2.662971e-03
4 97 -2.690329e-03
65 99 -2.821466e-03
38 76 -2.835271e-03
8 99 -2.981301e-03
23 52 -2.988774e-03
14 37 -3.029330e-03
59 100 -3.030214e-03
74 97 -3.057893e-03
26 42 -3.068832e-03
40 72 -3.118203e-03
42 94 -3.123842e-03
43 64 -3.139839e-03
25 61 -3.157350e-03
17 48 -3.158661e-03
16 59 -3.186459e-03
35 74 -3.331163e-03
7 83 -3.355005e-03
72 83 -3.459585e-03
1 95 -3.498875e-03
64 97 -3.552692e-03
52 89 -3.677521e-03
61 84 -3.701340e-03
69 93 -3.724063e-03
52 99 -3.738265e-03
30 72 -3.746583e-03
32 98 -3.945340e-03
41 77 -3.996854e-03
21 69 -4.039394e-03
12 34 -4.099168e-03
5 74 -4.101303e-03
71 85 -4.133408e-03
47 91 -4.151978e-03
63 69 -4.180991e-03
12 60 -4.218033e-03
79 94 -4.222184e-03
50 87 -4.223826e-03
43 51 -4.377258e-03
11 85 -4.438945e-03
46 78 -4.591053e-03
63 82 -4.591699e-03
46 99 -4.808541e-03
49 77 -4.842383e-03
18 41 -4.977754e-03
1 49 -4.994378e-03
45 79 -4.998867e-03
60 82 -5.114319e-03
52 77 -5.124798e-03
62 89 -5.265007e-03
37 96 -5.377516e-03
30 88 -5.408146e-03
81 95 -5.568560e-03
12 66 -5.590249e-03
40 58 -5.662556e-03
51 89 -5.681366e-03
5 37 -5.698417e-03
22 37 -5.720292e-03
39 68 -5.734714e-03
9 79 -5.744128e-03
11 79 -6.120789e-03
13 52 -6.177887e-03
2 63 -6.196172e-03
50 73 -6.404202e-03
58 94 -6.408151e-03
59 78 -6.444973e-03
82 83 -6.448647e-03
51 70 -6.539873e-03
21 58 -6.582002e-03
10 62 -6.584857e-03
30 48 -6.605774e-03
5 72 -6.606924e-03
40 71 -6.735003e-03
52 66 -6.762401e-03
29 76 -6.883993e-03
49 57 -6.898803e-03
26 92 -7.011287e-03
14 29 -7.060722e-03
34 95 -7.085718e-03
4 38 -7.089044e-03
42 72 -7.337878e-03
47 94 -7.354771e-03
59 85 -7.356512e-03
22 87 -7.374787e-03
21 39 -7.392762e-03
24 41 -7.408468e-03
13 68 -7.489461e-03
6 59 -7.617534e-03
49 93 -7.709805e-03
21 82 -7.772147e-03
23 78 -7.780396e-03
29 80 -7.947851e-03
15 79 -8.015164e-03
29 55 -8.085026e-03
10 61 -8.168180e-03
15 70 -8.439694e-03
79 100 -8.443380e-03
3 47 -8.447466e-03
18 53 -8.518586e-03
9 49 -8.550236e-03
21 90 -8.556157e-03
42 71 -8.685052e-03
42 80 -8.792851e-03
74 96 -8.820143e-03
71 98 -8.835779e-03
36 99 -8.858590e-03
69 91 -8.884368e-03
29 81 -8.947581e-03
55 70 -9.047173e-03
5 71 -9.069763e-03
43 96 -9.078798e-03
18 85 -9.123642e-03
22 96 -9.213478e-03
49 94 -9.213763e-03
42 95 -9.238627e-03
59 68 -9.243717e-03
10 83 -9.257662e-03
2 72 -9.326690e-03
16 85 -9.362561e-03
24 89 -9.402547e-03
5 56 -9.430407e-03
70 76 -9.441001e-03
37 87 -9.533150e-03
11 68 -9.655405e-03
9 19 -9.739058e-03
26 40 -9.766812e-03
1 74 -9.819965e-03
25 98 -9.830400e-03
59 82 -9.886312e-03
2 39 -9.985946e-03
16 42 -1.000872e-02
62 95 -1.002769e-02
42 74 -1.024606e-02
18 32 -1.029019e-02
5 46 -1.031935e-02
31 47 -1.046904e-02
24 99 -1.049131e-02
48 56 -1.058471e-02
80 94 -1.065385e-02
73 77 -1.066731e-02
80 99 -1.082018e-02
2 52 -1.084088e-02
83 99 -1.087970e-02
24 71 -1.088427e-02
39 67 -1.090325e-02
8 65 -1.100002e-02
27 82 -1.100151e-02
14 65 -1.108758e-02
14 42 -1.111054e-02
57 63 -1.115930e-02
2 64 -1.127037e-02
19 83 -1.131955e-02
3 61 -1.133528e-02
35 84 -1.135389e-02
16 55 -1.145058e-02
61 99 -1.150477e-02
23 80 -1.153125e-02
53 77 -1.153200e-02
44 77 -1.169753e-02
35 38 -1.184532e-02
72 98 -1.187053e-02
22 75 -1.190764e-02
42 52 -1.194438e-02
16 53 -1.196899e-02
25 54 -1.202844e-02
12 54 -1.203831e-02
62 75 -1.216870e-02
18 52 -1.218099e-02
42 98 -1.226897e-02
7 36 -1.229343e-02
1 63 -1.230180e-02
45 96 -1.240612e-02
13 69 -1.241788e-02
54 92 -1.262979e-02
71 76 -1.265094e-02
73 79 -1.274706e-02
15 100 -1.275381e-02
6 61 -1.280091e-02
14 79 -1.285491e-02
38 63 -1.290673e-02
36 96 -1.293231e-02
17 40 -1.297771e-02
77 83 -1.311487e-02
14 27 -1.312045e-02
62 93 -1.318339e-02
24 33 -1.321717e-02
64 92 -1.343527e-02
31 63 -1.347832e-02
65 96 -1.351077e-02
29 91 -1.353778e-02
69 78 -1.362664e-02
16 83 -1.365746e-02
46 47 -1.367120e-02
75 89 -1.368624e-02
24 67 -1.371444e-02
87 100 -1.378252e-02
5 94 -1.389078e-02
46 62 -1.389691e-02
43 50 -1.391621e-02
19 21 -1.393329e-02
10 25 -1.398113e-02
1 16 -1.399686e-02
2 33 -1.400450e-02
22 51 -1.406464e-02
21 92 -1.412936e-02
2 22 -1.413735e-02
44 97 -1.421700e-02
8 22 -1.426018e-02
86 97 -1.431802e-02
24 74 -1.435865e-02
69 97 -1.445019e-02
17 89 -1.451548e-02
14 38 -1.451886e-02
72 95 -1.452394e-02
4 59 -1.453858e-02
69 87 -1.459632e-02
35 76 -1.463701e-02
19 25 -1.464796e-02
65 95 -1.467560e-02
6 54 -1.469309e-02
69 75 -1.469321e-02
12 100 -1.472154e-02
5 97 -1.477235e-02
6 83 -1.489887e-02
70 88 -1.497080e-02
50 77 -1.503188e-02
10 51 -1.511310e-02
32 95 -1.516644e-02
56 98 -1.518801e-02
18 23 -1.533456e-02
2 57 -1.537113e-02
5 20 -1.537980e-02
3 35 -1.542382e-02
29 47 -1.542826e-02
40 99 -1.543048e-02
36 85 -1.545041e-02
15 38 -1.549343e-02
29 97 -1.556754e-02
13 27 -1.559584e-02
80 97 -1.559903e-02
57 68 -1.577494e-02
70 96 -1.581637e-02
9 76 -1.582229e-02
9 57 -1.584524e-02
33 94 -1.589659e-02
86 94 -1.592323e-02
40 91 -1.601773e-02
47 54 -1.611607e-02
11 61 -1.625533e-02
48 62 -1.625699e-02
72 78 -1.626524e-02
18 55 -1.632303e-02
35 83 -1.632814e-02
10 99 -1.634329e-02
19 38 -1.646993e-02
42 89 -1.647159e-02
42 91 -1.648026e-02
54 79 -1.650734e-02
25 79 -1.657177e-02
15 80 -1.664715e-02
5 61 -1.671178e-02
25 64 -1.673149e-02
25 97 -1.683595e-02
41 83 -1.686354e-02
67 91 -1.691746e-02
23 57 -1.693254e-02
21 72 -1.693513e-02
49 91 -1.694855e-02
7 53 -1.699766e-02
36 79 -1.701174e-02
4 98 -1.704230e-02
66 99 -1.707550e-02
32 55 -1.712550e-02
9 36 -1.717847e-02
14 58 -1.718502e-02
46 57 -1.734017e-02
5 26 -1.736992e-02
56 91 -1.746318e-02
6 57 -1.750454e-02
60 83 -1.751857e-02
8 18 -1.760280e-02
7 68 -1.766790e-02
14 68 -1.766905e-02
33 73 -1.770505e-02
18 84 -1.774951e-02
19 95 -1.775436e-02
23 85 -1.781292e-02
34 99 -1.796063e-02
75 80 -1.810250e-02
9 69 -1.823875e-02
7 37 -1.823888e-02
11 37 -1.830359e-02
68 94 -1.855621e-02
7 98 -1.860195e-02
1 59 -1.864813e-02
28 79 -1.880298e-02
2 19 -1.892934e-02
53 55 -1.893601e-02
94 100 -1.894977e-02
80 100 -1.895825e-02
29 40 -1.907516e-02
4 82 -1.908275e-02
1 72 -1.913802e-02
3 96 -1.919872e-02
19 61 -1.924574e-02
8 28 -1.934652e-02
28 100 -1.935270e-02
7 87 -1.936848e-02
38 72 -1.937342e-02
10 80 -1.946132e-02
71 100 -1.951837e-02
32 66 -1.957607e-02
9 32 -1.958394e-02
43 70 -1.961044e-02
55 96 -1.975874e-02
54 91 -1.977949e-02
6 19 -1.981548e-02
33 63 -1.984978e-02
25 77 -2.001560e-02
29 59 -2.001714e-02
4 51 -2.003511e-02
5 54 -2.006904e-02
24 78 -2.007774e-02
20 43 -2.043438e-02
7 46 -2.044070e-02
80 88 -2.044693e-02
64 82 -2.050981e-02
33 69 -2.053046e-02
9 47 -2.054335e-02
65 72 -2.058583e-02
27 42 -2.062155e-02
8 66 -2.063343e-02
7 62 -2.064121e-02
30 82 -2.080565e-02
12 59 -2.084664e-02
42 83 -2.087523e-02
36 93 -2.088560e-02
39 49 -2.089577e-02
16 89 -2.089685e-02
29 61 -2.091679e-02
11 84 -2.094007e-02
30 51 -2.095698e-02
7 49 -2.107189e-02
16 50 -2.114080e-02
52 80 -2.118215e-02
48 95 -2.122198e-02
26 85 -2.126340e-02
60 97 -2.127026e-02
18 100 -2.128642e-02
76 99 -2.135774e-02
38 62 -2.146970e-02
41 87 -2.149266e-02
11 94 -2.152338e-02
73 94 -2.156829e-02
13 82 -2.158636e-02
1 91 -2.159598e-02
36 45 -2.175183e-02
6 23 -2.175565e-02
42 50 -2.182597e-02
64 77 -2.182860e-02
23 38 -2.193149e-02
12 69 -2.196707e-02
25 81 -2.203505e-02
18 26 -2.210513e-02
36 87 -2.214982e-02
29 53 -2.215381e-02
4 16 -2.216872e-02
29 66 -2.220058e-02
29 96 -2.222844e-02
82 99 -2.223168e-02
42 100 -2.245775e-02
5 81 -2.257222e-02
49 64 -2.264827e-02
71 77 -2.271595e-02
13 71 -2.274419e-02
47 78 -2.280556e-02
7 29 -2.282929e-02
50 59 -2.285265e-02
41 88 -2.289164e-02
17 29 -2.290487e-02
10 53 -2.292485e-02
17 52 -2.302769e-02
87 98 -2.305614e-02
2 83 -2.307483e-02
40 92 -2.307808e-02
35 73 -2.327237e-02
11 47 -2.330505e-02
6 62 -2.335412e-02
5 21 -2.349463e-02
78 96 -2.356053e-02
27 100 -2.371391e-02
24 51 -2.375174e-02
52 100 -2.378018e-02
11 50 -2.380194e-02
57 89 -2.388081e-02
32 78 -2.389621e-02
62 72 -2.398719e-02
4 72 -2.414099e-02
70 77 -2.416326e-02
77 82 -2.422211e-02
48 54 -2.439599e-02
1 83 -2.440938e-02
39 88 -2.444179e-02
50 78 -2.444909e-02
2 75 -2.445003e-02
29 70 -2.447825e-02
8 58 -2.450833e-02
70 97 -2.451943e-02
4 53 -2.453027e-02
34 75 -2.457817e-02
17 62 -2.466912e-02
46 72 -2.468062e-02
6 49 -2.468148e-02
47 56 -2.469038e-02
64 95 -2.469370e-02
21 38 -2.471315e-02
15 71 -2.473525e-02
76 96 -2.474518e-02
84 91 -2.476325e-02
25 48 -2.478592e-02
1 70 -2.482392e-02
10 73 -2.487499e-02
5 66 -2.502992e-02
44 79 -2.506627e-02
20 86 -2.507202e-02
43 99 -2.508791e-02
23 45 -2.511672e-02
44 72 -2.516582e-02
35 67 -2.524701e-02
28 58 -2.536361e-02
2 84 -2.543915e-02
6 71 -2.545565e-02
92 100 -2.551836e-02
3 72 -2.554018e-02
8 24 -2.554610e-02
26 77 -2.555106e-02
20 61 -2.556128e-02
11 90 -2.563407e-02
85 100 -2.576308e-02
22 68 -2.580123e-02
4 39 -2.583867e-02
34 94 -2.587118e-02
7 19 -2.593565e-02
30 50 -2.596184e-02
8 86 -2.618196e-02
20 66 -2.618923e-02
87 89 -2.620847e-02
38 86 -2.633443e-02
88 94 -2.636144e-02
3 38 -2.639212e-02
70 94 -2.643182e-02
5 36 -2.645559e-02
70 78 -2.647411e-02
2 79 -2.647459e-02
39 89 -2.650375e-02
46 91 -2.656984e-02
8 32 -2.659217e-02
79 90 -2.659969e-02
4 69 -2.660759e-02
57 78 -2.665948e-02
35 100 -2.667584e-02
2 43 -2.682354e-02
36 74 -2.685096e-02
1 93 -2.694192e-02
38 71 -2.699750e-02
35 40 -2.701864e-02
35 64 -2.710815e-02
19 93 -2.721590e-02
13 36 -2.726456e-02
40 93 -2.728031e-02
12 72 -2.734465e-02
17 35 -2.734739e-02
12 62 -2.737476e-02
75 98 -2.737918e-02
4 88 -2.740962e-02
3 71 -2.745758e-02
7 33 -2.757154e-02
60 71 -2.757913e-02
7 63 -2.757929e-02
53 72 -2.758523e-02
73 100 -2.759785e-02
60 67 -2.762106e-02
12 37 -2.764305e-02
3 81 -2.765819e-02
1 27 -2.766320e-02
2 16 -2.771412e-02
12 55 -2.777344e-02
29 71 -2.777626e-02
39 62 -2.794541e-02
55 99 -2.795592e-02
4 33 -2.799678e-02
44 98 -2.813513e-02
6 81 -2.814780e-02
45 83 -2.815046e-02
9 70 -2.821527e-02
3 64 -2.823425e-02
6 37 -2.836096e-02
26 61 -2.842758e-02
4 91 -2.844367e-02
21 60 -2.846404e-02
65 92 -2.852089e-02
29 49 -2.852179e-02
20 69 -2.853456e-02
22 66 -2.857288e-02
16 91 -2.860569e-02
75 86 -2.866918e-02
56 67 -2.872563e-02
49 54 -2.876553e-02
2 28 -2.891310e-02
10 40 -2.894051e-02
2 62 -2.894704e-02
27 52 -2.901970e-02
6 98 -2.904890e-02
44 91 -2.910373e-02
7 93 -2.911427e-02
44 53 -2.912423e-02
68 76 -2.914345e-02
2 58 -2.920703e-02
9 52 -2.924449e-02
5 67 -2.936231e-02
70 91 -2.936261e-02
17 37 -2.941279e-02
50 92 -2.944817e-02
18 77 -2.945726e-02
56 69 -2.949026e-02
67 100 -2.962426e-02
43 97 -2.969332e-02
53 100 -2.972339e-02
85 89 -2.975962e-02
22 88 -2.978393e-02
73 88 -2.979074e-02
70 90 -2.981588e-02
20 37 -2.989685e-02
3 18 -2.989916e-02
26 33 -2.990453e-02
22 38 -2.992902e-02
62 83 -3.000659e-02
16 74 -3.013264e-02
23 50 -3.015195e-02
24 48 -3.015896e-02
79 98 -3.020467e-02
60 66 -3.024360e-02
2 70 -3.025943e-02
3 94 -3.037711e-02
28 64 -3.042141e-02
54 66 -3.042340e-02
71 82 -3.045282e-02
44 96 -3.045657e-02
74 89 -3.048742e-02
22 97 -3.054754e-02
2 53 -3.055717e-02
68 84 -3.060122e-02
29 73 -3.063680e-02
62 87 -3.065682e-02
31 77 -3.074010e-02
19 92 -3.077415e-02
1 56 -3.079659e-02
78 88 -3.095365e-02
7 43 -3.110740e-02
22 73 -3.112509e-02
5 39 -3.113542e-02
26 44 -3.117846e-02
27 99 -3.120712e-02
17 76 -3.122347e-02
1 39 -3.127334e-02
1 67 -3.131677e-02
34 37 -3.136159e-02
9 84 -3.136250e-02
70 84 -3.146644e-02
49 85 -3.152263e-02
6 28 -3.161789e-02
78 99 -3.163036e-02
1 60 -3.177702e-02
58 64 -3.180989e-02
89 100 -3.190568e-02
3 46 -3.190859e-02
67 93 -3.198285e-02
52 95 -3.200426e-02
70 82 -3.200434e-02
63 100 -3.204329e-02
39 61 -3.207099e-02
68 88 -3.214200e-02
65 75 -3.214230e-02
71 90 -3.215519e-02
2 92 -3.216420e-02
5 50 -3.219000e-02
47 98 -3.229261e-02
68 99 -3.229444e-02
28 89 -3.229899e-02
4 71 -3.235901e-02
75 88 -3.236094e-02
40 96 -3.237371e-02
17 82 -3.263526e-02
47 63 -3.283874e-02
68 92 -3.287564e-02
6 35 -3.291928e-02
24 37 -3.295180e-02
23 100 -3.296157e-02
34 98 -3.296247e-02
39 95 -3.299196e-02
43 66 -3.303682e-02
8 54 -3.307392e-02
2 87 -3.315534e-02
16 99 -3.320504e-02
38 77 -3.324780e-02
85 94 -3.326320e-02
15 75 -3.345196e-02
14 95 -3.346511e-02
5 95 -3.349886e-02
17 45 -3.350308e-02
19 97 -3.351934e-02
5 31 -3.352235e-02
1 75 -3.354770e-02
62 99 -3.356160e-02
5 49 -3.357323e-02
50 68 -3.357993e-02
2 74 -3.359586e-02
26 53 -3.359629e-02
59 91 -3.360623e-02
82 84 -3.361744e-02
60 72 -3.373664e-02
4 19 -3.378834e-02
34 47 -3.379131e-02
31 46 -3.387172e-02
50 100 -3.388970e-02
57 100 -3.389513e-02
66 96 -3.399526e-02
5 25 -3.400197e-02
41 51 -3.407554e-02
6 84 -3.410503e-02
39 52 -3.411731e-02
31 79 -3.421754e-02
51 100 -3.422801e-02
6 46 -3.433329e-02
52 60 -3.440018e-02
20 78 -3.440916e-02
76 98 -3.446687e-02
36 52 -3.451111e-02
30 41 -3.451344e-02
28 33 -3.453913e-02
38 49 -3.461104e-02
46 65 -3.463285e-02
20 97 -3.464947e-02
74 99 -3.465024e-02
22 48 -3.468185e-02
3 50 -3.473163e-02
44 66 -3.474120e-02
12 41 -3.477417e-02
8 20 -3.481369e-02
20 79 -3.481669e-02
22 78 -3.482412e-02
42 67 -3.486367e-02
26 65 -3.489823e-02
2 35 -3.492285e-02
45 81 -3.494722e-02
39 72 -3.495201e-02
10 50 -3.495754e-02
15 33 -3.501719e-02
73 83 -3.519452e-02
43 71 -3.525444e-02
88 96 -3.532815e-02
3 41 -3.535268e-02
55 62 -3.537031e-02
11 31 -3.538976e-02
27 62 -3.542869e-02
64 90 -3.546305e-02
39 85 -3.552474e-02
15 82 -3.568937e-02
25 36 -3.576481e-02
47 93 -3.580580e-02
31 100 -3.582589e-02
22 69 -3.582834e-02
8 48 -3.583164e-02
76 93 -3.583874e-02
4 46 -3.607005e-02
16 71 -3.608200e-02
18 63 -3.610538e-02
1 86 -3.611230e-02
1 77 -3.621360e-02
42 93 -3.632946e-02
84 95 -3.634712e-02
33 34 -3.636296e-02
24 97 -3.637191e-02
35 53 -3.640903e-02
28 87 -3.656594e-02
62 74 -3.661024e-02
31 96 -3.663166e-02
8 37 -3.663771e-02
19 98 -3.673976e-02
1 65 -3.678083e-02
36 51 -3.679025e-02
3 74 -3.679971e-02
37 95 -3.682714e-02
32 48 -3.689356e-02
17 66 -3.696452e-02
14 48 -3.700699e-02
47 71 -3.702762e-02
83 96 -3.703110e-02
82 100 -3.704151e-02
4 35 -3.710757e-02
13 99 -3.717375e-02
3 95 -3.723654e-02
48 85 -3.728127e-02
22 85 -3.742865e-02
84 94 -3.753937e-02
3 60 -3.754528e-02
20 41 -3.764705e-02
20 50 -3.765847e-02
5 29 -3.783341e-02
49 99 -3.789588e-02
2 51 -3.790092e-02
26 34 -3.791498e-02
88 100 -3.799578e-02
66 81 -3.800411e-02
22 34 -3.800865e-02
2 91 -3.810646e-02
47 72 -3.818344e-02
2 76 -3.820992e-02
48 61 -3.827525e-02
14 100 -3.841928e-02
4 47 -3.841969e-02
29 67 -3.843646e-02
2 46 -3.848066e-02
29 100 -3.859208e-02
13 23 -3.862198e-02
30 94 -3.862901e-02
15 42 -3.865854e-02
38 85 -3.867830e-02
53 93 -3.870017e-02
66 93 -3.872713e-02
35 68 -3.873235e-02
13 53 -3.880053e-02
4 95 -3.881080e-02
39 59 -3.882231e-02
17 26 -3.883166e-02
40 80 -3.883560e-02
17 31 -3.885103e-02
14 75 -3.885288e-02
25 53 -3.886983e-02
10 32 -3.888538e-02
49 100 -3.895295e-02
2 21 -3.917377e-02
57 80 -3.918743e-02
4 94 -3.919994e-02
39 99 -3.922082e-02
6 70 -3.923836e-02
35 46 -3.926711e-02
54 69 -3.929340e-02
26 90 -3.935473e-02
7 55 -3.938565e-02
57 99 -3.938876e-02
55 71 -3.940284e-02
10 91 -3.942796e-02
58 70 -3.944042e-02
55 63 -3.945147e-02
1 94 -3.958771e-02
1 50 -3.962818e-02
38 99 -3.965797e-02
12 18 -3.972152e-02
2 69 -3.972522e-02
54 99 -3.982160e-02
37 83 -3.998253e-02
22 46 -4.019972e-02
62 92 -4.020141e-02
5 59 -4.020731e-02
73 90 -4.024351e-02
56 66 -4.035141e-02
10 20 -4.036261e-02
14 60 -4.036444e-02
5 78 -4.041721e-02
14 57 -4.058656e-02
61 100 -4.059247e-02
7 20 -4.063279e-02
18 75 -4.067281e-02
21 95 -4.067713e-02
62 64 -4.070074e-02
37 58 -4.079810e-02
44 46 -4.085046e-02
57 76 -4.085162e-02
11 99 -4.104379e-02
2 77 -4.104759e-02
17 39 -4.111301e-02
45 82 -4.111501e-02
21 28 -4.127602e-02
71 84 -4.132003e-02
3 29 -4.139793e-02
2 59 -4.141915e-02
26 75 -4.166719e-02
9 65 -4.174602e-02
81 97 -4.185972e-02
14 50 -4.201508e-02
5 43 -4.202245e-02
10 68 -4.203507e-02
61 64 -4.212384e-02
13 100 -4.215748e-02
58 60 -4.216379e-02
7 32 -4.216739e-02
1 51 -4.229301e-02
50 57 -4.230915e-02
4 43 -4.232546e-02
25 86 -4.233016e-02
55 91 -4.233019e-02
8 98 -4.237041e-02
40 60 -4.237625e-02
16 31 -4.241265e-02
37 82 -4.249883e-02
62 98 -4.252044e-02
10 49 -4.260745e-02
26 97 -4.261125e-02
9 75 -4.265397e-02
46 54 -4.269606e-02
14 85 -4.269856e-02
25 52 -4.271211e-02
4 60 -4.272873e-02
48 78 -4.276182e-02
65 89 -4.279936e-02
39 86 -4.280926e-02
20 33 -4.283435e-02
90 99 -4.284683e-02
7 70 -4.285249e-02
32 70 -4.292265e-02
28 73 -4.302663e-02
39 74 -4.303028e-02
6 20 -4.319879e-02
48 99 -4.320852e-02
2 27 -4.325760e-02
4 57 -4.331479e-02
21 23 -4.331974e-02
3 85 -4.345312e-02
83 89 -4.351508e-02
5 82 -4.353164e-02
9 23 -4.359636e-02
19 88 -4.363116e-02
37 94 -4.367120e-02
2 32 -4.371435e-02
3 77 -4.377113e-02
60 76 -4.380466e-02
73 92 -4.383883e-02
3 56 -4.385522e-02
3 82 -4.395696e-02
72 92 -4.397434e-02
1 20 -4.397662e-02
58 84 -4.402553e-02
56 87 -4.403947e-02
9 64 -4.415214e-02
24 47 -4.415661e-02
3 36 -4.422134e-02
5 47 -4.422835e-02
6 66 -4.427264e-02
4 23 -4.427470e-02
42 49 -4.429173e-02
31 51 -4.432691e-02
10 98 -4.436489e-02
2 60 -4.443855e-02
74 85 -4.451980e-02
31 50 -4.452745e-02
11 41 -4.457298e-02
41 63 -4.462609e-02
35 99 -4.464365e-02
12 43 -4.465368e-02
16 90 -4.481381e-02
6 29 -4.482092e-02
41 49 -4.482371e-02
9 38 -4.483254e-02
10 90 -4.487923e-02
4 37 -4.489426e-02
33 59 -4.492802e-02
21 78 -4.493713e-02
4 66 -4.504159e-02
3 51 -4.517475e-02
4 83 -4.521940e-02
17 83 -4.522361e-02
4 17 -4.529731e-02
51 75 -4.537389e-02
2 24 -4.541103e-02
28 76 -4.567992e-02
17 84 -4.570897e-02
81 96 -4.571922e-02
39 94 -4.576179e-02
89 99 -4.578024e-02
6 32 -4.578196e-02
12 42 -4.578515e-02
61 92 -4.579069e-02
20 42 -4.581578e-02
51 94 -4.581872e-02
11 19 -4.583711e-02
3 34 -4.590879e-02
12 29 -4.600514e-02
20 34 -4.612503e-02
14 47 -4.619393e-02
14 23 -4.620555e-02
41 65 -4.623402e-02
2 89 -4.627919e-02
3 83 -4.629597e-02
9 41 -4.633786e-02
21 91 -4.635126e-02
88 99 -4.642219e-02
7 72 -4.650410e-02
57 81 -4.651771e-02
3 69 -4.659553e-02
22 82 -4.663238e-02
15 76 -4.679311e-02
46 85 -4.687216e-02
6 60 -4.687544e-02
53 57 -4.689413e-02
46 89 -4.706069e-02
27 50 -4.712826e-02
19 65 -4.714832e-02
26 69 -4.718435e-02
66 73 -4.726438e-02
73 99 -4.732916e-02
70 99 -4.741853e-02
4 27 -4.742508e-02
63 96 -4.744369e-02
3 31 -4.756215e-02
74 98 -4.762228e-02
4 58 -4.762402e-02
17 65 -4.766283e-02
77 78 -4.767641e-02
23 69 -4.769260e-02
4 78 -4.769456e-02
25 69 -4.770931e-02
14 78 -4.778993e-02
41 73 -4.782105e-02
59 71 -4.786301e-02
46 80 -4.795454e-02
72 90 -4.798901e-02
4 52 -4.800804e-02
6 24 -4.801630e-02
11 78 -4.801829e-02
9 40 -4.807240e-02
58 89 -4.819677e-02
21 41 -4.830892e-02
5 51 -4.832180e-02
48 63 -4.841543e-02
4 40 -4.842912e-02
39 84 -4.843456e-02
60 65 -4.844106e-02
8 80 -4.850657e-02
65 66 -4.869254e-02
30 98 -4.873419e-02
44 93 -4.877091e-02
61 69 -4.879393e-02
45 52 -4.881526e-02
19 91 -4.890685e-02
16 60 -4.893761e-02
30 71 -4.904952e-02
2 26 -4.905747e-02
1 44 -4.908333e-02
13 78 -4.908983e-02
23 53 -4.911621e-02
32 93 -4.921473e-02
18 35 -4.935265e-02
77 87 -4.937763e-02
3 44 -4.941108e-02
17 85 -4.947411e-02
8 19 -4.947706e-02
4 28 -4.954307e-02
51 66 -4.954584e-02
51 85 -4.955772e-02
30 69 -4.958591e-02
1 32 -4.962053e-02
37 92 -4.971628e-02
57 94 -4.973077e-02
18 58 -4.986023e-02
21 77 -4.987077e-02
33 95 -4.988881e-02
2 93 -4.993687e-02
55 66 -4.994381e-02
22 52 -4.997366e-02
41 82 -4.997760e-02
58 99 -4.998212e-02
37 99 -5.004139e-02
7 61 -5.004203e-02
54 94 -5.009180e-02
51 87 -5.015297e-02
4 62 -5.021037e-02
7 71 -5.021711e-02
24 58 -5.022966e-02
6 26 -5.023189e-02
4 49 -5.026858e-02
4 24 -5.031441e-02
5 33 -5.051240e-02
51 73 -5.051658e-02
79 99 -5.064706e-02
45 60 -5.079292e-02
91 100 -5.084560e-02
58 85 -5.090218e-02
2 36 -5.090381e-02
17 61 -5.091084e-02
54 90 -5.092067e-02
38 74 -5.092683e-02
75 100 -5.098941e-02
48 60 -5.100039e-02
4 20 -5.106224e-02
1 90 -5.108944e-02
28 69 -5.122076e-02
27 95 -5.128286e-02
58 98 -5.140718e-02
22 81 -5.153725e-02
28 55 -5.158364e-02
27 46 -5.167113e-02
24 66 -5.167309e-02
33 62 -5.181894e-02
26 94 -5.182163e-02
9 67 -5.187194e-02
58 100 -5.189497e-02
39 41 -5.190485e-02
64 78 -5.190792e-02
2 44 -5.193523e-02
28 95 -5.200055e-02
14 84 -5.206411e-02
16 87 -5.210751e-02
33 87 -5.211877e-02
67 98 -5.217961e-02
15 64 -5.220633e-02
43 60 -5.235885e-02
45 85 -5.242457e-02
47 87 -5.243951e-02
52 73 -5.250779e-02
45 76 -5.256902e-02
52 76 -5.274254e-02
43 54 -5.274432e-02
65 87 -5.282200e-02
62 80 -5.283388e-02
37 64 -5.285111e-02
26 57 -5.285211e-02
36 71 -5.287141e-02
36 55 -5.290031e-02
27 57 -5.291188e-02
12 85 -5.293434e-02
4 61 -5.317788e-02
33 64 -5.320117e-02
49 53 -5.320867e-02
5 91 -5.322085e-02
3 66 -5.326804e-02
29 54 -5.328848e-02
19 62 -5.336651e-02
41 84 -5.343226e-02
57 67 -5.345137e-02
47 60 -5.356310e-02
32 96 -5.358239e-02
9 71 -5.359123e-02
15 99 -5.360471e-02
10 72 -5.361262e-02
5 75 -5.364503e-02
83 100 -5.365966e-02
5 76 -5.367819e-02
14 45 -5.374087e-02
56 99 -5.374171e-02
70 74 -5.380282e-02
70 100 -5.388699e-02
89 98 -5.389004e-02
16 75 -5.389275e-02
54 72 -5.391566e-02
6 36 -5.392065e-02
23 98 -5.399321e-02
33 45 -5.401760e-02
4 80 -5.404822e-02
20 96 -5.415692e-02
66 97 -5.415897e-02
3 49 -5.416334e-02
3 73 -5.419617e-02
12 38 -5.426582e-02
4 31 -5.433634e-02
62 91 -5.435301e-02
20 46 -5.436031e-02
75 77 -5.436280e-02
38 69 -5.438107e-02
35 63 -5.438329e-02
60 70 -5.440855e-02
26 98 -5.442786e-02
29 51 -5.450229e-02
61 93 -5.459420e-02
45 62 -5.467245e-02
55 88 -5.468109e-02
8 51 -5.470550e-02
12 74 -5.470929e-02
20 31 -5.479161e-02
78 98 -5.481465e-02
34 53 -5.484257e-02
50 99 -5.492753e-02
39 73 -5.494578e-02
16 86 -5.497309e-02
10 52 -5.518668e-02
56 77 -5.523173e-02
4 25 -5.525378e-02
42 70 -5.537067e-02
20 83 -5.544578e-02
58 96 -5.550519e-02
1 25 -5.553636e-02
20 100 -5.562270e-02
11 60 -5.564039e-02
8 91 -5.570039e-02
7 91 -5.573862e-02
33 98 -5.575177e-02
25 65 -5.575280e-02
45 69 -5.587512e-02
33 49 -5.601166e-02
69 99 -5.603588e-02
12 92 -5.611487e-02
30 81 -5.617250e-02
1 87 -5.621525e-02
30 57 -5.625741e-02
20 58 -5.629188e-02
37 90 -5.637079e-02
7 23 -5.638975e-02
24 46 -5.640868e-02
15 85 -5.651389e-02
48 72 -5.651578e-02
45 87 -5.652940e-02
9 24 -5.656782e-02
11 75 -5.665624e-02
59 73 -5.672782e-02
72 87 -5.679875e-02
19 30 -5.679962e-02
1 23 -5.683369e-02
9 34 -5.697308e-02
8 85 -5.698641e-02
31 88 -5.705242e-02
25 62 -5.707309e-02
30 42 -5.715628e-02
44 99 -5.717188e-02
51 76 -5.719781e-02
1 69 -5.727550e-02
35 60 -5.730130e-02
57 91 -5.731059e-02
28 37 -5.735988e-02
6 95 -5.738703e-02
3 26 -5.743982e-02
64 71 -5.751557e-02
23 90 -5.756020e-02
4 21 -5.761935e-02
25 85 -5.763997e-02
32 50 -5.768271e-02
22 93 -5.774275e-02
3 27 -5.777140e-02
17 88 -5.781209e-02
2 34 -5.784084e-02
13 84 -5.786499e-02
43 100 -5.790096e-02
3 91 -5.792729e-02
10 76 -5.800897e-02
74 100 -5.806648e-02
30 73 -5.809468e-02
15 23 -5.813708e-02
13 74 -5.820362e-02
16 73 -5.820621e-02
50 56 -5.832062e-02
51 84 -5.832297e-02
29 38 -5.833126e-02
7 38 -5.844603e-02
49 72 -5.858280e-02
4 65 -5.861906e-02
11 63 -5.865485e-02
41 90 -5.869096e-02
5 45 -5.879634e-02
65 73 -5.883818e-02
8 26 -5.893471e-02
59 80 -5.896179e-02
62 69 -5.899212e-02
6 41 -5.903154e-02
66 98 -5.905878e-02
50 93 -5.908563e-02
7 35 -5.910029e-02
69 89 -5.920961e-02
9 92 -5.939135e-02
24 96 -5.940891e-02
5 68 -5.943943e-02
8 79 -5.951474e-02
23 41 -5.956634e-02
32 46 -5.960070e-02
3 45 -5.962316e-02
53 73 -5.963281e-02
86 100 -5.964360e-02
41 93 -5.971632e-02
69 81 -5.988797e-02
24 61 -5.989567e-02
67 78 -5.990896e-02
4 36 -5.994416e-02
18 99 -5.994482e-02
20 85 -5.998355e-02
61 73 -5.999805e-02
33 41 -6.002214e-02
6 91 -6.004793e-02
41 71 -6.008578e-02
7 67 -6.010695e-02
44 76 -6.012280e-02
16 70 -6.017433e-02
12 26 -6.026906e-02
22 45 -6.027044e-02
5 63 -6.037046e-02
24 98 -6.041290e-02
22 58 -6.048303e-02
5 96 -6.055822e-02
15 30 -6.056828e-02
33 91 -6.057556e-02
33 48 -6.058904e-02
13 62 -6.072438e-02
26 76 -6.083924e-02
43 49 -6.084817e-02
77 89 -6.086699e-02
3 59 -6.086704e-02
17 80 -6.088710e-02
7 69 -6.097559e-02
5 27 -6.114802e-02
2 23 -6.125215e-02
30 67 -6.127426e-02
6 47 -6.127543e-02
9 81 -6.131443e-02
14 52 -6.132884e-02
34 97 -6.134925e-02
16 46 -6.139113e-02
2 48 -6.150994e-02
33 82 -6.157230e-02
7 48 -6.157281e-02
16 65 -6.157485e-02
38 96 -6.159047e-02
27 90 -6.164868e-02
12 79 -6.182678e-02
47 99 -6.213656e-02
1 28 -6.224160e-02
42 97 -6.230299e-02
18 50 -6.231953e-02
25 63 -6.244057e-02
2 29 -6.244533e-02
59 98 -6.247773e-02
53 81 -6.250636e-02
47 66 -6.255630e-02
10 78 -6.259857e-02
68 75 -6.260323e-02
44 49 -6.260366e-02
12 98 -6.266259e-02
22 90 -6.273219e-02
6 25 -6.275453e-02
4 86 -6.277193e-02
52 85 -6.279706e-02
4 73 -6.289796e-02
24 59 -6.289960e-02
16 28 -6.290611e-02
21 67 -6.295898e-02
48 96 -6.297800e-02
51 77 -6.310701e-02
68 100 -6.312214e-02
13 28 -6.312971e-02
8 23 -6.316070e-02
2 80 -6.334671e-02
53 75 -6.335667e-02
18 39 -6.341704e-02
61 97 -6.345615e-02
4 75 -6.348421e-02
2 82 -6.353917e-02
81 87 -6.357825e-02
1 62 -6.358263e-02
9 61 -6.373850e-02
1 58 -6.378855e-02
36 53 -6.382298e-02
41 85 -6.382632e-02
45 72 -6.389770e-02
2 78 -6.402920e-02
3 20 -6.407245e-02
31 37 -6.410003e-02
1 21 -6.415583e-02
42 87 -6.416704e-02
35 61 -6.419858e-02
12 40 -6.432683e-02
6 93 -6.434244e-02
64 85 -6.436360e-02
86 99 -6.437163e-02
23 62 -6.440157e-02
14 32 -6.458139e-02
33 61 -6.459688e-02
36 92 -6.472262e-02
58 73 -6.472936e-02
26 66 -6.473511e-02
26 50 -6.476301e-02
61 63 -6.490492e-02
20 59 -6.492427e-02
21 74 -6.516591e-02
5 60 -6.520795e-02
38 55 -6.524866e-02
6 58 -6.537175e-02
6 68 -6.547798e-02
42 99 -6.555112e-02
35 86 -6.557656e-02
22 31 -6.560270e-02
49 96 -6.565035e-02
15 43 -6.576900e-02
7 50 -6.577305e-02
19 96 -6.591715e-02
45 94 -6.594986e-02
58 77 -6.595463e-02
1 31 -6.596503e-02
1 37 -6.598973e-02
86 96 -6.611093e-02
58 97 -6.620683e-02
65 76 -6.621821e-02
26 100 -6.622429e-02
18 97 -6.625867e-02
47 100 -6.634103e-02
11 40 -6.637759e-02
6 78 -6.638711e-02
7 66 -6.638983e-02
1 34 -6.640201e-02
4 41 -6.641640e-02
16 77 -6.656298e-02
36 100 -6.657821e-02
17 44 -6.658864e-02
5 83 -6.660113e-02
38 75 -6.663532e-02
2 25 -6.666198e-02
14 77 -6.667781e-02
61 88 -6.669090e-02
19 81 -6.672376e-02
26 32 -6.672447e-02
35 41 -6.676799e-02
14 97 -6.679247e-02
44 50 -6.685226e-02
43 87 -6.697995e-02
4 90 -6.699099e-02
51 68 -6.707768e-02
6 33 -6.718584e-02
23 92 -6.721100e-02
1 76 -6.721158e-02
58 75 -6.724172e-02
5 24 -6.727478e-02
4 70 -6.730145e-02
35 93 -6.734408e-02
32 69 -6.735138e-02
34 52 -6.737880e-02
14 40 -6.743849e-02
16 43 -6.750947e-02
47 68 -6.755708e-02
21 73 -6.756347e-02
62 94 -6.765862e-02
28 50 -6.768175e-02
7 80 -6.769860e-02
40 48 -6.774457e-02
50 79 -6.778297e-02
16 68 -6.781223e-02
33 75 -6.793418e-02
24 63 -6.801236e-02
38 66 -6.815290e-02
10 86 -6.817229e-02
32 86 -6.827679e-02
83 86 -6.835838e-02
29 43 -6.841106e-02
59 79 -6.847331e-02
39 76 -6.853113e-02
26 36 -6.853349e-02
18 59 -6.863784e-02
32 81 -6.876381e-02
13 58 -6.877609e-02
30 65 -6.886345e-02
23 32 -6.898401e-02
59 99 -6.919915e-02
7 75 -6.920424e-02
35 50 -6.923779e-02
10 89 -6.927869e-02
23 99 -6.929481e-02
39 81 -6.929590e-02
59 89 -6.933664e-02
19 75 -6.934662e-02
21 40 -6.938492e-02
9 77 -6.954035e-02
2 45 -6.957145e-02
51 59 -6.959724e-02
69 80 -6.964004e-02
27 71 -6.965052e-02
46 73 -6.967721e-02
2 56 -6.969694e-02
14 25 -6.980082e-02
17 86 -6.983464e-02
2 40 -6.984255e-02
17 73 -6.985473e-02
29 98 -6.989498e-02
46 69 -6.989741e-02
12 47 -6.999396e-02
21 98 -7.003027e-02
3 65 -7.010261e-02
21 42 -7.010976e-02
43 85 -7.014736e-02
3 68 -7.023775e-02
34 49 -7.029661e-02
19 79 -7.030720e-02
17 91 -7.036988e-02
66 69 -7.037324e-02
56 62 -7.044464e-02
11 73 -7.048787e-02
12 73 -7.063022e-02
19 99 -7.063257e-02
65 90 -7.067119e-02
75 81 -7.078052e-02
2 41 -7.085560e-02
5 93 -7.088965e-02
85 99 -7.089411e-02
13 54 -7.092394e-02
15 62 -7.094366e-02
2 66 -7.095055e-02
73 97 -7.107459e-02
57 72 -7.112427e-02
4 76 -7.112736e-02
7 41 -7.122505e-02
54 96 -7.125181e-02
19 26 -7.138908e-02
12 99 -7.147017e-02
2 68 -7.157385e-02
76 97 -7.162794e-02
48 52 -7.169325e-02
23 67 -7.171545e-02
65 81 -7.172231e-02
15 46 -7.177265e-02
14 36 -7.180786e-02
30 53 -7.182637e-02
6 96 -7.183030e-02
76 89 -7.190672e-02
4 34 -7.213762e-02
1 41 -7.221230e-02
1 40 -7.223915e-02
28 90 -7.228577e-02
55 79 -7.236399e-02
13 75 -7.240038e-02
4 56 -7.262476e-02
8 75 -7.263932e-02
5 73 -7.264795e-02
21 79 -7.267667e-02
4 42 -7.273164e-02
2 55 -7.289100e-02
29 58 -7.292086e-02
54 62 -7.297374e-02
40 90 -7.305328e-02
12 30 -7.308437e-02
9 58 -7.317316e-02
34 67 -7.322514e-02
20 70 -7.329871e-02
16 32 -7.341149e-02
29 31 -7.341820e-02
2 20 -7.343798e-02
1 79 -7.345084e-02
79 84 -7.348838e-02
38 53 -7.350205e-02
59 87 -7.350437e-02
53 94 -7.356782e-02
44 71 -7.364183e-02
20 80 -7.369650e-02
48 100 -7.370538e-02
18 31 -7.370816e-02
80 93 -7.374485e-02
37 84 -7.396827e-02
20 28 -7.402234e-02
61 67 -7.402794e-02
31 92 -7.416642e-02
45 99 -7.417177e-02
1 88 -7.419999e-02
6 52 -7.435265e-02
90 100 -7.440498e-02
15 39 -7.440986e-02
53 88 -7.446384e-02
42 78 -7.451576e-02
1 29 -7.452620e-02
20 54 -7.452963e-02
14 81 -7.453674e-02
18 68 -7.463487e-02
12 76 -7.490068e-02
8 68 -7.499319e-02
10 79 -7.499458e-02
22 94 -7.500656e-02
25 99 -7.501909e-02
2 47 -7.519711e-02
38 48 -7.522251e-02
19 57 -7.522825e-02
41 55 -7.538346e-02
16 22 -7.542903e-02
43 98 -7.559679e-02
25 82 -7.562532e-02
7 90 -7.563186e-02
10 57 -7.565369e-02
19 51 -7.566086e-02
5 84 -7.569961e-02
55 61 -7.574019e-02
35 39 -7.574600e-02
37 51 -7.579710e-02
35 44 -7.584401e-02
16 51 -7.589781e-02
20 84 -7.603556e-02
31 57 -7.607043e-02
24 73 -7.607248e-02
68 96 -7.626582e-02
2 31 -7.630054e-02
7 76 -7.635676e-02
10 29 -7.641611e-02
17 47 -7.647029e-02
21 88 -7.650477e-02
44 52 -7.655220e-02
9 55 -7.659185e-02
20 62 -7.684218e-02
5 28 -7.684238e-02
4 87 -7.684638e-02
36 69 -7.695147e-02
53 95 -7.705889e-02
38 50 -7.707001e-02
22 74 -7.707350e-02
48 84 -7.711669e-02
43 80 -7.712760e-02
1 85 -7.713266e-02
56 83 -7.717604e-02
27 36 -7.718565e-02
2 65 -7.722321e-02
2 37 -7.724874e-02
9 42 -7.726821e-02
17 90 -7.733249e-02
16 79 -7.735222e-02
28 34 -7.738685e-02
22 64 -7.760434e-02
45 100 -7.766280e-02
74 95 -7.778661e-02
44 74 -7.781304e-02
12 61 -7.782406e-02
53 96 -7.785623e-02
21 64 -7.791798e-02
13 35 -7.805045e-02
8 61 -7.805263e-02
20 99 -7.820427e-02
1 35 -7.822365e-02
28 88 -7.830052e-02
45 86 -7.840578e-02
1 26 -7.846246e-02
65 98 -7.848140e-02
17 100 -7.849980e-02
18 98 -7.854063e-02
29 93 -7.868650e-02
33 67 -7.872678e-02
48 87 -7.873576e-02
27 85 -7.877637e-02
48 66 -7.879030e-02
5 79 -7.881152e-02
18 95 -7.881765e-02
1 47 -7.883201e-02
28 85 -7.889324e-02
45 47 -7.896546e-02
21 46 -7.916283e-02
5 92 -7.919617e-02
30 75 -7.923112e-02
71 92 -7.924942e-02
41 76 -7.931890e-02
15 28 -7.941790e-02
28 46 -7.942577e-02
22 98 -7.943910e-02
5 52 -7.944035e-02
39 91 -7.944128e-02
6 89 -7.946268e-02
11 92 -7.951294e-02
44 75 -7.951985e-02
4 79 -7.953421e-02
27 53 -7.967097e-02
14 62 -7.987052e-02
3 70 -7.988475e-02
22 95 -7.993097e-02
54 67 -8.003445e-02
2 88 -8.005877e-02
5 32 -8.009146e-02
31 76 -8.022976e-02
59 72 -8.024467e-02
24 68 -8.032454e-02
9 88 -8.035599e-02
17 81 -8.042013e-02
36 38 -8.048528e-02
10 87 -8.070348e-02
53 68 -8.085319e-02
51 82 -8.087170e-02
10 81 -8.093023e-02
43 48 -8.096110e-02
18 96 -8.096718e-02
60 73 -8.131078e-02
45 98 -8.152069e-02
44 58 -8.156602e-02
48 79 -8.158602e-02
3 28 -8.159278e-02
9 86 -8.164211e-02
33 71 -8.180346e-02
28 92 -8.221894e-02
41 43 -8.228769e-02
27 40 -8.238096e-02
74 90 -8.245052e-02
7 16 -8.250862e-02
3 86 -8.262886e-02
1 45 -8.264535e-02
18 29 -8.266440e-02
86 95 -8.273128e-02
10 85 -8.276704e-02
27 58 -8.286800e-02
17 46 -8.289593e-02
19 73 -8.299162e-02
39 55 -8.312967e-02
1 78 -8.319676e-02
48 88 -8.319964e-02
21 100 -8.331070e-02
4 29 -8.331485e-02
7 65 -8.331736e-02
3 42 -8.336194e-02
10 92 -8.337859e-02
18 86 -8.342323e-02
3 39 -8.355868e-02
37 93 -8.359806e-02
16 47 -8.365771e-02
1 36 -8.369416e-02
22 71 -8.372054e-02
12 90 -8.374675e-02
3 32 -8.380507e-02
15 24 -8.385702e-02
11 38 -8.392606e-02
13 76 -8.395062e-02
74 80 -8.399798e-02
1 24 -8.408390e-02
17 60 -8.409225e-02
12 56 -8.423304e-02
3 37 -8.431015e-02
64 88 -8.436895e-02
5 40 -8.437254e-02
72 94 -8.438363e-02
22 42 -8.439509e-02
19 56 -8.443977e-02
36 68 -8.450462e-02
31 33 -8.451428e-02
17 95 -8.457526e-02
18 89 -8.458406e-02
58 95 -8.486306e-02
11 46 -8.493006e-02
48 90 -8.496142e-02
20 72 -8.507341e-02
5 44 -8.509424e-02
16 66 -8.523159e-02
23 82 -8.526993e-02
40 70 -8.527801e-02
36 47 -8.535283e-02
39 79 -8.543189e-02
5 62 -8.553528e-02
20 71 -8.555237e-02
46 100 -8.556155e-02
3 89 -8.564807e-02
4 85 -8.571070e-02
50 91 -8.575975e-02
71 86 -8.577728e-02
14 67 -8.591151e-02
14 66 -8.598726e-02
82 93 -8.600287e-02
8 39 -8.623087e-02
25 73 -8.630275e-02
12 81 -8.631017e-02
5 90 -8.632943e-02
80 86 -8.636396e-02
74 88 -8.645992e-02
12 93 -8.654568e-02
24 93 -8.654715e-02
41 57 -8.655240e-02
2 86 -8.656508e-02
21 86 -8.658363e-02
1 66 -8.677725e-02
4 74 -8.679733e-02
18 65 -8.681170e-02
21 36 -8.693062e-02
29 72 -8.695440e-02
8 45 -8.718027e-02
51 64 -8.718386e-02
8 87 -8.719498e-02
51 99 -8.734007e-02
13 80 -8.754665e-02
45 56 -8.756801e-02
66 83 -8.762238e-02
20 65 -8.765248e-02
12 28 -8.779854e-02
63 89 -8.780199e-02
11 77 -8.784470e-02
13 60 -8.786433e-02
1 55 -8.786679e-02
12 87 -8.804821e-02
15 47 -8.812545e-02
42 66 -8.840541e-02
14 76 -8.842127e-02
13 98 -8.849820e-02
25 58 -8.856682e-02
14 59 -8.858758e-02
29 42 -8.858934e-02
16 97 -8.859345e-02
30 68 -8.859735e-02
2 54 -8.860057e-02
40 51 -8.860209e-02
25 56 -8.860309e-02
7 56 -8.861650e-02
4 48 -8.871191e-02
16 98 -8.871636e-02
5 58 -8.874176e-02
59 96 -8.874220e-02
26 35 -8.875747e-02
19 80 -8.881955e-02
33 58 -8.899337e-02
8 82 -8.904003e-02
55 80 -8.905896e-02
54 100 -8.923132e-02
9 78 -8.924352e-02
39 77 -8.930395e-02
78 100 -8.932460e-02
3 67 -8.932676e-02
42 90 -8.934977e-02
79 88 -8.952363e-02
16 94 -8.955599e-02
1 89 -8.959973e-02
11 98 -8.961647e-02
14 88 -8.976967e-02
34 85 -8.987177e-02
31 85 -9.014884e-02
25 93 -9.015568e-02
15 56 -9.019981e-02
7 42 -9.023967e-02
11 32 -9.040626e-02
49 66 -9.042641e-02
56 68 -9.042787e-02
45 97 -9.045458e-02
3 48 -9.064703e-02
6 76 -9.065881e-02
30 49 -9.074795e-02
41 98 -9.085886e-02
20 39 -9.102245e-02
61 90 -9.102485e-02
69 100 -9.104702e-02
6 38 -9.134657e-02
32 71 -9.145280e-02
41 79 -9.161773e-02
52 72 -9.176088e-02
66 88 -9.200563e-02
79 86 -9.214399e-02
40 83 -9.215389e-02
10 45 -9.221237e-02
1 82 -9.229357e-02
15 66 -9.242012e-02
2 85 -9.244479e-02
3 54 -9.245256e-02
28 66 -9.252870e-02
3 87 -9.255064e-02
57 98 -9.258326e-02
54 63 -9.269582e-02
3 88 -9.273631e-02
28 80 -9.283269e-02
44 87 -9.286690e-02
7 84 -9.295919e-02
53 84 -9.301098e-02
19 67 -9.308650e-02
3 79 -9.315742e-02
30 46 -9.320902e-02
52 98 -9.339738e-02
9 20 -9.344298e-02
3 78 -9.352612e-02
54 71 -9.352924e-02
7 74 -9.353799e-02
3 76 -9.365632e-02
39 60 -9.369197e-02
15 95 -9.380162e-02
57 75 -9.385062e-02
14 73 -9.401320e-02
16 69 -9.402404e-02
57 79 -9.429149e-02
42 82 -9.439593e-02
45 71 -9.443177e-02
29 41 -9.450100e-02
34 84 -9.453860e-02
6 87 -9.456705e-02
72 91 -9.457522e-02
58 81 -9.457656e-02
19 53 -9.463427e-02
16 84 -9.467855e-02
14 87 -9.468224e-02
15 37 -9.472304e-02
53 59 -9.475118e-02
16 80 -9.477244e-02
27 49 -9.484675e-02
26 59 -9.485327e-02
47 81 -9.495215e-02
39 83 -9.499257e-02
21 56 -9.501474e-02
77 80 -9.517036e-02
5 42 -9.524941e-02
9 83 -9.525872e-02
24 80 -9.526845e-02
63 71 -9.527841e-02
8 49 -9.532883e-02
45 64 -9.539134e-02
59 74 -9.541803e-02
47 79 -9.552305e-02
23 55 -9.557867e-02
7 78 -9.560367e-02
60 92 -9.587621e-02
29 86 -9.591942e-02
21 76 -9.602632e-02
1 54 -9.612644e-02
30 91 -9.613310e-02
19 49 -9.616807e-02
17 64 -9.623284e-02
10 33 -9.624393e-02
1 80 -9.636361e-02
4 54 -9.637208e-02
32 36 -9.641883e-02
33 88 -9.645752e-02
44 54 -9.646147e-02
3 25 -9.648468e-02
9 30 -9.655952e-02
61 74 -9.661548e-02
19 37 -9.669259e-02
3 58 -9.674215e-02
8 90 -9.675902e-02
20 95 -9.676601e-02
55 89 -9.684344e-02
11 70 -9.688956e-02
75 84 -9.694860e-02
59 69 -9.697950e-02
17 94 -9.700801e-02
6 42 -9.707586e-02
8 73 -9.711109e-02
40 84 -9.716358e-02
57 97 -9.719795e-02
36 88 -9.731643e-02
14 64 -9.732130e-02
17 99 -9.738593e-02
34 39 -9.758409e-02
52 82 -9.763711e-02
12 51 -9.763780e-02
1 42 -9.767537e-02
3 80 -9.782539e-02
17 36 -9.783968e-02
68 98 -9.784778e-02
6 74 -9.786697e-02
23 58 -9.791136e-02
38 56 -9.801125e-02
61 79 -9.817130e-02
24 79 -9.820048e-02
24 95 -9.824438e-02
6 30 -9.834267e-02
12 64 -9.840242e-02
6 82 -9.844415e-02
30 97 -9.847321e-02
13 92 -9.853335e-02
33 51 -9.853345e-02
28 99 -9.855366e-02
12 36 -9.857188e-02
22 60 -9.873101e-02
51 71 -9.876523e-02
10 39 -9.881042e-02
61 83 -9.883337e-02
40 75 -9.890248e-02
46 93 -9.897573e-02
31 65 -9.917653e-02
1 48 -9.918206e-02
13 91 -9.925754e-02
46 94 -9.926278e-02
77 97 -9.932170e-02
10 26 -9.938838e-02
41 53 -9.943515e-02
10 16 -9.947893e-02
14 46 -9.948306e-02
49 73 -9.949832e-02
28 91 -9.950268e-02
9 39 -9.952062e-02
45 70 -9.955176e-02
9 62 -9.961004e-02
31 71 -9.971981e-02
32 83 -9.983671e-02
60 95 -9.989719e-02
54 84 -9.990627e-02
11 80 -1.000422e-01
28 93 -1.001290e-01
24 72 -1.001839e-01
61 80 -1.002461e-01
5 80 -1.002467e-01
69 90 -1.002863e-01
13 24 -1.003320e-01
45 53 -1.003489e-01
5 41 -1.004366e-01
62 88 -1.005084e-01
4 96 -1.005753e-01
34 79 -1.007414e-01
72 84 -1.008290e-01
4 26 -1.008599e-01
22 61 -1.009117e-01
11 71 -1.013977e-01
22 54 -1.014348e-01
25 76 -1.014475e-01
45 90 -1.015498e-01
19 40 -1.016241e-01
17 42 -1.018985e-01
30 96 -1.019081e-01
49 60 -1.020851e-01
59 88 -1.020931e-01
41 64 -1.021032e-01
16 78 -1.021209e-01
44 90 -1.021463e-01
54 77 -1.021559e-01
14 91 -1.021769e-01
17 70 -1.024924e-01
84 90 -1.026243e-01
9 90 -1.026367e-01
26 70 -1.027027e-01
6 72 -1.028113e-01
33 86 -1.028811e-01
72 81 -1.029506e-01
47 90 -1.030009e-01
48 82 -1.030647e-01
4 92 -1.032378e-01
10 28 -1.032787e-01
32 84 -1.032803e-01
19 100 -1.034581e-01
3 40 -1.035986e-01
41 94 -1.036911e-01
36 80 -1.036921e-01
63 83 -1.037494e-01
7 77 -1.037562e-01
6 73 -1.039369e-01
38 68 -1.039656e-01
54 85 -1.039987e-01
24 70 -1.042630e-01
16 100 -1.045344e-01
6 92 -1.045671e-01
21 44 -1.045807e-01
6 44 -1.046572e-01
27 74 -1.046635e-01
26 99 -1.047407e-01
46 87 -1.047741e-01
10 84 -1.047919e-01
4 67 -1.048064e-01
52 92 -1.050581e-01
68 89 -1.050819e-01
52 97 -1.051323e-01
20 49 -1.052214e-01
8 92 -1.052550e-01
62 68 -1.054429e-01
82 88 -1.054519e-01
8 44 -1.055279e-01
48 83 -1.055467e-01
6 77 -1.056810e-01
8 62 -1.059355e-01
18 51 -1.059882e-01
1 68 -1.060049e-01
5 34 -1.061038e-01
32 77 -1.061489e-01
32 43 -1.064362e-01
81 94 -1.064873e-01
20 36 -1.065270e-01
20 90 -1.066231e-01
8 27 -1.068266e-01
8 47 -1.069282e-01
35 65 -1.069629e-01
7 47 -1.069991e-01
59 62 -1.071265e-01
62 77 -1.071335e-01
55 87 -1.072537e-01
37 86 -1.072559e-01
28 86 -1.074115e-01
8 89 -1.074607e-01
4 55 -1.075414e-01
13 19 -1.076163e-01
15 55 -1.076858e-01
27 70 -1.077170e-01
52 94 -1.077259e-01
21 96 -1.077565e-01
52 96 -1.078582e-01
83 97 -1.078979e-01
28 81 -1.081056e-01
67 92 -1.081519e-01
44 85 -1.081882e-01
50 90 -1.082628e-01
20 68 -1.082636e-01
41 95 -1.083229e-01
55 83 -1.083656e-01
25 100 -1.083661e-01
48 71 -1.084408e-01
28 30 -1.084812e-01
16 95 -1.087127e-01
35 82 -1.087886e-01
34 42 -1.088244e-01
32 61 -1.089380e-01
50 81 -1.091030e-01
32 65 -1.091387e-01
23 42 -1.091731e-01
33 90 -1.091844e-01
12 78 -1.092517e-01
45 58 -1.092769e-01
7 82 -1.092770e-01
39 92 -1.092877e-01
62 78 -1.093879e-01
62 97 -1.093906e-01
48 91 -1.094293e-01
42 59 -1.094587e-01
60 87 -1.095694e-01
69 86 -1.096016e-01
57 83 -1.097405e-01
6 64 -1.097596e-01
14 99 -1.097660e-01
62 84 -1.099161e-01
58 63 -1.100201e-01
43 88 -1.100993e-01
12 63 -1.102228e-01
79 93 -1.102681e-01
62 81 -1.103822e-01
29 65 -1.104908e-01
45 63 -1.105623e-01
53 67 -1.105984e-01
55 95 -1.107154e-01
26 73 -1.107559e-01
16 76 -1.110370e-01
36 50 -1.111167e-01
13 42 -1.111167e-01
9 98 -1.111667e-01
28 70 -1.112231e-01
27 32 -1.113491e-01
2 42 -1.113810e-01
8 59 -1.115784e-01
28 68 -1.116295e-01
35 75 -1.116739e-01
19 86 -1.118593e-01
51 61 -1.119541e-01
18 42 -1.120013e-01
4 32 -1.120521e-01
61 81 -1.120937e-01
38 64 -1.121844e-01
20 98 -1.124166e-01
24 53 -1.125264e-01
31 95 -1.125456e-01
64 87 -1.125609e-01
83 93 -1.125712e-01
44 88 -1.126764e-01
31 94 -1.128091e-01
10 41 -1.129100e-01
11 86 -1.129334e-01
44 94 -1.129837e-01
3 62 -1.130132e-01
40 53 -1.130220e-01
7 57 -1.131089e-01
73 78 -1.131167e-01
39 54 -1.132145e-01
62 82 -1.133164e-01
27 87 -1.135253e-01
69 77 -1.135681e-01
8 60 -1.135808e-01
7 40 -1.136293e-01
47 89 -1.136863e-01
46 64 -1.137958e-01
34 76 -1.138230e-01
17 97 -1.138455e-01
56 94 -1.139492e-01
11 76 -1.139614e-01
20 55 -1.139796e-01
7 64 -1.140284e-01
12 82 -1.140719e-01
17 59 -1.141665e-01
46 67 -1.142487e-01
65 91 -1.142729e-01
15 92 -1.143396e-01
26 81 -1.143660e-01
55 94 -1.144048e-01
38 88 -1.144237e-01
8 56 -1.144597e-01
26 72 -1.145434e-01
18 82 -1.147091e-01
11 23 -1.147393e-01
8 72 -1.147892e-01
52 91 -1.150259e-01
21 47 -1.150484e-01
18 43 -1.150749e-01
7 44 -1.150783e-01
68 85 -1.151745e-01
6 65 -1.153038e-01
6 56 -1.153568e-01
11 56 -1.153966e-01
6 40 -1.154747e-01
36 42 -1.155277e-01
69 85 -1.155445e-01
22 50 -1.157060e-01
35 72 -1.157422e-01
60 91 -1.157452e-01
59 86 -1.157468e-01
48 74 -1.157671e-01
36 86 -1.158091e-01
12 96 -1.160398e-01
65 88 -1.161281e-01
21 99 -1.161560e-01
53 82 -1.162258e-01
8 88 -1.163980e-01
13 88 -1.166092e-01
24 49 -1.166465e-01
20 32 -1.167125e-01
73 95 -1.168976e-01
28 98 -1.169612e-01
35 90 -1.170299e-01
3 24 -1.170794e-01
5 55 -1.170833e-01
8 64 -1.171377e-01
41 70 -1.172239e-01
57 66 -1.174419e-01
15 48 -1.174670e-01
10 63 -1.175892e-01
22 86 -1.176006e-01
41 74 -1.176332e-01
33 57 -1.176987e-01
19 50 -1.179159e-01
13 38 -1.179333e-01
55 90 -1.181046e-01
13 65 -1.181504e-01
66 92 -1.181717e-01
62 90 -1.182078e-01
17 98 -1.183036e-01
33 56 -1.183059e-01
13 40 -1.183621e-01
20 82 -1.183774e-01
32 94 -1.185677e-01
43 63 -1.186725e-01
22 35 -1.186778e-01
5 64 -1.187171e-01
15 45 -1.187269e-01
15 98 -1.188925e-01
25 55 -1.189344e-01
74 82 -1.189449e-01
32 82 -1.190164e-01
31 70 -1.190178e-01
43 74 -1.191104e-01
50 94 -1.191998e-01
44 92 -1.192905e-01
7 58 -1.193404e-01
45 80 -1.193692e-01
55 100 -1.193770e-01
16 67 -1.194309e-01
17 55 -1.195040e-01
21 94 -1.195302e-01
30 79 -1.197780e-01
70 81 -1.197864e-01
16 62 -1.199062e-01
54 86 -1.200110e-01
78 86 -1.200639e-01
9 44 -1.201058e-01
18 90 -1.201059e-01
6 67 -1.201327e-01
44 100 -1.201535e-01
33 39 -1.201734e-01
25 88 -1.201790e-01
7 24 -1.203928e-01
37 57 -1.204533e-01
24 69 -1.204912e-01
13 47 -1.204997e-01
54 80 -1.205202e-01
62 79 -1.205375e-01
56 75 -1.206308e-01
37 97 -1.206329e-01
26 78 -1.206388e-01
29 75 -1.207622e-01
16 27 -1.207769e-01
30 47 -1.207832e-01
62 100 -1.208128e-01
59 63 -1.208139e-01
37 89 -1.208365e-01
41 92 -1.208875e-01
28 61 -1.210485e-01
45 77 -1.210558e-01
44 45 -1.213145e-01
22 91 -1.214225e-01
3 23 -1.215283e-01
41 50 -1.215816e-01
29 35 -1.215894e-01
34 86 -1.216070e-01
21 59 -1.216269e-01
57 77 -1.217049e-01
11 25 -1.218269e-01
18 93 -1.218582e-01
10 19 -1.219353e-01
24 92 -1.220485e-01
7 97 -1.220781e-01
15 94 -1.221209e-01
43 77 -1.221781e-01
57 96 -1.222102e-01
22 79 -1.222883e-01
60 84 -1.223031e-01
33 36 -1.223034e-01
60 94 -1.225033e-01
28 44 -1.225810e-01
9 80 -1.225849e-01
63 76 -1.227158e-01
19 70 -1.227282e-01
27 69 -1.230102e-01
57 93 -1.230187e-01
59 70 -1.232713e-01
28 71 -1.232901e-01
15 97 -1.234426e-01
27 29 -1.234510e-01
70 85 -1.234638e-01
7 85 -1.237066e-01
23 43 -1.237337e-01
37 76 -1.237563e-01
11 53 -1.240150e-01
9 56 -1.240336e-01
7 60 -1.241423e-01
5 77 -1.241849e-01
84 93 -1.244745e-01
27 76 -1.245903e-01
54 88 -1.246159e-01
17 71 -1.246830e-01
67 88 -1.249427e-01
30 64 -1.252995e-01
62 86 -1.253821e-01
30 74 -1.254024e-01
42 55 -1.254744e-01
10 88 -1.256030e-01
34 91 -1.256059e-01
5 87 -1.257200e-01
8 30 -1.257250e-01
6 80 -1.261323e-01
59 92 -1.261456e-01
9 73 -1.262221e-01
14 90 -1.262428e-01
55 85 -1.263129e-01
27 51 -1.263550e-01
7 95 -1.263874e-01
10 64 -1.264648e-01
23 44 -1.265595e-01
58 88 -1.267581e-01
25 78 -1.268823e-01
35 47 -1.270821e-01
66 89 -1.270930e-01
41 75 -1.271312e-01
10 30 -1.272102e-01
24 90 -1.272182e-01
57 85 -1.274661e-01
25 30 -1.274822e-01
7 73 -1.276129e-01
4 89 -1.276684e-01
73 86 -1.277970e-01
8 76 -1.281018e-01
20 75 -1.281037e-01
70 86 -1.282093e-01
25 84 -1.282127e-01
36 54 -1.282939e-01
31 84 -1.284101e-01
28 60 -1.284260e-01
42 60 -1.285064e-01
10 65 -1.285376e-01
16 38 -1.287134e-01
15 78 -1.287371e-01
19 33 -1.288000e-01
52 59 -1.288231e-01
10 27 -1.288771e-01
33 65 -1.289203e-01
65 78 -1.290232e-01
13 77 -1.293732e-01
81 92 -1.293875e-01
20 35 -1.297880e-01
35 81 -1.298036e-01
9 60 -1.298227e-01
56 100 -1.298436e-01
65 93 -1.298463e-01
31 99 -1.299043e-01
61 70 -1.301779e-01
13 46 -1.303124e-01
47 97 -1.303395e-01
17 96 -1.303536e-01
15 22 -1.305662e-01
74 92 -1.307072e-01
40 81 -1.307682e-01
30 95 -1.308724e-01
16 29 -1.308994e-01
46 55 -1.310404e-01
59 95 -1.311182e-01
40 54 -1.311844e-01
24 100 -1.312049e-01
20 88 -1.312556e-01
23 83 -1.312921e-01
41 58 -1.313962e-01
28 43 -1.314164e-01
58 79 -1.314835e-01
10 56 -1.315894e-01
58 71 -1.316538e-01
48 93 -1.318559e-01
7 88 -1.318865e-01
21 27 -1.319040e-01
19 94 -1.319611e-01
8 93 -1.322245e-01
12 77 -1.322885e-01
63 66 -1.323849e-01
32 87 -1.324324e-01
61 96 -1.324634e-01
64 70 -1.328730e-01
10 74 -1.328942e-01
13 86 -1.329717e-01
31 87 -1.330000e-01
36 81 -1.330049e-01
54 60 -1.331005e-01
32 49 -1.331515e-01
21 68 -1.331641e-01
37 55 -1.332529e-01
5 88 -1.333412e-01
54 70 -1.336007e-01
33 54 -1.337297e-01
12 58 -1.337908e-01
11 51 -1.339191e-01
6 55 -1.339876e-01
14 70 -1.339877e-01
19 68 -1.345396e-01
11 49 -1.347310e-01
23 91 -1.348419e-01
13 32 -1.348814e-01
64 91 -1.349536e-01
34 69 -1.350796e-01
25 35 -1.350980e-01
72 88 -1.352735e-01
55 69 -1.352901e-01
9 91 -1.354209e-01
21 35 -1.359228e-01
31 69 -1.360296e-01
43 93 -1.361393e-01
36 63 -1.361442e-01
31 98 -1.363462e-01
55 97 -1.363750e-01
27 43 -1.363763e-01
66 100 -1.364017e-01
5 89 -1.364899e-01
34 50 -1.365933e-01
15 84 -1.367184e-01
12 39 -1.367626e-01
32 73 -1.368299e-01
44 84 -1.371080e-01
70 80 -1.371312e-01
15 59 -1.373249e-01
7 94 -1.373542e-01
37 54 -1.375760e-01
79 97 -1.375965e-01
5 85 -1.376658e-01
15 58 -1.377092e-01
34 51 -1.378464e-01
18 28 -1.379223e-01
13 85 -1.379836e-01
56 84 -1.385309e-01
36 56 -1.385552e-01
66 84 -1.388799e-01
74 83 -1.389334e-01
49 80 -1.390984e-01
16 93 -1.391044e-01
60 69 -1.392913e-01
32 88 -1.393318e-01
7 59 -1.393554e-01
12 44 -1.393624e-01
8 74 -1.394045e-01
9 94 -1.398506e-01
47 80 -1.398949e-01
11 42 -1.401993e-01
16 82 -1.402388e-01
22 77 -1.402471e-01
57 88 -1.402716e-01
30 45 -1.403054e-01
18 54 -1.403323e-01
21 97 -1.403773e-01
11 97 -1.404116e-01
25 39 -1.404752e-01
64 79 -1.410149e-01
14 89 -1.411586e-01
9 25 -1.413583e-01
25 72 -1.413890e-01
25 44 -1.414608e-01
34 45 -1.416263e-01
23 84 -1.416663e-01
15 52 -1.418004e-01
24 94 -1.419972e-01
4 68 -1.421040e-01
42 75 -1.421935e-01
30 83 -1.422134e-01
47 74 -1.425660e-01
47 77 -1.426641e-01
38 60 -1.428649e-01
6 85 -1.428867e-01
11 59 -1.429526e-01
7 89 -1.429882e-01
19 66 -1.430770e-01
34 48 -1.431438e-01
13 30 -1.431909e-01
11 64 -1.432438e-01
20 76 -1.432658e-01
38 73 -1.432661e-01
23 28 -1.436198e-01
6 31 -1.437767e-01
27 94 -1.438570e-01
14 20 -1.439500e-01
48 86 -1.439676e-01
45 73 -1.440427e-01
58 74 -1.440585e-01
41 48 -1.441244e-01
11 87 -1.443118e-01
18 37 -1.446797e-01
41 46 -1.448562e-01
38 89 -1.448845e-01
52 74 -1.449755e-01
83 88 -1.450136e-01
17 92 -1.451216e-01
15 63 -1.452397e-01
7 92 -1.452498e-01
11 29 -1.454305e-01
47 64 -1.454403e-01
24 81 -1.454578e-01
50 65 -1.454727e-01
65 69 -1.456294e-01
71 89 -1.458705e-01
47 88 -1.461000e-01
29 69 -1.461770e-01
12 83 -1.462081e-01
26 91 -1.462229e-01
20 73 -1.473734e-01
28 77 -1.475569e-01
23 35 -1.476526e-01
37 74 -1.476649e-01
12 65 -1.479517e-01
66 86 -1.479845e-01
19 84 -1.480640e-01
12 95 -1.487373e-01
27 79 -1.490118e-01
41 72 -1.493806e-01
40 56 -1.494244e-01
50 88 -1.495141e-01
9 85 -1.495220e-01
6 88 -1.500604e-01
29 94 -1.500841e-01
60 80 -1.501168e-01
31 40 -1.502922e-01
69 98 -1.506094e-01
68 97 -1.507541e-01
22 27 -1.508799e-01
19 35 -1.510807e-01
45 78 -1.510990e-01
7 34 -1.513905e-01
55 84 -1.513908e-01
15 29 -1.514943e-01
54 95 -1.515111e-01
26 80 -1.516268e-01
52 68 -1.517111e-01
30 52 -1.518037e-01
21 48 -1.518935e-01
33 68 -1.519098e-01
15 87 -1.519956e-01
30 66 -1.521771e-01
37 56 -1.524566e-01
20 74 -1.531973e-01
33 78 -1.532259e-01
68 95 -1.532483e-01
42 73 -1.532505e-01
41 81 -1.537995e-01
14 96 -1.538080e-01
10 47 -1.540240e-01
18 81 -1.541860e-01
24 82 -1.541986e-01
56 79 -1.543602e-01
66 90 -1.543958e-01
36 46 -1.546536e-01
27 92 -1.546937e-01
19 46 -1.548982e-01
12 49 -1.550487e-01
57 71 -1.550860e-01
9 82 -1.553702e-01
22 63 -1.554602e-01
23 48 -1.556390e-01
9 29 -1.558903e-01
10 94 -1.562234e-01
45 92 -1.565897e-01
31 60 -1.566595e-01
17 93 -1.567023e-01
12 67 -1.571184e-01
13 34 -1.573140e-01
28 63 -1.574560e-01
9 45 -1.578459e-01
43 86 -1.579358e-01
27 96 -1.579813e-01
54 73 -1.580705e-01
15 60 -1.583111e-01
58 86 -1.584298e-01
57 92 -1.585698e-01
21 52 -1.586276e-01
14 72 -1.587928e-01
34 43 -1.588320e-01
39 90 -1.588623e-01
61 68 -1.591079e-01
22 62 -1.591203e-01
26 68 -1.591382e-01
23 71 -1.591450e-01
14 19 -1.591748e-01
28 84 -1.593104e-01
13 31 -1.595511e-01
36 83 -1.596171e-01
57 87 -1.597259e-01
15 91 -1.597742e-01
11 36 -1.599870e-01
19 85 -1.602905e-01
13 55 -1.604544e-01
34 61 -1.605689e-01
47 92 -1.605921e-01
11 88 -1.605973e-01
23 73 -1.606580e-01
50 89 -1.608768e-01
26 41 -1.610950e-01
51 56 -1.611686e-01
26 93 -1.612140e-01
56 96 -1.614242e-01
20 91 -1.615732e-01
8 55 -1.615884e-01
65 80 -1.615946e-01
30 87 -1.616548e-01
15 86 -1.617977e-01
19 58 -1.621369e-01
11 27 -1.622848e-01
12 27 -1.625440e-01
11 67 -1.626203e-01
10 36 -1.627970e-01
24 30 -1.628597e-01
27 47 -1.629497e-01
71 93 -1.630727e-01
26 60 -1.631896e-01
9 72 -1.633397e-01
67 84 -1.633655e-01
49 92 -1.634285e-01
36 70 -1.635362e-01
45 93 -1.639019e-01
6 34 -1.641820e-01
26 38 -1.642312e-01
37 44 -1.642449e-01
8 31 -1.643665e-01
11 58 -1.646407e-01
38 59 -1.647997e-01
27 83 -1.649404e-01
40 77 -1.650165e-01
12 80 -1.650676e-01
31 58 -1.652483e-01
25 95 -1.654492e-01
61 85 -1.654603e-01
20 94 -1.657169e-01
8 94 -1.663414e-01
14 94 -1.663649e-01
13 94 -1.664082e-01
50 63 -1.666949e-01
26 46 -1.667676e-01
72 85 -1.667679e-01
6 86 -1.668115e-01
21 34 -1.672120e-01
17 56 -1.672958e-01
26 54 -1.674344e-01
53 97 -1.675011e-01
56 92 -1.684857e-01
13 83 -1.687348e-01
31 75 -1.692543e-01
61 77 -1.693712e-01
18 80 -1.693790e-01
40 59 -1.693901e-01
16 25 -1.693965e-01
43 72 -1.696192e-01
45 59 -1.696418e-01
57 82 -1.697683e-01
13 90 -1.699009e-01
24 84 -1.701657e-01
34 54 -1.701897e-01
32 91 -1.704388e-01
53 86 -1.709369e-01
41 97 -1.710007e-01
24 44 -1.716874e-01
42 57 -1.723799e-01
28 82 -1.726866e-01
23 51 -1.727475e-01
27 75 -1.728258e-01
5 86 -1.729026e-01
31 81 -1.729029e-01
32 67 -1.733333e-01
18 64 -1.734718e-01
21 87 -1.737984e-01
12 91 -1.739796e-01
32 89 -1.743041e-01
49 83 -1.744397e-01
9 27 -1.745432e-01
59 84 -1.745808e-01
36 43 -1.746450e-01
14 92 -1.746943e-01
18 72 -1.752520e-01
41 96 -1.759072e-01
18 87 -1.760697e-01
8 95 -1.761746e-01
54 93 -1.761894e-01
32 75 -1.763181e-01
23 36 -1.763581e-01
9 89 -1.765103e-01
16 96 -1.766173e-01
25 31 -1.766814e-01
25 90 -1.767764e-01
31 93 -1.770406e-01
12 23 -1.774486e-01
15 26 -1.776125e-01
22 72 -1.776427e-01
30 61 -1.777333e-01
11 34 -1.777763e-01
17 77 -1.780153e-01
12 32 -1.782191e-01
63 88 -1.782369e-01
61 89 -1.783568e-01
19 82 -1.787606e-01
19 48 -1.790693e-01
29 74 -1.795722e-01
14 86 -1.797200e-01
10 97 -1.804421e-01
20 93 -1.805212e-01
8 57 -1.805455e-01
63 92 -1.806611e-01
26 55 -1.808337e-01
52 81 -1.811339e-01
31 91 -1.811845e-01
59 90 -1.813751e-01
19 76 -1.814401e-01
9 31 -1.817385e-01
50 72 -1.817454e-01
27 93 -1.821161e-01
15 81 -1.823572e-01
51 81 -1.826121e-01
48 89 -1.826344e-01
8 97 -1.827426e-01
32 45 -1.830181e-01
17 63 -1.832004e-01
10 55 -1.835756e-01
18 60 -1.836213e-01
33 55 -1.836642e-01
15 83 -1.842968e-01
58 78 -1.844155e-01
42 63 -1.854813e-01
14 63 -1.855368e-01
57 73 -1.855959e-01
53 79 -1.856552e-01
10 93 -1.857067e-01
15 41 -1.860558e-01
9 59 -1.862152e-01
46 81 -1.862445e-01
41 86 -1.865209e-01
23 40 -1.868273e-01
33 72 -1.874349e-01
76 90 -1.875406e-01
63 68 -1.878029e-01
48 73 -1.880720e-01
49 81 -1.884611e-01
13 93 -1.887152e-01
15 68 -1.887228e-01
7 96 -1.891828e-01
20 87 -1.894630e-01
43 78 -1.894790e-01
35 56 -1.895316e-01
65 83 -1.897951e-01
65 74 -1.904698e-01
17 72 -1.909051e-01
8 34 -1.912051e-01
15 34 -1.913234e-01
77 91 -1.913234e-01
10 95 -1.915622e-01
15 96 -1.919376e-01
64 84 -1.924851e-01
34 71 -1.930725e-01
35 55 -1.931628e-01
16 92 -1.932481e-01
14 98 -1.933207e-01
35 54 -1.935394e-01
23 64 -1.935956e-01
35 57 -1.939505e-01
21 63 -1.946310e-01
12 89 -1.946467e-01
10 44 -1.950200e-01
21 89 -1.953347e-01
15 72 -1.954587e-01
27 33 -1.955607e-01
12 97 -1.957544e-01
12 46 -1.958781e-01
53 90 -1.964498e-01
25 71 -1.966992e-01
18 67 -1.968052e-01
31 67 -1.971838e-01
27 68 -1.974678e-01
24 91 -1.974982e-01
53 60 -1.976295e-01
17 34 -1.988898e-01
33 81 -1.990105e-01
27 65 -1.990394e-01
58 87 -1.990471e-01
11 89 -1.994287e-01
36 39 -1.995928e-01
34 58 -1.997022e-01
30 43 -2.000457e-01
44 60 -2.002787e-01
18 88 -2.004345e-01
21 84 -2.008693e-01
22 55 -2.010651e-01
47 69 -2.012786e-01
13 79 -2.020039e-01
50 60 -2.025207e-01
30 62 -2.037276e-01
40 55 -2.044600e-01
32 44 -2.044865e-01
49 63 -2.046768e-01
44 69 -2.047848e-01
30 92 -2.053323e-01
10 60 -2.055862e-01
27 54 -2.062413e-01
49 84 -2.069778e-01
63 79 -2.073040e-01
12 45 -2.089242e-01
47 86 -2.089996e-01
49 89 -2.092085e-01
56 71 -2.092693e-01
19 45 -2.095987e-01
31 83 -2.096445e-01
8 41 -2.098263e-01
57 69 -2.106345e-01
13 97 -2.113638e-01
13 72 -2.135130e-01
11 66 -2.140347e-01
30 38 -2.140382e-01
29 64 -2.140947e-01
36 48 -2.140957e-01
82 86 -2.147355e-01
11 48 -2.152839e-01
10 34 -2.156542e-01
41 89 -2.157913e-01
18 34 -2.167401e-01
11 52 -2.167676e-01
10 96 -2.170102e-01
14 55 -2.170235e-01
38 90 -2.179037e-01
7 31 -2.182080e-01
13 96 -2.185178e-01
26 96 -2.194040e-01
30 37 -2.196685e-01
18 56 -2.200126e-01
63 84 -2.203885e-01
37 88 -2.206133e-01
52 90 -2.213902e-01
20 38 -2.215581e-01
64 83 -2.222257e-01
51 72 -2.222692e-01
18 38 -2.225730e-01
9 63 -2.237570e-01
19 47 -2.238082e-01
12 94 -2.246349e-01
31 61 -2.253864e-01
27 84 -2.265622e-01
24 57 -2.280497e-01
31 54 -2.285462e-01
63 70 -2.292979e-01
42 86 -2.298763e-01
57 86 -2.302172e-01
23 93 -2.302561e-01
33 93 -2.315064e-01
16 58 -2.329118e-01
14 80 -2.342038e-01
9 97 -2.356085e-01
40 86 -2.360522e-01
19 72 -2.370627e-01
24 36 -2.377617e-01
52 63 -2.389694e-01
22 44 -2.393082e-01
13 29 -2.393267e-01
53 63 -2.404896e-01
37 77 -2.409002e-01
13 89 -2.409672e-01
36 78 -2.414943e-01
34 68 -2.420302e-01
61 86 -2.423208e-01
44 81 -2.466700e-01
28 75 -2.475055e-01
13 57 -2.488428e-01
11 30 -2.498279e-01
49 86 -2.500671e-01
31 43 -2.506767e-01
15 89 -2.510657e-01
55 76 -2.519076e-01
63 78 -2.541931e-01
65 86 -2.550784e-01
14 34 -2.558233e-01
10 31 -2.566393e-01
45 57 -2.569959e-01
13 95 -2.597888e-01
41 66 -2.609022e-01
36 77 -2.631681e-01
56 82 -2.632168e-01
31 82 -2.641780e-01
28 36 -2.673804e-01
12 86 -2.679850e-01
50 86 -2.699611e-01
21 31 -2.704013e-01
67 89 -2.745469e-01
9 96 -2.758393e-01
19 87 -2.761234e-01
27 91 -2.762520e-01
11 95 -2.769004e-01
31 64 -2.785507e-01
27 37 -2.788007e-01
31 72 -2.792696e-01
12 88 -2.798626e-01
31 38 -2.832860e-01
13 87 -2.838319e-01
9 95 -2.838671e-01
31 78 -2.879037e-01
8 96 -2.929048e-01
10 59 -2.954879e-01
51 63 -3.003609e-01
30 40 -3.009595e-01
11 96 -3.028578e-01
15 88 -3.037404e-01
14 56 -3.063641e-01
42 84 -3.099657e-01
27 78 -3.163018e-01
15 77 -3.169691e-01
16 40 -3.572411e-01
