86,88,0.849312
31,41,0.602534
72,73,0.475984
28,45,0.458723
36,44,0.325205
84,86,0.297627
34,80,0.287065
32,38,0.259956
30,84,0.225925
31,59,0.225591
63,77,0.222461
26,29,0.212204
12,15,0.204421
36,62,0.201342
32,54,0.200202
36,37,0.194728
82,94,0.194307
71,72,0.193920
47,58,0.183179
81,84,0.181041
48,58,0.179125
16,63,0.173610
57,61,0.161540
67,76,0.159670
30,34,0.159561
82,90,0.159142
88,89,0.158319
33,83,0.156745
44,62,0.151225
89,90,0.150308
79,83,0.149852
11,12,0.149244
17,57,0.149000
27,31,0.148847
20,60,0.148290
19,23,0.147699
54,57,0.147488
82,87,0.142262
9,10,0.139835
60,63,0.138793
27,28,0.138404
15,19,0.138192
90,93,0.137204
19,20,0.136948
78,82,0.136475
26,86,0.136119
89,92,0.135579
69,70,0.135079
30,56,0.132644
27,55,0.131369
95,96,0.130803
85,87,0.130432
40,41,0.129727
52,55,0.128974
81,86,0.128556
63,72,0.127048
42,48,0.123973
30,77,0.123488
97,98,0.122056
82,91,0.120815
40,66,0.119240
54,65,0.119226
60,77,0.119096
45,55,0.118843
15,16,0.118618
38,42,0.118543
20,63,0.117582
68,69,0.117401
30,80,0.117037
25,28,0.116944
31,35,0.116784
77,81,0.116450
96,97,0.116268
92,93,0.114999
44,55,0.114970
13,14,0.113122
58,61,0.112861
40,62,0.112151
13,64,0.111952
34,90,0.111791
31,55,0.111564
12,14,0.111546
90,91,0.111488
87,88,0.111372
10,14,0.111205
28,41,0.110780
87,91,0.110714
55,59,0.109453
76,83,0.108975
47,48,0.108907
27,45,0.108830
6,7,0.108491
8,10,0.108434
47,52,0.107477
7,8,0.107267
99,100,0.107000
21,22,0.106623
9,11,0.106294
69,72,0.105819
30,31,0.105478
5,6,0.105346
36,59,0.105173
10,11,0.104507
27,73,0.104386
42,45,0.104232
61,65,0.102897
27,59,0.102772
62,65,0.102014
30,60,0.101874
12,13,0.101704
8,9,0.101674
53,54,0.101329
22,92,0.101174
23,24,0.100587
35,37,0.100439
94,95,0.100295
57,64,0.099777
67,73,0.099777
93,97,0.099759
19,89,0.099373
54,58,0.098352
11,14,0.097953
24,31,0.097774
24,56,0.097762
24,27,0.095752
36,66,0.095602
59,64,0.095226
20,21,0.094357
63,81,0.094276
10,12,0.093102
33,80,0.093025
47,55,0.092853
68,71,0.092622
14,15,0.092611
64,72,0.092488
46,49,0.092381
74,84,0.090887
55,56,0.089862
18,21,0.089695
15,17,0.089446
39,65,0.088922
15,18,0.088878
20,57,0.088811
48,55,0.088690
86,90,0.088322
90,94,0.087999
91,93,0.087775
21,85,0.087741
29,33,0.087528
68,72,0.087511
84,85,0.087328
27,72,0.086765
63,73,0.086480
49,69,0.086346
19,27,0.085917
86,89,0.085826
28,31,0.085646
51,54,0.085482
7,10,0.085444
41,59,0.084829
49,55,0.084415
16,57,0.084234
33,84,0.084189
48,51,0.083917
37,62,0.083590
32,58,0.083433
69,73,0.083213
78,90,0.082921
54,55,0.082899
33,92,0.082825
16,35,0.082671
24,25,0.082447
25,59,0.082386
49,50,0.082104
45,46,0.081963
56,60,0.081874
26,89,0.081622
31,68,0.081563
78,93,0.081463
32,39,0.081440
40,68,0.081273
31,56,0.081252
58,68,0.081218
4,5,0.080691
80,84,0.080422
8,14,0.080270
31,34,0.080155
28,32,0.080098
38,58,0.080065
43,62,0.079836
36,40,0.079222
7,11,0.078805
81,85,0.078789
34,60,0.078134
84,87,0.077405
9,13,0.077341
73,91,0.077220
46,50,0.076761
24,42,0.076130
43,53,0.075690
48,49,0.075528
19,42,0.074952
26,28,0.074791
43,44,0.074348
25,27,0.074080
83,87,0.074020
56,59,0.073919
18,22,0.073861
18,30,0.073496
29,78,0.073265
76,79,0.073204
57,58,0.072924
6,8,0.072826
9,12,0.072678
60,81,0.072408
88,90,0.072379
39,40,0.072162
8,11,0.072144
16,36,0.072067
16,18,0.071974
32,41,0.071594
31,74,0.071502
9,15,0.071476
41,45,0.071336
69,71,0.071261
16,19,0.070490
11,13,0.070175
85,96,0.070085
51,53,0.069847
45,48,0.069535
62,66,0.069509
47,67,0.069451
39,75,0.069352
35,91,0.069237
51,55,0.068925
25,26,0.068902
94,96,0.068819
4,8,0.068817
11,74,0.068807
26,88,0.068721
8,12,0.068714
37,40,0.068483
14,21,0.068391
18,19,0.068388
32,42,0.068222
12,19,0.068149
31,36,0.067946
73,76,0.067716
79,82,0.067667
47,62,0.067348
22,89,0.067315
78,89,0.067195
38,61,0.067184
56,86,0.067111
50,70,0.066998
7,9,0.066998
59,61,0.066903
53,61,0.066715
52,54,0.066479
60,85,0.066400
1,3,0.066371
53,89,0.066179
47,57,0.066125
5,7,0.065960
56,70,0.065957
61,78,0.065876
13,41,0.065805
20,22,0.065558
17,21,0.065453
3,4,0.065217
42,65,0.065105
3,5,0.064635
90,96,0.064593
75,79,0.064549
71,73,0.064433
23,77,0.064186
52,53,0.064168
2,3,0.064167
95,97,0.063984
35,66,0.063792
23,66,0.063688
89,96,0.063565
44,63,0.063404
27,41,0.063234
27,89,0.062933
3,6,0.062876
44,65,0.062801
56,64,0.062451
92,96,0.062398
7,14,0.062309
28,38,0.062037
9,14,0.061841
27,60,0.061797
92,95,0.061422
74,75,0.061399
23,39,0.061371
38,57,0.061103
70,71,0.061074
13,20,0.060878
13,16,0.060839
27,44,0.060807
23,86,0.060639
64,89,0.060443
87,93,0.060242
20,89,0.060155
40,64,0.060140
34,77,0.060073
22,25,0.059923
90,92,0.059830
19,22,0.059782
11,15,0.059607
98,99,0.059604
97,99,0.059314
17,49,0.059259
10,18,0.059076
80,89,0.059023
13,18,0.058804
58,65,0.058625
18,45,0.058605
47,61,0.058297
46,52,0.058156
13,70,0.058100
92,94,0.058067
10,15,0.057963
25,33,0.057842
78,97,0.057815
4,6,0.057711
10,42,0.057680
85,95,0.057588
83,85,0.057142
19,34,0.057104
58,67,0.056945
50,83,0.056936
87,92,0.056871
40,47,0.056783
55,74,0.056687
75,93,0.056400
63,90,0.056361
46,71,0.056338
24,88,0.056206
19,78,0.056137
80,81,0.055955
66,85,0.055868
23,29,0.055808
47,53,0.055625
43,46,0.055531
24,86,0.055453
26,30,0.055411
43,91,0.055180
66,68,0.055161
37,39,0.055042
19,41,0.055022
25,43,0.054977
23,26,0.054888
5,8,0.054726
6,9,0.054662
28,54,0.054445
26,56,0.054406
17,18,0.054138
22,76,0.054110
88,97,0.053889
37,52,0.053870
44,82,0.053642
53,71,0.053527
93,96,0.053517
35,59,0.053507
45,50,0.053412
28,83,0.053357
15,74,0.053283
35,36,0.053252
80,96,0.053208
18,74,0.053052
6,10,0.053026
55,57,0.052946
26,27,0.052863
71,91,0.052815
34,64,0.052484
21,70,0.052403
40,44,0.052399
41,68,0.052337
32,57,0.052242
77,96,0.052219
29,32,0.052120
4,7,0.052092
49,51,0.052042
52,56,0.051577
29,79,0.051504
80,82,0.051467
15,73,0.051463
1,2,0.051432
63,91,0.051383
2,6,0.051273
22,43,0.051197
74,93,0.051193
5,10,0.051166
19,63,0.051152
7,13,0.051113
37,63,0.050956
13,61,0.050834
34,63,0.050816
39,48,0.050666
68,87,0.050634
56,90,0.050559
50,69,0.050135
40,52,0.050016
53,76,0.049965
52,78,0.049880
93,99,0.049800
57,62,0.049780
28,42,0.049667
77,84,0.049651
98,100,0.049606
38,93,0.049498
12,20,0.049491
91,94,0.049344
68,93,0.049200
48,57,0.049196
94,97,0.049152
20,56,0.048992
52,64,0.048967
15,20,0.048935
24,26,0.048569
56,57,0.048560
21,66,0.048445
63,67,0.048397
46,53,0.048296
78,94,0.047950
68,70,0.047881
29,92,0.047857
38,41,0.047738
42,46,0.047717
25,66,0.047629
78,84,0.047561
10,13,0.047404
12,31,0.047341
53,69,0.047297
37,38,0.047230
76,82,0.047182
33,35,0.047106
51,60,0.047059
57,60,0.047025
44,47,0.047015
37,47,0.047005
17,32,0.046914
17,50,0.046905
65,84,0.046631
31,89,0.046630
48,92,0.046582
66,72,0.046563
54,61,0.046458
23,56,0.046445
22,65,0.046421
23,34,0.046418
65,79,0.046385
19,74,0.046349
66,71,0.046331
11,93,0.046161
63,64,0.046086
1,100,0.046078
28,52,0.046028
76,78,0.046017
47,65,0.045985
87,96,0.045948
54,75,0.045917
66,70,0.045899
5,12,0.045884
83,84,0.045757
96,98,0.045487
51,58,0.045486
4,10,0.045472
38,47,0.045402
57,70,0.045203
50,66,0.045164
2,4,0.045079
55,67,0.044998
42,51,0.044959
46,83,0.044709
46,88,0.044701
26,43,0.044633
24,52,0.044625
95,98,0.044558
50,74,0.044365
63,85,0.044362
36,89,0.044347
32,51,0.044267
61,62,0.044189
14,17,0.044155
1,4,0.044109
65,94,0.044101
4,9,0.044037
54,64,0.044026
54,56,0.043985
76,80,0.043945
46,84,0.043748
27,56,0.043735
70,75,0.043655
41,54,0.043531
27,34,0.043354
55,78,0.043117
4,12,0.043068
25,29,0.043009
20,53,0.042857
24,76,0.042854
49,68,0.042729
29,88,0.042634
73,84,0.042623
55,72,0.042623
19,55,0.042622
39,43,0.042603
8,13,0.042553
24,45,0.042513
77,85,0.042492
86,93,0.042480
90,95,0.042473
24,34,0.042230
43,65,0.042173
78,85,0.042126
75,78,0.042017
63,98,0.041961
94,98,0.041927
78,81,0.041899
1,5,0.041894
93,100,0.041879
6,12,0.041866
44,86,0.041865
30,32,0.041841
24,39,0.041814
17,58,0.041561
56,88,0.041441
5,11,0.041429
3,12,0.041401
11,22,0.041220
18,66,0.041132
33,60,0.041093
21,43,0.041072
91,92,0.041047
79,87,0.040944
39,66,0.040853
46,59,0.040796
39,56,0.040712
38,65,0.040670
46,51,0.040611
28,65,0.040406
73,74,0.040356
66,77,0.040329
37,48,0.040323
33,42,0.040265
40,57,0.040212
49,82,0.040200
17,68,0.040194
61,82,0.040103
17,22,0.040055
72,76,0.039971
60,79,0.039948
64,74,0.039921
9,16,0.039862
72,86,0.039838
14,18,0.039810
47,75,0.039772
60,88,0.039745
17,20,0.039717
13,22,0.039710
29,46,0.039662
35,79,0.039596
63,93,0.039585
9,17,0.039516
78,79,0.039515
19,54,0.039302
48,94,0.039058
26,64,0.039041
42,62,0.038970
27,81,0.038962
23,75,0.038939
34,100,0.038864
25,38,0.038824
67,72,0.038786
68,91,0.038629
43,83,0.038620
60,68,0.038590
46,70,0.038573
47,51,0.038566
74,76,0.038561
67,71,0.038481
13,45,0.038419
26,31,0.038407
1,99,0.038382
55,86,0.038164
33,85,0.038162
27,30,0.038125
15,27,0.038119
24,28,0.038111
64,68,0.038059
96,100,0.038046
16,17,0.038012
97,100,0.037961
19,28,0.037805
59,67,0.037676
33,46,0.037615
67,68,0.037607
78,87,0.037407
18,20,0.037383
51,86,0.037307
72,75,0.037274
40,42,0.037267
25,34,0.037261
3,100,0.037251
57,74,0.037246
50,85,0.037209
18,79,0.037207
54,87,0.037101
10,23,0.037093
32,33,0.037063
32,74,0.037037
75,83,0.037005
22,23,0.037003
76,92,0.036948
4,11,0.036926
69,83,0.036835
31,44,0.036835
3,16,0.036814
66,67,0.036807
28,35,0.036771
18,36,0.036762
16,26,0.036759
35,45,0.036729
11,18,0.036595
81,100,0.036555
43,92,0.036528
32,52,0.036513
91,96,0.036428
7,15,0.036425
56,61,0.036404
33,89,0.036378
60,96,0.036373
41,61,0.036369
43,81,0.036368
88,92,0.036355
25,91,0.036323
13,43,0.036303
91,95,0.036261
27,86,0.036227
49,61,0.036221
81,90,0.036113
2,5,0.036112
83,91,0.036020
3,8,0.036018
60,75,0.035983
79,96,0.035979
52,65,0.035976
5,15,0.035963
12,70,0.035872
16,72,0.035757
20,81,0.035756
24,64,0.035573
25,45,0.035458
18,92,0.035457
69,76,0.035438
7,12,0.035388
21,29,0.035386
23,54,0.035383
3,7,0.035298
4,13,0.035263
56,63,0.035242
50,75,0.035149
17,79,0.035113
45,49,0.035070
80,95,0.034994
42,58,0.034953
49,58,0.034851
49,79,0.034850
35,43,0.034846
30,33,0.034789
61,71,0.034777
21,25,0.034740
89,94,0.034627
11,45,0.034469
66,78,0.034448
21,71,0.034438
52,79,0.034280
28,48,0.034234
78,80,0.034226
52,84,0.034187
56,58,0.034184
31,49,0.034159
5,9,0.033988
59,97,0.033966
51,69,0.033909
6,13,0.033902
17,25,0.033886
59,60,0.033770
46,82,0.033733
92,97,0.033694
48,59,0.033666
72,74,0.033648
33,74,0.033621
33,53,0.033465
53,66,0.033462
62,71,0.033426
30,89,0.033331
1,12,0.033319
31,86,0.033224
76,94,0.033195
81,83,0.033188
16,23,0.033169
44,59,0.033139
49,70,0.033124
35,95,0.033106
75,90,0.033044
23,95,0.033000
93,94,0.032988
29,84,0.032964
2,100,0.032808
25,96,0.032801
19,39,0.032755
87,90,0.032749
12,53,0.032657
50,53,0.032634
18,78,0.032599
66,94,0.032533
21,65,0.032530
41,42,0.032512
10,43,0.032466
33,50,0.032439
23,37,0.032433
29,36,0.032403
14,93,0.032354
3,9,0.032344
53,65,0.032243
9,21,0.032236
7,21,0.032221
56,97,0.032194
37,69,0.032186
85,98,0.032111
4,100,0.032100
84,88,0.032060
28,57,0.031984
54,83,0.031959
18,48,0.031935
14,35,0.031884
9,35,0.031834
56,72,0.031698
76,77,0.031680
17,19,0.031677
8,21,0.031662
25,42,0.031580
53,87,0.031544
18,25,0.031534
48,50,0.031503
50,51,0.031474
69,95,0.031413
20,26,0.031396
38,51,0.031393
39,70,0.031388
37,61,0.031378
37,67,0.031348
40,45,0.031329
75,95,0.031309
50,71,0.031229
43,79,0.031018
22,33,0.031014
17,41,0.030931
72,80,0.030888
50,58,0.030867
37,71,0.030835
19,24,0.030811
61,87,0.030780
16,20,0.030742
13,81,0.030718
40,63,0.030660
33,47,0.030657
13,15,0.030651
33,37,0.030489
17,75,0.030473
19,90,0.030445
18,91,0.030441
36,49,0.030372
24,29,0.030315
70,79,0.030311
41,78,0.030306
34,57,0.030281
23,81,0.030254
43,45,0.030176
50,61,0.030149
42,53,0.030052
51,78,0.029983
40,95,0.029966
5,13,0.029955
18,24,0.029863
14,30,0.029815
34,89,0.029684
48,70,0.029612
13,21,0.029590
87,94,0.029555
93,95,0.029553
96,99,0.029507
21,93,0.029500
30,35,0.029487
3,15,0.029471
81,93,0.029455
76,84,0.029432
37,49,0.029421
79,91,0.029340
4,30,0.029305
22,36,0.029255
29,62,0.029254
14,74,0.029237
31,32,0.029210
32,53,0.029181
25,87,0.029158
33,43,0.029126
71,81,0.029103
79,80,0.029037
3,99,0.028896
52,86,0.028862
58,93,0.028851
39,78,0.028816
42,76,0.028784
7,30,0.028725
86,92,0.028713
64,65,0.028652
14,69,0.028642
77,95,0.028606
34,36,0.028580
27,97,0.028569
51,65,0.028489
21,24,0.028397
20,64,0.028336
65,97,0.028329
40,74,0.028317
30,36,0.028309
25,41,0.028299
58,69,0.028269
12,17,0.028257
79,85,0.028251
34,93,0.028217
1,7,0.028207
88,93,0.028202
68,73,0.028153
83,94,0.028084
42,61,0.028083
23,65,0.028012
6,14,0.027989
38,54,0.027885
51,98,0.027871
79,95,0.027824
60,93,0.027782
29,95,0.027778
34,40,0.027758
33,96,0.027686
71,83,0.027675
41,44,0.027662
38,100,0.027571
74,86,0.027562
31,42,0.027553
58,62,0.027511
30,93,0.027497
57,84,0.027496
36,41,0.027484
11,72,0.027480
13,59,0.027474
72,97,0.027284
13,51,0.027278
19,69,0.027274
38,40,0.027260
2,7,0.027254
65,71,0.027178
44,89,0.027153
8,50,0.027149
15,36,0.027124
71,97,0.027120
25,32,0.027091
18,83,0.027088
81,82,0.027055
74,81,0.026983
15,51,0.026975
64,75,0.026968
62,67,0.026963
27,35,0.026909
84,97,0.026905
14,26,0.026904
89,91,0.026839
48,75,0.026815
16,21,0.026805
6,16,0.026797
30,99,0.026716
46,58,0.026702
36,95,0.026636
34,70,0.026601
8,69,0.026583
21,33,0.026572
20,27,0.026568
10,21,0.026561
75,76,0.026550
46,60,0.026504
18,70,0.026481
13,67,0.026478
6,18,0.026424
29,57,0.026391
47,70,0.026315
36,61,0.026313
42,54,0.026298
21,45,0.026297
43,75,0.026247
52,71,0.026187
39,42,0.026125
90,97,0.026109
74,79,0.026094
67,94,0.026004
3,63,0.026000
14,44,0.025990
24,87,0.025986
66,75,0.025977
56,93,0.025972
26,87,0.025956
78,83,0.025859
27,61,0.025834
42,77,0.025822
17,74,0.025754
29,56,0.025751
37,72,0.025743
50,96,0.025648
33,40,0.025542
39,47,0.025539
48,53,0.025517
55,81,0.025490
9,19,0.025442
38,78,0.025404
29,44,0.025354
15,65,0.025337
13,39,0.025307
2,13,0.025307
45,51,0.025225
1,6,0.025161
25,47,0.025146
23,33,0.025142
33,52,0.025036
5,19,0.025024
9,37,0.024975
25,83,0.024973
66,87,0.024813
6,11,0.024783
34,92,0.024764
2,99,0.024753
28,97,0.024741
17,38,0.024693
24,85,0.024652
82,85,0.024619
64,86,0.024616
36,64,0.024611
12,16,0.024604
50,76,0.024601
67,86,0.024538
22,30,0.024487
4,99,0.024471
12,50,0.024454
75,92,0.024438
77,98,0.024427
48,67,0.024414
68,79,0.024406
30,39,0.024402
21,55,0.024337
55,58,0.024317
67,69,0.024207
34,73,0.024197
20,29,0.024156
30,70,0.024125
79,92,0.024103
28,74,0.024097
29,82,0.024074
10,58,0.024069
31,48,0.024060
15,93,0.024048
43,47,0.024030
14,71,0.023993
2,96,0.023972
51,80,0.023954
71,94,0.023911
1,9,0.023902
33,77,0.023814
62,96,0.023790
55,65,0.023737
92,98,0.023695
36,98,0.023682
61,94,0.023682
37,53,0.023662
22,83,0.023603
44,61,0.023598
74,91,0.023577
8,52,0.023545
37,79,0.023511
53,91,0.023499
16,39,0.023358
26,45,0.023315
35,71,0.023258
21,49,0.023255
22,59,0.023252
32,90,0.023248
40,61,0.023221
81,89,0.023197
30,63,0.023152
4,77,0.023123
53,58,0.023116
14,16,0.023108
73,96,0.023092
73,80,0.023036
41,67,0.023021
15,25,0.022991
65,67,0.022834
35,51,0.022833
60,99,0.022798
78,91,0.022723
27,39,0.022696
59,93,0.022656
9,74,0.022632
13,50,0.022581
86,87,0.022545
60,86,0.022500
69,84,0.022495
26,58,0.022458
75,87,0.022385
65,82,0.022342
16,81,0.022337
9,68,0.022329
72,77,0.022297
2,11,0.022293
10,24,0.022233
36,82,0.022219
46,76,0.022182
40,100,0.022100
82,92,0.022063
30,54,0.022026
21,26,0.022023
50,82,0.022010
22,47,0.021986
34,41,0.021960
82,96,0.021960
58,90,0.021946
33,79,0.021946
53,78,0.021925
29,50,0.021882
77,88,0.021855
22,29,0.021825
2,81,0.021820
43,57,0.021796
33,44,0.021787
64,81,0.021783
23,97,0.021780
52,88,0.021773
51,95,0.021758
88,98,0.021702
58,80,0.021691
43,84,0.021642
24,54,0.021563
64,66,0.021555
27,77,0.021540
63,99,0.021526
61,75,0.021523
57,95,0.021520
23,88,0.021518
42,44,0.021510
46,66,0.021455
40,87,0.021407
32,68,0.021401
52,83,0.021335
39,82,0.021266
48,76,0.021254
49,59,0.021247
16,41,0.021244
23,94,0.021242
34,81,0.021221
85,92,0.021166
20,30,0.021157
23,30,0.021153
48,65,0.021136
35,70,0.021100
38,43,0.021096
34,59,0.021064
66,91,0.021007
1,11,0.020987
26,49,0.020791
61,91,0.020791
77,79,0.020789
50,54,0.020766
15,40,0.020762
85,91,0.020745
36,84,0.020732
46,61,0.020644
11,91,0.020643
44,64,0.020602
51,83,0.020575
3,10,0.020562
13,23,0.020499
35,48,0.020452
2,63,0.020394
55,77,0.020267
16,34,0.020227
71,95,0.020217
84,98,0.020189
46,86,0.020167
59,81,0.020161
80,100,0.020144
11,65,0.020086
4,14,0.020002
44,51,0.019974
40,43,0.019900
59,66,0.019886
40,65,0.019878
10,66,0.019866
67,74,0.019801
3,13,0.019798
14,54,0.019711
40,82,0.019700
91,97,0.019687
83,92,0.019613
40,49,0.019596
9,51,0.019590
11,55,0.019542
31,62,0.019538
69,74,0.019538
38,80,0.019526
42,96,0.019510
77,93,0.019496
50,98,0.019462
24,75,0.019418
16,88,0.019416
56,89,0.019415
28,29,0.019315
9,46,0.019275
1,63,0.019268
36,73,0.019264
73,81,0.019204
18,49,0.019196
8,33,0.019170
21,54,0.019151
2,77,0.019087
19,43,0.019042
37,41,0.019027
24,35,0.019026
40,97,0.019016
86,98,0.019000
93,98,0.018958
81,99,0.018908
35,96,0.018851
8,15,0.018798
25,94,0.018756
4,44,0.018749
73,75,0.018710
63,95,0.018687
45,75,0.018677
77,99,0.018630
35,49,0.018626
1,81,0.018615
29,48,0.018605
17,43,0.018604
10,46,0.018558
17,23,0.018539
6,27,0.018528
11,16,0.018520
60,100,0.018486
21,32,0.018484
85,93,0.018478
8,42,0.018442
27,48,0.018427
50,52,0.018422
79,89,0.018416
51,74,0.018411
65,68,0.018377
68,78,0.018342
74,94,0.018340
27,98,0.018315
28,96,0.018292
1,77,0.018250
19,32,0.018214
39,50,0.018210
15,49,0.018210
13,66,0.018188
2,60,0.018175
26,71,0.018148
5,23,0.018135
3,55,0.018103
38,84,0.017987
14,83,0.017954
1,10,0.017887
30,90,0.017833
63,69,0.017771
54,82,0.017759
64,76,0.017738
15,61,0.017712
15,53,0.017692
22,24,0.017686
1,60,0.017660
32,47,0.017627
47,73,0.017591
54,78,0.017568
70,87,0.017541
16,64,0.017540
63,86,0.017514
10,20,0.017505
18,46,0.017462
57,90,0.017452
77,94,0.017447
39,58,0.017431
13,48,0.017356
12,33,0.017342
12,57,0.017338
19,59,0.017337
2,94,0.017251
29,68,0.017190
9,48,0.017183
95,99,0.017168
11,81,0.017165
59,77,0.017162
37,68,0.017153
36,75,0.017136
36,72,0.017133
52,69,0.017111
1,13,0.017095
12,75,0.017091
47,85,0.017057
22,40,0.017055
29,87,0.017032
53,92,0.017021
62,73,0.016984
43,61,0.016945
50,67,0.016945
13,56,0.016940
40,85,0.016895
37,65,0.016883
32,63,0.016877
17,69,0.016876
12,37,0.016868
50,64,0.016858
53,56,0.016851
17,53,0.016834
11,20,0.016833
1,30,0.016711
80,85,0.016687
46,90,0.016679
14,61,0.016634
2,30,0.016632
49,93,0.016574
11,68,0.016551
79,81,0.016508
56,76,0.016477
48,69,0.016470
66,74,0.016427
11,33,0.016393
20,92,0.016378
54,76,0.016289
46,95,0.016281
26,84,0.016267
47,82,0.016266
10,22,0.016252
27,63,0.016251
45,89,0.016221
2,8,0.016192
7,27,0.016175
11,85,0.016164
6,63,0.016153
51,89,0.016145
35,58,0.016143
17,67,0.016092
10,71,0.016047
5,16,0.015968
1,8,0.015958
13,37,0.015946
20,48,0.015889
35,42,0.015854
38,67,0.015832
19,71,0.015813
81,88,0.015763
77,92,0.015761
60,62,0.015752
26,67,0.015717
10,38,0.015714
21,37,0.015698
27,67,0.015684
44,57,0.015668
39,64,0.015628
34,38,0.015627
29,37,0.015608
4,15,0.015575
59,75,0.015568
2,50,0.015516
44,95,0.015489
75,96,0.015488
38,87,0.015484
42,64,0.015478
50,80,0.015475
1,19,0.015461
38,45,0.015437
51,67,0.015403
31,52,0.015399
68,83,0.015360
7,86,0.015360
5,100,0.015345
19,44,0.015330
89,93,0.015279
12,35,0.015279
2,15,0.015215
7,100,0.015214
1,98,0.015212
15,80,0.015187
50,95,0.015160
23,25,0.015141
6,15,0.015125
22,57,0.015094
26,37,0.015083
23,59,0.015045
35,94,0.014975
21,41,0.014854
14,39,0.014854
26,79,0.014787
41,62,0.014779
2,10,0.014747
37,46,0.014722
8,17,0.014722
43,56,0.014718
11,26,0.014693
35,85,0.014686
36,57,0.014679
64,93,0.014678
22,32,0.014563
58,59,0.014520
45,61,0.014506
34,83,0.014498
37,100,0.014470
1,16,0.014427
15,50,0.014408
54,59,0.014359
42,69,0.014342
37,81,0.014315
84,92,0.014299
34,62,0.014271
54,81,0.014259
44,83,0.014258
11,24,0.014245
25,49,0.014232
52,93,0.014220
31,66,0.014176
68,77,0.014170
13,25,0.014163
36,60,0.014162
91,98,0.014152
12,84,0.014149
11,35,0.014117
63,100,0.014088
55,68,0.014073
20,77,0.014070
25,57,0.014059
16,52,0.014057
13,49,0.013988
7,54,0.013981
24,33,0.013934
2,9,0.013932
34,87,0.013924
62,70,0.013910
3,11,0.013902
60,98,0.013820
51,97,0.013815
47,95,0.013797
33,70,0.013778
33,97,0.013756
22,56,0.013685
12,21,0.013670
9,43,0.013613
27,38,0.013609
70,72,0.013608
18,47,0.013590
7,25,0.013580
17,48,0.013552
8,23,0.013539
15,35,0.013505
20,25,0.013475
30,44,0.013415
52,87,0.013400
49,76,0.013375
25,74,0.013326
28,53,0.013295
2,90,0.013270
6,51,0.013218
88,91,0.013185
66,95,0.013166
42,74,0.013163
5,30,0.013130
76,91,0.013087
3,60,0.013066
45,91,0.013056
73,77,0.013031
8,35,0.012995
12,68,0.012971
84,96,0.012938
38,79,0.012918
58,72,0.012903
53,64,0.012832
14,43,0.012802
60,64,0.012795
80,99,0.012795
2,12,0.012752
15,90,0.012743
39,63,0.012741
14,31,0.012724
28,87,0.012711
11,19,0.012706
27,64,0.012700
90,98,0.012697
6,99,0.012660
52,70,0.012652
71,80,0.012640
70,98,0.012633
58,92,0.012630
34,99,0.012610
2,16,0.012601
64,73,0.012589
36,94,0.012581
16,44,0.012576
13,26,0.012559
47,49,0.012556
35,100,0.012394
17,51,0.012394
16,61,0.012358
37,66,0.012350
16,37,0.012344
27,88,0.012325
52,61,0.012284
3,81,0.012232
9,28,0.012189
70,83,0.012164
49,65,0.012158
8,46,0.012135
41,80,0.012121
15,67,0.012056
38,70,0.012049
5,31,0.012039
31,39,0.012017
30,59,0.011977
42,85,0.011928
55,92,0.011885
3,14,0.011878
89,95,0.011870
73,82,0.011862
84,100,0.011848
8,83,0.011831
13,33,0.011828
16,60,0.011755
32,97,0.011744
23,72,0.011739
10,75,0.011720
66,82,0.011708
14,53,0.011701
19,64,0.011687
46,68,0.011672
11,39,0.011662
40,76,0.011657
1,64,0.011605
38,83,0.011602
29,45,0.011581
38,94,0.011573
39,57,0.011553
26,42,0.011552
43,68,0.011532
1,34,0.011506
1,15,0.011474
22,53,0.011436
28,49,0.011436
18,55,0.011424
4,63,0.011355
35,77,0.011332
22,100,0.011312
32,40,0.011283
23,63,0.011266
40,94,0.011234
36,97,0.011230
7,36,0.011221
13,17,0.011212
46,97,0.011193
70,73,0.011186
82,95,0.011165
40,50,0.011133
11,28,0.011110
37,42,0.011053
76,87,0.011052
26,82,0.011051
64,80,0.011006
19,31,0.010928
43,55,0.010921
47,84,0.010916
42,56,0.010906
8,16,0.010886
25,92,0.010885
39,45,0.010853
62,76,0.010851
34,65,0.010848
28,51,0.010802
67,75,0.010751
34,96,0.010750
72,82,0.010749
1,59,0.010726
92,99,0.010699
20,67,0.010661
69,96,0.010640
34,44,0.010619
34,88,0.010554
57,59,0.010548
53,74,0.010528
14,58,0.010497
21,72,0.010461
8,37,0.010454
38,52,0.010431
14,49,0.010379
68,80,0.010323
26,95,0.010302
49,62,0.010293
29,77,0.010290
38,92,0.010257
8,67,0.010202
9,26,0.010173
75,91,0.010170
56,81,0.010131
23,74,0.010119
43,90,0.010113
25,50,0.010111
18,73,0.010066
13,44,0.010049
21,57,0.010034
21,62,0.010034
21,30,0.010008
6,90,0.009892
23,60,0.009892
5,99,0.009887
11,83,0.009878
69,78,0.009873
11,94,0.009854
11,82,0.009847
20,24,0.009831
60,97,0.009829
17,30,0.009802
52,75,0.009801
4,60,0.009797
23,96,0.009770
77,100,0.009723
15,76,0.009721
32,56,0.009709
56,95,0.009703
52,67,0.009697
24,43,0.009683
5,57,0.009671
50,62,0.009652
46,74,0.009619
6,100,0.009612
46,78,0.009579
6,69,0.009538
6,23,0.009491
29,83,0.009476
27,62,0.009455
58,76,0.009443
49,87,0.009431
67,96,0.009421
54,89,0.009410
47,76,0.009392
57,80,0.009383
81,91,0.009375
3,53,0.009348
24,77,0.009339
24,50,0.009315
29,52,0.009309
69,92,0.009308
35,87,0.009304
72,89,0.009296
53,98,0.009289
37,43,0.009278
12,34,0.009263
83,98,0.009240
71,75,0.009217
1,97,0.009211
35,92,0.009194
29,60,0.009190
34,72,0.009180
11,100,0.009176
39,46,0.009152
1,27,0.009136
46,47,0.009104
36,67,0.009071
50,84,0.009062
63,74,0.009060
22,87,0.009050
23,61,0.009041
2,34,0.009017
5,81,0.008998
42,43,0.008977
44,73,0.008965
62,72,0.008936
43,89,0.008841
14,33,0.008834
4,81,0.008804
73,87,0.008794
22,70,0.008793
51,93,0.008787
36,76,0.008737
67,82,0.008736
29,34,0.008724
29,63,0.008722
11,44,0.008722
49,52,0.008699
49,90,0.008685
28,47,0.008657
65,85,0.008610
41,56,0.008552
44,68,0.008542
71,78,0.008533
20,52,0.008532
58,83,0.008509
56,85,0.008503
11,21,0.008497
46,79,0.008497
3,19,0.008471
7,99,0.008455
43,95,0.008413
67,95,0.008412
23,79,0.008411
9,57,0.008348
58,66,0.008330
63,65,0.008324
3,41,0.008321
26,83,0.008306
10,51,0.008275
29,91,0.008269
25,70,0.008268
77,90,0.008247
38,82,0.008241
18,71,0.008207
68,90,0.008200
59,82,0.008180
18,69,0.008165
85,86,0.008158
30,58,0.008123
46,56,0.008112
10,35,0.008088
35,68,0.008068
38,39,0.008065
12,24,0.008058
67,87,0.008048
3,34,0.008047
24,74,0.008045
44,70,0.008015
17,78,0.007996
80,98,0.007949
12,42,0.007931
12,25,0.007894
12,48,0.007894
40,79,0.007886
6,43,0.007865
5,48,0.007834
21,50,0.007828
32,79,0.007827
61,84,0.007812
9,54,0.007783
32,92,0.007762
28,62,0.007752
26,39,0.007737
29,70,0.007703
28,59,0.007671
43,67,0.007617
7,18,0.007614
19,25,0.007560
7,20,0.007560
49,67,0.007536
32,80,0.007496
2,97,0.007479
23,49,0.007452
37,59,0.007437
35,69,0.007407
91,99,0.007358
8,28,0.007346
64,94,0.007345
54,98,0.007298
1,44,0.007283
5,35,0.007278
21,53,0.007267
23,52,0.007265
58,82,0.007236
23,47,0.007231
28,56,0.007224
3,27,0.007212
64,98,0.007204
69,79,0.007195
10,70,0.007181
33,66,0.007177
36,96,0.007143
41,77,0.007134
11,54,0.007112
10,77,0.007090
16,24,0.007059
21,83,0.007034
4,88,0.007015
24,83,0.006999
38,71,0.006941
32,59,0.006936
9,22,0.006895
81,95,0.006865
80,90,0.006836
65,70,0.006820
11,63,0.006812
74,87,0.006803
26,48,0.006803
26,63,0.006758
69,93,0.006744
60,78,0.006728
6,79,0.006727
45,84,0.006694
45,67,0.006666
31,73,0.006637
83,90,0.006620
49,97,0.006613
14,28,0.006611
30,73,0.006608
21,61,0.006587
41,100,0.006583
21,75,0.006570
45,66,0.006569
22,37,0.006550
7,45,0.006536
67,80,0.006489
59,100,0.006450
3,30,0.006447
94,99,0.006447
8,85,0.006441
5,18,0.006432
68,86,0.006373
33,38,0.006325
24,65,0.006309
32,35,0.006301
10,48,0.006299
37,75,0.006274
10,37,0.006254
62,63,0.006242
32,76,0.006237
65,100,0.006234
36,90,0.006222
29,59,0.006219
10,82,0.006193
80,92,0.006121
26,74,0.006091
76,95,0.006072
70,89,0.006049
13,52,0.006038
49,71,0.006015
51,92,0.006008
3,77,0.005989
17,33,0.005961
12,85,0.005946
12,22,0.005911
53,83,0.005902
8,70,0.005874
7,26,0.005858
39,80,0.005823
46,96,0.005813
28,78,0.005806
81,98,0.005799
80,87,0.005768
23,87,0.005737
8,63,0.005712
69,82,0.005625
4,45,0.005619
50,87,0.005611
67,85,0.005602
34,35,0.005579
19,29,0.005575
18,40,0.005571
9,18,0.005538
55,98,0.005536
80,97,0.005469
2,95,0.005454
30,76,0.005419
6,20,0.005412
40,78,0.005379
89,97,0.005360
12,71,0.005332
7,22,0.005319
16,53,0.005312
19,60,0.005311
45,65,0.005292
28,39,0.005258
20,34,0.005240
6,53,0.005225
28,40,0.005198
48,64,0.005193
16,48,0.005186
5,14,0.005159
8,40,0.005129
34,82,0.005112
68,81,0.005108
43,58,0.005104
48,97,0.005056
18,33,0.005047
73,89,0.005023
8,78,0.005017
64,99,0.004980
60,61,0.004954
46,75,0.004944
39,61,0.004925
80,88,0.004908
21,81,0.004879
22,49,0.004841
71,74,0.004837
15,69,0.004814
2,59,0.004803
35,73,0.004792
10,17,0.004774
43,82,0.004730
35,99,0.004661
34,74,0.004655
85,100,0.004647
24,38,0.004597
38,44,0.004591
49,78,0.004568
12,54,0.004553
72,100,0.004524
32,85,0.004494
18,94,0.004486
2,19,0.004478
70,76,0.004457
22,67,0.004424
10,67,0.004417
3,90,0.004412
39,87,0.004399
25,80,0.004391
2,61,0.004376
41,83,0.004360
8,38,0.004358
47,50,0.004357
7,17,0.004343
14,22,0.004335
2,98,0.004284
66,80,0.004279
38,81,0.004238
9,50,0.004236
75,85,0.004233
21,80,0.004216
21,58,0.004214
67,70,0.004203
44,48,0.004170
38,97,0.004170
6,59,0.004161
9,100,0.004146
43,64,0.004137
39,67,0.004127
5,37,0.004110
43,94,0.004093
11,47,0.004045
16,85,0.004035
10,62,0.004030
16,33,0.004025
30,100,0.003997
35,62,0.003990
9,47,0.003988
74,77,0.003986
29,90,0.003929
25,68,0.003907
26,94,0.003884
30,49,0.003883
25,54,0.003871
23,45,0.003865
71,77,0.003819
48,98,0.003817
16,45,0.003764
44,53,0.003749
21,90,0.003746
87,97,0.003738
40,89,0.003733
4,27,0.003731
64,69,0.003721
42,79,0.003689
25,79,0.003687
43,69,0.003674
78,95,0.003666
8,24,0.003649
2,27,0.003648
46,98,0.003614
75,82,0.003608
49,74,0.003594
22,41,0.003571
63,94,0.003564
17,76,0.003530
53,80,0.003507
40,98,0.003503
45,54,0.003490
31,45,0.003484
29,85,0.003463
11,17,0.003458
65,92,0.003457
14,75,0.003457
39,93,0.003447
42,80,0.003375
46,77,0.003374
7,81,0.003365
82,97,0.003350
1,86,0.003348
69,97,0.003330
18,32,0.003322
56,74,0.003313
39,51,0.003311
81,97,0.003310
30,72,0.003295
10,69,0.003293
40,91,0.003250
74,96,0.003248
25,46,0.003230
85,97,0.003213
5,63,0.003162
39,49,0.003136
64,96,0.003131
44,80,0.003115
27,80,0.003085
41,69,0.003070
6,21,0.003063
19,95,0.003019
13,63,0.002998
16,54,0.002995
47,91,0.002990
11,57,0.002975
15,79,0.002949
3,21,0.002910
55,82,0.002907
53,85,0.002907
46,57,0.002889
10,73,0.002873
6,41,0.002851
67,81,0.002805
37,78,0.002788
9,93,0.002780
27,66,0.002730
47,59,0.002718
70,93,0.002715
38,46,0.002707
51,96,0.002628
49,75,0.002623
7,39,0.002610
22,39,0.002562
40,46,0.002552
89,100,0.002533
63,97,0.002526
51,88,0.002497
50,55,0.002458
31,96,0.002458
45,88,0.002446
48,81,0.002385
15,32,0.002355
8,25,0.002327
41,47,0.002321
72,79,0.002294
3,98,0.002266
10,80,0.002258
46,48,0.002244
34,56,0.002236
25,48,0.002236
25,75,0.002179
42,72,0.002175
59,76,0.002164
29,55,0.002158
20,40,0.002142
1,73,0.002137
20,23,0.002134
16,99,0.002099
42,47,0.002086
62,75,0.002084
33,76,0.002028
52,57,0.002017
53,62,0.002006
37,60,0.001985
29,66,0.001982
36,91,0.001972
68,82,0.001943
64,82,0.001934
36,99,0.001921
42,88,0.001920
7,51,0.001894
34,55,0.001885
54,97,0.001879
1,43,0.001864
48,54,0.001854
2,38,0.001846
39,53,0.001841
17,29,0.001831
17,40,0.001812
37,96,0.001796
44,98,0.001780
5,22,0.001769
41,99,0.001757
70,92,0.001699
6,94,0.001684
36,87,0.001675
22,93,0.001654
19,38,0.001652
73,79,0.001650
32,64,0.001648
9,99,0.001644
40,99,0.001644
17,35,0.001642
14,82,0.001624
48,80,0.001619
22,34,0.001604
14,57,0.001578
70,95,0.001565
83,95,0.001549
24,62,0.001543
77,86,0.001515
26,62,0.001499
9,66,0.001478
29,61,0.001437
2,14,0.001420
22,75,0.001405
55,93,0.001349
8,53,0.001323
84,91,0.001303
54,68,0.001292
46,89,0.001285
9,87,0.001266
56,78,0.001263
5,38,0.001256
8,36,0.001247
67,83,0.001227
65,77,0.001221
51,62,0.001199
69,87,0.001192
59,65,0.001165
47,54,0.001153
71,87,0.001134
7,79,0.001105
33,99,0.001104
1,84,0.001091
36,79,0.001055
43,52,0.001052
14,41,0.001029
26,98,0.001001
76,100,0.000960
25,67,0.000958
2,49,0.000937
42,68,0.000901
5,74,0.000892
63,80,0.000859
10,54,0.000825
48,56,0.000805
60,90,0.000801
8,20,0.000780
47,56,0.000777
12,52,0.000776
35,80,0.000763
38,86,0.000748
31,100,0.000718
11,62,0.000684
20,79,0.000651
45,74,0.000634
79,94,0.000612
73,100,0.000573
17,24,0.000571
49,95,0.000570
6,39,0.000567
51,91,0.000553
20,58,0.000534
8,84,0.000532
21,39,0.000502
2,44,0.000493
82,98,0.000473
2,18,0.000450
6,35,0.000430
54,92,0.000423
51,57,0.000383
24,99,0.000370
41,51,0.000368
56,91,0.000317
4,16,0.000313
35,98,0.000308
45,68,0.000308
50,97,0.000307
73,98,0.000299
1,52,0.000298
38,91,0.000260
52,62,0.000256
83,99,0.000234
34,95,0.000233
3,33,0.000229
5,17,0.000227
95,100,0.000215
72,93,0.000190
8,71,0.000103
76,86,0.000099
1,92,0.000073
59,94,0.000056
33,94,0.000036
7,46,0.000022
85,90,0.000017
28,94,0.000016
42,94,0.000002
67,79,-0.000008
1,88,-0.000013
31,97,-0.000015
1,93,-0.000019
28,67,-0.000042
9,53,-0.000050
63,87,-0.000051
67,91,-0.000062
11,43,-0.000067
12,43,-0.000090
2,17,-0.000107
23,100,-0.000107
35,78,-0.000118
61,66,-0.000137
12,62,-0.000145
26,92,-0.000170
20,43,-0.000181
69,94,-0.000183
41,91,-0.000188
57,68,-0.000191
22,84,-0.000192
6,49,-0.000198
23,31,-0.000214
76,81,-0.000234
6,22,-0.000237
43,97,-0.000250
13,36,-0.000288
65,99,-0.000293
35,53,-0.000297
15,31,-0.000305
26,51,-0.000308
15,21,-0.000345
33,100,-0.000374
35,52,-0.000382
24,96,-0.000389
5,66,-0.000394
47,96,-0.000416
57,89,-0.000428
3,97,-0.000470
6,75,-0.000478
6,17,-0.000491
45,81,-0.000510
4,34,-0.000549
65,96,-0.000554
49,56,-0.000567
56,77,-0.000578
29,89,-0.000578
30,50,-0.000595
39,98,-0.000602
73,93,-0.000620
15,54,-0.000715
24,46,-0.000731
24,60,-0.000739
31,63,-0.000749
1,74,-0.000796
7,83,-0.000811
61,76,-0.000817
3,93,-0.000839
50,77,-0.000839
35,89,-0.000855
49,64,-0.000874
75,97,-0.000901
71,98,-0.000901
17,87,-0.000916
46,65,-0.000925
24,55,-0.000934
84,99,-0.000944
1,95,-0.000944
6,84,-0.000946
65,72,-0.000970
94,100,-0.000981
14,79,-0.000982
4,80,-0.001020
1,20,-0.001022
31,53,-0.001034
72,96,-0.001053
22,80,-0.001058
5,56,-0.001084
64,100,-0.001136
6,37,-0.001166
12,74,-0.001169
7,80,-0.001176
19,77,-0.001177
73,90,-0.001185
52,76,-0.001205
4,93,-0.001225
74,78,-0.001244
17,83,-0.001256
57,78,-0.001276
24,67,-0.001281
23,70,-0.001303
79,100,-0.001333
64,67,-0.001349
6,81,-0.001354
86,97,-0.001356
31,80,-0.001357
11,31,-0.001391
6,48,-0.001413
37,83,-0.001414
62,64,-0.001416
17,28,-0.001418
23,85,-0.001420
25,40,-0.001459
10,72,-0.001472
48,68,-0.001491
9,79,-0.001491
7,62,-0.001492
13,78,-0.001498
1,61,-0.001499
59,73,-0.001503
48,85,-0.001520
66,99,-0.001553
32,37,-0.001584
42,81,-0.001586
1,41,-0.001610
60,71,-0.001619
30,88,-0.001625
72,99,-0.001641
37,98,-0.001664
49,57,-0.001680
32,55,-0.001727
1,22,-0.001739
29,30,-0.001760
29,39,-0.001764
11,41,-0.001790
18,23,-0.001803
43,50,-0.001806
58,91,-0.001832
4,35,-0.001838
3,57,-0.001841
71,96,-0.001849
18,41,-0.001852
10,100,-0.001863
7,23,-0.001870
62,87,-0.001871
52,89,-0.001888
62,83,-0.001889
10,83,-0.001900
46,62,-0.001906
7,28,-0.001910
35,60,-0.001918
5,70,-0.001927
22,52,-0.001933
79,98,-0.001937
39,69,-0.001942
66,97,-0.001945
21,95,-0.001947
35,88,-0.001954
32,99,-0.001954
55,70,-0.001973
5,65,-0.001986
8,81,-0.002026
4,69,-0.002056
37,64,-0.002071
6,45,-0.002072
4,23,-0.002089
25,51,-0.002090
75,94,-0.002128
1,49,-0.002129
16,42,-0.002132
84,95,-0.002139
21,38,-0.002157
3,43,-0.002161
59,85,-0.002172
36,58,-0.002173
30,48,-0.002174
4,24,-0.002189
29,99,-0.002192
4,57,-0.002217
1,14,-0.002224
8,43,-0.002240
5,69,-0.002251
6,19,-0.002254
32,70,-0.002268
12,59,-0.002278
9,49,-0.002291
22,26,-0.002294
4,38,-0.002319
30,98,-0.002341
4,50,-0.002349
3,75,-0.002387
45,86,-0.002407
61,98,-0.002426
18,53,-0.002434
58,94,-0.002440
38,98,-0.002447
2,41,-0.002453
1,83,-0.002459
24,78,-0.002483
56,98,-0.002490
66,76,-0.002505
9,41,-0.002523
39,96,-0.002526
62,85,-0.002543
3,59,-0.002549
43,59,-0.002550
56,73,-0.002556
51,52,-0.002570
64,77,-0.002590
23,76,-0.002601
51,100,-0.002605
8,22,-0.002612
14,51,-0.002612
31,77,-0.002637
56,67,-0.002648
43,70,-0.002651
16,83,-0.002662
12,55,-0.002667
18,85,-0.002670
9,40,-0.002730
1,96,-0.002733
42,100,-0.002739
40,72,-0.002758
71,79,-0.002766
75,99,-0.002795
5,20,-0.002823
3,26,-0.002824
67,99,-0.002829
26,65,-0.002835
7,52,-0.002869
15,42,-0.002874
41,71,-0.002874
23,27,-0.002914
9,64,-0.002919
1,35,-0.002949
87,95,-0.002954
3,35,-0.002975
33,69,-0.002990
43,73,-0.003000
4,97,-0.003005
24,32,-0.003016
9,70,-0.003032
50,73,-0.003052
5,26,-0.003059
5,61,-0.003060
20,47,-0.003065
27,90,-0.003066
26,34,-0.003076
31,46,-0.003078
8,30,-0.003079
7,37,-0.003102
27,100,-0.003108
3,51,-0.003129
53,99,-0.003133
6,60,-0.003150
39,88,-0.003154
64,92,-0.003168
50,78,-0.003192
12,76,-0.003247
38,55,-0.003257
15,23,-0.003259
17,73,-0.003269
89,99,-0.003275
38,95,-0.003312
48,77,-0.003318
74,97,-0.003350
35,83,-0.003375
22,97,-0.003379
22,88,-0.003379
10,89,-0.003385
24,51,-0.003399
49,77,-0.003403
4,18,-0.003407
61,72,-0.003410
70,96,-0.003427
8,66,-0.003432
18,77,-0.003439
11,73,-0.003448
76,99,-0.003460
10,61,-0.003477
2,73,-0.003484
60,89,-0.003493
50,92,-0.003510
30,55,-0.003529
52,58,-0.003555
6,50,-0.003574
42,98,-0.003575
77,82,-0.003598
47,83,-0.003603
87,99,-0.003609
88,99,-0.003626
6,97,-0.003637
9,76,-0.003644
1,90,-0.003658
53,70,-0.003658
45,95,-0.003686
8,29,-0.003692
37,91,-0.003715
74,85,-0.003732
22,38,-0.003746
4,84,-0.003753
25,37,-0.003753
32,60,-0.003767
50,93,-0.003771
25,61,-0.003791
14,37,-0.003809
55,71,-0.003817
5,36,-0.003819
44,78,-0.003822
4,59,-0.003825
4,51,-0.003826
51,73,-0.003832
2,88,-0.003833
3,85,-0.003857
57,100,-0.003863
26,90,-0.003871
60,72,-0.003890
64,97,-0.003890
44,91,-0.003902
42,89,-0.003903
41,52,-0.003903
71,99,-0.003922
52,77,-0.003980
1,46,-0.003981
37,80,-0.003998
30,78,-0.004002
53,72,-0.004010
27,99,-0.004038
17,54,-0.004054
90,99,-0.004054
71,85,-0.004054
76,88,-0.004056
4,98,-0.004060
25,98,-0.004063
2,89,-0.004083
4,19,-0.004084
2,80,-0.004091
36,71,-0.004094
3,20,-0.004117
1,71,-0.004136
38,62,-0.004192
17,66,-0.004212
22,96,-0.004222
4,85,-0.004225
6,62,-0.004230
68,94,-0.004256
47,94,-0.004270
19,61,-0.004296
19,75,-0.004302
23,78,-0.004314
10,32,-0.004320
15,64,-0.004321
49,94,-0.004334
77,83,-0.004341
55,60,-0.004357
64,95,-0.004384
39,100,-0.004393
75,98,-0.004402
56,65,-0.004428
3,92,-0.004442
19,21,-0.004461
36,51,-0.004462
46,99,-0.004471
1,91,-0.004472
25,64,-0.004476
60,66,-0.004504
40,71,-0.004504
4,64,-0.004540
3,44,-0.004544
70,90,-0.004578
14,42,-0.004581
2,67,-0.004591
17,89,-0.004593
86,94,-0.004598
10,50,-0.004612
55,64,-0.004616
71,76,-0.004626
67,97,-0.004637
3,36,-0.004693
37,70,-0.004695
4,66,-0.004695
35,40,-0.004713
48,78,-0.004740
1,23,-0.004756
45,79,-0.004779
83,100,-0.004779
5,60,-0.004781
51,66,-0.004793
11,69,-0.004798
80,83,-0.004838
8,100,-0.004845
2,35,-0.004860
15,57,-0.004864
51,84,-0.004868
20,37,-0.004881
34,97,-0.004917
14,23,-0.004933
7,88,-0.004941
42,95,-0.004951
52,99,-0.004984
21,82,-0.004987
71,84,-0.004989
42,50,-0.004999
63,75,-0.005007
27,82,-0.005018
18,61,-0.005034
14,65,-0.005035
43,66,-0.005035
84,89,-0.005040
27,52,-0.005046
71,100,-0.005102
31,88,-0.005119
72,95,-0.005124
69,88,-0.005136
78,96,-0.005140
68,99,-0.005161
7,77,-0.005169
14,48,-0.005181
26,47,-0.005195
8,18,-0.005199
24,40,-0.005240
18,62,-0.005243
3,72,-0.005290
70,82,-0.005296
1,31,-0.005297
51,90,-0.005305
48,99,-0.005322
39,94,-0.005326
7,49,-0.005330
92,100,-0.005335
6,54,-0.005340
5,34,-0.005366
6,30,-0.005368
6,61,-0.005400
70,94,-0.005414
28,64,-0.005421
8,99,-0.005423
49,88,-0.005430
29,53,-0.005433
3,47,-0.005450
22,99,-0.005459
39,86,-0.005462
1,57,-0.005472
90,100,-0.005489
39,97,-0.005491
5,46,-0.005502
39,68,-0.005571
15,44,-0.005588
21,28,-0.005602
11,78,-0.005604
75,89,-0.005625
32,46,-0.005647
65,87,-0.005656
18,76,-0.005673
11,37,-0.005694
19,81,-0.005742
48,95,-0.005743
49,99,-0.005746
2,74,-0.005748
23,68,-0.005768
6,83,-0.005792
40,80,-0.005803
39,44,-0.005847
14,29,-0.005848
67,77,-0.005861
55,73,-0.005872
18,44,-0.005914
3,68,-0.005940
20,45,-0.005951
68,92,-0.005961
39,84,-0.005961
26,75,-0.005973
47,71,-0.005978
29,73,-0.005978
2,72,-0.006061
62,89,-0.006071
44,56,-0.006079
2,20,-0.006084
20,69,-0.006085
58,64,-0.006128
70,91,-0.006136
55,62,-0.006149
43,76,-0.006153
15,75,-0.006165
7,41,-0.006172
31,47,-0.006191
36,74,-0.006203
2,23,-0.006205
29,96,-0.006210
26,53,-0.006272
29,49,-0.006281
16,68,-0.006281
5,71,-0.006296
3,52,-0.006329
44,97,-0.006329
5,98,-0.006353
24,63,-0.006356
14,32,-0.006358
32,34,-0.006400
87,98,-0.006402
2,52,-0.006429
60,83,-0.006429
30,94,-0.006430
13,73,-0.006432
13,62,-0.006445
9,20,-0.006449
49,98,-0.006452
17,65,-0.006466
61,92,-0.006467
68,96,-0.006469
4,22,-0.006520
61,95,-0.006529
52,100,-0.006557
9,33,-0.006586
39,62,-0.006591
18,57,-0.006599
85,88,-0.006599
9,84,-0.006611
43,51,-0.006617
35,38,-0.006619
7,33,-0.006691
45,82,-0.006701
14,85,-0.006719
2,51,-0.006726
66,79,-0.006745
17,82,-0.006778
5,78,-0.006778
3,66,-0.006782
56,80,-0.006800
8,58,-0.006805
44,72,-0.006807
30,85,-0.006815
37,50,-0.006824
78,99,-0.006848
13,68,-0.006852
82,83,-0.006855
34,66,-0.006865
55,75,-0.006873
75,80,-0.006901
67,90,-0.006907
4,86,-0.006926
43,71,-0.006969
22,68,-0.007018
66,96,-0.007047
1,26,-0.007068
19,52,-0.007106
4,41,-0.007108
50,79,-0.007112
82,100,-0.007164
1,17,-0.007176
3,17,-0.007176
57,65,-0.007180
32,62,-0.007220
2,71,-0.007221
62,95,-0.007230
78,92,-0.007242
29,97,-0.007259
2,93,-0.007264
26,40,-0.007266
62,98,-0.007268
15,33,-0.007297
19,36,-0.007330
16,91,-0.007333
88,95,-0.007333
45,96,-0.007364
14,47,-0.007370
4,20,-0.007375
28,100,-0.007414
10,68,-0.007420
3,96,-0.007423
6,70,-0.007440
14,38,-0.007464
55,99,-0.007469
4,49,-0.007470
13,54,-0.007488
8,65,-0.007493
7,63,-0.007513
32,95,-0.007524
6,24,-0.007541
24,98,-0.007546
69,91,-0.007548
78,98,-0.007568
32,100,-0.007571
23,32,-0.007620
24,89,-0.007632
39,52,-0.007661
6,57,-0.007662
36,65,-0.007663
1,38,-0.007678
86,91,-0.007701
2,79,-0.007768
70,78,-0.007770
6,77,-0.007774
24,97,-0.007775
23,89,-0.007812
51,75,-0.007835
32,98,-0.007836
20,83,-0.007867
10,28,-0.007874
32,86,-0.007902
1,33,-0.007908
81,96,-0.007936
15,85,-0.007944
26,44,-0.007954
37,95,-0.007957
46,91,-0.007974
35,97,-0.007979
10,76,-0.007997
9,71,-0.008014
43,49,-0.008018
3,38,-0.008019
25,89,-0.008029
40,88,-0.008041
31,92,-0.008041
9,69,-0.008046
12,72,-0.008052
35,84,-0.008064
20,86,-0.008091
37,87,-0.008106
21,67,-0.008111
78,88,-0.008115
4,40,-0.008124
91,100,-0.008131
58,98,-0.008134
14,78,-0.008147
23,38,-0.008151
45,60,-0.008160
66,69,-0.008176
68,84,-0.008202
1,80,-0.008241
7,29,-0.008247
74,99,-0.008294
3,61,-0.008316
33,87,-0.008321
61,99,-0.008360
11,90,-0.008361
36,52,-0.008363
7,70,-0.008391
28,76,-0.008403
42,71,-0.008409
33,91,-0.008420
9,92,-0.008428
67,100,-0.008440
34,98,-0.008459
15,71,-0.008467
16,87,-0.008472
22,66,-0.008482
8,80,-0.008489
2,64,-0.008492
23,80,-0.008508
2,57,-0.008516
31,90,-0.008518
59,83,-0.008522
44,46,-0.008527
6,66,-0.008531
6,36,-0.008533
30,51,-0.008540
5,49,-0.008551
48,61,-0.008583
24,93,-0.008585
2,83,-0.008590
2,39,-0.008607
2,26,-0.008627
6,26,-0.008647
44,67,-0.008664
51,79,-0.008679
5,97,-0.008697
1,50,-0.008718
57,91,-0.008723
1,70,-0.008731
5,51,-0.008737
57,67,-0.008741
52,66,-0.008742
10,53,-0.008745
46,92,-0.008780
20,97,-0.008792
82,99,-0.008804
14,27,-0.008822
8,77,-0.008862
5,53,-0.008869
43,99,-0.008871
26,50,-0.008873
26,52,-0.008874
71,88,-0.008887
72,98,-0.008898
23,98,-0.008913
42,92,-0.008932
4,52,-0.008959
3,94,-0.008962
77,78,-0.008982
33,59,-0.009000
37,58,-0.009011
16,56,-0.009062
25,60,-0.009065
21,51,-0.009066
15,70,-0.009092
5,94,-0.009104
18,26,-0.009112
59,98,-0.009122
30,82,-0.009123
45,94,-0.009127
29,76,-0.009140
20,100,-0.009147
84,94,-0.009151
5,27,-0.009168
17,26,-0.009171
8,26,-0.009173
27,95,-0.009187
23,57,-0.009238
24,48,-0.009252
41,70,-0.009259
5,21,-0.009265
54,79,-0.009271
7,93,-0.009274
47,98,-0.009285
34,49,-0.009328
22,73,-0.009332
2,31,-0.009343
39,95,-0.009355
37,92,-0.009392
8,19,-0.009405
16,98,-0.009409
42,91,-0.009418
14,24,-0.009419
14,100,-0.009496
45,52,-0.009498
3,22,-0.009512
58,100,-0.009517
74,100,-0.009533
48,63,-0.009589
50,59,-0.009607
22,69,-0.009619
24,41,-0.009619
3,95,-0.009624
5,95,-0.009641
34,84,-0.009646
56,69,-0.009651
87,100,-0.009657
2,75,-0.009665
10,25,-0.009716
20,51,-0.009729
13,80,-0.009739
4,72,-0.009749
10,49,-0.009766
52,95,-0.009771
20,99,-0.009794
12,66,-0.009799
24,58,-0.009810
54,74,-0.009842
37,73,-0.009843
58,99,-0.009844
9,32,-0.009846
21,69,-0.009851
2,92,-0.009859
35,63,-0.009905
1,51,-0.009916
30,75,-0.009939
2,70,-0.009945
45,83,-0.009945
3,74,-0.009948
18,52,-0.009949
7,75,-0.009969
57,63,-0.009976
49,91,-0.009994
15,48,-0.010020
39,89,-0.010022
7,90,-0.010028
9,52,-0.010032
1,53,-0.010051
57,99,-0.010053
12,60,-0.010104
61,64,-0.010132
38,63,-0.010139
66,81,-0.010185
41,65,-0.010205
15,38,-0.010212
29,71,-0.010218
29,80,-0.010226
7,84,-0.010226
3,31,-0.010238
39,76,-0.010246
37,85,-0.010256
4,39,-0.010263
49,100,-0.010269
7,87,-0.010279
2,43,-0.010289
4,94,-0.010294
57,76,-0.010294
6,32,-0.010316
17,39,-0.010340
1,85,-0.010369
11,50,-0.010378
7,43,-0.010415
14,77,-0.010426
17,44,-0.010440
14,84,-0.010445
60,74,-0.010446
9,42,-0.010447
50,100,-0.010457
45,62,-0.010476
19,65,-0.010489
37,45,-0.010491
68,74,-0.010516
5,25,-0.010516
2,22,-0.010519
46,80,-0.010523
9,67,-0.010539
83,96,-0.010569
8,48,-0.010573
4,95,-0.010578
42,67,-0.010591
23,69,-0.010608
1,89,-0.010613
11,99,-0.010617
55,88,-0.010624
1,94,-0.010665
11,79,-0.010667
13,69,-0.010669
42,93,-0.010671
9,77,-0.010674
10,99,-0.010679
3,45,-0.010686
5,40,-0.010694
3,80,-0.010717
22,85,-0.010717
5,43,-0.010722
36,69,-0.010747
18,65,-0.010749
15,66,-0.010753
52,80,-0.010762
18,68,-0.010801
2,91,-0.010814
7,66,-0.010823
4,91,-0.010823
88,100,-0.010829
14,95,-0.010838
16,94,-0.010866
73,99,-0.010875
1,18,-0.010882
4,71,-0.010885
51,94,-0.010890
14,68,-0.010901
41,76,-0.010929
2,69,-0.010943
38,85,-0.010946
2,21,-0.010958
16,59,-0.010963
42,52,-0.010971
40,58,-0.010998
16,50,-0.011003
9,86,-0.011004
26,77,-0.011040
2,33,-0.011056
7,69,-0.011071
32,72,-0.011071
4,83,-0.011122
76,96,-0.011134
19,99,-0.011153
7,53,-0.011170
3,50,-0.011177
17,61,-0.011177
14,97,-0.011186
74,80,-0.011202
70,100,-0.011249
43,54,-0.011280
13,84,-0.011287
16,71,-0.011295
70,97,-0.011322
1,24,-0.011341
1,65,-0.011344
4,47,-0.011376
26,33,-0.011378
25,77,-0.011380
28,55,-0.011398
71,86,-0.011404
44,74,-0.011408
26,32,-0.011420
4,21,-0.011436
4,53,-0.011449
19,83,-0.011462
16,55,-0.011468
80,94,-0.011491
4,62,-0.011501
11,60,-0.011502
11,77,-0.011505
38,76,-0.011514
9,23,-0.011521
21,92,-0.011541
4,37,-0.011542
12,64,-0.011594
63,96,-0.011616
25,86,-0.011647
86,100,-0.011662
1,72,-0.011666
58,84,-0.011708
14,60,-0.011710
12,47,-0.011710
48,72,-0.011714
88,96,-0.011752
2,55,-0.011778
2,84,-0.011800
5,67,-0.011805
7,38,-0.011845
1,67,-0.011859
55,91,-0.011875
11,40,-0.011878
69,75,-0.011881
59,99,-0.011885
37,99,-0.011889
38,96,-0.011899
11,61,-0.011928
3,84,-0.011948
59,91,-0.011966
55,66,-0.011977
6,28,-0.011977
85,99,-0.012022
20,33,-0.012051
12,100,-0.012087
46,69,-0.012132
56,66,-0.012134
5,75,-0.012161
20,54,-0.012169
60,67,-0.012176
3,40,-0.012184
19,92,-0.012194
29,67,-0.012211
9,75,-0.012250
2,40,-0.012267
36,45,-0.012296
40,67,-0.012309
28,79,-0.012314
16,70,-0.012321
24,73,-0.012332
54,99,-0.012342
10,88,-0.012350
19,53,-0.012351
12,38,-0.012370
43,100,-0.012371
87,89,-0.012378
15,100,-0.012383
7,34,-0.012428
75,84,-0.012454
28,89,-0.012473
23,99,-0.012483
14,45,-0.012483
49,53,-0.012484
32,66,-0.012490
1,69,-0.012494
5,41,-0.012497
75,88,-0.012500
39,92,-0.012508
2,36,-0.012513
25,36,-0.012523
12,29,-0.012533
10,87,-0.012533
29,40,-0.012533
71,82,-0.012546
21,23,-0.012554
57,94,-0.012557
3,89,-0.012569
38,77,-0.012581
82,89,-0.012603
44,99,-0.012626
62,93,-0.012636
73,85,-0.012652
6,89,-0.012666
44,77,-0.012675
71,92,-0.012689
19,98,-0.012693
65,95,-0.012701
29,38,-0.012744
1,36,-0.012745
25,97,-0.012748
40,60,-0.012751
28,58,-0.012765
5,59,-0.012770
33,61,-0.012789
47,72,-0.012793
5,68,-0.012795
13,76,-0.012810
58,97,-0.012817
30,71,-0.012818
33,63,-0.012829
61,79,-0.012855
4,31,-0.012875
43,96,-0.012878
1,55,-0.012880
52,72,-0.012892
68,100,-0.012910
9,58,-0.012919
1,37,-0.012942
38,53,-0.012955
50,56,-0.012960
2,28,-0.012962
6,46,-0.012967
7,55,-0.012986
5,54,-0.013001
29,47,-0.013001
23,46,-0.013028
29,100,-0.013043
69,89,-0.013044
5,29,-0.013153
4,82,-0.013166
2,24,-0.013170
40,92,-0.013185
69,81,-0.013192
17,84,-0.013201
5,39,-0.013210
7,16,-0.013237
10,40,-0.013250
10,57,-0.013270
41,53,-0.013278
25,85,-0.013294
73,83,-0.013306
10,91,-0.013323
4,58,-0.013412
42,83,-0.013447
2,76,-0.013447
30,57,-0.013455
20,84,-0.013456
46,72,-0.013467
32,96,-0.013476
65,66,-0.013510
76,98,-0.013523
5,47,-0.013544
7,19,-0.013554
22,74,-0.013556
16,32,-0.013559
53,55,-0.013560
38,99,-0.013573
39,99,-0.013595
54,96,-0.013597
23,50,-0.013629
29,58,-0.013633
6,98,-0.013645
66,98,-0.013649
16,75,-0.013654
3,71,-0.013655
20,61,-0.013662
8,32,-0.013663
40,69,-0.013728
51,70,-0.013731
17,85,-0.013743
13,82,-0.013750
16,77,-0.013752
32,48,-0.013755
50,99,-0.013777
4,25,-0.013816
3,91,-0.013817
19,96,-0.013822
21,98,-0.013839
82,84,-0.013863
6,58,-0.013891
2,86,-0.013932
28,69,-0.013943
79,90,-0.013965
25,56,-0.013967
58,70,-0.013978
39,54,-0.013997
5,50,-0.014003
3,18,-0.014009
86,99,-0.014039
38,66,-0.014071
11,84,-0.014099
60,82,-0.014107
79,99,-0.014123
13,99,-0.014133
4,46,-0.014147
21,40,-0.014154
4,17,-0.014158
28,72,-0.014171
55,96,-0.014202
4,42,-0.014224
9,36,-0.014246
73,94,-0.014271
58,96,-0.014313
4,70,-0.014322
7,32,-0.014333
3,88,-0.014355
12,61,-0.014371
7,61,-0.014421
77,87,-0.014424
9,34,-0.014439
7,24,-0.014448
14,64,-0.014450
55,79,-0.014454
62,92,-0.014487
34,78,-0.014488
8,73,-0.014490
63,82,-0.014505
69,99,-0.014534
5,83,-0.014601
42,70,-0.014602
17,36,-0.014604
47,78,-0.014621
38,50,-0.014642
21,36,-0.014649
4,61,-0.014652
26,100,-0.014658
49,85,-0.014669
85,94,-0.014698
46,63,-0.014721
4,28,-0.014724
17,52,-0.014726
18,93,-0.014783
75,100,-0.014791
25,52,-0.014793
72,83,-0.014824
33,73,-0.014837
33,98,-0.014841
65,75,-0.014849
5,77,-0.014856
17,62,-0.014856
2,46,-0.014857
33,34,-0.014888
72,94,-0.014895
11,23,-0.014907
1,21,-0.014911
18,58,-0.014976
15,95,-0.014999
70,84,-0.015015
39,72,-0.015037
8,75,-0.015054
2,58,-0.015055
4,90,-0.015061
76,93,-0.015078
5,24,-0.015107
5,82,-0.015122
39,71,-0.015122
61,100,-0.015125
20,70,-0.015129
6,68,-0.015134
22,64,-0.015169
66,73,-0.015194
21,64,-0.015263
2,62,-0.015267
47,87,-0.015287
44,49,-0.015304
28,88,-0.015317
39,60,-0.015334
5,33,-0.015335
61,73,-0.015347
22,46,-0.015351
29,86,-0.015352
4,75,-0.015359
59,80,-0.015369
22,90,-0.015372
9,38,-0.015401
26,99,-0.015427
3,56,-0.015435
3,49,-0.015438
25,53,-0.015447
12,99,-0.015450
37,94,-0.015459
62,99,-0.015464
21,46,-0.015467
50,57,-0.015483
71,90,-0.015503
5,45,-0.015505
47,93,-0.015519
3,69,-0.015528
3,64,-0.015534
7,35,-0.015543
16,79,-0.015553
28,95,-0.015569
3,65,-0.015623
8,86,-0.015653
25,55,-0.015656
33,49,-0.015661
49,96,-0.015668
13,58,-0.015692
59,71,-0.015703
5,85,-0.015705
7,68,-0.015705
18,75,-0.015707
18,89,-0.015730
12,69,-0.015730
36,100,-0.015736
58,95,-0.015764
2,48,-0.015809
29,51,-0.015810
52,92,-0.015814
14,81,-0.015820
12,98,-0.015830
8,79,-0.015834
14,40,-0.015836
34,75,-0.015839
51,85,-0.015854
38,69,-0.015882
1,56,-0.015921
12,26,-0.015953
47,63,-0.015955
4,78,-0.015956
4,43,-0.015968
72,92,-0.015983
12,92,-0.015984
8,39,-0.016013
26,69,-0.016020
17,37,-0.016055
16,90,-0.016056
5,72,-0.016067
15,58,-0.016084
25,81,-0.016089
29,54,-0.016096
18,27,-0.016097
6,64,-0.016109
44,54,-0.016166
45,99,-0.016177
44,66,-0.016190
1,45,-0.016197
41,87,-0.016206
78,100,-0.016207
53,57,-0.016215
68,88,-0.016232
12,78,-0.016239
35,64,-0.016240
41,60,-0.016255
62,74,-0.016312
7,71,-0.016333
1,39,-0.016334
18,86,-0.016374
30,79,-0.016377
8,91,-0.016381
64,78,-0.016450
45,69,-0.016479
9,65,-0.016531
20,59,-0.016544
15,39,-0.016568
49,54,-0.016591
5,91,-0.016591
53,100,-0.016628
2,85,-0.016628
12,41,-0.016655
8,93,-0.016662
5,62,-0.016669
59,96,-0.016674
16,47,-0.016695
60,70,-0.016704
1,66,-0.016713
36,53,-0.016723
14,62,-0.016731
5,52,-0.016740
12,87,-0.016780
10,98,-0.016789
42,99,-0.016790
5,76,-0.016797
6,25,-0.016802
45,72,-0.016807
36,92,-0.016825
17,47,-0.016830
6,29,-0.016863
32,93,-0.016869
3,83,-0.016872
4,73,-0.016891
1,75,-0.016972
16,30,-0.016997
29,42,-0.017029
2,68,-0.017038
3,37,-0.017040
3,82,-0.017059
4,79,-0.017075
20,98,-0.017090
61,67,-0.017093
74,95,-0.017109
3,86,-0.017125
43,60,-0.017136
56,99,-0.017136
47,100,-0.017150
7,50,-0.017171
7,44,-0.017173
61,74,-0.017177
3,48,-0.017184
13,100,-0.017188
25,62,-0.017195
33,75,-0.017196
12,18,-0.017210
18,29,-0.017214
9,24,-0.017223
2,87,-0.017252
4,33,-0.017285
7,91,-0.017290
20,50,-0.017306
70,99,-0.017314
51,59,-0.017345
22,51,-0.017357
89,98,-0.017367
18,100,-0.017428
66,93,-0.017459
44,79,-0.017467
2,53,-0.017475
54,91,-0.017490
17,45,-0.017493
44,75,-0.017501
1,40,-0.017504
13,27,-0.017510
74,89,-0.017526
40,73,-0.017528
26,97,-0.017532
32,78,-0.017533
1,47,-0.017542
31,99,-0.017548
18,63,-0.017563
3,46,-0.017591
34,37,-0.017593
20,44,-0.017628
46,94,-0.017636
40,96,-0.017694
32,36,-0.017696
65,89,-0.017697
17,80,-0.017698
73,92,-0.017701
4,36,-0.017704
23,67,-0.017716
70,77,-0.017716
41,94,-0.017723
37,90,-0.017727
9,83,-0.017753
10,85,-0.017758
2,32,-0.017765
6,93,-0.017775
18,39,-0.017781
2,78,-0.017820
64,90,-0.017878
47,99,-0.017900
21,100,-0.017928
8,45,-0.017941
68,76,-0.017959
24,71,-0.017980
11,75,-0.017987
24,47,-0.018039
30,41,-0.018050
74,98,-0.018053
7,42,-0.018073
45,76,-0.018084
51,71,-0.018101
51,68,-0.018108
5,44,-0.018127
23,62,-0.018129
3,73,-0.018131
53,73,-0.018131
18,50,-0.018132
2,45,-0.018143
8,61,-0.018149
54,62,-0.018151
2,47,-0.018176
36,88,-0.018204
10,29,-0.018214
6,95,-0.018224
39,59,-0.018225
38,72,-0.018229
38,49,-0.018246
10,79,-0.018263
51,99,-0.018282
15,37,-0.018289
16,22,-0.018303
69,100,-0.018303
4,56,-0.018330
17,91,-0.018349
51,77,-0.018379
27,58,-0.018385
6,71,-0.018413
8,98,-0.018425
3,42,-0.018425
10,78,-0.018427
43,48,-0.018441
44,71,-0.018454
19,68,-0.018461
41,79,-0.018463
3,67,-0.018467
14,36,-0.018470
7,56,-0.018472
12,56,-0.018479
5,90,-0.018499
12,79,-0.018521
3,29,-0.018535
1,28,-0.018597
2,65,-0.018606
43,98,-0.018620
18,84,-0.018625
73,88,-0.018639
8,89,-0.018643
67,98,-0.018672
11,92,-0.018685
76,85,-0.018704
30,53,-0.018706
72,90,-0.018717
35,67,-0.018724
4,48,-0.018726
88,94,-0.018757
9,39,-0.018767
45,64,-0.018770
38,74,-0.018790
57,97,-0.018797
31,79,-0.018819
3,79,-0.018840
17,27,-0.018862
30,81,-0.018862
45,85,-0.018879
28,73,-0.018900
1,32,-0.018922
5,84,-0.018965
85,89,-0.018972
37,82,-0.018977
21,79,-0.018990
44,90,-0.018990
5,92,-0.018997
3,24,-0.019006
22,48,-0.019049
4,65,-0.019062
33,41,-0.019088
2,37,-0.019093
26,61,-0.019111
22,58,-0.019119
20,66,-0.019168
9,55,-0.019207
18,59,-0.019227
1,76,-0.019245
6,78,-0.019248
16,78,-0.019262
19,88,-0.019276
7,98,-0.019303
13,74,-0.019318
34,47,-0.019322
6,52,-0.019351
41,63,-0.019354
27,71,-0.019356
10,16,-0.019365
69,80,-0.019367
16,97,-0.019379
42,82,-0.019402
48,52,-0.019413
48,100,-0.019417
58,75,-0.019420
27,42,-0.019439
30,86,-0.019451
22,45,-0.019464
22,82,-0.019497
17,95,-0.019540
62,91,-0.019541
20,95,-0.019542
52,98,-0.019565
2,25,-0.019577
5,58,-0.019639
10,52,-0.019698
24,95,-0.019714
20,78,-0.019775
6,91,-0.019778
3,28,-0.019778
16,46,-0.019828
35,86,-0.019835
21,91,-0.019839
70,88,-0.019887
55,80,-0.019915
10,19,-0.019919
69,85,-0.019927
65,98,-0.019951
68,98,-0.019955
28,34,-0.019995
32,69,-0.020019
64,71,-0.020021
82,93,-0.020029
3,23,-0.020029
3,32,-0.020031
25,69,-0.020031
22,81,-0.020056
25,65,-0.020060
19,57,-0.020082
1,87,-0.020090
8,51,-0.020096
13,53,-0.020120
1,42,-0.020139
9,44,-0.020145
34,46,-0.020170
52,97,-0.020173
41,85,-0.020179
15,46,-0.020179
72,87,-0.020205
28,90,-0.020215
25,63,-0.020224
6,34,-0.020225
7,48,-0.020254
16,89,-0.020294
54,69,-0.020308
44,94,-0.020315
4,76,-0.020317
67,93,-0.020394
9,61,-0.020412
44,93,-0.020464
36,93,-0.020475
17,88,-0.020499
61,69,-0.020506
58,73,-0.020526
60,65,-0.020552
65,76,-0.020554
20,42,-0.020560
33,95,-0.020580
18,35,-0.020594
16,73,-0.020603
5,80,-0.020619
42,49,-0.020622
12,36,-0.020638
55,63,-0.020639
35,74,-0.020651
51,82,-0.020665
2,56,-0.020695
26,57,-0.020704
21,60,-0.020719
37,93,-0.020725
33,86,-0.020757
23,53,-0.020759
20,82,-0.020781
5,28,-0.020790
73,97,-0.020824
45,70,-0.020833
28,99,-0.020849
14,90,-0.020857
7,76,-0.020885
12,73,-0.020891
67,78,-0.020896
33,82,-0.020902
59,63,-0.020906
4,74,-0.020947
7,65,-0.020960
33,45,-0.020960
53,84,-0.020988
1,78,-0.020992
5,96,-0.021027
13,92,-0.021075
8,44,-0.021142
20,96,-0.021148
54,94,-0.021153
22,28,-0.021160
8,92,-0.021170
8,54,-0.021170
54,80,-0.021199
5,79,-0.021212
15,99,-0.021215
56,87,-0.021260
7,73,-0.021263
20,41,-0.021272
28,37,-0.021284
44,96,-0.021291
14,25,-0.021302
6,33,-0.021311
1,58,-0.021350
14,76,-0.021360
1,62,-0.021395
3,54,-0.021396
17,64,-0.021412
75,77,-0.021415
36,55,-0.021439
74,90,-0.021447
15,82,-0.021460
39,81,-0.021474
32,87,-0.021479
31,50,-0.021522
20,72,-0.021526
15,24,-0.021534
21,77,-0.021535
60,92,-0.021540
31,37,-0.021544
19,80,-0.021546
6,82,-0.021588
22,94,-0.021594
1,79,-0.021617
7,60,-0.021623
50,68,-0.021687
17,59,-0.021693
75,86,-0.021698
13,19,-0.021724
47,79,-0.021787
37,51,-0.021853
3,70,-0.021889
43,87,-0.021902
29,43,-0.021956
9,62,-0.021957
7,67,-0.021973
26,72,-0.022029
13,35,-0.022040
53,95,-0.022049
61,63,-0.022061
6,47,-0.022101
17,81,-0.022113
66,83,-0.022149
33,62,-0.022178
42,78,-0.022186
2,66,-0.022193
59,79,-0.022220
41,98,-0.022227
17,86,-0.022243
51,87,-0.022256
53,93,-0.022296
80,86,-0.022300
45,56,-0.022321
44,87,-0.022328
2,54,-0.022365
23,82,-0.022372
2,29,-0.022375
24,37,-0.022406
2,82,-0.022412
22,54,-0.022449
19,97,-0.022473
42,55,-0.022478
5,88,-0.022487
74,88,-0.022488
7,58,-0.022488
32,83,-0.022503
49,60,-0.022509
6,38,-0.022519
58,89,-0.022529
17,31,-0.022542
32,94,-0.022566
4,55,-0.022641
35,39,-0.022659
77,97,-0.022691
22,78,-0.022692
6,87,-0.022698
33,71,-0.022699
19,100,-0.022718
18,96,-0.022727
15,43,-0.022759
5,93,-0.022771
29,81,-0.022785
67,92,-0.022796
1,54,-0.022820
52,85,-0.022826
5,73,-0.022827
39,73,-0.022846
44,50,-0.022948
47,66,-0.022985
52,73,-0.022988
77,89,-0.022994
38,48,-0.023005
26,35,-0.023034
24,66,-0.023062
33,36,-0.023068
17,60,-0.023070
9,90,-0.023070
12,63,-0.023118
17,94,-0.023170
17,46,-0.023176
13,71,-0.023185
18,82,-0.023248
1,25,-0.023292
45,90,-0.023311
48,62,-0.023337
79,84,-0.023362
28,61,-0.023377
20,88,-0.023377
6,65,-0.023378
20,46,-0.023381
53,96,-0.023391
14,46,-0.023402
83,89,-0.023426
50,91,-0.023437
6,42,-0.023487
6,76,-0.023496
46,100,-0.023510
22,31,-0.023515
46,67,-0.023519
8,62,-0.023521
15,47,-0.023553
16,100,-0.023575
21,88,-0.023584
40,70,-0.023594
18,31,-0.023624
8,47,-0.023626
14,52,-0.023631
47,68,-0.023645
9,85,-0.023689
32,71,-0.023701
18,98,-0.023729
44,92,-0.023731
7,72,-0.023750
48,82,-0.023755
55,100,-0.023773
12,82,-0.023778
54,72,-0.023793
4,89,-0.023796
8,88,-0.023797
3,87,-0.023813
6,40,-0.023853
26,36,-0.023867
25,99,-0.023897
72,78,-0.023902
75,81,-0.023912
9,78,-0.023916
1,29,-0.023933
45,97,-0.023947
5,42,-0.023959
8,82,-0.023972
29,98,-0.024024
27,51,-0.024052
35,50,-0.024085
36,68,-0.024103
55,95,-0.024110
16,28,-0.024162
64,88,-0.024166
13,55,-0.024191
22,71,-0.024196
48,96,-0.024217
15,62,-0.024252
35,44,-0.024255
60,73,-0.024281
65,90,-0.024309
70,85,-0.024312
9,30,-0.024325
33,67,-0.024383
12,40,-0.024398
22,61,-0.024439
16,49,-0.024468
21,76,-0.024521
20,32,-0.024523
29,31,-0.024526
12,44,-0.024535
76,97,-0.024626
9,88,-0.024627
33,64,-0.024636
19,73,-0.024647
28,85,-0.024673
22,98,-0.024675
39,74,-0.024678
49,66,-0.024699
15,97,-0.024721
10,86,-0.024743
61,83,-0.024753
8,60,-0.024759
7,47,-0.024776
40,84,-0.024783
39,85,-0.024791
4,96,-0.024791
8,31,-0.024792
38,75,-0.024798
29,93,-0.024816
14,66,-0.024835
1,68,-0.024837
32,65,-0.024841
21,94,-0.024853
18,99,-0.024864
33,48,-0.024881
44,88,-0.024883
86,96,-0.024924
24,61,-0.024926
20,75,-0.024952
15,86,-0.024961
59,88,-0.024973
52,60,-0.024984
4,54,-0.024990
19,30,-0.024999
13,47,-0.025006
35,46,-0.025013
45,100,-0.025049
25,93,-0.025053
68,75,-0.025077
6,73,-0.025083
8,64,-0.025105
6,85,-0.025124
16,74,-0.025139
39,91,-0.025167
44,100,-0.025196
32,50,-0.025208
17,100,-0.025216
8,72,-0.025257
57,79,-0.025268
16,65,-0.025311
69,90,-0.025315
48,87,-0.025322
35,61,-0.025324
10,33,-0.025356
23,92,-0.025375
21,74,-0.025446
42,87,-0.025451
45,87,-0.025455
4,92,-0.025463
45,58,-0.025469
19,91,-0.025470
53,81,-0.025477
56,83,-0.025480
14,67,-0.025492
22,95,-0.025494
3,76,-0.025519
41,88,-0.025538
6,88,-0.025543
7,57,-0.025579
15,92,-0.025607
16,43,-0.025615
31,76,-0.025624
11,34,-0.025629
54,100,-0.025671
10,74,-0.025674
20,85,-0.025675
2,42,-0.025677
17,70,-0.025697
20,71,-0.025717
45,71,-0.025783
34,94,-0.025787
8,56,-0.025873
40,75,-0.025890
11,32,-0.025924
27,74,-0.025937
14,99,-0.025968
48,88,-0.025991
26,59,-0.026052
1,48,-0.026068
80,91,-0.026144
9,56,-0.026157
3,78,-0.026217
10,90,-0.026244
30,69,-0.026250
21,68,-0.026261
53,88,-0.026270
11,71,-0.026271
3,25,-0.026294
13,34,-0.026296
20,28,-0.026300
79,86,-0.026329
62,84,-0.026342
19,93,-0.026344
5,32,-0.026374
30,46,-0.026377
4,29,-0.026405
10,64,-0.026408
9,60,-0.026413
42,90,-0.026446
12,81,-0.026466
11,98,-0.026478
6,80,-0.026492
7,74,-0.026497
30,68,-0.026517
10,92,-0.026518
13,24,-0.026531
40,93,-0.026560
17,97,-0.026578
8,68,-0.026589
46,85,-0.026609
43,85,-0.026630
39,41,-0.026633
31,95,-0.026640
54,66,-0.026680
59,87,-0.026690
19,94,-0.026692
13,28,-0.026720
4,87,-0.026724
14,50,-0.026730
28,50,-0.026759
51,76,-0.026761
53,75,-0.026780
6,96,-0.026795
10,39,-0.026798
36,50,-0.026818
40,51,-0.026827
36,54,-0.026847
10,41,-0.026848
11,38,-0.026850
4,32,-0.026857
10,26,-0.026894
12,30,-0.026918
23,90,-0.026927
42,97,-0.026927
65,81,-0.026940
57,83,-0.026945
14,88,-0.026956
20,35,-0.026963
46,87,-0.026979
31,33,-0.026986
45,53,-0.026993
11,56,-0.026994
1,82,-0.027001
18,43,-0.027011
5,55,-0.027022
13,88,-0.027026
23,58,-0.027045
12,96,-0.027048
27,50,-0.027138
35,76,-0.027157
18,97,-0.027158
27,40,-0.027165
46,93,-0.027233
15,84,-0.027268
44,76,-0.027280
27,85,-0.027292
28,80,-0.027304
4,26,-0.027305
13,60,-0.027357
26,76,-0.027386
61,97,-0.027388
13,91,-0.027394
24,49,-0.027414
13,98,-0.027416
25,78,-0.027441
10,84,-0.027444
20,91,-0.027468
7,40,-0.027495
36,47,-0.027496
11,88,-0.027504
29,75,-0.027525
76,89,-0.027527
38,56,-0.027533
8,87,-0.027534
22,35,-0.027555
20,65,-0.027563
52,82,-0.027578
6,74,-0.027601
61,88,-0.027606
31,98,-0.027617
48,79,-0.027627
41,90,-0.027633
57,98,-0.027671
61,89,-0.027682
3,58,-0.027682
10,30,-0.027691
59,62,-0.027713
30,65,-0.027724
25,88,-0.027732
18,37,-0.027746
83,86,-0.027772
28,92,-0.027786
4,67,-0.027788
26,73,-0.027793
7,82,-0.027805
41,82,-0.027809
28,98,-0.027820
7,78,-0.027826
47,60,-0.027841
14,70,-0.027846
53,94,-0.027851
13,42,-0.027864
28,33,-0.027892
40,53,-0.027899
25,73,-0.027902
27,49,-0.027902
25,100,-0.027905
47,90,-0.027941
41,95,-0.027955
36,85,-0.027966
62,69,-0.027997
21,96,-0.028027
3,62,-0.028068
80,93,-0.028097
70,74,-0.028100
24,68,-0.028106
16,80,-0.028111
23,41,-0.028121
16,95,-0.028149
64,70,-0.028150
81,87,-0.028156
20,31,-0.028176
15,55,-0.028234
24,92,-0.028237
5,64,-0.028354
77,80,-0.028414
58,85,-0.028469
9,81,-0.028478
4,68,-0.028502
61,93,-0.028523
17,99,-0.028542
58,77,-0.028555
49,80,-0.028612
59,72,-0.028632
49,72,-0.028642
24,80,-0.028645
57,81,-0.028649
13,30,-0.028686
19,62,-0.028741
25,76,-0.028784
59,68,-0.028806
30,96,-0.028836
64,85,-0.028839
73,95,-0.028883
22,42,-0.028925
21,99,-0.028989
16,66,-0.029000
42,59,-0.029011
12,77,-0.029015
44,45,-0.029065
11,86,-0.029091
8,90,-0.029102
8,59,-0.029103
7,85,-0.029104
16,62,-0.029116
54,90,-0.029199
57,72,-0.029216
24,72,-0.029247
35,90,-0.029271
12,90,-0.029277
84,90,-0.029311
39,55,-0.029312
50,94,-0.029347
21,42,-0.029358
18,95,-0.029423
22,60,-0.029465
86,95,-0.029475
27,46,-0.029516
33,65,-0.029569
22,91,-0.029583
15,52,-0.029590
35,75,-0.029616
29,65,-0.029630
16,67,-0.029640
15,59,-0.029679
13,38,-0.029702
7,59,-0.029712
19,40,-0.029714
44,52,-0.029728
41,84,-0.029760
9,25,-0.029781
54,71,-0.029806
33,39,-0.029808
53,77,-0.029855
9,73,-0.029923
41,50,-0.029929
72,81,-0.029966
79,88,-0.029997
46,54,-0.030050
39,83,-0.030091
62,77,-0.030122
78,86,-0.030131
15,87,-0.030138
5,89,-0.030204
40,90,-0.030226
53,59,-0.030230
66,88,-0.030337
36,38,-0.030381
14,87,-0.030408
18,42,-0.030421
6,92,-0.030508
27,70,-0.030514
40,48,-0.030517
26,85,-0.030545
6,56,-0.030569
30,97,-0.030571
9,98,-0.030635
57,82,-0.030641
15,22,-0.030714
25,82,-0.030729
66,100,-0.030803
62,80,-0.030820
57,75,-0.030832
21,27,-0.030855
23,84,-0.030878
35,72,-0.030890
18,51,-0.030961
6,44,-0.030968
34,52,-0.031010
37,74,-0.031068
56,100,-0.031073
6,67,-0.031080
72,91,-0.031111
55,87,-0.031156
28,71,-0.031184
32,43,-0.031204
31,51,-0.031208
13,75,-0.031209
7,97,-0.031226
61,80,-0.031252
3,39,-0.031316
14,59,-0.031322
41,49,-0.031360
10,65,-0.031388
48,60,-0.031423
32,88,-0.031435
17,98,-0.031439
8,49,-0.031447
34,76,-0.031485
64,87,-0.031597
35,41,-0.031602
55,94,-0.031615
31,94,-0.031668
81,94,-0.031749
31,57,-0.031800
19,79,-0.031806
29,35,-0.031810
18,64,-0.031887
60,69,-0.031936
68,85,-0.031943
56,68,-0.031947
20,68,-0.032012
26,78,-0.032026
45,98,-0.032048
62,94,-0.032084
6,31,-0.032097
62,78,-0.032117
15,94,-0.032120
42,66,-0.032123
12,83,-0.032190
62,86,-0.032213
32,81,-0.032220
51,64,-0.032223
27,36,-0.032301
53,67,-0.032315
27,69,-0.032432
27,53,-0.032440
79,93,-0.032474
68,95,-0.032521
30,91,-0.032567
33,88,-0.032627
54,60,-0.032659
7,89,-0.032664
5,87,-0.032715
56,62,-0.032726
65,91,-0.032759
19,26,-0.032778
57,93,-0.032858
33,56,-0.032913
41,55,-0.032915
31,70,-0.032928
8,27,-0.032936
24,100,-0.032951
21,78,-0.032955
56,75,-0.032958
62,100,-0.032974
37,84,-0.032983
16,31,-0.032984
47,88,-0.033041
52,96,-0.033070
60,76,-0.033070
54,67,-0.033092
34,69,-0.033168
48,84,-0.033187
28,30,-0.033189
15,30,-0.033197
43,93,-0.033207
10,94,-0.033222
27,92,-0.033225
11,76,-0.033248
28,46,-0.033281
21,44,-0.033302
53,68,-0.033302
21,73,-0.033361
14,86,-0.033384
70,81,-0.033397
24,59,-0.033421
21,34,-0.033425
30,42,-0.033452
52,94,-0.033468
10,27,-0.033471
20,62,-0.033496
55,84,-0.033531
11,25,-0.033542
48,74,-0.033553
12,51,-0.033619
43,80,-0.033638
65,73,-0.033642
11,42,-0.033651
18,72,-0.033665
48,83,-0.033774
37,76,-0.033877
24,79,-0.033932
54,70,-0.033971
54,63,-0.033983
57,96,-0.033990
81,92,-0.034001
38,88,-0.034019
56,96,-0.034028
32,82,-0.034030
13,85,-0.034049
7,95,-0.034089
57,92,-0.034108
9,80,-0.034115
19,86,-0.034135
31,65,-0.034156
21,86,-0.034176
34,79,-0.034191
83,93,-0.034215
61,70,-0.034240
25,72,-0.034270
18,28,-0.034308
6,55,-0.034312
62,68,-0.034356
28,60,-0.034394
19,50,-0.034420
11,70,-0.034423
38,68,-0.034486
48,71,-0.034529
38,64,-0.034571
44,58,-0.034575
10,47,-0.034577
55,61,-0.034600
10,45,-0.034633
39,79,-0.034646
30,67,-0.034650
54,84,-0.034656
11,87,-0.034681
27,43,-0.034692
59,78,-0.034699
69,86,-0.034705
12,93,-0.034708
25,39,-0.034730
12,39,-0.034735
58,88,-0.034736
55,89,-0.034738
11,46,-0.034808
45,77,-0.034815
22,86,-0.034828
47,74,-0.034855
62,79,-0.034882
20,90,-0.034903
14,91,-0.034921
27,57,-0.034951
15,28,-0.034986
17,55,-0.035003
69,98,-0.035008
59,89,-0.035033
28,91,-0.035073
16,27,-0.035090
47,89,-0.035098
10,81,-0.035157
13,46,-0.035171
31,85,-0.035176
34,91,-0.035253
10,56,-0.035264
53,82,-0.035286
15,91,-0.035290
41,73,-0.035300
68,97,-0.035365
12,28,-0.035411
59,86,-0.035437
58,63,-0.035460
36,42,-0.035503
9,94,-0.035523
52,59,-0.035543
60,94,-0.035593
56,92,-0.035624
21,97,-0.035671
10,93,-0.035722
67,88,-0.035743
24,70,-0.035763
45,47,-0.035799
20,76,-0.035832
51,61,-0.035842
46,73,-0.035966
24,69,-0.035987
20,55,-0.035988
34,53,-0.035998
63,89,-0.036058
9,91,-0.036068
22,50,-0.036079
15,29,-0.036102
56,84,-0.036116
8,76,-0.036121
48,66,-0.036127
21,59,-0.036154
74,92,-0.036156
58,79,-0.036159
36,63,-0.036185
41,92,-0.036288
43,63,-0.036353
15,72,-0.036425
61,68,-0.036447
16,84,-0.036454
62,82,-0.036457
17,71,-0.036493
52,91,-0.036502
55,83,-0.036505
16,76,-0.036516
48,93,-0.036572
27,76,-0.036580
55,90,-0.036613
11,64,-0.036657
48,90,-0.036670
36,56,-0.036844
8,74,-0.036856
56,94,-0.036860
26,70,-0.036930
5,86,-0.036978
17,90,-0.036981
74,83,-0.036986
69,77,-0.036987
16,86,-0.037002
20,93,-0.037019
61,96,-0.037035
15,45,-0.037043
11,29,-0.037046
15,56,-0.037069
62,81,-0.037151
30,95,-0.037187
17,42,-0.037309
13,86,-0.037310
25,84,-0.037330
35,93,-0.037426
19,67,-0.037449
17,93,-0.037450
14,73,-0.037452
20,74,-0.037500
15,98,-0.037572
15,78,-0.037650
63,76,-0.037692
32,84,-0.037746
6,72,-0.037806
33,58,-0.037932
83,97,-0.037961
31,87,-0.037962
11,80,-0.037985
43,74,-0.037990
60,84,-0.038001
9,82,-0.038025
14,89,-0.038031
47,80,-0.038064
47,81,-0.038093
34,85,-0.038105
66,92,-0.038119
64,79,-0.038167
22,62,-0.038196
23,42,-0.038229
62,88,-0.038305
28,63,-0.038335
10,97,-0.038354
17,92,-0.038408
29,94,-0.038445
23,55,-0.038503
33,57,-0.038612
26,81,-0.038655
22,79,-0.038750
65,93,-0.038760
31,69,-0.038764
21,87,-0.038795
50,65,-0.038820
8,34,-0.038837
13,40,-0.038870
41,64,-0.038897
7,64,-0.038913
32,67,-0.038914
35,81,-0.038939
16,69,-0.038964
16,51,-0.038970
9,27,-0.039010
58,86,-0.039047
59,69,-0.039060
31,71,-0.039156
45,63,-0.039182
16,93,-0.039191
23,43,-0.039232
7,94,-0.039275
19,49,-0.039335
82,88,-0.039346
57,66,-0.039368
14,20,-0.039384
34,48,-0.039390
32,61,-0.039439
41,43,-0.039439
23,44,-0.039589
14,98,-0.039632
9,29,-0.039658
62,97,-0.039679
19,51,-0.039701
60,95,-0.039760
14,19,-0.039809
70,80,-0.039878
29,41,-0.039890
33,78,-0.039890
41,81,-0.039950
32,77,-0.040008
79,97,-0.040010
55,97,-0.040014
58,60,-0.040045
12,80,-0.040154
41,96,-0.040210
15,83,-0.040215
30,47,-0.040221
16,38,-0.040223
20,73,-0.040230
28,70,-0.040297
28,68,-0.040379
35,47,-0.040394
47,97,-0.040400
27,83,-0.040425
40,54,-0.040446
28,93,-0.040532
63,71,-0.040577
31,81,-0.040640
24,53,-0.040761
44,85,-0.040797
50,81,-0.040800
57,73,-0.040940
37,54,-0.040962
7,31,-0.040965
11,49,-0.040971
33,90,-0.040978
28,86,-0.041008
17,96,-0.041116
55,85,-0.041128
12,65,-0.041233
37,97,-0.041250
27,94,-0.041267
17,72,-0.041317
43,78,-0.041323
26,66,-0.041329
30,83,-0.041342
12,23,-0.041383
30,64,-0.041420
67,84,-0.041484
13,77,-0.041510
40,81,-0.041532
19,66,-0.041571
26,46,-0.041626
49,73,-0.041699
12,95,-0.041761
33,54,-0.041765
34,51,-0.041777
18,81,-0.041786
6,86,-0.041810
65,88,-0.041828
13,32,-0.041885
59,74,-0.041890
60,91,-0.041936
58,71,-0.042154
58,81,-0.042251
58,74,-0.042262
20,49,-0.042270
37,55,-0.042271
44,84,-0.042279
48,91,-0.042295
59,92,-0.042397
37,86,-0.042444
46,64,-0.042490
11,67,-0.042506
71,89,-0.042661
41,93,-0.042744
31,91,-0.042824
9,72,-0.042836
15,89,-0.042964
21,52,-0.042964
31,40,-0.043061
15,60,-0.043092
63,66,-0.043179
9,45,-0.043228
11,27,-0.043245
40,56,-0.043350
11,53,-0.043385
21,48,-0.043489
66,84,-0.043508
19,56,-0.043531
57,71,-0.043552
55,69,-0.043618
19,37,-0.043665
45,78,-0.043691
18,67,-0.043734
13,83,-0.043763
54,77,-0.043862
36,81,-0.043976
40,83,-0.044046
14,94,-0.044079
41,74,-0.044089
16,29,-0.044126
19,85,-0.044140
32,49,-0.044159
27,87,-0.044176
18,54,-0.044249
61,90,-0.044267
31,84,-0.044289
36,46,-0.044302
38,60,-0.044374
30,74,-0.044387
54,95,-0.044450
10,44,-0.044505
20,94,-0.044519
24,90,-0.044562
54,85,-0.044707
20,39,-0.044770
8,94,-0.044784
33,51,-0.044839
57,85,-0.044878
72,84,-0.044913
73,86,-0.044916
54,86,-0.045017
16,25,-0.045068
34,43,-0.045082
29,72,-0.045083
66,86,-0.045088
26,41,-0.045095
28,66,-0.045112
43,88,-0.045138
74,82,-0.045166
8,97,-0.045210
13,94,-0.045243
13,65,-0.045302
20,80,-0.045327
12,91,-0.045341
15,81,-0.045371
68,89,-0.045454
18,90,-0.045602
45,73,-0.045654
16,96,-0.045684
12,58,-0.045688
9,31,-0.045694
39,77,-0.045695
37,57,-0.045699
13,89,-0.045803
11,51,-0.045974
53,79,-0.045996
47,77,-0.046122
13,93,-0.046123
41,75,-0.046189
64,91,-0.046190
57,88,-0.046200
12,32,-0.046235
11,97,-0.046236
53,86,-0.046250
66,90,-0.046250
37,56,-0.046338
8,95,-0.046347
11,48,-0.046376
12,94,-0.046393
30,87,-0.046394
45,80,-0.046429
35,82,-0.046464
60,87,-0.046480
14,92,-0.046519
49,92,-0.046548
57,77,-0.046558
15,96,-0.046611
61,81,-0.046637
14,96,-0.046639
66,89,-0.046658
9,89,-0.046659
41,57,-0.046814
20,36,-0.046862
49,81,-0.046872
59,70,-0.046887
63,68,-0.046937
19,84,-0.047062
70,86,-0.047115
50,90,-0.047126
41,58,-0.047168
18,80,-0.047263
59,95,-0.047275
43,77,-0.047287
7,92,-0.047398
50,72,-0.047415
47,64,-0.047420
25,95,-0.047473
84,93,-0.047566
57,87,-0.047595
29,74,-0.047631
54,73,-0.047751
35,54,-0.047852
27,79,-0.047867
8,57,-0.047880
28,44,-0.047884
27,93,-0.047886
83,88,-0.047924
63,83,-0.048018
10,95,-0.048044
21,47,-0.048052
22,63,-0.048053
9,59,-0.048072
15,34,-0.048072
27,29,-0.048082
15,68,-0.048157
8,41,-0.048208
18,38,-0.048213
27,32,-0.048230
34,67,-0.048277
24,82,-0.048387
12,49,-0.048389
53,97,-0.048464
56,79,-0.048492
73,78,-0.048624
12,27,-0.048632
23,35,-0.048664
51,56,-0.048868
38,73,-0.048975
25,58,-0.048986
19,33,-0.049165
19,58,-0.049220
14,63,-0.049308
28,43,-0.049310
33,68,-0.049361
62,90,-0.049609
34,39,-0.049613
22,27,-0.049717
32,91,-0.049899
13,31,-0.049975
47,69,-0.050047
24,94,-0.050052
32,73,-0.050083
36,80,-0.050111
38,59,-0.050148
11,59,-0.050153
34,45,-0.050159
34,86,-0.050180
19,70,-0.050238
8,55,-0.050269
7,96,-0.050437
19,76,-0.050440
27,68,-0.050447
13,90,-0.050458
65,78,-0.050546
21,63,-0.050679
35,65,-0.050724
25,30,-0.050828
42,60,-0.050837
19,46,-0.050846
42,75,-0.050865
28,82,-0.050975
10,63,-0.051002
65,69,-0.051005
18,87,-0.051038
12,89,-0.051084
59,90,-0.051098
23,91,-0.051139
12,67,-0.051158
39,90,-0.051183
10,55,-0.051211
31,67,-0.051264
31,60,-0.051325
14,72,-0.051449
40,59,-0.051581
31,58,-0.051582
16,92,-0.051646
77,91,-0.051652
43,72,-0.051730
29,69,-0.051732
41,97,-0.051778
25,35,-0.051869
17,56,-0.052196
54,88,-0.052247
58,78,-0.052415
18,60,-0.052463
34,42,-0.052716
27,96,-0.052842
10,36,-0.052934
25,44,-0.053057
11,36,-0.053089
26,55,-0.053155
33,55,-0.053203
34,54,-0.053279
21,35,-0.053440
48,86,-0.053485
36,86,-0.053509
45,92,-0.053573
21,56,-0.053587
11,58,-0.053683
26,91,-0.053819
42,73,-0.053861
30,66,-0.053863
26,38,-0.053874
22,72,-0.053918
49,83,-0.053964
27,33,-0.053986
23,73,-0.054001
52,74,-0.054133
72,88,-0.054266
36,39,-0.054289
32,75,-0.054301
48,89,-0.054422
15,63,-0.054475
13,72,-0.054509
9,97,-0.054522
26,54,-0.054595
10,96,-0.054699
32,45,-0.054702
11,89,-0.054828
10,34,-0.054903
15,26,-0.054912
42,57,-0.055009
50,89,-0.055272
43,86,-0.055311
50,88,-0.055453
19,82,-0.055481
25,71,-0.055493
11,66,-0.055504
18,56,-0.055514
30,62,-0.055546
61,85,-0.055556
12,46,-0.055633
28,84,-0.055710
14,55,-0.055717
26,96,-0.055724
23,83,-0.055934
12,45,-0.055999
23,28,-0.056003
37,89,-0.056064
36,43,-0.056082
28,77,-0.056144
27,47,-0.056173
24,30,-0.056189
24,44,-0.056315
25,90,-0.056355
23,48,-0.056479
52,68,-0.056484
54,93,-0.056697
13,97,-0.056771
13,29,-0.057085
18,88,-0.057183
22,77,-0.057227
51,81,-0.057269
23,51,-0.057435
27,65,-0.057463
65,83,-0.057562
31,93,-0.057563
46,81,-0.057704
13,57,-0.057920
37,44,-0.057958
46,55,-0.058019
21,84,-0.058066
47,86,-0.058121
35,57,-0.058183
10,31,-0.058291
25,31,-0.058333
47,92,-0.058415
33,72,-0.058448
63,70,-0.058531
65,80,-0.058628
28,81,-0.058660
36,83,-0.058697
72,85,-0.058715
33,81,-0.058933
36,70,-0.058994
30,43,-0.059064
59,84,-0.059086
41,86,-0.059274
17,34,-0.059737
12,97,-0.059752
22,44,-0.060200
23,64,-0.060253
23,36,-0.060284
23,71,-0.060310
13,79,-0.060310
19,48,-0.060370
26,80,-0.060568
27,75,-0.060598
60,80,-0.060725
19,47,-0.060954
31,75,-0.061074
19,35,-0.061172
11,52,-0.061234
17,77,-0.061264
26,93,-0.061286
45,93,-0.061295
34,50,-0.061372
53,90,-0.061404
16,82,-0.061456
44,60,-0.061609
56,71,-0.061623
57,69,-0.061645
13,96,-0.061698
24,81,-0.061871
31,64,-0.062038
35,55,-0.062191
61,77,-0.062581
64,84,-0.062616
38,89,-0.062662
63,79,-0.062748
30,45,-0.062878
29,64,-0.062889
71,93,-0.062910
45,59,-0.062912
17,63,-0.062999
9,95,-0.063151
30,52,-0.063153
22,55,-0.063285
41,48,-0.063565
24,91,-0.063575
20,87,-0.063663
42,86,-0.063773
11,95,-0.063956
24,84,-0.063975
32,89,-0.064426
40,55,-0.064561
50,63,-0.064600
27,91,-0.064747
58,87,-0.064760
53,63,-0.064804
63,84,-0.064814
21,89,-0.064845
41,46,-0.065072
28,75,-0.065156
34,71,-0.065211
9,63,-0.065465
15,41,-0.065471
34,68,-0.065517
49,84,-0.065595
64,83,-0.065953
82,86,-0.065959
63,92,-0.065982
9,96,-0.066150
76,90,-0.066193
63,88,-0.066282
49,89,-0.066492
42,63,-0.066524
12,86,-0.066848
10,60,-0.066855
32,44,-0.066897
52,81,-0.067027
44,69,-0.067234
13,95,-0.067273
35,56,-0.067458
11,30,-0.067612
33,93,-0.067729
14,34,-0.067857
65,74,-0.067974
26,68,-0.068097
11,96,-0.068113
50,86,-0.068668
36,48,-0.068675
34,61,-0.069241
52,63,-0.069319
51,72,-0.069707
56,82,-0.070089
24,57,-0.070210
27,84,-0.070246
50,60,-0.070436
52,90,-0.070837
30,61,-0.070896
65,86,-0.070898
30,38,-0.071082
26,60,-0.071437
55,76,-0.071598
37,88,-0.071758
27,54,-0.071804
34,58,-0.072706
8,96,-0.073001
41,72,-0.073217
49,63,-0.073493
23,40,-0.073713
10,59,-0.073808
38,90,-0.073848
40,86,-0.074081
31,83,-0.074529
57,86,-0.074553
19,72,-0.074812
30,92,-0.074877
23,93,-0.075254
16,58,-0.075555
14,80,-0.075656
31,54,-0.076656
15,88,-0.076930
53,60,-0.077306
21,31,-0.077863
31,43,-0.078531
18,34,-0.078985
13,87,-0.079086
36,77,-0.079217
48,73,-0.079271
30,37,-0.079326
37,77,-0.079631
31,72,-0.079757
36,78,-0.080458
19,45,-0.080660
12,88,-0.080944
19,87,-0.080995
41,89,-0.081089
40,77,-0.081474
45,57,-0.081586
20,38,-0.082352
61,86,-0.083444
27,37,-0.083544
31,82,-0.085674
24,36,-0.085864
67,89,-0.086331
51,63,-0.086380
31,61,-0.086865
14,56,-0.088124
63,78,-0.088907
31,38,-0.089524
41,66,-0.089557
27,78,-0.089570
49,86,-0.090747
15,77,-0.091513
16,40,-0.091544
28,36,-0.092463
44,81,-0.094063
42,84,-0.094875
30,40,-0.095312
31,78,-0.095450
