82 85 1.661166e+00
6 7 1.452908e+00
68 71 1.336464e+00
8 10 1.251706e+00
66 72 1.180078e+00
32 34 1.175556e+00
11 22 1.133397e+00
4 5 1.064521e+00
71 75 1.056056e+00
62 72 1.003260e+00
32 64 9.878997e-01
12 13 9.793736e-01
43 44 9.661538e-01
22 39 9.580668e-01
87 88 9.485631e-01
39 79 9.421247e-01
44 45 9.372715e-01
55 56 9.234334e-01
73 77 9.078623e-01
8 9 8.859224e-01
7 8 8.802100e-01
89 90 8.757833e-01
9 10 8.224792e-01
9 11 8.147045e-01
13 15 8.093431e-01
31 71 8.057419e-01
65 66 8.048895e-01
24 39 7.807570e-01
39 80 7.629309e-01
4 6 7.628607e-01
95 96 7.586754e-01
31 74 7.414890e-01
50 62 7.407828e-01
47 49 7.361910e-01
65 67 7.341421e-01
59 76 7.291051e-01
92 93 7.261782e-01
64 68 7.228192e-01
55 57 7.221629e-01
38 40 7.193346e-01
57 59 7.137473e-01
52 60 7.108113e-01
77 81 7.096856e-01
27 35 6.863451e-01
54 60 6.852935e-01
94 95 6.795393e-01
59 61 6.710623e-01
86 89 6.672083e-01
47 50 6.653846e-01
25 27 6.585009e-01
94 96 6.578730e-01
42 47 6.530613e-01
7 9 6.427554e-01
74 75 6.345242e-01
8 11 6.341165e-01
88 90 6.309987e-01
84 85 6.304894e-01
49 62 6.289649e-01
64 65 6.285307e-01
8 12 6.273875e-01
36 64 6.190559e-01
69 70 6.169348e-01
56 59 6.131975e-01
56 57 6.130995e-01
66 68 6.122157e-01
40 42 6.112406e-01
20 23 6.042588e-01
35 65 6.033160e-01
88 89 6.032804e-01
50 72 6.022798e-01
34 64 6.022415e-01
16 18 6.015849e-01
24 79 5.933538e-01
28 34 5.931510e-01
87 89 5.893815e-01
66 67 5.885513e-01
90 91 5.862544e-01
21 40 5.787762e-01
69 73 5.698404e-01
36 61 5.696580e-01
93 95 5.686840e-01
87 90 5.663091e-01
73 76 5.640837e-01
11 16 5.633562e-01
33 35 5.602615e-01
93 94 5.551594e-01
12 14 5.543120e-01
27 33 5.541222e-01
92 95 5.528374e-01
28 31 5.452697e-01
21 41 5.444772e-01
6 9 5.386631e-01
4 7 5.349240e-01
51 52 5.347540e-01
41 83 5.297594e-01
35 49 5.284349e-01
68 69 5.262870e-01
25 36 5.253994e-01
92 94 5.248174e-01
69 71 5.245231e-01
23 25 5.225645e-01
6 14 5.188133e-01
29 33 5.169010e-01
25 37 5.142897e-01
6 10 5.133194e-01
91 93 5.100448e-01
57 67 5.068551e-01
10 13 5.058039e-01
18 22 5.056945e-01
61 71 5.024324e-01
60 62 4.981316e-01
65 72 4.970016e-01
92 96 4.948251e-01
26 75 4.936327e-01
32 33 4.935002e-01
93 96 4.934584e-01
47 52 4.919329e-01
9 75 4.910322e-01
33 64 4.895827e-01
14 15 4.880625e-01
12 23 4.860857e-01
60 65 4.814016e-01
61 70 4.801453e-01
81 85 4.800819e-01
50 51 4.790165e-01
8 15 4.750696e-01
67 82 4.735894e-01
58 59 4.734889e-01
56 58 4.733767e-01
11 14 4.729497e-01
55 61 4.676072e-01
46 83 4.660779e-01
25 56 4.651445e-01
82 86 4.626209e-01
37 39 4.620633e-01
48 79 4.611484e-01
54 58 4.599282e-01
86 87 4.577593e-01
7 29 4.576665e-01
63 69 4.552464e-01
49 52 4.543518e-01
21 39 4.531682e-01
36 53 4.527285e-01
91 92 4.515945e-01
55 60 4.510910e-01
19 36 4.488132e-01
36 38 4.487441e-01
33 67 4.476200e-01
5 7 4.444104e-01
17 24 4.401855e-01
38 52 4.396401e-01
12 20 4.387305e-01
39 85 4.365212e-01
49 64 4.364182e-01
37 79 4.362985e-01
20 55 4.360852e-01
36 68 4.356075e-01
69 81 4.351637e-01
89 91 4.348000e-01
73 74 4.341607e-01
71 74 4.327205e-01
12 35 4.291374e-01
91 94 4.283422e-01
73 80 4.277527e-01
21 83 4.230122e-01
28 29 4.226842e-01
91 95 4.216365e-01
15 17 4.212066e-01
13 16 4.199290e-01
48 50 4.195665e-01
13 14 4.194560e-01
25 67 4.187765e-01
25 63 4.179337e-01
7 26 4.167245e-01
19 47 4.163914e-01
75 86 4.156743e-01
43 75 4.152535e-01
11 82 4.131790e-01
37 50 4.122499e-01
7 11 4.118980e-01
7 10 4.118737e-01
50 52 4.109985e-01
32 44 4.087590e-01
42 43 4.087340e-01
57 69 4.078971e-01
74 78 4.078370e-01
23 35 4.062715e-01
47 66 4.058246e-01
30 78 4.054423e-01
26 28 4.050096e-01
23 53 4.021920e-01
15 23 4.020030e-01
33 36 4.008157e-01
23 61 3.976382e-01
28 48 3.956391e-01
11 32 3.949544e-01
90 92 3.932596e-01
8 23 3.910666e-01
12 15 3.910441e-01
24 83 3.906841e-01
13 35 3.892919e-01
25 35 3.890570e-01
21 50 3.888842e-01
51 79 3.868357e-01
64 66 3.841488e-01
17 18 3.798837e-01
10 33 3.781405e-01
22 48 3.774880e-01
19 38 3.765913e-01
25 33 3.758338e-01
5 12 3.756294e-01
5 8 3.736826e-01
79 80 3.735617e-01
4 9 3.735010e-01
74 84 3.733176e-01
20 31 3.732472e-01
72 76 3.727986e-01
80 86 3.710298e-01
91 96 3.675095e-01
14 23 3.657391e-01
48 51 3.654093e-01
64 72 3.645278e-01
67 72 3.642717e-01
62 83 3.617679e-01
62 63 3.603246e-01
41 46 3.600550e-01
90 96 3.597807e-01
35 47 3.593141e-01
22 36 3.579223e-01
21 48 3.567580e-01
55 59 3.566775e-01
38 43 3.526799e-01
2 3 3.522162e-01
42 50 3.513744e-01
35 58 3.511780e-01
7 31 3.497427e-01
40 47 3.482260e-01
6 11 3.463596e-01
24 37 3.448001e-01
19 20 3.440429e-01
63 66 3.429309e-01
53 55 3.425523e-01
52 76 3.407083e-01
42 49 3.399819e-01
90 94 3.386885e-01
90 95 3.376355e-01
22 40 3.375610e-01
77 78 3.367959e-01
13 26 3.364842e-01
75 77 3.359802e-01
5 11 3.355743e-01
35 62 3.349246e-01
77 84 3.340906e-01
69 75 3.334207e-01
33 47 3.321489e-01
71 86 3.314623e-01
21 30 3.302153e-01
10 75 3.294092e-01
27 29 3.274061e-01
54 84 3.271608e-01
73 89 3.258946e-01
23 46 3.254047e-01
35 38 3.244461e-01
26 37 3.238471e-01
75 85 3.207114e-01
23 71 3.203362e-01
38 55 3.179240e-01
28 32 3.169133e-01
14 25 3.168511e-01
13 53 3.167705e-01
35 51 3.165622e-01
44 76 3.160137e-01
38 47 3.137600e-01
21 25 3.135744e-01
58 77 3.129377e-01
22 24 3.109507e-01
55 76 3.102732e-01
40 49 3.086353e-01
98 99 3.083214e-01
10 11 3.078208e-01
70 74 3.071168e-01
8 17 3.069662e-01
76 77 3.067176e-01
17 79 3.060407e-01
14 29 3.053076e-01
20 25 3.042946e-01
80 84 3.036143e-01
40 72 3.019866e-01
8 16 3.001148e-01
88 91 2.997684e-01
3 4 2.991595e-01
63 65 2.990756e-01
97 99 2.986611e-01
20 36 2.942563e-01
78 86 2.940241e-01
9 16 2.932266e-01
27 30 2.931610e-01
6 28 2.924800e-01
55 71 2.919309e-01
81 82 2.912944e-01
47 72 2.910817e-01
10 83 2.908775e-01
32 66 2.906014e-01
48 83 2.903635e-01
50 60 2.902175e-01
45 78 2.901241e-01
8 14 2.901104e-01
38 60 2.894269e-01
56 68 2.879701e-01
61 83 2.876668e-01
27 54 2.875055e-01
87 91 2.874136e-01
68 76 2.870651e-01
37 48 2.868963e-01
10 12 2.866724e-01
47 63 2.863601e-01
90 93 2.856704e-01
7 40 2.851509e-01
29 53 2.849029e-01
32 79 2.838962e-01
20 48 2.838746e-01
49 66 2.835823e-01
51 53 2.820092e-01
8 13 2.818725e-01
40 45 2.818272e-01
5 81 2.817319e-01
15 73 2.816811e-01
35 67 2.816676e-01
7 27 2.815198e-01
5 9 2.811815e-01
26 64 2.805090e-01
33 34 2.798239e-01
66 71 2.797497e-01
21 56 2.790208e-01
85 88 2.787957e-01
49 72 2.786432e-01
52 62 2.786406e-01
41 73 2.784549e-01
54 55 2.783798e-01
19 71 2.774733e-01
28 75 2.773490e-01
86 88 2.771389e-01
31 34 2.768355e-01
12 49 2.756583e-01
9 27 2.745318e-01
7 28 2.742276e-01
10 28 2.742086e-01
84 88 2.740911e-01
74 85 2.737402e-01
16 17 2.737326e-01
38 49 2.726314e-01
14 16 2.724622e-01
73 75 2.719950e-01
55 58 2.708261e-01
13 20 2.696812e-01
21 24 2.696688e-01
77 80 2.695711e-01
13 18 2.694005e-01
30 33 2.686472e-01
46 51 2.677621e-01
37 49 2.667078e-01
66 75 2.664816e-01
34 50 2.661393e-01
9 78 2.645559e-01
58 82 2.643171e-01
74 77 2.640676e-01
9 15 2.635704e-01
23 27 2.629016e-01
3 5 2.627216e-01
66 79 2.624429e-01
30 36 2.621940e-01
53 68 2.620539e-01
43 89 2.618215e-01
14 60 2.613705e-01
48 61 2.607374e-01
42 45 2.605625e-01
11 30 2.604761e-01
4 12 2.603481e-01
61 64 2.603126e-01
13 24 2.598882e-01
46 81 2.595123e-01
11 15 2.593908e-01
97 98 2.590785e-01
39 71 2.590712e-01
9 25 2.588924e-01
74 86 2.588213e-01
35 54 2.587292e-01
59 82 2.578063e-01
28 44 2.577797e-01
37 66 2.568415e-01
53 54 2.537394e-01
26 70 2.530364e-01
95 97 2.524363e-01
41 69 2.513569e-01
39 50 2.513295e-01
37 47 2.512486e-01
2 4 2.511858e-01
18 24 2.505519e-01
5 10 2.503113e-01
60 63 2.499324e-01
74 81 2.497069e-01
11 39 2.496683e-01
16 19 2.494920e-01
14 84 2.493768e-01
12 24 2.488303e-01
15 16 2.488046e-01
14 58 2.482087e-01
31 81 2.481150e-01
12 16 2.480279e-01
96 97 2.480035e-01
62 66 2.479730e-01
88 96 2.477139e-01
78 79 2.476444e-01
94 98 2.475763e-01
28 82 2.472291e-01
35 63 2.470318e-01
19 29 2.469840e-01
84 90 2.460759e-01
52 54 2.454703e-01
7 15 2.449953e-01
45 65 2.449811e-01
26 80 2.449521e-01
67 76 2.442823e-01
65 69 2.442328e-01
5 17 2.434473e-01
22 25 2.423343e-01
85 86 2.413327e-01
78 81 2.408823e-01
17 85 2.403584e-01
35 37 2.402989e-01
18 71 2.397054e-01
5 43 2.396496e-01
32 42 2.391174e-01
24 36 2.378885e-01
4 17 2.378530e-01
20 35 2.377887e-01
11 18 2.372773e-01
20 54 2.369889e-01
11 42 2.364443e-01
15 22 2.363917e-01
85 87 2.361992e-01
99 100 2.359292e-01
33 50 2.356228e-01
59 77 2.349538e-01
88 94 2.348252e-01
15 19 2.347869e-01
73 86 2.347841e-01
62 65 2.345559e-01
10 14 2.342625e-01
20 28 2.337578e-01
92 99 2.327391e-01
8 27 2.324722e-01
8 74 2.324365e-01
69 74 2.323728e-01
35 75 2.318935e-01
12 17 2.318446e-01
40 50 2.316378e-01
26 46 2.315437e-01
22 51 2.315292e-01
26 62 2.311279e-01
36 56 2.303746e-01
97 100 2.295327e-01
10 54 2.290206e-01
89 92 2.288565e-01
79 82 2.286788e-01
6 8 2.283578e-01
17 22 2.283394e-01
36 37 2.278018e-01
10 62 2.277696e-01
7 18 2.274793e-01
27 86 2.269863e-01
10 32 2.263851e-01
95 99 2.259824e-01
7 12 2.254508e-01
89 96 2.250483e-01
25 39 2.246522e-01
50 79 2.241611e-01
48 49 2.239813e-01
79 87 2.239076e-01
38 50 2.237325e-01
46 47 2.237304e-01
24 76 2.235411e-01
42 44 2.234328e-01
5 34 2.229113e-01
96 99 2.225816e-01
28 65 2.224858e-01
43 53 2.218013e-01
65 71 2.203334e-01
12 25 2.197974e-01
39 48 2.194560e-01
18 84 2.182629e-01
24 29 2.181603e-01
63 79 2.179539e-01
88 93 2.178505e-01
39 53 2.176684e-01
43 46 2.174383e-01
10 63 2.170029e-01
57 85 2.169153e-01
11 44 2.168114e-01
2 5 2.166484e-01
29 84 2.164784e-01
94 97 2.161776e-01
12 36 2.161255e-01
28 56 2.157754e-01
44 81 2.154916e-01
21 22 2.148577e-01
93 97 2.146268e-01
30 38 2.136894e-01
19 40 2.128549e-01
19 37 2.124517e-01
31 83 2.119057e-01
12 84 2.110938e-01
60 66 2.110288e-01
33 76 2.108443e-01
14 17 2.105053e-01
12 19 2.104613e-01
6 85 2.099098e-01
58 64 2.096350e-01
6 43 2.090605e-01
45 79 2.090553e-01
92 98 2.089500e-01
88 95 2.087134e-01
54 56 2.086237e-01
56 89 2.081805e-01
55 86 2.081305e-01
56 73 2.076265e-01
16 44 2.071720e-01
35 64 2.071507e-01
21 34 2.069920e-01
69 84 2.069587e-01
57 82 2.060704e-01
77 86 2.055717e-01
95 100 2.055147e-01
13 36 2.055090e-01
31 70 2.053763e-01
57 58 2.046377e-01
8 65 2.046130e-01
30 34 2.038239e-01
96 100 2.032786e-01
73 90 2.032631e-01
6 53 2.029171e-01
88 92 2.026040e-01
76 90 2.025235e-01
47 65 2.023653e-01
69 77 2.019203e-01
63 73 2.016739e-01
6 12 2.013559e-01
39 66 2.009263e-01
22 27 2.006452e-01
44 77 2.005348e-01
93 99 2.003564e-01
29 38 2.003382e-01
26 50 1.997888e-01
29 62 1.996367e-01
25 52 1.991151e-01
56 61 1.990161e-01
5 16 1.988194e-01
23 37 1.985505e-01
98 100 1.984615e-01
21 59 1.977024e-01
8 20 1.976787e-01
19 21 1.974823e-01
93 100 1.973429e-01
68 70 1.970388e-01
14 26 1.970199e-01
50 65 1.968994e-01
73 81 1.968726e-01
8 22 1.964231e-01
8 25 1.963528e-01
40 68 1.952010e-01
37 63 1.950977e-01
91 97 1.945916e-01
57 62 1.941230e-01
64 76 1.936934e-01
7 16 1.931044e-01
9 33 1.931013e-01
9 80 1.928598e-01
23 76 1.926505e-01
30 31 1.923426e-01
50 61 1.919960e-01
51 63 1.918407e-01
62 64 1.915316e-01
17 74 1.913218e-01
18 19 1.911894e-01
94 99 1.911354e-01
4 83 1.911129e-01
27 61 1.909201e-01
33 66 1.909177e-01
49 51 1.905756e-01
13 86 1.905334e-01
6 16 1.901713e-01
33 51 1.894026e-01
78 89 1.892433e-01
55 73 1.891851e-01
42 53 1.887845e-01
14 57 1.887484e-01
42 46 1.886876e-01
75 76 1.885862e-01
67 69 1.883444e-01
11 24 1.878610e-01
6 60 1.872948e-01
95 98 1.871207e-01
52 53 1.868619e-01
11 13 1.861523e-01
65 76 1.860040e-01
96 98 1.858694e-01
19 79 1.857704e-01
92 100 1.855547e-01
55 81 1.854288e-01
43 86 1.852716e-01
3 11 1.852401e-01
20 77 1.850849e-01
50 66 1.849716e-01
4 45 1.847535e-01
45 55 1.837276e-01
75 79 1.833916e-01
57 87 1.833237e-01
36 47 1.832189e-01
44 48 1.831059e-01
41 90 1.829787e-01
48 75 1.828284e-01
14 59 1.827665e-01
19 42 1.822715e-01
15 87 1.816866e-01
70 81 1.813722e-01
2 7 1.812553e-01
16 52 1.812062e-01
92 97 1.810471e-01
31 59 1.810417e-01
5 31 1.809288e-01
24 26 1.799192e-01
33 62 1.795133e-01
52 79 1.791943e-01
31 32 1.783903e-01
35 72 1.780491e-01
52 90 1.778852e-01
85 90 1.778174e-01
5 13 1.778101e-01
19 49 1.775940e-01
56 88 1.775619e-01
81 88 1.774137e-01
21 37 1.773807e-01
70 73 1.770851e-01
33 89 1.770279e-01
15 57 1.768035e-01
29 80 1.767549e-01
89 95 1.765531e-01
45 91 1.761934e-01
78 82 1.760588e-01
35 66 1.757942e-01
37 72 1.757139e-01
20 76 1.750694e-01
78 85 1.749096e-01
34 43 1.744998e-01
4 72 1.744614e-01
86 90 1.740693e-01
6 13 1.738262e-01
18 34 1.737523e-01
30 70 1.729199e-01
56 81 1.728886e-01
57 74 1.722698e-01
48 68 1.722442e-01
29 40 1.721363e-01
45 76 1.720896e-01
34 84 1.718569e-01
5 6 1.715987e-01
68 78 1.715747e-01
18 58 1.710581e-01
17 26 1.709132e-01
31 78 1.703772e-01
42 58 1.703442e-01
38 64 1.701058e-01
18 38 1.699638e-01
78 84 1.697442e-01
24 51 1.695800e-01
91 99 1.693644e-01
26 49 1.693100e-01
77 89 1.692495e-01
44 56 1.688971e-01
94 100 1.687996e-01
67 80 1.687349e-01
10 17 1.687133e-01
89 93 1.687042e-01
84 89 1.686541e-01
30 74 1.683207e-01
87 92 1.674577e-01
39 83 1.674275e-01
20 22 1.666238e-01
16 81 1.665517e-01
3 7 1.665296e-01
40 65 1.664596e-01
63 91 1.662842e-01
37 51 1.662724e-01
10 78 1.660259e-01
11 81 1.658203e-01
12 27 1.655399e-01
13 84 1.650757e-01
18 48 1.650056e-01
44 59 1.646867e-01
57 80 1.646702e-01
68 77 1.645048e-01
19 46 1.639338e-01
10 27 1.638007e-01
37 67 1.635362e-01
16 88 1.632605e-01
5 22 1.631170e-01
69 89 1.628639e-01
22 87 1.628631e-01
93 98 1.625309e-01
23 41 1.619475e-01
18 52 1.614695e-01
70 85 1.612648e-01
20 61 1.606754e-01
42 66 1.605715e-01
24 50 1.604580e-01
64 86 1.603754e-01
52 66 1.602624e-01
36 52 1.593262e-01
60 61 1.591474e-01
20 51 1.590535e-01
55 85 1.590250e-01
10 18 1.587629e-01
4 37 1.584470e-01
32 62 1.577866e-01
10 68 1.577167e-01
24 30 1.576043e-01
35 61 1.575938e-01
73 78 1.570890e-01
67 68 1.568358e-01
82 84 1.557318e-01
47 75 1.553054e-01
51 93 1.551350e-01
85 92 1.550669e-01
11 85 1.550551e-01
39 51 1.548869e-01
40 64 1.548361e-01
32 71 1.547920e-01
69 88 1.546927e-01
39 41 1.544935e-01
4 40 1.536513e-01
70 91 1.532450e-01
43 59 1.528875e-01
41 60 1.527706e-01
60 67 1.526837e-01
25 76 1.526811e-01
47 62 1.526269e-01
14 31 1.526086e-01
91 100 1.525637e-01
52 67 1.524755e-01
14 22 1.522875e-01
8 46 1.520897e-01
56 78 1.520817e-01
64 74 1.515716e-01
17 31 1.514222e-01
38 53 1.511864e-01
57 89 1.510433e-01
33 68 1.506172e-01
6 75 1.505744e-01
22 74 1.504045e-01
19 88 1.501854e-01
57 86 1.498432e-01
29 46 1.497648e-01
41 49 1.496488e-01
53 62 1.496227e-01
61 73 1.489774e-01
89 94 1.486473e-01
41 43 1.485123e-01
39 77 1.482478e-01
8 18 1.480278e-01
28 38 1.476184e-01
72 95 1.475243e-01
53 63 1.473392e-01
33 42 1.472209e-01
70 88 1.470811e-01
42 72 1.470317e-01
4 75 1.469667e-01
5 86 1.468612e-01
14 48 1.467985e-01
44 46 1.464000e-01
27 42 1.463742e-01
14 78 1.463601e-01
51 92 1.461994e-01
45 72 1.461955e-01
16 23 1.461779e-01
28 81 1.461569e-01
18 20 1.460471e-01
38 46 1.459135e-01
39 86 1.457138e-01
54 88 1.456336e-01
42 65 1.452564e-01
12 67 1.450119e-01
63 86 1.442644e-01
12 26 1.440769e-01
21 33 1.439316e-01
12 18 1.438838e-01
46 49 1.437401e-01
28 33 1.435993e-01
46 73 1.434498e-01
36 44 1.429136e-01
36 71 1.427778e-01
35 50 1.427413e-01
9 62 1.422276e-01
26 40 1.422273e-01
59 73 1.417173e-01
67 85 1.415423e-01
29 42 1.412620e-01
7 14 1.411915e-01
5 83 1.409899e-01
51 62 1.408338e-01
23 39 1.407430e-01
23 54 1.406328e-01
12 28 1.405575e-01
15 86 1.405470e-01
42 48 1.403565e-01
58 94 1.403068e-01
8 48 1.402943e-01
15 55 1.402427e-01
44 86 1.402254e-01
5 14 1.399845e-01
34 67 1.399752e-01
32 68 1.397624e-01
64 69 1.392365e-01
84 87 1.392146e-01
32 51 1.388246e-01
77 91 1.388232e-01
61 69 1.385522e-01
58 76 1.383053e-01
91 98 1.382627e-01
43 76 1.381868e-01
83 100 1.380168e-01
4 29 1.379753e-01
79 100 1.378234e-01
73 88 1.377517e-01
14 30 1.372583e-01
18 81 1.372122e-01
67 71 1.367947e-01
31 68 1.365188e-01
29 68 1.365036e-01
6 22 1.363992e-01
55 63 1.361255e-01
9 39 1.354649e-01
22 53 1.353808e-01
64 67 1.347783e-01
24 46 1.344191e-01
13 87 1.344044e-01
34 79 1.344028e-01
16 78 1.343444e-01
9 14 1.342121e-01
57 78 1.338391e-01
80 90 1.335303e-01
38 58 1.332591e-01
45 88 1.330154e-01
30 81 1.329933e-01
62 70 1.328816e-01
30 54 1.328569e-01
41 44 1.328471e-01
15 27 1.325435e-01
36 60 1.325049e-01
29 65 1.322970e-01
31 64 1.322405e-01
41 42 1.319467e-01
57 70 1.318951e-01
40 76 1.316155e-01
81 90 1.314710e-01
20 50 1.306124e-01
9 12 1.304869e-01
57 81 1.302980e-01
7 62 1.301596e-01
25 40 1.296399e-01
44 49 1.294809e-01
21 89 1.294735e-01
30 83 1.294337e-01
28 78 1.291655e-01
18 45 1.290677e-01
37 62 1.287941e-01
41 55 1.285126e-01
24 59 1.284841e-01
54 63 1.283624e-01
59 84 1.280107e-01
20 27 1.276834e-01
85 95 1.274595e-01
90 97 1.274344e-01
14 54 1.273535e-01
69 78 1.270491e-01
4 27 1.270198e-01
5 18 1.270061e-01
3 14 1.269104e-01
15 85 1.269063e-01
32 45 1.267479e-01
78 97 1.266115e-01
70 90 1.264277e-01
22 41 1.264166e-01
7 20 1.262663e-01
36 43 1.262504e-01
70 87 1.259699e-01
2 63 1.258667e-01
83 97 1.255659e-01
58 68 1.252768e-01
35 76 1.251554e-01
5 30 1.245957e-01
83 99 1.245449e-01
41 52 1.244751e-01
76 86 1.240665e-01
57 75 1.234704e-01
49 63 1.234268e-01
20 34 1.230921e-01
10 15 1.228610e-01
32 50 1.226278e-01
58 95 1.224526e-01
7 61 1.224044e-01
40 41 1.222053e-01
5 74 1.219460e-01
75 88 1.218653e-01
49 53 1.217980e-01
30 40 1.216925e-01
45 92 1.216020e-01
23 38 1.215444e-01
18 83 1.211577e-01
21 29 1.210829e-01
45 81 1.210104e-01
17 21 1.206788e-01
4 70 1.205973e-01
61 62 1.205165e-01
52 58 1.198407e-01
70 86 1.198326e-01
84 86 1.197161e-01
39 62 1.196664e-01
56 80 1.195838e-01
45 47 1.193707e-01
25 92 1.193157e-01
33 48 1.190685e-01
50 83 1.187685e-01
67 77 1.187411e-01
41 76 1.186959e-01
27 65 1.186932e-01
40 84 1.183478e-01
87 94 1.181822e-01
23 87 1.177866e-01
80 88 1.177399e-01
89 100 1.175672e-01
48 80 1.175320e-01
58 92 1.172103e-01
48 56 1.171457e-01
9 53 1.170586e-01
44 55 1.169075e-01
8 55 1.168749e-01
55 88 1.163463e-01
15 43 1.161495e-01
60 85 1.157889e-01
69 90 1.157784e-01
14 53 1.157631e-01
7 38 1.154434e-01
20 24 1.154098e-01
79 99 1.154053e-01
29 57 1.150384e-01
4 30 1.149255e-01
29 88 1.144434e-01
55 91 1.141781e-01
46 84 1.140836e-01
34 46 1.137749e-01
12 48 1.137018e-01
67 75 1.136959e-01
57 91 1.133634e-01
44 47 1.133596e-01
16 47 1.133582e-01
58 89 1.131766e-01
90 99 1.131296e-01
4 26 1.130109e-01
18 69 1.129545e-01
90 100 1.125744e-01
45 93 1.118498e-01
32 49 1.117412e-01
5 46 1.117353e-01
76 88 1.116668e-01
73 87 1.113106e-01
44 78 1.109723e-01
2 14 1.108729e-01
21 62 1.108395e-01
36 39 1.108365e-01
85 93 1.107352e-01
57 96 1.106896e-01
12 62 1.104957e-01
9 74 1.103905e-01
41 59 1.099712e-01
13 17 1.099701e-01
24 27 1.099103e-01
59 72 1.095897e-01
11 26 1.094322e-01
41 57 1.085922e-01
35 60 1.085514e-01
44 87 1.085478e-01
44 91 1.083011e-01
43 58 1.082682e-01
79 97 1.081913e-01
82 94 1.081680e-01
49 60 1.078640e-01
45 61 1.078108e-01
73 91 1.077704e-01
65 93 1.077559e-01
40 67 1.076675e-01
52 89 1.076466e-01
46 72 1.075276e-01
57 63 1.073679e-01
37 53 1.073065e-01
45 94 1.072416e-01
16 46 1.070910e-01
7 53 1.069639e-01
15 82 1.069191e-01
30 32 1.068519e-01
3 9 1.067899e-01
41 78 1.067467e-01
72 75 1.066715e-01
45 50 1.063099e-01
19 31 1.062437e-01
81 84 1.061518e-01
88 99 1.058414e-01
71 79 1.056296e-01
42 55 1.054612e-01
40 53 1.048507e-01
13 83 1.045664e-01
38 72 1.045336e-01
53 70 1.045335e-01
54 62 1.043509e-01
43 69 1.041893e-01
53 93 1.040687e-01
33 79 1.040651e-01
70 97 1.038486e-01
17 51 1.034992e-01
30 39 1.034472e-01
44 90 1.031452e-01
32 47 1.030483e-01
65 79 1.024145e-01
14 37 1.023676e-01
86 91 1.021632e-01
24 32 1.020419e-01
42 61 1.018834e-01
13 23 1.018776e-01
10 43 1.018015e-01
53 71 1.017997e-01
48 87 1.017894e-01
55 89 1.014417e-01
12 61 1.013521e-01
3 6 1.007430e-01
85 94 1.007129e-01
21 43 1.006970e-01
3 17 1.006114e-01
45 56 1.005098e-01
2 90 1.004591e-01
49 50 1.003702e-01
19 63 1.003498e-01
8 28 1.002997e-01
32 52 1.002175e-01
50 63 1.001099e-01
38 65 1.000239e-01
29 35 9.994743e-02
45 62 9.987050e-02
18 89 9.958943e-02
13 57 9.957149e-02
13 73 9.926970e-02
80 100 9.890726e-02
29 51 9.859666e-02
61 77 9.836310e-02
13 29 9.836298e-02
26 33 9.833484e-02
4 52 9.824672e-02
59 96 9.810354e-02
45 89 9.799015e-02
19 28 9.793785e-02
16 41 9.759789e-02
38 66 9.737900e-02
74 82 9.720877e-02
15 20 9.707989e-02
47 76 9.704072e-02
64 83 9.692903e-02
15 70 9.686786e-02
6 15 9.631375e-02
35 45 9.628650e-02
58 96 9.623562e-02
41 53 9.613087e-02
2 10 9.605517e-02
81 89 9.603072e-02
89 99 9.579639e-02
29 78 9.562209e-02
13 46 9.560095e-02
84 98 9.557841e-02
17 43 9.553897e-02
64 70 9.552741e-02
78 80 9.545478e-02
8 37 9.544652e-02
79 85 9.543438e-02
30 100 9.495997e-02
57 94 9.486630e-02
24 35 9.478920e-02
20 38 9.471806e-02
57 84 9.454966e-02
78 99 9.438978e-02
66 70 9.433062e-02
80 97 9.430853e-02
59 63 9.420083e-02
53 67 9.409183e-02
24 45 9.398208e-02
70 100 9.374910e-02
27 95 9.369250e-02
4 49 9.357272e-02
15 61 9.346403e-02
43 81 9.339456e-02
10 16 9.317199e-02
21 63 9.312973e-02
4 41 9.306255e-02
19 35 9.304325e-02
85 96 9.304214e-02
21 27 9.298560e-02
16 43 9.295612e-02
61 84 9.290965e-02
41 61 9.289578e-02
37 80 9.249383e-02
5 98 9.219724e-02
5 72 9.190968e-02
71 82 9.190680e-02
42 69 9.155379e-02
46 52 9.148541e-02
47 48 9.136914e-02
61 63 9.128566e-02
9 66 9.110633e-02
88 100 9.093978e-02
89 97 9.089624e-02
82 100 9.088232e-02
74 87 9.087455e-02
30 77 9.077712e-02
6 17 9.077067e-02
44 52 9.065985e-02
41 93 9.056022e-02
78 88 9.053304e-02
15 60 9.030399e-02
31 46 9.026857e-02
20 64 9.013977e-02
56 69 9.000147e-02
46 74 8.980714e-02
27 44 8.947471e-02
15 30 8.940589e-02
3 28 8.928213e-02
20 67 8.923985e-02
82 89 8.914636e-02
15 56 8.913063e-02
78 94 8.907495e-02
71 76 8.901186e-02
70 99 8.896609e-02
10 64 8.888162e-02
23 24 8.870158e-02
8 75 8.854860e-02
65 68 8.852241e-02
50 67 8.826705e-02
62 77 8.817139e-02
34 37 8.814893e-02
25 65 8.802915e-02
78 93 8.801527e-02
6 83 8.799761e-02
56 91 8.790422e-02
80 99 8.778962e-02
11 12 8.759127e-02
18 76 8.753036e-02
66 80 8.741695e-02
19 80 8.720264e-02
46 59 8.697902e-02
23 69 8.693809e-02
52 68 8.683847e-02
45 83 8.677612e-02
42 62 8.596119e-02
46 57 8.590102e-02
8 61 8.585614e-02
16 89 8.553264e-02
34 87 8.552250e-02
58 71 8.534088e-02
81 100 8.533292e-02
35 52 8.513775e-02
53 65 8.496856e-02
40 87 8.487950e-02
58 93 8.486730e-02
16 53 8.485907e-02
41 95 8.471411e-02
64 71 8.470996e-02
63 84 8.457403e-02
31 86 8.439983e-02
34 62 8.424838e-02
66 88 8.418031e-02
20 21 8.407166e-02
32 80 8.363727e-02
37 64 8.345181e-02
82 91 8.324947e-02
6 82 8.324329e-02
33 52 8.321769e-02
43 56 8.320040e-02
82 93 8.287006e-02
85 89 8.285069e-02
15 84 8.282725e-02
8 56 8.279562e-02
76 89 8.276612e-02
46 80 8.274438e-02
5 36 8.271628e-02
82 95 8.259386e-02
17 46 8.243729e-02
57 90 8.243290e-02
54 83 8.235176e-02
45 95 8.200912e-02
12 56 8.175685e-02
6 49 8.164664e-02
51 91 8.132130e-02
53 86 8.088761e-02
75 91 8.065369e-02
6 44 8.065117e-02
28 85 8.048192e-02
26 30 8.047800e-02
39 75 8.045876e-02
31 66 8.039980e-02
77 87 8.038045e-02
24 61 8.021480e-02
20 29 8.013827e-02
80 85 8.010291e-02
53 89 7.991438e-02
16 21 7.963943e-02
41 94 7.960988e-02
71 85 7.960806e-02
84 91 7.955590e-02
5 15 7.936718e-02
53 78 7.934872e-02
13 21 7.891759e-02
18 91 7.872743e-02
4 69 7.859351e-02
7 25 7.837050e-02
16 34 7.808398e-02
21 54 7.805365e-02
21 60 7.804273e-02
32 69 7.781797e-02
82 97 7.754826e-02
33 80 7.738983e-02
82 96 7.737344e-02
51 97 7.713596e-02
68 80 7.711163e-02
3 30 7.668304e-02
50 58 7.662691e-02
26 55 7.653550e-02
31 84 7.639418e-02
34 36 7.636515e-02
18 39 7.622962e-02
6 62 7.622291e-02
2 6 7.618548e-02
5 69 7.602254e-02
73 84 7.596157e-02
14 70 7.573815e-02
4 11 7.558182e-02
2 91 7.557258e-02
13 85 7.544833e-02
24 82 7.538523e-02
45 66 7.533796e-02
78 95 7.524583e-02
81 86 7.511252e-02
60 75 7.499456e-02
31 72 7.484649e-02
3 8 7.469448e-02
78 100 7.465903e-02
63 64 7.465902e-02
82 99 7.465450e-02
87 96 7.461759e-02
43 57 7.450250e-02
5 32 7.448622e-02
86 99 7.435912e-02
41 84 7.428087e-02
28 37 7.426886e-02
12 83 7.404410e-02
9 60 7.394567e-02
24 60 7.388708e-02
35 93 7.358153e-02
11 25 7.310839e-02
70 95 7.306039e-02
30 99 7.301994e-02
6 19 7.297239e-02
13 60 7.264016e-02
14 86 7.246027e-02
19 43 7.245599e-02
44 79 7.240018e-02
5 45 7.221437e-02
26 77 7.217229e-02
60 74 7.209479e-02
59 83 7.206472e-02
46 61 7.193136e-02
2 66 7.190892e-02
34 51 7.187897e-02
41 91 7.172272e-02
46 54 7.167820e-02
30 84 7.166079e-02
15 96 7.158043e-02
19 75 7.155386e-02
54 73 7.139619e-02
38 41 7.133596e-02
50 93 7.120947e-02
4 10 7.116823e-02
9 29 7.115839e-02
56 86 7.115504e-02
36 72 7.115329e-02
45 80 7.104332e-02
41 96 7.101862e-02
23 26 7.099729e-02
16 26 7.078424e-02
20 49 7.076728e-02
90 98 7.072439e-02
19 44 7.069268e-02
56 92 7.052344e-02
30 68 7.050468e-02
47 60 7.007775e-02
28 73 6.990542e-02
54 65 6.963501e-02
26 82 6.951932e-02
32 46 6.926653e-02
59 86 6.917210e-02
59 89 6.891584e-02
26 86 6.886713e-02
37 76 6.886485e-02
48 54 6.877163e-02
65 81 6.872022e-02
19 23 6.866826e-02
2 38 6.827845e-02
63 72 6.818788e-02
30 97 6.800332e-02
31 87 6.790226e-02
18 87 6.763911e-02
17 40 6.757739e-02
63 77 6.755360e-02
28 91 6.753484e-02
76 85 6.747720e-02
32 63 6.736196e-02
20 62 6.712617e-02
16 67 6.707809e-02
34 95 6.698165e-02
83 98 6.697889e-02
40 91 6.673791e-02
55 87 6.673694e-02
16 84 6.659667e-02
72 92 6.657611e-02
46 58 6.638694e-02
43 54 6.632708e-02
18 54 6.604329e-02
87 100 6.589474e-02
5 100 6.583784e-02
79 98 6.577906e-02
22 26 6.567618e-02
68 83 6.566542e-02
3 10 6.562183e-02
11 77 6.553509e-02
29 66 6.549120e-02
55 74 6.538313e-02
37 57 6.526413e-02
63 78 6.523639e-02
56 95 6.508743e-02
60 83 6.465737e-02
4 54 6.460284e-02
50 78 6.458563e-02
28 43 6.450883e-02
55 70 6.443860e-02
36 76 6.431794e-02
4 16 6.429849e-02
83 96 6.419930e-02
48 84 6.416836e-02
74 83 6.398732e-02
71 73 6.390734e-02
38 83 6.360114e-02
72 87 6.357651e-02
19 39 6.340599e-02
19 77 6.337482e-02
72 79 6.290669e-02
38 76 6.277122e-02
67 90 6.258227e-02
18 26 6.256646e-02
48 71 6.249727e-02
22 38 6.246195e-02
3 19 6.244468e-02
69 83 6.243496e-02
41 67 6.241734e-02
24 42 6.233973e-02
7 68 6.212989e-02
25 94 6.202236e-02
15 18 6.199087e-02
46 82 6.188297e-02
18 90 6.180704e-02
60 86 6.168445e-02
30 85 6.150799e-02
8 54 6.148319e-02
2 52 6.148029e-02
15 59 6.146969e-02
20 53 6.139965e-02
48 72 6.136326e-02
13 61 6.133201e-02
29 49 6.128127e-02
17 61 6.115152e-02
69 86 6.114170e-02
37 85 6.111636e-02
9 83 6.110768e-02
2 79 6.109365e-02
50 53 6.104812e-02
17 100 6.098851e-02
9 42 6.091919e-02
36 55 6.075939e-02
3 16 6.061305e-02
15 77 6.058424e-02
29 31 6.050247e-02
25 78 6.045003e-02
16 90 6.044829e-02
6 70 6.041806e-02
80 98 6.031510e-02
35 40 6.026970e-02
51 57 5.993400e-02
38 94 5.984786e-02
19 76 5.983216e-02
45 96 5.976089e-02
15 71 5.965811e-02
27 92 5.962861e-02
78 98 5.960005e-02
12 39 5.958418e-02
17 32 5.956958e-02
51 60 5.954994e-02
61 87 5.952675e-02
23 44 5.950287e-02
12 42 5.940804e-02
55 77 5.935101e-02
4 31 5.914596e-02
13 55 5.898186e-02
48 69 5.879624e-02
41 54 5.877132e-02
7 85 5.867819e-02
89 98 5.853072e-02
51 61 5.844475e-02
41 56 5.830863e-02
31 40 5.817090e-02
24 28 5.811107e-02
67 88 5.793619e-02
69 91 5.768021e-02
56 84 5.762901e-02
11 43 5.759442e-02
43 79 5.741958e-02
7 36 5.736079e-02
27 57 5.698478e-02
16 96 5.687889e-02
37 42 5.682868e-02
17 84 5.682178e-02
4 8 5.655397e-02
6 63 5.648650e-02
28 50 5.644201e-02
76 87 5.642782e-02
78 91 5.633843e-02
41 81 5.616339e-02
77 85 5.612631e-02
17 59 5.577555e-02
42 54 5.575627e-02
26 69 5.570469e-02
46 48 5.557083e-02
4 64 5.556951e-02
3 47 5.554244e-02
20 52 5.545496e-02
67 94 5.537153e-02
81 99 5.535454e-02
57 77 5.521208e-02
8 24 5.510988e-02
25 70 5.495323e-02
58 88 5.492202e-02
38 71 5.461934e-02
30 63 5.460134e-02
59 92 5.429848e-02
31 49 5.429441e-02
8 50 5.415337e-02
67 81 5.402815e-02
28 79 5.398713e-02
57 71 5.392669e-02
24 25 5.392411e-02
51 83 5.388075e-02
8 73 5.382735e-02
39 54 5.368711e-02
16 94 5.348793e-02
14 19 5.347375e-02
21 58 5.339959e-02
84 97 5.293971e-02
68 88 5.287026e-02
67 95 5.283846e-02
19 89 5.263942e-02
34 91 5.253818e-02
5 87 5.238874e-02
58 90 5.225307e-02
4 38 5.214416e-02
16 76 5.205588e-02
70 98 5.204592e-02
37 52 5.196134e-02
25 31 5.194448e-02
47 79 5.191871e-02
4 62 5.170593e-02
11 100 5.163772e-02
13 98 5.128206e-02
18 41 5.111965e-02
30 79 5.107827e-02
6 98 5.103979e-02
37 65 5.097481e-02
2 8 5.082458e-02
29 81 5.078748e-02
18 40 5.076833e-02
81 91 5.074515e-02
88 98 5.066136e-02
55 90 5.050798e-02
75 98 5.043941e-02
84 100 5.043785e-02
3 90 5.036216e-02
53 96 5.035134e-02
3 31 5.018965e-02
25 38 5.014099e-02
71 78 5.013395e-02
51 56 5.007561e-02
34 74 5.005597e-02
45 57 4.994249e-02
63 87 4.989916e-02
34 72 4.973902e-02
18 56 4.967960e-02
25 71 4.966413e-02
17 41 4.957979e-02
54 85 4.953560e-02
53 82 4.949935e-02
11 46 4.944270e-02
20 81 4.943807e-02
21 77 4.939385e-02
2 9 4.925971e-02
15 46 4.919755e-02
14 47 4.914310e-02
19 27 4.913491e-02
70 79 4.908037e-02
32 59 4.894443e-02
13 77 4.882422e-02
17 63 4.880628e-02
3 15 4.875862e-02
28 59 4.872528e-02
65 92 4.872470e-02
84 94 4.867748e-02
17 77 4.828431e-02
88 97 4.816359e-02
29 34 4.801414e-02
70 94 4.800947e-02
62 75 4.798010e-02
34 80 4.794188e-02
29 30 4.780422e-02
30 95 4.755446e-02
26 78 4.742956e-02
69 87 4.729660e-02
59 81 4.710140e-02
82 92 4.708750e-02
65 70 4.699914e-02
4 98 4.697675e-02
34 83 4.682095e-02
54 77 4.681007e-02
16 98 4.671614e-02
43 78 4.659419e-02
13 89 4.659363e-02
4 36 4.648406e-02
3 52 4.636302e-02
51 99 4.625992e-02
35 59 4.624037e-02
26 93 4.615348e-02
68 73 4.615118e-02
16 55 4.610790e-02
58 61 4.606558e-02
83 92 4.600929e-02
26 34 4.540602e-02
55 93 4.533673e-02
51 58 4.532283e-02
53 94 4.515258e-02
32 76 4.493658e-02
13 27 4.491283e-02
3 46 4.487546e-02
21 80 4.487328e-02
4 59 4.482766e-02
77 90 4.480900e-02
33 94 4.480609e-02
87 98 4.475891e-02
26 48 4.469749e-02
23 36 4.469663e-02
6 18 4.466205e-02
10 25 4.442258e-02
56 74 4.439751e-02
63 83 4.438656e-02
26 90 4.412408e-02
51 65 4.410732e-02
19 50 4.405111e-02
13 49 4.389826e-02
68 100 4.383518e-02
64 73 4.371876e-02
44 88 4.366665e-02
27 78 4.361351e-02
70 96 4.351809e-02
84 99 4.346253e-02
54 90 4.337891e-02
80 81 4.323991e-02
3 76 4.315648e-02
44 51 4.275143e-02
51 75 4.256263e-02
34 52 4.240974e-02
7 17 4.227072e-02
18 23 4.225700e-02
81 97 4.225569e-02
30 56 4.225218e-02
19 78 4.210891e-02
3 13 4.204158e-02
21 23 4.188034e-02
4 32 4.184722e-02
51 64 4.180982e-02
42 60 4.179702e-02
30 41 4.158419e-02
28 58 4.156540e-02
18 72 4.119099e-02
10 84 4.105861e-02
33 78 4.081335e-02
27 70 4.072578e-02
29 50 4.069517e-02
60 68 4.067248e-02
82 98 4.054848e-02
40 52 4.054534e-02
4 13 4.051145e-02
65 87 4.045678e-02
17 58 4.034714e-02
46 50 4.023351e-02
28 84 4.008649e-02
5 99 4.000237e-02
25 95 3.989321e-02
2 11 3.983285e-02
14 27 3.980782e-02
5 62 3.969878e-02
47 67 3.949671e-02
22 44 3.938295e-02
65 78 3.937919e-02
28 71 3.921520e-02
24 88 3.903272e-02
7 52 3.892971e-02
67 92 3.892917e-02
15 100 3.886592e-02
43 91 3.864699e-02
27 91 3.859567e-02
20 26 3.857689e-02
70 72 3.839471e-02
85 100 3.830705e-02
23 48 3.828563e-02
7 30 3.821669e-02
3 91 3.817538e-02
61 68 3.811416e-02
42 81 3.782954e-02
68 85 3.771790e-02
16 20 3.760698e-02
70 92 3.750945e-02
37 88 3.748645e-02
36 50 3.722816e-02
58 86 3.718449e-02
76 96 3.715544e-02
2 88 3.704379e-02
26 92 3.700465e-02
5 19 3.695243e-02
6 100 3.683113e-02
7 47 3.682216e-02
3 77 3.678035e-02
45 97 3.677900e-02
54 81 3.659632e-02
2 68 3.647038e-02
51 98 3.626349e-02
24 75 3.622372e-02
27 34 3.621375e-02
43 84 3.617841e-02
38 98 3.591202e-02
30 57 3.588976e-02
26 56 3.587977e-02
40 74 3.585459e-02
7 33 3.578562e-02
46 96 3.567600e-02
36 69 3.565119e-02
9 24 3.562925e-02
34 45 3.558928e-02
77 100 3.556528e-02
19 74 3.551373e-02
2 50 3.543598e-02
30 98 3.509549e-02
33 54 3.498209e-02
66 93 3.484808e-02
87 99 3.480180e-02
15 58 3.475932e-02
10 58 3.475628e-02
14 76 3.471478e-02
51 54 3.437141e-02
29 70 3.435774e-02
67 93 3.424463e-02
87 95 3.419615e-02
80 87 3.406564e-02
22 29 3.395964e-02
79 96 3.391326e-02
18 79 3.388994e-02
43 98 3.383338e-02
59 74 3.360339e-02
68 97 3.351654e-02
83 95 3.351232e-02
21 31 3.341761e-02
24 43 3.332612e-02
2 47 3.324932e-02
32 84 3.310915e-02
32 35 3.303920e-02
40 96 3.302896e-02
13 100 3.289097e-02
32 70 3.287835e-02
56 96 3.279547e-02
59 80 3.271973e-02
58 74 3.269831e-02
49 59 3.267936e-02
35 42 3.262192e-02
63 81 3.226531e-02
27 32 3.207365e-02
11 83 3.184540e-02
20 88 3.176447e-02
16 100 3.168404e-02
2 45 3.156620e-02
86 100 3.139521e-02
11 17 3.136782e-02
75 84 3.135351e-02
7 35 3.133370e-02
29 64 3.102164e-02
7 82 3.095867e-02
11 75 3.092598e-02
13 42 3.076424e-02
19 57 3.053615e-02
3 67 3.019257e-02
70 80 3.011977e-02
6 74 2.991912e-02
44 74 2.986817e-02
22 35 2.974792e-02
2 22 2.969677e-02
20 43 2.967979e-02
38 54 2.962197e-02
21 85 2.960630e-02
17 96 2.954537e-02
68 99 2.953055e-02
51 72 2.932383e-02
60 70 2.926781e-02
30 92 2.924842e-02
21 38 2.917571e-02
16 77 2.912826e-02
70 77 2.906309e-02
18 43 2.894181e-02
44 73 2.893548e-02
60 71 2.883560e-02
15 49 2.868868e-02
3 12 2.857246e-02
70 84 2.846013e-02
67 79 2.844916e-02
59 91 2.838315e-02
87 97 2.837348e-02
52 64 2.835741e-02
77 92 2.829003e-02
4 100 2.813284e-02
27 48 2.806327e-02
10 81 2.795428e-02
74 97 2.778128e-02
8 26 2.760889e-02
30 66 2.754176e-02
44 94 2.736723e-02
54 97 2.712261e-02
26 27 2.698223e-02
80 95 2.697991e-02
46 70 2.696359e-02
17 86 2.695936e-02
53 58 2.694203e-02
2 12 2.671675e-02
29 45 2.669551e-02
57 92 2.663769e-02
2 67 2.658988e-02
32 57 2.658426e-02
44 66 2.656146e-02
46 63 2.638623e-02
43 96 2.617415e-02
80 93 2.614857e-02
5 97 2.610086e-02
58 97 2.599070e-02
62 79 2.596532e-02
4 60 2.591865e-02
72 96 2.584845e-02
17 93 2.583838e-02
18 63 2.578435e-02
6 79 2.573406e-02
75 99 2.570566e-02
58 91 2.563213e-02
61 78 2.550095e-02
23 80 2.547376e-02
4 56 2.537680e-02
4 19 2.536855e-02
16 45 2.521163e-02
86 98 2.511524e-02
24 66 2.506736e-02
22 32 2.500916e-02
13 74 2.499485e-02
42 68 2.483444e-02
16 42 2.457672e-02
46 68 2.444699e-02
49 83 2.411861e-02
12 29 2.407133e-02
60 72 2.400614e-02
23 91 2.389636e-02
3 50 2.382336e-02
7 13 2.375320e-02
78 96 2.365968e-02
2 80 2.355261e-02
8 60 2.353626e-02
59 68 2.325974e-02
41 92 2.308508e-02
75 92 2.299552e-02
14 24 2.299353e-02
62 80 2.295718e-02
87 93 2.283336e-02
80 94 2.269385e-02
3 44 2.256536e-02
80 83 2.239517e-02
11 20 2.234362e-02
2 15 2.232879e-02
24 54 2.214942e-02
45 58 2.208282e-02
11 45 2.206729e-02
53 61 2.206216e-02
20 63 2.203607e-02
44 85 2.194772e-02
59 65 2.179118e-02
39 78 2.162001e-02
23 32 2.155513e-02
27 46 2.154456e-02
3 56 2.142126e-02
79 95 2.126572e-02
27 58 2.124998e-02
31 36 2.076815e-02
17 99 2.072608e-02
86 97 2.070778e-02
38 45 2.057079e-02
43 95 2.056034e-02
6 36 2.051004e-02
3 37 2.049805e-02
49 90 2.041137e-02
25 77 2.037152e-02
19 33 2.029951e-02
42 73 2.007062e-02
20 69 1.996197e-02
17 54 1.995673e-02
11 99 1.993553e-02
14 36 1.984091e-02
55 68 1.982982e-02
59 64 1.960942e-02
3 32 1.959182e-02
8 31 1.933940e-02
36 82 1.913273e-02
11 58 1.875897e-02
3 23 1.849447e-02
14 43 1.833384e-02
33 74 1.828857e-02
70 82 1.806809e-02
2 21 1.798916e-02
34 93 1.789700e-02
81 87 1.785096e-02
2 65 1.766684e-02
41 98 1.766543e-02
49 54 1.748997e-02
20 33 1.738267e-02
28 66 1.737046e-02
25 45 1.734403e-02
57 93 1.723575e-02
3 66 1.709860e-02
45 74 1.705455e-02
35 73 1.704683e-02
7 51 1.698332e-02
22 56 1.698019e-02
48 76 1.694590e-02
40 62 1.685054e-02
17 65 1.684865e-02
2 76 1.680183e-02
34 82 1.677296e-02
53 81 1.673365e-02
24 34 1.665165e-02
64 92 1.650507e-02
42 52 1.631158e-02
31 89 1.621951e-02
38 88 1.616934e-02
9 54 1.609677e-02
22 91 1.604485e-02
17 73 1.600390e-02
9 63 1.595657e-02
14 80 1.595287e-02
1 3 1.586179e-02
57 88 1.585229e-02
27 82 1.581615e-02
1 100 1.570071e-02
20 85 1.566624e-02
44 93 1.546663e-02
12 40 1.546004e-02
41 80 1.525827e-02
1 99 1.525694e-02
1 2 1.521672e-02
57 73 1.505482e-02
9 50 1.504773e-02
81 98 1.503650e-02
1 94 1.502938e-02
55 78 1.502076e-02
56 93 1.499231e-02
48 52 1.498385e-02
1 97 1.498067e-02
54 71 1.497759e-02
69 76 1.497023e-02
1 92 1.495203e-02
34 40 1.488581e-02
20 65 1.485349e-02
14 35 1.474767e-02
6 99 1.439011e-02
34 47 1.430113e-02
17 67 1.416545e-02
16 70 1.415065e-02
51 86 1.403520e-02
6 68 1.402404e-02
20 79 1.383708e-02
34 92 1.363290e-02
10 52 1.340446e-02
30 71 1.336919e-02
29 83 1.330720e-02
20 46 1.327979e-02
57 97 1.322388e-02
1 95 1.305672e-02
2 41 1.304835e-02
18 36 1.304096e-02
40 48 1.303414e-02
15 42 1.280759e-02
1 98 1.269672e-02
4 35 1.265581e-02
57 68 1.265260e-02
1 91 1.252897e-02
23 68 1.248381e-02
1 96 1.238265e-02
14 83 1.230623e-02
1 64 1.224484e-02
29 54 1.224462e-02
34 85 1.219066e-02
36 58 1.217208e-02
57 72 1.205903e-02
9 43 1.205290e-02
27 41 1.203172e-02
85 99 1.200286e-02
14 77 1.199229e-02
36 93 1.190256e-02
16 22 1.188694e-02
4 74 1.188645e-02
49 81 1.184247e-02
1 93 1.173868e-02
45 85 1.168750e-02
72 94 1.162612e-02
12 75 1.134066e-02
31 57 1.129885e-02
32 72 1.117996e-02
21 86 1.117568e-02
40 73 1.109253e-02
4 63 1.095645e-02
19 24 1.094316e-02
52 69 1.091591e-02
84 96 1.091186e-02
13 75 1.079110e-02
39 76 1.077965e-02
30 96 1.061896e-02
27 63 1.059602e-02
32 91 1.055378e-02
83 94 1.047648e-02
77 99 1.042336e-02
3 54 1.027942e-02
68 98 1.024202e-02
10 42 1.015261e-02
53 77 9.968612e-03
42 59 9.951794e-03
38 78 9.871531e-03
4 65 9.865777e-03
79 94 9.420953e-03
1 89 9.408879e-03
11 70 9.294704e-03
57 95 9.243331e-03
2 56 9.232049e-03
1 88 9.136363e-03
4 99 9.088658e-03
40 81 9.082373e-03
57 65 9.026306e-03
2 59 8.948946e-03
34 96 8.885718e-03
3 22 8.795201e-03
19 84 8.678989e-03
54 98 8.587195e-03
8 42 8.519473e-03
22 43 8.497486e-03
45 77 8.443431e-03
71 80 8.401721e-03
9 13 8.214791e-03
3 68 8.132601e-03
3 29 8.009172e-03
39 45 7.935011e-03
76 92 7.730905e-03
36 91 7.516138e-03
18 30 7.492043e-03
85 91 7.236577e-03
26 39 7.153263e-03
51 100 7.136040e-03
74 76 7.111276e-03
53 64 6.994186e-03
51 95 6.956269e-03
2 25 6.788183e-03
59 95 6.763349e-03
39 60 6.436914e-03
74 99 6.361231e-03
40 80 6.359771e-03
33 40 6.350769e-03
1 30 6.347221e-03
44 61 6.272228e-03
43 99 6.253108e-03
77 97 6.194019e-03
56 83 5.977453e-03
74 92 5.775717e-03
1 73 5.548786e-03
85 97 5.484808e-03
80 91 5.462063e-03
31 91 5.448912e-03
1 81 5.408491e-03
9 84 5.401989e-03
59 71 5.365078e-03
3 40 5.222512e-03
2 57 5.174201e-03
2 32 5.124805e-03
1 70 4.952513e-03
6 47 4.884268e-03
45 52 4.602781e-03
15 37 4.492651e-03
5 82 4.412475e-03
1 5 4.352561e-03
15 93 4.271645e-03
37 46 4.207553e-03
44 70 4.184765e-03
67 87 4.035767e-03
84 95 4.025568e-03
1 87 3.863042e-03
6 30 3.791811e-03
47 64 3.784892e-03
1 90 3.698788e-03
2 26 3.698008e-03
6 97 3.630558e-03
1 11 3.495499e-03
71 91 3.450038e-03
23 63 3.362704e-03
4 97 3.345118e-03
41 97 3.319197e-03
59 70 3.318672e-03
31 41 3.182294e-03
1 86 3.078976e-03
44 98 3.022938e-03
46 66 2.917975e-03
1 84 2.849825e-03
46 87 2.497821e-03
8 57 2.437504e-03
3 24 2.424896e-03
76 84 2.352338e-03
30 73 2.305247e-03
1 4 2.290933e-03
39 43 2.267524e-03
41 87 2.225710e-03
1 15 2.136264e-03
38 42 2.127851e-03
45 99 1.924929e-03
21 28 1.924178e-03
51 67 1.866954e-03
1 6 1.796912e-03
17 97 1.704972e-03
36 67 1.688344e-03
52 82 1.680010e-03
1 85 1.638203e-03
33 38 1.603515e-03
34 39 1.451911e-03
22 58 1.419980e-03
9 73 1.399379e-03
1 16 1.398248e-03
40 95 1.385194e-03
84 92 1.279258e-03
8 85 1.279053e-03
1 13 1.204533e-03
19 45 1.187677e-03
1 28 1.173206e-03
41 48 1.164887e-03
1 17 1.151365e-03
60 77 1.150880e-03
44 71 1.137133e-03
8 36 1.101269e-03
11 74 8.627715e-04
1 51 8.051154e-04
84 93 7.805004e-04
3 78 7.666867e-04
80 96 7.321333e-04
18 85 7.307012e-04
56 94 7.183184e-04
3 38 6.179632e-04
7 74 6.057520e-04
13 99 5.795753e-04
28 52 4.344267e-04
5 84 3.991721e-04
31 98 2.742867e-04
66 78 2.630169e-04
11 97 2.236430e-04
1 77 2.176489e-04
1 79 1.440538e-04
23 42 1.232688e-04
26 95 6.900535e-05
43 50 -4.755257e-05
1 21 -7.149566e-05
56 98 -7.958152e-05
78 90 -1.759461e-04
18 68 -2.649881e-04
27 94 -3.628570e-04
1 82 -3.932688e-04
27 62 -5.691231e-04
4 46 -5.974405e-04
2 28 -6.551516e-04
2 30 -6.852323e-04
73 82 -7.502857e-04
25 93 -8.206353e-04
73 85 -8.212071e-04
2 46 -8.428193e-04
12 32 -9.527773e-04
1 68 -9.549737e-04
11 49 -9.803727e-04
24 47 -9.866041e-04
1 22 -9.873328e-04
72 78 -1.097040e-03
12 74 -1.179217e-03
45 98 -1.189210e-03
26 81 -1.251475e-03
1 10 -1.305529e-03
31 58 -1.389388e-03
36 59 -1.423343e-03
57 98 -1.441293e-03
61 93 -1.467267e-03
1 24 -1.478645e-03
86 92 -1.543154e-03
30 52 -1.577020e-03
37 43 -1.671439e-03
1 83 -1.727625e-03
3 79 -1.743618e-03
43 52 -1.748294e-03
46 60 -1.758046e-03
1 7 -1.771565e-03
26 61 -1.810615e-03
1 39 -1.902073e-03
2 64 -1.934925e-03
1 75 -2.029855e-03
4 47 -2.062166e-03
1 78 -2.170917e-03
50 82 -2.182307e-03
37 55 -2.228883e-03
29 36 -2.270032e-03
15 99 -2.292011e-03
1 9 -2.309418e-03
40 94 -2.316630e-03
28 100 -2.370607e-03
35 36 -2.371481e-03
8 67 -2.398195e-03
1 8 -2.412931e-03
1 48 -2.429005e-03
21 98 -2.468361e-03
1 14 -2.507600e-03
1 43 -2.714360e-03
54 99 -2.720020e-03
21 100 -2.775850e-03
1 41 -2.792334e-03
1 38 -2.826658e-03
1 54 -2.864201e-03
1 45 -2.875917e-03
2 40 -2.915718e-03
1 23 -2.929959e-03
23 56 -2.962157e-03
1 12 -2.984081e-03
1 44 -3.082985e-03
1 80 -3.134472e-03
21 70 -3.192615e-03
48 82 -3.234219e-03
27 51 -3.241967e-03
77 93 -3.333622e-03
72 93 -3.520558e-03
1 57 -3.553843e-03
1 34 -3.611712e-03
52 85 -3.652248e-03
21 61 -3.681459e-03
1 58 -3.718758e-03
73 95 -3.780612e-03
49 87 -3.788985e-03
30 93 -3.816368e-03
2 33 -3.853806e-03
1 37 -3.901466e-03
1 74 -3.929243e-03
41 85 -3.934313e-03
1 26 -4.064432e-03
1 71 -4.177394e-03
28 89 -4.186788e-03
11 21 -4.208278e-03
18 25 -4.209713e-03
1 66 -4.266500e-03
1 56 -4.325623e-03
38 61 -4.444929e-03
50 84 -4.459673e-03
1 59 -4.471246e-03
17 28 -4.517374e-03
1 53 -4.752025e-03
50 97 -4.769851e-03
1 76 -4.788599e-03
1 36 -4.876949e-03
10 61 -4.942537e-03
14 55 -4.955070e-03
24 68 -4.969691e-03
1 55 -4.981762e-03
1 69 -5.008833e-03
1 25 -5.111842e-03
49 88 -5.165902e-03
56 64 -5.167335e-03
80 89 -5.199045e-03
16 51 -5.228188e-03
38 67 -5.248925e-03
34 49 -5.275752e-03
2 43 -5.290076e-03
1 32 -5.307841e-03
1 52 -5.316610e-03
16 33 -5.316694e-03
1 60 -5.417251e-03
29 95 -5.434179e-03
1 19 -5.476444e-03
30 94 -5.545188e-03
1 72 -5.583682e-03
1 47 -5.592449e-03
42 83 -5.598877e-03
1 18 -5.607391e-03
19 52 -5.691426e-03
1 42 -5.750732e-03
20 47 -5.807666e-03
1 63 -5.848685e-03
1 67 -5.861365e-03
11 98 -5.994238e-03
39 98 -6.019831e-03
1 62 -6.031309e-03
3 21 -6.032356e-03
48 90 -6.042060e-03
1 50 -6.138510e-03
1 31 -6.170658e-03
2 35 -6.191755e-03
1 20 -6.234125e-03
1 65 -6.431878e-03
1 46 -6.440868e-03
67 96 -6.504739e-03
34 94 -6.507643e-03
1 27 -6.526265e-03
6 54 -6.538730e-03
25 58 -6.611353e-03
6 26 -6.682870e-03
1 29 -6.740942e-03
74 88 -6.767197e-03
1 40 -6.911020e-03
28 87 -6.994868e-03
59 94 -7.062184e-03
77 82 -7.237216e-03
2 81 -7.240666e-03
12 55 -7.336466e-03
32 78 -7.416149e-03
59 78 -7.452238e-03
66 92 -7.488932e-03
1 35 -7.522398e-03
17 25 -7.533130e-03
5 48 -7.533617e-03
9 31 -7.552291e-03
16 99 -7.583756e-03
16 75 -7.651185e-03
1 33 -7.655242e-03
37 70 -7.738921e-03
72 80 -7.811301e-03
48 59 -7.916619e-03
11 31 -7.927204e-03
6 40 -8.006352e-03
41 89 -8.018376e-03
15 69 -8.042574e-03
17 20 -8.093421e-03
1 49 -8.227910e-03
23 28 -8.236197e-03
38 75 -8.237569e-03
52 93 -8.308199e-03
3 75 -8.405015e-03
29 47 -8.461370e-03
31 43 -8.489237e-03
60 84 -8.622836e-03
30 43 -8.649586e-03
1 61 -8.674436e-03
25 42 -8.686453e-03
38 89 -8.736145e-03
33 82 -8.754732e-03
3 33 -8.826302e-03
58 99 -8.830996e-03
17 30 -8.873807e-03
86 93 -8.927479e-03
40 83 -9.202502e-03
74 100 -9.234426e-03
8 82 -9.302180e-03
75 94 -9.319023e-03
40 92 -9.427373e-03
64 91 -9.457457e-03
12 78 -9.594018e-03
11 65 -9.613569e-03
17 94 -9.634108e-03
38 100 -9.683402e-03
13 47 -9.716178e-03
2 20 -9.814955e-03
2 55 -9.822971e-03
31 99 -9.919242e-03
16 59 -1.004493e-02
43 49 -1.022056e-02
27 90 -1.037228e-02
2 72 -1.040260e-02
73 94 -1.044925e-02
2 73 -1.049505e-02
22 30 -1.051416e-02
23 74 -1.060790e-02
7 54 -1.070103e-02
20 95 -1.077753e-02
69 79 -1.080659e-02
41 99 -1.081356e-02
86 96 -1.085970e-02
2 100 -1.086361e-02
56 90 -1.087087e-02
11 53 -1.094444e-02
45 46 -1.118056e-02
7 60 -1.128834e-02
76 94 -1.137394e-02
57 99 -1.139390e-02
3 100 -1.153671e-02
7 65 -1.158019e-02
41 86 -1.161722e-02
18 55 -1.164119e-02
4 23 -1.169842e-02
65 94 -1.177142e-02
53 72 -1.193283e-02
46 93 -1.227061e-02
16 28 -1.231979e-02
41 100 -1.232522e-02
3 81 -1.233034e-02
27 50 -1.239662e-02
4 21 -1.248569e-02
11 87 -1.266845e-02
78 92 -1.274637e-02
32 93 -1.286711e-02
45 51 -1.289932e-02
15 31 -1.304148e-02
15 80 -1.306725e-02
44 89 -1.318125e-02
51 71 -1.330296e-02
7 80 -1.331717e-02
29 48 -1.342659e-02
15 24 -1.350511e-02
29 87 -1.351120e-02
14 85 -1.353863e-02
2 37 -1.360273e-02
20 39 -1.360617e-02
19 60 -1.370502e-02
10 26 -1.374877e-02
33 61 -1.381459e-02
58 63 -1.385887e-02
36 81 -1.387546e-02
43 66 -1.407803e-02
42 70 -1.411437e-02
32 87 -1.416194e-02
10 74 -1.430338e-02
42 63 -1.443507e-02
83 86 -1.452608e-02
45 54 -1.453476e-02
24 41 -1.462759e-02
43 94 -1.465042e-02
5 76 -1.465119e-02
53 56 -1.482786e-02
44 95 -1.490781e-02
14 44 -1.497328e-02
58 98 -1.503769e-02
26 72 -1.520965e-02
30 55 -1.527493e-02
38 97 -1.536417e-02
26 29 -1.537622e-02
41 64 -1.549418e-02
60 89 -1.579682e-02
2 54 -1.584621e-02
17 53 -1.589296e-02
72 77 -1.606158e-02
31 52 -1.624518e-02
12 76 -1.631120e-02
23 65 -1.637223e-02
67 83 -1.639375e-02
5 41 -1.647596e-02
23 95 -1.669171e-02
9 20 -1.678347e-02
42 80 -1.683624e-02
19 54 -1.685424e-02
19 90 -1.693623e-02
69 96 -1.697437e-02
33 45 -1.708916e-02
23 93 -1.715114e-02
26 74 -1.715751e-02
43 100 -1.726011e-02
46 53 -1.727048e-02
17 76 -1.738367e-02
47 81 -1.746987e-02
46 77 -1.747606e-02
56 97 -1.749105e-02
3 82 -1.756978e-02
49 78 -1.771399e-02
82 90 -1.772813e-02
68 86 -1.775070e-02
31 80 -1.785400e-02
10 31 -1.786270e-02
2 29 -1.797483e-02
19 25 -1.813082e-02
2 99 -1.817284e-02
30 76 -1.822049e-02
22 82 -1.840132e-02
23 52 -1.844094e-02
73 98 -1.850572e-02
2 13 -1.852210e-02
6 32 -1.854336e-02
72 83 -1.854951e-02
79 93 -1.857971e-02
17 81 -1.858935e-02
40 77 -1.862177e-02
54 57 -1.868446e-02
13 97 -1.869749e-02
76 95 -1.877178e-02
11 86 -1.881991e-02
10 59 -1.885190e-02
53 92 -1.889187e-02
18 74 -1.896899e-02
29 85 -1.905400e-02
63 93 -1.944751e-02
5 28 -1.947758e-02
32 37 -1.959657e-02
39 94 -1.959918e-02
11 29 -1.963305e-02
10 29 -1.969078e-02
50 64 -1.978121e-02
51 66 -1.980767e-02
48 66 -1.981774e-02
6 45 -1.989031e-02
38 99 -1.989769e-02
69 82 -2.004895e-02
2 17 -2.006108e-02
39 97 -2.009918e-02
77 95 -2.020410e-02
78 83 -2.028066e-02
44 57 -2.041086e-02
64 97 -2.041287e-02
58 70 -2.045706e-02
8 70 -2.082373e-02
21 74 -2.082670e-02
45 67 -2.083380e-02
3 99 -2.086542e-02
16 61 -2.089905e-02
24 80 -2.098806e-02
19 34 -2.098813e-02
21 46 -2.099479e-02
2 98 -2.102873e-02
3 98 -2.104177e-02
68 75 -2.128874e-02
24 100 -2.128888e-02
22 66 -2.129028e-02
28 83 -2.129866e-02
74 96 -2.136046e-02
48 100 -2.155002e-02
9 100 -2.155244e-02
2 97 -2.159273e-02
24 98 -2.163943e-02
3 43 -2.164513e-02
2 42 -2.179136e-02
72 82 -2.189367e-02
18 31 -2.211831e-02
27 67 -2.212164e-02
17 42 -2.214913e-02
2 16 -2.215659e-02
35 43 -2.223291e-02
54 66 -2.228153e-02
41 62 -2.232073e-02
12 31 -2.232297e-02
6 55 -2.233783e-02
75 80 -2.248061e-02
74 89 -2.251595e-02
29 94 -2.253323e-02
45 64 -2.283531e-02
8 49 -2.314525e-02
65 80 -2.321814e-02
30 42 -2.326677e-02
37 98 -2.333589e-02
35 82 -2.333784e-02
28 88 -2.337314e-02
39 100 -2.338682e-02
76 93 -2.353544e-02
17 98 -2.369765e-02
73 100 -2.370589e-02
27 49 -2.377745e-02
25 88 -2.402821e-02
43 77 -2.405964e-02
48 88 -2.413858e-02
58 85 -2.422081e-02
3 58 -2.436709e-02
3 88 -2.437891e-02
70 76 -2.448127e-02
9 98 -2.454527e-02
20 87 -2.460134e-02
73 97 -2.470769e-02
33 37 -2.471884e-02
11 27 -2.480962e-02
71 84 -2.483508e-02
23 30 -2.486672e-02
22 86 -2.488752e-02
28 92 -2.490400e-02
43 55 -2.500154e-02
48 74 -2.501334e-02
17 19 -2.502661e-02
60 82 -2.503050e-02
53 98 -2.524437e-02
49 61 -2.528691e-02
2 60 -2.541902e-02
58 60 -2.541950e-02
46 94 -2.544131e-02
48 62 -2.556105e-02
27 87 -2.561332e-02
59 69 -2.567428e-02
5 89 -2.571550e-02
54 91 -2.585974e-02
39 99 -2.624399e-02
25 85 -2.626182e-02
63 92 -2.629069e-02
48 98 -2.632072e-02
16 95 -2.633538e-02
3 97 -2.636405e-02
15 88 -2.640376e-02
52 55 -2.678468e-02
33 44 -2.684796e-02
57 61 -2.685066e-02
7 98 -2.692153e-02
78 87 -2.701911e-02
11 47 -2.704827e-02
40 66 -2.733013e-02
75 100 -2.738341e-02
23 47 -2.748281e-02
51 96 -2.750326e-02
19 53 -2.758270e-02
46 56 -2.759465e-02
22 23 -2.768307e-02
48 94 -2.771715e-02
31 65 -2.792192e-02
63 68 -2.801141e-02
60 78 -2.809062e-02
79 83 -2.816503e-02
19 70 -2.825883e-02
3 49 -2.829289e-02
15 97 -2.829751e-02
49 82 -2.839771e-02
11 40 -2.847944e-02
30 45 -2.862017e-02
10 48 -2.866111e-02
3 25 -2.868493e-02
18 61 -2.871442e-02
70 93 -2.877154e-02
31 61 -2.880351e-02
8 81 -2.881058e-02
71 98 -2.881387e-02
81 92 -2.888357e-02
59 85 -2.897412e-02
25 96 -2.898309e-02
8 87 -2.905543e-02
39 88 -2.905952e-02
2 87 -2.930622e-02
54 95 -2.938697e-02
33 75 -2.943513e-02
56 67 -2.945751e-02
41 47 -2.958874e-02
6 24 -2.960482e-02
22 89 -2.960875e-02
13 43 -2.972911e-02
68 91 -2.975003e-02
16 37 -2.976065e-02
7 100 -2.978512e-02
16 97 -2.978914e-02
3 26 -2.993710e-02
32 92 -2.995790e-02
37 60 -3.026526e-02
52 72 -3.034786e-02
38 93 -3.038866e-02
58 80 -3.043974e-02
34 35 -3.046505e-02
74 80 -3.058389e-02
57 100 -3.059916e-02
4 33 -3.078423e-02
3 84 -3.082062e-02
2 89 -3.085161e-02
2 77 -3.090697e-02
69 97 -3.092492e-02
61 86 -3.092511e-02
38 90 -3.118594e-02
34 63 -3.137697e-02
14 100 -3.137718e-02
6 39 -3.139031e-02
64 79 -3.144384e-02
19 87 -3.150157e-02
44 97 -3.166311e-02
22 100 -3.167074e-02
8 47 -3.180150e-02
17 95 -3.183785e-02
48 97 -3.184400e-02
40 58 -3.198084e-02
75 97 -3.217583e-02
40 44 -3.218870e-02
10 85 -3.226903e-02
36 54 -3.235849e-02
4 18 -3.246497e-02
54 100 -3.259568e-02
80 92 -3.264488e-02
2 86 -3.267300e-02
48 99 -3.275566e-02
86 95 -3.283728e-02
44 53 -3.284754e-02
41 72 -3.287066e-02
68 92 -3.297154e-02
2 44 -3.299538e-02
73 99 -3.299735e-02
70 78 -3.302665e-02
45 59 -3.313993e-02
57 60 -3.315826e-02
13 30 -3.316056e-02
6 65 -3.331174e-02
3 63 -3.334661e-02
53 97 -3.339053e-02
25 82 -3.346851e-02
12 69 -3.357537e-02
11 72 -3.374187e-02
28 93 -3.377205e-02
27 66 -3.380191e-02
29 52 -3.380826e-02
61 89 -3.391607e-02
30 44 -3.409536e-02
31 69 -3.430893e-02
13 33 -3.435128e-02
33 53 -3.441706e-02
31 96 -3.448480e-02
15 29 -3.451515e-02
11 37 -3.457393e-02
22 96 -3.463619e-02
86 94 -3.483325e-02
13 78 -3.491538e-02
54 68 -3.493671e-02
24 72 -3.495827e-02
46 95 -3.499003e-02
67 89 -3.505533e-02
23 92 -3.507320e-02
11 48 -3.508527e-02
21 65 -3.508993e-02
32 53 -3.518147e-02
24 81 -3.522103e-02
43 82 -3.537223e-02
18 35 -3.547284e-02
26 52 -3.550565e-02
21 69 -3.551863e-02
70 71 -3.576118e-02
44 96 -3.589037e-02
5 57 -3.602904e-02
60 73 -3.606979e-02
81 83 -3.613189e-02
41 51 -3.618228e-02
40 97 -3.626231e-02
17 29 -3.635439e-02
72 81 -3.647840e-02
15 98 -3.652514e-02
8 53 -3.656043e-02
42 89 -3.667205e-02
45 63 -3.670625e-02
59 98 -3.670902e-02
26 73 -3.685689e-02
47 70 -3.691691e-02
48 93 -3.692354e-02
9 46 -3.695259e-02
21 87 -3.699246e-02
32 97 -3.699765e-02
9 17 -3.703782e-02
77 94 -3.709974e-02
50 99 -3.717933e-02
16 73 -3.722474e-02
34 99 -3.727948e-02
21 84 -3.729739e-02
26 91 -3.735482e-02
25 68 -3.742735e-02
29 58 -3.745979e-02
55 95 -3.757271e-02
33 93 -3.757446e-02
22 79 -3.760906e-02
23 100 -3.771165e-02
22 98 -3.775896e-02
42 76 -3.779616e-02
28 99 -3.791535e-02
34 42 -3.793521e-02
3 80 -3.794091e-02
10 98 -3.796101e-02
18 88 -3.797642e-02
64 89 -3.799260e-02
9 32 -3.812338e-02
43 97 -3.816462e-02
20 41 -3.817581e-02
59 93 -3.820783e-02
53 59 -3.830347e-02
14 87 -3.847207e-02
35 87 -3.851462e-02
83 87 -3.853236e-02
25 43 -3.867032e-02
46 92 -3.872148e-02
3 59 -3.882683e-02
39 47 -3.894454e-02
65 97 -3.912795e-02
55 66 -3.919866e-02
53 100 -3.923064e-02
41 66 -3.925325e-02
26 42 -3.929070e-02
14 98 -3.929232e-02
82 87 -3.929845e-02
32 40 -3.937106e-02
77 98 -3.940647e-02
14 67 -3.941899e-02
12 54 -3.944094e-02
59 87 -3.963837e-02
2 18 -3.965660e-02
50 92 -3.971825e-02
75 93 -3.972081e-02
10 69 -3.999948e-02
21 99 -4.000299e-02
37 97 -4.013718e-02
34 98 -4.024992e-02
38 70 -4.030039e-02
45 100 -4.032044e-02
12 100 -4.036394e-02
9 82 -4.057223e-02
47 51 -4.057349e-02
54 61 -4.062908e-02
33 58 -4.064149e-02
34 90 -4.064751e-02
29 39 -4.066152e-02
37 73 -4.085850e-02
10 100 -4.087704e-02
16 65 -4.093348e-02
47 80 -4.098620e-02
20 56 -4.104006e-02
49 69 -4.107820e-02
43 93 -4.142333e-02
76 97 -4.146808e-02
26 60 -4.147804e-02
51 94 -4.149985e-02
13 22 -4.167777e-02
27 39 -4.182532e-02
30 89 -4.186530e-02
40 71 -4.207329e-02
20 89 -4.217571e-02
53 99 -4.227834e-02
67 70 -4.234691e-02
22 60 -4.249243e-02
5 44 -4.255576e-02
25 28 -4.259422e-02
2 51 -4.264964e-02
42 90 -4.270213e-02
2 62 -4.275075e-02
2 49 -4.285593e-02
29 56 -4.286999e-02
18 28 -4.290155e-02
29 72 -4.291591e-02
55 94 -4.299607e-02
34 65 -4.308284e-02
50 68 -4.322965e-02
44 100 -4.334815e-02
60 98 -4.345899e-02
13 48 -4.355546e-02
26 96 -4.359229e-02
3 70 -4.360992e-02
16 71 -4.364050e-02
5 53 -4.366724e-02
46 62 -4.375174e-02
64 99 -4.380978e-02
56 99 -4.385389e-02
23 67 -4.389733e-02
56 85 -4.423571e-02
32 94 -4.429808e-02
58 83 -4.435642e-02
13 64 -4.438218e-02
54 64 -4.441267e-02
44 99 -4.447260e-02
10 39 -4.452159e-02
17 92 -4.467114e-02
22 90 -4.482175e-02
32 38 -4.492718e-02
74 98 -4.497342e-02
40 51 -4.500625e-02
6 35 -4.502524e-02
5 42 -4.505245e-02
3 51 -4.510435e-02
16 48 -4.511998e-02
79 89 -4.520909e-02
79 88 -4.534116e-02
48 65 -4.562395e-02
2 23 -4.570384e-02
30 72 -4.574981e-02
14 40 -4.583756e-02
74 91 -4.586430e-02
7 81 -4.587927e-02
30 50 -4.589893e-02
69 98 -4.593052e-02
36 88 -4.594900e-02
2 24 -4.599311e-02
17 90 -4.607011e-02
24 49 -4.620202e-02
85 98 -4.620353e-02
43 92 -4.621696e-02
38 95 -4.627870e-02
24 91 -4.629834e-02
79 91 -4.631055e-02
65 90 -4.667427e-02
75 78 -4.670267e-02
32 86 -4.675455e-02
16 68 -4.678739e-02
24 99 -4.687345e-02
60 69 -4.689982e-02
55 97 -4.694287e-02
5 47 -4.695474e-02
39 95 -4.705218e-02
49 79 -4.706045e-02
38 77 -4.717203e-02
9 45 -4.717378e-02
9 99 -4.720886e-02
50 98 -4.726531e-02
2 34 -4.733614e-02
3 65 -4.739765e-02
11 61 -4.745312e-02
27 96 -4.747420e-02
26 36 -4.751940e-02
2 58 -4.759684e-02
34 100 -4.763365e-02
23 98 -4.764722e-02
60 87 -4.773551e-02
83 88 -4.782339e-02
6 34 -4.783899e-02
19 55 -4.790316e-02
60 97 -4.802370e-02
52 96 -4.815639e-02
59 90 -4.820690e-02
3 27 -4.825621e-02
36 49 -4.827326e-02
50 71 -4.829720e-02
2 31 -4.831172e-02
18 27 -4.840526e-02
18 82 -4.842242e-02
79 92 -4.844423e-02
6 37 -4.849978e-02
49 76 -4.850720e-02
64 98 -4.856500e-02
35 77 -4.884066e-02
67 73 -4.886188e-02
53 90 -4.886243e-02
51 87 -4.887371e-02
10 36 -4.887548e-02
39 74 -4.888558e-02
76 82 -4.901641e-02
61 74 -4.905372e-02
16 58 -4.906593e-02
38 74 -4.907633e-02
29 79 -4.912219e-02
74 93 -4.934491e-02
10 47 -4.934850e-02
39 59 -4.935585e-02
42 78 -4.941464e-02
52 92 -4.948155e-02
12 46 -4.980262e-02
53 69 -4.981141e-02
32 95 -4.982838e-02
42 77 -4.988100e-02
30 82 -5.008580e-02
13 65 -5.011848e-02
54 70 -5.013809e-02
12 77 -5.018744e-02
8 100 -5.021331e-02
36 86 -5.036401e-02
38 92 -5.049646e-02
62 78 -5.053678e-02
25 26 -5.054465e-02
3 64 -5.055278e-02
7 19 -5.066289e-02
38 48 -5.067462e-02
30 37 -5.083342e-02
67 97 -5.089571e-02
83 93 -5.097706e-02
32 98 -5.097767e-02
38 96 -5.101341e-02
49 95 -5.101603e-02
37 54 -5.106011e-02
52 91 -5.110281e-02
52 97 -5.113256e-02
28 96 -5.117979e-02
2 83 -5.124174e-02
53 73 -5.130304e-02
44 92 -5.131110e-02
26 38 -5.151873e-02
13 52 -5.153512e-02
31 48 -5.163640e-02
3 86 -5.164219e-02
83 89 -5.164805e-02
28 95 -5.176962e-02
4 73 -5.187669e-02
43 90 -5.189809e-02
19 41 -5.193302e-02
9 36 -5.197208e-02
27 52 -5.200721e-02
61 92 -5.203215e-02
37 84 -5.216066e-02
10 45 -5.217131e-02
23 90 -5.232048e-02
10 35 -5.233363e-02
5 58 -5.233373e-02
8 34 -5.235349e-02
38 44 -5.239023e-02
22 99 -5.245991e-02
9 22 -5.247090e-02
16 60 -5.258784e-02
21 95 -5.259501e-02
7 99 -5.262738e-02
2 39 -5.262869e-02
21 93 -5.275948e-02
28 97 -5.281033e-02
83 84 -5.283339e-02
83 85 -5.283782e-02
5 23 -5.283917e-02
51 68 -5.287063e-02
59 100 -5.301047e-02
27 43 -5.305338e-02
14 82 -5.305524e-02
31 51 -5.305803e-02
66 98 -5.311072e-02
20 94 -5.320400e-02
2 19 -5.325407e-02
3 42 -5.331181e-02
10 41 -5.346360e-02
73 83 -5.349233e-02
28 61 -5.349654e-02
18 73 -5.357021e-02
31 79 -5.358812e-02
7 63 -5.359221e-02
25 61 -5.362425e-02
2 48 -5.366086e-02
37 91 -5.367134e-02
6 86 -5.376650e-02
25 47 -5.380283e-02
16 85 -5.386199e-02
34 86 -5.388850e-02
44 68 -5.401592e-02
4 28 -5.402423e-02
50 75 -5.402966e-02
49 67 -5.413558e-02
50 94 -5.421731e-02
27 37 -5.443191e-02
71 100 -5.443986e-02
71 90 -5.467888e-02
19 73 -5.470764e-02
59 88 -5.471296e-02
55 64 -5.475421e-02
29 92 -5.476674e-02
25 80 -5.485323e-02
33 43 -5.485867e-02
37 99 -5.486279e-02
7 69 -5.490254e-02
33 55 -5.494884e-02
26 51 -5.500441e-02
2 27 -5.500525e-02
27 60 -5.503340e-02
71 88 -5.507944e-02
44 58 -5.512281e-02
25 91 -5.513777e-02
28 51 -5.529935e-02
71 87 -5.542152e-02
20 96 -5.550262e-02
56 60 -5.552555e-02
21 45 -5.554871e-02
14 42 -5.558169e-02
16 72 -5.561987e-02
19 59 -5.566827e-02
69 99 -5.575007e-02
61 97 -5.580895e-02
66 97 -5.590340e-02
34 97 -5.607123e-02
37 100 -5.610576e-02
19 82 -5.620678e-02
38 87 -5.623322e-02
4 77 -5.633085e-02
79 90 -5.636422e-02
2 69 -5.639684e-02
2 75 -5.644929e-02
39 92 -5.645821e-02
41 63 -5.649291e-02
51 81 -5.659561e-02
18 64 -5.662921e-02
65 91 -5.669400e-02
4 51 -5.672085e-02
8 41 -5.678959e-02
32 99 -5.686899e-02
45 68 -5.702075e-02
21 94 -5.702736e-02
33 97 -5.714527e-02
51 76 -5.729777e-02
54 96 -5.731102e-02
26 35 -5.739963e-02
58 100 -5.759244e-02
63 70 -5.759559e-02
9 28 -5.770994e-02
73 92 -5.785221e-02
29 91 -5.789619e-02
39 68 -5.792283e-02
41 65 -5.794382e-02
40 63 -5.794727e-02
23 31 -5.802637e-02
33 96 -5.807097e-02
9 35 -5.807101e-02
43 74 -5.810176e-02
52 83 -5.811030e-02
17 33 -5.815992e-02
3 18 -5.817710e-02
60 80 -5.821119e-02
6 33 -5.848760e-02
23 55 -5.850020e-02
21 55 -5.858901e-02
3 89 -5.861397e-02
29 44 -5.869411e-02
16 93 -5.872258e-02
12 98 -5.898714e-02
59 60 -5.899442e-02
23 72 -5.901305e-02
19 26 -5.920161e-02
20 92 -5.932149e-02
27 93 -5.933246e-02
17 55 -5.938227e-02
64 93 -5.942172e-02
68 90 -5.953433e-02
55 67 -5.958882e-02
19 86 -5.959841e-02
62 82 -5.959993e-02
12 71 -5.977419e-02
9 97 -5.993412e-02
24 93 -6.000466e-02
8 83 -6.008958e-02
21 49 -6.015839e-02
3 83 -6.019427e-02
45 87 -6.023509e-02
55 92 -6.024023e-02
81 96 -6.037171e-02
24 97 -6.041258e-02
10 80 -6.041711e-02
76 98 -6.043627e-02
28 39 -6.053526e-02
23 34 -6.056622e-02
38 69 -6.061365e-02
56 100 -6.062510e-02
41 79 -6.069195e-02
69 92 -6.074909e-02
49 97 -6.077016e-02
76 99 -6.080349e-02
83 91 -6.081220e-02
7 97 -6.083530e-02
49 93 -6.094469e-02
21 97 -6.097537e-02
49 92 -6.111361e-02
4 78 -6.114503e-02
25 51 -6.121624e-02
8 62 -6.124778e-02
72 90 -6.124864e-02
28 41 -6.150816e-02
8 30 -6.157249e-02
49 57 -6.166614e-02
16 80 -6.171485e-02
47 97 -6.174032e-02
63 71 -6.176034e-02
75 82 -6.176116e-02
33 88 -6.177342e-02
19 65 -6.202652e-02
22 97 -6.230352e-02
10 60 -6.241115e-02
55 99 -6.249110e-02
54 72 -6.258766e-02
28 40 -6.258963e-02
16 31 -6.276784e-02
8 98 -6.277588e-02
26 59 -6.288929e-02
19 48 -6.294207e-02
26 94 -6.295946e-02
17 62 -6.296604e-02
9 34 -6.307636e-02
31 88 -6.335852e-02
12 60 -6.335932e-02
81 94 -6.340281e-02
36 94 -6.343632e-02
58 67 -6.349770e-02
3 45 -6.353881e-02
77 96 -6.354267e-02
28 55 -6.378429e-02
14 34 -6.379245e-02
42 74 -6.383013e-02
65 99 -6.393942e-02
23 29 -6.407566e-02
19 100 -6.408358e-02
13 62 -6.409160e-02
40 99 -6.420752e-02
38 91 -6.450652e-02
3 72 -6.452513e-02
3 60 -6.460008e-02
10 99 -6.471155e-02
45 48 -6.473228e-02
5 63 -6.474515e-02
29 69 -6.483044e-02
68 94 -6.487182e-02
15 39 -6.490729e-02
60 99 -6.508789e-02
25 57 -6.510778e-02
21 66 -6.511943e-02
27 79 -6.512302e-02
46 88 -6.516765e-02
41 70 -6.518019e-02
79 81 -6.518636e-02
3 57 -6.522550e-02
55 98 -6.535294e-02
13 67 -6.539225e-02
28 94 -6.546588e-02
64 77 -6.590288e-02
42 51 -6.601479e-02
47 54 -6.619688e-02
82 88 -6.643796e-02
36 97 -6.647575e-02
5 77 -6.648409e-02
31 77 -6.650397e-02
43 73 -6.652318e-02
67 99 -6.652628e-02
71 97 -6.654002e-02
3 71 -6.666467e-02
33 98 -6.670547e-02
8 69 -6.670933e-02
41 68 -6.672273e-02
36 46 -6.673228e-02
25 44 -6.678422e-02
35 74 -6.678661e-02
3 48 -6.679550e-02
52 98 -6.679649e-02
62 67 -6.681046e-02
63 94 -6.687154e-02
14 99 -6.691454e-02
45 84 -6.698030e-02
66 99 -6.698846e-02
33 83 -6.703092e-02
26 100 -6.714700e-02
9 57 -6.715575e-02
39 82 -6.715622e-02
23 94 -6.720530e-02
28 42 -6.731104e-02
63 90 -6.752573e-02
34 61 -6.768890e-02
42 71 -6.773003e-02
3 74 -6.773299e-02
17 44 -6.773796e-02
17 39 -6.774680e-02
12 57 -6.777879e-02
63 67 -6.790050e-02
2 36 -6.813663e-02
35 92 -6.817127e-02
20 44 -6.823033e-02
4 53 -6.835226e-02
75 87 -6.847533e-02
43 64 -6.864914e-02
7 48 -6.864917e-02
30 88 -6.876691e-02
71 99 -6.886701e-02
40 93 -6.893273e-02
46 97 -6.893401e-02
74 95 -6.895924e-02
18 80 -6.900603e-02
47 98 -6.902371e-02
56 77 -6.902586e-02
21 47 -6.933719e-02
45 82 -6.945474e-02
31 62 -6.952572e-02
31 100 -6.966151e-02
6 67 -6.969588e-02
61 81 -6.971580e-02
42 88 -6.973136e-02
12 73 -6.975602e-02
55 100 -6.980131e-02
3 34 -6.985984e-02
12 81 -6.988809e-02
53 88 -7.005328e-02
43 45 -7.014472e-02
76 78 -7.021042e-02
52 99 -7.039926e-02
36 95 -7.050477e-02
67 98 -7.061824e-02
40 43 -7.067134e-02
24 33 -7.068026e-02
17 69 -7.068543e-02
55 80 -7.081864e-02
33 63 -7.081884e-02
72 89 -7.102200e-02
15 54 -7.109601e-02
61 85 -7.111336e-02
64 100 -7.111782e-02
50 80 -7.113879e-02
5 75 -7.116691e-02
39 40 -7.119567e-02
2 95 -7.120497e-02
12 51 -7.127849e-02
3 35 -7.136075e-02
36 98 -7.139667e-02
10 97 -7.145196e-02
31 50 -7.161491e-02
61 96 -7.161776e-02
29 43 -7.168154e-02
49 65 -7.170748e-02
15 90 -7.178618e-02
65 84 -7.179420e-02
58 81 -7.221371e-02
11 52 -7.221609e-02
3 73 -7.235705e-02
66 100 -7.238239e-02
10 19 -7.242414e-02
51 77 -7.247664e-02
36 42 -7.255740e-02
62 98 -7.257676e-02
3 55 -7.261499e-02
12 53 -7.270218e-02
27 85 -7.275093e-02
44 72 -7.297080e-02
46 75 -7.304499e-02
22 70 -7.310881e-02
21 71 -7.316485e-02
56 63 -7.322566e-02
49 91 -7.326099e-02
24 44 -7.328999e-02
69 85 -7.342424e-02
40 98 -7.357294e-02
53 84 -7.378883e-02
8 40 -7.382043e-02
38 39 -7.382484e-02
65 98 -7.386233e-02
44 69 -7.403866e-02
40 86 -7.413365e-02
53 60 -7.419468e-02
44 75 -7.421348e-02
65 74 -7.422737e-02
15 35 -7.433753e-02
8 78 -7.447327e-02
2 96 -7.453039e-02
37 93 -7.455574e-02
42 56 -7.458207e-02
17 57 -7.463625e-02
52 94 -7.465841e-02
34 89 -7.468351e-02
61 99 -7.470009e-02
66 94 -7.470279e-02
33 87 -7.471361e-02
26 57 -7.496877e-02
16 79 -7.499696e-02
31 56 -7.510950e-02
22 69 -7.515394e-02
18 92 -7.515924e-02
9 79 -7.532767e-02
12 99 -7.534725e-02
35 44 -7.535499e-02
17 45 -7.537322e-02
17 64 -7.540090e-02
4 22 -7.541961e-02
11 56 -7.554313e-02
69 95 -7.554848e-02
28 53 -7.555239e-02
59 99 -7.563464e-02
39 93 -7.567506e-02
18 59 -7.593451e-02
3 36 -7.596434e-02
13 51 -7.601650e-02
14 61 -7.638898e-02
47 99 -7.655183e-02
49 56 -7.656933e-02
20 100 -7.666185e-02
23 43 -7.674125e-02
51 82 -7.676032e-02
39 96 -7.680721e-02
44 67 -7.687747e-02
14 39 -7.695295e-02
37 90 -7.695749e-02
28 98 -7.697444e-02
22 34 -7.705078e-02
9 56 -7.710876e-02
18 100 -7.711728e-02
7 50 -7.714411e-02
65 95 -7.726334e-02
47 91 -7.726467e-02
12 47 -7.728667e-02
16 40 -7.735015e-02
47 53 -7.735527e-02
26 58 -7.737356e-02
13 31 -7.737411e-02
13 34 -7.742391e-02
36 99 -7.743314e-02
42 98 -7.745905e-02
47 90 -7.746354e-02
31 97 -7.748410e-02
3 87 -7.764272e-02
23 99 -7.768992e-02
15 47 -7.775349e-02
33 91 -7.781905e-02
27 31 -7.782142e-02
76 100 -7.783331e-02
5 27 -7.785132e-02
76 79 -7.787603e-02
13 44 -7.789364e-02
10 30 -7.789702e-02
35 95 -7.793892e-02
23 84 -7.803120e-02
60 100 -7.812225e-02
6 52 -7.815660e-02
42 97 -7.818212e-02
31 90 -7.821183e-02
25 87 -7.821233e-02
48 77 -7.834627e-02
72 98 -7.836135e-02
75 95 -7.844288e-02
24 70 -7.860609e-02
50 96 -7.862252e-02
3 62 -7.884146e-02
6 29 -7.896579e-02
30 47 -7.909967e-02
12 63 -7.931413e-02
24 69 -7.942740e-02
67 100 -7.949445e-02
59 97 -7.952268e-02
63 100 -7.959704e-02
42 96 -7.967719e-02
61 66 -7.970001e-02
33 99 -7.974980e-02
74 90 -7.975871e-02
29 60 -7.977498e-02
32 43 -7.998446e-02
81 93 -8.003804e-02
4 34 -8.008464e-02
65 96 -8.011234e-02
2 94 -8.012195e-02
55 96 -8.020814e-02
75 96 -8.031362e-02
29 96 -8.034103e-02
9 19 -8.035162e-02
4 82 -8.035416e-02
22 54 -8.039307e-02
24 95 -8.040423e-02
62 100 -8.046627e-02
18 67 -8.047756e-02
11 76 -8.047757e-02
48 67 -8.049990e-02
69 100 -8.057716e-02
22 31 -8.068042e-02
20 40 -8.070812e-02
19 61 -8.072231e-02
37 95 -8.075264e-02
49 99 -8.075494e-02
12 33 -8.084130e-02
13 90 -8.092233e-02
46 99 -8.105015e-02
30 46 -8.120450e-02
60 76 -8.131971e-02
18 44 -8.135782e-02
21 73 -8.137649e-02
23 50 -8.139854e-02
54 80 -8.151075e-02
50 70 -8.203633e-02
40 69 -8.206394e-02
65 83 -8.218769e-02
68 89 -8.242264e-02
32 85 -8.248157e-02
35 94 -8.252700e-02
49 86 -8.257052e-02
3 95 -8.257248e-02
30 90 -8.258461e-02
32 41 -8.259427e-02
19 91 -8.259598e-02
48 70 -8.260564e-02
53 95 -8.266851e-02
24 89 -8.272876e-02
5 80 -8.287998e-02
79 86 -8.289787e-02
15 95 -8.291996e-02
20 37 -8.296368e-02
72 100 -8.304190e-02
2 93 -8.304707e-02
36 100 -8.324153e-02
8 33 -8.354360e-02
26 89 -8.361565e-02
19 98 -8.368046e-02
46 98 -8.376658e-02
23 78 -8.382944e-02
44 80 -8.394135e-02
32 100 -8.417661e-02
9 95 -8.419640e-02
76 80 -8.422137e-02
64 75 -8.426289e-02
58 73 -8.426993e-02
46 91 -8.440862e-02
16 57 -8.448253e-02
2 92 -8.449569e-02
61 98 -8.450617e-02
8 99 -8.456110e-02
15 34 -8.463163e-02
18 66 -8.463204e-02
66 76 -8.465353e-02
48 92 -8.471775e-02
25 89 -8.489594e-02
24 92 -8.513098e-02
14 97 -8.524363e-02
23 66 -8.534413e-02
15 44 -8.547516e-02
3 39 -8.564523e-02
55 84 -8.573239e-02
45 71 -8.583246e-02
73 79 -8.584308e-02
5 26 -8.588247e-02
22 83 -8.610981e-02
3 96 -8.611877e-02
3 20 -8.613970e-02
46 90 -8.618141e-02
20 80 -8.622687e-02
28 90 -8.643214e-02
31 93 -8.644830e-02
43 63 -8.658393e-02
36 70 -8.673150e-02
42 99 -8.686177e-02
69 72 -8.706353e-02
25 100 -8.708762e-02
41 50 -8.710977e-02
49 94 -8.717822e-02
36 92 -8.722579e-02
40 60 -8.725206e-02
2 70 -8.736712e-02
61 94 -8.757010e-02
53 66 -8.768802e-02
31 92 -8.772002e-02
46 100 -8.773278e-02
8 86 -8.779738e-02
7 22 -8.787964e-02
60 91 -8.802571e-02
47 84 -8.809354e-02
13 88 -8.812071e-02
17 66 -8.854148e-02
49 98 -8.856867e-02
61 80 -8.857376e-02
21 96 -8.864434e-02
7 49 -8.869373e-02
24 96 -8.883624e-02
18 60 -8.890852e-02
23 73 -8.894429e-02
40 70 -8.913869e-02
35 83 -8.917860e-02
10 87 -8.928273e-02
2 82 -8.932141e-02
8 84 -8.934386e-02
38 63 -8.938172e-02
56 72 -8.947064e-02
16 38 -8.949518e-02
22 94 -8.964902e-02
11 23 -8.989108e-02
19 22 -8.990212e-02
68 96 -8.994066e-02
83 90 -8.994831e-02
9 90 -8.997472e-02
26 98 -9.007869e-02
34 70 -9.010549e-02
28 76 -9.012084e-02
18 98 -9.020223e-02
62 97 -9.027378e-02
50 100 -9.030047e-02
27 89 -9.052414e-02
47 100 -9.057389e-02
63 96 -9.057990e-02
45 53 -9.071983e-02
61 100 -9.096477e-02
27 55 -9.099475e-02
22 95 -9.130603e-02
30 80 -9.134575e-02
45 69 -9.136343e-02
19 81 -9.165596e-02
53 91 -9.171342e-02
62 99 -9.182721e-02
34 81 -9.206253e-02
5 21 -9.251197e-02
65 88 -9.256021e-02
32 65 -9.275926e-02
29 93 -9.291868e-02
31 82 -9.301464e-02
5 49 -9.306346e-02
33 92 -9.322437e-02
4 81 -9.349480e-02
2 53 -9.351971e-02
46 89 -9.353559e-02
73 96 -9.356027e-02
15 64 -9.356734e-02
40 46 -9.357921e-02
4 68 -9.359431e-02
29 71 -9.361157e-02
5 59 -9.361667e-02
17 71 -9.362279e-02
30 64 -9.385732e-02
12 97 -9.394350e-02
32 90 -9.400777e-02
18 96 -9.411783e-02
5 51 -9.429419e-02
42 100 -9.429930e-02
23 96 -9.431267e-02
45 86 -9.438891e-02
13 58 -9.440317e-02
14 74 -9.446237e-02
22 77 -9.448791e-02
34 77 -9.448877e-02
45 75 -9.449314e-02
24 87 -9.452972e-02
37 94 -9.462417e-02
22 37 -9.469545e-02
47 93 -9.480157e-02
3 94 -9.480195e-02
64 95 -9.481882e-02
20 66 -9.482530e-02
26 99 -9.486495e-02
35 97 -9.490604e-02
7 73 -9.494664e-02
24 94 -9.495636e-02
3 69 -9.512483e-02
15 94 -9.518982e-02
25 64 -9.523228e-02
63 99 -9.537019e-02
18 62 -9.542372e-02
3 93 -9.542962e-02
29 100 -9.543650e-02
73 93 -9.552435e-02
9 37 -9.558013e-02
12 70 -9.559471e-02
5 40 -9.570072e-02
37 41 -9.571235e-02
17 38 -9.572274e-02
62 92 -9.575207e-02
10 73 -9.584128e-02
23 89 -9.595406e-02
31 33 -9.616262e-02
20 93 -9.626507e-02
6 51 -9.627584e-02
9 70 -9.628682e-02
26 79 -9.631214e-02
6 84 -9.639117e-02
34 48 -9.641452e-02
15 65 -9.649171e-02
37 40 -9.681313e-02
10 49 -9.691449e-02
17 56 -9.725933e-02
7 84 -9.739242e-02
14 49 -9.755587e-02
52 100 -9.777341e-02
5 85 -9.779526e-02
3 41 -9.789253e-02
68 93 -9.793424e-02
52 59 -9.796436e-02
23 58 -9.813379e-02
8 58 -9.814064e-02
5 64 -9.814580e-02
18 51 -9.814649e-02
68 95 -9.817406e-02
3 92 -9.820986e-02
39 89 -9.824444e-02
75 90 -9.834161e-02
62 69 -9.838541e-02
20 82 -9.839925e-02
11 51 -9.843283e-02
54 94 -9.848473e-02
30 58 -9.851188e-02
48 60 -9.855644e-02
31 63 -9.862276e-02
23 59 -9.866277e-02
71 72 -9.874532e-02
7 83 -9.876810e-02
63 97 -9.877046e-02
72 97 -9.878302e-02
72 91 -9.889059e-02
21 91 -9.890659e-02
72 99 -9.895735e-02
61 65 -9.897967e-02
23 97 -9.900504e-02
12 22 -9.900992e-02
27 73 -9.911948e-02
61 82 -9.913547e-02
48 96 -9.914407e-02
52 63 -9.918024e-02
30 86 -9.921578e-02
5 66 -9.926900e-02
29 37 -9.929648e-02
19 99 -9.935855e-02
20 58 -9.942019e-02
8 97 -9.942930e-02
17 78 -9.949515e-02
22 28 -9.967329e-02
34 78 -9.969114e-02
55 65 -9.972985e-02
2 71 -9.980778e-02
26 47 -9.984599e-02
71 92 -1.001137e-01
21 51 -1.001260e-01
34 66 -1.002635e-01
24 31 -1.003119e-01
33 95 -1.003580e-01
25 29 -1.006109e-01
23 85 -1.009568e-01
32 55 -1.009639e-01
60 64 -1.009698e-01
39 72 -1.011330e-01
72 74 -1.013150e-01
32 96 -1.013619e-01
4 55 -1.014103e-01
54 89 -1.016041e-01
27 47 -1.017214e-01
27 100 -1.018444e-01
20 73 -1.019463e-01
15 92 -1.020691e-01
9 30 -1.021177e-01
48 81 -1.021889e-01
2 84 -1.022199e-01
26 83 -1.022545e-01
65 86 -1.024008e-01
17 88 -1.024537e-01
46 55 -1.024550e-01
20 99 -1.024945e-01
37 96 -1.025235e-01
14 75 -1.026535e-01
25 54 -1.026690e-01
27 53 -1.028277e-01
10 21 -1.029481e-01
65 100 -1.032024e-01
17 82 -1.032354e-01
15 89 -1.033259e-01
62 81 -1.034420e-01
52 65 -1.034451e-01
35 79 -1.034752e-01
16 74 -1.035327e-01
33 100 -1.035506e-01
32 74 -1.035701e-01
14 46 -1.035894e-01
2 85 -1.036569e-01
77 79 -1.038430e-01
34 73 -1.039966e-01
18 99 -1.040363e-01
19 51 -1.040509e-01
49 70 -1.042886e-01
22 93 -1.043280e-01
64 81 -1.043477e-01
60 79 -1.043510e-01
35 99 -1.044160e-01
15 40 -1.045224e-01
23 45 -1.046380e-01
17 75 -1.046919e-01
43 62 -1.048577e-01
53 79 -1.048584e-01
68 81 -1.049127e-01
71 81 -1.049845e-01
27 59 -1.051674e-01
47 95 -1.051874e-01
38 86 -1.052525e-01
18 29 -1.052630e-01
21 92 -1.053705e-01
4 61 -1.054542e-01
27 71 -1.054592e-01
22 72 -1.055784e-01
9 85 -1.057593e-01
6 71 -1.057745e-01
40 100 -1.059427e-01
33 65 -1.059874e-01
82 83 -1.060353e-01
26 67 -1.060937e-01
14 21 -1.062177e-01
6 78 -1.062970e-01
37 61 -1.063588e-01
14 38 -1.063894e-01
50 95 -1.064418e-01
17 36 -1.065253e-01
54 86 -1.065463e-01
40 88 -1.065803e-01
76 81 -1.067237e-01
35 89 -1.067530e-01
28 60 -1.068216e-01
21 67 -1.068219e-01
27 38 -1.069548e-01
30 48 -1.070034e-01
34 53 -1.071945e-01
22 76 -1.072266e-01
7 56 -1.072296e-01
17 60 -1.072756e-01
19 56 -1.073163e-01
35 96 -1.073386e-01
26 43 -1.076093e-01
29 82 -1.076498e-01
49 100 -1.076941e-01
64 96 -1.077097e-01
9 96 -1.079909e-01
64 90 -1.080229e-01
4 80 -1.081583e-01
14 18 -1.082091e-01
50 76 -1.085171e-01
21 32 -1.086821e-01
3 61 -1.087003e-01
33 39 -1.088894e-01
19 66 -1.089930e-01
8 35 -1.090630e-01
16 92 -1.090864e-01
35 100 -1.091120e-01
63 74 -1.091239e-01
27 68 -1.091451e-01
35 55 -1.091943e-01
81 95 -1.093021e-01
7 21 -1.093299e-01
45 90 -1.094520e-01
22 63 -1.095201e-01
26 97 -1.095823e-01
25 98 -1.097163e-01
5 68 -1.098446e-01
69 93 -1.098955e-01
35 57 -1.099538e-01
12 21 -1.102309e-01
63 98 -1.103188e-01
22 49 -1.103542e-01
36 89 -1.103769e-01
12 82 -1.104446e-01
21 42 -1.105513e-01
25 34 -1.106185e-01
43 47 -1.108711e-01
69 94 -1.109605e-01
22 57 -1.113145e-01
3 53 -1.114321e-01
5 65 -1.116357e-01
4 84 -1.117702e-01
38 82 -1.118273e-01
37 68 -1.118791e-01
59 79 -1.121537e-01
48 91 -1.122371e-01
37 75 -1.122788e-01
37 86 -1.122912e-01
74 94 -1.125460e-01
32 83 -1.125743e-01
22 92 -1.126284e-01
10 67 -1.127540e-01
41 75 -1.128637e-01
33 49 -1.132168e-01
6 38 -1.132338e-01
15 53 -1.132362e-01
14 71 -1.133282e-01
26 54 -1.133576e-01
20 97 -1.133984e-01
18 21 -1.136812e-01
18 97 -1.137702e-01
10 23 -1.138973e-01
17 47 -1.139533e-01
36 96 -1.141370e-01
23 33 -1.142535e-01
6 59 -1.142930e-01
5 38 -1.143465e-01
9 67 -1.144603e-01
52 61 -1.144994e-01
12 64 -1.146953e-01
6 27 -1.147151e-01
2 61 -1.150222e-01
22 75 -1.153595e-01
27 88 -1.155153e-01
8 77 -1.155212e-01
35 98 -1.155602e-01
9 61 -1.155745e-01
29 67 -1.156295e-01
13 82 -1.159665e-01
39 42 -1.160749e-01
31 44 -1.161557e-01
24 40 -1.164406e-01
25 99 -1.165065e-01
47 83 -1.166043e-01
19 97 -1.166236e-01
52 74 -1.166945e-01
26 41 -1.168800e-01
38 80 -1.169114e-01
16 30 -1.170160e-01
15 74 -1.172459e-01
36 41 -1.173402e-01
25 60 -1.176144e-01
28 64 -1.176620e-01
11 59 -1.177312e-01
47 77 -1.177351e-01
47 82 -1.178332e-01
42 67 -1.178865e-01
33 59 -1.180213e-01
39 46 -1.181667e-01
7 39 -1.183673e-01
52 73 -1.185190e-01
8 66 -1.185529e-01
32 60 -1.187206e-01
9 51 -1.187315e-01
22 33 -1.188705e-01
10 70 -1.188738e-01
49 96 -1.190891e-01
7 34 -1.191766e-01
13 81 -1.193156e-01
27 74 -1.193773e-01
63 76 -1.196453e-01
22 81 -1.198802e-01
43 70 -1.199003e-01
32 56 -1.200427e-01
31 54 -1.202073e-01
39 49 -1.202734e-01
7 72 -1.205689e-01
52 57 -1.205697e-01
2 74 -1.207423e-01
7 67 -1.209009e-01
24 58 -1.209188e-01
31 55 -1.210289e-01
62 71 -1.211005e-01
8 21 -1.215634e-01
14 90 -1.215994e-01
27 28 -1.217391e-01
62 95 -1.217476e-01
48 64 -1.217785e-01
46 76 -1.217866e-01
22 62 -1.218270e-01
2 78 -1.219986e-01
16 63 -1.220157e-01
20 83 -1.221122e-01
20 98 -1.221252e-01
58 84 -1.221708e-01
66 69 -1.222509e-01
49 80 -1.226230e-01
56 71 -1.229070e-01
22 84 -1.229936e-01
25 72 -1.230218e-01
33 60 -1.231410e-01
54 92 -1.231734e-01
9 52 -1.232133e-01
48 55 -1.233745e-01
18 57 -1.234627e-01
5 54 -1.234859e-01
67 86 -1.235545e-01
4 48 -1.235574e-01
36 51 -1.236172e-01
38 62 -1.236966e-01
36 90 -1.237326e-01
43 67 -1.239572e-01
23 86 -1.240975e-01
54 69 -1.241341e-01
9 81 -1.241767e-01
9 64 -1.242408e-01
53 83 -1.244497e-01
61 76 -1.246311e-01
24 38 -1.248031e-01
28 72 -1.250779e-01
15 21 -1.250943e-01
35 85 -1.251258e-01
31 75 -1.251674e-01
6 50 -1.253154e-01
41 58 -1.253395e-01
29 99 -1.254194e-01
35 90 -1.255143e-01
10 56 -1.256515e-01
56 87 -1.258204e-01
51 90 -1.259924e-01
15 75 -1.261275e-01
36 73 -1.261533e-01
15 67 -1.262044e-01
54 76 -1.263025e-01
25 74 -1.264380e-01
13 93 -1.265754e-01
4 42 -1.266316e-01
65 89 -1.266333e-01
41 82 -1.266548e-01
29 98 -1.266675e-01
61 75 -1.267471e-01
18 47 -1.268282e-01
14 69 -1.268938e-01
52 78 -1.269324e-01
15 68 -1.269334e-01
43 80 -1.269643e-01
34 75 -1.270754e-01
61 95 -1.271743e-01
60 90 -1.271818e-01
8 39 -1.273675e-01
45 70 -1.275492e-01
18 46 -1.275549e-01
9 65 -1.276872e-01
54 78 -1.277176e-01
13 94 -1.277597e-01
75 89 -1.278532e-01
19 94 -1.278987e-01
27 76 -1.280819e-01
5 90 -1.280885e-01
7 32 -1.282246e-01
48 95 -1.282429e-01
27 98 -1.282718e-01
16 50 -1.283052e-01
64 94 -1.283473e-01
16 32 -1.283703e-01
25 97 -1.284149e-01
3 85 -1.284384e-01
49 68 -1.287158e-01
43 68 -1.290323e-01
58 79 -1.291021e-01
10 40 -1.292199e-01
40 57 -1.294602e-01
22 67 -1.296321e-01
44 84 -1.297202e-01
31 94 -1.297915e-01
24 85 -1.298004e-01
4 57 -1.298365e-01
52 86 -1.298367e-01
32 36 -1.298641e-01
67 91 -1.299736e-01
62 93 -1.301971e-01
39 44 -1.302662e-01
31 38 -1.302723e-01
23 81 -1.302820e-01
24 84 -1.304899e-01
42 84 -1.304949e-01
29 77 -1.306956e-01
36 83 -1.307055e-01
13 19 -1.307217e-01
6 96 -1.308502e-01
20 42 -1.309314e-01
40 89 -1.309340e-01
10 53 -1.309917e-01
29 89 -1.310065e-01
10 71 -1.310609e-01
21 88 -1.310993e-01
29 73 -1.311976e-01
15 63 -1.312034e-01
18 70 -1.312910e-01
9 94 -1.313745e-01
62 68 -1.314981e-01
31 85 -1.315973e-01
19 62 -1.316811e-01
51 84 -1.316883e-01
15 81 -1.316937e-01
66 95 -1.317161e-01
71 94 -1.317547e-01
7 76 -1.318319e-01
26 87 -1.318526e-01
39 65 -1.320028e-01
12 34 -1.321372e-01
30 59 -1.321662e-01
34 71 -1.321978e-01
35 71 -1.323543e-01
33 72 -1.323961e-01
36 74 -1.325417e-01
37 74 -1.326596e-01
17 80 -1.326745e-01
66 83 -1.327416e-01
25 66 -1.327433e-01
13 63 -1.327467e-01
66 91 -1.328464e-01
47 55 -1.328783e-01
41 45 -1.328847e-01
31 95 -1.328954e-01
43 71 -1.329568e-01
71 89 -1.330079e-01
31 60 -1.330133e-01
59 66 -1.330612e-01
12 85 -1.331475e-01
30 87 -1.332458e-01
25 69 -1.333941e-01
27 99 -1.335840e-01
43 85 -1.337831e-01
58 62 -1.338428e-01
25 79 -1.343104e-01
16 62 -1.343443e-01
61 72 -1.344998e-01
15 76 -1.345418e-01
21 44 -1.346518e-01
33 56 -1.349173e-01
11 80 -1.358712e-01
70 83 -1.360889e-01
24 71 -1.360951e-01
61 88 -1.362172e-01
26 85 -1.363114e-01
14 62 -1.364594e-01
15 26 -1.364775e-01
53 87 -1.365282e-01
5 60 -1.367810e-01
21 35 -1.369781e-01
22 88 -1.370461e-01
67 84 -1.370811e-01
20 91 -1.371545e-01
6 87 -1.372241e-01
13 96 -1.374015e-01
4 96 -1.374328e-01
4 14 -1.374422e-01
25 86 -1.375243e-01
10 20 -1.379048e-01
9 92 -1.379065e-01
21 53 -1.380347e-01
36 66 -1.380514e-01
62 84 -1.380753e-01
9 49 -1.380950e-01
34 59 -1.382376e-01
44 50 -1.382466e-01
27 75 -1.382998e-01
19 32 -1.383607e-01
21 68 -1.385183e-01
25 90 -1.385478e-01
13 40 -1.387449e-01
63 75 -1.390417e-01
14 81 -1.391065e-01
19 96 -1.391683e-01
55 69 -1.391845e-01
47 57 -1.393318e-01
29 97 -1.394725e-01
10 34 -1.396104e-01
39 70 -1.396884e-01
26 32 -1.399230e-01
9 26 -1.400107e-01
25 84 -1.400343e-01
32 82 -1.400956e-01
5 61 -1.402389e-01
6 56 -1.405335e-01
41 88 -1.405377e-01
68 82 -1.407456e-01
10 55 -1.408970e-01
4 39 -1.410808e-01
7 71 -1.415782e-01
31 42 -1.416009e-01
72 73 -1.416905e-01
26 44 -1.417419e-01
39 52 -1.418472e-01
12 37 -1.419087e-01
9 38 -1.419522e-01
20 70 -1.419714e-01
14 51 -1.420161e-01
16 24 -1.420283e-01
71 96 -1.420725e-01
36 40 -1.421444e-01
39 91 -1.421455e-01
76 91 -1.424316e-01
11 84 -1.425432e-01
60 92 -1.427553e-01
4 44 -1.428039e-01
6 94 -1.428144e-01
33 46 -1.432034e-01
53 85 -1.432246e-01
58 69 -1.432758e-01
9 88 -1.433901e-01
62 94 -1.436656e-01
75 83 -1.436732e-01
7 37 -1.436923e-01
4 95 -1.438427e-01
49 58 -1.438562e-01
25 73 -1.440210e-01
32 58 -1.442107e-01
27 84 -1.443491e-01
37 92 -1.443568e-01
31 53 -1.445012e-01
14 65 -1.445892e-01
63 95 -1.446085e-01
68 87 -1.449327e-01
8 19 -1.449746e-01
27 40 -1.449868e-01
25 30 -1.452937e-01
33 41 -1.454354e-01
60 94 -1.456505e-01
59 75 -1.459430e-01
9 21 -1.459508e-01
47 96 -1.460728e-01
15 45 -1.464520e-01
37 69 -1.464831e-01
29 61 -1.465097e-01
6 95 -1.466019e-01
5 33 -1.467396e-01
12 41 -1.467737e-01
29 41 -1.468668e-01
37 45 -1.472189e-01
66 96 -1.472711e-01
56 62 -1.474264e-01
15 28 -1.475570e-01
11 19 -1.475860e-01
35 41 -1.476291e-01
77 83 -1.476726e-01
17 52 -1.476761e-01
52 81 -1.479213e-01
27 97 -1.480975e-01
21 57 -1.481223e-01
53 80 -1.483162e-01
19 30 -1.485074e-01
19 95 -1.485535e-01
10 37 -1.488059e-01
29 32 -1.488398e-01
14 73 -1.489099e-01
56 82 -1.492502e-01
62 96 -1.493298e-01
24 48 -1.494922e-01
50 55 -1.496861e-01
22 80 -1.499333e-01
17 27 -1.499545e-01
22 46 -1.499645e-01
54 74 -1.503443e-01
11 64 -1.504120e-01
41 74 -1.504289e-01
5 29 -1.504445e-01
47 88 -1.506189e-01
9 68 -1.507038e-01
23 77 -1.508057e-01
10 38 -1.513636e-01
72 84 -1.515149e-01
42 95 -1.515561e-01
14 50 -1.518961e-01
12 45 -1.519244e-01
26 66 -1.522704e-01
7 55 -1.526122e-01
6 41 -1.526994e-01
13 50 -1.530395e-01
28 74 -1.531670e-01
8 29 -1.532061e-01
6 69 -1.533557e-01
43 88 -1.534501e-01
22 65 -1.537357e-01
9 71 -1.537852e-01
38 73 -1.539145e-01
37 71 -1.539242e-01
5 25 -1.539867e-01
8 68 -1.540591e-01
28 67 -1.541006e-01
11 62 -1.542088e-01
17 89 -1.543159e-01
6 48 -1.543328e-01
14 89 -1.544961e-01
51 69 -1.546187e-01
34 57 -1.547672e-01
24 73 -1.547934e-01
5 37 -1.549199e-01
48 58 -1.549458e-01
6 23 -1.555233e-01
4 94 -1.556992e-01
35 68 -1.557562e-01
27 56 -1.558282e-01
39 73 -1.558291e-01
18 49 -1.559018e-01
48 73 -1.560313e-01
26 84 -1.561970e-01
47 69 -1.562871e-01
55 82 -1.562895e-01
46 79 -1.563013e-01
20 59 -1.563369e-01
13 28 -1.564234e-01
27 81 -1.565079e-01
10 44 -1.566248e-01
24 63 -1.566601e-01
66 74 -1.567894e-01
20 72 -1.567936e-01
30 69 -1.568767e-01
4 93 -1.568891e-01
6 64 -1.569749e-01
23 40 -1.570944e-01
35 91 -1.571154e-01
39 64 -1.572362e-01
4 90 -1.573450e-01
63 82 -1.573925e-01
5 94 -1.575756e-01
12 80 -1.577607e-01
51 85 -1.577919e-01
30 60 -1.579968e-01
15 51 -1.581113e-01
38 57 -1.583498e-01
63 80 -1.583605e-01
37 87 -1.583817e-01
72 88 -1.585764e-01
20 32 -1.587124e-01
37 56 -1.593190e-01
30 35 -1.593252e-01
4 91 -1.594165e-01
51 74 -1.594549e-01
26 88 -1.595110e-01
16 49 -1.595130e-01
5 79 -1.595709e-01
10 86 -1.596080e-01
25 59 -1.598538e-01
14 68 -1.598678e-01
37 77 -1.599969e-01
9 40 -1.600040e-01
56 75 -1.603913e-01
12 59 -1.604923e-01
29 86 -1.606336e-01
68 84 -1.606752e-01
52 84 -1.608717e-01
34 58 -1.609245e-01
44 60 -1.610252e-01
60 81 -1.613034e-01
34 38 -1.613797e-01
28 63 -1.614178e-01
23 64 -1.614217e-01
7 59 -1.614597e-01
53 76 -1.614785e-01
19 72 -1.615266e-01
52 70 -1.615668e-01
11 34 -1.617860e-01
51 70 -1.619092e-01
12 88 -1.619705e-01
59 62 -1.620266e-01
5 96 -1.624593e-01
76 83 -1.628543e-01
23 49 -1.630491e-01
63 85 -1.630658e-01
33 57 -1.633206e-01
7 58 -1.633247e-01
23 88 -1.634204e-01
63 88 -1.635408e-01
25 32 -1.639220e-01
58 87 -1.639656e-01
5 73 -1.643788e-01
22 52 -1.643869e-01
16 87 -1.646565e-01
64 88 -1.650312e-01
9 76 -1.651046e-01
17 48 -1.655195e-01
25 53 -1.655719e-01
7 42 -1.656573e-01
5 56 -1.658075e-01
17 49 -1.659842e-01
9 48 -1.662253e-01
36 78 -1.662394e-01
46 67 -1.663543e-01
15 48 -1.664419e-01
23 75 -1.664597e-01
28 36 -1.667128e-01
48 63 -1.670595e-01
50 56 -1.671264e-01
4 86 -1.671934e-01
52 80 -1.672688e-01
7 64 -1.674102e-01
52 88 -1.676598e-01
32 39 -1.676644e-01
31 37 -1.677650e-01
32 73 -1.678846e-01
6 80 -1.679382e-01
11 54 -1.680417e-01
42 75 -1.680539e-01
34 41 -1.681361e-01
13 69 -1.681971e-01
9 77 -1.683583e-01
13 54 -1.684384e-01
10 77 -1.685271e-01
18 42 -1.685498e-01
11 28 -1.686722e-01
45 60 -1.687357e-01
7 66 -1.691074e-01
68 79 -1.691180e-01
11 95 -1.691901e-01
6 25 -1.692774e-01
4 24 -1.696165e-01
31 47 -1.699182e-01
54 59 -1.699223e-01
38 68 -1.700754e-01
13 37 -1.701692e-01
18 93 -1.704583e-01
20 57 -1.709587e-01
19 92 -1.714320e-01
14 41 -1.716130e-01
7 45 -1.717015e-01
22 45 -1.718215e-01
39 69 -1.718525e-01
5 71 -1.720818e-01
51 88 -1.722490e-01
50 88 -1.724570e-01
18 95 -1.726457e-01
18 77 -1.727206e-01
39 56 -1.727464e-01
11 73 -1.727485e-01
10 72 -1.729422e-01
41 71 -1.733306e-01
46 69 -1.733941e-01
17 72 -1.734418e-01
16 54 -1.736884e-01
5 95 -1.738541e-01
38 81 -1.738774e-01
17 37 -1.742078e-01
13 56 -1.748668e-01
4 92 -1.749078e-01
47 59 -1.752124e-01
4 15 -1.752178e-01
6 31 -1.752342e-01
71 95 -1.754331e-01
25 75 -1.756181e-01
11 33 -1.758235e-01
24 90 -1.759260e-01
23 51 -1.759967e-01
15 41 -1.759987e-01
58 66 -1.761341e-01
7 46 -1.766565e-01
22 64 -1.767686e-01
28 30 -1.768349e-01
4 67 -1.770169e-01
54 79 -1.771372e-01
11 63 -1.771749e-01
34 56 -1.771865e-01
17 35 -1.771890e-01
62 87 -1.776545e-01
6 42 -1.777281e-01
34 88 -1.779622e-01
50 54 -1.780496e-01
50 77 -1.780770e-01
27 45 -1.784101e-01
52 95 -1.784885e-01
18 86 -1.785592e-01
6 92 -1.785782e-01
62 91 -1.788315e-01
67 78 -1.789581e-01
15 33 -1.790343e-01
54 87 -1.790599e-01
32 54 -1.794264e-01
53 75 -1.797095e-01
34 54 -1.797339e-01
14 52 -1.798645e-01
10 90 -1.800748e-01
47 74 -1.801525e-01
31 45 -1.801547e-01
63 89 -1.804165e-01
9 47 -1.804185e-01
55 79 -1.805785e-01
54 75 -1.805826e-01
20 30 -1.806402e-01
37 81 -1.806854e-01
14 63 -1.809922e-01
23 70 -1.810150e-01
37 58 -1.810341e-01
22 47 -1.813605e-01
47 92 -1.814087e-01
10 24 -1.816299e-01
49 75 -1.818273e-01
30 65 -1.819204e-01
37 59 -1.820655e-01
60 93 -1.822823e-01
62 73 -1.823033e-01
8 79 -1.823226e-01
12 79 -1.823515e-01
7 88 -1.823684e-01
39 58 -1.823833e-01
21 78 -1.823840e-01
21 36 -1.824044e-01
22 59 -1.825742e-01
47 94 -1.826902e-01
58 72 -1.828226e-01
80 82 -1.832846e-01
51 59 -1.835110e-01
6 93 -1.835127e-01
18 94 -1.835706e-01
15 78 -1.835964e-01
47 58 -1.836006e-01
47 73 -1.836123e-01
60 88 -1.836473e-01
45 73 -1.838218e-01
26 31 -1.838291e-01
35 56 -1.842631e-01
29 63 -1.848179e-01
42 86 -1.849589e-01
24 56 -1.851561e-01
19 83 -1.852327e-01
6 72 -1.852336e-01
30 91 -1.853166e-01
14 20 -1.853967e-01
25 83 -1.860888e-01
50 87 -1.861285e-01
14 32 -1.861306e-01
61 79 -1.862033e-01
57 79 -1.865612e-01
22 42 -1.866735e-01
54 93 -1.867992e-01
31 73 -1.868428e-01
61 91 -1.868498e-01
9 93 -1.868920e-01
6 77 -1.869795e-01
50 91 -1.874656e-01
28 47 -1.875862e-01
24 53 -1.876776e-01
9 41 -1.879566e-01
22 50 -1.880476e-01
51 89 -1.881288e-01
6 61 -1.881670e-01
48 89 -1.882982e-01
21 72 -1.884494e-01
22 71 -1.885253e-01
25 46 -1.887258e-01
36 57 -1.887812e-01
39 84 -1.888160e-01
14 28 -1.890190e-01
13 70 -1.891759e-01
4 85 -1.891865e-01
66 85 -1.897301e-01
13 95 -1.900447e-01
15 52 -1.905543e-01
5 70 -1.905975e-01
24 78 -1.906531e-01
30 53 -1.907839e-01
38 59 -1.909839e-01
23 79 -1.913482e-01
21 52 -1.914954e-01
13 76 -1.915559e-01
42 93 -1.915918e-01
17 91 -1.916318e-01
62 85 -1.917043e-01
49 89 -1.918058e-01
18 37 -1.918773e-01
7 78 -1.920138e-01
36 63 -1.921303e-01
48 86 -1.924932e-01
66 86 -1.926675e-01
28 70 -1.926943e-01
40 56 -1.927350e-01
36 87 -1.928987e-01
41 77 -1.929798e-01
70 89 -1.932174e-01
24 55 -1.933160e-01
5 24 -1.934384e-01
46 64 -1.935224e-01
11 96 -1.939238e-01
38 51 -1.942342e-01
27 69 -1.943174e-01
66 82 -1.943873e-01
4 66 -1.944713e-01
28 69 -1.944746e-01
20 75 -1.945656e-01
62 74 -1.946622e-01
35 53 -1.947367e-01
23 83 -1.947515e-01
56 79 -1.947591e-01
29 90 -1.948696e-01
24 77 -1.949672e-01
56 76 -1.953212e-01
6 73 -1.954278e-01
47 89 -1.955343e-01
6 46 -1.956949e-01
28 45 -1.957421e-01
10 96 -1.958042e-01
51 80 -1.961632e-01
43 65 -1.965254e-01
25 55 -1.965848e-01
71 93 -1.967286e-01
21 82 -1.967347e-01
11 57 -1.968297e-01
51 73 -1.974367e-01
29 76 -1.974740e-01
62 88 -1.976738e-01
15 66 -1.976836e-01
42 87 -1.980897e-01
4 71 -1.981648e-01
28 80 -1.985197e-01
28 46 -1.989146e-01
7 87 -1.991773e-01
66 77 -1.993179e-01
8 51 -1.993193e-01
68 74 -1.995013e-01
17 83 -1.997352e-01
11 69 -2.003645e-01
28 49 -2.006979e-01
55 75 -2.010361e-01
44 65 -2.012656e-01
51 78 -2.014505e-01
49 73 -2.019340e-01
45 49 -2.021045e-01
34 55 -2.028809e-01
43 60 -2.028824e-01
20 90 -2.029724e-01
52 77 -2.031323e-01
19 67 -2.033352e-01
58 78 -2.034762e-01
11 88 -2.039664e-01
43 83 -2.040623e-01
31 35 -2.042932e-01
28 54 -2.043578e-01
15 50 -2.043605e-01
33 81 -2.044664e-01
27 80 -2.047347e-01
17 87 -2.053322e-01
32 61 -2.053617e-01
65 73 -2.053786e-01
46 71 -2.054425e-01
20 74 -2.056728e-01
16 69 -2.057531e-01
14 79 -2.059510e-01
8 44 -2.061882e-01
12 66 -2.062337e-01
5 55 -2.063465e-01
47 78 -2.065072e-01
43 61 -2.065166e-01
17 70 -2.065541e-01
66 73 -2.067248e-01
24 86 -2.067940e-01
37 82 -2.069064e-01
16 91 -2.070765e-01
30 62 -2.074871e-01
69 80 -2.075282e-01
21 81 -2.077176e-01
30 67 -2.078651e-01
19 68 -2.081974e-01
12 43 -2.084468e-01
32 77 -2.084714e-01
4 25 -2.087479e-01
19 69 -2.088845e-01
42 94 -2.089522e-01
46 85 -2.090505e-01
18 32 -2.090798e-01
5 78 -2.091885e-01
38 79 -2.092477e-01
16 29 -2.094556e-01
62 89 -2.095962e-01
16 25 -2.100212e-01
54 67 -2.108092e-01
44 63 -2.111470e-01
61 67 -2.113463e-01
57 66 -2.113758e-01
21 64 -2.114420e-01
38 56 -2.117494e-01
30 49 -2.118301e-01
17 50 -2.120143e-01
36 77 -2.120482e-01
5 91 -2.120711e-01
37 83 -2.122164e-01
12 68 -2.122354e-01
15 38 -2.124374e-01
8 71 -2.131100e-01
43 87 -2.131153e-01
46 78 -2.133714e-01
19 93 -2.135237e-01
10 22 -2.136645e-01
5 92 -2.136951e-01
10 95 -2.140487e-01
36 84 -2.143738e-01
16 83 -2.144343e-01
9 55 -2.147422e-01
15 62 -2.147436e-01
14 64 -2.156035e-01
14 95 -2.159023e-01
57 64 -2.159110e-01
10 66 -2.162396e-01
26 63 -2.163455e-01
17 34 -2.163778e-01
8 59 -2.165939e-01
33 90 -2.166103e-01
68 72 -2.170174e-01
37 38 -2.170449e-01
16 82 -2.173668e-01
7 23 -2.174477e-01
46 65 -2.180002e-01
10 65 -2.180453e-01
23 57 -2.184276e-01
5 88 -2.184520e-01
12 30 -2.184879e-01
48 53 -2.191468e-01
75 81 -2.194061e-01
28 57 -2.195935e-01
13 59 -2.197531e-01
5 93 -2.197736e-01
32 48 -2.201567e-01
58 65 -2.203956e-01
15 72 -2.204936e-01
44 54 -2.206103e-01
49 55 -2.206549e-01
4 58 -2.213370e-01
57 83 -2.218068e-01
14 56 -2.221912e-01
27 72 -2.227583e-01
12 90 -2.228013e-01
37 44 -2.232043e-01
12 89 -2.233630e-01
15 79 -2.234252e-01
7 70 -2.236982e-01
18 53 -2.240654e-01
28 77 -2.241272e-01
5 35 -2.241508e-01
4 87 -2.243306e-01
33 69 -2.243408e-01
10 88 -2.252580e-01
47 87 -2.255069e-01
46 86 -2.258281e-01
58 75 -2.260250e-01
20 78 -2.267370e-01
18 33 -2.270581e-01
9 86 -2.271744e-01
25 62 -2.273992e-01
10 46 -2.275156e-01
12 52 -2.275755e-01
36 65 -2.275957e-01
26 65 -2.276281e-01
48 85 -2.277111e-01
26 71 -2.277164e-01
24 67 -2.278093e-01
35 48 -2.283169e-01
11 66 -2.290281e-01
29 55 -2.291292e-01
64 85 -2.293444e-01
40 54 -2.294648e-01
8 64 -2.296510e-01
5 67 -2.297284e-01
6 20 -2.298043e-01
7 95 -2.301203e-01
4 79 -2.301596e-01
62 76 -2.302471e-01
10 57 -2.305365e-01
7 96 -2.307180e-01
36 45 -2.315920e-01
39 55 -2.317393e-01
50 86 -2.317664e-01
40 90 -2.328249e-01
71 83 -2.334223e-01
5 39 -2.340917e-01
12 38 -2.340982e-01
11 92 -2.341427e-01
34 69 -2.341577e-01
21 90 -2.342125e-01
22 55 -2.342130e-01
25 48 -2.343000e-01
61 90 -2.343746e-01
19 58 -2.347048e-01
48 57 -2.348944e-01
7 44 -2.352579e-01
14 72 -2.352732e-01
8 63 -2.358625e-01
36 75 -2.359229e-01
42 64 -2.365689e-01
4 76 -2.369111e-01
18 50 -2.371312e-01
56 65 -2.374946e-01
9 58 -2.376287e-01
42 85 -2.376428e-01
12 58 -2.376750e-01
8 43 -2.377635e-01
30 61 -2.382646e-01
7 79 -2.383866e-01
10 50 -2.386041e-01
47 86 -2.387193e-01
12 95 -2.389757e-01
21 79 -2.398045e-01
10 82 -2.398413e-01
11 36 -2.400147e-01
13 92 -2.401100e-01
34 68 -2.404098e-01
21 26 -2.404468e-01
36 80 -2.408085e-01
47 61 -2.411761e-01
11 93 -2.413491e-01
11 41 -2.419410e-01
14 88 -2.420745e-01
65 77 -2.431669e-01
7 75 -2.435494e-01
24 62 -2.437604e-01
11 50 -2.438955e-01
18 65 -2.441461e-01
25 49 -2.444347e-01
33 70 -2.446290e-01
4 89 -2.451354e-01
14 66 -2.451560e-01
24 52 -2.456211e-01
10 94 -2.459629e-01
43 72 -2.460422e-01
6 21 -2.460837e-01
16 27 -2.463566e-01
11 94 -2.464250e-01
40 61 -2.465478e-01
14 96 -2.470077e-01
50 74 -2.470362e-01
66 90 -2.476406e-01
27 77 -2.479640e-01
23 82 -2.483599e-01
40 75 -2.485200e-01
66 87 -2.490256e-01
40 82 -2.490322e-01
50 57 -2.499223e-01
27 36 -2.500025e-01
13 66 -2.503821e-01
17 23 -2.506203e-01
33 71 -2.514730e-01
20 84 -2.515740e-01
20 86 -2.515850e-01
11 60 -2.517240e-01
42 92 -2.520890e-01
37 78 -2.522128e-01
13 79 -2.524515e-01
12 72 -2.530600e-01
36 79 -2.531626e-01
13 71 -2.532612e-01
34 76 -2.532925e-01
4 50 -2.533793e-01
39 81 -2.536482e-01
9 91 -2.539360e-01
60 95 -2.542790e-01
64 82 -2.546035e-01
36 48 -2.549908e-01
6 90 -2.550746e-01
56 70 -2.556596e-01
6 91 -2.564006e-01
16 56 -2.566723e-01
44 62 -2.569822e-01
6 81 -2.570858e-01
6 58 -2.576333e-01
13 45 -2.582215e-01
15 36 -2.582280e-01
11 35 -2.583651e-01
11 68 -2.585407e-01
60 96 -2.586541e-01
7 57 -2.587149e-01
7 43 -2.587704e-01
47 68 -2.591059e-01
32 75 -2.595428e-01
13 68 -2.596291e-01
9 89 -2.602206e-01
49 74 -2.602630e-01
12 96 -2.608198e-01
5 52 -2.612124e-01
9 44 -2.617969e-01
43 51 -2.620612e-01
55 72 -2.621578e-01
77 88 -2.627487e-01
18 75 -2.630171e-01
40 79 -2.637848e-01
72 85 -2.642496e-01
12 87 -2.645465e-01
13 80 -2.647767e-01
42 79 -2.649359e-01
72 86 -2.649805e-01
8 72 -2.649808e-01
28 35 -2.655517e-01
9 72 -2.666527e-01
28 62 -2.667653e-01
26 45 -2.668712e-01
25 50 -2.669713e-01
40 55 -2.671003e-01
64 87 -2.671856e-01
12 50 -2.672292e-01
47 56 -2.672362e-01
42 91 -2.672844e-01
30 51 -2.675184e-01
7 91 -2.675423e-01
7 92 -2.675748e-01
14 93 -2.678212e-01
42 82 -2.681220e-01
7 94 -2.681905e-01
9 69 -2.684069e-01
10 93 -2.684791e-01
20 71 -2.688139e-01
52 87 -2.688584e-01
6 57 -2.692582e-01
4 88 -2.699437e-01
9 87 -2.700041e-01
49 77 -2.704839e-01
11 78 -2.705048e-01
66 84 -2.705259e-01
7 86 -2.706937e-01
11 38 -2.712012e-01
15 91 -2.714127e-01
52 56 -2.722794e-01
54 82 -2.723303e-01
8 80 -2.733167e-01
32 81 -2.733627e-01
47 71 -2.735613e-01
9 18 -2.741064e-01
13 25 -2.744647e-01
12 94 -2.749737e-01
37 89 -2.751255e-01
22 78 -2.752037e-01
10 89 -2.754146e-01
35 80 -2.754950e-01
6 88 -2.757563e-01
20 68 -2.758505e-01
66 89 -2.760256e-01
53 74 -2.763084e-01
52 75 -2.770844e-01
10 51 -2.773059e-01
32 88 -2.773745e-01
11 79 -2.787305e-01
49 85 -2.788228e-01
25 41 -2.789363e-01
5 50 -2.791006e-01
10 91 -2.791375e-01
35 84 -2.793219e-01
9 59 -2.797852e-01
42 57 -2.803428e-01
35 39 -2.806052e-01
14 92 -2.812989e-01
67 74 -2.816035e-01
8 45 -2.816428e-01
55 62 -2.817958e-01
14 33 -2.823099e-01
12 93 -2.831109e-01
39 87 -2.839571e-01
39 67 -2.841184e-01
33 85 -2.842923e-01
36 62 -2.847891e-01
35 86 -2.848748e-01
14 94 -2.850392e-01
26 76 -2.858946e-01
18 78 -2.861795e-01
32 89 -2.863975e-01
5 20 -2.868203e-01
22 73 -2.868301e-01
11 90 -2.869653e-01
64 80 -2.871836e-01
33 86 -2.882040e-01
23 60 -2.886767e-01
14 91 -2.894574e-01
50 59 -2.897825e-01
56 66 -2.898339e-01
50 81 -2.900206e-01
22 61 -2.910393e-01
6 89 -2.913421e-01
21 76 -2.918440e-01
20 60 -2.919562e-01
50 69 -2.922479e-01
49 84 -2.924848e-01
55 83 -2.928328e-01
12 44 -2.928624e-01
31 67 -2.933122e-01
30 75 -2.933502e-01
27 83 -2.936422e-01
70 75 -2.942954e-01
50 90 -2.943027e-01
49 71 -2.946869e-01
40 59 -2.953921e-01
26 68 -2.957010e-01
16 36 -2.965992e-01
48 78 -2.975227e-01
4 43 -2.976073e-01
34 60 -2.983766e-01
6 66 -2.989519e-01
10 92 -2.994376e-01
8 88 -2.995211e-01
7 24 -2.995790e-01
13 41 -2.996665e-01
10 79 -2.998312e-01
32 67 -3.000292e-01
59 67 -3.008040e-01
8 95 -3.015102e-01
7 93 -3.015574e-01
23 62 -3.021645e-01
44 82 -3.022962e-01
34 44 -3.023394e-01
17 68 -3.038938e-01
22 85 -3.053324e-01
13 39 -3.090234e-01
44 64 -3.099394e-01
14 45 -3.110822e-01
15 32 -3.113403e-01
31 39 -3.113838e-01
8 96 -3.123105e-01
16 66 -3.125239e-01
39 90 -3.127070e-01
12 65 -3.145210e-01
10 76 -3.166896e-01
24 57 -3.172130e-01
47 85 -3.173687e-01
35 88 -3.180712e-01
64 84 -3.187364e-01
39 63 -3.187514e-01
79 84 -3.196082e-01
43 48 -3.196409e-01
62 90 -3.197046e-01
53 57 -3.202393e-01
50 89 -3.226458e-01
6 76 -3.226713e-01
39 57 -3.227239e-01
24 64 -3.235704e-01
13 32 -3.237019e-01
71 77 -3.238177e-01
8 52 -3.242279e-01
12 92 -3.244616e-01
11 91 -3.251946e-01
8 32 -3.259047e-01
65 82 -3.278438e-01
16 35 -3.286454e-01
57 76 -3.293373e-01
38 84 -3.311798e-01
28 86 -3.328397e-01
35 70 -3.328996e-01
16 86 -3.330718e-01
8 89 -3.334360e-01
8 94 -3.345513e-01
27 64 -3.350033e-01
13 72 -3.353096e-01
9 23 -3.361548e-01
29 75 -3.375873e-01
52 71 -3.376925e-01
12 91 -3.382905e-01
13 91 -3.385056e-01
7 41 -3.399413e-01
44 83 -3.400997e-01
35 46 -3.413077e-01
65 85 -3.417164e-01
29 59 -3.439477e-01
21 75 -3.439901e-01
38 85 -3.454987e-01
62 86 -3.459321e-01
13 38 -3.470056e-01
22 68 -3.471280e-01
40 78 -3.477341e-01
24 65 -3.486997e-01
11 89 -3.512182e-01
11 55 -3.533534e-01
66 81 -3.535190e-01
15 25 -3.537404e-01
8 92 -3.542945e-01
4 20 -3.546063e-01
51 55 -3.551252e-01
7 90 -3.564100e-01
20 45 -3.587408e-01
24 74 -3.591769e-01
50 85 -3.602558e-01
31 76 -3.606455e-01
16 64 -3.669331e-01
7 77 -3.706882e-01
8 93 -3.708043e-01
19 85 -3.713088e-01
15 83 -3.772075e-01
12 86 -3.772546e-01
16 39 -3.811202e-01
33 77 -3.812664e-01
8 38 -3.838194e-01
35 81 -3.851822e-01
64 78 -3.876257e-01
50 73 -3.886223e-01
65 75 -3.890948e-01
19 64 -3.914409e-01
8 91 -3.931412e-01
35 78 -4.017856e-01
35 69 -4.051807e-01
28 68 -4.082333e-01
33 73 -4.085969e-01
40 85 -4.120415e-01
11 71 -4.177329e-01
8 90 -4.291583e-01
29 74 -4.333061e-01
26 53 -4.509910e-01
25 81 -4.536839e-01
74 79 -4.601037e-01
11 67 -4.632254e-01
7 89 -4.651723e-01
33 84 -4.863047e-01
8 76 -4.900066e-01
36 85 -5.299841e-01
39 61 -5.687111e-01
