# For publication of results, please cite:
# ...
# ... Michael Schantz Klausen, Martin Closter Jespersen, Henrik Nielsen, Kamilla Kjærgaard Jensen, 
# ... Vanessa Isabell Jurtz, Casper Kaae Sønderby, Morten Otto Alexander Sommer, Ole Winther, 
# ... Morten Nielsen, Bent Petersen, and Paolo Marcatili. 
# ... NetSurfP-2.0: Improved prediction of protein structural features by integrated deep learning.
# ... Proteins: Structure, Function, and Bioinformatics (Feb. 2019).
# ... https://doi.org/10.1002/prot.25674
# ...
#
# Column 1: Class assignment - B for buried or E for Exposed - Threshold: 25% exposure, but not based on RSA
# Column 2: Amino acid
# Column 3: Sequence name
# Column 4: Amino acid number
# Column 5: Relative Surface Accessibility - RSA
# Column 6: Absolute Surface Accessibility
# Column 7: Not used
# Column 8: Probability for Alpha-Helix
# Column 9: Probability for Beta-strand
# Column 10: Probability for Coil
E M  1N5BA                  1    0.808 161.724   0.000   0.001   0.000   0.999
E Y  1N5BA                  2    0.610 130.380   0.000   0.037   0.018   0.945
E S  1N5BA                  3    0.426  49.922   0.000   0.269   0.019   0.712
B F  1N5BA                  4    0.113  22.703   0.000   0.977   0.000   0.022
E E  1N5BA                  5    0.501  87.495   0.000   0.996   0.000   0.004
E Q  1N5BA                  6    0.545  97.264   0.000   0.998   0.000   0.002
B A  1N5BA                  7    0.037   4.087   0.000   0.999   0.000   0.001
B I  1N5BA                  8    0.051   9.355   0.000   0.999   0.000   0.001
E T  1N5BA                  9    0.419  58.057   0.000   0.999   0.000   0.001
E Q  1N5BA                 10    0.428  76.384   0.000   0.999   0.000   0.001
B L  1N5BA                 11    0.020   3.692   0.000   0.999   0.000   0.001
B F  1N5BA                 12    0.092  18.426   0.000   0.999   0.000   0.001
E Q  1N5BA                 13    0.730 130.346   0.000   0.994   0.000   0.006
E Q  1N5BA                 14    0.491  87.648   0.000   0.965   0.000   0.035
B L  1N5BA                 15    0.154  28.268   0.000   0.302   0.000   0.698
E S  1N5BA                 16    0.888 104.041   0.000   0.004   0.000   0.996
B L  1N5BA                 17    0.229  41.891   0.000   0.003   0.006   0.992
E S  1N5BA                 18    0.816  95.614   0.000   0.002   0.005   0.994
E I  1N5BA                 19    0.407  75.344   0.000   0.003   0.005   0.992
E P  1N5BA                 20    0.266  37.705   0.000   0.015   0.005   0.979
E D  1N5BA                 21    0.833 120.072   0.000   0.031   0.032   0.937
E T  1N5BA                 22    0.567  78.600   0.000   0.044   0.105   0.852
E I  1N5BA                 23    0.409  75.752   0.000   0.025   0.208   0.767
E E  1N5BA                 24    0.590 103.051   0.000   0.007   0.175   0.818
E P  1N5BA                 25    0.510  72.359   0.000   0.018   0.134   0.848
E V  1N5BA                 26    0.358  55.017   0.000   0.006   0.485   0.510
E I  1N5BA                 27    0.260  48.107   0.000   0.004   0.839   0.157
E G  1N5BA                 28    0.351  27.640   0.000   0.001   0.926   0.073
B V  1N5BA                 29    0.165  25.322   0.000   0.000   0.990   0.010
E K  1N5BA                 30    0.593 122.004   0.000   0.000   0.997   0.003
B V  1N5BA                 31    0.181  27.798   0.000   0.000   0.991   0.009
E G  1N5BA                 32    0.699  55.002   0.000   0.002   0.006   0.992
E E  1N5BA                 33    0.799 139.610   0.000   0.001   0.002   0.997
E F  1N5BA                 34    0.271  54.311   0.000   0.000   0.963   0.037
E A  1N5BA                 35    0.282  31.040   0.000   0.000   0.993   0.006
B C  1N5BA                 36    0.060   8.444   0.000   0.000   0.997   0.003
E H  1N5BA                 37    0.315  57.294   0.000   0.000   0.998   0.002
B I  1N5BA                 38    0.050   9.302   0.000   0.000   0.996   0.003
B T  1N5BA                 39    0.217  30.166   0.000   0.000   0.993   0.006
E E  1N5BA                 40    0.401  69.982   0.000   0.000   0.969   0.031
E H  1N5BA                 41    0.293  53.308   0.000   0.000   0.580   0.419
E P  1N5BA                 42    0.587  83.303   0.000   0.016   0.090   0.893
E V  1N5BA                 43    0.662 101.687   0.000   0.017   0.007   0.976
E G  1N5BA                 44    0.276  21.711   0.000   0.012   0.041   0.947
E Q  1N5BA                 45    0.317  56.565   0.000   0.003   0.754   0.243
B I  1N5BA                 46    0.047   8.603   0.000   0.000   0.992   0.008
B L  1N5BA                 47    0.231  42.310   0.000   0.000   0.995   0.005
B M  1N5BA                 48    0.019   3.837   0.000   0.000   0.998   0.002
E F  1N5BA                 49    0.255  51.220   0.000   0.000   0.993   0.007
B T  1N5BA                 50    0.029   3.991   0.000   0.000   0.969   0.030
E L  1N5BA                 51    0.268  49.068   0.000   0.001   0.525   0.474
B P  1N5BA                 52    0.179  25.343   0.000   0.054   0.354   0.593
E S  1N5BA                 53    0.424  49.668   0.000   0.074   0.125   0.802
E L  1N5BA                 54    0.454  83.067   0.000   0.158   0.050   0.792
E D  1N5BA                 55    0.721 103.880   0.000   0.118   0.009   0.873
E N  1N5BA                 56    0.516  75.555   0.000   0.165   0.007   0.828
E N  1N5BA                 57    0.670  98.052   0.000   0.580   0.002   0.418
E N  1N5BA                 58    0.764 111.819   0.000   0.589   0.003   0.408
E E  1N5BA                 59    0.434  75.874   0.000   0.731   0.001   0.267
E K  1N5BA                 60    0.401  82.567   0.000   0.917   0.001   0.082
E E  1N5BA                 61    0.627 109.477   0.000   0.948   0.002   0.050
E T  1N5BA                 62    0.448  62.162   0.000   0.956   0.002   0.042
B L  1N5BA                 63    0.145  26.619   0.000   0.978   0.002   0.020
E L  1N5BA                 64    0.365  66.760   0.000   0.970   0.001   0.028
E S  1N5BA                 65    0.613  71.805   0.000   0.908   0.001   0.091
E H  1N5BA                 66    0.507  92.204   0.000   0.756   0.002   0.242
E N  1N5BA                 67    0.268  39.175   0.000   0.310   0.031   0.660
E I  1N5BA                 68    0.515  95.353   0.000   0.255   0.158   0.586
E F  1N5BA                 69    0.660 132.450   0.000   0.158   0.154   0.688
E S  1N5BA                 70    0.291  34.145   0.000   0.099   0.105   0.796
E Q  1N5BA                 71    0.703 125.630   0.000   0.103   0.024   0.872
E D  1N5BA                 72    0.643  92.684   0.000   0.099   0.030   0.871
E I  1N5BA                 73    0.377  69.705   0.000   0.085   0.035   0.880
E L  1N5BA                 74    0.359  65.684   0.000   0.031   0.083   0.886
E K  1N5BA                 75    0.372  76.581   0.000   0.001   0.182   0.817
B P  1N5BA                 76    0.105  14.958   0.000   0.000   0.354   0.646
B I  1N5BA                 77    0.138  25.477   0.000   0.000   0.989   0.011
B L  1N5BA                 78    0.195  35.681   0.000   0.000   0.994   0.006
B S  1N5BA                 79    0.223  26.167   0.000   0.000   0.993   0.007
E W  1N5BA                 80    0.310  74.617   0.000   0.000   0.996   0.004
E D  1N5BA                 81    0.276  39.830   0.000   0.000   0.394   0.606
E E  1N5BA                 82    0.704 123.039   0.000   0.002   0.000   0.998
E V  1N5BA                 83    0.806 123.916   0.000   0.003   0.000   0.997
E G  1N5BA                 84    0.474  37.285   0.000   0.004   0.001   0.995
E G  1N5BA                 85    0.322  25.335   0.000   0.000   0.001   0.999
E H  1N5BA                 86    0.450  81.895   0.000   0.000   0.231   0.769
B P  1N5BA                 87    0.202  28.680   0.000   0.000   0.993   0.007
B V  1N5BA                 88    0.138  21.286   0.000   0.000   0.987   0.013
B L  1N5BA                 89    0.085  15.517   0.000   0.000   0.997   0.003
E W  1N5BA                 90    0.281  67.533   0.000   0.000   0.997   0.003
B N  1N5BA                 91    0.119  17.352   0.000   0.000   0.998   0.002
E R  1N5BA                 92    0.414  94.709   0.000   0.000   0.987   0.013
B Q  1N5BA                 93    0.129  23.059   0.000   0.000   0.988   0.012
B P  1N5BA                 94    0.240  34.119   0.000   0.000   0.991   0.009
B L  1N5BA                 95    0.034   6.294   0.000   0.776   0.004   0.220
E N  1N5BA                 96    0.630  92.187   0.000   0.689   0.003   0.308
E N  1N5BA                 97    0.780 114.183   0.000   0.644   0.001   0.355
B L  1N5BA                 98    0.120  21.892   0.000   0.003   0.006   0.991
E D  1N5BA                 99    0.611  88.070   0.000   0.002   0.005   0.993
E N  1N5BA                100    0.456  66.830   0.000   0.966   0.000   0.034
E N  1N5BA                101    0.711 104.055   0.000   0.979   0.000   0.020
E S  1N5BA                102    0.306  35.839   0.000   0.991   0.000   0.008
B L  1N5BA                103    0.043   7.834   0.000   0.998   0.000   0.002
E Y  1N5BA                104    0.335  71.556   0.000   0.999   0.000   0.001
E T  1N5BA                105    0.505  70.006   0.000   0.999   0.000   0.001
B Q  1N5BA                106    0.207  36.899   0.000   0.999   0.000   0.001
B L  1N5BA                107    0.039   7.195   0.000   0.999   0.000   0.001
E E  1N5BA                108    0.475  83.042   0.000   0.999   0.000   0.001
E M  1N5BA                109    0.367  73.521   0.000   0.998   0.000   0.002
B L  1N5BA                110    0.070  12.863   0.000   0.998   0.000   0.002
B V  1N5BA                111    0.113  17.443   0.000   0.998   0.000   0.002
E Q  1N5BA                112    0.563 100.524   0.000   0.994   0.000   0.005
B G  1N5BA                113    0.155  12.186   0.000   0.979   0.000   0.021
B A  1N5BA                114    0.046   5.039   0.000   0.991   0.000   0.009
E E  1N5BA                115    0.488  85.257   0.000   0.991   0.000   0.009
E R  1N5BA                116    0.591 135.275   0.000   0.982   0.001   0.017
B L  1N5BA                117    0.170  31.085   0.000   0.968   0.001   0.032
E Q  1N5BA                118    0.387  69.118   0.000   0.878   0.002   0.121
E T  1N5BA                119    0.714  99.024   0.000   0.747   0.002   0.251
E S  1N5BA                120    0.538  63.101   0.000   0.351   0.006   0.644
E S  1N5BA                121    0.610  71.460   0.000   0.198   0.011   0.791
E L  1N5BA                122    0.618 113.140   0.000   0.071   0.013   0.916
E I  1N5BA                123    0.494  91.444   0.000   0.018   0.025   0.957
E S  1N5BA                124    0.795  93.220   0.000   0.001   0.006   0.994
E P  1N5BA                125    0.627  88.946   0.000   0.002   0.001   0.997
E P  1N5BA                126    0.658  93.377   0.000   0.008   0.002   0.990
E R  1N5BA                127    0.824 188.704   0.000   0.015   0.005   0.980
E S  1N5BA                128    0.768  89.972   0.000   0.021   0.006   0.973
E F  1N5BA                129    0.782 156.970   0.000   0.015   0.003   0.982
E S  1N5BA                130    0.781  91.539   0.000   0.000   0.002   0.998
E P  1N5BA                131    0.834 118.410   0.000   0.001   0.001   0.998
E G  1N5BA                132    0.942  74.097   0.000   0.000   0.000   1.000
