20,21,0.348780
76,78,0.309242
92,93,0.301562
46,47,0.261016
52,77,0.260987
51,77,0.228539
47,51,0.218308
18,20,0.196708
92,94,0.192438
43,44,0.192402
44,79,0.187404
99,100,0.186957
49,50,0.186404
18,52,0.186373
93,98,0.177309
45,51,0.175829
89,90,0.175699
51,52,0.173740
93,94,0.170951
91,92,0.170552
94,97,0.170196
92,95,0.169158
96,97,0.163910
40,41,0.157538
77,79,0.157534
95,96,0.155707
45,46,0.155010
93,97,0.152614
43,79,0.148141
91,94,0.147706
23,52,0.145806
64,74,0.143144
11,12,0.142130
93,95,0.141135
48,51,0.140150
31,43,0.139871
76,77,0.139391
42,44,0.139345
12,13,0.137566
90,92,0.136036
25,26,0.136022
73,77,0.135985
73,79,0.133027
8,9,0.132291
17,23,0.132076
70,75,0.131926
9,10,0.130402
44,46,0.130357
6,7,0.128660
18,23,0.128123
86,95,0.127989
16,20,0.127660
15,28,0.126946
44,47,0.126300
16,28,0.125284
34,36,0.124152
88,90,0.120873
95,97,0.120757
16,17,0.120341
23,24,0.120303
35,36,0.120225
89,91,0.119949
29,31,0.119849
42,43,0.119661
75,83,0.118676
91,93,0.117851
10,11,0.117086
42,72,0.115518
88,89,0.115093
20,52,0.114823
17,19,0.112358
29,30,0.111923
32,33,0.111780
48,49,0.111228
20,23,0.110986
14,17,0.110534
90,91,0.110408
94,96,0.109017
47,52,0.108716
94,95,0.108067
90,97,0.107949
4,5,0.107681
32,57,0.106567
27,79,0.105938
21,35,0.105248
42,56,0.105046
96,98,0.104097
37,38,0.104068
95,98,0.103841
19,34,0.103190
26,30,0.103010
18,46,0.102820
90,94,0.102612
18,19,0.102090
94,98,0.101258
60,69,0.100810
88,91,0.100528
91,96,0.099682
19,25,0.099395
45,78,0.097801
97,99,0.097589
91,95,0.097270
89,92,0.097051
32,60,0.096655
5,7,0.096209
89,93,0.095928
23,77,0.095341
45,47,0.095312
60,86,0.095124
57,62,0.095029
88,98,0.094960
38,57,0.094827
27,30,0.094822
16,42,0.093598
57,65,0.093471
27,97,0.093398
4,7,0.093083
72,78,0.092944
67,68,0.092722
41,43,0.092519
59,69,0.092494
98,99,0.092372
58,62,0.092227
63,72,0.091988
3,4,0.091375
60,66,0.090946
24,59,0.090376
7,8,0.090041
69,70,0.089962
18,22,0.089541
80,82,0.089453
86,87,0.089415
47,49,0.089253
2,4,0.089205
92,97,0.088926
87,95,0.088507
34,79,0.088432
28,35,0.088323
21,31,0.087742
16,18,0.087522
27,28,0.087369
19,21,0.086933
88,93,0.086307
20,35,0.086003
13,15,0.085806
28,29,0.085648
18,49,0.085407
60,64,0.085359
60,61,0.085101
18,34,0.084975
74,78,0.084855
2,3,0.084803
6,8,0.084656
33,34,0.084581
4,6,0.084416
15,17,0.084278
17,34,0.084228
89,94,0.084141
5,6,0.084060
62,93,0.083943
40,43,0.083761
71,83,0.083201
5,8,0.083002
74,82,0.082437
33,36,0.082417
23,31,0.082279
4,8,0.081720
61,68,0.081422
89,98,0.081385
93,96,0.081135
46,97,0.080725
54,73,0.080652
54,68,0.080331
26,27,0.079951
54,58,0.079837
54,55,0.079670
40,68,0.079310
61,69,0.079231
54,82,0.079165
97,100,0.079107
27,71,0.078523
52,99,0.078474
90,93,0.078280
10,12,0.078126
30,63,0.078105
54,75,0.078057
20,46,0.077940
47,77,0.077903
91,97,0.077863
19,24,0.077856
83,86,0.077730
90,98,0.077622
18,51,0.077513
17,24,0.077112
92,96,0.076833
6,10,0.076363
58,60,0.076191
62,63,0.076067
91,99,0.075500
50,53,0.075346
22,24,0.075196
25,74,0.074705
55,68,0.074672
17,30,0.074469
39,41,0.074428
22,96,0.074343
14,22,0.074312
22,84,0.074309
85,88,0.074191
71,74,0.074126
60,83,0.074043
8,10,0.074022
34,50,0.073808
66,67,0.073803
14,44,0.073464
15,16,0.073202
71,82,0.072873
92,98,0.072630
95,100,0.072402
18,21,0.072166
56,59,0.072069
66,68,0.071927
6,9,0.071916
31,66,0.071873
27,33,0.071859
81,83,0.071528
38,39,0.071485
29,52,0.071290
40,74,0.071188
88,97,0.071158
11,13,0.071114
69,71,0.071002
61,70,0.070993
41,68,0.070981
46,52,0.070944
75,81,0.070940
50,51,0.070889
56,73,0.070816
25,47,0.070480
13,14,0.070274
25,46,0.070209
57,72,0.070125
10,13,0.070084
59,60,0.069775
35,54,0.069754
23,37,0.069652
63,91,0.069647
15,21,0.069641
1,2,0.069404
17,44,0.069398
28,37,0.069386
37,76,0.069328
33,66,0.069165
45,67,0.069075
3,5,0.068996
48,71,0.068755
27,58,0.068702
28,30,0.068691
14,36,0.068691
76,79,0.068429
52,97,0.068408
8,11,0.068364
2,5,0.068353
78,84,0.068077
76,83,0.067949
27,29,0.067926
48,50,0.067908
35,53,0.067646
28,48,0.067491
18,73,0.067340
30,76,0.067324
57,61,0.067231
17,36,0.067223
16,46,0.067185
20,44,0.067108
56,66,0.067075
89,96,0.066838
87,89,0.066792
38,42,0.066749
32,62,0.066710
74,75,0.066543
72,73,0.066543
50,98,0.066300
23,49,0.066141
94,99,0.066122
78,86,0.066096
69,82,0.066036
22,53,0.065877
52,83,0.065734
21,69,0.065520
78,79,0.065223
66,83,0.065146
50,65,0.065118
30,31,0.064879
17,20,0.064856
32,72,0.064837
64,76,0.064824
8,12,0.064779
53,81,0.064742
88,96,0.064622
24,80,0.064216
60,81,0.064146
15,54,0.063898
67,81,0.063873
37,70,0.063717
27,35,0.063672
83,92,0.063611
96,100,0.063594
13,31,0.063588
10,73,0.063579
67,83,0.063573
87,94,0.063545
82,83,0.063495
58,61,0.063363
21,23,0.063357
45,49,0.063356
40,59,0.063156
9,20,0.063026
57,70,0.062845
18,24,0.062802
33,55,0.062790
69,86,0.062748
90,95,0.062693
63,81,0.062605
3,7,0.062601
37,69,0.062578
44,49,0.062576
19,79,0.062378
87,90,0.062291
66,74,0.061950
21,38,0.061883
55,56,0.061754
50,100,0.061648
22,55,0.061459
64,78,0.061308
55,72,0.061193
23,51,0.061182
38,78,0.061171
55,82,0.061036
20,97,0.060831
29,77,0.060822
25,44,0.060745
14,16,0.060714
22,69,0.060587
56,72,0.060548
55,57,0.060476
61,62,0.060454
15,31,0.060179
14,79,0.060120
43,47,0.060031
25,28,0.060005
19,81,0.060003
90,99,0.059896
29,92,0.059881
9,13,0.059774
16,30,0.059650
57,66,0.059606
44,45,0.059562
61,81,0.059508
27,81,0.059437
46,76,0.059414
48,78,0.059368
9,29,0.059162
91,98,0.058959
59,62,0.058923
61,67,0.058815
97,98,0.058471
61,65,0.058414
7,9,0.058224
48,59,0.058055
14,62,0.057971
74,80,0.057774
32,55,0.057452
37,56,0.057378
5,9,0.057319
85,86,0.057281
47,73,0.057120
46,51,0.057118
40,83,0.056939
32,38,0.056915
53,57,0.056659
72,74,0.056659
51,97,0.056633
69,72,0.056615
26,70,0.056462
87,98,0.056334
58,74,0.056316
13,62,0.055966
95,99,0.055955
31,35,0.055835
46,48,0.055650
49,99,0.055635
64,70,0.055328
3,6,0.055277
2,6,0.055191
24,26,0.055143
45,77,0.055141
2,7,0.055016
47,50,0.054857
1,4,0.054747
36,41,0.054633
44,71,0.054633
66,71,0.054544
20,47,0.054500
69,79,0.054490
89,97,0.054479
43,70,0.054472
9,12,0.054467
13,54,0.054426
18,25,0.054381
31,69,0.053877
11,36,0.053872
34,42,0.053834
12,20,0.053793
84,86,0.053745
88,99,0.053563
41,42,0.053415
59,80,0.053344
53,74,0.053097
33,38,0.052990
28,54,0.052961
54,74,0.052850
42,46,0.052816
24,75,0.052806
50,80,0.052799
13,25,0.052710
56,62,0.052673
27,42,0.052661
14,94,0.052651
73,74,0.052575
37,67,0.052414
23,50,0.052405
43,80,0.052374
86,89,0.052327
47,96,0.052300
43,77,0.052272
71,88,0.052164
22,29,0.052065
71,73,0.051864
31,99,0.051809
75,77,0.051807
17,33,0.051804
31,33,0.051784
8,98,0.051748
60,67,0.051644
12,16,0.051630
31,32,0.051627
32,82,0.051497
25,33,0.051421
19,55,0.051364
22,68,0.051253
59,61,0.051249
16,48,0.051236
63,78,0.051206
29,76,0.051197
7,10,0.051174
40,67,0.050879
16,100,0.050879
76,98,0.050874
24,25,0.050758
21,63,0.050720
18,77,0.050627
17,37,0.050435
44,50,0.050431
87,97,0.050363
35,59,0.050352
11,28,0.050329
43,83,0.050313
26,38,0.050270
55,61,0.050257
12,25,0.050163
67,90,0.050138
42,67,0.050068
68,70,0.050002
34,39,0.049941
10,22,0.049839
58,81,0.049724
73,75,0.049720
36,77,0.049697
5,29,0.049687
65,70,0.049657
41,69,0.049609
46,92,0.049580
87,88,0.049575
8,23,0.049323
3,8,0.049272
33,63,0.049267
39,40,0.049194
73,85,0.049134
42,80,0.049126
71,95,0.049108
30,33,0.049044
21,26,0.049014
13,76,0.048989
11,83,0.048898
30,73,0.048880
31,54,0.048871
10,31,0.048697
64,73,0.048530
41,82,0.048451
44,94,0.048434
13,58,0.048428
11,78,0.048423
59,73,0.048368
16,44,0.048213
73,87,0.048208
13,24,0.048119
60,70,0.048002
19,33,0.047834
84,85,0.047752
86,94,0.047730
49,53,0.047639
34,55,0.047502
33,69,0.047495
36,44,0.047488
27,56,0.047434
2,47,0.047405
65,68,0.047261
26,37,0.047199
16,65,0.046915
58,59,0.046907
14,29,0.046838
22,64,0.046835
26,71,0.046780
78,85,0.046671
11,29,0.046663
35,61,0.046597
40,85,0.046489
34,57,0.046459
46,77,0.046375
56,74,0.046357
78,88,0.046335
26,29,0.046322
68,71,0.046291
12,71,0.046261
58,82,0.046177
20,24,0.046175
60,62,0.046107
48,64,0.046060
21,70,0.046046
64,72,0.045969
14,54,0.045858
31,36,0.045814
65,66,0.045812
21,25,0.045749
60,63,0.045714
50,99,0.045680
69,84,0.045655
87,92,0.045644
22,58,0.045624
32,74,0.045598
17,21,0.045550
81,86,0.045509
30,54,0.045343
59,85,0.045312
93,99,0.045222
53,75,0.045132
80,85,0.045074
33,72,0.045004
86,92,0.044929
53,80,0.044909
68,73,0.044869
58,80,0.044774
61,83,0.044758
27,38,0.044683
36,53,0.044642
17,28,0.044580
3,100,0.044323
36,55,0.044307
18,28,0.044224
31,63,0.044178
19,22,0.044171
84,88,0.044139
13,18,0.044128
67,73,0.043925
83,87,0.043841
9,93,0.043781
60,71,0.043617
57,68,0.043610
1,8,0.043601
58,63,0.043480
27,51,0.043475
5,100,0.043436
47,48,0.043396
23,35,0.043378
49,75,0.043331
66,84,0.043135
88,100,0.043102
11,70,0.042952
79,93,0.042944
62,79,0.042756
55,59,0.042722
12,46,0.042687
24,96,0.042677
69,76,0.042557
26,65,0.042541
54,57,0.042534
21,22,0.042458
63,85,0.042439
72,92,0.042341
52,94,0.042340
33,40,0.042334
32,80,0.042272
41,74,0.042254
19,27,0.042129
59,63,0.042064
37,98,0.042054
4,100,0.042048
23,47,0.042024
49,51,0.041955
45,93,0.041928
41,80,0.041926
87,91,0.041825
6,100,0.041783
57,67,0.041751
21,58,0.041737
64,96,0.041705
33,41,0.041642
88,94,0.041568
37,49,0.041560
70,94,0.041546
34,67,0.041532
92,100,0.041510
22,28,0.041445
67,70,0.041419
58,67,0.041200
14,24,0.041103
3,9,0.041103
1,7,0.041060
19,56,0.041052
53,76,0.040927
36,37,0.040841
13,45,0.040828
47,76,0.040756
73,84,0.040634
71,76,0.040470
43,46,0.040412
15,39,0.040399
62,70,0.040330
15,53,0.040260
65,96,0.040141
50,67,0.040141
26,41,0.040140
8,20,0.040108
36,61,0.040038
19,36,0.039975
37,80,0.039928
80,83,0.039819
52,92,0.039766
48,75,0.039738
22,90,0.039725
49,100,0.039642
44,51,0.039577
19,57,0.039534
58,84,0.039518
41,71,0.039354
64,83,0.039279
52,79,0.039232
14,30,0.039160
94,100,0.039157
2,100,0.039146
1,3,0.039142
24,79,0.039094
52,60,0.039057
1,5,0.039034
74,76,0.039024
76,90,0.039017
25,50,0.039016
48,76,0.038946
28,72,0.038891
57,80,0.038868
30,43,0.038826
29,49,0.038793
25,48,0.038780
72,83,0.038723
74,88,0.038614
65,85,0.038599
83,91,0.038598
96,99,0.038587
6,12,0.038573
21,48,0.038505
32,37,0.038461
45,52,0.038454
56,58,0.038300
24,28,0.038298
55,67,0.038240
31,34,0.038222
86,90,0.038125
13,90,0.038061
58,69,0.038047
44,62,0.037993
45,94,0.037991
67,84,0.037986
62,74,0.037939
14,42,0.037891
41,62,0.037888
35,38,0.037876
28,61,0.037837
5,47,0.037680
81,85,0.037665
66,98,0.037609
73,95,0.037562
67,80,0.037539
63,90,0.037532
52,95,0.037414
61,87,0.037391
64,65,0.037356
51,99,0.037355
9,24,0.037306
24,40,0.037292
35,40,0.037185
11,84,0.037151
20,72,0.037142
11,23,0.037083
51,78,0.037046
40,72,0.037039
14,37,0.036953
5,98,0.036862
28,69,0.036815
53,59,0.036734
18,89,0.036728
28,31,0.036712
68,75,0.036661
2,8,0.036598
62,84,0.036511
22,65,0.036466
62,69,0.036462
60,72,0.036404
65,73,0.036308
17,64,0.036279
5,82,0.036214
17,35,0.036213
30,56,0.036169
68,72,0.036166
92,99,0.036161
24,73,0.036135
13,19,0.036126
52,100,0.036031
35,41,0.036023
12,15,0.036007
51,53,0.036001
98,100,0.035999
37,73,0.035964
22,81,0.035935
31,58,0.035930
3,46,0.035928
32,88,0.035838
61,75,0.035821
9,23,0.035806
6,64,0.035751
12,30,0.035749
57,81,0.035489
9,46,0.035475
61,76,0.035351
22,61,0.035324
46,56,0.035268
42,85,0.035258
23,32,0.035253
37,60,0.035097
56,88,0.034947
21,44,0.034756
20,22,0.034719
30,64,0.034587
78,80,0.034578
46,49,0.034470
14,32,0.034465
27,77,0.034440
24,46,0.034318
50,57,0.034274
23,25,0.034163
60,84,0.034157
24,70,0.034123
40,61,0.034054
24,29,0.033990
9,47,0.033943
11,66,0.033886
63,66,0.033766
53,60,0.033657
68,90,0.033569
17,61,0.033565
10,68,0.033546
26,42,0.033485
24,27,0.033436
13,82,0.033402
76,85,0.033320
39,55,0.033255
40,49,0.033173
68,80,0.033011
65,88,0.033009
23,29,0.032932
51,89,0.032904
54,56,0.032815
34,86,0.032700
43,75,0.032683
83,96,0.032674
78,83,0.032671
10,24,0.032653
33,60,0.032484
33,43,0.032473
84,87,0.032430
34,35,0.032403
11,30,0.032386
55,76,0.032372
7,95,0.032360
84,98,0.032289
42,47,0.032252
56,63,0.032243
11,20,0.032241
12,53,0.032227
65,83,0.032224
30,53,0.032185
57,74,0.032109
51,57,0.032076
35,37,0.032049
49,89,0.032002
62,68,0.031891
24,32,0.031856
24,62,0.031840
1,6,0.031779
15,30,0.031763
18,61,0.031757
69,81,0.031709
9,68,0.031656
20,55,0.031602
21,24,0.031585
44,52,0.031574
21,73,0.031564
16,43,0.031481
5,10,0.031432
15,72,0.031432
50,82,0.031324
15,81,0.031254
63,64,0.031248
7,39,0.031156
48,77,0.031140
11,34,0.031038
16,81,0.031010
20,69,0.030995
28,33,0.030897
37,40,0.030888
91,100,0.030846
10,43,0.030768
42,61,0.030755
84,96,0.030706
38,40,0.030644
54,66,0.030634
14,97,0.030619
18,39,0.030523
13,36,0.030459
53,68,0.030442
88,92,0.030421
42,60,0.030396
9,36,0.030326
29,47,0.030265
22,37,0.030236
26,62,0.030178
40,82,0.030154
18,55,0.030149
81,93,0.030132
53,86,0.030127
10,86,0.030115
59,66,0.030049
90,96,0.030041
19,72,0.030038
4,96,0.029941
65,98,0.029931
54,71,0.029908
33,37,0.029905
38,63,0.029890
15,56,0.029884
5,46,0.029864
46,90,0.029841
24,66,0.029833
69,83,0.029733
22,34,0.029730
86,98,0.029699
30,58,0.029696
32,48,0.029670
85,89,0.029646
6,26,0.029593
40,56,0.029576
64,80,0.029559
22,80,0.029557
34,81,0.029518
62,67,0.029490
4,21,0.029472
39,81,0.029434
49,67,0.029427
37,71,0.029345
35,76,0.029331
61,91,0.029316
48,89,0.029293
57,82,0.029255
73,86,0.029224
60,65,0.029201
41,56,0.029096
1,96,0.029082
49,87,0.029047
16,31,0.029040
70,82,0.029011
88,95,0.028984
42,54,0.028981
65,75,0.028980
48,52,0.028881
61,92,0.028855
56,57,0.028796
4,48,0.028768
49,97,0.028691
19,73,0.028687
63,67,0.028670
32,66,0.028652
71,80,0.028626
32,45,0.028618
86,91,0.028515
39,87,0.028505
45,97,0.028417
40,76,0.028263
42,82,0.028213
39,84,0.028212
58,66,0.028145
80,84,0.028144
4,99,0.028118
8,96,0.028086
49,88,0.028085
8,78,0.028085
57,84,0.028074
14,15,0.028019
4,9,0.028015
30,90,0.028015
59,84,0.028007
41,55,0.027986
12,28,0.027985
84,91,0.027920
19,53,0.027881
51,75,0.027852
13,32,0.027802
87,99,0.027798
69,80,0.027778
17,100,0.027768
20,30,0.027697
2,89,0.027668
54,67,0.027655
47,98,0.027652
24,64,0.027646
32,34,0.027643
13,81,0.027638
19,40,0.027628
55,91,0.027600
5,97,0.027590
27,78,0.027536
15,96,0.027529
63,68,0.027513
17,40,0.027495
47,71,0.027487
8,95,0.027465
26,34,0.027432
3,20,0.027398
4,10,0.027343
10,59,0.027252
1,25,0.027249
19,44,0.027247
32,76,0.027242
33,35,0.027225
1,47,0.027131
6,77,0.027121
57,63,0.027061
13,71,0.027059
72,84,0.027030
14,93,0.026991
17,41,0.026921
40,55,0.026906
22,27,0.026890
54,62,0.026880
66,86,0.026873
74,85,0.026841
63,74,0.026836
56,67,0.026816
29,32,0.026759
15,48,0.026696
31,56,0.026688
6,51,0.026661
77,100,0.026651
81,82,0.026644
84,94,0.026628
33,80,0.026580
35,65,0.026571
23,67,0.026515
53,84,0.026461
32,42,0.026454
65,74,0.026442
54,86,0.026429
35,64,0.026383
7,100,0.026327
51,81,0.026248
37,72,0.026214
53,58,0.026198
28,70,0.026145
25,42,0.026127
45,48,0.026107
2,88,0.026093
38,41,0.026038
28,34,0.026001
75,93,0.025916
36,43,0.025899
56,82,0.025896
50,54,0.025872
52,65,0.025848
56,86,0.025809
49,52,0.025681
48,61,0.025668
77,97,0.025665
9,72,0.025654
41,48,0.025651
32,36,0.025644
36,63,0.025615
73,88,0.025552
3,77,0.025545
13,53,0.025540
29,54,0.025536
22,71,0.025533
25,72,0.025449
1,100,0.025437
27,62,0.025432
78,90,0.025349
43,85,0.025316
24,33,0.025276
29,68,0.025275
85,87,0.025240
6,96,0.025219
3,47,0.025159
74,83,0.025149
25,79,0.025056
61,86,0.025017
34,38,0.025006
11,72,0.024978
3,51,0.024930
21,82,0.024887
26,45,0.024885
65,81,0.024880
14,19,0.024844
36,66,0.024829
32,53,0.024790
35,68,0.024783
28,40,0.024664
57,58,0.024649
28,43,0.024645
26,48,0.024634
9,71,0.024606
61,72,0.024561
83,90,0.024556
71,72,0.024551
11,50,0.024519
58,73,0.024461
26,75,0.024434
18,64,0.024405
31,49,0.024362
59,91,0.024346
15,65,0.024345
15,20,0.024270
4,77,0.024230
12,33,0.024219
35,55,0.024212
10,35,0.024189
31,41,0.024157
20,34,0.024153
50,58,0.024142
66,94,0.024084
53,54,0.024072
66,85,0.024064
66,70,0.024063
82,92,0.024056
5,99,0.024053
24,41,0.024031
9,77,0.024025
2,79,0.024004
54,80,0.023940
62,80,0.023915
4,89,0.023860
13,46,0.023833
23,55,0.023795
25,38,0.023794
7,96,0.023791
29,35,0.023670
40,88,0.023618
22,23,0.023617
32,73,0.023590
36,57,0.023578
60,80,0.023492
49,85,0.023381
16,25,0.023373
27,31,0.023336
29,72,0.023322
7,99,0.023203
18,31,0.023189
56,96,0.023143
39,60,0.023066
58,75,0.023053
33,54,0.022990
40,50,0.022981
54,63,0.022937
5,79,0.022932
10,14,0.022919
36,87,0.022915
49,77,0.022898
21,43,0.022888
22,39,0.022847
36,48,0.022804
13,33,0.022770
84,89,0.022751
61,66,0.022742
59,74,0.022741
53,88,0.022740
11,46,0.022716
93,100,0.022675
37,50,0.022630
17,66,0.022614
67,87,0.022580
34,66,0.022543
57,69,0.022538
45,55,0.022527
36,38,0.022521
21,75,0.022500
75,85,0.022396
23,59,0.022384
86,93,0.022289
41,67,0.022281
81,99,0.022205
23,97,0.022176
7,11,0.022144
12,17,0.022083
62,98,0.022067
75,89,0.022061
48,67,0.022047
33,45,0.022004
15,25,0.021951
29,34,0.021943
48,70,0.021906
63,65,0.021903
14,52,0.021898
45,70,0.021896
13,29,0.021883
26,28,0.021859
26,80,0.021842
1,98,0.021785
38,49,0.021714
42,64,0.021701
76,87,0.021684
24,53,0.021683
25,41,0.021678
19,50,0.021649
11,37,0.021631
35,82,0.021629
13,16,0.021625
80,97,0.021622
74,95,0.021620
39,76,0.021604
53,72,0.021576
51,69,0.021553
32,40,0.021500
32,39,0.021491
17,43,0.021412
18,47,0.021387
7,12,0.021383
36,74,0.021382
20,83,0.021376
13,20,0.021336
12,50,0.021336
57,79,0.021238
22,67,0.021176
68,69,0.021156
38,44,0.021156
70,80,0.021124
24,31,0.021071
39,71,0.021025
7,26,0.021008
39,51,0.020992
67,82,0.020981
36,39,0.020921
48,81,0.020917
34,98,0.020885
70,91,0.020843
8,86,0.020830
37,77,0.020779
2,20,0.020740
37,68,0.020729
1,12,0.020695
45,82,0.020681
5,52,0.020661
66,89,0.020639
35,67,0.020569
25,58,0.020514
5,85,0.020489
22,26,0.020452
48,73,0.020342
8,13,0.020327
68,87,0.020318
27,41,0.020315
6,47,0.020293
11,33,0.020286
15,40,0.020216
41,50,0.020188
56,85,0.020140
16,99,0.020121
24,55,0.020064
45,64,0.020049
67,89,0.020046
8,15,0.020045
35,39,0.020002
11,85,0.019997
53,56,0.019996
11,79,0.019981
16,19,0.019971
28,32,0.019883
26,82,0.019871
22,85,0.019869
19,38,0.019749
18,79,0.019728
2,77,0.019662
16,38,0.019661
64,84,0.019615
6,21,0.019599
19,20,0.019586
27,100,0.019579
4,17,0.019579
37,78,0.019538
13,50,0.019532
20,82,0.019488
54,81,0.019467
25,52,0.019444
56,77,0.019423
37,84,0.019381
85,91,0.019379
72,82,0.019367
77,87,0.019343
15,37,0.019324
52,73,0.019206
59,81,0.019172
37,46,0.019162
12,40,0.019128
74,98,0.019116
86,88,0.019077
17,77,0.019068
6,11,0.019014
23,99,0.019013
34,40,0.018990
25,57,0.018989
42,58,0.018968
68,84,0.018933
82,100,0.018930
59,71,0.018926
37,64,0.018924
55,63,0.018903
30,44,0.018901
55,75,0.018840
19,98,0.018736
16,49,0.018694
30,38,0.018685
31,48,0.018648
87,100,0.018635
2,9,0.018626
6,94,0.018612
59,78,0.018597
25,54,0.018565
69,74,0.018559
11,64,0.018558
89,99,0.018537
54,84,0.018484
24,37,0.018482
2,87,0.018463
17,88,0.018451
42,84,0.018403
10,84,0.018401
75,80,0.018393
36,75,0.018365
26,58,0.018342
26,63,0.018335
2,99,0.018324
46,73,0.018299
8,47,0.018291
42,55,0.018267
11,93,0.018232
45,53,0.018139
39,79,0.018134
44,82,0.018132
24,49,0.018102
42,81,0.018083
8,100,0.018072
21,36,0.018043
22,100,0.017901
48,54,0.017893
37,61,0.017883
68,85,0.017829
5,35,0.017798
58,76,0.017797
40,42,0.017784
11,86,0.017768
87,96,0.017749
9,59,0.017744
56,91,0.017698
54,59,0.017691
26,98,0.017686
71,96,0.017655
51,94,0.017630
1,77,0.017624
33,93,0.017623
50,87,0.017568
53,71,0.017565
33,82,0.017524
7,77,0.017497
80,90,0.017460
15,64,0.017427
22,41,0.017412
14,41,0.017408
24,68,0.017382
1,99,0.017306
39,72,0.017291
8,76,0.017279
77,99,0.017269
40,86,0.017254
28,55,0.017248
27,74,0.017248
29,64,0.017229
34,70,0.017222
56,61,0.017206
43,61,0.017184
30,42,0.017183
9,11,0.017162
90,100,0.017131
77,81,0.017105
15,79,0.017092
85,90,0.017089
35,70,0.017064
30,48,0.017061
25,34,0.017057
51,72,0.017053
10,75,0.017036
22,33,0.017027
27,49,0.017021
58,85,0.017000
15,49,0.016983
15,43,0.016893
49,56,0.016868
4,79,0.016848
52,76,0.016802
38,55,0.016790
21,37,0.016787
65,67,0.016767
25,29,0.016753
55,71,0.016749
9,58,0.016731
69,87,0.016698
34,58,0.016692
38,54,0.016652
38,79,0.016641
10,63,0.016505
16,63,0.016503
29,82,0.016481
32,35,0.016458
15,36,0.016452
8,18,0.016421
70,71,0.016360
26,31,0.016306
53,82,0.016302
19,84,0.016292
7,76,0.016281
1,39,0.016271
26,35,0.016267
3,30,0.016260
56,68,0.016251
28,58,0.016217
21,71,0.016210
22,74,0.016203
65,79,0.016150
24,42,0.016131
66,80,0.016130
6,91,0.016104
57,83,0.016086
40,46,0.016063
12,36,0.016006
45,80,0.015992
27,73,0.015889
30,74,0.015868
38,53,0.015851
15,74,0.015828
14,67,0.015793
4,87,0.015760
27,75,0.015732
4,46,0.015705
62,64,0.015653
43,76,0.015635
16,80,0.015585
60,76,0.015574
38,64,0.015571
5,87,0.015558
79,99,0.015539
33,75,0.015493
84,90,0.015476
22,59,0.015469
50,92,0.015453
21,61,0.015437
47,94,0.015430
39,62,0.015419
18,36,0.015418
34,43,0.015411
56,80,0.015410
10,62,0.015342
34,53,0.015314
28,78,0.015297
62,71,0.015296
8,50,0.015291
11,55,0.015278
65,84,0.015256
25,37,0.015216
10,29,0.015200
14,59,0.015189
27,34,0.015176
42,78,0.015137
52,87,0.015122
65,95,0.015122
50,62,0.015119
82,85,0.015100
37,44,0.015004
38,74,0.014964
14,55,0.014944
30,78,0.014911
37,39,0.014887
42,50,0.014868
25,60,0.014866
1,94,0.014827
22,25,0.014791
82,98,0.014744
64,98,0.014690
22,45,0.014687
35,100,0.014631
39,43,0.014599
51,73,0.014470
36,68,0.014459
1,16,0.014456
23,40,0.014440
14,91,0.014406
12,32,0.014378
26,40,0.014369
18,32,0.014347
77,96,0.014333
59,72,0.014325
22,32,0.014320
11,63,0.014300
42,57,0.014298
12,68,0.014249
74,79,0.014246
66,76,0.014222
17,32,0.014163
35,72,0.014126
43,45,0.014078
8,19,0.014062
22,38,0.014027
43,56,0.014027
41,79,0.014000
85,100,0.013986
19,37,0.013962
25,96,0.013813
59,68,0.013799
16,79,0.013771
35,56,0.013767
48,98,0.013738
56,94,0.013737
55,85,0.013713
17,31,0.013710
23,33,0.013693
39,77,0.013689
45,57,0.013675
23,28,0.013654
70,72,0.013602
22,66,0.013582
41,84,0.013579
60,68,0.013573
82,90,0.013513
5,25,0.013490
27,69,0.013481
24,71,0.013470
58,72,0.013463
12,67,0.013450
39,75,0.013438
64,75,0.013419
55,88,0.013405
18,92,0.013291
67,95,0.013255
38,68,0.013254
10,25,0.013222
44,59,0.013209
64,99,0.013205
48,87,0.013191
23,45,0.013085
79,91,0.013070
11,22,0.013065
46,68,0.013049
17,97,0.013039
6,25,0.013012
75,88,0.013009
28,56,0.013009
13,21,0.012978
56,100,0.012977
15,45,0.012936
31,37,0.012872
1,9,0.012829
15,69,0.012819
70,98,0.012779
18,66,0.012774
50,55,0.012766
48,53,0.012741
29,41,0.012722
52,93,0.012714
62,72,0.012700
44,58,0.012558
14,75,0.012545
22,47,0.012528
49,74,0.012510
25,39,0.012509
19,26,0.012503
33,59,0.012493
21,66,0.012488
17,76,0.012479
12,70,0.012472
59,76,0.012397
40,65,0.012366
25,81,0.012360
68,83,0.012336
68,78,0.012312
33,61,0.012285
34,96,0.012280
19,32,0.012259
31,53,0.012255
20,77,0.012222
12,19,0.012219
46,67,0.012219
31,46,0.012214
67,97,0.012185
4,88,0.012165
30,72,0.012162
16,24,0.012150
36,49,0.012143
20,56,0.012123
36,60,0.012059
30,89,0.012032
67,72,0.012015
3,38,0.012006
22,63,0.012002
32,65,0.012000
50,52,0.011964
15,32,0.011952
19,64,0.011945
65,82,0.011922
38,81,0.011855
64,88,0.011854
30,41,0.011813
7,21,0.011792
10,33,0.011769
1,52,0.011756
11,57,0.011735
51,82,0.011691
7,27,0.011685
62,95,0.011656
20,68,0.011651
2,16,0.011632
46,83,0.011595
45,73,0.011578
38,62,0.011562
68,86,0.011540
51,95,0.011538
47,53,0.011485
39,54,0.011477
38,59,0.011440
48,66,0.011436
30,59,0.011431
72,98,0.011426
56,84,0.011425
55,69,0.011376
1,95,0.011371
82,84,0.011370
66,93,0.011320
44,92,0.011310
15,80,0.011292
5,27,0.011275
19,63,0.011275
63,70,0.011270
13,42,0.011268
34,83,0.011222
31,39,0.011201
27,32,0.011194
2,38,0.011166
76,86,0.011141
12,55,0.011141
43,68,0.011138
21,47,0.011133
7,79,0.011088
7,94,0.011070
9,50,0.011060
38,60,0.010997
25,49,0.010978
45,66,0.010975
45,83,0.010974
64,100,0.010973
8,88,0.010970
33,62,0.010946
3,10,0.010943
9,21,0.010942
4,47,0.010935
10,21,0.010933
81,84,0.010932
37,63,0.010915
58,87,0.010904
84,100,0.010903
17,39,0.010891
9,90,0.010863
26,32,0.010836
67,71,0.010823
46,100,0.010805
16,54,0.010798
59,99,0.010796
80,89,0.010794
35,46,0.010776
13,30,0.010769
50,75,0.010767
58,77,0.010757
15,89,0.010734
1,24,0.010728
4,35,0.010667
1,97,0.010661
3,94,0.010657
28,36,0.010576
6,13,0.010571
23,64,0.010555
28,66,0.010552
12,14,0.010533
26,69,0.010523
40,80,0.010506
81,87,0.010502
28,75,0.010404
1,89,0.010393
39,67,0.010355
56,76,0.010274
51,62,0.010266
10,57,0.010262
43,63,0.010255
13,56,0.010215
29,71,0.010210
7,28,0.010183
19,31,0.010177
24,98,0.010157
33,39,0.010149
77,78,0.010146
19,80,0.010134
15,33,0.010108
14,61,0.010094
6,37,0.010080
18,41,0.010034
6,99,0.010032
3,96,0.010030
73,89,0.010020
32,41,0.010008
11,75,0.009956
60,90,0.009878
3,99,0.009872
48,57,0.009839
19,30,0.009836
15,19,0.009813
30,83,0.009794
49,91,0.009782
38,46,0.009776
12,45,0.009706
50,81,0.009683
57,98,0.009671
45,85,0.009669
39,57,0.009638
9,64,0.009629
40,79,0.009594
17,60,0.009593
40,63,0.009591
17,53,0.009581
7,88,0.009574
36,40,0.009549
28,79,0.009542
82,95,0.009528
4,20,0.009511
15,44,0.009496
29,97,0.009483
35,69,0.009429
5,37,0.009413
41,54,0.009344
10,100,0.009265
2,86,0.009240
64,69,0.009237
19,35,0.009223
69,73,0.009218
12,61,0.009200
26,77,0.009193
35,63,0.009160
32,69,0.009153
40,71,0.009150
43,89,0.009142
49,72,0.009140
59,83,0.009126
6,23,0.009115
16,45,0.009050
19,99,0.009044
53,83,0.009043
34,64,0.009017
18,72,0.008998
38,69,0.008938
8,21,0.008921
52,96,0.008907
6,63,0.008893
30,77,0.008891
55,92,0.008890
89,95,0.008882
40,87,0.008862
1,65,0.008843
63,86,0.008837
63,98,0.008828
29,70,0.008825
45,50,0.008804
16,41,0.008801
15,58,0.008781
68,82,0.008769
34,72,0.008747
4,97,0.008747
70,74,0.008742
7,64,0.008735
15,78,0.008715
27,90,0.008709
5,34,0.008691
47,64,0.008691
66,78,0.008669
34,89,0.008654
9,28,0.008648
62,81,0.008625
5,77,0.008596
11,39,0.008587
2,46,0.008581
3,79,0.008564
28,65,0.008541
65,80,0.008505
44,78,0.008488
38,87,0.008442
65,99,0.008429
59,79,0.008417
8,25,0.008415
20,70,0.008411
59,82,0.008379
25,78,0.008378
12,24,0.008378
28,71,0.008359
26,66,0.008359
52,86,0.008298
7,17,0.008295
12,86,0.008294
4,86,0.008283
37,41,0.008283
30,68,0.008276
38,88,0.008272
6,39,0.008258
10,79,0.008254
55,94,0.008231
15,38,0.008230
30,52,0.008193
25,70,0.008188
2,64,0.008170
61,94,0.008166
10,83,0.008145
4,90,0.008131
70,89,0.008123
12,82,0.008111
30,40,0.008101
1,87,0.008093
62,85,0.008047
44,63,0.008033
63,84,0.008030
38,75,0.007976
75,78,0.007930
34,37,0.007899
3,92,0.007868
13,55,0.007848
13,87,0.007812
5,96,0.007810
66,82,0.007806
85,95,0.007763
4,91,0.007735
37,62,0.007721
2,84,0.007670
85,98,0.007659
40,81,0.007583
4,95,0.007578
60,75,0.007551
54,96,0.007544
2,96,0.007508
44,53,0.007493
8,52,0.007483
1,35,0.007473
9,56,0.007450
16,22,0.007448
34,44,0.007438
19,41,0.007434
54,78,0.007431
46,60,0.007423
4,41,0.007400
9,26,0.007356
1,11,0.007336
21,49,0.007335
16,23,0.007313
15,67,0.007313
47,99,0.007300
1,13,0.007268
32,87,0.007241
14,86,0.007198
46,55,0.007197
70,92,0.007164
50,95,0.007113
16,26,0.007112
69,96,0.007109
38,65,0.007088
29,85,0.007056
49,84,0.007053
51,96,0.006975
27,53,0.006956
31,85,0.006955
3,37,0.006881
86,100,0.006854
65,78,0.006852
11,68,0.006848
18,63,0.006829
13,70,0.006821
12,73,0.006791
13,37,0.006771
37,47,0.006760
17,78,0.006743
6,24,0.006724
3,17,0.006719
32,67,0.006682
36,58,0.006658
3,21,0.006658
38,61,0.006648
33,86,0.006639
17,93,0.006578
7,14,0.006557
38,82,0.006503
14,90,0.006488
14,57,0.006488
81,95,0.006482
6,85,0.006469
21,52,0.006410
1,93,0.006387
77,88,0.006383
41,61,0.006382
89,100,0.006379
67,69,0.006316
24,44,0.006307
64,81,0.006258
2,31,0.006257
33,44,0.006257
1,38,0.006244
10,85,0.006230
43,71,0.006223
6,28,0.006209
16,34,0.006184
81,91,0.006184
48,62,0.006169
20,42,0.006164
12,83,0.006126
16,57,0.006107
26,56,0.006100
18,99,0.006068
18,95,0.006024
50,76,0.006022
18,27,0.005874
83,98,0.005874
18,84,0.005847
49,62,0.005823
10,97,0.005810
4,76,0.005781
64,93,0.005775
49,83,0.005769
53,62,0.005709
5,90,0.005693
23,96,0.005650
33,57,0.005588
40,58,0.005585
12,99,0.005574
65,91,0.005569
43,67,0.005562
39,100,0.005557
5,89,0.005555
36,59,0.005542
26,87,0.005527
10,46,0.005493
44,85,0.005486
5,15,0.005471
66,91,0.005468
39,80,0.005436
47,59,0.005407
21,46,0.005399
14,83,0.005389
42,89,0.005388
23,26,0.005364
83,97,0.005293
74,84,0.005252
38,77,0.005226
12,66,0.005218
54,64,0.005210
28,39,0.005196
35,50,0.005183
42,48,0.005179
43,58,0.005171
5,92,0.005151
31,60,0.005073
31,87,0.005068
65,87,0.005060
32,61,0.005054
71,85,0.005050
18,74,0.004963
7,24,0.004920
12,22,0.004907
15,26,0.004886
39,74,0.004879
27,87,0.004818
11,35,0.004774
4,24,0.004770
78,82,0.004764
3,97,0.004753
49,92,0.004669
19,74,0.004624
3,49,0.004612
48,56,0.004547
36,95,0.004534
26,99,0.004485
36,62,0.004476
18,82,0.004476
2,91,0.004411
43,94,0.004406
46,78,0.004403
19,70,0.004331
1,88,0.004297
57,59,0.004253
34,62,0.004243
56,71,0.004215
58,88,0.004210
33,90,0.004205
4,23,0.004204
9,45,0.004182
1,33,0.004170
41,99,0.004132
30,35,0.004130
62,66,0.004101
51,100,0.004084
52,75,0.004084
42,83,0.004060
29,80,0.004035
15,34,0.004028
35,79,0.004018
50,59,0.004013
45,89,0.004008
48,72,0.004003
6,16,0.003959
2,25,0.003941
4,28,0.003937
26,36,0.003923
33,42,0.003918
31,91,0.003908
28,93,0.003867
58,96,0.003831
9,27,0.003818
30,39,0.003754
24,38,0.003754
32,63,0.003742
32,78,0.003714
17,79,0.003697
63,82,0.003687
42,95,0.003666
15,35,0.003665
51,83,0.003652
17,92,0.003643
69,88,0.003631
58,71,0.003630
8,42,0.003591
2,76,0.003571
11,14,0.003517
16,29,0.003487
21,54,0.003483
16,35,0.003417
39,61,0.003408
37,57,0.003386
13,40,0.003369
85,99,0.003363
80,81,0.003339
36,70,0.003336
51,93,0.003312
1,31,0.003305
58,65,0.003288
4,38,0.003232
19,54,0.003230
6,93,0.003220
79,88,0.003146
9,32,0.003137
81,100,0.003136
43,53,0.003126
5,45,0.003126
4,98,0.003125
59,67,0.003089
25,55,0.003080
44,89,0.003069
29,65,0.003069
30,57,0.003058
75,95,0.003055
17,70,0.003034
29,87,0.003018
43,57,0.003011
6,52,0.002981
6,27,0.002969
17,38,0.002894
1,91,0.002863
17,42,0.002855
6,44,0.002855
9,14,0.002837
11,80,0.002814
75,82,0.002801
23,44,0.002793
75,90,0.002760
35,66,0.002759
53,65,0.002742
3,16,0.002722
3,80,0.002676
6,92,0.002664
38,50,0.002662
55,65,0.002650
36,54,0.002623
85,93,0.002612
13,99,0.002608
25,62,0.002605
53,55,0.002599
14,58,0.002599
7,63,0.002587
1,21,0.002583
13,78,0.002541
79,81,0.002516
55,84,0.002506
58,91,0.002489
83,89,0.002463
9,40,0.002456
14,40,0.002423
64,89,0.002385
55,87,0.002372
28,63,0.002360
14,99,0.002336
22,31,0.002332
6,95,0.002330
7,91,0.002318
1,32,0.002279
30,46,0.002271
38,43,0.002267
13,34,0.002252
71,92,0.002250
84,95,0.002245
53,78,0.002237
54,70,0.002227
12,57,0.002154
14,76,0.002127
63,76,0.002125
26,44,0.002114
1,36,0.002105
60,94,0.002080
41,93,0.001978
35,45,0.001965
51,90,0.001960
23,71,0.001950
3,81,0.001944
2,98,0.001910
26,39,0.001896
1,85,0.001894
3,87,0.001885
18,71,0.001855
33,56,0.001813
5,88,0.001810
4,26,0.001794
41,87,0.001793
49,98,0.001767
12,81,0.001754
17,99,0.001748
71,87,0.001733
39,42,0.001715
18,97,0.001709
21,50,0.001684
39,70,0.001681
26,49,0.001665
76,84,0.001661
61,93,0.001646
8,81,0.001603
38,45,0.001592
2,48,0.001581
5,12,0.001573
1,10,0.001569
5,43,0.001537
8,61,0.001534
1,92,0.001496
8,26,0.001480
79,90,0.001462
3,14,0.001409
10,45,0.001399
20,38,0.001364
3,53,0.001327
57,78,0.001319
49,54,0.001314
54,61,0.001299
70,81,0.001286
32,52,0.001271
56,65,0.001269
45,79,0.001268
1,86,0.001264
35,75,0.001258
1,26,0.001230
46,50,0.001223
3,18,0.001218
1,50,0.001203
43,54,0.001188
33,53,0.001162
1,29,0.001158
70,85,0.001157
75,91,0.001104
63,83,0.001042
1,22,0.001025
16,92,0.001019
56,69,0.001012
72,87,0.001008
11,41,0.000964
5,11,0.000936
41,65,0.000926
44,65,0.000919
3,39,0.000877
37,85,0.000877
3,52,0.000862
4,15,0.000861
38,70,0.000854
2,34,0.000797
7,13,0.000771
74,94,0.000770
2,51,0.000767
63,100,0.000724
9,52,0.000714
5,18,0.000703
39,56,0.000694
86,96,0.000690
59,70,0.000682
15,57,0.000677
1,20,0.000654
5,67,0.000653
59,96,0.000648
1,71,0.000625
62,92,0.000616
2,92,0.000534
5,86,0.000519
82,94,0.000483
36,82,0.000471
65,93,0.000447
12,26,0.000431
19,87,0.000426
55,74,0.000392
3,88,0.000387
2,85,0.000387
39,53,0.000366
30,60,0.000341
72,85,0.000329
31,75,0.000290
6,75,0.000264
2,73,0.000228
14,23,0.000224
35,71,0.000218
1,23,0.000195
20,26,0.000195
12,52,0.000191
7,73,0.000187
26,68,0.000174
2,24,0.000147
34,76,0.000069
71,91,0.000068
22,98,0.000067
64,95,0.000039
44,61,0.000034
4,85,-0.000004
62,82,-0.000006
50,72,-0.000019
44,68,-0.000050
34,78,-0.000052
14,65,-0.000055
3,98,-0.000061
72,80,-0.000074
48,69,-0.000119
14,87,-0.000165
3,91,-0.000205
63,89,-0.000205
6,42,-0.000207
6,14,-0.000216
47,100,-0.000218
60,85,-0.000251
38,86,-0.000259
44,70,-0.000260
5,24,-0.000296
67,85,-0.000313
65,100,-0.000323
72,81,-0.000337
55,89,-0.000355
7,20,-0.000374
28,90,-0.000382
80,87,-0.000383
26,94,-0.000419
5,84,-0.000425
2,21,-0.000434
53,70,-0.000435
6,81,-0.000440
33,70,-0.000443
15,76,-0.000471
10,50,-0.000483
12,80,-0.000499
34,71,-0.000524
59,95,-0.000533
1,59,-0.000550
20,28,-0.000566
10,19,-0.000581
19,66,-0.000590
1,84,-0.000604
46,79,-0.000617
75,98,-0.000636
16,58,-0.000641
30,66,-0.000642
50,96,-0.000649
2,59,-0.000652
3,89,-0.000684
12,34,-0.000690
23,100,-0.000727
3,31,-0.000753
27,85,-0.000760
85,96,-0.000793
79,80,-0.000793
13,22,-0.000799
61,89,-0.000804
44,95,-0.000804
57,87,-0.000811
45,74,-0.000834
9,70,-0.000841
2,39,-0.000866
69,85,-0.000866
7,22,-0.000868
24,35,-0.000871
27,82,-0.000875
25,75,-0.000905
4,65,-0.000947
63,88,-0.000955
6,86,-0.000966
14,69,-0.000967
23,83,-0.000988
63,80,-0.000997
45,72,-0.001010
7,48,-0.001013
4,16,-0.001013
29,40,-0.001059
19,83,-0.001061
21,72,-0.001064
46,57,-0.001067
23,91,-0.001092
81,88,-0.001097
3,85,-0.001122
6,59,-0.001141
12,64,-0.001151
5,40,-0.001155
22,50,-0.001168
21,65,-0.001187
12,43,-0.001195
8,46,-0.001209
7,69,-0.001213
42,74,-0.001230
3,84,-0.001266
82,91,-0.001300
56,95,-0.001304
14,53,-0.001312
22,72,-0.001357
56,87,-0.001374
34,90,-0.001422
48,84,-0.001443
11,52,-0.001443
18,43,-0.001449
23,39,-0.001492
66,92,-0.001520
35,99,-0.001523
19,29,-0.001544
9,65,-0.001552
53,66,-0.001554
64,91,-0.001563
2,18,-0.001568
14,92,-0.001580
34,68,-0.001584
31,44,-0.001627
2,10,-0.001628
55,78,-0.001629
38,85,-0.001634
53,87,-0.001636
66,75,-0.001650
81,89,-0.001670
29,60,-0.001679
7,78,-0.001680
16,33,-0.001682
6,89,-0.001696
31,59,-0.001706
5,16,-0.001759
7,46,-0.001767
41,63,-0.001782
3,90,-0.001784
1,15,-0.001788
8,97,-0.001804
66,81,-0.001804
19,95,-0.001807
1,48,-0.001813
3,86,-0.001835
33,91,-0.001857
10,41,-0.001857
30,70,-0.001860
51,87,-0.001877
27,84,-0.001921
61,82,-0.001931
31,81,-0.001947
4,49,-0.001955
3,65,-0.001974
51,61,-0.001985
15,99,-0.001994
5,80,-0.001997
19,47,-0.002061
2,49,-0.002072
47,93,-0.002072
50,94,-0.002084
48,80,-0.002085
70,84,-0.002125
7,40,-0.002181
15,55,-0.002195
59,75,-0.002219
42,62,-0.002238
11,27,-0.002245
82,87,-0.002251
39,96,-0.002253
2,15,-0.002260
31,42,-0.002263
14,98,-0.002266
16,84,-0.002273
8,93,-0.002286
36,71,-0.002317
5,20,-0.002339
4,14,-0.002344
6,97,-0.002350
57,89,-0.002359
11,45,-0.002371
37,52,-0.002373
2,78,-0.002380
4,39,-0.002418
26,90,-0.002438
71,84,-0.002443
3,59,-0.002451
5,53,-0.002463
43,65,-0.002479
2,95,-0.002511
62,94,-0.002515
51,88,-0.002523
33,67,-0.002537
40,54,-0.002553
39,66,-0.002576
11,17,-0.002588
31,92,-0.002622
2,65,-0.002626
49,86,-0.002660
18,65,-0.002662
25,40,-0.002691
19,65,-0.002719
6,18,-0.002720
4,64,-0.002737
80,95,-0.002751
10,89,-0.002768
8,99,-0.002770
47,86,-0.002772
83,85,-0.002773
22,79,-0.002784
13,28,-0.002787
5,48,-0.002790
1,28,-0.002803
38,48,-0.002804
11,51,-0.002809
25,85,-0.002818
36,67,-0.002945
15,61,-0.002953
36,73,-0.002963
75,94,-0.002966
45,65,-0.002984
22,76,-0.002996
57,64,-0.003028
12,90,-0.003028
5,26,-0.003030
5,49,-0.003036
27,67,-0.003043
63,73,-0.003078
7,16,-0.003100
34,82,-0.003100
45,90,-0.003117
10,17,-0.003139
8,29,-0.003164
54,83,-0.003176
70,87,-0.003202
46,82,-0.003216
46,88,-0.003217
17,83,-0.003227
8,91,-0.003230
26,78,-0.003317
33,99,-0.003354
27,99,-0.003401
16,97,-0.003404
43,50,-0.003416
55,58,-0.003418
40,48,-0.003432
54,60,-0.003467
49,58,-0.003493
18,58,-0.003496
4,11,-0.003498
46,93,-0.003516
44,56,-0.003554
36,42,-0.003561
21,39,-0.003562
37,54,-0.003567
14,20,-0.003572
2,28,-0.003572
58,83,-0.003655
51,84,-0.003678
19,68,-0.003680
15,98,-0.003695
20,95,-0.003734
22,49,-0.003803
19,100,-0.003817
48,86,-0.003825
20,39,-0.003830
7,50,-0.003836
27,63,-0.003855
28,47,-0.003857
41,46,-0.003861
4,55,-0.003888
2,94,-0.003921
4,12,-0.003929
36,89,-0.003929
20,61,-0.003931
7,18,-0.003932
3,95,-0.003973
50,93,-0.004048
10,28,-0.004057
33,85,-0.004077
37,91,-0.004090
51,67,-0.004091
4,42,-0.004102
21,27,-0.004156
27,40,-0.004161
4,25,-0.004217
28,44,-0.004240
33,73,-0.004243
5,95,-0.004248
16,21,-0.004251
25,69,-0.004265
7,87,-0.004271
48,68,-0.004331
45,59,-0.004346
25,61,-0.004397
10,26,-0.004399
8,43,-0.004405
11,73,-0.004461
18,50,-0.004482
34,74,-0.004486
35,85,-0.004498
23,72,-0.004500
35,57,-0.004544
68,79,-0.004572
41,70,-0.004594
20,41,-0.004613
27,50,-0.004643
49,93,-0.004644
70,96,-0.004659
7,45,-0.004660
2,90,-0.004666
11,56,-0.004672
14,27,-0.004692
52,58,-0.004716
81,90,-0.004760
40,60,-0.004788
12,79,-0.004792
3,73,-0.004808
14,68,-0.004828
2,53,-0.004922
12,41,-0.004944
9,76,-0.004952
39,78,-0.004953
45,56,-0.004962
46,72,-0.004968
57,75,-0.004980
4,84,-0.004994
27,54,-0.005003
22,57,-0.005008
63,75,-0.005039
1,43,-0.005046
30,49,-0.005067
41,88,-0.005068
41,75,-0.005068
12,23,-0.005081
40,78,-0.005091
12,84,-0.005099
5,78,-0.005105
68,100,-0.005108
14,50,-0.005133
30,51,-0.005146
40,96,-0.005196
3,29,-0.005199
42,65,-0.005224
42,76,-0.005246
39,48,-0.005248
18,57,-0.005283
33,76,-0.005338
75,76,-0.005347
21,59,-0.005357
14,26,-0.005366
49,66,-0.005384
21,56,-0.005394
45,61,-0.005407
3,71,-0.005460
65,89,-0.005462
55,81,-0.005476
12,58,-0.005533
35,62,-0.005543
52,74,-0.005554
2,93,-0.005579
10,32,-0.005589
9,85,-0.005600
77,83,-0.005600
33,87,-0.005607
13,68,-0.005624
15,86,-0.005664
14,43,-0.005679
6,48,-0.005702
29,56,-0.005712
17,27,-0.005715
6,76,-0.005787
77,85,-0.005798
43,96,-0.005822
20,36,-0.005835
8,92,-0.005844
12,72,-0.005846
15,75,-0.005846
60,91,-0.005866
81,97,-0.005873
31,100,-0.005885
29,50,-0.005889
16,94,-0.005898
14,82,-0.005899
9,57,-0.005904
34,75,-0.005913
37,42,-0.005927
63,95,-0.005930
9,41,-0.005938
4,18,-0.005940
31,83,-0.005945
79,92,-0.005956
31,57,-0.005959
20,78,-0.005978
4,73,-0.005990
82,86,-0.006043
3,48,-0.006053
2,97,-0.006106
28,53,-0.006108
78,81,-0.006120
1,40,-0.006174
10,71,-0.006180
10,52,-0.006228
11,48,-0.006237
1,66,-0.006263
43,100,-0.006268
13,60,-0.006340
10,53,-0.006350
20,40,-0.006356
67,74,-0.006396
2,42,-0.006436
49,96,-0.006452
39,59,-0.006455
21,41,-0.006456
23,70,-0.006475
39,64,-0.006479
55,95,-0.006481
23,76,-0.006492
7,97,-0.006520
10,99,-0.006538
9,15,-0.006550
19,78,-0.006552
14,18,-0.006559
46,86,-0.006576
69,78,-0.006580
52,88,-0.006598
32,50,-0.006621
2,40,-0.006649
3,41,-0.006682
62,73,-0.006740
48,96,-0.006740
35,87,-0.006764
38,97,-0.006769
3,64,-0.006774
1,49,-0.006790
39,63,-0.006790
45,60,-0.006813
29,95,-0.006838
66,96,-0.006846
24,56,-0.006855
48,60,-0.006858
3,28,-0.006862
36,56,-0.006877
37,59,-0.006917
7,74,-0.006935
48,95,-0.006946
30,97,-0.006947
70,90,-0.006948
63,96,-0.006965
76,99,-0.006978
32,75,-0.006982
74,87,-0.006985
2,30,-0.006989
11,25,-0.006992
25,90,-0.007006
30,84,-0.007011
32,91,-0.007027
35,81,-0.007031
43,62,-0.007038
6,45,-0.007049
6,17,-0.007054
3,19,-0.007057
27,86,-0.007066
13,94,-0.007109
20,27,-0.007117
8,22,-0.007123
12,47,-0.007164
30,100,-0.007167
3,15,-0.007167
31,52,-0.007172
19,23,-0.007178
20,100,-0.007197
26,83,-0.007203
13,75,-0.007224
11,16,-0.007232
2,43,-0.007238
39,69,-0.007250
15,29,-0.007272
3,76,-0.007280
2,71,-0.007292
3,69,-0.007312
21,60,-0.007323
4,80,-0.007355
36,51,-0.007356
12,87,-0.007389
37,90,-0.007408
10,34,-0.007432
39,65,-0.007433
36,72,-0.007472
86,97,-0.007476
7,92,-0.007488
21,30,-0.007492
29,86,-0.007498
2,52,-0.007510
14,31,-0.007537
5,55,-0.007562
23,85,-0.007563
74,86,-0.007578
21,32,-0.007580
6,20,-0.007611
2,54,-0.007623
48,85,-0.007630
29,62,-0.007634
22,60,-0.007637
70,79,-0.007641
41,92,-0.007643
1,53,-0.007647
23,86,-0.007648
73,99,-0.007689
52,98,-0.007720
55,60,-0.007736
61,74,-0.007749
3,26,-0.007777
18,83,-0.007782
51,68,-0.007814
8,83,-0.007823
45,76,-0.007837
31,77,-0.007849
11,94,-0.007928
1,37,-0.007976
14,70,-0.007982
62,89,-0.008002
2,45,-0.008008
26,86,-0.008009
26,72,-0.008011
6,88,-0.008039
7,34,-0.008043
18,30,-0.008083
7,38,-0.008088
33,64,-0.008094
32,92,-0.008135
1,44,-0.008137
34,88,-0.008142
53,67,-0.008143
34,56,-0.008148
17,26,-0.008158
14,25,-0.008171
1,57,-0.008178
6,84,-0.008197
5,93,-0.008207
18,29,-0.008223
55,80,-0.008233
44,64,-0.008236
7,47,-0.008255
40,75,-0.008274
15,70,-0.008296
3,36,-0.008303
44,99,-0.008312
41,45,-0.008317
79,89,-0.008325
58,64,-0.008332
39,85,-0.008339
33,51,-0.008347
12,93,-0.008368
60,98,-0.008382
42,92,-0.008434
53,98,-0.008441
79,100,-0.008443
24,39,-0.008446
24,82,-0.008469
35,42,-0.008530
31,84,-0.008547
2,44,-0.008547
3,58,-0.008556
65,86,-0.008593
48,58,-0.008608
2,36,-0.008610
4,94,-0.008620
80,88,-0.008637
67,98,-0.008641
8,73,-0.008695
24,95,-0.008730
42,75,-0.008739
60,78,-0.008757
49,95,-0.008794
12,65,-0.008837
14,96,-0.008846
28,59,-0.008853
6,30,-0.008895
63,93,-0.008897
50,97,-0.008908
4,30,-0.008909
29,51,-0.008930
16,39,-0.008965
11,49,-0.008979
21,62,-0.008995
33,74,-0.009012
24,36,-0.009017
21,84,-0.009062
11,69,-0.009079
28,68,-0.009080
36,46,-0.009095
3,93,-0.009117
42,77,-0.009125
65,69,-0.009127
2,22,-0.009144
15,95,-0.009152
1,73,-0.009192
11,47,-0.009199
42,53,-0.009208
51,91,-0.009209
44,100,-0.009218
41,72,-0.009223
70,97,-0.009240
24,74,-0.009267
5,73,-0.009316
51,56,-0.009353
48,63,-0.009356
26,43,-0.009408
9,94,-0.009415
23,41,-0.009419
47,56,-0.009506
8,64,-0.009506
7,80,-0.009601
79,97,-0.009625
80,93,-0.009630
15,93,-0.009643
7,43,-0.009689
8,60,-0.009698
64,71,-0.009704
14,28,-0.009708
38,67,-0.009737
41,95,-0.009757
40,73,-0.009790
8,62,-0.009820
64,86,-0.009835
59,88,-0.009904
41,66,-0.009912
47,65,-0.009914
26,57,-0.009927
29,46,-0.009927
34,59,-0.009933
20,87,-0.009964
11,54,-0.009965
3,44,-0.009986
55,66,-0.009988
81,98,-0.010011
5,94,-0.010012
15,68,-0.010047
60,82,-0.010080
23,61,-0.010099
13,80,-0.010099
19,51,-0.010105
42,86,-0.010123
1,27,-0.010157
2,11,-0.010180
15,66,-0.010193
27,66,-0.010216
73,78,-0.010216
8,69,-0.010233
49,59,-0.010237
32,71,-0.010238
62,86,-0.010241
9,81,-0.010247
29,58,-0.010264
34,80,-0.010290
17,58,-0.010298
5,14,-0.010316
3,68,-0.010321
77,89,-0.010339
11,43,-0.010348
7,85,-0.010376
10,69,-0.010404
72,89,-0.010407
4,52,-0.010421
69,92,-0.010445
7,29,-0.010466
26,54,-0.010471
69,75,-0.010476
44,86,-0.010482
6,46,-0.010502
73,92,-0.010507
42,94,-0.010544
75,100,-0.010563
13,59,-0.010565
3,83,-0.010566
43,91,-0.010569
45,62,-0.010576
55,86,-0.010596
43,86,-0.010611
45,99,-0.010613
2,29,-0.010638
9,84,-0.010646
30,62,-0.010652
18,70,-0.010656
10,92,-0.010693
29,45,-0.010701
64,67,-0.010709
15,88,-0.010737
39,82,-0.010748
38,73,-0.010749
55,100,-0.010754
25,76,-0.010779
27,64,-0.010793
2,74,-0.010822
41,58,-0.010826
7,86,-0.010827
60,73,-0.010830
3,66,-0.010836
8,79,-0.010853
2,26,-0.010865
18,100,-0.010932
5,51,-0.010958
54,88,-0.010965
73,98,-0.010995
36,50,-0.010995
23,82,-0.011003
54,85,-0.011007
30,81,-0.011035
65,90,-0.011055
80,92,-0.011057
1,56,-0.011076
20,80,-0.011091
20,81,-0.011093
8,77,-0.011094
54,79,-0.011098
4,51,-0.011105
7,89,-0.011116
24,63,-0.011137
11,53,-0.011173
34,61,-0.011197
12,42,-0.011200
16,93,-0.011245
20,59,-0.011248
34,97,-0.011261
10,20,-0.011268
13,35,-0.011272
6,66,-0.011282
59,87,-0.011288
1,90,-0.011294
28,84,-0.011297
76,88,-0.011303
4,13,-0.011367
24,99,-0.011372
23,30,-0.011378
10,77,-0.011387
51,60,-0.011400
16,47,-0.011424
10,88,-0.011427
83,84,-0.011429
1,76,-0.011441
2,33,-0.011451
47,97,-0.011452
64,97,-0.011472
3,11,-0.011488
8,59,-0.011492
9,100,-0.011501
25,73,-0.011505
29,78,-0.011508
6,79,-0.011510
8,63,-0.011527
34,87,-0.011535
9,35,-0.011553
14,64,-0.011564
10,15,-0.011584
19,39,-0.011610
29,43,-0.011685
10,87,-0.011723
39,94,-0.011750
53,99,-0.011752
35,84,-0.011756
3,27,-0.011807
3,35,-0.011830
47,89,-0.011844
1,18,-0.011858
13,39,-0.011860
15,60,-0.011865
47,95,-0.011874
12,48,-0.011878
9,51,-0.011885
79,87,-0.011897
66,69,-0.011898
19,28,-0.011903
71,98,-0.011906
45,68,-0.011925
1,67,-0.011933
7,19,-0.012016
79,98,-0.012027
59,65,-0.012038
12,91,-0.012038
50,83,-0.012046
38,94,-0.012056
70,95,-0.012073
28,81,-0.012075
53,85,-0.012081
8,45,-0.012105
2,75,-0.012111
46,70,-0.012112
44,48,-0.012113
36,93,-0.012143
30,34,-0.012148
2,81,-0.012156
8,14,-0.012207
1,42,-0.012209
11,19,-0.012209
4,54,-0.012215
53,97,-0.012231
20,53,-0.012263
15,82,-0.012275
13,27,-0.012275
7,44,-0.012290
6,98,-0.012338
61,84,-0.012341
16,77,-0.012351
17,47,-0.012376
64,94,-0.012376
16,87,-0.012400
32,56,-0.012404
31,38,-0.012423
2,57,-0.012433
6,73,-0.012435
7,75,-0.012480
6,54,-0.012481
35,60,-0.012564
1,54,-0.012638
2,37,-0.012639
3,61,-0.012649
49,57,-0.012668
54,72,-0.012689
49,80,-0.012698
71,75,-0.012718
27,70,-0.012760
82,97,-0.012830
46,58,-0.012831
9,53,-0.012836
18,60,-0.012869
44,73,-0.012873
80,98,-0.012890
16,50,-0.012905
7,66,-0.012912
53,63,-0.012918
23,66,-0.012948
8,32,-0.012949
3,45,-0.012962
16,52,-0.012975
2,80,-0.012977
12,76,-0.012982
2,55,-0.012993
40,57,-0.012996
4,45,-0.013016
43,84,-0.013056
57,73,-0.013062
79,85,-0.013083
62,75,-0.013112
3,25,-0.013123
5,91,-0.013137
37,92,-0.013154
43,60,-0.013180
23,65,-0.013188
28,64,-0.013206
44,81,-0.013207
25,53,-0.013241
39,86,-0.013246
42,90,-0.013253
31,45,-0.013308
9,88,-0.013317
5,39,-0.013328
74,99,-0.013330
49,94,-0.013366
12,100,-0.013383
28,74,-0.013400
27,88,-0.013411
47,92,-0.013413
51,59,-0.013427
6,19,-0.013432
9,96,-0.013435
84,99,-0.013506
1,34,-0.013528
22,88,-0.013561
66,90,-0.013571
10,27,-0.013586
19,59,-0.013586
7,52,-0.013603
5,21,-0.013615
73,97,-0.013616
3,42,-0.013623
4,31,-0.013643
17,80,-0.013654
39,44,-0.013656
24,94,-0.013661
24,93,-0.013693
44,60,-0.013717
39,68,-0.013735
13,89,-0.013746
45,91,-0.013801
16,68,-0.013806
16,85,-0.013824
9,97,-0.013841
29,99,-0.013855
43,73,-0.013923
4,36,-0.013935
13,61,-0.013964
38,89,-0.013971
8,53,-0.013973
78,96,-0.013975
58,78,-0.013984
71,94,-0.013987
2,56,-0.013987
77,90,-0.014008
24,58,-0.014015
28,62,-0.014023
46,87,-0.014104
7,49,-0.014113
16,71,-0.014124
57,97,-0.014144
2,66,-0.014174
29,67,-0.014188
11,74,-0.014202
16,90,-0.014269
52,89,-0.014296
45,75,-0.014336
41,76,-0.014392
65,72,-0.014404
29,89,-0.014411
30,32,-0.014420
82,93,-0.014446
9,60,-0.014470
8,36,-0.014483
14,77,-0.014483
50,84,-0.014485
55,98,-0.014489
48,55,-0.014494
37,93,-0.014495
37,82,-0.014498
4,59,-0.014534
58,97,-0.014542
8,49,-0.014545
25,66,-0.014549
5,83,-0.014560
53,69,-0.014567
12,75,-0.014574
85,92,-0.014575
5,36,-0.014584
58,100,-0.014625
78,99,-0.014633
77,80,-0.014634
7,83,-0.014643
10,74,-0.014702
12,54,-0.014760
48,79,-0.014776
76,81,-0.014797
12,27,-0.014806
55,62,-0.014839
38,83,-0.014846
2,35,-0.014853
4,71,-0.014886
13,63,-0.014895
42,79,-0.014912
56,81,-0.014931
13,47,-0.014934
83,95,-0.014953
23,62,-0.014959
29,69,-0.014979
1,19,-0.014999
55,79,-0.015020
58,93,-0.015035
69,94,-0.015046
6,29,-0.015069
43,99,-0.015076
4,40,-0.015093
25,83,-0.015103
57,91,-0.015124
10,66,-0.015167
31,47,-0.015185
52,69,-0.015187
10,30,-0.015217
2,41,-0.015224
23,78,-0.015267
1,14,-0.015278
1,79,-0.015281
27,47,-0.015285
17,81,-0.015300
31,64,-0.015305
65,71,-0.015353
2,17,-0.015387
39,73,-0.015394
25,36,-0.015399
46,98,-0.015419
1,81,-0.015451
14,33,-0.015457
10,40,-0.015463
9,73,-0.015466
6,22,-0.015471
28,38,-0.015480
3,74,-0.015491
52,91,-0.015518
57,90,-0.015563
31,89,-0.015575
54,93,-0.015593
54,100,-0.015605
67,91,-0.015609
25,45,-0.015627
8,54,-0.015637
9,80,-0.015638
32,85,-0.015649
24,61,-0.015654
41,85,-0.015687
9,39,-0.015688
72,86,-0.015689
52,81,-0.015690
39,49,-0.015708
6,69,-0.015719
12,60,-0.015721
29,96,-0.015733
3,60,-0.015740
31,72,-0.015742
7,84,-0.015749
15,90,-0.015768
27,68,-0.015789
42,70,-0.015792
12,39,-0.015821
3,56,-0.015822
22,43,-0.015826
47,88,-0.015832
75,79,-0.015877
55,70,-0.015878
57,94,-0.015898
8,72,-0.015899
1,41,-0.015910
38,66,-0.015913
10,72,-0.015917
9,54,-0.015945
10,81,-0.015956
47,84,-0.015959
75,86,-0.015982
1,30,-0.015988
60,99,-0.015999
40,70,-0.016037
51,70,-0.016053
20,63,-0.016067
41,91,-0.016078
11,32,-0.016086
7,25,-0.016108
41,53,-0.016171
17,89,-0.016176
38,80,-0.016199
28,67,-0.016221
38,72,-0.016245
49,65,-0.016276
25,32,-0.016284
4,27,-0.016289
79,84,-0.016348
71,81,-0.016377
61,78,-0.016396
9,19,-0.016483
20,89,-0.016490
13,51,-0.016498
21,33,-0.016538
42,45,-0.016553
68,93,-0.016585
21,53,-0.016618
31,98,-0.016629
4,74,-0.016642
62,91,-0.016657
13,84,-0.016665
28,82,-0.016670
26,67,-0.016673
8,28,-0.016690
13,41,-0.016695
30,75,-0.016702
1,46,-0.016716
1,51,-0.016718
9,43,-0.016751
37,48,-0.016762
13,83,-0.016774
36,47,-0.016774
33,81,-0.016781
62,76,-0.016790
19,85,-0.016821
7,35,-0.016863
1,17,-0.016881
28,45,-0.016899
45,84,-0.016905
73,100,-0.016953
24,85,-0.016956
39,52,-0.016974
6,38,-0.016974
29,36,-0.016976
44,55,-0.016984
1,64,-0.016989
70,99,-0.016993
31,71,-0.016999
46,64,-0.017035
3,23,-0.017048
11,81,-0.017049
45,92,-0.017051
18,85,-0.017070
23,92,-0.017080
40,66,-0.017109
8,48,-0.017116
12,63,-0.017182
4,92,-0.017190
19,61,-0.017224
7,90,-0.017263
79,96,-0.017273
87,93,-0.017296
41,57,-0.017298
76,94,-0.017303
7,15,-0.017347
8,94,-0.017384
31,96,-0.017389
4,44,-0.017398
37,65,-0.017398
69,95,-0.017413
3,24,-0.017416
8,87,-0.017493
19,96,-0.017545
79,95,-0.017549
40,89,-0.017568
27,60,-0.017643
11,59,-0.017649
12,85,-0.017661
54,69,-0.017670
11,87,-0.017677
29,57,-0.017686
45,71,-0.017694
17,29,-0.017702
42,51,-0.017727
42,59,-0.017736
16,76,-0.017764
55,64,-0.017806
28,96,-0.017814
47,63,-0.017836
51,80,-0.017865
49,78,-0.017884
45,58,-0.017884
29,66,-0.017897
11,97,-0.018018
40,45,-0.018049
9,63,-0.018061
16,96,-0.018062
16,64,-0.018086
18,86,-0.018091
34,65,-0.018100
5,57,-0.018140
36,69,-0.018149
2,83,-0.018151
63,94,-0.018154
5,44,-0.018176
77,94,-0.018188
50,85,-0.018192
5,17,-0.018193
1,75,-0.018200
8,16,-0.018201
14,21,-0.018224
6,31,-0.018226
24,43,-0.018233
4,78,-0.018238
5,13,-0.018299
32,68,-0.018327
20,31,-0.018339
32,90,-0.018345
9,67,-0.018373
3,50,-0.018390
3,40,-0.018395
29,88,-0.018415
74,93,-0.018420
5,66,-0.018421
67,94,-0.018428
7,82,-0.018459
15,87,-0.018490
5,41,-0.018519
29,90,-0.018525
77,93,-0.018542
67,86,-0.018547
40,90,-0.018553
31,82,-0.018602
1,55,-0.018612
10,42,-0.018613
10,16,-0.018618
9,83,-0.018640
73,90,-0.018663
24,77,-0.018675
17,62,-0.018704
19,97,-0.018705
39,50,-0.018714
76,89,-0.018736
43,51,-0.018751
9,86,-0.018787
15,73,-0.018802
8,27,-0.018822
85,94,-0.018842
6,60,-0.018844
54,97,-0.018879
27,39,-0.018886
29,38,-0.018890
17,67,-0.018892
14,39,-0.018902
73,83,-0.018904
8,39,-0.018906
16,91,-0.018950
40,100,-0.018959
37,83,-0.019009
1,82,-0.019013
26,88,-0.019024
59,93,-0.019034
33,92,-0.019039
27,65,-0.019071
36,78,-0.019075
24,60,-0.019095
7,60,-0.019131
26,97,-0.019144
9,16,-0.019158
70,86,-0.019168
11,18,-0.019211
15,94,-0.019222
7,59,-0.019227
8,58,-0.019245
8,41,-0.019259
70,76,-0.019271
47,87,-0.019282
13,67,-0.019285
1,45,-0.019296
10,70,-0.019324
34,85,-0.019336
7,81,-0.019352
26,53,-0.019358
5,76,-0.019385
70,88,-0.019440
8,55,-0.019454
18,35,-0.019478
4,62,-0.019492
33,96,-0.019509
7,62,-0.019527
50,66,-0.019555
17,90,-0.019600
42,99,-0.019626
84,92,-0.019629
19,93,-0.019641
50,88,-0.019645
14,80,-0.019720
25,31,-0.019751
22,82,-0.019779
9,25,-0.019779
49,68,-0.019782
80,96,-0.019798
21,94,-0.019809
27,44,-0.019812
20,25,-0.019841
2,62,-0.019844
60,88,-0.019866
43,81,-0.019867
16,61,-0.019907
30,88,-0.019976
2,27,-0.019986
21,87,-0.020030
47,79,-0.020044
14,45,-0.020046
16,82,-0.020052
10,54,-0.020064
12,29,-0.020097
12,38,-0.020155
9,34,-0.020160
58,68,-0.020172
7,67,-0.020191
53,91,-0.020201
77,86,-0.020225
14,60,-0.020240
11,77,-0.020255
23,46,-0.020259
9,92,-0.020264
61,88,-0.020330
25,86,-0.020333
41,60,-0.020346
11,71,-0.020351
36,84,-0.020361
19,58,-0.020375
13,43,-0.020381
3,22,-0.020442
2,32,-0.020457
4,75,-0.020463
40,53,-0.020469
45,69,-0.020514
12,62,-0.020516
68,91,-0.020523
23,63,-0.020527
2,67,-0.020551
18,59,-0.020574
69,91,-0.020578
53,93,-0.020583
35,49,-0.020601
57,71,-0.020609
4,50,-0.020649
12,78,-0.020667
9,55,-0.020700
32,70,-0.020701
9,62,-0.020715
14,66,-0.020718
16,89,-0.020775
10,76,-0.020782
8,24,-0.020808
29,74,-0.020847
82,89,-0.020867
14,56,-0.020874
8,17,-0.020883
39,47,-0.020887
32,86,-0.020941
72,90,-0.020954
28,60,-0.020976
53,100,-0.020987
44,83,-0.020997
31,78,-0.021028
10,38,-0.021034
20,66,-0.021049
15,83,-0.021089
16,27,-0.021096
4,34,-0.021101
50,89,-0.021126
6,36,-0.021137
5,59,-0.021144
67,76,-0.021191
9,95,-0.021193
49,90,-0.021200
10,98,-0.021228
49,55,-0.021237
26,91,-0.021239
28,41,-0.021251
7,70,-0.021281
80,86,-0.021295
69,93,-0.021305
20,67,-0.021312
30,80,-0.021325
5,28,-0.021356
32,100,-0.021379
42,71,-0.021383
3,82,-0.021397
1,60,-0.021435
46,89,-0.021458
5,71,-0.021458
7,51,-0.021459
61,71,-0.021477
60,92,-0.021505
10,56,-0.021525
43,66,-0.021529
6,50,-0.021540
38,47,-0.021557
23,27,-0.021571
84,93,-0.021596
56,60,-0.021669
30,61,-0.021669
15,41,-0.021678
26,51,-0.021685
77,92,-0.021699
10,96,-0.021704
53,89,-0.021718
29,33,-0.021782
30,95,-0.021797
9,99,-0.021810
9,22,-0.021811
32,94,-0.021826
22,93,-0.021830
12,35,-0.021854
7,65,-0.021863
29,48,-0.021875
16,78,-0.021886
12,18,-0.021895
21,67,-0.021910
8,85,-0.021939
8,65,-0.021980
1,63,-0.021994
35,97,-0.022004
47,80,-0.022005
24,54,-0.022022
6,82,-0.022036
21,99,-0.022048
7,53,-0.022062
19,60,-0.022081
35,58,-0.022108
13,57,-0.022113
6,41,-0.022119
1,80,-0.022129
11,42,-0.022134
35,51,-0.022140
14,49,-0.022141
52,90,-0.022141
19,69,-0.022151
22,56,-0.022159
7,98,-0.022160
69,77,-0.022214
10,51,-0.022222
8,35,-0.022230
52,66,-0.022252
6,49,-0.022259
5,31,-0.022276
54,89,-0.022289
36,99,-0.022300
14,51,-0.022345
25,27,-0.022352
4,66,-0.022357
36,98,-0.022377
51,86,-0.022384
23,73,-0.022449
50,60,-0.022470
2,13,-0.022582
44,90,-0.022582
28,91,-0.022599
63,92,-0.022607
37,74,-0.022618
14,71,-0.022619
13,17,-0.022621
32,59,-0.022650
71,97,-0.022664
39,88,-0.022666
74,77,-0.022667
61,77,-0.022708
13,65,-0.022734
67,75,-0.022736
56,89,-0.022742
32,95,-0.022744
7,93,-0.022749
1,83,-0.022762
57,86,-0.022791
25,68,-0.022803
45,86,-0.022819
14,100,-0.022844
22,97,-0.022850
29,59,-0.022882
17,51,-0.022883
74,89,-0.022940
60,79,-0.022954
61,90,-0.022959
7,33,-0.022973
39,99,-0.022995
68,81,-0.023005
56,99,-0.023007
9,79,-0.023012
52,54,-0.023026
49,61,-0.023041
9,78,-0.023057
6,87,-0.023059
80,99,-0.023070
57,95,-0.023072
15,63,-0.023084
60,74,-0.023106
10,55,-0.023107
40,99,-0.023107
34,46,-0.023127
5,23,-0.023131
27,72,-0.023197
13,88,-0.023198
1,61,-0.023219
24,45,-0.023280
17,57,-0.023294
10,82,-0.023306
67,92,-0.023319
7,30,-0.023322
66,79,-0.023338
24,81,-0.023357
11,96,-0.023359
58,95,-0.023368
74,100,-0.023392
36,90,-0.023512
7,23,-0.023534
5,65,-0.023576
8,82,-0.023582
7,41,-0.023605
13,85,-0.023609
80,100,-0.023621
6,58,-0.023622
37,79,-0.023646
56,90,-0.023655
5,50,-0.023685
58,79,-0.023693
2,50,-0.023709
54,76,-0.023723
30,91,-0.023727
45,87,-0.023727
73,91,-0.023728
5,60,-0.023805
12,88,-0.023848
13,26,-0.023852
78,95,-0.023858
64,92,-0.023882
68,94,-0.023883
43,78,-0.023895
20,51,-0.023920
16,72,-0.023959
23,93,-0.023970
4,57,-0.023978
32,97,-0.023986
22,89,-0.024002
8,89,-0.024003
61,97,-0.024041
44,75,-0.024075
33,77,-0.024081
44,93,-0.024135
13,48,-0.024144
60,77,-0.024146
62,88,-0.024148
19,89,-0.024167
20,96,-0.024170
1,62,-0.024220
72,94,-0.024228
47,55,-0.024267
43,90,-0.024269
46,99,-0.024337
27,95,-0.024358
30,55,-0.024376
7,36,-0.024451
26,50,-0.024471
22,35,-0.024588
60,89,-0.024592
17,95,-0.024614
6,40,-0.024628
64,87,-0.024648
29,100,-0.024652
22,78,-0.024666
39,97,-0.024669
61,85,-0.024730
23,48,-0.024732
25,43,-0.024734
51,85,-0.024749
48,94,-0.024769
3,33,-0.024833
9,42,-0.024835
6,74,-0.024877
67,78,-0.024879
20,64,-0.024895
39,58,-0.024932
9,89,-0.024953
33,48,-0.024983
25,95,-0.025015
32,43,-0.025035
41,64,-0.025038
17,98,-0.025052
23,98,-0.025065
53,61,-0.025083
2,58,-0.025092
8,56,-0.025092
10,90,-0.025143
4,81,-0.025144
28,99,-0.025179
16,70,-0.025181
31,61,-0.025184
4,93,-0.025191
12,56,-0.025199
22,54,-0.025272
48,88,-0.025278
26,60,-0.025285
2,61,-0.025308
31,80,-0.025353
66,73,-0.025362
21,80,-0.025412
32,44,-0.025440
45,54,-0.025491
37,81,-0.025507
26,52,-0.025507
62,99,-0.025536
10,65,-0.025545
8,66,-0.025552
21,68,-0.025567
49,76,-0.025569
74,81,-0.025572
78,89,-0.025621
6,61,-0.025624
6,67,-0.025647
5,38,-0.025652
62,83,-0.025667
20,99,-0.025675
43,69,-0.025683
3,54,-0.025687
16,51,-0.025702
24,30,-0.025735
10,91,-0.025746
4,53,-0.025769
30,79,-0.025814
36,100,-0.025835
29,61,-0.025878
3,34,-0.025882
81,92,-0.025950
22,30,-0.025980
19,76,-0.026021
2,14,-0.026101
46,85,-0.026138
47,54,-0.026143
49,69,-0.026146
83,94,-0.026155
24,100,-0.026159
3,12,-0.026220
15,42,-0.026222
15,85,-0.026227
20,91,-0.026250
15,47,-0.026256
41,96,-0.026355
58,92,-0.026377
4,19,-0.026394
10,80,-0.026424
32,49,-0.026429
49,81,-0.026452
53,95,-0.026481
10,48,-0.026493
30,50,-0.026517
62,97,-0.026523
13,86,-0.026527
52,68,-0.026534
22,94,-0.026565
14,48,-0.026620
79,86,-0.026625
29,73,-0.026630
6,35,-0.026639
11,90,-0.026670
5,33,-0.026672
7,31,-0.026691
33,65,-0.026691
2,23,-0.026705
3,72,-0.026716
54,87,-0.026745
10,58,-0.026785
75,92,-0.026787
64,90,-0.026817
24,34,-0.026885
6,68,-0.026901
47,91,-0.026912
5,81,-0.026933
43,64,-0.026969
14,95,-0.026971
64,77,-0.026971
68,89,-0.026983
9,82,-0.026985
25,87,-0.027002
3,70,-0.027017
24,57,-0.027022
1,74,-0.027031
34,77,-0.027047
19,43,-0.027053
13,23,-0.027056
21,76,-0.027111
26,33,-0.027132
2,68,-0.027141
17,86,-0.027146
50,71,-0.027176
5,58,-0.027223
6,15,-0.027245
48,74,-0.027252
4,43,-0.027255
63,87,-0.027274
52,78,-0.027275
49,79,-0.027299
79,82,-0.027303
40,62,-0.027345
47,85,-0.027363
52,71,-0.027472
36,92,-0.027491
9,98,-0.027506
65,76,-0.027507
10,95,-0.027507
6,83,-0.027517
6,70,-0.027538
56,92,-0.027552
17,82,-0.027567
17,18,-0.027582
13,66,-0.027609
35,80,-0.027620
73,81,-0.027674
62,65,-0.027677
57,100,-0.027682
16,86,-0.027686
65,77,-0.027689
11,40,-0.027727
13,100,-0.027739
43,92,-0.027768
35,44,-0.027799
1,58,-0.027801
3,63,-0.027836
68,88,-0.027852
10,49,-0.027881
73,80,-0.028004
7,55,-0.028010
18,94,-0.028020
8,90,-0.028065
48,97,-0.028070
5,32,-0.028073
20,43,-0.028147
62,100,-0.028185
13,72,-0.028187
62,78,-0.028195
15,59,-0.028200
38,52,-0.028235
41,98,-0.028240
27,92,-0.028318
11,44,-0.028324
4,67,-0.028332
65,94,-0.028378
21,89,-0.028404
13,98,-0.028425
31,74,-0.028428
35,73,-0.028441
60,87,-0.028451
36,76,-0.028482
16,32,-0.028501
38,84,-0.028504
31,62,-0.028514
20,79,-0.028517
18,81,-0.028542
15,51,-0.028550
13,38,-0.028594
3,78,-0.028600
10,60,-0.028610
56,93,-0.028628
37,97,-0.028666
68,98,-0.028720
33,83,-0.028738
15,62,-0.028768
71,79,-0.028776
11,91,-0.028776
21,45,-0.028785
9,69,-0.028802
9,61,-0.028808
73,96,-0.028812
76,100,-0.028833
84,97,-0.028845
5,22,-0.028846
46,80,-0.028849
2,19,-0.028850
41,47,-0.028878
59,98,-0.028879
45,88,-0.028881
23,95,-0.028898
33,68,-0.028937
31,55,-0.028972
7,61,-0.028989
50,77,-0.028998
59,100,-0.029012
71,93,-0.029048
7,54,-0.029061
45,100,-0.029068
21,97,-0.029089
9,33,-0.029105
11,92,-0.029106
1,69,-0.029110
21,95,-0.029124
68,76,-0.029133
42,100,-0.029151
41,59,-0.029151
28,76,-0.029151
10,78,-0.029174
40,95,-0.029189
54,65,-0.029216
22,86,-0.029222
37,53,-0.029244
35,78,-0.029265
6,62,-0.029273
48,91,-0.029278
22,40,-0.029329
25,77,-0.029380
43,88,-0.029384
44,84,-0.029449
4,29,-0.029480
35,83,-0.029490
13,69,-0.029493
63,71,-0.029500
62,90,-0.029529
6,55,-0.029529
6,71,-0.029540
18,37,-0.029563
20,75,-0.029565
8,70,-0.029583
51,92,-0.029592
7,42,-0.029600
51,54,-0.029626
5,72,-0.029642
18,67,-0.029662
2,12,-0.029663
28,89,-0.029676
50,73,-0.029724
31,95,-0.029753
39,90,-0.029816
10,67,-0.029817
48,82,-0.029824
14,81,-0.029829
72,93,-0.029835
50,90,-0.029837
41,94,-0.029848
36,85,-0.029861
69,99,-0.029882
13,64,-0.029920
46,71,-0.029921
58,70,-0.029930
78,94,-0.029933
23,79,-0.029937
25,88,-0.029953
11,65,-0.029956
11,100,-0.029966
62,96,-0.029980
4,69,-0.030006
80,91,-0.030012
44,54,-0.030110
23,57,-0.030132
34,45,-0.030162
38,58,-0.030200
29,93,-0.030214
9,91,-0.030219
67,88,-0.030224
36,64,-0.030228
3,55,-0.030246
2,60,-0.030286
1,72,-0.030290
12,98,-0.030301
55,73,-0.030301
9,37,-0.030321
24,65,-0.030340
36,88,-0.030370
15,27,-0.030374
75,84,-0.030397
28,80,-0.030415
41,51,-0.030418
4,60,-0.030426
30,45,-0.030514
16,36,-0.030528
7,37,-0.030554
23,54,-0.030598
21,55,-0.030605
59,94,-0.030615
17,84,-0.030636
11,21,-0.030637
10,39,-0.030658
3,67,-0.030699
7,68,-0.030719
36,83,-0.030724
45,98,-0.030735
12,31,-0.030765
17,71,-0.030778
50,91,-0.030778
11,61,-0.030780
17,85,-0.030785
57,88,-0.030785
66,97,-0.030818
4,68,-0.030841
5,70,-0.030854
9,74,-0.030865
42,97,-0.030885
51,98,-0.030895
3,43,-0.030942
4,83,-0.030949
1,68,-0.030997
36,80,-0.031037
4,22,-0.031041
3,75,-0.031097
4,63,-0.031120
30,87,-0.031132
18,96,-0.031139
31,90,-0.031140
15,18,-0.031180
11,82,-0.031190
15,24,-0.031210
35,89,-0.031290
17,46,-0.031324
9,87,-0.031336
25,100,-0.031344
27,55,-0.031361
49,64,-0.031437
41,90,-0.031459
40,91,-0.031464
39,93,-0.031474
47,69,-0.031484
46,63,-0.031490
17,50,-0.031493
14,78,-0.031503
61,64,-0.031512
12,44,-0.031552
51,66,-0.031576
24,78,-0.031603
74,97,-0.031615
30,37,-0.031628
22,95,-0.031638
25,59,-0.031675
37,75,-0.031677
42,66,-0.031695
17,65,-0.031778
3,57,-0.031802
32,54,-0.031813
81,96,-0.031815
44,74,-0.031816
23,84,-0.031821
40,64,-0.031835
32,99,-0.031837
8,30,-0.031844
4,82,-0.031844
57,96,-0.031853
32,81,-0.031902
4,37,-0.031906
69,100,-0.031925
18,53,-0.031925
14,72,-0.031935
16,98,-0.031961
35,52,-0.031983
42,69,-0.031996
25,99,-0.032003
35,43,-0.032031
17,74,-0.032032
16,60,-0.032045
48,93,-0.032047
17,63,-0.032062
61,63,-0.032073
65,92,-0.032085
47,68,-0.032093
41,81,-0.032115
82,99,-0.032152
35,74,-0.032171
8,31,-0.032194
75,96,-0.032196
44,72,-0.032197
50,64,-0.032292
26,64,-0.032305
39,95,-0.032311
46,95,-0.032324
20,33,-0.032339
18,26,-0.032351
27,52,-0.032458
20,71,-0.032495
25,94,-0.032501
34,48,-0.032502
30,69,-0.032525
29,63,-0.032581
76,82,-0.032620
21,34,-0.032627
64,79,-0.032677
23,75,-0.032703
38,76,-0.032715
55,83,-0.032730
18,38,-0.032735
24,69,-0.032804
9,48,-0.032815
5,75,-0.032828
38,100,-0.032830
21,51,-0.032833
47,75,-0.032835
8,84,-0.032859
6,90,-0.032890
21,28,-0.032930
6,80,-0.032930
12,69,-0.033009
17,91,-0.033056
17,69,-0.033084
2,69,-0.033086
28,94,-0.033110
47,81,-0.033114
16,74,-0.033162
3,62,-0.033194
6,32,-0.033224
34,69,-0.033243
22,36,-0.033276
83,88,-0.033307
49,60,-0.033385
25,91,-0.033398
18,42,-0.033478
41,97,-0.033484
33,71,-0.033525
50,56,-0.033546
64,66,-0.033602
74,91,-0.033623
72,96,-0.033674
26,47,-0.033695
56,75,-0.033705
26,85,-0.033713
31,40,-0.033716
11,58,-0.033721
26,61,-0.033748
15,91,-0.033815
33,98,-0.033845
12,21,-0.033849
28,73,-0.033850
21,77,-0.033853
49,63,-0.033860
6,65,-0.033878
8,80,-0.033903
10,18,-0.033937
2,82,-0.033972
18,93,-0.034016
41,100,-0.034032
17,22,-0.034069
22,75,-0.034096
28,42,-0.034110
8,71,-0.034144
21,96,-0.034199
72,77,-0.034202
71,77,-0.034205
8,67,-0.034212
1,70,-0.034220
12,92,-0.034221
29,91,-0.034222
23,74,-0.034232
77,95,-0.034239
17,52,-0.034255
54,95,-0.034310
50,61,-0.034313
58,99,-0.034383
25,97,-0.034405
25,51,-0.034431
45,63,-0.034452
26,59,-0.034458
37,87,-0.034495
34,60,-0.034503
61,98,-0.034538
5,62,-0.034546
71,100,-0.034573
59,90,-0.034604
22,44,-0.034619
26,84,-0.034622
54,91,-0.034636
62,77,-0.034644
11,67,-0.034678
12,96,-0.034696
6,78,-0.034712
27,57,-0.034743
53,92,-0.034766
60,100,-0.034776
34,63,-0.034800
38,96,-0.034827
23,56,-0.034850
50,69,-0.034870
41,78,-0.034885
1,78,-0.034908
8,40,-0.034993
5,56,-0.035006
5,42,-0.035008
32,96,-0.035074
68,99,-0.035084
37,96,-0.035085
36,45,-0.035092
48,100,-0.035112
38,91,-0.035142
6,53,-0.035147
65,97,-0.035160
7,72,-0.035168
23,36,-0.035184
56,83,-0.035205
44,91,-0.035221
21,100,-0.035238
6,72,-0.035269
46,75,-0.035312
14,35,-0.035318
15,71,-0.035370
36,94,-0.035378
61,99,-0.035424
30,65,-0.035468
78,98,-0.035484
11,88,-0.035485
17,25,-0.035494
5,64,-0.035497
28,92,-0.035563
7,32,-0.035634
34,73,-0.035695
32,58,-0.035742
46,61,-0.035750
26,55,-0.035771
21,78,-0.035783
27,91,-0.035798
73,94,-0.035812
15,52,-0.035815
41,86,-0.035861
27,36,-0.035921
8,74,-0.035952
7,56,-0.035969
30,82,-0.035992
24,67,-0.035993
8,68,-0.036018
39,83,-0.036051
19,62,-0.036159
47,83,-0.036180
2,72,-0.036257
38,95,-0.036298
33,100,-0.036315
52,67,-0.036322
13,91,-0.036366
32,83,-0.036410
77,91,-0.036419
43,59,-0.036454
8,34,-0.036457
26,92,-0.036462
76,91,-0.036519
43,95,-0.036536
22,91,-0.036568
32,84,-0.036611
70,78,-0.036661
42,68,-0.036670
28,100,-0.036674
4,56,-0.036682
72,100,-0.036683
43,82,-0.036687
44,77,-0.036692
60,96,-0.036721
28,86,-0.036753
72,75,-0.036787
6,43,-0.036796
53,64,-0.036804
7,71,-0.036902
17,96,-0.036928
55,90,-0.036959
80,94,-0.036960
47,78,-0.036996
72,76,-0.037059
10,64,-0.037065
38,56,-0.037086
70,83,-0.037133
10,44,-0.037203
4,33,-0.037214
5,63,-0.037286
17,45,-0.037349
21,93,-0.037388
56,70,-0.037400
31,68,-0.037410
42,73,-0.037441
29,94,-0.037447
40,84,-0.037456
64,85,-0.037458
18,48,-0.037506
27,89,-0.037517
69,90,-0.037522
17,72,-0.037524
42,98,-0.037533
3,32,-0.037543
51,63,-0.037555
4,61,-0.037557
23,38,-0.037583
56,78,-0.037597
6,56,-0.037618
21,85,-0.037620
27,80,-0.037628
42,49,-0.037677
66,87,-0.037724
83,100,-0.037800
20,48,-0.037811
14,63,-0.037885
26,76,-0.037898
74,92,-0.037930
29,37,-0.037935
49,70,-0.037942
5,30,-0.037954
12,59,-0.038006
36,91,-0.038019
43,98,-0.038023
51,65,-0.038069
23,69,-0.038072
20,88,-0.038078
35,93,-0.038106
27,96,-0.038112
61,80,-0.038199
77,98,-0.038225
68,77,-0.038242
48,90,-0.038254
34,49,-0.038260
13,49,-0.038343
33,79,-0.038359
9,44,-0.038378
10,23,-0.038384
69,98,-0.038470
52,63,-0.038471
71,89,-0.038471
37,100,-0.038497
40,92,-0.038520
68,95,-0.038520
25,35,-0.038557
23,58,-0.038573
24,87,-0.038594
59,64,-0.038628
73,76,-0.038638
36,97,-0.038666
81,94,-0.038675
61,79,-0.038688
37,86,-0.038715
15,46,-0.038717
34,93,-0.038718
37,99,-0.038744
19,67,-0.038776
43,93,-0.038787
25,64,-0.038790
4,58,-0.038794
50,79,-0.038814
70,73,-0.038898
12,74,-0.038904
36,52,-0.038904
30,93,-0.038928
43,74,-0.038928
29,84,-0.038974
11,95,-0.039014
6,34,-0.039021
7,57,-0.039037
56,98,-0.039063
37,55,-0.039078
17,56,-0.039169
33,89,-0.039180
58,90,-0.039194
78,92,-0.039203
27,45,-0.039209
30,85,-0.039247
39,89,-0.039287
25,92,-0.039297
50,78,-0.039317
72,91,-0.039356
52,64,-0.039392
55,97,-0.039410
68,96,-0.039455
22,83,-0.039493
34,54,-0.039539
38,99,-0.039584
32,93,-0.039592
11,62,-0.039661
6,57,-0.039690
16,62,-0.039702
13,96,-0.039725
18,78,-0.039780
52,57,-0.039835
54,98,-0.039851
5,61,-0.039983
53,73,-0.039991
24,84,-0.039993
52,84,-0.040048
14,89,-0.040050
37,88,-0.040086
17,48,-0.040093
21,86,-0.040099
7,58,-0.040099
5,69,-0.040234
16,53,-0.040246
47,70,-0.040303
31,97,-0.040341
23,43,-0.040345
30,86,-0.040363
29,53,-0.040364
48,65,-0.040366
20,49,-0.040484
42,96,-0.040509
8,51,-0.040519
16,56,-0.040524
16,75,-0.040594
11,99,-0.040618
70,93,-0.040668
46,81,-0.040677
78,91,-0.040681
11,31,-0.040691
8,37,-0.040705
86,99,-0.040726
2,63,-0.040829
28,87,-0.040838
3,13,-0.040852
26,89,-0.040988
66,88,-0.040994
33,58,-0.041066
52,61,-0.041074
23,94,-0.041153
20,73,-0.041163
63,97,-0.041198
8,33,-0.041198
25,80,-0.041315
30,36,-0.041325
74,96,-0.041354
52,59,-0.041405
19,75,-0.041405
26,74,-0.041420
5,74,-0.041424
44,88,-0.041472
12,97,-0.041505
31,51,-0.041524
32,64,-0.041542
21,74,-0.041551
43,72,-0.041582
35,86,-0.041584
75,97,-0.041584
77,84,-0.041590
34,99,-0.041641
8,38,-0.041680
54,92,-0.041728
15,50,-0.041809
55,96,-0.041903
82,88,-0.041906
46,84,-0.041919
17,54,-0.041998
30,94,-0.042012
16,88,-0.042073
28,57,-0.042111
18,76,-0.042203
29,44,-0.042205
57,99,-0.042208
75,99,-0.042371
67,100,-0.042376
26,93,-0.042404
41,89,-0.042423
56,79,-0.042451
59,89,-0.042466
15,22,-0.042481
69,97,-0.042498
24,91,-0.042538
15,100,-0.042564
31,94,-0.042645
66,100,-0.042648
9,17,-0.042666
51,58,-0.042668
38,90,-0.042670
74,90,-0.042710
72,88,-0.042853
59,92,-0.042856
40,98,-0.042875
64,82,-0.043003
16,69,-0.043005
34,92,-0.043053
25,71,-0.043060
22,99,-0.043062
24,86,-0.043100
14,85,-0.043122
4,32,-0.043173
2,70,-0.043175
29,79,-0.043253
9,49,-0.043296
48,99,-0.043312
54,90,-0.043360
35,77,-0.043368
8,75,-0.043383
14,74,-0.043392
19,94,-0.043433
22,62,-0.043581
33,49,-0.043612
51,74,-0.043651
21,29,-0.043663
50,70,-0.043708
11,38,-0.043723
44,67,-0.043790
5,19,-0.043825
66,99,-0.043863
60,95,-0.043893
28,88,-0.043902
21,98,-0.043913
25,98,-0.043964
22,42,-0.043993
30,67,-0.044039
33,94,-0.044066
78,100,-0.044088
39,45,-0.044103
33,84,-0.044176
9,66,-0.044273
24,89,-0.044328
36,96,-0.044374
35,48,-0.044376
13,52,-0.044397
9,38,-0.044400
4,70,-0.044405
83,99,-0.044406
83,93,-0.044409
5,54,-0.044558
8,44,-0.044576
50,86,-0.044735
61,73,-0.044818
10,93,-0.044919
53,90,-0.044937
33,97,-0.044976
38,92,-0.045016
20,29,-0.045016
35,88,-0.045079
11,98,-0.045130
35,90,-0.045142
8,57,-0.045187
68,74,-0.045219
17,75,-0.045223
39,91,-0.045411
20,84,-0.045526
22,70,-0.045551
28,83,-0.045591
85,97,-0.045614
15,23,-0.045782
25,65,-0.045825
71,90,-0.045919
29,55,-0.045928
45,96,-0.045939
20,85,-0.046001
37,45,-0.046257
43,55,-0.046259
14,38,-0.046283
78,93,-0.046347
42,88,-0.046514
9,18,-0.046587
26,73,-0.046595
53,94,-0.046656
27,37,-0.046659
32,51,-0.046683
21,57,-0.046689
24,97,-0.046692
19,88,-0.046701
76,93,-0.046736
42,52,-0.046821
30,99,-0.046981
43,97,-0.046984
13,95,-0.046985
11,89,-0.046998
46,65,-0.047158
27,83,-0.047247
18,68,-0.047288
34,91,-0.047325
33,50,-0.047356
67,93,-0.047405
78,87,-0.047407
68,92,-0.047439
33,46,-0.047469
70,100,-0.047481
71,86,-0.047512
24,51,-0.047570
26,96,-0.047715
28,50,-0.047733
55,93,-0.047748
57,60,-0.047812
33,78,-0.047829
57,76,-0.047973
76,95,-0.047983
17,55,-0.048073
16,66,-0.048129
34,51,-0.048196
10,47,-0.048198
22,51,-0.048200
21,40,-0.048201
19,91,-0.048210
13,93,-0.048234
52,62,-0.048266
20,57,-0.048279
40,93,-0.048354
47,72,-0.048370
12,89,-0.048466
49,73,-0.048507
29,39,-0.048533
12,94,-0.048552
21,79,-0.048618
17,68,-0.048637
10,36,-0.048708
40,47,-0.048743
20,32,-0.048776
19,90,-0.048795
33,95,-0.048820
26,46,-0.048863
33,88,-0.048906
30,92,-0.048920
70,77,-0.048967
34,41,-0.049023
71,99,-0.049084
14,34,-0.049107
25,82,-0.049162
24,48,-0.049197
25,93,-0.049204
54,99,-0.049386
11,15,-0.049451
49,82,-0.049632
31,65,-0.049640
63,77,-0.049661
64,68,-0.049700
55,77,-0.049701
72,99,-0.049719
41,44,-0.049748
42,63,-0.049774
23,81,-0.049798
32,89,-0.049870
19,42,-0.049919
40,52,-0.049922
54,77,-0.050006
16,37,-0.050018
34,47,-0.050061
37,95,-0.050092
75,87,-0.050140
37,43,-0.050222
40,97,-0.050234
53,77,-0.050260
34,52,-0.050265
13,97,-0.050318
60,97,-0.050337
26,79,-0.050428
4,72,-0.050539
23,60,-0.050541
19,45,-0.050586
12,51,-0.050646
50,63,-0.050708
11,60,-0.050734
40,51,-0.050747
24,72,-0.050821
41,52,-0.050837
52,70,-0.050838
31,76,-0.050947
26,95,-0.050967
16,67,-0.050997
51,64,-0.051045
44,98,-0.051053
58,86,-0.051068
56,97,-0.051084
68,97,-0.051169
47,60,-0.051273
26,100,-0.051338
30,47,-0.051369
35,94,-0.051457
15,92,-0.051464
27,94,-0.051478
17,94,-0.051697
14,88,-0.051796
34,84,-0.051797
14,84,-0.051846
9,30,-0.051873
59,86,-0.051938
40,69,-0.052038
39,46,-0.052049
30,71,-0.052075
25,63,-0.052291
28,52,-0.052520
19,77,-0.052524
19,71,-0.052532
5,68,-0.052558
23,68,-0.052579
52,82,-0.052593
20,65,-0.052602
42,91,-0.052696
62,87,-0.052738
28,98,-0.052771
10,37,-0.052777
29,83,-0.052843
63,99,-0.052930
20,74,-0.052985
16,73,-0.053025
28,95,-0.053030
13,74,-0.053180
37,89,-0.053182
17,59,-0.053346
27,43,-0.053356
45,95,-0.053377
66,77,-0.053381
11,26,-0.053402
73,93,-0.053424
46,91,-0.053528
25,84,-0.053692
15,84,-0.053755
38,71,-0.053773
9,75,-0.053803
37,51,-0.053837
23,42,-0.053860
10,94,-0.053942
19,92,-0.054003
16,55,-0.054056
58,89,-0.054057
23,88,-0.054075
27,93,-0.054202
20,92,-0.054270
12,49,-0.054385
27,61,-0.054510
67,99,-0.054517
31,67,-0.054563
27,59,-0.054610
46,54,-0.054628
41,73,-0.054669
32,77,-0.054792
61,100,-0.054850
66,95,-0.054888
19,82,-0.055052
55,99,-0.055060
63,69,-0.055104
44,96,-0.055107
47,57,-0.055122
11,76,-0.055190
18,88,-0.055358
27,98,-0.055456
13,92,-0.055729
72,95,-0.055749
12,37,-0.055790
24,47,-0.055810
66,72,-0.055857
29,75,-0.055886
61,96,-0.055932
10,61,-0.055948
40,44,-0.055960
49,71,-0.056004
82,96,-0.056067
56,64,-0.056091
71,78,-0.056117
72,79,-0.056147
12,77,-0.056311
54,94,-0.056325
76,92,-0.056370
67,96,-0.056435
50,68,-0.056483
42,87,-0.056567
24,88,-0.056579
21,81,-0.056667
37,58,-0.056746
13,44,-0.056792
69,89,-0.056859
36,65,-0.057144
24,52,-0.057153
19,48,-0.057362
18,44,-0.057410
22,77,-0.057421
23,53,-0.057519
31,86,-0.057533
35,47,-0.057536
47,66,-0.057825
34,100,-0.057903
35,92,-0.057972
40,94,-0.058009
44,69,-0.058087
41,77,-0.058093
19,49,-0.058187
58,94,-0.058192
30,98,-0.058216
22,92,-0.058376
46,94,-0.058453
20,98,-0.058487
44,87,-0.058488
20,93,-0.058529
24,83,-0.058631
9,31,-0.058676
57,85,-0.058797
31,79,-0.058906
79,94,-0.058953
57,93,-0.059043
52,55,-0.059084
36,79,-0.059191
67,79,-0.059234
25,67,-0.059321
46,74,-0.059493
31,50,-0.059588
16,95,-0.059604
14,47,-0.059839
46,96,-0.059872
25,30,-0.059975
59,97,-0.060109
28,51,-0.060121
76,96,-0.060191
44,97,-0.060296
47,67,-0.060369
34,94,-0.060433
29,81,-0.060443
25,89,-0.060496
58,98,-0.060511
53,79,-0.060739
22,87,-0.060818
41,83,-0.060922
21,90,-0.060982
57,92,-0.061061
31,88,-0.061076
44,57,-0.061273
59,77,-0.061314
51,71,-0.061355
52,85,-0.061423
46,69,-0.061551
77,82,-0.061651
35,95,-0.061832
27,48,-0.061874
47,82,-0.062009
39,92,-0.062051
17,87,-0.062274
19,86,-0.062280
32,98,-0.062370
43,48,-0.062377
18,75,-0.062481
34,95,-0.062531
52,56,-0.062755
47,90,-0.062790
21,91,-0.062936
32,79,-0.063180
28,85,-0.063196
18,87,-0.063413
51,76,-0.063542
53,96,-0.063632
73,82,-0.063803
39,98,-0.063814
29,98,-0.063827
29,42,-0.064061
20,45,-0.064110
24,92,-0.064529
20,58,-0.064596
47,74,-0.064735
16,83,-0.064879
33,47,-0.064961
18,80,-0.065453
46,53,-0.065484
18,91,-0.065495
46,59,-0.065527
18,69,-0.065556
11,24,-0.065566
17,49,-0.065852
61,95,-0.066005
47,62,-0.066006
13,77,-0.066316
20,86,-0.066356
16,59,-0.066541
52,53,-0.066579
21,64,-0.066593
28,97,-0.066595
38,93,-0.066617
36,86,-0.066707
52,72,-0.066738
28,77,-0.066763
32,46,-0.066883
30,96,-0.066992
76,80,-0.067187
33,52,-0.067199
37,94,-0.067251
6,33,-0.067351
52,80,-0.067395
19,46,-0.067763
18,98,-0.067952
43,49,-0.068021
44,76,-0.068188
21,88,-0.068416
15,77,-0.068420
20,76,-0.068506
63,79,-0.068526
31,93,-0.068572
20,62,-0.068723
43,52,-0.068850
21,92,-0.068950
18,40,-0.069173
20,94,-0.069189
23,89,-0.069502
12,95,-0.069531
37,66,-0.069562
46,62,-0.069719
20,37,-0.070423
13,79,-0.070560
17,73,-0.070769
47,58,-0.070770
44,66,-0.070829
20,54,-0.071407
13,73,-0.071462
44,80,-0.071583
76,97,-0.072244
14,46,-0.072259
78,97,-0.072642
22,48,-0.072837
21,42,-0.072933
23,34,-0.072979
42,93,-0.073038
27,76,-0.073133
15,97,-0.073198
57,77,-0.073513
16,40,-0.073589
22,73,-0.073761
38,51,-0.074068
24,90,-0.074071
48,83,-0.074440
47,61,-0.074466
79,83,-0.074777
18,90,-0.075112
41,49,-0.075854
18,62,-0.076283
50,74,-0.076455
28,46,-0.076488
48,92,-0.076620
25,56,-0.077016
32,47,-0.077392
46,66,-0.078006
60,93,-0.078763
23,80,-0.079121
19,52,-0.079270
18,33,-0.079650
35,91,-0.079741
23,90,-0.079823
45,81,-0.079881
38,98,-0.080314
18,45,-0.080360
20,50,-0.081417
43,87,-0.081777
31,73,-0.081803
40,77,-0.082392
20,90,-0.082895
27,46,-0.083197
35,98,-0.084012
18,54,-0.085750
21,83,-0.085804
31,70,-0.085824
20,60,-0.086221
23,87,-0.087798
22,52,-0.088192
26,81,-0.088938
14,73,-0.090219
51,55,-0.091229
51,79,-0.091363
24,50,-0.091397
36,81,-0.094398
28,49,-0.096800
18,56,-0.097299
24,76,-0.097812
67,77,-0.098123
35,96,-0.101928
22,46,-0.108633
72,97,-0.109317
