73,75,0.424778
31,33,0.321245
3,4,0.287076
8,32,0.277130
8,19,0.266755
9,21,0.265679
3,5,0.252119
80,81,0.233805
63,64,0.231383
67,78,0.228638
80,86,0.223110
92,96,0.221384
3,9,0.220211
64,81,0.214939
3,21,0.208353
69,79,0.207087
1,2,0.205825
51,63,0.204041
49,59,0.203319
76,81,0.196014
89,91,0.194267
59,63,0.193466
64,65,0.192487
77,79,0.183575
40,41,0.182830
16,20,0.182356
63,68,0.182113
23,81,0.180109
50,51,0.178853
36,37,0.177952
25,29,0.175615
4,5,0.174900
88,89,0.170746
6,7,0.167865
4,7,0.167126
37,40,0.166693
49,58,0.165960
5,7,0.165867
16,17,0.165493
41,57,0.164664
40,45,0.161441
86,90,0.161378
37,49,0.161258
55,89,0.161076
48,50,0.159854
80,91,0.159707
83,84,0.159171
32,58,0.157705
38,57,0.156723
84,85,0.156407
2,25,0.154594
16,18,0.154211
41,48,0.153397
16,35,0.153074
6,28,0.152518
43,44,0.152056
7,17,0.151527
23,27,0.148952
33,54,0.148896
12,13,0.148375
76,85,0.148229
51,55,0.147968
3,7,0.147077
79,87,0.146818
97,98,0.146536
19,24,0.145625
80,94,0.145068
23,61,0.144818
27,29,0.144214
73,94,0.143958
22,24,0.141704
11,84,0.141279
13,15,0.140314
36,93,0.139210
18,22,0.138152
59,85,0.137995
30,94,0.137155
37,41,0.136773
92,95,0.136627
23,25,0.136356
70,77,0.135429
28,57,0.135050
69,74,0.135030
61,93,0.134352
9,17,0.133358
56,62,0.133195
34,38,0.131697
94,96,0.131315
42,53,0.130663
61,63,0.130594
62,65,0.129951
10,48,0.129516
89,93,0.128741
43,46,0.128310
1,27,0.127557
82,86,0.127421
70,90,0.127090
8,15,0.126196
4,21,0.125198
15,26,0.125117
6,32,0.124750
44,92,0.124649
55,68,0.124204
18,19,0.124098
90,93,0.124028
15,19,0.123934
22,28,0.123919
66,68,0.123784
41,64,0.123771
58,59,0.122805
77,78,0.122266
8,11,0.122255
59,67,0.121949
57,60,0.121754
12,22,0.121644
39,55,0.121391
84,93,0.120910
25,97,0.120577
3,17,0.119933
39,66,0.118707
32,46,0.118694
60,77,0.118433
7,16,0.118392
15,20,0.118221
9,92,0.117956
53,56,0.117185
72,77,0.116505
11,16,0.116369
4,17,0.116212
40,85,0.116158
82,90,0.116154
74,77,0.115897
32,33,0.115549
19,22,0.114860
26,27,0.114414
15,71,0.113970
10,13,0.113838
50,63,0.113775
1,23,0.113047
19,42,0.112909
81,96,0.112855
58,80,0.112808
7,9,0.112335
92,93,0.112130
49,53,0.111282
90,94,0.111049
81,84,0.110862
9,18,0.110522
69,72,0.110302
2,5,0.110064
62,71,0.109729
20,28,0.109681
39,47,0.109413
48,49,0.109099
21,23,0.108983
10,38,0.108754
49,85,0.108722
17,21,0.108702
78,83,0.108064
30,47,0.108051
54,78,0.107979
10,26,0.107924
37,45,0.107574
22,33,0.107159
71,97,0.106854
31,32,0.106804
63,65,0.106617
35,37,0.106418
42,82,0.106356
5,21,0.106063
31,35,0.105661
31,45,0.105438
1,26,0.105099
51,64,0.104865
74,90,0.104839
7,8,0.104743
26,42,0.104736
6,8,0.104584
79,81,0.104547
60,74,0.104497
91,97,0.104166
37,85,0.104006
8,12,0.103996
38,42,0.103782
22,31,0.103655
52,53,0.103547
9,11,0.103303
64,88,0.103241
83,85,0.102972
38,55,0.102639
1,58,0.102294
76,77,0.102178
1,10,0.101869
72,73,0.101748
13,26,0.100557
33,34,0.100452
59,76,0.100330
13,20,0.099676
47,53,0.099604
75,96,0.099461
74,79,0.099059
50,56,0.099024
58,93,0.098904
35,38,0.098888
20,29,0.098791
63,83,0.098591
59,68,0.098552
85,92,0.098430
74,80,0.098334
31,54,0.098111
17,28,0.097979
11,25,0.097848
52,66,0.097321
10,27,0.097094
54,68,0.096863
53,66,0.096823
31,34,0.096581
17,18,0.096524
53,60,0.096437
72,95,0.096140
25,34,0.095978
81,85,0.095969
35,60,0.095752
11,12,0.095646
89,95,0.095567
49,54,0.095496
76,79,0.095443
37,54,0.094989
82,97,0.094899
46,94,0.094889
32,54,0.094827
2,6,0.094754
75,92,0.094738
91,95,0.094544
5,17,0.094404
29,39,0.093890
21,22,0.093690
5,9,0.093575
13,30,0.093509
95,97,0.093247
1,77,0.093181
42,43,0.093013
69,87,0.092801
71,77,0.092574
12,26,0.092332
28,32,0.092194
8,10,0.092164
72,74,0.091907
5,29,0.091883
14,23,0.091705
37,53,0.091627
48,65,0.091316
3,16,0.091305
21,25,0.091174
77,90,0.090976
35,36,0.090694
36,51,0.090550
22,36,0.090180
28,30,0.089796
87,90,0.089766
72,84,0.089600
51,92,0.089541
72,88,0.089402
7,37,0.089327
24,25,0.089018
5,45,0.088956
43,92,0.088953
78,92,0.088924
44,56,0.088911
33,37,0.088877
33,40,0.088856
58,74,0.088074
44,47,0.087517
6,14,0.087294
55,59,0.087259
12,15,0.087163
47,88,0.087149
56,57,0.087066
86,88,0.086830
63,67,0.086595
70,74,0.086564
45,54,0.086457
76,84,0.086439
53,89,0.086297
93,96,0.086253
53,80,0.085518
50,57,0.085337
35,45,0.084864
21,28,0.084829
9,13,0.084737
77,89,0.084486
1,14,0.084448
8,52,0.084389
37,48,0.084256
17,19,0.084212
75,95,0.084175
70,80,0.084137
20,27,0.084114
43,82,0.084105
32,56,0.084012
1,70,0.083988
74,82,0.083848
65,73,0.083797
70,97,0.083588
25,79,0.083488
73,82,0.083387
34,48,0.083342
8,22,0.083119
6,27,0.082963
80,83,0.082725
80,89,0.082618
2,71,0.082447
13,51,0.082337
2,55,0.082244
7,28,0.082098
76,83,0.082007
45,67,0.081495
72,97,0.081423
2,15,0.081306
51,52,0.081212
6,20,0.081103
54,55,0.081084
43,47,0.080987
63,66,0.080280
44,45,0.080136
70,72,0.079983
27,98,0.079753
92,94,0.079678
43,61,0.079578
23,43,0.079550
15,95,0.079283
46,98,0.079267
78,85,0.079237
88,91,0.079204
11,27,0.079157
81,97,0.079070
38,56,0.078787
71,86,0.078654
55,86,0.078602
11,20,0.078590
85,96,0.078489
13,27,0.078474
21,52,0.078468
30,41,0.078430
79,88,0.078417
32,61,0.078269
79,83,0.078267
4,50,0.078155
14,19,0.077930
30,56,0.077856
32,67,0.077767
61,65,0.077709
11,13,0.077672
58,67,0.077572
51,60,0.077571
59,61,0.077531
76,88,0.077018
4,28,0.076941
87,98,0.076914
36,40,0.076887
19,25,0.076749
9,30,0.076707
75,91,0.076619
66,83,0.076459
90,98,0.076407
14,35,0.076288
49,78,0.076223
8,20,0.076145
69,75,0.076120
15,27,0.076105
78,87,0.076018
56,70,0.075988
14,22,0.075787
23,31,0.075731
12,16,0.075703
21,30,0.075655
70,82,0.075641
24,56,0.075634
40,49,0.075303
23,26,0.075246
35,64,0.075149
18,33,0.075089
6,17,0.075032
35,54,0.074992
49,57,0.074981
50,52,0.074626
6,22,0.074595
52,64,0.074585
74,98,0.074534
10,88,0.074528
87,93,0.074524
8,36,0.074439
9,16,0.074384
33,84,0.074106
7,63,0.074055
76,92,0.073864
66,82,0.073801
20,25,0.073726
9,19,0.073699
91,94,0.073672
86,87,0.073412
52,60,0.073186
2,23,0.073107
18,27,0.072803
53,57,0.072656
17,49,0.072601
63,76,0.072572
77,94,0.072284
45,85,0.072246
61,92,0.072232
31,41,0.072195
53,55,0.072107
41,65,0.072081
15,16,0.071747
18,54,0.071625
64,84,0.071608
1,13,0.071561
47,60,0.071548
30,87,0.071484
75,82,0.071451
83,87,0.071383
43,97,0.070971
24,27,0.070920
35,39,0.070691
66,69,0.070642
57,58,0.070628
40,44,0.070547
47,54,0.070514
60,71,0.070480
1,61,0.070474
5,6,0.070446
41,50,0.070403
77,93,0.070278
29,40,0.070147
36,54,0.070053
10,34,0.069985
19,31,0.069941
31,38,0.069812
36,43,0.069707
25,84,0.069618
3,76,0.069516
74,94,0.069444
10,18,0.069346
51,89,0.069289
28,53,0.069164
25,28,0.069104
77,82,0.068888
54,62,0.068847
2,27,0.068784
46,66,0.068773
48,57,0.068768
79,89,0.068690
14,28,0.068642
3,23,0.068597
5,25,0.068555
69,71,0.068542
49,64,0.068539
86,95,0.068529
45,49,0.068479
27,28,0.068436
34,44,0.068416
40,66,0.068377
18,20,0.068345
19,84,0.068342
57,86,0.068333
33,64,0.068315
7,19,0.068294
24,31,0.068215
35,86,0.068147
22,25,0.068138
52,65,0.068113
83,94,0.068070
20,31,0.067999
77,97,0.067933
69,73,0.067819
10,23,0.067757
27,39,0.067627
4,18,0.067480
13,97,0.067454
35,88,0.067395
51,68,0.067079
71,82,0.067047
55,67,0.066913
15,30,0.066825
11,80,0.066625
94,97,0.066588
68,78,0.066520
51,59,0.066372
18,92,0.066345
84,88,0.066327
14,98,0.066294
5,81,0.066251
25,26,0.066169
22,73,0.066156
70,89,0.066097
43,70,0.066054
22,46,0.065991
94,98,0.065897
20,44,0.065688
39,58,0.065547
50,54,0.065497
89,90,0.065420
82,89,0.065414
36,49,0.065406
12,25,0.065404
4,23,0.065376
90,97,0.065330
23,87,0.065314
82,87,0.065308
10,28,0.065295
24,69,0.065220
3,6,0.065219
11,24,0.065010
2,4,0.064997
65,79,0.064948
31,93,0.064876
39,91,0.064860
6,15,0.064719
63,96,0.064610
70,94,0.064565
7,22,0.064553
36,62,0.064513
57,61,0.064447
62,70,0.064430
51,72,0.064320
14,81,0.064132
16,46,0.063997
42,71,0.063977
49,51,0.063955
82,95,0.063858
38,79,0.063807
14,15,0.063692
46,47,0.063601
50,68,0.063436
33,55,0.063421
15,38,0.063384
17,22,0.063354
68,87,0.063264
6,77,0.063185
32,55,0.063185
66,67,0.063180
22,32,0.063124
53,88,0.063107
42,66,0.062981
18,24,0.062922
10,15,0.062892
40,76,0.062864
8,13,0.062775
40,48,0.062561
22,23,0.062423
40,43,0.062147
17,23,0.062139
60,72,0.062134
70,84,0.062126
71,72,0.061965
69,97,0.061809
87,89,0.061643
11,22,0.061606
22,86,0.061572
14,16,0.061557
80,82,0.061454
89,97,0.061346
71,90,0.061301
74,95,0.061293
38,39,0.061230
20,24,0.061221
33,36,0.060996
5,68,0.060978
6,86,0.060968
33,48,0.060958
29,66,0.060854
41,96,0.060817
56,82,0.060791
34,57,0.060746
17,44,0.060661
67,76,0.060428
28,88,0.060427
16,24,0.060407
47,89,0.060390
38,65,0.060274
50,96,0.060203
35,47,0.060202
19,53,0.060157
81,83,0.060108
41,63,0.060014
12,62,0.060009
12,21,0.059771
3,78,0.059768
70,88,0.059738
25,46,0.059665
62,72,0.059655
60,84,0.059650
1,11,0.059508
73,90,0.059426
53,71,0.059236
42,72,0.059225
57,67,0.059142
16,26,0.059113
38,41,0.058920
36,57,0.058908
8,95,0.058869
2,43,0.058862
20,58,0.058855
48,81,0.058752
79,85,0.058668
48,96,0.058664
43,69,0.058627
6,19,0.058605
39,89,0.058597
22,29,0.058584
21,59,0.058480
78,81,0.058430
74,86,0.058339
14,93,0.058318
22,39,0.058314
46,56,0.058311
68,75,0.058309
8,21,0.058100
18,21,0.058097
25,32,0.058072
32,34,0.057997
39,57,0.057933
20,71,0.057803
70,76,0.057795
16,72,0.057747
11,26,0.057728
7,36,0.057709
72,91,0.057557
6,13,0.057548
71,93,0.057413
34,65,0.057329
71,87,0.057324
66,91,0.057301
82,88,0.057278
17,36,0.057262
79,84,0.057224
28,66,0.057157
74,97,0.057111
2,12,0.057086
33,35,0.056966
20,56,0.056912
23,52,0.056911
19,56,0.056896
13,60,0.056834
46,87,0.056805
33,38,0.056719
56,66,0.056595
41,58,0.056469
50,71,0.056429
2,21,0.056406
13,17,0.056399
44,63,0.056338
42,56,0.056290
39,56,0.056284
71,74,0.056263
20,98,0.056248
71,94,0.056237
37,67,0.056179
80,85,0.056140
43,80,0.056139
4,6,0.056095
66,78,0.056028
60,86,0.055991
17,29,0.055895
10,19,0.055860
77,88,0.055470
18,98,0.055350
40,64,0.055292
40,50,0.055287
62,64,0.055266
19,73,0.055251
81,87,0.055105
40,46,0.054935
23,33,0.054781
78,84,0.054744
48,55,0.054509
26,79,0.054468
54,65,0.054446
82,96,0.054403
14,20,0.054341
75,97,0.054331
17,37,0.054225
28,40,0.054198
80,87,0.054187
26,62,0.054125
15,33,0.054068
2,13,0.054027
73,79,0.053990
43,87,0.053899
8,27,0.053895
14,18,0.053782
1,12,0.053619
43,71,0.053540
68,83,0.053479
19,30,0.053385
54,63,0.053372
5,50,0.053369
23,24,0.053241
10,20,0.053157
2,14,0.053148
46,97,0.053100
47,79,0.052913
71,80,0.052912
13,98,0.052858
48,88,0.052824
6,30,0.052789
88,97,0.052581
4,45,0.052572
76,96,0.052445
7,20,0.052409
5,15,0.052276
11,29,0.052255
13,58,0.052231
28,78,0.052148
46,90,0.052087
18,57,0.052077
45,48,0.052033
51,67,0.051938
36,69,0.051865
95,98,0.051847
66,95,0.051840
67,83,0.051758
65,77,0.051640
61,75,0.051581
7,29,0.051572
47,66,0.051542
26,30,0.051509
3,81,0.051496
43,60,0.051245
29,94,0.051242
63,87,0.051197
88,98,0.051195
40,68,0.051147
19,32,0.051134
41,49,0.051128
1,43,0.050995
47,72,0.050945
90,92,0.050932
69,83,0.050875
7,24,0.050822
22,84,0.050725
8,9,0.050649
1,28,0.050501
32,52,0.050439
10,57,0.050375
34,51,0.050312
7,45,0.050008
35,72,0.049985
62,77,0.049907
45,66,0.049879
62,68,0.049797
8,29,0.049673
80,92,0.049560
75,86,0.049443
4,16,0.049356
72,89,0.049352
54,67,0.049345
58,90,0.049250
26,28,0.049158
50,61,0.049028
36,65,0.049020
91,98,0.049001
84,90,0.048951
35,50,0.048945
6,9,0.048881
45,53,0.048867
78,96,0.048862
11,19,0.048842
58,61,0.048841
63,89,0.048778
41,51,0.048777
14,96,0.048689
46,61,0.048684
55,58,0.048529
69,81,0.048528
38,52,0.048431
32,60,0.048427
86,89,0.048353
1,16,0.048337
29,34,0.048284
45,68,0.048250
46,52,0.048243
52,71,0.048190
52,98,0.048049
69,93,0.048038
25,56,0.048000
20,22,0.047997
86,91,0.047980
5,59,0.047980
80,95,0.047910
85,88,0.047892
80,90,0.047843
72,79,0.047776
13,70,0.047741
4,14,0.047665
36,41,0.047626
28,34,0.047581
20,39,0.047430
12,44,0.047410
5,12,0.047304
37,42,0.047263
33,39,0.047114
24,72,0.047062
68,71,0.046988
36,45,0.046950
33,49,0.046925
61,68,0.046889
54,66,0.046878
32,64,0.046724
6,10,0.046722
34,93,0.046603
38,91,0.046551
29,31,0.046263
34,50,0.046197
29,72,0.046195
82,84,0.046172
4,49,0.046168
47,71,0.046142
4,9,0.046008
23,62,0.045909
10,25,0.045898
1,97,0.045761
34,86,0.045745
17,24,0.045724
65,68,0.045705
57,98,0.045685
7,33,0.045607
38,54,0.045556
23,29,0.045326
52,55,0.045317
46,82,0.045261
59,78,0.045241
1,18,0.045138
16,37,0.045110
70,93,0.045097
92,97,0.045026
18,30,0.044990
31,37,0.044954
16,29,0.044854
19,28,0.044798
52,69,0.044704
69,90,0.044674
68,76,0.044668
75,99,0.044572
33,50,0.044514
52,67,0.044494
56,73,0.044479
58,81,0.044475
55,70,0.044396
12,32,0.044350
67,77,0.044349
11,64,0.044348
53,79,0.044328
15,18,0.044281
52,62,0.044139
13,95,0.044117
26,80,0.043930
52,91,0.043907
74,96,0.043830
46,86,0.043745
60,69,0.043739
3,63,0.043650
79,98,0.043607
8,51,0.043551
37,59,0.043541
21,61,0.043537
30,33,0.043531
52,73,0.043519
49,61,0.043504
3,19,0.043498
5,24,0.043430
39,77,0.043418
12,27,0.043413
12,97,0.043347
45,81,0.043280
34,79,0.043133
68,94,0.043029
44,96,0.042936
98,99,0.042911
2,3,0.042850
36,83,0.042840
47,68,0.042803
61,87,0.042790
44,54,0.042789
69,98,0.042754
63,78,0.042732
65,93,0.042722
85,89,0.042686
12,98,0.042602
2,26,0.042599
48,56,0.042559
3,65,0.042539
2,17,0.042528
79,99,0.042367
44,85,0.042362
35,63,0.042335
4,22,0.042316
18,26,0.042286
27,84,0.042267
25,42,0.042230
60,62,0.042118
38,48,0.042043
93,95,0.041969
40,67,0.041928
46,65,0.041862
60,68,0.041820
26,71,0.041766
71,79,0.041760
15,25,0.041741
32,84,0.041668
36,96,0.041637
3,8,0.041616
16,28,0.041605
28,37,0.041554
19,51,0.041494
4,10,0.041452
83,93,0.041443
1,24,0.041394
33,57,0.041241
10,11,0.041222
76,78,0.041180
69,88,0.041152
1,56,0.041118
46,62,0.041089
24,26,0.040964
49,63,0.040964
81,92,0.040954
1,20,0.040888
47,69,0.040885
21,76,0.040854
70,73,0.040765
57,64,0.040672
14,73,0.040662
31,64,0.040605
14,75,0.040575
15,97,0.040572
15,34,0.040555
42,62,0.040554
8,25,0.040521
29,47,0.040513
13,39,0.040442
69,85,0.040399
1,71,0.040290
14,27,0.040241
10,24,0.040214
8,17,0.040140
54,91,0.040139
25,62,0.040055
67,75,0.040046
88,95,0.040030
59,64,0.039988
66,97,0.039946
39,43,0.039944
38,67,0.039943
48,86,0.039823
62,82,0.039806
55,72,0.039791
25,31,0.039784
74,87,0.039776
62,74,0.039712
58,72,0.039662
39,78,0.039656
20,52,0.039653
51,77,0.039493
32,40,0.039356
62,94,0.039336
3,28,0.039303
54,80,0.039278
48,59,0.039262
80,96,0.039218
19,35,0.039216
73,88,0.039197
37,38,0.039103
88,92,0.039087
51,61,0.039024
4,30,0.039021
34,39,0.039014
50,65,0.038963
46,50,0.038928
89,92,0.038819
10,30,0.038715
27,80,0.038669
59,92,0.038668
43,77,0.038596
69,82,0.038590
28,38,0.038533
43,86,0.038503
90,91,0.038499
7,78,0.038486
59,83,0.038481
46,84,0.038477
96,97,0.038469
18,40,0.038427
50,93,0.038371
50,94,0.038370
78,79,0.038351
36,76,0.038343
7,21,0.038297
54,83,0.038246
32,59,0.038222
60,93,0.038196
75,90,0.038102
52,77,0.038067
17,31,0.038065
41,46,0.038056
86,94,0.038006
31,61,0.037963
35,82,0.037924
73,76,0.037906
60,88,0.037825
34,61,0.037819
69,91,0.037813
26,87,0.037736
38,66,0.037623
43,45,0.037584
30,32,0.037563
12,77,0.037465
34,36,0.037413
43,90,0.037395
10,86,0.037344
40,54,0.037313
73,83,0.037217
17,59,0.037156
2,58,0.037132
4,24,0.037104
43,94,0.036984
24,70,0.036888
46,55,0.036776
67,90,0.036771
23,80,0.036768
40,63,0.036688
23,73,0.036666
48,60,0.036631
8,45,0.036565
71,73,0.036530
12,14,0.036483
41,61,0.036454
31,40,0.036444
82,85,0.036399
41,76,0.036287
15,91,0.036268
46,73,0.036262
27,34,0.036227
49,92,0.036208
65,83,0.036133
64,76,0.036088
4,31,0.036064
73,74,0.036055
56,63,0.036008
33,73,0.035926
2,20,0.035914
18,31,0.035848
67,68,0.035844
18,44,0.035843
65,91,0.035830
73,81,0.035823
22,27,0.035816
20,26,0.035814
43,53,0.035786
56,60,0.035783
9,15,0.035721
23,65,0.035676
51,78,0.035672
11,61,0.035666
34,82,0.035648
75,94,0.035598
9,44,0.035569
64,89,0.035507
13,72,0.035498
43,58,0.035479
82,94,0.035433
35,71,0.035399
4,29,0.035377
74,89,0.035319
15,86,0.035289
40,51,0.035073
74,75,0.035070
60,76,0.034946
7,25,0.034833
34,91,0.034833
52,63,0.034816
7,49,0.034785
28,35,0.034777
53,63,0.034756
19,94,0.034739
82,99,0.034694
70,71,0.034655
16,86,0.034603
6,33,0.034511
35,65,0.034502
55,56,0.034432
62,91,0.034333
27,62,0.034292
54,87,0.034266
4,44,0.034137
13,42,0.034135
3,30,0.033985
41,85,0.033967
22,47,0.033913
27,57,0.033817
21,93,0.033784
19,26,0.033778
24,87,0.033772
11,93,0.033725
4,99,0.033715
87,94,0.033705
52,56,0.033700
49,67,0.033683
7,11,0.033680
19,60,0.033670
39,95,0.033622
46,75,0.033579
48,53,0.033577
54,61,0.033555
46,80,0.033529
30,40,0.033493
75,88,0.033375
13,23,0.033360
5,99,0.033352
81,90,0.033344
21,42,0.033303
9,28,0.033290
7,76,0.033266
29,36,0.033260
11,52,0.033258
31,98,0.033252
70,98,0.033215
69,95,0.033189
2,70,0.033174
41,53,0.033166
33,85,0.033138
11,28,0.033127
48,75,0.033119
65,75,0.033079
16,42,0.032933
77,95,0.032907
29,74,0.032903
19,75,0.032861
10,90,0.032858
77,87,0.032817
84,95,0.032752
4,40,0.032702
39,90,0.032634
64,95,0.032610
2,16,0.032558
2,90,0.032444
14,79,0.032332
75,98,0.032319
30,49,0.032278
38,40,0.032269
27,64,0.032267
38,88,0.032223
84,92,0.032203
77,81,0.032188
21,99,0.032183
24,71,0.032180
72,98,0.032139
47,55,0.032088
7,54,0.032015
49,76,0.031970
76,82,0.031964
41,81,0.031780
55,77,0.031753
4,78,0.031736
66,90,0.031638
26,46,0.031632
56,86,0.031468
1,57,0.031394
47,70,0.031316
79,91,0.031299
44,50,0.031296
29,48,0.031284
76,80,0.031284
46,51,0.031241
12,73,0.031227
8,23,0.031217
47,73,0.031199
83,91,0.031156
2,95,0.031152
7,92,0.031113
62,73,0.031002
5,40,0.030990
8,43,0.030987
63,70,0.030987
9,32,0.030982
12,60,0.030967
28,39,0.030938
93,97,0.030918
75,78,0.030888
48,54,0.030877
36,44,0.030809
37,51,0.030780
30,35,0.030776
7,50,0.030760
64,80,0.030748
57,77,0.030736
10,42,0.030709
43,74,0.030641
20,90,0.030522
11,67,0.030516
27,56,0.030492
37,58,0.030478
43,95,0.030446
40,53,0.030434
12,94,0.030419
43,68,0.030367
84,87,0.030360
89,94,0.030353
51,66,0.030301
50,83,0.030282
83,89,0.030252
83,92,0.030248
45,91,0.030219
47,77,0.030105
58,64,0.030087
16,62,0.030063
60,61,0.030042
57,76,0.029995
55,75,0.029871
38,86,0.029822
63,92,0.029781
10,16,0.029774
32,75,0.029725
41,44,0.029709
64,68,0.029671
23,74,0.029601
58,99,0.029566
11,34,0.029520
20,45,0.029508
17,26,0.029474
15,42,0.029471
88,94,0.029448
64,97,0.029354
18,45,0.029315
24,29,0.029296
14,74,0.029264
8,26,0.029238
74,76,0.029217
49,66,0.029187
1,98,0.029065
35,97,0.029042
55,84,0.028991
4,54,0.028979
26,53,0.028978
45,87,0.028966
25,71,0.028920
1,62,0.028868
75,93,0.028826
14,57,0.028752
19,33,0.028749
2,10,0.028723
51,56,0.028715
7,35,0.028686
6,89,0.028566
5,78,0.028444
57,59,0.028395
26,51,0.028391
35,93,0.028360
11,72,0.028314
40,96,0.028305
46,81,0.028257
47,90,0.028252
36,73,0.028233
31,92,0.028209
5,34,0.028183
51,54,0.028125
81,86,0.028085
27,89,0.028070
79,95,0.027974
78,90,0.027952
1,79,0.027929
48,61,0.027915
55,60,0.027911
11,14,0.027905
30,38,0.027856
24,83,0.027844
41,45,0.027839
70,78,0.027820
1,3,0.027809
29,38,0.027781
9,60,0.027777
58,85,0.027752
31,91,0.027628
3,20,0.027425
41,54,0.027393
74,81,0.027344
74,91,0.027341
24,64,0.027321
10,93,0.027273
13,74,0.027228
50,88,0.027225
15,29,0.027202
11,71,0.027175
29,37,0.027086
48,69,0.027084
25,43,0.027022
19,20,0.027001
57,87,0.026992
10,67,0.026982
7,85,0.026952
2,24,0.026936
70,95,0.026913
54,86,0.026844
29,45,0.026792
34,40,0.026732
30,82,0.026727
67,96,0.026721
28,48,0.026699
13,14,0.026661
10,14,0.026545
52,74,0.026503
36,75,0.026483
21,44,0.026456
26,72,0.026435
25,36,0.026430
46,60,0.026414
65,76,0.026375
1,73,0.026331
30,51,0.026275
14,32,0.026266
8,59,0.026238
26,32,0.026208
77,98,0.026174
80,84,0.026066
9,12,0.026065
28,62,0.026043
49,60,0.025883
17,27,0.025859
7,44,0.025814
47,62,0.025795
56,91,0.025730
62,90,0.025713
53,69,0.025680
64,69,0.025669
49,55,0.025644
26,70,0.025561
39,40,0.025479
9,86,0.025443
5,13,0.025436
10,60,0.025366
65,95,0.025361
42,80,0.025349
30,91,0.025334
35,83,0.025229
21,50,0.025160
46,59,0.025160
1,90,0.025153
74,88,0.025130
51,53,0.025103
30,78,0.024960
45,52,0.024958
35,66,0.024896
69,94,0.024840
37,92,0.024838
58,82,0.024776
7,31,0.024708
62,98,0.024705
51,58,0.024698
26,91,0.024678
46,72,0.024666
78,86,0.024554
28,83,0.024476
60,98,0.024469
50,80,0.024417
87,92,0.024415
10,70,0.024377
38,95,0.024254
73,85,0.024226
13,21,0.024196
36,38,0.024178
10,33,0.024147
6,35,0.024120
39,53,0.023966
20,36,0.023964
83,90,0.023899
53,67,0.023866
35,40,0.023795
5,52,0.023760
2,74,0.023753
38,96,0.023727
46,77,0.023720
2,53,0.023715
48,52,0.023678
54,57,0.023574
50,66,0.023563
37,65,0.023424
37,63,0.023412
78,82,0.023387
12,29,0.023356
10,22,0.023352
36,92,0.023280
63,81,0.023271
28,75,0.023207
12,58,0.023151
13,25,0.023134
30,68,0.023114
79,96,0.023096
5,97,0.023049
42,75,0.023021
44,72,0.023014
20,91,0.022879
10,62,0.022846
45,50,0.022845
67,92,0.022765
7,83,0.022764
61,83,0.022711
8,41,0.022653
12,46,0.022522
14,39,0.022465
36,59,0.022464
32,68,0.022371
40,82,0.022370
30,54,0.022366
20,66,0.022362
62,93,0.022347
89,98,0.022344
55,95,0.022342
93,98,0.022332
95,96,0.022287
16,23,0.022245
56,72,0.022242
45,62,0.022228
25,94,0.022140
17,33,0.022107
10,80,0.022094
20,73,0.022062
12,35,0.022031
14,42,0.022025
76,99,0.021981
69,70,0.021972
2,52,0.021969
90,95,0.021886
42,44,0.021878
71,75,0.021806
20,62,0.021801
71,98,0.021780
27,36,0.021753
59,82,0.021646
5,89,0.021607
72,99,0.021600
29,68,0.021552
6,67,0.021541
91,96,0.021524
30,66,0.021524
47,48,0.021524
23,58,0.021477
11,23,0.021471
1,88,0.021460
12,43,0.021455
9,22,0.021389
7,18,0.021352
29,32,0.021345
34,74,0.021334
91,92,0.021333
18,73,0.021298
22,26,0.021240
43,55,0.021223
23,98,0.021160
51,82,0.021014
71,91,0.020977
42,67,0.020972
19,27,0.020968
11,18,0.020952
43,65,0.020931
6,91,0.020909
9,81,0.020811
42,46,0.020782
82,83,0.020710
37,83,0.020654
26,90,0.020647
18,99,0.020634
12,56,0.020614
37,66,0.020611
30,34,0.020609
37,89,0.020560
14,82,0.020544
82,93,0.020494
10,35,0.020488
70,87,0.020360
39,42,0.020343
19,88,0.020340
19,34,0.020312
57,79,0.020312
39,72,0.020297
30,43,0.020294
3,58,0.020287
64,85,0.020257
14,72,0.020252
2,19,0.020235
46,76,0.020217
8,67,0.020113
63,85,0.020095
35,42,0.020044
42,51,0.020030
14,29,0.020006
34,67,0.019986
30,79,0.019978
70,75,0.019952
23,91,0.019948
20,69,0.019936
65,72,0.019869
38,60,0.019835
68,69,0.019829
38,63,0.019799
89,99,0.019771
21,68,0.019748
35,70,0.019746
61,73,0.019740
65,86,0.019703
41,95,0.019640
55,85,0.019636
83,95,0.019592
6,38,0.019555
65,88,0.019549
4,32,0.019518
72,94,0.019515
15,56,0.019474
4,11,0.019424
20,86,0.019370
5,18,0.019320
69,78,0.019313
37,68,0.019265
42,93,0.019255
86,97,0.019217
14,34,0.019195
56,68,0.019161
11,75,0.019153
3,24,0.019030
33,81,0.019009
20,30,0.018944
35,46,0.018937
9,27,0.018872
61,69,0.018855
20,43,0.018855
47,80,0.018766
38,46,0.018717
3,83,0.018593
38,71,0.018588
13,84,0.018550
2,11,0.018541
30,37,0.018511
29,42,0.018494
15,74,0.018433
24,33,0.018412
44,62,0.018400
32,78,0.018377
87,97,0.018372
44,53,0.018300
52,70,0.018271
67,72,0.018205
47,56,0.018192
47,98,0.018164
32,37,0.018094
13,18,0.018018
6,70,0.018003
28,86,0.017952
38,89,0.017925
5,33,0.017923
50,77,0.017906
97,99,0.017897
4,12,0.017870
16,90,0.017836
29,85,0.017796
65,74,0.017742
21,26,0.017741
35,90,0.017738
8,94,0.017675
14,26,0.017670
52,86,0.017633
12,36,0.017629
39,65,0.017593
11,17,0.017580
55,71,0.017560
15,31,0.017549
21,70,0.017510
55,91,0.017496
79,80,0.017494
14,83,0.017393
41,88,0.017385
60,83,0.017362
44,94,0.017234
54,58,0.017225
38,61,0.017184
5,92,0.017162
29,73,0.017145
22,75,0.017135
4,37,0.017093
29,90,0.017088
35,57,0.017067
34,62,0.017053
9,52,0.017052
14,60,0.016966
20,77,0.016906
22,97,0.016813
26,47,0.016792
85,99,0.016718
32,45,0.016691
81,99,0.016664
15,80,0.016643
79,90,0.016596
40,47,0.016591
18,42,0.016548
14,47,0.016546
79,97,0.016525
9,99,0.016520
1,55,0.016510
26,34,0.016500
50,62,0.016490
79,82,0.016368
48,66,0.016290
83,96,0.016284
33,53,0.016266
88,90,0.016248
60,64,0.016185
37,76,0.016082
29,71,0.016048
73,89,0.016041
29,30,0.016018
79,94,0.015980
12,88,0.015973
18,29,0.015950
51,62,0.015923
35,96,0.015873
15,60,0.015858
23,34,0.015809
14,84,0.015782
91,99,0.015745
39,46,0.015645
50,78,0.015626
2,8,0.015591
34,95,0.015589
27,77,0.015550
17,40,0.015543
38,53,0.015467
5,85,0.015463
54,84,0.015421
32,41,0.015381
46,95,0.015367
39,75,0.015320
24,47,0.015303
44,52,0.015289
29,57,0.015203
24,48,0.015181
21,67,0.015160
64,66,0.015066
8,35,0.015022
33,41,0.014993
9,10,0.014972
24,59,0.014969
16,59,0.014958
66,70,0.014877
82,98,0.014858
18,46,0.014854
62,79,0.014852
8,37,0.014844
2,89,0.014798
51,65,0.014779
8,30,0.014705
61,94,0.014700
34,42,0.014687
60,63,0.014646
37,78,0.014602
96,99,0.014475
69,96,0.014453
22,90,0.014408
93,99,0.014403
42,52,0.014389
28,49,0.014371
28,33,0.014345
40,78,0.014293
2,87,0.014278
1,74,0.014274
42,55,0.014202
68,89,0.014181
76,89,0.014130
34,72,0.014053
2,30,0.014000
27,46,0.013960
37,44,0.013849
72,78,0.013841
4,76,0.013828
81,91,0.013817
75,77,0.013789
71,78,0.013776
15,62,0.013767
6,66,0.013681
4,66,0.013674
27,41,0.013647
58,69,0.013628
26,94,0.013608
48,72,0.013525
70,99,0.013502
10,31,0.013492
12,42,0.013480
2,98,0.013478
24,55,0.013454
52,87,0.013436
50,55,0.013431
71,84,0.013420
12,24,0.013404
43,75,0.013376
9,59,0.013228
3,27,0.013188
12,19,0.013179
85,86,0.013108
54,95,0.013094
83,99,0.013086
51,69,0.013071
25,40,0.012969
5,28,0.012949
12,93,0.012900
88,96,0.012835
56,69,0.012835
72,92,0.012792
36,52,0.012717
4,46,0.012703
42,45,0.012698
70,91,0.012528
44,48,0.012517
65,85,0.012509
50,64,0.012500
53,59,0.012464
40,92,0.012414
6,59,0.012395
1,72,0.012351
14,70,0.012329
7,59,0.012314
39,74,0.012288
54,85,0.012239
5,67,0.012230
24,79,0.012220
54,59,0.012213
2,9,0.012202
66,76,0.012185
19,21,0.012181
47,50,0.012176
67,98,0.012128
9,76,0.012109
28,29,0.012094
35,48,0.012052
46,71,0.012036
9,25,0.012028
18,68,0.012008
6,52,0.011995
94,95,0.011991
34,60,0.011981
24,32,0.011969
48,91,0.011965
28,31,0.011938
67,99,0.011926
2,97,0.011832
8,14,0.011807
65,71,0.011801
48,97,0.011784
34,88,0.011761
57,99,0.011693
62,97,0.011693
60,66,0.011611
9,97,0.011588
61,96,0.011567
37,50,0.011557
53,70,0.011555
44,49,0.011554
47,57,0.011539
69,77,0.011538
71,99,0.011524
80,97,0.011488
34,41,0.011419
65,84,0.011279
5,91,0.011236
88,99,0.011207
72,75,0.011204
70,86,0.011175
16,56,0.011164
41,87,0.011133
18,87,0.011115
15,94,0.011110
71,95,0.011103
61,64,0.011026
15,52,0.011008
34,94,0.010899
67,84,0.010885
6,88,0.010885
44,58,0.010846
12,39,0.010793
86,96,0.010768
72,83,0.010681
31,39,0.010681
56,97,0.010657
45,98,0.010649
6,62,0.010642
27,52,0.010588
20,74,0.010583
4,15,0.010576
55,98,0.010555
20,42,0.010527
55,62,0.010459
24,82,0.010459
22,56,0.010430
76,87,0.010409
16,21,0.010402
53,91,0.010392
72,82,0.010360
2,18,0.010358
42,64,0.010356
4,63,0.010344
27,37,0.010340
37,57,0.010333
21,98,0.010277
37,86,0.010272
15,17,0.010264
84,99,0.010249
25,83,0.010233
20,32,0.010208
3,44,0.010181
55,66,0.010172
53,68,0.010136
11,15,0.010074
4,72,0.010072
9,37,0.010052
42,60,0.010040
2,29,0.010002
39,67,0.009988
36,39,0.009977
56,79,0.009972
67,74,0.009948
3,68,0.009946
47,65,0.009936
73,91,0.009929
49,65,0.009926
66,88,0.009887
26,88,0.009862
5,11,0.009855
67,70,0.009719
74,99,0.009701
12,18,0.009675
4,85,0.009670
78,99,0.009665
85,95,0.009631
56,74,0.009625
9,83,0.009616
12,47,0.009609
69,76,0.009587
30,52,0.009559
31,84,0.009493
58,70,0.009479
42,69,0.009464
16,47,0.009414
4,68,0.009399
36,74,0.009393
15,32,0.009391
9,67,0.009355
17,85,0.009331
59,81,0.009280
59,99,0.009213
14,56,0.009195
9,49,0.009114
25,27,0.009040
11,73,0.009012
9,87,0.008978
55,57,0.008976
60,73,0.008951
38,69,0.008926
68,74,0.008899
35,87,0.008864
29,49,0.008825
39,88,0.008789
13,52,0.008720
18,51,0.008687
52,82,0.008647
59,94,0.008606
5,61,0.008576
51,87,0.008563
15,93,0.008555
21,37,0.008554
17,63,0.008538
4,57,0.008492
8,39,0.008479
50,75,0.008463
31,75,0.008435
62,75,0.008434
64,72,0.008416
7,40,0.008415
28,76,0.008405
65,78,0.008385
64,78,0.008342
48,93,0.008294
4,48,0.008257
58,63,0.008244
9,23,0.008203
35,61,0.008189
14,86,0.008183
61,99,0.008180
44,99,0.008158
7,30,0.008134
21,63,0.008128
51,96,0.008122
80,88,0.008117
14,31,0.008098
58,97,0.008084
49,86,0.008078
33,45,0.008074
58,62,0.008049
30,44,0.008028
24,30,0.008017
21,32,0.007996
45,55,0.007994
8,18,0.007991
95,99,0.007958
11,60,0.007955
50,91,0.007922
65,94,0.007903
19,29,0.007901
5,23,0.007897
44,69,0.007863
60,78,0.007856
43,72,0.007844
65,98,0.007840
82,91,0.007836
91,93,0.007780
42,74,0.007772
4,96,0.007766
26,98,0.007747
1,34,0.007742
15,23,0.007732
25,67,0.007720
6,49,0.007715
31,96,0.007649
60,80,0.007648
62,87,0.007640
70,96,0.007625
12,72,0.007589
8,38,0.007551
50,89,0.007541
2,64,0.007540
42,88,0.007539
17,30,0.007535
9,29,0.007516
31,90,0.007510
31,85,0.007508
53,92,0.007502
40,59,0.007490
7,41,0.007479
32,49,0.007472
61,66,0.007466
7,10,0.007459
60,96,0.007418
3,59,0.007392
11,92,0.007336
7,27,0.007325
28,59,0.007324
14,44,0.007320
22,45,0.007310
71,89,0.007305
50,92,0.007238
63,77,0.007232
1,75,0.007220
51,81,0.007218
23,66,0.007170
7,99,0.007157
27,47,0.007069
3,49,0.007054
6,56,0.007048
6,11,0.007046
16,49,0.007023
13,55,0.007016
3,31,0.007008
52,57,0.006986
66,85,0.006961
49,99,0.006940
27,58,0.006931
23,64,0.006902
8,85,0.006883
12,90,0.006882
59,69,0.006834
17,78,0.006804
33,61,0.006747
12,71,0.006697
5,30,0.006502
64,92,0.006452
72,86,0.006423
47,84,0.006405
29,84,0.006382
27,91,0.006368
16,74,0.006349
6,95,0.006344
66,77,0.006324
21,92,0.006319
1,46,0.006289
62,63,0.006253
66,89,0.006215
3,11,0.006182
12,96,0.006181
30,58,0.006165
2,39,0.006161
13,56,0.006114
20,47,0.006110
13,35,0.006044
6,84,0.006039
2,22,0.006036
20,33,0.005991
9,65,0.005910
24,90,0.005901
22,54,0.005850
33,46,0.005832
45,47,0.005800
80,99,0.005797
87,99,0.005763
28,41,0.005714
61,82,0.005700
92,99,0.005690
34,64,0.005677
81,93,0.005651
12,87,0.005641
25,95,0.005537
17,43,0.005534
49,89,0.005518
26,56,0.005484
7,81,0.005473
60,90,0.005466
5,53,0.005407
44,87,0.005386
16,97,0.005382
18,28,0.005359
66,75,0.005350
43,93,0.005307
46,64,0.005183
42,98,0.005179
55,76,0.005075
17,41,0.005052
2,48,0.005011
86,92,0.005000
39,44,0.005000
41,56,0.004958
3,92,0.004958
24,28,0.004948
5,43,0.004888
13,38,0.004885
45,59,0.004885
5,14,0.004883
45,51,0.004877
38,50,0.004817
83,98,0.004717
26,86,0.004692
69,99,0.004631
19,23,0.004596
26,44,0.004588
62,92,0.004556
11,53,0.004501
87,88,0.004488
37,64,0.004484
71,96,0.004450
6,24,0.004442
60,91,0.004397
48,62,0.004396
14,69,0.004327
62,69,0.004325
39,51,0.004302
42,73,0.004294
89,96,0.004279
38,75,0.004265
1,15,0.004235
58,76,0.004230
21,27,0.004228
50,90,0.004203
43,98,0.004183
5,84,0.004181
28,54,0.004098
42,58,0.004096
28,67,0.004092
7,96,0.004043
6,42,0.004032
90,96,0.004006
39,62,0.003971
16,25,0.003958
37,79,0.003941
14,65,0.003918
35,52,0.003901
40,88,0.003878
39,52,0.003877
36,85,0.003862
18,85,0.003859
25,45,0.003830
13,91,0.003801
6,87,0.003799
7,51,0.003785
57,72,0.003696
42,91,0.003610
16,33,0.003493
31,42,0.003474
33,92,0.003472
65,89,0.003467
55,61,0.003432
9,24,0.003364
37,39,0.003363
77,86,0.003340
15,99,0.003340
56,71,0.003322
13,57,0.003296
57,83,0.003290
27,70,0.003277
13,99,0.003225
1,42,0.003223
63,72,0.003202
6,31,0.003149
3,25,0.003147
67,81,0.003128
44,82,0.003110
23,83,0.003018
40,52,0.003014
68,99,0.003014
41,43,0.003008
39,50,0.002971
44,81,0.002952
33,93,0.002950
16,19,0.002895
5,36,0.002847
6,12,0.002829
19,39,0.002815
53,58,0.002809
79,86,0.002779
72,90,0.002751
16,22,0.002743
41,67,0.002702
1,30,0.002696
16,31,0.002691
1,86,0.002675
24,46,0.002670
17,25,0.002566
8,84,0.002518
64,67,0.002517
29,54,0.002507
26,97,0.002442
11,36,0.002414
81,88,0.002340
13,36,0.002174
54,89,0.002167
47,97,0.002101
57,89,0.002051
2,42,0.002021
36,42,0.001996
19,68,0.001995
1,17,0.001978
14,52,0.001909
50,67,0.001905
29,95,0.001876
11,74,0.001846
46,69,0.001833
27,60,0.001822
60,75,0.001809
32,36,0.001807
51,57,0.001786
48,51,0.001744
5,31,0.001630
25,98,0.001604
3,70,0.001576
61,62,0.001575
73,96,0.001569
16,69,0.001562
1,47,0.001558
24,39,0.001490
18,66,0.001483
14,30,0.001471
29,86,0.001443
43,96,0.001437
31,77,0.001414
64,90,0.001408
9,63,0.001292
37,99,0.001290
9,79,0.001275
16,44,0.001273
12,53,0.001260
5,8,0.001231
65,97,0.001216
13,32,0.001195
80,93,0.001180
42,47,0.001171
39,54,0.001110
51,71,0.001091
53,76,0.001052
55,69,0.001048
15,48,0.001043
27,87,0.001031
64,82,0.001028
29,33,0.000935
21,36,0.000914
46,67,0.000899
12,17,0.000813
43,52,0.000803
55,88,0.000754
63,71,0.000734
18,97,0.000730
4,43,0.000730
47,52,0.000691
13,61,0.000649
73,95,0.000644
6,57,0.000555
6,58,0.000544
2,86,0.000531
68,97,0.000528
21,97,0.000513
1,39,0.000441
16,38,0.000427
55,81,0.000267
68,98,0.000261
59,73,0.000256
65,90,0.000253
35,62,0.000251
81,95,0.000228
28,80,0.000213
56,61,0.000181
1,50,0.000179
8,42,0.000139
23,54,0.000009
32,38,-0.000060
13,44,-0.000065
77,96,-0.000088
1,95,-0.000095
6,16,-0.000176
47,91,-0.000205
17,61,-0.000205
87,95,-0.000222
33,63,-0.000260
13,16,-0.000278
3,61,-0.000303
75,83,-0.000310
35,89,-0.000455
39,64,-0.000480
6,73,-0.000490
2,7,-0.000508
26,29,-0.000532
10,72,-0.000574
3,26,-0.000585
21,51,-0.000595
18,82,-0.000611
32,44,-0.000635
18,37,-0.000703
22,85,-0.000737
24,65,-0.000755
20,75,-0.000802
68,72,-0.000825
15,58,-0.000826
68,86,-0.000939
30,90,-0.000981
47,94,-0.000988
67,73,-0.000991
8,16,-0.001036
18,49,-0.001050
3,22,-0.001085
66,79,-0.001096
22,92,-0.001115
45,69,-0.001167
56,93,-0.001197
57,63,-0.001244
46,57,-0.001408
11,48,-0.001452
73,99,-0.001531
86,98,-0.001585
5,26,-0.001602
13,47,-0.001622
61,98,-0.001651
8,28,-0.001659
17,45,-0.001664
77,99,-0.001742
13,45,-0.001760
16,53,-0.001764
10,21,-0.001777
29,44,-0.001809
5,51,-0.001809
64,79,-0.001853
48,83,-0.001864
30,99,-0.001898
28,99,-0.001928
50,70,-0.001928
66,99,-0.001984
49,88,-0.001998
11,97,-0.002031
11,99,-0.002034
42,50,-0.002042
19,44,-0.002091
49,56,-0.002102
57,95,-0.002115
7,15,-0.002175
90,99,-0.002203
35,98,-0.002210
52,99,-0.002212
12,91,-0.002217
24,44,-0.002275
75,76,-0.002278
32,95,-0.002316
42,94,-0.002352
18,75,-0.002394
47,74,-0.002406
55,65,-0.002413
18,23,-0.002444
35,41,-0.002454
77,91,-0.002514
17,79,-0.002522
21,60,-0.002523
32,76,-0.002536
14,80,-0.002654
38,43,-0.002675
19,70,-0.002715
12,59,-0.002732
10,12,-0.002732
16,67,-0.002811
3,40,-0.002818
3,99,-0.002833
12,66,-0.002844
36,99,-0.002878
44,55,-0.002910
74,93,-0.002924
15,98,-0.002927
41,55,-0.002966
12,74,-0.002970
60,89,-0.002994
35,49,-0.003027
34,56,-0.003093
56,80,-0.003096
39,63,-0.003132
5,37,-0.003145
1,81,-0.003165
16,32,-0.003289
29,83,-0.003293
46,58,-0.003306
56,65,-0.003316
7,43,-0.003346
29,43,-0.003396
24,54,-0.003452
70,79,-0.003485
30,50,-0.003491
68,81,-0.003498
58,96,-0.003530
5,16,-0.003539
19,57,-0.003545
9,78,-0.003557
71,85,-0.003575
66,92,-0.003604
34,73,-0.003627
42,76,-0.003637
72,81,-0.003641
12,70,-0.003684
63,99,-0.003700
17,99,-0.003703
6,48,-0.003708
14,24,-0.003720
13,80,-0.003729
35,44,-0.003782
43,89,-0.003794
61,67,-0.003801
40,56,-0.003813
47,87,-0.003815
9,31,-0.003820
6,36,-0.003823
48,76,-0.003840
30,83,-0.003852
41,82,-0.003880
83,88,-0.003897
72,96,-0.003933
72,85,-0.003985
14,92,-0.003986
24,42,-0.004118
14,43,-0.004123
73,87,-0.004123
71,88,-0.004151
23,93,-0.004173
60,94,-0.004209
36,50,-0.004241
60,97,-0.004242
22,98,-0.004277
76,86,-0.004298
61,85,-0.004303
78,89,-0.004321
39,86,-0.004345
2,47,-0.004389
20,94,-0.004423
41,89,-0.004424
68,93,-0.004426
13,34,-0.004449
58,75,-0.004459
36,48,-0.004471
17,53,-0.004490
59,75,-0.004490
16,95,-0.004499
26,84,-0.004537
47,83,-0.004587
45,99,-0.004607
20,97,-0.004612
32,66,-0.004678
49,84,-0.004724
16,30,-0.004730
17,81,-0.004760
15,28,-0.004801
27,44,-0.004826
7,57,-0.004834
39,60,-0.004854
42,77,-0.004868
17,42,-0.004884
3,96,-0.004892
34,68,-0.004915
3,48,-0.004927
18,39,-0.004951
11,39,-0.005025
37,80,-0.005033
60,87,-0.005090
56,98,-0.005136
57,78,-0.005138
87,96,-0.005141
51,76,-0.005229
74,78,-0.005243
26,74,-0.005305
11,91,-0.005315
66,96,-0.005328
13,22,-0.005351
48,87,-0.005392
52,90,-0.005412
11,98,-0.005435
21,24,-0.005438
55,94,-0.005481
1,65,-0.005518
10,65,-0.005527
17,76,-0.005547
10,95,-0.005559
31,58,-0.005611
39,69,-0.005625
23,97,-0.005635
12,23,-0.005659
16,73,-0.005664
32,83,-0.005680
45,92,-0.005687
13,89,-0.005708
30,39,-0.005768
45,46,-0.005807
20,99,-0.005820
24,85,-0.005871
34,55,-0.005908
54,73,-0.005919
44,51,-0.005922
3,93,-0.005935
85,91,-0.005939
29,88,-0.005975
84,98,-0.006008
9,38,-0.006029
40,55,-0.006030
75,87,-0.006075
75,85,-0.006088
18,91,-0.006168
28,65,-0.006202
3,32,-0.006217
44,59,-0.006234
38,45,-0.006268
18,35,-0.006281
66,84,-0.006289
5,44,-0.006310
5,64,-0.006327
31,80,-0.006335
52,89,-0.006341
43,84,-0.006346
15,44,-0.006398
10,61,-0.006399
16,85,-0.006399
27,97,-0.006456
35,84,-0.006491
29,97,-0.006492
64,74,-0.006494
12,99,-0.006503
2,88,-0.006505
63,94,-0.006530
4,58,-0.006575
53,78,-0.006577
33,91,-0.006580
2,36,-0.006581
22,76,-0.006615
68,70,-0.006669
23,99,-0.006674
19,87,-0.006728
1,21,-0.006738
10,17,-0.006740
73,86,-0.006771
21,31,-0.006778
15,77,-0.006791
14,99,-0.006841
8,31,-0.006846
10,74,-0.006848
45,96,-0.006852
32,35,-0.006865
54,81,-0.006878
78,94,-0.006885
47,82,-0.006909
30,36,-0.006910
11,40,-0.006936
5,10,-0.006949
59,60,-0.006968
34,53,-0.006982
84,94,-0.007034
11,44,-0.007062
8,93,-0.007068
25,70,-0.007130
26,41,-0.007145
9,41,-0.007198
6,92,-0.007208
78,93,-0.007215
59,65,-0.007217
48,73,-0.007252
47,64,-0.007338
21,91,-0.007346
24,37,-0.007361
1,22,-0.007369
43,99,-0.007397
19,45,-0.007432
25,73,-0.007453
9,58,-0.007510
10,84,-0.007534
20,70,-0.007566
6,99,-0.007645
20,35,-0.007670
7,32,-0.007714
48,82,-0.007734
33,80,-0.007738
4,51,-0.007742
34,43,-0.007742
26,77,-0.007752
13,62,-0.007783
30,63,-0.007785
78,97,-0.007795
30,46,-0.007810
64,70,-0.007832
21,95,-0.007858
1,29,-0.007873
56,94,-0.007873
84,89,-0.007905
5,95,-0.007914
20,80,-0.007918
5,63,-0.007918
14,53,-0.007927
32,98,-0.007940
10,37,-0.007977
24,45,-0.008011
22,99,-0.008016
5,83,-0.008035
39,70,-0.008051
65,99,-0.008084
10,52,-0.008086
16,77,-0.008106
31,50,-0.008138
28,85,-0.008154
56,88,-0.008216
32,62,-0.008217
49,87,-0.008238
4,70,-0.008261
11,94,-0.008265
28,42,-0.008304
9,61,-0.008343
44,65,-0.008351
54,99,-0.008356
35,94,-0.008384
19,99,-0.008395
35,59,-0.008404
34,75,-0.008423
22,49,-0.008433
62,66,-0.008457
13,90,-0.008560
34,96,-0.008565
51,97,-0.008605
50,81,-0.008725
33,79,-0.008753
41,97,-0.008762
43,79,-0.008802
3,87,-0.008808
62,67,-0.008830
48,90,-0.008832
33,51,-0.008866
39,41,-0.008872
55,63,-0.008975
42,83,-0.008980
61,76,-0.008987
78,88,-0.008987
24,36,-0.008989
12,34,-0.008992
6,96,-0.009031
53,62,-0.009046
44,79,-0.009049
27,73,-0.009051
26,39,-0.009094
37,43,-0.009115
19,47,-0.009116
67,69,-0.009140
53,99,-0.009186
25,51,-0.009213
62,88,-0.009216
44,46,-0.009241
40,93,-0.009246
2,81,-0.009262
22,58,-0.009263
11,45,-0.009287
42,70,-0.009333
11,89,-0.009350
16,41,-0.009368
62,80,-0.009377
15,67,-0.009414
5,80,-0.009454
29,77,-0.009471
69,84,-0.009480
10,45,-0.009497
34,99,-0.009528
26,38,-0.009551
45,78,-0.009562
47,95,-0.009598
21,48,-0.009610
27,53,-0.009641
23,40,-0.009650
1,36,-0.009688
61,79,-0.009694
76,90,-0.009751
30,88,-0.009760
58,86,-0.009767
8,99,-0.009797
17,32,-0.009832
10,71,-0.009840
46,63,-0.009850
2,91,-0.009879
47,86,-0.009897
22,71,-0.009902
4,19,-0.009917
65,87,-0.009928
3,15,-0.009969
4,41,-0.009994
24,60,-0.010017
2,99,-0.010030
14,97,-0.010042
52,68,-0.010058
6,75,-0.010116
1,40,-0.010134
35,53,-0.010136
34,97,-0.010144
14,91,-0.010161
21,54,-0.010188
27,99,-0.010197
20,60,-0.010254
12,52,-0.010264
37,55,-0.010270
47,76,-0.010281
7,67,-0.010323
49,68,-0.010329
3,67,-0.010331
19,98,-0.010379
39,79,-0.010394
2,56,-0.010406
57,71,-0.010425
27,31,-0.010443
5,19,-0.010489
57,74,-0.010572
53,97,-0.010589
10,98,-0.010625
26,73,-0.010645
59,79,-0.010646
19,79,-0.010658
31,47,-0.010680
11,47,-0.010692
30,95,-0.010701
42,96,-0.010741
36,55,-0.010755
22,59,-0.010760
45,93,-0.010795
75,79,-0.010809
14,58,-0.010812
74,92,-0.010817
41,59,-0.010817
40,99,-0.010822
22,78,-0.010846
12,86,-0.010858
48,95,-0.010903
52,92,-0.010933
31,48,-0.010940
6,80,-0.010943
15,68,-0.011036
12,89,-0.011073
20,72,-0.011099
34,87,-0.011132
56,78,-0.011151
48,84,-0.011218
51,79,-0.011257
21,58,-0.011257
1,25,-0.011268
1,6,-0.011278
24,96,-0.011315
77,92,-0.011325
42,61,-0.011352
23,41,-0.011366
14,48,-0.011438
53,85,-0.011458
8,68,-0.011492
15,21,-0.011517
47,96,-0.011584
45,89,-0.011597
15,45,-0.011613
57,68,-0.011616
24,81,-0.011617
15,64,-0.011653
40,42,-0.011671
8,34,-0.011681
44,97,-0.011704
4,8,-0.011719
23,82,-0.011726
24,99,-0.011735
74,83,-0.011800
94,99,-0.011809
29,55,-0.011824
54,75,-0.011832
61,71,-0.011841
16,99,-0.011861
8,97,-0.011865
25,92,-0.011876
34,37,-0.011888
4,26,-0.011910
17,67,-0.011950
32,50,-0.012060
33,76,-0.012079
50,82,-0.012089
22,37,-0.012186
68,77,-0.012204
14,77,-0.012251
21,94,-0.012256
13,66,-0.012258
79,93,-0.012260
38,94,-0.012280
11,79,-0.012292
39,87,-0.012314
10,47,-0.012318
59,90,-0.012331
32,99,-0.012345
29,64,-0.012401
31,46,-0.012405
82,92,-0.012424
41,52,-0.012430
35,81,-0.012432
12,41,-0.012441
36,67,-0.012521
12,82,-0.012560
24,34,-0.012589
5,22,-0.012647
68,85,-0.012675
25,99,-0.012676
75,84,-0.012709
18,38,-0.012731
33,71,-0.012750
53,83,-0.012753
52,75,-0.012832
48,63,-0.012835
61,90,-0.012849
33,59,-0.012852
6,18,-0.012862
30,31,-0.012911
12,50,-0.012919
58,98,-0.012928
60,82,-0.012943
21,29,-0.012952
77,83,-0.012963
76,95,-0.013051
23,50,-0.013068
76,93,-0.013075
25,53,-0.013091
57,91,-0.013123
1,33,-0.013138
1,93,-0.013146
54,93,-0.013169
75,80,-0.013184
7,68,-0.013198
19,83,-0.013229
62,86,-0.013232
33,99,-0.013315
54,76,-0.013317
50,95,-0.013326
48,99,-0.013349
17,88,-0.013390
13,93,-0.013470
7,14,-0.013507
53,94,-0.013645
84,96,-0.013673
3,50,-0.013750
30,72,-0.013807
20,54,-0.013867
2,45,-0.013875
45,61,-0.013940
26,82,-0.013945
6,37,-0.013949
44,68,-0.013971
20,95,-0.013998
50,85,-0.013998
6,26,-0.013999
73,97,-0.014036
44,61,-0.014042
30,45,-0.014065
25,60,-0.014162
36,63,-0.014186
17,54,-0.014196
33,89,-0.014204
70,81,-0.014204
14,21,-0.014225
44,95,-0.014235
50,73,-0.014239
39,61,-0.014246
64,99,-0.014252
61,89,-0.014265
15,55,-0.014268
44,60,-0.014268
26,36,-0.014285
37,81,-0.014309
23,94,-0.014387
44,89,-0.014406
26,65,-0.014468
36,64,-0.014496
40,58,-0.014500
45,95,-0.014502
53,86,-0.014504
47,58,-0.014513
47,61,-0.014583
18,77,-0.014594
13,29,-0.014684
53,73,-0.014758
45,63,-0.014809
38,62,-0.014843
14,88,-0.014908
43,67,-0.014937
18,96,-0.014973
36,61,-0.015051
15,69,-0.015097
60,79,-0.015278
39,82,-0.015304
31,99,-0.015323
3,46,-0.015323
12,55,-0.015343
16,58,-0.015369
53,77,-0.015438
14,94,-0.015457
38,73,-0.015465
2,75,-0.015483
21,45,-0.015522
24,50,-0.015530
58,78,-0.015556
64,73,-0.015566
27,33,-0.015580
18,52,-0.015584
46,78,-0.015603
21,74,-0.015662
3,33,-0.015731
16,65,-0.015733
66,80,-0.015753
5,27,-0.015753
36,81,-0.015755
68,92,-0.015767
5,58,-0.015769
46,49,-0.015804
11,70,-0.015806
43,62,-0.015820
2,92,-0.015854
12,84,-0.015886
1,66,-0.015904
18,55,-0.015924
7,13,-0.015937
50,60,-0.015996
1,7,-0.016010
16,40,-0.016031
26,81,-0.016076
41,66,-0.016077
15,75,-0.016083
17,93,-0.016100
6,54,-0.016123
53,98,-0.016136
18,81,-0.016144
56,77,-0.016145
52,97,-0.016212
38,70,-0.016228
11,62,-0.016255
3,64,-0.016255
5,98,-0.016257
61,78,-0.016275
65,69,-0.016345
28,56,-0.016352
3,18,-0.016356
44,93,-0.016385
24,49,-0.016403
3,98,-0.016428
1,4,-0.016449
19,86,-0.016477
11,90,-0.016481
33,65,-0.016496
51,98,-0.016509
6,25,-0.016544
2,28,-0.016567
30,85,-0.016586
55,82,-0.016590
65,81,-0.016591
36,72,-0.016592
68,96,-0.016604
37,61,-0.016614
25,33,-0.016623
11,41,-0.016657
10,43,-0.016708
67,86,-0.016737
17,20,-0.016749
53,74,-0.016759
9,69,-0.016841
41,83,-0.016898
61,77,-0.016944
55,80,-0.016948
42,65,-0.017029
71,83,-0.017040
1,5,-0.017070
48,68,-0.017110
55,78,-0.017202
16,84,-0.017223
9,26,-0.017239
30,61,-0.017274
13,77,-0.017287
10,53,-0.017405
86,99,-0.017414
5,77,-0.017456
38,59,-0.017498
81,89,-0.017511
16,81,-0.017526
10,40,-0.017528
12,45,-0.017706
38,98,-0.017742
52,79,-0.017754
18,65,-0.017760
6,78,-0.017773
44,90,-0.017789
68,91,-0.017801
4,13,-0.017836
5,69,-0.017844
17,82,-0.017846
27,51,-0.017864
32,39,-0.017872
19,38,-0.017883
9,51,-0.017922
10,99,-0.017939
50,58,-0.017953
6,76,-0.018021
21,47,-0.018022
23,71,-0.018056
7,26,-0.018057
41,78,-0.018061
62,99,-0.018067
66,74,-0.018110
68,80,-0.018111
34,59,-0.018148
44,77,-0.018240
46,99,-0.018251
15,47,-0.018262
65,66,-0.018265
57,85,-0.018294
15,37,-0.018342
9,57,-0.018384
58,91,-0.018389
21,55,-0.018398
2,69,-0.018416
1,91,-0.018445
49,52,-0.018454
50,59,-0.018481
11,30,-0.018488
16,52,-0.018503
49,69,-0.018506
52,95,-0.018508
46,74,-0.018520
8,33,-0.018537
35,79,-0.018542
59,98,-0.018571
30,67,-0.018585
63,93,-0.018613
2,68,-0.018653
10,82,-0.018669
27,65,-0.018684
57,66,-0.018690
20,21,-0.018732
53,75,-0.018845
8,60,-0.018845
6,40,-0.018858
52,58,-0.018863
10,85,-0.018864
20,57,-0.018915
31,81,-0.018925
27,71,-0.018925
35,77,-0.018934
63,84,-0.018974
3,29,-0.018980
66,94,-0.019043
7,23,-0.019061
4,98,-0.019127
30,74,-0.019139
28,91,-0.019153
24,40,-0.019191
23,49,-0.019204
27,55,-0.019221
4,20,-0.019265
64,71,-0.019281
16,36,-0.019290
78,80,-0.019311
18,25,-0.019349
10,46,-0.019365
73,98,-0.019379
23,51,-0.019391
36,84,-0.019425
31,53,-0.019429
32,91,-0.019446
42,99,-0.019450
22,40,-0.019504
56,90,-0.019511
1,69,-0.019544
13,71,-0.019545
27,72,-0.019556
12,69,-0.019568
56,92,-0.019583
9,98,-0.019611
24,97,-0.019635
14,67,-0.019641
16,63,-0.019664
8,57,-0.019681
34,76,-0.019685
1,87,-0.019699
49,81,-0.019706
38,47,-0.019714
26,45,-0.019781
55,90,-0.019814
37,88,-0.019861
12,68,-0.019888
54,82,-0.019905
15,51,-0.019911
8,77,-0.019937
78,98,-0.019993
32,93,-0.020008
43,91,-0.020018
19,54,-0.020023
7,84,-0.020028
14,41,-0.020123
47,93,-0.020176
29,87,-0.020228
23,32,-0.020239
11,66,-0.020246
32,51,-0.020260
24,58,-0.020294
18,61,-0.020294
36,78,-0.020355
36,91,-0.020359
23,78,-0.020383
12,33,-0.020499
18,69,-0.020519
22,67,-0.020560
34,80,-0.020560
70,85,-0.020596
32,92,-0.020634
27,45,-0.020637
41,99,-0.020665
11,65,-0.020704
2,93,-0.020711
48,64,-0.020756
92,98,-0.020762
33,67,-0.020763
60,65,-0.020799
19,85,-0.020820
11,86,-0.020823
28,94,-0.020829
66,72,-0.020866
26,95,-0.020909
3,85,-0.020967
29,99,-0.020993
27,81,-0.021026
1,19,-0.021029
33,83,-0.021030
23,69,-0.021063
22,80,-0.021157
17,83,-0.021224
13,88,-0.021224
23,67,-0.021235
24,93,-0.021271
28,71,-0.021278
27,48,-0.021289
45,57,-0.021325
25,78,-0.021338
7,42,-0.021345
20,23,-0.021350
1,67,-0.021367
18,90,-0.021474
30,96,-0.021478
46,48,-0.021494
31,87,-0.021538
45,84,-0.021551
8,53,-0.021559
1,35,-0.021581
21,49,-0.021584
85,93,-0.021587
38,93,-0.021626
62,89,-0.021658
44,74,-0.021702
12,75,-0.021703
16,54,-0.021724
25,66,-0.021743
14,71,-0.021777
34,58,-0.021799
2,50,-0.021921
23,47,-0.021927
18,84,-0.021928
27,67,-0.021954
26,31,-0.021974
14,90,-0.021994
1,83,-0.022001
21,73,-0.022027
14,62,-0.022029
57,65,-0.022036
7,89,-0.022039
34,70,-0.022041
21,69,-0.022060
51,90,-0.022078
9,36,-0.022124
6,21,-0.022146
54,96,-0.022153
31,49,-0.022198
31,36,-0.022218
39,96,-0.022226
35,73,-0.022251
64,86,-0.022253
45,58,-0.022293
64,75,-0.022294
23,96,-0.022303
45,73,-0.022334
4,73,-0.022390
20,41,-0.022441
56,96,-0.022485
46,68,-0.022505
44,78,-0.022610
52,93,-0.022611
32,48,-0.022616
25,88,-0.022636
42,79,-0.022650
59,93,-0.022685
34,35,-0.022727
22,30,-0.022732
68,73,-0.022733
3,75,-0.022813
17,50,-0.022822
11,21,-0.022822
57,94,-0.022823
57,92,-0.022880
13,67,-0.022896
22,50,-0.022905
41,84,-0.022909
48,89,-0.022940
68,95,-0.022972
65,92,-0.022992
16,76,-0.022994
32,65,-0.023021
35,75,-0.023031
3,56,-0.023035
24,67,-0.023096
64,83,-0.023118
55,87,-0.023148
6,50,-0.023160
30,70,-0.023174
44,91,-0.023198
24,61,-0.023212
11,88,-0.023221
5,54,-0.023228
85,87,-0.023232
34,66,-0.023232
63,82,-0.023272
39,73,-0.023291
9,93,-0.023299
18,34,-0.023314
3,51,-0.023378
10,89,-0.023385
31,78,-0.023393
69,80,-0.023431
10,75,-0.023440
39,97,-0.023467
3,84,-0.023513
96,98,-0.023550
61,74,-0.023558
19,81,-0.023611
56,99,-0.023616
58,73,-0.023652
25,52,-0.023658
3,13,-0.023663
7,34,-0.023679
23,85,-0.023693
38,49,-0.023734
2,72,-0.023739
37,46,-0.023769
18,48,-0.023795
44,70,-0.023818
26,69,-0.023821
36,68,-0.023868
20,48,-0.023868
69,86,-0.023869
26,75,-0.023874
29,56,-0.023889
36,47,-0.023908
72,76,-0.023916
5,76,-0.023921
3,12,-0.023940
2,38,-0.024009
29,79,-0.024021
32,87,-0.024029
21,66,-0.024047
24,41,-0.024058
7,12,-0.024073
41,70,-0.024078
57,73,-0.024095
19,96,-0.024118
6,83,-0.024163
2,80,-0.024215
15,65,-0.024230
38,82,-0.024243
38,77,-0.024246
29,41,-0.024342
6,34,-0.024514
81,82,-0.024527
12,20,-0.024528
8,44,-0.024593
9,70,-0.024632
9,95,-0.024643
12,61,-0.024649
25,37,-0.024662
4,25,-0.024699
41,62,-0.024701
45,71,-0.024738
31,55,-0.024762
23,44,-0.024771
24,84,-0.024824
30,77,-0.024826
4,59,-0.024860
57,69,-0.024861
25,54,-0.024862
26,99,-0.024867
44,71,-0.024881
4,90,-0.024928
64,94,-0.024937
23,84,-0.025012
23,28,-0.025018
22,77,-0.025031
11,43,-0.025039
15,73,-0.025060
8,61,-0.025089
37,96,-0.025201
22,95,-0.025229
19,40,-0.025245
33,87,-0.025250
32,85,-0.025358
15,40,-0.025385
30,59,-0.025432
33,44,-0.025497
22,38,-0.025530
11,33,-0.025533
47,99,-0.025561
42,86,-0.025562
9,68,-0.025564
13,96,-0.025609
34,69,-0.025618
29,52,-0.025635
17,80,-0.025636
49,74,-0.025717
43,56,-0.025741
49,96,-0.025746
39,49,-0.025789
29,35,-0.025789
39,45,-0.025805
70,83,-0.025824
59,66,-0.025831
15,39,-0.025913
5,96,-0.025913
24,94,-0.025915
8,76,-0.025928
3,94,-0.025946
4,36,-0.025950
13,50,-0.025958
55,79,-0.025967
10,39,-0.025981
55,83,-0.025983
68,90,-0.026000
14,25,-0.026015
8,46,-0.026039
22,74,-0.026049
24,38,-0.026109
60,99,-0.026144
45,72,-0.026154
9,85,-0.026162
42,81,-0.026174
55,99,-0.026184
48,92,-0.026205
8,83,-0.026217
14,17,-0.026238
41,68,-0.026240
58,71,-0.026266
42,68,-0.026318
3,34,-0.026322
16,82,-0.026335
18,94,-0.026367
46,53,-0.026400
18,41,-0.026423
3,52,-0.026451
11,96,-0.026517
53,54,-0.026542
38,81,-0.026576
41,47,-0.026587
21,78,-0.026604
16,27,-0.026610
32,47,-0.026663
35,68,-0.026667
55,96,-0.026734
54,64,-0.026749
49,93,-0.026776
42,89,-0.026780
57,88,-0.026822
2,82,-0.026889
80,98,-0.026892
15,82,-0.026904
52,61,-0.026951
36,53,-0.026970
38,80,-0.027016
63,90,-0.027036
2,59,-0.027075
47,78,-0.027129
31,63,-0.027130
47,81,-0.027164
67,85,-0.027220
26,61,-0.027234
62,96,-0.027259
2,62,-0.027261
6,65,-0.027289
1,60,-0.027340
9,80,-0.027382
5,49,-0.027446
2,57,-0.027455
38,99,-0.027491
23,76,-0.027506
41,94,-0.027562
67,89,-0.027564
20,38,-0.027569
61,81,-0.027571
33,78,-0.027588
21,88,-0.027600
9,42,-0.027609
5,55,-0.027651
84,91,-0.027711
46,79,-0.027715
60,70,-0.027744
24,75,-0.027757
17,95,-0.027766
11,57,-0.027802
16,43,-0.027839
7,48,-0.027859
19,59,-0.027864
21,85,-0.028078
11,46,-0.028078
35,85,-0.028106
28,79,-0.028135
19,62,-0.028137
29,62,-0.028140
20,53,-0.028231
55,93,-0.028294
49,83,-0.028302
30,97,-0.028327
57,80,-0.028359
23,37,-0.028387
15,22,-0.028392
67,97,-0.028407
2,79,-0.028428
9,96,-0.028432
36,95,-0.028433
24,68,-0.028442
67,87,-0.028463
75,81,-0.028477
40,57,-0.028482
68,82,-0.028507
14,50,-0.028523
46,83,-0.028527
9,64,-0.028529
56,84,-0.028540
51,99,-0.028544
33,95,-0.028583
14,78,-0.028601
25,74,-0.028614
37,47,-0.028678
22,55,-0.028709
4,67,-0.028759
41,79,-0.028760
50,99,-0.028848
93,94,-0.028852
6,43,-0.028864
86,93,-0.028883
27,43,-0.028896
17,92,-0.028913
31,67,-0.028926
41,80,-0.028960
2,66,-0.028961
73,93,-0.028968
11,31,-0.029163
4,87,-0.029171
71,76,-0.029198
11,58,-0.029223
7,61,-0.029262
43,73,-0.029282
15,66,-0.029334
2,33,-0.029338
31,76,-0.029338
19,49,-0.029384
58,87,-0.029403
11,95,-0.029440
20,34,-0.029525
31,94,-0.029567
13,92,-0.029582
45,74,-0.029627
14,46,-0.029669
19,95,-0.029670
37,84,-0.029672
19,69,-0.029738
2,61,-0.029778
27,40,-0.029870
39,83,-0.029900
10,79,-0.029931
31,57,-0.029951
5,90,-0.029965
36,79,-0.029987
36,86,-0.029992
17,75,-0.030033
65,67,-0.030069
33,56,-0.030084
16,98,-0.030103
56,58,-0.030192
55,74,-0.030203
24,78,-0.030233
53,84,-0.030240
49,73,-0.030250
73,77,-0.030276
55,73,-0.030298
23,42,-0.030313
1,99,-0.030332
50,69,-0.030397
13,43,-0.030427
32,88,-0.030444
7,66,-0.030486
14,45,-0.030489
13,68,-0.030538
81,98,-0.030567
44,67,-0.030574
59,84,-0.030588
21,64,-0.030589
40,70,-0.030610
7,69,-0.030650
31,69,-0.030651
18,43,-0.030654
6,64,-0.030694
31,82,-0.030716
58,60,-0.030723
41,77,-0.030743
61,70,-0.030766
27,95,-0.030809
28,45,-0.030864
16,70,-0.030921
10,64,-0.030921
49,80,-0.030929
72,87,-0.030967
61,72,-0.030967
32,57,-0.031066
1,82,-0.031090
15,83,-0.031109
51,74,-0.031158
19,93,-0.031178
43,48,-0.031188
24,51,-0.031207
58,79,-0.031208
30,48,-0.031239
17,56,-0.031257
4,33,-0.031333
5,20,-0.031363
35,99,-0.031418
63,73,-0.031468
4,84,-0.031501
42,97,-0.031509
54,92,-0.031550
29,58,-0.031553
20,40,-0.031597
13,94,-0.031599
36,89,-0.031607
34,46,-0.031613
39,98,-0.031614
49,75,-0.031627
9,14,-0.031703
37,73,-0.031715
9,48,-0.031783
12,67,-0.031803
81,94,-0.031837
7,58,-0.031852
31,62,-0.031867
5,75,-0.031919
10,56,-0.031921
57,97,-0.031971
64,96,-0.031982
17,35,-0.032030
52,81,-0.032030
32,90,-0.032032
18,74,-0.032050
4,27,-0.032069
30,98,-0.032073
29,59,-0.032174
59,96,-0.032275
4,71,-0.032300
26,43,-0.032338
10,54,-0.032391
47,63,-0.032437
39,93,-0.032450
17,58,-0.032454
22,41,-0.032473
70,92,-0.032491
61,95,-0.032499
49,82,-0.032511
13,46,-0.032531
53,65,-0.032572
87,91,-0.032585
22,70,-0.032643
52,76,-0.032706
25,85,-0.032719
48,58,-0.032771
18,83,-0.032787
40,84,-0.032852
1,59,-0.032870
9,40,-0.032879
12,76,-0.032883
45,77,-0.032952
73,80,-0.033085
22,62,-0.033120
10,87,-0.033136
63,91,-0.033170
8,65,-0.033228
26,52,-0.033250
58,66,-0.033254
31,73,-0.033315
12,79,-0.033346
8,88,-0.033358
28,50,-0.033362
12,85,-0.033380
10,94,-0.033384
28,63,-0.033390
21,75,-0.033422
54,56,-0.033429
25,87,-0.033467
34,52,-0.033488
8,62,-0.033507
31,83,-0.033519
19,64,-0.033621
62,85,-0.033625
1,89,-0.033641
36,98,-0.033657
17,34,-0.033666
4,88,-0.033670
58,89,-0.033681
17,64,-0.033749
38,44,-0.033774
32,63,-0.033794
58,95,-0.033836
48,85,-0.033839
38,90,-0.033852
5,73,-0.033910
20,78,-0.033916
13,78,-0.033918
22,44,-0.033981
11,63,-0.033984
39,99,-0.034043
6,85,-0.034053
8,49,-0.034062
8,98,-0.034086
18,72,-0.034089
26,89,-0.034110
24,63,-0.034117
44,88,-0.034137
25,30,-0.034155
19,72,-0.034155
16,39,-0.034155
1,94,-0.034164
10,29,-0.034259
30,93,-0.034328
33,66,-0.034330
23,88,-0.034332
50,53,-0.034344
47,59,-0.034362
16,34,-0.034456
11,35,-0.034486
24,98,-0.034504
2,31,-0.034514
29,46,-0.034559
15,24,-0.034572
20,84,-0.034580
26,68,-0.034598
49,98,-0.034657
42,90,-0.034705
27,61,-0.034707
26,40,-0.034737
41,42,-0.034872
29,67,-0.034889
48,67,-0.034932
26,33,-0.034935
2,84,-0.034935
69,89,-0.034953
28,93,-0.035039
3,47,-0.035113
54,88,-0.035172
4,83,-0.035194
3,14,-0.035225
16,78,-0.035232
21,89,-0.035242
7,39,-0.035285
33,77,-0.035428
43,64,-0.035495
17,69,-0.035531
18,76,-0.035583
59,70,-0.035594
22,68,-0.035603
64,91,-0.035631
56,64,-0.035653
20,89,-0.035657
12,30,-0.035691
18,60,-0.035701
49,79,-0.035707
47,49,-0.035795
17,60,-0.035802
34,54,-0.035822
39,81,-0.035851
34,98,-0.035866
24,92,-0.035913
22,42,-0.035975
25,39,-0.035992
6,41,-0.036052
42,54,-0.036054
7,80,-0.036058
42,48,-0.036085
37,52,-0.036217
59,74,-0.036220
3,37,-0.036250
13,73,-0.036255
67,79,-0.036274
10,36,-0.036341
73,92,-0.036430
49,91,-0.036476
30,81,-0.036480
2,85,-0.036515
45,76,-0.036531
73,78,-0.036774
13,53,-0.036780
25,47,-0.036791
56,87,-0.036798
26,55,-0.036804
11,77,-0.036813
7,65,-0.036825
40,71,-0.036830
4,62,-0.036848
59,95,-0.036870
27,38,-0.036891
15,96,-0.036898
57,62,-0.036919
15,70,-0.036927
9,39,-0.036955
34,45,-0.036973
2,54,-0.037004
40,61,-0.037009
42,95,-0.037017
7,88,-0.037021
3,69,-0.037034
3,41,-0.037039
18,95,-0.037162
5,94,-0.037192
19,37,-0.037207
27,94,-0.037237
31,59,-0.037251
16,71,-0.037263
6,79,-0.037267
63,69,-0.037269
25,80,-0.037290
8,56,-0.037317
63,88,-0.037371
23,35,-0.037381
17,72,-0.037427
11,87,-0.037444
2,51,-0.037451
30,86,-0.037478
53,90,-0.037491
9,33,-0.037519
24,43,-0.037592
9,89,-0.037592
19,97,-0.037622
44,98,-0.037643
13,24,-0.037644
33,43,-0.037651
12,31,-0.037660
8,90,-0.037673
6,45,-0.037685
33,68,-0.037686
3,88,-0.037755
51,73,-0.037837
5,93,-0.037853
15,72,-0.037883
10,96,-0.037895
17,68,-0.037916
19,52,-0.037917
43,76,-0.037921
3,36,-0.037933
11,42,-0.037936
8,78,-0.037940
29,78,-0.037976
17,84,-0.038008
10,49,-0.038046
16,96,-0.038082
3,35,-0.038103
49,50,-0.038142
13,86,-0.038174
25,50,-0.038193
13,87,-0.038196
60,81,-0.038199
1,63,-0.038203
21,57,-0.038263
18,32,-0.038279
32,42,-0.038282
18,80,-0.038305
38,76,-0.038319
13,79,-0.038435
28,98,-0.038459
27,79,-0.038471
43,50,-0.038476
39,71,-0.038506
59,77,-0.038508
59,87,-0.038536
57,93,-0.038542
21,62,-0.038572
43,51,-0.038655
4,47,-0.038670
4,74,-0.038701
43,49,-0.038784
22,63,-0.038827
25,44,-0.038833
3,74,-0.038846
3,42,-0.038848
16,50,-0.038935
1,85,-0.038962
21,96,-0.038980
10,51,-0.038981
4,64,-0.038981
41,72,-0.039002
63,75,-0.039008
9,75,-0.039017
53,61,-0.039028
36,60,-0.039032
49,70,-0.039055
16,48,-0.039091
13,59,-0.039094
76,91,-0.039106
46,54,-0.039107
52,84,-0.039190
9,72,-0.039198
1,84,-0.039200
28,44,-0.039240
2,60,-0.039287
67,80,-0.039287
44,84,-0.039291
31,70,-0.039299
40,94,-0.039307
37,94,-0.039467
23,72,-0.039476
9,62,-0.039483
3,10,-0.039608
34,84,-0.039614
8,47,-0.039628
31,79,-0.039642
2,83,-0.039651
33,75,-0.039703
39,94,-0.039720
38,97,-0.039721
13,40,-0.039803
65,70,-0.039824
37,93,-0.039873
13,41,-0.039885
41,92,-0.039901
45,90,-0.039924
8,66,-0.040028
2,35,-0.040033
21,79,-0.040092
22,52,-0.040102
18,62,-0.040103
67,71,-0.040108
33,52,-0.040147
10,59,-0.040148
25,35,-0.040229
38,78,-0.040311
25,65,-0.040417
57,90,-0.040433
42,63,-0.040439
38,87,-0.040450
4,95,-0.040450
27,86,-0.040458
19,77,-0.040512
13,28,-0.040559
9,35,-0.040625
8,50,-0.040645
24,74,-0.040695
61,86,-0.040721
30,53,-0.040773
16,60,-0.040803
59,88,-0.040994
49,72,-0.040995
26,35,-0.041032
15,41,-0.041035
24,95,-0.041048
3,89,-0.041048
59,91,-0.041089
37,82,-0.041122
6,94,-0.041159
12,95,-0.041207
16,88,-0.041219
46,70,-0.041220
10,91,-0.041221
23,59,-0.041282
25,49,-0.041366
49,77,-0.041388
3,95,-0.041455
78,95,-0.041623
27,74,-0.041626
19,92,-0.041636
54,74,-0.041679
76,94,-0.041716
5,32,-0.041743
8,72,-0.041764
30,42,-0.041789
50,97,-0.041839
44,86,-0.041865
56,83,-0.041875
62,78,-0.041950
19,76,-0.041954
52,54,-0.041988
25,58,-0.041989
3,57,-0.042081
38,83,-0.042086
4,35,-0.042094
24,35,-0.042099
13,65,-0.042100
42,87,-0.042135
34,49,-0.042146
17,57,-0.042169
34,90,-0.042200
4,75,-0.042251
13,31,-0.042276
60,67,-0.042347
15,46,-0.042363
17,65,-0.042371
30,65,-0.042386
7,38,-0.042432
1,45,-0.042440
15,88,-0.042473
27,96,-0.042556
76,98,-0.042598
2,41,-0.042613
1,31,-0.042641
49,95,-0.042652
28,61,-0.042682
39,68,-0.042732
50,87,-0.042743
1,53,-0.042758
51,83,-0.042848
25,57,-0.042854
42,57,-0.042899
4,61,-0.042925
18,53,-0.042975
29,98,-0.043074
58,92,-0.043075
20,46,-0.043100
7,46,-0.043213
12,48,-0.043255
11,38,-0.043315
17,39,-0.043316
28,36,-0.043453
34,89,-0.043477
5,35,-0.043548
15,84,-0.043563
12,80,-0.043610
18,88,-0.043617
10,97,-0.043641
35,91,-0.043679
23,36,-0.043690
3,54,-0.043773
31,74,-0.043853
51,93,-0.043878
24,52,-0.043878
8,71,-0.043917
27,35,-0.043963
23,70,-0.043994
46,88,-0.044046
33,96,-0.044064
79,92,-0.044073
29,61,-0.044081
14,95,-0.044082
5,56,-0.044097
64,98,-0.044104
36,80,-0.044114
40,69,-0.044133
34,63,-0.044144
9,43,-0.044174
32,81,-0.044311
50,72,-0.044336
56,59,-0.044444
8,58,-0.044444
15,79,-0.044459
66,81,-0.044514
9,20,-0.044570
25,55,-0.044573
26,64,-0.044618
26,48,-0.044647
10,32,-0.044736
29,53,-0.044781
38,58,-0.044843
8,40,-0.044929
29,76,-0.045021
28,68,-0.045027
43,66,-0.045036
54,69,-0.045083
3,73,-0.045128
3,45,-0.045151
48,78,-0.045166
21,83,-0.045167
38,68,-0.045188
39,80,-0.045263
69,92,-0.045363
28,60,-0.045432
53,96,-0.045493
1,38,-0.045531
54,90,-0.045545
24,77,-0.045612
27,88,-0.045629
53,87,-0.045647
6,63,-0.045678
8,74,-0.045711
12,38,-0.045797
53,93,-0.045805
17,98,-0.045824
4,39,-0.045833
33,94,-0.045879
40,60,-0.045958
20,96,-0.045995
41,69,-0.045999
13,33,-0.046055
14,38,-0.046100
25,69,-0.046103
40,80,-0.046107
5,47,-0.046108
45,97,-0.046166
30,89,-0.046170
29,51,-0.046191
78,91,-0.046237
6,55,-0.046245
28,55,-0.046284
20,55,-0.046310
8,96,-0.046328
22,89,-0.046339
45,82,-0.046347
17,94,-0.046364
58,83,-0.046466
41,75,-0.046504
3,39,-0.046566
10,41,-0.046567
12,92,-0.046639
38,74,-0.046643
21,81,-0.046699
60,95,-0.046736
1,9,-0.046745
16,93,-0.046751
17,38,-0.046768
42,59,-0.046832
27,92,-0.046834
42,92,-0.046863
25,61,-0.046873
11,82,-0.046873
4,86,-0.046954
26,93,-0.047011
13,83,-0.047015
58,84,-0.047047
54,94,-0.047077
19,41,-0.047087
3,38,-0.047124
4,92,-0.047174
17,48,-0.047189
4,42,-0.047202
21,80,-0.047242
47,75,-0.047277
19,65,-0.047279
15,50,-0.047319
4,79,-0.047325
9,73,-0.047395
6,29,-0.047410
40,62,-0.047414
14,89,-0.047446
6,44,-0.047498
65,96,-0.047527
7,93,-0.047535
4,81,-0.047628
5,88,-0.047652
51,75,-0.047686
63,80,-0.047716
66,71,-0.047752
14,33,-0.047765
52,83,-0.047786
17,51,-0.047837
45,64,-0.047878
28,43,-0.047881
38,64,-0.047881
43,78,-0.047882
8,64,-0.047884
7,56,-0.047895
1,32,-0.048008
66,87,-0.048021
39,59,-0.048070
53,72,-0.048083
48,70,-0.048104
6,23,-0.048112
62,84,-0.048124
48,71,-0.048181
31,56,-0.048208
29,81,-0.048326
67,82,-0.048405
27,90,-0.048482
46,93,-0.048499
38,85,-0.048595
28,74,-0.048624
45,75,-0.048634
5,38,-0.048639
41,60,-0.048694
43,59,-0.048714
55,64,-0.048715
37,56,-0.048727
63,95,-0.048740
26,83,-0.048747
46,91,-0.048772
59,62,-0.048786
21,86,-0.048814
4,34,-0.048864
21,82,-0.048878
41,73,-0.048906
52,88,-0.048958
15,57,-0.048987
15,92,-0.048989
41,93,-0.049045
23,75,-0.049053
29,82,-0.049143
40,89,-0.049169
59,80,-0.049174
24,57,-0.049280
47,51,-0.049294
56,76,-0.049353
3,77,-0.049367
20,64,-0.049374
25,89,-0.049403
41,98,-0.049451
51,85,-0.049465
20,83,-0.049474
6,46,-0.049482
17,73,-0.049507
20,59,-0.049525
1,8,-0.049528
7,70,-0.049571
29,96,-0.049602
28,69,-0.049636
3,60,-0.049709
14,66,-0.049802
6,71,-0.049817
23,46,-0.049905
43,85,-0.049922
59,86,-0.049950
49,90,-0.050018
29,92,-0.050048
10,44,-0.050095
12,64,-0.050100
44,73,-0.050109
23,39,-0.050148
27,59,-0.050179
28,84,-0.050179
50,98,-0.050208
63,74,-0.050264
10,55,-0.050288
3,62,-0.050303
22,83,-0.050355
58,77,-0.050369
14,87,-0.050403
83,86,-0.050438
25,91,-0.050462
30,75,-0.050500
23,45,-0.050585
32,89,-0.050626
66,98,-0.050653
8,80,-0.050667
33,60,-0.050723
21,53,-0.050731
18,36,-0.050752
52,59,-0.050864
53,64,-0.050891
3,66,-0.050964
85,98,-0.051001
13,54,-0.051064
5,48,-0.051157
76,97,-0.051264
5,74,-0.051266
14,40,-0.051274
15,43,-0.051408
56,95,-0.051470
28,95,-0.051522
22,94,-0.051525
9,53,-0.051606
8,54,-0.051624
77,85,-0.051664
36,88,-0.051673
17,96,-0.051746
37,95,-0.051789
14,37,-0.051817
6,93,-0.051858
52,72,-0.051867
22,34,-0.052001
85,94,-0.052050
22,72,-0.052060
26,58,-0.052126
14,55,-0.052148
21,56,-0.052185
17,74,-0.052198
13,69,-0.052253
9,71,-0.052295
2,96,-0.052414
7,47,-0.052423
37,71,-0.052460
4,38,-0.052461
33,82,-0.052538
44,66,-0.052545
23,60,-0.052560
36,87,-0.052561
52,80,-0.052669
71,92,-0.052697
7,53,-0.052781
26,59,-0.052789
40,95,-0.052816
30,71,-0.052820
47,85,-0.052863
1,96,-0.052884
28,81,-0.052888
45,94,-0.052934
45,56,-0.052977
35,92,-0.052982
25,48,-0.053047
15,85,-0.053152
24,80,-0.053185
47,92,-0.053194
11,49,-0.053262
18,71,-0.053284
62,95,-0.053285
30,69,-0.053362
2,44,-0.053375
29,91,-0.053381
33,58,-0.053422
57,81,-0.053560
45,80,-0.053615
21,40,-0.053622
36,46,-0.053698
68,84,-0.053708
17,66,-0.053727
72,93,-0.053729
26,96,-0.053731
44,75,-0.053756
53,95,-0.053843
59,72,-0.053854
16,45,-0.053861
27,82,-0.053874
13,85,-0.053921
61,91,-0.053939
5,86,-0.053995
30,57,-0.054066
7,86,-0.054076
8,63,-0.054086
29,60,-0.054105
19,66,-0.054179
67,93,-0.054210
32,72,-0.054323
61,97,-0.054325
22,53,-0.054374
9,90,-0.054375
27,66,-0.054381
62,83,-0.054394
9,34,-0.054430
43,83,-0.054488
25,93,-0.054491
9,54,-0.054539
8,87,-0.054541
84,86,-0.054701
34,85,-0.054705
44,64,-0.054706
36,82,-0.054746
60,85,-0.054752
15,35,-0.054858
4,55,-0.054870
9,55,-0.054900
27,76,-0.054911
44,80,-0.054915
4,80,-0.054981
1,80,-0.054986
12,40,-0.055002
48,80,-0.055017
25,59,-0.055139
14,85,-0.055230
9,91,-0.055239
27,85,-0.055352
43,57,-0.055523
43,54,-0.055546
26,66,-0.055560
31,68,-0.055612
59,89,-0.055661
27,68,-0.055706
11,83,-0.055742
34,71,-0.055752
10,73,-0.055811
19,80,-0.055882
50,86,-0.055946
66,93,-0.055968
48,98,-0.056049
2,73,-0.056139
67,88,-0.056170
15,49,-0.056197
51,86,-0.056205
55,97,-0.056210
1,51,-0.056217
42,49,-0.056273
21,34,-0.056333
1,68,-0.056338
25,82,-0.056383
25,41,-0.056391
18,59,-0.056455
21,46,-0.056529
2,94,-0.056542
11,37,-0.056600
40,90,-0.056612
73,84,-0.056617
20,88,-0.056643
12,83,-0.056696
77,80,-0.056697
60,92,-0.056742
64,87,-0.056770
7,64,-0.056798
6,47,-0.056825
27,69,-0.056856
25,75,-0.056857
38,84,-0.056872
5,62,-0.056891
59,71,-0.056897
19,61,-0.056969
26,60,-0.056971
7,79,-0.056980
2,49,-0.057096
37,60,-0.057107
17,52,-0.057170
45,60,-0.057181
4,97,-0.057216
21,43,-0.057302
32,86,-0.057317
28,58,-0.057322
20,85,-0.057377
43,63,-0.057465
13,82,-0.057507
48,94,-0.057566
4,89,-0.057632
17,70,-0.057633
10,68,-0.057673
39,84,-0.057736
5,66,-0.057738
7,77,-0.057745
4,60,-0.057770
26,37,-0.057800
6,51,-0.057811
15,78,-0.057844
11,69,-0.057986
13,75,-0.058023
48,74,-0.058031
50,76,-0.058041
33,74,-0.058072
26,76,-0.058074
17,62,-0.058093
9,77,-0.058104
4,53,-0.058132
22,35,-0.058173
88,93,-0.058177
11,85,-0.058323
9,66,-0.058328
2,65,-0.058369
15,81,-0.058393
27,83,-0.058439
6,60,-0.058488
57,96,-0.058490
27,93,-0.058506
10,50,-0.058521
63,86,-0.058549
49,94,-0.058603
6,97,-0.058727
27,32,-0.058772
22,69,-0.058802
22,96,-0.058835
12,37,-0.058869
59,97,-0.058884
33,62,-0.058934
37,91,-0.058949
13,19,-0.059057
50,84,-0.059219
4,91,-0.059282
45,88,-0.059315
51,94,-0.059346
26,85,-0.059349
31,97,-0.059397
7,62,-0.059455
24,76,-0.059465
16,79,-0.059509
22,51,-0.059516
8,24,-0.059520
85,90,-0.059529
25,76,-0.059574
27,30,-0.059579
9,47,-0.059604
17,47,-0.059626
19,63,-0.059628
3,72,-0.059644
13,37,-0.059653
2,46,-0.059684
40,98,-0.059730
51,88,-0.059882
52,85,-0.059912
11,59,-0.059915
14,54,-0.059927
18,86,-0.060050
17,91,-0.060058
3,91,-0.060083
52,78,-0.060130
17,46,-0.060147
62,76,-0.060163
48,79,-0.060169
24,53,-0.060217
14,64,-0.060250
4,65,-0.060432
12,28,-0.060443
51,80,-0.060468
41,74,-0.060560
40,79,-0.060597
57,82,-0.060613
23,48,-0.060638
37,87,-0.060801
7,60,-0.060854
13,49,-0.060901
77,84,-0.060955
30,84,-0.060987
36,71,-0.061003
52,94,-0.061012
21,65,-0.061026
19,78,-0.061101
61,88,-0.061111
22,57,-0.061116
26,92,-0.061128
27,42,-0.061147
74,85,-0.061188
18,93,-0.061205
14,36,-0.061218
10,77,-0.061257
6,72,-0.061266
11,68,-0.061321
28,82,-0.061425
8,73,-0.061442
8,69,-0.061517
2,40,-0.061570
41,86,-0.061580
9,94,-0.061585
22,61,-0.061620
3,79,-0.061654
22,66,-0.061673
25,81,-0.061689
20,65,-0.061740
34,47,-0.061796
35,76,-0.061816
14,76,-0.061892
40,65,-0.061911
4,94,-0.061966
21,71,-0.062028
23,86,-0.062035
3,82,-0.062091
35,58,-0.062198
12,81,-0.062231
19,90,-0.062237
24,91,-0.062239
41,71,-0.062266
31,51,-0.062375
20,51,-0.062424
20,81,-0.062460
28,64,-0.062490
33,42,-0.062605
35,43,-0.062620
23,63,-0.062627
51,95,-0.062630
2,34,-0.062759
46,96,-0.062873
22,43,-0.063040
17,55,-0.063043
31,44,-0.063091
3,71,-0.063247
37,62,-0.063319
28,87,-0.063418
6,39,-0.063423
16,61,-0.063438
15,90,-0.063440
6,69,-0.063463
9,45,-0.063499
36,58,-0.063505
40,77,-0.063568
31,71,-0.063653
54,97,-0.063667
39,85,-0.063721
30,92,-0.063783
25,38,-0.063786
22,93,-0.063839
54,72,-0.063947
38,72,-0.064070
43,81,-0.064075
9,82,-0.064100
23,89,-0.064121
21,84,-0.064146
27,49,-0.064161
14,59,-0.064192
31,86,-0.064308
29,75,-0.064335
31,52,-0.064442
64,77,-0.064462
4,82,-0.064492
28,89,-0.064533
55,92,-0.064584
16,51,-0.064619
20,63,-0.064701
74,84,-0.064737
3,97,-0.064759
33,98,-0.064764
20,50,-0.064815
42,84,-0.064821
24,73,-0.064822
31,60,-0.064847
45,65,-0.064863
65,80,-0.064964
9,50,-0.065028
17,97,-0.065041
31,89,-0.065045
23,77,-0.065079
68,88,-0.065211
6,82,-0.065259
40,97,-0.065278
2,78,-0.065284
67,95,-0.065415
20,79,-0.065459
30,73,-0.065575
1,49,-0.065678
15,54,-0.065741
72,80,-0.065791
54,77,-0.065826
34,83,-0.065858
25,68,-0.065912
19,48,-0.066229
68,79,-0.066296
4,69,-0.066366
53,82,-0.066369
12,63,-0.066431
22,91,-0.066540
56,89,-0.066547
7,97,-0.066687
44,76,-0.066783
4,77,-0.066786
8,48,-0.066789
16,75,-0.066814
10,81,-0.066846
34,78,-0.066956
6,74,-0.066977
9,56,-0.067028
5,57,-0.067055
45,70,-0.067111
32,70,-0.067148
19,50,-0.067160
15,53,-0.067189
16,55,-0.067288
67,91,-0.067429
40,74,-0.067430
23,95,-0.067434
14,68,-0.067488
12,51,-0.067589
16,87,-0.067839
40,81,-0.067896
5,46,-0.067898
56,67,-0.067901
65,82,-0.067917
1,52,-0.067963
18,56,-0.067989
9,84,-0.068004
32,71,-0.068024
26,49,-0.068099
8,91,-0.068275
4,56,-0.068286
36,56,-0.068335
7,75,-0.068498
31,72,-0.068508
26,63,-0.068523
5,65,-0.068590
35,74,-0.068607
3,55,-0.068697
16,80,-0.068760
11,56,-0.068821
83,97,-0.068835
30,76,-0.068856
34,92,-0.068889
15,36,-0.068981
17,90,-0.069059
10,58,-0.069071
18,78,-0.069190
39,92,-0.069372
49,62,-0.069454
44,83,-0.069655
3,43,-0.069680
23,56,-0.069768
54,79,-0.069787
26,54,-0.069808
6,81,-0.069835
1,64,-0.069869
30,62,-0.069878
27,50,-0.070072
56,85,-0.070111
31,43,-0.070118
56,81,-0.070145
31,65,-0.070161
58,94,-0.070192
10,76,-0.070203
11,32,-0.070283
21,41,-0.070286
19,91,-0.070330
8,86,-0.070372
11,76,-0.070466
3,80,-0.070493
25,77,-0.070497
45,86,-0.070542
41,90,-0.070548
51,91,-0.070581
20,61,-0.070598
7,73,-0.070605
7,87,-0.070696
1,78,-0.070760
66,86,-0.070898
57,84,-0.070924
22,87,-0.071020
38,92,-0.071177
23,90,-0.071231
1,44,-0.071272
35,55,-0.071321
42,85,-0.071336
44,57,-0.071415
23,38,-0.071452
8,82,-0.071499
17,71,-0.071604
39,48,-0.071639
3,90,-0.071668
39,76,-0.071720
33,70,-0.071722
1,54,-0.071867
1,76,-0.071868
58,65,-0.071886
2,63,-0.071978
1,48,-0.072026
58,68,-0.072052
40,83,-0.072167
8,81,-0.072238
18,79,-0.072263
17,87,-0.072304
29,63,-0.072335
49,97,-0.072381
10,66,-0.072423
18,64,-0.072455
40,75,-0.072538
50,74,-0.072541
25,96,-0.072561
7,74,-0.072727
54,60,-0.072764
35,67,-0.072789
17,77,-0.072968
11,55,-0.073067
10,69,-0.073096
21,33,-0.073267
7,95,-0.073314
7,55,-0.073329
3,53,-0.073331
28,47,-0.073358
29,70,-0.073360
6,68,-0.073429
24,86,-0.073591
40,86,-0.073602
21,87,-0.073660
16,92,-0.073799
16,91,-0.073884
46,85,-0.074006
35,56,-0.074210
5,70,-0.074338
51,70,-0.074481
28,97,-0.074567
30,80,-0.074656
4,52,-0.074686
18,89,-0.074699
8,70,-0.074719
13,76,-0.074729
34,77,-0.074896
24,89,-0.074957
20,82,-0.075016
8,92,-0.075096
30,64,-0.075194
38,51,-0.075196
21,72,-0.075341
61,80,-0.075370
11,51,-0.075475
5,79,-0.075506
7,82,-0.075546
5,87,-0.075702
32,96,-0.075897
32,97,-0.075980
22,82,-0.076028
56,75,-0.076055
35,95,-0.076064
2,32,-0.076402
12,57,-0.076491
24,62,-0.076561
12,78,-0.076633
28,92,-0.076642
7,94,-0.076681
15,59,-0.076770
21,39,-0.076852
4,93,-0.076864
13,48,-0.077055
28,51,-0.077171
25,86,-0.077206
2,67,-0.077234
23,53,-0.077345
32,79,-0.077365
21,77,-0.077449
53,81,-0.077560
9,74,-0.077565
21,38,-0.077663
1,41,-0.077666
19,71,-0.077896
20,87,-0.077921
28,77,-0.078006
2,37,-0.078106
36,90,-0.078132
25,64,-0.078432
10,78,-0.078529
5,82,-0.078530
20,37,-0.078534
45,79,-0.078591
48,77,-0.078608
50,79,-0.078661
28,46,-0.078683
16,89,-0.078725
45,83,-0.078887
30,60,-0.079077
19,58,-0.079084
52,96,-0.079124
3,86,-0.079208
5,41,-0.079508
36,97,-0.079512
22,48,-0.079515
54,70,-0.079554
46,92,-0.079702
57,75,-0.080131
19,36,-0.080132
17,86,-0.080194
7,98,-0.080200
1,92,-0.080203
15,61,-0.080272
23,79,-0.080516
41,91,-0.080554
15,87,-0.080732
40,73,-0.080802
6,61,-0.080861
33,47,-0.081144
6,98,-0.081159
35,78,-0.081171
40,72,-0.081242
29,65,-0.081277
36,70,-0.081380
34,81,-0.081390
84,97,-0.081410
24,88,-0.081475
21,90,-0.081523
11,78,-0.081709
49,71,-0.081860
51,84,-0.082116
35,51,-0.082140
16,94,-0.082184
18,47,-0.082296
23,57,-0.082309
66,73,-0.082318
2,77,-0.082350
37,69,-0.082445
16,68,-0.082458
22,88,-0.082586
33,72,-0.082613
32,53,-0.082741
37,77,-0.082823
31,66,-0.082915
32,69,-0.082994
5,39,-0.083153
19,74,-0.083322
12,54,-0.083354
37,72,-0.083446
67,94,-0.083449
26,67,-0.083454
37,98,-0.083654
20,76,-0.083831
20,93,-0.083879
18,63,-0.083953
61,84,-0.084068
14,51,-0.084155
32,82,-0.084215
11,50,-0.084247
21,35,-0.084366
9,88,-0.084391
25,72,-0.084437
11,54,-0.084461
20,68,-0.084504
32,94,-0.084528
26,78,-0.084571
2,76,-0.084665
19,67,-0.084690
23,30,-0.084727
19,89,-0.084777
28,96,-0.085172
75,89,-0.085387
37,90,-0.085393
17,89,-0.085428
7,91,-0.085491
35,80,-0.085498
15,76,-0.085543
23,68,-0.085627
22,79,-0.085920
16,83,-0.086094
31,95,-0.086102
27,75,-0.086141
63,97,-0.086214
85,97,-0.086241
63,79,-0.086257
8,75,-0.086257
14,61,-0.086310
5,42,-0.086326
37,70,-0.086606
71,81,-0.086622
47,67,-0.086677
36,66,-0.086690
24,66,-0.086766
37,75,-0.086840
26,57,-0.086913
29,80,-0.087175
20,49,-0.087272
40,87,-0.087582
18,58,-0.087811
32,43,-0.087920
18,70,-0.088255
64,93,-0.088262
16,66,-0.089013
37,74,-0.089027
10,92,-0.089172
10,83,-0.089233
28,90,-0.089330
7,52,-0.089550
22,64,-0.089589
16,64,-0.089899
13,63,-0.089972
28,72,-0.090213
8,89,-0.090251
23,55,-0.090283
32,74,-0.090736
26,50,-0.090806
28,52,-0.090865
6,53,-0.090932
8,55,-0.091068
1,37,-0.091313
29,93,-0.091546
42,78,-0.091828
14,49,-0.092062
25,63,-0.092455
22,60,-0.092574
33,88,-0.092741
32,77,-0.093175
27,54,-0.093314
22,81,-0.093831
35,69,-0.093902
46,89,-0.093902
10,63,-0.094143
14,63,-0.095051
16,57,-0.095211
63,98,-0.095446
54,98,-0.095675
32,73,-0.096084
5,72,-0.096097
25,90,-0.096194
23,92,-0.096225
36,94,-0.096464
9,46,-0.096924
18,67,-0.097178
11,81,-0.097461
7,71,-0.098013
5,60,-0.098124
13,64,-0.098141
19,82,-0.098340
31,88,-0.098355
15,63,-0.098460
37,97,-0.098539
36,77,-0.098602
18,50,-0.098677
27,63,-0.098809
19,46,-0.098818
27,78,-0.099729
22,65,-0.100046
30,55,-0.100638
29,50,-0.101510
7,72,-0.101563
54,71,-0.101822
20,92,-0.102041
33,69,-0.102203
5,71,-0.102368
19,43,-0.103170
29,89,-0.104529
40,91,-0.104983
15,89,-0.104992
57,70,-0.105525
29,69,-0.105672
43,88,-0.105806
62,81,-0.107643
7,90,-0.109668
8,79,-0.110651
28,70,-0.111407
33,90,-0.112048
28,73,-0.112366
12,49,-0.114118
33,86,-0.114770
19,55,-0.117305
12,65,-0.118060
6,90,-0.118605
20,67,-0.118757
33,97,-0.122050
58,88,-0.123542
32,80,-0.125509
13,81,-0.132045
