9,12,0.337073
8,12,0.315073
1,4,0.312829
13,17,0.271444
14,18,0.246563
21,25,0.227606
43,47,0.226493
37,39,0.223250
10,49,0.218808
16,19,0.204449
46,48,0.201987
33,35,0.193247
9,13,0.191121
21,37,0.183105
27,32,0.182855
69,70,0.181554
53,54,0.177245
34,37,0.176387
61,62,0.172847
7,13,0.171291
57,58,0.168278
24,28,0.166115
60,61,0.165854
7,8,0.165532
19,24,0.164033
14,50,0.163574
39,40,0.159186
50,52,0.159120
1,3,0.155628
55,56,0.155036
33,34,0.154063
72,73,0.153846
59,60,0.151912
1,2,0.151857
21,52,0.151303
59,64,0.149706
50,51,0.149279
7,9,0.148444
55,57,0.146007
20,23,0.145706
8,13,0.144686
42,48,0.144565
22,25,0.143798
29,32,0.143274
59,61,0.143205
26,30,0.143181
39,52,0.143029
36,37,0.142107
63,64,0.140013
73,74,0.139318
68,69,0.138950
47,48,0.138772
58,60,0.138584
20,24,0.137734
11,18,0.137702
43,49,0.137330
2,3,0.136502
8,11,0.136275
54,55,0.134929
3,32,0.134137
60,62,0.133266
71,73,0.132343
32,34,0.132116
68,70,0.131120
66,68,0.130463
22,26,0.130343
5,7,0.129678
30,31,0.129218
68,72,0.128851
5,6,0.128034
6,49,0.128034
41,49,0.127207
23,26,0.126881
58,59,0.126823
16,18,0.126099
66,67,0.125624
56,58,0.124427
72,74,0.123935
10,40,0.123745
48,50,0.123614
66,69,0.123366
56,57,0.123035
21,22,0.122470
10,12,0.121829
47,49,0.121787
11,15,0.121465
51,52,0.120774
68,73,0.120073
4,5,0.119900
7,16,0.119095
66,71,0.118580
60,64,0.118386
65,66,0.117800
65,67,0.117772
48,51,0.117524
8,9,0.117361
62,70,0.117135
9,10,0.116254
58,61,0.115787
53,55,0.115783
62,65,0.114682
29,39,0.114583
22,32,0.114323
65,73,0.114318
15,16,0.114316
70,74,0.114194
14,52,0.114096
25,27,0.113693
7,14,0.113109
62,63,0.113047
13,49,0.113028
42,46,0.112952
35,40,0.112459
69,71,0.112311
16,20,0.111982
59,63,0.111941
14,33,0.110949
69,74,0.110841
22,30,0.110222
32,52,0.109858
68,74,0.109858
64,65,0.109524
70,73,0.109480
29,33,0.109247
70,71,0.108656
61,63,0.108059
26,34,0.108052
22,29,0.108016
7,12,0.107379
5,14,0.107376
61,64,0.107290
7,42,0.107163
61,68,0.106937
62,67,0.106856
10,13,0.106769
62,64,0.106654
70,72,0.106376
69,72,0.106303
59,67,0.105899
6,8,0.105821
5,26,0.105700
17,39,0.104863
60,63,0.103939
65,70,0.103773
29,30,0.103697
59,62,0.103437
31,33,0.103016
37,38,0.101888
65,72,0.101765
40,48,0.101584
67,69,0.101410
63,69,0.100155
29,37,0.099502
37,52,0.099323
71,72,0.099165
58,64,0.099072
62,66,0.099014
62,68,0.098987
61,65,0.098915
54,56,0.097386
30,54,0.096646
20,28,0.096593
17,41,0.096467
58,67,0.095630
21,26,0.095565
67,68,0.095449
62,72,0.095048
25,39,0.094940
40,51,0.094820
35,36,0.094808
20,32,0.094453
66,73,0.094353
3,11,0.093960
4,6,0.093888
66,72,0.093149
32,37,0.093122
28,29,0.093036
65,68,0.092973
5,24,0.092955
30,32,0.092611
63,65,0.091974
64,66,0.091958
5,33,0.091872
24,37,0.090841
73,75,0.090808
17,52,0.090796
22,38,0.090417
3,31,0.090094
66,70,0.090029
58,62,0.089756
11,47,0.089734
67,71,0.089539
7,37,0.089539
15,36,0.089290
64,67,0.089169
20,35,0.089031
59,66,0.088828
62,69,0.088826
61,72,0.088665
69,73,0.088482
74,75,0.088395
2,15,0.088315
24,25,0.088259
66,74,0.088215
18,50,0.088145
8,45,0.088084
14,51,0.087977
25,42,0.087886
33,36,0.087597
15,50,0.087355
18,34,0.087207
67,70,0.087187
34,36,0.087010
61,69,0.086959
10,16,0.086858
2,14,0.086802
2,27,0.086712
41,50,0.086634
11,45,0.086557
26,28,0.086446
13,42,0.085811
57,64,0.085237
39,42,0.085015
17,18,0.084385
5,51,0.084299
48,49,0.084216
61,74,0.084186
5,44,0.084007
24,26,0.083942
15,19,0.083904
61,66,0.083523
12,18,0.083294
5,20,0.083275
10,14,0.083189
60,66,0.083188
72,75,0.082974
43,46,0.082669
35,42,0.082583
11,25,0.082567
32,42,0.082392
14,42,0.081833
41,43,0.081831
14,37,0.081737
9,11,0.081451
34,38,0.081428
44,45,0.081391
42,53,0.081348
25,38,0.081338
29,34,0.081219
68,75,0.081219
71,74,0.081190
5,46,0.080953
17,23,0.080840
26,31,0.080239
57,59,0.080154
67,72,0.080144
42,43,0.080132
57,61,0.080121
3,21,0.080069
50,53,0.079872
62,73,0.079855
23,48,0.079844
65,69,0.079775
67,73,0.079727
63,68,0.079379
20,27,0.079325
10,41,0.079066
75,76,0.078974
30,34,0.078813
28,35,0.078577
42,51,0.078496
16,27,0.078314
31,36,0.078240
28,30,0.078172
11,35,0.078002
57,62,0.077808
35,45,0.077588
66,75,0.077570
17,21,0.077428
34,44,0.077327
15,47,0.077228
63,70,0.076748
19,39,0.076467
53,57,0.076319
34,35,0.076196
27,29,0.076142
16,48,0.075973
5,50,0.075932
7,31,0.074720
57,60,0.074488
62,74,0.074131
61,70,0.073799
19,22,0.073725
14,30,0.073518
10,19,0.073252
3,45,0.072767
58,63,0.072725
36,38,0.072681
22,52,0.072676
33,38,0.072646
3,34,0.072441
27,31,0.072365
15,38,0.072314
11,12,0.072260
20,29,0.072078
1,41,0.071993
25,34,0.071726
6,18,0.071621
25,54,0.071488
64,71,0.071363
6,13,0.071290
67,74,0.071047
30,50,0.071042
61,73,0.070788
25,29,0.070634
34,47,0.070505
58,65,0.070493
69,75,0.070344
8,23,0.070312
62,71,0.070311
21,30,0.070283
8,44,0.070159
21,36,0.070139
17,51,0.070109
27,28,0.070018
2,5,0.068972
68,71,0.068971
7,40,0.068943
20,34,0.068791
59,71,0.068748
12,38,0.068704
4,51,0.068512
65,71,0.068430
64,69,0.068428
1,26,0.068307
54,59,0.068196
19,23,0.068038
12,41,0.067892
65,75,0.067696
60,67,0.067366
18,32,0.067294
2,25,0.067017
5,15,0.066917
56,74,0.066814
58,66,0.066804
68,76,0.066773
70,75,0.066501
23,51,0.066415
64,68,0.066408
56,73,0.066338
22,34,0.066092
9,46,0.065657
43,45,0.065550
44,47,0.065331
19,35,0.065277
43,72,0.065098
31,49,0.065044
63,67,0.064769
65,74,0.064693
6,26,0.064632
7,10,0.064424
39,48,0.064360
4,27,0.064309
40,42,0.064278
16,26,0.063782
19,33,0.063509
6,30,0.063471
40,50,0.063321
57,66,0.063019
46,47,0.062665
5,40,0.062560
11,44,0.062506
12,32,0.062351
28,37,0.062303
18,45,0.062273
6,12,0.062245
15,44,0.062113
12,44,0.062075
1,32,0.061980
15,24,0.061974
67,75,0.061780
15,31,0.061600
8,10,0.061480
15,37,0.061455
12,19,0.061452
31,35,0.061192
21,39,0.061160
35,37,0.060907
47,50,0.060864
4,42,0.060823
26,27,0.060778
30,33,0.060714
16,39,0.060598
36,48,0.060511
57,65,0.060410
59,65,0.060136
34,39,0.060102
76,77,0.060005
75,77,0.059994
74,77,0.059608
9,44,0.059589
24,38,0.059573
2,40,0.059464
21,32,0.059413
16,28,0.059399
64,74,0.059366
61,67,0.059359
45,47,0.059160
57,63,0.059085
28,33,0.059078
25,36,0.059068
24,40,0.059001
33,37,0.058949
63,66,0.058815
61,71,0.058733
12,15,0.058611
19,45,0.058465
15,25,0.058285
23,28,0.058214
2,44,0.058051
31,45,0.057958
8,28,0.057926
30,52,0.057881
38,40,0.057875
3,4,0.057850
15,18,0.057837
29,45,0.057615
3,29,0.057542
49,60,0.057468
6,45,0.057464
42,47,0.057418
68,77,0.057369
60,65,0.057356
19,32,0.057167
27,35,0.057097
23,33,0.056997
9,27,0.056912
35,50,0.056797
10,21,0.056401
19,54,0.056335
20,36,0.056144
64,73,0.056023
19,30,0.056006
2,19,0.055862
10,43,0.055533
40,45,0.055355
28,38,0.055005
66,76,0.054852
23,34,0.054775
58,70,0.054488
58,74,0.054482
43,44,0.054323
66,77,0.054289
21,53,0.054234
6,11,0.054100
14,53,0.054071
22,53,0.053980
20,31,0.053904
6,31,0.053902
39,53,0.053864
31,50,0.053838
3,9,0.053737
28,44,0.053423
71,75,0.053308
60,75,0.053223
7,21,0.053188
24,27,0.053174
2,8,0.053145
21,23,0.053130
18,29,0.052952
34,45,0.052895
22,47,0.052881
20,26,0.052821
57,68,0.052811
2,21,0.052602
59,73,0.052541
19,28,0.052419
16,17,0.052361
11,22,0.052334
14,47,0.052180
1,39,0.052175
16,34,0.052075
58,68,0.051910
12,14,0.051887
16,38,0.051724
56,68,0.051579
17,20,0.051461
25,37,0.051420
19,42,0.051380
26,37,0.051296
70,76,0.051281
55,67,0.051008
2,54,0.050963
55,58,0.050827
34,53,0.050634
73,77,0.050629
44,51,0.050576
22,27,0.050547
43,71,0.050507
5,27,0.050434
9,16,0.050220
30,40,0.050214
64,72,0.050183
69,77,0.050178
60,70,0.050004
59,72,0.049784
65,76,0.049750
15,40,0.049465
74,76,0.049446
6,7,0.049367
23,41,0.049366
21,54,0.049234
26,51,0.049189
69,76,0.049122
58,75,0.049038
31,32,0.049028
8,50,0.048887
56,59,0.048822
64,77,0.048759
1,42,0.048646
29,40,0.048358
26,36,0.048231
21,42,0.048207
57,69,0.048122
38,45,0.048084
26,38,0.047930
10,15,0.047863
38,47,0.047854
70,77,0.047799
57,73,0.047478
56,66,0.047450
21,24,0.047434
7,20,0.047426
64,70,0.047278
16,52,0.047113
59,69,0.047061
24,31,0.046885
73,76,0.046744
57,74,0.046650
41,69,0.046617
3,14,0.046606
41,59,0.046567
6,33,0.046399
56,69,0.046384
56,65,0.046310
7,24,0.046298
60,68,0.046179
30,46,0.046139
24,36,0.046057
7,27,0.046055
64,75,0.045945
11,51,0.045751
23,32,0.045659
2,46,0.045624
63,74,0.045618
18,53,0.045566
20,42,0.045526
10,36,0.045455
41,55,0.045441
29,31,0.045279
11,16,0.045024
16,23,0.044998
18,41,0.044980
62,75,0.044880
12,34,0.044838
16,35,0.044827
5,9,0.044815
6,50,0.044644
12,13,0.044467
10,18,0.044464
34,42,0.044371
10,30,0.044336
37,40,0.044174
11,31,0.044171
72,77,0.044144
31,34,0.043962
49,52,0.043893
4,73,0.043893
49,53,0.043802
65,77,0.043642
2,20,0.043539
56,71,0.043428
60,71,0.043320
9,25,0.043281
18,27,0.043222
39,60,0.043194
59,68,0.043187
5,22,0.043157
30,37,0.043125
58,73,0.043111
47,51,0.043076
55,66,0.043064
53,64,0.043028
8,19,0.042918
15,33,0.042854
25,28,0.042819
43,50,0.042573
13,41,0.042550
35,38,0.042537
8,35,0.042390
59,74,0.042271
61,75,0.042222
33,40,0.042096
43,73,0.042002
8,32,0.041901
11,36,0.041783
56,70,0.041661
67,76,0.041540
18,23,0.041463
16,24,0.041425
28,51,0.041392
57,77,0.041348
26,32,0.041291
22,46,0.041078
15,20,0.040980
71,76,0.040939
37,42,0.040767
60,73,0.040726
20,39,0.040488
28,31,0.040378
72,76,0.040331
50,54,0.040270
23,38,0.040249
30,48,0.040209
21,28,0.040187
63,71,0.040070
67,77,0.040049
56,76,0.039903
18,40,0.039797
36,46,0.039787
62,76,0.039780
55,72,0.039776
62,77,0.039767
11,33,0.039750
5,28,0.039748
63,73,0.039726
37,45,0.039661
60,74,0.039534
24,32,0.039492
45,51,0.039488
2,37,0.039456
13,52,0.039423
61,76,0.039328
16,21,0.039277
11,14,0.039239
49,71,0.039142
38,44,0.039086
44,53,0.039053
58,76,0.038981
53,56,0.038929
5,31,0.038804
75,78,0.038765
43,70,0.038722
10,20,0.038720
2,33,0.038621
44,57,0.038613
56,75,0.038517
10,32,0.038439
7,25,0.038367
38,50,0.038352
29,38,0.038280
56,67,0.038181
49,67,0.038154
24,34,0.038005
1,20,0.037922
19,46,0.037910
36,53,0.037752
54,57,0.037670
54,58,0.037599
9,22,0.037559
55,75,0.037512
3,30,0.037416
22,28,0.037301
35,44,0.037248
58,69,0.037209
38,52,0.037208
38,39,0.037175
30,36,0.037148
12,17,0.037137
20,46,0.037078
55,65,0.036970
76,78,0.036789
57,67,0.036714
8,18,0.036595
28,43,0.036507
33,45,0.036473
57,76,0.036314
12,26,0.036110
2,42,0.036050
27,54,0.036025
24,53,0.036000
35,48,0.035877
45,52,0.035870
71,78,0.035746
22,36,0.035431
57,70,0.035398
10,37,0.035381
60,76,0.035289
10,50,0.035084
57,72,0.035077
11,26,0.034998
54,64,0.034950
56,72,0.034862
2,18,0.034841
31,44,0.034780
16,45,0.034778
59,75,0.034759
7,46,0.034735
13,18,0.034389
6,36,0.034362
8,25,0.034296
43,62,0.034250
12,35,0.034196
64,76,0.034146
17,45,0.034113
37,41,0.034030
61,77,0.033948
54,69,0.033699
8,36,0.033665
60,69,0.033620
55,59,0.033615
71,77,0.033318
56,61,0.033312
2,32,0.033288
57,71,0.033207
20,37,0.033156
1,22,0.033074
12,36,0.033030
63,76,0.033020
43,61,0.033008
4,11,0.032816
4,72,0.032750
19,29,0.032709
23,52,0.032690
14,40,0.032676
7,41,0.032424
14,39,0.032328
1,13,0.032255
53,58,0.032150
77,78,0.032130
51,53,0.032110
15,53,0.032067
57,75,0.031993
27,38,0.031977
2,48,0.031944
6,10,0.031909
56,77,0.031819
8,31,0.031761
63,77,0.031728
10,45,0.031646
2,36,0.031598
26,47,0.031591
15,28,0.031540
43,66,0.031482
7,36,0.031454
40,44,0.031436
6,27,0.031412
14,49,0.031402
36,40,0.031398
14,28,0.031350
23,45,0.031244
30,45,0.031193
44,67,0.031122
31,47,0.031106
48,55,0.031032
44,48,0.030890
49,56,0.030739
26,46,0.030648
19,51,0.030526
49,61,0.030274
8,14,0.030272
61,78,0.030204
63,78,0.030191
6,22,0.030028
12,25,0.030005
23,24,0.029992
3,40,0.029935
3,17,0.029924
72,78,0.029837
15,30,0.029583
11,32,0.029538
67,78,0.029498
2,16,0.029460
59,76,0.029399
69,78,0.029183
73,78,0.029167
25,35,0.028864
11,38,0.028856
24,51,0.028736
60,78,0.028694
15,43,0.028598
4,33,0.028552
31,42,0.028513
41,65,0.028498
51,57,0.028490
13,27,0.028419
4,24,0.028344
55,76,0.028286
39,55,0.028137
29,48,0.028015
6,38,0.027912
12,27,0.027896
10,11,0.027849
1,68,0.027717
70,78,0.027568
19,44,0.027561
26,29,0.027493
40,53,0.027440
25,62,0.027329
31,51,0.027170
52,62,0.027127
1,72,0.027118
60,77,0.026761
29,44,0.026752
33,53,0.026729
7,15,0.026690
5,36,0.026684
5,8,0.026641
15,48,0.026498
29,52,0.026188
55,77,0.026157
10,23,0.026036
5,34,0.025972
14,15,0.025942
19,20,0.025941
31,46,0.025561
22,31,0.025293
58,77,0.025202
27,53,0.024951
13,15,0.024932
58,71,0.024833
4,7,0.024827
8,30,0.024649
28,49,0.024624
43,58,0.024579
33,42,0.024457
3,12,0.024418
13,32,0.024412
15,32,0.024367
30,35,0.024336
54,62,0.024328
1,29,0.024217
14,24,0.024175
2,28,0.024161
21,34,0.024138
6,35,0.023953
2,49,0.023947
11,46,0.023903
4,18,0.023785
2,9,0.023737
6,16,0.023725
20,40,0.023698
1,73,0.023634
22,45,0.023631
6,20,0.023613
58,72,0.023539
49,55,0.023422
11,13,0.023401
3,44,0.023194
38,58,0.023176
29,51,0.023160
12,47,0.023023
2,23,0.023008
12,31,0.022979
66,78,0.022958
74,78,0.022933
40,47,0.022931
38,49,0.022863
5,10,0.022852
43,59,0.022836
8,53,0.022820
42,49,0.022519
56,62,0.022376
38,51,0.022330
59,77,0.022328
27,34,0.022252
63,75,0.022231
19,26,0.022218
58,78,0.022199
35,46,0.022147
5,19,0.022146
3,36,0.022093
22,35,0.022067
31,52,0.022044
65,78,0.021914
6,15,0.021909
4,9,0.021770
3,10,0.021666
18,36,0.021637
55,60,0.021584
22,37,0.021575
32,33,0.021556
27,36,0.021478
64,78,0.021414
54,71,0.021355
60,72,0.021328
43,65,0.021265
1,74,0.021227
6,25,0.021213
54,76,0.021184
56,78,0.021019
17,63,0.020995
17,31,0.020986
43,69,0.020964
5,35,0.020959
36,47,0.020936
15,41,0.020844
21,51,0.020675
36,44,0.020599
3,26,0.020587
41,68,0.020444
41,67,0.020326
21,71,0.020299
10,38,0.020294
53,60,0.020281
20,21,0.019947
35,39,0.019871
1,69,0.019857
18,35,0.019854
17,80,0.019777
17,81,0.019777
17,79,0.019777
17,82,0.019777
17,83,0.019777
17,84,0.019777
17,85,0.019777
17,86,0.019777
17,87,0.019777
7,23,0.019760
62,78,0.019486
15,22,0.019406
42,56,0.019350
4,68,0.019306
24,35,0.019299
46,65,0.019241
24,52,0.019218
52,53,0.019140
4,22,0.019087
55,78,0.019087
22,23,0.019026
3,6,0.018954
68,78,0.018945
54,61,0.018813
49,50,0.018696
41,79,0.018687
41,81,0.018687
41,82,0.018687
41,83,0.018687
41,84,0.018687
41,85,0.018687
41,86,0.018687
41,87,0.018687
41,80,0.018687
55,68,0.018668
41,53,0.018659
21,35,0.018623
20,30,0.018475
54,75,0.018464
5,48,0.018372
5,32,0.018360
55,70,0.018356
25,46,0.018321
18,39,0.018215
43,74,0.018209
39,46,0.018120
18,24,0.018086
32,60,0.017897
14,26,0.017871
20,50,0.017808
12,22,0.017796
16,29,0.017770
24,29,0.017763
16,36,0.017762
14,48,0.017758
46,80,0.017696
46,79,0.017696
46,81,0.017696
46,82,0.017696
46,83,0.017696
46,84,0.017696
46,85,0.017696
46,86,0.017696
46,87,0.017696
24,39,0.017677
15,23,0.017583
27,47,0.017582
51,54,0.017558
17,56,0.017511
28,46,0.017504
26,48,0.017453
14,38,0.017444
50,71,0.017403
19,50,0.017363
42,78,0.017247
6,28,0.017189
23,30,0.017110
54,60,0.017084
55,69,0.017061
36,57,0.016779
29,36,0.016718
9,29,0.016525
44,52,0.016353
8,34,0.016287
55,71,0.016247
19,36,0.016241
40,57,0.016159
3,25,0.016125
52,55,0.016106
48,63,0.016075
28,34,0.016066
44,49,0.016033
52,72,0.016026
36,50,0.015969
10,51,0.015928
1,21,0.015904
23,47,0.015868
2,11,0.015685
23,35,0.015671
20,22,0.015651
54,78,0.015599
55,74,0.015507
19,25,0.015458
59,70,0.015408
32,50,0.015380
54,77,0.015345
17,24,0.015317
37,48,0.015310
43,76,0.015308
8,15,0.015286
27,46,0.015138
7,44,0.014987
1,66,0.014958
55,61,0.014854
6,14,0.014840
1,5,0.014667
27,48,0.014620
41,77,0.014580
29,64,0.014561
41,78,0.014553
7,50,0.014553
28,32,0.014532
7,51,0.014498
52,68,0.014473
32,39,0.014472
15,51,0.014470
25,50,0.014434
34,41,0.014432
34,43,0.014330
41,52,0.014305
10,46,0.014284
29,53,0.014138
43,68,0.014098
3,22,0.014083
4,10,0.014079
44,54,0.014020
1,70,0.013996
52,56,0.013973
59,78,0.013928
10,29,0.013895
26,40,0.013776
41,73,0.013712
6,19,0.013693
13,26,0.013575
26,42,0.013537
19,31,0.013442
33,52,0.013402
7,45,0.013296
12,60,0.013296
1,62,0.013243
9,56,0.013203
4,74,0.013200
49,62,0.013125
43,81,0.013077
43,79,0.013077
43,80,0.013077
43,82,0.013077
43,83,0.013077
43,84,0.013077
43,85,0.013077
43,86,0.013077
43,87,0.013077
10,26,0.012845
49,73,0.012750
41,48,0.012606
41,75,0.012553
2,29,0.012327
50,55,0.012321
6,54,0.012237
38,78,0.012219
3,42,0.012191
34,50,0.012152
71,81,0.012133
71,79,0.012133
71,82,0.012133
71,83,0.012133
71,84,0.012133
71,85,0.012133
71,86,0.012133
71,87,0.012133
71,80,0.012133
19,43,0.012061
2,24,0.012044
26,41,0.012007
36,49,0.011915
57,78,0.011842
34,57,0.011826
25,48,0.011803
28,40,0.011696
3,16,0.011505
5,12,0.011400
21,47,0.011386
23,25,0.011373
9,19,0.011314
4,20,0.011293
63,81,0.011233
63,82,0.011233
63,83,0.011233
63,84,0.011233
63,85,0.011233
63,86,0.011233
63,87,0.011233
63,79,0.011233
63,80,0.011233
13,48,0.011232
15,27,0.011175
67,79,0.011079
67,81,0.011079
67,82,0.011079
67,83,0.011079
67,84,0.011079
67,85,0.011079
67,86,0.011079
67,87,0.011079
67,80,0.011079
45,56,0.011066
4,70,0.011058
72,80,0.010918
72,81,0.010918
72,79,0.010918
72,82,0.010918
72,83,0.010918
72,84,0.010918
72,85,0.010918
72,86,0.010918
72,87,0.010918
12,49,0.010815
63,72,0.010806
23,37,0.010700
9,15,0.010693
3,8,0.010643
79,81,0.010363
81,82,0.010363
81,83,0.010363
81,84,0.010363
81,85,0.010363
81,86,0.010363
81,87,0.010363
79,82,0.010363
79,83,0.010363
79,84,0.010363
79,85,0.010363
79,86,0.010363
79,87,0.010363
82,83,0.010363
82,84,0.010363
82,85,0.010363
82,86,0.010363
82,87,0.010363
83,84,0.010363
83,85,0.010363
83,86,0.010363
83,87,0.010363
84,85,0.010363
84,86,0.010363
84,87,0.010363
85,86,0.010363
85,87,0.010363
86,87,0.010363
80,81,0.010363
80,82,0.010363
80,83,0.010363
80,84,0.010363
80,85,0.010363
80,86,0.010363
80,87,0.010363
79,80,0.010363
11,19,0.010217
43,77,0.010212
22,39,0.010162
1,54,0.010037
13,28,0.009986
17,78,0.009935
23,40,0.009851
6,51,0.009823
3,28,0.009755
11,59,0.009741
78,81,0.009679
78,82,0.009679
78,83,0.009679
78,84,0.009679
78,85,0.009679
78,86,0.009679
78,87,0.009679
78,79,0.009679
78,80,0.009679
4,81,0.009630
4,79,0.009630
4,82,0.009630
4,83,0.009630
4,84,0.009630
4,85,0.009630
4,86,0.009630
4,87,0.009630
4,80,0.009630
41,76,0.009476
11,43,0.009428
1,71,0.009399
27,55,0.009383
37,55,0.009375
28,36,0.009361
41,47,0.009351
46,78,0.009335
10,35,0.009304
13,80,0.009233
13,81,0.009233
13,79,0.009233
13,82,0.009233
13,83,0.009233
13,84,0.009233
13,85,0.009233
13,86,0.009233
13,87,0.009233
14,36,0.009158
15,35,0.009095
5,21,0.008973
51,63,0.008973
28,48,0.008945
2,6,0.008854
9,17,0.008816
47,59,0.008770
53,59,0.008756
23,56,0.008724
56,64,0.008698
70,79,0.008695
70,81,0.008695
70,82,0.008695
70,83,0.008695
70,84,0.008695
70,85,0.008695
70,86,0.008695
70,87,0.008695
70,80,0.008695
69,81,0.008614
69,79,0.008614
69,82,0.008614
69,83,0.008614
69,84,0.008614
69,85,0.008614
69,86,0.008614
69,87,0.008614
69,80,0.008614
16,40,0.008593
17,76,0.008561
39,78,0.008544
1,81,0.008533
1,79,0.008533
1,82,0.008533
1,83,0.008533
1,84,0.008533
1,85,0.008533
1,86,0.008533
1,87,0.008533
1,80,0.008533
31,40,0.008514
37,53,0.008511
6,29,0.008505
76,79,0.008461
76,81,0.008461
76,82,0.008461
76,83,0.008461
76,84,0.008461
76,85,0.008461
76,86,0.008461
76,87,0.008461
76,80,0.008461
5,49,0.008439
33,48,0.008422
11,20,0.008294
25,33,0.008292
4,41,0.008147
20,52,0.008102
27,67,0.007976
47,75,0.007951
12,33,0.007932
5,52,0.007927
14,17,0.007908
9,20,0.007897
1,43,0.007887
3,24,0.007770
3,13,0.007710
77,81,0.007666
77,79,0.007666
77,82,0.007666
77,83,0.007666
77,84,0.007666
77,85,0.007666
77,86,0.007666
77,87,0.007666
77,80,0.007666
2,34,0.007665
18,33,0.007595
17,19,0.007523
35,41,0.007489
12,45,0.007440
25,32,0.007293
3,53,0.007235
11,29,0.007221
28,45,0.007149
1,37,0.007060
65,81,0.007035
65,79,0.007035
65,82,0.007035
65,83,0.007035
65,84,0.007035
65,85,0.007035
65,86,0.007035
65,87,0.007035
65,80,0.007035
29,50,0.006955
1,6,0.006950
4,16,0.006921
52,73,0.006915
47,53,0.006867
30,51,0.006857
3,7,0.006839
17,77,0.006689
4,43,0.006687
52,57,0.006664
37,44,0.006612
10,28,0.006578
44,46,0.006563
17,25,0.006503
33,51,0.006494
1,27,0.006463
5,30,0.006446
73,81,0.006393
73,79,0.006393
73,82,0.006393
73,83,0.006393
73,84,0.006393
73,85,0.006393
73,86,0.006393
73,87,0.006393
73,80,0.006393
41,71,0.006392
48,78,0.006285
68,79,0.006271
68,81,0.006271
68,82,0.006271
68,83,0.006271
68,84,0.006271
68,85,0.006271
68,86,0.006271
68,87,0.006271
68,80,0.006271
35,51,0.006271
9,40,0.006249
51,78,0.006232
75,79,0.006220
75,81,0.006220
75,82,0.006220
75,83,0.006220
75,84,0.006220
75,85,0.006220
75,86,0.006220
75,87,0.006220
75,80,0.006220
52,74,0.006187
3,47,0.006151
12,28,0.006107
74,79,0.006088
74,81,0.006088
74,82,0.006088
74,83,0.006088
74,84,0.006088
74,85,0.006088
74,86,0.006088
74,87,0.006088
74,80,0.006088
2,47,0.006024
39,44,0.005977
26,35,0.005950
33,46,0.005808
56,79,0.005793
56,82,0.005793
56,83,0.005793
56,84,0.005793
56,85,0.005793
56,86,0.005793
56,87,0.005793
56,81,0.005793
56,80,0.005793
45,74,0.005762
41,42,0.005703
9,61,0.005686
22,55,0.005572
12,21,0.005565
10,24,0.005411
34,49,0.005409
55,73,0.005409
9,23,0.005336
43,78,0.005099
46,76,0.004904
60,79,0.004794
60,81,0.004794
60,82,0.004794
60,83,0.004794
60,84,0.004794
60,85,0.004794
60,86,0.004794
60,87,0.004794
60,80,0.004794
5,18,0.004740
4,17,0.004697
8,33,0.004686
15,45,0.004636
42,52,0.004584
2,31,0.004582
24,49,0.004566
39,79,0.004544
39,80,0.004544
39,82,0.004544
39,83,0.004544
39,84,0.004544
39,85,0.004544
39,86,0.004544
39,87,0.004544
39,81,0.004544
45,48,0.004535
2,10,0.004518
5,39,0.004456
49,80,0.004384
49,82,0.004384
49,83,0.004384
49,84,0.004384
49,85,0.004384
49,86,0.004384
49,87,0.004384
49,81,0.004384
49,79,0.004384
3,38,0.004339
46,59,0.004309
54,67,0.004270
47,78,0.004268
7,80,0.004265
7,81,0.004265
7,79,0.004265
7,82,0.004265
7,83,0.004265
7,84,0.004265
7,85,0.004265
7,86,0.004265
7,87,0.004265
53,77,0.004249
22,51,0.004215
1,35,0.004210
14,25,0.004208
13,63,0.004185
56,60,0.004184
59,80,0.004157
59,79,0.004157
59,81,0.004157
59,82,0.004157
59,83,0.004157
59,84,0.004157
59,85,0.004157
59,86,0.004157
59,87,0.004157
18,51,0.004020
39,76,0.004007
33,54,0.003883
3,18,0.003881
54,66,0.003772
41,46,0.003760
18,44,0.003756
20,45,0.003635
19,47,0.003597
43,75,0.003544
39,77,0.003425
2,12,0.003390
41,56,0.003183
12,59,0.003156
8,26,0.003150
1,77,0.003137
49,54,0.003004
42,75,0.002997
30,42,0.002915
19,52,0.002873
40,78,0.002830
53,78,0.002815
26,44,0.002772
20,33,0.002771
23,31,0.002721
46,49,0.002615
36,39,0.002595
18,28,0.002545
28,57,0.002492
1,61,0.002475
21,80,0.002448
21,79,0.002448
21,82,0.002448
21,83,0.002448
21,84,0.002448
21,85,0.002448
21,86,0.002448
21,87,0.002448
21,81,0.002448
36,51,0.002412
50,56,0.002409
18,60,0.002408
2,50,0.002392
38,48,0.002342
44,78,0.002338
34,56,0.002335
2,38,0.002137
57,79,0.002006
57,81,0.002006
57,82,0.002006
57,83,0.002006
57,84,0.002006
57,85,0.002006
57,86,0.002006
57,87,0.002006
57,80,0.002006
7,34,0.001998
7,39,0.001998
23,29,0.001995
66,81,0.001974
66,79,0.001974
66,82,0.001974
66,83,0.001974
66,84,0.001974
66,85,0.001974
66,86,0.001974
66,87,0.001974
66,80,0.001974
1,55,0.001913
5,16,0.001901
43,56,0.001798
16,56,0.001738
13,24,0.001722
8,47,0.001693
43,64,0.001693
38,63,0.001686
9,80,0.001600
9,81,0.001600
9,79,0.001600
9,82,0.001600
9,83,0.001600
9,84,0.001600
9,85,0.001600
9,86,0.001600
9,87,0.001600
30,47,0.001589
13,19,0.001584
12,30,0.001566
18,22,0.001462
11,30,0.001438
61,79,0.001348
61,81,0.001348
61,82,0.001348
61,83,0.001348
61,84,0.001348
61,85,0.001348
61,86,0.001348
61,87,0.001348
61,80,0.001348
19,49,0.001278
1,19,0.001248
49,74,0.001210
18,55,0.001197
13,39,0.001073
1,76,0.001012
13,59,0.000895
62,79,0.000870
62,82,0.000870
62,83,0.000870
62,84,0.000870
62,85,0.000870
62,86,0.000870
62,87,0.000870
62,81,0.000870
62,80,0.000870
49,78,0.000864
55,64,0.000857
58,81,0.000850
58,79,0.000850
58,82,0.000850
58,83,0.000850
58,84,0.000850
58,85,0.000850
58,86,0.000850
58,87,0.000850
58,80,0.000850
8,51,0.000845
26,50,0.000777
1,78,0.000735
44,76,0.000709
18,19,0.000680
7,60,0.000673
34,46,0.000662
2,26,0.000654
17,54,0.000647
11,57,0.000642
6,53,0.000641
4,14,0.000633
40,71,0.000597
30,44,0.000590
4,57,0.000525
28,53,0.000465
64,80,0.000414
64,79,0.000414
64,81,0.000414
64,82,0.000414
64,83,0.000414
64,84,0.000414
64,85,0.000414
64,86,0.000414
64,87,0.000414
33,47,0.000400
15,46,0.000366
46,57,0.000350
8,81,0.000343
8,79,0.000343
8,82,0.000343
8,83,0.000343
8,84,0.000343
8,85,0.000343
8,86,0.000343
8,87,0.000343
8,80,0.000343
43,60,0.000318
27,45,0.000287
19,53,0.000261
1,67,0.000227
41,74,0.000071
13,54,-0.000021
20,38,-0.000081
17,42,-0.000092
17,67,-0.000173
10,22,-0.000193
54,74,-0.000207
11,48,-0.000293
3,20,-0.000301
39,58,-0.000307
17,70,-0.000459
22,42,-0.000566
45,63,-0.000572
42,80,-0.000599
42,82,-0.000599
42,83,-0.000599
42,84,-0.000599
42,85,-0.000599
42,86,-0.000599
42,87,-0.000599
42,79,-0.000599
42,81,-0.000599
54,63,-0.000603
39,45,-0.000663
42,77,-0.000785
21,73,-0.000813
14,31,-0.000873
51,71,-0.000877
4,78,-0.000910
7,52,-0.000938
10,31,-0.000946
27,30,-0.000987
35,47,-0.001043
21,38,-0.001124
10,61,-0.001148
19,57,-0.001150
21,41,-0.001193
24,79,-0.001196
24,81,-0.001196
24,82,-0.001196
24,83,-0.001196
24,84,-0.001196
24,85,-0.001196
24,86,-0.001196
24,87,-0.001196
24,80,-0.001196
16,55,-0.001211
8,16,-0.001258
41,66,-0.001279
17,60,-0.001463
15,29,-0.001464
47,61,-0.001488
22,44,-0.001492
3,5,-0.001555
27,42,-0.001563
29,46,-0.001707
18,49,-0.001714
13,70,-0.001845
55,81,-0.001947
55,79,-0.001947
55,82,-0.001947
55,83,-0.001947
55,84,-0.001947
55,85,-0.001947
55,86,-0.001947
55,87,-0.001947
55,80,-0.001947
54,65,-0.002074
7,28,-0.002133
2,45,-0.002167
29,35,-0.002213
54,79,-0.002249
54,81,-0.002249
54,82,-0.002249
54,83,-0.002249
54,84,-0.002249
54,85,-0.002249
54,86,-0.002249
54,87,-0.002249
54,80,-0.002249
48,54,-0.002293
47,67,-0.002395
30,43,-0.002396
39,66,-0.002442
23,55,-0.002481
46,64,-0.002508
27,33,-0.002514
51,55,-0.002532
38,46,-0.002540
32,45,-0.002653
4,58,-0.002658
48,56,-0.002730
18,26,-0.002760
3,19,-0.002792
44,77,-0.002795
32,58,-0.002815
19,40,-0.002897
54,70,-0.002918
7,29,-0.003029
41,64,-0.003084
26,45,-0.003270
52,78,-0.003304
13,78,-0.003332
41,72,-0.003524
36,52,-0.003539
27,50,-0.003541
31,37,-0.003586
42,44,-0.003609
9,43,-0.003656
54,73,-0.003683
13,51,-0.003764
5,17,-0.003782
28,56,-0.003862
45,55,-0.004026
39,63,-0.004029
46,71,-0.004111
40,64,-0.004123
14,54,-0.004200
38,67,-0.004224
44,80,-0.004311
44,81,-0.004311
44,82,-0.004311
44,83,-0.004311
44,84,-0.004311
44,85,-0.004311
44,86,-0.004311
44,87,-0.004311
44,79,-0.004311
20,80,-0.004347
20,81,-0.004347
20,79,-0.004347
20,82,-0.004347
20,83,-0.004347
20,84,-0.004347
20,85,-0.004347
20,86,-0.004347
20,87,-0.004347
38,76,-0.004358
13,65,-0.004375
9,55,-0.004460
53,79,-0.004466
53,81,-0.004466
53,82,-0.004466
53,83,-0.004466
53,84,-0.004466
53,85,-0.004466
53,86,-0.004466
53,87,-0.004466
53,80,-0.004466
20,49,-0.004468
53,63,-0.004514
14,80,-0.004585
14,79,-0.004585
14,81,-0.004585
14,82,-0.004585
14,83,-0.004585
14,84,-0.004585
14,85,-0.004585
14,86,-0.004585
14,87,-0.004585
27,51,-0.004608
1,24,-0.004643
23,80,-0.004677
23,81,-0.004677
23,79,-0.004677
23,82,-0.004677
23,83,-0.004677
23,84,-0.004677
23,85,-0.004677
23,86,-0.004677
23,87,-0.004677
51,81,-0.004718
51,79,-0.004718
51,80,-0.004718
51,82,-0.004718
51,83,-0.004718
51,84,-0.004718
51,85,-0.004718
51,86,-0.004718
51,87,-0.004718
6,80,-0.004813
6,79,-0.004813
6,81,-0.004813
6,82,-0.004813
6,83,-0.004813
6,84,-0.004813
6,85,-0.004813
6,86,-0.004813
6,87,-0.004813
5,25,-0.004828
39,41,-0.004862
35,56,-0.004955
49,76,-0.005008
16,80,-0.005018
16,81,-0.005018
16,82,-0.005018
16,83,-0.005018
16,84,-0.005018
16,85,-0.005018
16,86,-0.005018
16,87,-0.005018
16,79,-0.005018
9,54,-0.005030
12,16,-0.005077
3,80,-0.005100
3,79,-0.005100
3,82,-0.005100
3,83,-0.005100
3,84,-0.005100
3,85,-0.005100
3,86,-0.005100
3,87,-0.005100
3,81,-0.005100
51,76,-0.005219
8,77,-0.005250
9,37,-0.005262
16,42,-0.005292
12,40,-0.005360
11,53,-0.005371
14,16,-0.005379
11,42,-0.005384
44,75,-0.005404
30,58,-0.005425
45,78,-0.005431
25,68,-0.005507
14,57,-0.005535
15,55,-0.005552
25,41,-0.005552
34,52,-0.005558
38,71,-0.005606
4,13,-0.005630
11,24,-0.005645
4,77,-0.005768
46,60,-0.005842
3,41,-0.005877
52,80,-0.005893
52,81,-0.005893
52,82,-0.005893
52,83,-0.005893
52,84,-0.005893
52,85,-0.005893
52,86,-0.005893
52,87,-0.005893
52,79,-0.005893
53,70,-0.006009
47,72,-0.006097
9,58,-0.006175
47,73,-0.006197
23,46,-0.006289
49,68,-0.006295
5,38,-0.006388
13,23,-0.006408
2,79,-0.006467
2,81,-0.006467
2,82,-0.006467
2,83,-0.006467
2,84,-0.006467
2,85,-0.006467
2,86,-0.006467
2,87,-0.006467
2,80,-0.006467
17,26,-0.006520
12,80,-0.006545
12,81,-0.006545
12,82,-0.006545
12,83,-0.006545
12,84,-0.006545
12,85,-0.006545
12,86,-0.006545
12,87,-0.006545
12,79,-0.006545
45,62,-0.006556
31,43,-0.006584
9,59,-0.006608
4,39,-0.006612
24,64,-0.006647
56,63,-0.006676
9,30,-0.006694
14,35,-0.006790
44,68,-0.006800
10,33,-0.006873
40,80,-0.006894
40,81,-0.006894
40,79,-0.006894
40,82,-0.006894
40,83,-0.006894
40,84,-0.006894
40,85,-0.006894
40,86,-0.006894
40,87,-0.006894
2,30,-0.006954
45,79,-0.007000
45,81,-0.007000
45,82,-0.007000
45,83,-0.007000
45,84,-0.007000
45,85,-0.007000
45,86,-0.007000
45,87,-0.007000
45,80,-0.007000
27,80,-0.007005
27,82,-0.007005
27,83,-0.007005
27,84,-0.007005
27,85,-0.007005
27,86,-0.007005
27,87,-0.007005
27,79,-0.007005
27,81,-0.007005
29,79,-0.007013
29,82,-0.007013
29,83,-0.007013
29,84,-0.007013
29,85,-0.007013
29,86,-0.007013
29,87,-0.007013
29,81,-0.007013
29,80,-0.007013
22,50,-0.007027
53,61,-0.007079
44,66,-0.007246
36,42,-0.007328
15,17,-0.007350
4,69,-0.007411
3,39,-0.007445
48,80,-0.007474
48,81,-0.007474
48,82,-0.007474
48,83,-0.007474
48,84,-0.007474
48,85,-0.007474
48,86,-0.007474
48,87,-0.007474
48,79,-0.007474
42,67,-0.007486
49,70,-0.007491
31,64,-0.007512
28,39,-0.007544
23,42,-0.007552
46,63,-0.007666
25,43,-0.007765
20,44,-0.007770
4,62,-0.007788
3,33,-0.007794
23,63,-0.007802
18,38,-0.007837
22,60,-0.007853
14,32,-0.007866
43,67,-0.007986
16,22,-0.007998
14,27,-0.008044
53,65,-0.008074
8,46,-0.008089
48,58,-0.008110
38,41,-0.008199
13,14,-0.008203
7,11,-0.008258
50,78,-0.008301
45,77,-0.008324
44,63,-0.008326
22,79,-0.008435
22,82,-0.008435
22,83,-0.008435
22,84,-0.008435
22,85,-0.008435
22,86,-0.008435
22,87,-0.008435
22,81,-0.008435
22,80,-0.008435
45,69,-0.008465
52,70,-0.008548
13,20,-0.008559
5,45,-0.008593
4,66,-0.008603
53,75,-0.008646
52,75,-0.008733
7,55,-0.008843
29,54,-0.008933
47,63,-0.009002
8,57,-0.009053
49,69,-0.009058
8,29,-0.009058
1,33,-0.009111
4,76,-0.009115
54,72,-0.009204
1,65,-0.009245
47,68,-0.009259
9,42,-0.009321
30,41,-0.009331
3,23,-0.009347
26,80,-0.009348
26,81,-0.009348
26,79,-0.009348
26,82,-0.009348
26,83,-0.009348
26,84,-0.009348
26,85,-0.009348
26,86,-0.009348
26,87,-0.009348
40,46,-0.009357
6,59,-0.009415
48,77,-0.009474
13,77,-0.009476
27,57,-0.009481
11,80,-0.009484
11,81,-0.009484
11,79,-0.009484
11,82,-0.009484
11,83,-0.009484
11,84,-0.009484
11,85,-0.009484
11,86,-0.009484
11,87,-0.009484
24,63,-0.009508
38,80,-0.009508
38,81,-0.009508
38,79,-0.009508
38,82,-0.009508
38,83,-0.009508
38,84,-0.009508
38,85,-0.009508
38,86,-0.009508
38,87,-0.009508
28,58,-0.009514
17,68,-0.009529
47,76,-0.009543
31,65,-0.009581
19,80,-0.009623
19,79,-0.009623
19,82,-0.009623
19,83,-0.009623
19,84,-0.009623
19,85,-0.009623
19,86,-0.009623
19,87,-0.009623
19,81,-0.009623
24,48,-0.009653
14,43,-0.009661
9,14,-0.009667
45,72,-0.009714
17,65,-0.009747
5,11,-0.009774
4,46,-0.009782
14,21,-0.009847
38,56,-0.009858
9,63,-0.009869
25,72,-0.009871
47,52,-0.009890
16,32,-0.009899
49,66,-0.010118
15,26,-0.010140
16,49,-0.010143
3,70,-0.010168
6,77,-0.010171
5,42,-0.010173
51,60,-0.010262
18,62,-0.010267
7,78,-0.010310
36,55,-0.010315
14,19,-0.010335
17,71,-0.010384
1,75,-0.010385
25,65,-0.010408
17,22,-0.010502
4,47,-0.010522
13,74,-0.010595
8,63,-0.010680
15,81,-0.010683
15,79,-0.010683
15,82,-0.010683
15,83,-0.010683
15,84,-0.010683
15,85,-0.010683
15,86,-0.010683
15,87,-0.010683
15,80,-0.010683
28,41,-0.010720
47,74,-0.010777
4,50,-0.010782
13,56,-0.010785
53,74,-0.010790
25,82,-0.010867
25,83,-0.010867
25,84,-0.010867
25,85,-0.010867
25,86,-0.010867
25,87,-0.010867
25,79,-0.010867
25,80,-0.010867
25,81,-0.010867
47,55,-0.010900
4,35,-0.010904
4,54,-0.010947
39,59,-0.011063
6,23,-0.011086
27,37,-0.011115
9,35,-0.011115
18,30,-0.011296
12,20,-0.011380
40,41,-0.011415
32,79,-0.011416
32,82,-0.011416
32,83,-0.011416
32,84,-0.011416
32,85,-0.011416
32,86,-0.011416
32,87,-0.011416
32,81,-0.011416
32,80,-0.011416
50,80,-0.011476
50,82,-0.011476
50,83,-0.011476
50,84,-0.011476
50,85,-0.011476
50,86,-0.011476
50,87,-0.011476
50,79,-0.011476
50,81,-0.011476
36,81,-0.011480
36,79,-0.011480
36,82,-0.011480
36,83,-0.011480
36,84,-0.011480
36,85,-0.011480
36,86,-0.011480
36,87,-0.011480
36,80,-0.011480
5,79,-0.011542
5,81,-0.011542
5,82,-0.011542
5,83,-0.011542
5,84,-0.011542
5,85,-0.011542
5,86,-0.011542
5,87,-0.011542
5,80,-0.011542
24,77,-0.011566
3,27,-0.011571
6,37,-0.011572
33,49,-0.011589
4,37,-0.011611
50,60,-0.011622
37,80,-0.011648
37,79,-0.011648
37,82,-0.011648
37,83,-0.011648
37,84,-0.011648
37,85,-0.011648
37,86,-0.011648
37,87,-0.011648
37,81,-0.011648
42,76,-0.011695
41,62,-0.011745
30,64,-0.011760
4,26,-0.011834
39,75,-0.011874
48,67,-0.011913
46,72,-0.011925
37,46,-0.011936
31,80,-0.011958
31,81,-0.011958
31,79,-0.011958
31,82,-0.011958
31,83,-0.011958
31,84,-0.011958
31,85,-0.011958
31,86,-0.011958
31,87,-0.011958
37,50,-0.011974
27,58,-0.012031
16,37,-0.012043
13,71,-0.012046
15,34,-0.012061
52,69,-0.012089
17,75,-0.012181
23,74,-0.012190
28,54,-0.012193
1,50,-0.012250
12,24,-0.012274
1,14,-0.012278
47,62,-0.012295
23,68,-0.012297
9,50,-0.012321
26,52,-0.012327
7,18,-0.012354
17,69,-0.012380
2,17,-0.012404
22,74,-0.012420
44,73,-0.012437
17,46,-0.012448
20,51,-0.012456
23,39,-0.012478
23,36,-0.012497
18,80,-0.012562
18,81,-0.012562
18,79,-0.012562
18,82,-0.012562
18,83,-0.012562
18,84,-0.012562
18,85,-0.012562
18,86,-0.012562
18,87,-0.012562
10,27,-0.012574
2,22,-0.012593
44,72,-0.012616
18,42,-0.012717
10,79,-0.012731
10,80,-0.012731
10,82,-0.012731
10,83,-0.012731
10,84,-0.012731
10,85,-0.012731
10,86,-0.012731
10,87,-0.012731
10,81,-0.012731
29,42,-0.012734
1,56,-0.012757
7,35,-0.012821
18,31,-0.012821
31,57,-0.012847
8,17,-0.012871
54,68,-0.012910
11,73,-0.013007
21,78,-0.013042
17,55,-0.013054
2,4,-0.013058
32,35,-0.013063
9,78,-0.013066
25,73,-0.013079
55,62,-0.013087
23,58,-0.013105
44,58,-0.013128
49,72,-0.013137
45,49,-0.013139
1,57,-0.013179
38,77,-0.013245
31,38,-0.013293
47,81,-0.013341
47,82,-0.013341
47,83,-0.013341
47,84,-0.013341
47,85,-0.013341
47,86,-0.013341
47,87,-0.013341
47,79,-0.013341
47,80,-0.013341
27,41,-0.013346
21,33,-0.013397
11,72,-0.013408
53,67,-0.013429
18,54,-0.013432
53,66,-0.013464
33,64,-0.013506
39,47,-0.013598
30,81,-0.013620
30,79,-0.013620
30,82,-0.013620
30,83,-0.013620
30,84,-0.013620
30,85,-0.013620
30,86,-0.013620
30,87,-0.013620
30,80,-0.013620
8,20,-0.013655
6,34,-0.013862
2,55,-0.013906
9,64,-0.013921
1,15,-0.013976
36,54,-0.014011
6,32,-0.014014
18,37,-0.014119
39,65,-0.014226
10,47,-0.014240
33,81,-0.014264
33,79,-0.014264
33,82,-0.014264
33,83,-0.014264
33,84,-0.014264
33,85,-0.014264
33,86,-0.014264
33,87,-0.014264
33,80,-0.014264
53,72,-0.014266
8,40,-0.014322
40,77,-0.014325
45,76,-0.014329
23,44,-0.014365
25,51,-0.014398
52,65,-0.014416
15,39,-0.014454
43,63,-0.014468
30,38,-0.014472
44,65,-0.014503
29,47,-0.014538
4,31,-0.014685
49,77,-0.014701
44,71,-0.014757
45,61,-0.014776
46,75,-0.014815
8,78,-0.014817
33,39,-0.014869
24,76,-0.014903
17,32,-0.014931
6,70,-0.014970
46,73,-0.015126
41,60,-0.015220
31,61,-0.015225
20,55,-0.015245
46,77,-0.015246
13,50,-0.015283
51,66,-0.015361
8,22,-0.015433
48,69,-0.015448
47,77,-0.015552
40,54,-0.015577
40,76,-0.015589
13,25,-0.015594
30,60,-0.015603
48,76,-0.015655
17,62,-0.015683
50,62,-0.015702
3,69,-0.015726
34,48,-0.015744
2,69,-0.015761
35,54,-0.015769
6,48,-0.015799
17,66,-0.015803
22,33,-0.015816
26,53,-0.015821
9,31,-0.015877
36,45,-0.015877
45,64,-0.015884
21,67,-0.015964
10,25,-0.016005
6,55,-0.016021
13,30,-0.016024
51,77,-0.016028
48,60,-0.016076
6,39,-0.016096
17,74,-0.016099
36,56,-0.016102
9,77,-0.016182
29,59,-0.016194
42,55,-0.016197
3,37,-0.016311
9,60,-0.016382
7,33,-0.016432
21,66,-0.016546
23,69,-0.016561
23,66,-0.016641
24,78,-0.016677
24,33,-0.016836
39,64,-0.016909
32,64,-0.016916
18,25,-0.016946
33,55,-0.017030
28,79,-0.017043
28,82,-0.017043
28,83,-0.017043
28,84,-0.017043
28,85,-0.017043
28,86,-0.017043
28,87,-0.017043
28,81,-0.017043
28,80,-0.017043
17,35,-0.017065
9,67,-0.017095
18,20,-0.017103
13,47,-0.017213
48,61,-0.017259
16,31,-0.017265
1,47,-0.017313
41,70,-0.017318
3,73,-0.017350
13,67,-0.017364
4,19,-0.017405
21,76,-0.017423
12,53,-0.017431
28,50,-0.017442
6,57,-0.017454
23,60,-0.017503
50,72,-0.017525
11,17,-0.017529
34,79,-0.017531
34,80,-0.017531
34,81,-0.017531
34,82,-0.017531
34,83,-0.017531
34,84,-0.017531
34,85,-0.017531
34,86,-0.017531
34,87,-0.017531
21,43,-0.017538
30,59,-0.017545
3,51,-0.017576
18,43,-0.017617
28,64,-0.017648
35,79,-0.017655
35,81,-0.017655
35,82,-0.017655
35,83,-0.017655
35,84,-0.017655
35,85,-0.017655
35,86,-0.017655
35,87,-0.017655
35,80,-0.017655
20,53,-0.017668
13,72,-0.017668
14,22,-0.017698
1,9,-0.017706
44,70,-0.017797
25,52,-0.017836
47,65,-0.017861
42,54,-0.017943
20,25,-0.017965
3,48,-0.018013
14,44,-0.018020
47,69,-0.018118
1,51,-0.018129
37,54,-0.018137
37,60,-0.018253
27,39,-0.018269
13,76,-0.018371
52,76,-0.018372
38,61,-0.018380
25,30,-0.018404
4,71,-0.018440
4,61,-0.018519
5,55,-0.018533
8,74,-0.018551
9,62,-0.018552
9,47,-0.018604
38,53,-0.018627
15,68,-0.018652
3,46,-0.018660
16,53,-0.018741
32,38,-0.018805
7,47,-0.018809
31,39,-0.018822
3,78,-0.018826
4,8,-0.018828
25,66,-0.018862
3,72,-0.018867
13,22,-0.018962
4,29,-0.019056
25,49,-0.019087
30,67,-0.019148
26,55,-0.019181
46,51,-0.019268
31,59,-0.019275
35,57,-0.019312
21,69,-0.019320
25,45,-0.019347
1,36,-0.019375
17,50,-0.019380
25,69,-0.019403
32,75,-0.019404
21,29,-0.019420
9,75,-0.019429
7,77,-0.019468
51,75,-0.019489
45,75,-0.019528
35,74,-0.019535
6,43,-0.019542
30,53,-0.019581
10,48,-0.019646
13,60,-0.019743
4,53,-0.019763
18,63,-0.019765
2,78,-0.019862
23,75,-0.019868
11,58,-0.019910
8,42,-0.019938
6,78,-0.020004
41,63,-0.020017
13,38,-0.020127
4,40,-0.020129
11,56,-0.020133
13,62,-0.020136
45,68,-0.020404
17,30,-0.020437
6,41,-0.020455
38,75,-0.020473
46,50,-0.020479
21,44,-0.020482
9,51,-0.020558
9,72,-0.020586
44,50,-0.020657
3,74,-0.020823
23,78,-0.020942
45,66,-0.020984
19,27,-0.020984
9,45,-0.021145
4,44,-0.021172
27,49,-0.021214
47,70,-0.021218
32,59,-0.021221
45,60,-0.021229
31,58,-0.021308
53,76,-0.021324
25,70,-0.021345
20,78,-0.021391
2,43,-0.021408
30,65,-0.021419
14,78,-0.021485
35,52,-0.021506
34,40,-0.021525
16,78,-0.021535
10,39,-0.021542
11,60,-0.021544
36,64,-0.021569
48,75,-0.021590
33,66,-0.021627
52,54,-0.021669
4,65,-0.021686
5,63,-0.021689
16,54,-0.021706
12,42,-0.021722
16,33,-0.021734
4,32,-0.021820
4,48,-0.021852
9,18,-0.021892
23,62,-0.021899
53,71,-0.022045
3,50,-0.022146
40,52,-0.022272
11,74,-0.022283
47,66,-0.022286
12,78,-0.022318
5,23,-0.022385
55,63,-0.022430
24,75,-0.022471
43,54,-0.022495
27,78,-0.022497
36,63,-0.022523
24,74,-0.022551
10,52,-0.022627
3,15,-0.022648
8,27,-0.022685
14,46,-0.022753
45,70,-0.022900
23,77,-0.022923
48,66,-0.023023
9,28,-0.023063
51,61,-0.023099
33,43,-0.023100
29,71,-0.023171
12,48,-0.023182
40,59,-0.023195
15,49,-0.023227
23,70,-0.023305
1,34,-0.023350
40,63,-0.023362
3,35,-0.023392
52,66,-0.023419
12,37,-0.023459
21,75,-0.023464
2,39,-0.023559
29,78,-0.023604
20,59,-0.023725
18,61,-0.023749
11,52,-0.023780
16,43,-0.023837
8,76,-0.023854
19,59,-0.023888
10,54,-0.023934
30,66,-0.023949
30,39,-0.023979
11,40,-0.023988
33,56,-0.024003
35,68,-0.024058
40,75,-0.024102
45,58,-0.024103
6,68,-0.024113
33,44,-0.024180
2,41,-0.024218
3,67,-0.024340
10,60,-0.024395
3,43,-0.024444
36,76,-0.024487
49,75,-0.024494
26,59,-0.024536
4,49,-0.024555
17,73,-0.024557
23,61,-0.024559
17,37,-0.024575
32,47,-0.024694
7,61,-0.024704
37,76,-0.024737
51,59,-0.024746
32,36,-0.024777
48,53,-0.024798
21,77,-0.024801
10,64,-0.024806
19,63,-0.024828
26,43,-0.024847
17,40,-0.024937
45,73,-0.024962
48,64,-0.024972
51,58,-0.024996
33,59,-0.025064
44,74,-0.025078
44,69,-0.025080
2,77,-0.025161
40,62,-0.025185
7,38,-0.025190
32,76,-0.025205
3,66,-0.025234
2,53,-0.025244
23,76,-0.025284
50,75,-0.025284
31,48,-0.025335
26,33,-0.025390
6,58,-0.025416
50,57,-0.025479
35,43,-0.025484
22,49,-0.025484
15,42,-0.025518
26,78,-0.025518
48,74,-0.025530
3,65,-0.025561
46,55,-0.025599
1,53,-0.025652
36,77,-0.025657
8,64,-0.025665
49,51,-0.025680
22,64,-0.025735
19,60,-0.025746
52,77,-0.025782
22,78,-0.025807
35,55,-0.025837
40,56,-0.025907
8,54,-0.025992
24,58,-0.026016
11,78,-0.026056
28,59,-0.026056
47,54,-0.026062
4,56,-0.026132
42,45,-0.026148
50,77,-0.026226
16,63,-0.026270
35,77,-0.026297
23,73,-0.026342
48,73,-0.026379
13,75,-0.026459
37,78,-0.026497
21,65,-0.026523
21,68,-0.026556
11,54,-0.026681
27,76,-0.026686
50,66,-0.026695
17,27,-0.026741
19,78,-0.026760
6,52,-0.026818
4,64,-0.026840
13,57,-0.026961
29,55,-0.026985
17,29,-0.026988
16,50,-0.027029
16,71,-0.027030
31,55,-0.027036
2,74,-0.027039
34,54,-0.027064
7,63,-0.027102
31,53,-0.027110
33,60,-0.027155
9,52,-0.027206
18,56,-0.027261
3,68,-0.027372
39,72,-0.027396
20,47,-0.027408
2,73,-0.027454
48,65,-0.027475
7,26,-0.027497
32,55,-0.027523
25,78,-0.027525
33,61,-0.027533
11,61,-0.027546
19,76,-0.027561
10,58,-0.027596
21,62,-0.027617
49,59,-0.027653
48,72,-0.027659
32,57,-0.027741
32,78,-0.027745
9,57,-0.027769
10,63,-0.027814
45,46,-0.027819
12,51,-0.027858
33,69,-0.027884
12,52,-0.027909
36,78,-0.027917
37,77,-0.028026
36,71,-0.028030
6,63,-0.028035
12,64,-0.028057
32,40,-0.028145
25,74,-0.028155
5,37,-0.028170
46,54,-0.028199
35,61,-0.028237
41,58,-0.028246
31,78,-0.028294
24,68,-0.028301
24,60,-0.028319
3,77,-0.028331
2,35,-0.028334
25,77,-0.028394
15,78,-0.028419
6,76,-0.028502
30,71,-0.028516
25,76,-0.028603
19,75,-0.028616
15,76,-0.028634
4,75,-0.028642
3,52,-0.028694
5,78,-0.028730
39,74,-0.028820
7,76,-0.028833
11,77,-0.028834
24,54,-0.028960
13,16,-0.028964
16,75,-0.028982
35,60,-0.029021
46,68,-0.029025
35,76,-0.029025
1,23,-0.029029
10,55,-0.029032
27,60,-0.029080
22,63,-0.029104
32,77,-0.029128
44,56,-0.029314
6,47,-0.029320
16,47,-0.029330
2,76,-0.029331
20,64,-0.029392
9,36,-0.029505
30,49,-0.029553
17,58,-0.029564
17,48,-0.029693
33,50,-0.029708
40,60,-0.029731
20,57,-0.029755
6,61,-0.029770
26,57,-0.029783
38,59,-0.029822
25,75,-0.029860
32,43,-0.029868
10,78,-0.029953
9,66,-0.030026
29,63,-0.030028
16,72,-0.030042
16,25,-0.030052
13,73,-0.030063
38,68,-0.030082
3,55,-0.030110
12,58,-0.030182
31,54,-0.030195
8,60,-0.030241
37,56,-0.030244
32,63,-0.030366
30,78,-0.030389
4,63,-0.030397
18,70,-0.030417
19,77,-0.030421
4,67,-0.030479
6,64,-0.030528
17,49,-0.030550
45,54,-0.030590
18,78,-0.030607
40,69,-0.030666
4,15,-0.030700
1,31,-0.030704
38,64,-0.030722
2,51,-0.030732
26,70,-0.030738
36,60,-0.030755
8,56,-0.030763
9,76,-0.030790
52,58,-0.030913
11,28,-0.030944
22,76,-0.030990
42,50,-0.031070
17,33,-0.031072
4,12,-0.031107
1,59,-0.031117
33,78,-0.031166
24,62,-0.031214
20,75,-0.031219
14,29,-0.031235
13,31,-0.031321
19,38,-0.031359
21,61,-0.031369
10,77,-0.031372
21,74,-0.031504
24,42,-0.031539
33,76,-0.031559
11,49,-0.031579
14,56,-0.031585
30,76,-0.031616
12,63,-0.031663
31,72,-0.031676
27,63,-0.031680
6,69,-0.031707
20,48,-0.031846
34,51,-0.031852
10,44,-0.031884
23,27,-0.031898
30,55,-0.031947
22,65,-0.031950
24,67,-0.031986
18,74,-0.032127
18,57,-0.032128
18,69,-0.032158
16,69,-0.032211
40,70,-0.032237
11,34,-0.032298
38,42,-0.032318
5,61,-0.032319
44,64,-0.032324
3,76,-0.032340
47,57,-0.032385
6,24,-0.032433
1,16,-0.032457
10,42,-0.032487
24,41,-0.032546
34,64,-0.032568
1,30,-0.032576
5,47,-0.032641
48,57,-0.032642
25,71,-0.032646
21,58,-0.032660
1,58,-0.032683
9,73,-0.032698
34,58,-0.032699
18,68,-0.032754
40,67,-0.032781
20,76,-0.032787
8,48,-0.032849
16,76,-0.032932
2,67,-0.032945
50,73,-0.032956
6,17,-0.033053
46,70,-0.033134
17,72,-0.033248
25,44,-0.033262
31,76,-0.033314
29,43,-0.033348
13,61,-0.033352
50,76,-0.033438
43,55,-0.033548
23,54,-0.033620
14,77,-0.033620
18,77,-0.033646
5,29,-0.033719
31,77,-0.033726
12,77,-0.033729
8,75,-0.033741
18,76,-0.033763
11,75,-0.033826
7,58,-0.033848
27,77,-0.033868
6,72,-0.033882
15,77,-0.033914
27,59,-0.033924
48,71,-0.033945
1,63,-0.033964
9,41,-0.033965
38,72,-0.033986
52,67,-0.033991
49,63,-0.034069
3,71,-0.034089
51,64,-0.034215
17,28,-0.034238
33,77,-0.034242
16,62,-0.034324
24,56,-0.034330
22,77,-0.034372
9,68,-0.034373
32,56,-0.034423
30,77,-0.034426
6,62,-0.034433
28,77,-0.034440
53,62,-0.034505
36,75,-0.034592
21,72,-0.034596
24,71,-0.034624
9,24,-0.034634
18,72,-0.034644
8,65,-0.034649
28,76,-0.034678
33,75,-0.034690
53,69,-0.034759
7,30,-0.034765
22,40,-0.034773
4,38,-0.034780
32,67,-0.034828
28,78,-0.034844
38,74,-0.034883
31,75,-0.034899
28,52,-0.035006
16,77,-0.035025
31,66,-0.035058
36,66,-0.035066
41,61,-0.035072
15,21,-0.035098
34,59,-0.035163
13,58,-0.035185
34,78,-0.035203
29,57,-0.035204
24,70,-0.035293
26,76,-0.035295
33,71,-0.035328
35,78,-0.035329
42,73,-0.035367
2,72,-0.035389
46,67,-0.035417
50,58,-0.035417
20,77,-0.035483
7,56,-0.035522
27,70,-0.035553
24,61,-0.035572
28,69,-0.035591
18,59,-0.035602
31,56,-0.035606
1,8,-0.035635
7,74,-0.035658
29,56,-0.035772
24,69,-0.035802
29,60,-0.035871
21,27,-0.035890
8,37,-0.035930
48,59,-0.035993
18,46,-0.036019
37,75,-0.036078
50,67,-0.036108
22,54,-0.036185
37,58,-0.036270
29,62,-0.036276
35,75,-0.036325
7,64,-0.036338
13,29,-0.036345
34,63,-0.036411
2,68,-0.036444
8,38,-0.036445
32,51,-0.036478
46,61,-0.036495
51,56,-0.036521
35,72,-0.036592
48,62,-0.036629
5,77,-0.036634
19,69,-0.036728
27,66,-0.036740
9,48,-0.036748
36,61,-0.036751
27,75,-0.036884
9,74,-0.036892
33,58,-0.036918
11,76,-0.036940
9,71,-0.036944
22,75,-0.036965
34,76,-0.036971
23,71,-0.037056
5,57,-0.037144
15,75,-0.037174
44,62,-0.037192
23,57,-0.037193
53,73,-0.037283
22,70,-0.037293
10,34,-0.037302
8,61,-0.037302
11,41,-0.037362
27,69,-0.037465
27,64,-0.037582
6,73,-0.037655
40,74,-0.037683
22,59,-0.037773
39,62,-0.037802
46,74,-0.037883
40,61,-0.037958
23,72,-0.037959
21,56,-0.037978
33,63,-0.037990
1,25,-0.038059
34,77,-0.038062
34,75,-0.038093
25,53,-0.038101
2,75,-0.038126
30,75,-0.038146
13,44,-0.038155
30,63,-0.038161
33,74,-0.038171
5,72,-0.038175
26,77,-0.038198
26,64,-0.038222
25,58,-0.038277
20,66,-0.038342
15,54,-0.038379
24,43,-0.038386
18,75,-0.038389
24,45,-0.038416
37,70,-0.038438
29,70,-0.038453
13,66,-0.038490
25,64,-0.038507
9,65,-0.038540
11,66,-0.038571
45,59,-0.038663
15,52,-0.038667
34,61,-0.038670
28,61,-0.038704
14,34,-0.038740
29,68,-0.038760
46,58,-0.038781
34,55,-0.038805
50,61,-0.038806
21,46,-0.038840
28,65,-0.038892
21,31,-0.038916
11,68,-0.038956
29,76,-0.039003
35,69,-0.039057
10,62,-0.039103
26,67,-0.039129
4,23,-0.039151
5,54,-0.039176
33,65,-0.039198
4,21,-0.039401
37,69,-0.039407
11,71,-0.039472
13,64,-0.039488
28,73,-0.039507
47,71,-0.039523
2,70,-0.039643
25,56,-0.039719
29,77,-0.039736
25,31,-0.039739
12,75,-0.039764
46,69,-0.039805
24,47,-0.039809
37,51,-0.039830
45,71,-0.039880
32,46,-0.039983
14,20,-0.039988
39,51,-0.039997
5,53,-0.040099
9,70,-0.040186
20,54,-0.040251
22,67,-0.040271
23,65,-0.040319
27,71,-0.040400
6,74,-0.040402
7,32,-0.040414
15,70,-0.040434
16,30,-0.040449
27,61,-0.040477
14,67,-0.040488
28,70,-0.040540
44,61,-0.040561
2,66,-0.040579
27,56,-0.040630
39,69,-0.040820
4,30,-0.040856
32,71,-0.040888
28,63,-0.040900
4,28,-0.040903
10,59,-0.040910
16,70,-0.040963
9,33,-0.040966
6,60,-0.041043
45,50,-0.041077
37,57,-0.041111
49,65,-0.041120
15,58,-0.041274
7,19,-0.041313
38,43,-0.041330
19,21,-0.041346
18,47,-0.041386
28,68,-0.041393
19,48,-0.041418
34,65,-0.041429
26,58,-0.041473
11,64,-0.041521
5,43,-0.041526
19,58,-0.041526
11,62,-0.041530
41,54,-0.041650
46,52,-0.041657
2,71,-0.041673
20,60,-0.041688
8,24,-0.041746
27,68,-0.041787
26,63,-0.041817
12,23,-0.041824
20,43,-0.041855
18,73,-0.041890
16,51,-0.041954
39,67,-0.041962
7,71,-0.041976
37,47,-0.042056
5,73,-0.042065
22,73,-0.042072
28,75,-0.042097
10,76,-0.042161
53,68,-0.042229
22,69,-0.042252
38,65,-0.042268
12,74,-0.042330
5,76,-0.042344
31,60,-0.042415
37,65,-0.042477
35,58,-0.042490
2,7,-0.042508
28,66,-0.042588
3,75,-0.042607
36,72,-0.042638
11,55,-0.042683
1,46,-0.042697
28,71,-0.042726
14,72,-0.042756
6,71,-0.042761
29,75,-0.042879
13,69,-0.042883
4,55,-0.042945
38,60,-0.043102
12,43,-0.043106
22,61,-0.043146
46,66,-0.043177
36,59,-0.043218
40,72,-0.043272
44,59,-0.043315
14,76,-0.043324
5,70,-0.043428
11,67,-0.043461
10,57,-0.043525
19,61,-0.043533
16,64,-0.043536
38,55,-0.043565
41,57,-0.043603
25,26,-0.043733
41,45,-0.043753
19,55,-0.043764
47,64,-0.043786
14,74,-0.043811
28,74,-0.043890
27,52,-0.043917
34,68,-0.043927
21,55,-0.043944
50,74,-0.043955
18,64,-0.043958
32,74,-0.043973
22,57,-0.044071
12,76,-0.044091
5,56,-0.044128
33,73,-0.044133
43,48,-0.044188
6,40,-0.044225
43,53,-0.044231
42,74,-0.044237
15,57,-0.044238
1,17,-0.044316
6,9,-0.044358
31,71,-0.044461
17,61,-0.044490
35,65,-0.044499
49,64,-0.044523
11,63,-0.044561
14,23,-0.044582
39,70,-0.044623
15,74,-0.044776
19,73,-0.044822
47,60,-0.044831
35,62,-0.044836
36,43,-0.044887
1,64,-0.044899
1,7,-0.044910
32,68,-0.044936
23,50,-0.044975
2,56,-0.045007
22,56,-0.045013
38,66,-0.045033
37,64,-0.045050
12,56,-0.045137
14,41,-0.045200
33,62,-0.045353
26,49,-0.045522
14,59,-0.045546
11,37,-0.045546
20,63,-0.045616
20,56,-0.045622
26,56,-0.045752
21,59,-0.045838
35,71,-0.045863
46,56,-0.045973
2,65,-0.045984
46,62,-0.046018
27,65,-0.046097
12,29,-0.046145
40,43,-0.046223
1,60,-0.046242
17,64,-0.046250
39,73,-0.046277
40,68,-0.046361
35,73,-0.046455
23,53,-0.046495
40,66,-0.046551
35,66,-0.046580
16,73,-0.046611
22,58,-0.046629
37,71,-0.046643
29,73,-0.046664
22,24,-0.046672
21,57,-0.046708
17,59,-0.046785
14,75,-0.046873
7,49,-0.046917
14,68,-0.046922
28,67,-0.046960
42,70,-0.047160
21,70,-0.047201
20,65,-0.047324
24,55,-0.047328
25,40,-0.047349
2,13,-0.047403
38,70,-0.047416
10,75,-0.047447
13,68,-0.047529
11,23,-0.047538
32,48,-0.047559
28,62,-0.047653
51,65,-0.047685
10,53,-0.047718
32,70,-0.047733
39,71,-0.047773
20,58,-0.047785
4,25,-0.047834
42,72,-0.047841
29,49,-0.047897
5,69,-0.047901
16,44,-0.047951
18,48,-0.047959
19,67,-0.048054
18,65,-0.048094
28,72,-0.048125
3,63,-0.048182
16,58,-0.048257
31,67,-0.048267
8,41,-0.048362
13,43,-0.048431
42,65,-0.048493
22,72,-0.048497
26,39,-0.048523
20,67,-0.048563
4,45,-0.048576
38,54,-0.048597
14,65,-0.048643
26,75,-0.048747
6,75,-0.048837
16,46,-0.048871
35,63,-0.048912
49,58,-0.048933
1,11,-0.048962
45,53,-0.048963
2,63,-0.048978
24,65,-0.049062
20,71,-0.049087
22,41,-0.049162
40,73,-0.049224
6,66,-0.049296
32,65,-0.049302
52,59,-0.049362
6,44,-0.049435
24,66,-0.049456
32,66,-0.049465
3,49,-0.049506
3,62,-0.049514
5,74,-0.049638
8,72,-0.049660
11,27,-0.049686
50,70,-0.049694
12,62,-0.049700
7,70,-0.049711
1,44,-0.049775
33,68,-0.049840
3,54,-0.049953
9,69,-0.050017
52,71,-0.050096
13,33,-0.050120
24,73,-0.050157
11,70,-0.050273
7,75,-0.050337
35,70,-0.050378
8,55,-0.050430
21,49,-0.050475
15,73,-0.050480
8,62,-0.050543
40,58,-0.050545
14,70,-0.050641
39,68,-0.050670
1,49,-0.050672
39,50,-0.050699
38,62,-0.050753
32,69,-0.050885
35,67,-0.050924
14,73,-0.051014
50,63,-0.051086
34,62,-0.051103
52,61,-0.051107
23,64,-0.051110
52,63,-0.051126
40,55,-0.051188
52,60,-0.051214
47,56,-0.051239
26,62,-0.051269
37,59,-0.051385
12,67,-0.051572
51,73,-0.051583
9,53,-0.051596
4,59,-0.051635
48,52,-0.051640
27,62,-0.051687
10,70,-0.051836
50,69,-0.051902
9,26,-0.051902
11,65,-0.051986
19,37,-0.051989
38,69,-0.052219
40,65,-0.052248
17,57,-0.052256
15,63,-0.052283
50,65,-0.052324
5,68,-0.052377
6,65,-0.052418
17,44,-0.052452
51,67,-0.052468
37,63,-0.052475
13,55,-0.052525
8,39,-0.052624
16,59,-0.052650
26,60,-0.052812
5,60,-0.052836
13,40,-0.052859
11,69,-0.053023
15,64,-0.053059
42,71,-0.053228
17,38,-0.053244
12,65,-0.053252
30,73,-0.053311
31,73,-0.053399
35,59,-0.053522
9,38,-0.053562
13,21,-0.053595
29,58,-0.053683
19,74,-0.053717
25,60,-0.053736
39,43,-0.053799
43,51,-0.053841
10,74,-0.053883
19,71,-0.053925
5,13,-0.053938
10,56,-0.053985
42,62,-0.054066
23,49,-0.054105
6,67,-0.054181
32,44,-0.054270
50,68,-0.054325
4,36,-0.054325
19,70,-0.054368
1,18,-0.054410
2,52,-0.054438
14,45,-0.054456
20,72,-0.054601
29,65,-0.054719
15,59,-0.054800
33,72,-0.054828
26,71,-0.054899
6,21,-0.054917
9,21,-0.055010
15,61,-0.055022
50,64,-0.055076
14,55,-0.055116
35,53,-0.055124
12,68,-0.055230
13,36,-0.055287
21,64,-0.055301
32,62,-0.055390
27,40,-0.055494
51,72,-0.055570
12,57,-0.055647
5,41,-0.055671
16,57,-0.055708
1,48,-0.055748
1,28,-0.055798
48,70,-0.055807
23,67,-0.055820
25,55,-0.055822
16,66,-0.055826
49,57,-0.055850
5,58,-0.055902
7,43,-0.055945
11,21,-0.055953
50,59,-0.056033
7,48,-0.056079
33,41,-0.056097
31,70,-0.056126
36,41,-0.056177
15,56,-0.056333
12,72,-0.056432
12,50,-0.056455
4,34,-0.056549
27,74,-0.056592
21,45,-0.056646
47,58,-0.056665
36,65,-0.056665
21,40,-0.056673
37,66,-0.056787
16,74,-0.056897
36,68,-0.057014
9,49,-0.057019
10,72,-0.057107
6,56,-0.057124
33,67,-0.057226
19,41,-0.057288
1,52,-0.057289
38,57,-0.057362
26,72,-0.057378
30,70,-0.057425
14,69,-0.057446
36,67,-0.057615
45,65,-0.057635
5,75,-0.057781
16,65,-0.057791
17,43,-0.057813
7,67,-0.057814
16,41,-0.057869
44,55,-0.058006
16,60,-0.058027
42,68,-0.058040
45,57,-0.058193
13,34,-0.058237
3,61,-0.058308
7,57,-0.058342
19,64,-0.058343
13,45,-0.058455
18,67,-0.058825
28,42,-0.059082
24,59,-0.059211
1,38,-0.059254
27,73,-0.059470
32,73,-0.059544
5,71,-0.059546
19,68,-0.059593
8,71,-0.059617
19,72,-0.059657
8,43,-0.059834
16,68,-0.059965
17,34,-0.059992
27,44,-0.060115
8,70,-0.060212
12,73,-0.060235
38,73,-0.060307
41,44,-0.060351
13,46,-0.060388
36,58,-0.060440
3,57,-0.060518
25,67,-0.060642
10,65,-0.060652
6,46,-0.060675
22,66,-0.060879
43,57,-0.060919
28,60,-0.061016
12,70,-0.061028
29,61,-0.061170
18,21,-0.061186
12,71,-0.061231
3,58,-0.061236
11,50,-0.061322
7,68,-0.061359
22,62,-0.061451
34,69,-0.061541
24,72,-0.061560
29,67,-0.061736
28,47,-0.061739
48,68,-0.061752
36,62,-0.061854
8,73,-0.061933
2,62,-0.061958
34,74,-0.062039
31,62,-0.062072
35,64,-0.062137
12,61,-0.062180
26,54,-0.062218
19,66,-0.062280
8,67,-0.062438
17,53,-0.062474
36,73,-0.062589
33,70,-0.062596
40,49,-0.062616
34,60,-0.062661
26,69,-0.062687
12,55,-0.062736
30,69,-0.062781
8,21,-0.062786
1,45,-0.062810
10,17,-0.062923
5,64,-0.062952
36,74,-0.062978
19,56,-0.062989
18,71,-0.063056
20,70,-0.063153
7,53,-0.063214
33,57,-0.063338
4,52,-0.063526
12,69,-0.063577
22,43,-0.063624
9,32,-0.063710
25,59,-0.063745
44,60,-0.064018
7,73,-0.064064
20,61,-0.064176
34,73,-0.064206
29,66,-0.064286
22,68,-0.064312
8,68,-0.064326
19,62,-0.064328
5,66,-0.064381
8,58,-0.064404
22,48,-0.064411
51,74,-0.064483
21,48,-0.064500
7,72,-0.064570
1,40,-0.064595
19,65,-0.064745
27,72,-0.064796
28,55,-0.064852
32,54,-0.064909
36,69,-0.064942
32,72,-0.065281
34,66,-0.065458
5,62,-0.065574
7,65,-0.065593
31,63,-0.065604
37,62,-0.065897
14,66,-0.065902
8,59,-0.065922
7,69,-0.065944
30,74,-0.065999
29,69,-0.066093
24,57,-0.066274
23,59,-0.066321
18,66,-0.066428
27,43,-0.066429
16,61,-0.066436
15,71,-0.066478
23,43,-0.066496
20,73,-0.066560
6,42,-0.066616
19,34,-0.066763
34,67,-0.066786
31,68,-0.066941
26,68,-0.067009
45,67,-0.067040
24,50,-0.067157
30,62,-0.067205
37,74,-0.067288
37,72,-0.067351
7,17,-0.067481
46,53,-0.067619
5,65,-0.067664
51,69,-0.067707
37,49,-0.067858
8,69,-0.067898
51,62,-0.067939
15,62,-0.068110
26,61,-0.068146
34,71,-0.068318
31,74,-0.068345
1,12,-0.068494
26,65,-0.068537
52,64,-0.068579
42,66,-0.068673
20,69,-0.068703
29,72,-0.068873
25,61,-0.068915
10,66,-0.069125
7,62,-0.069191
17,36,-0.069291
24,46,-0.069413
15,67,-0.069714
15,72,-0.069873
43,52,-0.069875
7,54,-0.069889
30,61,-0.069957
42,69,-0.069974
42,64,-0.070321
32,41,-0.070745
20,74,-0.070829
37,68,-0.071007
8,66,-0.071135
51,68,-0.071374
14,63,-0.071514
2,61,-0.071579
10,67,-0.071647
2,57,-0.071740
7,66,-0.071816
30,57,-0.072021
30,68,-0.072181
10,71,-0.072461
15,65,-0.072556
30,56,-0.072623
39,61,-0.072691
22,71,-0.072716
14,61,-0.072758
12,66,-0.073067
16,67,-0.073399
13,53,-0.073472
34,70,-0.073798
37,43,-0.073805
35,49,-0.073844
32,61,-0.073979
15,69,-0.074125
18,52,-0.074147
14,58,-0.074221
10,69,-0.074392
10,68,-0.074450
42,57,-0.074627
31,69,-0.075196
5,59,-0.075391
21,50,-0.075407
9,39,-0.075590
34,72,-0.075619
14,71,-0.075631
36,70,-0.075643
14,60,-0.075867
51,70,-0.076412
26,73,-0.076573
26,66,-0.076698
7,59,-0.076909
39,57,-0.076991
30,72,-0.076997
3,64,-0.077154
3,60,-0.077321
12,46,-0.077407
2,58,-0.078342
13,35,-0.078365
29,74,-0.078424
3,56,-0.078514
20,68,-0.078739
4,60,-0.078933
2,59,-0.078948
1,10,-0.079062
39,49,-0.079377
39,54,-0.079563
17,47,-0.080011
31,41,-0.080205
12,54,-0.080669
15,60,-0.080850
32,49,-0.081035
24,44,-0.081693
15,66,-0.081956
24,30,-0.082191
37,73,-0.082575
37,67,-0.082912
21,63,-0.083790
21,60,-0.084455
10,73,-0.084825
29,41,-0.085581
14,64,-0.086006
26,74,-0.086124
5,67,-0.086197
13,37,-0.086905
25,57,-0.086969
42,58,-0.087884
32,53,-0.088188
18,58,-0.088672
20,62,-0.088878
42,59,-0.088928
42,63,-0.090016
3,59,-0.090857
2,64,-0.091165
8,49,-0.091539
14,62,-0.092126
41,51,-0.092310
37,61,-0.092595
25,63,-0.092597
20,41,-0.093309
42,61,-0.094911
9,34,-0.095188
39,56,-0.097292
12,39,-0.097925
7,22,-0.098406
42,60,-0.101225
8,52,-0.102138
2,60,-0.103931
25,47,-0.109298
11,39,-0.121162
