89,97,0.537448
92,98,0.467971
30,52,0.465069
92,94,0.441120
54,62,0.419593
96,98,0.384243
27,29,0.363444
61,63,0.354520
57,59,0.354317
92,96,0.351657
24,32,0.344797
31,33,0.337122
43,45,0.337084
59,61,0.319256
105,107,0.316063
91,97,0.304235
85,87,0.296669
34,35,0.290461
66,68,0.284969
33,35,0.279303
29,33,0.274714
9,10,0.269363
57,63,0.266192
88,90,0.266064
74,76,0.265519
44,45,0.263239
12,13,0.260886
29,32,0.257517
57,65,0.251970
57,61,0.249809
74,75,0.241155
33,34,0.237947
25,26,0.236889
54,64,0.234394
86,87,0.233219
94,100,0.232285
29,31,0.231951
96,106,0.230407
26,27,0.226880
106,107,0.224046
27,42,0.221804
40,41,0.215433
3,4,0.213613
5,8,0.213221
92,100,0.213202
27,33,0.212631
6,8,0.211971
27,35,0.211221
92,106,0.209523
25,27,0.208354
104,105,0.206838
63,65,0.206066
15,17,0.205239
31,45,0.203552
94,98,0.200262
75,77,0.199553
42,45,0.198813
60,62,0.198288
4,5,0.198072
27,31,0.197842
52,53,0.196529
36,37,0.195825
8,9,0.195231
87,99,0.192065
56,99,0.191566
105,106,0.188478
43,44,0.188321
98,100,0.187734
5,9,0.187215
25,35,0.186897
19,21,0.185304
108,109,0.183103
12,15,0.182804
42,43,0.181018
76,78,0.175865
22,25,0.173769
73,74,0.171974
14,15,0.171618
94,109,0.170064
100,103,0.169020
56,57,0.168582
94,96,0.168459
32,33,0.167957
30,31,0.164631
7,8,0.164064
35,39,0.163960
15,16,0.163894
39,42,0.163324
91,95,0.162503
85,86,0.162395
31,35,0.162248
21,22,0.161948
45,47,0.161082
19,93,0.160466
78,80,0.159463
93,96,0.158305
51,52,0.157763
77,79,0.157638
20,22,0.157135
33,45,0.155495
65,72,0.155103
47,48,0.154766
23,36,0.153882
93,98,0.153250
7,9,0.152010
14,16,0.151079
77,78,0.150609
11,89,0.150241
61,65,0.150199
56,61,0.150005
44,48,0.149924
68,71,0.149528
53,55,0.148402
59,63,0.148285
50,51,0.148261
6,10,0.148222
107,109,0.147873
96,109,0.146815
27,45,0.146595
95,97,0.145925
51,53,0.145860
16,23,0.144994
92,103,0.144007
32,34,0.142974
107,108,0.142584
6,9,0.142022
88,100,0.141011
5,6,0.140874
82,85,0.140654
89,99,0.139181
90,92,0.138171
24,54,0.137939
35,36,0.137800
42,44,0.137163
13,14,0.136647
87,88,0.135086
42,48,0.133979
45,48,0.133451
66,71,0.133411
14,17,0.131474
29,30,0.131169
48,49,0.129840
60,61,0.129066
41,96,0.128041
43,48,0.127964
62,63,0.127529
43,64,0.126095
9,12,0.125389
60,87,0.125233
74,77,0.124897
41,43,0.124418
59,60,0.124336
24,34,0.124332
7,12,0.124320
106,108,0.123317
2,4,0.121011
86,88,0.120518
26,30,0.120363
63,74,0.119864
27,43,0.119795
26,64,0.119773
32,54,0.118649
89,105,0.118072
41,44,0.117943
5,17,0.117681
62,64,0.117466
99,104,0.117075
22,95,0.116514
67,68,0.116192
30,33,0.115303
96,97,0.115080
66,67,0.115059
3,5,0.114595
6,7,0.114405
22,41,0.114327
12,14,0.113904
75,76,0.113402
26,32,0.113245
2,3,0.112671
56,62,0.110841
57,72,0.110357
80,81,0.110351
83,84,0.109861
109,110,0.109211
34,36,0.108563
60,65,0.108516
31,34,0.108372
104,107,0.108147
76,77,0.107863
103,106,0.107783
8,10,0.107330
61,76,0.107187
4,7,0.107121
22,40,0.106750
5,7,0.106531
90,101,0.106241
106,109,0.105658
30,45,0.105119
89,96,0.104985
56,86,0.104724
27,28,0.104135
55,56,0.103727
34,91,0.103469
4,12,0.103409
60,64,0.103207
108,110,0.102540
7,15,0.102047
16,25,0.101960
31,32,0.101818
101,102,0.101697
31,39,0.101124
8,12,0.100995
79,81,0.100866
33,42,0.100196
90,100,0.099891
77,85,0.099841
96,108,0.099743
8,15,0.099545
24,41,0.099523
92,109,0.099416
49,50,0.098637
26,52,0.098621
81,82,0.098205
11,20,0.098088
23,25,0.097595
103,105,0.097575
61,78,0.097464
3,14,0.097249
29,39,0.097225
7,10,0.096472
4,10,0.096412
11,15,0.095353
53,70,0.094881
55,57,0.094641
95,105,0.094509
96,99,0.094346
96,100,0.094310
78,89,0.093778
38,39,0.093627
45,46,0.093574
75,78,0.093242
29,35,0.093020
16,17,0.092912
43,46,0.092895
54,56,0.092373
33,43,0.092356
74,105,0.092165
97,107,0.092146
77,81,0.091260
41,93,0.091213
6,12,0.091164
4,6,0.090941
45,49,0.090784
25,28,0.090626
87,90,0.090535
98,106,0.090525
29,45,0.090415
25,29,0.090165
62,89,0.090120
57,75,0.090052
24,91,0.089756
19,22,0.089444
90,91,0.089250
9,23,0.088855
31,44,0.088789
90,98,0.088710
26,76,0.088468
39,41,0.088318
91,94,0.088244
86,101,0.087638
80,87,0.087554
61,75,0.087483
7,21,0.086676
11,16,0.086167
29,34,0.086154
31,42,0.085979
9,11,0.085875
5,11,0.085653
79,80,0.085445
79,82,0.085151
71,72,0.085148
42,46,0.085099
27,39,0.084682
49,56,0.084525
9,17,0.084418
85,93,0.084214
70,71,0.084207
89,91,0.083460
72,75,0.083322
63,76,0.083250
57,58,0.083092
78,79,0.083044
20,21,0.082808
97,108,0.082648
59,79,0.082470
86,102,0.081881
49,73,0.081834
19,24,0.081742
52,55,0.081495
10,12,0.081258
19,89,0.081214
62,76,0.081148
28,29,0.080943
26,43,0.080688
10,15,0.080285
9,18,0.080156
3,17,0.079364
46,48,0.078990
38,40,0.078904
53,54,0.078873
91,100,0.078823
25,43,0.078760
89,95,0.078503
11,13,0.078483
54,57,0.078418
32,36,0.078124
14,58,0.078116
40,92,0.078102
103,104,0.077876
40,95,0.077625
104,106,0.077621
12,17,0.077426
49,51,0.077405
58,60,0.077202
92,93,0.077188
39,45,0.077174
105,109,0.077132
81,83,0.077024
29,94,0.076974
97,98,0.076865
27,44,0.076515
4,18,0.076200
46,47,0.076141
94,95,0.075575
23,73,0.075511
31,43,0.075507
37,38,0.075487
4,8,0.075452
47,49,0.075379
62,99,0.075241
47,67,0.075083
18,93,0.074975
63,64,0.074872
6,13,0.074692
85,88,0.074676
49,52,0.074465
78,81,0.074260
39,44,0.074105
7,18,0.074093
23,27,0.074089
70,72,0.074085
86,99,0.073852
55,99,0.073832
17,18,0.073548
18,21,0.072856
94,103,0.072679
89,90,0.072610
99,105,0.072462
57,78,0.072378
32,37,0.072316
87,100,0.072074
55,65,0.071917
100,106,0.071860
97,99,0.071503
29,43,0.071350
2,10,0.070887
65,78,0.070414
38,59,0.070350
26,35,0.070244
77,82,0.070016
56,59,0.069761
48,52,0.069725
56,60,0.069717
44,47,0.069712
90,97,0.069619
95,98,0.069616
8,14,0.069583
72,73,0.069523
9,15,0.069230
7,11,0.069182
46,79,0.069178
53,65,0.069101
16,18,0.069010
35,98,0.068835
40,105,0.068543
38,79,0.068436
50,52,0.068431
51,66,0.068319
13,15,0.068033
18,23,0.068027
25,44,0.067949
43,52,0.067930
101,104,0.067929
19,41,0.067644
3,6,0.067163
8,40,0.067065
15,94,0.067015
13,86,0.066888
13,51,0.066869
54,74,0.066546
12,16,0.066097
24,30,0.066085
66,101,0.065796
52,67,0.065430
56,87,0.065407
96,105,0.065371
93,97,0.065284
88,103,0.065176
98,103,0.065162
87,101,0.065062
26,28,0.064794
61,74,0.064762
4,9,0.064744
56,78,0.064718
7,17,0.064462
34,109,0.064457
27,34,0.064452
10,53,0.064380
94,97,0.064205
8,13,0.064103
77,83,0.064063
8,11,0.064061
12,88,0.063885
9,40,0.063662
93,99,0.063661
90,95,0.063583
41,74,0.063576
17,19,0.063240
15,19,0.063219
81,86,0.063086
102,106,0.063002
67,70,0.062981
82,86,0.062934
21,100,0.062833
33,36,0.062695
103,108,0.062628
73,82,0.062495
3,7,0.062111
64,65,0.062068
9,13,0.061874
61,77,0.061819
41,105,0.061798
39,40,0.061642
45,51,0.061628
93,95,0.061461
30,60,0.061118
61,62,0.060973
18,20,0.060803
54,55,0.060703
13,56,0.060541
65,79,0.060473
2,9,0.060458
68,69,0.060454
20,23,0.060447
51,67,0.060398
55,66,0.060387
37,39,0.060366
91,92,0.060319
78,85,0.060312
67,69,0.060226
64,74,0.060181
7,40,0.059874
35,42,0.059712
23,26,0.059665
7,19,0.059642
5,32,0.059630
75,104,0.059602
88,101,0.059585
85,101,0.059525
87,102,0.059379
82,84,0.059178
38,67,0.059143
31,50,0.059116
24,26,0.058935
58,80,0.058814
11,12,0.058783
55,59,0.058637
95,109,0.058485
88,91,0.058454
9,20,0.058315
70,81,0.058299
16,20,0.058222
38,50,0.058206
74,88,0.058146
39,79,0.058106
25,45,0.058082
24,97,0.058075
81,85,0.057983
22,37,0.057822
105,108,0.057692
3,19,0.057600
72,78,0.057577
76,80,0.057515
29,53,0.057412
2,13,0.057405
51,54,0.057368
3,18,0.057178
93,101,0.057137
2,5,0.056983
32,100,0.056950
34,45,0.056903
22,27,0.056863
51,64,0.056785
98,109,0.056676
72,107,0.056573
20,71,0.056528
73,75,0.056352
37,44,0.056280
90,102,0.056140
43,47,0.056024
13,52,0.055989
5,12,0.055858
59,75,0.055789
15,23,0.055787
73,76,0.055775
21,36,0.055706
55,71,0.055489
91,105,0.055410
17,21,0.055336
52,56,0.055177
38,71,0.054862
100,102,0.054793
104,108,0.054770
87,92,0.054722
38,58,0.054640
51,68,0.054397
66,73,0.054334
15,18,0.054307
22,107,0.054232
10,11,0.054018
82,83,0.053942
93,105,0.053625
103,110,0.053536
71,78,0.053168
24,62,0.053081
20,57,0.053059
2,7,0.053027
26,45,0.052807
73,83,0.052571
103,109,0.052257
98,105,0.052254
21,28,0.052243
50,78,0.052190
84,86,0.052163
47,53,0.052088
8,16,0.051741
3,108,0.051667
37,99,0.051617
33,39,0.051550
83,85,0.051550
76,85,0.051449
73,104,0.051412
99,100,0.051344
65,75,0.051076
23,37,0.050922
10,22,0.050864
40,74,0.050786
40,98,0.050659
48,50,0.050608
12,28,0.050546
90,94,0.050430
4,23,0.050339
30,51,0.050333
96,107,0.050146
5,102,0.049796
37,111,0.049728
63,86,0.049581
88,102,0.049552
18,37,0.049344
12,18,0.049161
2,69,0.049153
32,41,0.049136
55,58,0.048985
34,107,0.048879
56,111,0.048856
61,72,0.048776
12,20,0.048441
13,20,0.048417
4,13,0.048412
72,105,0.048286
61,64,0.048275
49,68,0.048250
11,18,0.048245
13,85,0.047928
20,36,0.047790
7,55,0.047728
22,58,0.047597
6,11,0.047509
32,51,0.047409
89,92,0.047317
10,13,0.047179
51,65,0.047144
39,46,0.047097
58,61,0.047080
87,106,0.046982
58,91,0.046917
8,90,0.046818
36,76,0.046797
7,49,0.046677
20,68,0.046614
2,17,0.046482
12,21,0.046473
89,98,0.046470
7,13,0.046422
59,102,0.046363
13,28,0.046293
6,18,0.046284
6,14,0.046185
26,95,0.046027
47,68,0.045907
22,23,0.045882
26,29,0.045878
36,40,0.045750
75,81,0.045617
82,97,0.045584
2,12,0.045303
11,27,0.045303
93,108,0.045270
79,89,0.045222
103,107,0.045192
91,109,0.045163
82,103,0.045157
24,89,0.044876
21,24,0.044796
59,72,0.044668
11,14,0.044666
11,90,0.044662
47,50,0.044621
21,53,0.044549
67,91,0.044494
65,70,0.044400
41,42,0.044370
57,70,0.044369
56,76,0.044358
77,80,0.044237
22,26,0.044160
14,74,0.044085
11,70,0.044081
26,33,0.044016
94,106,0.044012
75,82,0.043951
22,96,0.043891
6,32,0.043795
64,69,0.043726
28,33,0.043664
59,65,0.043601
47,71,0.043581
14,65,0.043412
55,86,0.043359
89,109,0.043320
83,87,0.043278
36,70,0.043220
19,20,0.043212
55,67,0.043209
54,99,0.043159
53,82,0.043129
98,99,0.043073
47,80,0.043044
17,22,0.042870
13,16,0.042786
110,111,0.042766
91,108,0.042738
72,74,0.042600
11,26,0.042550
19,46,0.042530
37,51,0.042515
74,101,0.042491
74,78,0.042477
54,97,0.042459
73,78,0.042413
13,18,0.042401
58,59,0.042348
46,71,0.042337
25,41,0.042293
13,49,0.042260
72,86,0.042257
28,68,0.042256
56,58,0.042212
104,110,0.042111
30,58,0.042018
12,40,0.041973
99,102,0.041808
95,99,0.041667
60,100,0.041631
10,70,0.041537
14,41,0.041486
88,99,0.041387
23,70,0.041368
32,59,0.041254
63,66,0.041236
74,102,0.041231
21,95,0.041090
29,47,0.041022
46,50,0.040926
63,75,0.040914
64,73,0.040863
82,102,0.040823
107,110,0.040768
28,77,0.040742
42,49,0.040727
90,103,0.040657
29,42,0.040653
82,101,0.040582
72,76,0.040554
34,49,0.040541
97,105,0.040521
91,98,0.040485
60,66,0.040447
47,54,0.040412
68,70,0.040411
28,46,0.040363
28,58,0.040292
31,74,0.040156
80,100,0.040111
49,53,0.039981
32,64,0.039981
58,70,0.039858
76,102,0.039850
52,54,0.039766
5,10,0.039726
91,99,0.039691
81,84,0.039690
50,56,0.039659
51,75,0.039656
97,109,0.039646
82,87,0.039642
69,84,0.039449
80,84,0.039375
40,82,0.039356
18,47,0.039339
4,71,0.039332
80,82,0.039323
35,77,0.039317
81,102,0.039280
76,79,0.039253
13,70,0.039129
38,85,0.039115
16,21,0.039060
90,93,0.038994
7,24,0.038982
37,84,0.038948
73,84,0.038942
21,67,0.038926
81,87,0.038808
87,98,0.038804
10,14,0.038767
71,73,0.038652
84,100,0.038557
70,77,0.038554
67,71,0.038536
90,99,0.038508
30,95,0.038468
43,74,0.038445
80,92,0.038434
25,42,0.038181
3,15,0.038171
16,39,0.038122
5,23,0.038008
88,92,0.037882
21,93,0.037763
106,110,0.037538
40,43,0.037531
6,16,0.037522
14,24,0.037255
3,20,0.037199
24,60,0.037186
53,81,0.037017
2,20,0.036990
86,95,0.036764
60,75,0.036750
95,101,0.036558
70,86,0.036446
30,56,0.036404
46,49,0.036360
16,71,0.036359
40,108,0.036268
19,59,0.036249
34,48,0.036237
66,72,0.036228
34,51,0.036203
16,42,0.036182
48,51,0.036150
36,38,0.036115
55,72,0.036092
82,99,0.036072
60,73,0.036048
58,82,0.036036
9,14,0.036007
39,80,0.035943
7,14,0.035909
76,105,0.035902
12,23,0.035899
83,107,0.035785
23,87,0.035678
56,65,0.035677
10,16,0.035661
82,89,0.035646
27,46,0.035618
98,107,0.035603
8,21,0.035601
69,75,0.035527
32,60,0.035389
35,37,0.035259
11,62,0.035247
28,55,0.035242
59,77,0.035212
3,8,0.035109
72,79,0.035108
10,64,0.035089
44,72,0.035075
54,63,0.034947
32,62,0.034845
39,83,0.034796
68,72,0.034760
91,106,0.034736
10,100,0.034733
18,19,0.034679
27,32,0.034659
5,74,0.034653
84,104,0.034597
23,24,0.034507
95,96,0.034408
96,103,0.034401
4,90,0.034276
33,72,0.034248
37,101,0.034236
8,91,0.034210
55,110,0.034151
1,2,0.034135
62,105,0.033981
52,88,0.033950
22,62,0.033948
25,95,0.033917
41,52,0.033917
89,108,0.033891
30,105,0.033883
79,83,0.033866
69,71,0.033776
41,97,0.033774
8,93,0.033770
72,103,0.033743
30,65,0.033692
28,30,0.033631
14,20,0.033589
59,64,0.033489
83,104,0.033410
69,72,0.033338
22,91,0.033333
8,69,0.033309
11,17,0.033186
16,70,0.033151
63,79,0.033146
94,102,0.033128
53,59,0.033103
81,93,0.033103
83,102,0.033085
53,80,0.033084
72,81,0.033047
60,99,0.033028
84,99,0.033026
51,56,0.033024
77,87,0.032966
37,56,0.032948
24,56,0.032887
2,21,0.032880
69,70,0.032528
50,86,0.032527
17,91,0.032494
41,98,0.032409
58,67,0.032408
7,59,0.032404
21,37,0.032397
76,99,0.032384
14,72,0.032358
59,78,0.032357
60,103,0.032345
91,102,0.032312
80,99,0.032298
3,39,0.032277
34,41,0.032249
51,96,0.032244
99,107,0.032230
32,35,0.032158
42,50,0.032116
94,108,0.032103
3,11,0.032091
30,43,0.032047
35,43,0.032005
10,19,0.031923
85,106,0.031890
70,76,0.031868
57,60,0.031864
13,19,0.031850
34,42,0.031826
47,100,0.031802
55,61,0.031800
20,59,0.031767
51,73,0.031734
30,49,0.031727
38,47,0.031691
84,87,0.031690
35,45,0.031664
73,79,0.031664
40,107,0.031639
75,85,0.031618
7,90,0.031601
34,40,0.031590
87,96,0.031581
95,110,0.031553
80,86,0.031522
44,46,0.031519
69,99,0.031470
18,68,0.031438
44,97,0.031421
50,70,0.031414
95,106,0.031407
30,100,0.031383
22,54,0.031318
77,104,0.031280
44,96,0.031275
19,36,0.031269
8,23,0.031261
29,78,0.031260
91,93,0.031253
6,67,0.031246
81,97,0.031215
17,78,0.031179
16,66,0.031131
61,104,0.031090
2,84,0.031033
10,38,0.030994
17,76,0.030968
82,96,0.030935
68,103,0.030791
78,103,0.030782
64,110,0.030770
4,67,0.030695
82,98,0.030641
14,19,0.030618
45,52,0.030600
16,104,0.030562
24,52,0.030558
24,106,0.030554
36,95,0.030532
58,101,0.030501
83,86,0.030438
50,71,0.030394
79,106,0.030364
33,48,0.030351
99,111,0.030281
82,109,0.030228
78,104,0.030195
18,22,0.030121
14,30,0.030106
48,73,0.030070
31,46,0.030008
47,55,0.029926
36,49,0.029899
2,6,0.029874
22,89,0.029864
58,76,0.029863
6,99,0.029813
3,84,0.029807
52,68,0.029792
5,49,0.029771
84,103,0.029751
80,83,0.029704
24,64,0.029646
36,101,0.029554
38,48,0.029533
28,73,0.029514
93,102,0.029506
60,70,0.029484
66,74,0.029479
20,73,0.029427
46,102,0.029414
11,32,0.029409
15,46,0.029391
36,39,0.029383
21,90,0.029373
40,111,0.029285
23,35,0.029221
21,71,0.029217
57,74,0.029211
84,95,0.029191
3,50,0.029175
10,88,0.029155
92,108,0.029077
89,107,0.029051
22,110,0.029028
89,93,0.029001
85,91,0.028961
48,57,0.028882
4,17,0.028875
28,35,0.028793
23,38,0.028594
83,97,0.028566
21,59,0.028562
10,108,0.028525
88,95,0.028401
32,70,0.028374
58,73,0.028354
33,37,0.028349
102,104,0.028337
65,80,0.028309
62,70,0.028298
68,73,0.028293
55,96,0.028250
50,68,0.028233
86,96,0.028184
81,101,0.028172
83,95,0.028157
95,111,0.028036
33,49,0.028033
55,68,0.028025
25,34,0.027996
3,9,0.027949
36,87,0.027944
19,28,0.027940
17,24,0.027903
4,76,0.027876
58,85,0.027855
72,88,0.027777
14,51,0.027765
33,44,0.027685
89,100,0.027665
11,105,0.027645
38,81,0.027616
86,105,0.027587
67,84,0.027544
47,92,0.027507
55,81,0.027466
56,88,0.027457
86,104,0.027430
85,100,0.027409
78,83,0.027388
21,25,0.027373
27,36,0.027325
82,107,0.027297
93,109,0.027286
18,53,0.027279
52,64,0.027268
46,73,0.027268
6,94,0.027260
64,76,0.027114
53,73,0.027061
49,66,0.027052
9,60,0.027017
1,107,0.026959
68,80,0.026950
37,79,0.026948
64,67,0.026844
20,47,0.026817
41,94,0.026816
30,94,0.026813
16,19,0.026811
67,101,0.026791
100,109,0.026789
44,50,0.026789
23,64,0.026753
8,67,0.026660
13,90,0.026639
25,47,0.026585
8,70,0.026526
75,80,0.026494
50,103,0.026491
50,65,0.026385
10,103,0.026375
20,90,0.026366
13,25,0.026356
54,60,0.026353
84,101,0.026325
21,47,0.026223
1,3,0.026214
13,34,0.026183
22,35,0.026177
25,99,0.026082
40,102,0.026050
83,88,0.025996
15,60,0.025908
35,97,0.025892
63,108,0.025824
78,87,0.025823
91,107,0.025817
50,58,0.025816
4,16,0.025814
69,104,0.025805
27,30,0.025802
23,93,0.025771
92,99,0.025752
10,40,0.025680
87,103,0.025678
55,63,0.025672
21,23,0.025645
10,90,0.025636
24,84,0.025546
53,64,0.025430
47,104,0.025407
39,50,0.025377
38,53,0.025307
22,30,0.025300
68,83,0.025286
91,96,0.025264
28,71,0.025254
12,110,0.025235
67,88,0.025139
75,97,0.025070
102,105,0.025045
10,23,0.025040
5,18,0.025018
21,70,0.024995
5,75,0.024973
58,65,0.024969
20,28,0.024954
20,95,0.024954
81,98,0.024934
68,101,0.024908
81,106,0.024902
42,47,0.024880
100,101,0.024830
37,49,0.024829
72,77,0.024819
70,103,0.024792
87,104,0.024770
18,49,0.024718
37,48,0.024636
6,46,0.024633
18,102,0.024609
49,61,0.024597
43,99,0.024589
33,108,0.024441
15,28,0.024410
63,67,0.024398
42,75,0.024392
50,81,0.024384
53,101,0.024369
35,91,0.024330
50,84,0.024294
6,36,0.024292
12,66,0.024281
50,53,0.024267
10,36,0.024239
47,51,0.024213
40,93,0.024158
41,66,0.024130
68,75,0.023961
21,103,0.023961
86,97,0.023889
66,95,0.023885
20,50,0.023791
34,62,0.023785
3,109,0.023775
19,107,0.023759
52,86,0.023739
73,81,0.023694
1,69,0.023677
27,91,0.023663
89,101,0.023645
38,43,0.023599
22,111,0.023507
63,96,0.023476
50,69,0.023428
49,78,0.023399
64,97,0.023350
12,53,0.023336
28,70,0.023319
67,81,0.023285
25,32,0.023248
1,17,0.023245
18,66,0.023242
41,60,0.023220
17,55,0.023219
5,70,0.023217
38,88,0.023166
23,102,0.023154
75,89,0.023132
34,111,0.023097
25,93,0.023091
65,73,0.023050
28,90,0.023031
14,23,0.022991
41,87,0.022981
24,100,0.022902
76,108,0.022798
56,63,0.022786
37,42,0.022737
12,64,0.022681
6,28,0.022674
34,101,0.022661
53,57,0.022642
61,92,0.022614
24,27,0.022610
15,74,0.022601
27,59,0.022585
77,108,0.022578
71,103,0.022574
74,104,0.022525
65,66,0.022503
99,101,0.022497
84,85,0.022380
10,18,0.022378
36,48,0.022364
73,77,0.022359
47,70,0.022303
5,67,0.022296
21,52,0.022285
39,47,0.022263
64,82,0.022256
68,78,0.022247
88,96,0.022240
18,70,0.022231
89,102,0.022208
66,86,0.022082
32,43,0.022081
36,53,0.022068
4,88,0.022056
51,86,0.022045
84,102,0.022038
80,104,0.022035
31,63,0.022002
7,95,0.021980
22,36,0.021933
29,49,0.021932
68,77,0.021919
77,101,0.021907
4,75,0.021896
62,72,0.021885
39,91,0.021793
42,53,0.021755
11,24,0.021723
28,34,0.021624
15,62,0.021583
17,37,0.021577
87,93,0.021574
41,86,0.021517
28,82,0.021513
50,55,0.021508
59,108,0.021485
21,110,0.021459
72,80,0.021449
49,57,0.021410
54,86,0.021392
22,28,0.021371
77,105,0.021316
13,87,0.021311
21,38,0.021219
62,78,0.021213
21,33,0.021196
34,43,0.021153
6,65,0.021147
96,104,0.021119
20,97,0.021109
36,90,0.021107
65,69,0.021008
75,103,0.020998
48,79,0.020992
33,51,0.020956
18,55,0.020953
48,71,0.020910
10,26,0.020899
14,50,0.020875
19,102,0.020844
13,76,0.020843
46,65,0.020840
63,68,0.020838
46,75,0.020837
2,14,0.020813
35,46,0.020793
26,36,0.020729
14,18,0.020680
50,80,0.020669
49,65,0.020558
6,71,0.020549
71,81,0.020526
8,18,0.020517
41,61,0.020501
23,42,0.020443
18,60,0.020431
52,102,0.020422
1,84,0.020413
3,69,0.020401
49,94,0.020395
16,46,0.020364
83,106,0.020323
41,89,0.020291
73,103,0.020279
98,101,0.020249
63,77,0.020141
28,32,0.020109
5,46,0.020107
4,14,0.020061
36,82,0.020061
48,108,0.020061
14,32,0.020038
80,85,0.019977
10,55,0.019975
52,80,0.019971
38,52,0.019951
38,80,0.019935
67,73,0.019907
47,65,0.019885
47,77,0.019871
22,24,0.019828
18,73,0.019826
50,99,0.019801
78,82,0.019776
46,80,0.019762
24,31,0.019747
69,80,0.019733
7,52,0.019710
53,66,0.019693
15,97,0.019682
17,101,0.019678
13,102,0.019674
64,78,0.019598
35,49,0.019588
2,49,0.019584
83,109,0.019580
26,46,0.019579
39,106,0.019570
37,68,0.019562
41,111,0.019547
46,107,0.019533
105,111,0.019506
17,111,0.019460
6,19,0.019453
40,42,0.019447
9,44,0.019421
93,94,0.019420
6,76,0.019390
69,79,0.019385
39,72,0.019325
98,102,0.019319
53,68,0.019291
77,88,0.019248
1,83,0.019233
16,103,0.019220
36,111,0.019218
39,84,0.019210
2,8,0.019147
11,60,0.019142
14,101,0.019128
18,41,0.019125
66,83,0.019125
21,86,0.019102
46,63,0.019036
18,88,0.018984
19,66,0.018938
37,58,0.018931
16,85,0.018911
47,52,0.018866
105,110,0.018841
97,111,0.018807
1,11,0.018760
58,95,0.018737
77,106,0.018724
63,71,0.018695
70,91,0.018660
11,52,0.018578
25,38,0.018568
5,37,0.018563
44,81,0.018512
4,38,0.018499
67,78,0.018499
20,40,0.018493
5,105,0.018461
60,69,0.018436
51,59,0.018344
26,44,0.018314
85,104,0.018297
46,72,0.018290
37,80,0.018277
49,67,0.018266
47,66,0.018231
10,91,0.018216
66,69,0.018152
23,88,0.018146
6,44,0.018136
59,62,0.018044
8,38,0.018028
17,44,0.018019
93,107,0.018000
40,94,0.017963
79,104,0.017953
7,68,0.017899
16,80,0.017890
28,50,0.017885
8,98,0.017861
58,64,0.017817
43,51,0.017802
39,81,0.017780
68,92,0.017748
5,111,0.017730
69,81,0.017680
51,61,0.017636
32,57,0.017624
51,88,0.017597
82,104,0.017578
46,52,0.017554
25,33,0.017491
7,81,0.017482
49,89,0.017473
35,54,0.017468
62,79,0.017442
6,21,0.017434
25,110,0.017419
82,90,0.017396
15,71,0.017392
26,31,0.017364
10,76,0.017349
28,37,0.017340
20,39,0.017334
19,68,0.017325
39,60,0.017264
13,73,0.017226
6,17,0.017198
9,21,0.017179
25,48,0.017118
62,67,0.017113
24,53,0.017094
50,79,0.017076
23,57,0.017045
59,87,0.017008
75,101,0.017000
20,88,0.016976
69,83,0.016975
51,82,0.016964
95,104,0.016955
7,32,0.016949
25,106,0.016939
7,38,0.016932
66,109,0.016857
46,68,0.016818
58,79,0.016817
20,103,0.016813
16,82,0.016793
18,25,0.016767
64,66,0.016723
86,110,0.016688
1,91,0.016675
7,67,0.016663
85,102,0.016648
93,111,0.016641
59,83,0.016625
57,79,0.016625
74,97,0.016611
61,67,0.016595
57,66,0.016564
41,95,0.016554
10,110,0.016526
42,57,0.016498
30,68,0.016489
31,85,0.016480
20,26,0.016467
3,48,0.016466
46,70,0.016459
19,38,0.016442
4,110,0.016434
79,84,0.016432
100,104,0.016415
37,40,0.016314
36,66,0.016297
23,101,0.016292
51,71,0.016288
16,58,0.016278
24,103,0.016254
109,111,0.016221
92,95,0.016213
27,51,0.016206
72,83,0.016180
16,90,0.016152
62,69,0.016143
24,29,0.016100
38,98,0.016080
2,18,0.016073
46,85,0.016067
20,110,0.016010
26,48,0.016004
1,4,0.015990
19,29,0.015985
3,104,0.015976
69,109,0.015969
4,87,0.015935
8,95,0.015878
24,86,0.015875
71,80,0.015868
41,99,0.015854
47,58,0.015839
43,50,0.015835
69,105,0.015774
24,95,0.015764
28,52,0.015759
51,79,0.015736
4,101,0.015696
3,93,0.015646
36,72,0.015644
46,67,0.015631
24,42,0.015620
47,59,0.015616
17,61,0.015583
14,21,0.015571
18,85,0.015550
46,56,0.015513
67,72,0.015492
57,62,0.015457
79,101,0.015445
46,55,0.015433
95,107,0.015424
44,64,0.015423
36,71,0.015416
15,32,0.015349
46,81,0.015346
65,76,0.015341
11,35,0.015332
40,57,0.015276
47,85,0.015273
61,86,0.015261
69,94,0.015242
7,102,0.015219
37,107,0.015181
26,51,0.015173
94,105,0.015172
7,63,0.015156
48,54,0.015142
31,57,0.015103
8,20,0.015082
18,62,0.015081
6,40,0.015067
71,79,0.015042
69,78,0.015026
18,104,0.015014
87,95,0.015012
35,51,0.015005
46,58,0.014990
33,46,0.014980
37,50,0.014978
30,71,0.014913
71,84,0.014852
57,77,0.014822
40,66,0.014804
37,82,0.014763
5,104,0.014750
67,104,0.014748
15,21,0.014743
1,95,0.014671
74,90,0.014621
19,98,0.014593
5,28,0.014583
3,62,0.014518
14,25,0.014516
84,90,0.014502
34,37,0.014498
48,66,0.014494
38,42,0.014489
9,16,0.014429
2,103,0.014428
11,19,0.014422
65,83,0.014415
58,69,0.014397
80,102,0.014380
43,93,0.014375
53,72,0.014344
62,104,0.014340
36,50,0.014259
47,57,0.014255
5,68,0.014184
16,55,0.014164
20,102,0.014148
107,111,0.014130
38,76,0.014126
48,65,0.014120
36,79,0.014101
9,71,0.014072
9,38,0.014058
73,80,0.014035
40,63,0.014013
44,91,0.013980
23,49,0.013962
42,79,0.013952
64,103,0.013934
60,76,0.013929
7,88,0.013921
41,45,0.013870
98,108,0.013869
47,84,0.013851
92,102,0.013796
87,89,0.013782
46,66,0.013770
1,20,0.013760
42,56,0.013749
23,44,0.013713
56,110,0.013650
19,58,0.013643
5,22,0.013616
59,84,0.013615
23,97,0.013613
26,97,0.013605
8,72,0.013579
12,90,0.013498
22,48,0.013476
11,61,0.013423
96,102,0.013409
35,72,0.013408
52,60,0.013339
58,77,0.013326
71,93,0.013317
6,85,0.013314
61,68,0.013312
61,79,0.013306
29,36,0.013290
5,13,0.013261
55,79,0.013241
39,90,0.013240
31,62,0.013213
84,94,0.013195
71,110,0.013184
102,103,0.013166
1,5,0.013143
43,96,0.013115
21,29,0.013106
5,26,0.013100
36,85,0.013043
2,15,0.013014
16,28,0.013010
9,90,0.013009
89,94,0.012978
95,108,0.012974
21,72,0.012963
44,60,0.012960
58,66,0.012956
89,111,0.012881
55,93,0.012872
26,53,0.012872
3,13,0.012868
25,77,0.012861
47,79,0.012856
24,33,0.012852
81,92,0.012846
16,38,0.012837
43,66,0.012823
40,85,0.012817
68,85,0.012811
97,101,0.012794
7,22,0.012768
28,31,0.012767
38,61,0.012752
2,101,0.012748
42,93,0.012653
11,30,0.012649
5,41,0.012615
10,52,0.012571
8,73,0.012568
18,27,0.012555
74,98,0.012540
54,111,0.012502
86,93,0.012481
71,91,0.012459
91,111,0.012452
4,15,0.012435
2,108,0.012425
63,82,0.012422
20,24,0.012386
43,54,0.012377
46,90,0.012355
42,83,0.012347
7,16,0.012341
9,94,0.012316
59,90,0.012303
28,104,0.012221
38,110,0.012213
54,82,0.012135
25,64,0.012054
6,15,0.012038
9,28,0.012035
8,87,0.012001
12,101,0.011999
6,25,0.011980
8,111,0.011963
18,44,0.011945
40,71,0.011942
17,98,0.011940
30,34,0.011935
62,107,0.011913
41,64,0.011910
5,78,0.011870
31,70,0.011863
70,78,0.011832
31,36,0.011829
76,107,0.011821
75,88,0.011795
87,97,0.011792
43,88,0.011771
12,19,0.011740
83,105,0.011737
9,66,0.011712
22,46,0.011710
65,67,0.011679
13,35,0.011673
77,103,0.011664
49,83,0.011645
48,55,0.011593
44,89,0.011591
80,98,0.011565
63,72,0.011558
24,68,0.011530
77,94,0.011526
2,23,0.011493
3,26,0.011451
12,74,0.011451
51,77,0.011417
26,87,0.011386
44,55,0.011371
83,108,0.011346
19,86,0.011319
70,75,0.011317
22,83,0.011316
41,75,0.011311
45,84,0.011296
33,50,0.011260
40,87,0.011229
68,98,0.011216
34,100,0.011202
90,109,0.011171
20,30,0.011130
21,31,0.011127
38,41,0.011101
22,108,0.011054
46,110,0.011041
1,14,0.011020
3,61,0.011006
1,97,0.010947
41,59,0.010937
51,101,0.010930
14,88,0.010900
3,54,0.010892
69,95,0.010848
58,83,0.010839
32,45,0.010828
54,77,0.010826
60,81,0.010809
80,95,0.010809
20,52,0.010788
11,55,0.010787
31,53,0.010748
55,70,0.010733
5,101,0.010716
35,79,0.010695
102,110,0.010665
58,84,0.010636
69,97,0.010627
60,111,0.010622
84,107,0.010616
13,88,0.010578
43,108,0.010577
40,109,0.010568
7,50,0.010558
58,71,0.010553
3,91,0.010535
45,56,0.010533
13,101,0.010496
52,91,0.010470
31,58,0.010456
32,85,0.010445
77,84,0.010433
48,99,0.010408
27,75,0.010380
4,20,0.010374
45,86,0.010360
15,64,0.010356
40,44,0.010338
2,91,0.010310
43,110,0.010310
2,71,0.010309
5,34,0.010305
49,62,0.010291
68,97,0.010258
94,104,0.010248
64,91,0.010236
1,76,0.010232
20,46,0.010226
22,79,0.010201
27,83,0.010152
39,89,0.010125
106,111,0.010107
76,82,0.010083
12,43,0.009995
1,10,0.009973
66,79,0.009912
9,109,0.009911
38,55,0.009897
42,74,0.009886
79,95,0.009845
24,99,0.009826
63,73,0.009825
28,49,0.009818
18,54,0.009756
68,108,0.009756
76,101,0.009746
60,67,0.009725
30,32,0.009723
48,98,0.009712
37,67,0.009704
79,88,0.009700
39,43,0.009698
33,75,0.009648
18,71,0.009640
2,51,0.009624
12,22,0.009619
52,71,0.009615
37,71,0.009583
79,90,0.009582
24,110,0.009574
51,69,0.009554
15,39,0.009543
50,66,0.009529
53,90,0.009522
1,48,0.009515
2,70,0.009482
59,105,0.009481
19,23,0.009477
20,101,0.009445
2,28,0.009445
74,79,0.009443
15,58,0.009434
5,107,0.009427
69,107,0.009348
4,68,0.009348
8,19,0.009327
44,70,0.009320
84,106,0.009307
48,56,0.009292
8,36,0.009291
57,73,0.009261
2,102,0.009242
17,107,0.009190
11,37,0.009189
71,85,0.009141
41,91,0.009134
19,52,0.009119
20,76,0.009104
29,106,0.009074
4,58,0.009036
75,110,0.009031
1,22,0.009015
70,80,0.008999
75,106,0.008997
35,41,0.008970
5,56,0.008969
56,67,0.008955
66,110,0.008946
3,110,0.008945
62,111,0.008944
89,106,0.008935
23,31,0.008870
18,110,0.008804
68,82,0.008777
28,53,0.008756
19,56,0.008756
5,39,0.008735
65,81,0.008719
8,17,0.008694
59,66,0.008651
59,68,0.008627
1,25,0.008604
8,94,0.008592
99,110,0.008560
2,59,0.008556
16,44,0.008544
40,106,0.008509
58,75,0.008437
15,96,0.008429
37,93,0.008415
40,61,0.008343
87,108,0.008325
39,68,0.008295
4,24,0.008272
58,63,0.008250
80,107,0.008237
11,59,0.008236
11,88,0.008228
3,33,0.008219
6,102,0.008218
70,84,0.008214
67,110,0.008182
25,82,0.008174
56,66,0.008167
78,92,0.008151
1,9,0.008146
62,65,0.008115
81,88,0.008092
67,80,0.008068
35,65,0.008054
49,59,0.008051
20,63,0.008026
1,74,0.008019
1,15,0.008008
85,90,0.007999
2,107,0.007952
41,104,0.007941
1,26,0.007881
3,10,0.007881
48,81,0.007828
76,83,0.007820
41,81,0.007814
45,75,0.007784
14,38,0.007729
88,108,0.007720
52,93,0.007685
9,91,0.007682
36,51,0.007663
7,20,0.007662
22,80,0.007662
30,38,0.007647
3,30,0.007626
16,81,0.007621
75,102,0.007619
15,37,0.007596
39,93,0.007591
1,99,0.007587
16,36,0.007586
38,101,0.007583
22,34,0.007579
69,90,0.007569
1,18,0.007559
3,43,0.007551
38,63,0.007547
58,62,0.007482
94,99,0.007457
45,78,0.007456
58,104,0.007441
55,103,0.007426
2,83,0.007420
78,106,0.007417
82,93,0.007376
34,38,0.007370
35,44,0.007353
11,111,0.007302
69,89,0.007299
54,59,0.007255
43,83,0.007248
9,73,0.007230
52,101,0.007222
4,46,0.007191
42,64,0.007150
37,65,0.007131
38,103,0.007084
1,105,0.007084
23,46,0.007080
2,109,0.007080
60,63,0.007061
3,49,0.007058
4,36,0.007053
10,60,0.007053
73,108,0.007051
70,93,0.007050
57,102,0.007026
24,25,0.007023
69,101,0.007014
24,48,0.006974
52,61,0.006964
76,89,0.006961
53,71,0.006958
34,95,0.006914
86,103,0.006906
9,36,0.006884
43,111,0.006875
6,81,0.006856
80,110,0.006848
1,106,0.006844
68,84,0.006839
38,84,0.006764
5,69,0.006764
2,80,0.006756
35,71,0.006707
85,110,0.006697
48,101,0.006652
1,7,0.006623
18,50,0.006619
64,109,0.006598
80,111,0.006596
36,54,0.006582
64,68,0.006569
54,110,0.006559
69,77,0.006543
2,50,0.006533
56,64,0.006528
60,105,0.006523
27,48,0.006519
19,95,0.006503
50,82,0.006501
1,8,0.006487
31,38,0.006475
23,33,0.006438
58,86,0.006318
10,107,0.006315
87,111,0.006312
32,108,0.006311
14,46,0.006281
5,83,0.006249
71,74,0.006213
7,36,0.006208
5,20,0.006200
61,99,0.006108
85,89,0.006087
39,103,0.006073
4,106,0.006064
67,86,0.006019
40,45,0.005999
80,96,0.005985
42,51,0.005983
53,88,0.005977
10,57,0.005969
68,88,0.005959
100,108,0.005934
89,110,0.005905
25,40,0.005883
6,49,0.005877
54,71,0.005806
19,111,0.005773
24,45,0.005767
50,83,0.005737
23,43,0.005732
20,48,0.005716
61,82,0.005708
27,65,0.005690
5,108,0.005685
23,78,0.005663
10,58,0.005623
13,27,0.005614
17,26,0.005578
1,93,0.005565
51,55,0.005539
69,102,0.005492
25,37,0.005469
53,99,0.005449
42,55,0.005447
60,84,0.005445
28,94,0.005435
77,98,0.005406
95,100,0.005400
6,50,0.005400
39,66,0.005393
4,21,0.005387
32,89,0.005376
52,110,0.005340
3,106,0.005325
49,81,0.005317
23,67,0.005314
14,73,0.005313
23,82,0.005297
65,68,0.005242
8,106,0.005241
1,13,0.005210
83,98,0.005203
19,51,0.005196
17,82,0.005171
29,59,0.005167
76,81,0.005150
9,58,0.005137
14,94,0.005118
1,111,0.005043
74,111,0.005031
85,103,0.004983
79,107,0.004973
47,63,0.004952
2,110,0.004917
37,70,0.004917
29,54,0.004875
2,37,0.004871
28,40,0.004863
25,67,0.004861
2,16,0.004823
48,104,0.004801
3,111,0.004787
30,35,0.004721
4,19,0.004718
83,103,0.004712
18,64,0.004680
22,29,0.004674
22,43,0.004664
15,69,0.004634
8,60,0.004631
73,105,0.004596
26,42,0.004591
6,29,0.004579
19,26,0.004569
9,102,0.004569
35,94,0.004564
30,39,0.004561
69,103,0.004550
62,84,0.004536
80,106,0.004525
57,91,0.004517
60,109,0.004498
1,73,0.004496
36,96,0.004462
18,57,0.004443
58,102,0.004443
59,109,0.004384
51,78,0.004383
37,87,0.004353
63,70,0.004311
58,72,0.004308
84,88,0.004294
34,89,0.004247
21,56,0.004229
23,65,0.004229
13,68,0.004186
19,74,0.004185
39,54,0.004176
12,73,0.004155
58,110,0.004126
50,77,0.004124
3,12,0.004119
54,87,0.004102
6,57,0.004090
32,50,0.004082
19,96,0.004062
76,87,0.004041
36,63,0.004024
36,46,0.004017
55,83,0.003991
15,40,0.003985
22,50,0.003976
48,53,0.003974
1,6,0.003972
11,49,0.003971
86,92,0.003945
69,76,0.003945
49,84,0.003933
62,66,0.003932
9,93,0.003898
28,81,0.003879
81,109,0.003873
60,110,0.003862
49,108,0.003840
27,92,0.003834
91,110,0.003829
50,64,0.003814
31,48,0.003811
8,103,0.003803
82,110,0.003759
10,102,0.003758
47,73,0.003695
7,92,0.003663
7,61,0.003660
23,40,0.003642
40,52,0.003641
38,49,0.003621
10,73,0.003618
11,102,0.003613
58,103,0.003600
15,41,0.003586
34,73,0.003581
17,90,0.003534
26,49,0.003529
1,34,0.003524
49,79,0.003522
34,64,0.003518
54,68,0.003510
81,90,0.003490
48,88,0.003465
44,106,0.003448
49,77,0.003428
11,100,0.003426
34,90,0.003415
37,64,0.003414
78,86,0.003409
82,108,0.003401
38,90,0.003390
78,90,0.003340
63,69,0.003316
2,95,0.003300
36,102,0.003294
20,104,0.003293
41,56,0.003288
101,105,0.003284
61,111,0.003262
4,69,0.003251
4,30,0.003243
13,60,0.003242
15,34,0.003226
29,55,0.003223
44,99,0.003217
40,91,0.003188
73,110,0.003178
7,31,0.003172
1,94,0.003167
10,28,0.003167
79,110,0.003153
1,62,0.003145
22,51,0.003140
3,25,0.003128
35,107,0.003117
54,73,0.003117
20,91,0.003110
72,94,0.003101
14,28,0.003073
44,51,0.003069
40,100,0.003068
26,55,0.003049
56,75,0.003048
70,106,0.003040
23,80,0.003023
67,95,0.003023
33,53,0.003019
77,110,0.003009
63,102,0.003001
54,102,0.002984
7,109,0.002980
4,60,0.002979
42,107,0.002953
17,99,0.002940
32,94,0.002937
63,89,0.002932
18,69,0.002909
80,89,0.002907
4,62,0.002897
13,69,0.002872
52,66,0.002871
37,110,0.002863
44,62,0.002851
47,78,0.002828
9,30,0.002821
66,96,0.002819
71,100,0.002812
38,111,0.002789
42,77,0.002781
17,23,0.002758
70,88,0.002751
17,38,0.002728
48,106,0.002720
20,58,0.002718
61,94,0.002704
55,101,0.002704
88,89,0.002697
54,95,0.002664
3,34,0.002663
36,88,0.002660
4,49,0.002657
108,111,0.002655
42,91,0.002655
48,72,0.002654
48,80,0.002650
65,100,0.002636
34,85,0.002617
90,104,0.002614
12,50,0.002608
60,80,0.002601
27,57,0.002589
2,11,0.002559
28,51,0.002538
21,109,0.002536
44,111,0.002527
59,74,0.002511
30,54,0.002511
5,62,0.002495
58,108,0.002468
36,44,0.002451
7,37,0.002430
25,74,0.002425
75,83,0.002425
8,105,0.002424
4,80,0.002414
1,70,0.002413
28,36,0.002392
10,21,0.002390
91,104,0.002385
30,42,0.002365
48,110,0.002348
15,38,0.002327
45,94,0.002307
55,111,0.002285
36,47,0.002284
30,53,0.002278
2,66,0.002272
26,79,0.002261
7,53,0.002216
13,23,0.002211
33,41,0.002205
18,90,0.002188
10,47,0.002161
21,111,0.002159
8,55,0.002121
33,100,0.002083
49,69,0.002074
54,103,0.002069
14,53,0.002052
39,86,0.002025
8,58,0.001997
14,29,0.001997
83,101,0.001951
30,67,0.001950
29,38,0.001946
19,27,0.001929
18,67,0.001922
29,63,0.001903
67,90,0.001898
78,88,0.001892
36,83,0.001869
7,60,0.001856
13,81,0.001847
26,96,0.001838
28,103,0.001827
29,41,0.001815
47,99,0.001793
88,93,0.001785
71,104,0.001755
17,58,0.001749
16,68,0.001722
2,67,0.001679
20,69,0.001657
67,79,0.001649
27,73,0.001643
1,103,0.001642
28,42,0.001639
38,46,0.001630
104,111,0.001613
10,95,0.001600
71,88,0.001592
54,80,0.001584
7,101,0.001580
73,87,0.001565
7,56,0.001556
68,111,0.001553
55,88,0.001545
3,90,0.001538
100,107,0.001527
101,103,0.001519
24,37,0.001518
23,54,0.001514
67,109,0.001510
44,52,0.001502
14,77,0.001485
2,60,0.001461
4,105,0.001460
77,86,0.001447
69,91,0.001445
83,90,0.001431
1,30,0.001423
5,89,0.001414
20,94,0.001378
17,35,0.001372
84,109,0.001372
6,90,0.001371
9,95,0.001352
33,66,0.001342
34,50,0.001338
85,98,0.001328
65,101,0.001324
2,105,0.001310
15,103,0.001298
73,102,0.001286
7,91,0.001268
59,101,0.001268
24,111,0.001261
81,99,0.001255
6,73,0.001210
66,103,0.001204
15,49,0.001201
4,44,0.001171
35,38,0.001155
32,111,0.001134
22,53,0.001128
29,56,0.001122
51,83,0.001106
28,83,0.001085
7,111,0.001085
7,70,0.001064
35,61,0.001048
7,71,0.001037
23,58,0.001033
69,106,0.001020
41,80,0.001020
40,47,0.001013
61,95,0.001002
33,83,0.000984
48,67,0.000958
13,58,0.000954
9,111,0.000949
67,82,0.000930
28,110,0.000914
65,71,0.000900
24,109,0.000890
40,88,0.000875
41,85,0.000869
54,93,0.000840
31,68,0.000836
1,50,0.000835
81,103,0.000797
74,93,0.000777
13,21,0.000732
10,89,0.000711
24,43,0.000699
82,106,0.000663
76,111,0.000656
62,108,0.000630
10,99,0.000595
36,110,0.000585
15,53,0.000584
28,47,0.000558
37,98,0.000547
50,67,0.000543
23,48,0.000537
14,100,0.000527
3,58,0.000523
29,57,0.000522
46,53,0.000506
31,60,0.000502
61,66,0.000458
49,63,0.000434
72,90,0.000412
12,61,0.000399
20,83,0.000394
101,107,0.000393
51,84,0.000392
28,101,0.000390
19,54,0.000385
53,97,0.000384
1,12,0.000380
42,81,0.000376
61,71,0.000352
39,78,0.000318
1,44,0.000305
64,75,0.000299
1,23,0.000297
39,107,0.000288
53,56,0.000284
18,28,0.000265
33,76,0.000258
39,108,0.000243
8,49,0.000242
2,104,0.000235
26,105,0.000229
55,82,0.000203
73,90,0.000197
47,83,0.000193
23,60,0.000164
25,39,0.000163
40,50,0.000138
53,60,0.000122
70,94,0.000090
8,84,0.000089
100,111,0.000086
83,93,0.000079
49,70,0.000074
62,75,0.000042
2,40,0.000033
37,85,0.000014
4,107,0.000012
2,79,0.000008
49,54,0.000008
1,59,0.000007
64,86,0.000005
63,81,0.000004
35,95,-0.000033
26,111,-0.000046
46,54,-0.000055
1,67,-0.000077
39,67,-0.000078
11,77,-0.000096
66,77,-0.000099
7,28,-0.000107
31,71,-0.000128
17,65,-0.000140
1,96,-0.000145
45,66,-0.000153
45,111,-0.000175
19,47,-0.000213
2,72,-0.000248
16,22,-0.000255
1,24,-0.000258
37,46,-0.000292
16,89,-0.000297
18,65,-0.000310
1,21,-0.000311
43,106,-0.000314
46,82,-0.000383
38,70,-0.000389
3,70,-0.000396
16,111,-0.000420
8,61,-0.000439
21,69,-0.000442
16,26,-0.000455
80,103,-0.000477
14,71,-0.000529
57,84,-0.000564
46,91,-0.000572
40,80,-0.000594
4,11,-0.000662
43,102,-0.000694
72,87,-0.000708
30,83,-0.000714
15,89,-0.000739
43,67,-0.000742
23,28,-0.000744
7,89,-0.000777
87,91,-0.000794
49,100,-0.000828
72,98,-0.000830
51,70,-0.000842
18,63,-0.000850
26,62,-0.000875
72,106,-0.000885
51,58,-0.000888
1,41,-0.000898
31,51,-0.000902
84,98,-0.000903
26,63,-0.000916
52,73,-0.000923
40,83,-0.000924
68,110,-0.000946
40,75,-0.000947
1,39,-0.000957
26,77,-0.000981
10,30,-0.000996
85,111,-0.001023
2,31,-0.001041
8,62,-0.001091
77,109,-0.001099
92,105,-0.001117
20,111,-0.001119
92,107,-0.001119
50,110,-0.001124
25,46,-0.001225
20,93,-0.001227
17,36,-0.001228
93,104,-0.001228
25,57,-0.001235
79,85,-0.001269
39,71,-0.001296
77,92,-0.001307
55,76,-0.001321
11,50,-0.001328
14,52,-0.001357
86,90,-0.001368
79,93,-0.001376
46,51,-0.001385
24,93,-0.001385
104,109,-0.001396
1,54,-0.001415
1,60,-0.001424
79,87,-0.001442
25,73,-0.001465
70,82,-0.001494
4,109,-0.001566
40,97,-0.001569
2,32,-0.001570
92,97,-0.001571
1,28,-0.001573
70,110,-0.001577
1,40,-0.001579
13,22,-0.001590
2,30,-0.001605
75,79,-0.001605
36,75,-0.001647
70,83,-0.001648
6,20,-0.001669
22,74,-0.001671
82,91,-0.001684
65,82,-0.001690
64,99,-0.001729
30,69,-0.001743
15,110,-0.001750
10,68,-0.001751
19,33,-0.001753
50,96,-0.001762
39,52,-0.001762
61,73,-0.001798
9,98,-0.001808
41,108,-0.001813
19,70,-0.001816
58,90,-0.001833
40,78,-0.001833
20,37,-0.001839
2,36,-0.001850
14,61,-0.001859
45,60,-0.001863
17,110,-0.001871
60,78,-0.001874
1,101,-0.001892
12,52,-0.001901
12,95,-0.001913
12,24,-0.001920
8,102,-0.001966
1,58,-0.001968
9,88,-0.001972
42,108,-0.001979
19,48,-0.001989
47,75,-0.001990
1,46,-0.001998
20,64,-0.002007
39,75,-0.002042
16,79,-0.002044
4,34,-0.002060
70,99,-0.002066
3,16,-0.002076
13,62,-0.002079
17,28,-0.002085
4,111,-0.002088
71,83,-0.002102
6,68,-0.002113
3,35,-0.002132
76,103,-0.002145
52,58,-0.002145
10,17,-0.002154
97,110,-0.002183
9,104,-0.002198
6,74,-0.002225
7,108,-0.002230
57,64,-0.002248
8,26,-0.002297
12,84,-0.002301
62,74,-0.002310
39,100,-0.002318
51,102,-0.002334
13,110,-0.002341
84,91,-0.002402
16,67,-0.002422
37,60,-0.002431
64,79,-0.002440
4,37,-0.002469
93,106,-0.002480
14,62,-0.002523
55,91,-0.002533
53,62,-0.002542
34,56,-0.002543
39,58,-0.002580
28,91,-0.002582
57,92,-0.002602
23,32,-0.002633
44,82,-0.002644
16,69,-0.002645
60,94,-0.002650
66,81,-0.002711
54,67,-0.002727
102,111,-0.002754
13,17,-0.002764
13,55,-0.002807
25,55,-0.002816
1,19,-0.002818
15,44,-0.002850
1,56,-0.002851
11,53,-0.002868
47,90,-0.002905
30,87,-0.002916
25,30,-0.002936
72,93,-0.002953
63,101,-0.002967
19,104,-0.002973
7,82,-0.002992
10,111,-0.002996
84,96,-0.003018
27,84,-0.003039
7,58,-0.003060
31,69,-0.003074
3,105,-0.003079
50,85,-0.003092
29,69,-0.003095
2,68,-0.003115
6,38,-0.003118
69,100,-0.003119
9,76,-0.003153
35,111,-0.003173
38,102,-0.003192
48,68,-0.003200
9,37,-0.003212
1,49,-0.003228
9,100,-0.003236
5,90,-0.003255
25,111,-0.003287
1,29,-0.003289
33,106,-0.003290
11,28,-0.003296
96,101,-0.003322
34,54,-0.003341
97,100,-0.003371
26,37,-0.003395
27,79,-0.003409
44,86,-0.003418
65,74,-0.003432
21,26,-0.003432
58,74,-0.003438
24,28,-0.003441
73,106,-0.003448
4,84,-0.003489
46,74,-0.003492
20,84,-0.003537
51,63,-0.003543
96,111,-0.003566
28,86,-0.003576
17,109,-0.003613
34,53,-0.003619
47,105,-0.003629
57,82,-0.003630
12,56,-0.003643
82,92,-0.003669
59,111,-0.003697
53,102,-0.003718
17,70,-0.003728
23,90,-0.003734
1,64,-0.003758
62,95,-0.003759
13,103,-0.003793
78,111,-0.003794
100,105,-0.003794
14,26,-0.003810
56,72,-0.003829
59,69,-0.003851
30,84,-0.003857
1,66,-0.003866
6,41,-0.003868
6,86,-0.003880
40,69,-0.003899
67,92,-0.003902
47,94,-0.003910
26,94,-0.003912
64,111,-0.003923
11,94,-0.003932
70,85,-0.003974
1,90,-0.003975
13,108,-0.003978
1,89,-0.004009
1,104,-0.004014
8,83,-0.004021
49,55,-0.004027
27,55,-0.004038
1,63,-0.004042
81,108,-0.004056
44,53,-0.004072
67,83,-0.004073
12,102,-0.004075
66,76,-0.004103
77,96,-0.004106
66,102,-0.004111
12,32,-0.004137
1,98,-0.004141
1,37,-0.004156
52,100,-0.004159
54,85,-0.004171
37,90,-0.004189
53,84,-0.004193
9,22,-0.004200
66,111,-0.004232
69,85,-0.004237
17,40,-0.004245
27,47,-0.004256
26,84,-0.004281
5,71,-0.004284
16,24,-0.004306
81,110,-0.004309
71,102,-0.004325
35,74,-0.004327
12,111,-0.004349
41,110,-0.004356
1,35,-0.004368
3,103,-0.004374
101,110,-0.004377
35,48,-0.004433
22,88,-0.004442
37,47,-0.004452
34,102,-0.004459
12,68,-0.004463
2,61,-0.004474
1,77,-0.004475
21,51,-0.004509
16,30,-0.004516
7,110,-0.004530
1,55,-0.004531
2,33,-0.004554
19,62,-0.004560
74,80,-0.004581
24,107,-0.004581
47,76,-0.004601
26,72,-0.004603
14,111,-0.004636
62,77,-0.004642
12,85,-0.004674
28,44,-0.004700
36,52,-0.004701
36,108,-0.004767
27,40,-0.004767
11,45,-0.004779
68,94,-0.004781
64,105,-0.004792
79,97,-0.004799
41,84,-0.004808
17,54,-0.004863
24,50,-0.004865
48,59,-0.004882
3,59,-0.004890
5,15,-0.004908
54,69,-0.004921
8,79,-0.004935
16,45,-0.004963
28,79,-0.004977
72,84,-0.004998
13,26,-0.005027
1,109,-0.005034
29,44,-0.005040
53,58,-0.005044
34,61,-0.005072
42,86,-0.005085
21,27,-0.005119
50,106,-0.005125
24,35,-0.005136
29,102,-0.005138
6,53,-0.005153
23,110,-0.005157
20,82,-0.005166
39,48,-0.005175
9,48,-0.005179
30,80,-0.005179
22,45,-0.005191
66,75,-0.005193
26,99,-0.005195
31,59,-0.005200
76,90,-0.005204
21,84,-0.005227
33,65,-0.005240
21,58,-0.005251
8,81,-0.005254
10,48,-0.005256
42,80,-0.005273
25,84,-0.005287
46,83,-0.005290
62,91,-0.005295
20,65,-0.005326
88,111,-0.005328
52,77,-0.005340
5,21,-0.005343
36,99,-0.005345
70,104,-0.005353
72,85,-0.005356
24,96,-0.005367
65,103,-0.005370
20,100,-0.005371
4,31,-0.005375
40,67,-0.005385
37,54,-0.005404
6,23,-0.005408
5,95,-0.005409
26,54,-0.005414
3,28,-0.005422
27,38,-0.005431
24,39,-0.005434
52,99,-0.005434
45,106,-0.005440
42,97,-0.005474
77,111,-0.005478
47,88,-0.005497
2,75,-0.005509
28,57,-0.005512
40,104,-0.005518
90,111,-0.005518
63,93,-0.005541
71,90,-0.005543
25,96,-0.005545
29,66,-0.005569
79,109,-0.005573
9,56,-0.005578
75,111,-0.005584
20,105,-0.005613
6,104,-0.005613
1,43,-0.005614
17,68,-0.005615
19,92,-0.005616
39,97,-0.005632
84,108,-0.005637
65,104,-0.005639
2,19,-0.005699
23,75,-0.005708
56,81,-0.005709
67,94,-0.005712
1,27,-0.005716
1,71,-0.005719
56,107,-0.005721
37,103,-0.005725
29,76,-0.005767
92,101,-0.005769
38,57,-0.005769
3,45,-0.005780
8,85,-0.005788
18,38,-0.005791
48,62,-0.005826
23,53,-0.005846
49,71,-0.005869
14,85,-0.005874
13,30,-0.005875
14,69,-0.005912
63,98,-0.005918
21,68,-0.005938
9,32,-0.005987
76,97,-0.005992
64,98,-0.005994
66,80,-0.005997
103,111,-0.006016
42,73,-0.006021
21,78,-0.006059
20,67,-0.006060
19,42,-0.006067
56,74,-0.006076
73,107,-0.006083
74,100,-0.006085
63,97,-0.006095
11,41,-0.006117
56,90,-0.006133
30,88,-0.006134
4,104,-0.006152
10,42,-0.006162
38,105,-0.006183
32,87,-0.006192
8,64,-0.006199
80,101,-0.006200
41,83,-0.006205
32,79,-0.006211
69,88,-0.006212
23,83,-0.006218
37,102,-0.006227
4,108,-0.006245
60,101,-0.006249
5,106,-0.006264
18,103,-0.006284
2,73,-0.006294
60,68,-0.006296
19,25,-0.006339
7,103,-0.006340
80,91,-0.006353
86,108,-0.006356
2,87,-0.006381
56,85,-0.006417
48,91,-0.006421
18,80,-0.006437
50,57,-0.006450
11,23,-0.006485
46,103,-0.006489
18,40,-0.006490
40,99,-0.006515
23,103,-0.006517
3,46,-0.006534
33,47,-0.006561
48,58,-0.006611
51,103,-0.006615
22,64,-0.006631
12,77,-0.006647
51,81,-0.006658
28,59,-0.006660
58,81,-0.006676
86,111,-0.006677
7,47,-0.006680
4,70,-0.006689
15,45,-0.006695
101,108,-0.006700
2,46,-0.006704
65,85,-0.006706
21,60,-0.006718
5,60,-0.006735
84,110,-0.006744
67,111,-0.006745
17,20,-0.006748
30,111,-0.006764
35,82,-0.006771
63,85,-0.006781
25,107,-0.006786
63,104,-0.006804
32,105,-0.006809
25,70,-0.006815
6,47,-0.006820
42,109,-0.006826
41,107,-0.006832
45,54,-0.006843
38,51,-0.006845
15,36,-0.006850
29,111,-0.006863
62,83,-0.006872
19,72,-0.006881
64,108,-0.006882
53,104,-0.006887
15,25,-0.006897
8,34,-0.006917
17,85,-0.006935
73,111,-0.006946
46,69,-0.006992
69,108,-0.006993
67,106,-0.006999
88,106,-0.007001
25,56,-0.007010
6,59,-0.007017
52,81,-0.007019
40,76,-0.007021
17,73,-0.007022
75,90,-0.007028
35,55,-0.007033
49,101,-0.007033
17,62,-0.007038
41,109,-0.007055
62,96,-0.007064
28,78,-0.007065
4,72,-0.007073
22,75,-0.007085
16,35,-0.007108
21,63,-0.007112
15,42,-0.007134
52,82,-0.007142
1,78,-0.007155
3,88,-0.007161
14,34,-0.007164
20,80,-0.007165
1,53,-0.007165
11,87,-0.007166
43,84,-0.007175
76,100,-0.007187
18,56,-0.007190
32,38,-0.007213
36,67,-0.007215
37,63,-0.007221
16,110,-0.007227
83,110,-0.007230
75,105,-0.007242
14,60,-0.007244
7,73,-0.007257
18,99,-0.007257
73,86,-0.007262
2,65,-0.007263
16,88,-0.007282
21,66,-0.007312
82,111,-0.007313
6,26,-0.007319
57,71,-0.007319
16,72,-0.007338
19,39,-0.007363
23,111,-0.007412
32,80,-0.007429
20,38,-0.007449
19,101,-0.007483
38,93,-0.007500
2,38,-0.007546
2,90,-0.007552
60,104,-0.007553
6,69,-0.007555
60,74,-0.007588
55,60,-0.007591
18,29,-0.007629
23,98,-0.007645
66,104,-0.007652
65,97,-0.007670
18,77,-0.007677
4,78,-0.007706
10,69,-0.007710
22,42,-0.007771
44,68,-0.007774
25,83,-0.007778
13,94,-0.007808
15,20,-0.007826
53,63,-0.007834
53,100,-0.007846
28,39,-0.007856
37,53,-0.007864
27,111,-0.007870
97,106,-0.007876
90,108,-0.007900
3,66,-0.007911
53,110,-0.007923
96,110,-0.007925
2,81,-0.007927
90,106,-0.007949
13,72,-0.007961
31,104,-0.007967
62,68,-0.007970
76,84,-0.007995
47,81,-0.008006
94,107,-0.008006
3,64,-0.008032
16,77,-0.008038
21,104,-0.008047
71,111,-0.008049
76,92,-0.008056
43,57,-0.008059
79,92,-0.008063
22,109,-0.008094
44,56,-0.008098
31,64,-0.008113
11,31,-0.008113
38,94,-0.008117
12,108,-0.008119
55,73,-0.008119
6,87,-0.008133
81,100,-0.008138
16,108,-0.008150
37,55,-0.008173
1,92,-0.008187
5,94,-0.008191
77,102,-0.008202
11,71,-0.008204
78,84,-0.008209
42,66,-0.008228
26,101,-0.008231
1,38,-0.008238
1,85,-0.008238
4,79,-0.008249
16,87,-0.008297
36,107,-0.008321
85,109,-0.008328
10,32,-0.008331
50,102,-0.008347
1,42,-0.008366
40,89,-0.008367
1,47,-0.008385
38,83,-0.008411
23,50,-0.008423
56,83,-0.008426
14,105,-0.008427
35,52,-0.008428
36,69,-0.008435
19,50,-0.008453
49,74,-0.008471
28,75,-0.008487
11,84,-0.008499
9,83,-0.008503
84,93,-0.008504
31,81,-0.008535
48,83,-0.008549
4,103,-0.008555
25,101,-0.008571
6,55,-0.008581
21,48,-0.008582
76,95,-0.008582
76,86,-0.008583
2,47,-0.008591
45,57,-0.008598
13,29,-0.008616
1,51,-0.008624
5,79,-0.008645
1,86,-0.008680
23,71,-0.008695
46,57,-0.008707
6,88,-0.008714
4,73,-0.008717
8,68,-0.008719
23,72,-0.008721
13,82,-0.008731
13,111,-0.008748
28,76,-0.008768
8,89,-0.008785
64,87,-0.008792
22,82,-0.008820
82,88,-0.008834
1,33,-0.008852
2,58,-0.008866
38,73,-0.008866
94,111,-0.008878
45,97,-0.008880
16,50,-0.008893
44,110,-0.008895
11,66,-0.008914
14,64,-0.008920
17,88,-0.008989
58,96,-0.008991
4,86,-0.008997
68,93,-0.009014
58,111,-0.009033
45,82,-0.009037
1,65,-0.009048
15,111,-0.009057
88,110,-0.009098
34,76,-0.009133
21,94,-0.009151
15,67,-0.009195
37,73,-0.009203
15,43,-0.009219
20,85,-0.009247
70,111,-0.009248
1,32,-0.009249
38,106,-0.009282
8,32,-0.009331
34,47,-0.009339
16,73,-0.009344
13,53,-0.009346
93,110,-0.009359
42,62,-0.009364
39,105,-0.009364
40,68,-0.009365
21,50,-0.009369
59,76,-0.009379
32,69,-0.009386
3,86,-0.009387
15,51,-0.009394
53,96,-0.009404
39,110,-0.009416
30,50,-0.009425
23,39,-0.009434
1,61,-0.009438
31,80,-0.009444
6,56,-0.009447
23,66,-0.009452
22,66,-0.009454
22,70,-0.009455
29,65,-0.009471
54,70,-0.009477
29,37,-0.009491
16,97,-0.009498
44,57,-0.009520
56,70,-0.009542
32,103,-0.009564
62,82,-0.009575
49,58,-0.009586
60,79,-0.009598
73,98,-0.009650
3,40,-0.009683
31,72,-0.009689
25,108,-0.009690
24,105,-0.009708
18,111,-0.009718
44,90,-0.009724
46,104,-0.009731
63,84,-0.009733
51,109,-0.009742
25,69,-0.009744
16,102,-0.009745
99,109,-0.009760
1,110,-0.009776
11,69,-0.009776
17,92,-0.009780
71,109,-0.009783
7,69,-0.009786
15,88,-0.009798
48,89,-0.009798
85,99,-0.009802
16,101,-0.009808
49,86,-0.009814
21,39,-0.009816
50,107,-0.009820
19,65,-0.009840
54,101,-0.009848
50,73,-0.009864
22,97,-0.009869
58,87,-0.009873
81,89,-0.009877
30,79,-0.009878
93,100,-0.009900
88,109,-0.009915
70,95,-0.009922
21,80,-0.009953
60,98,-0.009974
59,104,-0.009983
50,108,-0.009997
68,106,-0.010027
22,44,-0.010059
66,87,-0.010061
66,85,-0.010120
20,53,-0.010122
28,38,-0.010135
79,111,-0.010146
28,56,-0.010161
42,100,-0.010200
6,110,-0.010209
44,73,-0.010213
31,105,-0.010258
47,69,-0.010273
72,101,-0.010287
37,69,-0.010293
3,80,-0.010301
2,62,-0.010329
6,78,-0.010329
56,94,-0.010330
35,53,-0.010339
29,58,-0.010353
79,108,-0.010380
69,73,-0.010393
19,69,-0.010401
51,104,-0.010420
43,56,-0.010427
32,53,-0.010436
66,93,-0.010450
1,45,-0.010479
2,24,-0.010481
61,80,-0.010484
5,84,-0.010492
6,58,-0.010505
88,98,-0.010516
17,27,-0.010518
69,86,-0.010531
80,88,-0.010535
34,55,-0.010593
8,108,-0.010595
42,106,-0.010603
47,82,-0.010604
3,95,-0.010607
19,80,-0.010609
25,71,-0.010622
52,75,-0.010649
54,76,-0.010667
34,66,-0.010671
19,31,-0.010684
36,81,-0.010718
15,83,-0.010733
12,100,-0.010734
8,59,-0.010735
15,87,-0.010748
15,31,-0.010750
25,63,-0.010760
13,43,-0.010784
18,35,-0.010792
70,96,-0.010803
66,78,-0.010807
42,84,-0.010837
4,40,-0.010847
38,44,-0.010867
34,81,-0.010872
14,56,-0.010874
13,104,-0.010888
54,96,-0.010892
38,77,-0.010895
74,84,-0.010902
3,42,-0.010906
25,59,-0.010907
45,102,-0.010916
13,42,-0.010937
31,37,-0.010955
45,108,-0.010961
1,79,-0.010998
5,86,-0.011025
64,77,-0.011032
33,78,-0.011034
1,36,-0.011034
1,72,-0.011054
11,57,-0.011065
12,38,-0.011073
65,108,-0.011079
11,74,-0.011081
19,49,-0.011085
75,84,-0.011116
47,56,-0.011116
41,69,-0.011133
65,98,-0.011133
46,89,-0.011142
33,81,-0.011142
29,97,-0.011163
4,50,-0.011171
94,110,-0.011239
55,92,-0.011245
32,81,-0.011245
30,64,-0.011247
12,49,-0.011247
34,70,-0.011279
36,86,-0.011316
36,109,-0.011319
37,86,-0.011327
31,111,-0.011365
57,85,-0.011369
47,111,-0.011381
17,86,-0.011388
7,46,-0.011396
35,57,-0.011396
11,72,-0.011408
23,34,-0.011409
65,110,-0.011418
48,107,-0.011433
71,99,-0.011441
102,107,-0.011491
28,74,-0.011500
24,61,-0.011535
5,40,-0.011545
28,72,-0.011556
16,96,-0.011577
43,55,-0.011600
21,89,-0.011608
12,48,-0.011614
24,55,-0.011623
71,106,-0.011636
25,100,-0.011648
3,29,-0.011648
43,73,-0.011648
88,97,-0.011668
81,91,-0.011682
16,62,-0.011684
26,107,-0.011690
9,86,-0.011690
23,61,-0.011704
12,86,-0.011727
48,90,-0.011730
18,106,-0.011735
5,50,-0.011742
74,87,-0.011742
67,105,-0.011743
77,99,-0.011743
26,110,-0.011748
79,102,-0.011755
42,65,-0.011755
12,30,-0.011756
22,60,-0.011757
89,103,-0.011767
35,93,-0.011777
1,57,-0.011784
60,72,-0.011808
46,111,-0.011833
69,111,-0.011857
33,111,-0.011899
38,45,-0.011902
30,101,-0.011912
2,100,-0.011918
45,98,-0.011918
36,42,-0.011931
2,111,-0.011932
84,89,-0.011935
58,68,-0.011936
78,97,-0.011936
47,61,-0.011942
2,98,-0.011974
28,107,-0.011990
2,86,-0.012025
28,69,-0.012031
72,110,-0.012036
6,43,-0.012038
62,97,-0.012050
33,71,-0.012088
17,87,-0.012088
1,88,-0.012125
71,97,-0.012128
5,14,-0.012166
35,104,-0.012233
7,30,-0.012247
37,94,-0.012257
10,34,-0.012268
17,93,-0.012336
44,108,-0.012336
36,59,-0.012337
38,91,-0.012350
13,59,-0.012354
6,39,-0.012363
9,101,-0.012412
79,100,-0.012412
1,31,-0.012417
70,90,-0.012429
50,90,-0.012430
20,75,-0.012433
21,97,-0.012439
8,39,-0.012447
22,77,-0.012453
28,45,-0.012483
3,44,-0.012497
5,98,-0.012501
49,75,-0.012529
16,34,-0.012530
31,94,-0.012542
6,45,-0.012552
52,83,-0.012570
28,106,-0.012594
24,63,-0.012606
9,107,-0.012609
28,84,-0.012614
64,71,-0.012623
7,51,-0.012627
6,111,-0.012651
37,59,-0.012676
7,85,-0.012691
17,69,-0.012721
19,97,-0.012725
15,102,-0.012738
66,84,-0.012738
40,73,-0.012758
75,87,-0.012761
28,88,-0.012792
85,92,-0.012795
50,91,-0.012799
62,98,-0.012803
45,64,-0.012803
23,55,-0.012805
35,62,-0.012827
19,105,-0.012848
33,60,-0.012856
49,64,-0.012880
48,77,-0.012889
46,98,-0.012911
23,84,-0.012915
55,85,-0.012917
83,89,-0.012925
14,95,-0.012952
36,97,-0.012989
30,107,-0.013002
29,74,-0.013011
44,102,-0.013051
47,72,-0.013063
38,107,-0.013081
2,77,-0.013101
51,110,-0.013103
62,85,-0.013121
66,70,-0.013121
30,78,-0.013133
71,98,-0.013139
60,89,-0.013149
3,81,-0.013183
15,81,-0.013196
43,78,-0.013206
48,111,-0.013214
19,81,-0.013226
54,58,-0.013234
41,92,-0.013277
2,106,-0.013306
10,74,-0.013324
5,110,-0.013334
74,85,-0.013336
34,44,-0.013348
14,57,-0.013394
47,86,-0.013404
78,102,-0.013440
66,108,-0.013449
19,84,-0.013453
52,95,-0.013456
83,99,-0.013462
77,93,-0.013493
19,79,-0.013507
40,110,-0.013531
73,96,-0.013535
45,85,-0.013545
68,102,-0.013564
3,73,-0.013567
37,77,-0.013572
50,63,-0.013583
20,55,-0.013592
2,41,-0.013602
61,81,-0.013636
59,93,-0.013639
33,58,-0.013642
36,45,-0.013659
5,33,-0.013684
3,107,-0.013728
32,58,-0.013733
4,48,-0.013737
17,42,-0.013738
45,96,-0.013751
44,107,-0.013778
74,99,-0.013781
2,93,-0.013822
9,77,-0.013867
38,62,-0.013874
50,104,-0.013896
73,109,-0.013899
17,46,-0.013900
46,64,-0.013907
39,77,-0.013928
11,34,-0.013942
63,99,-0.013951
40,55,-0.013954
2,64,-0.013964
35,99,-0.013964
55,94,-0.013983
42,52,-0.014011
39,70,-0.014013
20,25,-0.014015
51,72,-0.014021
24,58,-0.014025
50,76,-0.014037
28,48,-0.014046
70,73,-0.014062
50,72,-0.014085
30,103,-0.014101
1,16,-0.014115
67,93,-0.014125
31,83,-0.014130
4,64,-0.014184
12,58,-0.014213
24,57,-0.014217
37,95,-0.014218
8,65,-0.014219
17,31,-0.014243
37,81,-0.014255
3,24,-0.014290
51,85,-0.014310
45,53,-0.014311
44,66,-0.014354
9,68,-0.014356
41,65,-0.014369
34,75,-0.014373
20,72,-0.014404
61,69,-0.014421
14,54,-0.014421
10,72,-0.014447
11,86,-0.014468
17,95,-0.014472
15,109,-0.014482
10,79,-0.014485
7,39,-0.014505
84,97,-0.014512
31,56,-0.014529
37,96,-0.014574
37,61,-0.014574
22,56,-0.014588
39,101,-0.014595
26,78,-0.014600
28,93,-0.014615
43,87,-0.014630
102,109,-0.014640
45,67,-0.014643
71,75,-0.014655
35,106,-0.014662
2,99,-0.014670
50,75,-0.014680
31,65,-0.014717
53,86,-0.014724
70,108,-0.014764
14,103,-0.014765
3,51,-0.014784
18,30,-0.014795
11,51,-0.014809
12,81,-0.014823
14,55,-0.014830
76,88,-0.014840
43,49,-0.014853
28,43,-0.014882
93,103,-0.014899
57,104,-0.014905
9,63,-0.014922
18,81,-0.014933
33,54,-0.014935
61,110,-0.014940
35,110,-0.014945
1,75,-0.014955
64,84,-0.014959
46,92,-0.014973
33,57,-0.014988
11,73,-0.014996
32,73,-0.015000
15,93,-0.015027
55,69,-0.015037
10,101,-0.015051
50,93,-0.015059
16,74,-0.015068
54,78,-0.015071
12,55,-0.015094
49,111,-0.015115
41,102,-0.015134
48,70,-0.015135
56,71,-0.015140
41,73,-0.015141
16,76,-0.015172
9,62,-0.015175
20,32,-0.015187
10,46,-0.015188
26,86,-0.015191
63,78,-0.015195
55,84,-0.015207
60,85,-0.015218
21,91,-0.015222
12,65,-0.015248
19,55,-0.015253
69,93,-0.015254
29,48,-0.015262
15,80,-0.015291
6,106,-0.015299
29,83,-0.015315
37,78,-0.015329
30,97,-0.015331
10,82,-0.015333
58,109,-0.015337
39,85,-0.015338
90,105,-0.015363
20,62,-0.015376
8,66,-0.015393
17,45,-0.015418
36,74,-0.015439
22,38,-0.015445
56,73,-0.015448
55,102,-0.015450
34,59,-0.015452
55,77,-0.015466
2,39,-0.015485
4,83,-0.015490
33,84,-0.015498
20,107,-0.015501
67,74,-0.015504
24,51,-0.015524
65,102,-0.015530
51,89,-0.015539
70,107,-0.015540
40,103,-0.015545
21,88,-0.015547
50,97,-0.015547
87,105,-0.015565
49,72,-0.015591
65,84,-0.015591
12,70,-0.015611
38,56,-0.015612
16,48,-0.015621
12,69,-0.015622
13,65,-0.015628
49,110,-0.015635
59,80,-0.015642
61,70,-0.015646
34,97,-0.015651
32,44,-0.015712
50,74,-0.015743
33,69,-0.015751
14,84,-0.015759
55,87,-0.015778
27,77,-0.015781
65,106,-0.015788
65,99,-0.015791
85,108,-0.015796
59,70,-0.015800
67,85,-0.015804
8,104,-0.015818
81,111,-0.015831
9,53,-0.015851
43,69,-0.015857
42,70,-0.015864
8,22,-0.015869
64,96,-0.015914
49,80,-0.015934
14,78,-0.015944
56,80,-0.015951
17,41,-0.015953
71,107,-0.015955
18,86,-0.015956
19,44,-0.015992
56,79,-0.016026
16,107,-0.016028
63,111,-0.016028
34,69,-0.016034
11,83,-0.016036
12,83,-0.016040
39,94,-0.016044
45,83,-0.016054
21,85,-0.016055
37,57,-0.016060
25,109,-0.016072
13,41,-0.016095
1,52,-0.016097
15,27,-0.016104
71,101,-0.016115
51,94,-0.016116
52,78,-0.016126
66,90,-0.016127
33,64,-0.016148
47,107,-0.016155
8,107,-0.016160
9,29,-0.016175
50,88,-0.016183
3,85,-0.016187
3,82,-0.016189
3,72,-0.016195
19,78,-0.016200
41,62,-0.016210
25,97,-0.016218
8,86,-0.016225
84,111,-0.016229
24,83,-0.016235
75,93,-0.016243
17,67,-0.016245
36,103,-0.016250
83,111,-0.016254
71,77,-0.016259
13,44,-0.016266
14,67,-0.016282
1,87,-0.016286
53,109,-0.016286
52,84,-0.016298
18,79,-0.016308
19,91,-0.016319
16,94,-0.016332
50,92,-0.016337
10,71,-0.016378
1,108,-0.016440
4,25,-0.016502
52,69,-0.016502
41,68,-0.016528
82,105,-0.016531
52,63,-0.016551
11,110,-0.016553
43,53,-0.016573
79,96,-0.016623
72,111,-0.016625
21,49,-0.016633
11,44,-0.016633
87,110,-0.016641
38,87,-0.016651
15,86,-0.016663
61,87,-0.016699
65,111,-0.016721
1,100,-0.016728
72,89,-0.016751
71,87,-0.016785
3,31,-0.016799
41,54,-0.016819
61,108,-0.016827
72,102,-0.016838
20,35,-0.016853
32,67,-0.016859
50,94,-0.016864
67,100,-0.016865
35,100,-0.016896
98,111,-0.016920
13,97,-0.016922
22,67,-0.016954
14,93,-0.017058
54,84,-0.017076
22,68,-0.017099
27,56,-0.017100
6,37,-0.017112
33,63,-0.017117
21,75,-0.017128
38,68,-0.017135
21,44,-0.017139
75,108,-0.017144
15,104,-0.017147
48,82,-0.017159
39,55,-0.017254
11,68,-0.017279
28,66,-0.017282
5,43,-0.017283
3,97,-0.017286
9,75,-0.017291
4,77,-0.017295
41,78,-0.017302
6,34,-0.017307
6,83,-0.017319
5,53,-0.017338
21,102,-0.017369
17,81,-0.017379
36,84,-0.017385
88,94,-0.017389
28,111,-0.017420
38,108,-0.017448
25,72,-0.017474
19,73,-0.017498
44,109,-0.017508
8,46,-0.017517
53,69,-0.017518
15,99,-0.017527
32,102,-0.017531
11,54,-0.017532
1,80,-0.017559
66,107,-0.017563
18,97,-0.017576
26,104,-0.017578
90,110,-0.017585
17,75,-0.017600
5,85,-0.017614
99,108,-0.017622
1,102,-0.017624
37,108,-0.017630
63,80,-0.017635
4,100,-0.017649
85,94,-0.017652
25,49,-0.017660
44,98,-0.017686
57,110,-0.017693
3,55,-0.017710
17,103,-0.017715
74,107,-0.017734
17,43,-0.017750
70,100,-0.017801
53,107,-0.017806
19,90,-0.017811
10,20,-0.017833
17,60,-0.017839
30,92,-0.017850
6,66,-0.017856
11,29,-0.017890
31,84,-0.017905
10,31,-0.017907
22,72,-0.017916
12,97,-0.017986
3,52,-0.018012
78,94,-0.018017
2,26,-0.018019
64,101,-0.018036
39,111,-0.018036
24,38,-0.018051
9,69,-0.018063
57,81,-0.018066
56,69,-0.018067
4,51,-0.018080
19,45,-0.018088
43,89,-0.018090
34,83,-0.018100
100,110,-0.018119
21,46,-0.018144
20,86,-0.018177
101,111,-0.018190
31,98,-0.018199
22,85,-0.018213
58,88,-0.018215
72,82,-0.018220
26,109,-0.018263
10,37,-0.018263
37,72,-0.018269
13,61,-0.018289
51,111,-0.018308
50,61,-0.018308
31,88,-0.018311
3,71,-0.018322
80,109,-0.018331
80,97,-0.018339
26,93,-0.018356
10,106,-0.018356
44,75,-0.018376
60,83,-0.018377
53,79,-0.018378
18,31,-0.018379
36,78,-0.018409
15,68,-0.018423
30,44,-0.018444
54,107,-0.018453
74,96,-0.018472
7,33,-0.018483
48,109,-0.018487
4,102,-0.018510
42,58,-0.018536
4,95,-0.018552
42,111,-0.018562
44,58,-0.018575
17,48,-0.018584
76,110,-0.018591
51,99,-0.018642
36,55,-0.018666
56,101,-0.018678
14,68,-0.018678
15,75,-0.018683
5,103,-0.018693
8,71,-0.018710
22,102,-0.018729
17,71,-0.018738
32,46,-0.018746
56,96,-0.018762
28,95,-0.018773
33,80,-0.018825
29,108,-0.018862
78,108,-0.018887
9,59,-0.018888
67,96,-0.018906
26,89,-0.018939
13,80,-0.018940
14,36,-0.018972
9,65,-0.018975
65,77,-0.018996
39,82,-0.018998
8,101,-0.019002
14,70,-0.019030
48,86,-0.019034
12,67,-0.019047
69,74,-0.019061
17,30,-0.019066
40,86,-0.019071
67,77,-0.019077
13,24,-0.019080
33,86,-0.019100
38,69,-0.019138
9,67,-0.019140
98,104,-0.019143
24,49,-0.019144
70,109,-0.019166
69,87,-0.019204
30,109,-0.019217
76,91,-0.019233
62,109,-0.019234
15,78,-0.019244
3,60,-0.019247
80,108,-0.019260
48,64,-0.019275
11,81,-0.019395
24,46,-0.019405
79,103,-0.019406
40,77,-0.019442
5,82,-0.019460
44,65,-0.019461
17,57,-0.019469
11,95,-0.019487
3,74,-0.019528
27,37,-0.019531
75,94,-0.019539
54,89,-0.019552
29,50,-0.019563
54,66,-0.019576
97,102,-0.019582
78,100,-0.019590
12,87,-0.019623
67,102,-0.019641
30,106,-0.019643
57,94,-0.019645
65,93,-0.019652
12,104,-0.019713
65,87,-0.019726
83,91,-0.019735
18,46,-0.019740
92,110,-0.019750
68,79,-0.019755
13,79,-0.019757
9,79,-0.019761
2,88,-0.019801
31,41,-0.019824
14,37,-0.019835
17,104,-0.019900
48,63,-0.019902
44,101,-0.019923
34,110,-0.019927
92,111,-0.019934
39,109,-0.019941
24,108,-0.019976
16,106,-0.019982
16,109,-0.019984
43,79,-0.019994
44,80,-0.020003
46,88,-0.020054
26,75,-0.020062
41,77,-0.020066
45,62,-0.020076
10,66,-0.020091
26,58,-0.020128
69,98,-0.020152
2,85,-0.020154
15,79,-0.020173
71,86,-0.020175
19,35,-0.020181
29,62,-0.020192
14,90,-0.020209
19,32,-0.020209
18,51,-0.020213
10,81,-0.020218
57,99,-0.020244
18,39,-0.020252
26,47,-0.020272
19,43,-0.020275
62,110,-0.020304
3,94,-0.020308
9,74,-0.020315
34,82,-0.020345
43,91,-0.020347
2,89,-0.020352
2,63,-0.020366
20,61,-0.020370
24,94,-0.020404
15,90,-0.020407
49,109,-0.020426
17,72,-0.020438
81,104,-0.020438
7,86,-0.020441
3,67,-0.020446
31,54,-0.020469
43,61,-0.020473
3,83,-0.020506
8,92,-0.020511
29,46,-0.020524
57,111,-0.020532
17,74,-0.020539
26,61,-0.020546
31,52,-0.020570
32,78,-0.020581
39,69,-0.020627
44,92,-0.020631
32,71,-0.020654
6,77,-0.020660
4,22,-0.020661
78,110,-0.020672
26,80,-0.020685
27,53,-0.020690
13,31,-0.020708
11,47,-0.020710
101,106,-0.020715
26,108,-0.020722
41,106,-0.020726
36,77,-0.020739
13,47,-0.020752
44,79,-0.020754
73,93,-0.020758
6,103,-0.020781
65,92,-0.020794
52,85,-0.020798
27,76,-0.020816
44,83,-0.020816
23,81,-0.020834
46,101,-0.020850
53,95,-0.020853
5,109,-0.020861
44,54,-0.020881
34,57,-0.020895
38,54,-0.020903
3,101,-0.020930
42,110,-0.020962
38,66,-0.020968
6,100,-0.020969
30,75,-0.020983
32,55,-0.020995
23,89,-0.021011
55,62,-0.021024
14,99,-0.021031
35,40,-0.021049
2,78,-0.021060
26,83,-0.021088
1,82,-0.021101
5,65,-0.021102
46,109,-0.021105
14,47,-0.021106
12,92,-0.021116
34,52,-0.021127
28,87,-0.021142
43,109,-0.021147
11,78,-0.021165
6,93,-0.021182
10,29,-0.021189
70,101,-0.021251
52,108,-0.021264
48,92,-0.021265
33,59,-0.021272
82,95,-0.021282
102,108,-0.021282
67,75,-0.021283
6,48,-0.021284
5,87,-0.021286
44,88,-0.021295
98,110,-0.021306
80,93,-0.021394
12,63,-0.021408
30,70,-0.021411
29,67,-0.021425
67,76,-0.021425
19,37,-0.021436
4,65,-0.021442
18,82,-0.021450
84,92,-0.021450
26,88,-0.021452
18,33,-0.021458
40,79,-0.021464
20,79,-0.021492
32,74,-0.021518
17,33,-0.021562
48,95,-0.021562
35,59,-0.021582
18,107,-0.021585
97,104,-0.021598
14,31,-0.021603
54,100,-0.021608
42,92,-0.021614
101,109,-0.021619
11,76,-0.021626
5,100,-0.021628
16,56,-0.021643
11,42,-0.021658
80,105,-0.021668
15,107,-0.021672
2,54,-0.021674
12,79,-0.021727
39,96,-0.021729
46,108,-0.021730
15,24,-0.021731
24,104,-0.021743
62,94,-0.021744
30,104,-0.021766
39,104,-0.021783
27,64,-0.021783
5,30,-0.021806
82,94,-0.021814
25,36,-0.021818
12,46,-0.021845
39,102,-0.021859
12,76,-0.021860
59,71,-0.021875
6,51,-0.021901
13,37,-0.021902
16,31,-0.021903
55,104,-0.021910
77,95,-0.021921
80,94,-0.021923
4,32,-0.021925
69,82,-0.021935
19,110,-0.021948
54,61,-0.021971
59,82,-0.021983
27,107,-0.021993
8,110,-0.021997
14,110,-0.022013
11,21,-0.022027
39,53,-0.022084
30,89,-0.022099
6,97,-0.022120
8,50,-0.022123
27,109,-0.022141
45,107,-0.022144
32,109,-0.022153
47,109,-0.022175
16,75,-0.022187
51,76,-0.022200
37,92,-0.022201
47,110,-0.022210
38,89,-0.022229
33,94,-0.022238
78,107,-0.022250
5,36,-0.022294
21,96,-0.022303
9,108,-0.022309
10,86,-0.022331
17,34,-0.022343
30,55,-0.022348
71,95,-0.022351
6,79,-0.022374
7,100,-0.022415
31,79,-0.022430
3,76,-0.022433
3,77,-0.022448
16,53,-0.022449
84,105,-0.022455
53,93,-0.022483
66,106,-0.022513
31,66,-0.022539
64,70,-0.022567
32,95,-0.022567
49,91,-0.022573
64,104,-0.022576
52,111,-0.022589
61,84,-0.022590
3,99,-0.022593
66,91,-0.022626
78,98,-0.022627
35,69,-0.022634
52,96,-0.022646
83,100,-0.022647
16,37,-0.022695
29,61,-0.022698
15,26,-0.022704
15,61,-0.022704
12,47,-0.022706
23,69,-0.022734
73,88,-0.022736
83,96,-0.022738
68,96,-0.022762
17,80,-0.022764
29,92,-0.022764
74,86,-0.022766
11,65,-0.022784
13,99,-0.022788
41,53,-0.022801
6,30,-0.022810
30,93,-0.022813
55,109,-0.022817
30,48,-0.022824
12,109,-0.022850
14,44,-0.022853
18,58,-0.022888
61,101,-0.022902
54,108,-0.022943
32,47,-0.022956
38,72,-0.022991
14,49,-0.023000
55,75,-0.023012
42,101,-0.023015
43,95,-0.023028
37,83,-0.023034
15,106,-0.023036
35,58,-0.023039
14,86,-0.023045
4,29,-0.023048
76,109,-0.023062
9,110,-0.023089
68,74,-0.023097
11,108,-0.023104
53,106,-0.023107
72,109,-0.023115
22,84,-0.023130
50,111,-0.023138
57,87,-0.023139
43,94,-0.023144
42,89,-0.023145
6,82,-0.023174
34,63,-0.023178
2,57,-0.023207
45,88,-0.023209
19,64,-0.023243
16,52,-0.023250
9,55,-0.023251
7,107,-0.023304
21,61,-0.023305
41,100,-0.023311
44,49,-0.023314
27,49,-0.023318
13,67,-0.023333
36,68,-0.023336
24,36,-0.023336
16,54,-0.023342
48,84,-0.023346
55,78,-0.023346
36,41,-0.023368
4,47,-0.023374
42,102,-0.023379
9,106,-0.023380
18,72,-0.023389
5,25,-0.023398
42,76,-0.023430
3,37,-0.023431
15,73,-0.023432
74,110,-0.023433
31,109,-0.023437
34,87,-0.023440
78,101,-0.023459
60,82,-0.023471
16,29,-0.023482
27,97,-0.023516
44,59,-0.023542
25,89,-0.023550
44,77,-0.023557
11,56,-0.023573
14,109,-0.023585
12,42,-0.023591
26,74,-0.023601
22,47,-0.023601
37,100,-0.023645
53,61,-0.023649
10,45,-0.023685
6,84,-0.023700
2,34,-0.023706
64,93,-0.023716
30,36,-0.023748
25,31,-0.023768
12,37,-0.023778
4,28,-0.023781
19,34,-0.023795
7,94,-0.023845
41,76,-0.023864
49,103,-0.023873
20,109,-0.023874
27,50,-0.023876
53,78,-0.023877
29,103,-0.023882
43,90,-0.023903
25,75,-0.023929
17,94,-0.023944
17,59,-0.023950
12,72,-0.023955
20,70,-0.023971
13,92,-0.023980
24,67,-0.023986
44,95,-0.023989
81,105,-0.024004
22,87,-0.024010
27,52,-0.024023
13,48,-0.024122
48,102,-0.024134
42,60,-0.024183
13,46,-0.024194
5,47,-0.024217
51,57,-0.024219
17,25,-0.024225
55,80,-0.024235
64,106,-0.024275
12,62,-0.024278
28,99,-0.024293
23,85,-0.024296
64,89,-0.024315
35,102,-0.024323
28,63,-0.024323
12,25,-0.024326
36,80,-0.024330
4,81,-0.024364
25,54,-0.024390
76,104,-0.024392
88,107,-0.024393
47,91,-0.024413
51,74,-0.024433
64,107,-0.024436
32,83,-0.024490
5,72,-0.024499
52,87,-0.024501
57,109,-0.024503
23,52,-0.024516
5,73,-0.024519
7,72,-0.024544
57,80,-0.024562
22,33,-0.024567
60,106,-0.024576
35,90,-0.024578
60,107,-0.024588
10,54,-0.024598
49,82,-0.024617
17,56,-0.024644
67,99,-0.024653
53,92,-0.024680
86,94,-0.024696
67,108,-0.024711
48,76,-0.024713
28,85,-0.024734
46,76,-0.024741
14,102,-0.024746
5,81,-0.024763
45,80,-0.024764
2,94,-0.024768
10,92,-0.024784
42,82,-0.024801
18,108,-0.024807
29,107,-0.024827
2,43,-0.024883
14,42,-0.024904
18,52,-0.024919
6,72,-0.024930
7,34,-0.024945
38,82,-0.024947
19,53,-0.024948
9,49,-0.024950
51,95,-0.024951
17,64,-0.024953
32,101,-0.024965
26,34,-0.024976
18,42,-0.024993
42,69,-0.025061
14,89,-0.025070
32,72,-0.025072
53,103,-0.025101
35,76,-0.025102
33,109,-0.025117
4,59,-0.025134
79,105,-0.025159
24,75,-0.025160
75,109,-0.025207
39,74,-0.025212
16,57,-0.025265
46,87,-0.025273
61,98,-0.025275
76,98,-0.025282
19,85,-0.025322
11,39,-0.025331
39,49,-0.025344
69,96,-0.025349
6,109,-0.025355
83,92,-0.025362
62,106,-0.025365
28,60,-0.025369
25,52,-0.025391
47,102,-0.025403
31,93,-0.025415
43,60,-0.025417
22,65,-0.025458
9,70,-0.025471
15,54,-0.025472
15,95,-0.025501
15,100,-0.025502
3,100,-0.025503
82,100,-0.025504
16,65,-0.025511
29,95,-0.025530
25,53,-0.025571
4,82,-0.025623
10,56,-0.025651
40,46,-0.025659
45,81,-0.025665
14,98,-0.025685
61,102,-0.025692
27,67,-0.025699
25,98,-0.025737
12,54,-0.025778
11,107,-0.025780
62,100,-0.025786
54,109,-0.025789
1,81,-0.025792
16,49,-0.025793
15,85,-0.025805
44,74,-0.025826
81,95,-0.025839
72,92,-0.025861
57,103,-0.025884
39,65,-0.025909
43,105,-0.025918
18,26,-0.025925
17,97,-0.025928
23,41,-0.025930
4,99,-0.025945
10,85,-0.025958
38,60,-0.026000
25,103,-0.026005
60,96,-0.026017
12,60,-0.026030
14,107,-0.026051
4,55,-0.026071
55,108,-0.026077
11,38,-0.026107
10,109,-0.026112
19,30,-0.026119
33,88,-0.026130
46,59,-0.026139
31,40,-0.026162
46,62,-0.026167
24,92,-0.026179
29,104,-0.026209
7,87,-0.026230
26,67,-0.026243
3,22,-0.026248
60,95,-0.026251
54,81,-0.026271
2,48,-0.026299
13,50,-0.026301
20,60,-0.026322
27,93,-0.026342
49,88,-0.026348
22,49,-0.026348
11,48,-0.026352
1,68,-0.026354
20,41,-0.026361
13,83,-0.026392
12,99,-0.026403
47,64,-0.026423
20,87,-0.026427
45,74,-0.026451
63,83,-0.026453
14,66,-0.026493
18,32,-0.026495
43,100,-0.026515
52,106,-0.026529
3,102,-0.026536
5,99,-0.026542
48,100,-0.026543
23,30,-0.026545
32,40,-0.026555
25,105,-0.026569
54,65,-0.026572
25,94,-0.026633
3,87,-0.026662
40,58,-0.026663
79,91,-0.026673
36,62,-0.026674
11,101,-0.026700
44,67,-0.026721
36,43,-0.026741
67,89,-0.026742
5,48,-0.026750
15,108,-0.026760
70,105,-0.026783
32,48,-0.026783
2,76,-0.026796
53,111,-0.026809
34,106,-0.026809
75,98,-0.026826
2,55,-0.026839
38,86,-0.026862
48,69,-0.026867
74,83,-0.026873
60,91,-0.026904
55,106,-0.026937
25,66,-0.026939
23,96,-0.026953
34,68,-0.026972
51,105,-0.026983
25,80,-0.027003
65,90,-0.027007
6,31,-0.027017
77,89,-0.027023
28,100,-0.027025
15,30,-0.027029
77,91,-0.027048
28,109,-0.027078
3,96,-0.027082
34,105,-0.027084
45,72,-0.027089
5,29,-0.027105
27,54,-0.027116
47,101,-0.027119
22,57,-0.027120
56,100,-0.027121
34,79,-0.027126
50,109,-0.027133
63,92,-0.027182
40,56,-0.027188
10,43,-0.027193
52,62,-0.027228
45,68,-0.027231
11,25,-0.027265
86,109,-0.027271
35,47,-0.027291
31,73,-0.027358
16,83,-0.027359
16,51,-0.027368
19,60,-0.027402
64,83,-0.027410
48,103,-0.027418
20,49,-0.027464
37,74,-0.027467
36,58,-0.027501
15,35,-0.027529
14,97,-0.027533
7,77,-0.027541
19,75,-0.027542
28,41,-0.027587
13,84,-0.027600
57,90,-0.027618
26,41,-0.027627
46,84,-0.027627
66,89,-0.027628
85,96,-0.027632
15,47,-0.027651
44,71,-0.027682
13,36,-0.027687
16,99,-0.027712
9,19,-0.027731
2,29,-0.027732
27,102,-0.027765
58,100,-0.027768
55,107,-0.027794
60,108,-0.027820
54,105,-0.027912
30,81,-0.027925
10,98,-0.027932
23,63,-0.027942
13,66,-0.027953
38,65,-0.027953
17,53,-0.027960
25,51,-0.027962
10,75,-0.027970
3,65,-0.027972
42,71,-0.027987
2,97,-0.028019
56,104,-0.028019
59,91,-0.028044
11,67,-0.028050
26,85,-0.028061
41,67,-0.028067
20,106,-0.028082
26,65,-0.028085
18,24,-0.028088
21,30,-0.028124
9,47,-0.028137
49,85,-0.028158
47,108,-0.028165
2,52,-0.028181
34,104,-0.028185
68,81,-0.028229
9,105,-0.028242
9,31,-0.028250
48,93,-0.028256
69,110,-0.028278
8,30,-0.028282
33,79,-0.028283
70,102,-0.028298
35,70,-0.028305
39,64,-0.028343
16,64,-0.028356
37,89,-0.028365
38,109,-0.028372
24,44,-0.028375
47,103,-0.028396
62,86,-0.028399
50,105,-0.028417
45,104,-0.028440
30,47,-0.028443
78,99,-0.028477
21,62,-0.028499
34,77,-0.028505
14,59,-0.028508
10,104,-0.028550
14,96,-0.028592
6,101,-0.028597
89,104,-0.028603
21,98,-0.028623
70,74,-0.028623
61,105,-0.028642
26,56,-0.028673
39,99,-0.028685
27,81,-0.028687
21,82,-0.028693
21,74,-0.028710
99,106,-0.028726
23,100,-0.028729
14,63,-0.028784
27,80,-0.028789
91,101,-0.028791
13,71,-0.028816
29,60,-0.028821
7,26,-0.028843
64,72,-0.028851
22,55,-0.028857
59,81,-0.028866
38,96,-0.028868
13,38,-0.028881
61,103,-0.028899
61,96,-0.028920
95,103,-0.028936
86,106,-0.028959
21,40,-0.028959
14,27,-0.028966
37,104,-0.029047
28,65,-0.029134
29,71,-0.029145
62,87,-0.029160
3,53,-0.029161
54,104,-0.029177
72,104,-0.029193
16,84,-0.029196
4,39,-0.029207
63,94,-0.029208
41,49,-0.029217
45,110,-0.029226
10,24,-0.029247
32,110,-0.029260
39,95,-0.029269
34,67,-0.029285
55,105,-0.029286
42,59,-0.029312
21,54,-0.029347
62,92,-0.029377
64,81,-0.029424
8,77,-0.029431
31,76,-0.029441
16,60,-0.029470
37,43,-0.029476
37,75,-0.029481
13,33,-0.029496
4,66,-0.029505
46,77,-0.029511
51,80,-0.029512
45,69,-0.029535
38,104,-0.029574
30,61,-0.029586
42,88,-0.029589
74,91,-0.029600
59,86,-0.029609
59,103,-0.029622
43,101,-0.029634
40,84,-0.029648
7,75,-0.029651
48,105,-0.029653
13,109,-0.029665
71,94,-0.029670
29,88,-0.029692
52,72,-0.029702
21,108,-0.029776
68,104,-0.029781
39,51,-0.029792
11,58,-0.029813
19,88,-0.029817
66,97,-0.029833
71,92,-0.029846
23,47,-0.029849
25,58,-0.029863
14,22,-0.029876
16,59,-0.029886
24,71,-0.029888
73,89,-0.029892
62,101,-0.029904
46,94,-0.029915
43,63,-0.029925
37,41,-0.029942
27,88,-0.029963
88,104,-0.029978
94,101,-0.029987
55,98,-0.030022
66,94,-0.030028
41,82,-0.030040
4,45,-0.030045
10,78,-0.030050
12,78,-0.030050
49,90,-0.030062
21,43,-0.030081
36,64,-0.030091
43,76,-0.030149
11,80,-0.030179
18,95,-0.030185
44,84,-0.030205
56,105,-0.030243
28,61,-0.030245
9,26,-0.030268
29,100,-0.030274
5,24,-0.030287
33,40,-0.030346
45,91,-0.030361
43,98,-0.030379
71,108,-0.030397
33,56,-0.030410
21,55,-0.030412
12,103,-0.030432
32,52,-0.030441
24,40,-0.030443
32,49,-0.030450
37,62,-0.030455
27,108,-0.030473
36,93,-0.030523
14,33,-0.030551
29,51,-0.030557
66,88,-0.030560
14,83,-0.030565
21,57,-0.030580
13,77,-0.030584
62,80,-0.030588
60,93,-0.030606
72,108,-0.030662
60,90,-0.030690
29,109,-0.030711
11,104,-0.030717
57,108,-0.030738
78,95,-0.030755
42,78,-0.030769
34,74,-0.030791
29,105,-0.030812
25,76,-0.030836
30,82,-0.030847
29,64,-0.030853
12,82,-0.030863
22,99,-0.030866
4,94,-0.030868
53,67,-0.030870
7,42,-0.030872
59,85,-0.030881
3,75,-0.030894
11,63,-0.030895
20,99,-0.030902
34,46,-0.030908
23,51,-0.030915
86,89,-0.030927
30,102,-0.030954
67,97,-0.031007
23,86,-0.031038
24,59,-0.031044
41,48,-0.031073
53,83,-0.031083
13,57,-0.031084
18,84,-0.031085
15,98,-0.031091
21,34,-0.031130
64,85,-0.031147
52,59,-0.031225
22,78,-0.031232
58,93,-0.031251
34,65,-0.031263
39,63,-0.031268
13,39,-0.031288
7,74,-0.031292
40,54,-0.031306
16,105,-0.031309
39,59,-0.031316
14,81,-0.031356
44,85,-0.031370
63,91,-0.031380
64,90,-0.031384
27,101,-0.031399
6,63,-0.031401
75,95,-0.031406
66,105,-0.031407
10,39,-0.031427
13,93,-0.031430
28,54,-0.031441
5,76,-0.031451
8,35,-0.031452
29,98,-0.031456
21,87,-0.031459
27,89,-0.031492
59,107,-0.031496
41,72,-0.031506
37,66,-0.031522
5,16,-0.031532
87,109,-0.031540
72,91,-0.031542
17,47,-0.031577
71,76,-0.031602
85,97,-0.031638
16,47,-0.031652
31,91,-0.031679
85,95,-0.031759
31,49,-0.031767
90,96,-0.031787
38,64,-0.031811
39,98,-0.031875
7,65,-0.031885
30,99,-0.031887
8,51,-0.031893
19,100,-0.031913
37,88,-0.031919
11,92,-0.031921
69,92,-0.031954
5,88,-0.031991
47,74,-0.031993
30,72,-0.032013
9,92,-0.032016
18,101,-0.032025
65,86,-0.032028
10,63,-0.032072
5,61,-0.032074
34,108,-0.032080
56,91,-0.032082
29,70,-0.032096
7,84,-0.032114
9,42,-0.032124
57,83,-0.032130
9,85,-0.032141
11,99,-0.032198
27,95,-0.032199
54,90,-0.032207
14,35,-0.032219
24,66,-0.032227
16,98,-0.032231
27,106,-0.032232
32,84,-0.032245
2,44,-0.032247
56,82,-0.032253
68,91,-0.032278
12,45,-0.032279
40,81,-0.032295
59,110,-0.032324
9,81,-0.032347
51,60,-0.032373
95,102,-0.032374
49,87,-0.032399
26,98,-0.032413
27,74,-0.032419
21,79,-0.032428
4,54,-0.032458
23,105,-0.032495
27,94,-0.032501
35,109,-0.032517
31,100,-0.032517
63,103,-0.032535
6,89,-0.032601
46,78,-0.032643
57,69,-0.032654
36,104,-0.032674
25,65,-0.032676
25,104,-0.032698
35,83,-0.032699
66,82,-0.032714
11,109,-0.032719
27,100,-0.032723
7,79,-0.032763
2,45,-0.032772
11,91,-0.032785
5,59,-0.032797
33,73,-0.032836
90,107,-0.032846
9,46,-0.032867
62,81,-0.032934
74,109,-0.032938
40,48,-0.032939
56,103,-0.032961
36,105,-0.032998
42,104,-0.033017
20,44,-0.033021
15,105,-0.033029
50,95,-0.033045
5,31,-0.033053
15,57,-0.033074
66,92,-0.033089
24,73,-0.033093
7,106,-0.033098
53,76,-0.033130
23,104,-0.033159
65,95,-0.033164
33,70,-0.033165
41,63,-0.033192
31,67,-0.033194
19,67,-0.033212
24,101,-0.033214
61,85,-0.033237
26,39,-0.033247
19,76,-0.033267
59,89,-0.033280
73,101,-0.033290
38,78,-0.033299
28,102,-0.033302
7,23,-0.033304
32,91,-0.033305
43,75,-0.033307
41,79,-0.033337
22,93,-0.033341
9,72,-0.033350
58,98,-0.033364
15,84,-0.033385
40,49,-0.033393
37,97,-0.033403
34,71,-0.033421
31,55,-0.033450
31,107,-0.033468
42,54,-0.033533
35,85,-0.033541
80,90,-0.033549
11,106,-0.033557
38,92,-0.033625
32,86,-0.033636
19,82,-0.033650
57,76,-0.033653
50,60,-0.033657
44,63,-0.033694
3,63,-0.033703
20,54,-0.033713
59,96,-0.033797
21,45,-0.033800
78,105,-0.033841
75,96,-0.033852
11,75,-0.033866
78,93,-0.033873
54,94,-0.033903
97,103,-0.033918
2,25,-0.033932
8,100,-0.033934
44,69,-0.033938
49,102,-0.033957
48,78,-0.033979
85,107,-0.033987
27,61,-0.033990
29,82,-0.034000
37,76,-0.034017
3,47,-0.034029
38,75,-0.034036
7,105,-0.034055
46,93,-0.034069
22,86,-0.034097
11,97,-0.034098
8,53,-0.034104
56,109,-0.034153
68,100,-0.034183
2,92,-0.034184
31,82,-0.034184
19,63,-0.034198
62,73,-0.034203
30,40,-0.034206
10,67,-0.034211
26,106,-0.034214
52,92,-0.034224
18,76,-0.034224
18,74,-0.034226
10,25,-0.034234
21,77,-0.034235
45,89,-0.034237
25,81,-0.034261
32,68,-0.034270
32,61,-0.034272
42,90,-0.034272
10,83,-0.034295
26,60,-0.034303
45,73,-0.034377
48,75,-0.034415
59,92,-0.034419
56,89,-0.034427
33,82,-0.034462
6,75,-0.034475
18,109,-0.034477
6,80,-0.034494
11,64,-0.034568
33,85,-0.034571
45,65,-0.034585
57,88,-0.034630
52,94,-0.034631
46,100,-0.034645
67,107,-0.034664
3,21,-0.034668
23,79,-0.034683
15,66,-0.034695
35,96,-0.034715
56,68,-0.034716
23,107,-0.034716
28,67,-0.034733
12,36,-0.034769
9,84,-0.034778
45,109,-0.034826
31,47,-0.034841
12,98,-0.034858
41,47,-0.034873
19,87,-0.034876
18,83,-0.034886
22,101,-0.034887
77,107,-0.034893
53,94,-0.034908
62,93,-0.034908
42,67,-0.034918
18,61,-0.034940
17,108,-0.034976
74,89,-0.035010
12,39,-0.035029
17,79,-0.035033
22,52,-0.035034
3,89,-0.035074
50,59,-0.035121
27,72,-0.035129
8,41,-0.035140
20,98,-0.035175
8,42,-0.035184
76,94,-0.035188
12,91,-0.035209
6,70,-0.035222
21,35,-0.035228
9,50,-0.035229
6,27,-0.035233
16,86,-0.035238
38,95,-0.035243
31,99,-0.035250
49,105,-0.035286
9,80,-0.035299
10,59,-0.035301
35,92,-0.035308
9,35,-0.035328
63,107,-0.035331
26,66,-0.035348
28,105,-0.035400
14,92,-0.035452
33,98,-0.035459
3,56,-0.035470
26,40,-0.035542
22,106,-0.035560
86,100,-0.035581
47,87,-0.035591
9,33,-0.035639
99,103,-0.035670
17,84,-0.035673
22,32,-0.035674
34,96,-0.035674
34,78,-0.035676
2,82,-0.035713
32,63,-0.035725
5,54,-0.035731
43,70,-0.035801
33,92,-0.035804
8,43,-0.035823
22,103,-0.035887
21,42,-0.035918
76,96,-0.035961
56,84,-0.035974
41,51,-0.035993
12,51,-0.035997
39,73,-0.036004
51,100,-0.036016
13,75,-0.036016
53,77,-0.036017
17,52,-0.036026
87,94,-0.036029
8,29,-0.036106
71,82,-0.036140
8,33,-0.036142
50,101,-0.036149
33,74,-0.036162
63,87,-0.036166
21,92,-0.036176
38,97,-0.036230
27,60,-0.036245
20,42,-0.036255
39,87,-0.036269
61,93,-0.036298
32,106,-0.036323
50,100,-0.036335
47,62,-0.036351
29,93,-0.036382
10,49,-0.036433
8,28,-0.036436
18,100,-0.036440
4,57,-0.036448
64,80,-0.036462
29,110,-0.036528
6,107,-0.036535
16,78,-0.036568
42,68,-0.036571
23,74,-0.036573
50,98,-0.036618
45,76,-0.036696
18,36,-0.036721
17,89,-0.036739
61,88,-0.036743
20,31,-0.036754
35,50,-0.036776
12,71,-0.036819
64,92,-0.036835
2,74,-0.036868
23,62,-0.036868
25,68,-0.036904
10,33,-0.036910
47,106,-0.036916
4,93,-0.036936
3,36,-0.036942
49,92,-0.036965
59,67,-0.036966
11,96,-0.036981
41,71,-0.036985
13,40,-0.037024
3,79,-0.037024
63,110,-0.037026
25,62,-0.037029
22,71,-0.037031
68,87,-0.037038
44,78,-0.037041
17,96,-0.037048
68,86,-0.037119
23,45,-0.037127
40,101,-0.037150
30,85,-0.037152
24,69,-0.037153
53,74,-0.037155
7,80,-0.037174
21,81,-0.037185
60,97,-0.037195
29,68,-0.037234
27,78,-0.037254
86,98,-0.037285
9,52,-0.037297
33,55,-0.037304
27,87,-0.037326
8,47,-0.037348
47,60,-0.037363
20,56,-0.037399
68,89,-0.037416
29,84,-0.037446
18,43,-0.037482
28,108,-0.037493
60,71,-0.037523
21,76,-0.037548
59,100,-0.037549
16,92,-0.037560
35,66,-0.037562
32,76,-0.037569
10,93,-0.037572
62,71,-0.037576
52,105,-0.037582
32,56,-0.037590
17,51,-0.037595
42,103,-0.037604
14,104,-0.037625
70,79,-0.037632
63,105,-0.037640
3,41,-0.037655
25,60,-0.037666
35,84,-0.037715
46,95,-0.037736
73,94,-0.037748
74,81,-0.037754
48,97,-0.037761
5,19,-0.037767
8,88,-0.037776
8,82,-0.037786
51,93,-0.037841
45,93,-0.037845
57,68,-0.037849
22,73,-0.037852
71,105,-0.037857
35,108,-0.037894
23,109,-0.037916
20,29,-0.037958
8,80,-0.037970
19,71,-0.037984
17,50,-0.038001
24,79,-0.038008
59,98,-0.038029
33,103,-0.038049
27,104,-0.038079
7,97,-0.038099
36,98,-0.038120
61,100,-0.038133
43,85,-0.038155
27,41,-0.038164
32,42,-0.038168
37,109,-0.038171
7,83,-0.038177
68,109,-0.038191
58,78,-0.038208
72,96,-0.038213
11,22,-0.038220
35,80,-0.038264
30,110,-0.038353
10,27,-0.038378
32,66,-0.038385
23,76,-0.038434
6,35,-0.038470
12,96,-0.038491
26,69,-0.038496
33,101,-0.038517
27,62,-0.038551
74,82,-0.038551
41,55,-0.038552
18,45,-0.038567
72,100,-0.038575
21,83,-0.038576
52,107,-0.038598
36,60,-0.038602
25,85,-0.038639
49,93,-0.038653
32,97,-0.038693
65,91,-0.038701
34,72,-0.038710
11,40,-0.038739
16,27,-0.038748
43,58,-0.038749
34,93,-0.038782
41,88,-0.038795
50,89,-0.038795
76,93,-0.038813
35,105,-0.038818
65,96,-0.038854
17,63,-0.038867
5,58,-0.038877
49,99,-0.038903
27,110,-0.038912
34,94,-0.038914
2,53,-0.038930
33,38,-0.038942
35,88,-0.038990
9,97,-0.038994
79,99,-0.039002
10,80,-0.039042
8,37,-0.039072
20,78,-0.039114
10,84,-0.039132
22,69,-0.039139
52,89,-0.039147
33,77,-0.039186
91,103,-0.039203
51,106,-0.039258
75,86,-0.039335
26,102,-0.039382
75,92,-0.039395
8,57,-0.039396
6,52,-0.039410
36,65,-0.039447
7,99,-0.039450
43,92,-0.039461
20,92,-0.039467
11,33,-0.039536
21,73,-0.039584
6,92,-0.039620
15,59,-0.039645
75,107,-0.039649
46,106,-0.039690
77,97,-0.039726
2,42,-0.039739
45,100,-0.039744
57,89,-0.039811
40,64,-0.039819
4,85,-0.039821
2,22,-0.039840
13,78,-0.039864
22,81,-0.039869
4,27,-0.039900
5,66,-0.039905
9,57,-0.039924
31,86,-0.039925
35,68,-0.039955
45,105,-0.039968
34,88,-0.039970
63,88,-0.039977
14,91,-0.039983
40,72,-0.040013
55,95,-0.040021
11,93,-0.040039
49,107,-0.040060
2,35,-0.040068
29,101,-0.040091
68,105,-0.040109
7,104,-0.040128
21,64,-0.040135
42,63,-0.040137
45,58,-0.040156
20,27,-0.040169
52,65,-0.040184
41,90,-0.040188
52,70,-0.040221
46,86,-0.040225
3,57,-0.040231
61,83,-0.040235
31,92,-0.040294
54,88,-0.040306
12,93,-0.040328
20,108,-0.040331
70,92,-0.040365
30,59,-0.040370
46,99,-0.040433
4,61,-0.040440
30,73,-0.040473
18,87,-0.040476
68,95,-0.040527
67,103,-0.040530
54,98,-0.040564
40,59,-0.040576
29,91,-0.040600
19,61,-0.040610
4,91,-0.040627
17,83,-0.040629
29,75,-0.040636
52,109,-0.040685
52,97,-0.040688
5,27,-0.040695
27,69,-0.040695
67,98,-0.040720
18,75,-0.040733
33,99,-0.040796
49,76,-0.040810
26,100,-0.040810
51,62,-0.040891
68,76,-0.040947
9,61,-0.040957
35,63,-0.040990
53,75,-0.041046
26,50,-0.041077
17,106,-0.041100
45,99,-0.041116
18,48,-0.041122
8,24,-0.041155
15,33,-0.041179
9,39,-0.041188
63,100,-0.041189
13,64,-0.041209
21,107,-0.041234
16,63,-0.041240
7,66,-0.041240
79,86,-0.041255
35,64,-0.041262
41,101,-0.041288
25,79,-0.041290
57,106,-0.041301
36,100,-0.041378
68,107,-0.041379
67,87,-0.041389
35,103,-0.041400
39,57,-0.041401
17,105,-0.041458
58,92,-0.041491
62,102,-0.041492
56,95,-0.041506
39,88,-0.041520
64,95,-0.041585
12,26,-0.041654
29,86,-0.041670
33,110,-0.041673
30,57,-0.041674
4,33,-0.041683
14,45,-0.041697
21,65,-0.041739
25,90,-0.041747
50,54,-0.041750
15,91,-0.041821
18,78,-0.041831
58,106,-0.041845
23,59,-0.041849
31,110,-0.041862
20,74,-0.041891
16,91,-0.041894
35,75,-0.041993
42,61,-0.042028
20,81,-0.042031
12,35,-0.042043
30,86,-0.042068
11,85,-0.042069
29,79,-0.042070
6,24,-0.042102
30,41,-0.042114
30,90,-0.042120
68,99,-0.042138
11,46,-0.042139
4,56,-0.042153
6,54,-0.042176
40,70,-0.042185
33,52,-0.042248
17,49,-0.042294
32,107,-0.042376
24,65,-0.042470
32,77,-0.042479
77,90,-0.042483
11,82,-0.042502
7,44,-0.042532
73,85,-0.042562
51,91,-0.042568
15,101,-0.042589
56,77,-0.042597
44,104,-0.042633
31,101,-0.042689
44,103,-0.042708
18,34,-0.042710
36,92,-0.042776
28,64,-0.042823
81,96,-0.042828
3,38,-0.042833
22,63,-0.042866
55,74,-0.042890
52,79,-0.042920
4,53,-0.042920
3,23,-0.042947
5,93,-0.042963
27,105,-0.042969
34,92,-0.042998
46,61,-0.043044
8,56,-0.043048
64,94,-0.043058
15,72,-0.043061
34,80,-0.043087
60,92,-0.043090
3,68,-0.043122
31,103,-0.043126
13,32,-0.043133
21,41,-0.043170
36,73,-0.043186
54,79,-0.043242
15,77,-0.043353
14,39,-0.043375
52,90,-0.043384
30,74,-0.043423
17,29,-0.043432
9,45,-0.043437
49,104,-0.043451
33,102,-0.043468
59,73,-0.043475
27,70,-0.043481
29,72,-0.043483
24,70,-0.043491
58,94,-0.043562
14,40,-0.043600
4,52,-0.043632
72,97,-0.043647
45,70,-0.043668
92,104,-0.043676
3,98,-0.043688
42,105,-0.043695
12,106,-0.043712
31,102,-0.043744
5,91,-0.043833
56,93,-0.043889
17,100,-0.043894
17,32,-0.043922
85,105,-0.043934
31,106,-0.043940
73,91,-0.043983
17,77,-0.044022
25,92,-0.044054
31,90,-0.044105
11,98,-0.044111
6,22,-0.044140
79,98,-0.044180
22,104,-0.044182
66,100,-0.044188
15,48,-0.044213
42,72,-0.044214
24,87,-0.044215
7,78,-0.044327
39,56,-0.044448
23,108,-0.044459
74,95,-0.044470
26,81,-0.044528
75,100,-0.044542
13,106,-0.044607
55,64,-0.044623
26,82,-0.044633
28,92,-0.044732
24,80,-0.044775
86,91,-0.044782
47,98,-0.044787
33,87,-0.044820
38,100,-0.044872
14,43,-0.044874
61,109,-0.044890
10,50,-0.044945
9,96,-0.044980
43,77,-0.045048
45,103,-0.045076
13,105,-0.045102
46,96,-0.045120
17,39,-0.045167
59,88,-0.045172
43,82,-0.045173
6,64,-0.045173
5,80,-0.045187
7,45,-0.045216
19,77,-0.045236
8,74,-0.045259
22,98,-0.045401
20,51,-0.045407
28,97,-0.045411
46,60,-0.045451
73,100,-0.045460
35,56,-0.045460
27,63,-0.045471
70,89,-0.045474
22,76,-0.045477
30,108,-0.045480
43,103,-0.045485
7,64,-0.045493
48,96,-0.045517
24,76,-0.045603
9,103,-0.045611
32,93,-0.045614
20,66,-0.045620
34,39,-0.045671
5,64,-0.045672
15,63,-0.045680
9,43,-0.045690
8,78,-0.045703
24,74,-0.045715
45,61,-0.045750
16,100,-0.045842
20,77,-0.045853
30,76,-0.045936
51,87,-0.045946
15,70,-0.046017
35,101,-0.046055
22,100,-0.046064
30,66,-0.046067
43,80,-0.046071
24,77,-0.046073
30,91,-0.046081
23,106,-0.046131
77,100,-0.046177
36,106,-0.046228
87,107,-0.046276
33,61,-0.046299
86,107,-0.046306
8,63,-0.046320
6,42,-0.046328
33,93,-0.046342
33,91,-0.046345
52,74,-0.046374
45,90,-0.046439
18,91,-0.046446
19,40,-0.046500
33,67,-0.046538
26,57,-0.046661
19,108,-0.046667
72,99,-0.046714
34,58,-0.046726
17,102,-0.046744
19,103,-0.046746
12,107,-0.046779
6,62,-0.046786
74,108,-0.046831
52,104,-0.046890
14,108,-0.046927
35,81,-0.046936
54,75,-0.047027
29,77,-0.047079
8,109,-0.047097
24,47,-0.047153
8,44,-0.047162
48,87,-0.047169
9,27,-0.047172
26,92,-0.047188
65,107,-0.047239
24,72,-0.047247
32,92,-0.047283
30,77,-0.047311
16,40,-0.047311
23,77,-0.047317
71,89,-0.047374
12,33,-0.047391
5,38,-0.047394
25,91,-0.047403
75,91,-0.047495
31,78,-0.047524
13,74,-0.047539
57,67,-0.047565
11,43,-0.047566
23,68,-0.047571
10,105,-0.047573
6,98,-0.047603
75,99,-0.047616
51,108,-0.047672
2,27,-0.047777
30,37,-0.047783
33,68,-0.047829
45,63,-0.047852
41,103,-0.047907
12,41,-0.047925
22,105,-0.047964
16,61,-0.047980
26,70,-0.048024
63,95,-0.048036
4,41,-0.048045
16,33,-0.048046
78,109,-0.048047
25,50,-0.048071
32,90,-0.048092
12,44,-0.048096
7,98,-0.048133
21,32,-0.048133
48,61,-0.048153
10,77,-0.048158
50,62,-0.048177
9,54,-0.048198
83,94,-0.048211
63,106,-0.048341
45,92,-0.048360
55,100,-0.048374
60,77,-0.048400
6,96,-0.048486
14,75,-0.048624
70,98,-0.048647
5,44,-0.048666
6,33,-0.048674
43,86,-0.048726
57,93,-0.048780
15,76,-0.048824
22,94,-0.048848
37,105,-0.048952
28,80,-0.048970
32,82,-0.048982
16,32,-0.048986
62,103,-0.048997
29,81,-0.049027
48,74,-0.049028
18,94,-0.049044
10,44,-0.049066
23,91,-0.049072
63,90,-0.049074
4,92,-0.049104
6,60,-0.049118
4,74,-0.049177
58,105,-0.049281
32,88,-0.049370
44,105,-0.049382
35,78,-0.049396
45,50,-0.049397
12,27,-0.049401
19,83,-0.049419
10,35,-0.049453
61,97,-0.049488
9,82,-0.049628
5,92,-0.049644
46,105,-0.049653
25,61,-0.049687
5,42,-0.049690
55,90,-0.049824
12,80,-0.049843
53,87,-0.049850
57,107,-0.049873
15,56,-0.049879
7,57,-0.049952
40,62,-0.049993
4,63,-0.050024
43,68,-0.050075
60,86,-0.050082
30,46,-0.050106
5,45,-0.050142
45,71,-0.050162
73,95,-0.050235
4,26,-0.050271
10,51,-0.050312
53,85,-0.050339
15,50,-0.050344
40,53,-0.050389
25,102,-0.050458
31,75,-0.050477
47,95,-0.050480
23,92,-0.050484
88,105,-0.050512
12,31,-0.050563
2,56,-0.050609
58,99,-0.050621
14,48,-0.050662
29,85,-0.050727
9,87,-0.050764
45,95,-0.050776
42,94,-0.050847
4,97,-0.050882
6,95,-0.050969
49,97,-0.050971
49,95,-0.051006
34,84,-0.051009
11,103,-0.051065
59,95,-0.051065
29,96,-0.051148
44,61,-0.051240
52,57,-0.051263
43,107,-0.051300
12,34,-0.051365
15,55,-0.051387
45,59,-0.051440
8,52,-0.051627
78,96,-0.051705
29,40,-0.051717
57,101,-0.051735
53,91,-0.051769
54,91,-0.051866
81,107,-0.051961
19,57,-0.052007
57,96,-0.052031
2,96,-0.052072
62,88,-0.052106
24,102,-0.052121
37,52,-0.052127
33,95,-0.052154
43,81,-0.052159
30,63,-0.052201
38,74,-0.052303
44,93,-0.052320
57,100,-0.052420
8,48,-0.052441
21,99,-0.052478
42,98,-0.052515
15,52,-0.052544
33,62,-0.052545
32,65,-0.052612
22,31,-0.052643
24,85,-0.052650
32,96,-0.052650
12,57,-0.052784
22,61,-0.052902
14,80,-0.052988
70,97,-0.053009
40,51,-0.053076
19,106,-0.053079
18,96,-0.053083
6,108,-0.053089
26,73,-0.053106
66,98,-0.053131
65,109,-0.053186
45,77,-0.053201
22,59,-0.053255
13,100,-0.053417
12,94,-0.053441
29,90,-0.053451
54,83,-0.053578
31,96,-0.053624
13,91,-0.053732
65,105,-0.053749
7,48,-0.053777
9,89,-0.053784
22,90,-0.053790
10,97,-0.053812
32,98,-0.053898
5,63,-0.053899
27,86,-0.053990
20,45,-0.054055
9,34,-0.054200
17,66,-0.054207
29,87,-0.054281
23,95,-0.054292
39,92,-0.054323
74,106,-0.054329
15,29,-0.054358
53,108,-0.054375
63,109,-0.054409
14,87,-0.054426
33,107,-0.054459
52,76,-0.054611
37,106,-0.054675
55,97,-0.054685
57,95,-0.054691
9,99,-0.054730
56,97,-0.054765
41,50,-0.054772
23,94,-0.054784
24,82,-0.054820
15,92,-0.054844
11,79,-0.054847
58,89,-0.054867
47,89,-0.054867
39,76,-0.054868
29,99,-0.054957
40,65,-0.054974
48,85,-0.055000
10,87,-0.055046
25,87,-0.055078
29,89,-0.055078
4,35,-0.055113
12,105,-0.055142
56,108,-0.055176
28,98,-0.055278
15,82,-0.055308
49,106,-0.055348
27,99,-0.055421
35,60,-0.055472
48,94,-0.055510
3,32,-0.055532
27,98,-0.055640
57,97,-0.055649
26,59,-0.055746
45,101,-0.055813
16,93,-0.055818
9,64,-0.055873
30,96,-0.055887
42,95,-0.055891
4,43,-0.055911
49,60,-0.055928
3,27,-0.055976
31,95,-0.056008
31,89,-0.056010
13,95,-0.056234
6,61,-0.056242
51,97,-0.056298
41,46,-0.056360
28,89,-0.056378
44,100,-0.056505
58,107,-0.056613
44,87,-0.056633
34,98,-0.056645
15,22,-0.056706
42,85,-0.056757
18,98,-0.056802
5,97,-0.056908
33,89,-0.056967
35,86,-0.056976
65,89,-0.057015
4,89,-0.057057
14,106,-0.057082
27,66,-0.057158
12,29,-0.057165
74,94,-0.057192
14,76,-0.057193
64,100,-0.057278
30,62,-0.057280
18,89,-0.057288
43,62,-0.057327
29,73,-0.057340
6,105,-0.057399
41,58,-0.057420
29,52,-0.057436
36,91,-0.057451
47,93,-0.057674
11,36,-0.057719
73,92,-0.057827
5,52,-0.057891
76,106,-0.057977
5,57,-0.057990
41,70,-0.058122
5,51,-0.058174
33,96,-0.058254
47,97,-0.058259
29,80,-0.058283
68,90,-0.058319
19,99,-0.058352
3,92,-0.058376
18,59,-0.058397
10,96,-0.058400
35,67,-0.058551
57,105,-0.058554
4,42,-0.058647
21,101,-0.058668
13,63,-0.058691
43,65,-0.058701
28,62,-0.058715
51,90,-0.058742
51,107,-0.058762
38,99,-0.058797
10,61,-0.058823
53,89,-0.058842
31,61,-0.058879
4,96,-0.058880
33,90,-0.058898
36,56,-0.059133
9,41,-0.059147
8,75,-0.059192
19,109,-0.059242
74,103,-0.059272
9,24,-0.059326
34,86,-0.059365
13,45,-0.059378
13,107,-0.059386
10,62,-0.059400
27,96,-0.059401
56,98,-0.059413
64,88,-0.059433
35,89,-0.059489
20,96,-0.059536
12,59,-0.059571
58,97,-0.059580
37,45,-0.059603
18,92,-0.059656
73,97,-0.059803
43,72,-0.059827
12,89,-0.059827
26,91,-0.059839
31,108,-0.059923
43,59,-0.060314
72,95,-0.060350
21,105,-0.060473
47,96,-0.060578
27,58,-0.060582
54,106,-0.060614
79,94,-0.060709
7,76,-0.060736
23,29,-0.060776
16,41,-0.060781
24,81,-0.060886
43,104,-0.060916
22,39,-0.060947
12,75,-0.060963
39,61,-0.061008
18,105,-0.061056
32,39,-0.061080
56,106,-0.061180
16,43,-0.061281
24,78,-0.061318
7,54,-0.061401
24,98,-0.061465
61,91,-0.061484
5,96,-0.061513
53,105,-0.061553
20,89,-0.061618
32,104,-0.062163
10,41,-0.062178
66,99,-0.062213
49,98,-0.062261
34,103,-0.062265
13,98,-0.062281
32,75,-0.062322
43,71,-0.062401
46,97,-0.062444
40,90,-0.062551
33,104,-0.062556
65,88,-0.062574
73,99,-0.062611
26,90,-0.062811
53,98,-0.062812
5,55,-0.062890
27,68,-0.062940
27,103,-0.062996
41,57,-0.063084
31,77,-0.063197
52,103,-0.063254
8,99,-0.063279
59,97,-0.063315
20,43,-0.063542
57,98,-0.063666
8,97,-0.063688
70,87,-0.063850
71,96,-0.064012
56,102,-0.064018
44,76,-0.064021
14,82,-0.064063
8,96,-0.064158
26,68,-0.064166
27,71,-0.064187
13,89,-0.064193
37,91,-0.064239
35,73,-0.064361
61,107,-0.064699
9,78,-0.064755
59,106,-0.064799
48,60,-0.064969
45,55,-0.065136
3,78,-0.065149
31,87,-0.065412
9,25,-0.065483
64,102,-0.065504
54,72,-0.065520
26,38,-0.065621
61,89,-0.065726
36,57,-0.065833
10,65,-0.065903
19,94,-0.065904
62,90,-0.066082
25,88,-0.066137
14,79,-0.066254
25,86,-0.066357
6,91,-0.066389
27,82,-0.066443
26,71,-0.066458
42,87,-0.066613
26,103,-0.066839
52,98,-0.066851
81,94,-0.066862
8,54,-0.066884
54,92,-0.066947
32,99,-0.066955
33,105,-0.067014
34,60,-0.067169
42,96,-0.067176
51,98,-0.067189
7,93,-0.067505
36,94,-0.067522
60,102,-0.067594
25,78,-0.067738
8,27,-0.068014
22,92,-0.068106
5,35,-0.068180
8,45,-0.068202
60,88,-0.068278
34,99,-0.068801
51,92,-0.069137
35,87,-0.069290
33,97,-0.069578
8,25,-0.069624
5,77,-0.069740
40,60,-0.069985
9,51,-0.070140
24,90,-0.070156
8,31,-0.070202
8,76,-0.070237
57,86,-0.070284
10,94,-0.070366
59,99,-0.070395
42,99,-0.070470
56,92,-0.070676
36,61,-0.070734
13,96,-0.070852
45,79,-0.070973
20,34,-0.071108
23,99,-0.071395
39,62,-0.071703
13,54,-0.072039
59,94,-0.072077
55,89,-0.073041
4,98,-0.073084
7,29,-0.073454
15,65,-0.073470
36,89,-0.073798
7,41,-0.074331
7,25,-0.074621
49,96,-0.074906
50,87,-0.075049
24,88,-0.075519
21,106,-0.075789
74,92,-0.076706
40,96,-0.076756
45,87,-0.077011
7,43,-0.077020
44,94,-0.077579
65,94,-0.077625
30,98,-0.078301
7,27,-0.078730
61,90,-0.079584
28,96,-0.080015
31,97,-0.080016
16,95,-0.080260
7,62,-0.080322
61,106,-0.080994
78,91,-0.081428
43,97,-0.082568
20,33,-0.083155
27,90,-0.086880
27,85,-0.092840
7,35,-0.099500
7,96,-0.101539
23,56,-0.107726
