165 182 0 8
149 180 0 8
100 108 0 8
182 188 0 8
181 188 0 8
181 187 0 8
180 188 0 8
180 187 0 8
180 186 0 8
179 188 0 8
179 187 0 8
179 186 0 8
179 185 0 8
178 188 0 8
178 187 0 8
178 186 0 8
178 185 0 8
178 184 0 8
177 188 0 8
177 187 0 8
177 186 0 8
177 185 0 8
177 184 0 8
177 183 0 8
176 188 0 8
176 187 0 8
176 186 0 8
176 185 0 8
176 184 0 8
176 183 0 8
176 182 0 8
175 188 0 8
175 187 0 8
175 186 0 8
175 185 0 8
175 184 0 8
175 183 0 8
175 182 0 8
175 181 0 8
174 188 0 8
174 187 0 8
174 186 0 8
174 185 0 8
174 184 0 8
174 183 0 8
174 182 0 8
174 181 0 8
174 180 0 8
173 188 0 8
173 187 0 8
173 186 0 8
173 185 0 8
173 184 0 8
173 183 0 8
173 182 0 8
173 181 0 8
173 180 0 8
173 179 0 8
172 188 0 8
172 187 0 8
172 186 0 8
172 185 0 8
172 184 0 8
172 183 0 8
172 182 0 8
172 181 0 8
172 180 0 8
172 179 0 8
172 178 0 8
171 188 0 8
171 187 0 8
171 186 0 8
171 185 0 8
171 184 0 8
171 183 0 8
171 182 0 8
171 181 0 8
171 180 0 8
171 179 0 8
171 178 0 8
171 177 0 8
170 188 0 8
170 187 0 8
170 186 0 8
170 185 0 8
170 184 0 8
170 183 0 8
170 182 0 8
170 181 0 8
170 180 0 8
170 179 0 8
170 178 0 8
170 177 0 8
170 176 0 8
169 188 0 8
169 187 0 8
169 186 0 8
169 185 0 8
169 184 0 8
169 183 0 8
169 182 0 8
169 181 0 8
169 180 0 8
169 179 0 8
169 178 0 8
169 177 0 8
169 176 0 8
169 175 0 8
168 188 0 8
168 187 0 8
168 186 0 8
168 185 0 8
168 184 0 8
168 183 0 8
168 182 0 8
168 181 0 8
168 180 0 8
168 179 0 8
168 178 0 8
168 177 0 8
168 176 0 8
168 175 0 8
168 174 0 8
167 188 0 8
167 187 0 8
167 186 0 8
167 185 0 8
167 184 0 8
167 183 0 8
167 182 0 8
167 181 0 8
167 180 0 8
167 179 0 8
167 178 0 8
167 177 0 8
167 176 0 8
167 175 0 8
167 174 0 8
167 173 0 8
166 188 0 8
166 187 0 8
166 186 0 8
166 185 0 8
166 184 0 8
166 183 0 8
166 182 0 8
166 181 0 8
166 180 0 8
166 179 0 8
166 178 0 8
166 177 0 8
166 176 0 8
166 175 0 8
166 174 0 8
166 173 0 8
166 172 0 8
165 188 0 8
165 187 0 8
165 186 0 8
165 185 0 8
165 184 0 8
165 183 0 8
165 181 0 8
165 180 0 8
165 179 0 8
165 178 0 8
165 177 0 8
165 176 0 8
165 175 0 8
165 174 0 8
165 173 0 8
165 172 0 8
165 171 0 8
164 188 0 8
164 187 0 8
164 186 0 8
164 185 0 8
164 184 0 8
164 183 0 8
164 182 0 8
164 181 0 8
164 180 0 8
164 179 0 8
164 178 0 8
164 177 0 8
164 176 0 8
164 175 0 8
164 174 0 8
164 173 0 8
164 172 0 8
164 171 0 8
164 170 0 8
163 188 0 8
163 187 0 8
163 186 0 8
163 185 0 8
163 184 0 8
163 183 0 8
163 182 0 8
163 181 0 8
163 180 0 8
163 179 0 8
163 178 0 8
163 177 0 8
163 176 0 8
163 175 0 8
163 174 0 8
163 173 0 8
163 172 0 8
163 171 0 8
163 170 0 8
163 169 0 8
162 188 0 8
162 187 0 8
162 186 0 8
162 185 0 8
162 184 0 8
162 183 0 8
162 182 0 8
162 181 0 8
162 180 0 8
162 179 0 8
162 178 0 8
162 177 0 8
162 176 0 8
162 175 0 8
162 174 0 8
162 173 0 8
162 172 0 8
162 171 0 8
162 170 0 8
162 169 0 8
162 168 0 8
161 188 0 8
161 187 0 8
161 186 0 8
161 185 0 8
161 184 0 8
161 183 0 8
161 182 0 8
161 181 0 8
161 180 0 8
161 179 0 8
161 178 0 8
161 177 0 8
161 176 0 8
161 175 0 8
161 174 0 8
161 173 0 8
161 172 0 8
161 171 0 8
161 170 0 8
161 169 0 8
161 168 0 8
161 167 0 8
160 188 0 8
160 187 0 8
160 186 0 8
160 185 0 8
160 184 0 8
160 183 0 8
160 182 0 8
160 181 0 8
160 180 0 8
160 179 0 8
160 178 0 8
160 177 0 8
160 176 0 8
160 175 0 8
160 174 0 8
160 173 0 8
160 172 0 8
160 171 0 8
160 170 0 8
160 169 0 8
160 168 0 8
160 167 0 8
160 166 0 8
159 188 0 8
159 187 0 8
159 186 0 8
159 185 0 8
159 184 0 8
159 183 0 8
159 182 0 8
159 181 0 8
159 180 0 8
159 179 0 8
159 178 0 8
159 177 0 8
159 176 0 8
159 175 0 8
159 174 0 8
159 173 0 8
159 172 0 8
159 171 0 8
159 170 0 8
159 169 0 8
159 168 0 8
159 167 0 8
159 166 0 8
159 165 0 8
158 188 0 8
158 187 0 8
158 186 0 8
158 185 0 8
158 184 0 8
158 183 0 8
158 182 0 8
158 181 0 8
158 180 0 8
158 179 0 8
158 178 0 8
158 177 0 8
158 176 0 8
158 175 0 8
158 174 0 8
158 173 0 8
158 172 0 8
158 171 0 8
158 170 0 8
158 169 0 8
158 168 0 8
158 167 0 8
158 166 0 8
158 165 0 8
158 164 0 8
157 188 0 8
157 187 0 8
157 186 0 8
157 185 0 8
157 184 0 8
157 183 0 8
157 182 0 8
157 181 0 8
157 180 0 8
157 179 0 8
157 178 0 8
157 177 0 8
157 176 0 8
157 175 0 8
157 174 0 8
157 173 0 8
157 172 0 8
157 171 0 8
157 170 0 8
157 169 0 8
157 168 0 8
157 167 0 8
157 166 0 8
157 165 0 8
157 164 0 8
157 163 0 8
156 188 0 8
156 187 0 8
156 186 0 8
156 185 0 8
156 184 0 8
156 183 0 8
156 182 0 8
156 181 0 8
156 180 0 8
156 179 0 8
156 178 0 8
156 177 0 8
156 176 0 8
156 175 0 8
156 174 0 8
156 173 0 8
156 172 0 8
156 171 0 8
156 170 0 8
156 169 0 8
156 168 0 8
156 167 0 8
156 166 0 8
156 165 0 8
156 164 0 8
156 163 0 8
156 162 0 8
155 188 0 8
155 187 0 8
155 186 0 8
155 185 0 8
155 184 0 8
155 183 0 8
155 182 0 8
155 181 0 8
155 180 0 8
155 179 0 8
155 178 0 8
155 177 0 8
155 176 0 8
155 175 0 8
155 174 0 8
155 173 0 8
155 172 0 8
155 171 0 8
155 170 0 8
155 169 0 8
155 168 0 8
155 167 0 8
155 166 0 8
155 165 0 8
155 164 0 8
155 163 0 8
155 162 0 8
155 161 0 8
154 188 0 8
154 187 0 8
154 186 0 8
154 185 0 8
154 184 0 8
154 183 0 8
154 182 0 8
154 181 0 8
154 180 0 8
154 179 0 8
154 178 0 8
154 177 0 8
154 176 0 8
154 175 0 8
154 174 0 8
154 173 0 8
154 172 0 8
154 171 0 8
154 170 0 8
154 169 0 8
154 168 0 8
154 167 0 8
154 166 0 8
154 165 0 8
154 164 0 8
154 163 0 8
154 162 0 8
154 161 0 8
154 160 0 8
153 188 0 8
153 187 0 8
153 186 0 8
153 185 0 8
153 184 0 8
153 183 0 8
153 182 0 8
153 181 0 8
153 180 0 8
153 179 0 8
153 178 0 8
153 177 0 8
153 176 0 8
153 175 0 8
153 174 0 8
153 173 0 8
153 172 0 8
153 171 0 8
153 170 0 8
153 169 0 8
153 168 0 8
153 167 0 8
153 166 0 8
153 165 0 8
153 164 0 8
153 163 0 8
153 162 0 8
153 161 0 8
153 160 0 8
153 159 0 8
152 188 0 8
152 187 0 8
152 186 0 8
152 185 0 8
152 184 0 8
152 183 0 8
152 182 0 8
152 181 0 8
152 180 0 8
152 179 0 8
152 178 0 8
152 177 0 8
152 176 0 8
152 175 0 8
152 174 0 8
152 173 0 8
152 172 0 8
152 171 0 8
152 170 0 8
152 169 0 8
152 168 0 8
152 167 0 8
152 166 0 8
152 165 0 8
152 164 0 8
152 163 0 8
152 162 0 8
152 161 0 8
152 160 0 8
152 159 0 8
152 158 0 8
151 188 0 8
151 187 0 8
151 186 0 8
151 185 0 8
151 184 0 8
151 183 0 8
151 182 0 8
151 181 0 8
151 180 0 8
151 179 0 8
151 178 0 8
151 177 0 8
151 176 0 8
151 175 0 8
151 174 0 8
151 173 0 8
151 172 0 8
151 171 0 8
151 170 0 8
151 169 0 8
151 168 0 8
151 167 0 8
151 166 0 8
151 165 0 8
151 164 0 8
151 163 0 8
151 162 0 8
151 161 0 8
151 160 0 8
151 159 0 8
151 158 0 8
151 157 0 8
150 188 0 8
150 187 0 8
150 186 0 8
150 185 0 8
150 184 0 8
150 183 0 8
150 182 0 8
150 181 0 8
150 180 0 8
150 179 0 8
150 178 0 8
150 177 0 8
150 176 0 8
150 175 0 8
150 174 0 8
150 173 0 8
150 172 0 8
150 171 0 8
150 170 0 8
150 169 0 8
150 168 0 8
150 167 0 8
150 166 0 8
150 165 0 8
150 164 0 8
150 163 0 8
150 162 0 8
150 161 0 8
150 160 0 8
150 159 0 8
150 158 0 8
150 157 0 8
150 156 0 8
149 188 0 8
149 187 0 8
149 186 0 8
149 185 0 8
149 184 0 8
149 183 0 8
149 182 0 8
149 181 0 8
149 179 0 8
149 178 0 8
149 177 0 8
149 176 0 8
149 175 0 8
149 174 0 8
149 173 0 8
149 172 0 8
149 171 0 8
149 170 0 8
149 169 0 8
149 168 0 8
149 167 0 8
149 166 0 8
149 165 0 8
149 164 0 8
149 163 0 8
149 162 0 8
149 161 0 8
149 160 0 8
149 159 0 8
149 158 0 8
149 157 0 8
149 156 0 8
149 155 0 8
148 188 0 8
148 187 0 8
148 186 0 8
148 185 0 8
148 184 0 8
148 183 0 8
148 182 0 8
148 181 0 8
148 180 0 8
148 179 0 8
148 178 0 8
148 177 0 8
148 176 0 8
148 175 0 8
148 174 0 8
148 173 0 8
148 172 0 8
148 171 0 8
148 170 0 8
148 169 0 8
148 168 0 8
148 167 0 8
148 166 0 8
148 165 0 8
148 164 0 8
148 163 0 8
148 162 0 8
148 161 0 8
148 160 0 8
148 159 0 8
148 158 0 8
148 157 0 8
148 156 0 8
148 155 0 8
148 154 0 8
147 188 0 8
147 187 0 8
147 186 0 8
147 185 0 8
147 184 0 8
147 183 0 8
147 182 0 8
147 181 0 8
147 180 0 8
147 179 0 8
147 178 0 8
147 177 0 8
147 176 0 8
147 175 0 8
147 174 0 8
147 173 0 8
147 172 0 8
147 171 0 8
147 170 0 8
147 169 0 8
147 168 0 8
147 167 0 8
147 166 0 8
147 165 0 8
147 164 0 8
147 163 0 8
147 162 0 8
147 161 0 8
147 160 0 8
147 159 0 8
147 158 0 8
147 157 0 8
147 156 0 8
147 155 0 8
147 154 0 8
147 153 0 8
146 188 0 8
146 187 0 8
146 186 0 8
146 185 0 8
146 184 0 8
146 183 0 8
146 182 0 8
146 181 0 8
146 180 0 8
146 179 0 8
146 178 0 8
146 177 0 8
146 176 0 8
146 175 0 8
146 174 0 8
146 173 0 8
146 172 0 8
146 171 0 8
146 170 0 8
146 169 0 8
146 168 0 8
146 167 0 8
146 166 0 8
146 165 0 8
146 164 0 8
146 163 0 8
146 162 0 8
146 161 0 8
146 160 0 8
146 159 0 8
146 158 0 8
146 157 0 8
146 156 0 8
146 155 0 8
146 154 0 8
146 153 0 8
146 152 0 8
145 188 0 8
145 187 0 8
145 186 0 8
145 185 0 8
145 184 0 8
145 183 0 8
145 182 0 8
145 181 0 8
145 180 0 8
145 179 0 8
145 178 0 8
145 177 0 8
145 176 0 8
145 175 0 8
145 174 0 8
145 173 0 8
145 172 0 8
145 171 0 8
145 170 0 8
145 169 0 8
145 168 0 8
145 167 0 8
145 166 0 8
145 165 0 8
145 164 0 8
145 163 0 8
145 162 0 8
145 161 0 8
145 160 0 8
145 159 0 8
145 158 0 8
145 157 0 8
145 156 0 8
145 155 0 8
145 154 0 8
145 153 0 8
145 152 0 8
145 151 0 8
144 188 0 8
144 187 0 8
144 186 0 8
144 185 0 8
144 184 0 8
144 183 0 8
144 182 0 8
144 181 0 8
144 180 0 8
144 179 0 8
144 178 0 8
144 177 0 8
144 176 0 8
144 175 0 8
144 174 0 8
144 173 0 8
144 172 0 8
144 171 0 8
144 170 0 8
144 169 0 8
144 168 0 8
144 167 0 8
144 166 0 8
144 165 0 8
144 164 0 8
144 163 0 8
144 162 0 8
144 161 0 8
144 160 0 8
144 159 0 8
144 158 0 8
144 157 0 8
144 156 0 8
144 155 0 8
144 154 0 8
144 153 0 8
144 152 0 8
144 151 0 8
144 150 0 8
143 188 0 8
143 187 0 8
143 186 0 8
143 185 0 8
143 184 0 8
143 183 0 8
143 182 0 8
143 181 0 8
143 180 0 8
143 179 0 8
143 178 0 8
143 177 0 8
143 176 0 8
143 175 0 8
143 174 0 8
143 173 0 8
143 172 0 8
143 171 0 8
143 170 0 8
143 169 0 8
143 168 0 8
143 167 0 8
143 166 0 8
143 165 0 8
143 164 0 8
143 163 0 8
143 162 0 8
143 161 0 8
143 160 0 8
143 159 0 8
143 158 0 8
143 157 0 8
143 156 0 8
143 155 0 8
143 154 0 8
143 153 0 8
143 152 0 8
143 151 0 8
143 150 0 8
143 149 0 8
142 188 0 8
142 187 0 8
142 186 0 8
142 185 0 8
142 184 0 8
142 183 0 8
142 182 0 8
142 181 0 8
142 180 0 8
142 179 0 8
142 178 0 8
142 177 0 8
142 176 0 8
142 175 0 8
142 174 0 8
142 173 0 8
142 172 0 8
142 171 0 8
142 170 0 8
142 169 0 8
142 168 0 8
142 167 0 8
142 166 0 8
142 165 0 8
142 164 0 8
142 163 0 8
142 162 0 8
142 161 0 8
142 160 0 8
142 159 0 8
142 158 0 8
142 157 0 8
142 156 0 8
142 155 0 8
142 154 0 8
142 153 0 8
142 152 0 8
142 151 0 8
142 150 0 8
142 149 0 8
142 148 0 8
141 188 0 8
141 187 0 8
141 186 0 8
141 185 0 8
141 184 0 8
141 183 0 8
141 182 0 8
141 181 0 8
141 180 0 8
141 179 0 8
141 178 0 8
141 177 0 8
141 176 0 8
141 175 0 8
141 174 0 8
141 173 0 8
141 172 0 8
141 171 0 8
141 170 0 8
141 169 0 8
141 168 0 8
141 167 0 8
141 166 0 8
141 165 0 8
141 164 0 8
141 163 0 8
141 162 0 8
141 161 0 8
141 160 0 8
141 159 0 8
141 158 0 8
141 157 0 8
141 156 0 8
141 155 0 8
141 154 0 8
141 153 0 8
141 152 0 8
141 151 0 8
141 150 0 8
141 149 0 8
141 148 0 8
141 147 0 8
140 188 0 8
140 187 0 8
140 186 0 8
140 185 0 8
140 184 0 8
140 183 0 8
140 182 0 8
140 181 0 8
140 180 0 8
140 179 0 8
140 178 0 8
140 177 0 8
140 176 0 8
140 175 0 8
140 174 0 8
140 173 0 8
140 172 0 8
140 171 0 8
140 170 0 8
140 169 0 8
140 168 0 8
140 167 0 8
140 166 0 8
140 165 0 8
140 164 0 8
140 163 0 8
140 162 0 8
140 161 0 8
140 160 0 8
140 159 0 8
140 158 0 8
140 157 0 8
140 156 0 8
140 155 0 8
140 154 0 8
140 153 0 8
140 152 0 8
140 151 0 8
140 150 0 8
140 149 0 8
140 148 0 8
140 147 0 8
140 146 0 8
139 188 0 8
139 187 0 8
139 186 0 8
139 185 0 8
139 184 0 8
139 183 0 8
139 182 0 8
139 181 0 8
139 180 0 8
139 179 0 8
139 178 0 8
139 177 0 8
139 176 0 8
139 175 0 8
139 174 0 8
139 173 0 8
139 172 0 8
139 171 0 8
139 170 0 8
139 169 0 8
139 168 0 8
139 167 0 8
139 166 0 8
139 165 0 8
139 164 0 8
139 163 0 8
139 162 0 8
139 161 0 8
139 160 0 8
139 159 0 8
139 158 0 8
139 157 0 8
139 156 0 8
139 155 0 8
139 154 0 8
139 153 0 8
139 152 0 8
139 151 0 8
139 150 0 8
139 149 0 8
139 148 0 8
139 147 0 8
139 146 0 8
139 145 0 8
138 188 0 8
138 187 0 8
138 186 0 8
138 185 0 8
138 184 0 8
138 183 0 8
138 182 0 8
138 181 0 8
138 180 0 8
138 179 0 8
138 178 0 8
138 177 0 8
138 176 0 8
138 175 0 8
138 174 0 8
138 173 0 8
138 172 0 8
138 171 0 8
138 170 0 8
138 169 0 8
138 168 0 8
138 167 0 8
138 166 0 8
138 165 0 8
138 164 0 8
138 163 0 8
138 162 0 8
138 161 0 8
138 160 0 8
138 159 0 8
138 158 0 8
138 157 0 8
138 156 0 8
138 155 0 8
138 154 0 8
138 153 0 8
138 152 0 8
138 151 0 8
138 150 0 8
138 149 0 8
138 148 0 8
138 147 0 8
138 146 0 8
138 145 0 8
138 144 0 8
137 188 0 8
137 187 0 8
137 186 0 8
137 185 0 8
137 184 0 8
137 183 0 8
137 182 0 8
137 181 0 8
137 180 0 8
137 179 0 8
137 178 0 8
137 177 0 8
137 176 0 8
137 175 0 8
137 174 0 8
137 173 0 8
137 172 0 8
137 171 0 8
137 170 0 8
137 169 0 8
137 168 0 8
137 167 0 8
137 166 0 8
137 165 0 8
137 164 0 8
137 163 0 8
137 162 0 8
137 161 0 8
137 160 0 8
137 159 0 8
137 158 0 8
137 157 0 8
137 156 0 8
137 155 0 8
137 154 0 8
137 153 0 8
137 152 0 8
137 151 0 8
137 150 0 8
137 149 0 8
137 148 0 8
137 147 0 8
137 146 0 8
137 145 0 8
137 144 0 8
137 143 0 8
136 188 0 8
136 187 0 8
136 186 0 8
136 185 0 8
136 184 0 8
136 183 0 8
136 182 0 8
136 181 0 8
136 180 0 8
136 179 0 8
136 178 0 8
136 177 0 8
136 176 0 8
136 175 0 8
136 174 0 8
136 173 0 8
136 172 0 8
136 171 0 8
136 170 0 8
136 169 0 8
136 168 0 8
136 167 0 8
136 166 0 8
136 165 0 8
136 164 0 8
136 163 0 8
136 162 0 8
136 161 0 8
136 160 0 8
136 159 0 8
136 158 0 8
136 157 0 8
136 156 0 8
136 155 0 8
136 154 0 8
136 153 0 8
136 152 0 8
136 151 0 8
136 150 0 8
136 149 0 8
136 148 0 8
136 147 0 8
136 146 0 8
136 145 0 8
136 144 0 8
136 143 0 8
136 142 0 8
135 188 0 8
135 187 0 8
135 186 0 8
135 185 0 8
135 184 0 8
135 183 0 8
135 182 0 8
135 181 0 8
135 180 0 8
135 179 0 8
135 178 0 8
135 177 0 8
135 176 0 8
135 175 0 8
135 174 0 8
135 173 0 8
135 172 0 8
135 171 0 8
135 170 0 8
135 169 0 8
135 168 0 8
135 167 0 8
135 166 0 8
135 165 0 8
135 164 0 8
135 163 0 8
135 162 0 8
135 161 0 8
135 160 0 8
135 159 0 8
135 158 0 8
135 157 0 8
135 156 0 8
135 155 0 8
135 154 0 8
135 153 0 8
135 152 0 8
135 151 0 8
135 150 0 8
135 149 0 8
135 148 0 8
135 147 0 8
135 146 0 8
135 145 0 8
135 144 0 8
135 143 0 8
135 142 0 8
135 141 0 8
134 188 0 8
134 187 0 8
134 186 0 8
134 185 0 8
134 184 0 8
134 183 0 8
134 182 0 8
134 181 0 8
134 180 0 8
134 179 0 8
134 178 0 8
134 177 0 8
134 176 0 8
134 175 0 8
134 174 0 8
134 173 0 8
134 172 0 8
134 171 0 8
134 170 0 8
134 169 0 8
134 168 0 8
134 167 0 8
134 166 0 8
134 165 0 8
134 164 0 8
134 163 0 8
134 162 0 8
134 161 0 8
134 160 0 8
134 159 0 8
134 158 0 8
134 157 0 8
134 156 0 8
134 155 0 8
134 154 0 8
134 153 0 8
134 152 0 8
134 151 0 8
134 150 0 8
134 149 0 8
134 148 0 8
134 147 0 8
134 146 0 8
134 145 0 8
134 144 0 8
134 143 0 8
134 142 0 8
134 141 0 8
134 140 0 8
133 188 0 8
133 187 0 8
133 186 0 8
133 185 0 8
133 184 0 8
133 183 0 8
133 182 0 8
133 181 0 8
133 180 0 8
133 179 0 8
133 178 0 8
133 177 0 8
133 176 0 8
133 175 0 8
133 174 0 8
133 173 0 8
133 172 0 8
133 171 0 8
133 170 0 8
133 169 0 8
133 168 0 8
133 167 0 8
133 166 0 8
133 165 0 8
133 164 0 8
133 163 0 8
133 162 0 8
133 161 0 8
133 160 0 8
133 159 0 8
133 158 0 8
133 157 0 8
133 156 0 8
133 155 0 8
133 154 0 8
133 153 0 8
133 152 0 8
133 151 0 8
133 150 0 8
133 149 0 8
133 148 0 8
133 147 0 8
133 146 0 8
133 145 0 8
133 144 0 8
133 143 0 8
133 142 0 8
133 141 0 8
133 140 0 8
133 139 0 8
132 188 0 8
132 187 0 8
132 186 0 8
132 185 0 8
132 184 0 8
132 183 0 8
132 182 0 8
132 181 0 8
132 180 0 8
132 179 0 8
132 178 0 8
132 177 0 8
132 176 0 8
132 175 0 8
132 174 0 8
132 173 0 8
132 172 0 8
132 171 0 8
132 170 0 8
132 169 0 8
132 168 0 8
132 167 0 8
132 166 0 8
132 165 0 8
132 164 0 8
132 163 0 8
132 162 0 8
132 161 0 8
132 160 0 8
132 159 0 8
132 158 0 8
132 157 0 8
132 156 0 8
132 155 0 8
132 154 0 8
132 153 0 8
132 152 0 8
132 151 0 8
132 150 0 8
132 149 0 8
132 148 0 8
132 147 0 8
132 146 0 8
132 145 0 8
132 144 0 8
132 143 0 8
132 142 0 8
132 141 0 8
132 140 0 8
132 139 0 8
132 138 0 8
131 188 0 8
131 187 0 8
131 186 0 8
131 185 0 8
131 184 0 8
131 183 0 8
131 182 0 8
131 181 0 8
131 180 0 8
131 179 0 8
131 178 0 8
131 177 0 8
131 176 0 8
131 175 0 8
131 174 0 8
131 173 0 8
131 172 0 8
131 171 0 8
131 170 0 8
131 169 0 8
131 168 0 8
131 167 0 8
131 166 0 8
131 165 0 8
131 164 0 8
131 163 0 8
131 162 0 8
131 161 0 8
131 160 0 8
131 159 0 8
131 158 0 8
131 157 0 8
131 156 0 8
131 155 0 8
131 154 0 8
131 153 0 8
131 152 0 8
131 151 0 8
131 150 0 8
131 149 0 8
131 148 0 8
131 147 0 8
131 146 0 8
131 145 0 8
131 144 0 8
131 143 0 8
131 142 0 8
131 141 0 8
131 140 0 8
131 139 0 8
131 138 0 8
131 137 0 8
130 188 0 8
130 187 0 8
130 186 0 8
130 185 0 8
130 184 0 8
130 183 0 8
130 182 0 8
130 181 0 8
130 180 0 8
130 179 0 8
130 178 0 8
130 177 0 8
130 176 0 8
130 175 0 8
130 174 0 8
130 173 0 8
130 172 0 8
130 171 0 8
130 170 0 8
130 169 0 8
130 168 0 8
130 167 0 8
130 166 0 8
130 165 0 8
130 164 0 8
130 163 0 8
130 162 0 8
130 161 0 8
130 160 0 8
130 159 0 8
130 158 0 8
130 157 0 8
130 156 0 8
130 155 0 8
130 154 0 8
130 153 0 8
130 152 0 8
130 151 0 8
130 150 0 8
130 149 0 8
130 148 0 8
130 147 0 8
130 146 0 8
130 145 0 8
130 144 0 8
130 143 0 8
130 142 0 8
130 141 0 8
130 140 0 8
130 139 0 8
130 138 0 8
130 137 0 8
130 136 0 8
129 188 0 8
129 187 0 8
129 186 0 8
129 185 0 8
129 184 0 8
129 183 0 8
129 182 0 8
129 181 0 8
129 180 0 8
129 179 0 8
129 178 0 8
129 177 0 8
129 176 0 8
129 175 0 8
129 174 0 8
129 173 0 8
129 172 0 8
129 171 0 8
129 170 0 8
129 169 0 8
129 168 0 8
129 167 0 8
129 166 0 8
129 165 0 8
129 164 0 8
129 163 0 8
129 162 0 8
129 161 0 8
129 160 0 8
129 159 0 8
129 158 0 8
129 157 0 8
129 156 0 8
129 155 0 8
129 154 0 8
129 153 0 8
129 152 0 8
129 151 0 8
129 150 0 8
129 149 0 8
129 148 0 8
129 147 0 8
129 146 0 8
129 145 0 8
129 144 0 8
129 143 0 8
129 142 0 8
129 141 0 8
129 140 0 8
129 139 0 8
129 138 0 8
129 137 0 8
129 136 0 8
129 135 0 8
128 188 0 8
128 187 0 8
128 186 0 8
128 185 0 8
128 184 0 8
128 183 0 8
128 182 0 8
128 181 0 8
128 180 0 8
128 179 0 8
128 178 0 8
128 177 0 8
128 176 0 8
128 175 0 8
128 174 0 8
128 173 0 8
128 172 0 8
128 171 0 8
128 170 0 8
128 169 0 8
128 168 0 8
128 167 0 8
128 166 0 8
128 165 0 8
128 164 0 8
128 163 0 8
128 162 0 8
128 161 0 8
128 160 0 8
128 159 0 8
128 158 0 8
128 157 0 8
128 156 0 8
128 155 0 8
128 154 0 8
128 153 0 8
128 152 0 8
128 151 0 8
128 150 0 8
128 149 0 8
128 148 0 8
128 147 0 8
128 146 0 8
128 145 0 8
128 144 0 8
128 143 0 8
128 142 0 8
128 141 0 8
128 140 0 8
128 139 0 8
128 138 0 8
128 137 0 8
128 136 0 8
128 135 0 8
128 134 0 8
127 188 0 8
127 187 0 8
127 186 0 8
127 185 0 8
127 184 0 8
127 183 0 8
127 182 0 8
127 181 0 8
127 180 0 8
127 179 0 8
127 178 0 8
127 177 0 8
127 176 0 8
127 175 0 8
127 174 0 8
127 173 0 8
127 172 0 8
127 171 0 8
127 170 0 8
127 169 0 8
127 168 0 8
127 167 0 8
127 166 0 8
127 165 0 8
127 164 0 8
127 163 0 8
127 162 0 8
127 161 0 8
127 160 0 8
127 159 0 8
127 158 0 8
127 157 0 8
127 156 0 8
127 155 0 8
127 154 0 8
127 153 0 8
127 152 0 8
127 151 0 8
127 150 0 8
127 149 0 8
127 148 0 8
127 147 0 8
127 146 0 8
127 145 0 8
127 144 0 8
127 143 0 8
127 142 0 8
127 141 0 8
127 140 0 8
127 139 0 8
127 138 0 8
127 137 0 8
127 136 0 8
127 135 0 8
127 134 0 8
127 133 0 8
126 188 0 8
126 187 0 8
126 186 0 8
126 185 0 8
126 184 0 8
126 183 0 8
126 182 0 8
126 181 0 8
126 180 0 8
126 179 0 8
126 178 0 8
126 177 0 8
126 176 0 8
126 175 0 8
126 174 0 8
126 173 0 8
126 172 0 8
126 171 0 8
126 170 0 8
126 169 0 8
126 168 0 8
126 167 0 8
126 166 0 8
126 165 0 8
126 164 0 8
126 163 0 8
126 162 0 8
126 161 0 8
126 160 0 8
126 159 0 8
126 158 0 8
126 157 0 8
126 156 0 8
126 155 0 8
126 154 0 8
126 153 0 8
126 152 0 8
126 151 0 8
126 150 0 8
126 149 0 8
126 148 0 8
126 147 0 8
126 146 0 8
126 145 0 8
126 144 0 8
126 143 0 8
126 142 0 8
126 141 0 8
126 140 0 8
126 139 0 8
126 138 0 8
126 137 0 8
126 136 0 8
126 135 0 8
126 134 0 8
126 133 0 8
126 132 0 8
125 188 0 8
125 187 0 8
125 186 0 8
125 185 0 8
125 184 0 8
125 183 0 8
125 182 0 8
125 181 0 8
125 180 0 8
125 179 0 8
125 178 0 8
125 177 0 8
125 176 0 8
125 175 0 8
125 174 0 8
125 173 0 8
125 172 0 8
125 171 0 8
125 170 0 8
125 169 0 8
125 168 0 8
125 167 0 8
125 166 0 8
125 165 0 8
125 164 0 8
125 163 0 8
125 162 0 8
125 161 0 8
125 160 0 8
125 159 0 8
125 158 0 8
125 157 0 8
125 156 0 8
125 155 0 8
125 154 0 8
125 153 0 8
125 152 0 8
125 151 0 8
125 150 0 8
125 149 0 8
125 148 0 8
125 147 0 8
125 146 0 8
125 145 0 8
125 144 0 8
125 143 0 8
125 142 0 8
125 141 0 8
125 140 0 8
125 139 0 8
125 138 0 8
125 137 0 8
125 136 0 8
125 135 0 8
125 134 0 8
125 133 0 8
125 132 0 8
125 131 0 8
124 188 0 8
124 187 0 8
124 186 0 8
124 185 0 8
124 184 0 8
124 183 0 8
124 182 0 8
124 181 0 8
124 180 0 8
124 179 0 8
124 178 0 8
124 177 0 8
124 176 0 8
124 175 0 8
124 174 0 8
124 173 0 8
124 172 0 8
124 171 0 8
124 170 0 8
124 169 0 8
124 168 0 8
124 167 0 8
124 166 0 8
124 165 0 8
124 164 0 8
124 163 0 8
124 162 0 8
124 161 0 8
124 160 0 8
124 159 0 8
124 158 0 8
124 157 0 8
124 156 0 8
124 155 0 8
124 154 0 8
124 153 0 8
124 152 0 8
124 151 0 8
124 150 0 8
124 149 0 8
124 148 0 8
124 147 0 8
124 146 0 8
124 145 0 8
124 144 0 8
124 143 0 8
124 142 0 8
124 141 0 8
124 140 0 8
124 139 0 8
124 138 0 8
124 137 0 8
124 136 0 8
124 135 0 8
124 134 0 8
124 133 0 8
124 132 0 8
124 131 0 8
124 130 0 8
123 188 0 8
123 187 0 8
123 186 0 8
123 185 0 8
123 184 0 8
123 183 0 8
123 182 0 8
123 181 0 8
123 180 0 8
123 179 0 8
123 178 0 8
123 177 0 8
123 176 0 8
123 175 0 8
123 174 0 8
123 173 0 8
123 172 0 8
123 171 0 8
123 170 0 8
123 169 0 8
123 168 0 8
123 167 0 8
123 166 0 8
123 165 0 8
123 164 0 8
123 163 0 8
123 162 0 8
123 161 0 8
123 160 0 8
123 159 0 8
123 158 0 8
123 157 0 8
123 156 0 8
123 155 0 8
123 154 0 8
123 153 0 8
123 152 0 8
123 151 0 8
123 150 0 8
123 149 0 8
123 148 0 8
123 147 0 8
123 146 0 8
123 145 0 8
123 144 0 8
123 143 0 8
123 142 0 8
123 141 0 8
123 140 0 8
123 139 0 8
123 138 0 8
123 137 0 8
123 136 0 8
123 135 0 8
123 134 0 8
123 133 0 8
123 132 0 8
123 131 0 8
123 130 0 8
123 129 0 8
122 188 0 8
122 187 0 8
122 186 0 8
122 185 0 8
122 184 0 8
122 183 0 8
122 182 0 8
122 181 0 8
122 180 0 8
122 179 0 8
122 178 0 8
122 177 0 8
122 176 0 8
122 175 0 8
122 174 0 8
122 173 0 8
122 172 0 8
122 171 0 8
122 170 0 8
122 169 0 8
122 168 0 8
122 167 0 8
122 166 0 8
122 165 0 8
122 164 0 8
122 163 0 8
122 162 0 8
122 161 0 8
122 160 0 8
122 159 0 8
122 158 0 8
122 157 0 8
122 156 0 8
122 155 0 8
122 154 0 8
122 153 0 8
122 152 0 8
122 151 0 8
122 150 0 8
122 149 0 8
122 148 0 8
122 147 0 8
122 146 0 8
122 145 0 8
122 144 0 8
122 143 0 8
122 142 0 8
122 141 0 8
122 140 0 8
122 139 0 8
122 138 0 8
122 137 0 8
122 136 0 8
122 135 0 8
122 134 0 8
122 133 0 8
122 132 0 8
122 131 0 8
122 130 0 8
122 129 0 8
122 128 0 8
121 188 0 8
121 187 0 8
121 186 0 8
121 185 0 8
121 184 0 8
121 183 0 8
121 182 0 8
121 181 0 8
121 180 0 8
121 179 0 8
121 178 0 8
121 177 0 8
121 176 0 8
121 175 0 8
121 174 0 8
121 173 0 8
121 172 0 8
121 171 0 8
121 170 0 8
121 169 0 8
121 168 0 8
121 167 0 8
121 166 0 8
121 165 0 8
121 164 0 8
121 163 0 8
121 162 0 8
121 161 0 8
121 160 0 8
121 159 0 8
121 158 0 8
121 157 0 8
121 156 0 8
121 155 0 8
121 154 0 8
121 153 0 8
121 152 0 8
121 151 0 8
121 150 0 8
121 149 0 8
121 148 0 8
121 147 0 8
121 146 0 8
121 145 0 8
121 144 0 8
121 143 0 8
121 142 0 8
121 141 0 8
121 140 0 8
121 139 0 8
121 138 0 8
121 137 0 8
121 136 0 8
121 135 0 8
121 134 0 8
121 133 0 8
121 132 0 8
121 131 0 8
121 130 0 8
121 129 0 8
121 128 0 8
121 127 0 8
120 188 0 8
120 187 0 8
120 186 0 8
120 185 0 8
120 184 0 8
120 183 0 8
120 182 0 8
120 181 0 8
120 180 0 8
120 179 0 8
120 178 0 8
120 177 0 8
120 176 0 8
120 175 0 8
120 174 0 8
120 173 0 8
120 172 0 8
120 171 0 8
120 170 0 8
120 169 0 8
120 168 0 8
120 167 0 8
120 166 0 8
120 165 0 8
120 164 0 8
120 163 0 8
120 162 0 8
120 161 0 8
120 160 0 8
120 159 0 8
120 158 0 8
120 157 0 8
120 156 0 8
120 155 0 8
120 154 0 8
120 153 0 8
120 152 0 8
120 151 0 8
120 150 0 8
120 149 0 8
120 148 0 8
120 147 0 8
120 146 0 8
120 145 0 8
120 144 0 8
120 143 0 8
120 142 0 8
120 141 0 8
120 140 0 8
120 139 0 8
120 138 0 8
120 137 0 8
120 136 0 8
120 135 0 8
120 134 0 8
120 133 0 8
120 132 0 8
120 131 0 8
120 130 0 8
120 129 0 8
120 128 0 8
120 127 0 8
120 126 0 8
119 188 0 8
119 187 0 8
119 186 0 8
119 185 0 8
119 184 0 8
119 183 0 8
119 182 0 8
119 181 0 8
119 180 0 8
119 179 0 8
119 178 0 8
119 177 0 8
119 176 0 8
119 175 0 8
119 174 0 8
119 173 0 8
119 172 0 8
119 171 0 8
119 170 0 8
119 169 0 8
119 168 0 8
119 167 0 8
119 166 0 8
119 165 0 8
119 164 0 8
119 163 0 8
119 162 0 8
119 161 0 8
119 160 0 8
119 159 0 8
119 158 0 8
119 157 0 8
119 156 0 8
119 155 0 8
119 154 0 8
119 153 0 8
119 152 0 8
119 151 0 8
119 150 0 8
119 149 0 8
119 148 0 8
119 147 0 8
119 146 0 8
119 145 0 8
119 144 0 8
119 143 0 8
119 142 0 8
119 141 0 8
119 140 0 8
119 139 0 8
119 138 0 8
119 137 0 8
119 136 0 8
119 135 0 8
119 134 0 8
119 133 0 8
119 132 0 8
119 131 0 8
119 130 0 8
119 129 0 8
119 128 0 8
119 127 0 8
119 126 0 8
119 125 0 8
118 188 0 8
118 187 0 8
118 186 0 8
118 185 0 8
118 184 0 8
118 183 0 8
118 182 0 8
118 181 0 8
118 180 0 8
118 179 0 8
118 178 0 8
118 177 0 8
118 176 0 8
118 175 0 8
118 174 0 8
118 173 0 8
118 172 0 8
118 171 0 8
118 170 0 8
118 169 0 8
118 168 0 8
118 167 0 8
118 166 0 8
118 165 0 8
118 164 0 8
118 163 0 8
118 162 0 8
118 161 0 8
118 160 0 8
118 159 0 8
118 158 0 8
118 157 0 8
118 156 0 8
118 155 0 8
118 154 0 8
118 153 0 8
118 152 0 8
118 151 0 8
118 150 0 8
118 149 0 8
118 148 0 8
118 147 0 8
118 146 0 8
118 145 0 8
118 144 0 8
118 143 0 8
118 142 0 8
118 141 0 8
118 140 0 8
118 139 0 8
118 138 0 8
118 137 0 8
118 136 0 8
118 135 0 8
118 134 0 8
118 133 0 8
118 132 0 8
118 131 0 8
118 130 0 8
118 129 0 8
118 128 0 8
118 127 0 8
118 126 0 8
118 125 0 8
118 124 0 8
117 188 0 8
117 187 0 8
117 186 0 8
117 185 0 8
117 184 0 8
117 183 0 8
117 182 0 8
117 181 0 8
117 180 0 8
117 179 0 8
117 178 0 8
117 177 0 8
117 176 0 8
117 175 0 8
117 174 0 8
117 173 0 8
117 172 0 8
117 171 0 8
117 170 0 8
117 169 0 8
117 168 0 8
117 167 0 8
117 166 0 8
117 165 0 8
117 164 0 8
117 163 0 8
117 162 0 8
117 161 0 8
117 160 0 8
117 159 0 8
117 158 0 8
117 157 0 8
117 156 0 8
117 155 0 8
117 154 0 8
117 153 0 8
117 152 0 8
117 151 0 8
117 150 0 8
117 149 0 8
117 148 0 8
117 147 0 8
117 146 0 8
117 145 0 8
117 144 0 8
117 143 0 8
117 142 0 8
117 141 0 8
117 140 0 8
117 139 0 8
117 138 0 8
117 137 0 8
117 136 0 8
117 135 0 8
117 134 0 8
117 133 0 8
117 132 0 8
117 131 0 8
117 130 0 8
117 129 0 8
117 128 0 8
117 127 0 8
117 126 0 8
117 125 0 8
117 124 0 8
117 123 0 8
116 188 0 8
116 187 0 8
116 186 0 8
116 185 0 8
116 184 0 8
116 183 0 8
116 182 0 8
116 181 0 8
116 180 0 8
116 179 0 8
116 178 0 8
116 177 0 8
116 176 0 8
116 175 0 8
116 174 0 8
116 173 0 8
116 172 0 8
116 171 0 8
116 170 0 8
116 169 0 8
116 168 0 8
116 167 0 8
116 166 0 8
116 165 0 8
116 164 0 8
116 163 0 8
116 162 0 8
116 161 0 8
116 160 0 8
116 159 0 8
116 158 0 8
116 157 0 8
116 156 0 8
116 155 0 8
116 154 0 8
116 153 0 8
116 152 0 8
116 151 0 8
116 150 0 8
116 149 0 8
116 148 0 8
116 147 0 8
116 146 0 8
116 145 0 8
116 144 0 8
116 143 0 8
116 142 0 8
116 141 0 8
116 140 0 8
116 139 0 8
116 138 0 8
116 137 0 8
116 136 0 8
116 135 0 8
116 134 0 8
116 133 0 8
116 132 0 8
116 131 0 8
116 130 0 8
116 129 0 8
116 128 0 8
116 127 0 8
116 126 0 8
116 125 0 8
116 124 0 8
116 123 0 8
116 122 0 8
115 188 0 8
115 187 0 8
115 186 0 8
115 185 0 8
115 184 0 8
115 183 0 8
115 182 0 8
115 181 0 8
115 180 0 8
115 179 0 8
115 178 0 8
115 177 0 8
115 176 0 8
115 175 0 8
115 174 0 8
115 173 0 8
115 172 0 8
115 171 0 8
115 170 0 8
115 169 0 8
115 168 0 8
115 167 0 8
115 166 0 8
115 165 0 8
115 164 0 8
115 163 0 8
115 162 0 8
115 161 0 8
115 160 0 8
115 159 0 8
115 158 0 8
115 157 0 8
115 156 0 8
115 155 0 8
115 154 0 8
115 153 0 8
115 152 0 8
115 151 0 8
115 150 0 8
115 149 0 8
115 148 0 8
115 147 0 8
115 146 0 8
115 145 0 8
115 144 0 8
115 143 0 8
115 142 0 8
115 141 0 8
115 140 0 8
115 139 0 8
115 138 0 8
115 137 0 8
115 136 0 8
115 135 0 8
115 134 0 8
115 133 0 8
115 132 0 8
115 131 0 8
115 130 0 8
115 129 0 8
115 128 0 8
115 127 0 8
115 126 0 8
115 125 0 8
115 124 0 8
115 123 0 8
115 122 0 8
115 121 0 8
114 188 0 8
114 187 0 8
114 186 0 8
114 185 0 8
114 184 0 8
114 183 0 8
114 182 0 8
114 181 0 8
114 180 0 8
114 179 0 8
114 178 0 8
114 177 0 8
114 176 0 8
114 175 0 8
114 174 0 8
114 173 0 8
114 172 0 8
114 171 0 8
114 170 0 8
114 169 0 8
114 168 0 8
114 167 0 8
114 166 0 8
114 165 0 8
114 164 0 8
114 163 0 8
114 162 0 8
114 161 0 8
114 160 0 8
114 159 0 8
114 158 0 8
114 157 0 8
114 156 0 8
114 155 0 8
114 154 0 8
114 153 0 8
114 152 0 8
114 151 0 8
114 150 0 8
114 149 0 8
114 148 0 8
114 147 0 8
114 146 0 8
114 145 0 8
114 144 0 8
114 143 0 8
114 142 0 8
114 141 0 8
114 140 0 8
114 139 0 8
114 138 0 8
114 137 0 8
114 136 0 8
114 135 0 8
114 134 0 8
114 133 0 8
114 132 0 8
114 131 0 8
114 130 0 8
114 129 0 8
114 128 0 8
114 127 0 8
114 126 0 8
114 125 0 8
114 124 0 8
114 123 0 8
114 122 0 8
114 121 0 8
114 120 0 8
113 188 0 8
113 187 0 8
113 186 0 8
113 185 0 8
113 184 0 8
113 183 0 8
113 182 0 8
113 181 0 8
113 180 0 8
113 179 0 8
113 178 0 8
113 177 0 8
113 176 0 8
113 175 0 8
113 174 0 8
113 173 0 8
113 172 0 8
113 171 0 8
113 170 0 8
113 169 0 8
113 168 0 8
113 167 0 8
113 166 0 8
113 165 0 8
113 164 0 8
113 163 0 8
113 162 0 8
113 161 0 8
113 160 0 8
113 159 0 8
113 158 0 8
113 157 0 8
113 156 0 8
113 155 0 8
113 154 0 8
113 153 0 8
113 152 0 8
113 151 0 8
113 150 0 8
113 149 0 8
113 148 0 8
113 147 0 8
113 146 0 8
113 145 0 8
113 144 0 8
113 143 0 8
113 142 0 8
113 141 0 8
113 140 0 8
113 139 0 8
113 138 0 8
113 137 0 8
113 136 0 8
113 135 0 8
113 134 0 8
113 133 0 8
113 132 0 8
113 131 0 8
113 130 0 8
113 129 0 8
113 128 0 8
113 127 0 8
113 126 0 8
113 125 0 8
113 124 0 8
113 123 0 8
113 122 0 8
113 121 0 8
113 120 0 8
113 119 0 8
112 188 0 8
112 187 0 8
112 186 0 8
112 185 0 8
112 184 0 8
112 183 0 8
112 182 0 8
112 181 0 8
112 180 0 8
112 179 0 8
112 178 0 8
112 177 0 8
112 176 0 8
112 175 0 8
112 174 0 8
112 173 0 8
112 172 0 8
112 171 0 8
112 170 0 8
112 169 0 8
112 168 0 8
112 167 0 8
112 166 0 8
112 165 0 8
112 164 0 8
112 163 0 8
112 162 0 8
112 161 0 8
112 160 0 8
112 159 0 8
112 158 0 8
112 157 0 8
112 156 0 8
112 155 0 8
112 154 0 8
112 153 0 8
112 152 0 8
112 151 0 8
112 150 0 8
112 149 0 8
112 148 0 8
112 147 0 8
112 146 0 8
112 145 0 8
112 144 0 8
112 143 0 8
112 142 0 8
112 141 0 8
112 140 0 8
112 139 0 8
112 138 0 8
112 137 0 8
112 136 0 8
112 135 0 8
112 134 0 8
112 133 0 8
112 132 0 8
112 131 0 8
112 130 0 8
112 129 0 8
112 128 0 8
112 127 0 8
112 126 0 8
112 125 0 8
112 124 0 8
112 123 0 8
112 122 0 8
112 121 0 8
112 120 0 8
112 119 0 8
112 118 0 8
111 188 0 8
111 187 0 8
111 186 0 8
111 185 0 8
111 184 0 8
111 183 0 8
111 182 0 8
111 181 0 8
111 180 0 8
111 179 0 8
111 178 0 8
111 177 0 8
111 176 0 8
111 175 0 8
111 174 0 8
111 173 0 8
111 172 0 8
111 171 0 8
111 170 0 8
111 169 0 8
111 168 0 8
111 167 0 8
111 166 0 8
111 165 0 8
111 164 0 8
111 163 0 8
111 162 0 8
111 161 0 8
111 160 0 8
111 159 0 8
111 158 0 8
111 157 0 8
111 156 0 8
111 155 0 8
111 154 0 8
111 153 0 8
111 152 0 8
111 151 0 8
111 150 0 8
111 149 0 8
111 148 0 8
111 147 0 8
111 146 0 8
111 145 0 8
111 144 0 8
111 143 0 8
111 142 0 8
111 141 0 8
111 140 0 8
111 139 0 8
111 138 0 8
111 137 0 8
111 136 0 8
111 135 0 8
111 134 0 8
111 133 0 8
111 132 0 8
111 131 0 8
111 130 0 8
111 129 0 8
111 128 0 8
111 127 0 8
111 126 0 8
111 125 0 8
111 124 0 8
111 123 0 8
111 122 0 8
111 121 0 8
111 120 0 8
111 119 0 8
111 118 0 8
111 117 0 8
110 188 0 8
110 187 0 8
110 186 0 8
110 185 0 8
110 184 0 8
110 183 0 8
110 182 0 8
110 181 0 8
110 180 0 8
110 179 0 8
110 178 0 8
110 177 0 8
110 176 0 8
110 175 0 8
110 174 0 8
110 173 0 8
110 172 0 8
110 171 0 8
110 170 0 8
110 169 0 8
110 168 0 8
110 167 0 8
110 166 0 8
110 165 0 8
110 164 0 8
110 163 0 8
110 162 0 8
110 161 0 8
110 160 0 8
110 159 0 8
110 158 0 8
110 157 0 8
110 156 0 8
110 155 0 8
110 154 0 8
110 153 0 8
110 152 0 8
110 151 0 8
110 150 0 8
110 149 0 8
110 148 0 8
110 147 0 8
110 146 0 8
110 145 0 8
110 144 0 8
110 143 0 8
110 142 0 8
110 141 0 8
110 140 0 8
110 139 0 8
110 138 0 8
110 137 0 8
110 136 0 8
110 135 0 8
110 134 0 8
110 133 0 8
110 132 0 8
110 131 0 8
110 130 0 8
110 129 0 8
110 128 0 8
110 127 0 8
110 126 0 8
110 125 0 8
110 124 0 8
110 123 0 8
110 122 0 8
110 121 0 8
110 120 0 8
110 119 0 8
110 118 0 8
110 117 0 8
110 116 0 8
109 188 0 8
109 187 0 8
109 186 0 8
109 185 0 8
109 184 0 8
109 183 0 8
109 182 0 8
109 181 0 8
109 180 0 8
109 179 0 8
109 178 0 8
109 177 0 8
109 176 0 8
109 175 0 8
109 174 0 8
109 173 0 8
109 172 0 8
109 171 0 8
109 170 0 8
109 169 0 8
109 168 0 8
109 167 0 8
109 166 0 8
109 165 0 8
109 164 0 8
109 163 0 8
109 162 0 8
109 161 0 8
109 160 0 8
109 159 0 8
109 158 0 8
109 157 0 8
109 156 0 8
109 155 0 8
109 154 0 8
109 153 0 8
109 152 0 8
109 151 0 8
109 150 0 8
109 149 0 8
109 148 0 8
109 147 0 8
109 146 0 8
109 145 0 8
109 144 0 8
109 143 0 8
109 142 0 8
109 141 0 8
109 140 0 8
109 139 0 8
109 138 0 8
109 137 0 8
109 136 0 8
109 135 0 8
109 134 0 8
109 133 0 8
109 132 0 8
109 131 0 8
109 130 0 8
109 129 0 8
109 128 0 8
109 127 0 8
109 126 0 8
109 125 0 8
109 124 0 8
109 123 0 8
109 122 0 8
109 121 0 8
109 120 0 8
109 119 0 8
109 118 0 8
109 117 0 8
109 116 0 8
109 115 0 8
108 188 0 8
108 187 0 8
108 186 0 8
108 185 0 8
108 184 0 8
108 183 0 8
108 182 0 8
108 181 0 8
108 180 0 8
108 179 0 8
108 178 0 8
108 177 0 8
108 176 0 8
108 175 0 8
108 174 0 8
108 173 0 8
108 172 0 8
108 171 0 8
108 170 0 8
108 169 0 8
108 168 0 8
108 167 0 8
108 166 0 8
108 165 0 8
108 164 0 8
108 163 0 8
108 162 0 8
108 161 0 8
108 160 0 8
108 159 0 8
108 158 0 8
108 157 0 8
108 156 0 8
108 155 0 8
108 154 0 8
108 153 0 8
108 152 0 8
108 151 0 8
108 150 0 8
108 149 0 8
108 148 0 8
108 147 0 8
108 146 0 8
108 145 0 8
108 144 0 8
108 143 0 8
108 142 0 8
108 141 0 8
108 140 0 8
108 139 0 8
108 138 0 8
108 137 0 8
108 136 0 8
108 135 0 8
108 134 0 8
108 133 0 8
108 132 0 8
108 131 0 8
108 130 0 8
108 129 0 8
108 128 0 8
108 127 0 8
108 126 0 8
108 125 0 8
108 124 0 8
108 123 0 8
108 122 0 8
108 121 0 8
108 120 0 8
108 119 0 8
108 118 0 8
108 117 0 8
108 116 0 8
108 115 0 8
108 114 0 8
107 188 0 8
107 187 0 8
107 186 0 8
107 185 0 8
107 184 0 8
107 183 0 8
107 182 0 8
107 181 0 8
107 180 0 8
107 179 0 8
107 178 0 8
107 177 0 8
107 176 0 8
107 175 0 8
107 174 0 8
107 173 0 8
107 172 0 8
107 171 0 8
107 170 0 8
107 169 0 8
107 168 0 8
107 167 0 8
107 166 0 8
107 165 0 8
107 164 0 8
107 163 0 8
107 162 0 8
107 161 0 8
107 160 0 8
107 159 0 8
107 158 0 8
107 157 0 8
107 156 0 8
107 155 0 8
107 154 0 8
107 153 0 8
107 152 0 8
107 151 0 8
107 150 0 8
107 149 0 8
107 148 0 8
107 147 0 8
107 146 0 8
107 145 0 8
107 144 0 8
107 143 0 8
107 142 0 8
107 141 0 8
107 140 0 8
107 139 0 8
107 138 0 8
107 137 0 8
107 136 0 8
107 135 0 8
107 134 0 8
107 133 0 8
107 132 0 8
107 131 0 8
107 130 0 8
107 129 0 8
107 128 0 8
107 127 0 8
107 126 0 8
107 125 0 8
107 124 0 8
107 123 0 8
107 122 0 8
107 121 0 8
107 120 0 8
107 119 0 8
107 118 0 8
107 117 0 8
107 116 0 8
107 115 0 8
107 114 0 8
107 113 0 8
106 188 0 8
106 187 0 8
106 186 0 8
106 185 0 8
106 184 0 8
106 183 0 8
106 182 0 8
106 181 0 8
106 180 0 8
106 179 0 8
106 178 0 8
106 177 0 8
106 176 0 8
106 175 0 8
106 174 0 8
106 173 0 8
106 172 0 8
106 171 0 8
106 170 0 8
106 169 0 8
106 168 0 8
106 167 0 8
106 166 0 8
106 165 0 8
106 164 0 8
106 163 0 8
106 162 0 8
106 161 0 8
106 160 0 8
106 159 0 8
106 158 0 8
106 157 0 8
106 156 0 8
106 155 0 8
106 154 0 8
106 153 0 8
106 152 0 8
106 151 0 8
106 150 0 8
106 149 0 8
106 148 0 8
106 147 0 8
106 146 0 8
106 145 0 8
106 144 0 8
106 143 0 8
106 142 0 8
106 141 0 8
106 140 0 8
106 139 0 8
106 138 0 8
106 137 0 8
106 136 0 8
106 135 0 8
106 134 0 8
106 133 0 8
106 132 0 8
106 131 0 8
106 130 0 8
106 129 0 8
106 128 0 8
106 127 0 8
106 126 0 8
106 125 0 8
106 124 0 8
106 123 0 8
106 122 0 8
106 121 0 8
106 120 0 8
106 119 0 8
106 118 0 8
106 117 0 8
106 116 0 8
106 115 0 8
106 114 0 8
106 113 0 8
106 112 0 8
105 188 0 8
105 187 0 8
105 186 0 8
105 185 0 8
105 184 0 8
105 183 0 8
105 182 0 8
105 181 0 8
105 180 0 8
105 179 0 8
105 178 0 8
105 177 0 8
105 176 0 8
105 175 0 8
105 174 0 8
105 173 0 8
105 172 0 8
105 171 0 8
105 170 0 8
105 169 0 8
105 168 0 8
105 167 0 8
105 166 0 8
105 165 0 8
105 164 0 8
105 163 0 8
105 162 0 8
105 161 0 8
105 160 0 8
105 159 0 8
105 158 0 8
105 157 0 8
105 156 0 8
105 155 0 8
105 154 0 8
105 153 0 8
105 152 0 8
105 151 0 8
105 150 0 8
105 149 0 8
105 148 0 8
105 147 0 8
105 146 0 8
105 145 0 8
105 144 0 8
105 143 0 8
105 142 0 8
105 141 0 8
105 140 0 8
105 139 0 8
105 138 0 8
105 137 0 8
105 136 0 8
105 135 0 8
105 134 0 8
105 133 0 8
105 132 0 8
105 131 0 8
105 130 0 8
105 129 0 8
105 128 0 8
105 127 0 8
105 126 0 8
105 125 0 8
105 124 0 8
105 123 0 8
105 122 0 8
105 121 0 8
105 120 0 8
105 119 0 8
105 118 0 8
105 117 0 8
105 116 0 8
105 115 0 8
105 114 0 8
105 113 0 8
105 112 0 8
105 111 0 8
104 188 0 8
104 187 0 8
104 186 0 8
104 185 0 8
104 184 0 8
104 183 0 8
104 182 0 8
104 181 0 8
104 180 0 8
104 179 0 8
104 178 0 8
104 177 0 8
104 176 0 8
104 175 0 8
104 174 0 8
104 173 0 8
104 172 0 8
104 171 0 8
104 170 0 8
104 169 0 8
104 168 0 8
104 167 0 8
104 166 0 8
104 165 0 8
104 164 0 8
104 163 0 8
104 162 0 8
104 161 0 8
104 160 0 8
104 159 0 8
104 158 0 8
104 157 0 8
104 156 0 8
104 155 0 8
104 154 0 8
104 153 0 8
104 152 0 8
104 151 0 8
104 150 0 8
104 149 0 8
104 148 0 8
104 147 0 8
104 146 0 8
104 145 0 8
104 144 0 8
104 143 0 8
104 142 0 8
104 141 0 8
104 140 0 8
104 139 0 8
104 138 0 8
104 137 0 8
104 136 0 8
104 135 0 8
104 134 0 8
104 133 0 8
104 132 0 8
104 131 0 8
104 130 0 8
104 129 0 8
104 128 0 8
104 127 0 8
104 126 0 8
104 125 0 8
104 124 0 8
104 123 0 8
104 122 0 8
104 121 0 8
104 120 0 8
104 119 0 8
104 118 0 8
104 117 0 8
104 116 0 8
104 115 0 8
104 114 0 8
104 113 0 8
104 112 0 8
104 111 0 8
104 110 0 8
103 188 0 8
103 187 0 8
103 186 0 8
103 185 0 8
103 184 0 8
103 183 0 8
103 182 0 8
103 181 0 8
103 180 0 8
103 179 0 8
103 178 0 8
103 177 0 8
103 176 0 8
103 175 0 8
103 174 0 8
103 173 0 8
103 172 0 8
103 171 0 8
103 170 0 8
103 169 0 8
103 168 0 8
103 167 0 8
103 166 0 8
103 165 0 8
103 164 0 8
103 163 0 8
103 162 0 8
103 161 0 8
103 160 0 8
103 159 0 8
103 158 0 8
103 157 0 8
103 156 0 8
103 155 0 8
103 154 0 8
103 153 0 8
103 152 0 8
103 151 0 8
103 150 0 8
103 149 0 8
103 148 0 8
103 147 0 8
103 146 0 8
103 145 0 8
103 144 0 8
103 143 0 8
103 142 0 8
103 141 0 8
103 140 0 8
103 139 0 8
103 138 0 8
103 137 0 8
103 136 0 8
103 135 0 8
103 134 0 8
103 133 0 8
103 132 0 8
103 131 0 8
103 130 0 8
103 129 0 8
103 128 0 8
103 127 0 8
103 126 0 8
103 125 0 8
103 124 0 8
103 123 0 8
103 122 0 8
103 121 0 8
103 120 0 8
103 119 0 8
103 118 0 8
103 117 0 8
103 116 0 8
103 115 0 8
103 114 0 8
103 113 0 8
103 112 0 8
103 111 0 8
103 110 0 8
103 109 0 8
102 188 0 8
102 187 0 8
102 186 0 8
102 185 0 8
102 184 0 8
102 183 0 8
102 182 0 8
102 181 0 8
102 180 0 8
102 179 0 8
102 178 0 8
102 177 0 8
102 176 0 8
102 175 0 8
102 174 0 8
102 173 0 8
102 172 0 8
102 171 0 8
102 170 0 8
102 169 0 8
102 168 0 8
102 167 0 8
102 166 0 8
102 165 0 8
102 164 0 8
102 163 0 8
102 162 0 8
102 161 0 8
102 160 0 8
102 159 0 8
102 158 0 8
102 157 0 8
102 156 0 8
102 155 0 8
102 154 0 8
102 153 0 8
102 152 0 8
102 151 0 8
102 150 0 8
102 149 0 8
102 148 0 8
102 147 0 8
102 146 0 8
102 145 0 8
102 144 0 8
102 143 0 8
102 142 0 8
102 141 0 8
102 140 0 8
102 139 0 8
102 138 0 8
102 137 0 8
102 136 0 8
102 135 0 8
102 134 0 8
102 133 0 8
102 132 0 8
102 131 0 8
102 130 0 8
102 129 0 8
102 128 0 8
102 127 0 8
102 126 0 8
102 125 0 8
102 124 0 8
102 123 0 8
102 122 0 8
102 121 0 8
102 120 0 8
102 119 0 8
102 118 0 8
102 117 0 8
102 116 0 8
102 115 0 8
102 114 0 8
102 113 0 8
102 112 0 8
102 111 0 8
102 110 0 8
102 109 0 8
102 108 0 8
101 188 0 8
101 187 0 8
101 186 0 8
101 185 0 8
101 184 0 8
101 183 0 8
101 182 0 8
101 181 0 8
101 180 0 8
101 179 0 8
101 178 0 8
101 177 0 8
101 176 0 8
101 175 0 8
101 174 0 8
101 173 0 8
101 172 0 8
101 171 0 8
101 170 0 8
101 169 0 8
101 168 0 8
101 167 0 8
101 166 0 8
101 165 0 8
101 164 0 8
101 163 0 8
101 162 0 8
101 161 0 8
101 160 0 8
101 159 0 8
101 158 0 8
101 157 0 8
101 156 0 8
101 155 0 8
101 154 0 8
101 153 0 8
101 152 0 8
101 151 0 8
101 150 0 8
101 149 0 8
101 148 0 8
101 147 0 8
101 146 0 8
101 145 0 8
101 144 0 8
101 143 0 8
101 142 0 8
101 141 0 8
101 140 0 8
101 139 0 8
101 138 0 8
101 137 0 8
101 136 0 8
101 135 0 8
101 134 0 8
101 133 0 8
101 132 0 8
101 131 0 8
101 130 0 8
101 129 0 8
101 128 0 8
101 127 0 8
101 126 0 8
101 125 0 8
101 124 0 8
101 123 0 8
101 122 0 8
101 121 0 8
101 120 0 8
101 119 0 8
101 118 0 8
101 117 0 8
101 116 0 8
101 115 0 8
101 114 0 8
101 113 0 8
101 112 0 8
101 111 0 8
101 110 0 8
101 109 0 8
101 108 0 8
101 107 0 8
100 188 0 8
100 187 0 8
100 186 0 8
100 185 0 8
100 184 0 8
100 183 0 8
100 182 0 8
100 181 0 8
100 180 0 8
100 179 0 8
100 178 0 8
100 177 0 8
100 176 0 8
100 175 0 8
100 174 0 8
100 173 0 8
100 172 0 8
100 171 0 8
100 170 0 8
100 169 0 8
100 168 0 8
100 167 0 8
100 166 0 8
100 165 0 8
100 164 0 8
100 163 0 8
100 162 0 8
100 161 0 8
100 160 0 8
100 159 0 8
100 158 0 8
100 157 0 8
100 156 0 8
100 155 0 8
100 154 0 8
100 153 0 8
100 152 0 8
100 151 0 8
100 150 0 8
100 149 0 8
100 148 0 8
100 147 0 8
100 146 0 8
100 145 0 8
100 144 0 8
100 143 0 8
100 142 0 8
100 141 0 8
100 140 0 8
100 139 0 8
100 138 0 8
100 137 0 8
100 136 0 8
100 135 0 8
100 134 0 8
100 133 0 8
100 132 0 8
100 131 0 8
100 130 0 8
100 129 0 8
100 128 0 8
100 127 0 8
100 126 0 8
100 125 0 8
100 124 0 8
100 123 0 8
100 122 0 8
100 121 0 8
100 120 0 8
100 119 0 8
100 118 0 8
100 117 0 8
100 116 0 8
100 115 0 8
100 114 0 8
100 113 0 8
100 112 0 8
100 111 0 8
100 110 0 8
100 109 0 8
100 107 0 8
100 106 0 8
