# For publication of results, please cite:
# ...
# ... Michael Schantz Klausen, Martin Closter Jespersen, Henrik Nielsen, Kamilla Kjærgaard Jensen, 
# ... Vanessa Isabell Jurtz, Casper Kaae Sønderby, Morten Otto Alexander Sommer, Ole Winther, 
# ... Morten Nielsen, Bent Petersen, and Paolo Marcatili. 
# ... NetSurfP-2.0: Improved prediction of protein structural features by integrated deep learning.
# ... Proteins: Structure, Function, and Bioinformatics (Feb. 2019).
# ... https://doi.org/10.1002/prot.25674
# ...
#
# Column 1: Class assignment - B for buried or E for Exposed - Threshold: 25% exposure, but not based on RSA
# Column 2: Amino acid
# Column 3: Sequence name
# Column 4: Amino acid number
# Column 5: Relative Surface Accessibility - RSA
# Column 6: Absolute Surface Accessibility
# Column 7: Not used
# Column 8: Probability for Alpha-Helix
# Column 9: Probability for Beta-strand
# Column 10: Probability for Coil
E P  3BP9B                  1    0.924 131.053   0.000   0.000   0.000   1.000
E L  3BP9B                  2    0.760 139.098   0.000   0.015   0.015   0.970
E R  3BP9B                  3    0.711 162.727   0.000   0.034   0.038   0.928
E L  3BP9B                  4    0.543  99.468   0.000   0.029   0.073   0.898
E L  3BP9B                  5    0.377  68.938   0.000   0.018   0.255   0.727
E Q  3BP9B                  6    0.553  98.824   0.000   0.012   0.442   0.546
E Y  3BP9B                  7    0.494 105.593   0.000   0.018   0.280   0.701
E W  3BP9B                  8    0.301  72.427   0.000   0.000   0.093   0.906
E P  3BP9B                  9    0.470  66.760   0.000   0.000   0.070   0.930
B F  3BP9B                 10    0.135  27.038   0.000   0.001   0.048   0.952
E S  3BP9B                 11    0.310  36.333   0.000   0.001   0.081   0.918
E S  3BP9B                 12    0.308  36.071   0.000   0.975   0.000   0.025
E S  3BP9B                 13    0.597  69.962   0.000   0.994   0.000   0.006
B D  3BP9B                 14    0.243  35.009   0.000   0.996   0.000   0.004
B L  3BP9B                 15    0.048   8.733   0.000   0.995   0.000   0.005
E Y  3BP9B                 16    0.471 100.586   0.000   0.990   0.000   0.010
E N  3BP9B                 17    0.513  75.104   0.000   0.983   0.000   0.017
B W  3BP9B                 18    0.101  24.225   0.000   0.994   0.000   0.006
E K  3BP9B                 19    0.309  63.566   0.000   0.990   0.000   0.010
E N  3BP9B                 20    0.780 114.167   0.000   0.954   0.000   0.046
E N  3BP9B                 21    0.682  99.901   0.000   0.895   0.000   0.105
B N  3BP9B                 22    0.249  36.525   0.000   0.005   0.001   0.994
E P  3BP9B                 23    0.607  86.202   0.000   0.541   0.000   0.459
E S  3BP9B                 24    0.528  61.903   0.000   0.479   0.001   0.520
B F  3BP9B                 25    0.080  16.015   0.000   0.847   0.001   0.152
E S  3BP9B                 26    0.396  46.372   0.000   0.743   0.003   0.254
E E  3BP9B                 27    0.800 139.804   0.000   0.688   0.000   0.311
E D  3BP9B                 28    0.618  89.024   0.000   0.003   0.000   0.997
B P  3BP9B                 29    0.190  26.969   0.000   0.940   0.000   0.060
E G  3BP9B                 30    0.387  30.459   0.000   0.976   0.000   0.024
E K  3BP9B                 31    0.556 114.472   0.000   0.991   0.000   0.009
B L  3BP9B                 32    0.062  11.352   0.000   0.996   0.000   0.004
B T  3BP9B                 33    0.081  11.231   0.000   0.999   0.000   0.001
E A  3BP9B                 34    0.471  51.874   0.000   0.999   0.000   0.001
E L  3BP9B                 35    0.260  47.624   0.000   0.999   0.000   0.001
B I  3BP9B                 36    0.025   4.634   0.000   0.999   0.000   0.001
E E  3BP9B                 37    0.347  60.631   0.000   0.999   0.000   0.001
E S  3BP9B                 38    0.512  60.042   0.000   0.999   0.000   0.001
B V  3BP9B                 39    0.132  20.225   0.000   0.999   0.000   0.001
B L  3BP9B                 40    0.037   6.841   0.000   0.997   0.000   0.003
E T  3BP9B                 41    0.584  81.010   0.000   0.989   0.000   0.011
E T  3BP9B                 42    0.683  94.756   0.000   0.934   0.000   0.065
E H  3BP9B                 43    0.282  51.313   0.000   0.558   0.001   0.441
E Q  3BP9B                 44    0.694 123.922   0.000   0.000   0.001   0.999
B P  3BP9B                 45    0.062   8.747   0.000   0.001   0.002   0.998
E T  3BP9B                 46    0.388  53.860   0.000   0.001   0.015   0.984
E W  3BP9B                 47    0.287  69.036   0.000   0.988   0.000   0.012
E D  3BP9B                 48    0.673  97.012   0.000   0.996   0.000   0.004
B D  3BP9B                 49    0.208  30.029   0.000   0.998   0.000   0.002
B C  3BP9B                 50    0.012   1.691   0.000   0.999   0.000   0.001
E Q  3BP9B                 51    0.413  73.702   0.000   0.998   0.000   0.002
E Q  3BP9B                 52    0.516  92.145   0.000   0.997   0.000   0.003
B L  3BP9B                 53    0.068  12.368   0.000   0.996   0.000   0.004
B L  3BP9B                 54    0.056  10.229   0.000   0.979   0.000   0.021
E G  3BP9B                 55    0.570  44.879   0.000   0.853   0.000   0.147
E T  3BP9B                 56    0.485  67.280   0.000   0.666   0.000   0.334
B L  3BP9B                 57    0.192  35.234   0.000   0.541   0.001   0.458
B L  3BP9B                 58    0.103  18.875   0.000   0.007   0.002   0.991
E T  3BP9B                 59    0.481  66.742   0.000   0.002   0.002   0.996
E G  3BP9B                 60    0.595  46.799   0.000   0.968   0.000   0.032
E E  3BP9B                 61    0.710 124.070   0.000   0.991   0.000   0.009
E E  3BP9B                 62    0.265  46.223   0.000   0.996   0.000   0.004
B K  3BP9B                 63    0.245  50.467   0.000   0.999   0.000   0.001
E Q  3BP9B                 64    0.567 101.236   0.000   0.999   0.000   0.001
E R  3BP9B                 65    0.450 103.097   0.000   0.999   0.000   0.001
B V  3BP9B                 66    0.030   4.632   0.000   0.999   0.000   0.001
B L  3BP9B                 67    0.174  31.878   0.000   0.999   0.000   0.001
E L  3BP9B                 68    0.471  86.312   0.000   0.998   0.000   0.002
E E  3BP9B                 69    0.349  60.897   0.000   0.998   0.000   0.002
B A  3BP9B                 70    0.021   2.332   0.000   0.996   0.000   0.004
E R  3BP9B                 71    0.406  92.967   0.000   0.994   0.000   0.006
E K  3BP9B                 72    0.616 126.719   0.000   0.988   0.000   0.012
B A  3BP9B                 73    0.238  26.225   0.000   0.964   0.000   0.036
B V  3BP9B                 74    0.111  17.047   0.000   0.837   0.003   0.160
E R  3BP9B                 75    0.606 138.853   0.000   0.524   0.017   0.459
E G  3BP9B                 76    0.620  48.818   0.000   0.186   0.003   0.811
E N  3BP9B                 77    0.650  95.091   0.000   0.111   0.008   0.881
E D  3BP9B                 78    0.724 104.345   0.000   0.118   0.005   0.877
E G  3BP9B                 79    0.632  49.722   0.000   0.029   0.002   0.969
E R  3BP9B                 80    0.572 130.948   0.000   0.006   0.013   0.980
E P  3BP9B                 81    0.559  79.356   0.000   0.034   0.022   0.945
E T  3BP9B                 82    0.488  67.637   0.000   0.035   0.020   0.945
E Q  3BP9B                 83    0.742 132.521   0.000   0.034   0.017   0.949
E L  3BP9B                 84    0.295  54.043   0.000   0.029   0.008   0.963
E P  3BP9B                 85    0.419  59.397   0.000   0.119   0.008   0.874
E N  3BP9B                 86    0.771 112.894   0.000   0.346   0.006   0.649
E E  3BP9B                 87    0.530  92.555   0.000   0.653   0.016   0.331
B V  3BP9B                 88    0.103  15.762   0.000   0.918   0.003   0.079
E D  3BP9B                 89    0.563  81.172   0.000   0.938   0.002   0.060
E A  3BP9B                 90    0.596  65.661   0.000   0.890   0.002   0.108
B A  3BP9B                 91    0.206  22.671   0.000   0.779   0.001   0.220
B F  3BP9B                 92    0.114  22.905   0.000   0.037   0.008   0.955
B P  3BP9B                 93    0.239  33.873   0.000   0.059   0.011   0.930
E L  3BP9B                 94    0.551 100.871   0.000   0.130   0.008   0.863
E E  3BP9B                 95    0.748 130.681   0.000   0.129   0.004   0.868
E R  3BP9B                 96    0.507 116.078   0.000   0.001   0.008   0.991
E P  3BP9B                 97    0.417  59.164   0.000   0.007   0.002   0.991
E D  3BP9B                 98    0.815 117.391   0.000   0.012   0.002   0.987
B W  3BP9B                 99    0.218  52.337   0.000   0.026   0.007   0.967
E D  3BP9B                100    0.573  82.598   0.000   0.004   0.005   0.991
B Y  3BP9B                101    0.206  44.092   0.000   0.002   0.000   0.997
E T  3BP9B                102    0.630  87.434   0.000   0.003   0.000   0.997
E T  3BP9B                103    0.336  46.544   0.000   0.004   0.001   0.996
E T  3BP9B                104    0.770 106.808   0.000   0.962   0.000   0.038
E E  3BP9B                105    0.677 118.339   0.000   0.989   0.000   0.011
B G  3BP9B                106    0.038   3.007   0.000   0.995   0.000   0.005
E R  3BP9B                107    0.365  83.671   0.000   0.992   0.000   0.008
E N  3BP9B                108    0.606  88.721   0.000   0.992   0.000   0.008
E H  3BP9B                109    0.292  53.122   0.000   0.994   0.000   0.006
B L  3BP9B                110    0.054   9.801   0.000   0.994   0.000   0.006
E V  3BP9B                111    0.358  55.101   0.000   0.998   0.000   0.002
E L  3BP9B                112    0.370  67.814   0.000   0.998   0.000   0.002
B Y  3BP9B                113    0.105  22.399   0.000   0.998   0.000   0.002
E R  3BP9B                114    0.260  59.453   0.000   0.999   0.000   0.001
E Q  3BP9B                115    0.542  96.856   0.000   0.999   0.000   0.001
B L  3BP9B                116    0.203  37.224   0.000   0.998   0.000   0.002
B L  3BP9B                117    0.064  11.745   0.000   0.997   0.000   0.003
B L  3BP9B                118    0.233  42.663   0.000   0.997   0.000   0.003
E A  3BP9B                119    0.303  33.435   0.000   0.994   0.000   0.006
B G  3BP9B                120    0.057   4.472   0.000   0.993   0.000   0.007
B L  3BP9B                121    0.099  18.143   0.000   0.986   0.000   0.014
E Q  3BP9B                122    0.551  98.482   0.000   0.942   0.001   0.058
E N  3BP9B                123    0.554  81.080   0.000   0.761   0.001   0.239
B A  3BP9B                124    0.206  22.647   0.000   0.422   0.003   0.575
E G  3BP9B                125    0.494  38.865   0.000   0.139   0.012   0.849
E R  3BP9B                126    0.816 186.916   0.000   0.001   0.000   0.999
