# For publication of results, please cite:
# ...
# ... Michael Schantz Klausen, Martin Closter Jespersen, Henrik Nielsen, Kamilla Kjærgaard Jensen, 
# ... Vanessa Isabell Jurtz, Casper Kaae Sønderby, Morten Otto Alexander Sommer, Ole Winther, 
# ... Morten Nielsen, Bent Petersen, and Paolo Marcatili. 
# ... NetSurfP-2.0: Improved prediction of protein structural features by integrated deep learning.
# ... Proteins: Structure, Function, and Bioinformatics (Feb. 2019).
# ... https://doi.org/10.1002/prot.25674
# ...
#
# Column 1: Class assignment - B for buried or E for Exposed - Threshold: 25% exposure, but not based on RSA
# Column 2: Amino acid
# Column 3: Sequence name
# Column 4: Amino acid number
# Column 5: Relative Surface Accessibility - RSA
# Column 6: Absolute Surface Accessibility
# Column 7: Not used
# Column 8: Probability for Alpha-Helix
# Column 9: Probability for Beta-strand
# Column 10: Probability for Coil
E G  1F68A                  1    0.873  68.736   0.000   0.004   0.000   0.996
E D  1F68A                  2    0.807 116.317   0.000   0.362   0.001   0.636
E Q  1F68A                  3    0.691 123.328   0.000   0.772   0.002   0.226
B L  1F68A                  4    0.152  27.803   0.000   0.942   0.001   0.057
E Y  1F68A                  5    0.319  68.109   0.000   0.977   0.001   0.023
E T  1F68A                  6    0.514  71.249   0.000   0.993   0.000   0.007
B T  1F68A                  7    0.241  33.359   0.000   0.997   0.000   0.003
B L  1F68A                  8    0.028   5.141   0.000   0.997   0.000   0.003
E K  1F68A                  9    0.429  88.233   0.000   0.999   0.000   0.001
E N  1F68A                 10    0.582  85.152   0.000   0.998   0.000   0.002
B L  1F68A                 11    0.057  10.350   0.000   0.999   0.000   0.001
B L  1F68A                 12    0.059  10.747   0.000   0.998   0.000   0.002
E A  1F68A                 13    0.433  47.770   0.000   0.998   0.000   0.002
E Q  1F68A                 14    0.491  87.619   0.000   0.990   0.000   0.010
B I  1F68A                 15    0.030   5.515   0.000   0.986   0.000   0.014
E K  1F68A                 16    0.378  77.704   0.000   0.835   0.000   0.165
E S  1F68A                 17    0.761  89.157   0.000   0.396   0.000   0.604
E H  1F68A                 18    0.274  49.836   0.000   0.001   0.000   0.998
E P  1F68A                 19    0.705 100.011   0.000   0.317   0.000   0.683
E S  1F68A                 20    0.360  42.135   0.000   0.210   0.003   0.787
B A  1F68A                 21    0.060   6.579   0.000   0.470   0.022   0.507
E W  1F68A                 22    0.513 123.312   0.000   0.956   0.001   0.043
B P  1F68A                 23    0.207  29.381   0.000   0.962   0.001   0.037
B F  1F68A                 24    0.046   9.183   0.000   0.942   0.002   0.056
E M  1F68A                 25    0.328  65.720   0.000   0.455   0.008   0.537
E E  1F68A                 26    0.588 102.725   0.000   0.003   0.016   0.981
E P  1F68A                 27    0.501  71.070   0.000   0.001   0.059   0.939
B V  1F68A                 28    0.113  17.413   0.000   0.002   0.017   0.981
E K  1F68A                 29    0.582 119.739   0.000   0.003   0.015   0.982
E K  1F68A                 30    0.561 115.457   0.000   0.245   0.001   0.754
E S  1F68A                 31    0.833  97.612   0.000   0.306   0.000   0.694
E E  1F68A                 32    0.581 101.530   0.000   0.590   0.001   0.409
B A  1F68A                 33    0.080   8.785   0.000   0.005   0.005   0.990
E P  1F68A                 34    0.557  79.014   0.000   0.021   0.001   0.978
E D  1F68A                 35    0.498  71.724   0.000   0.014   0.003   0.983
B Y  1F68A                 36    0.098  20.865   0.000   0.908   0.001   0.092
E Y  1F68A                 37    0.406  86.854   0.000   0.949   0.001   0.051
E E  1F68A                 38    0.743 129.715   0.000   0.938   0.000   0.062
B V  1F68A                 39    0.226  34.747   0.000   0.833   0.005   0.162
B I  1F68A                 40    0.038   6.985   0.000   0.039   0.040   0.921
E R  1F68A                 41    0.679 155.589   0.000   0.032   0.005   0.963
E F  1F68A                 42    0.577 115.857   0.000   0.002   0.014   0.984
E P  1F68A                 43    0.382  54.247   0.000   0.001   0.024   0.975
B I  1F68A                 44    0.111  20.510   0.000   0.002   0.283   0.716
E D  1F68A                 45    0.316  45.542   0.000   0.001   0.143   0.856
B L  1F68A                 46    0.130  23.784   0.000   0.874   0.001   0.126
E K  1F68A                 47    0.551 113.296   0.000   0.990   0.000   0.010
E T  1F68A                 48    0.294  40.834   0.000   0.996   0.000   0.004
B M  1F68A                 49    0.020   3.953   0.000   0.998   0.000   0.002
E T  1F68A                 50    0.262  36.355   0.000   0.999   0.000   0.001
E E  1F68A                 51    0.573 100.162   0.000   0.999   0.000   0.001
E R  1F68A                 52    0.286  65.433   0.000   0.999   0.000   0.001
B L  1F68A                 53    0.083  15.155   0.000   0.996   0.000   0.004
E R  1F68A                 54    0.641 146.824   0.000   0.979   0.000   0.021
E S  1F68A                 55    0.567  66.397   0.000   0.207   0.000   0.793
E R  1F68A                 56    0.686 157.122   0.000   0.004   0.000   0.996
E Y  1F68A                 57    0.491 104.885   0.000   0.003   0.005   0.992
B Y  1F68A                 58    0.065  13.950   0.000   0.004   0.028   0.968
E V  1F68A                 59    0.585  89.883   0.000   0.000   0.000   0.999
E T  1F68A                 60    0.417  57.834   0.000   0.001   0.005   0.994
E R  1F68A                 61    0.356  81.607   0.000   0.985   0.000   0.015
E K  1F68A                 62    0.695 142.963   0.000   0.996   0.000   0.004
E L  1F68A                 63    0.281  51.511   0.000   0.997   0.000   0.003
B F  1F68A                 64    0.012   2.436   0.000   0.999   0.000   0.001
B V  1F68A                 65    0.131  20.068   0.000   1.000   0.000   0.000
E A  1F68A                 66    0.383  42.221   0.000   0.999   0.000   0.001
B D  1F68A                 67    0.069   9.993   0.000   1.000   0.000   0.000
B L  1F68A                 68    0.012   2.195   0.000   1.000   0.000   0.000
E Q  1F68A                 69    0.443  79.131   0.000   1.000   0.000   0.000
E R  1F68A                 70    0.396  90.589   0.000   0.999   0.000   0.001
B V  1F68A                 71    0.018   2.772   0.000   1.000   0.000   0.000
B I  1F68A                 72    0.042   7.772   0.000   0.999   0.000   0.001
E A  1F68A                 73    0.391  43.075   0.000   0.998   0.000   0.002
B N  1F68A                 74    0.128  18.730   0.000   0.993   0.000   0.007
B C  1F68A                 75    0.009   1.220   0.000   0.992   0.000   0.007
E R  1F68A                 76    0.399  91.336   0.000   0.966   0.002   0.032
E E  1F68A                 77    0.696 121.632   0.000   0.935   0.001   0.064
E Y  1F68A                 78    0.395  84.345   0.000   0.848   0.001   0.151
B N  1F68A                 79    0.178  26.100   0.000   0.002   0.003   0.995
E P  1F68A                 80    0.448  63.605   0.000   0.001   0.000   0.999
E P  1F68A                 81    0.712 101.058   0.000   0.001   0.000   0.999
E D  1F68A                 82    0.912 131.399   0.000   0.001   0.000   0.999
B S  1F68A                 83    0.142  16.667   0.000   0.003   0.003   0.994
E E  1F68A                 84    0.621 108.553   0.000   0.978   0.000   0.022
B Y  1F68A                 85    0.191  40.734   0.000   0.988   0.000   0.012
B C  1F68A                 86    0.123  17.248   0.000   0.999   0.000   0.001
E R  1F68A                 87    0.589 134.849   0.000   0.999   0.000   0.001
B C  1F68A                 88    0.144  20.159   0.000   0.998   0.000   0.002
B A  1F68A                 89    0.015   1.655   0.000   0.999   0.000   0.001
E S  1F68A                 90    0.373  43.675   0.000   0.999   0.000   0.001
E A  1F68A                 91    0.352  38.777   0.000   0.999   0.000   0.001
B L  1F68A                 92    0.055  10.106   0.000   0.999   0.000   0.001
E E  1F68A                 93    0.293  51.179   0.000   0.999   0.000   0.001
E K  1F68A                 94    0.587 120.820   0.000   0.999   0.000   0.001
E F  1F68A                 95    0.284  57.047   0.000   0.999   0.000   0.001
B F  1F68A                 96    0.060  12.025   0.000   0.998   0.000   0.002
E Y  1F68A                 97    0.424  90.531   0.000   0.996   0.000   0.004
E F  1F68A                 98    0.560 112.301   0.000   0.991   0.000   0.009
E K  1F68A                 99    0.365  75.018   0.000   0.983   0.000   0.017
B L  1F68A                100    0.203  37.156   0.000   0.893   0.000   0.107
E K  1F68A                101    0.732 150.611   0.000   0.630   0.002   0.368
E E  1F68A                102    0.769 134.348   0.000   0.333   0.001   0.665
E G  1F68A                103    0.847  66.688   0.000   0.002   0.000   0.998
