35,78,0.888990
58,67,0.817337
45,48,0.804530
27,28,0.646059
52,57,0.635098
44,71,0.491962
80,86,0.489503
76,93,0.473979
30,37,0.472516
68,96,0.463879
76,90,0.451143
69,97,0.425334
16,50,0.423838
49,71,0.419345
75,89,0.415036
49,68,0.403931
40,77,0.382367
83,86,0.360778
36,40,0.353350
52,67,0.349450
28,79,0.348881
71,72,0.347841
29,32,0.345232
52,58,0.337729
65,69,0.320672
36,74,0.317695
16,25,0.316722
21,25,0.316715
75,79,0.312065
12,64,0.303126
22,23,0.300969
69,93,0.298584
70,74,0.290841
78,79,0.285745
76,86,0.285649
32,33,0.283969
45,47,0.278837
29,33,0.278159
80,83,0.276197
27,45,0.272356
76,89,0.270775
62,66,0.266549
29,30,0.266203
75,86,0.265347
83,85,0.262858
36,78,0.262652
44,67,0.259452
55,57,0.258647
44,70,0.258536
42,70,0.257814
33,34,0.252174
40,43,0.247772
33,35,0.245641
27,48,0.243151
44,48,0.241730
23,88,0.240290
93,97,0.236427
68,72,0.235956
75,85,0.234765
36,43,0.232200
8,53,0.231996
49,52,0.230235
59,63,0.228857
46,71,0.226056
74,79,0.225478
21,23,0.223433
74,78,0.222283
49,53,0.221712
40,74,0.220965
65,96,0.220696
20,91,0.220158
86,90,0.218531
36,79,0.217200
44,49,0.211814
65,100,0.208911
73,77,0.208825
79,85,0.208332
30,33,0.207043
50,54,0.202803
28,36,0.202615
15,68,0.201746
31,33,0.200128
60,63,0.199538
42,66,0.197760
30,31,0.196371
29,34,0.193848
72,92,0.190965
43,74,0.190620
19,21,0.189535
26,47,0.189086
64,68,0.188984
13,50,0.187904
4,8,0.186022
37,38,0.185533
74,75,0.185300
82,87,0.184667
33,37,0.183562
18,19,0.181664
18,20,0.179361
75,76,0.177588
24,79,0.174603
85,89,0.174545
96,97,0.174540
47,48,0.169905
84,88,0.168080
18,22,0.167650
88,91,0.166720
52,63,0.163502
28,45,0.162485
23,25,0.162217
30,35,0.161078
96,100,0.160728
19,20,0.159479
28,75,0.158140
47,71,0.157418
70,73,0.156743
31,32,0.156729
24,28,0.155692
27,88,0.155570
37,40,0.155250
12,15,0.154151
44,45,0.152773
32,34,0.152433
76,80,0.152265
29,37,0.151335
39,77,0.150520
80,81,0.147780
63,66,0.147218
43,79,0.146941
86,89,0.146578
49,58,0.144350
33,78,0.143748
35,38,0.143277
38,39,0.142646
40,79,0.142058
29,31,0.138945
49,72,0.138754
14,99,0.138520
39,41,0.137804
28,33,0.137781
18,95,0.137767
35,37,0.137712
51,55,0.137139
89,90,0.135575
80,82,0.135255
8,64,0.134505
57,59,0.134446
36,75,0.133879
84,85,0.133695
59,60,0.133380
41,77,0.133093
95,99,0.132738
40,44,0.132258
31,38,0.132239
24,36,0.131852
49,64,0.130150
8,11,0.130010
40,70,0.129851
9,54,0.128572
40,78,0.128410
42,44,0.127855
68,71,0.127716
33,79,0.126885
25,26,0.126426
75,78,0.125555
3,4,0.124473
84,87,0.123646
30,32,0.122872
69,73,0.122200
81,83,0.122073
55,56,0.121998
4,5,0.121847
18,91,0.121602
8,61,0.121426
99,102,0.121145
28,43,0.120433
46,49,0.120261
18,21,0.120115
28,44,0.119922
24,74,0.119608
11,12,0.119234
28,47,0.119179
101,102,0.119146
15,16,0.118856
36,44,0.118566
27,30,0.118533
60,62,0.118347
33,85,0.117968
31,37,0.117762
6,7,0.116277
5,6,0.115881
61,62,0.115769
65,68,0.114830
28,78,0.114552
99,101,0.113516
9,13,0.112859
23,85,0.112795
35,36,0.112670
27,37,0.112589
43,44,0.112490
67,70,0.112312
10,14,0.112252
34,78,0.111921
74,89,0.111816
44,52,0.111352
37,43,0.110678
24,89,0.109964
9,50,0.109594
34,36,0.109157
85,88,0.108293
24,43,0.107672
10,11,0.107651
12,53,0.106775
20,22,0.106663
66,69,0.106384
53,58,0.106189
83,84,0.106103
44,74,0.105888
11,64,0.105229
20,88,0.105094
19,46,0.104669
24,27,0.104667
51,81,0.103792
36,37,0.103736
72,88,0.103523
28,37,0.103215
56,64,0.103072
51,54,0.102978
36,39,0.101981
22,26,0.101531
19,23,0.101323
13,17,0.100546
53,64,0.100507
43,70,0.100107
61,100,0.099765
38,41,0.099328
11,15,0.099106
98,99,0.098890
7,8,0.098732
27,44,0.098487
72,93,0.097814
44,58,0.097806
82,83,0.097588
91,94,0.097281
28,29,0.097141
64,72,0.096878
11,14,0.096804
20,23,0.096363
56,57,0.096138
100,101,0.095868
94,96,0.095747
32,37,0.095606
19,91,0.095084
9,10,0.094918
93,94,0.094086
41,42,0.093878
79,83,0.093761
71,74,0.093316
25,46,0.092998
92,96,0.092463
53,61,0.092400
7,9,0.092253
58,64,0.092198
46,68,0.092103
27,33,0.091498
27,47,0.091015
89,92,0.090397
73,93,0.090297
25,27,0.090137
39,43,0.089932
15,17,0.089835
12,49,0.089788
3,5,0.089642
13,19,0.089509
8,72,0.089340
75,92,0.089225
34,37,0.088987
16,71,0.088855
19,22,0.088806
97,98,0.088708
2,4,0.088347
39,79,0.088298
96,98,0.088211
66,70,0.087792
99,100,0.087233
102,103,0.087184
59,66,0.087129
30,34,0.086945
49,67,0.086670
23,24,0.085850
82,86,0.085505
95,96,0.085406
56,58,0.085241
31,34,0.084769
18,23,0.084649
94,97,0.084464
39,78,0.084413
20,21,0.084389
97,100,0.083147
56,62,0.082936
83,89,0.082413
8,96,0.082183
98,100,0.081688
8,12,0.080806
18,88,0.080762
90,94,0.080643
28,30,0.080454
79,89,0.080370
83,88,0.080319
14,17,0.080281
71,73,0.080235
28,34,0.079951
87,90,0.079928
11,13,0.079863
95,98,0.079843
21,46,0.079826
46,92,0.079669
83,87,0.079594
9,20,0.079325
67,68,0.079029
19,64,0.078898
32,41,0.078611
13,16,0.078461
54,62,0.078189
10,13,0.078161
17,54,0.078143
2,3,0.077875
57,63,0.077869
47,50,0.077847
16,21,0.077485
22,88,0.077419
59,70,0.077383
15,96,0.077077
29,35,0.076957
81,90,0.076680
39,40,0.076539
24,75,0.076488
47,51,0.076407
53,71,0.076041
7,11,0.076038
5,15,0.075786
27,36,0.075739
67,74,0.075710
88,89,0.075699
16,17,0.075501
97,99,0.075382
72,96,0.074937
52,70,0.074915
94,98,0.074548
82,91,0.074378
14,95,0.074363
81,86,0.074205
34,35,0.074100
42,52,0.073931
11,17,0.073886
64,96,0.073880
25,47,0.073774
7,10,0.073029
21,22,0.072931
97,101,0.072817
12,16,0.072330
35,39,0.071917
46,53,0.071873
28,39,0.071647
65,66,0.071546
36,89,0.071254
9,55,0.071152
87,88,0.071005
15,24,0.070364
22,85,0.070313
36,38,0.070162
34,43,0.069601
41,43,0.069289
50,62,0.068673
64,100,0.068591
6,10,0.068504
80,100,0.068468
73,76,0.068344
66,67,0.068331
17,20,0.067955
8,97,0.067867
70,81,0.067616
27,43,0.067568
16,47,0.067553
41,52,0.067470
60,64,0.067430
48,52,0.067383
87,95,0.067325
65,97,0.067214
7,14,0.067074
95,97,0.067010
34,40,0.066616
9,18,0.066452
6,11,0.066118
25,45,0.066091
44,68,0.065946
5,63,0.065288
32,53,0.065235
75,88,0.065067
37,41,0.064945
58,77,0.064649
5,9,0.064627
40,41,0.064096
81,82,0.064033
26,54,0.063900
6,9,0.063900
61,65,0.063776
43,78,0.063720
36,70,0.063614
58,60,0.063416
98,101,0.063377
27,75,0.063310
12,17,0.062858
3,6,0.062663
25,38,0.062261
34,79,0.061766
82,90,0.061693
46,72,0.061557
70,77,0.061542
64,71,0.061430
100,102,0.061402
11,46,0.061355
13,14,0.061348
37,78,0.061248
14,73,0.061190
18,72,0.060987
55,61,0.060959
80,85,0.060379
10,17,0.060109
42,43,0.060094
69,72,0.059978
43,45,0.059860
53,96,0.059650
86,87,0.059563
66,73,0.059459
28,40,0.059418
61,90,0.059049
46,50,0.058831
24,71,0.058710
14,50,0.058403
41,66,0.058277
82,95,0.058243
51,63,0.058208
28,74,0.058099
4,6,0.057855
17,22,0.057843
54,55,0.057813
5,56,0.057800
86,93,0.057638
28,88,0.057583
27,29,0.056647
70,79,0.056389
61,63,0.056240
9,15,0.056094
23,32,0.055909
19,88,0.055644
30,38,0.055355
17,19,0.055318
30,40,0.055184
26,45,0.054934
24,78,0.054793
55,65,0.054789
95,100,0.054576
8,10,0.054516
45,51,0.054219
90,99,0.054178
48,71,0.054155
41,57,0.054136
84,95,0.053948
8,14,0.053879
46,56,0.053823
93,96,0.053577
90,93,0.053343
52,53,0.053236
5,99,0.053219
16,26,0.053026
45,78,0.052568
24,40,0.052519
52,55,0.052471
26,73,0.052295
22,93,0.052133
13,94,0.052090
8,93,0.051701
26,51,0.051694
13,18,0.051675
10,16,0.051665
24,44,0.051624
91,95,0.051601
5,8,0.051517
7,15,0.051446
35,43,0.051393
23,99,0.051182
60,77,0.051006
48,51,0.050861
22,82,0.050752
14,37,0.050475
16,64,0.050394
11,42,0.050315
56,63,0.050171
26,38,0.050150
73,100,0.050127
94,101,0.049994
61,76,0.049912
46,58,0.049831
95,101,0.049606
85,95,0.049393
47,49,0.049352
87,91,0.049348
21,72,0.049287
50,64,0.049277
11,16,0.049157
76,94,0.049063
13,51,0.048982
29,43,0.048941
25,50,0.048846
64,74,0.048756
22,33,0.048750
81,91,0.048535
59,62,0.048335
9,58,0.048048
25,30,0.047827
12,13,0.047744
85,91,0.047687
23,34,0.047661
27,79,0.047491
41,59,0.047407
4,7,0.047375
78,89,0.047346
86,88,0.047305
60,94,0.047279
8,16,0.047155
11,100,0.046964
71,85,0.046897
76,87,0.046870
54,94,0.046852
3,7,0.046839
57,60,0.046611
24,46,0.046553
54,59,0.046543
92,97,0.046533
41,70,0.046415
54,91,0.046385
12,14,0.046367
10,41,0.046362
96,99,0.045922
100,103,0.045772
50,80,0.045691
15,92,0.045651
17,18,0.045646
42,57,0.045642
58,63,0.045449
87,96,0.045396
42,59,0.045255
54,86,0.045250
14,22,0.045105
48,49,0.045047
81,93,0.044862
92,93,0.044712
72,76,0.044686
62,63,0.044607
5,10,0.044552
17,21,0.044459
68,89,0.044435
71,75,0.044414
26,33,0.044352
9,11,0.044347
8,60,0.044329
14,16,0.044263
11,22,0.044261
69,77,0.044197
24,49,0.044115
23,84,0.044078
55,94,0.044067
21,88,0.043913
62,87,0.043893
9,17,0.043851
61,98,0.043837
53,72,0.043722
5,7,0.043675
24,56,0.043633
84,94,0.043573
31,43,0.043476
48,56,0.043334
47,72,0.043323
46,101,0.043288
6,51,0.043226
3,10,0.043120
71,79,0.043094
37,52,0.043062
94,95,0.043009
5,11,0.042966
9,51,0.042955
14,15,0.042917
17,62,0.042844
25,88,0.042808
10,26,0.042790
77,95,0.042686
38,73,0.042573
73,90,0.042558
24,53,0.042534
32,69,0.042479
81,84,0.042460
14,20,0.042336
2,5,0.042269
73,96,0.042123
13,84,0.042008
16,87,0.041998
86,95,0.041861
73,84,0.041768
15,72,0.041739
60,61,0.041738
40,75,0.041738
65,93,0.041650
1,2,0.041590
13,23,0.041512
93,100,0.041474
51,97,0.041414
49,50,0.041320
37,39,0.041318
20,60,0.041290
52,59,0.041216
3,11,0.041133
54,66,0.041097
31,65,0.041084
67,92,0.041074
7,61,0.040986
81,87,0.040934
91,97,0.040929
15,84,0.040796
26,77,0.040788
14,57,0.040670
4,11,0.040648
92,94,0.040502
53,54,0.040494
47,73,0.040479
38,42,0.040403
15,49,0.040330
66,77,0.040327
7,16,0.040326
49,96,0.040213
10,39,0.040027
62,84,0.040009
86,91,0.039999
55,82,0.039766
70,71,0.039706
61,85,0.039690
31,55,0.039408
94,100,0.039397
86,92,0.039358
52,87,0.039320
18,92,0.039313
55,84,0.039250
68,69,0.039161
24,96,0.039124
82,84,0.039094
35,41,0.038973
80,88,0.038907
58,59,0.038841
34,39,0.038821
21,51,0.038810
10,21,0.038728
54,60,0.038578
19,25,0.038549
81,97,0.038496
72,97,0.038438
8,33,0.038400
98,102,0.038395
101,103,0.038276
22,37,0.038167
23,75,0.038148
13,21,0.038048
7,38,0.038015
45,56,0.037962
15,18,0.037952
62,93,0.037866
70,78,0.037658
31,94,0.037643
35,75,0.037608
10,55,0.037592
15,19,0.037510
91,92,0.037498
77,94,0.037304
64,92,0.037284
14,41,0.037170
31,54,0.037042
17,95,0.037016
21,92,0.037003
38,43,0.036958
71,86,0.036953
13,82,0.036868
10,73,0.036846
95,102,0.036813
56,100,0.036762
21,68,0.036610
74,92,0.036589
21,59,0.036534
21,48,0.036454
18,27,0.036435
45,46,0.036346
63,67,0.036333
12,50,0.036285
1,4,0.036231
41,63,0.036109
13,29,0.036023
44,75,0.035828
54,56,0.035804
8,9,0.035794
58,66,0.035743
51,87,0.035731
30,47,0.035708
26,32,0.035558
12,20,0.035543
55,90,0.035379
31,84,0.035350
35,42,0.035278
87,93,0.035256
33,88,0.035162
59,61,0.035162
32,80,0.035098
65,99,0.034932
75,93,0.034773
6,80,0.034731
22,51,0.034709
16,20,0.034661
92,95,0.034605
1,24,0.034577
57,66,0.034551
22,84,0.034496
13,20,0.034492
73,86,0.034416
42,69,0.034409
23,46,0.034158
9,56,0.034115
62,81,0.034082
43,46,0.034044
6,32,0.033959
51,94,0.033833
6,18,0.033709
76,81,0.033646
7,12,0.033598
47,52,0.033510
53,56,0.033433
32,60,0.033297
44,46,0.033185
77,81,0.033165
32,88,0.033143
51,98,0.033080
53,74,0.033056
16,19,0.033001
9,53,0.032743
41,53,0.032694
92,101,0.032665
10,20,0.032644
60,100,0.032555
16,56,0.032531
14,65,0.032446
34,62,0.032432
83,92,0.032399
7,56,0.032367
55,59,0.032275
36,45,0.032217
45,58,0.032086
5,16,0.032026
25,84,0.031995
31,77,0.031969
6,8,0.031891
51,59,0.031856
25,75,0.031826
39,80,0.031738
26,80,0.031715
21,95,0.031699
50,55,0.031573
15,83,0.031547
65,71,0.031428
12,88,0.031426
1,3,0.031378
25,48,0.031212
71,76,0.031149
3,49,0.031023
29,78,0.031021
19,72,0.030943
33,83,0.030929
51,77,0.030631
5,14,0.030574
34,94,0.030465
6,22,0.030439
30,56,0.030310
25,42,0.030295
43,75,0.030290
79,81,0.030217
22,81,0.030067
9,59,0.030021
39,70,0.030009
72,83,0.030006
8,85,0.029992
7,96,0.029965
10,15,0.029954
7,46,0.029929
9,52,0.029892
6,19,0.029846
18,34,0.029846
22,29,0.029759
17,37,0.029539
60,82,0.029507
38,82,0.029446
24,58,0.029393
14,66,0.029347
26,56,0.029310
33,36,0.029272
46,67,0.029248
65,72,0.029190
33,41,0.029160
19,29,0.029111
22,66,0.029102
73,91,0.029075
58,68,0.029020
88,95,0.029012
50,51,0.028919
26,29,0.028872
36,46,0.028852
48,92,0.028820
62,65,0.028811
52,54,0.028765
14,56,0.028764
5,82,0.028721
50,52,0.028630
31,51,0.028615
42,67,0.028487
37,84,0.028457
35,79,0.028426
9,29,0.028305
31,85,0.028256
2,7,0.028224
65,91,0.028201
56,99,0.028108
32,38,0.028099
51,73,0.028090
96,101,0.028064
62,98,0.028060
53,67,0.027960
82,89,0.027889
12,46,0.027835
65,77,0.027606
56,87,0.027591
26,31,0.027580
40,92,0.027548
56,82,0.027535
5,24,0.027521
96,103,0.027514
19,84,0.027454
43,89,0.027392
3,26,0.027345
72,89,0.027307
50,66,0.027265
34,89,0.027208
63,70,0.027189
76,88,0.027127
44,47,0.027089
4,43,0.027047
1,58,0.027026
15,31,0.027007
88,97,0.027003
7,43,0.026994
42,65,0.026993
26,95,0.026976
15,33,0.026957
56,65,0.026946
8,15,0.026865
38,59,0.026859
92,102,0.026789
90,101,0.026769
38,91,0.026738
37,45,0.026719
86,99,0.026700
10,56,0.026645
36,42,0.026611
29,39,0.026560
14,18,0.026536
21,65,0.026530
26,88,0.026512
62,77,0.026373
38,63,0.026281
13,15,0.026242
29,98,0.026222
3,14,0.026206
68,95,0.026175
70,86,0.026167
59,77,0.025977
88,92,0.025973
55,60,0.025914
6,42,0.025887
7,17,0.025849
96,102,0.025774
12,19,0.025746
47,53,0.025741
7,57,0.025656
42,73,0.025630
15,20,0.025583
4,51,0.025566
40,46,0.025559
21,73,0.025545
91,99,0.025481
62,73,0.025475
29,36,0.025474
84,90,0.025427
16,69,0.025406
24,26,0.025404
28,48,0.025346
76,100,0.025342
26,57,0.025298
78,92,0.025239
18,84,0.025168
34,95,0.025153
23,72,0.025073
11,20,0.025056
73,99,0.025044
46,103,0.025032
4,84,0.025024
84,101,0.024970
13,54,0.024964
11,91,0.024963
90,102,0.024946
10,90,0.024846
56,60,0.024837
14,25,0.024777
27,40,0.024766
2,8,0.024754
3,101,0.024740
61,102,0.024736
14,59,0.024727
10,22,0.024593
21,50,0.024586
74,77,0.024533
2,46,0.024527
90,98,0.024448
59,101,0.024324
51,62,0.024304
13,31,0.024270
37,42,0.024181
55,87,0.024173
3,12,0.024168
14,84,0.024107
57,62,0.024105
10,12,0.024061
28,53,0.024026
32,39,0.024007
72,75,0.023984
77,102,0.023965
60,81,0.023960
28,35,0.023954
18,55,0.023915
13,61,0.023910
6,82,0.023903
20,27,0.023894
31,80,0.023873
22,41,0.023829
22,72,0.023757
20,82,0.023710
83,95,0.023703
14,88,0.023589
22,61,0.023580
87,97,0.023567
45,79,0.023358
52,66,0.023203
6,56,0.023183
45,75,0.023142
93,95,0.023138
73,92,0.023067
5,20,0.023010
51,57,0.022964
17,82,0.022964
3,99,0.022914
63,84,0.022861
28,70,0.022856
11,18,0.022841
22,30,0.022816
57,64,0.022787
19,51,0.022743
8,24,0.022727
51,69,0.022698
59,69,0.022682
73,95,0.022668
13,56,0.022592
68,99,0.022590
5,102,0.022320
65,81,0.022305
94,99,0.022255
28,81,0.022175
5,19,0.022140
42,51,0.022098
3,8,0.022087
4,27,0.022056
55,98,0.021980
1,53,0.021949
80,97,0.021945
22,35,0.021930
11,102,0.021913
8,103,0.021892
41,82,0.021784
13,62,0.021745
89,93,0.021673
42,60,0.021633
10,81,0.021571
24,67,0.021562
34,97,0.021560
33,39,0.021520
26,82,0.021516
30,43,0.021430
34,60,0.021390
84,89,0.021349
98,103,0.021280
10,35,0.021244
2,6,0.021203
66,91,0.021123
16,66,0.021111
50,59,0.021096
12,21,0.021087
42,102,0.021078
59,91,0.021022
1,72,0.021020
33,38,0.021004
6,50,0.020985
89,100,0.020981
13,22,0.020938
55,103,0.020864
42,63,0.020758
39,69,0.020724
34,38,0.020708
4,17,0.020661
15,69,0.020622
55,63,0.020607
1,71,0.020547
57,73,0.020537
60,87,0.020514
64,79,0.020509
44,64,0.020488
50,56,0.020450
94,102,0.020420
7,53,0.020405
23,76,0.020380
72,82,0.020360
23,91,0.020350
52,93,0.020324
12,24,0.020292
7,30,0.020203
85,90,0.020141
64,99,0.020070
66,97,0.020047
7,55,0.020021
64,65,0.019738
5,98,0.019730
55,95,0.019720
12,80,0.019650
25,37,0.019643
72,74,0.019570
59,72,0.019561
41,94,0.019554
37,61,0.019527
68,92,0.019493
61,99,0.019438
5,17,0.019380
81,89,0.019338
37,88,0.019300
9,12,0.019292
36,49,0.019269
5,101,0.019264
26,98,0.019229
11,62,0.019218
14,30,0.019201
59,64,0.019197
87,94,0.019194
9,14,0.019193
22,25,0.019159
63,64,0.019069
41,58,0.019025
6,57,0.019015
59,93,0.018980
72,73,0.018876
9,98,0.018861
26,93,0.018855
20,87,0.018850
5,12,0.018813
78,85,0.018791
51,90,0.018789
22,45,0.018784
23,35,0.018770
32,35,0.018769
69,76,0.018764
33,54,0.018755
60,66,0.018745
83,90,0.018726
70,76,0.018685
13,95,0.018653
37,77,0.018612
29,82,0.018593
1,67,0.018588
49,61,0.018544
51,82,0.018527
16,46,0.018521
16,73,0.018487
11,52,0.018380
18,39,0.018341
38,47,0.018268
6,94,0.018189
62,69,0.018169
69,94,0.018078
9,64,0.018072
65,101,0.018060
1,5,0.018028
14,39,0.017996
3,65,0.017944
5,91,0.017940
3,63,0.017901
20,76,0.017888
32,44,0.017887
66,90,0.017861
7,50,0.017843
8,98,0.017828
43,81,0.017817
60,73,0.017794
32,47,0.017778
48,94,0.017775
1,64,0.017761
6,14,0.017736
17,25,0.017699
53,60,0.017694
23,56,0.017659
17,94,0.017644
21,81,0.017634
29,46,0.017629
2,19,0.017604
24,103,0.017596
7,59,0.017560
48,54,0.017538
93,98,0.017465
10,63,0.017431
2,12,0.017421
84,98,0.017401
10,84,0.017397
87,98,0.017380
7,41,0.017379
72,84,0.017365
70,99,0.017332
4,41,0.017329
8,92,0.017322
16,55,0.017240
1,49,0.017224
17,50,0.017206
56,80,0.017188
57,61,0.017161
34,81,0.017143
20,72,0.017142
32,87,0.017096
37,74,0.017079
4,92,0.017079
38,57,0.017052
9,99,0.017039
3,91,0.017033
20,50,0.017030
31,41,0.016976
47,94,0.016934
31,35,0.016894
2,61,0.016858
22,27,0.016847
26,60,0.016728
3,98,0.016691
22,79,0.016684
19,101,0.016672
61,72,0.016668
2,50,0.016633
60,80,0.016633
50,88,0.016622
46,48,0.016616
89,98,0.016616
90,100,0.016583
43,85,0.016547
35,87,0.016539
23,69,0.016537
36,103,0.016514
9,94,0.016507
6,98,0.016491
1,34,0.016470
30,45,0.016430
9,19,0.016414
25,76,0.016376
19,65,0.016357
3,17,0.016297
20,84,0.016270
12,99,0.016229
14,51,0.016219
10,62,0.016204
15,99,0.016202
3,52,0.016191
9,21,0.016144
66,100,0.016130
15,46,0.016122
62,95,0.016116
9,96,0.016097
26,66,0.016085
6,38,0.016083
1,17,0.016075
61,73,0.016071
83,97,0.016065
66,81,0.016036
85,99,0.016010
30,55,0.015908
81,99,0.015898
32,68,0.015855
84,91,0.015796
82,100,0.015775
77,87,0.015749
22,90,0.015745
31,47,0.015735
13,25,0.015680
15,32,0.015654
14,101,0.015646
8,89,0.015625
83,102,0.015599
2,13,0.015596
62,90,0.015591
1,36,0.015580
23,26,0.015517
68,74,0.015505
4,61,0.015472
90,95,0.015465
47,61,0.015438
18,63,0.015437
11,103,0.015411
80,95,0.015397
51,61,0.015385
32,85,0.015359
11,99,0.015326
14,19,0.015314
7,77,0.015271
5,93,0.015269
4,91,0.015258
61,67,0.015238
4,23,0.015230
41,87,0.015149
38,56,0.015095
15,100,0.015094
58,103,0.015084
58,92,0.015066
14,81,0.015040
14,94,0.015038
26,63,0.014986
8,87,0.014946
52,56,0.014943
39,62,0.014928
40,84,0.014918
39,48,0.014855
7,94,0.014823
4,60,0.014822
82,101,0.014818
37,54,0.014796
67,103,0.014787
8,68,0.014772
17,66,0.014747
60,102,0.014732
69,90,0.014712
97,102,0.014701
50,81,0.014686
11,82,0.014626
12,54,0.014610
16,81,0.014601
56,102,0.014587
13,102,0.014583
29,93,0.014551
58,71,0.014484
17,87,0.014481
19,57,0.014452
11,96,0.014432
85,92,0.014334
12,69,0.014310
77,80,0.014302
21,54,0.014292
31,59,0.014243
15,51,0.014206
17,102,0.014198
62,76,0.014152
61,89,0.014145
8,54,0.014132
18,61,0.014113
87,100,0.014100
2,9,0.014066
63,73,0.014019
69,82,0.014016
20,95,0.013981
12,57,0.013979
48,96,0.013966
14,82,0.013944
51,100,0.013915
21,83,0.013900
77,79,0.013888
53,65,0.013881
3,60,0.013854
66,72,0.013802
35,60,0.013782
90,92,0.013734
41,44,0.013724
64,91,0.013675
1,8,0.013566
64,83,0.013532
27,39,0.013502
2,10,0.013501
28,41,0.013489
4,99,0.013476
8,13,0.013445
14,90,0.013432
33,49,0.013407
3,9,0.013380
21,85,0.013376
12,58,0.013366
57,69,0.013358
25,92,0.013296
60,76,0.013266
42,74,0.013252
50,77,0.013247
12,59,0.013175
18,50,0.013159
91,98,0.013149
18,78,0.013139
78,80,0.013119
72,86,0.013105
6,12,0.013089
47,57,0.013064
2,103,0.013047
6,69,0.013004
56,77,0.012999
19,54,0.012996
46,89,0.012981
26,48,0.012972
1,9,0.012925
80,84,0.012920
87,102,0.012888
19,66,0.012880
37,48,0.012812
85,102,0.012792
6,54,0.012783
25,41,0.012762
35,90,0.012735
3,85,0.012731
72,90,0.012654
17,99,0.012630
26,27,0.012597
45,88,0.012577
19,24,0.012480
20,31,0.012446
26,65,0.012398
63,101,0.012363
13,59,0.012274
18,80,0.012256
54,82,0.012253
22,95,0.012251
3,102,0.012245
19,94,0.012207
12,101,0.012083
5,29,0.012055
26,102,0.012048
88,98,0.012040
4,12,0.012036
20,98,0.011993
78,83,0.011955
1,74,0.011935
15,58,0.011920
39,87,0.011910
2,56,0.011892
61,93,0.011847
45,74,0.011835
18,54,0.011801
67,80,0.011800
20,28,0.011780
66,87,0.011752
40,51,0.011744
84,92,0.011743
14,55,0.011743
25,55,0.011734
2,97,0.011722
69,87,0.011721
10,98,0.011707
20,94,0.011647
12,102,0.011643
47,54,0.011637
39,71,0.011562
9,68,0.011547
45,54,0.011533
88,103,0.011479
17,56,0.011475
29,47,0.011458
1,43,0.011435
33,75,0.011421
54,97,0.011405
19,26,0.011378
30,85,0.011360
62,80,0.011359
61,69,0.011312
2,24,0.011306
63,86,0.011254
51,101,0.011249
34,58,0.011248
4,21,0.011223
21,57,0.011205
14,46,0.011197
85,103,0.011191
21,71,0.011136
57,84,0.011123
2,81,0.011080
69,96,0.011075
73,87,0.011074
3,100,0.011070
5,57,0.011059
69,88,0.011052
10,95,0.011011
41,60,0.010982
3,62,0.010930
26,69,0.010836
13,81,0.010832
66,95,0.010789
53,102,0.010750
6,25,0.010748
19,80,0.010678
69,101,0.010659
5,30,0.010644
15,64,0.010631
30,36,0.010591
50,60,0.010575
41,102,0.010566
78,93,0.010538
33,77,0.010538
54,63,0.010537
3,83,0.010534
1,75,0.010514
12,82,0.010460
6,21,0.010445
63,69,0.010442
38,40,0.010430
7,80,0.010428
92,98,0.010424
11,70,0.010398
66,98,0.010394
34,99,0.010332
41,78,0.010309
90,97,0.010289
34,54,0.010286
82,88,0.010204
20,57,0.010162
88,102,0.010129
76,84,0.010097
25,34,0.010092
10,93,0.010056
60,97,0.010030
6,13,0.009977
13,65,0.009936
8,49,0.009930
17,96,0.009895
26,50,0.009868
22,31,0.009852
7,84,0.009839
11,95,0.009818
37,44,0.009814
45,70,0.009777
2,99,0.009765
53,103,0.009763
27,34,0.009761
41,74,0.009745
85,87,0.009740
81,102,0.009735
72,80,0.009717
19,62,0.009716
55,73,0.009660
13,39,0.009659
17,65,0.009647
57,71,0.009601
63,96,0.009581
14,32,0.009576
23,59,0.009571
22,54,0.009550
61,103,0.009540
82,85,0.009466
7,60,0.009417
4,19,0.009411
9,30,0.009401
2,11,0.009335
59,99,0.009317
86,103,0.009311
22,64,0.009267
30,53,0.009244
10,80,0.009226
30,63,0.009185
16,94,0.009182
39,44,0.009160
74,85,0.009149
32,78,0.009134
23,95,0.009128
20,26,0.009111
60,90,0.009080
31,63,0.009035
12,41,0.009006
29,66,0.008983
21,34,0.008947
73,98,0.008933
93,101,0.008920
6,55,0.008919
31,53,0.008891
17,34,0.008888
33,91,0.008867
4,20,0.008849
46,54,0.008823
7,13,0.008787
30,82,0.008747
29,92,0.008730
43,58,0.008717
35,63,0.008674
47,63,0.008671
7,33,0.008668
38,54,0.008660
6,41,0.008656
7,98,0.008615
42,78,0.008596
41,99,0.008590
24,102,0.008562
10,102,0.008552
42,50,0.008544
1,46,0.008533
12,98,0.008481
26,55,0.008460
60,78,0.008450
35,44,0.008434
81,98,0.008430
32,62,0.008355
61,70,0.008297
69,99,0.008297
46,66,0.008285
31,39,0.008151
33,76,0.008149
18,76,0.008134
31,100,0.008124
99,103,0.008104
5,65,0.008094
20,53,0.008087
67,71,0.008082
49,56,0.008074
47,60,0.008051
15,29,0.008004
91,93,0.007999
11,61,0.007994
59,90,0.007970
46,85,0.007939
59,94,0.007937
86,102,0.007922
54,98,0.007920
32,54,0.007899
15,22,0.007880
17,90,0.007844
54,57,0.007825
10,18,0.007822
61,80,0.007806
6,68,0.007774
17,33,0.007731
66,93,0.007709
8,65,0.007706
67,94,0.007691
15,48,0.007684
84,86,0.007678
23,87,0.007670
10,65,0.007665
32,94,0.007636
3,19,0.007609
1,89,0.007604
5,100,0.007601
15,47,0.007578
69,98,0.007546
23,86,0.007499
66,74,0.007486
43,103,0.007476
40,89,0.007466
20,81,0.007464
16,72,0.007453
14,31,0.007453
5,13,0.007444
6,101,0.007438
57,95,0.007416
1,11,0.007407
60,98,0.007406
36,85,0.007401
12,75,0.007398
2,14,0.007388
60,69,0.007379
47,66,0.007379
47,101,0.007371
7,42,0.007362
1,79,0.007343
41,62,0.007334
40,42,0.007253
30,88,0.007252
2,60,0.007249
50,65,0.007219
49,74,0.007219
42,98,0.007218
75,82,0.007188
10,70,0.007163
20,77,0.007136
14,38,0.007093
48,72,0.007059
80,89,0.007032
77,93,0.007018
4,56,0.006994
29,38,0.006983
24,83,0.006956
47,82,0.006904
50,101,0.006896
8,43,0.006820
74,103,0.006820
1,103,0.006809
25,71,0.006806
4,35,0.006796
60,65,0.006774
57,94,0.006728
9,22,0.006694
46,74,0.006675
61,96,0.006650
55,75,0.006639
34,49,0.006634
2,52,0.006627
43,71,0.006624
70,103,0.006608
69,91,0.006557
61,87,0.006550
6,16,0.006490
48,55,0.006489
1,60,0.006439
10,57,0.006424
66,71,0.006383
97,103,0.006326
18,24,0.006230
26,90,0.006208
3,15,0.006208
6,17,0.006200
15,21,0.006190
18,87,0.006189
49,80,0.006188
39,45,0.006130
33,103,0.006128
20,99,0.006111
57,75,0.006102
62,64,0.006091
85,98,0.006075
10,25,0.006072
31,83,0.006042
42,76,0.006017
29,63,0.006013
56,73,0.006010
51,52,0.006005
63,91,0.005979
1,41,0.005956
17,51,0.005952
6,52,0.005939
44,103,0.005922
42,101,0.005919
26,61,0.005871
17,68,0.005848
5,54,0.005826
7,103,0.005825
3,38,0.005819
2,64,0.005798
2,82,0.005780
42,85,0.005748
60,95,0.005745
16,54,0.005731
1,6,0.005721
11,41,0.005706
42,88,0.005695
2,67,0.005691
38,60,0.005679
42,56,0.005667
51,89,0.005653
73,101,0.005649
53,91,0.005628
31,102,0.005625
49,55,0.005609
5,96,0.005581
22,102,0.005580
26,87,0.005572
54,92,0.005565
21,37,0.005564
7,18,0.005547
53,81,0.005541
55,66,0.005541
21,61,0.005525
20,32,0.005518
2,54,0.005506
20,59,0.005451
24,72,0.005447
62,82,0.005432
32,92,0.005413
28,38,0.005400
62,97,0.005398
46,51,0.005390
54,83,0.005382
23,48,0.005341
84,96,0.005316
64,98,0.005291
32,63,0.005276
9,65,0.005275
81,85,0.005261
12,65,0.005240
22,38,0.005232
28,85,0.005213
36,41,0.005205
18,42,0.005202
13,63,0.005197
6,63,0.005197
51,84,0.005151
4,15,0.005148
5,94,0.005111
4,94,0.005109
2,43,0.005109
75,81,0.005082
23,66,0.005073
7,69,0.005068
24,92,0.005030
39,73,0.004992
67,79,0.004975
11,55,0.004938
51,83,0.004925
5,31,0.004895
2,92,0.004863
9,26,0.004856
41,47,0.004853
34,44,0.004823
11,40,0.004761
2,15,0.004751
3,54,0.004731
93,102,0.004728
9,66,0.004696
11,84,0.004684
3,29,0.004654
12,96,0.004640
17,84,0.004635
29,40,0.004634
59,102,0.004615
80,101,0.004612
24,39,0.004612
3,42,0.004605
31,60,0.004604
30,94,0.004600
10,51,0.004593
7,85,0.004587
6,97,0.004565
53,62,0.004510
11,35,0.004507
12,103,0.004502
2,98,0.004481
65,98,0.004478
6,102,0.004445
12,67,0.004423
44,72,0.004421
9,103,0.004410
6,103,0.004402
35,59,0.004375
1,92,0.004350
88,90,0.004316
1,12,0.004295
13,46,0.004287
74,98,0.004283
77,98,0.004283
16,98,0.004235
92,100,0.004235
38,50,0.004221
18,38,0.004202
9,91,0.004199
53,55,0.004151
24,25,0.004127
40,66,0.004111
3,13,0.004105
4,22,0.004051
1,15,0.003997
41,101,0.003981
58,82,0.003918
17,55,0.003898
10,77,0.003890
34,83,0.003875
54,84,0.003864
18,59,0.003841
60,92,0.003825
55,102,0.003824
48,67,0.003769
2,55,0.003749
66,101,0.003652
30,51,0.003630
46,88,0.003619
2,20,0.003567
17,61,0.003556
65,70,0.003548
61,91,0.003515
23,44,0.003489
39,84,0.003489
3,90,0.003473
41,54,0.003452
72,77,0.003439
19,103,0.003431
13,53,0.003423
36,102,0.003387
73,89,0.003384
6,39,0.003375
5,55,0.003332
36,94,0.003327
29,79,0.003307
53,92,0.003297
64,88,0.003293
33,59,0.003284
22,87,0.003269
89,91,0.003268
82,94,0.003264
19,83,0.003244
9,57,0.003209
18,60,0.003203
49,79,0.003188
38,72,0.003162
1,54,0.003158
31,95,0.003148
12,48,0.003136
60,70,0.003130
51,80,0.003123
15,67,0.003109
73,81,0.003105
64,102,0.003104
15,62,0.003039
3,24,0.003006
8,22,0.002932
91,100,0.002925
12,62,0.002876
26,81,0.002874
2,68,0.002804
17,31,0.002788
23,42,0.002786
93,99,0.002765
45,91,0.002764
63,85,0.002739
8,58,0.002704
20,41,0.002668
74,80,0.002630
38,68,0.002629
22,50,0.002581
8,67,0.002564
7,102,0.002560
3,64,0.002556
3,97,0.002545
92,103,0.002534
38,87,0.002524
13,99,0.002523
8,20,0.002515
3,103,0.002512
4,73,0.002491
21,75,0.002484
32,98,0.002477
66,80,0.002474
18,90,0.002455
21,45,0.002448
20,90,0.002432
55,67,0.002431
53,82,0.002406
50,61,0.002387
11,57,0.002381
58,89,0.002380
50,86,0.002347
61,97,0.002333
23,81,0.002271
22,28,0.002259
10,53,0.002244
57,83,0.002243
15,98,0.002240
52,69,0.002222
19,31,0.002206
32,83,0.002201
58,74,0.002195
43,101,0.002159
21,26,0.002154
90,103,0.002147
77,101,0.002118
13,76,0.002035
28,89,0.002006
2,16,0.001957
24,63,0.001933
3,95,0.001884
61,84,0.001870
56,81,0.001863
47,80,0.001856
65,82,0.001854
38,101,0.001832
25,28,0.001811
44,79,0.001810
20,61,0.001800
1,85,0.001794
54,103,0.001770
10,82,0.001756
2,49,0.001711
66,102,0.001628
71,101,0.001625
56,61,0.001581
7,63,0.001574
79,84,0.001551
66,78,0.001537
49,103,0.001530
4,29,0.001504
3,59,0.001487
7,26,0.001472
2,36,0.001468
37,46,0.001459
71,82,0.001443
70,98,0.001443
18,25,0.001355
14,68,0.001302
1,80,0.001288
4,100,0.001281
50,57,0.001266
37,95,0.001251
5,68,0.001243
50,69,0.001215
91,102,0.001210
46,98,0.001176
60,84,0.001113
50,103,0.001111
24,29,0.001092
85,93,0.001063
2,96,0.001055
35,40,0.001027
7,90,0.001020
5,81,0.000988
10,103,0.000975
69,102,0.000974
9,90,0.000960
41,103,0.000949
38,84,0.000929
76,97,0.000897
56,98,0.000891
17,29,0.000867
50,75,0.000862
5,52,0.000844
5,39,0.000841
6,62,0.000820
81,88,0.000806
29,103,0.000804
2,101,0.000799
73,83,0.000797
62,99,0.000717
42,46,0.000715
31,76,0.000685
45,80,0.000654
8,19,0.000644
50,83,0.000627
38,90,0.000611
14,23,0.000606
18,28,0.000546
17,101,0.000524
45,101,0.000519
1,63,0.000510
51,60,0.000501
1,44,0.000494
7,39,0.000494
17,23,0.000491
52,64,0.000485
9,67,0.000475
59,85,0.000475
4,34,0.000437
4,39,0.000425
89,96,0.000416
45,63,0.000383
20,66,0.000373
27,100,0.000359
30,59,0.000339
1,38,0.000320
6,99,0.000300
54,81,0.000289
2,23,0.000265
19,86,0.000263
12,71,0.000261
31,91,0.000248
14,53,0.000226
14,102,0.000205
12,90,0.000182
65,73,0.000171
14,26,0.000165
76,101,0.000147
20,54,0.000136
50,63,0.000124
4,9,0.000078
32,81,0.000068
4,52,0.000066
63,100,0.000064
47,69,0.000057
13,49,0.000031
64,70,0.000020
62,89,-0.000010
10,59,-0.000028
56,101,-0.000040
44,78,-0.000065
1,23,-0.000074
13,55,-0.000088
74,100,-0.000129
3,57,-0.000138
46,70,-0.000169
47,99,-0.000182
6,46,-0.000183
11,101,-0.000184
4,95,-0.000190
26,35,-0.000194
62,103,-0.000201
27,41,-0.000212
14,21,-0.000225
39,66,-0.000272
7,73,-0.000274
9,63,-0.000274
2,21,-0.000282
63,103,-0.000306
81,96,-0.000342
27,102,-0.000346
12,38,-0.000350
19,53,-0.000373
10,33,-0.000373
1,31,-0.000385
9,60,-0.000391
36,58,-0.000391
16,61,-0.000394
8,50,-0.000394
1,65,-0.000409
8,73,-0.000417
11,71,-0.000420
71,89,-0.000429
20,39,-0.000436
22,32,-0.000459
7,99,-0.000475
3,92,-0.000476
49,54,-0.000487
63,102,-0.000497
4,10,-0.000501
43,64,-0.000503
20,83,-0.000523
60,99,-0.000529
70,82,-0.000555
3,81,-0.000575
2,63,-0.000590
13,91,-0.000626
59,98,-0.000640
1,68,-0.000653
58,70,-0.000674
21,70,-0.000680
38,62,-0.000715
16,33,-0.000731
7,25,-0.000774
23,98,-0.000782
8,94,-0.000796
23,65,-0.000809
13,24,-0.000856
15,65,-0.000869
2,58,-0.000884
4,42,-0.000905
54,73,-0.000909
85,97,-0.000923
75,80,-0.000924
6,31,-0.000925
16,35,-0.000930
16,101,-0.000957
71,78,-0.000977
89,102,-0.000994
67,78,-0.000998
9,38,-0.001009
5,60,-0.001090
4,18,-0.001112
2,26,-0.001150
11,21,-0.001151
49,85,-0.001162
34,82,-0.001163
23,57,-0.001178
61,86,-0.001216
20,42,-0.001224
58,61,-0.001266
62,94,-0.001283
21,31,-0.001302
15,61,-0.001304
12,77,-0.001307
41,91,-0.001322
6,86,-0.001348
19,99,-0.001374
6,91,-0.001460
24,101,-0.001466
25,99,-0.001482
1,20,-0.001488
20,96,-0.001490
9,32,-0.001491
1,27,-0.001504
19,58,-0.001509
21,38,-0.001519
20,93,-0.001528
93,103,-0.001533
8,42,-0.001544
2,87,-0.001562
67,95,-0.001564
86,100,-0.001577
25,97,-0.001640
56,94,-0.001643
39,42,-0.001650
1,56,-0.001652
2,40,-0.001655
89,95,-0.001658
57,65,-0.001675
59,87,-0.001683
4,103,-0.001684
4,24,-0.001703
48,57,-0.001751
23,71,-0.001755
86,101,-0.001813
9,61,-0.001813
1,95,-0.001859
67,73,-0.001862
42,91,-0.001864
9,46,-0.001866
43,53,-0.001868
24,45,-0.001910
69,100,-0.001918
19,75,-0.001924
20,45,-0.001934
8,69,-0.001937
56,84,-0.001951
32,51,-0.001953
51,68,-0.001992
60,85,-0.002005
6,44,-0.002013
1,78,-0.002027
49,65,-0.002056
22,69,-0.002057
1,40,-0.002113
45,86,-0.002138
76,82,-0.002153
48,61,-0.002177
34,66,-0.002201
26,84,-0.002236
43,49,-0.002256
51,102,-0.002259
18,62,-0.002263
17,86,-0.002274
14,54,-0.002278
1,14,-0.002289
67,96,-0.002324
17,88,-0.002333
39,97,-0.002347
55,91,-0.002383
5,59,-0.002426
58,62,-0.002431
83,100,-0.002433
21,41,-0.002463
60,101,-0.002464
2,78,-0.002489
17,28,-0.002493
12,87,-0.002503
25,91,-0.002507
27,35,-0.002537
77,97,-0.002548
7,79,-0.002563
80,91,-0.002568
13,85,-0.002577
53,89,-0.002620
13,92,-0.002639
15,27,-0.002698
4,67,-0.002711
1,94,-0.002776
50,91,-0.002851
59,81,-0.002856
73,78,-0.002860
55,68,-0.002881
7,19,-0.002883
46,84,-0.002890
51,85,-0.002894
42,55,-0.002899
34,103,-0.002905
6,73,-0.002914
60,103,-0.002922
17,26,-0.003038
6,47,-0.003046
13,98,-0.003050
24,68,-0.003075
5,64,-0.003086
4,53,-0.003096
9,100,-0.003100
11,66,-0.003104
22,55,-0.003104
47,85,-0.003119
42,94,-0.003135
76,77,-0.003143
1,96,-0.003155
34,42,-0.003171
62,102,-0.003171
19,97,-0.003204
4,33,-0.003209
75,87,-0.003223
34,53,-0.003295
42,47,-0.003318
6,28,-0.003323
38,98,-0.003326
10,19,-0.003331
5,69,-0.003332
25,82,-0.003359
2,59,-0.003363
1,59,-0.003374
17,53,-0.003379
27,85,-0.003381
26,59,-0.003423
59,95,-0.003430
33,84,-0.003447
26,62,-0.003461
1,19,-0.003472
19,98,-0.003497
73,80,-0.003533
14,62,-0.003536
18,26,-0.003557
59,73,-0.003559
24,98,-0.003571
1,61,-0.003578
1,13,-0.003630
31,88,-0.003652
47,103,-0.003655
82,99,-0.003668
57,99,-0.003671
51,58,-0.003685
17,57,-0.003721
44,53,-0.003749
52,91,-0.003764
39,63,-0.003787
2,38,-0.003794
76,92,-0.003798
35,69,-0.003809
45,103,-0.003813
1,98,-0.003838
39,47,-0.003838
25,101,-0.003845
29,50,-0.003857
19,59,-0.003888
15,95,-0.003904
80,103,-0.003926
58,94,-0.003949
8,55,-0.003951
35,66,-0.003988
2,74,-0.003999
35,103,-0.004013
38,77,-0.004046
5,62,-0.004047
18,93,-0.004048
87,103,-0.004049
82,103,-0.004052
31,101,-0.004053
27,71,-0.004060
39,102,-0.004078
8,102,-0.004079
76,103,-0.004080
25,90,-0.004128
1,101,-0.004148
8,32,-0.004236
41,93,-0.004296
5,103,-0.004312
59,84,-0.004323
5,51,-0.004325
72,102,-0.004379
55,58,-0.004393
70,102,-0.004397
1,25,-0.004411
2,71,-0.004441
17,80,-0.004447
6,64,-0.004504
1,45,-0.004507
63,68,-0.004513
48,95,-0.004516
66,84,-0.004528
52,103,-0.004545
43,93,-0.004563
11,50,-0.004565
57,97,-0.004568
50,72,-0.004571
21,99,-0.004576
57,82,-0.004580
74,90,-0.004588
1,28,-0.004590
27,81,-0.004613
2,44,-0.004619
7,100,-0.004634
44,73,-0.004644
14,47,-0.004666
15,38,-0.004671
74,102,-0.004693
32,42,-0.004718
88,101,-0.004735
3,61,-0.004741
12,100,-0.004754
2,17,-0.004764
2,28,-0.004768
30,42,-0.004794
8,100,-0.004809
12,36,-0.004818
5,38,-0.004857
9,95,-0.004888
9,87,-0.004912
54,90,-0.004917
45,93,-0.004925
1,52,-0.004931
22,73,-0.004982
2,34,-0.004990
40,103,-0.004995
4,62,-0.005005
42,87,-0.005016
65,67,-0.005019
29,83,-0.005029
47,84,-0.005032
20,34,-0.005054
21,56,-0.005058
1,102,-0.005066
26,101,-0.005082
2,91,-0.005093
2,32,-0.005094
28,103,-0.005146
51,70,-0.005158
21,103,-0.005162
18,46,-0.005165
31,90,-0.005177
73,79,-0.005182
1,48,-0.005189
67,89,-0.005225
9,81,-0.005229
10,87,-0.005231
91,103,-0.005231
41,48,-0.005254
20,65,-0.005264
65,83,-0.005290
87,92,-0.005292
51,56,-0.005301
47,90,-0.005311
5,42,-0.005318
2,70,-0.005354
78,88,-0.005356
41,81,-0.005360
28,92,-0.005369
1,47,-0.005374
61,82,-0.005391
2,94,-0.005424
20,55,-0.005437
38,94,-0.005437
67,101,-0.005440
84,102,-0.005442
47,83,-0.005443
31,56,-0.005443
1,26,-0.005444
3,39,-0.005455
15,103,-0.005455
12,84,-0.005482
33,48,-0.005515
3,47,-0.005517
41,50,-0.005522
20,62,-0.005524
46,47,-0.005527
12,94,-0.005535
62,68,-0.005545
2,31,-0.005558
39,55,-0.005562
57,81,-0.005592
3,27,-0.005597
20,25,-0.005614
5,95,-0.005626
10,94,-0.005634
3,51,-0.005655
21,60,-0.005706
57,88,-0.005715
34,87,-0.005719
2,77,-0.005743
3,56,-0.005793
47,65,-0.005795
85,86,-0.005801
2,100,-0.005803
1,88,-0.005821
51,95,-0.005824
31,81,-0.005828
55,77,-0.005829
26,100,-0.005836
9,62,-0.005870
14,98,-0.005871
2,53,-0.005883
19,37,-0.005907
15,56,-0.005922
4,54,-0.005935
9,84,-0.005952
88,94,-0.005980
13,41,-0.005988
63,95,-0.005991
11,49,-0.005997
55,92,-0.006035
35,82,-0.006050
56,86,-0.006072
1,82,-0.006084
87,101,-0.006087
75,83,-0.006089
83,103,-0.006097
12,28,-0.006113
70,75,-0.006157
19,61,-0.006174
63,81,-0.006186
10,31,-0.006207
63,76,-0.006212
15,53,-0.006215
28,61,-0.006222
86,98,-0.006234
2,48,-0.006250
13,32,-0.006250
49,75,-0.006251
62,67,-0.006261
18,66,-0.006269
40,94,-0.006272
26,103,-0.006278
10,32,-0.006308
1,57,-0.006314
13,100,-0.006322
4,93,-0.006326
43,48,-0.006332
4,77,-0.006340
48,81,-0.006377
55,93,-0.006421
25,51,-0.006423
46,78,-0.006443
32,91,-0.006449
77,100,-0.006460
2,62,-0.006476
4,101,-0.006480
16,75,-0.006530
48,100,-0.006536
15,90,-0.006542
7,52,-0.006549
41,46,-0.006555
30,77,-0.006580
54,102,-0.006605
84,99,-0.006616
2,102,-0.006632
11,87,-0.006678
58,73,-0.006685
16,31,-0.006694
16,68,-0.006723
35,48,-0.006734
55,62,-0.006739
11,60,-0.006748
56,83,-0.006755
4,13,-0.006759
1,22,-0.006764
46,55,-0.006793
3,16,-0.006815
8,23,-0.006818
21,27,-0.006836
73,82,-0.006842
4,58,-0.006946
1,29,-0.006957
39,51,-0.006965
88,93,-0.006970
14,77,-0.006972
26,36,-0.007029
83,99,-0.007041
1,21,-0.007046
94,103,-0.007053
29,42,-0.007055
66,103,-0.007078
65,84,-0.007083
45,67,-0.007083
40,52,-0.007087
16,57,-0.007098
32,56,-0.007099
26,30,-0.007109
16,34,-0.007204
64,103,-0.007205
45,81,-0.007215
39,65,-0.007232
11,97,-0.007232
56,66,-0.007238
20,92,-0.007266
14,69,-0.007279
17,30,-0.007280
9,72,-0.007293
76,99,-0.007324
19,50,-0.007345
40,61,-0.007363
72,103,-0.007377
79,103,-0.007386
4,81,-0.007389
64,67,-0.007406
7,20,-0.007439
42,77,-0.007510
37,70,-0.007532
38,46,-0.007533
54,68,-0.007569
1,83,-0.007594
47,64,-0.007595
54,99,-0.007602
1,66,-0.007616
23,54,-0.007642
28,31,-0.007665
16,82,-0.007666
81,103,-0.007680
18,98,-0.007683
42,84,-0.007684
14,42,-0.007689
38,51,-0.007745
44,101,-0.007762
81,101,-0.007768
16,18,-0.007773
48,97,-0.007774
77,92,-0.007775
23,79,-0.007781
23,29,-0.007788
11,54,-0.007799
50,71,-0.007807
15,102,-0.007813
80,87,-0.007815
3,66,-0.007837
23,30,-0.007847
54,93,-0.007847
6,93,-0.007868
89,103,-0.007894
11,59,-0.007911
4,30,-0.007913
10,99,-0.007914
60,91,-0.007931
46,81,-0.007938
3,71,-0.007966
31,50,-0.007973
18,101,-0.007985
4,59,-0.008013
1,50,-0.008031
15,91,-0.008052
7,32,-0.008087
39,52,-0.008089
68,98,-0.008100
7,24,-0.008101
42,99,-0.008109
56,68,-0.008121
24,100,-0.008124
79,90,-0.008145
30,39,-0.008178
15,25,-0.008211
1,86,-0.008224
26,42,-0.008224
69,103,-0.008253
7,35,-0.008286
10,76,-0.008287
25,81,-0.008289
53,94,-0.008290
15,42,-0.008306
16,59,-0.008357
32,48,-0.008364
45,62,-0.008378
53,84,-0.008387
56,103,-0.008418
5,53,-0.008462
53,68,-0.008466
4,31,-0.008477
65,94,-0.008489
80,94,-0.008501
51,91,-0.008516
23,31,-0.008534
38,80,-0.008536
73,102,-0.008542
18,102,-0.008542
65,103,-0.008598
6,84,-0.008602
84,100,-0.008620
21,29,-0.008625
56,59,-0.008662
1,100,-0.008682
39,46,-0.008693
19,95,-0.008694
58,76,-0.008713
42,81,-0.008766
43,92,-0.008775
55,79,-0.008783
22,42,-0.008795
13,68,-0.008813
30,103,-0.008831
1,35,-0.008851
49,84,-0.008853
67,81,-0.008863
15,60,-0.008868
22,86,-0.008881
1,70,-0.008904
7,23,-0.008910
21,67,-0.008964
48,58,-0.008991
77,91,-0.008998
18,97,-0.009043
24,60,-0.009051
12,25,-0.009066
63,90,-0.009080
11,89,-0.009113
10,101,-0.009118
49,97,-0.009135
1,39,-0.009170
41,76,-0.009175
44,77,-0.009218
5,37,-0.009230
61,88,-0.009237
20,64,-0.009253
2,41,-0.009256
13,101,-0.009281
16,62,-0.009296
40,73,-0.009308
26,34,-0.009311
59,65,-0.009325
13,35,-0.009326
29,62,-0.009341
34,101,-0.009361
56,90,-0.009363
27,103,-0.009363
62,86,-0.009374
5,80,-0.009379
1,91,-0.009434
3,20,-0.009435
2,27,-0.009436
6,60,-0.009437
40,98,-0.009466
10,38,-0.009488
33,44,-0.009492
24,59,-0.009497
6,92,-0.009497
19,48,-0.009549
38,55,-0.009602
10,83,-0.009619
25,57,-0.009623
69,92,-0.009633
20,30,-0.009657
5,46,-0.009668
14,91,-0.009673
51,74,-0.009678
8,101,-0.009686
34,51,-0.009687
5,73,-0.009760
27,83,-0.009761
36,71,-0.009762
31,52,-0.009774
77,78,-0.009809
57,77,-0.009836
44,102,-0.009846
7,95,-0.009852
41,100,-0.009854
13,103,-0.009877
57,102,-0.009889
1,55,-0.009897
63,65,-0.009940
39,81,-0.009948
3,31,-0.009948
46,83,-0.009969
17,69,-0.009976
39,95,-0.010000
11,77,-0.010017
24,35,-0.010040
41,98,-0.010060
42,45,-0.010066
16,52,-0.010070
1,16,-0.010079
16,30,-0.010092
5,50,-0.010093
64,77,-0.010094
63,98,-0.010099
54,88,-0.010102
40,80,-0.010105
27,82,-0.010108
77,99,-0.010112
7,82,-0.010127
16,51,-0.010138
3,94,-0.010142
17,60,-0.010166
29,64,-0.010175
27,78,-0.010200
6,26,-0.010206
68,103,-0.010210
2,51,-0.010287
3,80,-0.010291
4,102,-0.010313
60,93,-0.010320
90,91,-0.010323
4,82,-0.010327
70,94,-0.010331
39,74,-0.010338
55,101,-0.010358
17,41,-0.010371
63,82,-0.010371
52,101,-0.010388
6,78,-0.010403
66,99,-0.010407
12,60,-0.010416
9,25,-0.010429
68,82,-0.010440
62,74,-0.010460
21,100,-0.010484
1,69,-0.010499
65,89,-0.010503
78,103,-0.010531
37,94,-0.010537
2,89,-0.010539
41,73,-0.010540
16,103,-0.010569
55,99,-0.010574
64,80,-0.010577
53,63,-0.010598
11,98,-0.010606
16,22,-0.010617
7,29,-0.010648
46,63,-0.010653
3,22,-0.010667
22,103,-0.010680
3,44,-0.010693
17,103,-0.010713
28,46,-0.010738
32,57,-0.010759
27,32,-0.010773
10,71,-0.010775
40,71,-0.010783
57,91,-0.010808
2,72,-0.010813
1,7,-0.010818
25,62,-0.010843
71,77,-0.010851
58,96,-0.010890
53,80,-0.010907
50,95,-0.010915
49,57,-0.010920
86,97,-0.010925
18,64,-0.010940
15,30,-0.010954
42,103,-0.010975
89,101,-0.010984
4,79,-0.010988
45,52,-0.010988
20,63,-0.010993
1,18,-0.010994
48,99,-0.010994
67,83,-0.011001
30,99,-0.011018
38,58,-0.011023
39,72,-0.011052
59,79,-0.011052
86,96,-0.011063
57,87,-0.011146
18,86,-0.011155
22,59,-0.011163
17,47,-0.011179
22,34,-0.011187
2,18,-0.011190
77,84,-0.011195
3,32,-0.011196
26,94,-0.011207
9,101,-0.011230
18,77,-0.011266
56,92,-0.011279
41,84,-0.011287
17,81,-0.011289
4,89,-0.011297
3,46,-0.011325
19,100,-0.011338
25,60,-0.011345
22,65,-0.011345
41,51,-0.011386
42,68,-0.011398
32,76,-0.011403
9,92,-0.011413
26,76,-0.011441
33,45,-0.011474
24,41,-0.011483
52,61,-0.011494
19,56,-0.011499
2,42,-0.011522
2,29,-0.011539
4,45,-0.011541
27,96,-0.011560
36,82,-0.011584
37,81,-0.011590
38,85,-0.011592
25,85,-0.011629
38,79,-0.011637
62,75,-0.011641
33,87,-0.011643
10,60,-0.011671
42,80,-0.011678
72,91,-0.011688
40,59,-0.011716
64,97,-0.011721
3,84,-0.011721
27,65,-0.011724
10,97,-0.011731
71,97,-0.011732
37,83,-0.011739
13,38,-0.011793
95,103,-0.011807
53,98,-0.011814
54,100,-0.011822
17,59,-0.011865
4,55,-0.011896
59,103,-0.011935
15,50,-0.011975
24,32,-0.011982
11,30,-0.011989
26,92,-0.011997
34,74,-0.011998
8,81,-0.011999
24,64,-0.012017
9,16,-0.012026
45,84,-0.012040
19,90,-0.012043
7,87,-0.012069
48,101,-0.012074
59,82,-0.012075
45,50,-0.012078
8,25,-0.012079
34,75,-0.012091
62,92,-0.012110
21,62,-0.012127
50,84,-0.012135
4,26,-0.012139
50,73,-0.012154
37,90,-0.012159
26,85,-0.012185
30,41,-0.012185
84,103,-0.012192
46,102,-0.012203
1,73,-0.012213
1,87,-0.012216
82,102,-0.012243
69,95,-0.012244
3,69,-0.012264
4,64,-0.012286
20,47,-0.012294
5,32,-0.012297
68,70,-0.012297
61,83,-0.012314
47,92,-0.012331
3,30,-0.012334
51,103,-0.012351
33,43,-0.012368
14,49,-0.012384
20,103,-0.012395
65,76,-0.012434
33,89,-0.012443
30,84,-0.012444
2,80,-0.012459
18,47,-0.012460
2,25,-0.012484
50,97,-0.012556
42,61,-0.012561
55,83,-0.012562
74,81,-0.012566
20,69,-0.012581
1,62,-0.012586
34,57,-0.012591
21,87,-0.012599
74,94,-0.012618
14,76,-0.012620
7,62,-0.012633
4,47,-0.012637
5,47,-0.012647
5,87,-0.012647
29,44,-0.012674
38,95,-0.012691
24,97,-0.012691
32,40,-0.012691
59,68,-0.012709
64,95,-0.012713
50,58,-0.012745
40,45,-0.012773
36,48,-0.012808
1,76,-0.012814
4,98,-0.012818
6,67,-0.012825
67,69,-0.012843
76,102,-0.012847
4,63,-0.012849
24,37,-0.012866
32,79,-0.012875
13,57,-0.012889
4,57,-0.012890
60,86,-0.012894
35,74,-0.012899
5,89,-0.012907
14,63,-0.012912
7,51,-0.012945
33,73,-0.012968
11,24,-0.012999
25,61,-0.013014
38,61,-0.013052
14,87,-0.013058
8,17,-0.013073
1,84,-0.013114
5,97,-0.013116
4,96,-0.013120
25,95,-0.013122
23,39,-0.013146
26,39,-0.013193
13,89,-0.013193
6,90,-0.013203
1,99,-0.013211
58,102,-0.013217
17,100,-0.013251
25,87,-0.013297
32,103,-0.013352
61,81,-0.013352
1,93,-0.013374
7,97,-0.013387
29,70,-0.013389
4,80,-0.013403
3,82,-0.013410
35,68,-0.013441
1,32,-0.013444
78,101,-0.013447
47,62,-0.013459
28,83,-0.013466
16,86,-0.013480
6,85,-0.013487
2,57,-0.013490
31,68,-0.013503
51,64,-0.013526
1,10,-0.013535
3,37,-0.013540
58,83,-0.013542
69,70,-0.013543
27,58,-0.013547
10,23,-0.013570
29,101,-0.013623
34,102,-0.013625
14,70,-0.013633
42,82,-0.013645
87,89,-0.013656
40,69,-0.013673
36,100,-0.013700
7,68,-0.013701
31,61,-0.013711
26,83,-0.013720
12,32,-0.013725
34,88,-0.013727
13,88,-0.013752
59,96,-0.013774
14,72,-0.013795
31,82,-0.013798
48,70,-0.013818
35,61,-0.013818
61,75,-0.013829
56,85,-0.013840
56,69,-0.013844
7,21,-0.013866
61,64,-0.013866
9,97,-0.013872
31,79,-0.013925
63,97,-0.013925
89,99,-0.013926
38,103,-0.013927
10,69,-0.013959
43,51,-0.013968
15,37,-0.013970
43,50,-0.013986
90,96,-0.013994
17,75,-0.013996
27,93,-0.014003
29,74,-0.014020
31,73,-0.014031
24,51,-0.014076
27,87,-0.014116
1,51,-0.014126
3,18,-0.014131
27,80,-0.014131
32,70,-0.014145
13,73,-0.014147
18,33,-0.014159
29,55,-0.014165
75,103,-0.014172
4,97,-0.014182
25,35,-0.014216
6,59,-0.014217
65,80,-0.014223
15,23,-0.014229
21,90,-0.014317
13,97,-0.014337
11,76,-0.014337
35,58,-0.014353
11,72,-0.014382
50,76,-0.014382
21,53,-0.014383
49,66,-0.014418
4,44,-0.014437
7,91,-0.014455
37,103,-0.014496
35,53,-0.014499
9,31,-0.014510
80,96,-0.014542
59,83,-0.014562
18,99,-0.014565
23,37,-0.014576
82,96,-0.014578
6,48,-0.014603
63,87,-0.014611
1,81,-0.014614
7,64,-0.014633
11,39,-0.014662
50,89,-0.014664
54,95,-0.014683
19,92,-0.014692
37,66,-0.014700
91,96,-0.014709
81,100,-0.014714
2,73,-0.014727
43,62,-0.014735
38,45,-0.014745
71,87,-0.014746
91,101,-0.014783
42,62,-0.014783
16,99,-0.014798
3,96,-0.014807
13,48,-0.014856
4,40,-0.014869
39,82,-0.014870
19,96,-0.014910
26,91,-0.014928
85,100,-0.014928
47,100,-0.014928
55,80,-0.014932
18,103,-0.014943
79,82,-0.014945
31,99,-0.014950
18,41,-0.014970
3,89,-0.014970
7,83,-0.014976
2,47,-0.014998
12,18,-0.015003
82,92,-0.015008
14,103,-0.015014
3,53,-0.015029
23,77,-0.015035
31,64,-0.015042
73,88,-0.015055
29,80,-0.015071
32,61,-0.015091
39,49,-0.015112
15,57,-0.015121
15,39,-0.015131
13,60,-0.015134
6,30,-0.015142
31,78,-0.015143
3,55,-0.015212
2,75,-0.015219
2,69,-0.015245
46,96,-0.015257
37,55,-0.015267
9,77,-0.015342
14,100,-0.015347
69,80,-0.015352
9,35,-0.015356
67,100,-0.015357
15,101,-0.015385
28,32,-0.015402
55,64,-0.015443
72,101,-0.015447
13,83,-0.015463
77,90,-0.015492
1,97,-0.015546
38,93,-0.015570
12,26,-0.015575
19,38,-0.015579
69,86,-0.015604
16,38,-0.015627
59,97,-0.015655
64,90,-0.015671
13,75,-0.015688
22,76,-0.015710
32,102,-0.015717
10,45,-0.015719
10,37,-0.015764
11,85,-0.015768
76,83,-0.015769
4,25,-0.015773
39,50,-0.015800
79,92,-0.015809
92,99,-0.015866
3,45,-0.015895
5,18,-0.015922
57,67,-0.015938
5,70,-0.015942
37,91,-0.015949
4,14,-0.015956
9,24,-0.015978
48,93,-0.015990
72,98,-0.016040
25,32,-0.016049
25,39,-0.016064
19,68,-0.016074
74,101,-0.016090
52,75,-0.016108
45,85,-0.016117
16,23,-0.016162
8,39,-0.016166
65,74,-0.016189
46,97,-0.016189
8,59,-0.016220
33,42,-0.016235
18,52,-0.016240
14,61,-0.016265
3,48,-0.016269
4,65,-0.016329
9,39,-0.016343
30,54,-0.016372
21,94,-0.016382
21,24,-0.016388
14,27,-0.016389
27,89,-0.016398
62,100,-0.016428
43,96,-0.016433
39,56,-0.016434
56,76,-0.016463
63,89,-0.016484
48,103,-0.016489
68,77,-0.016492
38,69,-0.016501
38,89,-0.016502
33,68,-0.016509
20,48,-0.016514
77,88,-0.016520
16,58,-0.016522
12,70,-0.016524
76,85,-0.016545
2,66,-0.016561
17,91,-0.016569
5,41,-0.016575
11,94,-0.016578
23,27,-0.016587
18,53,-0.016598
51,79,-0.016602
4,66,-0.016607
42,95,-0.016619
30,60,-0.016629
56,88,-0.016630
25,56,-0.016664
48,77,-0.016666
40,101,-0.016672
4,46,-0.016675
84,93,-0.016690
6,65,-0.016736
16,84,-0.016765
16,60,-0.016767
39,57,-0.016776
61,66,-0.016778
57,90,-0.016783
29,69,-0.016807
4,87,-0.016808
78,100,-0.016822
35,77,-0.016826
64,94,-0.016841
23,40,-0.016851
37,59,-0.016854
10,34,-0.016867
30,61,-0.016931
81,95,-0.016931
11,23,-0.016942
3,25,-0.016947
18,69,-0.016974
24,38,-0.016974
57,101,-0.016990
6,71,-0.017007
34,92,-0.017025
58,79,-0.017036
54,69,-0.017064
84,97,-0.017069
57,103,-0.017089
2,35,-0.017099
58,101,-0.017136
33,61,-0.017173
38,70,-0.017181
36,53,-0.017234
8,82,-0.017243
26,64,-0.017270
42,100,-0.017273
46,64,-0.017288
3,73,-0.017309
6,20,-0.017314
11,19,-0.017326
29,84,-0.017329
5,22,-0.017356
10,61,-0.017373
34,56,-0.017377
9,80,-0.017387
47,58,-0.017388
46,76,-0.017504
63,75,-0.017535
85,101,-0.017545
13,36,-0.017548
10,91,-0.017557
38,48,-0.017602
39,68,-0.017617
55,97,-0.017634
2,95,-0.017656
16,90,-0.017666
6,53,-0.017689
7,47,-0.017698
21,84,-0.017702
7,86,-0.017733
43,66,-0.017752
68,93,-0.017760
10,29,-0.017771
39,64,-0.017802
2,88,-0.017802
9,43,-0.017809
59,67,-0.017838
39,93,-0.017847
4,36,-0.017850
12,55,-0.017859
40,67,-0.017940
3,76,-0.017941
14,80,-0.017979
3,35,-0.017984
56,78,-0.018031
3,68,-0.018035
32,72,-0.018053
73,103,-0.018063
5,35,-0.018075
2,93,-0.018079
29,95,-0.018102
72,85,-0.018110
17,76,-0.018112
31,103,-0.018122
7,48,-0.018122
45,94,-0.018126
2,65,-0.018132
6,75,-0.018143
11,33,-0.018147
75,91,-0.018150
11,26,-0.018168
4,50,-0.018172
41,61,-0.018180
17,97,-0.018193
69,81,-0.018206
17,92,-0.018214
30,83,-0.018235
10,78,-0.018241
11,65,-0.018250
5,26,-0.018277
57,98,-0.018285
74,93,-0.018292
65,75,-0.018321
25,31,-0.018325
65,88,-0.018340
1,90,-0.018361
38,81,-0.018371
60,75,-0.018372
10,88,-0.018383
1,30,-0.018398
1,42,-0.018407
32,84,-0.018422
10,24,-0.018434
5,90,-0.018438
31,62,-0.018443
2,33,-0.018475
3,70,-0.018475
54,101,-0.018511
3,33,-0.018540
3,23,-0.018541
10,100,-0.018545
83,94,-0.018546
16,102,-0.018564
35,81,-0.018568
25,94,-0.018608
71,92,-0.018623
42,90,-0.018627
42,48,-0.018639
65,90,-0.018668
53,69,-0.018693
71,93,-0.018696
12,47,-0.018714
25,83,-0.018720
20,101,-0.018722
18,51,-0.018742
43,82,-0.018747
58,69,-0.018748
9,82,-0.018759
21,91,-0.018830
2,84,-0.018831
4,74,-0.018847
14,60,-0.018886
9,102,-0.018907
64,89,-0.018925
51,96,-0.018930
19,102,-0.018940
30,66,-0.018944
32,96,-0.018973
55,72,-0.018990
35,47,-0.019000
58,65,-0.019023
71,96,-0.019028
47,79,-0.019048
15,26,-0.019077
15,73,-0.019080
39,67,-0.019081
5,61,-0.019132
62,101,-0.019139
17,73,-0.019160
19,89,-0.019175
48,50,-0.019218
42,58,-0.019226
25,66,-0.019282
29,102,-0.019289
29,86,-0.019313
19,93,-0.019341
50,68,-0.019344
19,55,-0.019362
76,91,-0.019374
30,75,-0.019388
28,49,-0.019390
24,33,-0.019401
62,70,-0.019405
12,74,-0.019424
5,27,-0.019430
52,71,-0.019463
37,56,-0.019471
18,100,-0.019473
42,97,-0.019480
12,68,-0.019518
57,86,-0.019531
45,102,-0.019548
70,101,-0.019551
68,97,-0.019553
26,52,-0.019586
5,25,-0.019588
6,100,-0.019590
52,92,-0.019599
17,70,-0.019600
68,86,-0.019632
20,75,-0.019660
27,55,-0.019705
12,76,-0.019712
24,85,-0.019725
39,59,-0.019731
5,23,-0.019733
36,83,-0.019741
30,95,-0.019743
50,93,-0.019779
11,56,-0.019782
24,52,-0.019788
48,60,-0.019810
71,103,-0.019843
33,67,-0.019849
38,99,-0.019879
68,87,-0.019883
19,85,-0.019913
25,103,-0.019923
39,98,-0.019927
21,96,-0.019949
35,98,-0.019967
44,60,-0.020059
2,76,-0.020115
5,66,-0.020162
5,76,-0.020176
30,87,-0.020180
41,89,-0.020182
11,86,-0.020250
30,91,-0.020261
11,63,-0.020280
6,81,-0.020307
73,97,-0.020338
17,78,-0.020353
2,85,-0.020365
22,56,-0.020397
59,86,-0.020408
13,26,-0.020428
27,99,-0.020434
3,78,-0.020456
62,78,-0.020478
26,28,-0.020516
43,77,-0.020529
32,55,-0.020539
70,85,-0.020555
30,101,-0.020618
26,70,-0.020625
80,90,-0.020633
12,27,-0.020642
40,56,-0.020681
6,66,-0.020685
10,96,-0.020687
35,76,-0.020714
13,43,-0.020726
61,94,-0.020780
7,54,-0.020799
49,60,-0.020808
35,45,-0.020840
29,54,-0.020842
65,95,-0.020843
77,82,-0.020878
53,77,-0.020914
22,62,-0.020919
61,68,-0.020923
40,99,-0.020928
23,38,-0.020966
23,55,-0.020972
46,99,-0.020976
9,23,-0.020979
15,59,-0.020996
67,90,-0.021030
42,89,-0.021054
10,85,-0.021070
1,77,-0.021098
23,90,-0.021116
47,59,-0.021119
37,102,-0.021125
24,34,-0.021166
14,86,-0.021219
39,103,-0.021220
8,63,-0.021253
8,21,-0.021256
6,95,-0.021276
41,56,-0.021279
35,102,-0.021280
2,30,-0.021318
51,93,-0.021325
38,92,-0.021348
7,22,-0.021368
31,97,-0.021391
30,68,-0.021400
65,92,-0.021401
24,99,-0.021407
27,101,-0.021414
25,54,-0.021416
70,90,-0.021418
14,29,-0.021449
87,99,-0.021456
5,85,-0.021464
77,103,-0.021466
65,87,-0.021489
3,43,-0.021490
61,101,-0.021516
82,97,-0.021544
31,66,-0.021582
72,100,-0.021605
12,66,-0.021616
10,42,-0.021620
23,92,-0.021647
49,89,-0.021659
41,80,-0.021660
34,59,-0.021693
76,95,-0.021753
29,56,-0.021753
17,35,-0.021787
29,90,-0.021811
25,80,-0.021811
20,89,-0.021818
2,45,-0.021839
35,52,-0.021841
73,94,-0.021845
22,94,-0.021899
74,99,-0.021951
25,89,-0.021952
5,92,-0.021965
56,72,-0.021972
35,84,-0.021982
67,102,-0.022043
6,15,-0.022060
72,81,-0.022065
67,87,-0.022067
21,47,-0.022071
54,58,-0.022109
4,90,-0.022126
68,81,-0.022178
75,90,-0.022180
10,89,-0.022184
12,56,-0.022210
54,75,-0.022236
3,88,-0.022254
6,37,-0.022259
2,79,-0.022265
50,102,-0.022282
13,69,-0.022295
6,76,-0.022296
37,82,-0.022326
67,72,-0.022342
75,100,-0.022351
9,71,-0.022369
18,32,-0.022373
53,88,-0.022406
53,87,-0.022434
34,55,-0.022434
9,42,-0.022437
40,90,-0.022438
19,87,-0.022456
68,94,-0.022460
70,92,-0.022465
67,75,-0.022467
5,45,-0.022473
3,40,-0.022474
18,83,-0.022478
37,57,-0.022479
3,74,-0.022486
47,91,-0.022487
19,28,-0.022522
23,36,-0.022552
39,54,-0.022554
30,102,-0.022601
53,59,-0.022629
18,35,-0.022631
53,57,-0.022632
29,48,-0.022653
11,38,-0.022707
57,76,-0.022724
4,85,-0.022732
33,98,-0.022746
32,46,-0.022746
40,48,-0.022756
5,83,-0.022806
51,99,-0.022845
35,94,-0.022862
18,45,-0.022866
9,41,-0.022868
52,74,-0.022894
38,52,-0.022923
4,38,-0.022928
50,53,-0.022981
57,80,-0.023000
8,86,-0.023004
13,67,-0.023037
74,83,-0.023046
52,99,-0.023086
52,83,-0.023116
5,21,-0.023126
19,63,-0.023131
26,97,-0.023146
3,21,-0.023237
42,83,-0.023241
6,61,-0.023242
12,86,-0.023259
26,78,-0.023261
26,67,-0.023268
8,47,-0.023280
69,71,-0.023301
83,96,-0.023303
5,77,-0.023317
47,95,-0.023326
11,31,-0.023329
23,41,-0.023334
30,80,-0.023337
45,83,-0.023341
8,18,-0.023346
32,77,-0.023375
46,57,-0.023381
34,76,-0.023401
1,33,-0.023404
68,101,-0.023416
2,39,-0.023427
27,94,-0.023430
22,77,-0.023434
45,89,-0.023443
31,42,-0.023461
31,48,-0.023467
2,83,-0.023478
18,96,-0.023499
4,49,-0.023518
82,98,-0.023529
29,68,-0.023533
37,87,-0.023535
66,94,-0.023546
34,91,-0.023552
56,97,-0.023558
52,65,-0.023576
55,100,-0.023593
37,62,-0.023611
17,98,-0.023626
44,54,-0.023642
8,84,-0.023647
1,37,-0.023664
48,74,-0.023671
6,29,-0.023686
34,63,-0.023694
38,86,-0.023705
64,101,-0.023716
52,60,-0.023794
54,67,-0.023798
46,77,-0.023811
25,43,-0.023813
15,81,-0.023825
19,49,-0.023858
8,95,-0.023860
10,49,-0.023888
17,77,-0.023894
7,65,-0.023917
37,100,-0.023927
23,103,-0.023946
18,56,-0.023946
30,44,-0.023966
11,37,-0.023983
3,72,-0.023990
59,100,-0.023991
23,33,-0.024006
37,53,-0.024023
16,92,-0.024049
37,99,-0.024066
54,85,-0.024086
57,58,-0.024097
54,78,-0.024105
53,86,-0.024106
8,52,-0.024108
76,98,-0.024114
47,67,-0.024124
28,96,-0.024127
26,44,-0.024136
60,74,-0.024166
28,87,-0.024174
10,74,-0.024177
42,71,-0.024251
82,93,-0.024276
44,59,-0.024337
24,48,-0.024366
59,76,-0.024380
80,102,-0.024384
25,102,-0.024424
47,97,-0.024454
30,49,-0.024534
2,37,-0.024561
19,73,-0.024572
7,81,-0.024575
19,67,-0.024635
57,100,-0.024637
6,88,-0.024647
25,53,-0.024672
5,84,-0.024708
11,25,-0.024788
46,52,-0.024798
47,98,-0.024800
78,98,-0.024814
68,91,-0.024828
16,83,-0.024858
71,98,-0.024872
16,63,-0.024876
11,73,-0.024882
4,32,-0.024885
26,41,-0.024925
6,33,-0.024952
51,66,-0.024962
8,99,-0.024966
11,53,-0.024971
19,45,-0.024986
27,90,-0.024992
30,72,-0.025008
35,71,-0.025103
41,86,-0.025110
52,73,-0.025111
45,100,-0.025132
2,86,-0.025183
24,42,-0.025196
54,61,-0.025230
26,86,-0.025233
3,50,-0.025242
23,51,-0.025246
83,91,-0.025247
43,102,-0.025293
45,53,-0.025330
48,59,-0.025346
8,62,-0.025350
12,29,-0.025361
88,99,-0.025376
31,98,-0.025438
12,51,-0.025443
43,68,-0.025465
37,80,-0.025468
32,65,-0.025489
7,66,-0.025506
10,58,-0.025535
44,92,-0.025567
15,43,-0.025603
18,94,-0.025617
32,97,-0.025672
17,48,-0.025709
10,72,-0.025728
34,46,-0.025768
49,73,-0.025808
10,30,-0.025813
7,49,-0.025856
41,65,-0.025892
9,69,-0.025892
83,101,-0.025916
38,74,-0.025918
69,74,-0.025929
28,68,-0.025947
80,99,-0.025948
54,87,-0.025965
77,85,-0.025978
17,64,-0.025999
69,83,-0.026017
34,70,-0.026020
50,98,-0.026071
52,82,-0.026072
27,69,-0.026074
4,16,-0.026105
23,47,-0.026107
22,97,-0.026113
31,87,-0.026127
29,53,-0.026159
45,73,-0.026160
60,67,-0.026181
62,79,-0.026210
89,94,-0.026211
2,90,-0.026227
10,27,-0.026231
10,86,-0.026245
70,87,-0.026274
51,72,-0.026277
38,102,-0.026278
64,82,-0.026313
34,98,-0.026319
25,73,-0.026322
32,49,-0.026345
37,47,-0.026348
32,50,-0.026377
32,95,-0.026419
40,102,-0.026446
34,47,-0.026464
31,57,-0.026475
20,86,-0.026508
66,89,-0.026547
10,48,-0.026551
51,65,-0.026567
4,70,-0.026572
20,80,-0.026581
68,76,-0.026587
89,97,-0.026607
20,100,-0.026617
57,68,-0.026661
12,83,-0.026664
13,33,-0.026715
20,38,-0.026719
63,99,-0.026731
29,85,-0.026733
53,101,-0.026749
25,59,-0.026769
48,102,-0.026779
72,87,-0.026816
16,65,-0.026826
23,102,-0.026862
11,68,-0.026865
20,102,-0.026869
66,96,-0.026921
6,35,-0.026946
19,27,-0.026957
12,30,-0.026969
86,94,-0.026979
74,87,-0.026986
3,34,-0.027009
4,71,-0.027017
6,23,-0.027043
4,68,-0.027049
5,86,-0.027059
50,87,-0.027059
28,77,-0.027070
40,54,-0.027110
28,60,-0.027115
58,100,-0.027120
17,39,-0.027124
40,49,-0.027125
64,87,-0.027133
14,24,-0.027173
3,93,-0.027194
48,83,-0.027198
67,91,-0.027204
33,55,-0.027234
44,80,-0.027247
38,76,-0.027277
11,36,-0.027303
16,45,-0.027308
22,39,-0.027325
9,34,-0.027328
2,22,-0.027341
39,99,-0.027378
18,57,-0.027411
55,96,-0.027420
13,90,-0.027438
57,72,-0.027460
16,89,-0.027467
12,61,-0.027498
29,96,-0.027506
10,54,-0.027513
34,71,-0.027514
7,78,-0.027517
35,49,-0.027529
15,63,-0.027532
23,96,-0.027554
6,49,-0.027569
37,64,-0.027588
31,46,-0.027609
55,81,-0.027680
3,87,-0.027688
39,100,-0.027711
13,80,-0.027753
35,57,-0.027756
24,54,-0.027757
49,98,-0.027759
43,67,-0.027815
45,71,-0.027842
59,78,-0.027845
34,45,-0.027893
27,31,-0.027900
32,36,-0.027904
12,91,-0.027910
50,92,-0.027929
3,77,-0.027964
88,100,-0.027968
63,72,-0.027969
24,66,-0.028007
44,63,-0.028023
39,75,-0.028041
21,66,-0.028047
23,93,-0.028051
23,101,-0.028069
3,67,-0.028072
16,91,-0.028117
25,86,-0.028123
20,97,-0.028123
33,56,-0.028128
77,89,-0.028169
17,42,-0.028193
50,85,-0.028205
22,63,-0.028211
34,100,-0.028212
49,94,-0.028222
32,43,-0.028240
35,88,-0.028245
12,93,-0.028315
67,93,-0.028338
21,40,-0.028349
13,87,-0.028357
45,49,-0.028386
12,97,-0.028421
29,91,-0.028448
30,89,-0.028460
40,58,-0.028479
3,28,-0.028490
45,69,-0.028526
81,92,-0.028532
39,58,-0.028608
24,31,-0.028617
40,62,-0.028633
53,93,-0.028636
25,64,-0.028664
69,84,-0.028669
60,88,-0.028669
22,57,-0.028690
23,49,-0.028706
21,30,-0.028708
7,70,-0.028724
30,69,-0.028740
36,77,-0.028809
49,70,-0.028821
75,98,-0.028857
47,89,-0.028858
35,91,-0.028862
23,45,-0.028866
51,67,-0.028868
6,27,-0.028870
37,65,-0.028877
40,47,-0.028878
25,40,-0.028925
66,76,-0.028953
40,81,-0.028969
28,102,-0.028987
39,94,-0.028996
68,102,-0.029011
55,69,-0.029027
7,44,-0.029042
23,28,-0.029056
52,72,-0.029090
24,70,-0.029115
6,72,-0.029131
6,77,-0.029162
51,76,-0.029167
5,49,-0.029204
78,91,-0.029206
28,71,-0.029224
63,77,-0.029236
36,92,-0.029254
7,101,-0.029255
21,32,-0.029264
11,78,-0.029282
4,48,-0.029316
67,99,-0.029323
40,68,-0.029335
26,37,-0.029337
15,77,-0.029348
36,98,-0.029371
43,61,-0.029374
20,51,-0.029420
39,101,-0.029427
54,96,-0.029470
9,73,-0.029478
17,67,-0.029480
7,92,-0.029487
49,92,-0.029491
18,68,-0.029527
47,77,-0.029550
45,77,-0.029559
23,83,-0.029566
6,87,-0.029608
20,67,-0.029610
16,27,-0.029624
13,47,-0.029624
14,83,-0.029638
26,43,-0.029639
24,93,-0.029643
35,65,-0.029658
8,27,-0.029675
64,73,-0.029676
63,94,-0.029707
3,86,-0.029773
8,80,-0.029817
53,95,-0.029857
58,87,-0.029900
48,98,-0.029972
29,61,-0.029989
22,40,-0.030043
19,81,-0.030051
58,84,-0.030051
41,49,-0.030069
68,100,-0.030072
66,83,-0.030076
4,28,-0.030099
10,50,-0.030132
51,86,-0.030135
52,62,-0.030152
16,48,-0.030157
85,94,-0.030187
22,47,-0.030198
16,67,-0.030219
56,91,-0.030237
12,43,-0.030269
25,98,-0.030269
36,72,-0.030310
15,34,-0.030332
53,83,-0.030346
13,77,-0.030378
7,27,-0.030395
19,82,-0.030397
67,77,-0.030398
48,53,-0.030428
70,91,-0.030445
8,79,-0.030445
22,91,-0.030451
13,64,-0.030461
40,95,-0.030462
27,62,-0.030463
78,96,-0.030527
47,102,-0.030532
22,71,-0.030543
29,100,-0.030555
3,79,-0.030560
17,93,-0.030589
64,66,-0.030614
47,56,-0.030648
41,97,-0.030663
80,92,-0.030672
14,96,-0.030678
5,36,-0.030681
79,97,-0.030684
13,96,-0.030685
20,24,-0.030693
9,78,-0.030695
17,40,-0.030703
29,76,-0.030748
83,98,-0.030757
20,73,-0.030766
67,98,-0.030772
33,100,-0.030779
38,44,-0.030779
56,70,-0.030822
3,58,-0.030845
23,97,-0.030871
53,75,-0.030895
10,66,-0.030908
17,85,-0.030909
63,83,-0.030912
22,98,-0.030953
6,34,-0.030967
27,51,-0.030973
16,93,-0.030989
30,64,-0.031010
29,57,-0.031076
30,79,-0.031094
22,43,-0.031106
30,62,-0.031125
4,86,-0.031129
79,80,-0.031136
13,71,-0.031183
35,93,-0.031237
43,55,-0.031242
62,83,-0.031268
53,99,-0.031311
39,90,-0.031311
83,93,-0.031314
49,88,-0.031320
5,40,-0.031327
70,80,-0.031375
58,72,-0.031456
8,70,-0.031456
49,101,-0.031457
79,101,-0.031460
7,93,-0.031510
41,55,-0.031512
58,80,-0.031524
23,61,-0.031532
41,96,-0.031538
22,48,-0.031541
75,77,-0.031555
48,62,-0.031567
54,89,-0.031578
33,95,-0.031685
6,43,-0.031698
34,52,-0.031712
31,92,-0.031734
71,95,-0.031769
22,96,-0.031771
78,86,-0.031826
39,86,-0.031862
23,94,-0.031884
36,101,-0.031941
53,97,-0.031972
7,36,-0.031974
50,99,-0.031992
27,54,-0.031995
19,41,-0.032001
33,102,-0.032027
23,100,-0.032044
15,86,-0.032089
44,57,-0.032112
14,48,-0.032113
8,26,-0.032114
47,81,-0.032139
58,93,-0.032156
16,88,-0.032167
27,95,-0.032174
18,73,-0.032188
15,79,-0.032189
78,99,-0.032198
33,94,-0.032206
63,79,-0.032244
16,100,-0.032257
15,70,-0.032279
29,88,-0.032333
7,67,-0.032402
44,99,-0.032405
68,73,-0.032405
25,69,-0.032411
29,81,-0.032426
43,59,-0.032428
14,33,-0.032439
43,80,-0.032480
36,67,-0.032548
16,70,-0.032554
24,69,-0.032568
12,39,-0.032575
46,86,-0.032583
47,87,-0.032589
37,49,-0.032590
74,97,-0.032611
11,47,-0.032619
11,48,-0.032623
4,83,-0.032631
5,88,-0.032654
38,97,-0.032676
25,33,-0.032689
15,41,-0.032689
42,54,-0.032704
61,71,-0.032725
52,102,-0.032777
10,92,-0.032782
65,85,-0.032790
33,86,-0.032811
38,83,-0.032824
57,70,-0.032824
16,95,-0.032830
45,68,-0.032846
39,92,-0.032864
45,72,-0.032866
43,47,-0.032866
60,68,-0.032892
3,41,-0.032907
77,96,-0.033018
15,88,-0.033020
45,96,-0.033064
66,92,-0.033084
34,80,-0.033095
29,41,-0.033102
11,43,-0.033109
78,102,-0.033153
51,53,-0.033178
17,45,-0.033179
34,65,-0.033180
48,66,-0.033187
15,76,-0.033203
38,88,-0.033225
45,65,-0.033248
56,75,-0.033266
65,102,-0.033289
32,66,-0.033310
42,93,-0.033327
30,78,-0.033343
64,69,-0.033347
46,61,-0.033362
39,91,-0.033364
5,43,-0.033374
43,63,-0.033385
47,96,-0.033398
4,78,-0.033414
18,30,-0.033447
41,72,-0.033448
21,42,-0.033467
22,101,-0.033481
21,82,-0.033510
61,78,-0.033515
22,49,-0.033518
16,77,-0.033526
43,99,-0.033538
12,34,-0.033551
52,79,-0.033563
12,52,-0.033573
17,43,-0.033605
62,71,-0.033606
81,94,-0.033638
10,36,-0.033639
55,74,-0.033645
61,95,-0.033650
22,52,-0.033719
11,92,-0.033740
11,28,-0.033757
4,76,-0.033769
39,53,-0.033816
16,39,-0.033831
44,96,-0.033861
19,43,-0.033892
9,88,-0.033909
35,85,-0.033930
46,80,-0.033941
28,98,-0.033953
48,68,-0.033953
67,76,-0.033961
21,55,-0.033990
55,86,-0.033996
56,67,-0.034021
16,53,-0.034028
79,102,-0.034042
36,47,-0.034048
20,56,-0.034072
45,61,-0.034101
12,22,-0.034109
17,38,-0.034119
45,90,-0.034119
21,28,-0.034153
29,72,-0.034195
5,67,-0.034203
38,64,-0.034206
21,101,-0.034207
46,100,-0.034211
38,75,-0.034216
57,92,-0.034219
62,91,-0.034225
78,87,-0.034232
33,47,-0.034248
8,30,-0.034254
30,73,-0.034298
88,96,-0.034330
31,89,-0.034343
17,63,-0.034382
23,43,-0.034389
36,64,-0.034432
7,88,-0.034465
6,70,-0.034550
54,80,-0.034554
61,77,-0.034556
9,49,-0.034585
11,81,-0.034603
65,86,-0.034624
48,86,-0.034649
13,78,-0.034660
45,98,-0.034680
48,90,-0.034743
43,98,-0.034750
5,48,-0.034774
52,77,-0.034775
75,95,-0.034808
44,91,-0.034862
16,32,-0.034891
16,42,-0.034901
30,65,-0.034907
77,86,-0.034934
6,96,-0.034943
56,95,-0.034962
28,63,-0.034963
48,65,-0.034967
58,98,-0.034973
75,101,-0.034976
55,76,-0.034996
17,46,-0.035035
31,67,-0.035035
15,40,-0.035041
8,56,-0.035131
32,86,-0.035148
34,96,-0.035162
25,36,-0.035176
63,74,-0.035191
24,91,-0.035230
32,59,-0.035234
34,85,-0.035261
52,100,-0.035291
79,99,-0.035292
54,65,-0.035317
53,66,-0.035350
19,39,-0.035391
55,78,-0.035426
49,87,-0.035430
14,92,-0.035505
28,100,-0.035512
35,73,-0.035554
10,43,-0.035562
23,62,-0.035602
5,44,-0.035616
24,55,-0.035691
36,76,-0.035692
9,85,-0.035708
37,85,-0.035746
74,96,-0.035747
27,92,-0.035786
19,33,-0.035795
28,76,-0.035799
15,97,-0.035831
15,87,-0.035910
6,74,-0.035952
47,70,-0.035954
18,29,-0.035959
75,102,-0.035979
31,36,-0.035982
17,49,-0.035994
38,78,-0.036041
15,28,-0.036075
6,36,-0.036097
18,70,-0.036120
53,70,-0.036126
49,86,-0.036145
29,49,-0.036147
42,92,-0.036150
8,91,-0.036161
69,79,-0.036178
33,97,-0.036188
24,82,-0.036244
21,86,-0.036248
32,82,-0.036252
7,34,-0.036254
35,101,-0.036264
35,56,-0.036276
37,79,-0.036350
18,58,-0.036401
49,102,-0.036407
64,75,-0.036440
68,79,-0.036462
20,85,-0.036501
42,79,-0.036502
9,74,-0.036550
71,88,-0.036552
48,82,-0.036553
17,36,-0.036567
11,58,-0.036600
8,31,-0.036635
33,53,-0.036636
5,58,-0.036639
60,79,-0.036645
70,89,-0.036647
17,32,-0.036656
70,95,-0.036680
17,24,-0.036725
59,80,-0.036740
30,100,-0.036789
47,55,-0.036857
63,80,-0.036889
18,48,-0.036896
28,101,-0.036908
80,98,-0.036914
48,63,-0.036923
36,57,-0.036926
10,47,-0.036952
32,101,-0.036963
22,46,-0.036968
36,65,-0.036978
30,81,-0.037017
48,84,-0.037034
57,93,-0.037035
21,35,-0.037038
49,95,-0.037070
53,90,-0.037088
16,97,-0.037126
8,88,-0.037163
12,31,-0.037172
22,100,-0.037200
20,35,-0.037282
75,94,-0.037328
24,87,-0.037332
31,40,-0.037353
27,70,-0.037375
37,60,-0.037493
48,88,-0.037540
74,82,-0.037564
19,35,-0.037580
78,95,-0.037601
27,74,-0.037609
36,51,-0.037630
49,83,-0.037639
27,53,-0.037661
55,70,-0.037666
40,93,-0.037673
17,27,-0.037678
80,93,-0.037732
9,33,-0.037746
11,51,-0.037748
29,87,-0.037805
38,65,-0.037828
23,50,-0.037834
19,32,-0.037843
61,74,-0.037855
15,71,-0.037856
32,93,-0.037880
74,91,-0.037907
4,69,-0.037935
14,67,-0.037962
72,95,-0.038032
13,93,-0.038057
19,47,-0.038108
40,82,-0.038151
56,93,-0.038165
25,68,-0.038171
26,99,-0.038184
36,68,-0.038194
31,96,-0.038219
42,64,-0.038230
50,90,-0.038238
63,92,-0.038281
85,96,-0.038284
41,67,-0.038306
3,36,-0.038308
40,100,-0.038326
30,46,-0.038334
34,69,-0.038406
38,66,-0.038435
10,40,-0.038497
16,43,-0.038517
48,89,-0.038534
66,79,-0.038584
39,85,-0.038602
9,48,-0.038610
38,49,-0.038631
26,40,-0.038665
9,86,-0.038695
26,53,-0.038712
6,83,-0.038723
12,92,-0.038731
43,73,-0.038733
9,27,-0.038767
70,100,-0.038776
10,67,-0.038787
32,90,-0.038813
42,86,-0.038944
11,74,-0.038961
25,100,-0.038976
66,85,-0.038978
78,94,-0.038996
15,55,-0.038996
21,93,-0.039008
55,89,-0.039013
54,77,-0.039027
48,73,-0.039072
60,96,-0.039092
14,35,-0.039100
17,83,-0.039111
7,76,-0.039131
40,64,-0.039133
30,52,-0.039136
37,58,-0.039175
24,77,-0.039200
32,99,-0.039220
17,72,-0.039234
66,82,-0.039264
15,52,-0.039270
43,52,-0.039279
25,29,-0.039294
27,73,-0.039314
58,97,-0.039336
30,48,-0.039365
11,93,-0.039398
4,88,-0.039408
43,69,-0.039409
77,83,-0.039427
69,89,-0.039427
12,85,-0.039449
20,40,-0.039493
8,51,-0.039519
43,65,-0.039547
9,47,-0.039559
32,73,-0.039559
19,34,-0.039573
31,45,-0.039625
6,24,-0.039639
37,97,-0.039642
78,81,-0.039650
31,69,-0.039674
33,80,-0.039679
17,58,-0.039746
66,68,-0.039780
13,34,-0.039796
21,102,-0.039806
43,94,-0.039871
7,28,-0.039884
40,91,-0.039897
4,75,-0.039898
44,97,-0.039973
22,68,-0.039992
30,74,-0.040006
25,77,-0.040038
55,71,-0.040061
18,82,-0.040061
27,84,-0.040110
41,95,-0.040130
32,45,-0.040206
31,44,-0.040241
5,78,-0.040247
71,100,-0.040273
40,53,-0.040321
22,24,-0.040323
33,99,-0.040353
5,71,-0.040363
13,42,-0.040387
30,76,-0.040395
41,92,-0.040418
52,95,-0.040445
7,37,-0.040502
6,79,-0.040504
50,82,-0.040514
34,67,-0.040573
50,96,-0.040587
30,90,-0.040614
46,69,-0.040631
16,44,-0.040714
8,46,-0.040716
28,66,-0.040752
27,77,-0.040754
31,74,-0.040756
21,97,-0.040834
34,61,-0.040834
12,81,-0.040860
11,79,-0.040873
70,83,-0.040887
8,57,-0.040892
26,46,-0.040973
29,58,-0.040975
43,60,-0.041019
9,40,-0.041115
43,83,-0.041123
6,89,-0.041135
70,93,-0.041139
71,91,-0.041190
9,36,-0.041235
17,74,-0.041280
44,98,-0.041309
33,62,-0.041327
28,58,-0.041332
36,99,-0.041398
79,100,-0.041423
45,59,-0.041449
71,102,-0.041457
41,71,-0.041485
13,74,-0.041510
6,40,-0.041518
33,81,-0.041528
32,71,-0.041542
24,57,-0.041549
25,74,-0.041570
52,81,-0.041598
45,95,-0.041629
23,89,-0.041658
59,75,-0.041659
33,63,-0.041666
15,94,-0.041675
21,74,-0.041688
21,78,-0.041738
7,40,-0.041835
16,24,-0.041837
33,40,-0.041885
45,99,-0.041898
13,66,-0.041909
45,97,-0.041913
37,92,-0.041929
60,72,-0.041963
39,83,-0.042083
26,72,-0.042128
39,96,-0.042137
53,100,-0.042156
73,74,-0.042191
29,59,-0.042215
67,84,-0.042261
19,77,-0.042270
15,45,-0.042273
45,76,-0.042273
28,67,-0.042285
46,82,-0.042299
7,75,-0.042357
16,29,-0.042363
55,85,-0.042365
7,58,-0.042377
52,80,-0.042381
25,79,-0.042427
23,60,-0.042434
25,72,-0.042442
75,84,-0.042486
47,88,-0.042494
48,87,-0.042551
19,76,-0.042575
74,76,-0.042578
4,72,-0.042586
34,90,-0.042590
5,34,-0.042597
46,60,-0.042620
19,69,-0.042637
30,92,-0.042665
51,88,-0.042684
35,99,-0.042737
59,88,-0.042763
69,85,-0.042794
11,67,-0.042856
10,46,-0.042861
54,76,-0.042865
52,96,-0.043058
34,41,-0.043128
22,78,-0.043132
14,79,-0.043133
34,50,-0.043166
15,80,-0.043177
7,31,-0.043184
62,88,-0.043217
46,75,-0.043257
56,74,-0.043290
26,49,-0.043304
10,68,-0.043321
53,76,-0.043443
8,77,-0.043529
21,77,-0.043534
46,79,-0.043579
79,91,-0.043745
6,58,-0.043747
34,73,-0.043776
18,31,-0.043823
37,72,-0.043828
35,83,-0.043892
48,76,-0.043902
74,95,-0.043930
17,44,-0.043944
18,65,-0.043949
8,41,-0.043992
67,82,-0.044014
27,86,-0.044049
24,94,-0.044060
48,80,-0.044062
21,98,-0.044084
13,44,-0.044166
44,87,-0.044200
29,67,-0.044212
58,78,-0.044216
11,27,-0.044236
22,83,-0.044289
50,100,-0.044311
35,100,-0.044345
21,36,-0.044346
15,66,-0.044361
36,96,-0.044365
40,87,-0.044375
19,52,-0.044380
27,38,-0.044396
70,72,-0.044439
12,23,-0.044485
42,49,-0.044567
63,88,-0.044609
44,90,-0.044650
20,70,-0.044704
65,79,-0.044736
32,100,-0.044775
40,63,-0.044815
16,28,-0.044847
43,54,-0.044889
47,93,-0.044955
41,68,-0.044989
29,52,-0.044994
60,83,-0.045036
6,45,-0.045045
19,79,-0.045133
68,90,-0.045133
14,89,-0.045137
8,48,-0.045189
48,69,-0.045195
8,83,-0.045219
44,51,-0.045291
79,88,-0.045294
48,79,-0.045296
58,90,-0.045319
67,97,-0.045325
24,81,-0.045344
37,63,-0.045357
71,84,-0.045389
8,36,-0.045402
70,97,-0.045428
14,93,-0.045430
12,72,-0.045441
61,92,-0.045558
8,40,-0.045594
63,71,-0.045598
5,74,-0.045627
38,96,-0.045646
25,96,-0.045651
58,91,-0.045652
27,59,-0.045682
44,69,-0.045736
74,88,-0.045754
36,63,-0.045784
36,52,-0.045839
36,54,-0.045886
67,88,-0.045942
27,63,-0.046005
44,56,-0.046093
63,93,-0.046132
40,50,-0.046201
21,69,-0.046219
8,35,-0.046269
64,81,-0.046287
11,45,-0.046290
11,80,-0.046297
11,90,-0.046333
23,52,-0.046343
3,75,-0.046345
44,76,-0.046362
37,101,-0.046369
20,29,-0.046394
43,91,-0.046472
34,48,-0.046497
57,96,-0.046498
50,70,-0.046526
49,99,-0.046533
18,49,-0.046548
21,58,-0.046579
79,86,-0.046601
28,90,-0.046619
45,55,-0.046732
52,97,-0.046734
40,86,-0.046772
70,96,-0.046788
33,66,-0.046797
10,52,-0.046833
23,58,-0.046857
59,92,-0.046927
39,88,-0.046938
38,67,-0.046991
4,37,-0.047077
29,75,-0.047086
60,71,-0.047144
35,50,-0.047148
13,86,-0.047194
18,40,-0.047196
41,83,-0.047211
15,36,-0.047232
64,84,-0.047235
48,64,-0.047240
8,74,-0.047254
22,92,-0.047257
63,78,-0.047282
25,65,-0.047284
53,79,-0.047327
7,74,-0.047339
35,86,-0.047348
13,79,-0.047354
18,81,-0.047358
44,85,-0.047378
37,51,-0.047391
30,97,-0.047425
34,64,-0.047437
24,50,-0.047453
34,84,-0.047466
27,64,-0.047497
46,95,-0.047578
52,94,-0.047593
22,58,-0.047619
20,46,-0.047635
39,61,-0.047653
46,90,-0.047653
5,72,-0.047672
34,68,-0.047678
37,93,-0.047685
14,74,-0.047743
40,83,-0.047755
41,90,-0.047766
70,84,-0.047850
73,75,-0.047933
16,80,-0.047941
8,44,-0.047948
14,52,-0.047995
19,44,-0.048013
19,40,-0.048031
44,93,-0.048032
41,64,-0.048084
22,60,-0.048135
79,94,-0.048144
15,93,-0.048149
8,90,-0.048245
25,67,-0.048257
54,70,-0.048290
33,71,-0.048291
58,99,-0.048325
31,86,-0.048369
36,87,-0.048372
20,68,-0.048410
17,79,-0.048432
29,71,-0.048448
55,88,-0.048555
51,92,-0.048582
57,89,-0.048629
45,92,-0.048669
43,100,-0.048694
27,49,-0.048847
44,81,-0.048863
30,67,-0.048879
72,99,-0.048908
39,76,-0.048925
30,57,-0.048970
29,73,-0.048972
26,58,-0.048997
41,85,-0.049038
19,42,-0.049051
32,89,-0.049067
54,74,-0.049137
21,76,-0.049153
12,73,-0.049158
52,90,-0.049184
20,37,-0.049195
56,89,-0.049259
24,88,-0.049275
50,94,-0.049283
18,44,-0.049295
46,65,-0.049330
30,70,-0.049345
28,95,-0.049353
48,91,-0.049392
35,55,-0.049441
14,85,-0.049479
71,90,-0.049492
27,68,-0.049592
46,59,-0.049594
17,89,-0.049626
41,45,-0.049641
45,87,-0.049661
13,40,-0.049710
49,91,-0.049718
23,64,-0.049740
29,94,-0.049758
33,51,-0.049769
40,97,-0.049828
79,98,-0.049858
28,80,-0.049864
18,36,-0.049905
40,85,-0.049908
44,62,-0.049925
42,96,-0.049935
36,62,-0.049974
19,60,-0.049985
29,99,-0.050111
26,74,-0.050147
71,99,-0.050194
64,86,-0.050200
30,98,-0.050269
32,74,-0.050368
35,67,-0.050368
11,88,-0.050425
52,98,-0.050449
35,97,-0.050498
18,85,-0.050535
14,97,-0.050599
35,89,-0.050608
28,42,-0.050672
21,79,-0.050733
35,92,-0.050765
58,75,-0.050794
7,45,-0.050881
23,74,-0.050886
36,84,-0.050911
14,44,-0.050930
8,71,-0.050948
33,82,-0.051097
36,73,-0.051149
54,79,-0.051162
64,76,-0.051184
52,85,-0.051327
22,89,-0.051331
33,60,-0.051343
18,79,-0.051377
30,50,-0.051438
53,78,-0.051457
18,89,-0.051469
66,86,-0.051477
8,34,-0.051478
43,95,-0.051533
53,73,-0.051633
46,93,-0.051647
5,79,-0.051807
43,88,-0.051826
12,79,-0.051852
7,72,-0.051884
22,80,-0.051891
35,72,-0.051899
47,68,-0.051933
24,47,-0.051979
36,81,-0.052001
79,87,-0.052005
13,28,-0.052035
64,93,-0.052038
16,40,-0.052074
36,56,-0.052200
15,89,-0.052295
34,77,-0.052333
16,37,-0.052396
36,50,-0.052446
51,78,-0.052469
26,68,-0.052491
62,85,-0.052521
11,44,-0.052553
25,93,-0.052557
48,75,-0.052563
12,33,-0.052572
31,93,-0.052582
31,70,-0.052589
9,79,-0.052592
40,88,-0.052614
59,71,-0.052663
14,58,-0.052727
36,55,-0.052742
28,97,-0.052764
52,86,-0.052781
13,45,-0.052795
30,58,-0.052820
43,76,-0.052891
11,69,-0.052911
12,89,-0.052990
74,86,-0.052997
27,61,-0.053053
37,73,-0.053070
14,43,-0.053084
35,54,-0.053148
41,79,-0.053193
27,98,-0.053393
31,71,-0.053427
29,60,-0.053452
28,93,-0.053478
17,52,-0.053565
57,79,-0.053598
21,49,-0.053605
79,96,-0.053671
28,52,-0.053672
24,30,-0.053715
20,79,-0.053748
16,41,-0.053766
9,93,-0.053777
24,80,-0.053782
15,54,-0.053798
46,91,-0.053823
8,29,-0.053836
70,88,-0.053841
27,67,-0.053841
12,42,-0.053854
44,89,-0.053869
29,89,-0.053885
34,86,-0.053956
78,97,-0.054024
28,55,-0.054082
44,83,-0.054084
12,35,-0.054127
11,34,-0.054159
24,76,-0.054161
32,52,-0.054168
46,73,-0.054195
48,78,-0.054196
49,51,-0.054211
12,95,-0.054295
44,61,-0.054308
33,70,-0.054385
22,70,-0.054389
38,100,-0.054414
40,72,-0.054418
11,75,-0.054469
48,85,-0.054527
12,63,-0.054551
67,85,-0.054600
51,75,-0.054621
36,93,-0.054657
45,57,-0.054712
17,71,-0.054818
72,78,-0.054884
46,62,-0.054962
78,82,-0.055035
33,46,-0.055065
46,94,-0.055141
36,80,-0.055183
5,33,-0.055208
26,71,-0.055247
50,78,-0.055564
5,75,-0.055607
27,56,-0.055668
24,65,-0.055700
40,57,-0.055725
24,95,-0.055780
22,67,-0.055808
62,96,-0.055837
12,45,-0.055848
25,78,-0.055971
47,75,-0.055987
15,74,-0.056025
13,58,-0.056096
11,29,-0.056107
27,76,-0.056251
21,64,-0.056287
29,45,-0.056455
43,57,-0.056496
30,93,-0.056550
43,97,-0.056579
44,82,-0.056612
33,65,-0.056616
15,82,-0.056764
22,36,-0.056774
15,75,-0.056811
9,44,-0.056815
50,79,-0.056839
56,71,-0.056846
20,36,-0.056879
13,37,-0.056927
14,34,-0.056936
28,62,-0.056951
13,52,-0.056989
21,39,-0.057026
67,86,-0.057124
27,91,-0.057160
19,70,-0.057258
23,73,-0.057311
37,98,-0.057365
9,75,-0.057367
14,45,-0.057560
56,96,-0.057570
21,80,-0.057740
16,78,-0.057745
14,40,-0.057819
59,89,-0.057820
10,44,-0.057829
49,63,-0.057880
68,80,-0.057901
24,73,-0.057964
34,72,-0.057974
49,77,-0.058010
21,43,-0.058217
76,78,-0.058217
65,78,-0.058284
12,44,-0.058312
29,51,-0.058355
72,79,-0.058368
12,40,-0.058385
45,66,-0.058528
79,93,-0.058534
40,76,-0.058607
24,90,-0.058617
60,89,-0.058620
14,36,-0.058691
13,70,-0.058706
33,58,-0.058739
50,74,-0.058789
57,74,-0.058882
58,85,-0.058985
52,76,-0.059014
54,72,-0.059038
25,44,-0.059087
49,82,-0.059124
20,44,-0.059150
71,94,-0.059179
22,99,-0.059208
62,72,-0.059253
35,51,-0.059284
33,90,-0.059285
23,68,-0.059311
7,71,-0.059483
28,94,-0.059532
40,65,-0.059559
44,55,-0.059566
20,52,-0.059580
36,66,-0.059681
34,93,-0.059730
18,67,-0.059791
41,88,-0.059819
33,74,-0.060128
33,92,-0.060151
39,89,-0.060203
31,75,-0.060248
42,72,-0.060368
58,95,-0.060371
36,60,-0.060403
28,54,-0.060424
18,43,-0.060447
47,86,-0.060464
53,85,-0.060534
35,80,-0.060656
44,95,-0.060872
18,37,-0.060930
13,30,-0.060938
23,63,-0.060951
21,89,-0.061035
18,75,-0.061048
33,96,-0.061059
23,78,-0.061132
44,100,-0.061252
45,82,-0.061330
35,95,-0.061336
36,86,-0.061395
9,45,-0.061463
52,84,-0.061468
76,96,-0.061470
8,76,-0.061522
31,72,-0.061806
16,76,-0.061898
43,86,-0.061899
7,89,-0.061931
44,84,-0.061969
47,78,-0.061988
31,58,-0.062095
20,58,-0.062114
21,52,-0.062320
9,37,-0.062393
37,67,-0.062439
16,96,-0.062441
76,79,-0.062514
18,74,-0.062526
19,30,-0.062608
61,79,-0.062687
52,78,-0.062783
8,28,-0.062831
33,101,-0.062882
8,75,-0.062882
8,66,-0.062891
36,97,-0.062921
64,78,-0.062961
36,90,-0.062987
39,60,-0.063009
5,28,-0.063061
30,71,-0.063151
25,63,-0.063230
28,82,-0.063249
25,70,-0.063261
52,68,-0.063266
33,64,-0.063267
37,75,-0.063310
37,50,-0.063313
37,69,-0.063329
23,53,-0.063335
73,85,-0.063436
14,75,-0.063521
64,85,-0.063563
49,69,-0.063589
20,43,-0.063670
27,97,-0.063782
21,33,-0.063867
11,83,-0.063876
32,75,-0.063898
9,76,-0.063938
16,36,-0.064011
43,84,-0.064054
20,71,-0.064150
27,60,-0.064249
25,49,-0.064288
8,37,-0.064351
14,64,-0.064437
35,70,-0.064477
47,74,-0.064590
44,86,-0.064678
41,69,-0.064691
35,96,-0.064949
68,85,-0.065092
42,53,-0.065165
9,28,-0.065254
29,97,-0.065369
15,85,-0.065492
75,97,-0.065507
32,67,-0.065606
20,33,-0.065876
33,50,-0.065919
35,62,-0.065920
16,85,-0.066003
57,78,-0.066017
54,71,-0.066135
75,99,-0.066189
10,64,-0.066376
71,80,-0.066475
36,91,-0.066538
9,70,-0.066696
78,90,-0.066960
13,27,-0.067082
71,83,-0.067214
79,95,-0.067240
33,69,-0.067417
9,83,-0.067479
19,74,-0.067498
10,79,-0.067562
45,60,-0.067576
42,75,-0.067603
27,52,-0.067673
50,67,-0.067706
22,75,-0.067719
44,50,-0.067728
12,78,-0.067738
25,58,-0.067774
14,78,-0.067914
49,76,-0.068048
43,56,-0.068138
49,59,-0.068343
28,64,-0.068457
28,72,-0.068566
49,100,-0.068609
28,99,-0.068663
23,67,-0.068792
32,64,-0.068811
13,72,-0.068909
25,52,-0.068978
16,49,-0.069194
26,75,-0.069235
69,75,-0.069271
27,42,-0.069590
57,85,-0.069624
24,61,-0.069856
15,78,-0.070224
19,71,-0.070336
8,45,-0.070347
24,62,-0.070439
27,57,-0.070590
28,86,-0.070714
37,68,-0.070895
58,81,-0.071151
23,82,-0.071242
23,70,-0.071261
75,96,-0.071309
30,96,-0.071406
36,95,-0.071565
28,69,-0.071566
43,72,-0.071691
66,75,-0.071867
47,76,-0.072305
21,63,-0.072309
46,87,-0.072657
29,65,-0.072724
44,94,-0.072731
43,87,-0.072771
49,78,-0.072982
58,86,-0.073279
10,75,-0.073300
45,64,-0.073303
43,90,-0.073392
37,71,-0.073394
78,84,-0.073486
23,80,-0.073580
68,78,-0.073932
36,61,-0.073973
40,96,-0.074077
8,78,-0.074146
49,93,-0.074247
8,38,-0.074475
35,46,-0.074504
28,57,-0.074578
28,84,-0.074675
40,55,-0.074717
20,78,-0.074722
30,86,-0.074858
20,74,-0.075171
29,77,-0.075188
36,88,-0.075239
40,60,-0.075602
56,79,-0.075707
10,28,-0.076108
68,83,-0.076335
24,84,-0.076352
37,76,-0.076461
52,89,-0.076573
36,59,-0.076740
21,44,-0.076959
59,74,-0.077034
38,53,-0.077222
36,69,-0.077437
28,91,-0.077492
26,96,-0.077811
27,46,-0.078065
27,50,-0.078351
74,84,-0.078465
28,65,-0.078468
52,88,-0.078480
31,49,-0.078501
15,44,-0.078587
71,81,-0.078737
24,86,-0.078861
69,78,-0.079034
26,79,-0.079285
49,62,-0.079510
22,74,-0.079596
33,93,-0.079659
37,86,-0.079813
28,51,-0.081046
19,36,-0.081092
22,44,-0.081231
12,37,-0.081376
35,64,-0.081442
54,64,-0.081669
18,71,-0.082103
22,53,-0.082349
38,71,-0.082415
15,35,-0.082568
16,74,-0.082793
49,90,-0.082821
9,89,-0.083152
33,72,-0.083192
27,66,-0.083559
20,49,-0.085513
41,75,-0.085622
14,28,-0.085667
28,73,-0.085999
37,96,-0.086096
49,81,-0.086115
58,88,-0.086718
51,71,-0.086782
28,59,-0.086891
33,57,-0.086954
44,65,-0.087369
68,84,-0.087805
66,88,-0.088276
32,58,-0.088720
33,52,-0.089499
28,56,-0.089682
27,72,-0.089690
72,94,-0.089951
11,32,-0.090890
68,75,-0.091608
44,88,-0.092143
14,71,-0.093253
44,66,-0.093610
68,88,-0.096115
28,50,-0.096167
16,79,-0.097403
37,89,-0.101158
26,89,-0.103021
19,78,-0.103909
