12 15 1.641014e+00
13 14 1.561983e+00
20 24 1.501391e+00
48 51 1.432874e+00
54 55 1.382145e+00
16 30 1.365967e+00
2 3 1.345142e+00
53 55 1.322362e+00
1 3 1.316634e+00
19 20 1.277685e+00
1 2 1.251194e+00
24 39 1.248130e+00
49 51 1.205838e+00
6 9 1.179071e+00
11 12 1.125636e+00
29 33 1.122698e+00
55 56 1.106218e+00
11 15 1.102915e+00
7 11 1.066081e+00
49 52 1.054840e+00
18 19 1.019056e+00
38 42 1.009451e+00
8 12 9.956185e-01
27 32 9.920256e-01
8 10 9.704837e-01
51 52 9.698053e-01
26 33 9.568366e-01
23 45 9.552750e-01
33 39 9.431483e-01
8 11 9.431473e-01
7 9 9.386882e-01
17 28 9.327515e-01
19 42 9.255651e-01
27 34 9.031898e-01
52 56 8.960337e-01
19 32 8.682881e-01
53 54 8.630127e-01
20 21 8.561245e-01
38 40 8.535216e-01
23 31 8.476566e-01
52 55 8.452385e-01
30 32 8.448352e-01
36 42 8.353991e-01
4 5 8.328346e-01
39 41 8.273627e-01
5 9 8.200595e-01
36 39 8.135396e-01
35 37 8.097642e-01
3 4 8.008785e-01
35 39 8.003758e-01
21 23 7.962349e-01
44 45 7.923026e-01
43 48 7.901346e-01
24 25 7.893743e-01
19 35 7.876809e-01
7 50 7.865746e-01
48 49 7.804998e-01
18 21 7.798952e-01
2 4 7.770572e-01
9 11 7.752986e-01
24 42 7.748694e-01
1 4 7.659899e-01
49 56 7.576093e-01
19 21 7.471194e-01
24 32 7.445753e-01
14 43 7.375910e-01
54 56 7.374315e-01
20 27 7.373601e-01
19 30 7.346005e-01
41 42 7.329387e-01
19 26 7.285124e-01
24 41 7.236863e-01
48 52 7.144714e-01
28 49 7.113324e-01
46 50 7.110443e-01
23 24 7.072442e-01
1 13 7.031038e-01
6 18 6.993549e-01
24 26 6.894294e-01
2 56 6.873928e-01
13 47 6.793124e-01
4 28 6.791781e-01
42 44 6.778255e-01
23 37 6.777587e-01
48 56 6.760056e-01
30 35 6.735085e-01
51 56 6.629357e-01
1 15 6.610678e-01
37 39 6.592559e-01
49 53 6.574859e-01
47 52 6.551275e-01
45 49 6.544783e-01
31 44 6.490502e-01
39 44 6.450249e-01
3 56 6.404310e-01
11 13 6.395652e-01
26 29 6.348482e-01
29 41 6.341135e-01
17 43 6.272993e-01
47 51 6.231200e-01
43 53 6.225907e-01
16 32 6.224847e-01
32 46 6.140506e-01
43 46 6.136101e-01
24 33 6.122587e-01
5 6 6.064161e-01
53 56 6.051671e-01
24 29 6.045602e-01
2 13 6.030180e-01
3 5 5.998948e-01
41 52 5.986874e-01
12 54 5.979355e-01
31 36 5.972281e-01
27 30 5.930062e-01
10 17 5.903989e-01
34 42 5.876399e-01
39 40 5.813429e-01
21 24 5.805968e-01
20 42 5.799332e-01
15 17 5.789108e-01
3 13 5.746664e-01
41 44 5.638879e-01
9 51 5.629552e-01
30 34 5.622952e-01
18 27 5.599878e-01
6 7 5.596804e-01
5 14 5.596138e-01
26 31 5.592315e-01
42 45 5.535734e-01
2 5 5.447834e-01
33 37 5.432023e-01
1 56 5.405021e-01
24 44 5.397751e-01
12 13 5.391018e-01
11 33 5.369534e-01
17 25 5.366700e-01
28 34 5.350110e-01
48 50 5.337796e-01
35 44 5.327995e-01
31 35 5.326625e-01
8 53 5.284584e-01
49 55 5.280003e-01
22 28 5.275684e-01
43 50 5.271894e-01
52 53 5.260611e-01
40 48 5.237969e-01
34 44 5.222361e-01
29 40 5.205486e-01
9 14 5.202075e-01
35 38 5.178262e-01
44 56 5.137297e-01
28 43 5.100968e-01
18 29 5.095735e-01
34 37 5.033223e-01
1 5 4.983009e-01
34 45 4.974746e-01
46 47 4.972247e-01
39 42 4.965040e-01
7 36 4.963180e-01
50 51 4.951026e-01
32 38 4.935686e-01
3 14 4.931389e-01
24 30 4.928003e-01
24 28 4.908691e-01
27 31 4.850707e-01
15 22 4.789115e-01
9 17 4.789106e-01
8 55 4.779746e-01
6 51 4.777111e-01
47 48 4.768853e-01
4 56 4.768562e-01
26 42 4.766005e-01
19 22 4.761954e-01
48 53 4.739139e-01
26 27 4.734043e-01
8 48 4.727402e-01
7 15 4.696681e-01
19 24 4.685066e-01
19 25 4.682852e-01
26 37 4.677254e-01
6 14 4.676003e-01
2 14 4.675685e-01
46 49 4.672609e-01
13 51 4.672566e-01
33 34 4.663288e-01
16 18 4.661482e-01
18 23 4.625103e-01
37 42 4.606432e-01
19 31 4.601355e-01
13 15 4.597113e-01
18 39 4.572023e-01
5 13 4.546564e-01
21 45 4.540573e-01
31 41 4.524992e-01
20 31 4.517584e-01
1 14 4.504197e-01
2 54 4.494875e-01
7 10 4.490419e-01
4 15 4.488877e-01
24 37 4.458666e-01
51 55 4.426770e-01
49 50 4.393556e-01
2 55 4.383798e-01
23 39 4.350408e-01
19 39 4.339885e-01
18 25 4.336630e-01
14 23 4.336462e-01
5 7 4.321795e-01
40 42 4.319721e-01
37 40 4.316661e-01
51 53 4.305355e-01
30 38 4.266531e-01
29 35 4.254501e-01
26 30 4.252050e-01
23 33 4.241942e-01
3 55 4.232489e-01
38 45 4.223482e-01
25 27 4.218042e-01
35 42 4.212859e-01
33 46 4.209825e-01
16 19 4.203163e-01
37 38 4.202735e-01
3 15 4.201359e-01
31 32 4.199410e-01
40 41 4.183757e-01
21 34 4.171147e-01
20 44 4.149981e-01
20 26 4.122238e-01
34 41 4.110397e-01
17 37 4.073464e-01
30 37 4.067542e-01
18 20 4.057283e-01
6 17 4.039856e-01
6 43 4.024347e-01
31 37 4.017927e-01
2 22 4.008508e-01
3 54 4.005801e-01
23 29 3.991019e-01
22 44 3.985796e-01
16 21 3.952435e-01
51 54 3.947898e-01
20 23 3.933744e-01
5 52 3.932099e-01
21 42 3.906424e-01
1 22 3.864655e-01
2 15 3.850501e-01
12 29 3.837604e-01
18 31 3.834731e-01
9 53 3.832773e-01
4 21 3.791299e-01
16 24 3.788913e-01
20 25 3.788644e-01
41 55 3.756780e-01
10 12 3.727129e-01
29 31 3.726058e-01
26 36 3.725063e-01
9 50 3.723009e-01
43 55 3.716927e-01
37 41 3.716826e-01
34 35 3.707630e-01
47 56 3.696637e-01
17 21 3.693800e-01
4 50 3.683095e-01
25 39 3.681121e-01
52 54 3.664990e-01
19 29 3.660001e-01
47 54 3.655514e-01
20 22 3.637609e-01
3 22 3.635068e-01
31 42 3.617985e-01
27 41 3.617916e-01
46 53 3.609024e-01
30 31 3.603713e-01
13 38 3.595966e-01
16 31 3.594281e-01
17 56 3.588856e-01
32 37 3.577781e-01
7 12 3.556551e-01
33 41 3.541354e-01
44 55 3.539193e-01
14 50 3.532139e-01
6 48 3.502526e-01
41 45 3.485116e-01
9 13 3.483536e-01
37 45 3.483522e-01
6 50 3.471933e-01
26 28 3.466848e-01
10 29 3.449953e-01
43 49 3.420799e-01
7 8 3.420011e-01
31 45 3.419980e-01
44 52 3.414901e-01
44 54 3.389577e-01
23 41 3.381052e-01
24 31 3.369383e-01
30 41 3.348547e-01
34 36 3.344748e-01
1 17 3.336869e-01
46 48 3.336022e-01
50 55 3.333335e-01
24 27 3.327946e-01
25 32 3.320260e-01
21 32 3.315074e-01
22 33 3.296302e-01
8 47 3.278887e-01
4 12 3.272303e-01
16 36 3.266334e-01
21 26 3.255654e-01
4 47 3.250890e-01
43 51 3.250799e-01
5 28 3.232719e-01
24 38 3.225800e-01
47 49 3.214917e-01
34 38 3.203916e-01
20 37 3.200270e-01
25 46 3.193624e-01
39 45 3.181819e-01
24 34 3.165457e-01
32 40 3.162380e-01
15 50 3.142041e-01
8 49 3.139206e-01
16 38 3.125902e-01
19 34 3.119190e-01
27 33 3.076799e-01
27 35 3.065740e-01
25 42 3.032693e-01
12 55 3.028942e-01
29 47 3.024979e-01
10 20 3.009205e-01
45 56 3.002853e-01
25 45 2.993200e-01
19 23 2.984294e-01
11 29 2.984152e-01
10 46 2.976861e-01
8 30 2.964472e-01
8 16 2.960925e-01
27 39 2.958252e-01
36 43 2.955966e-01
10 48 2.933651e-01
33 35 2.928044e-01
9 49 2.900305e-01
27 29 2.899818e-01
21 22 2.897581e-01
12 47 2.891134e-01
9 10 2.880119e-01
40 44 2.877717e-01
32 35 2.855407e-01
31 33 2.848391e-01
30 42 2.841260e-01
13 22 2.841189e-01
23 30 2.829096e-01
25 37 2.818351e-01
35 36 2.817293e-01
16 46 2.812918e-01
19 37 2.805249e-01
38 39 2.803327e-01
38 41 2.789754e-01
3 52 2.781010e-01
32 36 2.764226e-01
11 16 2.759893e-01
14 15 2.755787e-01
18 40 2.746068e-01
32 33 2.744744e-01
17 18 2.719385e-01
34 51 2.709587e-01
50 53 2.702114e-01
29 39 2.700676e-01
19 46 2.692034e-01
4 52 2.687118e-01
8 54 2.686012e-01
14 47 2.676031e-01
21 30 2.675305e-01
9 35 2.656853e-01
7 28 2.654095e-01
7 51 2.653399e-01
1 55 2.630838e-01
38 44 2.629085e-01
38 52 2.615426e-01
18 34 2.600681e-01
21 28 2.599259e-01
34 39 2.593863e-01
23 27 2.593445e-01
37 44 2.587040e-01
40 45 2.577839e-01
45 47 2.576379e-01
7 16 2.548082e-01
4 10 2.547364e-01
9 25 2.534186e-01
35 40 2.494812e-01
17 48 2.491712e-01
36 40 2.490838e-01
22 24 2.483960e-01
4 46 2.450562e-01
28 45 2.424962e-01
4 55 2.422916e-01
22 32 2.422395e-01
45 52 2.417199e-01
6 53 2.409908e-01
8 15 2.407439e-01
40 43 2.405524e-01
2 17 2.398668e-01
11 26 2.390482e-01
11 50 2.375654e-01
1 54 2.354534e-01
27 45 2.352910e-01
3 49 2.344836e-01
39 43 2.344071e-01
20 39 2.318468e-01
15 25 2.316260e-01
16 35 2.312495e-01
12 33 2.306813e-01
6 10 2.276976e-01
10 50 2.276755e-01
16 41 2.267375e-01
6 11 2.253297e-01
18 33 2.226035e-01
24 45 2.224585e-01
18 26 2.223872e-01
28 29 2.215795e-01
35 41 2.207593e-01
41 43 2.201185e-01
13 27 2.198331e-01
20 38 2.197799e-01
10 14 2.187494e-01
10 32 2.178432e-01
8 52 2.178432e-01
44 47 2.159913e-01
16 53 2.159188e-01
13 29 2.158727e-01
2 52 2.158687e-01
7 13 2.156389e-01
14 26 2.154992e-01
41 56 2.149912e-01
32 47 2.136614e-01
4 8 2.129129e-01
25 31 2.117041e-01
4 13 2.108913e-01
29 34 2.104162e-01
8 40 2.089919e-01
43 47 2.084487e-01
39 50 2.078731e-01
18 37 2.065662e-01
27 37 2.063933e-01
47 55 2.062018e-01
12 22 2.058156e-01
11 46 2.048706e-01
23 42 2.047731e-01
26 34 2.018482e-01
36 50 2.016751e-01
2 12 2.013813e-01
21 36 1.981518e-01
45 51 1.952914e-01
32 39 1.949675e-01
5 51 1.940857e-01
4 49 1.931813e-01
8 9 1.917551e-01
2 40 1.897272e-01
14 51 1.881357e-01
4 17 1.880966e-01
16 26 1.868144e-01
7 14 1.857939e-01
4 54 1.857588e-01
3 40 1.853068e-01
28 44 1.851466e-01
23 51 1.826905e-01
11 14 1.820265e-01
41 48 1.792905e-01
6 45 1.785476e-01
19 44 1.781364e-01
3 17 1.774287e-01
42 48 1.763483e-01
24 40 1.760520e-01
6 49 1.743220e-01
3 12 1.739788e-01
11 54 1.737107e-01
7 17 1.717753e-01
21 33 1.715031e-01
47 53 1.703965e-01
31 34 1.697065e-01
31 38 1.696127e-01
11 17 1.689294e-01
5 15 1.679380e-01
6 16 1.675669e-01
19 43 1.658685e-01
48 55 1.649360e-01
19 27 1.648852e-01
10 25 1.648828e-01
24 35 1.627869e-01
30 44 1.620814e-01
20 32 1.619702e-01
9 52 1.581620e-01
26 35 1.568720e-01
28 56 1.557863e-01
22 45 1.556199e-01
26 39 1.550725e-01
2 51 1.523619e-01
19 41 1.517677e-01
5 55 1.512734e-01
18 35 1.511042e-01
1 6 1.508369e-01
18 32 1.507232e-01
13 30 1.505610e-01
7 26 1.502840e-01
9 43 1.497155e-01
23 34 1.460920e-01
13 50 1.454898e-01
8 46 1.451094e-01
5 47 1.447344e-01
45 48 1.435732e-01
33 36 1.430390e-01
25 28 1.408468e-01
5 43 1.395384e-01
12 46 1.393707e-01
1 52 1.391665e-01
25 26 1.382733e-01
9 18 1.376646e-01
2 49 1.372255e-01
28 31 1.370141e-01
30 52 1.362909e-01
7 49 1.346250e-01
14 49 1.340255e-01
11 37 1.337016e-01
6 46 1.329636e-01
49 54 1.308104e-01
27 44 1.296586e-01
18 24 1.287724e-01
18 36 1.277952e-01
14 21 1.265552e-01
14 55 1.255518e-01
17 22 1.253615e-01
26 53 1.250052e-01
40 51 1.248040e-01
11 27 1.236048e-01
43 54 1.236026e-01
25 29 1.230062e-01
7 27 1.228806e-01
20 45 1.221395e-01
16 44 1.216271e-01
40 54 1.215124e-01
7 31 1.211368e-01
4 7 1.210107e-01
20 40 1.167885e-01
12 17 1.152386e-01
12 30 1.151017e-01
6 28 1.148586e-01
20 35 1.138276e-01
50 56 1.135784e-01
15 56 1.131382e-01
8 26 1.128656e-01
26 32 1.127255e-01
17 47 1.117491e-01
10 24 1.113631e-01
12 56 1.109818e-01
14 17 1.107191e-01
6 55 1.104111e-01
25 36 1.099217e-01
2 48 1.097027e-01
29 37 1.091093e-01
33 47 1.064981e-01
20 41 1.054521e-01
1 10 1.053707e-01
19 33 1.029533e-01
19 38 1.029363e-01
40 55 1.020285e-01
33 40 1.012483e-01
34 53 1.008421e-01
2 6 1.003618e-01
22 39 9.879367e-02
1 53 9.860364e-02
42 52 9.764367e-02
7 35 9.703509e-02
43 52 9.693861e-02
16 27 9.524270e-02
16 33 9.499255e-02
3 51 9.422968e-02
10 11 9.285934e-02
50 54 9.254944e-02
29 42 9.229595e-02
22 35 9.138849e-02
2 47 9.051838e-02
14 48 9.034983e-02
6 15 9.009505e-02
3 48 8.987463e-02
29 38 8.929423e-02
38 43 8.699267e-02
3 21 8.696197e-02
8 43 8.693858e-02
20 29 8.616695e-02
4 6 8.575555e-02
20 43 8.529291e-02
1 9 8.516442e-02
5 49 8.410151e-02
10 15 8.364315e-02
3 6 8.284696e-02
25 40 8.274791e-02
5 56 8.123566e-02
36 45 8.070197e-02
10 47 7.965133e-02
37 50 7.944037e-02
41 54 7.896994e-02
5 17 7.813636e-02
4 11 7.781896e-02
40 46 7.748987e-02
5 53 7.641846e-02
32 44 7.588099e-02
25 35 7.517913e-02
18 42 7.447158e-02
28 36 7.442542e-02
27 38 7.344311e-02
23 25 7.333177e-02
46 56 7.291943e-02
45 53 7.268034e-02
9 48 7.199094e-02
22 46 6.902964e-02
28 51 6.834498e-02
9 36 6.817601e-02
16 39 6.611873e-02
1 49 6.606117e-02
1 50 6.580425e-02
22 38 6.550793e-02
36 49 6.523713e-02
33 44 6.519708e-02
45 55 6.338237e-02
16 23 6.313668e-02
21 29 6.154656e-02
22 26 6.013672e-02
46 54 5.817299e-02
14 53 5.646845e-02
14 18 5.571585e-02
21 44 5.561746e-02
23 26 5.506252e-02
7 33 5.448017e-02
18 22 5.410700e-02
2 28 5.404696e-02
25 33 5.366640e-02
25 30 5.347168e-02
18 43 5.288787e-02
18 30 5.218725e-02
12 25 5.135457e-02
16 40 5.112827e-02
7 34 5.107044e-02
10 16 5.100634e-02
18 53 5.038836e-02
5 22 4.982095e-02
16 25 4.951084e-02
5 18 4.769810e-02
2 53 4.668035e-02
14 54 4.644966e-02
2 21 4.602284e-02
17 46 4.520739e-02
4 29 4.240819e-02
2 10 4.213137e-02
47 50 4.203979e-02
5 11 4.103764e-02
7 22 4.088457e-02
13 54 4.063458e-02
6 40 3.999811e-02
26 38 3.748189e-02
9 46 3.655181e-02
32 45 3.653076e-02
22 56 3.620295e-02
8 22 3.603964e-02
13 25 3.434876e-02
15 42 3.358743e-02
20 33 3.345120e-02
28 47 3.316833e-02
16 48 3.313173e-02
29 54 3.254485e-02
3 28 3.244092e-02
26 46 3.118947e-02
48 54 3.067893e-02
50 52 3.030769e-02
44 48 3.015479e-02
3 10 2.969041e-02
5 23 2.954994e-02
8 50 2.852674e-02
10 13 2.773338e-02
10 54 2.758824e-02
10 28 2.595963e-02
12 16 2.525431e-02
23 36 2.491576e-02
7 48 2.483661e-02
22 36 2.473752e-02
11 36 2.433014e-02
4 34 2.339630e-02
3 38 2.332851e-02
15 29 2.288310e-02
10 55 2.164776e-02
20 46 2.145171e-02
1 28 2.133930e-02
21 31 2.116012e-02
38 56 2.074148e-02
11 48 1.853730e-02
15 21 1.853581e-02
8 41 1.729342e-02
4 9 1.701182e-02
44 51 1.620016e-02
29 45 1.579094e-02
1 51 1.538977e-02
15 27 1.444464e-02
31 39 1.434478e-02
3 53 1.396079e-02
23 28 1.301573e-02
12 48 1.241697e-02
21 39 1.130128e-02
12 34 1.118674e-02
9 47 1.103201e-02
12 49 7.639715e-03
24 36 7.295761e-03
21 56 6.540699e-03
18 28 6.378594e-03
27 42 6.012485e-03
1 40 5.953816e-03
15 16 4.882192e-03
20 34 4.370276e-03
5 34 3.816654e-03
37 54 3.571481e-03
23 44 2.994879e-03
10 30 2.861214e-03
18 45 -7.045418e-04
5 27 -1.754721e-03
13 46 -1.816092e-03
12 26 -1.946534e-03
17 50 -2.413735e-03
11 25 -2.462791e-03
7 47 -2.939452e-03
1 38 -3.160141e-03
41 47 -5.438806e-03
18 38 -5.483924e-03
36 54 -6.658395e-03
3 47 -6.987469e-03
44 46 -7.302431e-03
6 41 -1.145480e-02
28 46 -1.333032e-02
8 25 -1.400661e-02
10 49 -1.448430e-02
2 50 -1.452547e-02
4 22 -1.500859e-02
10 21 -1.514315e-02
15 28 -1.639435e-02
17 23 -1.745616e-02
2 9 -1.801037e-02
7 43 -1.876285e-02
8 17 -1.896477e-02
12 32 -2.073406e-02
25 50 -2.126614e-02
10 23 -2.204393e-02
36 37 -2.290934e-02
11 23 -2.373821e-02
3 9 -2.546991e-02
11 55 -2.684933e-02
29 36 -2.725361e-02
21 25 -2.729681e-02
27 28 -2.774148e-02
3 32 -2.774516e-02
19 36 -2.816928e-02
35 45 -2.827837e-02
33 42 -2.853338e-02
17 30 -2.958307e-02
4 51 -3.147171e-02
13 52 -3.351118e-02
26 41 -3.425360e-02
22 40 -3.545363e-02
38 55 -3.639701e-02
15 47 -3.764076e-02
23 49 -3.800188e-02
33 50 -3.933268e-02
6 47 -4.084708e-02
5 38 -4.092498e-02
46 51 -4.106868e-02
30 36 -4.129787e-02
1 48 -4.155404e-02
8 21 -4.190742e-02
12 44 -4.384406e-02
1 36 -4.469400e-02
16 22 -4.521350e-02
12 42 -4.543059e-02
30 43 -4.589568e-02
12 28 -4.610536e-02
35 47 -4.663657e-02
20 36 -4.761438e-02
22 48 -4.860521e-02
32 54 -4.883345e-02
9 34 -4.929652e-02
19 45 -4.944244e-02
13 17 -5.029491e-02
17 33 -5.128314e-02
39 53 -5.218431e-02
6 25 -5.226359e-02
14 20 -5.227090e-02
27 50 -5.269062e-02
14 35 -5.301169e-02
5 12 -5.306526e-02
15 34 -5.324626e-02
28 38 -5.383937e-02
14 52 -5.384047e-02
15 26 -5.407418e-02
43 45 -5.426755e-02
38 47 -5.553163e-02
26 44 -5.603005e-02
9 30 -5.644064e-02
31 40 -5.653495e-02
3 50 -5.720329e-02
14 31 -5.874993e-02
44 49 -5.878043e-02
23 40 -5.977985e-02
6 38 -6.087254e-02
9 31 -6.092502e-02
8 34 -6.117283e-02
15 49 -6.131573e-02
10 51 -6.208547e-02
5 30 -6.277451e-02
22 23 -6.401633e-02
8 33 -6.436977e-02
1 21 -6.486714e-02
12 35 -6.493473e-02
21 46 -6.534134e-02
7 18 -6.635680e-02
5 45 -6.648430e-02
36 41 -6.664420e-02
21 37 -6.682535e-02
22 50 -6.950468e-02
17 35 -6.950641e-02
8 28 -6.988230e-02
5 46 -7.094326e-02
11 47 -7.150207e-02
23 38 -7.158751e-02
15 36 -7.253005e-02
13 41 -7.319391e-02
13 28 -7.473076e-02
5 44 -7.601201e-02
7 25 -7.639403e-02
13 33 -7.650774e-02
3 23 -7.674591e-02
38 54 -7.717792e-02
6 12 -7.768027e-02
29 32 -7.787792e-02
16 20 -7.818877e-02
22 25 -7.843010e-02
7 19 -7.897401e-02
33 45 -8.018716e-02
1 12 -8.186465e-02
5 50 -8.226659e-02
29 30 -8.285853e-02
33 38 -8.429559e-02
40 56 -8.555175e-02
15 48 -8.572372e-02
34 52 -8.600311e-02
36 53 -8.673505e-02
7 38 -8.743396e-02
15 54 -8.768122e-02
2 38 -8.772678e-02
5 20 -8.884695e-02
10 52 -8.898047e-02
43 56 -8.901457e-02
11 22 -8.930836e-02
30 53 -9.104906e-02
25 47 -9.117710e-02
19 28 -9.244437e-02
38 48 -9.335724e-02
9 55 -9.454750e-02
25 49 -9.651956e-02
15 53 -9.675488e-02
1 11 -9.784144e-02
11 20 -9.951125e-02
30 33 -9.952411e-02
16 43 -1.005355e-01
17 49 -1.018469e-01
7 53 -1.023920e-01
14 38 -1.029046e-01
16 49 -1.030517e-01
1 43 -1.040152e-01
11 31 -1.040436e-01
31 46 -1.042336e-01
27 51 -1.052659e-01
19 40 -1.058931e-01
30 49 -1.062496e-01
21 40 -1.065105e-01
17 42 -1.067190e-01
13 23 -1.073187e-01
34 54 -1.073212e-01
1 32 -1.074422e-01
8 14 -1.084227e-01
6 52 -1.084711e-01
5 26 -1.091477e-01
35 52 -1.094944e-01
16 50 -1.107610e-01
27 36 -1.112455e-01
6 39 -1.120849e-01
30 45 -1.128356e-01
15 19 -1.132406e-01
10 33 -1.142878e-01
1 8 -1.143664e-01
10 53 -1.145656e-01
39 46 -1.150315e-01
25 43 -1.160890e-01
10 56 -1.165801e-01
3 36 -1.173325e-01
5 54 -1.177441e-01
2 36 -1.177498e-01
30 55 -1.177591e-01
14 36 -1.185432e-01
4 16 -1.188685e-01
37 46 -1.191805e-01
14 56 -1.193123e-01
21 27 -1.196030e-01
5 10 -1.202604e-01
10 37 -1.209177e-01
29 50 -1.219900e-01
46 55 -1.220931e-01
9 38 -1.230511e-01
4 31 -1.234061e-01
32 42 -1.259446e-01
13 55 -1.264179e-01
27 54 -1.265941e-01
11 43 -1.269111e-01
35 46 -1.276492e-01
28 32 -1.277587e-01
29 44 -1.287744e-01
1 23 -1.291115e-01
9 32 -1.303134e-01
21 38 -1.315650e-01
27 47 -1.318296e-01
4 48 -1.324014e-01
44 53 -1.330247e-01
31 50 -1.331851e-01
11 28 -1.339109e-01
15 55 -1.341037e-01
4 27 -1.352442e-01
22 42 -1.358385e-01
27 52 -1.362699e-01
4 40 -1.364255e-01
22 30 -1.374055e-01
6 35 -1.396147e-01
13 56 -1.412529e-01
9 27 -1.422954e-01
6 36 -1.426395e-01
22 43 -1.436458e-01
7 40 -1.436536e-01
5 31 -1.446038e-01
7 52 -1.446585e-01
34 40 -1.453875e-01
4 53 -1.469220e-01
41 53 -1.491260e-01
20 50 -1.496697e-01
22 31 -1.508744e-01
2 44 -1.518968e-01
1 46 -1.530665e-01
28 52 -1.533303e-01
17 44 -1.537107e-01
19 50 -1.554087e-01
2 32 -1.557331e-01
4 14 -1.560820e-01
12 53 -1.561294e-01
23 56 -1.561936e-01
20 30 -1.570404e-01
13 26 -1.583915e-01
45 54 -1.592231e-01
17 24 -1.592711e-01
12 50 -1.599928e-01
1 47 -1.601393e-01
3 8 -1.604604e-01
36 44 -1.609611e-01
1 20 -1.623166e-01
7 54 -1.623636e-01
6 56 -1.624411e-01
25 34 -1.644940e-01
42 46 -1.647055e-01
4 37 -1.658683e-01
8 27 -1.669826e-01
14 34 -1.671665e-01
33 53 -1.671915e-01
27 40 -1.694521e-01
2 11 -1.704971e-01
5 25 -1.710867e-01
22 52 -1.710940e-01
2 43 -1.711911e-01
15 46 -1.717446e-01
39 54 -1.723656e-01
2 41 -1.729149e-01
42 54 -1.742946e-01
16 42 -1.751971e-01
14 22 -1.757132e-01
9 20 -1.758550e-01
1 44 -1.784027e-01
37 53 -1.786227e-01
31 43 -1.788163e-01
4 23 -1.792560e-01
5 35 -1.792766e-01
22 41 -1.798763e-01
2 8 -1.801410e-01
3 11 -1.815998e-01
2 45 -1.821242e-01
37 52 -1.827911e-01
11 51 -1.828254e-01
17 40 -1.832595e-01
46 52 -1.839539e-01
35 51 -1.840910e-01
13 34 -1.847410e-01
17 32 -1.848320e-01
3 44 -1.850911e-01
5 33 -1.853442e-01
13 49 -1.853981e-01
11 30 -1.869859e-01
10 18 -1.869995e-01
36 48 -1.874399e-01
15 32 -1.876808e-01
36 52 -1.877763e-01
42 56 -1.881767e-01
38 53 -1.886550e-01
8 13 -1.898516e-01
11 18 -1.904053e-01
3 43 -1.906086e-01
12 51 -1.910089e-01
1 7 -1.914501e-01
2 46 -1.922453e-01
10 45 -1.927866e-01
40 47 -1.937770e-01
9 54 -1.938004e-01
17 19 -1.940279e-01
5 32 -1.945607e-01
6 33 -1.949287e-01
38 50 -1.950321e-01
12 18 -1.964377e-01
22 47 -1.971737e-01
41 51 -1.974937e-01
9 37 -1.975940e-01
13 16 -1.981123e-01
32 56 -2.011653e-01
25 48 -2.013035e-01
17 51 -2.015028e-01
10 42 -2.016747e-01
16 37 -2.018806e-01
9 26 -2.022972e-01
10 31 -2.028233e-01
12 20 -2.029392e-01
26 40 -2.040769e-01
21 50 -2.044501e-01
2 23 -2.046117e-01
13 48 -2.051176e-01
3 45 -2.055937e-01
7 21 -2.067236e-01
37 47 -2.067621e-01
14 28 -2.073309e-01
13 44 -2.079498e-01
18 41 -2.097267e-01
5 8 -2.102054e-01
34 48 -2.102603e-01
3 46 -2.105593e-01
14 27 -2.113845e-01
10 40 -2.117616e-01
8 38 -2.122056e-01
13 31 -2.130734e-01
17 27 -2.146751e-01
21 41 -2.148741e-01
15 51 -2.158052e-01
17 31 -2.159509e-01
14 29 -2.165292e-01
11 53 -2.167586e-01
11 40 -2.169243e-01
5 21 -2.172116e-01
13 21 -2.173842e-01
22 54 -2.174152e-01
20 47 -2.174458e-01
15 33 -2.177710e-01
22 51 -2.191676e-01
16 34 -2.201271e-01
30 39 -2.205969e-01
29 55 -2.214610e-01
10 43 -2.220270e-01
9 15 -2.221813e-01
9 16 -2.223020e-01
15 43 -2.226727e-01
15 20 -2.230704e-01
42 43 -2.238697e-01
10 41 -2.245578e-01
26 50 -2.252279e-01
5 16 -2.259732e-01
3 20 -2.272383e-01
34 49 -2.286523e-01
2 20 -2.301609e-01
9 40 -2.312183e-01
23 55 -2.324546e-01
28 39 -2.332316e-01
6 31 -2.336772e-01
5 48 -2.337328e-01
27 53 -2.345621e-01
23 35 -2.363991e-01
16 47 -2.368486e-01
37 43 -2.371190e-01
15 39 -2.371464e-01
8 37 -2.380205e-01
36 55 -2.381445e-01
28 35 -2.387133e-01
21 35 -2.391186e-01
12 14 -2.395712e-01
6 8 -2.417410e-01
30 40 -2.421552e-01
11 19 -2.431477e-01
16 55 -2.434913e-01
1 25 -2.445415e-01
18 51 -2.451989e-01
17 20 -2.465387e-01
5 37 -2.479189e-01
3 42 -2.481837e-01
8 56 -2.485034e-01
14 19 -2.492495e-01
15 31 -2.511550e-01
28 54 -2.524870e-01
1 45 -2.537358e-01
36 46 -2.556016e-01
12 52 -2.564527e-01
18 47 -2.567756e-01
35 53 -2.581140e-01
4 38 -2.583504e-01
22 37 -2.588027e-01
28 50 -2.590722e-01
34 55 -2.599911e-01
7 29 -2.603707e-01
4 43 -2.604322e-01
2 7 -2.612853e-01
6 24 -2.624903e-01
9 29 -2.626063e-01
18 44 -2.629466e-01
2 42 -2.638639e-01
5 41 -2.644060e-01
30 54 -2.649258e-01
42 47 -2.654233e-01
14 46 -2.660095e-01
9 22 -2.663905e-01
8 31 -2.667678e-01
4 30 -2.673476e-01
13 43 -2.688854e-01
5 36 -2.693225e-01
6 19 -2.699493e-01
39 56 -2.719810e-01
28 41 -2.727995e-01
27 43 -2.730900e-01
23 50 -2.760373e-01
35 54 -2.763400e-01
3 7 -2.785685e-01
38 46 -2.787970e-01
11 21 -2.793690e-01
1 16 -2.799328e-01
18 46 -2.800016e-01
17 29 -2.807753e-01
38 51 -2.819092e-01
8 29 -2.826491e-01
10 26 -2.828153e-01
40 49 -2.830692e-01
6 13 -2.831880e-01
18 48 -2.833754e-01
8 23 -2.835414e-01
9 39 -2.849040e-01
30 48 -2.869295e-01
10 27 -2.880989e-01
23 54 -2.907255e-01
3 16 -2.910457e-01
29 53 -2.921223e-01
7 30 -2.923791e-01
19 56 -2.929422e-01
7 23 -2.932075e-01
13 53 -2.938682e-01
16 29 -2.939637e-01
38 49 -2.944739e-01
12 31 -2.965963e-01
35 43 -2.966433e-01
10 35 -2.980795e-01
6 54 -2.982680e-01
28 40 -2.985248e-01
24 46 -2.986282e-01
6 42 -3.000454e-01
1 35 -3.038818e-01
45 46 -3.043582e-01
13 40 -3.045694e-01
11 52 -3.051975e-01
12 21 -3.072767e-01
33 54 -3.073391e-01
8 36 -3.075695e-01
1 42 -3.079078e-01
22 55 -3.089379e-01
4 25 -3.095917e-01
37 55 -3.102464e-01
1 29 -3.119610e-01
32 41 -3.120465e-01
36 38 -3.125797e-01
36 56 -3.130821e-01
17 39 -3.145537e-01
2 25 -3.152626e-01
13 37 -3.154330e-01
40 52 -3.155364e-01
15 52 -3.156210e-01
14 30 -3.158831e-01
5 29 -3.165849e-01
23 46 -3.170725e-01
8 51 -3.173192e-01
36 47 -3.176308e-01
3 41 -3.177351e-01
8 32 -3.183858e-01
37 51 -3.185078e-01
34 47 -3.191377e-01
16 17 -3.196967e-01
25 38 -3.205197e-01
34 43 -3.209217e-01
14 37 -3.211630e-01
23 32 -3.213439e-01
7 56 -3.218498e-01
17 54 -3.218614e-01
14 33 -3.224734e-01
7 37 -3.232144e-01
13 32 -3.233978e-01
6 30 -3.234937e-01
22 53 -3.244922e-01
12 43 -3.251216e-01
4 26 -3.252868e-01
10 36 -3.255641e-01
3 25 -3.262309e-01
28 53 -3.264080e-01
15 18 -3.265950e-01
9 33 -3.275716e-01
31 52 -3.276016e-01
11 32 -3.291617e-01
17 26 -3.291886e-01
6 21 -3.293963e-01
32 34 -3.298639e-01
14 32 -3.341998e-01
35 50 -3.347042e-01
11 49 -3.361223e-01
28 48 -3.370364e-01
6 44 -3.375658e-01
39 55 -3.388063e-01
6 27 -3.398711e-01
4 32 -3.403303e-01
23 53 -3.404332e-01
26 52 -3.413919e-01
6 23 -3.418002e-01
9 21 -3.421531e-01
4 20 -3.434606e-01
42 50 -3.447263e-01
26 48 -3.447288e-01
13 18 -3.458567e-01
8 24 -3.464753e-01
22 34 -3.476428e-01
12 19 -3.492078e-01
29 52 -3.499708e-01
14 41 -3.503235e-01
9 28 -3.505480e-01
9 56 -3.508201e-01
27 55 -3.516364e-01
15 35 -3.521841e-01
12 27 -3.522303e-01
30 50 -3.526213e-01
9 12 -3.535326e-01
7 46 -3.557990e-01
32 55 -3.574176e-01
17 52 -3.588592e-01
6 37 -3.590951e-01
14 25 -3.611622e-01
1 24 -3.612473e-01
40 50 -3.612649e-01
35 55 -3.614899e-01
25 53 -3.621583e-01
11 41 -3.626982e-01
7 55 -3.629377e-01
12 36 -3.629545e-01
1 37 -3.642778e-01
39 51 -3.643402e-01
17 55 -3.650626e-01
31 51 -3.660898e-01
28 55 -3.668670e-01
3 19 -3.669573e-01
15 30 -3.683189e-01
39 49 -3.684112e-01
13 45 -3.686334e-01
3 29 -3.693103e-01
2 29 -3.696836e-01
40 53 -3.708583e-01
2 16 -3.708585e-01
17 53 -3.722443e-01
21 54 -3.739910e-01
7 39 -3.744905e-01
30 51 -3.759203e-01
6 34 -3.768978e-01
10 22 -3.785559e-01
32 50 -3.792440e-01
4 36 -3.799127e-01
8 39 -3.799643e-01
20 54 -3.816985e-01
9 45 -3.826759e-01
10 19 -3.841061e-01
21 52 -3.855553e-01
26 43 -3.861192e-01
42 55 -3.864523e-01
17 41 -3.869351e-01
35 48 -3.871179e-01
11 56 -3.881195e-01
24 43 -3.888142e-01
15 44 -3.898972e-01
36 51 -3.898991e-01
26 47 -3.940142e-01
2 19 -3.946106e-01
2 35 -3.947634e-01
8 44 -3.950671e-01
35 49 -3.962726e-01
23 52 -3.964514e-01
18 49 -3.987845e-01
12 24 -3.993103e-01
26 55 -3.997874e-01
25 54 -3.999625e-01
41 49 -4.003732e-01
16 56 -4.007475e-01
8 18 -4.008169e-01
8 45 -4.010889e-01
15 45 -4.018812e-01
20 56 -4.022319e-01
22 49 -4.052187e-01
25 52 -4.068731e-01
27 48 -4.076521e-01
1 18 -4.080615e-01
3 35 -4.119660e-01
15 37 -4.140832e-01
8 20 -4.143246e-01
10 44 -4.154473e-01
20 49 -4.157015e-01
21 55 -4.159808e-01
6 22 -4.160491e-01
7 41 -4.164539e-01
22 29 -4.167378e-01
1 31 -4.178049e-01
4 45 -4.178461e-01
24 49 -4.209997e-01
14 42 -4.212807e-01
16 45 -4.227009e-01
30 46 -4.227044e-01
27 46 -4.227876e-01
1 34 -4.239064e-01
3 24 -4.248731e-01
4 18 -4.265760e-01
18 56 -4.305764e-01
33 56 -4.322705e-01
32 53 -4.345349e-01
22 27 -4.349684e-01
28 30 -4.355228e-01
19 51 -4.356246e-01
29 48 -4.368266e-01
19 49 -4.371554e-01
1 26 -4.384380e-01
2 24 -4.392992e-01
12 37 -4.400361e-01
25 56 -4.404861e-01
9 23 -4.411708e-01
31 48 -4.414625e-01
14 16 -4.420206e-01
2 18 -4.423629e-01
34 56 -4.426173e-01
16 54 -4.431307e-01
31 53 -4.431365e-01
9 41 -4.432799e-01
17 38 -4.439984e-01
11 24 -4.474530e-01
26 49 -4.481965e-01
13 35 -4.485363e-01
1 39 -4.524751e-01
2 37 -4.532286e-01
1 30 -4.537515e-01
16 51 -4.539944e-01
31 47 -4.542596e-01
26 56 -4.549862e-01
29 51 -4.556020e-01
11 39 -4.560807e-01
25 51 -4.561908e-01
4 33 -4.585714e-01
14 40 -4.603190e-01
3 18 -4.606487e-01
20 52 -4.617527e-01
4 39 -4.622245e-01
3 37 -4.646845e-01
1 41 -4.654492e-01
18 50 -4.669280e-01
41 50 -4.670861e-01
8 35 -4.676066e-01
34 50 -4.684461e-01
28 33 -4.703216e-01
19 48 -4.710654e-01
26 54 -4.728825e-01
15 24 -4.729954e-01
12 40 -4.748596e-01
1 19 -4.752331e-01
24 54 -4.755538e-01
26 45 -4.756890e-01
16 28 -4.764524e-01
15 40 -4.787675e-01
43 44 -4.790503e-01
6 32 -4.809981e-01
33 55 -4.813221e-01
6 26 -4.815958e-01
1 27 -4.866369e-01
3 39 -4.872339e-01
12 23 -4.875474e-01
11 35 -4.890569e-01
4 19 -4.910651e-01
2 39 -4.918967e-01
27 49 -4.940552e-01
7 24 -4.943879e-01
21 51 -4.945105e-01
32 49 -4.961139e-01
29 56 -4.979035e-01
33 51 -4.992072e-01
8 42 -5.002304e-01
7 42 -5.013545e-01
23 43 -5.013719e-01
33 43 -5.020203e-01
1 33 -5.025750e-01
14 45 -5.042888e-01
12 41 -5.049380e-01
4 35 -5.058655e-01
3 31 -5.070362e-01
2 34 -5.070993e-01
30 47 -5.076649e-01
4 41 -5.082319e-01
24 53 -5.085040e-01
9 44 -5.113381e-01
3 30 -5.115463e-01
34 46 -5.123232e-01
12 45 -5.125095e-01
2 30 -5.126320e-01
2 26 -5.136955e-01
2 31 -5.142695e-01
18 55 -5.154547e-01
21 48 -5.157472e-01
32 52 -5.168481e-01
13 36 -5.190169e-01
28 37 -5.191053e-01
10 34 -5.192915e-01
3 34 -5.198247e-01
3 26 -5.202850e-01
42 53 -5.219167e-01
18 52 -5.249032e-01
4 44 -5.260820e-01
5 40 -5.269905e-01
31 54 -5.294350e-01
20 53 -5.321297e-01
8 19 -5.328146e-01
11 38 -5.340054e-01
25 55 -5.346514e-01
11 34 -5.346801e-01
10 39 -5.362833e-01
37 49 -5.388099e-01
13 24 -5.434536e-01
2 27 -5.452319e-01
33 48 -5.466939e-01
6 20 -5.487252e-01
19 52 -5.493030e-01
42 49 -5.502196e-01
17 45 -5.533270e-01
29 49 -5.537747e-01
31 49 -5.548278e-01
39 48 -5.555384e-01
6 29 -5.578312e-01
23 47 -5.579963e-01
13 39 -5.586042e-01
12 39 -5.628625e-01
3 27 -5.633002e-01
37 48 -5.646024e-01
17 34 -5.673264e-01
20 55 -5.723410e-01
2 33 -5.723683e-01
13 42 -5.734831e-01
3 33 -5.741053e-01
4 24 -5.760964e-01
13 20 -5.767375e-01
32 48 -5.771901e-01
7 44 -5.798154e-01
42 51 -5.808396e-01
21 43 -5.812035e-01
39 52 -5.837298e-01
11 42 -5.885038e-01
24 48 -5.890254e-01
24 56 -5.903192e-01
32 51 -5.909507e-01
24 52 -5.911763e-01
29 46 -5.915072e-01
30 56 -5.947222e-01
19 47 -5.963174e-01
31 56 -5.968816e-01
24 50 -5.997032e-01
37 56 -6.000142e-01
7 32 -6.025263e-01
33 52 -6.041410e-01
20 48 -6.082419e-01
9 19 -6.084980e-01
15 23 -6.093129e-01
21 53 -6.098012e-01
9 24 -6.099955e-01
18 54 -6.111420e-01
15 41 -6.187285e-01
25 44 -6.221681e-01
4 42 -6.292549e-01
7 20 -6.306805e-01
41 46 -6.319960e-01
32 43 -6.326544e-01
24 47 -6.361482e-01
19 54 -6.373735e-01
21 49 -6.383538e-01
17 36 -6.419866e-01
35 56 -6.463273e-01
20 28 -6.479815e-01
19 53 -6.492562e-01
12 38 -6.518737e-01
16 52 -6.555392e-01
7 45 -6.585623e-01
14 24 -6.614029e-01
11 44 -6.626239e-01
10 38 -6.629255e-01
33 49 -6.649264e-01
25 41 -6.835959e-01
23 48 -6.912912e-01
14 44 -6.938001e-01
5 39 -7.037629e-01
21 47 -7.045292e-01
26 51 -7.115934e-01
5 42 -7.133727e-01
28 42 -7.156449e-01
9 42 -7.181419e-01
27 56 -7.205138e-01
45 50 -7.205281e-01
31 55 -7.349853e-01
29 43 -7.404218e-01
24 55 -7.409284e-01
20 51 -7.424609e-01
15 38 -7.444232e-01
11 45 -7.520142e-01
39 47 -7.577427e-01
13 19 -7.610068e-01
14 39 -7.665222e-01
24 51 -7.712407e-01
44 50 -8.110836e-01
19 55 -8.177795e-01
5 24 -8.288797e-01
5 19 -8.297985e-01
