20 37 1.822481e+00
4 26 1.251979e+00
23 24 1.115492e+00
75 77 1.006026e+00
83 84 8.641266e-01
20 49 8.569361e-01
74 75 8.369111e-01
81 83 8.335406e-01
50 82 8.063567e-01
7 77 7.953921e-01
1 2 7.693638e-01
30 56 7.638903e-01
53 77 7.571262e-01
23 42 7.395596e-01
35 39 7.367289e-01
4 68 7.353159e-01
83 85 7.329828e-01
7 72 7.237659e-01
1 83 7.235536e-01
65 66 7.001601e-01
57 75 6.956306e-01
54 78 6.932653e-01
70 74 6.890797e-01
26 34 6.850597e-01
17 41 6.762488e-01
19 21 6.684540e-01
84 85 6.672989e-01
69 71 6.515886e-01
8 25 6.479080e-01
59 70 6.428151e-01
34 38 6.400979e-01
55 77 6.376768e-01
16 82 6.240668e-01
53 79 6.191946e-01
61 63 6.064089e-01
45 52 6.059259e-01
36 42 6.046351e-01
20 26 6.035155e-01
6 43 6.031679e-01
22 74 5.908925e-01
28 29 5.881432e-01
24 26 5.873947e-01
57 60 5.870240e-01
42 58 5.834439e-01
55 79 5.713475e-01
10 55 5.711942e-01
22 59 5.662724e-01
1 85 5.608747e-01
20 23 5.568653e-01
10 78 5.539917e-01
66 74 5.535494e-01
65 67 5.529317e-01
67 68 5.469873e-01
25 28 5.458329e-01
3 4 5.455358e-01
10 79 5.394416e-01
82 84 5.387733e-01
6 35 5.375548e-01
32 40 5.373868e-01
17 44 5.369652e-01
5 24 5.334775e-01
1 3 5.299581e-01
9 12 5.293242e-01
9 27 5.253775e-01
7 55 5.236653e-01
46 49 5.133614e-01
56 73 5.063105e-01
53 73 5.046794e-01
23 63 5.029286e-01
1 4 4.975715e-01
31 80 4.951879e-01
13 18 4.917769e-01
3 5 4.916192e-01
9 10 4.903748e-01
45 53 4.866544e-01
2 84 4.862666e-01
2 28 4.860226e-01
59 62 4.831859e-01
58 76 4.755158e-01
9 84 4.711590e-01
72 78 4.652883e-01
8 74 4.629800e-01
18 54 4.599939e-01
21 39 4.581944e-01
74 79 4.567066e-01
3 84 4.522490e-01
47 48 4.514618e-01
39 49 4.495934e-01
4 5 4.479622e-01
19 20 4.468548e-01
5 7 4.415427e-01
3 33 4.404318e-01
52 55 4.376556e-01
22 23 4.349913e-01
54 77 4.340076e-01
17 46 4.328630e-01
8 50 4.327188e-01
2 13 4.297468e-01
28 34 4.276618e-01
10 45 4.274508e-01
2 3 4.259597e-01
57 61 4.253694e-01
55 78 4.223027e-01
39 51 4.222496e-01
74 80 4.204420e-01
11 60 4.199817e-01
82 85 4.174658e-01
2 30 4.159067e-01
43 68 4.123874e-01
78 79 4.122128e-01
8 56 4.115755e-01
22 33 4.098663e-01
34 72 4.091059e-01
78 82 4.078545e-01
1 46 4.045928e-01
18 80 4.010554e-01
35 64 4.007067e-01
40 67 4.004311e-01
22 58 3.940258e-01
23 54 3.930583e-01
77 82 3.927253e-01
15 79 3.918752e-01
66 71 3.907874e-01
31 51 3.905661e-01
13 64 3.887494e-01
53 71 3.880058e-01
28 33 3.877107e-01
66 77 3.854535e-01
1 23 3.843369e-01
75 78 3.842679e-01
3 8 3.819477e-01
27 47 3.808043e-01
5 53 3.801734e-01
43 48 3.795944e-01
4 10 3.791324e-01
57 59 3.775963e-01
26 37 3.768257e-01
54 72 3.765566e-01
81 82 3.756362e-01
64 65 3.754396e-01
26 74 3.740922e-01
13 39 3.739056e-01
6 58 3.721702e-01
21 65 3.712540e-01
71 77 3.710177e-01
10 81 3.709049e-01
13 52 3.702465e-01
30 45 3.698840e-01
21 52 3.685076e-01
57 81 3.676495e-01
24 42 3.668834e-01
12 51 3.665038e-01
71 73 3.660541e-01
72 82 3.652718e-01
77 78 3.615687e-01
75 82 3.608213e-01
16 19 3.604226e-01
74 78 3.600425e-01
49 71 3.592614e-01
5 85 3.584574e-01
4 65 3.561510e-01
8 10 3.559369e-01
11 34 3.554368e-01
2 6 3.553355e-01
58 69 3.540879e-01
22 29 3.539829e-01
3 83 3.539535e-01
41 44 3.537225e-01
20 42 3.525170e-01
55 59 3.505548e-01
18 74 3.491085e-01
35 44 3.488814e-01
18 50 3.484617e-01
3 38 3.484250e-01
8 81 3.473674e-01
5 73 3.467407e-01
32 33 3.441441e-01
23 80 3.439945e-01
44 45 3.435326e-01
11 65 3.434000e-01
59 74 3.427948e-01
29 38 3.424409e-01
18 20 3.419226e-01
15 22 3.398897e-01
21 22 3.396893e-01
14 53 3.381078e-01
76 79 3.367656e-01
21 85 3.360451e-01
65 78 3.358471e-01
7 8 3.355934e-01
7 37 3.349849e-01
6 26 3.349685e-01
68 70 3.348027e-01
49 57 3.346906e-01
15 62 3.344060e-01
11 37 3.336952e-01
44 85 3.336763e-01
64 76 3.335834e-01
12 31 3.324592e-01
33 67 3.320178e-01
16 80 3.310869e-01
6 24 3.302983e-01
25 65 3.284377e-01
58 74 3.281137e-01
24 58 3.279826e-01
31 50 3.274349e-01
26 51 3.258978e-01
4 33 3.249159e-01
16 18 3.239451e-01
42 54 3.234917e-01
46 85 3.223237e-01
16 53 3.213177e-01
2 83 3.212285e-01
18 22 3.211089e-01
9 75 3.204959e-01
23 27 3.204918e-01
32 68 3.189081e-01
47 54 3.176430e-01
2 49 3.147852e-01
56 59 3.146818e-01
7 81 3.145615e-01
18 45 3.137954e-01
46 83 3.126265e-01
44 62 3.114715e-01
56 81 3.114536e-01
77 79 3.112360e-01
19 50 3.105484e-01
26 30 3.102834e-01
56 75 3.102467e-01
36 64 3.093483e-01
10 65 3.091185e-01
9 83 3.089133e-01
33 42 3.085120e-01
1 69 3.078295e-01
30 60 3.073457e-01
53 74 3.056105e-01
45 49 3.049735e-01
56 74 3.039901e-01
26 63 3.035247e-01
33 40 3.030872e-01
7 47 3.023975e-01
37 57 3.023621e-01
4 83 3.011857e-01
55 82 3.007959e-01
33 69 3.006514e-01
19 38 2.999210e-01
53 69 2.982940e-01
14 82 2.978528e-01
7 27 2.975663e-01
20 25 2.975546e-01
15 53 2.974427e-01
43 45 2.974251e-01
27 30 2.973291e-01
73 75 2.972867e-01
37 70 2.966315e-01
10 57 2.961004e-01
42 80 2.952671e-01
40 56 2.946402e-01
27 36 2.941046e-01
15 68 2.936391e-01
34 48 2.930151e-01
14 37 2.929715e-01
12 14 2.915291e-01
28 78 2.908824e-01
49 84 2.902529e-01
30 80 2.901676e-01
56 70 2.892606e-01
72 77 2.892365e-01
17 29 2.876149e-01
11 54 2.873131e-01
4 11 2.867804e-01
9 60 2.864580e-01
73 76 2.860973e-01
16 47 2.843307e-01
15 17 2.841695e-01
26 36 2.840828e-01
25 38 2.839352e-01
15 64 2.837950e-01
22 40 2.828768e-01
14 18 2.828607e-01
46 82 2.821310e-01
21 82 2.818415e-01
2 37 2.811493e-01
1 84 2.804124e-01
14 77 2.800057e-01
59 68 2.788915e-01
17 19 2.784407e-01
43 46 2.778506e-01
38 55 2.759697e-01
55 70 2.759631e-01
50 70 2.759488e-01
19 61 2.751023e-01
66 81 2.746842e-01
44 67 2.745726e-01
17 38 2.737886e-01
36 68 2.733144e-01
73 77 2.722208e-01
35 38 2.701400e-01
55 74 2.699605e-01
25 30 2.697218e-01
59 73 2.692099e-01
42 56 2.690587e-01
24 37 2.688155e-01
4 17 2.685483e-01
18 57 2.679176e-01
44 59 2.677660e-01
26 79 2.671606e-01
13 84 2.665549e-01
8 27 2.660206e-01
34 57 2.656792e-01
16 31 2.651210e-01
25 56 2.640677e-01
39 81 2.639972e-01
3 42 2.636660e-01
34 74 2.631451e-01
1 15 2.623268e-01
2 45 2.615613e-01
64 74 2.610344e-01
13 75 2.607524e-01
50 54 2.599735e-01
39 40 2.596670e-01
12 83 2.592923e-01
9 51 2.586582e-01
15 63 2.583550e-01
55 56 2.563932e-01
66 68 2.552584e-01
47 70 2.546292e-01
57 65 2.539444e-01
19 46 2.537686e-01
52 71 2.532678e-01
32 39 2.530587e-01
43 61 2.530432e-01
11 67 2.524353e-01
25 85 2.521025e-01
42 57 2.518854e-01
68 84 2.515057e-01
36 38 2.514908e-01
68 76 2.510797e-01
51 85 2.507424e-01
11 85 2.506930e-01
55 81 2.503029e-01
37 85 2.500085e-01
5 74 2.496835e-01
44 56 2.492054e-01
66 67 2.489454e-01
25 59 2.486584e-01
56 71 2.481249e-01
42 61 2.477208e-01
50 81 2.476684e-01
31 42 2.475107e-01
14 84 2.475088e-01
10 83 2.469212e-01
48 51 2.466946e-01
11 50 2.466200e-01
37 82 2.458847e-01
51 71 2.457635e-01
55 58 2.456084e-01
66 79 2.428426e-01
10 80 2.422674e-01
13 72 2.422672e-01
32 51 2.422355e-01
66 70 2.418684e-01
37 54 2.418051e-01
29 59 2.415909e-01
1 11 2.415244e-01
21 64 2.413951e-01
45 81 2.410457e-01
60 76 2.407940e-01
25 29 2.407034e-01
21 36 2.404130e-01
72 75 2.392515e-01
48 67 2.383352e-01
42 74 2.381909e-01
2 46 2.377924e-01
19 32 2.374616e-01
60 84 2.367189e-01
42 78 2.359719e-01
11 43 2.359316e-01
8 78 2.358459e-01
15 83 2.347833e-01
41 74 2.345304e-01
45 82 2.340326e-01
22 45 2.337386e-01
19 73 2.325604e-01
13 83 2.324419e-01
6 83 2.323727e-01
32 45 2.319883e-01
9 80 2.315276e-01
12 44 2.308018e-01
2 40 2.306517e-01
16 22 2.298667e-01
36 63 2.296019e-01
38 64 2.295932e-01
38 61 2.292839e-01
6 66 2.290178e-01
33 66 2.290121e-01
17 84 2.288513e-01
24 83 2.284597e-01
8 54 2.284301e-01
33 37 2.283583e-01
14 76 2.281647e-01
36 60 2.278003e-01
6 68 2.275831e-01
25 37 2.275425e-01
49 72 2.271045e-01
29 62 2.269250e-01
63 64 2.265218e-01
26 78 2.256768e-01
16 35 2.256721e-01
35 67 2.256662e-01
14 41 2.250993e-01
10 19 2.250465e-01
51 79 2.243520e-01
17 47 2.240023e-01
47 75 2.235951e-01
4 49 2.217829e-01
57 73 2.215774e-01
61 84 2.215242e-01
25 61 2.212993e-01
9 77 2.196586e-01
54 68 2.189094e-01
29 85 2.188319e-01
8 53 2.186397e-01
36 65 2.182947e-01
65 83 2.181368e-01
29 66 2.181065e-01
42 43 2.178804e-01
66 69 2.178025e-01
34 40 2.177416e-01
39 67 2.176906e-01
60 66 2.176062e-01
33 60 2.175513e-01
51 59 2.170777e-01
5 6 2.169685e-01
6 23 2.164025e-01
59 77 2.162938e-01
4 6 2.154272e-01
14 60 2.152841e-01
53 63 2.146565e-01
28 75 2.143502e-01
21 49 2.136442e-01
6 56 2.134851e-01
4 69 2.134767e-01
15 84 2.132010e-01
7 75 2.130193e-01
32 67 2.130115e-01
16 70 2.125725e-01
61 64 2.124612e-01
2 72 2.119036e-01
62 64 2.117188e-01
40 69 2.117104e-01
31 76 2.107640e-01
4 23 2.106534e-01
28 48 2.102242e-01
61 62 2.099309e-01
1 49 2.098082e-01
51 53 2.088168e-01
21 41 2.087233e-01
42 49 2.086470e-01
64 79 2.082242e-01
8 76 2.079012e-01
37 50 2.078379e-01
63 68 2.077403e-01
75 79 2.072808e-01
3 85 2.065731e-01
21 23 2.061569e-01
43 47 2.061488e-01
14 61 2.057883e-01
62 65 2.054004e-01
18 52 2.052804e-01
26 76 2.050971e-01
7 74 2.047437e-01
2 38 2.039536e-01
53 68 2.038700e-01
61 85 2.035548e-01
51 61 2.032367e-01
30 52 2.030751e-01
12 61 2.019315e-01
41 42 2.013512e-01
21 61 2.011655e-01
29 33 2.010059e-01
49 85 2.006945e-01
14 46 2.006869e-01
21 63 2.000276e-01
23 75 1.991814e-01
20 74 1.990299e-01
11 31 1.988963e-01
3 46 1.987443e-01
64 71 1.983880e-01
24 39 1.980583e-01
12 32 1.977015e-01
75 76 1.975234e-01
44 70 1.961916e-01
34 49 1.960555e-01
22 26 1.960204e-01
47 85 1.958239e-01
64 84 1.950668e-01
58 61 1.944993e-01
36 39 1.944566e-01
6 16 1.939778e-01
72 74 1.939059e-01
29 67 1.938043e-01
1 82 1.932534e-01
8 39 1.931249e-01
32 80 1.930235e-01
35 47 1.926234e-01
2 85 1.923330e-01
3 30 1.920804e-01
58 78 1.919473e-01
22 62 1.915056e-01
6 52 1.914860e-01
20 84 1.914593e-01
3 67 1.910109e-01
7 85 1.908818e-01
25 76 1.906809e-01
65 68 1.896192e-01
8 84 1.896163e-01
3 52 1.895618e-01
12 47 1.892746e-01
13 17 1.887892e-01
50 55 1.886914e-01
37 47 1.883223e-01
12 58 1.881667e-01
57 72 1.881644e-01
3 36 1.880729e-01
5 18 1.878997e-01
13 57 1.875942e-01
23 79 1.875553e-01
43 66 1.871298e-01
15 50 1.866506e-01
62 63 1.866063e-01
14 75 1.862902e-01
2 82 1.861980e-01
15 19 1.861783e-01
18 25 1.858864e-01
18 48 1.857156e-01
8 21 1.854554e-01
35 37 1.851389e-01
15 81 1.846908e-01
18 73 1.844642e-01
11 70 1.841758e-01
23 62 1.838207e-01
39 41 1.833693e-01
27 32 1.832380e-01
45 56 1.831765e-01
16 64 1.829498e-01
16 21 1.828080e-01
2 21 1.827205e-01
18 41 1.822988e-01
11 29 1.821574e-01
56 72 1.819638e-01
15 41 1.814093e-01
17 22 1.810340e-01
24 40 1.800698e-01
54 62 1.800158e-01
20 80 1.798225e-01
56 79 1.796978e-01
4 82 1.794965e-01
18 39 1.794460e-01
25 81 1.792152e-01
55 71 1.790414e-01
7 31 1.786633e-01
13 79 1.780826e-01
5 20 1.777039e-01
7 43 1.773587e-01
39 83 1.772730e-01
51 72 1.772704e-01
6 29 1.772122e-01
18 24 1.768698e-01
50 68 1.767325e-01
30 34 1.764751e-01
4 22 1.758653e-01
6 46 1.758513e-01
38 48 1.758506e-01
1 37 1.757117e-01
2 43 1.756433e-01
25 60 1.752118e-01
47 68 1.751793e-01
28 47 1.748949e-01
40 81 1.747343e-01
37 40 1.738555e-01
14 26 1.732124e-01
29 71 1.731784e-01
52 76 1.731398e-01
59 64 1.730088e-01
41 64 1.727663e-01
1 16 1.727427e-01
50 52 1.720769e-01
64 80 1.718365e-01
16 65 1.716343e-01
47 69 1.715153e-01
63 80 1.709668e-01
3 49 1.708547e-01
3 28 1.708463e-01
25 33 1.705458e-01
16 85 1.689975e-01
55 73 1.684053e-01
40 74 1.683165e-01
15 49 1.679682e-01
82 83 1.677231e-01
5 41 1.675522e-01
30 36 1.669715e-01
32 84 1.666192e-01
35 36 1.661908e-01
38 56 1.658739e-01
21 50 1.649669e-01
13 81 1.647000e-01
11 72 1.645413e-01
31 32 1.644817e-01
12 42 1.644177e-01
18 38 1.643833e-01
20 60 1.642116e-01
33 43 1.642096e-01
46 84 1.640000e-01
12 33 1.637779e-01
4 36 1.637348e-01
47 73 1.635273e-01
40 61 1.631922e-01
43 80 1.630329e-01
49 58 1.627417e-01
15 21 1.626855e-01
64 68 1.625228e-01
31 79 1.623439e-01
40 71 1.622156e-01
11 78 1.620970e-01
17 63 1.620709e-01
41 85 1.620600e-01
14 31 1.617685e-01
14 15 1.617502e-01
39 60 1.615723e-01
7 17 1.614776e-01
48 70 1.613358e-01
31 81 1.608989e-01
17 21 1.599811e-01
14 30 1.594752e-01
45 83 1.592495e-01
29 56 1.590098e-01
20 82 1.586163e-01
38 62 1.585632e-01
44 76 1.584949e-01
7 79 1.582452e-01
40 83 1.581145e-01
34 61 1.575539e-01
31 71 1.573532e-01
8 79 1.571625e-01
13 19 1.570441e-01
4 73 1.569088e-01
59 76 1.558623e-01
48 54 1.557139e-01
27 62 1.557105e-01
43 52 1.553603e-01
36 44 1.552248e-01
1 20 1.551088e-01
31 43 1.549561e-01
19 60 1.547527e-01
62 85 1.541398e-01
70 80 1.540123e-01
22 75 1.539831e-01
19 74 1.534685e-01
28 56 1.530634e-01
19 41 1.529876e-01
12 52 1.529752e-01
23 38 1.529693e-01
80 84 1.529231e-01
48 80 1.524960e-01
39 48 1.523414e-01
59 69 1.520262e-01
37 59 1.518918e-01
10 28 1.518824e-01
20 83 1.514220e-01
15 46 1.512298e-01
38 51 1.512224e-01
44 78 1.510001e-01
14 55 1.508088e-01
32 48 1.504801e-01
50 72 1.504643e-01
6 27 1.503635e-01
15 18 1.503095e-01
34 69 1.497111e-01
55 66 1.492614e-01
45 76 1.492400e-01
18 36 1.490882e-01
11 13 1.489521e-01
47 56 1.488002e-01
27 85 1.486637e-01
4 16 1.485981e-01
35 52 1.483505e-01
31 78 1.482748e-01
9 63 1.482252e-01
33 72 1.482030e-01
50 58 1.480165e-01
31 53 1.478646e-01
32 59 1.477603e-01
69 70 1.470359e-01
15 40 1.469435e-01
69 74 1.465445e-01
49 68 1.461864e-01
79 81 1.457170e-01
28 57 1.457168e-01
13 53 1.453033e-01
60 79 1.450696e-01
5 55 1.448951e-01
31 44 1.445678e-01
27 70 1.436899e-01
9 45 1.436806e-01
9 18 1.433757e-01
1 57 1.430404e-01
60 69 1.429422e-01
73 74 1.428622e-01
6 62 1.428570e-01
41 51 1.427482e-01
25 84 1.427382e-01
9 50 1.426920e-01
6 74 1.426623e-01
54 58 1.424054e-01
1 25 1.423422e-01
12 79 1.419566e-01
25 69 1.418776e-01
26 48 1.416464e-01
73 82 1.415855e-01
19 25 1.401267e-01
14 73 1.397667e-01
1 59 1.394355e-01
26 61 1.393065e-01
53 56 1.391841e-01
57 82 1.389897e-01
26 38 1.384330e-01
62 83 1.381376e-01
32 47 1.379492e-01
52 69 1.377518e-01
13 15 1.377408e-01
20 24 1.375800e-01
15 32 1.374725e-01
2 15 1.374094e-01
23 53 1.371805e-01
9 57 1.370080e-01
11 32 1.361173e-01
10 56 1.360607e-01
58 72 1.357409e-01
10 50 1.353188e-01
48 58 1.352523e-01
26 49 1.352456e-01
4 37 1.350376e-01
78 84 1.349987e-01
6 22 1.346800e-01
36 66 1.346580e-01
6 17 1.345871e-01
20 81 1.344362e-01
24 85 1.343399e-01
18 30 1.343237e-01
15 61 1.342720e-01
42 60 1.342225e-01
31 49 1.339146e-01
39 52 1.337514e-01
5 79 1.335915e-01
42 76 1.328450e-01
25 41 1.327505e-01
15 42 1.326655e-01
44 63 1.326245e-01
1 42 1.326094e-01
5 42 1.325469e-01
5 16 1.322925e-01
53 59 1.322336e-01
13 54 1.313010e-01
2 4 1.308943e-01
45 46 1.308603e-01
39 66 1.307434e-01
26 40 1.304380e-01
39 46 1.304286e-01
2 35 1.300206e-01
48 52 1.298496e-01
49 80 1.298493e-01
23 45 1.296929e-01
35 65 1.296428e-01
60 61 1.294489e-01
9 73 1.293804e-01
2 33 1.293563e-01
32 61 1.293309e-01
25 34 1.292474e-01
35 71 1.289301e-01
28 37 1.288333e-01
23 43 1.285685e-01
2 9 1.285274e-01
35 46 1.284233e-01
13 20 1.282741e-01
60 77 1.281947e-01
25 72 1.278463e-01
14 36 1.277717e-01
63 74 1.274834e-01
27 55 1.274588e-01
43 81 1.273142e-01
17 79 1.273053e-01
51 81 1.271873e-01
12 30 1.271650e-01
35 83 1.271359e-01
21 62 1.266592e-01
20 21 1.263238e-01
8 28 1.260046e-01
62 66 1.258762e-01
17 62 1.258428e-01
29 49 1.257245e-01
34 58 1.252103e-01
29 72 1.251398e-01
1 73 1.249831e-01
11 47 1.248134e-01
18 51 1.244052e-01
9 46 1.243009e-01
5 69 1.241381e-01
6 44 1.237350e-01
31 59 1.235629e-01
46 80 1.235322e-01
9 41 1.234854e-01
26 57 1.233466e-01
13 24 1.233176e-01
28 51 1.233155e-01
10 15 1.227268e-01
58 67 1.227031e-01
5 59 1.224495e-01
8 48 1.223550e-01
37 52 1.220880e-01
3 11 1.217143e-01
54 63 1.213312e-01
17 53 1.213164e-01
41 62 1.211059e-01
41 50 1.210674e-01
39 44 1.210321e-01
14 63 1.209815e-01
31 47 1.208911e-01
23 51 1.208496e-01
16 29 1.208351e-01
71 78 1.205740e-01
14 49 1.205389e-01
22 28 1.202695e-01
27 63 1.202369e-01
65 72 1.199478e-01
38 53 1.198576e-01
24 61 1.198454e-01
27 48 1.198185e-01
1 9 1.194254e-01
30 53 1.193249e-01
11 58 1.192982e-01
8 29 1.192604e-01
31 54 1.192052e-01
27 33 1.184797e-01
50 71 1.181860e-01
1 36 1.180002e-01
16 30 1.176781e-01
44 57 1.174125e-01
6 50 1.173251e-01
14 33 1.170979e-01
22 48 1.169770e-01
19 26 1.167244e-01
62 71 1.166281e-01
3 82 1.163984e-01
30 33 1.160487e-01
21 40 1.160130e-01
29 30 1.159254e-01
13 66 1.156326e-01
19 37 1.154282e-01
12 64 1.151534e-01
29 68 1.151137e-01
12 54 1.147299e-01
54 71 1.146248e-01
36 83 1.143573e-01
22 64 1.142126e-01
32 69 1.141130e-01
8 9 1.138979e-01
16 58 1.135685e-01
53 58 1.135220e-01
24 64 1.134331e-01
24 67 1.130039e-01
44 66 1.129407e-01
2 19 1.128077e-01
78 83 1.128017e-01
41 52 1.125712e-01
5 66 1.124446e-01
10 29 1.124266e-01
21 43 1.123553e-01
30 73 1.122559e-01
13 80 1.115147e-01
12 74 1.114633e-01
72 73 1.112714e-01
43 62 1.111024e-01
32 41 1.107911e-01
47 50 1.106653e-01
30 35 1.106571e-01
56 63 1.101246e-01
31 38 1.100053e-01
12 49 1.094207e-01
58 66 1.093410e-01
9 76 1.092879e-01
24 49 1.092542e-01
21 60 1.091365e-01
36 72 1.088673e-01
6 59 1.088633e-01
36 77 1.086777e-01
48 84 1.086525e-01
30 46 1.085937e-01
46 72 1.084655e-01
13 76 1.084569e-01
46 62 1.082565e-01
1 40 1.081818e-01
6 20 1.078999e-01
31 33 1.078621e-01
1 28 1.078535e-01
31 74 1.077860e-01
9 11 1.077038e-01
12 48 1.075455e-01
7 60 1.075050e-01
17 85 1.073138e-01
32 83 1.070652e-01
8 73 1.070046e-01
40 79 1.067709e-01
6 7 1.065543e-01
13 73 1.065110e-01
26 28 1.062619e-01
28 38 1.056404e-01
24 63 1.055971e-01
2 11 1.055654e-01
19 56 1.055332e-01
14 29 1.053260e-01
2 42 1.052507e-01
36 76 1.052502e-01
8 66 1.050946e-01
37 55 1.045953e-01
46 69 1.038883e-01
64 75 1.038126e-01
68 82 1.036243e-01
43 77 1.036148e-01
11 56 1.035785e-01
40 55 1.035401e-01
9 69 1.035298e-01
57 63 1.033671e-01
3 21 1.032438e-01
13 16 1.027208e-01
19 70 1.027036e-01
15 66 1.024836e-01
9 67 1.021162e-01
29 35 1.020884e-01
53 70 1.019559e-01
25 46 1.019347e-01
67 71 1.017761e-01
11 83 1.017515e-01
16 56 1.015067e-01
42 72 1.014246e-01
21 84 1.011413e-01
32 35 1.011331e-01
23 69 1.011151e-01
6 67 1.010908e-01
43 67 1.010555e-01
41 69 1.010316e-01
20 66 1.008835e-01
16 67 1.008688e-01
13 31 1.008522e-01
22 54 1.007473e-01
24 35 1.003995e-01
31 83 1.002918e-01
5 80 1.002075e-01
38 83 1.001402e-01
42 46 9.992509e-02
30 51 9.887315e-02
2 52 9.860871e-02
6 42 9.850003e-02
9 39 9.843980e-02
18 37 9.841373e-02
61 73 9.800406e-02
56 68 9.778076e-02
33 34 9.776848e-02
17 35 9.768425e-02
44 68 9.760914e-02
9 55 9.750626e-02
53 67 9.744776e-02
20 28 9.739111e-02
48 61 9.706257e-02
28 79 9.702484e-02
71 74 9.694863e-02
44 51 9.667854e-02
27 38 9.663502e-02
18 33 9.661791e-02
8 60 9.646853e-02
34 65 9.642666e-02
7 25 9.606585e-02
19 29 9.582908e-02
50 73 9.582551e-02
21 38 9.581488e-02
38 68 9.529829e-02
17 45 9.519898e-02
56 69 9.510575e-02
47 64 9.504626e-02
10 53 9.493470e-02
25 77 9.481621e-02
55 68 9.471202e-02
2 76 9.464223e-02
60 71 9.446615e-02
44 72 9.409833e-02
1 19 9.393758e-02
74 77 9.384288e-02
32 82 9.338165e-02
27 54 9.336310e-02
13 59 9.293522e-02
3 48 9.287876e-02
29 63 9.287860e-02
1 54 9.281914e-02
14 35 9.237239e-02
32 38 9.225751e-02
71 82 9.200929e-02
17 51 9.184294e-02
7 61 9.180484e-02
4 25 9.113603e-02
32 36 9.099041e-02
66 75 9.059123e-02
12 71 9.045250e-02
21 57 9.011655e-02
46 60 9.001514e-02
49 51 8.995760e-02
27 77 8.987256e-02
1 13 8.985187e-02
38 66 8.961573e-02
17 70 8.957145e-02
1 34 8.955490e-02
9 33 8.955123e-02
36 85 8.946382e-02
32 81 8.931998e-02
11 74 8.928021e-02
6 18 8.899664e-02
2 67 8.874373e-02
67 80 8.857926e-02
34 51 8.846867e-02
21 83 8.798533e-02
70 76 8.790656e-02
30 40 8.780254e-02
30 72 8.764761e-02
9 35 8.756055e-02
11 49 8.741747e-02
38 50 8.703333e-02
34 60 8.693959e-02
67 84 8.664674e-02
25 66 8.629520e-02
60 67 8.623596e-02
52 54 8.607429e-02
48 60 8.602505e-02
50 51 8.590636e-02
29 48 8.579440e-02
2 58 8.565598e-02
58 70 8.562284e-02
59 61 8.552061e-02
12 75 8.541225e-02
1 41 8.536212e-02
2 34 8.532066e-02
18 42 8.525637e-02
29 79 8.498759e-02
1 78 8.498560e-02
36 46 8.487009e-02
44 64 8.453675e-02
4 80 8.443022e-02
4 85 8.435727e-02
12 39 8.430456e-02
12 17 8.393713e-02
64 83 8.378638e-02
15 38 8.378617e-02
40 64 8.368965e-02
52 82 8.356171e-02
35 76 8.353161e-02
45 48 8.348862e-02
52 67 8.347790e-02
48 62 8.336437e-02
69 80 8.335748e-02
49 81 8.311924e-02
46 58 8.280391e-02
45 64 8.278569e-02
58 59 8.236413e-02
58 75 8.209637e-02
36 45 8.179429e-02
3 25 8.173414e-02
58 80 8.139362e-02
31 69 8.118022e-02
5 71 8.116103e-02
52 58 8.095247e-02
9 24 8.072685e-02
13 85 8.041987e-02
2 10 8.029657e-02
22 55 8.026893e-02
29 32 7.975902e-02
4 51 7.975771e-02
52 65 7.947070e-02
3 14 7.945372e-02
12 41 7.941031e-02
17 59 7.923360e-02
41 76 7.919422e-02
54 70 7.911501e-02
5 75 7.901122e-02
57 85 7.893747e-02
28 69 7.868287e-02
68 72 7.859684e-02
19 76 7.856199e-02
16 76 7.847147e-02
23 33 7.841550e-02
62 72 7.812043e-02
71 79 7.797167e-02
33 58 7.774179e-02
28 31 7.772781e-02
7 30 7.741281e-02
24 80 7.737367e-02
54 82 7.719288e-02
16 60 7.714266e-02
20 85 7.712499e-02
54 59 7.692434e-02
26 80 7.689805e-02
32 71 7.688903e-02
16 32 7.648805e-02
48 57 7.610347e-02
47 61 7.602346e-02
36 78 7.594377e-02
3 43 7.560815e-02
30 32 7.531232e-02
30 84 7.494703e-02
35 81 7.491839e-02
6 15 7.479165e-02
44 71 7.475716e-02
20 62 7.450877e-02
20 22 7.436598e-02
45 70 7.423319e-02
26 62 7.409342e-02
33 47 7.405222e-02
14 32 7.402907e-02
33 73 7.391935e-02
17 40 7.367204e-02
35 51 7.364257e-02
34 73 7.361171e-02
5 82 7.352591e-02
15 51 7.345500e-02
22 36 7.324239e-02
41 65 7.312026e-02
52 63 7.301096e-02
52 80 7.290151e-02
27 81 7.275248e-02
3 41 7.266253e-02
5 58 7.261711e-02
14 81 7.256274e-02
11 28 7.226375e-02
2 20 7.214875e-02
58 64 7.191789e-02
32 64 7.190926e-02
34 47 7.176679e-02
48 55 7.174483e-02
5 81 7.165433e-02
26 59 7.146265e-02
51 56 7.135772e-02
50 61 7.115057e-02
49 82 7.068439e-02
49 62 7.044083e-02
13 60 7.040908e-02
17 80 7.038408e-02
32 65 7.029079e-02
56 67 7.010380e-02
32 76 7.004746e-02
49 63 7.003757e-02
17 34 6.999547e-02
40 46 6.987115e-02
16 69 6.983752e-02
38 77 6.922978e-02
12 68 6.895359e-02
21 34 6.870951e-02
22 42 6.865563e-02
24 29 6.850724e-02
12 63 6.830867e-02
46 68 6.811537e-02
43 54 6.811227e-02
2 78 6.741485e-02
38 69 6.738481e-02
12 56 6.738389e-02
59 79 6.714760e-02
52 60 6.697998e-02
5 50 6.694453e-02
2 22 6.687001e-02
40 63 6.677747e-02
54 60 6.670451e-02
38 41 6.662851e-02
27 61 6.650755e-02
62 82 6.650504e-02
5 37 6.646743e-02
14 47 6.628797e-02
33 70 6.614596e-02
19 77 6.600682e-02
13 51 6.578637e-02
10 27 6.571804e-02
26 39 6.567521e-02
8 67 6.553016e-02
5 72 6.543406e-02
4 63 6.528226e-02
2 23 6.510635e-02
5 23 6.486281e-02
19 23 6.415008e-02
22 60 6.379892e-02
40 66 6.369256e-02
24 76 6.348284e-02
63 66 6.340669e-02
17 64 6.339507e-02
23 32 6.306515e-02
72 84 6.294569e-02
28 41 6.223289e-02
19 64 6.217007e-02
1 76 6.203204e-02
59 71 6.187448e-02
36 67 6.182487e-02
27 72 6.178921e-02
10 60 6.169062e-02
40 42 6.168639e-02
35 58 6.163570e-02
1 10 6.157698e-02
41 75 6.146018e-02
14 48 6.127861e-02
28 85 6.121044e-02
44 47 6.120403e-02
76 78 6.112531e-02
49 83 6.095334e-02
3 69 6.060812e-02
13 40 6.040327e-02
22 27 6.036645e-02
6 69 6.036428e-02
10 61 6.017153e-02
62 79 5.991751e-02
57 74 5.977341e-02
25 57 5.973934e-02
27 71 5.964166e-02
6 81 5.945236e-02
23 58 5.941697e-02
27 44 5.930730e-02
1 81 5.907277e-02
30 54 5.904190e-02
38 44 5.903600e-02
52 62 5.900315e-02
11 71 5.900182e-02
7 71 5.888302e-02
64 73 5.863896e-02
63 79 5.860646e-02
69 78 5.827883e-02
50 77 5.827543e-02
35 84 5.823347e-02
65 85 5.794203e-02
39 55 5.763917e-02
34 43 5.742060e-02
69 82 5.734354e-02
36 75 5.711740e-02
7 46 5.705365e-02
13 48 5.698844e-02
53 81 5.691537e-02
45 59 5.687251e-02
25 78 5.685422e-02
41 58 5.664700e-02
10 52 5.662648e-02
27 67 5.635713e-02
18 60 5.614614e-02
7 34 5.610257e-02
47 57 5.582706e-02
32 85 5.533019e-02
20 75 5.532278e-02
29 83 5.510343e-02
12 76 5.478017e-02
31 62 5.472317e-02
41 47 5.471558e-02
47 79 5.468449e-02
56 76 5.461266e-02
36 52 5.450913e-02
13 62 5.443981e-02
28 67 5.443833e-02
41 56 5.413344e-02
55 72 5.412565e-02
57 69 5.412340e-02
8 32 5.405976e-02
40 75 5.398441e-02
27 56 5.389015e-02
21 48 5.387455e-02
38 46 5.381559e-02
25 45 5.350621e-02
13 78 5.299218e-02
11 68 5.291550e-02
24 41 5.272488e-02
8 83 5.252899e-02
3 62 5.245551e-02
48 76 5.244685e-02
18 82 5.244105e-02
6 85 5.241888e-02
10 43 5.241445e-02
16 59 5.240023e-02
23 61 5.233204e-02
20 61 5.222865e-02
53 61 5.222630e-02
29 82 5.200191e-02
38 85 5.186302e-02
24 46 5.175120e-02
17 50 5.163586e-02
27 35 5.152320e-02
34 81 5.148673e-02
25 48 5.138372e-02
13 77 5.133468e-02
43 73 5.129874e-02
61 69 5.092494e-02
7 82 5.082015e-02
33 48 5.059792e-02
2 16 5.057716e-02
71 76 5.028201e-02
51 73 5.004780e-02
23 47 5.001071e-02
49 76 4.999675e-02
31 60 4.950450e-02
52 84 4.950429e-02
1 72 4.937930e-02
7 59 4.888809e-02
54 80 4.865901e-02
8 31 4.863626e-02
3 6 4.856763e-02
47 63 4.844374e-02
43 85 4.843436e-02
69 77 4.831696e-02
51 66 4.802836e-02
12 27 4.747933e-02
1 30 4.730191e-02
33 57 4.721890e-02
32 60 4.720361e-02
10 76 4.683756e-02
39 62 4.667135e-02
17 71 4.652146e-02
25 31 4.652087e-02
22 49 4.632394e-02
15 75 4.605496e-02
28 53 4.603654e-02
33 61 4.593508e-02
34 46 4.571904e-02
9 25 4.530991e-02
16 72 4.501177e-02
63 73 4.480090e-02
8 14 4.473007e-02
54 76 4.464471e-02
63 77 4.463801e-02
36 59 4.456432e-02
5 10 4.439882e-02
52 56 4.428279e-02
16 73 4.423106e-02
27 59 4.391466e-02
44 58 4.326532e-02
41 71 4.319143e-02
46 48 4.316376e-02
16 43 4.293969e-02
1 29 4.288699e-02
55 75 4.275556e-02
9 82 4.274943e-02
23 48 4.266562e-02
8 51 4.263324e-02
51 69 4.260114e-02
65 74 4.259244e-02
33 75 4.253530e-02
29 44 4.250147e-02
27 51 4.248849e-02
7 62 4.225486e-02
17 76 4.208984e-02
3 16 4.193942e-02
12 81 4.182281e-02
3 39 4.176346e-02
17 18 4.168900e-02
8 70 4.163622e-02
27 34 4.142224e-02
70 84 4.116746e-02
28 59 4.099316e-02
61 81 4.093536e-02
40 44 4.083535e-02
51 67 4.075522e-02
9 61 4.070991e-02
10 62 4.061638e-02
22 67 4.057534e-02
31 52 4.055029e-02
48 85 4.033860e-02
22 79 4.027016e-02
70 75 4.013775e-02
49 78 4.010901e-02
30 70 3.999897e-02
23 59 3.978630e-02
28 61 3.966944e-02
4 9 3.952230e-02
9 38 3.948376e-02
29 45 3.945738e-02
30 64 3.929866e-02
26 66 3.928361e-02
26 52 3.912354e-02
10 37 3.889695e-02
15 65 3.878626e-02
51 70 3.852326e-02
36 48 3.840006e-02
30 77 3.837139e-02
51 52 3.830843e-02
10 46 3.814425e-02
28 80 3.804727e-02
4 46 3.782764e-02
8 64 3.779968e-02
37 38 3.768104e-02
72 76 3.767783e-02
16 81 3.763537e-02
8 41 3.758839e-02
53 57 3.732892e-02
59 63 3.727933e-02
27 66 3.721276e-02
14 64 3.698513e-02
28 60 3.694284e-02
9 53 3.683019e-02
44 83 3.665960e-02
35 45 3.665932e-02
41 49 3.639671e-02
47 60 3.635780e-02
64 66 3.584721e-02
16 45 3.567972e-02
7 57 3.565097e-02
9 17 3.553274e-02
6 54 3.529345e-02
28 83 3.528808e-02
14 71 3.528716e-02
12 35 3.511848e-02
35 66 3.510275e-02
19 24 3.468365e-02
18 43 3.462126e-02
5 9 3.449296e-02
48 68 3.441351e-02
20 34 3.440221e-02
27 52 3.439004e-02
62 84 3.427455e-02
2 60 3.414505e-02
14 17 3.407476e-02
35 69 3.406280e-02
23 49 3.387290e-02
22 61 3.368481e-02
5 45 3.350529e-02
11 63 3.343914e-02
45 78 3.332672e-02
9 44 3.331815e-02
17 73 3.331623e-02
15 76 3.330271e-02
61 65 3.323973e-02
16 39 3.301514e-02
20 45 3.271802e-02
30 71 3.260572e-02
50 75 3.260043e-02
40 41 3.234044e-02
26 29 3.225870e-02
22 63 3.188958e-02
44 69 3.162690e-02
11 52 3.155095e-02
51 64 3.148577e-02
20 65 3.147523e-02
29 53 3.147327e-02
37 39 3.146868e-02
45 51 3.146215e-02
24 48 3.145649e-02
10 21 3.139678e-02
74 76 3.138768e-02
31 66 3.115937e-02
21 47 3.112115e-02
63 83 3.101713e-02
72 81 3.095169e-02
65 81 3.065655e-02
3 50 3.019120e-02
16 51 3.008673e-02
23 77 3.002293e-02
66 73 2.986988e-02
28 76 2.969089e-02
26 73 2.966160e-02
15 71 2.963709e-02
40 53 2.951970e-02
63 69 2.943661e-02
31 46 2.943376e-02
63 67 2.924351e-02
13 14 2.914928e-02
23 78 2.862951e-02
16 34 2.859583e-02
28 54 2.845374e-02
16 55 2.838625e-02
7 54 2.772144e-02
4 30 2.752116e-02
60 63 2.745908e-02
27 73 2.705098e-02
55 57 2.674867e-02
21 75 2.669505e-02
39 84 2.659262e-02
14 66 2.647684e-02
20 30 2.641062e-02
9 15 2.638768e-02
33 35 2.592161e-02
33 64 2.576178e-02
11 39 2.563772e-02
54 55 2.554843e-02
41 61 2.546278e-02
33 78 2.538338e-02
46 53 2.497225e-02
31 70 2.495090e-02
34 68 2.484808e-02
8 68 2.484172e-02
24 31 2.479221e-02
14 43 2.457817e-02
8 43 2.442554e-02
43 69 2.439462e-02
15 27 2.435453e-02
18 81 2.413646e-02
47 82 2.404791e-02
17 27 2.401214e-02
52 81 2.390906e-02
15 85 2.389695e-02
11 84 2.347409e-02
15 67 2.340319e-02
18 23 2.321681e-02
2 62 2.305776e-02
7 76 2.297434e-02
14 39 2.275403e-02
17 26 2.272378e-02
7 12 2.264157e-02
40 77 2.260116e-02
62 70 2.259403e-02
15 70 2.251740e-02
10 35 2.235098e-02
40 78 2.232087e-02
16 77 2.200292e-02
33 50 2.187399e-02
60 70 2.184558e-02
40 54 2.114772e-02
62 74 2.103174e-02
7 9 2.098958e-02
43 78 2.091161e-02
31 63 2.084493e-02
1 32 2.082218e-02
57 71 2.078067e-02
46 52 2.070065e-02
6 61 2.060171e-02
6 53 2.039734e-02
8 24 2.032887e-02
30 67 2.028276e-02
6 41 2.019986e-02
43 74 2.017971e-02
11 80 2.016334e-02
11 12 2.004701e-02
61 66 2.000271e-02
4 76 1.998948e-02
8 71 1.985469e-02
14 80 1.975277e-02
69 73 1.972086e-02
3 71 1.970947e-02
26 58 1.948885e-02
19 85 1.925008e-02
29 34 1.906101e-02
65 82 1.872167e-02
8 13 1.862803e-02
12 59 1.860416e-02
52 83 1.855283e-02
31 36 1.838585e-02
11 46 1.831276e-02
69 79 1.828994e-02
13 32 1.826595e-02
38 57 1.817191e-02
62 75 1.812116e-02
20 47 1.809858e-02
20 63 1.806109e-02
11 66 1.797317e-02
71 84 1.794979e-02
48 75 1.773929e-02
8 16 1.768835e-02
41 77 1.768110e-02
1 14 1.741414e-02
53 78 1.737075e-02
20 68 1.732876e-02
34 55 1.724282e-02
1 62 1.697740e-02
12 16 1.676630e-02
38 60 1.609579e-02
19 69 1.608524e-02
31 77 1.589591e-02
19 49 1.575719e-02
38 84 1.540702e-02
43 60 1.539249e-02
13 33 1.532945e-02
59 72 1.505220e-02
63 70 1.503974e-02
27 84 1.497424e-02
13 82 1.484539e-02
4 64 1.484276e-02
50 76 1.457309e-02
1 33 1.442359e-02
44 55 1.441827e-02
42 50 1.437154e-02
32 42 1.411899e-02
4 84 1.387572e-02
19 63 1.385699e-02
24 79 1.363689e-02
47 52 1.350214e-02
33 39 1.317193e-02
47 74 1.316605e-02
34 37 1.298360e-02
24 74 1.288993e-02
36 84 1.286359e-02
19 71 1.239473e-02
14 58 1.209133e-02
14 27 1.193189e-02
48 66 1.187261e-02
29 75 1.183874e-02
1 67 1.173708e-02
5 46 1.162416e-02
30 43 1.160390e-02
4 24 1.148052e-02
30 44 1.135618e-02
4 38 1.121333e-02
57 78 1.113462e-02
25 53 1.092746e-02
46 47 1.088352e-02
6 45 1.088184e-02
44 46 1.087584e-02
7 18 1.086701e-02
22 84 1.085377e-02
5 49 1.062050e-02
8 22 1.055615e-02
24 81 1.052413e-02
37 41 1.051757e-02
36 56 1.037099e-02
56 57 1.027278e-02
52 59 9.947007e-03
44 49 9.696317e-03
22 70 9.508098e-03
12 13 9.450576e-03
15 37 9.443017e-03
29 77 9.247753e-03
9 28 9.098598e-03
3 34 9.027333e-03
58 85 8.810577e-03
15 48 8.756447e-03
49 65 8.589370e-03
73 79 8.578641e-03
10 11 8.399737e-03
12 55 8.029271e-03
36 54 7.664392e-03
13 65 7.639951e-03
45 85 7.535564e-03
32 50 7.473111e-03
38 65 7.434047e-03
67 75 7.370160e-03
8 85 7.333276e-03
7 28 7.269853e-03
43 44 7.237424e-03
7 39 7.201157e-03
8 65 7.177953e-03
41 46 6.912389e-03
46 61 6.787325e-03
61 72 6.730336e-03
49 64 6.666244e-03
46 70 6.567655e-03
13 38 6.501846e-03
5 40 6.416136e-03
51 65 6.302741e-03
48 53 5.883408e-03
69 72 5.725793e-03
43 53 5.597736e-03
5 11 5.381253e-03
10 12 5.348581e-03
58 65 5.129501e-03
35 56 4.850764e-03
68 83 4.696082e-03
35 80 4.523959e-03
63 76 4.438140e-03
11 41 4.428688e-03
45 84 4.401812e-03
27 40 4.374631e-03
9 26 4.157525e-03
17 67 4.123737e-03
46 57 4.080869e-03
54 56 3.832220e-03
41 55 3.765976e-03
32 46 3.720130e-03
76 80 3.695855e-03
47 76 3.682010e-03
49 50 3.630696e-03
34 66 3.440609e-03
10 66 3.307218e-03
14 52 3.104689e-03
12 57 2.996991e-03
15 44 2.919496e-03
33 84 2.872923e-03
28 62 2.730671e-03
36 57 2.489694e-03
52 53 2.425319e-03
8 42 2.212604e-03
39 73 1.968302e-03
21 26 1.810956e-03
30 38 1.788319e-03
58 62 1.497250e-03
45 55 1.137213e-03
2 39 9.925655e-04
41 81 6.942491e-04
39 63 6.097960e-04
6 73 5.767699e-04
33 65 4.497660e-04
39 56 3.984587e-04
31 61 2.806816e-04
39 71 1.556405e-04
25 79 1.419956e-04
12 77 -1.026199e-05
59 66 -5.126442e-05
15 39 -5.643665e-05
9 85 -3.078117e-04
22 57 -3.881652e-04
27 39 -4.973773e-04
62 73 -7.087876e-04
28 55 -7.098239e-04
28 40 -8.246948e-04
23 74 -9.785379e-04
31 34 -1.063393e-03
2 25 -1.155328e-03
14 85 -1.217885e-03
3 7 -1.375128e-03
28 46 -1.584639e-03
25 63 -1.704021e-03
56 77 -1.745363e-03
33 51 -1.779892e-03
27 60 -1.809237e-03
11 44 -1.846390e-03
32 55 -2.118719e-03
51 68 -2.163091e-03
28 52 -2.263012e-03
2 80 -2.411064e-03
15 47 -2.757625e-03
67 70 -2.816075e-03
35 48 -2.994967e-03
24 45 -2.999468e-03
58 73 -3.232192e-03
29 76 -3.265968e-03
12 78 -3.416250e-03
32 63 -3.531774e-03
39 70 -3.780003e-03
1 43 -3.787547e-03
2 12 -3.805587e-03
54 64 -3.809787e-03
5 51 -3.913991e-03
37 71 -4.231986e-03
43 63 -4.300090e-03
65 76 -4.370387e-03
29 51 -4.684293e-03
16 75 -4.732460e-03
50 60 -4.799137e-03
28 39 -5.398075e-03
35 60 -5.420661e-03
9 32 -5.463191e-03
50 57 -5.524737e-03
51 62 -6.038011e-03
35 55 -6.231571e-03
3 72 -6.306757e-03
31 35 -6.353093e-03
19 84 -6.366596e-03
12 67 -6.480829e-03
20 58 -6.593283e-03
36 47 -6.686196e-03
34 79 -6.693606e-03
12 37 -6.888418e-03
10 44 -7.079066e-03
18 40 -7.140391e-03
48 73 -7.184984e-03
23 28 -7.446895e-03
20 78 -7.700284e-03
1 80 -7.894800e-03
9 65 -7.990104e-03
42 73 -8.208052e-03
37 46 -8.244991e-03
33 76 -8.325119e-03
35 62 -8.331643e-03
40 58 -8.348431e-03
9 19 -8.710697e-03
33 85 -9.018567e-03
12 53 -9.165923e-03
49 67 -9.472422e-03
34 35 -9.623014e-03
76 84 -9.793128e-03
11 19 -9.820758e-03
5 31 -9.883047e-03
33 68 -1.000290e-02
12 50 -1.010617e-02
16 61 -1.015493e-02
19 40 -1.021098e-02
3 12 -1.026626e-02
48 83 -1.050889e-02
1 17 -1.061587e-02
13 46 -1.075250e-02
33 55 -1.095673e-02
30 79 -1.101106e-02
9 81 -1.111450e-02
28 43 -1.115385e-02
46 51 -1.115883e-02
75 84 -1.121120e-02
4 52 -1.131528e-02
37 62 -1.138078e-02
25 52 -1.151313e-02
10 68 -1.151356e-02
74 81 -1.174431e-02
18 55 -1.218628e-02
65 70 -1.246388e-02
57 83 -1.258750e-02
29 74 -1.275981e-02
34 39 -1.301470e-02
3 9 -1.302865e-02
7 11 -1.306169e-02
17 74 -1.342009e-02
32 44 -1.348211e-02
1 39 -1.349865e-02
15 73 -1.399419e-02
39 74 -1.422257e-02
65 71 -1.430464e-02
67 72 -1.457170e-02
33 59 -1.473366e-02
22 76 -1.481592e-02
19 79 -1.490279e-02
33 77 -1.498100e-02
8 61 -1.500029e-02
44 84 -1.541858e-02
25 67 -1.588650e-02
40 72 -1.599123e-02
27 74 -1.618004e-02
7 66 -1.625904e-02
29 57 -1.635343e-02
47 78 -1.657290e-02
9 68 -1.675336e-02
65 79 -1.712351e-02
11 82 -1.715303e-02
12 28 -1.751985e-02
42 51 -1.764621e-02
28 82 -1.782590e-02
30 75 -1.785447e-02
7 29 -1.787726e-02
14 78 -1.789558e-02
12 40 -1.801540e-02
14 70 -1.806041e-02
13 35 -1.814883e-02
1 27 -1.882089e-02
39 72 -1.883522e-02
37 83 -1.885983e-02
10 59 -1.889418e-02
18 77 -1.907956e-02
80 81 -1.911549e-02
26 71 -1.912168e-02
23 83 -1.944931e-02
46 50 -1.961477e-02
11 24 -1.970143e-02
63 75 -1.976405e-02
34 84 -1.992842e-02
7 50 -1.998902e-02
16 52 -2.009425e-02
25 62 -2.011754e-02
10 34 -2.041145e-02
25 44 -2.042360e-02
57 62 -2.045518e-02
41 53 -2.056594e-02
19 59 -2.069855e-02
12 69 -2.073411e-02
71 81 -2.077056e-02
39 85 -2.094968e-02
38 70 -2.101417e-02
43 57 -2.118765e-02
5 47 -2.125745e-02
26 68 -2.142266e-02
56 66 -2.149950e-02
24 54 -2.154306e-02
10 30 -2.170446e-02
24 25 -2.175641e-02
69 85 -2.181904e-02
67 79 -2.187120e-02
22 69 -2.189075e-02
42 79 -2.195508e-02
10 51 -2.202613e-02
51 63 -2.292466e-02
40 60 -2.298086e-02
42 70 -2.303191e-02
40 52 -2.303848e-02
28 81 -2.322405e-02
28 63 -2.374714e-02
10 17 -2.387675e-02
8 55 -2.390527e-02
34 83 -2.399463e-02
43 55 -2.408546e-02
9 56 -2.421809e-02
1 35 -2.422863e-02
17 78 -2.427521e-02
2 65 -2.431361e-02
10 38 -2.443446e-02
38 42 -2.458467e-02
61 75 -2.481491e-02
2 32 -2.490425e-02
68 69 -2.498691e-02
24 36 -2.548651e-02
51 74 -2.552621e-02
6 78 -2.565892e-02
67 73 -2.589333e-02
3 35 -2.591367e-02
10 69 -2.606984e-02
7 65 -2.618926e-02
66 76 -2.619922e-02
41 66 -2.635231e-02
12 84 -2.636761e-02
32 49 -2.640004e-02
28 72 -2.650365e-02
14 38 -2.677093e-02
11 14 -2.679517e-02
2 17 -2.731204e-02
19 22 -2.752059e-02
42 85 -2.753043e-02
6 55 -2.799829e-02
11 36 -2.804250e-02
53 80 -2.828250e-02
47 49 -2.837440e-02
7 48 -2.839730e-02
17 60 -2.872568e-02
21 55 -2.874200e-02
41 63 -2.883585e-02
76 77 -2.888084e-02
38 39 -2.889336e-02
10 41 -2.899753e-02
44 60 -2.916264e-02
19 30 -2.922220e-02
6 64 -2.934527e-02
51 75 -2.936642e-02
44 50 -2.940672e-02
13 41 -2.943544e-02
43 82 -2.946274e-02
10 72 -2.953997e-02
27 75 -2.977399e-02
44 53 -2.995625e-02
51 55 -2.997502e-02
68 71 -2.998743e-02
43 79 -3.006296e-02
17 61 -3.028425e-02
55 65 -3.048315e-02
51 60 -3.050540e-02
20 43 -3.051091e-02
33 52 -3.056951e-02
16 74 -3.062620e-02
48 79 -3.073989e-02
11 17 -3.087958e-02
27 43 -3.096316e-02
15 35 -3.106007e-02
43 56 -3.112739e-02
8 80 -3.117574e-02
22 24 -3.129717e-02
3 20 -3.137774e-02
39 80 -3.152967e-02
19 39 -3.179924e-02
36 81 -3.180462e-02
15 23 -3.197962e-02
30 85 -3.208743e-02
20 73 -3.220584e-02
27 64 -3.222435e-02
1 21 -3.223669e-02
19 82 -3.233867e-02
11 76 -3.242917e-02
60 72 -3.258133e-02
11 45 -3.268486e-02
60 62 -3.270726e-02
27 68 -3.303816e-02
19 66 -3.303852e-02
46 76 -3.307629e-02
6 70 -3.329680e-02
68 79 -3.337341e-02
3 56 -3.338746e-02
4 53 -3.340688e-02
36 71 -3.355848e-02
60 68 -3.364742e-02
24 55 -3.393237e-02
53 66 -3.394595e-02
24 78 -3.396518e-02
23 52 -3.415319e-02
23 73 -3.425032e-02
50 79 -3.436462e-02
41 84 -3.443153e-02
57 70 -3.447314e-02
18 72 -3.468937e-02
25 32 -3.502854e-02
7 16 -3.509543e-02
47 55 -3.511210e-02
16 84 -3.517190e-02
13 45 -3.524875e-02
8 38 -3.526884e-02
6 34 -3.531927e-02
20 36 -3.537001e-02
53 65 -3.548802e-02
27 46 -3.556502e-02
33 44 -3.574930e-02
71 80 -3.575481e-02
16 83 -3.596378e-02
62 69 -3.644265e-02
45 54 -3.649071e-02
61 70 -3.668891e-02
13 29 -3.674466e-02
32 79 -3.674543e-02
36 73 -3.675953e-02
21 35 -3.677595e-02
57 64 -3.687423e-02
8 37 -3.690682e-02
16 50 -3.692866e-02
70 79 -3.697280e-02
9 47 -3.700005e-02
23 35 -3.716236e-02
53 60 -3.719400e-02
4 59 -3.760214e-02
3 40 -3.774356e-02
8 59 -3.780607e-02
21 46 -3.795457e-02
32 34 -3.795717e-02
11 75 -3.796486e-02
6 31 -3.809850e-02
7 45 -3.814108e-02
18 34 -3.827200e-02
23 65 -3.828198e-02
48 69 -3.834580e-02
52 70 -3.844311e-02
44 65 -3.850316e-02
18 65 -3.857460e-02
42 44 -3.876750e-02
21 56 -3.890229e-02
14 25 -3.890975e-02
31 40 -3.903910e-02
45 65 -3.948941e-02
57 58 -3.953307e-02
9 31 -3.973103e-02
41 73 -3.976668e-02
34 45 -3.989092e-02
27 41 -3.990115e-02
23 29 -4.038653e-02
2 14 -4.043325e-02
31 75 -4.046189e-02
5 83 -4.057754e-02
14 21 -4.063315e-02
16 36 -4.067947e-02
59 75 -4.080856e-02
27 79 -4.083862e-02
17 56 -4.087263e-02
6 37 -4.087797e-02
26 65 -4.089898e-02
27 76 -4.091551e-02
30 74 -4.107143e-02
1 31 -4.114429e-02
40 68 -4.126319e-02
5 28 -4.126646e-02
19 31 -4.136235e-02
6 10 -4.141436e-02
12 70 -4.153372e-02
36 70 -4.153828e-02
53 76 -4.167457e-02
34 50 -4.181551e-02
45 71 -4.199341e-02
6 72 -4.202554e-02
21 67 -4.239969e-02
27 69 -4.242035e-02
61 68 -4.281746e-02
40 49 -4.305257e-02
54 79 -4.306491e-02
17 68 -4.307424e-02
45 80 -4.307963e-02
26 55 -4.312961e-02
21 69 -4.322885e-02
55 61 -4.324412e-02
29 80 -4.349061e-02
25 74 -4.350803e-02
12 19 -4.361616e-02
16 27 -4.362392e-02
4 47 -4.365293e-02
12 25 -4.376865e-02
43 72 -4.377300e-02
61 83 -4.409691e-02
27 49 -4.416268e-02
32 56 -4.416822e-02
4 42 -4.418424e-02
12 45 -4.429996e-02
26 43 -4.441085e-02
13 21 -4.459971e-02
14 50 -4.460761e-02
12 85 -4.464227e-02
18 61 -4.478636e-02
14 44 -4.497195e-02
13 56 -4.505839e-02
47 51 -4.528933e-02
28 30 -4.532166e-02
7 78 -4.551997e-02
55 60 -4.552063e-02
45 61 -4.564377e-02
55 63 -4.566286e-02
35 43 -4.587262e-02
60 78 -4.630892e-02
6 40 -4.633920e-02
3 57 -4.641579e-02
21 44 -4.663547e-02
8 44 -4.688621e-02
15 56 -4.689671e-02
20 40 -4.722121e-02
36 80 -4.748914e-02
60 73 -4.800957e-02
62 67 -4.805856e-02
1 61 -4.812793e-02
3 75 -4.814663e-02
30 61 -4.821210e-02
62 77 -4.825888e-02
45 79 -4.829151e-02
23 37 -4.843667e-02
8 82 -4.860505e-02
10 85 -4.875040e-02
48 78 -4.928821e-02
16 44 -4.928922e-02
32 52 -4.974123e-02
4 45 -4.984451e-02
10 31 -4.988578e-02
39 65 -4.997559e-02
24 52 -4.997896e-02
28 70 -5.037563e-02
5 27 -5.050348e-02
10 75 -5.062775e-02
52 61 -5.063435e-02
80 85 -5.071611e-02
12 36 -5.072300e-02
14 34 -5.083924e-02
10 18 -5.088243e-02
30 58 -5.114372e-02
21 29 -5.117270e-02
35 73 -5.119781e-02
43 83 -5.123623e-02
9 79 -5.151348e-02
60 80 -5.163753e-02
45 58 -5.168459e-02
19 48 -5.169400e-02
81 84 -5.174407e-02
49 69 -5.179521e-02
70 72 -5.208563e-02
14 51 -5.208896e-02
35 79 -5.220609e-02
77 81 -5.247931e-02
5 35 -5.248653e-02
3 29 -5.250996e-02
53 62 -5.263040e-02
19 27 -5.271737e-02
16 78 -5.285854e-02
11 21 -5.355520e-02
27 80 -5.376097e-02
52 73 -5.377330e-02
43 70 -5.393869e-02
15 72 -5.465887e-02
39 64 -5.487589e-02
22 39 -5.506947e-02
10 47 -5.524136e-02
3 32 -5.526446e-02
25 71 -5.581016e-02
31 45 -5.584454e-02
16 63 -5.595653e-02
80 83 -5.605589e-02
28 65 -5.611537e-02
11 22 -5.617458e-02
57 68 -5.622160e-02
30 81 -5.708060e-02
2 61 -5.760606e-02
21 68 -5.782503e-02
4 21 -5.792631e-02
25 49 -5.817213e-02
25 47 -5.821231e-02
38 80 -5.851874e-02
41 67 -5.909768e-02
15 77 -5.910008e-02
37 42 -5.938104e-02
51 57 -5.948644e-02
17 81 -5.963439e-02
18 27 -5.985498e-02
75 85 -5.987912e-02
50 84 -6.031330e-02
14 67 -6.035161e-02
57 67 -6.040547e-02
46 54 -6.042769e-02
54 67 -6.049499e-02
17 37 -6.053346e-02
26 35 -6.061529e-02
42 62 -6.063725e-02
38 40 -6.064527e-02
36 74 -6.106320e-02
4 29 -6.113465e-02
8 52 -6.118224e-02
4 34 -6.126619e-02
58 77 -6.139314e-02
47 72 -6.141937e-02
26 45 -6.166430e-02
8 18 -6.188011e-02
23 36 -6.233147e-02
7 58 -6.239901e-02
18 69 -6.245867e-02
39 61 -6.264763e-02
19 44 -6.268807e-02
22 68 -6.276122e-02
78 80 -6.295150e-02
9 14 -6.296422e-02
10 73 -6.301997e-02
7 53 -6.304469e-02
7 41 -6.310928e-02
50 65 -6.312331e-02
4 44 -6.339078e-02
67 74 -6.361003e-02
20 32 -6.368340e-02
73 81 -6.378599e-02
11 59 -6.390375e-02
49 53 -6.392856e-02
59 78 -6.416569e-02
54 81 -6.438634e-02
24 77 -6.444504e-02
27 42 -6.461791e-02
52 68 -6.464046e-02
15 31 -6.475356e-02
3 24 -6.496847e-02
39 59 -6.510306e-02
30 55 -6.516906e-02
57 80 -6.523467e-02
33 41 -6.535680e-02
42 81 -6.550417e-02
45 47 -6.557672e-02
60 64 -6.594934e-02
13 58 -6.609618e-02
25 35 -6.611662e-02
12 21 -6.621229e-02
24 70 -6.654633e-02
46 81 -6.661346e-02
3 60 -6.667652e-02
22 72 -6.706324e-02
24 66 -6.714097e-02
14 57 -6.722000e-02
70 77 -6.726994e-02
18 46 -6.731132e-02
19 43 -6.747382e-02
4 74 -6.755638e-02
34 70 -6.763563e-02
8 19 -6.779562e-02
34 41 -6.785620e-02
17 33 -6.796813e-02
78 85 -6.804781e-02
55 76 -6.805447e-02
8 12 -6.815916e-02
44 48 -6.824558e-02
43 49 -6.826336e-02
29 36 -6.827644e-02
2 50 -6.832001e-02
30 66 -6.834853e-02
17 48 -6.840339e-02
3 37 -6.842252e-02
16 49 -6.857829e-02
22 47 -6.872525e-02
55 67 -6.874708e-02
19 62 -6.892481e-02
8 20 -6.917440e-02
10 74 -6.951441e-02
4 75 -6.959717e-02
19 68 -6.982666e-02
50 62 -6.982846e-02
43 71 -6.984069e-02
76 83 -6.989716e-02
3 80 -7.019216e-02
35 40 -7.021446e-02
23 56 -7.022924e-02
14 65 -7.025912e-02
52 78 -7.046738e-02
35 49 -7.069243e-02
42 71 -7.086323e-02
3 63 -7.089247e-02
8 63 -7.096321e-02
7 23 -7.096780e-02
16 57 -7.096886e-02
11 35 -7.100826e-02
21 24 -7.108324e-02
26 70 -7.134822e-02
71 75 -7.147230e-02
30 59 -7.148178e-02
1 75 -7.164334e-02
1 26 -7.177855e-02
5 43 -7.179383e-02
38 54 -7.187338e-02
16 42 -7.189923e-02
47 84 -7.202367e-02
30 82 -7.231638e-02
39 76 -7.254629e-02
7 69 -7.266221e-02
21 76 -7.275153e-02
19 52 -7.292918e-02
10 25 -7.294138e-02
37 74 -7.309056e-02
28 50 -7.310014e-02
24 84 -7.318158e-02
36 62 -7.326770e-02
70 71 -7.328208e-02
35 54 -7.334823e-02
25 43 -7.348330e-02
11 16 -7.351808e-02
48 63 -7.355511e-02
16 41 -7.373760e-02
36 50 -7.383074e-02
64 72 -7.384505e-02
62 68 -7.423348e-02
13 67 -7.429362e-02
18 62 -7.459985e-02
19 35 -7.473769e-02
26 44 -7.476899e-02
10 14 -7.477642e-02
28 36 -7.494779e-02
11 26 -7.512139e-02
37 80 -7.519940e-02
22 83 -7.526843e-02
4 41 -7.545947e-02
42 66 -7.547839e-02
7 49 -7.556544e-02
32 58 -7.559975e-02
21 71 -7.575100e-02
41 43 -7.599785e-02
32 74 -7.616794e-02
35 85 -7.628518e-02
6 77 -7.673581e-02
2 44 -7.677761e-02
4 39 -7.681543e-02
81 85 -7.682736e-02
47 53 -7.684832e-02
15 57 -7.710595e-02
3 18 -7.725314e-02
3 31 -7.740273e-02
42 59 -7.748303e-02
69 83 -7.770592e-02
2 54 -7.772238e-02
5 22 -7.774155e-02
3 64 -7.797083e-02
22 78 -7.812976e-02
27 83 -7.814847e-02
64 69 -7.828563e-02
20 59 -7.829579e-02
18 53 -7.856207e-02
22 32 -7.857535e-02
12 62 -7.874280e-02
12 72 -7.877226e-02
65 80 -7.877465e-02
3 77 -7.883275e-02
67 77 -7.935156e-02
19 34 -7.945749e-02
63 84 -7.950653e-02
4 70 -7.952245e-02
11 38 -7.977059e-02
7 80 -7.978012e-02
20 55 -8.015401e-02
5 65 -8.037802e-02
52 66 -8.050722e-02
44 54 -8.079871e-02
1 45 -8.117922e-02
25 26 -8.124104e-02
10 63 -8.139738e-02
37 84 -8.140584e-02
40 50 -8.151805e-02
22 65 -8.154394e-02
9 49 -8.174391e-02
19 65 -8.202036e-02
10 54 -8.244972e-02
29 39 -8.244973e-02
9 22 -8.245254e-02
1 51 -8.256410e-02
5 64 -8.310427e-02
34 42 -8.346638e-02
79 82 -8.373137e-02
7 21 -8.375502e-02
10 22 -8.377517e-02
16 79 -8.390153e-02
34 71 -8.395006e-02
1 8 -8.396240e-02
47 62 -8.410623e-02
40 57 -8.412109e-02
67 85 -8.423226e-02
72 80 -8.433267e-02
54 57 -8.446872e-02
16 24 -8.471813e-02
37 64 -8.487988e-02
28 77 -8.498939e-02
61 67 -8.499009e-02
37 65 -8.537653e-02
5 77 -8.548911e-02
68 73 -8.615633e-02
12 80 -8.619250e-02
36 55 -8.644233e-02
24 43 -8.654079e-02
47 77 -8.660740e-02
21 37 -8.674798e-02
5 56 -8.675605e-02
19 81 -8.685856e-02
4 62 -8.686687e-02
31 41 -8.701102e-02
34 64 -8.726307e-02
36 69 -8.746061e-02
40 84 -8.756645e-02
29 47 -8.763689e-02
34 85 -8.776839e-02
78 81 -8.776898e-02
52 79 -8.785268e-02
13 30 -8.785346e-02
26 27 -8.796970e-02
23 31 -8.805879e-02
27 31 -8.813455e-02
4 50 -8.825862e-02
14 83 -8.829141e-02
29 81 -8.830432e-02
18 63 -8.850959e-02
43 64 -8.877878e-02
21 81 -8.880016e-02
35 82 -8.891813e-02
65 84 -8.893766e-02
2 8 -8.931170e-02
7 44 -8.943130e-02
31 48 -8.947588e-02
37 67 -8.980063e-02
5 38 -8.989953e-02
7 56 -8.999374e-02
21 70 -9.022608e-02
67 83 -9.023788e-02
8 62 -9.025701e-02
67 76 -9.051051e-02
22 38 -9.061566e-02
50 56 -9.062935e-02
9 78 -9.070290e-02
59 67 -9.075303e-02
17 30 -9.091882e-02
39 58 -9.161665e-02
54 65 -9.164468e-02
13 44 -9.168278e-02
13 63 -9.175017e-02
18 19 -9.175140e-02
30 68 -9.194605e-02
54 74 -9.223196e-02
29 43 -9.253711e-02
12 38 -9.263446e-02
30 63 -9.281044e-02
51 84 -9.285195e-02
15 26 -9.287596e-02
70 78 -9.313893e-02
25 55 -9.362927e-02
35 63 -9.375842e-02
40 76 -9.400982e-02
50 59 -9.405531e-02
19 53 -9.407672e-02
24 44 -9.408717e-02
18 79 -9.413304e-02
2 18 -9.415835e-02
17 31 -9.418177e-02
58 82 -9.431097e-02
7 15 -9.435744e-02
28 68 -9.435989e-02
22 35 -9.438741e-02
43 84 -9.456999e-02
3 17 -9.457209e-02
19 36 -9.472330e-02
8 77 -9.472930e-02
5 70 -9.483578e-02
39 50 -9.513560e-02
31 72 -9.516388e-02
25 27 -9.529086e-02
55 69 -9.530891e-02
12 65 -9.547726e-02
32 62 -9.562238e-02
43 65 -9.568838e-02
5 26 -9.594800e-02
76 85 -9.629813e-02
21 32 -9.631121e-02
13 34 -9.648164e-02
69 84 -9.648671e-02
24 57 -9.678081e-02
42 55 -9.678326e-02
10 67 -9.685617e-02
47 59 -9.728284e-02
11 18 -9.735282e-02
20 70 -9.755078e-02
29 60 -9.770628e-02
50 66 -9.772523e-02
68 78 -9.781370e-02
5 57 -9.791129e-02
35 61 -9.793448e-02
71 72 -9.803379e-02
50 80 -9.803771e-02
45 77 -9.819283e-02
17 83 -9.841936e-02
57 76 -9.853307e-02
52 77 -9.858140e-02
12 22 -9.858813e-02
59 82 -9.886196e-02
45 60 -9.893135e-02
24 51 -9.917867e-02
11 69 -9.920875e-02
8 35 -9.921531e-02
7 24 -9.922531e-02
5 52 -9.923023e-02
2 41 -9.940091e-02
45 73 -9.944947e-02
15 36 -9.945050e-02
18 35 -9.955476e-02
42 64 -9.962260e-02
22 41 -9.976817e-02
16 46 -9.981538e-02
17 39 -1.000481e-01
9 58 -1.001262e-01
16 48 -1.002428e-01
13 50 -1.002522e-01
50 53 -1.003814e-01
50 78 -1.005186e-01
3 54 -1.005741e-01
33 38 -1.006939e-01
8 45 -1.007797e-01
37 73 -1.008654e-01
3 65 -1.009327e-01
5 39 -1.009836e-01
14 40 -1.011734e-01
17 77 -1.014231e-01
47 65 -1.017665e-01
9 52 -1.019405e-01
14 79 -1.022123e-01
4 67 -1.023420e-01
58 63 -1.024940e-01
8 40 -1.026723e-01
64 70 -1.028236e-01
73 85 -1.028554e-01
24 32 -1.030107e-01
5 60 -1.030246e-01
25 64 -1.031401e-01
29 54 -1.032478e-01
9 34 -1.033245e-01
30 57 -1.034535e-01
38 71 -1.034769e-01
14 45 -1.036481e-01
10 42 -1.036582e-01
11 55 -1.036611e-01
12 46 -1.036659e-01
13 36 -1.036686e-01
36 58 -1.037191e-01
20 71 -1.037624e-01
54 73 -1.038715e-01
24 72 -1.039495e-01
18 32 -1.041442e-01
1 38 -1.044026e-01
28 42 -1.044657e-01
3 22 -1.045821e-01
65 69 -1.046932e-01
25 54 -1.047081e-01
38 79 -1.049203e-01
18 58 -1.049457e-01
9 29 -1.054454e-01
65 73 -1.055122e-01
13 26 -1.056017e-01
34 36 -1.056768e-01
42 83 -1.058224e-01
26 64 -1.060452e-01
67 69 -1.061270e-01
31 73 -1.062016e-01
51 82 -1.062030e-01
4 27 -1.062872e-01
52 64 -1.063598e-01
5 12 -1.065136e-01
39 68 -1.065622e-01
31 37 -1.065798e-01
15 30 -1.066069e-01
4 58 -1.066324e-01
24 82 -1.066788e-01
42 77 -1.067539e-01
29 31 -1.068470e-01
44 80 -1.068722e-01
5 48 -1.072042e-01
35 59 -1.074466e-01
2 5 -1.075166e-01
3 19 -1.076375e-01
53 64 -1.080710e-01
28 45 -1.081384e-01
6 80 -1.081475e-01
19 47 -1.081538e-01
25 36 -1.081780e-01
21 78 -1.087454e-01
4 72 -1.087756e-01
41 48 -1.092123e-01
7 35 -1.092175e-01
54 61 -1.092314e-01
3 47 -1.092405e-01
15 82 -1.094246e-01
7 64 -1.095412e-01
65 75 -1.096044e-01
42 48 -1.099683e-01
36 40 -1.103486e-01
2 7 -1.105116e-01
41 83 -1.105389e-01
38 47 -1.106283e-01
13 23 -1.106436e-01
28 44 -1.106871e-01
7 19 -1.107260e-01
44 79 -1.108685e-01
2 29 -1.110102e-01
11 15 -1.110911e-01
7 51 -1.111190e-01
46 64 -1.112345e-01
19 78 -1.113555e-01
4 19 -1.113934e-01
20 64 -1.114652e-01
73 84 -1.114731e-01
33 71 -1.115345e-01
6 30 -1.115453e-01
5 17 -1.116442e-01
9 40 -1.117360e-01
33 36 -1.117386e-01
45 68 -1.119766e-01
20 38 -1.120878e-01
46 63 -1.121291e-01
7 22 -1.122873e-01
22 46 -1.126816e-01
38 63 -1.127200e-01
23 67 -1.128577e-01
18 78 -1.129190e-01
15 16 -1.129775e-01
28 73 -1.133165e-01
29 73 -1.134500e-01
29 78 -1.138664e-01
5 54 -1.142774e-01
2 73 -1.143146e-01
31 67 -1.143156e-01
38 49 -1.143639e-01
42 67 -1.143688e-01
4 28 -1.143967e-01
49 66 -1.145837e-01
15 20 -1.145855e-01
14 62 -1.149362e-01
25 40 -1.156262e-01
29 42 -1.157544e-01
3 23 -1.157842e-01
1 64 -1.158198e-01
34 80 -1.158662e-01
57 66 -1.161884e-01
70 81 -1.163528e-01
38 58 -1.164270e-01
49 60 -1.167339e-01
17 69 -1.167610e-01
40 70 -1.168220e-01
19 67 -1.168293e-01
13 71 -1.170811e-01
10 70 -1.172279e-01
20 27 -1.174449e-01
21 33 -1.176678e-01
62 78 -1.177314e-01
26 69 -1.179090e-01
6 39 -1.179455e-01
40 47 -1.181147e-01
63 78 -1.186483e-01
26 41 -1.186825e-01
6 84 -1.188552e-01
23 84 -1.190541e-01
10 48 -1.191299e-01
21 54 -1.191664e-01
9 48 -1.192415e-01
29 84 -1.195449e-01
54 66 -1.200903e-01
23 50 -1.201314e-01
6 47 -1.204577e-01
3 81 -1.209081e-01
37 63 -1.209119e-01
25 82 -1.209232e-01
20 39 -1.210505e-01
23 34 -1.210655e-01
17 54 -1.212663e-01
16 17 -1.212925e-01
41 70 -1.212948e-01
37 69 -1.215729e-01
64 67 -1.218814e-01
12 43 -1.221980e-01
40 48 -1.223488e-01
64 82 -1.224155e-01
53 54 -1.224244e-01
29 64 -1.226111e-01
72 79 -1.227803e-01
20 33 -1.228482e-01
42 82 -1.230259e-01
38 72 -1.231885e-01
34 82 -1.232679e-01
46 77 -1.234840e-01
52 85 -1.235823e-01
3 66 -1.239300e-01
56 58 -1.239685e-01
26 56 -1.240205e-01
40 59 -1.246136e-01
76 81 -1.247132e-01
5 14 -1.248657e-01
7 68 -1.250290e-01
5 68 -1.250383e-01
28 84 -1.250673e-01
24 71 -1.253330e-01
49 54 -1.253954e-01
1 44 -1.254967e-01
45 69 -1.261077e-01
24 28 -1.265025e-01
56 80 -1.267319e-01
59 60 -1.271480e-01
31 65 -1.271904e-01
19 72 -1.273317e-01
30 83 -1.274104e-01
18 67 -1.274392e-01
15 43 -1.280592e-01
24 30 -1.281361e-01
56 62 -1.281943e-01
14 19 -1.282353e-01
3 45 -1.283521e-01
5 36 -1.285192e-01
18 84 -1.286697e-01
48 56 -1.290484e-01
22 53 -1.294772e-01
40 80 -1.295153e-01
68 77 -1.299760e-01
15 58 -1.301432e-01
17 25 -1.302068e-01
41 82 -1.302549e-01
8 33 -1.304369e-01
20 29 -1.310872e-01
32 54 -1.311352e-01
1 6 -1.317285e-01
13 42 -1.317412e-01
23 41 -1.317879e-01
15 25 -1.319871e-01
18 70 -1.321341e-01
21 58 -1.323082e-01
5 62 -1.323579e-01
34 63 -1.326992e-01
33 56 -1.327015e-01
30 47 -1.333926e-01
23 82 -1.335208e-01
34 77 -1.336248e-01
40 85 -1.340963e-01
45 66 -1.342670e-01
51 80 -1.344138e-01
30 65 -1.345916e-01
53 75 -1.350784e-01
35 57 -1.353836e-01
27 29 -1.354118e-01
17 23 -1.355427e-01
49 56 -1.357331e-01
65 77 -1.357460e-01
22 25 -1.357587e-01
37 43 -1.358051e-01
24 73 -1.359923e-01
39 57 -1.360198e-01
17 58 -1.361463e-01
43 51 -1.361712e-01
17 36 -1.362804e-01
17 32 -1.366955e-01
25 70 -1.370785e-01
58 81 -1.372637e-01
6 60 -1.375958e-01
37 44 -1.377651e-01
37 51 -1.380137e-01
4 77 -1.381507e-01
22 73 -1.383749e-01
31 55 -1.384658e-01
66 72 -1.385234e-01
11 33 -1.386473e-01
79 80 -1.389260e-01
24 68 -1.391241e-01
34 44 -1.391449e-01
1 48 -1.396440e-01
15 60 -1.397900e-01
37 79 -1.399883e-01
48 59 -1.400717e-01
12 60 -1.402115e-01
23 30 -1.402396e-01
26 31 -1.404857e-01
24 27 -1.407585e-01
6 21 -1.408182e-01
39 54 -1.414036e-01
41 80 -1.415462e-01
3 68 -1.419850e-01
50 69 -1.419931e-01
14 54 -1.422558e-01
8 11 -1.423368e-01
4 7 -1.427423e-01
6 13 -1.428143e-01
2 27 -1.429158e-01
57 79 -1.429607e-01
37 81 -1.430532e-01
22 52 -1.431181e-01
24 62 -1.431532e-01
18 66 -1.438916e-01
23 71 -1.439286e-01
63 81 -1.441489e-01
80 82 -1.441802e-01
31 56 -1.445022e-01
15 54 -1.446018e-01
12 66 -1.450327e-01
14 24 -1.451406e-01
68 74 -1.452400e-01
69 75 -1.452761e-01
26 72 -1.455767e-01
50 74 -1.456319e-01
11 79 -1.459872e-01
20 51 -1.460700e-01
44 52 -1.462011e-01
37 49 -1.464161e-01
63 85 -1.469754e-01
60 82 -1.472162e-01
27 57 -1.474818e-01
41 57 -1.475626e-01
14 68 -1.475944e-01
5 78 -1.476548e-01
36 53 -1.478566e-01
49 59 -1.478640e-01
26 32 -1.478649e-01
30 31 -1.478685e-01
27 58 -1.482831e-01
23 26 -1.483509e-01
26 53 -1.488055e-01
37 48 -1.490493e-01
35 50 -1.491684e-01
62 80 -1.492282e-01
5 29 -1.492407e-01
6 33 -1.494663e-01
15 29 -1.495733e-01
2 63 -1.497388e-01
3 27 -1.499571e-01
51 77 -1.499664e-01
19 33 -1.504321e-01
34 59 -1.505267e-01
22 30 -1.508643e-01
14 74 -1.511326e-01
32 37 -1.514229e-01
41 45 -1.519246e-01
12 24 -1.522813e-01
9 13 -1.523702e-01
36 41 -1.525908e-01
50 85 -1.527346e-01
2 77 -1.527696e-01
6 49 -1.529867e-01
32 66 -1.530448e-01
38 78 -1.530988e-01
56 65 -1.531134e-01
29 69 -1.531967e-01
50 64 -1.532607e-01
11 40 -1.533498e-01
13 28 -1.534933e-01
56 78 -1.535412e-01
9 74 -1.538277e-01
18 68 -1.539803e-01
5 67 -1.543339e-01
10 33 -1.544006e-01
15 52 -1.544320e-01
42 75 -1.549955e-01
8 69 -1.555532e-01
1 24 -1.557764e-01
3 53 -1.559897e-01
34 78 -1.561823e-01
48 50 -1.564996e-01
21 30 -1.568000e-01
55 80 -1.569338e-01
42 47 -1.573429e-01
22 34 -1.573931e-01
20 48 -1.577649e-01
46 71 -1.579372e-01
6 19 -1.579480e-01
58 79 -1.579822e-01
75 81 -1.580033e-01
42 84 -1.582005e-01
27 45 -1.585641e-01
44 73 -1.585731e-01
39 53 -1.587362e-01
5 25 -1.588360e-01
15 28 -1.591032e-01
24 47 -1.592322e-01
30 41 -1.592632e-01
30 69 -1.593894e-01
39 43 -1.595924e-01
17 72 -1.598078e-01
37 66 -1.604513e-01
9 59 -1.605233e-01
24 60 -1.605374e-01
6 57 -1.607555e-01
5 84 -1.607962e-01
9 23 -1.608140e-01
45 63 -1.609351e-01
2 68 -1.612467e-01
3 70 -1.613532e-01
13 69 -1.615380e-01
17 24 -1.615679e-01
56 82 -1.616799e-01
37 78 -1.617936e-01
43 59 -1.619973e-01
10 32 -1.622014e-01
17 28 -1.623090e-01
27 28 -1.623701e-01
37 45 -1.624541e-01
7 42 -1.627043e-01
8 34 -1.627577e-01
14 72 -1.628554e-01
21 42 -1.629623e-01
22 43 -1.633454e-01
51 78 -1.633621e-01
75 80 -1.638730e-01
4 20 -1.639447e-01
28 66 -1.639819e-01
17 42 -1.643525e-01
12 29 -1.643820e-01
47 80 -1.647332e-01
10 82 -1.656191e-01
18 47 -1.659625e-01
13 43 -1.659993e-01
38 59 -1.661562e-01
16 68 -1.670140e-01
20 44 -1.670550e-01
38 43 -1.671417e-01
49 70 -1.672162e-01
3 13 -1.675276e-01
7 40 -1.675325e-01
35 74 -1.676972e-01
58 68 -1.692572e-01
37 56 -1.694504e-01
16 20 -1.695563e-01
48 65 -1.695643e-01
4 15 -1.695759e-01
1 18 -1.695797e-01
48 81 -1.696649e-01
11 30 -1.696885e-01
37 75 -1.696900e-01
61 71 -1.697644e-01
52 75 -1.700080e-01
7 83 -1.700438e-01
23 85 -1.700771e-01
23 46 -1.703911e-01
21 79 -1.707562e-01
48 82 -1.711576e-01
9 64 -1.711650e-01
54 75 -1.711779e-01
29 50 -1.714142e-01
16 23 -1.716618e-01
16 54 -1.718282e-01
21 51 -1.719573e-01
46 67 -1.723318e-01
3 15 -1.736347e-01
31 85 -1.736446e-01
49 77 -1.740110e-01
72 85 -1.744397e-01
57 84 -1.745391e-01
30 39 -1.745921e-01
35 75 -1.747425e-01
22 80 -1.747683e-01
1 65 -1.751851e-01
29 65 -1.752024e-01
42 45 -1.757420e-01
25 75 -1.760731e-01
21 25 -1.761419e-01
26 60 -1.762098e-01
33 45 -1.762725e-01
27 65 -1.763273e-01
61 74 -1.763417e-01
1 66 -1.764021e-01
28 64 -1.764244e-01
26 81 -1.764635e-01
7 63 -1.766548e-01
28 71 -1.767097e-01
15 45 -1.767442e-01
3 44 -1.767828e-01
2 24 -1.771868e-01
23 64 -1.772451e-01
9 70 -1.774395e-01
33 63 -1.776512e-01
16 66 -1.777332e-01
26 33 -1.777691e-01
17 82 -1.778487e-01
7 10 -1.779567e-01
5 34 -1.782545e-01
24 56 -1.783934e-01
8 30 -1.785014e-01
19 45 -1.785035e-01
47 71 -1.786082e-01
6 14 -1.786297e-01
12 18 -1.790450e-01
37 72 -1.791034e-01
13 27 -1.792020e-01
56 60 -1.793806e-01
48 49 -1.796877e-01
50 83 -1.797427e-01
8 17 -1.798768e-01
49 55 -1.799614e-01
5 30 -1.799784e-01
25 73 -1.801262e-01
1 50 -1.804486e-01
15 24 -1.807785e-01
1 71 -1.808994e-01
44 77 -1.810028e-01
24 33 -1.817343e-01
2 66 -1.820235e-01
20 56 -1.821941e-01
17 57 -1.823562e-01
76 82 -1.825298e-01
58 84 -1.826507e-01
48 77 -1.833310e-01
41 79 -1.839605e-01
34 67 -1.840110e-01
36 43 -1.843333e-01
25 58 -1.844733e-01
23 66 -1.844783e-01
18 28 -1.846797e-01
29 40 -1.853011e-01
77 80 -1.858125e-01
4 13 -1.862288e-01
2 64 -1.864795e-01
13 70 -1.866501e-01
39 47 -1.867695e-01
7 73 -1.869551e-01
4 43 -1.869896e-01
19 80 -1.870554e-01
9 30 -1.871462e-01
31 58 -1.872281e-01
6 51 -1.875157e-01
9 71 -1.878951e-01
5 33 -1.880405e-01
3 73 -1.880673e-01
5 13 -1.883529e-01
9 43 -1.884692e-01
57 77 -1.889830e-01
24 75 -1.891122e-01
14 22 -1.891392e-01
48 64 -1.891909e-01
7 52 -1.891961e-01
6 36 -1.893749e-01
10 39 -1.897795e-01
11 25 -1.901504e-01
31 64 -1.901687e-01
5 15 -1.901739e-01
41 60 -1.901764e-01
67 78 -1.905651e-01
4 35 -1.906552e-01
1 60 -1.907007e-01
21 53 -1.907132e-01
52 57 -1.909689e-01
3 78 -1.913838e-01
58 83 -1.914817e-01
38 76 -1.919369e-01
26 77 -1.921391e-01
15 74 -1.921992e-01
29 46 -1.922837e-01
5 32 -1.923129e-01
20 79 -1.926225e-01
10 16 -1.930846e-01
11 81 -1.932025e-01
45 50 -1.933738e-01
46 73 -1.934762e-01
10 71 -1.938919e-01
19 83 -1.939022e-01
22 66 -1.942626e-01
26 84 -1.943160e-01
36 51 -1.944085e-01
35 70 -1.946249e-01
33 74 -1.947442e-01
30 42 -1.955833e-01
47 66 -1.958762e-01
27 53 -1.963275e-01
47 83 -1.966259e-01
6 11 -1.966695e-01
10 40 -1.966797e-01
45 75 -1.968594e-01
5 63 -1.970381e-01
35 41 -1.970734e-01
4 48 -1.973162e-01
50 67 -1.974780e-01
72 83 -1.975895e-01
19 51 -1.976310e-01
19 75 -1.977484e-01
35 77 -1.981107e-01
6 79 -1.981368e-01
11 20 -1.982507e-01
21 45 -1.985849e-01
6 12 -1.990223e-01
1 7 -1.990982e-01
30 48 -1.991405e-01
5 19 -1.993062e-01
24 50 -1.994112e-01
15 55 -1.994212e-01
10 20 -2.002983e-01
48 74 -2.003981e-01
8 36 -2.004098e-01
41 72 -2.010063e-01
45 72 -2.010458e-01
25 83 -2.011698e-01
12 34 -2.012730e-01
17 43 -2.012960e-01
52 72 -2.019842e-01
18 75 -2.021228e-01
33 54 -2.029630e-01
7 70 -2.030079e-01
61 79 -2.032876e-01
34 53 -2.034392e-01
34 76 -2.036673e-01
46 65 -2.045155e-01
31 39 -2.045843e-01
19 28 -2.046541e-01
14 23 -2.048548e-01
66 78 -2.051876e-01
32 72 -2.054422e-01
2 31 -2.056315e-01
71 83 -2.059622e-01
53 55 -2.061117e-01
7 67 -2.063059e-01
4 71 -2.063626e-01
32 73 -2.065944e-01
4 40 -2.066964e-01
56 84 -2.067167e-01
18 29 -2.068702e-01
31 68 -2.072282e-01
7 33 -2.076528e-01
4 79 -2.079300e-01
39 79 -2.082923e-01
37 58 -2.083910e-01
23 55 -2.084416e-01
18 85 -2.084642e-01
10 23 -2.087555e-01
3 61 -2.092866e-01
5 76 -2.092992e-01
17 75 -2.094671e-01
7 14 -2.096480e-01
30 76 -2.096940e-01
2 47 -2.097249e-01
32 53 -2.098477e-01
32 77 -2.099219e-01
37 60 -2.100582e-01
39 45 -2.100959e-01
14 69 -2.103413e-01
21 59 -2.108126e-01
11 53 -2.108263e-01
48 71 -2.108409e-01
38 74 -2.109821e-01
12 73 -2.110692e-01
11 27 -2.111275e-01
23 40 -2.115122e-01
26 42 -2.117963e-01
20 46 -2.120013e-01
6 63 -2.120432e-01
69 81 -2.121040e-01
42 53 -2.121515e-01
45 62 -2.121661e-01
10 64 -2.123140e-01
3 55 -2.124036e-01
29 61 -2.126809e-01
11 64 -2.127915e-01
42 65 -2.130763e-01
77 83 -2.132391e-01
68 85 -2.132505e-01
26 54 -2.135684e-01
16 33 -2.136027e-01
41 59 -2.136096e-01
20 76 -2.136881e-01
4 78 -2.140234e-01
15 69 -2.146435e-01
21 80 -2.149288e-01
54 84 -2.155387e-01
6 48 -2.162283e-01
3 59 -2.164804e-01
27 37 -2.167296e-01
17 66 -2.167942e-01
9 16 -2.171052e-01
1 68 -2.174737e-01
1 5 -2.175836e-01
43 75 -2.179138e-01
1 12 -2.180251e-01
24 53 -2.181686e-01
32 57 -2.182194e-01
59 81 -2.185324e-01
4 14 -2.188789e-01
22 44 -2.198831e-01
60 65 -2.201016e-01
2 26 -2.201403e-01
39 77 -2.202765e-01
50 63 -2.206243e-01
21 66 -2.213859e-01
10 26 -2.216098e-01
38 52 -2.218349e-01
62 81 -2.222777e-01
41 68 -2.230689e-01
10 13 -2.232382e-01
33 46 -2.242177e-01
22 31 -2.246274e-01
13 47 -2.246951e-01
29 58 -2.248053e-01
12 82 -2.249081e-01
28 49 -2.249195e-01
44 82 -2.250581e-01
30 62 -2.255627e-01
11 62 -2.259734e-01
43 58 -2.260554e-01
20 77 -2.263751e-01
4 61 -2.265294e-01
27 50 -2.266024e-01
22 37 -2.268174e-01
22 77 -2.274849e-01
11 48 -2.276064e-01
32 75 -2.276256e-01
73 78 -2.281347e-01
34 75 -2.286044e-01
45 67 -2.287660e-01
26 50 -2.289453e-01
68 80 -2.289514e-01
49 52 -2.290771e-01
67 82 -2.296512e-01
63 65 -2.299847e-01
40 65 -2.307065e-01
39 82 -2.307362e-01
13 49 -2.308635e-01
3 51 -2.308703e-01
20 35 -2.317763e-01
6 82 -2.317983e-01
9 72 -2.320344e-01
32 43 -2.321087e-01
51 83 -2.323412e-01
26 67 -2.324186e-01
26 83 -2.326795e-01
1 47 -2.327072e-01
41 54 -2.330714e-01
45 74 -2.337019e-01
33 83 -2.339185e-01
24 65 -2.344500e-01
51 54 -2.345776e-01
75 83 -2.354904e-01
16 38 -2.356310e-01
18 64 -2.361849e-01
14 20 -2.369913e-01
11 73 -2.371604e-01
58 60 -2.372755e-01
23 70 -2.373722e-01
2 81 -2.375356e-01
70 73 -2.375497e-01
46 75 -2.379219e-01
44 81 -2.379479e-01
29 70 -2.379638e-01
25 68 -2.379670e-01
8 23 -2.388625e-01
11 51 -2.390914e-01
60 74 -2.393885e-01
18 21 -2.396548e-01
61 82 -2.408204e-01
10 77 -2.410385e-01
48 72 -2.417111e-01
68 75 -2.426679e-01
6 28 -2.433233e-01
8 75 -2.434839e-01
34 54 -2.440836e-01
7 36 -2.441571e-01
24 34 -2.443784e-01
64 85 -2.447515e-01
51 58 -2.449975e-01
36 61 -2.452375e-01
2 79 -2.453173e-01
33 79 -2.455800e-01
59 80 -2.459602e-01
29 41 -2.460384e-01
18 83 -2.466690e-01
19 57 -2.467784e-01
23 25 -2.467797e-01
10 24 -2.469040e-01
1 22 -2.470421e-01
17 55 -2.473468e-01
8 26 -2.478475e-01
10 58 -2.479547e-01
49 75 -2.479710e-01
35 78 -2.481911e-01
44 74 -2.482810e-01
35 53 -2.486618e-01
12 23 -2.487090e-01
27 78 -2.494050e-01
2 69 -2.497403e-01
42 69 -2.497694e-01
21 77 -2.504597e-01
19 54 -2.506626e-01
31 84 -2.510332e-01
2 36 -2.519569e-01
33 49 -2.523699e-01
37 76 -2.528017e-01
22 85 -2.529648e-01
34 56 -2.535580e-01
2 48 -2.537751e-01
30 50 -2.539069e-01
6 71 -2.541286e-01
8 57 -2.542245e-01
64 81 -2.543991e-01
49 73 -2.544956e-01
20 50 -2.545105e-01
26 46 -2.545331e-01
61 76 -2.546554e-01
47 58 -2.546939e-01
12 20 -2.551287e-01
54 85 -2.551572e-01
47 67 -2.553125e-01
37 77 -2.556365e-01
70 85 -2.557840e-01
33 53 -2.558623e-01
29 52 -2.559101e-01
19 58 -2.566821e-01
20 67 -2.569403e-01
4 12 -2.577024e-01
36 79 -2.581501e-01
59 65 -2.584035e-01
34 62 -2.590495e-01
46 55 -2.594987e-01
61 77 -2.596742e-01
7 32 -2.601875e-01
24 69 -2.604482e-01
7 20 -2.604894e-01
40 45 -2.607746e-01
5 8 -2.615099e-01
58 71 -2.615559e-01
61 78 -2.618700e-01
5 44 -2.625745e-01
1 63 -2.625988e-01
9 66 -2.629581e-01
11 42 -2.631573e-01
28 58 -2.636716e-01
15 80 -2.638352e-01
40 82 -2.639240e-01
60 81 -2.646835e-01
33 81 -2.651973e-01
24 38 -2.652214e-01
56 85 -2.653380e-01
29 55 -2.653519e-01
2 75 -2.653904e-01
15 33 -2.654344e-01
18 71 -2.657587e-01
34 52 -2.659382e-01
4 18 -2.666601e-01
36 37 -2.669152e-01
8 72 -2.669963e-01
22 50 -2.671445e-01
73 80 -2.677691e-01
11 23 -2.678872e-01
25 80 -2.685991e-01
9 36 -2.687258e-01
56 64 -2.688638e-01
35 68 -2.689370e-01
14 16 -2.690581e-01
5 21 -2.692418e-01
25 42 -2.692880e-01
4 32 -2.703896e-01
17 49 -2.713061e-01
23 39 -2.714249e-01
70 82 -2.719152e-01
9 20 -2.723046e-01
33 80 -2.727255e-01
32 70 -2.729910e-01
20 31 -2.733626e-01
53 72 -2.736152e-01
46 56 -2.741503e-01
69 76 -2.742793e-01
79 85 -2.743082e-01
13 61 -2.746856e-01
4 56 -2.747357e-01
28 74 -2.749053e-01
21 73 -2.752806e-01
37 61 -2.756226e-01
47 81 -2.759986e-01
36 82 -2.765989e-01
21 31 -2.766478e-01
6 32 -2.769572e-01
14 42 -2.770080e-01
62 76 -2.772912e-01
21 27 -2.777490e-01
29 37 -2.779773e-01
4 31 -2.781991e-01
38 75 -2.795440e-01
22 81 -2.800101e-01
40 62 -2.803299e-01
25 39 -2.818140e-01
9 54 -2.820027e-01
14 56 -2.822434e-01
7 26 -2.828542e-01
13 55 -2.832652e-01
13 22 -2.838743e-01
40 43 -2.858107e-01
30 78 -2.869771e-01
25 50 -2.885742e-01
26 75 -2.886624e-01
2 71 -2.887018e-01
15 34 -2.888896e-01
20 54 -2.903390e-01
5 61 -2.914721e-01
23 81 -2.916614e-01
27 82 -2.933093e-01
68 81 -2.936184e-01
16 40 -2.939808e-01
3 76 -2.946827e-01
31 82 -2.949098e-01
20 52 -2.959443e-01
42 52 -2.965826e-01
37 68 -2.966271e-01
18 44 -2.984045e-01
46 59 -2.986281e-01
3 58 -2.991431e-01
56 61 -2.993400e-01
16 28 -2.994394e-01
7 38 -2.998343e-01
39 75 -3.001600e-01
6 8 -3.008231e-01
23 57 -3.018240e-01
18 26 -3.023582e-01
17 20 -3.027455e-01
8 49 -3.043270e-01
43 50 -3.049920e-01
3 10 -3.050912e-01
21 74 -3.051944e-01
12 26 -3.055493e-01
1 52 -3.062546e-01
20 53 -3.065026e-01
10 36 -3.068590e-01
18 76 -3.075536e-01
16 26 -3.089095e-01
17 65 -3.090119e-01
13 68 -3.092242e-01
71 85 -3.092973e-01
23 76 -3.095320e-01
22 82 -3.096490e-01
22 71 -3.105833e-01
33 62 -3.108872e-01
35 72 -3.109867e-01
73 83 -3.115493e-01
23 68 -3.121291e-01
11 57 -3.126738e-01
2 70 -3.130324e-01
28 35 -3.133432e-01
21 28 -3.143922e-01
14 28 -3.150955e-01
38 82 -3.152235e-01
8 47 -3.159918e-01
31 57 -3.161250e-01
20 41 -3.172306e-01
37 53 -3.175115e-01
67 81 -3.176688e-01
4 60 -3.181839e-01
60 75 -3.201491e-01
40 73 -3.206609e-01
26 47 -3.216296e-01
39 69 -3.223528e-01
66 82 -3.229654e-01
41 78 -3.233910e-01
4 66 -3.236929e-01
23 72 -3.237524e-01
64 77 -3.248054e-01
16 62 -3.261934e-01
24 59 -3.274997e-01
46 66 -3.280061e-01
33 82 -3.284065e-01
7 84 -3.284541e-01
44 61 -3.286102e-01
6 25 -3.289299e-01
16 37 -3.291677e-01
38 81 -3.299665e-01
63 82 -3.310676e-01
70 83 -3.313082e-01
59 83 -3.316145e-01
9 37 -3.316735e-01
38 73 -3.319549e-01
77 84 -3.324168e-01
16 25 -3.325144e-01
6 65 -3.328693e-01
4 54 -3.330699e-01
18 31 -3.340779e-01
3 26 -3.348429e-01
6 38 -3.349762e-01
6 75 -3.354418e-01
40 51 -3.360301e-01
20 69 -3.361554e-01
54 83 -3.383054e-01
19 55 -3.392509e-01
61 80 -3.394478e-01
2 51 -3.395139e-01
13 37 -3.397632e-01
21 72 -3.401181e-01
9 21 -3.408467e-01
36 49 -3.412436e-01
38 45 -3.422817e-01
66 80 -3.427901e-01
12 15 -3.430119e-01
8 58 -3.436958e-01
18 49 -3.441482e-01
44 75 -3.471045e-01
60 83 -3.471560e-01
55 64 -3.493526e-01
55 62 -3.508203e-01
11 61 -3.522682e-01
1 58 -3.527383e-01
20 72 -3.528124e-01
46 78 -3.537312e-01
15 59 -3.545394e-01
2 57 -3.554530e-01
1 70 -3.573842e-01
1 53 -3.586071e-01
8 15 -3.597111e-01
2 53 -3.601529e-01
13 25 -3.604683e-01
30 49 -3.611039e-01
63 72 -3.621278e-01
59 85 -3.650770e-01
63 71 -3.669780e-01
15 78 -3.672402e-01
49 74 -3.682029e-01
1 55 -3.684304e-01
13 74 -3.698595e-01
74 82 -3.700697e-01
23 44 -3.707419e-01
54 69 -3.721703e-01
51 76 -3.723972e-01
60 85 -3.728580e-01
64 78 -3.744581e-01
49 61 -3.763483e-01
4 81 -3.764437e-01
66 84 -3.774417e-01
39 42 -3.777483e-01
14 59 -3.795148e-01
35 42 -3.797633e-01
26 85 -3.806579e-01
53 83 -3.808704e-01
53 85 -3.867176e-01
18 56 -3.876089e-01
6 76 -3.883122e-01
9 42 -3.890265e-01
66 83 -3.893435e-01
53 82 -3.925328e-01
30 37 -3.951108e-01
18 59 -3.968319e-01
25 51 -3.984214e-01
4 57 -3.985041e-01
52 74 -3.992335e-01
28 32 -4.013003e-01
79 83 -4.019539e-01
4 55 -4.031354e-01
19 42 -4.032694e-01
77 85 -4.033278e-01
45 57 -4.043346e-01
23 60 -4.107492e-01
43 76 -4.114199e-01
42 63 -4.123155e-01
6 9 -4.126369e-01
79 84 -4.130463e-01
9 62 -4.134139e-01
46 79 -4.251638e-01
42 68 -4.287306e-01
17 52 -4.299611e-01
66 85 -4.305179e-01
8 46 -4.311605e-01
32 78 -4.336848e-01
2 56 -4.360513e-01
2 55 -4.364907e-01
7 13 -4.389044e-01
1 77 -4.401102e-01
22 56 -4.419726e-01
16 71 -4.576761e-01
2 59 -4.626066e-01
55 83 -4.676537e-01
38 67 -4.740393e-01
49 79 -4.760563e-01
11 77 -4.767425e-01
26 82 -4.832090e-01
20 57 -4.837268e-01
39 78 -4.907873e-01
10 84 -4.956544e-01
4 8 -5.051042e-01
10 49 -5.162078e-01
22 51 -5.182716e-01
1 56 -5.198667e-01
3 79 -5.332940e-01
56 83 -5.380033e-01
53 84 -5.626745e-01
55 84 -5.650796e-01
1 79 -5.761470e-01
55 85 -5.927677e-01
3 74 -6.561627e-01
46 74 -6.613357e-01
59 84 -6.784007e-01
74 83 -7.009563e-01
2 74 -7.708260e-01
74 85 -7.797956e-01
1 74 -7.896356e-01
74 84 -8.614019e-01
