27 71 1.755240e+00
64 68 1.483850e+00
39 63 1.401965e+00
24 73 1.254871e+00
59 60 1.169821e+00
59 63 1.133832e+00
60 62 1.119551e+00
57 58 1.057727e+00
80 82 1.049605e+00
61 65 1.038393e+00
27 54 1.037541e+00
1 57 8.804448e-01
60 63 8.504995e-01
1 2 8.313683e-01
33 70 8.304371e-01
56 64 8.235881e-01
65 69 8.122293e-01
30 71 8.112523e-01
58 64 7.897853e-01
27 44 7.836659e-01
37 39 7.662065e-01
61 62 7.517707e-01
5 68 7.190168e-01
66 69 7.094603e-01
37 67 7.058056e-01
11 49 7.019362e-01
26 75 6.996423e-01
19 22 6.933969e-01
37 38 6.738147e-01
17 21 6.728547e-01
4 53 6.481730e-01
75 76 6.383873e-01
2 57 6.287473e-01
3 4 6.263694e-01
16 19 6.202371e-01
5 64 6.177355e-01
32 36 6.151820e-01
89 90 6.089402e-01
6 8 6.058123e-01
44 71 6.033432e-01
27 73 6.023142e-01
16 18 6.014953e-01
88 89 5.988681e-01
2 4 5.934243e-01
42 44 5.849600e-01
28 73 5.837656e-01
46 82 5.818919e-01
30 70 5.817439e-01
22 26 5.780577e-01
63 66 5.765307e-01
20 24 5.664773e-01
25 29 5.638533e-01
90 91 5.578823e-01
10 12 5.511913e-01
69 74 5.367436e-01
45 46 5.347588e-01
81 83 5.322142e-01
42 53 5.307065e-01
46 51 5.306975e-01
45 54 5.219635e-01
71 73 5.201979e-01
41 57 5.193083e-01
23 26 5.178422e-01
39 67 5.177963e-01
51 52 5.172942e-01
71 84 5.142866e-01
11 12 5.142176e-01
56 58 5.044761e-01
54 71 5.003891e-01
88 90 5.003467e-01
66 70 5.003455e-01
46 53 4.955464e-01
7 54 4.945828e-01
27 52 4.929236e-01
18 21 4.778750e-01
64 81 4.757523e-01
27 77 4.740197e-01
33 37 4.729802e-01
29 32 4.701705e-01
72 75 4.692482e-01
4 5 4.675173e-01
3 8 4.639096e-01
89 91 4.638374e-01
49 50 4.626314e-01
50 82 4.616648e-01
67 70 4.592065e-01
56 81 4.563111e-01
30 52 4.522899e-01
34 67 4.492487e-01
24 45 4.424681e-01
44 84 4.382568e-01
62 65 4.299369e-01
2 8 4.285412e-01
5 8 4.267287e-01
27 30 4.265963e-01
3 5 4.250521e-01
37 63 4.244625e-01
71 77 4.181387e-01
58 59 4.177070e-01
24 28 4.159918e-01
27 45 4.159911e-01
17 20 4.138246e-01
45 71 4.138144e-01
31 45 4.123741e-01
44 45 4.110740e-01
2 64 4.085265e-01
72 73 4.069284e-01
86 87 4.066268e-01
46 79 4.031000e-01
50 52 4.020764e-01
9 10 3.980396e-01
57 59 3.933384e-01
16 17 3.922392e-01
79 82 3.899730e-01
7 10 3.888527e-01
64 65 3.829571e-01
30 72 3.766123e-01
6 82 3.755230e-01
15 16 3.742819e-01
49 51 3.720882e-01
43 46 3.718431e-01
52 65 3.718097e-01
63 67 3.712808e-01
1 3 3.707148e-01
62 66 3.699426e-01
18 19 3.673952e-01
34 38 3.669064e-01
31 43 3.666786e-01
2 42 3.640734e-01
7 27 3.631222e-01
87 88 3.627162e-01
54 56 3.621985e-01
68 81 3.612047e-01
79 81 3.602968e-01
10 11 3.598595e-01
9 12 3.581503e-01
41 55 3.578238e-01
53 55 3.575768e-01
36 56 3.556972e-01
58 67 3.529484e-01
40 54 3.499890e-01
18 22 3.452676e-01
65 81 3.445732e-01
7 52 3.414070e-01
25 28 3.395617e-01
8 78 3.389161e-01
44 51 3.376898e-01
12 13 3.364625e-01
84 86 3.358472e-01
55 84 3.353437e-01
30 67 3.350468e-01
20 52 3.337325e-01
86 89 3.318131e-01
13 14 3.310094e-01
27 43 3.307123e-01
13 25 3.298670e-01
28 43 3.294570e-01
58 63 3.289347e-01
5 31 3.274833e-01
4 6 3.257249e-01
17 18 3.256966e-01
6 52 3.207173e-01
20 73 3.204407e-01
48 65 3.203255e-01
17 19 3.198076e-01
61 64 3.197281e-01
4 84 3.185302e-01
2 45 3.167146e-01
90 92 3.153717e-01
8 14 3.143085e-01
1 83 3.138820e-01
29 33 3.128902e-01
61 83 3.100481e-01
14 15 3.093283e-01
86 91 3.088443e-01
47 83 3.070705e-01
2 86 3.049793e-01
4 7 3.043748e-01
24 47 3.037382e-01
39 58 3.004405e-01
8 80 2.999812e-01
21 25 2.993494e-01
7 79 2.986256e-01
78 81 2.985968e-01
47 85 2.982025e-01
88 91 2.972573e-01
43 54 2.963640e-01
29 36 2.956317e-01
31 44 2.946227e-01
43 44 2.942239e-01
2 7 2.941821e-01
75 77 2.933972e-01
78 80 2.932573e-01
5 56 2.923657e-01
30 54 2.909919e-01
33 56 2.894050e-01
28 35 2.879339e-01
68 80 2.878983e-01
44 55 2.872739e-01
7 9 2.861128e-01
41 44 2.850281e-01
18 80 2.840722e-01
6 50 2.837008e-01
3 83 2.818875e-01
15 19 2.818233e-01
48 49 2.782007e-01
80 81 2.774070e-01
15 20 2.770358e-01
56 67 2.768007e-01
48 71 2.748923e-01
8 54 2.733963e-01
48 73 2.727330e-01
31 73 2.716306e-01
41 42 2.700033e-01
61 81 2.699274e-01
22 23 2.692335e-01
70 75 2.689784e-01
5 67 2.687183e-01
10 14 2.678943e-01
64 77 2.677677e-01
7 8 2.664063e-01
52 82 2.663072e-01
12 15 2.662268e-01
40 68 2.649093e-01
83 85 2.643802e-01
45 87 2.643046e-01
2 6 2.642890e-01
14 16 2.628445e-01
35 43 2.594782e-01
6 80 2.592638e-01
39 59 2.588472e-01
28 31 2.576329e-01
2 3 2.573882e-01
34 35 2.567825e-01
3 58 2.558748e-01
43 71 2.552875e-01
1 58 2.543208e-01
77 78 2.539035e-01
46 50 2.535920e-01
10 13 2.529564e-01
11 13 2.524692e-01
2 44 2.514323e-01
63 69 2.491427e-01
34 40 2.490522e-01
30 56 2.489015e-01
68 74 2.475874e-01
55 78 2.473484e-01
15 18 2.473195e-01
53 84 2.461683e-01
64 72 2.456357e-01
42 43 2.455432e-01
4 55 2.454073e-01
18 59 2.444236e-01
24 52 2.444155e-01
83 84 2.440459e-01
32 35 2.437113e-01
68 82 2.436780e-01
40 41 2.428501e-01
9 20 2.412467e-01
44 52 2.410752e-01
44 87 2.402028e-01
9 51 2.384378e-01
63 64 2.372682e-01
19 76 2.371371e-01
50 65 2.370324e-01
29 72 2.369607e-01
58 60 2.366038e-01
39 57 2.365568e-01
79 80 2.362120e-01
52 54 2.353752e-01
85 87 2.353025e-01
44 53 2.347115e-01
74 75 2.343953e-01
71 79 2.343542e-01
33 36 2.333929e-01
46 52 2.333363e-01
27 53 2.329314e-01
72 77 2.327817e-01
62 80 2.320943e-01
84 89 2.316189e-01
68 73 2.295157e-01
18 33 2.292255e-01
26 29 2.283926e-01
35 41 2.270797e-01
85 88 2.262902e-01
47 51 2.261855e-01
43 45 2.253015e-01
3 64 2.251588e-01
91 92 2.242533e-01
1 8 2.237645e-01
38 60 2.237582e-01
6 11 2.233588e-01
6 49 2.226941e-01
30 53 2.215358e-01
25 66 2.214859e-01
3 56 2.212811e-01
30 83 2.210704e-01
34 70 2.207113e-01
3 81 2.199701e-01
16 20 2.196249e-01
7 67 2.192933e-01
55 57 2.174099e-01
11 14 2.171583e-01
38 41 2.166352e-01
86 90 2.165933e-01
31 54 2.159523e-01
56 76 2.146686e-01
9 11 2.142541e-01
45 85 2.136282e-01
30 45 2.133597e-01
38 84 2.133243e-01
28 87 2.128277e-01
2 39 2.126229e-01
35 46 2.118808e-01
1 72 2.116077e-01
34 66 2.115198e-01
49 82 2.094120e-01
21 22 2.091249e-01
42 55 2.087458e-01
8 9 2.085994e-01
9 13 2.078426e-01
87 91 2.075923e-01
34 58 2.065146e-01
32 33 2.056421e-01
57 60 2.055096e-01
17 24 2.050309e-01
60 64 2.039695e-01
4 14 2.039361e-01
48 50 2.039282e-01
21 78 2.030367e-01
10 49 2.029661e-01
6 7 2.028593e-01
45 52 2.025381e-01
72 79 2.022232e-01
23 54 2.017772e-01
23 76 2.016365e-01
25 70 2.007812e-01
70 72 2.004048e-01
82 83 1.997405e-01
27 76 1.992380e-01
35 40 1.991329e-01
9 27 1.985348e-01
76 77 1.979594e-01
8 58 1.975425e-01
81 82 1.975083e-01
25 26 1.973064e-01
20 51 1.972808e-01
26 45 1.967487e-01
47 49 1.963548e-01
68 70 1.961671e-01
55 72 1.948428e-01
44 46 1.947220e-01
46 48 1.937877e-01
2 41 1.935851e-01
38 64 1.931364e-01
30 58 1.924591e-01
84 85 1.911556e-01
3 9 1.899068e-01
20 45 1.895451e-01
85 86 1.893479e-01
4 86 1.890014e-01
30 74 1.888064e-01
12 19 1.874173e-01
23 75 1.871696e-01
12 17 1.869116e-01
36 37 1.865443e-01
82 89 1.864952e-01
46 80 1.862141e-01
40 58 1.861594e-01
33 47 1.858477e-01
13 24 1.858387e-01
50 56 1.858022e-01
71 72 1.855135e-01
9 24 1.853725e-01
27 31 1.844654e-01
26 28 1.844560e-01
69 70 1.830036e-01
5 7 1.828710e-01
38 39 1.825136e-01
2 9 1.821779e-01
13 86 1.820877e-01
55 86 1.820014e-01
47 79 1.817230e-01
50 51 1.808093e-01
43 72 1.807719e-01
21 52 1.805679e-01
22 41 1.804332e-01
30 33 1.798760e-01
53 71 1.791899e-01
45 65 1.790324e-01
13 47 1.787235e-01
17 22 1.785412e-01
14 47 1.784736e-01
35 42 1.780935e-01
61 79 1.775703e-01
37 57 1.768676e-01
27 84 1.768154e-01
38 88 1.767657e-01
79 83 1.765060e-01
6 9 1.763973e-01
29 59 1.760790e-01
5 71 1.759372e-01
13 15 1.756365e-01
67 71 1.754973e-01
73 86 1.750421e-01
46 68 1.742239e-01
17 52 1.740144e-01
8 50 1.740004e-01
78 84 1.738075e-01
57 91 1.729380e-01
42 78 1.728110e-01
13 77 1.720401e-01
47 48 1.715545e-01
87 90 1.712400e-01
31 35 1.712384e-01
17 50 1.705828e-01
32 41 1.705243e-01
22 29 1.704148e-01
19 20 1.699269e-01
62 64 1.697387e-01
21 24 1.694019e-01
16 21 1.689350e-01
27 50 1.685652e-01
5 6 1.684111e-01
16 32 1.682741e-01
7 13 1.679992e-01
7 21 1.679830e-01
45 73 1.677027e-01
32 42 1.670804e-01
89 92 1.670267e-01
3 22 1.670055e-01
31 71 1.664716e-01
30 34 1.659721e-01
72 81 1.652681e-01
3 68 1.650712e-01
26 72 1.649514e-01
27 75 1.646214e-01
19 52 1.646051e-01
49 84 1.642265e-01
9 54 1.641953e-01
1 6 1.637658e-01
17 30 1.636509e-01
31 36 1.634295e-01
40 56 1.634204e-01
12 87 1.633011e-01
3 6 1.630548e-01
37 87 1.622087e-01
27 28 1.620259e-01
34 37 1.613090e-01
21 26 1.611232e-01
23 24 1.609689e-01
74 78 1.606214e-01
42 65 1.602950e-01
36 85 1.598308e-01
35 85 1.587748e-01
3 61 1.587441e-01
56 59 1.578072e-01
41 82 1.577373e-01
43 52 1.575756e-01
75 81 1.575516e-01
37 66 1.575232e-01
8 49 1.574990e-01
64 82 1.574139e-01
86 88 1.572100e-01
14 18 1.565181e-01
84 87 1.564840e-01
18 23 1.563676e-01
84 90 1.562749e-01
31 40 1.561535e-01
15 22 1.557122e-01
74 77 1.556708e-01
20 68 1.555203e-01
41 86 1.554482e-01
58 83 1.554119e-01
11 73 1.549097e-01
13 27 1.535400e-01
83 90 1.530065e-01
42 69 1.530049e-01
87 89 1.527843e-01
72 78 1.521164e-01
35 66 1.520779e-01
28 29 1.516012e-01
72 76 1.515486e-01
64 69 1.513513e-01
57 63 1.513228e-01
56 57 1.505768e-01
13 21 1.504087e-01
61 73 1.502815e-01
4 38 1.501728e-01
13 19 1.497515e-01
4 9 1.494243e-01
48 85 1.493062e-01
25 31 1.488302e-01
25 51 1.484373e-01
61 66 1.483366e-01
16 52 1.474365e-01
10 60 1.473912e-01
5 27 1.472100e-01
25 32 1.469524e-01
19 80 1.468930e-01
3 7 1.462919e-01
4 45 1.459712e-01
16 76 1.457289e-01
12 22 1.454555e-01
30 31 1.454406e-01
17 46 1.448660e-01
76 89 1.445382e-01
13 28 1.445020e-01
19 48 1.441872e-01
40 42 1.441228e-01
82 90 1.438595e-01
9 23 1.437819e-01
31 38 1.436543e-01
77 79 1.428996e-01
8 16 1.423318e-01
26 63 1.420793e-01
47 60 1.420639e-01
41 64 1.416096e-01
30 64 1.415668e-01
42 87 1.412345e-01
36 63 1.402444e-01
35 36 1.402443e-01
78 79 1.397653e-01
55 71 1.396916e-01
33 34 1.390515e-01
36 48 1.388080e-01
3 40 1.387175e-01
37 47 1.385255e-01
22 36 1.381426e-01
42 54 1.381263e-01
11 65 1.379858e-01
10 15 1.373997e-01
12 14 1.369084e-01
38 80 1.367991e-01
19 23 1.367100e-01
25 41 1.365081e-01
40 83 1.365044e-01
60 66 1.364970e-01
32 88 1.363380e-01
63 72 1.359234e-01
20 23 1.357696e-01
5 54 1.355619e-01
20 66 1.346454e-01
2 70 1.345860e-01
12 26 1.345604e-01
36 66 1.343014e-01
49 64 1.342368e-01
13 17 1.341424e-01
6 54 1.339629e-01
48 51 1.338922e-01
45 61 1.318939e-01
34 51 1.314345e-01
34 39 1.313623e-01
14 22 1.313518e-01
15 17 1.311513e-01
59 69 1.310711e-01
10 39 1.308496e-01
58 72 1.305986e-01
23 78 1.303050e-01
48 81 1.300244e-01
83 89 1.300083e-01
33 63 1.299541e-01
23 59 1.296409e-01
27 72 1.295991e-01
4 15 1.294806e-01
36 62 1.294537e-01
35 87 1.294443e-01
51 54 1.288390e-01
49 78 1.285850e-01
8 13 1.283558e-01
26 38 1.279029e-01
22 32 1.278992e-01
2 80 1.277653e-01
80 88 1.277289e-01
6 61 1.274594e-01
53 82 1.270088e-01
42 72 1.263600e-01
43 53 1.262916e-01
2 28 1.262508e-01
24 27 1.260608e-01
23 31 1.258831e-01
70 83 1.254670e-01
32 55 1.252706e-01
62 81 1.246016e-01
88 92 1.246001e-01
70 76 1.241252e-01
3 65 1.241091e-01
18 69 1.239747e-01
36 59 1.236479e-01
12 84 1.236439e-01
11 15 1.233607e-01
47 62 1.229285e-01
19 66 1.228820e-01
66 75 1.228768e-01
21 68 1.226128e-01
34 59 1.214813e-01
42 71 1.214703e-01
2 35 1.213663e-01
33 39 1.213478e-01
1 40 1.212264e-01
32 47 1.211157e-01
7 16 1.210977e-01
10 55 1.210014e-01
13 87 1.206701e-01
8 71 1.206523e-01
6 22 1.203484e-01
10 76 1.200189e-01
26 49 1.193912e-01
10 88 1.190023e-01
67 92 1.188049e-01
8 21 1.187532e-01
10 16 1.184263e-01
58 79 1.183100e-01
26 35 1.180572e-01
61 68 1.179854e-01
83 87 1.179631e-01
40 50 1.178912e-01
39 70 1.176196e-01
6 64 1.167211e-01
5 81 1.165075e-01
4 11 1.163655e-01
45 51 1.161739e-01
71 76 1.159167e-01
58 70 1.157340e-01
23 69 1.156266e-01
53 65 1.156008e-01
57 74 1.155317e-01
20 44 1.153351e-01
1 55 1.151728e-01
66 83 1.150903e-01
1 44 1.150291e-01
47 87 1.149188e-01
23 57 1.147792e-01
12 49 1.147770e-01
74 79 1.146420e-01
39 91 1.141232e-01
13 73 1.140775e-01
8 72 1.140662e-01
24 40 1.136722e-01
80 84 1.136516e-01
21 30 1.134696e-01
41 69 1.132644e-01
85 89 1.130986e-01
56 79 1.125891e-01
10 78 1.125179e-01
64 80 1.124084e-01
28 34 1.122631e-01
11 29 1.121100e-01
21 48 1.117104e-01
22 35 1.115174e-01
12 55 1.106366e-01
9 73 1.104378e-01
65 68 1.102654e-01
35 51 1.101700e-01
7 71 1.101641e-01
43 51 1.099704e-01
21 53 1.097859e-01
69 76 1.097657e-01
32 89 1.097369e-01
14 38 1.095616e-01
40 64 1.092531e-01
85 91 1.090338e-01
52 53 1.089562e-01
61 69 1.088988e-01
80 90 1.088820e-01
23 81 1.088428e-01
74 82 1.085674e-01
5 76 1.085620e-01
27 48 1.078935e-01
30 40 1.074036e-01
31 61 1.073646e-01
14 60 1.069553e-01
35 74 1.061370e-01
24 51 1.058576e-01
49 54 1.056237e-01
62 78 1.054328e-01
33 84 1.052627e-01
44 64 1.052354e-01
54 72 1.051594e-01
52 64 1.049861e-01
52 75 1.048976e-01
26 78 1.047552e-01
1 11 1.047288e-01
48 58 1.046167e-01
14 23 1.042615e-01
1 71 1.042362e-01
2 10 1.041143e-01
11 22 1.040662e-01
36 86 1.035509e-01
22 55 1.034773e-01
23 73 1.034599e-01
15 29 1.034432e-01
23 49 1.033750e-01
33 80 1.033601e-01
6 12 1.033246e-01
60 82 1.027721e-01
17 75 1.026503e-01
8 40 1.025812e-01
18 50 1.020420e-01
20 27 1.015481e-01
30 77 1.011880e-01
38 55 1.011849e-01
25 88 1.011147e-01
20 37 1.008358e-01
36 38 1.006690e-01
23 83 1.005688e-01
68 72 1.000884e-01
15 34 1.000384e-01
31 46 9.979642e-02
33 76 9.975644e-02
56 74 9.973546e-02
45 72 9.970482e-02
7 24 9.967247e-02
38 90 9.952756e-02
11 23 9.936920e-02
31 78 9.936089e-02
71 74 9.867252e-02
9 49 9.848094e-02
12 47 9.796203e-02
34 46 9.746767e-02
11 40 9.736837e-02
3 82 9.728247e-02
39 40 9.666039e-02
47 73 9.662178e-02
16 36 9.650267e-02
9 21 9.647013e-02
10 17 9.637402e-02
13 85 9.628521e-02
9 53 9.621818e-02
33 74 9.620940e-02
16 74 9.617486e-02
46 57 9.610614e-02
37 84 9.607964e-02
62 90 9.599726e-02
30 43 9.594146e-02
22 65 9.579432e-02
24 76 9.570970e-02
15 56 9.566603e-02
3 60 9.562289e-02
33 66 9.554146e-02
15 44 9.552372e-02
53 74 9.544345e-02
28 32 9.537984e-02
12 81 9.485798e-02
31 39 9.441716e-02
51 66 9.440797e-02
69 72 9.416473e-02
67 90 9.413369e-02
9 22 9.411608e-02
13 29 9.406526e-02
1 78 9.393155e-02
19 59 9.365401e-02
21 31 9.355110e-02
9 26 9.336198e-02
8 10 9.318286e-02
12 35 9.292544e-02
11 24 9.254933e-02
6 53 9.218200e-02
43 61 9.212747e-02
12 86 9.198073e-02
76 88 9.187559e-02
25 38 9.178717e-02
81 90 9.171755e-02
31 33 9.170347e-02
83 86 9.162795e-02
16 91 9.151920e-02
40 43 9.145047e-02
32 53 9.135451e-02
38 89 9.132191e-02
31 32 9.105016e-02
14 74 9.085930e-02
4 51 9.081897e-02
45 53 9.069803e-02
20 54 9.047747e-02
3 16 9.016621e-02
7 14 9.009154e-02
18 40 9.007731e-02
32 57 8.963164e-02
34 56 8.961145e-02
67 80 8.956700e-02
65 66 8.927725e-02
13 84 8.922534e-02
84 88 8.897326e-02
35 75 8.895513e-02
34 63 8.890431e-02
24 34 8.888899e-02
52 61 8.887666e-02
6 46 8.883035e-02
21 41 8.870587e-02
51 71 8.857733e-02
51 75 8.843189e-02
10 20 8.833098e-02
75 88 8.827051e-02
1 68 8.801053e-02
29 56 8.794049e-02
19 86 8.793450e-02
7 49 8.783951e-02
24 35 8.780265e-02
34 74 8.778728e-02
24 68 8.720158e-02
39 50 8.712384e-02
53 87 8.679102e-02
13 44 8.670194e-02
40 84 8.646449e-02
18 88 8.607467e-02
19 36 8.606613e-02
23 85 8.593303e-02
7 64 8.580485e-02
92 93 8.557461e-02
49 80 8.554145e-02
20 53 8.546600e-02
57 83 8.525075e-02
41 46 8.514118e-02
44 77 8.491017e-02
80 87 8.464966e-02
27 40 8.464183e-02
11 50 8.450357e-02
53 79 8.431982e-02
17 43 8.421099e-02
32 78 8.408539e-02
56 69 8.382817e-02
4 10 8.370460e-02
78 87 8.366146e-02
25 73 8.329048e-02
34 92 8.326763e-02
33 53 8.323283e-02
83 92 8.297286e-02
77 80 8.274217e-02
12 54 8.263417e-02
14 37 8.258722e-02
34 72 8.247768e-02
32 37 8.245573e-02
19 31 8.228735e-02
32 54 8.167974e-02
10 85 8.142024e-02
3 10 8.132191e-02
24 55 8.113495e-02
25 39 8.108875e-02
53 56 8.107891e-02
60 72 8.091716e-02
11 54 8.088402e-02
25 36 8.086592e-02
28 30 8.057224e-02
22 62 8.054495e-02
21 50 8.051238e-02
3 47 8.047899e-02
77 87 8.019372e-02
40 63 8.014064e-02
42 48 8.012642e-02
15 42 8.010251e-02
49 75 8.003937e-02
30 51 7.992723e-02
37 60 7.978932e-02
46 47 7.976276e-02
59 74 7.964913e-02
39 85 7.921841e-02
34 84 7.913696e-02
5 79 7.901770e-02
38 52 7.894078e-02
20 56 7.862521e-02
18 25 7.860558e-02
80 92 7.841582e-02
19 24 7.832430e-02
28 33 7.821140e-02
25 84 7.793815e-02
15 51 7.755143e-02
19 69 7.702862e-02
22 40 7.695302e-02
74 76 7.690664e-02
29 48 7.690238e-02
53 86 7.689488e-02
21 76 7.674114e-02
15 76 7.669532e-02
13 59 7.669252e-02
36 50 7.651382e-02
9 56 7.614674e-02
28 80 7.595665e-02
7 73 7.595518e-02
3 72 7.588795e-02
79 92 7.588234e-02
3 14 7.584082e-02
39 61 7.580129e-02
80 91 7.574243e-02
11 37 7.561760e-02
16 82 7.553810e-02
29 69 7.552687e-02
14 89 7.548230e-02
8 91 7.546410e-02
3 92 7.531536e-02
34 36 7.530323e-02
29 55 7.529588e-02
42 91 7.528483e-02
26 47 7.525776e-02
42 89 7.525500e-02
30 32 7.521504e-02
20 55 7.521485e-02
69 75 7.493586e-02
62 83 7.486208e-02
62 69 7.475457e-02
13 23 7.463454e-02
80 83 7.432894e-02
23 77 7.432395e-02
6 74 7.413316e-02
39 92 7.374523e-02
23 86 7.365078e-02
12 77 7.350699e-02
14 35 7.346160e-02
9 77 7.338991e-02
85 90 7.332377e-02
62 63 7.322790e-02
52 81 7.320134e-02
20 43 7.309883e-02
12 16 7.307742e-02
2 91 7.289945e-02
83 91 7.280212e-02
22 69 7.267153e-02
9 52 7.246010e-02
75 84 7.245997e-02
12 21 7.242529e-02
4 46 7.223517e-02
35 86 7.208286e-02
25 49 7.206484e-02
2 13 7.190625e-02
73 76 7.186372e-02
29 66 7.171327e-02
20 72 7.151629e-02
21 33 7.146690e-02
16 80 7.145985e-02
5 57 7.142724e-02
41 43 7.125534e-02
9 36 7.118146e-02
3 38 7.117272e-02
47 52 7.083245e-02
25 43 7.075107e-02
17 28 7.069579e-02
58 69 7.042692e-02
17 53 7.031651e-02
5 65 7.031318e-02
25 56 7.025237e-02
11 85 6.992830e-02
13 36 6.967342e-02
24 25 6.962739e-02
1 67 6.958743e-02
20 59 6.945533e-02
68 71 6.937749e-02
12 20 6.919331e-02
20 26 6.894382e-02
82 88 6.892645e-02
2 90 6.841355e-02
37 91 6.827081e-02
27 42 6.805944e-02
18 60 6.803925e-02
76 80 6.798870e-02
15 63 6.798194e-02
75 85 6.796329e-02
12 74 6.792286e-02
70 71 6.755557e-02
68 92 6.747467e-02
57 92 6.718952e-02
21 51 6.706457e-02
13 32 6.671546e-02
63 85 6.670061e-02
37 62 6.666261e-02
6 13 6.661566e-02
58 74 6.641821e-02
9 50 6.595368e-02
19 33 6.594105e-02
76 79 6.589521e-02
59 61 6.553061e-02
39 42 6.550303e-02
72 87 6.548709e-02
49 74 6.538621e-02
18 48 6.538537e-02
33 40 6.531545e-02
75 86 6.522199e-02
51 53 6.499819e-02
16 37 6.491220e-02
42 75 6.474955e-02
10 40 6.474130e-02
28 85 6.455718e-02
20 28 6.442291e-02
1 16 6.425207e-02
40 60 6.394946e-02
15 39 6.388871e-02
28 70 6.367799e-02
79 85 6.364489e-02
24 38 6.337618e-02
55 63 6.309675e-02
53 66 6.295992e-02
29 51 6.285177e-02
48 77 6.280513e-02
21 47 6.247030e-02
15 78 6.242717e-02
59 70 6.239526e-02
49 89 6.210813e-02
35 37 6.206022e-02
21 23 6.205791e-02
78 85 6.203085e-02
5 82 6.189086e-02
25 46 6.181758e-02
42 86 6.180347e-02
3 23 6.161865e-02
37 85 6.155145e-02
91 93 6.143612e-02
17 62 6.143479e-02
41 50 6.140031e-02
18 85 6.136656e-02
49 67 6.126008e-02
6 15 6.095055e-02
1 91 6.092632e-02
63 81 6.090821e-02
62 88 6.073016e-02
7 30 6.055838e-02
17 41 6.048231e-02
9 41 6.027374e-02
65 74 6.026326e-02
40 82 6.010459e-02
34 64 5.994253e-02
20 67 5.985039e-02
6 42 5.981343e-02
78 88 5.961842e-02
67 84 5.937656e-02
53 80 5.921260e-02
40 44 5.887645e-02
10 36 5.884094e-02
79 91 5.882905e-02
17 60 5.878344e-02
39 47 5.865760e-02
35 53 5.850728e-02
50 71 5.848096e-02
39 66 5.832109e-02
27 79 5.829814e-02
44 86 5.810395e-02
1 60 5.787602e-02
35 59 5.786885e-02
78 82 5.779974e-02
22 66 5.778320e-02
19 58 5.767369e-02
29 80 5.762605e-02
19 38 5.742352e-02
59 88 5.738539e-02
5 14 5.731877e-02
41 45 5.727599e-02
40 72 5.721072e-02
12 78 5.716776e-02
78 90 5.715738e-02
1 29 5.702215e-02
32 48 5.692674e-02
14 73 5.687456e-02
7 40 5.664622e-02
3 52 5.660113e-02
2 14 5.638636e-02
13 22 5.632793e-02
1 89 5.629109e-02
15 58 5.623043e-02
7 74 5.620123e-02
52 84 5.611010e-02
63 68 5.603581e-02
11 84 5.601540e-02
63 78 5.591853e-02
86 92 5.574599e-02
19 47 5.567052e-02
50 78 5.548860e-02
47 82 5.548296e-02
11 27 5.543101e-02
16 22 5.537680e-02
31 34 5.535584e-02
8 11 5.535098e-02
25 85 5.530673e-02
75 90 5.525172e-02
20 22 5.516456e-02
7 38 5.507540e-02
57 61 5.504707e-02
17 69 5.499532e-02
42 66 5.482996e-02
13 66 5.475891e-02
6 33 5.474428e-02
50 67 5.468126e-02
72 74 5.454633e-02
5 15 5.452080e-02
25 78 5.448010e-02
59 76 5.443702e-02
13 49 5.437343e-02
29 87 5.422520e-02
60 86 5.418519e-02
65 73 5.401882e-02
32 83 5.400577e-02
43 62 5.396458e-02
11 77 5.372021e-02
16 89 5.371346e-02
54 82 5.360180e-02
18 70 5.348983e-02
48 64 5.307838e-02
12 25 5.307308e-02
89 93 5.287181e-02
24 48 5.287124e-02
9 14 5.251241e-02
34 69 5.241351e-02
6 10 5.233605e-02
90 93 5.227133e-02
31 88 5.227035e-02
23 40 5.224010e-02
9 87 5.190345e-02
18 66 5.185856e-02
12 41 5.181450e-02
22 91 5.177586e-02
46 66 5.166590e-02
51 63 5.146325e-02
26 31 5.135214e-02
28 44 5.135205e-02
67 79 5.121796e-02
56 63 5.121123e-02
1 10 5.120223e-02
2 15 5.117882e-02
15 21 5.098641e-02
33 35 5.083558e-02
5 49 5.080619e-02
61 80 5.078205e-02
76 91 5.075169e-02
17 23 5.056498e-02
33 50 5.055494e-02
69 85 5.051051e-02
21 55 5.042517e-02
1 70 5.019801e-02
68 79 5.013391e-02
15 92 5.009392e-02
36 42 5.007881e-02
8 66 5.002157e-02
67 82 4.949649e-02
4 8 4.932211e-02
1 76 4.925446e-02
16 42 4.924604e-02
70 87 4.921456e-02
46 54 4.909950e-02
1 39 4.883630e-02
29 43 4.880672e-02
44 48 4.871780e-02
12 33 4.869732e-02
29 85 4.860815e-02
69 86 4.823192e-02
7 11 4.814719e-02
61 77 4.798647e-02
69 82 4.793280e-02
28 69 4.790889e-02
26 76 4.787453e-02
51 61 4.778214e-02
3 76 4.773854e-02
33 48 4.746797e-02
36 41 4.727337e-02
48 78 4.722402e-02
23 45 4.719976e-02
16 64 4.719598e-02
64 67 4.701145e-02
21 69 4.677924e-02
5 90 4.670536e-02
23 53 4.663884e-02
4 47 4.663028e-02
1 17 4.655061e-02
7 46 4.638003e-02
6 19 4.627583e-02
6 38 4.623033e-02
84 91 4.619938e-02
71 75 4.605702e-02
8 76 4.603678e-02
57 70 4.603031e-02
25 52 4.559267e-02
41 62 4.549070e-02
10 74 4.548562e-02
12 91 4.545878e-02
35 49 4.537699e-02
9 92 4.537452e-02
37 74 4.522554e-02
49 65 4.517318e-02
7 84 4.515307e-02
73 77 4.506005e-02
19 37 4.500448e-02
79 93 4.499228e-02
37 41 4.498919e-02
55 81 4.484339e-02
13 18 4.463480e-02
42 90 4.455083e-02
19 90 4.451976e-02
48 57 4.443005e-02
31 48 4.441358e-02
15 72 4.406081e-02
11 25 4.391141e-02
9 47 4.370028e-02
67 74 4.363215e-02
30 85 4.345754e-02
12 29 4.333988e-02
24 78 4.317215e-02
6 88 4.315108e-02
56 92 4.304338e-02
28 49 4.301070e-02
43 64 4.282954e-02
68 91 4.280971e-02
48 89 4.280697e-02
28 75 4.279137e-02
4 58 4.278795e-02
66 68 4.277951e-02
25 33 4.270822e-02
32 44 4.268739e-02
75 92 4.265485e-02
57 80 4.261155e-02
16 79 4.257524e-02
21 32 4.248928e-02
57 68 4.236832e-02
34 54 4.221769e-02
19 43 4.198328e-02
31 90 4.194746e-02
70 84 4.176152e-02
35 92 4.174576e-02
18 76 4.170792e-02
41 79 4.164684e-02
28 45 4.164572e-02
31 67 4.160750e-02
45 75 4.154857e-02
47 89 4.153232e-02
4 72 4.150465e-02
9 38 4.139870e-02
60 77 4.133716e-02
20 86 4.121745e-02
43 76 4.105729e-02
71 87 4.085107e-02
46 89 4.076253e-02
24 77 4.053633e-02
38 74 4.044695e-02
15 24 4.043504e-02
81 91 4.038462e-02
46 78 4.026612e-02
29 62 4.005547e-02
2 22 4.002960e-02
81 89 3.968659e-02
15 70 3.955466e-02
18 32 3.950109e-02
11 45 3.912259e-02
14 77 3.908448e-02
30 79 3.899838e-02
16 45 3.895837e-02
54 73 3.895806e-02
76 90 3.890838e-02
13 78 3.871975e-02
12 70 3.868571e-02
7 23 3.868070e-02
14 21 3.859563e-02
8 26 3.846765e-02
10 65 3.846402e-02
50 63 3.844305e-02
16 61 3.844270e-02
8 51 3.843203e-02
58 77 3.839273e-02
79 86 3.829573e-02
32 43 3.824321e-02
30 50 3.821922e-02
3 62 3.815876e-02
77 89 3.813975e-02
53 83 3.800687e-02
2 32 3.798732e-02
67 72 3.787265e-02
46 93 3.785186e-02
32 84 3.783926e-02
19 92 3.782670e-02
11 74 3.777420e-02
20 31 3.769070e-02
13 55 3.765333e-02
13 40 3.742176e-02
58 92 3.739788e-02
7 28 3.707554e-02
43 70 3.701976e-02
35 48 3.696756e-02
19 50 3.693154e-02
15 23 3.680983e-02
14 49 3.651059e-02
44 65 3.635054e-02
26 36 3.633068e-02
23 29 3.619344e-02
29 37 3.610341e-02
49 52 3.605921e-02
62 68 3.604603e-02
69 81 3.600434e-02
6 65 3.598655e-02
26 33 3.597241e-02
46 88 3.596200e-02
24 58 3.594048e-02
3 25 3.582207e-02
41 56 3.581835e-02
57 93 3.580492e-02
6 47 3.571786e-02
21 85 3.564076e-02
37 92 3.556465e-02
44 59 3.553046e-02
42 85 3.546415e-02
34 43 3.536786e-02
67 85 3.528509e-02
43 77 3.527301e-02
11 16 3.526379e-02
23 52 3.524915e-02
47 55 3.516916e-02
30 76 3.506109e-02
85 92 3.503208e-02
21 49 3.500375e-02
24 43 3.495767e-02
53 61 3.485741e-02
15 57 3.485409e-02
8 74 3.482827e-02
37 42 3.477300e-02
15 50 3.468376e-02
52 71 3.462033e-02
21 28 3.460948e-02
47 66 3.450296e-02
84 92 3.437723e-02
20 21 3.420529e-02
5 48 3.406584e-02
21 66 3.405798e-02
12 23 3.394874e-02
4 88 3.392290e-02
2 55 3.392067e-02
5 28 3.390904e-02
1 7 3.369038e-02
65 92 3.365824e-02
62 72 3.348375e-02
68 89 3.348026e-02
16 30 3.346953e-02
60 79 3.326865e-02
34 86 3.321586e-02
74 87 3.318341e-02
67 76 3.315392e-02
77 84 3.312453e-02
2 67 3.305324e-02
34 75 3.305064e-02
62 76 3.304595e-02
22 77 3.301992e-02
17 55 3.293031e-02
26 27 3.290155e-02
32 69 3.288751e-02
27 87 3.285654e-02
35 54 3.255272e-02
50 79 3.249761e-02
32 82 3.247978e-02
37 58 3.238495e-02
36 77 3.237057e-02
18 77 3.234820e-02
14 25 3.225886e-02
14 65 3.224058e-02
11 21 3.212277e-02
17 73 3.209381e-02
28 39 3.198792e-02
36 47 3.181691e-02
47 70 3.172779e-02
14 17 3.168586e-02
74 86 3.157172e-02
8 62 3.156995e-02
60 92 3.152679e-02
18 35 3.149762e-02
77 93 3.147488e-02
16 34 3.147486e-02
53 73 3.137640e-02
38 62 3.094456e-02
57 88 3.092712e-02
25 86 3.091819e-02
14 86 3.090214e-02
4 41 3.053309e-02
23 41 3.050914e-02
15 65 3.043324e-02
43 85 3.040423e-02
22 25 3.033468e-02
25 60 3.026970e-02
38 66 3.023023e-02
27 41 3.016611e-02
4 34 3.008405e-02
14 71 2.997464e-02
29 40 2.996379e-02
15 85 2.994597e-02
8 33 2.994221e-02
7 56 2.987926e-02
59 92 2.974531e-02
57 86 2.972613e-02
16 28 2.969396e-02
1 81 2.956191e-02
7 76 2.949026e-02
2 87 2.946191e-02
55 56 2.941855e-02
2 5 2.937654e-02
45 92 2.913540e-02
10 92 2.909790e-02
14 26 2.908910e-02
76 92 2.906738e-02
47 91 2.903337e-02
35 84 2.889635e-02
46 75 2.887984e-02
33 78 2.887765e-02
10 77 2.874712e-02
57 66 2.866709e-02
44 88 2.854918e-02
37 40 2.830218e-02
9 86 2.823122e-02
29 67 2.810351e-02
38 81 2.804146e-02
54 55 2.799061e-02
1 73 2.798627e-02
16 29 2.792886e-02
40 46 2.792122e-02
15 73 2.773470e-02
24 30 2.768344e-02
36 92 2.767381e-02
9 35 2.755099e-02
32 39 2.753609e-02
55 74 2.744452e-02
62 93 2.731887e-02
67 68 2.686570e-02
47 65 2.682345e-02
27 83 2.681355e-02
32 61 2.677466e-02
11 75 2.671381e-02
4 60 2.667346e-02
10 72 2.662186e-02
4 48 2.637776e-02
34 77 2.637052e-02
24 44 2.622969e-02
12 18 2.621634e-02
10 70 2.619851e-02
39 41 2.619359e-02
19 21 2.609376e-02
9 31 2.606354e-02
9 15 2.604451e-02
35 90 2.583298e-02
26 69 2.572656e-02
34 76 2.571603e-02
61 85 2.566213e-02
25 54 2.561136e-02
4 12 2.556486e-02
23 91 2.544064e-02
38 53 2.540873e-02
53 91 2.533709e-02
17 92 2.526165e-02
26 32 2.520048e-02
21 67 2.510795e-02
9 85 2.509621e-02
25 55 2.508721e-02
43 83 2.497773e-02
20 83 2.483949e-02
29 78 2.477442e-02
11 60 2.476304e-02
19 88 2.473974e-02
29 79 2.465590e-02
28 84 2.459985e-02
5 62 2.455996e-02
13 26 2.454980e-02
86 93 2.450242e-02
58 81 2.449410e-02
9 45 2.440503e-02
37 68 2.439161e-02
22 28 2.436594e-02
26 84 2.435133e-02
88 93 2.429140e-02
61 70 2.428418e-02
40 45 2.394103e-02
18 20 2.391243e-02
50 93 2.383751e-02
68 77 2.383263e-02
6 32 2.372081e-02
16 56 2.367535e-02
43 49 2.365579e-02
18 56 2.358881e-02
55 87 2.348080e-02
74 80 2.337334e-02
5 58 2.335608e-02
14 56 2.328440e-02
74 93 2.316499e-02
41 66 2.302117e-02
28 78 2.301639e-02
52 93 2.299147e-02
23 28 2.283459e-02
25 83 2.279617e-02
38 63 2.275569e-02
42 84 2.269548e-02
19 77 2.260854e-02
5 45 2.259202e-02
23 30 2.249090e-02
4 50 2.239505e-02
38 67 2.221054e-02
62 75 2.218027e-02
28 81 2.210179e-02
40 48 2.204685e-02
40 88 2.204608e-02
20 49 2.195239e-02
43 79 2.188310e-02
31 93 2.185059e-02
59 66 2.180411e-02
81 84 2.170445e-02
29 73 2.169596e-02
5 42 2.166219e-02
26 55 2.165743e-02
1 31 2.161285e-02
29 45 2.161114e-02
61 93 2.155969e-02
2 11 2.151062e-02
76 87 2.149019e-02
39 48 2.148528e-02
12 72 2.144364e-02
85 93 2.133239e-02
51 74 2.119201e-02
43 88 2.104247e-02
48 91 2.104158e-02
12 39 2.096945e-02
65 85 2.096083e-02
17 78 2.089090e-02
25 87 2.069587e-02
21 34 2.065389e-02
4 40 2.065258e-02
19 78 2.052319e-02
41 48 2.039191e-02
34 85 2.030115e-02
34 61 2.023780e-02
15 88 2.011269e-02
15 75 2.007296e-02
71 93 2.004546e-02
46 81 2.002096e-02
73 79 1.993466e-02
12 28 1.991040e-02
60 61 1.989577e-02
29 60 1.989045e-02
15 87 1.980721e-02
82 92 1.975387e-02
39 51 1.974956e-02
60 78 1.973750e-02
29 70 1.972484e-02
65 72 1.964214e-02
10 48 1.956025e-02
82 85 1.941745e-02
50 69 1.934181e-02
56 68 1.925191e-02
14 90 1.918878e-02
14 88 1.915738e-02
26 88 1.912969e-02
55 61 1.903397e-02
52 55 1.882327e-02
50 80 1.853594e-02
25 34 1.849448e-02
38 91 1.842901e-02
26 87 1.830089e-02
60 88 1.825391e-02
59 89 1.815068e-02
22 59 1.813760e-02
36 81 1.806441e-02
21 91 1.795965e-02
60 90 1.784633e-02
26 58 1.781947e-02
20 47 1.773462e-02
51 76 1.771459e-02
27 86 1.752242e-02
52 66 1.752194e-02
15 55 1.739671e-02
13 76 1.731628e-02
73 78 1.726401e-02
76 85 1.723815e-02
10 27 1.710039e-02
71 86 1.709125e-02
34 49 1.701732e-02
17 49 1.700171e-02
70 90 1.695086e-02
51 82 1.690657e-02
1 84 1.670583e-02
37 82 1.670508e-02
62 82 1.666793e-02
13 20 1.664679e-02
56 93 1.663486e-02
6 20 1.662595e-02
4 44 1.657168e-02
37 90 1.649730e-02
77 92 1.643814e-02
52 58 1.637237e-02
40 75 1.633495e-02
65 82 1.624857e-02
27 51 1.623788e-02
68 83 1.621822e-02
18 38 1.612890e-02
39 78 1.609452e-02
12 65 1.595666e-02
11 76 1.576254e-02
8 18 1.571983e-02
48 86 1.568330e-02
9 70 1.566614e-02
29 38 1.560395e-02
29 50 1.545025e-02
55 70 1.538629e-02
20 40 1.521228e-02
59 78 1.517311e-02
51 60 1.506416e-02
5 12 1.466951e-02
4 92 1.461988e-02
15 26 1.460443e-02
23 51 1.449876e-02
41 88 1.449376e-02
28 66 1.444852e-02
51 85 1.444296e-02
53 68 1.439116e-02
29 92 1.436661e-02
5 41 1.432822e-02
25 62 1.429921e-02
37 59 1.429661e-02
1 35 1.428312e-02
32 91 1.423681e-02
15 38 1.418878e-02
29 65 1.416350e-02
20 25 1.407543e-02
2 65 1.403840e-02
7 26 1.394244e-02
18 91 1.382313e-02
66 93 1.378385e-02
36 73 1.355602e-02
24 31 1.349748e-02
35 82 1.349411e-02
32 34 1.337807e-02
36 93 1.337637e-02
54 83 1.328774e-02
58 71 1.316207e-02
15 25 1.313306e-02
42 57 1.311326e-02
14 29 1.306678e-02
38 70 1.282770e-02
6 75 1.282728e-02
12 75 1.278458e-02
23 89 1.276659e-02
62 67 1.267411e-02
36 53 1.248677e-02
5 43 1.248356e-02
41 65 1.227028e-02
40 70 1.209885e-02
33 86 1.197987e-02
45 47 1.163374e-02
39 60 1.141050e-02
16 23 1.134164e-02
32 65 1.131130e-02
3 63 1.115955e-02
6 39 1.114106e-02
8 25 1.113424e-02
51 93 1.111510e-02
9 28 1.110513e-02
5 91 1.106609e-02
62 70 1.105598e-02
48 59 1.104518e-02
6 69 1.103230e-02
7 91 1.101396e-02
73 93 1.099649e-02
75 91 1.090403e-02
4 87 1.089734e-02
1 22 1.059682e-02
67 77 1.056235e-02
47 68 1.038745e-02
74 90 1.032066e-02
33 65 1.029021e-02
60 80 1.024617e-02
7 93 1.015397e-02
22 86 1.013560e-02
87 92 1.004773e-02
53 69 1.000623e-02
25 61 9.927354e-03
56 89 9.923679e-03
80 86 9.687703e-03
47 69 9.517046e-03
35 76 9.484107e-03
15 49 9.397162e-03
31 79 9.304775e-03
35 38 9.298802e-03
75 93 9.249118e-03
20 30 9.180164e-03
10 38 9.105849e-03
55 76 9.094665e-03
6 92 9.077763e-03
32 74 9.032148e-03
45 49 9.017758e-03
16 83 8.996505e-03
40 74 8.988386e-03
10 93 8.981310e-03
16 66 8.776312e-03
26 92 8.747800e-03
39 90 8.690457e-03
4 13 8.678414e-03
43 82 8.630357e-03
37 70 8.408006e-03
8 34 8.396724e-03
54 84 8.307405e-03
26 37 8.190003e-03
20 85 8.181732e-03
14 34 8.123662e-03
6 56 8.105463e-03
15 35 8.087701e-03
17 45 7.839923e-03
1 64 7.734431e-03
82 93 7.717720e-03
1 88 7.470907e-03
17 57 7.464878e-03
12 24 7.346097e-03
47 77 7.333188e-03
18 36 7.322206e-03
18 24 7.303972e-03
58 91 7.294054e-03
47 57 7.283252e-03
21 87 7.279230e-03
5 10 7.268239e-03
6 93 7.052470e-03
6 18 6.948360e-03
39 89 6.910420e-03
18 72 6.841750e-03
18 61 6.825689e-03
5 24 6.734998e-03
38 68 6.647410e-03
21 75 6.604018e-03
52 73 6.549469e-03
27 61 6.537411e-03
42 83 6.507422e-03
59 93 6.469342e-03
79 90 6.433016e-03
1 42 6.432453e-03
14 93 6.425488e-03
33 58 6.406376e-03
28 61 6.374277e-03
78 93 6.360569e-03
22 80 6.093306e-03
22 42 6.028382e-03
93 94 5.900477e-03
10 59 5.899054e-03
23 36 5.742366e-03
18 47 5.707327e-03
92 94 5.702769e-03
62 89 5.673470e-03
76 93 5.632106e-03
18 42 5.583690e-03
22 78 5.540640e-03
28 53 5.183058e-03
55 83 5.081626e-03
36 75 4.981034e-03
91 94 4.961367e-03
48 83 4.926273e-03
22 93 4.887939e-03
17 81 4.884165e-03
22 70 4.829441e-03
32 92 4.555102e-03
69 89 4.549481e-03
16 86 4.505264e-03
49 93 4.463687e-03
41 61 4.309529e-03
8 83 4.226806e-03
35 79 4.202065e-03
15 45 4.185727e-03
28 62 4.035808e-03
57 90 3.993771e-03
55 80 3.930535e-03
50 70 3.858369e-03
31 65 3.704660e-03
17 88 3.669156e-03
43 93 3.615060e-03
47 86 3.611351e-03
36 76 3.598421e-03
4 37 3.545924e-03
90 94 3.508092e-03
11 86 3.449909e-03
28 54 3.431128e-03
37 69 3.316350e-03
40 87 3.275820e-03
36 43 3.226329e-03
4 17 3.173244e-03
3 50 3.042452e-03
49 88 2.987699e-03
40 94 2.958026e-03
59 67 2.952442e-03
66 81 2.853304e-03
67 93 2.818503e-03
13 45 2.696854e-03
37 61 2.690190e-03
19 74 2.687625e-03
77 81 2.585301e-03
85 94 2.535178e-03
30 73 2.461240e-03
31 94 2.413716e-03
35 39 2.348506e-03
48 74 2.346879e-03
22 63 2.327965e-03
89 94 2.326757e-03
52 89 2.310596e-03
24 74 2.304754e-03
63 94 2.269856e-03
25 50 2.233975e-03
88 94 2.173497e-03
53 72 2.159780e-03
41 93 2.099397e-03
37 86 2.092339e-03
64 79 2.056137e-03
50 94 2.039815e-03
80 93 2.036956e-03
74 88 2.022686e-03
30 94 1.928385e-03
43 94 1.924774e-03
52 94 1.891746e-03
11 33 1.817578e-03
82 94 1.782011e-03
18 74 1.777327e-03
56 94 1.773327e-03
78 92 1.766722e-03
22 51 1.730999e-03
86 94 1.720991e-03
80 94 1.711138e-03
54 87 1.689773e-03
42 93 1.646317e-03
54 94 1.639780e-03
46 87 1.633039e-03
41 94 1.599778e-03
13 93 1.490342e-03
74 94 1.436014e-03
51 70 1.419796e-03
61 94 1.386618e-03
26 59 1.255202e-03
16 62 1.237770e-03
78 94 1.110968e-03
15 74 1.082091e-03
35 94 9.714204e-04
62 94 9.424763e-04
83 94 9.196166e-04
27 70 9.038318e-04
5 53 8.920342e-04
55 94 8.286833e-04
67 94 7.540275e-04
46 94 6.921891e-04
53 94 6.754053e-04
87 94 6.574889e-04
39 94 5.938312e-04
57 94 5.852465e-04
33 94 5.851641e-04
36 94 5.118789e-04
6 51 5.051151e-04
79 94 4.739499e-04
69 94 4.575082e-04
37 94 4.159193e-04
65 94 4.025223e-04
69 93 3.528292e-04
42 94 3.302105e-04
32 94 3.195450e-04
77 94 3.193017e-04
66 94 2.558147e-04
18 46 2.316437e-04
76 94 2.174625e-04
51 94 2.011921e-04
26 68 1.690390e-04
37 93 1.644731e-04
17 47 1.580869e-04
59 94 1.495044e-04
30 65 1.459531e-04
47 94 1.237805e-04
44 94 1.232209e-04
10 18 6.807867e-05
10 50 6.119808e-05
45 94 1.917928e-05
81 94 -4.271971e-05
58 94 -8.024996e-05
15 36 -1.355973e-04
49 94 -1.499439e-04
70 94 -2.025974e-04
2 47 -2.209793e-04
75 94 -2.644177e-04
13 50 -2.789359e-04
72 94 -3.101614e-04
60 94 -3.116026e-04
14 44 -4.135001e-04
23 71 -4.742743e-04
43 81 -5.509307e-04
1 80 -5.603018e-04
32 38 -6.117966e-04
64 94 -6.130620e-04
35 89 -6.631324e-04
26 81 -6.941764e-04
61 63 -7.106855e-04
35 93 -7.123864e-04
71 94 -7.609886e-04
12 71 -8.049324e-04
8 23 -8.253369e-04
48 94 -8.363416e-04
51 64 -8.476470e-04
84 94 -8.890279e-04
52 77 -9.006526e-04
62 92 -9.125891e-04
3 94 -9.178080e-04
10 52 -9.354819e-04
15 46 -9.438806e-04
73 94 -9.572849e-04
52 74 -9.635185e-04
68 94 -1.230157e-03
61 88 -1.258615e-03
56 60 -1.293128e-03
11 93 -1.336329e-03
18 57 -1.353615e-03
38 94 -1.371941e-03
47 50 -1.402657e-03
34 94 -1.417703e-03
47 90 -1.530223e-03
1 94 -1.619156e-03
21 61 -1.648657e-03
13 94 -1.660480e-03
7 41 -1.671503e-03
17 91 -1.675244e-03
53 93 -1.741645e-03
4 94 -1.788992e-03
18 94 -1.797251e-03
5 94 -1.884602e-03
17 94 -1.949614e-03
10 94 -1.953237e-03
21 36 -1.978780e-03
14 94 -1.998170e-03
20 94 -2.011369e-03
11 94 -2.028175e-03
15 94 -2.040813e-03
43 48 -2.041929e-03
19 94 -2.048981e-03
2 94 -2.096622e-03
26 94 -2.117628e-03
6 94 -2.171990e-03
12 94 -2.257814e-03
16 94 -2.268723e-03
1 90 -2.322909e-03
22 94 -2.353051e-03
51 81 -2.413995e-03
7 43 -2.424038e-03
29 94 -2.434328e-03
7 94 -2.448628e-03
14 48 -2.509052e-03
21 94 -2.543480e-03
8 94 -2.569647e-03
27 94 -2.586122e-03
24 94 -2.595321e-03
67 78 -2.611634e-03
17 51 -2.634991e-03
23 94 -2.666575e-03
28 94 -2.726578e-03
25 94 -2.773721e-03
41 87 -2.904300e-03
9 94 -2.919343e-03
40 71 -2.933391e-03
66 87 -2.961257e-03
3 30 -2.994591e-03
11 26 -3.019408e-03
26 40 -3.033717e-03
32 80 -3.087903e-03
34 79 -3.136458e-03
31 85 -3.209537e-03
18 29 -3.256089e-03
42 50 -3.511652e-03
50 61 -3.561123e-03
14 91 -3.658620e-03
22 76 -3.662371e-03
7 15 -3.680566e-03
22 34 -3.819996e-03
15 93 -3.861268e-03
50 68 -3.861432e-03
57 62 -3.952011e-03
74 91 -4.005946e-03
28 59 -4.040441e-03
9 34 -4.046400e-03
28 91 -4.074659e-03
20 71 -4.138673e-03
60 93 -4.188180e-03
47 92 -4.245459e-03
4 25 -4.251846e-03
36 55 -4.273207e-03
52 62 -4.381011e-03
66 79 -4.542918e-03
45 50 -4.592961e-03
79 88 -4.667908e-03
6 77 -4.810072e-03
16 57 -4.857061e-03
14 55 -4.862227e-03
20 92 -4.899135e-03
32 75 -4.939921e-03
33 83 -5.010995e-03
36 61 -5.048029e-03
19 62 -5.139122e-03
64 90 -5.189843e-03
18 89 -5.293511e-03
16 85 -5.315560e-03
65 93 -5.337278e-03
28 50 -5.456735e-03
20 42 -5.490433e-03
73 85 -5.552978e-03
36 78 -5.566010e-03
41 67 -5.590271e-03
10 91 -5.592921e-03
25 69 -5.597820e-03
48 68 -5.657805e-03
73 87 -5.697062e-03
60 68 -5.779386e-03
39 93 -5.857394e-03
38 82 -5.916435e-03
4 75 -5.916569e-03
16 65 -5.945453e-03
4 21 -5.980424e-03
41 89 -6.024058e-03
46 92 -6.059076e-03
46 65 -6.062498e-03
48 54 -6.072580e-03
57 75 -6.248942e-03
4 91 -6.289228e-03
29 88 -6.317969e-03
75 89 -6.345396e-03
19 45 -6.432280e-03
6 91 -6.529601e-03
7 51 -6.551655e-03
9 93 -6.604965e-03
18 82 -6.655204e-03
39 81 -6.695368e-03
50 62 -6.697912e-03
53 92 -6.730162e-03
1 48 -6.777382e-03
36 91 -6.778117e-03
10 31 -6.781723e-03
10 89 -6.846349e-03
19 61 -6.928941e-03
18 93 -6.985434e-03
17 93 -7.002626e-03
23 50 -7.021440e-03
56 84 -7.085920e-03
36 39 -7.134752e-03
22 81 -7.220699e-03
37 80 -7.264592e-03
4 69 -7.272189e-03
13 41 -7.301707e-03
38 78 -7.416046e-03
1 4 -7.424335e-03
60 83 -7.489941e-03
32 93 -7.499618e-03
81 93 -7.645556e-03
83 88 -7.724890e-03
1 54 -7.778449e-03
54 93 -7.789522e-03
21 93 -7.849742e-03
22 90 -7.870923e-03
76 78 -7.878562e-03
5 39 -7.939451e-03
19 89 -7.947686e-03
6 23 -7.973548e-03
49 85 -7.979979e-03
7 72 -8.046224e-03
81 92 -8.063506e-03
14 19 -8.113958e-03
2 30 -8.321929e-03
28 42 -8.376681e-03
19 91 -8.403052e-03
29 49 -8.487229e-03
19 93 -8.515990e-03
37 76 -8.835074e-03
1 93 -8.851301e-03
82 91 -8.855484e-03
24 36 -8.959517e-03
23 93 -9.118391e-03
32 76 -9.164372e-03
10 35 -9.206101e-03
34 83 -9.240917e-03
58 90 -9.664033e-03
50 73 -9.673719e-03
13 16 -9.759792e-03
64 92 -9.775696e-03
28 71 -9.790736e-03
39 80 -9.826455e-03
31 74 -9.997279e-03
6 90 -1.004781e-02
69 92 -1.004921e-02
17 36 -1.013047e-02
21 63 -1.023833e-02
33 67 -1.026639e-02
13 34 -1.033627e-02
18 92 -1.051169e-02
8 32 -1.053427e-02
7 69 -1.055991e-02
2 52 -1.056173e-02
80 89 -1.062931e-02
42 51 -1.069388e-02
10 19 -1.073477e-02
22 85 -1.078423e-02
77 83 -1.080150e-02
49 59 -1.086955e-02
28 93 -1.088837e-02
29 57 -1.091177e-02
12 85 -1.118188e-02
54 75 -1.119339e-02
32 66 -1.124671e-02
35 65 -1.129328e-02
69 73 -1.129465e-02
48 92 -1.135368e-02
45 89 -1.139388e-02
28 89 -1.139643e-02
17 85 -1.142997e-02
21 43 -1.153375e-02
27 36 -1.153924e-02
50 59 -1.155794e-02
1 18 -1.157053e-02
17 32 -1.159771e-02
24 70 -1.160176e-02
4 24 -1.166536e-02
14 87 -1.173951e-02
87 93 -1.184039e-02
14 84 -1.189450e-02
17 77 -1.192340e-02
48 90 -1.199045e-02
11 28 -1.202568e-02
16 60 -1.204172e-02
2 43 -1.204944e-02
46 84 -1.205494e-02
24 89 -1.208762e-02
20 35 -1.213914e-02
1 37 -1.214074e-02
31 59 -1.222250e-02
37 43 -1.231269e-02
14 75 -1.232514e-02
12 32 -1.242948e-02
3 17 -1.244111e-02
19 41 -1.251715e-02
14 67 -1.258774e-02
11 61 -1.260753e-02
54 74 -1.261484e-02
63 93 -1.264921e-02
9 71 -1.275102e-02
3 90 -1.279790e-02
73 75 -1.290617e-02
10 23 -1.290846e-02
16 77 -1.294347e-02
18 86 -1.299711e-02
42 59 -1.300334e-02
2 59 -1.301152e-02
19 25 -1.305535e-02
23 64 -1.305622e-02
20 29 -1.329606e-02
24 93 -1.333682e-02
17 29 -1.336511e-02
4 79 -1.340365e-02
27 85 -1.353933e-02
24 66 -1.356704e-02
57 67 -1.358326e-02
33 60 -1.360172e-02
3 48 -1.363654e-02
11 69 -1.366587e-02
14 24 -1.374953e-02
14 61 -1.376731e-02
17 26 -1.378887e-02
50 92 -1.379795e-02
2 92 -1.383347e-02
41 85 -1.386454e-02
26 93 -1.388371e-02
82 84 -1.395885e-02
62 77 -1.400311e-02
21 60 -1.403526e-02
1 14 -1.404655e-02
31 75 -1.422022e-02
37 89 -1.422808e-02
35 50 -1.424255e-02
40 51 -1.440806e-02
49 58 -1.454717e-02
32 49 -1.455408e-02
78 91 -1.463354e-02
68 90 -1.474049e-02
37 79 -1.476505e-02
34 78 -1.486631e-02
39 79 -1.488383e-02
11 17 -1.494230e-02
6 63 -1.496843e-02
54 89 -1.497264e-02
16 92 -1.500397e-02
26 70 -1.513475e-02
11 43 -1.526683e-02
14 78 -1.528497e-02
25 59 -1.533300e-02
1 28 -1.537518e-02
61 92 -1.537564e-02
33 42 -1.537735e-02
60 91 -1.538823e-02
43 68 -1.546302e-02
35 61 -1.546829e-02
20 87 -1.548867e-02
17 37 -1.586922e-02
2 93 -1.593717e-02
55 90 -1.600976e-02
3 11 -1.603841e-02
26 62 -1.631627e-02
59 62 -1.632068e-02
13 31 -1.640191e-02
51 55 -1.667735e-02
42 47 -1.681822e-02
11 58 -1.686208e-02
33 92 -1.686383e-02
31 49 -1.700295e-02
12 79 -1.703109e-02
12 37 -1.712685e-02
8 29 -1.718927e-02
20 74 -1.719010e-02
35 80 -1.722607e-02
32 50 -1.726939e-02
55 93 -1.729779e-02
11 87 -1.736683e-02
28 48 -1.737036e-02
1 69 -1.737222e-02
15 30 -1.740406e-02
34 48 -1.745382e-02
43 47 -1.748304e-02
13 71 -1.753984e-02
20 77 -1.755780e-02
73 74 -1.757626e-02
13 33 -1.765020e-02
14 20 -1.770583e-02
47 93 -1.776963e-02
48 69 -1.782759e-02
23 60 -1.787722e-02
41 59 -1.798091e-02
48 70 -1.811559e-02
19 60 -1.819599e-02
30 84 -1.826921e-02
34 60 -1.831816e-02
38 92 -1.833720e-02
9 69 -1.841407e-02
46 56 -1.842593e-02
19 63 -1.844332e-02
33 93 -1.846720e-02
33 71 -1.850659e-02
67 69 -1.855970e-02
58 61 -1.860020e-02
2 19 -1.862286e-02
5 16 -1.894564e-02
33 59 -1.900021e-02
29 93 -1.923117e-02
19 30 -1.936055e-02
40 92 -1.945192e-02
44 68 -1.948364e-02
6 76 -1.969232e-02
3 91 -1.971529e-02
33 55 -1.974447e-02
6 71 -1.979959e-02
10 43 -1.983040e-02
65 67 -1.987597e-02
6 60 -1.993977e-02
1 26 -1.995810e-02
36 80 -1.998811e-02
5 9 -2.006967e-02
45 56 -2.014336e-02
45 88 -2.014485e-02
70 80 -2.016581e-02
45 93 -2.020102e-02
22 92 -2.023021e-02
53 90 -2.029274e-02
46 49 -2.037311e-02
22 83 -2.050185e-02
35 68 -2.053624e-02
40 62 -2.063439e-02
36 70 -2.071018e-02
42 67 -2.081959e-02
41 77 -2.088416e-02
37 78 -2.091672e-02
12 59 -2.102151e-02
14 85 -2.103820e-02
20 93 -2.110214e-02
40 49 -2.110589e-02
44 76 -2.113140e-02
4 32 -2.119560e-02
58 93 -2.127872e-02
24 69 -2.128892e-02
41 78 -2.131100e-02
24 72 -2.131635e-02
11 42 -2.137438e-02
14 69 -2.154472e-02
25 91 -2.163897e-02
81 88 -2.165183e-02
64 93 -2.167432e-02
31 37 -2.171837e-02
16 93 -2.175993e-02
11 63 -2.178390e-02
70 93 -2.183478e-02
25 82 -2.189246e-02
5 11 -2.194362e-02
19 57 -2.195602e-02
39 71 -2.210906e-02
35 56 -2.217428e-02
30 93 -2.219325e-02
31 51 -2.224411e-02
19 53 -2.229826e-02
19 39 -2.245222e-02
67 87 -2.252235e-02
32 90 -2.259597e-02
26 44 -2.261733e-02
22 38 -2.263886e-02
44 93 -2.273626e-02
54 85 -2.284240e-02
42 82 -2.286103e-02
75 78 -2.288574e-02
4 54 -2.305543e-02
3 59 -2.308984e-02
59 91 -2.321051e-02
5 19 -2.328435e-02
49 86 -2.329140e-02
28 47 -2.329367e-02
19 28 -2.334357e-02
4 65 -2.341044e-02
29 77 -2.347876e-02
15 53 -2.352995e-02
80 85 -2.363910e-02
16 90 -2.367742e-02
51 89 -2.370669e-02
30 37 -2.377577e-02
5 47 -2.380952e-02
50 57 -2.390605e-02
47 53 -2.396955e-02
5 93 -2.398249e-02
10 87 -2.409530e-02
26 46 -2.419935e-02
11 18 -2.435861e-02
2 21 -2.446059e-02
8 93 -2.449105e-02
52 79 -2.450357e-02
52 85 -2.458239e-02
65 77 -2.460622e-02
36 90 -2.463702e-02
12 93 -2.464416e-02
48 93 -2.468058e-02
48 80 -2.470514e-02
9 48 -2.477562e-02
50 90 -2.480881e-02
29 39 -2.491663e-02
18 78 -2.495225e-02
74 81 -2.503243e-02
48 63 -2.505907e-02
42 58 -2.509075e-02
49 60 -2.516358e-02
41 51 -2.523208e-02
40 93 -2.531626e-02
29 31 -2.542199e-02
11 55 -2.542694e-02
7 70 -2.552954e-02
83 93 -2.564847e-02
17 84 -2.565444e-02
3 20 -2.574575e-02
66 85 -2.599982e-02
25 90 -2.608009e-02
7 31 -2.610014e-02
4 36 -2.610192e-02
20 69 -2.610993e-02
22 75 -2.611801e-02
18 83 -2.616646e-02
4 27 -2.639870e-02
49 53 -2.656320e-02
70 86 -2.662860e-02
31 81 -2.676577e-02
52 67 -2.678557e-02
21 92 -2.685166e-02
15 67 -2.688217e-02
67 88 -2.695358e-02
31 89 -2.713603e-02
4 78 -2.722143e-02
37 88 -2.723912e-02
27 68 -2.729924e-02
26 86 -2.733108e-02
41 75 -2.733709e-02
68 93 -2.741193e-02
55 73 -2.749737e-02
24 83 -2.751265e-02
6 16 -2.753682e-02
17 76 -2.762914e-02
69 77 -2.763310e-02
7 77 -2.771217e-02
9 55 -2.773833e-02
21 56 -2.777211e-02
7 48 -2.780594e-02
19 54 -2.816937e-02
3 32 -2.823873e-02
38 93 -2.838625e-02
44 72 -2.852525e-02
3 29 -2.865162e-02
13 74 -2.870908e-02
72 93 -2.872096e-02
8 43 -2.874136e-02
16 75 -2.877279e-02
68 84 -2.879743e-02
24 87 -2.882024e-02
66 92 -2.882810e-02
8 48 -2.897941e-02
27 93 -2.897969e-02
58 68 -2.899761e-02
14 59 -2.903998e-02
15 48 -2.904241e-02
18 75 -2.920587e-02
10 69 -2.921003e-02
15 41 -2.924547e-02
84 93 -2.926180e-02
26 74 -2.930611e-02
1 50 -2.938377e-02
15 59 -2.943401e-02
12 48 -2.955819e-02
29 86 -2.960850e-02
8 63 -2.969612e-02
34 87 -2.975130e-02
35 69 -2.976059e-02
29 63 -2.990004e-02
36 65 -2.994665e-02
5 38 -2.997044e-02
11 62 -3.004869e-02
60 89 -3.005549e-02
49 92 -3.009297e-02
6 48 -3.016277e-02
43 56 -3.020299e-02
38 79 -3.026183e-02
27 32 -3.029064e-02
54 86 -3.038779e-02
28 72 -3.050888e-02
11 34 -3.054307e-02
32 86 -3.057587e-02
3 35 -3.057597e-02
38 57 -3.068756e-02
34 81 -3.074690e-02
70 92 -3.077757e-02
39 75 -3.084719e-02
3 93 -3.085886e-02
29 64 -3.086751e-02
28 92 -3.092415e-02
66 88 -3.105829e-02
35 57 -3.105957e-02
8 42 -3.111266e-02
39 49 -3.137318e-02
54 70 -3.142900e-02
59 82 -3.143049e-02
41 68 -3.151267e-02
56 65 -3.159443e-02
7 19 -3.170943e-02
9 37 -3.181131e-02
31 86 -3.182416e-02
26 48 -3.182673e-02
42 88 -3.186637e-02
12 83 -3.191412e-02
8 30 -3.201947e-02
1 23 -3.202851e-02
8 44 -3.203368e-02
2 83 -3.211358e-02
41 54 -3.215140e-02
14 57 -3.219788e-02
78 86 -3.227023e-02
66 89 -3.227701e-02
25 77 -3.235750e-02
17 48 -3.236589e-02
44 49 -3.236958e-02
21 86 -3.237015e-02
34 41 -3.250130e-02
10 90 -3.255769e-02
18 64 -3.276244e-02
47 88 -3.276923e-02
12 73 -3.284960e-02
22 74 -3.287997e-02
2 16 -3.288512e-02
51 62 -3.308806e-02
13 35 -3.310621e-02
64 75 -3.322225e-02
30 68 -3.326471e-02
49 63 -3.331466e-02
34 62 -3.336753e-02
12 80 -3.340067e-02
74 92 -3.340568e-02
28 77 -3.349875e-02
70 85 -3.356354e-02
17 90 -3.360413e-02
25 47 -3.363167e-02
17 25 -3.374185e-02
11 35 -3.395708e-02
31 53 -3.412546e-02
4 93 -3.413409e-02
23 43 -3.423269e-02
39 74 -3.424714e-02
55 58 -3.430618e-02
21 38 -3.441884e-02
14 92 -3.446387e-02
39 72 -3.456324e-02
2 89 -3.457832e-02
18 39 -3.467619e-02
33 51 -3.470279e-02
52 56 -3.486535e-02
25 76 -3.486867e-02
48 76 -3.490162e-02
14 70 -3.491347e-02
57 79 -3.504462e-02
6 66 -3.510485e-02
22 43 -3.523607e-02
42 49 -3.529118e-02
34 42 -3.529268e-02
21 90 -3.536533e-02
38 69 -3.549926e-02
4 70 -3.553780e-02
1 5 -3.556997e-02
17 42 -3.557176e-02
8 68 -3.557459e-02
33 57 -3.561446e-02
34 93 -3.568899e-02
46 58 -3.575595e-02
19 79 -3.576243e-02
5 35 -3.583172e-02
13 58 -3.595724e-02
33 41 -3.602318e-02
31 57 -3.602572e-02
15 61 -3.606219e-02
13 72 -3.616848e-02
22 31 -3.629485e-02
20 78 -3.629758e-02
54 61 -3.639217e-02
46 64 -3.639511e-02
8 47 -3.639996e-02
64 89 -3.640619e-02
19 82 -3.640895e-02
9 16 -3.642214e-02
13 69 -3.649757e-02
33 72 -3.651366e-02
46 63 -3.654826e-02
5 92 -3.680889e-02
1 49 -3.683375e-02
8 77 -3.686591e-02
9 72 -3.693225e-02
32 87 -3.698627e-02
51 58 -3.707882e-02
11 47 -3.708084e-02
3 31 -3.712278e-02
32 51 -3.713362e-02
29 47 -3.717939e-02
60 85 -3.727408e-02
59 90 -3.737331e-02
36 57 -3.743060e-02
7 83 -3.745737e-02
41 72 -3.751976e-02
44 54 -3.763246e-02
44 81 -3.772417e-02
13 79 -3.777920e-02
31 56 -3.810714e-02
8 59 -3.811741e-02
53 77 -3.822444e-02
14 81 -3.826366e-02
25 93 -3.831309e-02
43 58 -3.833012e-02
8 87 -3.837697e-02
46 76 -3.849426e-02
25 53 -3.852668e-02
38 43 -3.855900e-02
24 49 -3.858161e-02
4 42 -3.865977e-02
50 91 -3.870381e-02
19 65 -3.881720e-02
3 43 -3.881960e-02
30 62 -3.882457e-02
31 77 -3.882470e-02
60 69 -3.915242e-02
30 49 -3.928648e-02
63 84 -3.937048e-02
63 88 -3.938493e-02
38 49 -3.941001e-02
32 62 -3.945856e-02
60 75 -3.955627e-02
10 22 -3.968742e-02
38 40 -3.973536e-02
49 90 -3.981962e-02
40 55 -3.982949e-02
66 91 -3.992692e-02
79 84 -3.993572e-02
6 86 -3.993644e-02
35 55 -4.010460e-02
1 36 -4.025638e-02
30 57 -4.030168e-02
46 83 -4.035218e-02
48 72 -4.040797e-02
55 64 -4.043421e-02
65 79 -4.046109e-02
46 67 -4.063072e-02
5 44 -4.066271e-02
57 87 -4.069300e-02
26 60 -4.077275e-02
29 34 -4.084725e-02
50 77 -4.088434e-02
26 61 -4.097638e-02
42 92 -4.111335e-02
76 81 -4.115680e-02
26 79 -4.117827e-02
43 89 -4.123670e-02
59 84 -4.128323e-02
24 75 -4.128590e-02
25 58 -4.129285e-02
5 22 -4.139724e-02
3 21 -4.141210e-02
12 34 -4.143065e-02
11 44 -4.156071e-02
58 89 -4.186765e-02
28 65 -4.211117e-02
40 86 -4.214229e-02
28 38 -4.216779e-02
62 91 -4.224410e-02
13 42 -4.226915e-02
69 79 -4.238753e-02
8 20 -4.250477e-02
18 37 -4.255859e-02
12 44 -4.256725e-02
22 61 -4.256880e-02
25 68 -4.267778e-02
24 91 -4.272866e-02
8 82 -4.289996e-02
45 76 -4.291361e-02
25 57 -4.295792e-02
10 42 -4.305790e-02
35 44 -4.310166e-02
41 92 -4.312585e-02
1 74 -4.319411e-02
29 35 -4.320508e-02
66 67 -4.322656e-02
22 60 -4.326324e-02
29 61 -4.327101e-02
45 67 -4.337394e-02
13 38 -4.343428e-02
12 67 -4.344971e-02
63 92 -4.346743e-02
52 68 -4.352353e-02
38 77 -4.358067e-02
38 86 -4.359209e-02
52 69 -4.361552e-02
50 53 -4.370560e-02
51 78 -4.375812e-02
61 86 -4.379439e-02
34 73 -4.385196e-02
65 91 -4.391389e-02
54 79 -4.400043e-02
12 60 -4.403717e-02
55 67 -4.409750e-02
47 54 -4.442009e-02
10 34 -4.450023e-02
17 33 -4.450376e-02
3 46 -4.453591e-02
51 88 -4.453592e-02
43 50 -4.458402e-02
40 79 -4.469289e-02
21 57 -4.469656e-02
31 50 -4.471162e-02
14 39 -4.481016e-02
11 51 -4.481981e-02
40 57 -4.482949e-02
55 66 -4.507284e-02
9 90 -4.511824e-02
56 90 -4.514368e-02
5 69 -4.520520e-02
8 92 -4.528523e-02
78 89 -4.544325e-02
68 69 -4.547474e-02
18 62 -4.557306e-02
59 79 -4.562483e-02
25 74 -4.574075e-02
27 74 -4.602689e-02
47 61 -4.605821e-02
7 90 -4.611033e-02
1 9 -4.612996e-02
32 71 -4.613504e-02
8 41 -4.613993e-02
47 56 -4.626835e-02
23 61 -4.632662e-02
28 46 -4.636726e-02
38 47 -4.642077e-02
24 82 -4.649633e-02
75 87 -4.659223e-02
61 76 -4.668774e-02
50 83 -4.671271e-02
38 83 -4.675654e-02
25 35 -4.688016e-02
67 86 -4.689095e-02
20 46 -4.695431e-02
18 67 -4.696094e-02
40 81 -4.707955e-02
33 73 -4.709308e-02
44 85 -4.741881e-02
7 86 -4.750997e-02
26 41 -4.764292e-02
8 12 -4.767489e-02
36 54 -4.770974e-02
12 40 -4.779766e-02
35 91 -4.785815e-02
36 84 -4.786481e-02
13 62 -4.789577e-02
36 40 -4.792412e-02
9 66 -4.797468e-02
22 58 -4.801678e-02
9 32 -4.807538e-02
8 90 -4.811382e-02
77 91 -4.817898e-02
24 46 -4.828460e-02
24 88 -4.828594e-02
13 61 -4.828974e-02
50 88 -4.830092e-02
36 87 -4.833112e-02
46 74 -4.835310e-02
79 87 -4.839726e-02
7 50 -4.844143e-02
72 90 -4.846664e-02
38 45 -4.853563e-02
74 89 -4.862224e-02
77 82 -4.862365e-02
64 71 -4.871272e-02
45 78 -4.873038e-02
26 73 -4.876371e-02
22 82 -4.879104e-02
55 92 -4.883407e-02
9 42 -4.900406e-02
10 66 -4.902875e-02
7 68 -4.903053e-02
28 36 -4.903535e-02
34 50 -4.906753e-02
66 76 -4.908145e-02
60 74 -4.914041e-02
65 87 -4.914795e-02
48 56 -4.918936e-02
41 52 -4.921815e-02
66 86 -4.923656e-02
28 67 -4.928838e-02
43 92 -4.929459e-02
8 85 -4.932040e-02
75 80 -4.932469e-02
39 87 -4.944809e-02
14 31 -4.947903e-02
33 85 -4.953761e-02
30 80 -4.961986e-02
3 28 -4.963818e-02
70 89 -4.967479e-02
57 89 -4.983814e-02
52 91 -4.990782e-02
24 67 -4.993755e-02
41 70 -5.004551e-02
12 36 -5.008338e-02
9 89 -5.020428e-02
28 74 -5.025194e-02
36 44 -5.040632e-02
52 76 -5.041549e-02
51 67 -5.068756e-02
11 36 -5.084814e-02
5 87 -5.086131e-02
26 83 -5.086416e-02
56 82 -5.088329e-02
57 81 -5.090090e-02
17 40 -5.093415e-02
27 69 -5.096848e-02
49 81 -5.115386e-02
17 89 -5.116799e-02
67 91 -5.127719e-02
39 44 -5.129245e-02
35 67 -5.132842e-02
66 78 -5.134477e-02
32 81 -5.134616e-02
58 76 -5.156887e-02
66 84 -5.157226e-02
2 74 -5.157282e-02
81 85 -5.176413e-02
12 69 -5.182099e-02
5 40 -5.193812e-02
75 83 -5.198683e-02
1 86 -5.200577e-02
16 39 -5.203468e-02
22 87 -5.204910e-02
59 75 -5.213079e-02
33 88 -5.215792e-02
41 63 -5.230121e-02
9 39 -5.241807e-02
55 69 -5.261016e-02
32 77 -5.261501e-02
39 73 -5.277800e-02
16 55 -5.283413e-02
36 88 -5.289890e-02
49 62 -5.322059e-02
16 26 -5.333749e-02
55 77 -5.335661e-02
1 30 -5.336106e-02
49 73 -5.344293e-02
18 45 -5.348348e-02
4 35 -5.354084e-02
14 50 -5.360587e-02
20 48 -5.368577e-02
50 66 -5.382677e-02
12 61 -5.405356e-02
44 83 -5.408758e-02
4 61 -5.413755e-02
17 74 -5.419261e-02
12 66 -5.420837e-02
8 31 -5.425305e-02
10 45 -5.444523e-02
35 83 -5.457499e-02
6 62 -5.460298e-02
28 90 -5.473453e-02
8 15 -5.473736e-02
66 90 -5.475977e-02
23 35 -5.478228e-02
42 46 -5.478711e-02
8 22 -5.490978e-02
66 72 -5.503559e-02
13 37 -5.504843e-02
41 74 -5.518009e-02
24 86 -5.520846e-02
9 91 -5.522665e-02
53 64 -5.529011e-02
43 55 -5.531833e-02
41 73 -5.550537e-02
11 57 -5.562071e-02
48 88 -5.569763e-02
62 85 -5.580890e-02
35 45 -5.585490e-02
39 86 -5.585582e-02
31 63 -5.587706e-02
5 46 -5.587730e-02
25 30 -5.589533e-02
3 49 -5.589822e-02
21 82 -5.596094e-02
5 30 -5.604415e-02
21 58 -5.607135e-02
23 74 -5.610597e-02
23 70 -5.632359e-02
64 83 -5.639610e-02
19 42 -5.665479e-02
30 60 -5.682662e-02
59 85 -5.689047e-02
23 38 -5.704784e-02
54 58 -5.706326e-02
71 78 -5.712782e-02
22 37 -5.719392e-02
46 61 -5.722040e-02
3 69 -5.724290e-02
68 85 -5.729842e-02
15 60 -5.737673e-02
2 33 -5.738886e-02
69 71 -5.755748e-02
31 82 -5.756323e-02
21 62 -5.759821e-02
55 91 -5.761455e-02
17 54 -5.763737e-02
9 81 -5.768520e-02
41 90 -5.776825e-02
17 31 -5.784462e-02
44 66 -5.793390e-02
6 21 -5.795372e-02
22 33 -5.829345e-02
49 57 -5.844697e-02
16 38 -5.847577e-02
21 46 -5.858205e-02
53 67 -5.864562e-02
9 19 -5.872668e-02
31 76 -5.910540e-02
33 46 -5.910954e-02
53 57 -5.931601e-02
42 52 -5.934684e-02
25 92 -5.934969e-02
73 90 -5.948756e-02
41 60 -5.950921e-02
18 90 -5.954200e-02
40 89 -5.955606e-02
14 76 -5.959553e-02
42 80 -5.964608e-02
42 79 -5.971289e-02
45 86 -5.972573e-02
65 89 -5.985790e-02
26 51 -5.997107e-02
13 89 -6.002102e-02
23 32 -6.013233e-02
25 75 -6.019999e-02
34 82 -6.020007e-02
10 75 -6.025129e-02
24 60 -6.028974e-02
27 49 -6.033462e-02
38 44 -6.034553e-02
4 90 -6.035105e-02
2 72 -6.037294e-02
16 48 -6.038973e-02
61 91 -6.041452e-02
11 71 -6.043341e-02
45 69 -6.060983e-02
4 22 -6.066163e-02
8 45 -6.066619e-02
51 77 -6.070391e-02
65 90 -6.087496e-02
13 67 -6.094100e-02
62 79 -6.097679e-02
6 78 -6.097731e-02
18 65 -6.098048e-02
23 39 -6.098668e-02
37 49 -6.113000e-02
14 72 -6.117213e-02
77 88 -6.128592e-02
2 88 -6.129997e-02
24 53 -6.139613e-02
16 78 -6.141275e-02
74 85 -6.148883e-02
36 83 -6.151241e-02
24 85 -6.154697e-02
14 28 -6.155363e-02
6 89 -6.156584e-02
31 84 -6.157403e-02
26 71 -6.159608e-02
4 77 -6.179801e-02
56 83 -6.181231e-02
25 65 -6.186968e-02
43 90 -6.187232e-02
12 45 -6.193902e-02
48 61 -6.204737e-02
55 88 -6.207188e-02
49 68 -6.218282e-02
73 84 -6.261792e-02
10 53 -6.273272e-02
55 75 -6.277217e-02
29 91 -6.281448e-02
24 79 -6.282628e-02
73 83 -6.284028e-02
32 52 -6.294809e-02
74 84 -6.295988e-02
5 70 -6.298807e-02
3 79 -6.308652e-02
32 59 -6.314719e-02
10 26 -6.332660e-02
38 73 -6.355233e-02
3 41 -6.356692e-02
43 91 -6.358041e-02
39 77 -6.362690e-02
52 80 -6.365425e-02
7 92 -6.368549e-02
77 85 -6.368893e-02
52 57 -6.376988e-02
51 65 -6.377958e-02
17 39 -6.378778e-02
36 74 -6.387578e-02
15 79 -6.390878e-02
23 92 -6.420731e-02
34 47 -6.434508e-02
29 58 -6.435604e-02
39 82 -6.444762e-02
19 87 -6.455767e-02
22 53 -6.479376e-02
19 70 -6.481285e-02
72 80 -6.483365e-02
61 89 -6.484772e-02
3 19 -6.493622e-02
44 89 -6.527541e-02
7 47 -6.535821e-02
61 74 -6.536556e-02
20 91 -6.544140e-02
46 55 -6.550726e-02
1 75 -6.555123e-02
6 59 -6.575475e-02
53 59 -6.593304e-02
78 83 -6.595115e-02
2 54 -6.600335e-02
10 37 -6.621736e-02
34 88 -6.622169e-02
73 80 -6.637429e-02
14 51 -6.642287e-02
6 14 -6.645054e-02
12 88 -6.647610e-02
7 12 -6.647907e-02
2 76 -6.649898e-02
19 29 -6.654665e-02
52 88 -6.657680e-02
51 91 -6.662933e-02
7 61 -6.663628e-02
39 55 -6.664693e-02
51 92 -6.666907e-02
60 84 -6.666956e-02
51 68 -6.680798e-02
29 83 -6.690742e-02
38 72 -6.704103e-02
3 84 -6.713066e-02
22 24 -6.715910e-02
62 84 -6.739221e-02
1 85 -6.743106e-02
16 51 -6.744056e-02
60 65 -6.748286e-02
10 56 -6.758221e-02
36 79 -6.774284e-02
6 37 -6.785252e-02
19 67 -6.787220e-02
33 75 -6.790384e-02
60 70 -6.791784e-02
3 54 -6.793649e-02
8 75 -6.795778e-02
38 65 -6.802948e-02
41 81 -6.822364e-02
22 73 -6.827786e-02
49 69 -6.828419e-02
39 62 -6.841534e-02
38 61 -6.842453e-02
10 21 -6.847826e-02
23 48 -6.864231e-02
42 45 -6.870804e-02
33 87 -6.872069e-02
3 15 -6.877313e-02
58 84 -6.885767e-02
23 42 -6.899782e-02
61 75 -6.908724e-02
2 12 -6.910140e-02
69 80 -6.935350e-02
59 77 -6.946747e-02
44 79 -6.960923e-02
7 53 -6.961195e-02
21 77 -6.961905e-02
77 90 -6.965089e-02
26 50 -6.966506e-02
1 27 -6.967517e-02
9 25 -6.970528e-02
27 82 -6.972147e-02
32 45 -6.988713e-02
7 78 -6.994021e-02
30 90 -6.996658e-02
11 32 -6.996764e-02
24 84 -6.998963e-02
47 76 -7.033900e-02
17 38 -7.034681e-02
40 59 -7.037825e-02
30 89 -7.043528e-02
43 87 -7.051716e-02
40 61 -7.060642e-02
61 87 -7.082121e-02
38 85 -7.088698e-02
9 79 -7.101153e-02
40 91 -7.131668e-02
36 69 -7.131753e-02
59 81 -7.132851e-02
8 65 -7.136693e-02
20 34 -7.140110e-02
24 65 -7.147002e-02
55 68 -7.152881e-02
64 70 -7.160479e-02
5 75 -7.164114e-02
30 88 -7.169253e-02
37 53 -7.171063e-02
15 28 -7.182428e-02
11 78 -7.190897e-02
2 85 -7.194111e-02
74 83 -7.195553e-02
38 59 -7.199588e-02
14 32 -7.201857e-02
10 63 -7.206533e-02
1 59 -7.208042e-02
9 67 -7.210927e-02
5 37 -7.212315e-02
18 30 -7.212646e-02
18 53 -7.227878e-02
81 86 -7.231773e-02
38 50 -7.233297e-02
5 25 -7.233491e-02
63 76 -7.253945e-02
15 54 -7.278171e-02
11 83 -7.283478e-02
35 72 -7.300571e-02
47 58 -7.303885e-02
82 87 -7.309018e-02
7 85 -7.316958e-02
38 75 -7.318173e-02
69 87 -7.330334e-02
12 57 -7.330695e-02
16 54 -7.331004e-02
6 85 -7.332069e-02
32 40 -7.332567e-02
31 70 -7.345245e-02
13 51 -7.347069e-02
11 66 -7.353640e-02
17 87 -7.372401e-02
59 83 -7.373375e-02
63 74 -7.384271e-02
63 70 -7.398054e-02
14 27 -7.404566e-02
33 79 -7.408671e-02
28 68 -7.426695e-02
13 88 -7.439491e-02
45 64 -7.442922e-02
7 75 -7.450182e-02
64 91 -7.451377e-02
1 46 -7.453996e-02
45 62 -7.454187e-02
36 89 -7.454683e-02
12 63 -7.467113e-02
19 26 -7.469170e-02
4 16 -7.487066e-02
26 77 -7.494249e-02
13 75 -7.511129e-02
72 84 -7.513449e-02
45 83 -7.520217e-02
26 54 -7.522927e-02
15 77 -7.524246e-02
54 65 -7.525834e-02
10 67 -7.526098e-02
43 57 -7.529501e-02
17 71 -7.554905e-02
55 60 -7.561534e-02
29 76 -7.566799e-02
4 26 -7.567595e-02
1 15 -7.573175e-02
47 72 -7.585359e-02
24 32 -7.588629e-02
28 86 -7.592200e-02
35 77 -7.593572e-02
56 73 -7.597688e-02
26 89 -7.598922e-02
44 47 -7.604594e-02
30 44 -7.605199e-02
70 74 -7.614743e-02
52 90 -7.623328e-02
2 81 -7.634109e-02
19 32 -7.634302e-02
44 91 -7.646787e-02
28 79 -7.649482e-02
12 76 -7.651548e-02
3 36 -7.664684e-02
5 88 -7.681841e-02
2 62 -7.687893e-02
34 89 -7.697057e-02
67 83 -7.712056e-02
11 80 -7.716380e-02
31 55 -7.716649e-02
26 30 -7.728989e-02
27 29 -7.741144e-02
64 88 -7.747195e-02
35 78 -7.752395e-02
68 88 -7.755637e-02
46 86 -7.759385e-02
7 89 -7.763492e-02
35 47 -7.768276e-02
23 66 -7.774059e-02
61 82 -7.775364e-02
16 88 -7.776340e-02
6 72 -7.780256e-02
51 72 -7.782246e-02
46 91 -7.782472e-02
5 20 -7.787692e-02
11 88 -7.807394e-02
7 63 -7.808019e-02
15 68 -7.827681e-02
10 33 -7.829954e-02
33 81 -7.831986e-02
10 46 -7.859552e-02
51 56 -7.879406e-02
9 78 -7.892019e-02
76 82 -7.904888e-02
31 92 -7.909297e-02
71 90 -7.910776e-02
25 81 -7.915668e-02
34 65 -7.916236e-02
46 77 -7.936930e-02
14 52 -7.937222e-02
21 37 -7.946190e-02
41 76 -7.952009e-02
7 34 -7.955473e-02
58 66 -7.958838e-02
5 78 -7.966913e-02
60 87 -7.973666e-02
70 88 -7.976606e-02
20 79 -7.998054e-02
10 79 -8.014695e-02
68 86 -8.027804e-02
53 70 -8.032780e-02
59 80 -8.038129e-02
9 59 -8.046247e-02
45 74 -8.071390e-02
60 73 -8.071561e-02
51 84 -8.083765e-02
62 73 -8.104020e-02
28 51 -8.113268e-02
30 87 -8.113989e-02
9 44 -8.124519e-02
58 73 -8.125527e-02
50 89 -8.129325e-02
28 55 -8.130044e-02
33 77 -8.140606e-02
33 62 -8.140763e-02
16 72 -8.148402e-02
3 53 -8.150116e-02
2 17 -8.155689e-02
10 32 -8.161479e-02
6 43 -8.174922e-02
8 46 -8.177902e-02
10 51 -8.184448e-02
77 86 -8.194691e-02
69 83 -8.205038e-02
8 57 -8.215768e-02
3 66 -8.229845e-02
41 91 -8.244966e-02
22 68 -8.254956e-02
24 92 -8.259311e-02
7 44 -8.272930e-02
52 87 -8.278821e-02
8 84 -8.282958e-02
6 57 -8.304387e-02
21 44 -8.307621e-02
4 83 -8.323884e-02
44 73 -8.336424e-02
8 19 -8.336775e-02
14 43 -8.340169e-02
15 80 -8.354771e-02
47 63 -8.374387e-02
48 82 -8.377158e-02
10 83 -8.377410e-02
5 50 -8.381381e-02
40 67 -8.397673e-02
16 67 -8.404719e-02
11 19 -8.411477e-02
20 50 -8.422375e-02
43 73 -8.423198e-02
25 44 -8.426801e-02
20 58 -8.429241e-02
1 77 -8.436015e-02
53 88 -8.442426e-02
9 63 -8.455752e-02
20 84 -8.466001e-02
6 36 -8.467433e-02
31 42 -8.475854e-02
59 87 -8.479217e-02
50 86 -8.495126e-02
39 83 -8.497264e-02
56 70 -8.511052e-02
30 61 -8.517968e-02
1 87 -8.528777e-02
16 46 -8.529471e-02
48 75 -8.530803e-02
47 59 -8.532466e-02
54 91 -8.534579e-02
10 61 -8.543043e-02
23 88 -8.543845e-02
20 36 -8.544971e-02
7 81 -8.549072e-02
41 71 -8.550708e-02
3 26 -8.552931e-02
72 92 -8.560578e-02
15 83 -8.563160e-02
1 53 -8.569243e-02
26 91 -8.572285e-02
44 63 -8.576047e-02
48 87 -8.576962e-02
12 82 -8.579506e-02
27 55 -8.583832e-02
9 84 -8.588551e-02
11 59 -8.589762e-02
16 43 -8.603449e-02
8 69 -8.604676e-02
18 87 -8.610983e-02
50 74 -8.625550e-02
25 42 -8.637040e-02
56 75 -8.662665e-02
2 75 -8.667078e-02
36 60 -8.669260e-02
55 59 -8.675757e-02
5 73 -8.685659e-02
39 46 -8.687356e-02
5 72 -8.706396e-02
47 80 -8.713906e-02
29 75 -8.728857e-02
19 34 -8.730738e-02
11 31 -8.739277e-02
25 48 -8.740541e-02
4 43 -8.757066e-02
15 66 -8.758620e-02
44 60 -8.759664e-02
13 70 -8.796707e-02
54 62 -8.798048e-02
8 38 -8.812854e-02
13 82 -8.827508e-02
45 79 -8.830508e-02
72 82 -8.832849e-02
27 81 -8.840358e-02
30 92 -8.843085e-02
20 88 -8.853856e-02
69 90 -8.858764e-02
23 47 -8.868151e-02
15 47 -8.897348e-02
6 55 -8.906852e-02
75 82 -8.914384e-02
41 53 -8.914454e-02
5 52 -8.923095e-02
66 80 -8.923754e-02
16 35 -8.926966e-02
1 47 -8.932607e-02
4 20 -8.932956e-02
19 73 -8.944991e-02
67 89 -8.950377e-02
25 80 -8.958855e-02
4 30 -8.959744e-02
17 72 -8.960457e-02
16 31 -8.981313e-02
49 56 -8.986495e-02
57 77 -8.988131e-02
31 62 -9.010116e-02
6 24 -9.032286e-02
17 70 -9.043274e-02
27 62 -9.059496e-02
19 55 -9.064333e-02
55 62 -9.079496e-02
40 53 -9.082122e-02
57 78 -9.088930e-02
5 85 -9.099402e-02
42 74 -9.104487e-02
5 23 -9.121979e-02
9 61 -9.124553e-02
54 92 -9.162713e-02
7 88 -9.167257e-02
2 31 -9.197049e-02
56 86 -9.200066e-02
16 25 -9.218326e-02
16 53 -9.230538e-02
63 65 -9.248722e-02
20 75 -9.261765e-02
36 45 -9.267097e-02
29 84 -9.275580e-02
33 45 -9.281397e-02
33 82 -9.290544e-02
29 53 -9.294711e-02
8 86 -9.294951e-02
30 81 -9.298941e-02
51 73 -9.306242e-02
4 89 -9.315782e-02
42 56 -9.318222e-02
22 57 -9.321276e-02
31 91 -9.328147e-02
9 33 -9.330312e-02
10 73 -9.330693e-02
5 32 -9.331831e-02
46 70 -9.333650e-02
62 74 -9.343111e-02
33 89 -9.350734e-02
7 17 -9.350941e-02
11 52 -9.356616e-02
14 54 -9.371905e-02
7 66 -9.381458e-02
48 62 -9.391282e-02
36 71 -9.404480e-02
50 87 -9.413119e-02
29 90 -9.420619e-02
40 85 -9.430115e-02
19 46 -9.431560e-02
56 91 -9.431725e-02
20 61 -9.438244e-02
40 65 -9.458057e-02
46 72 -9.459488e-02
61 71 -9.463131e-02
17 66 -9.464387e-02
29 74 -9.464999e-02
7 65 -9.484172e-02
28 37 -9.492410e-02
81 87 -9.493651e-02
63 91 -9.498716e-02
33 68 -9.500387e-02
18 52 -9.501008e-02
11 56 -9.502737e-02
11 39 -9.506989e-02
29 81 -9.508526e-02
52 92 -9.509079e-02
46 73 -9.520783e-02
24 90 -9.524484e-02
49 77 -9.538627e-02
47 67 -9.540554e-02
56 66 -9.543618e-02
29 82 -9.544931e-02
33 54 -9.562210e-02
29 30 -9.565936e-02
29 41 -9.572180e-02
30 69 -9.584020e-02
42 81 -9.591042e-02
16 81 -9.603720e-02
22 88 -9.608816e-02
56 88 -9.618128e-02
22 79 -9.644130e-02
33 38 -9.654406e-02
5 33 -9.655655e-02
51 90 -9.694667e-02
65 83 -9.694902e-02
33 69 -9.709508e-02
2 71 -9.712121e-02
38 87 -9.713742e-02
7 32 -9.718333e-02
27 78 -9.732486e-02
64 66 -9.733112e-02
21 39 -9.740471e-02
5 17 -9.743339e-02
26 64 -9.754423e-02
7 80 -9.756813e-02
4 33 -9.756948e-02
5 60 -9.760980e-02
12 89 -9.768544e-02
1 33 -9.770112e-02
50 75 -9.785750e-02
8 55 -9.786795e-02
4 62 -9.796153e-02
33 49 -9.799114e-02
12 31 -9.800601e-02
15 37 -9.801838e-02
53 85 -9.803128e-02
24 57 -9.803881e-02
2 79 -9.805964e-02
14 83 -9.808575e-02
65 78 -9.819177e-02
3 45 -9.820335e-02
7 60 -9.828377e-02
12 42 -9.837267e-02
3 88 -9.837466e-02
24 56 -9.837633e-02
3 51 -9.844985e-02
4 66 -9.845624e-02
16 58 -9.851742e-02
4 68 -9.853398e-02
17 34 -9.858146e-02
20 63 -9.862028e-02
18 81 -9.864403e-02
47 81 -9.878314e-02
39 68 -9.883243e-02
4 82 -9.888259e-02
65 86 -9.893804e-02
57 84 -9.895121e-02
17 83 -9.904946e-02
43 66 -9.906168e-02
21 45 -9.907200e-02
55 85 -9.913450e-02
47 78 -9.929161e-02
31 83 -9.932431e-02
1 19 -9.934411e-02
13 48 -9.938031e-02
57 69 -9.977344e-02
4 29 -9.986683e-02
73 91 -9.995255e-02
4 28 -9.995869e-02
44 61 -9.998499e-02
70 91 -1.005143e-01
9 75 -1.005450e-01
21 35 -1.007910e-01
23 90 -1.008106e-01
3 24 -1.010178e-01
18 49 -1.010978e-01
20 76 -1.013635e-01
12 38 -1.014215e-01
67 81 -1.015151e-01
79 89 -1.016048e-01
42 73 -1.016190e-01
4 31 -1.016471e-01
4 18 -1.017657e-01
21 59 -1.019600e-01
16 50 -1.020012e-01
6 25 -1.022045e-01
12 50 -1.023003e-01
40 90 -1.023899e-01
17 59 -1.024311e-01
37 52 -1.026477e-01
18 31 -1.028780e-01
15 62 -1.028809e-01
23 62 -1.029095e-01
48 67 -1.029189e-01
42 76 -1.029552e-01
19 35 -1.030380e-01
23 84 -1.031690e-01
8 89 -1.032246e-01
26 90 -1.033446e-01
65 88 -1.033529e-01
15 31 -1.033996e-01
70 82 -1.034339e-01
18 68 -1.034341e-01
73 82 -1.034748e-01
36 64 -1.035169e-01
32 67 -1.035264e-01
40 47 -1.035539e-01
37 44 -1.037216e-01
35 73 -1.038627e-01
15 89 -1.039125e-01
24 71 -1.039240e-01
24 26 -1.040928e-01
54 90 -1.041316e-01
19 75 -1.043567e-01
4 39 -1.046136e-01
14 63 -1.046629e-01
33 91 -1.046836e-01
8 88 -1.048614e-01
3 13 -1.049107e-01
10 58 -1.051862e-01
43 65 -1.053468e-01
25 37 -1.053701e-01
1 34 -1.054308e-01
36 52 -1.054793e-01
4 63 -1.054928e-01
5 84 -1.055012e-01
23 87 -1.055228e-01
8 35 -1.056194e-01
6 35 -1.056657e-01
65 75 -1.057428e-01
11 41 -1.058727e-01
70 81 -1.059011e-01
23 37 -1.061859e-01
24 80 -1.062410e-01
23 82 -1.064328e-01
6 45 -1.064406e-01
3 87 -1.064568e-01
20 90 -1.065145e-01
26 67 -1.066766e-01
22 89 -1.068296e-01
36 72 -1.068725e-01
8 79 -1.068942e-01
23 25 -1.069095e-01
35 88 -1.069252e-01
26 34 -1.070017e-01
31 66 -1.072656e-01
10 41 -1.073828e-01
11 72 -1.074012e-01
16 59 -1.074133e-01
35 70 -1.075937e-01
32 64 -1.076239e-01
14 41 -1.078054e-01
21 83 -1.078211e-01
3 33 -1.078849e-01
33 52 -1.079954e-01
34 80 -1.080670e-01
23 27 -1.081594e-01
49 55 -1.082202e-01
23 72 -1.082927e-01
48 52 -1.082997e-01
75 79 -1.083020e-01
47 64 -1.084051e-01
9 65 -1.084102e-01
10 54 -1.085033e-01
29 44 -1.085287e-01
47 84 -1.086334e-01
36 67 -1.087506e-01
18 54 -1.088444e-01
82 86 -1.089460e-01
17 82 -1.092635e-01
60 81 -1.094096e-01
35 58 -1.094636e-01
13 81 -1.096326e-01
49 76 -1.096731e-01
29 89 -1.097883e-01
18 63 -1.098101e-01
48 55 -1.098188e-01
68 87 -1.099046e-01
1 43 -1.099735e-01
73 89 -1.101460e-01
11 48 -1.101745e-01
44 50 -1.104369e-01
15 81 -1.104982e-01
46 85 -1.105171e-01
33 61 -1.105360e-01
17 35 -1.105447e-01
18 79 -1.105690e-01
28 76 -1.106740e-01
2 60 -1.107276e-01
19 83 -1.108291e-01
42 60 -1.108577e-01
10 62 -1.108755e-01
22 45 -1.109941e-01
71 82 -1.111629e-01
1 79 -1.111861e-01
6 84 -1.112575e-01
32 68 -1.114632e-01
11 38 -1.114979e-01
5 13 -1.116026e-01
37 51 -1.116678e-01
47 74 -1.117800e-01
46 62 -1.118983e-01
18 34 -1.120928e-01
5 29 -1.121963e-01
9 43 -1.124714e-01
38 56 -1.125194e-01
45 55 -1.125909e-01
21 42 -1.126697e-01
20 39 -1.127611e-01
14 33 -1.128720e-01
76 83 -1.129991e-01
50 58 -1.131142e-01
21 29 -1.132266e-01
3 73 -1.133941e-01
73 92 -1.134661e-01
49 66 -1.134797e-01
12 43 -1.135955e-01
30 91 -1.136220e-01
29 71 -1.136865e-01
39 84 -1.137138e-01
10 47 -1.137455e-01
6 79 -1.138080e-01
41 80 -1.139352e-01
12 62 -1.139618e-01
26 43 -1.140679e-01
50 85 -1.140721e-01
23 44 -1.141878e-01
16 24 -1.141988e-01
2 63 -1.141998e-01
10 28 -1.142193e-01
65 84 -1.142670e-01
38 42 -1.143368e-01
49 91 -1.144061e-01
43 69 -1.147291e-01
11 92 -1.147732e-01
40 78 -1.148829e-01
65 70 -1.149101e-01
54 77 -1.152419e-01
3 37 -1.154927e-01
26 66 -1.154948e-01
32 63 -1.155120e-01
39 64 -1.155579e-01
22 30 -1.155690e-01
44 70 -1.155730e-01
54 81 -1.155814e-01
9 18 -1.155852e-01
3 89 -1.156174e-01
21 73 -1.156386e-01
21 89 -1.156497e-01
64 76 -1.158183e-01
33 90 -1.159291e-01
30 46 -1.160484e-01
24 62 -1.160764e-01
39 88 -1.162794e-01
76 84 -1.163127e-01
68 78 -1.164306e-01
10 24 -1.165317e-01
58 88 -1.166486e-01
22 39 -1.167846e-01
23 56 -1.169619e-01
68 76 -1.169717e-01
14 66 -1.171106e-01
57 65 -1.171418e-01
63 80 -1.172427e-01
4 74 -1.172524e-01
20 64 -1.174068e-01
13 53 -1.174819e-01
26 57 -1.175151e-01
14 53 -1.177318e-01
13 63 -1.179432e-01
63 77 -1.179446e-01
37 56 -1.179794e-01
4 56 -1.183266e-01
66 71 -1.185367e-01
71 85 -1.185749e-01
72 91 -1.186972e-01
4 85 -1.188622e-01
16 73 -1.190178e-01
1 13 -1.190709e-01
1 32 -1.192517e-01
53 58 -1.193079e-01
29 46 -1.194108e-01
30 47 -1.194469e-01
14 40 -1.196541e-01
5 21 -1.196571e-01
16 63 -1.196655e-01
23 46 -1.197044e-01
44 74 -1.198574e-01
41 83 -1.199815e-01
23 34 -1.200558e-01
54 60 -1.200790e-01
63 86 -1.201281e-01
1 41 -1.203135e-01
17 44 -1.203385e-01
38 58 -1.205213e-01
50 84 -1.208700e-01
17 61 -1.211025e-01
26 39 -1.213544e-01
2 40 -1.215964e-01
37 81 -1.216730e-01
20 80 -1.217513e-01
39 54 -1.217972e-01
23 79 -1.218350e-01
6 70 -1.218870e-01
1 63 -1.220985e-01
43 59 -1.226733e-01
16 47 -1.226912e-01
30 39 -1.227370e-01
45 68 -1.227604e-01
2 23 -1.227929e-01
42 70 -1.229119e-01
7 36 -1.230900e-01
37 75 -1.232692e-01
24 37 -1.233340e-01
18 43 -1.234373e-01
1 38 -1.235132e-01
63 87 -1.236827e-01
41 84 -1.236975e-01
13 92 -1.237976e-01
32 56 -1.239947e-01
21 72 -1.240628e-01
4 73 -1.242365e-01
37 48 -1.242525e-01
25 40 -1.242610e-01
61 78 -1.244389e-01
28 56 -1.244777e-01
71 83 -1.246421e-01
48 60 -1.247067e-01
34 91 -1.250102e-01
57 73 -1.250969e-01
17 80 -1.251509e-01
33 43 -1.252007e-01
45 82 -1.253010e-01
62 87 -1.254948e-01
21 79 -1.255328e-01
10 29 -1.255649e-01
22 47 -1.256388e-01
2 34 -1.257639e-01
63 79 -1.259444e-01
48 79 -1.259767e-01
2 36 -1.260524e-01
9 82 -1.261059e-01
59 64 -1.261376e-01
46 59 -1.264167e-01
18 28 -1.265892e-01
62 86 -1.267175e-01
23 33 -1.267315e-01
5 66 -1.268325e-01
14 68 -1.270694e-01
2 58 -1.272493e-01
6 29 -1.273055e-01
27 46 -1.273426e-01
70 77 -1.275037e-01
28 88 -1.279659e-01
5 26 -1.283267e-01
60 76 -1.283593e-01
25 72 -1.283931e-01
19 56 -1.284025e-01
30 59 -1.284580e-01
25 63 -1.286088e-01
11 70 -1.286786e-01
6 41 -1.288556e-01
9 46 -1.288975e-01
55 79 -1.289731e-01
8 17 -1.290440e-01
1 20 -1.290595e-01
18 26 -1.292784e-01
54 88 -1.293660e-01
11 67 -1.294701e-01
58 86 -1.295677e-01
17 27 -1.295782e-01
22 48 -1.297645e-01
35 81 -1.298260e-01
3 55 -1.298371e-01
30 35 -1.298443e-01
13 57 -1.298490e-01
49 71 -1.299022e-01
15 27 -1.299650e-01
10 80 -1.300503e-01
5 89 -1.300528e-01
9 68 -1.301892e-01
27 88 -1.302801e-01
54 80 -1.302868e-01
73 88 -1.304084e-01
9 40 -1.305546e-01
22 56 -1.306560e-01
44 69 -1.308230e-01
34 55 -1.310394e-01
63 83 -1.311441e-01
14 79 -1.311498e-01
1 82 -1.313984e-01
29 42 -1.314987e-01
1 92 -1.315653e-01
5 83 -1.315765e-01
10 81 -1.316029e-01
23 55 -1.316365e-01
26 85 -1.316606e-01
40 52 -1.317911e-01
34 68 -1.318708e-01
14 30 -1.319434e-01
54 78 -1.320603e-01
6 34 -1.321200e-01
54 76 -1.321407e-01
51 87 -1.322274e-01
45 58 -1.322293e-01
9 88 -1.322940e-01
22 54 -1.322980e-01
28 83 -1.323062e-01
2 82 -1.324915e-01
20 89 -1.326081e-01
7 59 -1.327449e-01
42 77 -1.327821e-01
38 76 -1.329238e-01
48 53 -1.330336e-01
40 73 -1.330522e-01
17 67 -1.330699e-01
31 69 -1.331407e-01
6 17 -1.332794e-01
32 46 -1.333343e-01
58 82 -1.334964e-01
21 81 -1.335254e-01
17 58 -1.335678e-01
23 63 -1.337670e-01
6 40 -1.339015e-01
7 25 -1.339331e-01
16 49 -1.340371e-01
22 46 -1.340625e-01
30 36 -1.340729e-01
2 56 -1.344877e-01
18 51 -1.344929e-01
41 49 -1.345782e-01
28 82 -1.348217e-01
15 32 -1.349531e-01
59 65 -1.350588e-01
66 77 -1.350726e-01
8 27 -1.351798e-01
56 61 -1.351984e-01
61 67 -1.352086e-01
7 45 -1.352717e-01
60 67 -1.352890e-01
12 92 -1.353200e-01
64 87 -1.354312e-01
45 66 -1.356816e-01
3 44 -1.357882e-01
28 40 -1.358352e-01
11 91 -1.358963e-01
38 54 -1.360612e-01
31 80 -1.361384e-01
10 57 -1.361545e-01
14 42 -1.361855e-01
42 62 -1.362167e-01
39 56 -1.363091e-01
14 80 -1.364103e-01
9 17 -1.367558e-01
55 89 -1.370877e-01
7 58 -1.373331e-01
57 76 -1.373500e-01
30 78 -1.375679e-01
9 76 -1.379741e-01
54 68 -1.380767e-01
24 59 -1.380771e-01
56 62 -1.382297e-01
22 72 -1.388572e-01
38 48 -1.389885e-01
36 49 -1.390090e-01
59 71 -1.390687e-01
49 87 -1.392191e-01
18 41 -1.392935e-01
9 29 -1.395642e-01
3 42 -1.395655e-01
64 74 -1.396789e-01
51 80 -1.397685e-01
37 83 -1.397834e-01
24 54 -1.397958e-01
17 65 -1.399935e-01
26 80 -1.400323e-01
43 63 -1.400761e-01
4 23 -1.400937e-01
11 79 -1.401175e-01
6 30 -1.402583e-01
11 53 -1.405941e-01
21 27 -1.407685e-01
54 59 -1.407774e-01
37 55 -1.408285e-01
55 82 -1.411434e-01
32 85 -1.414002e-01
26 53 -1.414246e-01
19 85 -1.414670e-01
12 90 -1.415201e-01
70 78 -1.415425e-01
17 63 -1.415705e-01
9 74 -1.415790e-01
13 39 -1.418758e-01
20 65 -1.419244e-01
5 63 -1.419502e-01
30 86 -1.420156e-01
11 20 -1.423118e-01
56 87 -1.424918e-01
5 59 -1.426739e-01
38 51 -1.426874e-01
8 52 -1.430783e-01
65 80 -1.432570e-01
36 68 -1.432838e-01
20 62 -1.434842e-01
16 87 -1.436149e-01
1 65 -1.436629e-01
26 56 -1.439380e-01
25 79 -1.440456e-01
2 29 -1.442034e-01
23 68 -1.442780e-01
63 75 -1.445577e-01
15 91 -1.445808e-01
37 71 -1.447523e-01
1 12 -1.451566e-01
2 69 -1.455808e-01
44 75 -1.459266e-01
8 39 -1.459371e-01
53 54 -1.459945e-01
11 64 -1.459973e-01
63 89 -1.463343e-01
32 79 -1.465676e-01
7 20 -1.466056e-01
3 86 -1.467107e-01
23 67 -1.467983e-01
45 70 -1.469990e-01
10 86 -1.471376e-01
63 90 -1.472420e-01
51 79 -1.476768e-01
2 66 -1.476943e-01
2 37 -1.478014e-01
57 72 -1.478149e-01
16 70 -1.482367e-01
21 40 -1.483660e-01
44 92 -1.484062e-01
5 34 -1.490284e-01
15 33 -1.491118e-01
72 85 -1.497894e-01
35 71 -1.499129e-01
3 18 -1.500887e-01
37 72 -1.502380e-01
58 87 -1.503637e-01
50 76 -1.503688e-01
64 84 -1.503822e-01
71 88 -1.507271e-01
7 18 -1.507647e-01
4 52 -1.509174e-01
25 89 -1.511507e-01
28 41 -1.512164e-01
26 42 -1.514370e-01
67 75 -1.514628e-01
14 36 -1.514928e-01
15 71 -1.515271e-01
76 86 -1.521086e-01
10 44 -1.521630e-01
6 81 -1.523916e-01
34 53 -1.528128e-01
6 31 -1.528398e-01
11 89 -1.530197e-01
69 88 -1.530684e-01
39 76 -1.530901e-01
19 49 -1.537301e-01
15 43 -1.537682e-01
6 58 -1.538135e-01
10 71 -1.539666e-01
28 57 -1.544151e-01
34 52 -1.545589e-01
24 63 -1.545773e-01
41 58 -1.547151e-01
27 59 -1.547332e-01
44 57 -1.549449e-01
21 88 -1.550617e-01
52 70 -1.551664e-01
14 45 -1.553675e-01
13 90 -1.553719e-01
33 64 -1.556236e-01
72 89 -1.556790e-01
33 44 -1.556823e-01
16 33 -1.557101e-01
58 80 -1.557648e-01
39 53 -1.558584e-01
15 84 -1.558616e-01
16 40 -1.560913e-01
52 86 -1.561824e-01
9 80 -1.566775e-01
69 91 -1.569594e-01
56 80 -1.573666e-01
63 73 -1.573800e-01
53 78 -1.575811e-01
51 59 -1.575896e-01
24 42 -1.578187e-01
45 84 -1.578696e-01
27 35 -1.578778e-01
34 90 -1.583859e-01
10 25 -1.584126e-01
9 58 -1.584309e-01
14 82 -1.584471e-01
11 46 -1.585996e-01
43 78 -1.588521e-01
63 82 -1.590923e-01
2 49 -1.590937e-01
43 86 -1.595449e-01
46 69 -1.596533e-01
28 52 -1.596876e-01
25 67 -1.597685e-01
18 44 -1.598677e-01
44 90 -1.600076e-01
57 64 -1.601926e-01
7 35 -1.605208e-01
12 68 -1.607116e-01
10 82 -1.608716e-01
26 65 -1.610155e-01
1 66 -1.610357e-01
20 60 -1.614056e-01
21 65 -1.615427e-01
13 43 -1.616931e-01
20 57 -1.617723e-01
2 77 -1.617949e-01
31 41 -1.618285e-01
65 76 -1.618788e-01
56 78 -1.619057e-01
2 27 -1.619879e-01
3 67 -1.621713e-01
20 70 -1.622094e-01
32 73 -1.622573e-01
7 82 -1.623977e-01
58 65 -1.624624e-01
29 54 -1.624876e-01
45 80 -1.626186e-01
43 74 -1.626218e-01
53 62 -1.626653e-01
34 71 -1.627553e-01
19 51 -1.629433e-01
37 50 -1.629673e-01
35 52 -1.629868e-01
27 47 -1.635754e-01
30 42 -1.635784e-01
7 42 -1.636226e-01
20 81 -1.636811e-01
45 90 -1.637633e-01
9 83 -1.637927e-01
2 73 -1.638850e-01
6 28 -1.640271e-01
1 21 -1.641660e-01
23 65 -1.644733e-01
71 89 -1.644921e-01
8 56 -1.645122e-01
43 80 -1.648328e-01
4 81 -1.652095e-01
7 62 -1.653949e-01
49 79 -1.654534e-01
21 74 -1.655328e-01
16 41 -1.655463e-01
24 29 -1.655785e-01
20 33 -1.656139e-01
12 30 -1.660666e-01
53 89 -1.661754e-01
21 80 -1.662081e-01
66 74 -1.662524e-01
3 70 -1.664437e-01
4 80 -1.664757e-01
15 40 -1.664950e-01
23 80 -1.666245e-01
53 76 -1.666725e-01
27 67 -1.669422e-01
10 84 -1.674155e-01
37 45 -1.675278e-01
50 60 -1.676536e-01
61 72 -1.677715e-01
1 61 -1.682098e-01
44 67 -1.682272e-01
70 73 -1.690574e-01
38 46 -1.691833e-01
8 81 -1.692223e-01
59 86 -1.693752e-01
1 62 -1.697026e-01
72 86 -1.698421e-01
57 82 -1.698487e-01
26 82 -1.699613e-01
43 67 -1.700289e-01
2 78 -1.703531e-01
2 61 -1.705214e-01
15 86 -1.706105e-01
5 36 -1.706931e-01
71 92 -1.708750e-01
31 52 -1.708997e-01
54 67 -1.710249e-01
51 86 -1.711130e-01
61 90 -1.711608e-01
46 60 -1.711626e-01
14 46 -1.714808e-01
19 81 -1.714956e-01
36 58 -1.716906e-01
37 77 -1.716933e-01
45 77 -1.719358e-01
44 80 -1.724590e-01
44 58 -1.724604e-01
6 73 -1.724665e-01
18 58 -1.725564e-01
51 83 -1.725614e-01
14 58 -1.728295e-01
22 44 -1.729970e-01
37 73 -1.732903e-01
70 79 -1.736902e-01
7 33 -1.739072e-01
7 57 -1.739926e-01
14 62 -1.740406e-01
9 60 -1.746127e-01
51 69 -1.748300e-01
31 47 -1.748335e-01
8 73 -1.748694e-01
13 80 -1.749077e-01
57 85 -1.749701e-01
6 83 -1.752459e-01
69 78 -1.757308e-01
44 62 -1.757809e-01
53 63 -1.759968e-01
24 50 -1.760552e-01
22 50 -1.761546e-01
22 49 -1.763496e-01
18 55 -1.768897e-01
5 18 -1.769683e-01
45 91 -1.772696e-01
73 81 -1.774397e-01
13 68 -1.774671e-01
27 80 -1.775070e-01
42 68 -1.779362e-01
2 18 -1.782738e-01
46 90 -1.783023e-01
18 73 -1.783649e-01
35 62 -1.784378e-01
30 75 -1.784479e-01
58 85 -1.784921e-01
50 55 -1.786954e-01
22 52 -1.787679e-01
40 77 -1.788546e-01
21 64 -1.788823e-01
56 77 -1.789254e-01
49 70 -1.789538e-01
43 60 -1.791542e-01
19 64 -1.793804e-01
6 68 -1.797735e-01
34 45 -1.799225e-01
27 90 -1.802072e-01
3 39 -1.805088e-01
8 37 -1.809804e-01
37 64 -1.814724e-01
19 40 -1.815977e-01
2 51 -1.816247e-01
31 58 -1.816537e-01
32 60 -1.817357e-01
43 75 -1.821287e-01
3 78 -1.821653e-01
54 57 -1.823464e-01
15 82 -1.830864e-01
12 46 -1.832164e-01
21 84 -1.835532e-01
24 39 -1.835829e-01
11 90 -1.836169e-01
8 64 -1.843027e-01
68 75 -1.848439e-01
2 50 -1.849618e-01
22 64 -1.853330e-01
7 22 -1.857352e-01
17 79 -1.858311e-01
2 20 -1.860922e-01
1 51 -1.866696e-01
54 66 -1.870466e-01
52 63 -1.870834e-01
7 37 -1.874592e-01
13 65 -1.878574e-01
3 34 -1.879850e-01
58 62 -1.884236e-01
45 81 -1.884244e-01
47 71 -1.887290e-01
3 80 -1.888390e-01
13 56 -1.888746e-01
40 76 -1.891227e-01
10 68 -1.893026e-01
9 62 -1.899439e-01
8 24 -1.902302e-01
37 46 -1.903872e-01
4 67 -1.904987e-01
3 75 -1.906245e-01
12 56 -1.907948e-01
5 51 -1.909895e-01
49 83 -1.916653e-01
59 68 -1.917123e-01
40 69 -1.923004e-01
9 57 -1.923096e-01
45 48 -1.929907e-01
13 91 -1.936098e-01
45 60 -1.937155e-01
31 72 -1.937988e-01
19 44 -1.938913e-01
27 34 -1.942054e-01
17 68 -1.952093e-01
2 46 -1.955344e-01
25 27 -1.957817e-01
50 64 -1.961501e-01
50 54 -1.964151e-01
30 66 -1.965142e-01
56 85 -1.968404e-01
31 60 -1.968633e-01
2 38 -1.970008e-01
35 63 -1.976388e-01
7 29 -1.976701e-01
6 26 -1.977638e-01
16 69 -1.977995e-01
12 51 -1.980459e-01
44 56 -1.982009e-01
66 82 -1.986686e-01
16 71 -1.986823e-01
20 38 -1.986830e-01
7 87 -1.992573e-01
30 38 -1.992836e-01
37 65 -1.993924e-01
1 56 -1.995426e-01
27 92 -1.998590e-01
5 61 -1.999505e-01
2 24 -2.000630e-01
11 81 -2.001531e-01
18 84 -2.003294e-01
72 83 -2.004160e-01
30 55 -2.007871e-01
3 85 -2.008117e-01
11 30 -2.012250e-01
15 69 -2.014210e-01
2 26 -2.017143e-01
5 86 -2.017801e-01
7 55 -2.018524e-01
20 82 -2.019186e-01
27 56 -2.020533e-01
5 55 -2.021393e-01
49 61 -2.025868e-01
3 77 -2.034286e-01
45 57 -2.035054e-01
8 28 -2.035305e-01
12 64 -2.035591e-01
19 71 -2.041753e-01
37 54 -2.042792e-01
16 68 -2.049324e-01
17 56 -2.052809e-01
27 38 -2.053570e-01
28 64 -2.059016e-01
1 45 -2.060835e-01
39 69 -2.068027e-01
25 71 -2.068982e-01
29 68 -2.069155e-01
59 72 -2.073879e-01
2 68 -2.075764e-01
4 19 -2.076050e-01
32 58 -2.077077e-01
13 60 -2.086251e-01
48 66 -2.092788e-01
50 72 -2.096289e-01
34 57 -2.099045e-01
11 82 -2.101689e-01
19 72 -2.105172e-01
56 72 -2.119962e-01
8 60 -2.123264e-01
20 41 -2.127407e-01
3 27 -2.128121e-01
64 78 -2.128629e-01
3 57 -2.132074e-01
7 39 -2.132258e-01
8 61 -2.132447e-01
53 60 -2.138913e-01
11 68 -2.141098e-01
10 30 -2.147331e-01
8 67 -2.150380e-01
36 82 -2.152985e-01
50 81 -2.153488e-01
2 53 -2.157158e-01
27 89 -2.165006e-01
4 57 -2.166675e-01
46 71 -2.167634e-01
24 33 -2.167912e-01
1 25 -2.171976e-01
9 30 -2.173619e-01
51 57 -2.179905e-01
10 64 -2.182458e-01
24 61 -2.183065e-01
3 74 -2.183585e-01
13 52 -2.184486e-01
13 30 -2.187621e-01
43 84 -2.189667e-01
30 48 -2.192571e-01
16 44 -2.195848e-01
42 64 -2.200410e-01
18 71 -2.201346e-01
17 64 -2.202177e-01
35 64 -2.203650e-01
20 32 -2.204958e-01
27 66 -2.204981e-01
53 75 -2.215844e-01
44 78 -2.216704e-01
3 12 -2.216738e-01
58 78 -2.217928e-01
2 84 -2.227294e-01
2 48 -2.228460e-01
29 52 -2.234178e-01
23 58 -2.235859e-01
41 47 -2.243922e-01
36 51 -2.246926e-01
28 63 -2.247503e-01
58 75 -2.248600e-01
71 91 -2.250441e-01
21 71 -2.255000e-01
49 72 -2.255150e-01
40 80 -2.255847e-01
1 24 -2.256493e-01
13 46 -2.257873e-01
56 71 -2.265923e-01
22 84 -2.266647e-01
24 64 -2.267916e-01
61 84 -2.273928e-01
15 90 -2.274332e-01
67 73 -2.274993e-01
57 71 -2.277020e-01
25 45 -2.278504e-01
27 39 -2.281235e-01
52 60 -2.283436e-01
27 33 -2.286767e-01
45 63 -2.290633e-01
52 59 -2.292951e-01
15 52 -2.293789e-01
48 84 -2.300094e-01
6 27 -2.303501e-01
31 68 -2.310648e-01
44 82 -2.317573e-01
4 59 -2.342306e-01
31 87 -2.346087e-01
53 81 -2.348546e-01
52 78 -2.352048e-01
42 61 -2.364652e-01
12 58 -2.381624e-01
8 36 -2.381897e-01
5 77 -2.384317e-01
8 70 -2.390695e-01
5 80 -2.392717e-01
36 46 -2.393794e-01
27 65 -2.395119e-01
55 65 -2.395148e-01
21 70 -2.398516e-01
12 27 -2.406849e-01
62 71 -2.410523e-01
65 71 -2.438221e-01
35 60 -2.444623e-01
42 63 -2.446821e-01
39 52 -2.454188e-01
6 44 -2.454395e-01
26 52 -2.455413e-01
54 64 -2.462433e-01
39 65 -2.464939e-01
2 25 -2.471340e-01
64 86 -2.479648e-01
30 63 -2.491234e-01
19 84 -2.492294e-01
30 41 -2.496702e-01
40 66 -2.497772e-01
3 71 -2.500434e-01
27 64 -2.502696e-01
30 82 -2.502893e-01
21 54 -2.519613e-01
13 83 -2.519887e-01
4 64 -2.521927e-01
54 63 -2.541405e-01
25 64 -2.548042e-01
13 54 -2.551610e-01
31 64 -2.560989e-01
16 27 -2.561188e-01
66 73 -2.564959e-01
27 60 -2.573412e-01
34 44 -2.597016e-01
1 52 -2.603765e-01
9 64 -2.613279e-01
32 70 -2.619093e-01
45 59 -2.632505e-01
16 84 -2.643675e-01
24 41 -2.669353e-01
15 64 -2.685279e-01
4 71 -2.685316e-01
17 86 -2.697985e-01
47 75 -2.699345e-01
22 27 -2.707683e-01
12 53 -2.715485e-01
60 71 -2.724231e-01
52 72 -2.725627e-01
39 43 -2.729736e-01
8 53 -2.737360e-01
6 67 -2.742491e-01
71 80 -2.760014e-01
13 64 -2.761646e-01
39 45 -2.763649e-01
28 58 -2.775256e-01
4 76 -2.792212e-01
69 84 -2.820352e-01
27 58 -2.824410e-01
19 27 -2.848682e-01
14 64 -2.861150e-01
28 60 -2.877584e-01
72 88 -2.889475e-01
64 85 -2.893876e-01
19 68 -2.909249e-01
6 87 -2.918392e-01
18 27 -2.970582e-01
27 63 -3.011989e-01
63 71 -3.045391e-01
12 52 -3.074338e-01
71 81 -3.084134e-01
32 72 -3.106556e-01
64 73 -3.112877e-01
24 81 -3.169223e-01
22 67 -3.170371e-01
59 73 -3.177714e-01
5 74 -3.237129e-01
27 37 -3.245538e-01
38 71 -3.261273e-01
52 83 -3.283112e-01
54 69 -3.312597e-01
4 49 -3.381742e-01
27 91 -3.482827e-01
22 71 -3.519150e-01
27 57 -3.630509e-01
