36 59 4.842977e+00
4 6 1.651094e+00
10 90 1.584691e+00
32 39 1.512398e+00
24 43 1.426582e+00
5 6 1.395834e+00
30 41 1.198249e+00
34 64 1.149377e+00
33 35 1.107651e+00
47 48 1.100047e+00
13 14 1.089453e+00
41 55 1.081588e+00
36 37 1.070138e+00
37 59 1.017691e+00
38 40 9.741587e-01
35 37 9.572757e-01
38 57 9.552255e-01
30 52 9.493637e-01
57 58 9.330171e-01
27 29 9.072604e-01
53 54 9.050088e-01
76 77 8.836382e-01
7 23 8.692602e-01
32 35 8.536868e-01
37 57 8.507854e-01
35 59 8.446274e-01
57 59 7.916355e-01
6 92 7.732238e-01
27 28 7.603113e-01
22 24 7.381651e-01
79 81 7.203334e-01
84 85 7.162922e-01
66 69 7.048164e-01
75 76 7.038218e-01
21 39 6.991383e-01
30 39 6.970981e-01
25 27 6.963766e-01
24 30 6.743814e-01
30 55 6.731642e-01
28 43 6.688427e-01
35 36 6.447160e-01
23 31 6.339611e-01
32 37 6.316400e-01
50 52 6.221752e-01
13 15 6.157807e-01
46 47 6.104325e-01
46 48 6.098243e-01
82 87 5.953846e-01
2 3 5.891676e-01
89 90 5.872021e-01
7 9 5.789850e-01
73 74 5.771027e-01
66 67 5.758995e-01
6 8 5.688028e-01
34 56 5.463325e-01
77 78 5.411667e-01
20 35 5.305844e-01
36 57 5.228675e-01
53 55 5.151381e-01
37 58 5.140436e-01
72 73 5.096869e-01
8 79 5.023916e-01
31 40 5.010964e-01
19 20 5.001987e-01
75 78 5.001917e-01
90 92 4.961647e-01
9 19 4.927842e-01
32 34 4.903620e-01
14 16 4.887802e-01
33 38 4.846229e-01
15 16 4.820059e-01
4 5 4.818966e-01
44 46 4.814429e-01
32 36 4.799565e-01
60 61 4.799363e-01
34 39 4.776958e-01
8 52 4.680369e-01
11 12 4.573415e-01
33 34 4.521526e-01
37 64 4.500395e-01
83 84 4.493350e-01
32 59 4.487376e-01
21 22 4.474142e-01
79 80 4.454639e-01
38 58 4.420053e-01
6 7 4.407400e-01
29 42 4.291937e-01
17 19 4.280822e-01
69 71 4.265844e-01
10 88 4.226711e-01
36 39 4.207760e-01
85 86 4.183987e-01
37 65 4.161142e-01
85 87 4.122685e-01
26 27 4.094226e-01
7 21 4.082578e-01
14 15 4.042865e-01
3 5 4.028697e-01
48 49 3.980271e-01
71 72 3.980141e-01
47 51 3.951227e-01
10 12 3.945256e-01
61 62 3.942544e-01
29 40 3.932391e-01
24 52 3.908622e-01
68 71 3.900629e-01
42 43 3.872714e-01
12 89 3.864464e-01
62 63 3.846052e-01
42 53 3.821963e-01
6 10 3.819220e-01
9 91 3.802454e-01
87 89 3.769834e-01
19 62 3.761266e-01
83 86 3.744895e-01
80 82 3.725238e-01
83 87 3.689536e-01
3 4 3.622796e-01
39 40 3.618057e-01
23 25 3.613424e-01
40 56 3.571435e-01
44 45 3.555200e-01
34 35 3.552299e-01
68 70 3.550601e-01
67 85 3.536412e-01
72 74 3.521099e-01
79 90 3.520479e-01
35 90 3.493805e-01
25 31 3.487714e-01
78 89 3.468535e-01
33 57 3.400509e-01
12 14 3.384329e-01
20 21 3.376851e-01
78 80 3.369237e-01
31 38 3.362570e-01
11 78 3.355040e-01
4 10 3.339059e-01
93 94 3.334268e-01
8 50 3.332637e-01
70 82 3.313680e-01
21 24 3.286286e-01
8 71 3.281610e-01
51 86 3.276264e-01
20 39 3.273308e-01
58 61 3.270557e-01
25 29 3.268934e-01
27 43 3.227887e-01
68 69 3.208134e-01
58 60 3.189268e-01
70 80 3.181945e-01
12 13 3.174177e-01
18 19 3.109834e-01
6 77 3.099690e-01
76 92 3.093201e-01
61 63 3.090275e-01
54 55 3.085957e-01
41 52 3.083408e-01
75 77 3.073619e-01
39 41 3.068739e-01
13 16 3.066338e-01
11 15 3.050885e-01
90 91 3.046258e-01
17 18 3.035759e-01
28 83 3.032662e-01
81 90 3.027732e-01
69 70 3.015637e-01
12 16 3.014062e-01
8 10 2.990950e-01
34 37 2.989931e-01
25 92 2.980333e-01
91 92 2.976257e-01
66 68 2.968669e-01
84 86 2.967845e-01
39 64 2.910690e-01
22 66 2.885954e-01
32 33 2.875987e-01
70 75 2.869714e-01
83 85 2.858216e-01
50 81 2.832189e-01
7 31 2.826875e-01
30 32 2.811661e-01
21 32 2.802566e-01
66 81 2.791615e-01
73 75 2.791489e-01
8 14 2.775878e-01
11 16 2.758924e-01
5 17 2.749021e-01
8 28 2.725680e-01
58 59 2.723987e-01
37 38 2.692685e-01
5 11 2.676142e-01
20 43 2.665130e-01
9 13 2.654392e-01
70 91 2.651616e-01
35 57 2.647273e-01
47 50 2.642645e-01
22 39 2.640961e-01
3 14 2.632232e-01
91 93 2.592845e-01
6 24 2.588786e-01
10 20 2.576280e-01
46 49 2.570180e-01
49 68 2.561286e-01
13 17 2.560853e-01
22 23 2.558474e-01
11 13 2.540274e-01
9 11 2.533161e-01
40 54 2.525275e-01
57 60 2.516881e-01
21 38 2.495185e-01
24 92 2.480507e-01
35 39 2.474219e-01
68 82 2.464396e-01
75 80 2.458023e-01
80 87 2.453977e-01
43 85 2.449532e-01
69 72 2.447947e-01
78 91 2.442343e-01
49 50 2.438124e-01
7 12 2.434142e-01
48 70 2.428674e-01
2 5 2.406685e-01
24 25 2.406474e-01
40 60 2.406409e-01
65 66 2.389784e-01
23 78 2.383818e-01
45 50 2.378175e-01
52 55 2.377891e-01
7 16 2.376790e-01
67 86 2.376160e-01
7 11 2.373265e-01
48 76 2.358208e-01
89 92 2.353101e-01
88 90 2.350392e-01
40 57 2.346546e-01
66 73 2.341377e-01
21 33 2.336092e-01
31 42 2.331522e-01
8 35 2.320705e-01
15 84 2.318722e-01
53 72 2.316390e-01
92 93 2.315051e-01
75 84 2.311787e-01
22 25 2.310132e-01
20 34 2.297492e-01
69 81 2.297383e-01
8 41 2.291581e-01
29 41 2.274348e-01
49 56 2.245877e-01
41 72 2.241781e-01
26 44 2.241087e-01
11 14 2.239187e-01
8 58 2.225288e-01
11 17 2.222483e-01
20 59 2.219551e-01
40 58 2.218631e-01
28 42 2.217967e-01
71 73 2.217298e-01
84 87 2.210590e-01
11 91 2.209629e-01
4 43 2.207050e-01
77 79 2.204785e-01
76 80 2.203501e-01
33 50 2.200937e-01
50 67 2.200156e-01
4 12 2.198525e-01
5 7 2.194772e-01
26 28 2.184273e-01
29 58 2.173125e-01
60 62 2.162995e-01
10 13 2.153604e-01
10 32 2.134142e-01
82 86 2.131007e-01
9 16 2.128406e-01
49 70 2.122484e-01
32 41 2.122184e-01
18 33 2.118943e-01
45 69 2.117414e-01
47 83 2.116085e-01
70 71 2.112253e-01
30 43 2.106912e-01
30 37 2.099218e-01
10 14 2.082027e-01
39 90 2.081333e-01
8 12 2.072134e-01
39 59 2.070429e-01
62 86 2.056317e-01
18 61 2.056297e-01
33 37 2.047322e-01
8 24 2.041287e-01
19 61 2.040772e-01
38 60 2.034669e-01
86 87 2.034079e-01
66 71 2.029825e-01
58 62 2.022249e-01
43 50 2.020150e-01
26 55 2.019571e-01
9 93 2.012673e-01
20 36 2.002682e-01
48 78 1.998195e-01
69 74 1.988712e-01
50 66 1.987270e-01
35 64 1.975383e-01
53 70 1.964222e-01
66 72 1.963422e-01
7 10 1.961574e-01
66 79 1.951893e-01
38 46 1.949016e-01
28 58 1.948744e-01
39 55 1.947832e-01
8 11 1.947596e-01
18 26 1.943918e-01
28 29 1.940198e-01
64 72 1.939838e-01
63 68 1.934895e-01
89 91 1.933092e-01
64 74 1.929654e-01
44 49 1.925987e-01
5 16 1.920608e-01
46 55 1.910941e-01
45 47 1.907826e-01
49 66 1.898131e-01
23 27 1.896242e-01
63 64 1.894448e-01
20 32 1.892414e-01
31 33 1.890679e-01
7 62 1.884686e-01
46 51 1.881825e-01
83 91 1.877122e-01
8 43 1.874403e-01
36 58 1.873744e-01
37 60 1.867164e-01
37 41 1.864397e-01
53 85 1.862698e-01
40 42 1.859244e-01
2 30 1.855574e-01
39 52 1.846990e-01
11 34 1.844987e-01
12 15 1.835391e-01
52 69 1.834427e-01
46 77 1.831007e-01
3 9 1.829617e-01
9 14 1.823875e-01
4 50 1.823817e-01
74 75 1.823620e-01
80 89 1.806169e-01
77 84 1.804563e-01
22 30 1.804461e-01
10 11 1.801519e-01
77 92 1.797702e-01
7 93 1.797552e-01
6 28 1.787963e-01
53 66 1.787514e-01
6 88 1.784026e-01
51 54 1.782164e-01
45 87 1.777789e-01
20 71 1.777520e-01
19 22 1.775694e-01
16 17 1.774382e-01
54 65 1.774069e-01
26 75 1.771225e-01
2 6 1.766034e-01
13 86 1.765846e-01
20 88 1.762428e-01
17 28 1.758666e-01
34 41 1.758637e-01
7 20 1.757694e-01
44 51 1.755131e-01
59 61 1.754326e-01
78 79 1.750983e-01
9 17 1.747175e-01
15 28 1.743588e-01
6 93 1.742001e-01
65 88 1.739917e-01
34 43 1.739851e-01
32 88 1.738440e-01
8 69 1.737479e-01
6 9 1.730651e-01
2 26 1.728766e-01
9 15 1.727610e-01
43 69 1.716822e-01
82 88 1.716409e-01
37 55 1.714863e-01
27 84 1.714583e-01
18 46 1.714336e-01
49 86 1.713041e-01
32 40 1.711445e-01
25 28 1.705163e-01
5 12 1.701990e-01
82 85 1.701961e-01
16 45 1.699181e-01
28 47 1.696062e-01
61 78 1.694018e-01
26 93 1.693690e-01
77 86 1.693541e-01
4 11 1.688637e-01
52 58 1.687325e-01
38 54 1.687308e-01
13 66 1.684067e-01
63 86 1.676887e-01
3 13 1.674870e-01
75 88 1.670847e-01
51 67 1.670165e-01
34 36 1.666481e-01
63 78 1.664726e-01
2 4 1.660972e-01
53 81 1.660746e-01
37 56 1.657725e-01
8 73 1.653618e-01
70 76 1.652509e-01
42 44 1.652332e-01
6 42 1.650876e-01
27 47 1.650675e-01
74 79 1.650494e-01
13 82 1.645883e-01
29 31 1.643272e-01
6 23 1.634569e-01
8 20 1.630726e-01
86 88 1.629182e-01
43 45 1.629090e-01
31 83 1.627390e-01
87 92 1.622197e-01
4 24 1.622152e-01
24 41 1.618225e-01
10 15 1.611273e-01
51 78 1.610914e-01
3 6 1.607302e-01
19 47 1.606220e-01
37 40 1.603891e-01
49 51 1.602118e-01
53 56 1.599661e-01
21 44 1.599224e-01
56 65 1.599178e-01
55 64 1.594859e-01
63 71 1.593631e-01
14 69 1.591796e-01
72 76 1.588056e-01
29 78 1.587501e-01
21 54 1.584232e-01
48 73 1.582049e-01
5 42 1.580807e-01
55 57 1.575245e-01
83 88 1.573697e-01
19 80 1.572763e-01
40 44 1.568079e-01
68 85 1.566799e-01
50 79 1.565785e-01
2 10 1.564486e-01
11 46 1.561818e-01
29 57 1.556278e-01
61 64 1.556135e-01
46 76 1.556066e-01
11 44 1.553651e-01
86 89 1.553452e-01
81 89 1.553333e-01
49 82 1.553095e-01
44 67 1.549291e-01
46 84 1.548648e-01
47 93 1.538523e-01
26 60 1.538026e-01
67 68 1.537387e-01
45 70 1.525982e-01
31 93 1.520238e-01
5 9 1.518978e-01
22 77 1.518512e-01
59 60 1.518254e-01
29 44 1.515784e-01
25 74 1.511684e-01
16 18 1.509617e-01
21 37 1.508463e-01
9 21 1.507694e-01
25 77 1.507166e-01
58 77 1.506772e-01
4 93 1.503136e-01
39 56 1.495902e-01
13 93 1.495236e-01
24 28 1.494150e-01
87 88 1.493782e-01
52 68 1.493502e-01
9 12 1.492522e-01
5 26 1.491555e-01
64 90 1.490933e-01
10 36 1.488623e-01
4 7 1.488062e-01
22 79 1.485163e-01
34 59 1.484411e-01
28 62 1.483585e-01
24 91 1.479320e-01
9 53 1.479264e-01
1 36 1.473047e-01
69 92 1.471929e-01
2 16 1.469572e-01
68 92 1.464648e-01
12 42 1.464639e-01
67 77 1.464562e-01
15 27 1.461548e-01
36 52 1.460311e-01
80 83 1.458593e-01
28 92 1.457270e-01
63 83 1.453368e-01
56 72 1.450606e-01
9 63 1.449565e-01
71 78 1.446809e-01
67 82 1.444678e-01
67 75 1.438677e-01
52 54 1.438572e-01
24 42 1.437265e-01
44 54 1.436077e-01
3 79 1.435698e-01
52 67 1.435176e-01
25 43 1.434722e-01
43 61 1.432975e-01
50 51 1.429923e-01
80 81 1.427332e-01
14 55 1.424526e-01
2 14 1.421829e-01
21 93 1.420161e-01
12 76 1.419353e-01
42 65 1.419134e-01
16 62 1.417991e-01
7 92 1.417900e-01
82 91 1.417670e-01
9 10 1.416031e-01
65 86 1.414422e-01
17 60 1.414073e-01
63 91 1.411572e-01
23 51 1.410418e-01
82 84 1.409925e-01
60 63 1.408037e-01
21 52 1.405364e-01
13 47 1.405270e-01
38 56 1.404052e-01
46 83 1.403739e-01
69 90 1.396716e-01
17 63 1.395495e-01
54 83 1.395346e-01
86 91 1.395226e-01
35 73 1.391615e-01
49 73 1.391533e-01
13 65 1.387959e-01
56 84 1.381305e-01
18 78 1.380742e-01
45 76 1.380207e-01
27 75 1.379996e-01
45 81 1.376775e-01
67 90 1.373326e-01
31 91 1.370628e-01
3 12 1.363582e-01
8 90 1.361915e-01
8 68 1.358122e-01
32 48 1.356190e-01
8 27 1.355608e-01
88 89 1.350153e-01
16 21 1.350115e-01
6 12 1.346626e-01
5 13 1.343703e-01
19 90 1.342920e-01
76 87 1.340199e-01
38 61 1.340006e-01
28 61 1.339665e-01
21 67 1.334170e-01
22 81 1.333495e-01
5 24 1.328468e-01
47 84 1.326122e-01
6 89 1.322885e-01
61 65 1.318630e-01
5 23 1.317478e-01
30 35 1.315487e-01
31 75 1.312864e-01
11 19 1.312472e-01
42 68 1.310737e-01
20 78 1.310720e-01
54 69 1.308242e-01
21 92 1.307826e-01
65 78 1.306927e-01
31 80 1.304288e-01
36 61 1.299651e-01
63 93 1.298792e-01
61 89 1.298453e-01
4 74 1.292779e-01
34 85 1.285848e-01
43 72 1.279575e-01
48 87 1.278395e-01
62 73 1.278251e-01
45 83 1.276601e-01
48 50 1.273156e-01
19 53 1.272567e-01
10 39 1.271118e-01
63 65 1.270751e-01
12 93 1.269360e-01
49 62 1.268952e-01
18 57 1.263502e-01
13 26 1.263369e-01
45 82 1.261132e-01
33 90 1.259976e-01
49 72 1.259750e-01
80 86 1.258320e-01
22 82 1.257903e-01
74 86 1.256871e-01
49 69 1.255462e-01
63 92 1.253321e-01
20 24 1.251254e-01
18 53 1.247470e-01
27 31 1.246617e-01
22 70 1.246609e-01
62 69 1.242277e-01
74 88 1.240241e-01
75 82 1.239621e-01
10 64 1.239092e-01
50 82 1.238469e-01
80 91 1.237705e-01
25 48 1.235896e-01
41 81 1.235507e-01
85 88 1.232081e-01
9 18 1.228090e-01
5 8 1.227606e-01
49 58 1.226415e-01
8 47 1.225481e-01
15 63 1.225392e-01
77 91 1.225030e-01
48 68 1.220297e-01
34 38 1.220023e-01
22 73 1.219884e-01
72 77 1.219622e-01
41 54 1.219568e-01
51 83 1.219314e-01
1 51 1.218059e-01
2 55 1.218040e-01
49 77 1.218012e-01
69 73 1.215029e-01
19 58 1.214623e-01
87 93 1.213822e-01
56 79 1.211331e-01
29 53 1.210676e-01
17 70 1.206781e-01
49 84 1.206087e-01
44 56 1.202331e-01
7 26 1.201878e-01
70 87 1.201717e-01
1 3 1.199053e-01
32 79 1.198816e-01
2 36 1.197668e-01
33 75 1.196068e-01
1 59 1.195239e-01
81 87 1.194429e-01
69 88 1.190480e-01
27 71 1.189501e-01
70 83 1.187101e-01
56 68 1.186876e-01
62 67 1.186371e-01
75 93 1.181969e-01
4 8 1.180146e-01
71 74 1.179977e-01
2 11 1.179831e-01
85 92 1.175027e-01
64 65 1.169243e-01
71 84 1.168745e-01
2 32 1.165832e-01
20 33 1.163809e-01
33 44 1.161956e-01
4 9 1.160331e-01
6 27 1.160290e-01
17 62 1.158923e-01
57 94 1.158560e-01
21 23 1.156888e-01
18 22 1.154684e-01
22 62 1.154093e-01
15 82 1.151608e-01
49 93 1.150910e-01
51 70 1.150800e-01
34 58 1.147069e-01
38 48 1.144244e-01
27 72 1.143926e-01
40 53 1.141400e-01
20 49 1.138697e-01
42 89 1.137839e-01
82 89 1.135405e-01
67 70 1.134869e-01
17 85 1.133874e-01
6 62 1.133716e-01
84 92 1.131689e-01
8 64 1.127345e-01
23 42 1.125445e-01
32 85 1.124821e-01
22 43 1.124781e-01
29 51 1.119860e-01
36 64 1.118454e-01
13 52 1.118004e-01
28 30 1.117545e-01
83 90 1.117242e-01
16 84 1.114334e-01
11 66 1.113875e-01
27 52 1.113706e-01
23 92 1.112278e-01
11 86 1.111468e-01
45 51 1.111427e-01
62 78 1.109969e-01
64 71 1.106246e-01
77 85 1.103787e-01
45 49 1.102615e-01
27 62 1.102116e-01
10 31 1.098263e-01
67 69 1.097266e-01
87 91 1.096857e-01
7 19 1.095008e-01
15 77 1.093808e-01
35 52 1.092943e-01
1 26 1.089121e-01
25 26 1.086526e-01
43 44 1.082648e-01
43 90 1.081666e-01
23 50 1.079741e-01
12 17 1.074511e-01
41 65 1.069678e-01
23 57 1.068252e-01
45 65 1.065975e-01
23 24 1.065882e-01
69 83 1.064623e-01
5 15 1.063061e-01
88 94 1.062133e-01
26 61 1.061593e-01
21 25 1.059285e-01
58 82 1.059274e-01
9 92 1.058730e-01
33 64 1.057634e-01
12 18 1.057536e-01
55 82 1.057170e-01
47 92 1.050034e-01
31 63 1.044426e-01
10 79 1.039522e-01
30 56 1.038414e-01
2 94 1.036884e-01
6 47 1.034920e-01
60 87 1.032959e-01
66 86 1.026978e-01
15 93 1.026587e-01
6 43 1.026123e-01
29 43 1.025753e-01
7 18 1.023529e-01
38 59 1.019713e-01
19 69 1.018901e-01
6 30 1.016745e-01
21 57 1.008591e-01
77 89 1.008101e-01
34 57 1.007237e-01
74 80 1.002987e-01
47 63 1.001594e-01
76 86 1.000257e-01
2 54 1.000101e-01
42 45 9.998690e-02
52 72 9.996921e-02
26 82 9.979022e-02
23 71 9.906614e-02
63 89 9.897599e-02
67 73 9.869353e-02
3 72 9.843037e-02
71 89 9.835551e-02
19 86 9.820900e-02
30 34 9.781549e-02
50 73 9.768580e-02
52 73 9.730133e-02
19 82 9.729367e-02
75 87 9.716082e-02
7 77 9.702011e-02
15 80 9.695740e-02
6 58 9.666560e-02
63 80 9.666488e-02
67 84 9.660667e-02
17 78 9.641531e-02
15 30 9.615456e-02
35 68 9.614495e-02
37 39 9.610623e-02
74 92 9.608582e-02
18 56 9.607024e-02
20 37 9.585499e-02
81 91 9.566822e-02
33 88 9.561959e-02
17 61 9.537657e-02
44 73 9.534680e-02
8 92 9.523129e-02
41 94 9.522324e-02
2 51 9.504318e-02
14 65 9.490318e-02
21 74 9.487836e-02
66 87 9.476138e-02
74 81 9.473925e-02
1 12 9.471925e-02
62 85 9.448301e-02
8 60 9.435593e-02
27 69 9.430816e-02
26 52 9.410735e-02
16 94 9.400986e-02
19 68 9.380423e-02
12 81 9.379971e-02
84 89 9.370289e-02
33 40 9.351897e-02
7 46 9.350270e-02
29 52 9.340443e-02
79 83 9.335188e-02
17 20 9.324032e-02
43 51 9.318538e-02
5 14 9.261939e-02
29 50 9.234112e-02
3 10 9.231487e-02
70 72 9.227162e-02
41 88 9.210354e-02
17 83 9.203811e-02
3 31 9.164075e-02
23 70 9.144543e-02
2 37 9.133807e-02
14 91 9.117627e-02
78 82 9.107861e-02
7 17 9.104879e-02
34 61 9.104537e-02
14 75 9.100040e-02
35 40 9.060194e-02
2 53 9.057388e-02
85 89 9.039426e-02
41 57 9.032449e-02
20 90 9.028603e-02
36 94 9.017489e-02
72 87 9.013440e-02
53 86 9.005767e-02
54 82 9.000294e-02
51 89 8.995017e-02
17 66 8.984233e-02
75 92 8.968384e-02
10 37 8.965753e-02
28 91 8.943921e-02
3 87 8.942595e-02
18 28 8.891681e-02
32 65 8.888338e-02
8 81 8.852761e-02
42 66 8.851946e-02
44 53 8.841533e-02
45 46 8.824646e-02
62 77 8.813327e-02
38 42 8.797758e-02
2 17 8.784773e-02
18 71 8.733569e-02
41 90 8.718777e-02
18 93 8.689170e-02
36 74 8.679785e-02
5 40 8.664250e-02
50 80 8.658287e-02
22 76 8.599288e-02
30 66 8.578134e-02
47 49 8.557339e-02
47 61 8.531727e-02
7 80 8.529568e-02
39 57 8.525346e-02
12 60 8.515062e-02
70 77 8.481462e-02
8 9 8.475467e-02
28 40 8.471215e-02
1 73 8.460733e-02
29 30 8.447210e-02
42 92 8.432016e-02
33 39 8.428396e-02
22 54 8.411523e-02
48 61 8.398484e-02
18 29 8.385251e-02
9 25 8.370236e-02
23 56 8.359228e-02
48 84 8.355136e-02
29 79 8.345192e-02
46 80 8.329377e-02
12 65 8.326871e-02
88 93 8.289540e-02
51 93 8.283564e-02
3 37 8.281971e-02
32 43 8.281533e-02
61 68 8.278375e-02
42 80 8.273516e-02
73 82 8.262814e-02
68 83 8.262602e-02
9 23 8.259799e-02
51 72 8.252594e-02
15 18 8.252539e-02
18 55 8.251426e-02
51 52 8.245231e-02
14 56 8.239427e-02
12 83 8.235951e-02
3 82 8.227942e-02
18 60 8.226217e-02
52 59 8.222665e-02
48 71 8.220991e-02
38 39 8.210977e-02
34 72 8.209102e-02
38 73 8.186819e-02
48 93 8.183881e-02
34 66 8.171020e-02
1 2 8.164645e-02
54 60 8.157920e-02
11 62 8.149866e-02
3 45 8.146690e-02
37 79 8.134845e-02
74 87 8.133111e-02
29 55 8.131895e-02
46 61 8.125734e-02
21 63 8.120581e-02
40 91 8.107664e-02
15 17 8.102058e-02
44 82 8.097247e-02
23 40 8.086735e-02
2 12 8.082050e-02
6 90 8.078906e-02
22 36 8.070427e-02
7 56 8.057150e-02
30 54 8.056549e-02
12 61 8.048457e-02
27 82 8.039755e-02
11 77 8.019697e-02
37 54 8.007468e-02
56 86 8.005312e-02
7 91 8.001435e-02
8 32 7.992564e-02
26 83 7.951477e-02
86 90 7.939124e-02
15 67 7.936427e-02
15 51 7.921272e-02
23 73 7.892556e-02
62 81 7.883116e-02
3 94 7.877351e-02
33 94 7.874111e-02
15 22 7.866654e-02
28 93 7.853423e-02
71 76 7.850492e-02
58 68 7.840711e-02
6 15 7.836289e-02
26 29 7.834204e-02
61 91 7.822911e-02
4 79 7.819450e-02
91 94 7.795564e-02
1 64 7.793640e-02
35 48 7.786598e-02
23 72 7.783322e-02
17 82 7.781333e-02
12 77 7.775456e-02
45 79 7.763306e-02
16 28 7.728462e-02
29 47 7.725433e-02
7 86 7.712082e-02
25 62 7.712039e-02
19 76 7.708141e-02
43 47 7.692702e-02
78 84 7.685543e-02
64 69 7.684433e-02
40 90 7.675072e-02
4 17 7.673048e-02
60 89 7.654655e-02
44 78 7.642798e-02
18 39 7.634048e-02
17 42 7.624723e-02
64 66 7.623142e-02
40 68 7.610685e-02
23 93 7.599088e-02
24 73 7.588465e-02
10 65 7.584447e-02
25 86 7.583566e-02
19 63 7.569203e-02
9 71 7.548356e-02
6 75 7.548251e-02
21 30 7.539181e-02
26 84 7.515351e-02
3 65 7.473204e-02
24 26 7.464828e-02
43 67 7.450142e-02
1 10 7.434188e-02
25 59 7.421258e-02
21 61 7.417296e-02
17 49 7.409653e-02
2 81 7.373290e-02
46 56 7.344730e-02
36 41 7.343791e-02
27 77 7.331126e-02
55 88 7.321223e-02
61 80 7.307371e-02
49 60 7.304958e-02
41 42 7.304869e-02
64 81 7.273858e-02
59 94 7.259337e-02
5 71 7.244784e-02
49 54 7.237557e-02
23 62 7.235875e-02
70 84 7.225773e-02
18 79 7.216356e-02
71 87 7.205595e-02
21 84 7.203103e-02
26 34 7.200993e-02
61 71 7.190057e-02
29 75 7.177409e-02
70 89 7.151886e-02
18 76 7.148075e-02
66 85 7.133054e-02
46 53 7.111829e-02
49 67 7.106371e-02
17 24 7.098300e-02
17 91 7.090791e-02
1 82 7.085972e-02
6 16 7.069855e-02
8 22 7.061250e-02
33 69 7.057168e-02
56 71 7.056436e-02
21 68 7.045167e-02
51 91 7.039118e-02
6 26 7.034126e-02
3 44 7.027834e-02
5 43 7.025732e-02
39 65 7.021028e-02
6 85 7.015559e-02
10 34 7.014445e-02
49 91 6.963528e-02
54 56 6.963044e-02
74 77 6.961347e-02
31 88 6.956360e-02
19 88 6.951372e-02
38 47 6.943425e-02
33 41 6.927159e-02
1 21 6.917648e-02
5 94 6.897571e-02
20 92 6.874640e-02
49 89 6.863573e-02
71 91 6.855350e-02
44 71 6.850867e-02
25 47 6.800227e-02
24 75 6.793963e-02
3 70 6.785139e-02
26 30 6.764948e-02
88 91 6.752694e-02
17 68 6.749241e-02
2 65 6.748464e-02
47 74 6.732400e-02
32 38 6.725156e-02
43 80 6.723792e-02
56 57 6.715821e-02
37 52 6.702109e-02
30 69 6.699929e-02
40 59 6.688295e-02
42 75 6.681430e-02
31 87 6.676455e-02
71 88 6.672699e-02
43 53 6.665855e-02
29 46 6.663474e-02
51 71 6.662051e-02
17 52 6.649908e-02
25 87 6.649319e-02
20 61 6.644016e-02
11 18 6.636447e-02
16 23 6.631526e-02
9 72 6.629825e-02
11 93 6.628291e-02
32 52 6.601451e-02
54 67 6.585773e-02
11 53 6.581048e-02
40 61 6.573560e-02
5 28 6.569341e-02
35 38 6.564261e-02
44 52 6.561907e-02
46 94 6.543275e-02
39 45 6.540268e-02
27 60 6.528068e-02
19 48 6.516065e-02
23 29 6.510434e-02
16 63 6.494081e-02
48 94 6.491722e-02
42 67 6.481781e-02
48 91 6.480829e-02
58 63 6.477946e-02
73 78 6.453804e-02
22 34 6.449718e-02
20 44 6.444592e-02
1 8 6.435231e-02
44 70 6.415263e-02
83 93 6.413108e-02
66 83 6.403607e-02
73 81 6.368531e-02
7 45 6.347164e-02
1 38 6.340512e-02
9 20 6.329040e-02
15 91 6.313101e-02
63 87 6.312490e-02
13 54 6.306233e-02
28 75 6.297255e-02
32 69 6.293058e-02
7 44 6.281729e-02
47 85 6.274954e-02
2 46 6.263423e-02
76 81 6.255364e-02
13 83 6.235826e-02
2 7 6.225398e-02
84 90 6.209500e-02
40 41 6.207513e-02
27 67 6.189044e-02
50 62 6.170997e-02
61 93 6.130809e-02
15 44 6.130558e-02
48 58 6.127889e-02
35 72 6.121364e-02
20 57 6.120613e-02
13 40 6.114286e-02
5 82 6.103567e-02
16 22 6.101673e-02
20 72 6.099773e-02
64 86 6.083434e-02
23 76 6.078954e-02
12 82 6.057420e-02
7 68 6.049025e-02
58 87 6.048305e-02
14 67 6.045789e-02
1 27 6.044794e-02
16 75 6.037662e-02
66 88 5.993095e-02
68 75 5.979953e-02
62 64 5.959892e-02
7 33 5.955824e-02
26 71 5.951663e-02
55 58 5.946565e-02
23 68 5.939863e-02
72 78 5.925878e-02
7 14 5.916096e-02
24 65 5.873602e-02
26 58 5.868973e-02
35 43 5.863702e-02
4 71 5.862034e-02
36 81 5.854374e-02
63 66 5.850550e-02
17 25 5.844300e-02
79 87 5.826752e-02
11 88 5.820252e-02
32 58 5.777070e-02
11 33 5.775873e-02
56 75 5.772024e-02
41 64 5.767641e-02
52 76 5.749278e-02
51 75 5.741107e-02
18 50 5.735260e-02
18 47 5.732701e-02
4 29 5.707920e-02
53 67 5.706353e-02
45 91 5.692229e-02
54 71 5.671972e-02
9 44 5.669583e-02
48 83 5.669563e-02
44 79 5.652059e-02
22 52 5.649102e-02
42 54 5.641459e-02
70 74 5.636427e-02
20 89 5.633353e-02
53 84 5.631875e-02
50 55 5.631539e-02
22 84 5.625834e-02
72 92 5.624449e-02
31 90 5.621892e-02
22 74 5.618662e-02
17 55 5.601318e-02
16 33 5.588840e-02
60 65 5.574608e-02
54 68 5.561873e-02
6 25 5.549267e-02
13 88 5.548412e-02
79 89 5.538487e-02
23 89 5.522721e-02
26 31 5.522382e-02
4 78 5.511700e-02
65 94 5.503965e-02
31 58 5.501624e-02
25 45 5.490441e-02
62 83 5.489954e-02
35 54 5.479833e-02
45 85 5.457200e-02
25 80 5.454306e-02
42 63 5.437155e-02
55 81 5.436563e-02
40 64 5.413747e-02
12 50 5.408037e-02
76 89 5.404428e-02
22 37 5.400141e-02
4 14 5.396637e-02
19 91 5.389702e-02
68 80 5.385866e-02
68 76 5.383102e-02
67 94 5.377766e-02
61 67 5.359271e-02
69 80 5.347330e-02
47 91 5.342045e-02
29 74 5.336892e-02
2 85 5.328118e-02
89 94 5.328109e-02
11 60 5.325635e-02
41 91 5.320329e-02
32 81 5.312179e-02
31 51 5.312128e-02
6 68 5.305802e-02
25 71 5.292932e-02
34 88 5.292380e-02
60 80 5.287706e-02
63 84 5.286404e-02
42 47 5.273781e-02
60 85 5.265429e-02
6 34 5.258938e-02
37 72 5.245496e-02
25 66 5.237899e-02
22 41 5.237790e-02
15 21 5.200252e-02
48 67 5.189435e-02
15 26 5.189195e-02
3 16 5.186520e-02
49 63 5.178477e-02
19 71 5.150771e-02
43 92 5.147925e-02
79 88 5.136616e-02
17 22 5.110890e-02
42 52 5.105619e-02
26 86 5.101726e-02
14 60 5.097614e-02
56 70 5.096247e-02
20 45 5.086606e-02
71 83 5.072161e-02
19 78 5.062567e-02
11 45 5.053151e-02
20 38 5.047644e-02
10 92 5.039711e-02
27 93 5.012882e-02
4 81 5.008495e-02
42 61 4.996522e-02
38 55 4.992783e-02
57 70 4.984724e-02
3 64 4.963435e-02
53 57 4.961128e-02
1 79 4.960025e-02
44 93 4.956488e-02
74 90 4.948680e-02
18 82 4.932044e-02
44 91 4.927032e-02
1 5 4.907832e-02
53 73 4.900658e-02
11 71 4.890495e-02
68 87 4.863740e-02
61 76 4.860065e-02
60 72 4.857978e-02
47 75 4.850883e-02
31 32 4.850874e-02
36 54 4.832614e-02
25 42 4.823706e-02
42 70 4.816130e-02
29 84 4.814810e-02
29 70 4.809045e-02
51 69 4.797616e-02
5 91 4.795754e-02
18 49 4.792852e-02
44 89 4.761498e-02
92 94 4.759845e-02
26 78 4.757180e-02
18 20 4.746880e-02
40 45 4.741021e-02
5 51 4.734444e-02
9 64 4.733962e-02
7 71 4.733327e-02
67 87 4.724143e-02
6 41 4.720940e-02
36 60 4.711819e-02
14 72 4.706507e-02
9 88 4.700928e-02
16 87 4.694986e-02
23 46 4.688662e-02
51 87 4.680206e-02
18 94 4.667268e-02
31 67 4.663509e-02
68 79 4.661809e-02
69 79 4.648921e-02
32 64 4.648637e-02
36 72 4.646025e-02
62 68 4.644444e-02
81 82 4.642686e-02
31 54 4.628410e-02
34 81 4.604949e-02
15 42 4.602007e-02
62 91 4.554956e-02
42 83 4.554926e-02
16 89 4.540037e-02
77 88 4.538368e-02
70 94 4.525242e-02
1 17 4.524497e-02
20 55 4.516731e-02
12 28 4.505321e-02
46 67 4.504166e-02
22 56 4.504160e-02
14 87 4.498276e-02
46 93 4.494368e-02
16 56 4.476587e-02
16 26 4.468197e-02
50 63 4.466415e-02
67 83 4.465135e-02
56 88 4.443933e-02
7 65 4.402759e-02
5 27 4.398524e-02
58 94 4.393996e-02
50 70 4.393143e-02
24 50 4.358872e-02
51 62 4.354875e-02
32 84 4.352636e-02
81 88 4.339927e-02
21 82 4.328064e-02
28 77 4.317227e-02
29 61 4.300413e-02
27 42 4.279585e-02
36 55 4.277861e-02
19 50 4.273170e-02
76 79 4.266154e-02
45 93 4.235769e-02
14 88 4.230167e-02
8 13 4.218453e-02
49 88 4.210876e-02
13 55 4.203833e-02
31 68 4.189946e-02
42 87 4.187380e-02
17 89 4.184009e-02
1 32 4.177014e-02
36 53 4.163423e-02
65 84 4.150915e-02
53 63 4.148730e-02
26 94 4.141476e-02
76 78 4.139823e-02
51 66 4.138527e-02
31 47 4.135121e-02
54 93 4.132970e-02
16 52 4.131395e-02
3 15 4.127084e-02
4 46 4.121423e-02
15 68 4.112630e-02
50 84 4.096831e-02
22 26 4.094220e-02
48 86 4.085605e-02
53 91 4.084466e-02
55 63 4.060809e-02
11 61 4.047896e-02
28 76 4.039098e-02
42 84 4.021932e-02
46 72 4.018388e-02
61 77 4.002940e-02
78 92 3.989199e-02
13 85 3.981125e-02
33 72 3.980010e-02
48 54 3.968903e-02
76 94 3.967891e-02
20 52 3.965875e-02
36 38 3.961179e-02
68 86 3.953939e-02
28 44 3.941313e-02
34 65 3.939931e-02
10 80 3.925159e-02
2 24 3.923897e-02
44 55 3.914276e-02
83 94 3.892868e-02
82 83 3.881509e-02
18 80 3.855976e-02
72 90 3.847019e-02
23 83 3.825704e-02
17 27 3.796752e-02
5 10 3.795057e-02
46 90 3.771146e-02
33 92 3.769768e-02
60 68 3.759834e-02
15 57 3.751623e-02
4 33 3.746125e-02
43 58 3.737846e-02
60 93 3.736362e-02
20 41 3.702325e-02
31 74 3.700817e-02
2 73 3.691683e-02
29 66 3.690551e-02
71 82 3.689512e-02
74 84 3.677802e-02
85 90 3.655166e-02
35 51 3.654524e-02
10 52 3.646502e-02
35 41 3.641130e-02
32 73 3.634519e-02
24 58 3.619835e-02
28 86 3.597757e-02
57 62 3.572593e-02
71 77 3.557914e-02
17 26 3.554312e-02
1 72 3.552085e-02
68 88 3.550835e-02
44 69 3.547763e-02
10 87 3.540820e-02
42 73 3.537729e-02
35 88 3.533604e-02
1 37 3.519452e-02
13 67 3.518286e-02
25 83 3.513888e-02
24 90 3.509177e-02
35 63 3.505004e-02
7 82 3.475711e-02
61 70 3.475426e-02
51 76 3.469286e-02
75 85 3.468977e-02
58 76 3.449742e-02
43 64 3.444969e-02
25 78 3.433660e-02
7 27 3.432484e-02
45 48 3.421439e-02
30 65 3.418131e-02
39 67 3.414722e-02
1 77 3.414521e-02
51 94 3.412981e-02
58 69 3.390359e-02
16 24 3.389816e-02
27 81 3.387002e-02
37 73 3.363677e-02
73 77 3.335781e-02
64 88 3.335696e-02
43 62 3.332862e-02
52 66 3.330219e-02
77 81 3.318295e-02
77 87 3.316727e-02
78 81 3.296290e-02
28 89 3.291188e-02
4 20 3.286610e-02
1 23 3.283533e-02
1 9 3.279610e-02
62 76 3.270982e-02
5 75 3.264312e-02
14 73 3.235536e-02
34 76 3.234677e-02
27 56 3.232239e-02
15 52 3.218782e-02
11 64 3.197031e-02
26 66 3.174008e-02
54 59 3.171381e-02
11 30 3.170919e-02
24 37 3.164702e-02
4 42 3.164467e-02
74 85 3.149869e-02
42 77 3.149713e-02
30 59 3.144180e-02
10 59 3.138690e-02
16 93 3.131302e-02
60 64 3.127044e-02
23 69 3.121351e-02
11 63 3.119859e-02
84 88 3.114212e-02
24 47 3.105852e-02
28 56 3.104853e-02
16 78 3.094655e-02
55 66 3.085226e-02
18 30 3.084469e-02
19 34 3.083431e-02
3 69 3.080105e-02
27 80 3.068993e-02
42 86 3.062880e-02
12 70 3.061699e-02
6 65 3.039040e-02
30 64 3.038103e-02
23 87 3.005553e-02
75 91 2.993713e-02
1 49 2.991221e-02
10 72 2.979537e-02
6 13 2.965245e-02
17 92 2.963619e-02
69 89 2.962510e-02
32 72 2.953732e-02
19 26 2.937904e-02
13 45 2.922518e-02
17 67 2.898727e-02
17 86 2.887681e-02
46 70 2.885514e-02
2 13 2.863034e-02
11 85 2.861066e-02
26 54 2.853012e-02
21 88 2.848846e-02
60 90 2.842079e-02
38 92 2.841995e-02
4 15 2.817201e-02
85 91 2.813993e-02
2 45 2.797267e-02
61 85 2.790841e-02
20 25 2.784227e-02
66 76 2.781481e-02
7 51 2.776799e-02
37 88 2.774933e-02
13 21 2.770113e-02
10 44 2.769470e-02
64 73 2.764518e-02
15 83 2.757608e-02
15 29 2.756694e-02
76 93 2.743772e-02
27 86 2.725440e-02
2 59 2.705474e-02
75 83 2.705211e-02
3 54 2.703807e-02
38 41 2.686759e-02
18 75 2.671148e-02
17 45 2.662949e-02
5 25 2.662822e-02
72 86 2.661065e-02
31 45 2.655964e-02
3 18 2.654224e-02
20 30 2.642163e-02
41 77 2.625909e-02
14 85 2.623558e-02
52 90 2.622595e-02
23 91 2.620357e-02
4 69 2.613267e-02
78 86 2.608368e-02
47 71 2.606910e-02
9 75 2.601235e-02
4 16 2.600863e-02
16 40 2.596310e-02
18 86 2.590653e-02
29 38 2.580943e-02
3 41 2.577701e-02
45 89 2.576102e-02
5 19 2.574750e-02
66 74 2.574033e-02
11 56 2.555203e-02
55 56 2.548793e-02
2 77 2.543106e-02
28 48 2.541130e-02
58 74 2.539119e-02
3 39 2.534678e-02
5 76 2.519726e-02
74 76 2.517828e-02
1 24 2.499530e-02
54 87 2.492002e-02
18 63 2.489573e-02
45 62 2.487320e-02
78 93 2.477123e-02
32 62 2.473018e-02
52 60 2.470285e-02
60 84 2.468510e-02
25 36 2.450525e-02
62 88 2.449672e-02
7 57 2.448983e-02
1 91 2.444743e-02
10 49 2.439446e-02
27 51 2.435465e-02
31 34 2.434292e-02
30 87 2.429560e-02
13 25 2.424958e-02
4 40 2.415081e-02
10 18 2.406169e-02
25 34 2.402653e-02
4 26 2.394106e-02
23 58 2.391810e-02
7 78 2.382541e-02
5 47 2.357538e-02
25 44 2.356701e-02
10 40 2.354849e-02
4 70 2.353764e-02
48 72 2.347410e-02
51 79 2.343498e-02
13 35 2.335241e-02
1 35 2.331519e-02
50 87 2.328922e-02
19 29 2.304523e-02
50 60 2.292765e-02
2 78 2.283094e-02
8 34 2.274616e-02
70 73 2.274015e-02
64 78 2.271062e-02
19 70 2.249728e-02
56 80 2.244886e-02
28 80 2.232940e-02
26 77 2.232374e-02
36 73 2.227938e-02
39 74 2.224507e-02
69 84 2.203556e-02
42 49 2.197238e-02
45 71 2.184882e-02
1 54 2.181961e-02
17 93 2.180033e-02
2 88 2.175913e-02
10 43 2.174322e-02
48 57 2.170536e-02
62 66 2.169740e-02
16 91 2.169455e-02
11 51 2.164286e-02
79 91 2.159485e-02
19 21 2.144901e-02
52 56 2.138939e-02
39 53 2.126252e-02
13 50 2.117220e-02
42 71 2.109411e-02
27 87 2.098819e-02
57 64 2.071042e-02
74 89 2.070581e-02
4 45 2.067393e-02
42 91 2.062123e-02
48 80 2.048705e-02
60 83 2.035247e-02
72 88 2.028289e-02
46 75 2.024210e-02
41 59 2.021417e-02
55 75 2.010922e-02
35 46 2.009203e-02
53 68 1.999508e-02
47 70 1.995831e-02
9 48 1.990366e-02
3 36 1.977761e-02
73 91 1.970101e-02
22 55 1.961904e-02
14 63 1.959862e-02
1 39 1.955270e-02
16 74 1.954644e-02
54 80 1.940985e-02
7 47 1.927181e-02
14 66 1.924047e-02
15 61 1.918870e-02
12 91 1.913216e-02
80 88 1.907041e-02
28 33 1.906757e-02
32 54 1.906754e-02
6 56 1.897376e-02
15 53 1.896761e-02
30 82 1.892659e-02
86 94 1.891703e-02
20 67 1.891461e-02
56 64 1.875057e-02
64 76 1.865121e-02
51 53 1.861441e-02
19 42 1.858078e-02
4 27 1.849101e-02
48 69 1.846251e-02
12 56 1.839928e-02
19 92 1.820160e-02
56 62 1.811879e-02
55 93 1.811795e-02
9 84 1.795219e-02
34 90 1.794774e-02
28 65 1.793877e-02
62 70 1.787925e-02
44 72 1.781923e-02
13 27 1.780790e-02
12 25 1.776487e-02
60 77 1.775731e-02
90 93 1.774340e-02
24 57 1.758507e-02
33 73 1.747156e-02
65 85 1.744895e-02
73 79 1.741307e-02
59 64 1.732878e-02
9 62 1.730888e-02
56 58 1.730739e-02
49 75 1.722003e-02
31 71 1.717595e-02
41 44 1.706325e-02
41 53 1.706209e-02
78 90 1.705258e-02
12 54 1.682276e-02
65 93 1.677621e-02
51 81 1.671423e-02
15 79 1.667184e-02
86 93 1.663996e-02
62 82 1.656255e-02
12 40 1.643959e-02
49 74 1.637489e-02
50 57 1.622416e-02
15 86 1.621512e-02
14 52 1.620382e-02
63 76 1.607283e-02
2 41 1.606735e-02
66 89 1.606144e-02
27 41 1.604830e-02
84 94 1.575533e-02
5 44 1.542825e-02
37 90 1.531311e-02
7 29 1.525494e-02
31 86 1.516072e-02
1 78 1.514606e-02
7 15 1.510671e-02
27 46 1.506244e-02
76 82 1.496463e-02
25 82 1.492922e-02
7 38 1.492723e-02
18 89 1.488810e-02
16 47 1.488527e-02
36 66 1.484318e-02
29 65 1.472365e-02
30 31 1.471593e-02
15 76 1.467551e-02
39 60 1.460161e-02
5 31 1.435926e-02
72 84 1.427083e-02
25 73 1.417504e-02
3 53 1.416119e-02
39 94 1.407408e-02
22 94 1.406332e-02
38 84 1.396138e-02
49 78 1.394398e-02
4 13 1.393869e-02
9 89 1.355665e-02
50 69 1.338634e-02
56 90 1.328646e-02
3 78 1.292139e-02
58 73 1.288237e-02
27 92 1.281625e-02
17 94 1.267037e-02
58 91 1.259344e-02
64 94 1.243883e-02
34 74 1.232269e-02
63 77 1.223063e-02
21 26 1.211076e-02
46 91 1.211023e-02
80 94 1.207527e-02
9 77 1.183403e-02
33 78 1.179174e-02
60 75 1.179098e-02
47 78 1.177479e-02
75 86 1.176709e-02
47 77 1.172399e-02
1 34 1.156892e-02
33 59 1.143018e-02
33 80 1.139225e-02
48 66 1.132376e-02
44 63 1.119700e-02
29 83 1.111311e-02
53 76 1.108885e-02
23 94 1.107406e-02
23 86 1.092049e-02
1 25 1.079614e-02
81 84 1.077565e-02
33 53 1.072322e-02
18 54 1.061442e-02
63 79 1.054081e-02
23 63 1.030823e-02
22 61 1.022846e-02
13 18 1.021835e-02
2 64 1.009643e-02
71 79 1.003470e-02
13 69 9.976708e-03
19 94 9.960207e-03
1 22 9.942433e-03
55 59 9.804446e-03
20 31 9.736884e-03
61 84 9.444355e-03
25 67 9.390335e-03
61 94 9.268907e-03
25 60 9.224811e-03
8 67 9.205117e-03
11 54 9.191554e-03
19 38 8.963492e-03
1 48 8.954030e-03
28 49 8.832966e-03
56 83 8.824402e-03
1 50 8.804513e-03
71 92 8.793771e-03
17 50 8.646245e-03
12 23 8.556538e-03
4 28 8.489762e-03
1 20 8.314838e-03
57 74 8.217561e-03
3 90 8.148307e-03
30 48 8.086568e-03
68 94 8.067548e-03
18 21 7.817157e-03
52 81 7.707308e-03
41 79 7.702337e-03
26 81 7.691990e-03
31 37 7.657538e-03
22 40 7.618086e-03
23 75 7.578969e-03
24 68 7.564174e-03
25 33 7.472928e-03
12 41 7.440743e-03
46 86 7.440635e-03
40 78 7.425006e-03
36 79 7.128407e-03
44 64 7.027602e-03
42 57 6.815116e-03
21 87 6.703695e-03
3 11 6.683979e-03
26 38 6.558864e-03
15 88 6.507201e-03
18 23 6.484434e-03
16 19 6.430760e-03
20 27 6.375663e-03
1 53 6.370912e-03
11 35 6.362875e-03
28 51 6.342426e-03
15 71 6.290202e-03
19 45 6.263815e-03
30 46 6.260946e-03
6 48 6.226689e-03
24 76 6.106296e-03
26 62 6.059882e-03
61 88 6.050656e-03
44 58 5.976666e-03
73 83 5.926384e-03
33 61 5.860096e-03
35 58 5.757398e-03
71 93 5.509332e-03
18 67 5.437037e-03
70 78 5.397337e-03
46 71 5.310755e-03
51 58 5.241982e-03
13 38 5.197389e-03
27 45 5.061467e-03
46 63 4.822390e-03
22 92 4.730558e-03
42 94 4.678806e-03
58 71 4.661488e-03
47 62 4.646962e-03
1 83 4.621098e-03
12 94 4.391198e-03
23 80 4.367897e-03
29 32 4.365470e-03
17 31 4.320067e-03
1 68 4.283539e-03
59 72 4.278638e-03
1 31 4.204155e-03
38 74 4.191455e-03
34 45 4.073069e-03
31 92 4.027430e-03
49 52 3.920173e-03
14 20 3.696923e-03
1 57 3.690819e-03
26 80 3.582184e-03
51 85 3.553499e-03
24 56 3.520917e-03
41 75 3.483087e-03
29 94 3.473009e-03
80 93 3.281967e-03
29 85 3.210812e-03
67 71 3.172837e-03
38 45 3.124703e-03
2 93 3.056182e-03
71 90 3.054800e-03
66 78 3.044437e-03
16 49 3.000304e-03
54 70 2.973122e-03
50 77 2.942759e-03
44 65 2.715149e-03
38 49 2.713481e-03
47 65 2.705412e-03
17 81 2.672952e-03
46 57 2.598113e-03
44 74 2.595705e-03
29 72 2.569609e-03
8 74 2.512106e-03
1 28 2.485444e-03
19 57 2.474854e-03
62 84 2.316599e-03
45 52 2.292661e-03
7 25 2.182270e-03
9 45 2.082276e-03
65 83 1.994265e-03
68 77 1.952793e-03
15 75 1.885328e-03
1 33 1.754053e-03
48 85 1.734301e-03
51 63 1.593788e-03
1 65 1.559242e-03
32 83 1.485093e-03
44 47 1.375111e-03
14 22 1.366034e-03
50 85 1.362423e-03
40 43 1.323663e-03
53 74 1.315365e-03
9 87 1.132716e-03
55 68 1.105335e-03
36 56 1.104445e-03
12 62 1.089086e-03
44 75 8.799228e-04
10 54 7.813222e-04
26 76 7.399939e-04
48 62 5.111377e-04
77 90 4.264369e-04
30 57 4.128688e-04
21 40 3.703738e-04
26 50 3.673495e-04
52 53 3.669985e-04
79 82 3.639644e-04
13 34 2.905581e-04
51 73 2.331622e-04
21 65 2.319680e-04
81 83 2.223359e-04
31 53 2.138211e-04
10 45 1.562463e-04
14 61 1.021324e-04
70 86 1.241216e-05
45 88 6.817527e-06
1 44 4.037512e-07
42 51 -1.378730e-04
67 93 -1.934911e-04
7 61 -2.720297e-04
14 42 -2.873800e-04
1 46 -4.070901e-04
29 86 -4.455431e-04
41 46 -4.457774e-04
83 89 -5.365505e-04
23 47 -5.651952e-04
1 45 -5.660950e-04
67 80 -6.293055e-04
54 73 -6.531013e-04
23 41 -7.216015e-04
90 94 -7.401275e-04
2 21 -7.564760e-04
59 73 -7.616663e-04
26 92 -8.030296e-04
54 58 -8.113042e-04
1 47 -8.803670e-04
74 78 -9.157900e-04
23 49 -9.456483e-04
57 83 -9.868664e-04
29 54 -1.022084e-03
13 37 -1.095592e-03
19 89 -1.121672e-03
76 84 -1.425455e-03
13 56 -1.455172e-03
38 66 -1.469598e-03
26 40 -1.511463e-03
19 56 -1.517457e-03
1 55 -1.521613e-03
41 60 -1.551980e-03
39 50 -1.595450e-03
12 35 -1.773036e-03
12 31 -2.002727e-03
51 80 -2.120149e-03
40 80 -2.222845e-03
75 81 -2.335594e-03
60 66 -2.408202e-03
24 67 -2.410816e-03
21 43 -2.416205e-03
28 67 -2.449806e-03
30 51 -2.558682e-03
18 92 -2.712492e-03
51 65 -2.760610e-03
35 49 -2.798398e-03
22 65 -2.882836e-03
16 90 -3.087227e-03
19 31 -3.128728e-03
78 83 -3.224393e-03
43 54 -3.350514e-03
11 89 -3.357760e-03
9 55 -3.411297e-03
42 85 -3.441660e-03
14 71 -3.441828e-03
15 89 -3.482008e-03
7 54 -3.635282e-03
16 46 -3.950946e-03
2 80 -4.155663e-03
38 77 -4.223731e-03
24 49 -4.243213e-03
43 74 -4.280258e-03
12 39 -4.309534e-03
3 22 -4.359787e-03
50 93 -4.406420e-03
5 65 -4.418589e-03
57 61 -4.440932e-03
40 73 -4.487534e-03
63 67 -4.523934e-03
16 54 -4.565765e-03
17 84 -4.565880e-03
23 66 -4.636573e-03
32 74 -4.773961e-03
32 66 -4.792162e-03
80 92 -4.806524e-03
3 89 -4.966837e-03
53 94 -4.988541e-03
67 74 -5.137719e-03
54 74 -5.147215e-03
26 74 -5.159871e-03
24 64 -5.165298e-03
7 22 -5.302391e-03
46 85 -5.344526e-03
25 61 -5.377072e-03
46 88 -5.411129e-03
29 48 -5.450158e-03
15 62 -5.512972e-03
56 77 -5.564812e-03
2 49 -5.611511e-03
26 73 -5.613498e-03
37 81 -5.714678e-03
42 50 -5.719038e-03
55 85 -5.774697e-03
14 18 -5.819532e-03
40 50 -5.876772e-03
60 76 -5.945819e-03
55 67 -5.997476e-03
14 62 -6.038606e-03
78 87 -6.041238e-03
14 94 -6.133537e-03
11 80 -6.222423e-03
34 75 -6.245164e-03
19 44 -6.248184e-03
33 46 -6.289722e-03
30 68 -6.291442e-03
68 90 -6.312237e-03
12 19 -6.458368e-03
29 67 -6.476428e-03
47 69 -6.528611e-03
55 79 -6.558273e-03
22 31 -6.598357e-03
60 70 -6.720805e-03
69 82 -6.794076e-03
1 15 -6.968675e-03
8 77 -6.974870e-03
49 61 -7.113080e-03
45 56 -7.285557e-03
18 84 -7.431866e-03
9 60 -7.433899e-03
49 79 -7.450237e-03
48 51 -7.495601e-03
7 28 -7.769705e-03
46 59 -7.846263e-03
65 68 -8.027293e-03
16 83 -8.088724e-03
10 94 -8.096645e-03
1 70 -8.117721e-03
2 33 -8.309293e-03
15 60 -8.413246e-03
62 71 -8.445685e-03
18 70 -8.538850e-03
18 62 -8.567662e-03
1 56 -8.597635e-03
52 71 -8.605908e-03
65 67 -8.616583e-03
20 22 -8.635678e-03
9 56 -8.636053e-03
65 71 -8.732984e-03
55 69 -8.743249e-03
9 94 -8.792523e-03
33 70 -8.817924e-03
22 42 -8.948773e-03
14 24 -8.975876e-03
13 80 -9.004386e-03
48 92 -9.081367e-03
40 66 -9.235598e-03
32 50 -9.256679e-03
63 82 -9.262705e-03
12 51 -9.417933e-03
8 82 -9.459509e-03
64 84 -9.500993e-03
8 84 -9.517443e-03
54 81 -9.538799e-03
16 55 -9.782726e-03
51 55 -9.951289e-03
63 75 -1.001178e-02
56 76 -1.015291e-02
14 89 -1.019912e-02
4 73 -1.031285e-02
25 75 -1.032811e-02
64 89 -1.036357e-02
9 22 -1.037930e-02
17 34 -1.044228e-02
46 68 -1.052126e-02
20 46 -1.054362e-02
25 65 -1.061767e-02
4 75 -1.062503e-02
3 76 -1.062590e-02
2 8 -1.063393e-02
27 44 -1.065381e-02
21 59 -1.074739e-02
55 86 -1.076281e-02
30 36 -1.081624e-02
33 36 -1.083270e-02
70 93 -1.092879e-02
71 80 -1.093468e-02
48 82 -1.096647e-02
3 23 -1.098593e-02
44 87 -1.109956e-02
56 93 -1.118470e-02
22 59 -1.120219e-02
64 79 -1.128483e-02
1 4 -1.139450e-02
6 55 -1.165573e-02
31 84 -1.170580e-02
5 66 -1.170858e-02
59 79 -1.174222e-02
20 60 -1.184122e-02
28 34 -1.188127e-02
54 63 -1.197314e-02
41 56 -1.205733e-02
58 81 -1.210529e-02
3 55 -1.211484e-02
33 83 -1.233019e-02
12 57 -1.237409e-02
11 84 -1.242498e-02
66 93 -1.256879e-02
17 69 -1.265423e-02
40 76 -1.271310e-02
10 77 -1.276998e-02
78 94 -1.292879e-02
47 53 -1.293998e-02
49 80 -1.298094e-02
29 82 -1.299628e-02
39 69 -1.301297e-02
22 33 -1.305425e-02
4 53 -1.323730e-02
31 94 -1.334570e-02
26 87 -1.335456e-02
1 75 -1.337127e-02
19 23 -1.338381e-02
20 93 -1.339870e-02
3 21 -1.339917e-02
33 63 -1.345847e-02
16 66 -1.363430e-02
3 17 -1.370144e-02
70 90 -1.375702e-02
46 82 -1.377391e-02
43 79 -1.380870e-02
79 86 -1.382217e-02
68 91 -1.399804e-02
18 88 -1.420195e-02
38 93 -1.425040e-02
2 50 -1.429006e-02
17 21 -1.432139e-02
22 72 -1.449864e-02
49 71 -1.462573e-02
47 94 -1.484690e-02
22 63 -1.490768e-02
73 89 -1.500803e-02
27 63 -1.504260e-02
69 86 -1.525714e-02
33 74 -1.532090e-02
4 49 -1.547109e-02
23 65 -1.554683e-02
60 79 -1.560984e-02
9 65 -1.561029e-02
53 60 -1.562587e-02
14 43 -1.567972e-02
3 51 -1.571652e-02
6 54 -1.573785e-02
48 53 -1.581455e-02
5 85 -1.581485e-02
44 50 -1.589593e-02
53 92 -1.592227e-02
45 78 -1.611216e-02
5 93 -1.612800e-02
14 17 -1.623161e-02
13 49 -1.637755e-02
25 94 -1.655176e-02
53 58 -1.655926e-02
15 45 -1.670421e-02
84 91 -1.676306e-02
63 85 -1.693197e-02
10 67 -1.711014e-02
2 92 -1.712963e-02
25 46 -1.736457e-02
38 79 -1.740416e-02
3 57 -1.741583e-02
27 40 -1.743279e-02
56 73 -1.749980e-02
25 93 -1.750443e-02
79 84 -1.751804e-02
29 63 -1.764765e-02
47 79 -1.774841e-02
21 34 -1.788010e-02
1 81 -1.791812e-02
73 88 -1.800020e-02
33 76 -1.804656e-02
1 6 -1.809816e-02
44 76 -1.809875e-02
68 93 -1.816139e-02
44 60 -1.820191e-02
65 92 -1.824159e-02
18 65 -1.835070e-02
54 84 -1.855119e-02
42 69 -1.863729e-02
13 60 -1.886858e-02
20 65 -1.892710e-02
44 84 -1.894622e-02
46 50 -1.896600e-02
68 73 -1.905589e-02
3 50 -1.911550e-02
25 50 -1.916268e-02
52 65 -1.926307e-02
2 44 -1.930141e-02
19 65 -1.941416e-02
26 67 -1.942734e-02
44 86 -1.942763e-02
18 38 -1.945304e-02
67 89 -1.956993e-02
9 80 -1.963747e-02
11 94 -1.969208e-02
24 72 -1.986201e-02
40 81 -1.988006e-02
36 63 -1.989420e-02
21 64 -2.009106e-02
50 59 -2.016780e-02
38 43 -2.022255e-02
1 11 -2.030660e-02
53 59 -2.031323e-02
4 55 -2.041657e-02
52 74 -2.053116e-02
52 75 -2.055773e-02
48 52 -2.056743e-02
46 64 -2.057409e-02
17 88 -2.058783e-02
30 72 -2.061221e-02
46 73 -2.064843e-02
14 31 -2.065220e-02
59 81 -2.071195e-02
19 66 -2.073667e-02
10 41 -2.074721e-02
70 81 -2.078213e-02
39 44 -2.078266e-02
12 26 -2.081880e-02
45 80 -2.085496e-02
21 60 -2.097483e-02
65 76 -2.101363e-02
18 24 -2.107166e-02
7 24 -2.110289e-02
2 38 -2.118927e-02
5 29 -2.132605e-02
49 94 -2.148890e-02
18 42 -2.152966e-02
66 84 -2.167573e-02
27 65 -2.168150e-02
14 74 -2.175341e-02
3 25 -2.178087e-02
1 13 -2.178634e-02
2 29 -2.195527e-02
40 51 -2.205507e-02
26 64 -2.206498e-02
62 65 -2.217603e-02
6 63 -2.240834e-02
23 67 -2.244324e-02
16 85 -2.244456e-02
7 85 -2.250653e-02
25 76 -2.255924e-02
9 68 -2.265157e-02
14 28 -2.282822e-02
27 34 -2.283631e-02
15 92 -2.285702e-02
32 57 -2.288640e-02
28 81 -2.301241e-02
28 52 -2.307344e-02
9 31 -2.318970e-02
53 83 -2.327169e-02
5 18 -2.334417e-02
14 38 -2.334606e-02
35 74 -2.337163e-02
79 92 -2.337535e-02
16 44 -2.338376e-02
54 94 -2.340491e-02
24 51 -2.346257e-02
73 87 -2.349850e-02
2 67 -2.351517e-02
15 85 -2.356222e-02
61 74 -2.356662e-02
60 81 -2.357743e-02
42 60 -2.358042e-02
62 89 -2.361679e-02
54 89 -2.365925e-02
27 54 -2.371523e-02
21 81 -2.389432e-02
56 60 -2.397824e-02
47 72 -2.405419e-02
82 92 -2.407482e-02
15 70 -2.415577e-02
82 93 -2.423895e-02
79 94 -2.445875e-02
55 65 -2.469313e-02
8 89 -2.471939e-02
47 67 -2.475969e-02
39 82 -2.486861e-02
24 44 -2.491193e-02
1 74 -2.492243e-02
45 84 -2.500111e-02
38 50 -2.500137e-02
31 59 -2.512188e-02
18 77 -2.512223e-02
5 62 -2.515852e-02
12 84 -2.535899e-02
44 94 -2.537651e-02
45 94 -2.538037e-02
30 63 -2.544355e-02
11 81 -2.552146e-02
5 78 -2.557825e-02
61 82 -2.557941e-02
26 65 -2.558393e-02
38 69 -2.559361e-02
37 62 -2.560131e-02
16 65 -2.564834e-02
48 79 -2.566403e-02
45 53 -2.572185e-02
37 66 -2.584244e-02
27 48 -2.599967e-02
20 53 -2.612949e-02
10 70 -2.616394e-02
40 94 -2.645281e-02
27 49 -2.652292e-02
31 66 -2.654327e-02
39 73 -2.654945e-02
3 91 -2.660900e-02
37 53 -2.670613e-02
47 55 -2.672994e-02
3 26 -2.678375e-02
82 94 -2.679073e-02
37 50 -2.683001e-02
29 81 -2.689979e-02
1 90 -2.697026e-02
22 47 -2.721217e-02
12 63 -2.726113e-02
23 45 -2.744775e-02
60 78 -2.745062e-02
23 28 -2.750023e-02
32 82 -2.758569e-02
7 13 -2.764043e-02
3 85 -2.781274e-02
14 25 -2.791748e-02
13 94 -2.795384e-02
3 34 -2.798393e-02
25 52 -2.804961e-02
39 46 -2.806318e-02
21 85 -2.807424e-02
20 23 -2.812062e-02
26 79 -2.833011e-02
35 53 -2.833733e-02
12 92 -2.841180e-02
16 88 -2.858871e-02
21 49 -2.863886e-02
22 53 -2.868559e-02
18 74 -2.890131e-02
78 85 -2.903368e-02
17 23 -2.909435e-02
87 94 -2.911456e-02
66 75 -2.915443e-02
14 78 -2.915689e-02
56 82 -2.918563e-02
41 67 -2.925328e-02
28 85 -2.926166e-02
15 38 -2.927545e-02
23 61 -2.941169e-02
46 78 -2.946181e-02
45 86 -2.949548e-02
14 64 -2.956199e-02
16 30 -2.977324e-02
24 79 -2.979718e-02
53 77 -2.982078e-02
31 76 -2.986401e-02
50 71 -2.987283e-02
18 72 -2.996071e-02
3 62 -2.998855e-02
10 74 -3.000203e-02
63 88 -3.004433e-02
48 56 -3.005014e-02
19 79 -3.013529e-02
3 20 -3.020632e-02
21 83 -3.021859e-02
4 88 -3.026119e-02
3 86 -3.029274e-02
10 16 -3.032473e-02
7 8 -3.035513e-02
2 83 -3.037240e-02
39 70 -3.043113e-02
44 68 -3.044139e-02
9 32 -3.047303e-02
60 74 -3.054810e-02
82 90 -3.056181e-02
55 71 -3.067704e-02
39 66 -3.068839e-02
3 75 -3.075673e-02
65 70 -3.082566e-02
27 94 -3.087389e-02
16 50 -3.088926e-02
9 86 -3.098755e-02
4 18 -3.099510e-02
60 91 -3.100942e-02
16 51 -3.105441e-02
21 45 -3.113073e-02
25 57 -3.114153e-02
3 49 -3.118503e-02
15 34 -3.118707e-02
17 77 -3.124698e-02
6 71 -3.133531e-02
22 58 -3.142706e-02
1 30 -3.150829e-02
44 48 -3.155060e-02
10 53 -3.155887e-02
49 64 -3.157358e-02
2 68 -3.166294e-02
2 79 -3.168545e-02
72 91 -3.172133e-02
2 39 -3.172488e-02
25 32 -3.175045e-02
40 74 -3.182910e-02
22 91 -3.184617e-02
51 82 -3.188211e-02
64 77 -3.191578e-02
28 69 -3.199034e-02
70 88 -3.205953e-02
22 64 -3.212409e-02
28 50 -3.212814e-02
25 79 -3.236323e-02
48 64 -3.237874e-02
66 70 -3.238245e-02
74 94 -3.247946e-02
43 46 -3.250866e-02
34 40 -3.255543e-02
1 58 -3.271054e-02
29 76 -3.283787e-02
5 45 -3.293081e-02
49 85 -3.294333e-02
2 40 -3.296735e-02
31 85 -3.319606e-02
38 65 -3.319935e-02
37 48 -3.331337e-02
27 91 -3.334671e-02
19 93 -3.337725e-02
19 43 -3.345956e-02
56 61 -3.352227e-02
5 20 -3.373303e-02
28 55 -3.393256e-02
45 74 -3.395659e-02
17 75 -3.404806e-02
45 63 -3.405551e-02
25 49 -3.408987e-02
51 60 -3.428990e-02
28 46 -3.429297e-02
89 93 -3.465886e-02
44 80 -3.469685e-02
10 61 -3.471425e-02
10 30 -3.499004e-02
63 94 -3.500080e-02
18 44 -3.513254e-02
5 56 -3.518224e-02
11 23 -3.522240e-02
9 73 -3.530591e-02
58 65 -3.531119e-02
4 91 -3.532145e-02
1 66 -3.544377e-02
17 65 -3.548523e-02
31 72 -3.548690e-02
41 93 -3.556146e-02
83 92 -3.561037e-02
52 80 -3.566196e-02
4 41 -3.566438e-02
57 85 -3.571039e-02
18 90 -3.576974e-02
5 33 -3.582340e-02
21 41 -3.585453e-02
5 53 -3.585991e-02
84 93 -3.600853e-02
33 54 -3.601163e-02
12 47 -3.623786e-02
50 91 -3.625838e-02
33 68 -3.632381e-02
19 75 -3.635537e-02
16 81 -3.646533e-02
56 59 -3.650260e-02
13 19 -3.654767e-02
49 87 -3.660125e-02
71 81 -3.685468e-02
1 41 -3.688928e-02
56 74 -3.690809e-02
8 94 -3.693061e-02
32 87 -3.693121e-02
13 89 -3.696166e-02
39 79 -3.717337e-02
38 44 -3.737266e-02
14 77 -3.744690e-02
22 75 -3.746661e-02
57 89 -3.750412e-02
22 68 -3.750477e-02
11 75 -3.752773e-02
8 30 -3.764596e-02
72 94 -3.765513e-02
34 89 -3.766496e-02
58 72 -3.783821e-02
8 48 -3.785597e-02
47 82 -3.815846e-02
3 59 -3.816835e-02
17 54 -3.819753e-02
44 77 -3.822887e-02
41 58 -3.827079e-02
16 73 -3.834254e-02
41 43 -3.838531e-02
43 81 -3.840719e-02
2 35 -3.847420e-02
20 77 -3.852019e-02
75 94 -3.853242e-02
77 80 -3.856449e-02
19 60 -3.858647e-02
13 62 -3.859000e-02
72 93 -3.867001e-02
43 94 -3.872913e-02
30 33 -3.874378e-02
19 55 -3.875958e-02
44 92 -3.877361e-02
63 74 -3.878082e-02
29 73 -3.879270e-02
26 45 -3.882118e-02
17 46 -3.887577e-02
46 69 -3.924169e-02
18 68 -3.926075e-02
40 62 -3.928516e-02
3 67 -3.935353e-02
25 51 -3.938887e-02
3 24 -3.943183e-02
4 48 -3.944695e-02
53 80 -3.946708e-02
61 87 -3.951076e-02
13 68 -3.952317e-02
20 94 -3.953787e-02
58 85 -3.969324e-02
3 93 -3.969420e-02
72 82 -3.972942e-02
18 41 -3.973935e-02
59 65 -3.978473e-02
49 55 -3.978976e-02
12 44 -3.998312e-02
16 79 -4.003352e-02
35 56 -4.010899e-02
19 25 -4.019023e-02
43 88 -4.052050e-02
51 92 -4.068217e-02
11 38 -4.073160e-02
21 62 -4.077010e-02
1 14 -4.082443e-02
1 52 -4.086036e-02
43 48 -4.091157e-02
9 81 -4.093787e-02
15 78 -4.094915e-02
33 81 -4.117569e-02
19 64 -4.122305e-02
5 68 -4.126245e-02
14 93 -4.140275e-02
16 77 -4.140296e-02
25 55 -4.144412e-02
17 51 -4.148386e-02
30 45 -4.156801e-02
68 89 -4.165859e-02
13 87 -4.168466e-02
19 40 -4.170398e-02
21 31 -4.177417e-02
27 66 -4.189151e-02
42 76 -4.214235e-02
47 66 -4.223805e-02
51 64 -4.238351e-02
29 39 -4.240897e-02
30 91 -4.241556e-02
8 55 -4.247847e-02
3 38 -4.247943e-02
50 86 -4.258398e-02
1 71 -4.259767e-02
71 85 -4.278764e-02
77 94 -4.280364e-02
38 75 -4.289200e-02
33 48 -4.299471e-02
40 89 -4.300649e-02
70 85 -4.300757e-02
50 65 -4.303290e-02
3 81 -4.310065e-02
22 86 -4.312587e-02
4 44 -4.326975e-02
76 88 -4.329718e-02
14 50 -4.332090e-02
14 32 -4.333580e-02
29 92 -4.334420e-02
25 64 -4.334515e-02
11 48 -4.335522e-02
1 87 -4.335617e-02
22 29 -4.339006e-02
42 46 -4.345710e-02
73 86 -4.346752e-02
45 58 -4.364605e-02
22 32 -4.368759e-02
26 68 -4.378159e-02
58 86 -4.393221e-02
19 46 -4.393524e-02
3 56 -4.398884e-02
62 80 -4.399534e-02
46 65 -4.418120e-02
3 7 -4.418296e-02
7 84 -4.419224e-02
38 64 -4.428722e-02
11 21 -4.429886e-02
22 51 -4.432625e-02
22 38 -4.442225e-02
10 57 -4.451622e-02
33 86 -4.453408e-02
73 90 -4.481722e-02
17 29 -4.496557e-02
18 64 -4.498472e-02
47 89 -4.499084e-02
50 88 -4.505874e-02
50 76 -4.527671e-02
87 90 -4.531708e-02
5 80 -4.531790e-02
1 42 -4.537687e-02
21 35 -4.548338e-02
18 25 -4.548704e-02
73 94 -4.555951e-02
1 86 -4.561627e-02
1 19 -4.563436e-02
34 51 -4.563626e-02
29 87 -4.574888e-02
19 84 -4.575814e-02
59 62 -4.579451e-02
33 93 -4.587218e-02
26 53 -4.596591e-02
10 22 -4.602774e-02
12 85 -4.632015e-02
4 67 -4.633116e-02
30 77 -4.636692e-02
35 80 -4.641191e-02
71 86 -4.648402e-02
24 27 -4.654418e-02
85 94 -4.664005e-02
19 81 -4.679104e-02
75 79 -4.691696e-02
74 83 -4.697156e-02
9 39 -4.699638e-02
28 87 -4.700653e-02
13 29 -4.709492e-02
55 94 -4.712943e-02
20 82 -4.721853e-02
23 44 -4.728916e-02
14 27 -4.734578e-02
23 60 -4.736961e-02
51 74 -4.739740e-02
29 45 -4.745727e-02
3 32 -4.745930e-02
6 31 -4.759767e-02
42 48 -4.761048e-02
18 51 -4.769292e-02
42 74 -4.772894e-02
14 46 -4.777483e-02
24 66 -4.780817e-02
2 19 -4.784348e-02
3 71 -4.804249e-02
12 43 -4.806263e-02
27 70 -4.815303e-02
41 89 -4.824032e-02
53 64 -4.831873e-02
31 57 -4.848063e-02
40 52 -4.852221e-02
45 92 -4.856315e-02
33 87 -4.870264e-02
30 60 -4.871094e-02
38 94 -4.872168e-02
2 74 -4.876974e-02
16 71 -4.881466e-02
12 90 -4.888529e-02
18 48 -4.891509e-02
9 24 -4.898153e-02
5 92 -4.927034e-02
12 33 -4.929677e-02
10 48 -4.929681e-02
2 86 -4.944881e-02
8 16 -4.950636e-02
3 83 -4.952081e-02
33 65 -4.956202e-02
58 80 -4.959975e-02
34 42 -4.963271e-02
56 94 -4.966551e-02
14 37 -4.967541e-02
4 80 -4.972507e-02
39 81 -4.980294e-02
25 56 -5.009271e-02
26 70 -5.014451e-02
19 49 -5.015875e-02
2 31 -5.016817e-02
11 52 -5.028792e-02
43 89 -5.042239e-02
14 76 -5.043057e-02
12 64 -5.043430e-02
50 54 -5.045284e-02
15 25 -5.045440e-02
14 53 -5.059092e-02
9 41 -5.060783e-02
4 39 -5.072115e-02
29 89 -5.086389e-02
3 43 -5.088975e-02
45 55 -5.091087e-02
31 79 -5.092258e-02
23 53 -5.094459e-02
1 88 -5.095082e-02
20 66 -5.101788e-02
8 36 -5.102514e-02
18 85 -5.108200e-02
65 90 -5.114423e-02
63 69 -5.132647e-02
81 94 -5.143855e-02
53 87 -5.179270e-02
13 44 -5.186749e-02
50 94 -5.200065e-02
34 62 -5.206559e-02
70 92 -5.214522e-02
40 47 -5.217835e-02
26 35 -5.219400e-02
9 66 -5.228314e-02
17 90 -5.247497e-02
27 85 -5.250911e-02
11 76 -5.255368e-02
11 82 -5.263274e-02
7 87 -5.263659e-02
6 39 -5.271931e-02
57 92 -5.275363e-02
16 38 -5.276626e-02
13 70 -5.287200e-02
26 47 -5.294792e-02
47 73 -5.295021e-02
31 65 -5.297867e-02
39 85 -5.300161e-02
21 36 -5.301978e-02
20 42 -5.306109e-02
4 92 -5.309781e-02
61 69 -5.315840e-02
30 81 -5.315992e-02
11 57 -5.326736e-02
30 79 -5.326957e-02
45 60 -5.327788e-02
18 83 -5.335773e-02
44 81 -5.354556e-02
42 62 -5.359589e-02
34 60 -5.366330e-02
16 72 -5.369939e-02
71 94 -5.371066e-02
42 64 -5.376339e-02
65 79 -5.377833e-02
62 90 -5.391687e-02
9 33 -5.394905e-02
43 52 -5.397126e-02
5 90 -5.404451e-02
39 83 -5.421550e-02
16 25 -5.433840e-02
8 45 -5.449450e-02
28 54 -5.452603e-02
6 94 -5.454718e-02
37 67 -5.458222e-02
24 77 -5.458399e-02
15 31 -5.464304e-02
49 76 -5.465970e-02
34 82 -5.467114e-02
4 32 -5.473065e-02
31 46 -5.478787e-02
13 41 -5.481042e-02
41 83 -5.486497e-02
74 91 -5.491963e-02
8 80 -5.493258e-02
1 85 -5.500092e-02
5 77 -5.500820e-02
62 92 -5.501253e-02
7 88 -5.506325e-02
20 73 -5.510587e-02
12 80 -5.513018e-02
43 59 -5.513648e-02
1 7 -5.515183e-02
14 70 -5.524130e-02
1 80 -5.529391e-02
66 80 -5.541840e-02
46 81 -5.553640e-02
9 50 -5.565204e-02
3 46 -5.596824e-02
20 80 -5.601414e-02
41 48 -5.606596e-02
10 55 -5.607557e-02
31 55 -5.621847e-02
26 88 -5.629039e-02
19 51 -5.635537e-02
15 65 -5.642350e-02
16 76 -5.645147e-02
69 85 -5.645515e-02
34 52 -5.646950e-02
5 63 -5.655523e-02
14 83 -5.655703e-02
8 76 -5.658402e-02
14 19 -5.666888e-02
7 69 -5.667686e-02
15 33 -5.677214e-02
13 28 -5.689360e-02
4 63 -5.695138e-02
23 35 -5.723768e-02
62 94 -5.726532e-02
2 42 -5.749095e-02
4 94 -5.759686e-02
20 76 -5.763048e-02
25 41 -5.764931e-02
6 78 -5.778171e-02
15 41 -5.778231e-02
26 89 -5.785082e-02
32 53 -5.788172e-02
38 53 -5.796559e-02
53 65 -5.803975e-02
36 69 -5.805436e-02
35 76 -5.811375e-02
69 94 -5.829532e-02
48 90 -5.831389e-02
20 69 -5.832027e-02
36 65 -5.857848e-02
2 87 -5.864513e-02
57 93 -5.875207e-02
57 72 -5.890446e-02
17 76 -5.891785e-02
16 48 -5.895370e-02
2 75 -5.902963e-02
39 68 -5.905173e-02
20 87 -5.907154e-02
55 74 -5.912701e-02
2 47 -5.913411e-02
26 91 -5.934589e-02
16 27 -5.936721e-02
56 63 -5.947313e-02
11 74 -5.950627e-02
4 77 -5.971808e-02
30 94 -5.972818e-02
67 72 -5.981639e-02
24 54 -5.981799e-02
35 69 -5.986751e-02
4 47 -5.988655e-02
68 78 -5.990972e-02
26 72 -5.996867e-02
35 61 -6.003361e-02
17 48 -6.011197e-02
9 28 -6.011803e-02
38 91 -6.012883e-02
40 82 -6.016711e-02
65 87 -6.026991e-02
9 38 -6.033343e-02
2 70 -6.035149e-02
20 81 -6.038563e-02
34 49 -6.051577e-02
34 63 -6.052931e-02
29 71 -6.057381e-02
33 89 -6.058344e-02
1 76 -6.061554e-02
12 67 -6.066978e-02
1 60 -6.070390e-02
26 51 -6.073462e-02
60 94 -6.073673e-02
2 82 -6.076852e-02
1 89 -6.080705e-02
56 66 -6.088430e-02
54 72 -6.088480e-02
28 84 -6.092352e-02
6 70 -6.097094e-02
26 85 -6.098068e-02
13 32 -6.115066e-02
47 58 -6.115678e-02
32 90 -6.117838e-02
5 73 -6.119786e-02
19 74 -6.121155e-02
9 52 -6.127221e-02
7 75 -6.137108e-02
59 83 -6.151432e-02
10 25 -6.166182e-02
29 80 -6.169075e-02
20 74 -6.173059e-02
25 85 -6.188318e-02
30 92 -6.194575e-02
64 68 -6.208863e-02
7 94 -6.213348e-02
30 38 -6.217233e-02
3 74 -6.224906e-02
57 65 -6.225643e-02
40 55 -6.235441e-02
54 78 -6.241667e-02
19 24 -6.246963e-02
3 33 -6.248783e-02
57 91 -6.264932e-02
1 94 -6.277696e-02
1 18 -6.282884e-02
45 64 -6.286922e-02
14 29 -6.296859e-02
34 77 -6.299926e-02
1 67 -6.309401e-02
23 64 -6.311591e-02
62 93 -6.315542e-02
67 76 -6.320364e-02
22 35 -6.326818e-02
9 51 -6.328654e-02
4 86 -6.334933e-02
40 49 -6.345399e-02
57 79 -6.349658e-02
4 58 -6.356306e-02
22 50 -6.360019e-02
46 92 -6.360671e-02
2 43 -6.363051e-02
20 63 -6.365534e-02
55 80 -6.375018e-02
33 55 -6.389266e-02
21 66 -6.395610e-02
35 84 -6.409350e-02
41 63 -6.410375e-02
39 49 -6.412457e-02
8 37 -6.456978e-02
10 17 -6.466320e-02
5 74 -6.469658e-02
5 69 -6.470933e-02
34 67 -6.478151e-02
74 93 -6.480674e-02
37 76 -6.482143e-02
68 84 -6.502947e-02
42 56 -6.505921e-02
34 73 -6.507858e-02
69 76 -6.516035e-02
69 75 -6.525114e-02
7 53 -6.531251e-02
9 49 -6.535194e-02
43 66 -6.544944e-02
37 68 -6.550949e-02
30 90 -6.552130e-02
58 64 -6.556273e-02
27 68 -6.572306e-02
13 23 -6.574376e-02
33 43 -6.575923e-02
63 73 -6.582829e-02
13 72 -6.583994e-02
11 20 -6.588748e-02
1 92 -6.589521e-02
48 75 -6.591048e-02
11 28 -6.595147e-02
1 93 -6.596346e-02
50 83 -6.625716e-02
23 38 -6.629114e-02
16 37 -6.631052e-02
31 36 -6.634940e-02
18 87 -6.638085e-02
16 70 -6.643484e-02
4 59 -6.645282e-02
21 58 -6.646165e-02
26 49 -6.661602e-02
5 48 -6.664746e-02
69 87 -6.665715e-02
7 34 -6.670054e-02
52 79 -6.672243e-02
3 80 -6.680900e-02
54 57 -6.694885e-02
28 39 -6.696188e-02
21 28 -6.698799e-02
54 61 -6.702781e-02
12 72 -6.703737e-02
7 81 -6.704262e-02
3 8 -6.709413e-02
2 72 -6.711949e-02
15 24 -6.730321e-02
28 60 -6.731746e-02
19 85 -6.732786e-02
4 60 -6.746343e-02
3 28 -6.766651e-02
55 60 -6.776266e-02
76 85 -6.780026e-02
23 74 -6.789286e-02
55 89 -6.789461e-02
30 88 -6.804136e-02
14 81 -6.804595e-02
55 72 -6.805139e-02
1 69 -6.822781e-02
72 85 -6.838645e-02
79 93 -6.849268e-02
7 70 -6.853846e-02
53 62 -6.859133e-02
32 60 -6.865109e-02
1 62 -6.866019e-02
18 40 -6.874424e-02
38 78 -6.877952e-02
48 55 -6.883129e-02
50 75 -6.888665e-02
11 22 -6.889605e-02
73 80 -6.892691e-02
19 77 -6.903336e-02
28 94 -6.915674e-02
41 49 -6.920056e-02
14 54 -6.925740e-02
31 70 -6.926212e-02
13 92 -6.930293e-02
86 92 -6.950319e-02
16 39 -6.959125e-02
27 79 -6.980781e-02
45 68 -6.997785e-02
7 42 -7.006529e-02
14 30 -7.028625e-02
10 33 -7.028771e-02
72 81 -7.052131e-02
36 40 -7.057428e-02
17 56 -7.059716e-02
3 73 -7.072470e-02
22 27 -7.075831e-02
6 46 -7.080330e-02
85 93 -7.089791e-02
38 85 -7.115813e-02
50 92 -7.121887e-02
76 91 -7.124230e-02
67 91 -7.143157e-02
27 61 -7.143853e-02
22 67 -7.144632e-02
25 63 -7.151650e-02
42 93 -7.151745e-02
33 67 -7.172280e-02
3 35 -7.191600e-02
61 79 -7.192602e-02
4 30 -7.196981e-02
24 80 -7.200015e-02
5 87 -7.203408e-02
31 39 -7.204576e-02
79 85 -7.212397e-02
2 15 -7.215247e-02
15 94 -7.222805e-02
21 78 -7.230213e-02
13 58 -7.234755e-02
11 72 -7.236365e-02
59 69 -7.240982e-02
22 46 -7.241837e-02
6 11 -7.243653e-02
10 21 -7.259211e-02
57 71 -7.269512e-02
35 45 -7.274166e-02
2 25 -7.274564e-02
68 74 -7.275848e-02
10 42 -7.277834e-02
27 89 -7.281022e-02
52 64 -7.281476e-02
48 74 -7.285742e-02
57 81 -7.293185e-02
12 21 -7.293254e-02
40 48 -7.306530e-02
14 82 -7.308533e-02
58 67 -7.309738e-02
46 54 -7.313473e-02
21 53 -7.331454e-02
27 73 -7.336020e-02
4 64 -7.357615e-02
3 63 -7.361050e-02
8 54 -7.377134e-02
2 91 -7.385186e-02
42 55 -7.389025e-02
1 84 -7.394470e-02
28 45 -7.396550e-02
11 92 -7.401058e-02
66 94 -7.423897e-02
39 54 -7.446784e-02
44 85 -7.449265e-02
73 93 -7.455861e-02
47 56 -7.456610e-02
41 47 -7.469109e-02
4 65 -7.472978e-02
65 74 -7.478846e-02
8 49 -7.480152e-02
64 70 -7.494143e-02
40 86 -7.495223e-02
48 60 -7.498621e-02
51 56 -7.521495e-02
34 70 -7.533122e-02
37 63 -7.551870e-02
51 61 -7.559671e-02
65 82 -7.577452e-02
28 64 -7.583468e-02
12 87 -7.584898e-02
40 63 -7.592441e-02
78 88 -7.603078e-02
31 64 -7.603567e-02
10 35 -7.610359e-02
15 23 -7.618704e-02
11 58 -7.638219e-02
24 59 -7.640930e-02
6 53 -7.647345e-02
34 54 -7.655441e-02
26 39 -7.668043e-02
57 68 -7.686421e-02
55 76 -7.690628e-02
80 85 -7.698552e-02
47 76 -7.712779e-02
13 53 -7.713282e-02
48 81 -7.720640e-02
50 90 -7.721770e-02
27 55 -7.724420e-02
35 60 -7.739382e-02
65 89 -7.748197e-02
56 85 -7.771086e-02
3 60 -7.798211e-02
47 60 -7.799262e-02
50 53 -7.806953e-02
60 67 -7.811554e-02
10 73 -7.822567e-02
17 79 -7.823997e-02
11 87 -7.842427e-02
39 58 -7.842980e-02
40 83 -7.849899e-02
42 81 -7.853477e-02
39 88 -7.855739e-02
32 94 -7.858017e-02
23 54 -7.858509e-02
24 94 -7.863934e-02
72 79 -7.864556e-02
22 45 -7.871128e-02
26 56 -7.873864e-02
15 81 -7.886635e-02
54 62 -7.904382e-02
2 69 -7.907362e-02
72 80 -7.912288e-02
29 62 -7.941813e-02
12 22 -7.947784e-02
38 86 -7.973562e-02
8 59 -7.975094e-02
1 16 -7.976398e-02
14 86 -7.978394e-02
29 93 -7.990024e-02
44 83 -7.992199e-02
9 61 -7.992694e-02
69 91 -7.993567e-02
37 84 -8.005839e-02
2 9 -8.027344e-02
3 58 -8.028898e-02
46 58 -8.038984e-02
77 82 -8.039902e-02
68 81 -8.040325e-02
60 73 -8.049802e-02
24 71 -8.055005e-02
23 82 -8.061096e-02
5 83 -8.063280e-02
3 84 -8.074763e-02
19 36 -8.079202e-02
38 71 -8.081485e-02
12 78 -8.082181e-02
57 88 -8.084575e-02
1 40 -8.085222e-02
77 83 -8.092206e-02
39 43 -8.103483e-02
13 61 -8.103530e-02
47 54 -8.130625e-02
39 78 -8.131669e-02
29 60 -8.132661e-02
13 63 -8.137194e-02
24 46 -8.143791e-02
40 77 -8.145382e-02
3 40 -8.168115e-02
35 83 -8.168713e-02
21 27 -8.172073e-02
40 67 -8.179523e-02
56 89 -8.185309e-02
45 59 -8.188039e-02
2 18 -8.191770e-02
9 26 -8.202944e-02
9 46 -8.208633e-02
37 43 -8.208863e-02
23 26 -8.216048e-02
8 21 -8.221529e-02
9 40 -8.240207e-02
48 89 -8.268460e-02
10 69 -8.271211e-02
2 52 -8.275457e-02
41 51 -8.277739e-02
39 77 -8.286365e-02
42 58 -8.291097e-02
20 62 -8.303573e-02
64 80 -8.304936e-02
10 81 -8.305182e-02
31 81 -8.305963e-02
13 64 -8.326604e-02
37 74 -8.333927e-02
49 53 -8.339637e-02
2 76 -8.351034e-02
33 62 -8.370607e-02
13 48 -8.378869e-02
65 72 -8.383460e-02
9 34 -8.385017e-02
5 81 -8.440842e-02
20 28 -8.452456e-02
46 60 -8.453737e-02
9 90 -8.456681e-02
16 34 -8.468419e-02
31 82 -8.469916e-02
55 87 -8.472302e-02
12 48 -8.472927e-02
20 91 -8.477064e-02
58 88 -8.481339e-02
15 87 -8.485576e-02
37 94 -8.488217e-02
17 73 -8.493172e-02
62 87 -8.502404e-02
53 89 -8.529995e-02
20 84 -8.531867e-02
15 47 -8.539731e-02
31 35 -8.576035e-02
51 84 -8.576126e-02
52 63 -8.578792e-02
31 73 -8.595404e-02
15 46 -8.600392e-02
14 36 -8.606018e-02
17 74 -8.622330e-02
64 67 -8.653373e-02
15 37 -8.654805e-02
25 37 -8.662165e-02
46 89 -8.674767e-02
14 21 -8.675997e-02
19 67 -8.679141e-02
45 75 -8.682501e-02
18 27 -8.691593e-02
24 45 -8.694483e-02
16 60 -8.708651e-02
43 75 -8.718393e-02
2 34 -8.724931e-02
32 45 -8.728089e-02
10 63 -8.728921e-02
70 79 -8.733900e-02
21 51 -8.734700e-02
43 77 -8.745945e-02
40 87 -8.749507e-02
27 88 -8.751833e-02
17 57 -8.753146e-02
28 66 -8.769688e-02
15 19 -8.782736e-02
33 45 -8.783871e-02
20 54 -8.789066e-02
67 88 -8.791564e-02
59 76 -8.796952e-02
18 31 -8.798667e-02
24 61 -8.800330e-02
9 27 -8.802484e-02
53 78 -8.828551e-02
29 49 -8.830364e-02
28 82 -8.830782e-02
9 78 -8.838570e-02
18 91 -8.848623e-02
31 43 -8.853287e-02
60 82 -8.854378e-02
16 29 -8.855235e-02
21 47 -8.865787e-02
34 87 -8.866056e-02
40 70 -8.866134e-02
28 38 -8.888660e-02
5 55 -8.921310e-02
38 87 -8.921950e-02
39 72 -8.928878e-02
42 72 -8.941571e-02
4 54 -8.951516e-02
24 69 -8.959239e-02
7 67 -8.960384e-02
69 78 -8.968063e-02
3 48 -8.986039e-02
60 92 -8.986492e-02
19 35 -8.988633e-02
35 67 -8.990929e-02
23 55 -8.991441e-02
25 72 -8.999751e-02
38 72 -9.012954e-02
5 21 -9.013261e-02
59 70 -9.025812e-02
8 65 -9.030929e-02
5 22 -9.033808e-02
23 36 -9.034593e-02
19 87 -9.043761e-02
34 92 -9.043897e-02
2 84 -9.046346e-02
19 59 -9.047381e-02
26 48 -9.053127e-02
53 88 -9.067706e-02
58 93 -9.068986e-02
30 58 -9.089153e-02
4 31 -9.093644e-02
27 76 -9.097405e-02
23 88 -9.100965e-02
40 75 -9.102485e-02
21 91 -9.113715e-02
27 78 -9.128943e-02
11 25 -9.129749e-02
33 58 -9.133193e-02
23 85 -9.147423e-02
18 66 -9.155888e-02
65 81 -9.163116e-02
63 72 -9.209856e-02
28 68 -9.209861e-02
63 90 -9.212089e-02
62 75 -9.227509e-02
8 61 -9.229403e-02
11 29 -9.234430e-02
59 80 -9.240813e-02
77 93 -9.273809e-02
16 67 -9.278610e-02
30 40 -9.281489e-02
72 83 -9.291791e-02
2 60 -9.293830e-02
33 60 -9.296094e-02
16 31 -9.332045e-02
69 93 -9.340578e-02
27 83 -9.345417e-02
24 48 -9.348796e-02
59 74 -9.366823e-02
7 49 -9.385579e-02
5 37 -9.417967e-02
4 87 -9.423408e-02
73 76 -9.426807e-02
61 66 -9.428372e-02
81 93 -9.431230e-02
8 85 -9.437453e-02
17 58 -9.445874e-02
50 68 -9.450048e-02
6 74 -9.450592e-02
2 56 -9.469983e-02
21 94 -9.483651e-02
45 61 -9.489319e-02
49 90 -9.495987e-02
5 84 -9.497700e-02
33 51 -9.503659e-02
54 90 -9.520858e-02
24 40 -9.533601e-02
61 72 -9.534268e-02
5 60 -9.535289e-02
15 40 -9.546292e-02
72 89 -9.555183e-02
2 66 -9.558296e-02
6 49 -9.567770e-02
14 79 -9.578284e-02
34 53 -9.610308e-02
47 87 -9.647926e-02
14 84 -9.655592e-02
17 35 -9.655609e-02
5 36 -9.669977e-02
11 49 -9.670794e-02
52 82 -9.710330e-02
56 91 -9.723028e-02
12 68 -9.740050e-02
61 81 -9.741376e-02
52 89 -9.755647e-02
21 89 -9.759628e-02
36 68 -9.760234e-02
5 32 -9.761715e-02
3 42 -9.762365e-02
11 32 -9.763027e-02
29 33 -9.773089e-02
29 90 -9.781203e-02
52 87 -9.782865e-02
24 33 -9.790333e-02
12 46 -9.797348e-02
25 89 -9.816248e-02
25 70 -9.827078e-02
30 80 -9.851272e-02
10 23 -9.861919e-02
19 28 -9.862924e-02
8 33 -9.863682e-02
28 70 -9.864971e-02
16 69 -9.870480e-02
43 71 -9.879753e-02
38 62 -9.882130e-02
55 78 -9.912505e-02
27 58 -9.925274e-02
5 34 -9.927936e-02
46 87 -9.962750e-02
33 91 -9.973455e-02
1 61 -9.990385e-02
11 43 -9.996989e-02
25 69 -1.000055e-01
32 61 -1.000081e-01
14 44 -1.000558e-01
52 94 -1.000645e-01
16 92 -1.001773e-01
13 81 -1.001810e-01
45 72 -1.001888e-01
9 67 -1.002355e-01
34 93 -1.002529e-01
26 37 -1.002781e-01
41 78 -1.003622e-01
9 47 -1.004853e-01
55 84 -1.005972e-01
15 66 -1.006566e-01
24 83 -1.006860e-01
13 74 -1.007037e-01
54 64 -1.007216e-01
8 93 -1.008834e-01
7 74 -1.009433e-01
50 61 -1.010406e-01
20 83 -1.010521e-01
44 57 -1.014625e-01
20 26 -1.015504e-01
60 86 -1.015553e-01
56 78 -1.017019e-01
28 53 -1.018110e-01
18 45 -1.018143e-01
30 75 -1.018168e-01
47 88 -1.018273e-01
14 68 -1.019587e-01
8 19 -1.019845e-01
19 83 -1.020208e-01
36 90 -1.020642e-01
43 63 -1.021100e-01
13 46 -1.022109e-01
52 62 -1.022453e-01
9 69 -1.025470e-01
50 64 -1.025738e-01
13 43 -1.027639e-01
14 23 -1.028091e-01
5 41 -1.028094e-01
45 66 -1.028261e-01
4 89 -1.028336e-01
56 92 -1.029417e-01
4 21 -1.029806e-01
32 71 -1.031217e-01
33 56 -1.031327e-01
41 61 -1.034498e-01
57 67 -1.034878e-01
62 79 -1.035681e-01
41 73 -1.036720e-01
8 26 -1.036779e-01
51 57 -1.039702e-01
8 51 -1.040743e-01
60 71 -1.041196e-01
12 86 -1.042106e-01
13 31 -1.043880e-01
19 33 -1.044329e-01
16 41 -1.045249e-01
12 37 -1.046218e-01
9 70 -1.046621e-01
56 81 -1.046629e-01
2 57 -1.046985e-01
44 61 -1.046993e-01
48 77 -1.047869e-01
6 17 -1.049009e-01
35 94 -1.050018e-01
17 53 -1.050357e-01
7 83 -1.051114e-01
7 48 -1.052325e-01
21 29 -1.052344e-01
15 56 -1.052786e-01
38 63 -1.053761e-01
49 81 -1.054031e-01
3 29 -1.054745e-01
9 54 -1.056592e-01
35 86 -1.056976e-01
35 79 -1.057538e-01
3 19 -1.059400e-01
43 73 -1.059692e-01
42 78 -1.060121e-01
59 63 -1.061663e-01
7 55 -1.061684e-01
54 91 -1.064025e-01
1 29 -1.065200e-01
36 45 -1.065920e-01
39 87 -1.067576e-01
40 85 -1.067596e-01
30 61 -1.068444e-01
13 51 -1.068624e-01
4 61 -1.069219e-01
10 66 -1.069224e-01
63 70 -1.070137e-01
12 75 -1.071151e-01
57 73 -1.072876e-01
15 74 -1.075562e-01
31 89 -1.076811e-01
57 75 -1.077138e-01
26 46 -1.077363e-01
11 83 -1.079954e-01
12 30 -1.080195e-01
31 60 -1.081004e-01
7 89 -1.081099e-01
45 73 -1.081923e-01
52 86 -1.082253e-01
32 56 -1.082301e-01
5 72 -1.084533e-01
21 76 -1.084828e-01
34 94 -1.085138e-01
12 74 -1.086164e-01
16 43 -1.087189e-01
12 45 -1.090805e-01
49 65 -1.090934e-01
57 63 -1.091019e-01
66 92 -1.092307e-01
26 42 -1.092607e-01
35 78 -1.092642e-01
67 81 -1.093781e-01
50 72 -1.094828e-01
50 74 -1.095091e-01
65 73 -1.096311e-01
12 53 -1.099437e-01
58 83 -1.100848e-01
26 90 -1.102413e-01
67 78 -1.104070e-01
53 71 -1.105325e-01
24 82 -1.105452e-01
6 73 -1.106019e-01
6 21 -1.106114e-01
23 39 -1.108167e-01
6 60 -1.110237e-01
3 61 -1.111775e-01
31 62 -1.117587e-01
27 74 -1.118150e-01
15 55 -1.120177e-01
58 84 -1.121026e-01
51 59 -1.121474e-01
2 71 -1.123654e-01
17 71 -1.123782e-01
53 93 -1.123855e-01
43 82 -1.124075e-01
41 86 -1.125966e-01
9 85 -1.127443e-01
32 76 -1.128211e-01
3 47 -1.128695e-01
11 26 -1.129705e-01
37 78 -1.131995e-01
54 66 -1.132030e-01
47 68 -1.133926e-01
52 84 -1.134590e-01
17 38 -1.134784e-01
31 44 -1.135173e-01
40 88 -1.136235e-01
23 79 -1.136768e-01
68 72 -1.137508e-01
33 85 -1.138108e-01
1 63 -1.139461e-01
18 81 -1.139550e-01
42 79 -1.139941e-01
31 77 -1.140012e-01
17 44 -1.142179e-01
6 82 -1.142539e-01
53 79 -1.142626e-01
2 48 -1.142897e-01
18 35 -1.143263e-01
61 83 -1.144859e-01
50 89 -1.145489e-01
8 78 -1.145968e-01
11 27 -1.146020e-01
36 51 -1.146751e-01
51 77 -1.147738e-01
35 91 -1.149309e-01
2 22 -1.149621e-01
17 30 -1.151085e-01
16 68 -1.151940e-01
12 73 -1.152567e-01
20 50 -1.152880e-01
40 79 -1.153761e-01
1 43 -1.155523e-01
55 91 -1.156814e-01
5 86 -1.157710e-01
12 49 -1.158275e-01
10 24 -1.158713e-01
30 44 -1.158765e-01
14 80 -1.159388e-01
17 80 -1.160031e-01
36 88 -1.160049e-01
47 80 -1.161845e-01
2 27 -1.163333e-01
67 92 -1.165047e-01
36 76 -1.165085e-01
35 85 -1.165336e-01
75 89 -1.167188e-01
36 83 -1.169535e-01
15 32 -1.171932e-01
81 86 -1.173198e-01
22 93 -1.174792e-01
6 14 -1.175151e-01
33 84 -1.175332e-01
35 71 -1.176300e-01
13 75 -1.178401e-01
60 69 -1.178590e-01
11 47 -1.179028e-01
38 88 -1.179816e-01
29 88 -1.180045e-01
65 80 -1.180136e-01
17 87 -1.180509e-01
15 90 -1.180775e-01
15 73 -1.181109e-01
32 47 -1.181636e-01
36 62 -1.182028e-01
59 68 -1.183391e-01
14 41 -1.183581e-01
34 48 -1.184218e-01
34 80 -1.185136e-01
13 76 -1.188127e-01
43 57 -1.188353e-01
4 84 -1.190901e-01
28 35 -1.191635e-01
42 88 -1.191855e-01
41 45 -1.193328e-01
24 85 -1.194155e-01
15 39 -1.194347e-01
10 62 -1.195332e-01
12 20 -1.196006e-01
21 73 -1.196308e-01
88 92 -1.196943e-01
37 61 -1.198451e-01
35 89 -1.199064e-01
5 79 -1.202641e-01
37 82 -1.203046e-01
16 57 -1.205450e-01
18 69 -1.205749e-01
15 49 -1.207094e-01
8 23 -1.208241e-01
36 50 -1.208299e-01
6 45 -1.210328e-01
65 69 -1.212710e-01
46 66 -1.213213e-01
54 75 -1.213286e-01
48 65 -1.214311e-01
2 89 -1.215701e-01
33 47 -1.215984e-01
11 67 -1.216670e-01
13 77 -1.217952e-01
38 51 -1.223713e-01
47 52 -1.224307e-01
18 73 -1.224387e-01
9 35 -1.224874e-01
52 57 -1.225662e-01
12 24 -1.228546e-01
22 83 -1.228972e-01
31 78 -1.229489e-01
20 29 -1.229551e-01
32 77 -1.230830e-01
62 74 -1.231377e-01
6 29 -1.231588e-01
5 89 -1.232323e-01
50 58 -1.233329e-01
28 63 -1.235851e-01
32 89 -1.237464e-01
6 83 -1.237574e-01
30 53 -1.238337e-01
45 54 -1.238733e-01
20 85 -1.238976e-01
35 55 -1.239830e-01
46 62 -1.240292e-01
8 25 -1.241167e-01
20 48 -1.244082e-01
12 29 -1.244232e-01
45 57 -1.244253e-01
22 88 -1.245375e-01
61 75 -1.246453e-01
11 65 -1.246477e-01
32 78 -1.246695e-01
43 56 -1.247658e-01
24 39 -1.247688e-01
54 76 -1.249173e-01
4 56 -1.249302e-01
28 41 -1.254225e-01
61 73 -1.254977e-01
9 79 -1.255366e-01
31 49 -1.255421e-01
2 62 -1.255887e-01
59 88 -1.256583e-01
66 90 -1.256872e-01
36 70 -1.257549e-01
30 62 -1.259661e-01
3 92 -1.262064e-01
24 60 -1.262739e-01
73 92 -1.266444e-01
16 61 -1.266688e-01
32 86 -1.266826e-01
27 64 -1.268350e-01
76 83 -1.271969e-01
50 56 -1.272029e-01
58 92 -1.272043e-01
56 87 -1.272389e-01
15 36 -1.274164e-01
48 88 -1.274304e-01
75 90 -1.274595e-01
4 83 -1.276242e-01
35 66 -1.276398e-01
13 71 -1.276917e-01
24 29 -1.278046e-01
43 70 -1.278244e-01
81 85 -1.278439e-01
6 69 -1.279936e-01
18 37 -1.280160e-01
59 66 -1.281023e-01
42 90 -1.285393e-01
6 44 -1.285444e-01
11 55 -1.285638e-01
33 52 -1.286102e-01
17 33 -1.286319e-01
10 91 -1.288109e-01
16 82 -1.289306e-01
14 90 -1.289766e-01
33 42 -1.290276e-01
13 84 -1.296182e-01
73 85 -1.296610e-01
38 81 -1.297364e-01
8 75 -1.297931e-01
54 79 -1.298961e-01
14 26 -1.301338e-01
27 35 -1.303896e-01
24 81 -1.304235e-01
46 74 -1.307040e-01
56 69 -1.315011e-01
55 73 -1.315449e-01
34 55 -1.316965e-01
47 90 -1.317620e-01
30 89 -1.317926e-01
16 86 -1.318540e-01
17 47 -1.319148e-01
29 69 -1.319900e-01
28 59 -1.320130e-01
57 80 -1.321237e-01
21 55 -1.321834e-01
18 58 -1.322556e-01
11 50 -1.323209e-01
35 50 -1.324819e-01
4 57 -1.324905e-01
65 75 -1.326469e-01
39 42 -1.327119e-01
38 89 -1.327600e-01
11 39 -1.330483e-01
48 63 -1.331085e-01
80 84 -1.332540e-01
31 41 -1.332649e-01
5 57 -1.337348e-01
30 74 -1.339193e-01
24 93 -1.340185e-01
38 76 -1.342450e-01
34 86 -1.342847e-01
32 51 -1.343028e-01
5 64 -1.347952e-01
22 90 -1.349953e-01
21 70 -1.350308e-01
55 92 -1.350932e-01
41 76 -1.351066e-01
8 83 -1.352749e-01
57 90 -1.354060e-01
49 83 -1.354953e-01
45 67 -1.355380e-01
19 27 -1.355642e-01
9 42 -1.356186e-01
36 85 -1.360785e-01
39 84 -1.361956e-01
57 87 -1.363089e-01
30 42 -1.364090e-01
6 51 -1.364867e-01
41 85 -1.366839e-01
5 67 -1.367559e-01
17 43 -1.369333e-01
28 88 -1.370479e-01
13 33 -1.371213e-01
23 48 -1.372343e-01
39 75 -1.372616e-01
4 37 -1.375694e-01
47 57 -1.375803e-01
28 31 -1.376502e-01
25 38 -1.376718e-01
17 41 -1.376996e-01
19 72 -1.377166e-01
19 41 -1.377293e-01
34 79 -1.378864e-01
19 54 -1.379493e-01
54 85 -1.380268e-01
44 88 -1.380491e-01
5 46 -1.380997e-01
49 59 -1.381223e-01
8 88 -1.382662e-01
20 51 -1.386852e-01
7 30 -1.387057e-01
64 83 -1.387083e-01
39 63 -1.387679e-01
36 42 -1.389975e-01
5 38 -1.392062e-01
52 91 -1.392292e-01
41 69 -1.392299e-01
53 75 -1.393482e-01
10 47 -1.393780e-01
23 84 -1.394467e-01
5 54 -1.394514e-01
21 56 -1.395370e-01
34 91 -1.398843e-01
58 75 -1.400630e-01
4 25 -1.400938e-01
6 72 -1.402039e-01
30 70 -1.402403e-01
45 77 -1.405118e-01
8 39 -1.407227e-01
31 48 -1.409362e-01
11 79 -1.409478e-01
24 62 -1.410743e-01
52 93 -1.410985e-01
16 42 -1.411524e-01
2 58 -1.412409e-01
36 89 -1.414011e-01
22 89 -1.414439e-01
21 71 -1.415037e-01
51 88 -1.415909e-01
71 75 -1.418400e-01
69 77 -1.418736e-01
38 80 -1.421393e-01
16 80 -1.421679e-01
35 81 -1.423832e-01
4 85 -1.424861e-01
26 33 -1.425142e-01
15 58 -1.426964e-01
66 77 -1.427195e-01
4 22 -1.428317e-01
9 83 -1.430331e-01
11 41 -1.434889e-01
38 83 -1.436068e-01
22 87 -1.438366e-01
25 88 -1.438846e-01
12 52 -1.439032e-01
22 28 -1.439275e-01
55 70 -1.441283e-01
17 40 -1.443861e-01
15 72 -1.444501e-01
22 49 -1.446350e-01
40 93 -1.449045e-01
34 44 -1.449079e-01
8 72 -1.450087e-01
12 58 -1.451214e-01
7 72 -1.452628e-01
24 36 -1.453279e-01
39 92 -1.454474e-01
6 91 -1.455380e-01
47 64 -1.455975e-01
2 61 -1.458011e-01
24 31 -1.458435e-01
21 42 -1.459258e-01
3 66 -1.459646e-01
41 71 -1.460672e-01
5 88 -1.460762e-01
11 70 -1.462067e-01
5 50 -1.462279e-01
21 80 -1.463290e-01
58 66 -1.467912e-01
29 37 -1.469315e-01
61 90 -1.469502e-01
16 53 -1.475458e-01
30 50 -1.475753e-01
8 46 -1.477729e-01
12 34 -1.478170e-01
4 68 -1.479000e-01
19 52 -1.479469e-01
10 83 -1.479817e-01
10 86 -1.480317e-01
6 81 -1.483355e-01
13 42 -1.484102e-01
40 65 -1.486315e-01
46 52 -1.487075e-01
41 74 -1.487434e-01
28 90 -1.488036e-01
24 74 -1.488136e-01
37 80 -1.489309e-01
31 56 -1.490340e-01
43 84 -1.491023e-01
20 40 -1.493079e-01
56 67 -1.495309e-01
51 68 -1.495384e-01
35 62 -1.498751e-01
7 73 -1.498957e-01
20 79 -1.500479e-01
13 73 -1.504316e-01
64 85 -1.504852e-01
36 84 -1.505907e-01
9 29 -1.510305e-01
32 93 -1.511790e-01
19 37 -1.511893e-01
6 19 -1.512197e-01
5 61 -1.513017e-01
14 49 -1.513469e-01
14 92 -1.513941e-01
28 71 -1.515376e-01
37 69 -1.516614e-01
6 52 -1.519519e-01
40 46 -1.520282e-01
10 46 -1.520740e-01
25 40 -1.524515e-01
7 64 -1.526167e-01
32 80 -1.526260e-01
14 34 -1.526562e-01
43 60 -1.527473e-01
7 43 -1.527839e-01
10 84 -1.529377e-01
12 79 -1.534325e-01
8 70 -1.535390e-01
26 69 -1.537821e-01
7 63 -1.538397e-01
52 70 -1.538787e-01
21 86 -1.540036e-01
43 93 -1.540140e-01
37 86 -1.545422e-01
12 88 -1.547359e-01
18 34 -1.547965e-01
52 77 -1.550191e-01
18 36 -1.553277e-01
3 77 -1.553303e-01
21 90 -1.554838e-01
25 68 -1.555789e-01
17 72 -1.558242e-01
14 33 -1.561634e-01
29 36 -1.563388e-01
54 92 -1.563415e-01
2 20 -1.563426e-01
35 47 -1.565388e-01
5 30 -1.566381e-01
30 67 -1.569906e-01
58 89 -1.571304e-01
40 72 -1.571767e-01
2 63 -1.573500e-01
39 62 -1.573616e-01
10 85 -1.574093e-01
54 86 -1.574606e-01
64 82 -1.575321e-01
36 67 -1.576838e-01
28 78 -1.578405e-01
47 59 -1.578870e-01
21 69 -1.579042e-01
57 82 -1.580248e-01
30 86 -1.580523e-01
64 87 -1.581977e-01
8 63 -1.582046e-01
29 77 -1.584810e-01
12 66 -1.585691e-01
13 39 -1.587616e-01
22 44 -1.592839e-01
15 43 -1.593976e-01
4 36 -1.598421e-01
5 52 -1.599965e-01
43 78 -1.600038e-01
4 51 -1.601431e-01
43 65 -1.601727e-01
57 78 -1.601836e-01
6 33 -1.602450e-01
81 92 -1.603309e-01
49 92 -1.604834e-01
49 57 -1.606421e-01
38 82 -1.609529e-01
3 88 -1.612628e-01
30 73 -1.615852e-01
10 27 -1.618331e-01
76 90 -1.619541e-01
14 48 -1.619770e-01
60 88 -1.619790e-01
22 60 -1.620145e-01
35 70 -1.620332e-01
11 24 -1.621689e-01
39 76 -1.623076e-01
64 75 -1.624747e-01
23 33 -1.624979e-01
37 45 -1.626120e-01
15 35 -1.626958e-01
65 91 -1.627272e-01
26 63 -1.629059e-01
38 67 -1.629236e-01
6 80 -1.629250e-01
19 39 -1.629377e-01
30 78 -1.632105e-01
29 35 -1.633591e-01
7 50 -1.633797e-01
26 57 -1.633819e-01
36 49 -1.635408e-01
30 47 -1.638279e-01
38 70 -1.638478e-01
74 82 -1.638480e-01
53 61 -1.641062e-01
18 43 -1.642883e-01
11 68 -1.643407e-01
14 58 -1.644472e-01
8 29 -1.649747e-01
32 49 -1.652724e-01
9 74 -1.652810e-01
6 86 -1.652928e-01
16 58 -1.655208e-01
15 20 -1.659102e-01
21 77 -1.663752e-01
35 87 -1.664614e-01
33 49 -1.665675e-01
32 55 -1.665755e-01
41 82 -1.669602e-01
57 86 -1.675469e-01
11 37 -1.676875e-01
4 19 -1.677571e-01
50 78 -1.678613e-01
25 53 -1.680010e-01
10 82 -1.680952e-01
57 84 -1.681398e-01
8 44 -1.681724e-01
33 79 -1.681864e-01
20 58 -1.681869e-01
14 51 -1.683498e-01
43 83 -1.683640e-01
14 47 -1.684222e-01
10 89 -1.684674e-01
2 23 -1.684823e-01
64 91 -1.685510e-01
31 52 -1.686248e-01
36 43 -1.688137e-01
25 84 -1.689532e-01
2 28 -1.689685e-01
14 35 -1.689993e-01
14 57 -1.691405e-01
2 90 -1.695029e-01
8 86 -1.695752e-01
13 22 -1.696085e-01
4 76 -1.697460e-01
30 93 -1.701378e-01
14 45 -1.703238e-01
24 86 -1.703349e-01
27 90 -1.703975e-01
22 85 -1.711691e-01
35 65 -1.712530e-01
47 81 -1.713222e-01
13 30 -1.713956e-01
32 68 -1.716444e-01
28 73 -1.716449e-01
24 55 -1.716872e-01
20 86 -1.717165e-01
11 69 -1.717666e-01
39 51 -1.719075e-01
38 68 -1.720597e-01
18 59 -1.720739e-01
54 88 -1.721071e-01
10 75 -1.721109e-01
25 81 -1.724138e-01
52 61 -1.724310e-01
36 80 -1.728524e-01
59 89 -1.732766e-01
38 90 -1.734859e-01
21 72 -1.736453e-01
20 70 -1.737110e-01
30 84 -1.738772e-01
13 20 -1.743588e-01
4 52 -1.745840e-01
4 90 -1.746039e-01
23 43 -1.750351e-01
66 82 -1.751132e-01
26 36 -1.751399e-01
36 86 -1.753451e-01
14 40 -1.753513e-01
37 51 -1.757865e-01
25 90 -1.762133e-01
19 73 -1.762139e-01
20 68 -1.762347e-01
10 51 -1.762360e-01
4 23 -1.762677e-01
53 69 -1.763847e-01
59 93 -1.764089e-01
15 64 -1.766242e-01
23 90 -1.766615e-01
26 43 -1.768489e-01
12 27 -1.772389e-01
8 66 -1.777566e-01
52 85 -1.777604e-01
32 70 -1.781322e-01
34 69 -1.784160e-01
57 76 -1.787403e-01
34 68 -1.787708e-01
15 69 -1.789166e-01
51 90 -1.789781e-01
27 50 -1.790081e-01
16 35 -1.790238e-01
58 79 -1.790764e-01
8 15 -1.791187e-01
55 61 -1.791859e-01
6 50 -1.792486e-01
34 71 -1.792637e-01
7 76 -1.794546e-01
17 64 -1.796611e-01
35 93 -1.797236e-01
61 86 -1.797979e-01
10 38 -1.798527e-01
11 73 -1.802090e-01
57 69 -1.803025e-01
20 56 -1.804519e-01
26 59 -1.806695e-01
4 82 -1.808238e-01
4 72 -1.809994e-01
25 91 -1.810735e-01
30 71 -1.812659e-01
39 47 -1.815397e-01
28 32 -1.819609e-01
12 36 -1.823567e-01
34 84 -1.825386e-01
55 83 -1.826332e-01
10 29 -1.826829e-01
29 59 -1.831927e-01
34 50 -1.837030e-01
13 57 -1.841550e-01
29 64 -1.843622e-01
20 75 -1.844556e-01
59 85 -1.848551e-01
15 54 -1.849431e-01
24 32 -1.850856e-01
52 88 -1.851803e-01
4 34 -1.853130e-01
73 84 -1.853141e-01
53 82 -1.853594e-01
32 75 -1.855189e-01
39 80 -1.855760e-01
39 61 -1.856239e-01
57 77 -1.859098e-01
29 68 -1.859898e-01
23 59 -1.862862e-01
31 50 -1.863852e-01
27 53 -1.867389e-01
40 84 -1.869650e-01
5 59 -1.870248e-01
37 47 -1.871437e-01
4 62 -1.871596e-01
59 77 -1.873431e-01
7 79 -1.874888e-01
9 57 -1.876446e-01
10 68 -1.878638e-01
30 76 -1.880891e-01
65 77 -1.881497e-01
4 35 -1.883206e-01
33 71 -1.887430e-01
21 46 -1.887577e-01
43 87 -1.887867e-01
43 91 -1.889072e-01
24 63 -1.889838e-01
8 87 -1.892979e-01
10 50 -1.898185e-01
17 39 -1.898222e-01
10 93 -1.900843e-01
58 70 -1.902008e-01
27 30 -1.902079e-01
40 69 -1.904554e-01
13 79 -1.907134e-01
32 44 -1.907854e-01
58 78 -1.908533e-01
47 86 -1.913110e-01
30 49 -1.915169e-01
40 92 -1.915465e-01
41 70 -1.916273e-01
24 78 -1.917750e-01
19 30 -1.919686e-01
52 92 -1.921333e-01
43 76 -1.922376e-01
27 32 -1.922419e-01
52 83 -1.923673e-01
7 90 -1.924750e-01
27 39 -1.926807e-01
3 68 -1.927493e-01
9 82 -1.932107e-01
59 78 -1.932560e-01
9 76 -1.932818e-01
38 52 -1.935440e-01
25 54 -1.936672e-01
6 79 -1.936952e-01
66 91 -1.937031e-01
12 32 -1.939725e-01
55 62 -1.940964e-01
24 38 -1.944785e-01
61 92 -1.949578e-01
64 93 -1.949934e-01
6 76 -1.955313e-01
23 37 -1.956260e-01
59 67 -1.956815e-01
11 40 -1.961865e-01
59 75 -1.966282e-01
4 38 -1.970666e-01
24 88 -1.971020e-01
26 41 -1.973624e-01
25 35 -1.973733e-01
37 49 -1.981435e-01
35 75 -1.982047e-01
4 66 -1.983534e-01
59 84 -1.989256e-01
27 33 -1.993093e-01
25 30 -1.996713e-01
33 82 -1.998031e-01
6 40 -2.001182e-01
13 90 -2.001777e-01
15 59 -2.001861e-01
32 67 -2.004930e-01
7 37 -2.006709e-01
32 42 -2.007156e-01
15 48 -2.008782e-01
7 66 -2.011214e-01
13 91 -2.012571e-01
33 66 -2.013956e-01
9 58 -2.014418e-01
11 42 -2.014901e-01
12 55 -2.016136e-01
10 71 -2.016993e-01
28 37 -2.017978e-01
12 38 -2.019130e-01
24 34 -2.019992e-01
14 39 -2.023223e-01
23 77 -2.025612e-01
31 69 -2.026333e-01
45 90 -2.029771e-01
22 48 -2.037080e-01
24 84 -2.037340e-01
16 64 -2.037581e-01
32 63 -2.038843e-01
16 36 -2.039420e-01
11 31 -2.039993e-01
24 53 -2.041853e-01
8 91 -2.043814e-01
7 41 -2.054395e-01
30 83 -2.054845e-01
23 32 -2.055707e-01
37 44 -2.063783e-01
23 81 -2.065066e-01
17 37 -2.066052e-01
8 56 -2.068613e-01
10 60 -2.070516e-01
22 80 -2.071559e-01
26 32 -2.075889e-01
7 40 -2.077436e-01
13 24 -2.079977e-01
28 74 -2.080803e-01
36 78 -2.080941e-01
21 50 -2.081888e-01
59 87 -2.087391e-01
59 90 -2.087398e-01
42 59 -2.087588e-01
18 52 -2.090669e-01
8 31 -2.091729e-01
17 59 -2.095667e-01
22 57 -2.100852e-01
44 62 -2.102835e-01
21 79 -2.107102e-01
41 92 -2.108932e-01
13 36 -2.110795e-01
46 79 -2.113830e-01
27 38 -2.117288e-01
3 30 -2.120355e-01
27 57 -2.122744e-01
31 61 -2.123896e-01
8 62 -2.127238e-01
29 56 -2.134038e-01
33 77 -2.134686e-01
7 36 -2.135741e-01
22 71 -2.144521e-01
42 82 -2.148374e-01
15 50 -2.148670e-01
37 42 -2.149268e-01
12 71 -2.150884e-01
24 87 -2.152093e-01
23 30 -2.152100e-01
80 90 -2.154349e-01
19 32 -2.162378e-01
36 44 -2.162519e-01
24 70 -2.166694e-01
43 49 -2.167898e-01
20 64 -2.171491e-01
16 20 -2.177903e-01
25 58 -2.179050e-01
40 71 -2.179362e-01
10 28 -2.185467e-01
9 59 -2.190551e-01
44 90 -2.200379e-01
41 50 -2.210315e-01
64 92 -2.212579e-01
5 49 -2.217096e-01
48 59 -2.218342e-01
29 91 -2.219212e-01
28 79 -2.221642e-01
8 57 -2.222507e-01
63 81 -2.223408e-01
6 67 -2.225266e-01
32 92 -2.226095e-01
12 59 -2.228695e-01
3 27 -2.235903e-01
24 89 -2.236380e-01
58 90 -2.237386e-01
16 32 -2.237876e-01
9 30 -2.242075e-01
6 22 -2.244500e-01
39 93 -2.244894e-01
34 78 -2.245250e-01
30 85 -2.245282e-01
32 91 -2.248905e-01
39 89 -2.248944e-01
10 78 -2.252587e-01
3 52 -2.253859e-01
37 46 -2.258135e-01
35 42 -2.261879e-01
23 34 -2.271460e-01
35 82 -2.271732e-01
52 78 -2.275469e-01
37 75 -2.275684e-01
67 79 -2.278094e-01
8 18 -2.282095e-01
41 62 -2.289132e-01
39 86 -2.291392e-01
55 90 -2.292783e-01
6 18 -2.295813e-01
7 60 -2.296889e-01
10 76 -2.303045e-01
44 59 -2.309779e-01
36 46 -2.310518e-01
43 86 -2.313933e-01
37 85 -2.322372e-01
10 56 -2.326475e-01
11 59 -2.326613e-01
14 59 -2.328738e-01
36 47 -2.331186e-01
41 84 -2.338806e-01
13 78 -2.342886e-01
22 69 -2.350032e-01
10 26 -2.353241e-01
34 47 -2.358512e-01
28 36 -2.364199e-01
37 83 -2.365144e-01
35 44 -2.366305e-01
13 59 -2.368428e-01
17 36 -2.368495e-01
8 38 -2.373654e-01
9 36 -2.381303e-01
41 87 -2.383194e-01
55 77 -2.389230e-01
35 77 -2.391111e-01
7 32 -2.404701e-01
24 35 -2.417099e-01
6 61 -2.423588e-01
7 35 -2.426103e-01
6 84 -2.436043e-01
37 91 -2.460785e-01
36 75 -2.476523e-01
36 87 -2.478520e-01
11 90 -2.482913e-01
5 39 -2.491097e-01
6 35 -2.500265e-01
21 75 -2.504389e-01
28 72 -2.504637e-01
41 80 -2.509798e-01
41 68 -2.519195e-01
39 48 -2.520128e-01
7 39 -2.529494e-01
17 32 -2.542796e-01
5 70 -2.545997e-01
28 57 -2.557966e-01
8 53 -2.565135e-01
7 58 -2.572559e-01
62 72 -2.575416e-01
9 37 -2.578913e-01
5 35 -2.584139e-01
11 36 -2.598552e-01
34 46 -2.598963e-01
27 37 -2.599609e-01
7 59 -2.600926e-01
8 17 -2.601520e-01
44 66 -2.602709e-01
43 68 -2.612122e-01
59 82 -2.612124e-01
72 75 -2.618763e-01
25 39 -2.621546e-01
37 87 -2.627299e-01
18 32 -2.629549e-01
37 71 -2.633734e-01
54 77 -2.650171e-01
6 38 -2.651627e-01
57 66 -2.661889e-01
10 19 -2.672065e-01
53 90 -2.673989e-01
59 92 -2.676786e-01
23 52 -2.683478e-01
10 58 -2.728983e-01
5 58 -2.733299e-01
21 48 -2.738104e-01
8 40 -2.746248e-01
8 42 -2.749924e-01
7 52 -2.770149e-01
59 71 -2.774303e-01
36 93 -2.786722e-01
6 32 -2.799890e-01
29 34 -2.810681e-01
9 43 -2.817576e-01
36 48 -2.834034e-01
6 64 -2.836559e-01
37 92 -2.862624e-01
36 82 -2.876733e-01
20 47 -2.882897e-01
12 69 -2.889770e-01
36 91 -2.906675e-01
6 87 -2.918917e-01
39 71 -2.922236e-01
36 71 -2.938305e-01
16 59 -2.963160e-01
6 57 -2.970550e-01
59 86 -2.972156e-01
37 89 -2.982919e-01
59 91 -2.985251e-01
6 66 -2.991433e-01
41 66 -2.993653e-01
32 46 -3.000636e-01
35 92 -3.007488e-01
22 78 -3.011219e-01
37 70 -3.032570e-01
43 55 -3.037021e-01
36 77 -3.081511e-01
6 20 -3.090575e-01
37 93 -3.099138e-01
37 77 -3.133305e-01
27 59 -3.134975e-01
39 91 -3.183240e-01
34 83 -3.223708e-01
27 36 -3.357841e-01
36 92 -3.537812e-01
6 36 -4.180363e-01
6 59 -4.445105e-01
6 37 -4.544338e-01
