36,59,1.006514
10,90,0.465991
4,6,0.438945
24,43,0.438761
32,39,0.434851
5,6,0.392427
41,55,0.376420
30,41,0.361479
33,35,0.361021
47,48,0.348362
34,64,0.340588
38,57,0.317736
13,14,0.306137
76,77,0.292184
27,29,0.278443
7,23,0.266985
57,58,0.263606
53,54,0.263478
30,52,0.262286
38,40,0.258128
75,76,0.251890
36,37,0.246133
79,81,0.243258
37,59,0.241778
37,57,0.240580
35,37,0.237360
57,59,0.235553
21,39,0.233447
28,43,0.231600
25,27,0.227949
27,28,0.226706
84,85,0.224783
32,35,0.222430
66,69,0.222393
35,59,0.222282
6,92,0.218984
22,24,0.213975
24,30,0.211227
30,39,0.206781
30,55,0.202677
34,56,0.193534
46,47,0.192777
82,87,0.182720
19,20,0.178797
50,52,0.177005
35,36,0.176981
37,58,0.171700
46,48,0.170468
89,90,0.169962
69,71,0.168422
77,78,0.167107
66,67,0.161425
21,22,0.160630
20,35,0.158229
32,37,0.155288
10,88,0.153612
31,40,0.152919
79,80,0.152311
53,55,0.151993
36,57,0.151735
4,5,0.145985
73,74,0.145205
60,61,0.143747
13,15,0.143194
34,39,0.140140
38,58,0.139545
32,34,0.138750
14,16,0.138579
23,31,0.138167
33,57,0.137827
32,36,0.137802
90,92,0.136723
33,38,0.134587
33,34,0.134314
2,3,0.132711
7,21,0.132198
72,73,0.131748
36,39,0.131545
8,79,0.129248
42,53,0.129001
44,46,0.128587
9,19,0.128510
37,65,0.126995
17,19,0.125509
7,9,0.124767
75,78,0.124058
14,15,0.123033
31,38,0.122963
23,25,0.122937
21,24,0.120928
15,16,0.120875
71,72,0.120435
83,86,0.119763
37,64,0.119300
47,51,0.118991
79,90,0.118899
85,86,0.118748
68,69,0.118730
26,27,0.118551
42,43,0.117369
87,89,0.115943
40,56,0.115530
44,45,0.114011
11,12,0.113894
32,59,0.113261
80,82,0.112799
12,14,0.112615
58,61,0.112533
61,62,0.112417
68,71,0.112201
62,63,0.111866
25,31,0.111414
78,80,0.111313
24,52,0.111000
67,85,0.110701
6,7,0.110482
70,82,0.110047
34,35,0.109663
48,49,0.109469
3,4,0.109061
75,77,0.108835
51,86,0.108338
20,21,0.107467
12,89,0.106531
83,84,0.106116
78,89,0.105727
40,57,0.104650
29,42,0.104475
9,91,0.104360
25,29,0.103543
19,62,0.103368
35,90,0.102988
6,8,0.102707
91,92,0.100638
85,87,0.100522
11,78,0.098882
83,85,0.098231
69,70,0.098103
29,40,0.097920
43,85,0.097403
6,10,0.097132
76,92,0.096237
77,79,0.094685
58,59,0.094534
81,90,0.094104
8,71,0.094072
54,55,0.093727
66,68,0.093492
10,12,0.092922
39,40,0.092669
66,81,0.092346
22,66,0.092267
83,87,0.092051
27,43,0.092002
69,81,0.091587
49,56,0.091561
17,18,0.091530
32,33,0.090665
68,70,0.089673
30,32,0.089394
52,55,0.088913
66,71,0.088448
3,5,0.087413
41,52,0.087041
48,70,0.086880
11,15,0.086800
20,43,0.086556
84,86,0.085915
21,38,0.085406
22,39,0.084962
17,28,0.084737
75,80,0.084649
57,60,0.084065
89,92,0.084026
25,92,0.083746
61,63,0.083663
38,60,0.083546
20,32,0.083429
28,83,0.083341
40,60,0.082942
18,19,0.082145
65,66,0.081117
3,6,0.080837
69,72,0.080625
4,10,0.080164
63,68,0.080069
73,75,0.079643
45,47,0.078763
12,16,0.078458
72,74,0.078214
92,93,0.077822
39,41,0.077757
26,55,0.077433
39,90,0.076824
53,81,0.076676
49,68,0.076449
70,80,0.076401
8,52,0.076336
8,28,0.076294
8,20,0.076179
45,69,0.076017
11,16,0.075890
29,58,0.075849
66,73,0.075749
22,25,0.074491
70,91,0.074331
93,94,0.074133
18,61,0.074117
8,50,0.073879
70,75,0.073862
39,64,0.073400
52,69,0.073317
29,41,0.073288
48,76,0.073167
28,58,0.073113
12,13,0.072965
20,39,0.072878
39,59,0.072708
49,51,0.072696
49,70,0.072696
90,91,0.071820
61,71,0.071793
8,69,0.071177
91,93,0.070277
5,17,0.070130
47,83,0.070126
2,26,0.070089
60,62,0.069993
24,41,0.069959
13,66,0.069914
59,61,0.069849
50,81,0.069685
4,43,0.069663
11,91,0.069648
10,64,0.069537
9,11,0.069516
48,78,0.069395
50,66,0.069300
6,88,0.069248
77,84,0.068940
37,41,0.068929
19,22,0.068926
88,90,0.068786
31,33,0.068406
58,62,0.068164
52,67,0.068143
7,11,0.067996
30,43,0.067960
37,56,0.067805
32,41,0.067798
40,58,0.067565
35,39,0.067437
35,57,0.067276
7,16,0.067183
75,84,0.067048
86,89,0.066492
11,13,0.066417
13,17,0.066414
26,44,0.066154
20,88,0.066099
65,88,0.065954
7,31,0.065938
47,50,0.065492
18,46,0.065376
5,11,0.065356
72,76,0.065354
24,92,0.065301
34,37,0.065169
69,74,0.064690
46,49,0.064663
9,53,0.064542
43,50,0.064273
34,58,0.064252
7,12,0.064161
38,56,0.064028
80,87,0.063842
13,47,0.063755
38,46,0.063596
20,34,0.062895
64,74,0.062745
42,65,0.062689
37,55,0.062568
82,86,0.062437
9,63,0.062207
45,70,0.062101
49,84,0.062089
23,51,0.062062
67,86,0.061980
77,92,0.061611
78,91,0.061545
51,78,0.061487
46,84,0.061379
36,52,0.061091
16,21,0.061033
49,50,0.060932
6,77,0.060894
63,64,0.060867
40,54,0.060834
68,82,0.060767
23,78,0.060747
34,36,0.060734
22,23,0.060681
14,69,0.060527
21,32,0.060431
21,67,0.060037
58,60,0.059830
26,75,0.059735
46,77,0.059689
82,88,0.059679
9,21,0.059451
8,10,0.059422
40,42,0.059406
5,42,0.059273
84,87,0.059250
28,29,0.059002
43,72,0.058883
59,60,0.058879
19,53,0.058834
10,32,0.058769
36,58,0.058762
33,50,0.058720
31,42,0.058689
6,24,0.058580
15,84,0.058507
37,38,0.058360
28,42,0.058276
86,87,0.058190
11,34,0.058175
22,79,0.058066
19,61,0.058002
20,59,0.057896
53,72,0.057698
11,14,0.057511
10,20,0.057415
28,62,0.057359
3,14,0.057262
53,70,0.056868
16,45,0.056806
22,77,0.056720
81,89,0.056552
6,27,0.056540
77,86,0.056517
50,67,0.056346
80,89,0.056237
62,86,0.056203
50,79,0.056168
89,91,0.056153
9,17,0.056047
72,77,0.055787
20,36,0.055721
6,93,0.055711
25,74,0.055491
8,12,0.055440
71,73,0.055409
18,26,0.055341
25,48,0.055106
25,43,0.055076
27,84,0.054933
83,88,0.054818
81,87,0.054770
31,80,0.054529
46,51,0.054502
29,57,0.054476
45,87,0.054414
30,37,0.054144
74,80,0.054012
7,20,0.053963
32,85,0.053961
10,14,0.053910
31,93,0.053902
66,72,0.053835
42,68,0.053824
24,25,0.053759
30,69,0.053740
9,14,0.053624
49,66,0.053552
11,44,0.053529
86,88,0.053529
48,87,0.053439
79,89,0.053359
28,47,0.053113
1,8,0.052968
27,47,0.052949
63,86,0.052811
24,28,0.052692
42,44,0.052668
53,56,0.052611
8,47,0.052607
13,16,0.052400
44,51,0.052187
21,52,0.052156
33,88,0.051941
44,49,0.051937
45,83,0.051735
8,14,0.051644
25,77,0.051547
8,11,0.051372
61,89,0.051205
27,31,0.051127
54,83,0.051086
17,62,0.051064
70,71,0.051061
33,90,0.051028
48,73,0.050955
67,68,0.050930
44,67,0.050775
21,54,0.050695
16,17,0.050643
38,47,0.050583
63,71,0.050415
26,28,0.050338
64,72,0.050135
75,93,0.050095
38,54,0.050078
32,48,0.050061
7,92,0.049983
2,4,0.049942
32,65,0.049891
12,81,0.049889
75,88,0.049841
74,75,0.049769
20,78,0.049747
54,65,0.049700
19,80,0.049684
25,28,0.049476
9,13,0.049451
46,55,0.049441
77,91,0.049409
45,50,0.049392
50,51,0.049369
11,17,0.049233
49,93,0.049185
41,72,0.049151
5,26,0.049005
80,91,0.048974
20,71,0.048846
33,37,0.048601
68,92,0.048545
29,44,0.048516
55,64,0.048495
23,50,0.048466
5,7,0.048361
90,93,0.048327
47,92,0.048273
34,59,0.048168
61,78,0.048088
85,88,0.048021
12,42,0.047981
67,75,0.047970
21,44,0.047943
31,83,0.047926
18,57,0.047712
56,79,0.047607
55,57,0.047553
7,86,0.047521
10,13,0.047330
29,78,0.047305
45,65,0.047253
9,93,0.047251
8,58,0.047063
35,64,0.047057
2,5,0.047018
67,90,0.046978
32,88,0.046945
6,42,0.046833
62,83,0.046821
24,42,0.046811
74,86,0.046622
82,89,0.046599
8,27,0.046439
34,85,0.046404
15,80,0.046400
56,84,0.046335
26,93,0.046333
11,46,0.046257
9,18,0.046238
29,51,0.046231
7,10,0.046045
37,40,0.045908
13,86,0.045896
7,62,0.045884
17,70,0.045816
82,84,0.045537
50,73,0.045448
39,56,0.045441
4,12,0.045323
14,75,0.045242
70,83,0.045226
67,69,0.045157
65,78,0.044977
22,70,0.044959
15,28,0.044945
27,75,0.044871
68,85,0.044839
27,69,0.044769
16,84,0.044629
50,80,0.044598
8,41,0.044581
53,85,0.044576
23,68,0.044526
46,76,0.044196
18,53,0.044125
29,31,0.044105
40,53,0.044065
88,89,0.044032
63,83,0.043967
44,56,0.043742
47,93,0.043684
6,43,0.043609
51,67,0.043592
12,76,0.043547
36,61,0.043514
9,16,0.043453
54,82,0.043392
19,82,0.043370
2,6,0.043345
65,86,0.043300
47,63,0.043291
66,87,0.043220
6,23,0.043218
25,26,0.043138
8,64,0.043057
5,23,0.043009
85,92,0.042982
13,82,0.042949
17,22,0.042884
62,78,0.042790
23,42,0.042672
29,43,0.042497
36,55,0.042489
4,74,0.042415
3,65,0.042381
64,90,0.042299
26,29,0.042067
4,28,0.042065
70,76,0.041989
18,76,0.041958
26,61,0.041878
21,33,0.041777
34,57,0.041738
44,54,0.041704
6,12,0.041649
3,13,0.041606
20,33,0.041602
43,44,0.041596
10,79,0.041584
60,80,0.041444
78,79,0.041389
25,47,0.041362
9,71,0.041298
13,52,0.041250
45,76,0.041202
26,60,0.041109
20,90,0.041102
13,26,0.041090
28,92,0.040942
16,62,0.040942
76,80,0.040940
14,55,0.040897
3,69,0.040648
49,82,0.040592
17,20,0.040546
7,18,0.040515
38,92,0.040471
87,92,0.040443
52,59,0.040429
5,71,0.040344
27,52,0.040167
22,73,0.040131
10,15,0.040110
74,88,0.039953
70,77,0.039942
46,75,0.039905
52,54,0.039892
63,65,0.039859
39,52,0.039856
63,80,0.039845
69,92,0.039741
66,79,0.039538
37,39,0.039488
24,73,0.039447
12,28,0.039402
67,82,0.039388
22,81,0.039074
49,86,0.038957
11,86,0.038873
7,56,0.038843
43,51,0.038794
41,81,0.038725
39,55,0.038713
17,81,0.038709
12,83,0.038704
48,68,0.038698
2,55,0.038669
44,82,0.038665
82,91,0.038622
6,89,0.038336
33,75,0.038324
48,51,0.038246
17,66,0.038229
7,80,0.038184
18,33,0.038160
4,93,0.038124
6,28,0.038115
51,83,0.038085
31,63,0.038062
26,34,0.038048
51,52,0.038013
4,11,0.037977
23,57,0.037969
7,46,0.037963
6,90,0.037947
7,26,0.037930
51,89,0.037927
30,56,0.037887
69,90,0.037578
8,73,0.037482
18,22,0.037475
76,87,0.037457
53,84,0.037416
21,74,0.037397
80,81,0.037364
1,24,0.037349
7,19,0.037328
46,83,0.037192
44,73,0.037115
28,91,0.037096
18,56,0.037016
29,79,0.037012
15,18,0.036915
23,89,0.036893
47,84,0.036844
17,63,0.036793
88,94,0.036782
86,91,0.036739
8,35,0.036505
10,11,0.036370
82,85,0.036354
4,24,0.036341
35,48,0.036335
9,23,0.036251
12,15,0.036201
38,42,0.036134
52,81,0.036022
21,25,0.035993
3,79,0.035954
69,83,0.035822
47,74,0.035813
23,24,0.035809
2,14,0.035771
20,49,0.035762
2,30,0.035760
8,43,0.035623
80,83,0.035612
49,73,0.035476
6,9,0.035321
61,77,0.035319
20,25,0.035317
66,74,0.035294
53,66,0.035248
28,61,0.035186
74,77,0.035137
46,61,0.035005
17,78,0.034952
66,86,0.034836
1,6,0.034788
25,44,0.034602
5,24,0.034595
1,36,0.034555
75,82,0.034467
6,47,0.034381
21,92,0.034372
22,30,0.034359
50,82,0.034266
4,50,0.034136
41,88,0.034098
21,61,0.034053
40,41,0.033956
33,64,0.033876
18,78,0.033790
4,8,0.033759
7,82,0.033673
63,91,0.033551
29,83,0.033455
23,71,0.033393
40,44,0.033233
54,69,0.033217
87,91,0.033197
55,59,0.033194
41,54,0.033152
17,85,0.033119
71,74,0.033095
45,82,0.033079
83,91,0.033050
17,42,0.032991
42,80,0.032989
36,41,0.032959
58,87,0.032918
2,10,0.032831
31,67,0.032805
5,8,0.032796
60,90,0.032794
6,30,0.032788
20,92,0.032668
5,9,0.032549
35,72,0.032507
45,49,0.032356
43,64,0.032336
41,64,0.032329
13,40,0.032267
2,16,0.032220
39,57,0.032206
74,90,0.032158
88,91,0.032037
62,67,0.031989
58,77,0.031944
35,73,0.031933
38,48,0.031919
62,77,0.031897
55,58,0.031826
22,82,0.031781
45,51,0.031776
74,79,0.031771
17,82,0.031763
16,52,0.031744
32,40,0.031662
26,31,0.031659
41,59,0.031593
19,47,0.031512
22,52,0.031405
13,83,0.031375
47,85,0.031373
43,45,0.031348
11,18,0.031338
37,52,0.031313
15,67,0.031201
50,84,0.031194
56,70,0.031155
61,91,0.031065
31,32,0.031023
15,77,0.031011
50,85,0.030995
24,75,0.030930
49,58,0.030916
11,64,0.030904
8,9,0.030845
13,93,0.030815
62,73,0.030767
32,50,0.030693
15,30,0.030689
29,52,0.030681
9,44,0.030622
15,44,0.030580
23,40,0.030523
19,90,0.030520
1,28,0.030490
49,72,0.030442
47,61,0.030424
27,71,0.030387
78,84,0.030364
27,67,0.030342
49,62,0.030264
42,45,0.030260
6,62,0.030189
25,87,0.030116
49,77,0.030101
15,63,0.030068
8,24,0.030036
33,41,0.029943
26,83,0.029815
11,66,0.029767
77,85,0.029729
2,78,0.029691
34,66,0.029681
15,22,0.029656
60,89,0.029652
41,42,0.029615
25,62,0.029560
10,43,0.029446
31,75,0.029431
36,53,0.029422
54,56,0.029344
23,27,0.029317
40,91,0.029275
51,70,0.029206
48,50,0.029169
52,72,0.029147
44,52,0.029141
16,23,0.029071
54,87,0.029042
60,87,0.028989
16,63,0.028895
23,73,0.028895
87,88,0.028888
21,63,0.028869
2,32,0.028842
31,58,0.028831
32,38,0.028807
13,55,0.028798
43,61,0.028729
19,68,0.028632
60,85,0.028560
38,59,0.028559
26,30,0.028517
68,83,0.028504
9,84,0.028422
45,81,0.028363
19,58,0.028346
5,28,0.028326
7,93,0.028321
31,91,0.028311
38,61,0.028306
23,93,0.028286
11,62,0.028281
1,79,0.028227
31,88,0.028123
17,24,0.028100
15,42,0.028054
14,56,0.028050
4,27,0.028042
51,54,0.028023
36,64,0.028022
12,61,0.027979
11,19,0.027977
74,92,0.027896
29,30,0.027844
10,37,0.027805
66,83,0.027795
21,82,0.027788
20,61,0.027725
67,70,0.027722
29,47,0.027702
56,57,0.027610
42,63,0.027577
71,88,0.027485
20,24,0.027382
40,45,0.027347
12,77,0.027337
36,60,0.027262
3,9,0.027249
5,40,0.027211
5,16,0.027167
9,15,0.027164
27,72,0.027066
15,52,0.026976
7,44,0.026963
28,93,0.026897
11,53,0.026866
27,41,0.026861
23,72,0.026802
3,44,0.026711
40,64,0.026639
1,59,0.026503
70,72,0.026465
6,58,0.026450
17,60,0.026427
63,93,0.026405
34,90,0.026394
62,85,0.026387
22,84,0.026374
20,67,0.026366
24,91,0.026318
61,68,0.026261
71,78,0.026246
21,37,0.026106
56,58,0.026074
2,81,0.026068
60,63,0.026029
42,87,0.026009
5,43,0.025989
48,71,0.025943
32,69,0.025936
31,34,0.025926
2,36,0.025867
13,65,0.025817
37,60,0.025788
49,91,0.025780
44,91,0.025762
4,7,0.025717
11,61,0.025710
49,67,0.025700
42,91,0.025682
67,73,0.025680
33,40,0.025654
7,77,0.025589
53,57,0.025530
17,68,0.025527
23,91,0.025525
30,34,0.025487
28,30,0.025484
34,38,0.025473
15,82,0.025461
13,54,0.025438
43,47,0.025294
54,68,0.025270
3,45,0.025230
20,72,0.025076
73,77,0.025074
42,92,0.025051
3,41,0.025049
18,71,0.025037
84,89,0.025004
36,72,0.024994
74,81,0.024884
19,70,0.024782
44,53,0.024778
29,74,0.024754
76,81,0.024716
58,76,0.024699
10,36,0.024691
22,36,0.024670
15,26,0.024649
10,31,0.024629
56,65,0.024621
50,93,0.024604
9,25,0.024601
56,72,0.024560
84,90,0.024532
37,54,0.024525
42,66,0.024510
3,72,0.024508
1,3,0.024490
48,54,0.024398
72,92,0.024361
20,89,0.024316
18,54,0.024249
62,69,0.024232
19,26,0.024122
71,77,0.024116
18,82,0.024112
63,78,0.024059
68,76,0.024043
49,69,0.024032
2,24,0.024006
83,90,0.023914
46,80,0.023889
78,92,0.023885
35,43,0.023880
3,50,0.023853
48,94,0.023816
9,12,0.023803
52,66,0.023760
10,34,0.023744
26,52,0.023711
23,83,0.023688
21,88,0.023658
61,93,0.023583
55,82,0.023485
66,84,0.023388
31,87,0.023354
3,12,0.023336
88,93,0.023240
53,63,0.023181
76,86,0.023123
56,68,0.023112
48,91,0.023073
70,89,0.023047
24,58,0.023036
51,75,0.023027
69,88,0.022998
21,68,0.022993
20,44,0.022987
50,70,0.022896
3,31,0.022890
53,86,0.022876
44,71,0.022840
81,91,0.022815
5,13,0.022782
54,60,0.022766
51,71,0.022763
18,60,0.022756
17,49,0.022686
14,91,0.022655
8,68,0.022632
38,39,0.022630
22,34,0.022528
40,68,0.022515
10,40,0.022508
29,85,0.022501
24,79,0.022498
24,26,0.022497
1,26,0.022489
30,35,0.022428
58,82,0.022420
12,60,0.022415
27,62,0.022372
4,70,0.022294
42,89,0.022292
56,75,0.022231
31,37,0.022218
71,87,0.022116
12,23,0.022082
42,73,0.022051
54,59,0.022034
3,82,0.022029
44,78,0.022021
81,82,0.021950
2,54,0.021874
75,87,0.021865
47,75,0.021854
87,93,0.021837
52,73,0.021806
39,65,0.021759
67,77,0.021719
8,60,0.021710
51,91,0.021651
11,88,0.021645
13,88,0.021613
61,85,0.021564
75,92,0.021468
16,49,0.021465
15,51,0.021320
36,74,0.021301
35,88,0.021299
11,45,0.021291
34,76,0.021268
73,81,0.021187
19,86,0.021126
71,89,0.021098
32,79,0.021083
21,93,0.021076
72,87,0.021059
1,2,0.020976
45,62,0.020962
9,22,0.020897
64,71,0.020850
65,84,0.020847
29,55,0.020840
86,90,0.020835
71,83,0.020734
49,88,0.020725
18,30,0.020704
71,91,0.020682
9,92,0.020669
78,82,0.020636
34,41,0.020585
18,29,0.020576
27,93,0.020555
30,54,0.020547
41,46,0.020535
5,14,0.020466
70,84,0.020423
69,84,0.020411
62,68,0.020366
45,91,0.020356
25,59,0.020317
37,79,0.020199
37,53,0.020097
53,67,0.020032
9,10,0.020027
26,77,0.020001
7,68,0.019978
3,70,0.019955
58,91,0.019936
2,11,0.019863
51,93,0.019818
28,44,0.019815
42,61,0.019755
58,63,0.019726
7,61,0.019716
36,54,0.019706
14,65,0.019681
41,94,0.019655
29,46,0.019568
52,76,0.019487
63,79,0.019440
12,18,0.019337
45,46,0.019332
70,87,0.019268
12,56,0.019244
20,45,0.019225
13,27,0.019217
15,57,0.019161
3,87,0.019152
26,78,0.019134
29,38,0.019132
22,94,0.019116
26,58,0.019104
78,81,0.019097
49,63,0.019023
25,71,0.018994
61,65,0.018951
32,43,0.018936
15,27,0.018930
53,59,0.018906
74,76,0.018903
6,85,0.018896
17,83,0.018852
24,65,0.018846
9,20,0.018812
1,50,0.018807
3,54,0.018721
24,72,0.018710
11,30,0.018696
19,50,0.018684
51,76,0.018681
68,80,0.018669
23,70,0.018650
22,62,0.018647
80,86,0.018644
22,43,0.018631
63,89,0.018605
22,59,0.018597
8,13,0.018528
36,38,0.018512
12,50,0.018508
16,24,0.018452
43,81,0.018450
29,53,0.018392
63,92,0.018385
26,82,0.018376
73,82,0.018369
15,93,0.018338
30,66,0.018327
24,56,0.018324
14,88,0.018298
25,80,0.018284
15,21,0.018258
30,64,0.018232
36,56,0.018186
67,94,0.018169
2,94,0.018144
18,47,0.018137
2,65,0.018121
69,73,0.018111
60,77,0.018088
13,50,0.018065
71,80,0.018064
7,45,0.018011
2,50,0.017982
16,33,0.017955
22,26,0.017952
60,68,0.017949
3,10,0.017941
34,65,0.017932
17,67,0.017927
41,57,0.017901
8,67,0.017872
23,46,0.017845
42,52,0.017744
21,84,0.017720
10,44,0.017692
18,75,0.017648
19,69,0.017625
4,71,0.017608
34,43,0.017601
18,67,0.017590
7,33,0.017583
22,37,0.017547
19,78,0.017545
64,86,0.017544
48,67,0.017483
9,88,0.017444
27,42,0.017435
84,92,0.017397
10,59,0.017394
10,39,0.017340
9,89,0.017314
46,70,0.017309
48,93,0.017297
19,63,0.017291
32,84,0.017260
50,77,0.017260
26,54,0.017195
54,67,0.017194
65,94,0.017181
26,84,0.017168
1,64,0.017111
15,60,0.017090
24,64,0.017060
55,86,0.017057
58,74,0.017047
29,84,0.016982
2,17,0.016977
62,82,0.016976
32,54,0.016959
12,93,0.016924
52,90,0.016910
4,29,0.016885
51,81,0.016868
48,61,0.016857
7,51,0.016841
16,18,0.016838
53,58,0.016831
17,52,0.016814
48,66,0.016813
74,87,0.016774
90,94,0.016764
11,56,0.016759
3,57,0.016722
16,94,0.016716
17,27,0.016709
60,65,0.016708
91,94,0.016622
64,65,0.016581
39,60,0.016520
50,63,0.016517
33,94,0.016501
12,17,0.016483
5,82,0.016463
64,69,0.016456
51,72,0.016452
57,94,0.016398
52,58,0.016387
27,81,0.016361
15,91,0.016359
62,89,0.016343
52,53,0.016337
76,78,0.016296
20,38,0.016289
85,91,0.016286
1,27,0.016251
44,69,0.016194
67,83,0.016182
6,68,0.016169
57,64,0.016165
2,12,0.016134
18,50,0.016112
68,88,0.016062
5,68,0.016044
38,73,0.015999
11,77,0.015977
14,89,0.015927
49,60,0.015861
10,65,0.015835
53,73,0.015823
46,72,0.015818
8,22,0.015729
46,67,0.015716
16,85,0.015692
79,83,0.015688
1,73,0.015644
7,54,0.015508
48,83,0.015508
8,94,0.015432
19,21,0.015405
1,47,0.015387
36,94,0.015298
17,55,0.015293
9,72,0.015267
63,76,0.015259
62,91,0.015233
7,78,0.015231
16,26,0.015230
21,23,0.015167
83,93,0.015162
51,79,0.015141
16,75,0.015096
16,66,0.015062
48,72,0.015057
38,49,0.015054
41,93,0.015028
74,85,0.015007
17,25,0.014940
39,53,0.014897
2,85,0.014884
23,86,0.014836
40,59,0.014809
21,65,0.014778
42,77,0.014776
2,51,0.014770
28,80,0.014748
80,88,0.014721
52,68,0.014704
4,49,0.014698
31,54,0.014686
64,66,0.014674
3,64,0.014663
75,91,0.014634
55,81,0.014620
1,21,0.014581
14,43,0.014574
25,78,0.014549
27,82,0.014438
42,85,0.014418
51,87,0.014368
47,49,0.014364
1,51,0.014355
14,87,0.014281
18,89,0.014230
27,46,0.014222
84,94,0.014188
42,84,0.014157
49,89,0.014093
42,70,0.014085
34,61,0.014080
46,94,0.014074
63,66,0.014049
28,65,0.014047
66,89,0.014028
26,66,0.014026
16,90,0.014020
79,94,0.014010
10,87,0.014005
10,52,0.013985
15,29,0.013974
33,72,0.013951
45,93,0.013941
40,66,0.013932
40,73,0.013919
12,70,0.013918
48,80,0.013907
49,75,0.013894
10,80,0.013864
14,60,0.013858
1,4,0.013857
63,67,0.013853
26,86,0.013831
73,87,0.013817
5,12,0.013795
5,27,0.013772
89,94,0.013738
18,84,0.013725
5,65,0.013700
23,49,0.013647
46,56,0.013645
35,46,0.013645
26,71,0.013637
45,53,0.013605
71,76,0.013596
69,80,0.013587
29,32,0.013571
23,76,0.013539
67,87,0.013443
61,67,0.013442
76,89,0.013373
2,37,0.013343
16,54,0.013326
59,94,0.013283
4,45,0.013273
23,92,0.013247
62,66,0.013213
10,70,0.013210
1,37,0.013210
20,37,0.013177
33,44,0.013164
75,85,0.013162
43,58,0.013150
18,20,0.013133
18,62,0.013112
5,66,0.013020
13,85,0.013014
56,71,0.012987
11,85,0.012980
1,82,0.012899
49,54,0.012898
54,80,0.012884
22,63,0.012851
12,41,0.012844
45,55,0.012824
43,90,0.012738
10,92,0.012734
35,68,0.012716
9,45,0.012712
22,64,0.012683
3,76,0.012581
31,45,0.012543
11,71,0.012538
5,47,0.012487
3,39,0.012457
51,62,0.012435
16,22,0.012422
72,78,0.012393
9,64,0.012384
13,45,0.012367
67,74,0.012312
33,69,0.012295
4,78,0.012293
60,79,0.012256
19,88,0.012245
27,60,0.012240
7,17,0.012217
45,85,0.012178
24,37,0.012167
16,40,0.012166
16,56,0.012127
5,15,0.012115
11,28,0.012051
12,82,0.012036
5,51,0.012031
72,90,0.011994
1,41,0.011988
6,34,0.011972
66,85,0.011958
44,92,0.011944
33,73,0.011896
3,37,0.011881
54,74,0.011878
43,69,0.011877
32,82,0.011814
28,40,0.011801
71,84,0.011798
14,94,0.011772
11,60,0.011746
3,53,0.011679
40,61,0.011631
23,61,0.011613
19,48,0.011576
8,32,0.011576
23,60,0.011546
45,80,0.011542
12,54,0.011520
19,76,0.011510
22,54,0.011485
58,68,0.011405
27,63,0.011402
8,90,0.011372
37,81,0.011367
12,65,0.011363
56,88,0.011356
29,75,0.011311
63,87,0.011306
14,25,0.011243
30,87,0.011226
4,79,0.011162
14,52,0.011096
16,91,0.011086
92,94,0.011015
16,74,0.010982
64,76,0.010929
9,55,0.010859
81,88,0.010786
56,64,0.010781
23,29,0.010754
30,72,0.010732
77,87,0.010723
15,76,0.010720
2,7,0.010716
7,91,0.010699
1,81,0.010653
18,93,0.010623
64,81,0.010620
7,14,0.010532
15,45,0.010488
18,63,0.010480
52,56,0.010456
42,67,0.010422
2,53,0.010348
22,40,0.010337
23,58,0.010307
12,25,0.010269
11,33,0.010203
38,93,0.010193
9,48,0.010183
46,93,0.010156
55,63,0.010142
59,72,0.010130
47,91,0.010054
61,80,0.010054
33,61,0.010042
61,64,0.010031
35,52,0.010026
18,49,0.010008
17,91,0.009998
3,23,0.009967
22,55,0.009958
23,62,0.009902
19,57,0.009849
28,77,0.009844
17,61,0.009820
19,46,0.009813
29,70,0.009803
68,79,0.009798
39,67,0.009776
1,12,0.009764
39,50,0.009712
42,75,0.009699
45,48,0.009696
29,72,0.009689
52,71,0.009629
1,32,0.009618
51,53,0.009615
41,65,0.009588
4,20,0.009585
15,38,0.009537
67,93,0.009522
4,46,0.009512
41,58,0.009482
45,71,0.009456
68,75,0.009409
56,86,0.009397
8,37,0.009375
21,35,0.009363
13,67,0.009330
1,38,0.009322
2,45,0.009289
3,22,0.009287
25,76,0.009273
46,91,0.009218
14,20,0.009188
60,93,0.009164
13,18,0.009126
22,50,0.009111
64,78,0.009100
41,91,0.009073
32,62,0.009059
24,90,0.009046
4,81,0.009001
43,92,0.008939
12,40,0.008939
3,16,0.008926
35,41,0.008901
41,56,0.008870
25,83,0.008864
77,89,0.008860
20,57,0.008790
73,91,0.008779
78,90,0.008715
61,94,0.008703
51,94,0.008693
40,78,0.008680
41,75,0.008670
17,26,0.008665
6,65,0.008654
4,48,0.008647
6,75,0.008620
4,39,0.008484
70,74,0.008448
50,86,0.008409
40,90,0.008403
23,69,0.008376
41,43,0.008355
22,68,0.008328
25,45,0.008267
2,8,0.008252
42,57,0.008252
1,49,0.008219
1,77,0.008206
16,47,0.008201
17,34,0.008194
1,5,0.008156
8,81,0.008095
80,94,0.008061
35,51,0.008045
51,66,0.008042
54,93,0.008040
3,78,0.008038
25,42,0.007934
38,45,0.007909
33,78,0.007853
12,91,0.007850
19,44,0.007850
27,49,0.007804
62,84,0.007788
7,57,0.007783
6,48,0.007782
37,72,0.007774
11,63,0.007734
2,46,0.007703
76,94,0.007702
13,80,0.007697
70,94,0.007641
60,83,0.007556
18,23,0.007541
37,88,0.007530
61,84,0.007527
73,83,0.007522
2,77,0.007434
63,82,0.007423
32,52,0.007414
42,86,0.007364
1,10,0.007359
45,56,0.007347
1,23,0.007307
27,77,0.007282
20,55,0.007243
81,94,0.007223
7,38,0.007204
5,76,0.007200
22,74,0.007197
72,88,0.007164
31,51,0.007147
37,50,0.007144
4,9,0.007129
72,85,0.007119
49,80,0.007096
53,74,0.007086
19,71,0.007085
16,87,0.007062
15,86,0.006994
44,79,0.006993
51,69,0.006974
5,10,0.006948
14,71,0.006942
23,75,0.006922
69,79,0.006893
4,40,0.006846
29,50,0.006836
14,61,0.006818
44,55,0.006773
20,30,0.006773
12,31,0.006772
43,59,0.006743
45,79,0.006690
23,80,0.006620
1,9,0.006602
2,41,0.006569
2,47,0.006554
16,30,0.006539
23,63,0.006531
76,93,0.006506
11,23,0.006501
31,64,0.006497
32,74,0.006494
7,25,0.006485
43,53,0.006482
43,62,0.006478
21,30,0.006444
25,82,0.006388
16,50,0.006365
61,70,0.006361
54,57,0.006311
50,62,0.006302
27,51,0.006281
68,87,0.006262
10,77,0.006258
60,75,0.006257
5,91,0.006240
17,21,0.006214
3,94,0.006193
57,74,0.006065
36,88,0.006060
28,76,0.006047
50,55,0.006040
22,33,0.006035
5,19,0.005967
19,92,0.005954
11,51,0.005953
19,34,0.005948
27,87,0.005946
2,92,0.005906
79,87,0.005898
19,89,0.005896
82,83,0.005890
3,28,0.005785
29,65,0.005783
40,43,0.005769
53,92,0.005734
25,86,0.005722
19,45,0.005676
29,39,0.005649
10,18,0.005637
17,86,0.005636
10,22,0.005580
5,94,0.005563
11,93,0.005524
11,80,0.005515
26,94,0.005497
42,60,0.005477
16,65,0.005462
74,78,0.005412
44,87,0.005373
42,83,0.005365
20,52,0.005365
42,54,0.005335
15,17,0.005333
13,29,0.005329
66,76,0.005281
50,57,0.005256
26,73,0.005245
13,38,0.005219
33,63,0.005203
31,76,0.005194
33,59,0.005169
17,84,0.005112
54,58,0.005094
8,92,0.004968
2,73,0.004963
67,84,0.004961
6,13,0.004949
43,74,0.004940
4,42,0.004889
33,70,0.004871
9,80,0.004797
7,27,0.004768
86,93,0.004755
14,53,0.004730
59,64,0.004725
18,80,0.004723
9,62,0.004676
47,71,0.004676
38,66,0.004628
68,94,0.004600
47,82,0.004572
72,81,0.004569
13,25,0.004557
2,29,0.004499
1,17,0.004486
5,90,0.004455
4,17,0.004453
23,56,0.004453
12,35,0.004444
35,63,0.004408
13,60,0.004377
1,22,0.004375
5,75,0.004355
31,53,0.004316
28,51,0.004307
18,39,0.004285
50,71,0.004278
74,83,0.004262
43,88,0.004230
20,93,0.004227
5,44,0.004192
32,81,0.004177
15,53,0.004102
68,91,0.004090
73,78,0.004051
46,63,0.004041
67,89,0.004029
34,45,0.003979
49,78,0.003972
32,57,0.003957
46,90,0.003955
18,90,0.003954
56,62,0.003912
1,45,0.003906
10,41,0.003891
3,89,0.003890
12,90,0.003841
24,76,0.003767
44,75,0.003747
44,60,0.003714
11,52,0.003658
38,55,0.003634
35,61,0.003615
30,59,0.003611
27,92,0.003604
17,93,0.003589
12,57,0.003548
1,72,0.003525
54,71,0.003521
52,60,0.003493
37,90,0.003492
22,76,0.003467
41,79,0.003442
45,88,0.003424
2,80,0.003399
12,67,0.003396
14,67,0.003357
18,70,0.003339
14,66,0.003227
11,75,0.003186
60,84,0.003175
18,77,0.003142
47,79,0.003079
47,78,0.003052
47,55,0.003046
10,72,0.003042
6,26,0.003008
27,80,0.002961
24,50,0.002952
14,27,0.002930
5,31,0.002916
26,76,0.002863
58,94,0.002854
51,82,0.002843
81,83,0.002773
24,49,0.002745
41,90,0.002724
5,53,0.002678
8,48,0.002670
25,67,0.002589
62,65,0.002560
55,88,0.002502
21,34,0.002490
56,60,0.002485
31,68,0.002470
67,71,0.002434
47,62,0.002430
85,89,0.002407
15,88,0.002407
29,63,0.002386
44,64,0.002363
20,23,0.002351
10,49,0.002334
39,69,0.002318
12,62,0.002289
65,70,0.002282
65,76,0.002251
53,68,0.002244
39,82,0.002233
2,49,0.002195
23,65,0.002179
24,47,0.002164
50,59,0.002139
15,68,0.002132
22,35,0.002097
44,65,0.002057
44,63,0.002053
67,80,0.002052
76,82,0.002049
15,89,0.002036
5,34,0.001989
11,35,0.001987
14,28,0.001918
78,83,0.001917
15,79,0.001911
56,59,0.001905
45,78,0.001896
1,35,0.001888
13,69,0.001874
9,60,0.001858
1,68,0.001837
86,94,0.001774
60,72,0.001722
78,93,0.001702
47,69,0.001695
7,71,0.001676
25,46,0.001656
28,48,0.001655
19,91,0.001646
36,81,0.001637
31,72,0.001633
69,89,0.001633
51,80,0.001569
19,84,0.001557
60,81,0.001547
46,57,0.001527
59,65,0.001522
16,79,0.001491
84,88,0.001465
1,71,0.001441
70,86,0.001437
25,36,0.001436
56,93,0.001387
13,56,0.001359
18,94,0.001337
65,68,0.001321
64,94,0.001317
17,31,0.001296
6,54,0.001254
14,62,0.001208
28,33,0.001200
40,55,0.001178
65,67,0.001129
32,58,0.001128
43,94,0.001112
64,73,0.001093
39,45,0.001062
4,41,0.001052
30,65,0.001036
46,53,0.001006
32,64,0.000960
3,90,0.000910
5,29,0.000884
58,73,0.000875
30,82,0.000834
9,86,0.000772
48,53,0.000770
31,92,0.000763
1,78,0.000751
17,48,0.000747
20,65,0.000710
55,67,0.000684
39,73,0.000648
46,50,0.000647
38,64,0.000623
23,66,0.000587
2,59,0.000587
57,62,0.000565
17,89,0.000545
8,34,0.000541
52,65,0.000523
40,89,0.000445
26,81,0.000397
4,75,0.000362
5,25,0.000338
54,63,0.000337
76,84,0.000327
17,45,0.000300
49,52,0.000292
48,64,0.000245
18,86,0.000214
14,64,0.000166
16,46,0.000161
13,62,0.000154
39,74,0.000099
71,94,0.000073
63,84,0.000064
71,82,0.000054
26,65,0.000043
30,57,0.000006
53,91,-0.000000
9,68,-0.000003
77,81,-0.000050
3,36,-0.000077
1,54,-0.000083
29,61,-0.000108
4,26,-0.000131
55,75,-0.000133
1,91,-0.000151
44,76,-0.000181
15,83,-0.000183
66,78,-0.000193
22,72,-0.000199
16,44,-0.000215
10,55,-0.000281
61,76,-0.000283
17,90,-0.000289
25,73,-0.000293
25,63,-0.000299
51,64,-0.000312
19,43,-0.000336
4,33,-0.000353
62,87,-0.000357
8,21,-0.000391
15,78,-0.000393
16,55,-0.000396
11,54,-0.000405
57,91,-0.000439
81,84,-0.000448
25,60,-0.000453
34,88,-0.000474
5,85,-0.000485
16,83,-0.000492
22,93,-0.000509
68,73,-0.000550
56,77,-0.000573
4,14,-0.000584
66,88,-0.000595
35,58,-0.000601
28,69,-0.000607
54,73,-0.000667
1,94,-0.000703
63,85,-0.000738
7,65,-0.000738
27,73,-0.000748
25,33,-0.000785
11,89,-0.000805
52,82,-0.000819
27,45,-0.000824
50,87,-0.000862
79,82,-0.000882
70,73,-0.000884
49,94,-0.000893
29,48,-0.000914
36,40,-0.000914
26,40,-0.000915
76,79,-0.000923
2,33,-0.000929
44,70,-0.000930
54,84,-0.000962
15,62,-0.000993
14,63,-0.001035
37,73,-0.001041
27,65,-0.001068
23,67,-0.001071
18,21,-0.001073
12,51,-0.001093
33,86,-0.001111
34,62,-0.001160
25,79,-0.001198
44,93,-0.001198
43,80,-0.001216
2,44,-0.001235
25,66,-0.001238
74,84,-0.001248
31,71,-0.001251
4,18,-0.001283
28,75,-0.001333
75,79,-0.001351
3,17,-0.001370
7,47,-0.001371
44,89,-0.001376
69,86,-0.001382
59,88,-0.001414
17,54,-0.001436
79,88,-0.001461
33,36,-0.001485
2,68,-0.001507
11,81,-0.001507
62,81,-0.001541
46,86,-0.001564
33,80,-0.001586
77,88,-0.001589
26,38,-0.001621
42,49,-0.001621
3,51,-0.001624
6,16,-0.001644
15,61,-0.001649
2,13,-0.001678
62,76,-0.001698
41,44,-0.001731
83,94,-0.001736
71,81,-0.001775
58,65,-0.001788
71,79,-0.001819
26,92,-0.001847
85,90,-0.001860
26,35,-0.001935
33,39,-0.001940
41,60,-0.001949
30,31,-0.001980
18,28,-0.001990
33,46,-0.002023
12,92,-0.002045
70,90,-0.002051
42,69,-0.002081
23,94,-0.002152
46,58,-0.002153
79,84,-0.002162
15,92,-0.002167
73,90,-0.002179
21,87,-0.002195
19,29,-0.002278
15,71,-0.002310
64,88,-0.002315
47,94,-0.002401
26,80,-0.002423
4,53,-0.002430
64,84,-0.002437
42,51,-0.002482
17,46,-0.002508
8,84,-0.002534
65,93,-0.002556
7,8,-0.002599
10,74,-0.002647
30,75,-0.002666
27,94,-0.002670
19,85,-0.002673
33,53,-0.002674
17,94,-0.002687
8,74,-0.002735
30,48,-0.002878
19,23,-0.002905
25,93,-0.002942
5,33,-0.002942
80,93,-0.002946
10,33,-0.002958
25,65,-0.002990
49,74,-0.003019
43,67,-0.003038
60,64,-0.003074
66,93,-0.003077
20,77,-0.003086
51,55,-0.003106
5,80,-0.003109
29,66,-0.003153
47,67,-0.003156
31,47,-0.003161
12,80,-0.003165
21,41,-0.003192
38,41,-0.003262
24,57,-0.003306
29,87,-0.003328
2,52,-0.003358
31,94,-0.003388
3,67,-0.003399
51,74,-0.003428
3,21,-0.003431
13,58,-0.003440
14,72,-0.003450
1,48,-0.003452
16,28,-0.003454
18,25,-0.003457
9,73,-0.003478
83,92,-0.003481
12,33,-0.003497
72,84,-0.003509
22,31,-0.003518
31,74,-0.003522
9,75,-0.003524
45,89,-0.003543
4,16,-0.003544
27,91,-0.003553
18,72,-0.003566
12,19,-0.003591
31,86,-0.003603
61,74,-0.003611
9,87,-0.003612
10,61,-0.003703
3,15,-0.003737
63,74,-0.003754
2,38,-0.003758
1,83,-0.003797
49,79,-0.003802
60,73,-0.003808
60,74,-0.003819
33,92,-0.003867
27,86,-0.003877
4,92,-0.003881
56,90,-0.003881
20,31,-0.003914
8,30,-0.003917
39,44,-0.003928
7,84,-0.003934
20,41,-0.003941
61,82,-0.003979
56,82,-0.003996
25,34,-0.004004
2,35,-0.004022
48,69,-0.004026
33,93,-0.004027
2,64,-0.004047
27,34,-0.004083
54,70,-0.004097
1,57,-0.004146
55,66,-0.004148
29,86,-0.004182
1,15,-0.004185
24,68,-0.004188
5,62,-0.004223
29,67,-0.004233
42,94,-0.004234
40,80,-0.004251
21,57,-0.004251
9,65,-0.004277
41,67,-0.004283
56,73,-0.004295
32,87,-0.004296
1,46,-0.004308
3,71,-0.004310
48,82,-0.004344
19,42,-0.004422
55,87,-0.004506
11,38,-0.004517
6,15,-0.004538
13,87,-0.004556
22,53,-0.004612
12,47,-0.004613
7,24,-0.004646
45,86,-0.004704
19,31,-0.004705
8,88,-0.004712
52,64,-0.004752
30,68,-0.004760
31,65,-0.004772
20,27,-0.004772
4,13,-0.004792
65,71,-0.004813
54,94,-0.004856
58,64,-0.004877
56,80,-0.004904
14,82,-0.004937
60,76,-0.004941
79,92,-0.004949
18,92,-0.004950
25,49,-0.004960
9,49,-0.004963
14,83,-0.004968
77,94,-0.005008
18,55,-0.005015
26,62,-0.005046
12,39,-0.005058
10,67,-0.005065
51,65,-0.005088
60,70,-0.005104
13,44,-0.005109
19,94,-0.005130
78,87,-0.005161
28,81,-0.005176
7,22,-0.005188
9,52,-0.005211
38,77,-0.005247
18,74,-0.005254
41,53,-0.005272
7,85,-0.005289
14,85,-0.005297
21,45,-0.005320
4,32,-0.005339
14,73,-0.005361
30,33,-0.005381
17,88,-0.005381
33,83,-0.005429
34,70,-0.005447
6,56,-0.005471
25,32,-0.005485
46,78,-0.005511
49,87,-0.005520
47,89,-0.005531
13,61,-0.005552
36,90,-0.005556
6,39,-0.005582
9,78,-0.005588
60,66,-0.005592
65,85,-0.005610
62,71,-0.005642
6,78,-0.005651
2,70,-0.005674
1,31,-0.005676
1,34,-0.005679
12,94,-0.005681
50,92,-0.005706
44,94,-0.005709
56,63,-0.005715
2,31,-0.005723
73,89,-0.005742
14,78,-0.005786
53,94,-0.005802
9,38,-0.005832
6,25,-0.005891
35,40,-0.005923
40,81,-0.005939
3,86,-0.005948
29,94,-0.005955
30,46,-0.006024
21,26,-0.006063
2,83,-0.006071
9,77,-0.006071
6,94,-0.006093
6,55,-0.006140
33,81,-0.006150
3,18,-0.006160
48,58,-0.006181
54,78,-0.006198
34,74,-0.006239
42,50,-0.006256
2,21,-0.006288
39,70,-0.006299
34,89,-0.006311
57,70,-0.006318
20,73,-0.006319
83,89,-0.006407
28,46,-0.006419
1,43,-0.006446
17,29,-0.006457
39,94,-0.006464
48,74,-0.006465
48,84,-0.006475
77,90,-0.006506
19,83,-0.006563
48,86,-0.006576
22,41,-0.006604
47,72,-0.006640
17,92,-0.006658
12,85,-0.006670
38,79,-0.006701
24,44,-0.006707
55,93,-0.006712
16,89,-0.006715
22,47,-0.006724
21,59,-0.006754
12,84,-0.006788
32,66,-0.006818
6,63,-0.006853
64,68,-0.006858
2,43,-0.006862
19,56,-0.006892
17,50,-0.006904
21,62,-0.006908
45,94,-0.006913
1,44,-0.006925
33,48,-0.006931
13,46,-0.006938
4,15,-0.006941
35,54,-0.006957
50,94,-0.006965
71,93,-0.006973
25,61,-0.007033
13,35,-0.007047
2,67,-0.007070
28,39,-0.007079
55,68,-0.007100
54,89,-0.007121
18,65,-0.007147
1,39,-0.007153
29,93,-0.007158
70,92,-0.007197
1,90,-0.007203
19,81,-0.007206
13,92,-0.007267
15,90,-0.007305
36,73,-0.007306
4,67,-0.007332
21,31,-0.007343
8,89,-0.007365
3,20,-0.007388
38,84,-0.007390
55,71,-0.007397
42,47,-0.007397
4,60,-0.007405
63,75,-0.007472
56,76,-0.007480
44,86,-0.007502
30,94,-0.007518
13,89,-0.007546
14,76,-0.007549
16,71,-0.007569
16,93,-0.007574
1,70,-0.007617
1,53,-0.007645
36,63,-0.007660
28,89,-0.007662
70,81,-0.007714
15,70,-0.007722
4,55,-0.007740
4,63,-0.007752
42,72,-0.007754
1,76,-0.007757
3,26,-0.007783
15,75,-0.007787
18,24,-0.007800
1,56,-0.007817
28,86,-0.007846
11,47,-0.007871
1,65,-0.007872
7,70,-0.007885
26,67,-0.007892
2,66,-0.007907
7,28,-0.007938
37,67,-0.007945
1,52,-0.007975
34,87,-0.008024
75,81,-0.008032
38,44,-0.008034
48,75,-0.008038
27,79,-0.008049
75,83,-0.008060
24,80,-0.008060
70,85,-0.008100
4,91,-0.008110
22,86,-0.008137
74,93,-0.008166
38,71,-0.008258
42,46,-0.008268
32,73,-0.008274
28,50,-0.008286
69,75,-0.008307
3,34,-0.008348
1,25,-0.008377
1,92,-0.008392
70,78,-0.008409
3,49,-0.008436
1,30,-0.008438
3,56,-0.008447
73,88,-0.008447
8,26,-0.008470
15,85,-0.008478
1,20,-0.008483
44,68,-0.008483
7,29,-0.008569
4,44,-0.008620
8,82,-0.008633
34,75,-0.008633
31,43,-0.008638
8,23,-0.008669
1,85,-0.008725
32,90,-0.008767
7,81,-0.008787
8,59,-0.008834
48,57,-0.008855
1,55,-0.008915
44,58,-0.008921
33,87,-0.008977
16,38,-0.008982
22,56,-0.009036
71,92,-0.009063
1,74,-0.009071
5,45,-0.009081
51,73,-0.009088
13,21,-0.009110
8,76,-0.009180
33,65,-0.009188
44,47,-0.009206
60,78,-0.009212
24,59,-0.009219
35,49,-0.009236
63,94,-0.009246
51,92,-0.009247
75,94,-0.009255
25,51,-0.009257
14,22,-0.009303
10,94,-0.009372
54,81,-0.009378
79,93,-0.009424
10,57,-0.009428
11,57,-0.009449
27,68,-0.009463
17,75,-0.009489
13,49,-0.009566
40,50,-0.009584
38,69,-0.009629
16,77,-0.009653
11,94,-0.009668
24,94,-0.009676
43,79,-0.009681
1,13,-0.009688
16,78,-0.009689
55,69,-0.009754
35,53,-0.009776
57,85,-0.009787
68,74,-0.009791
17,57,-0.009803
14,17,-0.009815
23,35,-0.009827
21,81,-0.009903
11,48,-0.009924
9,94,-0.009971
9,81,-0.009973
2,69,-0.010056
27,56,-0.010058
27,70,-0.010088
34,72,-0.010088
29,82,-0.010108
9,31,-0.010183
62,88,-0.010189
15,65,-0.010198
9,39,-0.010242
14,32,-0.010249
41,77,-0.010272
1,75,-0.010278
19,25,-0.010284
9,26,-0.010296
9,56,-0.010337
3,46,-0.010338
26,64,-0.010340
36,66,-0.010344
25,64,-0.010365
24,67,-0.010409
51,58,-0.010433
22,75,-0.010433
1,66,-0.010437
59,81,-0.010460
23,44,-0.010505
30,36,-0.010510
71,85,-0.010511
62,93,-0.010603
12,68,-0.010662
38,74,-0.010676
41,48,-0.010680
3,62,-0.010684
49,55,-0.010701
4,59,-0.010736
3,24,-0.010757
49,90,-0.010792
46,85,-0.010800
30,88,-0.010800
2,79,-0.010825
12,26,-0.010830
30,91,-0.010863
50,60,-0.010894
14,38,-0.010930
5,48,-0.010937
1,62,-0.010938
21,36,-0.010964
40,62,-0.010967
19,65,-0.011022
12,44,-0.011022
59,73,-0.011028
62,64,-0.011030
8,16,-0.011042
3,11,-0.011079
31,85,-0.011083
56,74,-0.011087
2,88,-0.011089
22,65,-0.011099
13,53,-0.011106
87,94,-0.011111
19,38,-0.011111
18,83,-0.011116
6,31,-0.011132
1,58,-0.011213
2,86,-0.011300
66,75,-0.011322
44,72,-0.011376
78,85,-0.011377
23,74,-0.011382
69,94,-0.011403
70,93,-0.011403
19,49,-0.011412
25,94,-0.011429
3,33,-0.011511
39,43,-0.011526
50,83,-0.011556
57,79,-0.011579
7,87,-0.011622
39,83,-0.011657
78,94,-0.011675
32,83,-0.011696
28,67,-0.011697
35,56,-0.011707
40,67,-0.011735
47,66,-0.011742
8,55,-0.011772
5,93,-0.011780
55,85,-0.011815
78,86,-0.011816
50,65,-0.011819
72,86,-0.011824
3,55,-0.011826
64,89,-0.011827
18,85,-0.011861
34,77,-0.011871
5,36,-0.011877
29,54,-0.011893
34,51,-0.011903
63,77,-0.011914
18,66,-0.011933
5,41,-0.011947
46,82,-0.011967
30,79,-0.012015
4,94,-0.012032
72,83,-0.012048
30,45,-0.012056
37,62,-0.012056
16,25,-0.012060
16,76,-0.012072
40,94,-0.012073
13,23,-0.012094
27,40,-0.012107
17,76,-0.012114
46,64,-0.012165
32,86,-0.012166
13,28,-0.012170
14,50,-0.012178
46,68,-0.012241
18,79,-0.012266
16,48,-0.012267
35,76,-0.012291
14,29,-0.012302
75,86,-0.012333
5,56,-0.012360
36,65,-0.012361
30,90,-0.012371
2,74,-0.012416
12,30,-0.012419
10,54,-0.012532
36,79,-0.012544
66,94,-0.012607
38,94,-0.012643
52,75,-0.012684
4,77,-0.012685
1,33,-0.012701
14,42,-0.012705
3,74,-0.012715
26,72,-0.012715
55,74,-0.012728
50,54,-0.012763
20,22,-0.012767
21,83,-0.012772
3,8,-0.012795
13,94,-0.012812
1,93,-0.012814
1,14,-0.012818
59,83,-0.012874
64,79,-0.012888
35,74,-0.012980
12,43,-0.012993
14,18,-0.013028
15,25,-0.013056
40,82,-0.013070
44,84,-0.013073
58,72,-0.013079
48,56,-0.013099
16,72,-0.013114
30,63,-0.013124
1,11,-0.013152
15,34,-0.013166
2,82,-0.013181
30,60,-0.013187
26,88,-0.013187
23,41,-0.013230
28,52,-0.013235
5,92,-0.013245
34,81,-0.013246
16,19,-0.013286
14,46,-0.013310
37,76,-0.013335
53,76,-0.013398
56,83,-0.013399
85,94,-0.013409
1,42,-0.013412
31,90,-0.013414
37,94,-0.013428
3,85,-0.013433
36,69,-0.013459
5,20,-0.013463
18,42,-0.013473
69,87,-0.013483
42,64,-0.013486
12,45,-0.013521
13,31,-0.013525
8,61,-0.013549
49,61,-0.013600
21,85,-0.013695
16,73,-0.013708
13,68,-0.013711
16,51,-0.013785
51,60,-0.013787
31,84,-0.013816
28,84,-0.013847
2,93,-0.013858
1,87,-0.013878
11,92,-0.013883
73,79,-0.013894
26,45,-0.013933
29,76,-0.013955
4,69,-0.013973
9,50,-0.014042
27,66,-0.014134
26,49,-0.014135
51,63,-0.014138
82,94,-0.014147
4,80,-0.014204
63,69,-0.014257
39,88,-0.014290
28,64,-0.014291
52,79,-0.014330
30,51,-0.014342
6,21,-0.014378
10,45,-0.014384
2,84,-0.014429
65,69,-0.014431
44,74,-0.014446
1,16,-0.014477
1,84,-0.014522
19,74,-0.014532
5,22,-0.014534
53,80,-0.014534
35,80,-0.014552
14,31,-0.014591
30,80,-0.014596
34,49,-0.014597
28,56,-0.014603
21,66,-0.014620
11,22,-0.014646
17,77,-0.014700
38,43,-0.014701
54,91,-0.014737
33,89,-0.014741
6,71,-0.014742
33,76,-0.014774
64,70,-0.014786
27,48,-0.014798
1,80,-0.014808
56,94,-0.014830
20,42,-0.014841
73,86,-0.014878
48,85,-0.014881
44,77,-0.014902
14,93,-0.014917
10,48,-0.014960
84,93,-0.014981
25,75,-0.014983
73,94,-0.014993
15,47,-0.015014
53,64,-0.015044
44,50,-0.015095
34,86,-0.015110
27,78,-0.015110
18,88,-0.015112
65,89,-0.015181
82,90,-0.015187
46,65,-0.015188
43,89,-0.015191
61,88,-0.015193
43,54,-0.015221
12,78,-0.015275
7,55,-0.015304
2,42,-0.015309
42,71,-0.015365
8,80,-0.015395
66,70,-0.015402
2,22,-0.015412
72,82,-0.015421
18,68,-0.015431
20,66,-0.015441
9,61,-0.015449
46,54,-0.015466
60,86,-0.015473
53,87,-0.015486
72,93,-0.015502
2,91,-0.015533
46,88,-0.015575
10,69,-0.015579
19,55,-0.015582
69,93,-0.015588
72,91,-0.015619
15,40,-0.015630
24,40,-0.015699
65,79,-0.015704
68,77,-0.015719
72,94,-0.015746
12,53,-0.015756
11,20,-0.015757
14,24,-0.015763
21,94,-0.015775
22,91,-0.015779
4,61,-0.015795
35,85,-0.015801
16,81,-0.015814
48,92,-0.015828
8,78,-0.015844
28,34,-0.015875
53,77,-0.016044
45,74,-0.016055
26,46,-0.016091
13,64,-0.016111
3,60,-0.016133
3,38,-0.016145
16,29,-0.016173
25,52,-0.016239
44,80,-0.016247
4,88,-0.016251
33,54,-0.016253
74,94,-0.016265
55,79,-0.016270
52,74,-0.016271
34,73,-0.016275
10,16,-0.016285
3,59,-0.016394
40,76,-0.016395
61,69,-0.016404
19,67,-0.016420
21,40,-0.016423
31,35,-0.016445
40,49,-0.016451
62,70,-0.016455
11,82,-0.016483
48,79,-0.016496
85,93,-0.016498
58,85,-0.016505
18,51,-0.016509
46,71,-0.016519
29,45,-0.016524
17,65,-0.016532
26,87,-0.016539
9,69,-0.016595
56,89,-0.016609
47,70,-0.016621
35,38,-0.016624
18,38,-0.016630
12,46,-0.016657
21,51,-0.016659
22,42,-0.016673
9,33,-0.016689
56,91,-0.016730
25,55,-0.016746
35,91,-0.016817
68,93,-0.016840
57,61,-0.016855
82,93,-0.016859
14,21,-0.016877
18,48,-0.016889
19,51,-0.016906
26,50,-0.016910
48,62,-0.016959
4,73,-0.016964
57,92,-0.016971
3,91,-0.016972
55,65,-0.016980
18,91,-0.016987
60,91,-0.016996
28,94,-0.017097
3,25,-0.017113
23,87,-0.017130
2,75,-0.017239
22,51,-0.017244
74,89,-0.017248
9,46,-0.017264
40,87,-0.017283
11,49,-0.017284
24,54,-0.017286
13,41,-0.017295
3,43,-0.017336
21,60,-0.017357
16,27,-0.017377
55,72,-0.017380
19,66,-0.017408
68,86,-0.017414
76,85,-0.017426
9,51,-0.017427
20,80,-0.017441
12,63,-0.017483
40,47,-0.017528
32,60,-0.017534
37,43,-0.017580
57,93,-0.017625
33,45,-0.017628
13,74,-0.017632
35,83,-0.017634
35,86,-0.017638
1,60,-0.017653
28,87,-0.017668
17,23,-0.017688
2,48,-0.017723
29,92,-0.017724
77,82,-0.017746
1,88,-0.017751
71,90,-0.017773
14,37,-0.017852
68,89,-0.017911
45,66,-0.017918
31,89,-0.017932
10,53,-0.017959
59,62,-0.017964
28,85,-0.017990
3,63,-0.018004
84,91,-0.018016
26,79,-0.018026
40,48,-0.018033
32,94,-0.018054
50,69,-0.018148
3,84,-0.018192
76,91,-0.018207
15,49,-0.018226
22,92,-0.018242
54,90,-0.018342
34,48,-0.018354
37,48,-0.018377
31,59,-0.018380
40,86,-0.018388
46,59,-0.018401
68,90,-0.018409
47,77,-0.018423
50,88,-0.018482
4,58,-0.018509
55,94,-0.018510
34,92,-0.018540
30,81,-0.018571
26,68,-0.018596
69,85,-0.018666
26,74,-0.018705
34,94,-0.018729
1,19,-0.018729
21,49,-0.018860
5,55,-0.018890
2,40,-0.018894
45,75,-0.018947
82,92,-0.018980
60,94,-0.018996
47,64,-0.019012
32,77,-0.019019
23,45,-0.019026
36,83,-0.019125
23,47,-0.019127
1,69,-0.019129
50,75,-0.019140
64,77,-0.019155
28,49,-0.019177
8,77,-0.019219
16,88,-0.019240
7,94,-0.019248
31,79,-0.019254
23,38,-0.019254
44,48,-0.019268
62,94,-0.019281
20,60,-0.019302
21,43,-0.019310
4,21,-0.019315
15,19,-0.019332
28,55,-0.019359
46,81,-0.019367
38,91,-0.019376
5,63,-0.019431
13,19,-0.019444
18,31,-0.019450
53,83,-0.019454
52,94,-0.019461
16,70,-0.019561
61,72,-0.019571
45,68,-0.019576
42,56,-0.019597
65,90,-0.019597
4,64,-0.019613
9,40,-0.019656
28,54,-0.019717
12,73,-0.019741
79,85,-0.019751
63,88,-0.019760
12,21,-0.019771
5,57,-0.019786
2,19,-0.019797
7,15,-0.019808
45,64,-0.019838
29,37,-0.019852
15,46,-0.019882
31,57,-0.019924
31,66,-0.019927
65,92,-0.019937
54,61,-0.019937
69,76,-0.019953
68,72,-0.019960
40,51,-0.019994
79,86,-0.019997
9,27,-0.020010
47,76,-0.020021
33,55,-0.020024
2,18,-0.020086
30,92,-0.020132
57,81,-0.020149
6,70,-0.020153
72,89,-0.020154
6,53,-0.020163
67,72,-0.020180
26,91,-0.020198
8,36,-0.020220
17,69,-0.020256
38,50,-0.020263
42,55,-0.020280
9,41,-0.020290
14,70,-0.020350
11,84,-0.020355
54,72,-0.020359
41,86,-0.020403
7,83,-0.020501
22,58,-0.020512
13,63,-0.020550
22,61,-0.020575
14,58,-0.020584
29,73,-0.020593
48,52,-0.020613
26,85,-0.020619
18,64,-0.020638
49,85,-0.020689
40,52,-0.020712
33,68,-0.020732
21,91,-0.020732
29,60,-0.020736
37,61,-0.020776
5,73,-0.020793
60,82,-0.020817
31,55,-0.020824
77,93,-0.020826
44,83,-0.020845
62,80,-0.020850
4,87,-0.020865
15,33,-0.020916
25,57,-0.020922
32,53,-0.020944
16,57,-0.020960
58,71,-0.020966
4,86,-0.020971
2,27,-0.021006
3,80,-0.021014
58,81,-0.021025
45,52,-0.021028
70,88,-0.021047
3,73,-0.021079
89,93,-0.021097
32,45,-0.021117
38,63,-0.021153
16,31,-0.021158
87,90,-0.021160
13,70,-0.021165
3,40,-0.021280
65,83,-0.021310
41,83,-0.021327
2,39,-0.021342
15,66,-0.021369
2,15,-0.021371
19,35,-0.021383
29,33,-0.021403
5,77,-0.021403
9,24,-0.021436
51,61,-0.021451
1,86,-0.021454
61,79,-0.021511
1,7,-0.021521
60,69,-0.021524
11,87,-0.021536
13,37,-0.021555
73,76,-0.021581
48,81,-0.021594
18,73,-0.021597
31,44,-0.021625
49,71,-0.021664
7,34,-0.021673
54,62,-0.021693
14,74,-0.021701
5,78,-0.021714
38,86,-0.021723
32,72,-0.021757
12,49,-0.021760
50,76,-0.021784
59,79,-0.021796
65,87,-0.021814
10,30,-0.021816
5,18,-0.021832
50,91,-0.021875
21,47,-0.021894
15,23,-0.021899
23,53,-0.021908
78,88,-0.021911
39,54,-0.021917
29,89,-0.021995
58,69,-0.022028
37,84,-0.022040
37,63,-0.022073
61,87,-0.022079
39,46,-0.022082
15,81,-0.022101
40,63,-0.022111
70,79,-0.022130
3,58,-0.022148
80,92,-0.022163
20,94,-0.022180
1,67,-0.022193
11,21,-0.022201
16,39,-0.022252
57,72,-0.022327
12,86,-0.022331
15,58,-0.022346
21,64,-0.022378
11,32,-0.022387
3,92,-0.022392
72,80,-0.022405
19,64,-0.022414
79,91,-0.022417
20,46,-0.022430
9,67,-0.022446
15,31,-0.022490
13,72,-0.022498
41,51,-0.022500
40,74,-0.022544
47,73,-0.022551
32,49,-0.022595
17,56,-0.022599
11,74,-0.022603
24,39,-0.022632
24,27,-0.022739
19,40,-0.022744
59,76,-0.022748
55,80,-0.022756
6,83,-0.022789
15,94,-0.022841
33,58,-0.022855
14,19,-0.022870
21,78,-0.022872
29,71,-0.022950
30,58,-0.022979
7,53,-0.023011
48,89,-0.023017
22,89,-0.023024
14,77,-0.023027
59,63,-0.023078
52,87,-0.023084
68,78,-0.023088
11,76,-0.023090
3,75,-0.023109
26,39,-0.023158
4,30,-0.023177
19,75,-0.023197
27,89,-0.023203
20,83,-0.023217
51,77,-0.023227
23,64,-0.023247
2,72,-0.023266
55,89,-0.023274
69,82,-0.023284
7,74,-0.023325
24,51,-0.023335
3,77,-0.023352
77,83,-0.023362
33,60,-0.023363
14,44,-0.023368
29,62,-0.023373
1,18,-0.023379
38,65,-0.023405
36,51,-0.023423
51,56,-0.023439
39,79,-0.023482
49,81,-0.023578
39,85,-0.023579
12,87,-0.023592
19,79,-0.023598
5,69,-0.023606
35,45,-0.023606
31,73,-0.023607
6,82,-0.023616
4,35,-0.023644
18,81,-0.023651
18,40,-0.023673
53,60,-0.023678
7,73,-0.023679
8,93,-0.023714
44,57,-0.023727
3,7,-0.023747
45,84,-0.023758
10,73,-0.023778
6,49,-0.023844
27,35,-0.023872
19,87,-0.023881
27,76,-0.023900
13,48,-0.023914
34,55,-0.023918
59,74,-0.023940
52,80,-0.023954
65,72,-0.023967
27,54,-0.023993
2,60,-0.023996
12,64,-0.024000
4,65,-0.024038
13,34,-0.024046
46,69,-0.024106
65,74,-0.024166
73,93,-0.024189
19,39,-0.024196
16,37,-0.024217
32,56,-0.024253
9,66,-0.024262
57,63,-0.024294
31,39,-0.024330
33,74,-0.024335
28,70,-0.024379
34,80,-0.024382
26,37,-0.024390
2,76,-0.024392
67,91,-0.024395
2,87,-0.024405
39,58,-0.024415
4,54,-0.024422
62,90,-0.024433
24,46,-0.024445
55,78,-0.024445
43,46,-0.024453
7,88,-0.024467
43,73,-0.024472
43,48,-0.024487
39,87,-0.024542
58,86,-0.024632
43,52,-0.024641
15,87,-0.024648
57,89,-0.024687
19,59,-0.024713
31,62,-0.024736
57,67,-0.024741
4,83,-0.024747
34,42,-0.024761
1,89,-0.024770
14,54,-0.024882
6,69,-0.024909
42,93,-0.024922
28,59,-0.024952
7,13,-0.024995
34,54,-0.025009
14,36,-0.025030
33,62,-0.025085
17,51,-0.025130
39,42,-0.025169
23,85,-0.025197
56,85,-0.025200
2,34,-0.025205
18,34,-0.025250
14,68,-0.025292
45,92,-0.025340
40,70,-0.025356
24,77,-0.025361
20,53,-0.025371
31,46,-0.025373
3,93,-0.025440
26,70,-0.025460
38,83,-0.025471
60,67,-0.025487
55,60,-0.025501
5,54,-0.025544
21,89,-0.025584
39,77,-0.025619
18,41,-0.025709
44,85,-0.025733
45,59,-0.025761
17,58,-0.025770
10,25,-0.025786
27,44,-0.025801
38,53,-0.025832
5,86,-0.025902
37,66,-0.025923
42,62,-0.025932
28,35,-0.025942
4,47,-0.025964
7,49,-0.025978
46,92,-0.025987
5,59,-0.026000
8,70,-0.026025
40,85,-0.026107
47,53,-0.026181
50,64,-0.026185
21,55,-0.026185
42,58,-0.026205
1,61,-0.026213
45,58,-0.026248
19,28,-0.026254
26,56,-0.026258
6,11,-0.026259
14,81,-0.026265
38,72,-0.026363
30,38,-0.026376
52,62,-0.026391
16,67,-0.026400
16,34,-0.026402
18,44,-0.026512
20,28,-0.026515
2,56,-0.026515
15,73,-0.026521
34,63,-0.026568
11,58,-0.026569
39,68,-0.026575
37,68,-0.026600
25,85,-0.026619
45,63,-0.026648
50,90,-0.026731
45,72,-0.026750
5,74,-0.026772
88,92,-0.026790
22,38,-0.026798
10,89,-0.026810
57,83,-0.026822
16,60,-0.026832
10,21,-0.026847
53,65,-0.026860
22,29,-0.026899
28,60,-0.026901
37,74,-0.026905
49,64,-0.026919
23,26,-0.026946
67,76,-0.027007
20,74,-0.027059
51,85,-0.027087
14,30,-0.027150
19,36,-0.027185
22,83,-0.027205
63,72,-0.027250
68,81,-0.027255
24,36,-0.027276
35,79,-0.027291
56,66,-0.027297
3,81,-0.027299
51,57,-0.027372
10,24,-0.027387
61,81,-0.027389
26,47,-0.027402
12,72,-0.027443
24,82,-0.027462
25,50,-0.027469
25,56,-0.027479
11,67,-0.027497
69,91,-0.027535
15,24,-0.027543
29,90,-0.027551
15,55,-0.027555
41,89,-0.027560
20,87,-0.027605
21,76,-0.027606
13,76,-0.027610
7,42,-0.027619
42,48,-0.027633
3,83,-0.027724
3,35,-0.027745
25,69,-0.027755
15,36,-0.027786
10,28,-0.027809
30,44,-0.027810
7,69,-0.027825
53,79,-0.027833
25,89,-0.027835
42,74,-0.027841
3,61,-0.027845
34,40,-0.027881
19,33,-0.027890
36,42,-0.027918
41,73,-0.027931
31,81,-0.027964
86,92,-0.027972
73,85,-0.027974
4,56,-0.028003
35,84,-0.028022
14,84,-0.028030
5,37,-0.028063
4,89,-0.028066
26,53,-0.028099
5,32,-0.028101
73,92,-0.028115
1,40,-0.028124
9,70,-0.028131
21,53,-0.028132
29,81,-0.028158
19,77,-0.028165
55,56,-0.028173
3,32,-0.028193
17,47,-0.028200
17,30,-0.028216
10,42,-0.028218
38,62,-0.028246
26,42,-0.028258
60,92,-0.028258
57,68,-0.028264
45,60,-0.028279
62,79,-0.028333
23,88,-0.028356
20,70,-0.028385
17,33,-0.028409
35,71,-0.028412
52,57,-0.028425
15,56,-0.028426
8,19,-0.028533
20,69,-0.028540
39,81,-0.028550
15,74,-0.028556
1,29,-0.028567
74,91,-0.028590
20,26,-0.028601
30,42,-0.028608
34,82,-0.028672
4,36,-0.028680
57,75,-0.028690
72,79,-0.028703
52,84,-0.028723
28,38,-0.028750
31,70,-0.028853
34,60,-0.028980
25,37,-0.029029
21,70,-0.029058
9,79,-0.029081
64,80,-0.029085
67,78,-0.029086
41,85,-0.029090
8,54,-0.029099
5,81,-0.029188
33,67,-0.029199
13,84,-0.029361
34,52,-0.029388
31,36,-0.029424
8,85,-0.029427
58,93,-0.029452
16,53,-0.029469
8,45,-0.029502
20,76,-0.029502
35,81,-0.029543
36,43,-0.029570
35,69,-0.029609
10,66,-0.029610
20,63,-0.029662
39,66,-0.029697
10,46,-0.029705
49,76,-0.029748
28,82,-0.029783
57,65,-0.029797
52,86,-0.029798
5,79,-0.029805
57,73,-0.029817
12,74,-0.029843
46,73,-0.029878
10,17,-0.029901
36,84,-0.029904
17,74,-0.029948
9,32,-0.029959
13,43,-0.029966
8,51,-0.030018
46,60,-0.030042
46,62,-0.030043
63,73,-0.030082
25,70,-0.030089
53,89,-0.030168
11,43,-0.030169
42,76,-0.030180
9,28,-0.030198
7,75,-0.030229
25,38,-0.030256
17,73,-0.030311
48,77,-0.030320
32,78,-0.030341
58,84,-0.030353
22,32,-0.030414
61,83,-0.030419
47,60,-0.030421
5,83,-0.030439
32,44,-0.030486
3,42,-0.030528
35,94,-0.030535
58,75,-0.030539
73,80,-0.030647
19,60,-0.030699
22,28,-0.030718
52,89,-0.030767
76,88,-0.030817
58,79,-0.030818
11,68,-0.030841
23,82,-0.031002
45,61,-0.031003
17,38,-0.031023
28,73,-0.031077
57,88,-0.031100
38,75,-0.031102
48,55,-0.031112
39,72,-0.031153
48,63,-0.031198
9,83,-0.031232
49,65,-0.031255
24,48,-0.031257
36,76,-0.031272
43,57,-0.031301
59,80,-0.031370
77,80,-0.031392
6,74,-0.031399
69,78,-0.031413
4,37,-0.031425
24,69,-0.031432
13,73,-0.031434
46,89,-0.031440
9,34,-0.031478
52,63,-0.031496
22,67,-0.031518
52,88,-0.031532
19,54,-0.031589
17,71,-0.031600
20,82,-0.031649
13,75,-0.031656
20,91,-0.031673
19,24,-0.031682
24,71,-0.031710
26,48,-0.031721
45,57,-0.031732
47,88,-0.031735
11,72,-0.031741
65,73,-0.031745
19,93,-0.031810
23,28,-0.031857
47,87,-0.031933
6,46,-0.031974
37,82,-0.031994
30,77,-0.032017
34,79,-0.032019
17,40,-0.032094
56,61,-0.032130
33,51,-0.032144
3,29,-0.032152
23,54,-0.032156
24,31,-0.032167
59,69,-0.032185
44,81,-0.032239
16,92,-0.032251
9,35,-0.032278
14,23,-0.032286
5,50,-0.032292
19,73,-0.032313
10,85,-0.032321
7,48,-0.032370
35,67,-0.032378
25,88,-0.032404
59,70,-0.032574
35,50,-0.032618
14,33,-0.032646
33,91,-0.032687
53,62,-0.032731
20,51,-0.032734
27,58,-0.032737
2,23,-0.032778
30,86,-0.032787
20,81,-0.032790
12,24,-0.032835
29,59,-0.032861
50,53,-0.032873
50,72,-0.032952
32,55,-0.032987
4,25,-0.033112
34,93,-0.033115
24,93,-0.033136
54,66,-0.033246
12,29,-0.033308
43,56,-0.033405
23,36,-0.033405
7,43,-0.033414
24,33,-0.033422
31,82,-0.033427
29,80,-0.033440
48,65,-0.033448
56,87,-0.033450
58,88,-0.033494
24,45,-0.033513
13,77,-0.033610
15,37,-0.033615
7,67,-0.033619
21,27,-0.033630
6,60,-0.033631
50,68,-0.033643
40,93,-0.033655
8,49,-0.033712
38,85,-0.033799
8,72,-0.033819
41,49,-0.033871
11,25,-0.033895
43,63,-0.033907
21,58,-0.033911
56,81,-0.033912
2,71,-0.033918
36,50,-0.033928
3,48,-0.033964
35,65,-0.033966
43,65,-0.033982
3,47,-0.034008
14,79,-0.034017
14,34,-0.034033
81,93,-0.034052
17,44,-0.034057
33,43,-0.034065
40,72,-0.034084
14,48,-0.034098
53,71,-0.034133
11,50,-0.034150
20,84,-0.034191
24,85,-0.034195
29,36,-0.034226
42,78,-0.034271
7,89,-0.034295
60,71,-0.034307
39,49,-0.034350
11,41,-0.034353
16,69,-0.034355
3,19,-0.034366
18,27,-0.034369
12,75,-0.034391
6,44,-0.034421
13,81,-0.034457
31,60,-0.034468
47,90,-0.034494
41,76,-0.034499
24,81,-0.034507
25,84,-0.034520
68,84,-0.034531
39,78,-0.034531
26,51,-0.034543
36,62,-0.034559
5,87,-0.034574
19,72,-0.034609
40,46,-0.034629
5,52,-0.034643
8,75,-0.034672
36,70,-0.034710
32,47,-0.034726
10,81,-0.034766
65,82,-0.034768
39,92,-0.034769
27,85,-0.034795
33,56,-0.034804
16,68,-0.034817
2,25,-0.034819
75,90,-0.034828
13,71,-0.034832
12,37,-0.034845
2,9,-0.034845
81,92,-0.034861
2,57,-0.034883
10,63,-0.034885
1,63,-0.034931
27,74,-0.034934
74,82,-0.035132
12,48,-0.035190
25,41,-0.035278
40,79,-0.035293
49,53,-0.035302
37,47,-0.035374
37,69,-0.035396
10,62,-0.035400
37,45,-0.035424
28,68,-0.035446
43,93,-0.035448
55,91,-0.035482
40,88,-0.035603
62,75,-0.035644
13,51,-0.035708
41,61,-0.035709
41,47,-0.035715
47,65,-0.035883
15,32,-0.035894
52,93,-0.035903
9,85,-0.035934
38,89,-0.035941
40,77,-0.035954
24,83,-0.035983
18,87,-0.035988
18,69,-0.036006
57,71,-0.036017
40,75,-0.036021
50,74,-0.036042
35,60,-0.036067
11,83,-0.036074
8,46,-0.036075
42,79,-0.036182
2,62,-0.036201
15,20,-0.036204
56,92,-0.036254
65,91,-0.036272
2,89,-0.036275
5,84,-0.036277
14,80,-0.036281
9,90,-0.036311
30,62,-0.036349
39,47,-0.036430
46,87,-0.036455
8,33,-0.036543
47,52,-0.036543
38,51,-0.036601
12,88,-0.036609
33,85,-0.036640
8,39,-0.036687
33,42,-0.036709
35,78,-0.036719
35,55,-0.036722
28,31,-0.036725
17,35,-0.036728
41,82,-0.036735
64,67,-0.036800
40,83,-0.036813
30,61,-0.036860
16,41,-0.036878
33,84,-0.036892
19,41,-0.036906
15,41,-0.036913
30,84,-0.036966
66,80,-0.036969
12,66,-0.037050
31,52,-0.037053
38,78,-0.037075
71,86,-0.037090
43,70,-0.037113
16,86,-0.037142
28,36,-0.037230
3,66,-0.037234
38,87,-0.037298
37,51,-0.037306
10,35,-0.037333
53,75,-0.037337
51,59,-0.037373
5,38,-0.037389
2,58,-0.037392
4,19,-0.037416
9,54,-0.037421
30,70,-0.037495
29,88,-0.037512
18,45,-0.037542
11,26,-0.037562
8,83,-0.037657
38,68,-0.037739
17,80,-0.037766
59,77,-0.037819
39,62,-0.037824
49,59,-0.037829
17,53,-0.037860
41,78,-0.037953
14,92,-0.037965
55,73,-0.037968
14,86,-0.038014
4,68,-0.038028
5,46,-0.038053
45,73,-0.038104
20,62,-0.038146
11,27,-0.038185
6,35,-0.038193
16,61,-0.038200
22,45,-0.038219
6,45,-0.038240
23,79,-0.038312
17,79,-0.038317
53,88,-0.038332
20,54,-0.038345
5,21,-0.038350
35,87,-0.038377
41,63,-0.038420
16,58,-0.038460
6,14,-0.038468
13,33,-0.038525
6,86,-0.038527
57,80,-0.038549
27,61,-0.038564
12,58,-0.038624
36,45,-0.038655
37,86,-0.038661
59,78,-0.038699
5,61,-0.038715
28,63,-0.038722
22,27,-0.038732
6,81,-0.038793
54,75,-0.038805
47,68,-0.038818
15,72,-0.038846
41,45,-0.038865
7,63,-0.038866
32,71,-0.038870
53,93,-0.038913
32,76,-0.038948
54,86,-0.038965
6,41,-0.039023
65,80,-0.039030
49,92,-0.039105
25,72,-0.039139
27,88,-0.039144
80,85,-0.039237
10,84,-0.039283
20,29,-0.039297
21,29,-0.039324
11,29,-0.039417
55,76,-0.039437
18,35,-0.039474
17,87,-0.039505
28,32,-0.039512
14,41,-0.039596
21,80,-0.039603
43,77,-0.039616
8,15,-0.039637
47,57,-0.039649
8,65,-0.039662
6,73,-0.039682
11,55,-0.039742
14,90,-0.039743
55,62,-0.039757
5,67,-0.039782
26,89,-0.039784
43,66,-0.039829
22,48,-0.039883
31,77,-0.039948
4,22,-0.039989
28,41,-0.039999
40,65,-0.040067
32,61,-0.040138
17,43,-0.040178
69,77,-0.040349
10,60,-0.040366
75,89,-0.040392
54,88,-0.040432
42,88,-0.040488
51,84,-0.040538
26,90,-0.040617
9,47,-0.040619
12,22,-0.040648
36,49,-0.040667
53,61,-0.040688
43,71,-0.040702
61,86,-0.040725
11,65,-0.040737
39,63,-0.040773
2,28,-0.040844
24,74,-0.040851
45,54,-0.040903
44,61,-0.040913
76,90,-0.040953
10,82,-0.040965
8,29,-0.040995
5,72,-0.041151
16,82,-0.041156
6,50,-0.041181
29,49,-0.041235
7,50,-0.041241
28,66,-0.041262
15,39,-0.041313
14,49,-0.041340
59,89,-0.041367
63,70,-0.041387
20,85,-0.041445
17,41,-0.041446
36,80,-0.041456
59,75,-0.041468
45,77,-0.041485
19,27,-0.041494
9,29,-0.041507
27,39,-0.041528
30,93,-0.041560
29,68,-0.041614
9,42,-0.041620
22,46,-0.041684
16,43,-0.041726
10,75,-0.041726
15,59,-0.041810
7,30,-0.041847
3,68,-0.041865
38,76,-0.041918
26,36,-0.041932
21,73,-0.041934
37,42,-0.041957
30,74,-0.041971
11,79,-0.041977
2,90,-0.042005
30,78,-0.042036
24,61,-0.042042
62,92,-0.042128
4,31,-0.042143
14,47,-0.042175
31,78,-0.042198
13,22,-0.042223
58,80,-0.042224
6,76,-0.042238
81,85,-0.042255
18,58,-0.042296
38,67,-0.042362
31,49,-0.042427
10,51,-0.042428
35,93,-0.042456
7,72,-0.042458
59,66,-0.042474
41,71,-0.042492
20,86,-0.042517
18,59,-0.042544
39,76,-0.042588
47,56,-0.042636
13,42,-0.042695
26,63,-0.042706
21,90,-0.042719
23,39,-0.042761
32,42,-0.042790
46,66,-0.042837
23,48,-0.042891
59,68,-0.042902
28,53,-0.042954
66,77,-0.043010
6,17,-0.043025
2,20,-0.043062
20,64,-0.043085
8,25,-0.043099
37,80,-0.043141
30,73,-0.043183
35,70,-0.043314
15,43,-0.043331
8,44,-0.043349
66,90,-0.043382
27,83,-0.043433
8,87,-0.043554
32,89,-0.043582
12,34,-0.043597
36,85,-0.043621
26,33,-0.043656
63,90,-0.043658
15,35,-0.043658
10,68,-0.043718
33,47,-0.043746
64,93,-0.043768
7,76,-0.043820
65,81,-0.043854
20,40,-0.043890
65,75,-0.044020
15,69,-0.044044
24,60,-0.044047
26,69,-0.044066
11,73,-0.044126
58,67,-0.044198
35,62,-0.044210
11,39,-0.044234
10,27,-0.044295
50,58,-0.044329
5,60,-0.044388
21,28,-0.044511
4,57,-0.044559
19,37,-0.044634
12,79,-0.044650
46,52,-0.044662
19,52,-0.044727
4,52,-0.044747
5,89,-0.044749
34,53,-0.044749
12,20,-0.044753
16,64,-0.044793
9,74,-0.044813
24,66,-0.044814
38,82,-0.044823
24,62,-0.044966
9,82,-0.045075
35,47,-0.045092
18,36,-0.045129
12,52,-0.045176
34,84,-0.045192
53,78,-0.045204
10,86,-0.045206
21,50,-0.045244
39,61,-0.045246
32,80,-0.045292
66,92,-0.045347
10,47,-0.045416
38,88,-0.045477
13,32,-0.045491
34,71,-0.045508
58,89,-0.045522
61,66,-0.045533
36,68,-0.045545
7,79,-0.045563
54,79,-0.045631
35,66,-0.045653
31,48,-0.045673
47,58,-0.045678
14,35,-0.045721
13,90,-0.045750
22,60,-0.045769
2,61,-0.045785
28,71,-0.045885
36,89,-0.045902
34,91,-0.045906
57,87,-0.045925
37,78,-0.046035
16,35,-0.046118
58,92,-0.046144
34,44,-0.046309
49,83,-0.046465
28,88,-0.046567
81,86,-0.046637
26,59,-0.046641
10,23,-0.046695
64,75,-0.046695
54,64,-0.046751
57,78,-0.046764
45,67,-0.046808
38,90,-0.046822
11,70,-0.046835
18,37,-0.046839
51,88,-0.046891
22,88,-0.046915
50,89,-0.046916
55,84,-0.046957
64,87,-0.047043
65,77,-0.047043
34,50,-0.047066
24,88,-0.047090
50,56,-0.047116
5,64,-0.047135
16,42,-0.047143
61,92,-0.047148
10,29,-0.047155
59,84,-0.047173
43,75,-0.047191
17,39,-0.047201
39,51,-0.047271
56,69,-0.047282
6,51,-0.047370
71,75,-0.047380
13,39,-0.047413
30,40,-0.047421
4,84,-0.047470
42,81,-0.047487
46,74,-0.047567
21,56,-0.047620
56,78,-0.047631
30,47,-0.047653
36,67,-0.047675
54,76,-0.047691
34,67,-0.047696
6,52,-0.047702
10,91,-0.047716
7,66,-0.047746
16,36,-0.047766
6,72,-0.047882
14,51,-0.047898
59,90,-0.047924
20,50,-0.047945
13,78,-0.047954
23,55,-0.047960
4,90,-0.048052
48,88,-0.048071
17,72,-0.048091
53,82,-0.048131
8,57,-0.048178
7,64,-0.048181
67,81,-0.048199
20,79,-0.048429
48,90,-0.048441
66,91,-0.048487
39,84,-0.048624
27,38,-0.048646
25,40,-0.048666
41,84,-0.048693
21,86,-0.048795
6,79,-0.048916
17,64,-0.048950
36,86,-0.049045
23,32,-0.049091
58,66,-0.049146
15,54,-0.049209
59,93,-0.049279
14,45,-0.049312
64,83,-0.049374
61,73,-0.049451
10,93,-0.049527
67,92,-0.049676
16,80,-0.049697
22,87,-0.049698
27,32,-0.049730
42,59,-0.049777
8,86,-0.049822
44,88,-0.049877
24,70,-0.049950
8,18,-0.049951
33,79,-0.049978
41,74,-0.050052
5,30,-0.050115
6,91,-0.050118
10,56,-0.050148
62,74,-0.050180
11,37,-0.050216
21,46,-0.050320
35,42,-0.050333
30,71,-0.050494
34,69,-0.050609
22,85,-0.050704
48,60,-0.050727
8,62,-0.050768
30,89,-0.050773
10,78,-0.050790
23,37,-0.050838
20,75,-0.050874
6,33,-0.050880
66,82,-0.050958
23,84,-0.051013
25,35,-0.051071
28,45,-0.051078
39,75,-0.051106
4,38,-0.051161
27,55,-0.051283
14,59,-0.051350
28,37,-0.051357
50,61,-0.051534
32,93,-0.051538
57,82,-0.051578
56,67,-0.051592
14,26,-0.051631
38,80,-0.051661
25,30,-0.051695
29,69,-0.051702
54,92,-0.051721
4,23,-0.051758
31,61,-0.051768
58,83,-0.051790
23,43,-0.051937
6,29,-0.052126
33,49,-0.052166
30,53,-0.052200
32,70,-0.052257
8,63,-0.052342
8,56,-0.052360
55,70,-0.052401
20,48,-0.052422
7,60,-0.052422
6,19,-0.052462
64,91,-0.052473
33,66,-0.052544
11,69,-0.052605
23,33,-0.052633
58,78,-0.052661
4,34,-0.052690
61,90,-0.052721
26,57,-0.052867
28,78,-0.052898
36,44,-0.052958
5,39,-0.052993
9,36,-0.053052
9,59,-0.053073
39,80,-0.053115
30,76,-0.053184
58,90,-0.053189
47,80,-0.053239
4,51,-0.053312
32,51,-0.053398
64,85,-0.053549
32,68,-0.053576
50,78,-0.053691
40,84,-0.053869
9,30,-0.053976
52,77,-0.053996
12,36,-0.054158
22,49,-0.054236
31,56,-0.054255
20,58,-0.054430
2,63,-0.054502
10,26,-0.054507
4,72,-0.054565
42,90,-0.054575
5,88,-0.054584
7,90,-0.054600
20,68,-0.054666
18,43,-0.054747
14,40,-0.054873
40,92,-0.054891
13,91,-0.054955
51,68,-0.055035
43,83,-0.055202
27,30,-0.055358
55,92,-0.055410
20,56,-0.055416
6,22,-0.055454
67,88,-0.055522
61,75,-0.055587
47,54,-0.055671
60,88,-0.055697
11,24,-0.055748
37,83,-0.055799
24,53,-0.055866
8,31,-0.055870
59,71,-0.055878
24,78,-0.055883
35,89,-0.055888
30,83,-0.056060
6,80,-0.056145
6,67,-0.056182
24,89,-0.056182
24,38,-0.056330
57,86,-0.056543
8,66,-0.056615
25,53,-0.056626
37,91,-0.056717
23,30,-0.056748
27,37,-0.056863
10,83,-0.056893
14,57,-0.056902
21,42,-0.056924
59,87,-0.056935
8,91,-0.057097
19,30,-0.057165
13,79,-0.057284
3,88,-0.057370
36,75,-0.057741
55,61,-0.057760
43,82,-0.057900
28,90,-0.057950
33,71,-0.057955
64,82,-0.058140
53,69,-0.058188
4,76,-0.058208
24,86,-0.058247
34,68,-0.058266
29,77,-0.058439
4,62,-0.058629
15,48,-0.058806
7,40,-0.058864
8,53,-0.059070
59,85,-0.059270
36,78,-0.059342
52,70,-0.059392
37,75,-0.059561
19,32,-0.059627
41,87,-0.059653
30,67,-0.059663
41,62,-0.059695
16,20,-0.059698
46,79,-0.059703
13,57,-0.059719
29,35,-0.059775
43,76,-0.059822
4,85,-0.059884
7,35,-0.059901
57,76,-0.059916
51,90,-0.060032
24,84,-0.060072
12,38,-0.060172
10,71,-0.060301
3,30,-0.060361
25,68,-0.060395
23,90,-0.060443
43,86,-0.060456
54,85,-0.060482
21,72,-0.060486
57,69,-0.060499
6,84,-0.060526
27,64,-0.060537
3,27,-0.060570
43,87,-0.060592
3,52,-0.060723
45,90,-0.060772
6,32,-0.060800
33,52,-0.060895
13,24,-0.060939
33,77,-0.061213
26,41,-0.061254
40,71,-0.061288
62,72,-0.061366
7,36,-0.061496
76,83,-0.061499
73,84,-0.061525
14,39,-0.061558
44,62,-0.061658
7,41,-0.061765
37,71,-0.061785
41,69,-0.061859
25,91,-0.061867
41,80,-0.061984
13,20,-0.062035
43,78,-0.062169
39,86,-0.062262
49,57,-0.062263
32,63,-0.062547
5,58,-0.062621
4,82,-0.062647
59,67,-0.062653
30,50,-0.062710
52,85,-0.062783
35,44,-0.062802
25,90,-0.062820
38,81,-0.062941
21,69,-0.062977
25,81,-0.063159
15,64,-0.063184
48,59,-0.063184
39,48,-0.063291
80,84,-0.063312
18,32,-0.063345
33,82,-0.063362
36,77,-0.063420
57,84,-0.063431
26,32,-0.063493
43,60,-0.063494
22,90,-0.063638
24,32,-0.063664
37,46,-0.063665
38,70,-0.063683
5,35,-0.063706
31,41,-0.063728
21,79,-0.063823
11,31,-0.063979
64,92,-0.064215
9,58,-0.064365
52,91,-0.064457
41,70,-0.064533
32,67,-0.064556
55,83,-0.064590
53,90,-0.064616
11,40,-0.064689
37,49,-0.064744
12,55,-0.064805
29,64,-0.064808
36,91,-0.064875
23,81,-0.065001
27,90,-0.065058
32,92,-0.065067
8,38,-0.065073
52,92,-0.065090
27,33,-0.065156
12,32,-0.065290
47,59,-0.065321
12,27,-0.065351
9,57,-0.065351
41,68,-0.065428
10,50,-0.065552
5,49,-0.065627
6,64,-0.065643
47,81,-0.065708
6,18,-0.065777
80,90,-0.065900
57,77,-0.065932
13,59,-0.065989
35,75,-0.066085
34,78,-0.066121
24,63,-0.066133
58,70,-0.066186
11,36,-0.066291
24,34,-0.066470
32,75,-0.066689
25,58,-0.066892
28,79,-0.066957
24,29,-0.066993
6,40,-0.067018
36,46,-0.067143
13,30,-0.067156
31,50,-0.067301
39,71,-0.067368
32,91,-0.067483
12,59,-0.067677
59,91,-0.067744
31,69,-0.067935
17,59,-0.067944
25,54,-0.068231
17,36,-0.068249
36,71,-0.068324
23,34,-0.068356
22,57,-0.068359
7,37,-0.068599
63,81,-0.068636
41,50,-0.068726
43,49,-0.068961
16,59,-0.068979
30,49,-0.069028
59,92,-0.069071
22,71,-0.069190
43,68,-0.069558
55,90,-0.069589
40,69,-0.069728
27,36,-0.069854
36,87,-0.069879
37,44,-0.069880
13,36,-0.069892
38,52,-0.070253
22,80,-0.070276
37,85,-0.070335
47,86,-0.070377
43,55,-0.070399
11,90,-0.070486
6,61,-0.070487
9,37,-0.070533
57,90,-0.070535
52,78,-0.070574
10,58,-0.070593
39,93,-0.070728
21,71,-0.070896
27,53,-0.070930
29,91,-0.070959
72,75,-0.070986
52,83,-0.071148
7,52,-0.071163
34,47,-0.071235
44,59,-0.071254
55,77,-0.071266
21,77,-0.071338
7,59,-0.071358
27,50,-0.071564
43,91,-0.071683
37,92,-0.071706
6,57,-0.071708
36,93,-0.071726
10,38,-0.071796
8,17,-0.071954
57,66,-0.071986
24,87,-0.072093
35,92,-0.072235
10,76,-0.072646
26,43,-0.072763
17,32,-0.073053
67,79,-0.073121
21,75,-0.073156
22,44,-0.073474
44,90,-0.073517
42,82,-0.073553
24,35,-0.073697
52,61,-0.073778
29,56,-0.073905
43,84,-0.073997
12,71,-0.074168
23,59,-0.074228
4,66,-0.074257
11,59,-0.074496
59,86,-0.074727
18,52,-0.074830
24,55,-0.075032
11,42,-0.075103
17,37,-0.075372
30,85,-0.075428
37,93,-0.075485
8,40,-0.075517
35,82,-0.075929
36,48,-0.076541
6,20,-0.076626
36,47,-0.076762
9,43,-0.076780
15,50,-0.077005
28,74,-0.077011
27,57,-0.077648
10,19,-0.077826
7,58,-0.078048
9,76,-0.078222
7,39,-0.078284
8,42,-0.078520
27,59,-0.078826
7,32,-0.078916
54,77,-0.078955
41,92,-0.079145
6,66,-0.079252
39,91,-0.079485
35,77,-0.079739
5,70,-0.079936
34,46,-0.080294
28,72,-0.080699
37,87,-0.082035
20,47,-0.083870
6,87,-0.083932
22,69,-0.084214
16,32,-0.084223
6,36,-0.084762
32,46,-0.085152
29,34,-0.085581
39,89,-0.085925
23,77,-0.086036
37,77,-0.087384
23,52,-0.087728
59,82,-0.088258
6,37,-0.088661
36,92,-0.088805
44,66,-0.089035
37,89,-0.089891
21,48,-0.090178
28,57,-0.090187
36,82,-0.091248
6,38,-0.092324
6,59,-0.092511
12,69,-0.092543
37,70,-0.094234
41,66,-0.094273
25,39,-0.100069
22,78,-0.103712
34,83,-0.104629
