# For publication of results, please cite:
# ...
# ... Michael Schantz Klausen, Martin Closter Jespersen, Henrik Nielsen, Kamilla Kjærgaard Jensen, 
# ... Vanessa Isabell Jurtz, Casper Kaae Sønderby, Morten Otto Alexander Sommer, Ole Winther, 
# ... Morten Nielsen, Bent Petersen, and Paolo Marcatili. 
# ... NetSurfP-2.0: Improved prediction of protein structural features by integrated deep learning.
# ... Proteins: Structure, Function, and Bioinformatics (Feb. 2019).
# ... https://doi.org/10.1002/prot.25674
# ...
#
# Column 1: Class assignment - B for buried or E for Exposed - Threshold: 25% exposure, but not based on RSA
# Column 2: Amino acid
# Column 3: Sequence name
# Column 4: Amino acid number
# Column 5: Relative Surface Accessibility - RSA
# Column 6: Absolute Surface Accessibility
# Column 7: Not used
# Column 8: Probability for Alpha-Helix
# Column 9: Probability for Beta-strand
# Column 10: Probability for Coil
E M  2FEEB                  1    0.809 161.979   0.000   0.000   0.000   1.000
E K  2FEEB                  2    0.786 161.764   0.000   0.001   0.000   0.998
E T  2FEEB                  3    0.747 103.669   0.000   0.004   0.001   0.995
E D  2FEEB                  4    0.849 122.407   0.000   0.004   0.000   0.995
E T  2FEEB                  5    0.654  90.644   0.000   0.001   0.001   0.998
E P  2FEEB                  6    0.661  93.838   0.000   0.010   0.001   0.989
E S  2FEEB                  7    0.728  85.352   0.000   0.018   0.002   0.980
E L  2FEEB                  8    0.519  95.051   0.000   0.015   0.004   0.981
E E  2FEEB                  9    0.763 133.305   0.000   0.009   0.002   0.989
E T  2FEEB                 10    0.511  70.826   0.000   0.011   0.002   0.987
E P  2FEEB                 11    0.518  73.489   0.000   0.086   0.001   0.913
E Q  2FEEB                 12    0.681 121.590   0.000   0.272   0.003   0.725
E A  2FEEB                 13    0.532  58.653   0.000   0.456   0.003   0.541
E A  2FEEB                 14    0.461  50.824   0.000   0.561   0.002   0.438
E R  2FEEB                 15    0.480 109.947   0.000   0.688   0.004   0.308
E L  2FEEB                 16    0.496  90.733   0.000   0.590   0.009   0.400
E R  2FEEB                 17    0.552 126.323   0.000   0.618   0.005   0.376
E R  2FEEB                 18    0.469 107.376   0.000   0.743   0.002   0.255
E R  2FEEB                 19    0.496 113.689   0.000   0.754   0.003   0.243
E Q  2FEEB                 20    0.554  98.991   0.000   0.874   0.002   0.125
E L  2FEEB                 21    0.327  59.861   0.000   0.887   0.002   0.111
B I  2FEEB                 22    0.249  46.088   0.000   0.907   0.002   0.091
E R  2FEEB                 23    0.494 113.078   0.000   0.929   0.002   0.069
E Q  2FEEB                 24    0.476  85.005   0.000   0.922   0.002   0.077
B L  2FEEB                 25    0.220  40.274   0.000   0.920   0.001   0.079
E L  2FEEB                 26    0.308  56.385   0.000   0.766   0.003   0.231
E E  2FEEB                 27    0.635 111.017   0.000   0.674   0.002   0.324
E R  2FEEB                 28    0.585 134.032   0.000   0.411   0.001   0.588
E D  2FEEB                 29    0.535  77.028   0.000   0.160   0.002   0.837
E K  2FEEB                 30    0.571 117.525   0.000   0.148   0.005   0.847
E T  2FEEB                 31    0.371  51.479   0.000   0.156   0.003   0.841
E P  2FEEB                 32    0.391  55.427   0.000   0.862   0.001   0.137
E L  2FEEB                 33    0.570 104.415   0.000   0.973   0.000   0.027
B A  2FEEB                 34    0.221  24.328   0.000   0.995   0.000   0.004
B I  2FEEB                 35    0.052   9.551   0.000   0.998   0.000   0.002
E L  2FEEB                 36    0.279  51.099   0.000   0.999   0.000   0.001
E F  2FEEB                 37    0.525 105.443   0.000   0.999   0.000   0.001
B M  2FEEB                 38    0.171  34.270   0.000   0.999   0.000   0.001
B A  2FEEB                 39    0.018   1.935   0.000   0.999   0.000   0.001
E A  2FEEB                 40    0.296  32.583   0.000   1.000   0.000   0.000
E V  2FEEB                 41    0.457  70.282   0.000   1.000   0.000   0.000
B V  2FEEB                 42    0.098  15.035   0.000   0.999   0.000   0.001
B G  2FEEB                 43    0.023   1.795   0.000   1.000   0.000   0.000
E T  2FEEB                 44    0.366  50.803   0.000   1.000   0.000   0.000
E L  2FEEB                 45    0.417  76.436   0.000   1.000   0.000   0.000
B V  2FEEB                 46    0.045   6.850   0.000   0.999   0.000   0.001
B G  2FEEB                 47    0.044   3.426   0.000   1.000   0.000   0.000
E L  2FEEB                 48    0.421  77.161   0.000   0.999   0.000   0.001
E A  2FEEB                 49    0.261  28.792   0.000   0.998   0.000   0.002
B A  2FEEB                 50    0.036   3.922   0.000   0.998   0.000   0.002
B V  2FEEB                 51    0.220  33.810   0.000   0.997   0.000   0.003
E A  2FEEB                 52    0.338  37.222   0.000   0.993   0.000   0.007
B F  2FEEB                 53    0.211  42.400   0.000   0.995   0.000   0.005
B D  2FEEB                 54    0.210  30.293   0.000   0.997   0.000   0.003
E K  2FEEB                 55    0.464  95.360   0.000   0.992   0.000   0.008
B G  2FEEB                 56    0.188  14.759   0.000   0.983   0.000   0.017
B V  2FEEB                 57    0.128  19.610   0.000   0.991   0.000   0.009
E A  2FEEB                 58    0.265  29.245   0.000   0.991   0.000   0.009
E W  2FEEB                 59    0.471 113.388   0.000   0.983   0.000   0.017
B L  2FEEB                 60    0.242  44.266   0.000   0.974   0.000   0.026
B Q  2FEEB                 61    0.242  43.134   0.000   0.951   0.000   0.048
E N  2FEEB                 62    0.479  70.178   0.000   0.921   0.001   0.078
E Q  2FEEB                 63    0.504  89.984   0.000   0.906   0.002   0.092
E R  2FEEB                 64    0.397  90.944   0.000   0.859   0.001   0.139
B M  2FEEB                 65    0.243  48.706   0.000   0.793   0.001   0.206
E G  2FEEB                 66    0.410  32.278   0.000   0.738   0.002   0.260
E A  2FEEB                 67    0.367  40.431   0.000   0.774   0.002   0.224
B L  2FEEB                 68    0.226  41.329   0.000   0.678   0.012   0.310
E V  2FEEB                 69    0.411  63.215   0.000   0.572   0.015   0.413
E H  2FEEB                 70    0.675 122.784   0.000   0.511   0.007   0.482
E T  2FEEB                 71    0.385  53.412   0.000   0.311   0.016   0.673
E A  2FEEB                 72    0.456  50.257   0.000   0.326   0.012   0.662
E D  2FEEB                 73    0.793 114.200   0.000   0.306   0.004   0.691
E N  2FEEB                 74    0.580  84.973   0.000   0.268   0.006   0.726
E Y  2FEEB                 75    0.400  85.389   0.000   0.400   0.006   0.594
E P  2FEEB                 76    0.518  73.484   0.000   0.850   0.001   0.149
E L  2FEEB                 77    0.596 109.037   0.000   0.921   0.001   0.078
B L  2FEEB                 78    0.140  25.719   0.000   0.980   0.000   0.020
B L  2FEEB                 79    0.132  24.249   0.000   0.991   0.000   0.009
E T  2FEEB                 80    0.473  65.646   0.000   0.992   0.000   0.008
E V  2FEEB                 81    0.351  53.945   0.000   0.994   0.000   0.006
B A  2FEEB                 82    0.049   5.382   0.000   0.996   0.000   0.004
B F  2FEEB                 83    0.213  42.650   0.000   0.996   0.000   0.004
E L  2FEEB                 84    0.463  84.765   0.000   0.996   0.000   0.004
B C  2FEEB                 85    0.246  34.507   0.000   0.995   0.000   0.005
B S  2FEEB                 86    0.012   1.356   0.000   0.997   0.000   0.003
B A  2FEEB                 87    0.191  21.012   0.000   0.999   0.000   0.001
E V  2FEEB                 88    0.446  68.599   0.000   0.999   0.000   0.001
B L  2FEEB                 89    0.180  33.015   0.000   0.999   0.000   0.001
B A  2FEEB                 90    0.015   1.699   0.000   0.999   0.000   0.001
E M  2FEEB                 91    0.284  56.772   0.000   0.998   0.000   0.002
E F  2FEEB                 92    0.473  94.855   0.000   0.995   0.000   0.005
B G  2FEEB                 93    0.029   2.255   0.000   0.997   0.000   0.003
B Y  2FEEB                 94    0.089  18.960   0.000   0.996   0.000   0.004
E F  2FEEB                 95    0.417  83.663   0.000   0.995   0.000   0.005
E L  2FEEB                 96    0.317  58.008   0.000   0.994   0.000   0.006
B V  2FEEB                 97    0.044   6.736   0.000   0.994   0.000   0.005
E R  2FEEB                 98    0.322  73.832   0.000   0.984   0.000   0.016
E K  2FEEB                 99    0.662 136.136   0.000   0.953   0.000   0.047
E Y  2FEEB                100    0.525 112.136   0.000   0.879   0.000   0.120
B A  2FEEB                101    0.075   8.250   0.000   0.038   0.004   0.958
E P  2FEEB                102    0.506  71.770   0.000   0.594   0.001   0.406
E E  2FEEB                103    0.535  93.490   0.000   0.670   0.003   0.327
B A  2FEEB                104    0.060   6.659   0.000   0.519   0.021   0.460
B G  2FEEB                105    0.218  17.158   0.000   0.173   0.058   0.769
B G  2FEEB                106    0.198  15.597   0.000   0.078   0.044   0.877
B S  2FEEB                107    0.116  13.642   0.000   0.037   0.076   0.887
B G  2FEEB                108    0.036   2.843   0.000   0.363   0.009   0.627
B I  2FEEB                109    0.069  12.756   0.000   0.965   0.000   0.034
B P  2FEEB                110    0.166  23.523   0.000   0.991   0.000   0.009
B E  2FEEB                111    0.167  29.131   0.000   0.996   0.000   0.004
B I  2FEEB                112    0.022   4.001   0.000   0.998   0.000   0.002
E E  2FEEB                113    0.255  44.538   0.000   0.995   0.000   0.004
B G  2FEEB                114    0.073   5.748   0.000   0.996   0.000   0.004
B A  2FEEB                115    0.109  11.978   0.000   0.992   0.000   0.008
B L  2FEEB                116    0.176  32.282   0.000   0.883   0.002   0.115
E E  2FEEB                117    0.516  90.108   0.000   0.308   0.002   0.690
E D  2FEEB                118    0.678  97.747   0.000   0.060   0.001   0.938
E Q  2FEEB                119    0.641 114.447   0.000   0.033   0.004   0.963
E R  2FEEB                120    0.530 121.397   0.000   0.003   0.009   0.987
E P  2FEEB                121    0.541  76.802   0.000   0.010   0.009   0.982
B V  2FEEB                122    0.233  35.860   0.000   0.044   0.101   0.855
E R  2FEEB                123    0.518 118.637   0.000   0.052   0.039   0.908
E W  2FEEB                124    0.434 104.479   0.000   0.342   0.015   0.643
E W  2FEEB                125    0.666 160.112   0.000   0.772   0.002   0.226
E R  2FEEB                126    0.431  98.716   0.000   0.845   0.001   0.154
B V  2FEEB                127    0.055   8.445   0.000   0.946   0.000   0.054
E L  2FEEB                128    0.333  60.897   0.000   0.995   0.000   0.005
E P  2FEEB                129    0.454  64.437   0.000   0.993   0.000   0.007
B V  2FEEB                130    0.080  12.265   0.000   0.999   0.000   0.001
B K  2FEEB                131    0.053  10.878   0.000   0.999   0.000   0.001
E F  2FEEB                132    0.319  64.082   0.000   0.999   0.000   0.001
E F  2FEEB                133    0.430  86.386   0.000   0.998   0.000   0.002
B G  2FEEB                134    0.008   0.644   0.000   0.999   0.000   0.001
B G  2FEEB                135    0.020   1.544   0.000   0.999   0.000   0.001
E L  2FEEB                136    0.305  55.852   0.000   0.998   0.000   0.002
B G  2FEEB                137    0.105   8.293   0.000   0.996   0.000   0.004
B T  2FEEB                138    0.010   1.417   0.000   0.994   0.000   0.006
B L  2FEEB                139    0.105  19.137   0.000   0.977   0.000   0.023
B G  2FEEB                140    0.146  11.483   0.000   0.904   0.001   0.095
B G  2FEEB                141    0.047   3.696   0.000   0.548   0.001   0.451
B G  2FEEB                142    0.059   4.682   0.000   0.071   0.001   0.928
B M  2FEEB                143    0.092  18.437   0.000   0.062   0.016   0.922
B V  2FEEB                144    0.102  15.602   0.000   0.040   0.040   0.920
B L  2FEEB                145    0.058  10.681   0.000   0.068   0.059   0.873
B G  2FEEB                146    0.056   4.393   0.000   0.158   0.059   0.783
B R  2FEEB                147    0.155  35.490   0.000   0.187   0.027   0.787
B E  2FEEB                148    0.041   7.238   0.000   0.460   0.012   0.528
B G  2FEEB                149    0.014   1.072   0.000   0.973   0.000   0.026
B P  2FEEB                150    0.032   4.534   0.000   0.991   0.000   0.009
B T  2FEEB                151    0.047   6.541   0.000   0.994   0.000   0.006
B V  2FEEB                152    0.038   5.874   0.000   0.999   0.000   0.001
B Q  2FEEB                153    0.043   7.697   0.000   1.000   0.000   0.000
B I  2FEEB                154    0.080  14.882   0.000   0.999   0.000   0.001
B G  2FEEB                155    0.016   1.272   0.000   0.999   0.000   0.001
B G  2FEEB                156    0.009   0.719   0.000   0.998   0.000   0.002
B N  2FEEB                157    0.059   8.641   0.000   0.993   0.000   0.007
B I  2FEEB                158    0.128  23.703   0.000   0.986   0.000   0.014
B G  2FEEB                159    0.012   0.965   0.000   0.995   0.000   0.005
B R  2FEEB                160    0.152  34.873   0.000   0.995   0.000   0.005
B M  2FEEB                161    0.185  37.048   0.000   0.994   0.000   0.006
B V  2FEEB                162    0.117  18.015   0.000   0.988   0.000   0.012
B L  2FEEB                163    0.036   6.508   0.000   0.993   0.000   0.007
E D  2FEEB                164    0.529  76.297   0.000   0.978   0.000   0.022
E I  2FEEB                165    0.492  91.017   0.000   0.929   0.000   0.071
E F  2FEEB                166    0.442  88.769   0.000   0.190   0.000   0.810
E R  2FEEB                167    0.729 166.845   0.000   0.012   0.001   0.988
B L  2FEEB                168    0.138  25.227   0.000   0.003   0.003   0.994
E K  2FEEB                169    0.724 148.838   0.000   0.006   0.005   0.989
E G  2FEEB                170    0.419  32.946   0.000   0.515   0.000   0.484
E D  2FEEB                171    0.700 100.839   0.000   0.916   0.000   0.083
E E  2FEEB                172    0.471  82.288   0.000   0.967   0.000   0.033
B A  2FEEB                173    0.076   8.343   0.000   0.989   0.000   0.011
E R  2FEEB                174    0.252  57.696   0.000   0.996   0.000   0.004
E H  2FEEB                175    0.313  56.845   0.000   0.999   0.000   0.001
B T  2FEEB                176    0.090  12.483   0.000   1.000   0.000   0.000
B L  2FEEB                177    0.040   7.328   0.000   1.000   0.000   0.000
B L  2FEEB                178    0.143  26.145   0.000   1.000   0.000   0.000
B A  2FEEB                179    0.070   7.738   0.000   1.000   0.000   0.000
B T  2FEEB                180    0.015   2.060   0.000   0.999   0.000   0.001
B G  2FEEB                181    0.020   1.570   0.000   1.000   0.000   0.000
B A  2FEEB                182    0.064   7.009   0.000   0.999   0.000   0.001
B A  2FEEB                183    0.031   3.396   0.000   0.999   0.000   0.001
B A  2FEEB                184    0.010   1.093   0.000   0.999   0.000   0.001
B G  2FEEB                185    0.031   2.412   0.000   0.999   0.000   0.001
B L  2FEEB                186    0.161  29.482   0.000   0.998   0.000   0.002
B A  2FEEB                187    0.013   1.412   0.000   0.998   0.000   0.002
B A  2FEEB                188    0.013   1.419   0.000   0.990   0.000   0.010
B A  2FEEB                189    0.131  14.479   0.000   0.878   0.001   0.121
B F  2FEEB                190    0.177  35.472   0.000   0.245   0.000   0.755
B N  2FEEB                191    0.122  17.889   0.000   0.020   0.000   0.980
B A  2FEEB                192    0.011   1.210   0.000   0.054   0.008   0.938
B P  2FEEB                193    0.066   9.343   0.000   0.316   0.009   0.675
B L  2FEEB                194    0.188  34.384   0.000   0.886   0.007   0.108
B A  2FEEB                195    0.017   1.908   0.000   0.993   0.000   0.006
B G  2FEEB                196    0.007   0.588   0.000   0.999   0.000   0.001
B I  2FEEB                197    0.108  19.946   0.000   0.999   0.000   0.001
B L  2FEEB                198    0.136  24.968   0.000   0.999   0.000   0.001
B F  2FEEB                199    0.039   7.764   0.000   0.999   0.000   0.001
B I  2FEEB                200    0.046   8.461   0.000   0.998   0.000   0.002
B I  2FEEB                201    0.176  32.563   0.000   0.994   0.000   0.006
B E  2FEEB                202    0.057   9.975   0.000   0.988   0.000   0.011
B E  2FEEB                203    0.112  19.639   0.000   0.953   0.001   0.046
B M  2FEEB                204    0.196  39.256   0.000   0.749   0.002   0.249
E R  2FEEB                205    0.306  70.109   0.000   0.106   0.006   0.887
E P  2FEEB                206    0.535  75.976   0.000   0.168   0.002   0.830
E Q  2FEEB                207    0.614 109.643   0.000   0.156   0.008   0.837
E F  2FEEB                208    0.294  59.062   0.000   0.127   0.058   0.816
E R  2FEEB                209    0.605 138.524   0.000   0.115   0.047   0.838
E Y  2FEEB                210    0.425  90.906   0.000   0.211   0.071   0.718
E T  2FEEB                211    0.392  54.327   0.000   0.259   0.025   0.716
E L  2FEEB                212    0.574 105.109   0.000   0.835   0.011   0.154
E I  2FEEB                213    0.274  50.736   0.000   0.868   0.006   0.126
B S  2FEEB                214    0.040   4.706   0.000   0.925   0.002   0.074
E I  2FEEB                215    0.352  65.152   0.000   0.980   0.000   0.020
E K  2FEEB                216    0.501 103.007   0.000   0.989   0.000   0.011
B A  2FEEB                217    0.016   1.764   0.000   0.997   0.000   0.002
B V  2FEEB                218    0.040   6.196   0.000   0.999   0.000   0.001
E F  2FEEB                219    0.438  87.866   0.000   0.999   0.000   0.001
E I  2FEEB                220    0.288  53.334   0.000   0.999   0.000   0.001
B G  2FEEB                221    0.002   0.160   0.000   1.000   0.000   0.000
B V  2FEEB                222    0.086  13.193   0.000   0.999   0.000   0.001
E I  2FEEB                223    0.433  80.178   0.000   0.999   0.000   0.001
B M  2FEEB                224    0.148  29.658   0.000   0.997   0.000   0.003
B S  2FEEB                225    0.007   0.771   0.000   0.998   0.000   0.002
B T  2FEEB                226    0.206  28.572   0.000   0.997   0.000   0.003
E I  2FEEB                227    0.433  80.074   0.000   0.992   0.000   0.008
B M  2FEEB                228    0.109  21.771   0.000   0.991   0.000   0.009
B Y  2FEEB                229    0.104  22.120   0.000   0.987   0.000   0.013
E R  2FEEB                230    0.546 124.953   0.000   0.977   0.000   0.023
E I  2FEEB                231    0.636 117.722   0.000   0.896   0.001   0.103
E F  2FEEB                232    0.417  83.741   0.000   0.388   0.001   0.611
E N  2FEEB                233    0.650  95.203   0.000   0.041   0.002   0.957
E H  2FEEB                234    0.325  59.104   0.000   0.018   0.009   0.973
E E  2FEEB                235    0.724 126.459   0.000   0.024   0.017   0.959
E V  2FEEB                236    0.302  46.431   0.000   0.029   0.217   0.754
B A  2FEEB                237    0.199  21.968   0.000   0.046   0.295   0.659
B L  2FEEB                238    0.204  37.400   0.000   0.039   0.307   0.655
B I  2FEEB                239    0.135  24.908   0.000   0.022   0.563   0.415
E D  2FEEB                240    0.461  66.359   0.000   0.013   0.574   0.413
B V  2FEEB                241    0.162  24.959   0.000   0.129   0.220   0.651
E G  2FEEB                242    0.400  31.468   0.000   0.155   0.132   0.713
E K  2FEEB                243    0.611 125.633   0.000   0.244   0.083   0.673
E L  2FEEB                244    0.268  49.121   0.000   0.278   0.064   0.657
E S  2FEEB                245    0.555  65.013   0.000   0.192   0.031   0.777
E D  2FEEB                246    0.808 116.413   0.000   0.235   0.009   0.756
B A  2FEEB                247    0.205  22.587   0.000   0.012   0.012   0.976
E P  2FEEB                248    0.439  62.349   0.000   0.017   0.009   0.974
E L  2FEEB                249    0.651 119.119   0.000   0.891   0.001   0.107
E N  2FEEB                250    0.684 100.128   0.000   0.903   0.000   0.097
B T  2FEEB                251    0.096  13.295   0.000   0.928   0.000   0.072
B L  2FEEB                252    0.144  26.429   0.000   0.974   0.000   0.026
E W  2FEEB                253    0.621 149.268   0.000   0.989   0.000   0.011
E L  2FEEB                254    0.276  50.562   0.000   0.994   0.000   0.006
B Y  2FEEB                255    0.022   4.745   0.000   0.998   0.000   0.002
E L  2FEEB                256    0.268  49.089   0.000   0.999   0.000   0.001
E I  2FEEB                257    0.472  87.250   0.000   0.999   0.000   0.001
B L  2FEEB                258    0.118  21.553   0.000   0.999   0.000   0.001
B G  2FEEB                259    0.008   0.623   0.000   0.999   0.000   0.001
E I  2FEEB                260    0.305  56.479   0.000   0.999   0.000   0.001
E I  2FEEB                261    0.404  74.748   0.000   0.998   0.000   0.002
B F  2FEEB                262    0.041   8.167   0.000   0.990   0.000   0.010
B G  2FEEB                263    0.032   2.485   0.000   0.995   0.000   0.005
E I  2FEEB                264    0.401  74.109   0.000   0.946   0.000   0.054
E F  2FEEB                265    0.260  52.247   0.000   0.924   0.000   0.076
B G  2FEEB                266    0.016   1.253   0.000   0.996   0.000   0.004
B P  2FEEB                267    0.167  23.724   0.000   0.996   0.000   0.004
E I  2FEEB                268    0.345  63.768   0.000   0.996   0.000   0.004
B F  2FEEB                269    0.136  27.195   0.000   0.997   0.000   0.003
B N  2FEEB                270    0.087  12.755   0.000   0.998   0.000   0.002
E K  2FEEB                271    0.431  88.614   0.000   0.996   0.000   0.004
E W  2FEEB                272    0.319  76.722   0.000   0.986   0.000   0.014
B V  2FEEB                273    0.107  16.491   0.000   0.992   0.000   0.008
E L  2FEEB                274    0.276  50.504   0.000   0.983   0.000   0.017
E G  2FEEB                275    0.290  22.816   0.000   0.963   0.000   0.037
B M  2FEEB                276    0.208  41.676   0.000   0.948   0.000   0.052
E Q  2FEEB                277    0.261  46.588   0.000   0.977   0.000   0.023
E D  2FEEB                278    0.481  69.244   0.000   0.977   0.000   0.023
E L  2FEEB                279    0.375  68.611   0.000   0.968   0.000   0.032
B L  2FEEB                280    0.188  34.477   0.000   0.961   0.000   0.039
E H  2FEEB                281    0.389  70.734   0.000   0.928   0.001   0.071
E R  2FEEB                282    0.699 160.037   0.000   0.916   0.001   0.084
E V  2FEEB                283    0.584  89.830   0.000   0.803   0.002   0.195
E H  2FEEB                284    0.499  90.758   0.000   0.432   0.003   0.565
E G  2FEEB                285    0.744  58.570   0.000   0.081   0.001   0.918
E G  2FEEB                286    0.519  40.815   0.000   0.075   0.006   0.919
E N  2FEEB                287    0.515  75.426   0.000   0.101   0.009   0.890
E I  2FEEB                288    0.303  56.118   0.000   0.835   0.003   0.162
E T  2FEEB                289    0.548  75.986   0.000   0.925   0.002   0.074
E K  2FEEB                290    0.428  88.103   0.000   0.969   0.001   0.029
B W  2FEEB                291    0.160  38.481   0.000   0.975   0.001   0.024
B V  2FEEB                292    0.224  34.454   0.000   0.993   0.000   0.007
E L  2FEEB                293    0.427  78.255   0.000   0.990   0.000   0.010
B M  2FEEB                294    0.212  42.325   0.000   0.975   0.000   0.025
B G  2FEEB                295    0.021   1.636   0.000   0.995   0.000   0.005
B G  2FEEB                296    0.130  10.200   0.000   0.997   0.000   0.003
E A  2FEEB                297    0.388  42.782   0.000   0.998   0.000   0.002
B I  2FEEB                298    0.127  23.485   0.000   0.998   0.000   0.002
B G  2FEEB                299    0.008   0.634   0.000   0.999   0.000   0.001
E G  2FEEB                300    0.254  19.992   0.000   0.999   0.000   0.001
E L  2FEEB                301    0.437  80.031   0.000   0.999   0.000   0.001
B C  2FEEB                302    0.030   4.205   0.000   0.997   0.000   0.003
B G  2FEEB                303    0.022   1.740   0.000   0.998   0.000   0.002
E L  2FEEB                304    0.394  72.112   0.000   0.995   0.000   0.005
E L  2FEEB                305    0.286  52.321   0.000   0.991   0.000   0.009
B G  2FEEB                306    0.014   1.087   0.000   0.988   0.000   0.011
B F  2FEEB                307    0.222  44.507   0.000   0.920   0.001   0.079
E V  2FEEB                308    0.398  61.163   0.000   0.776   0.001   0.223
B A  2FEEB                309    0.162  17.815   0.000   0.832   0.000   0.168
B P  2FEEB                310    0.237  33.679   0.000   0.860   0.000   0.139
E A  2FEEB                311    0.303  33.424   0.000   0.899   0.004   0.097
B T  2FEEB                312    0.217  30.048   0.000   0.836   0.015   0.149
B S  2FEEB                313    0.239  28.026   0.000   0.528   0.013   0.459
E G  2FEEB                314    0.257  20.195   0.000   0.053   0.010   0.936
B G  2FEEB                315    0.149  11.692   0.000   0.102   0.029   0.869
B G  2FEEB                316    0.073   5.716   0.000   0.230   0.026   0.743
E F  2FEEB                317    0.252  50.606   0.000   0.261   0.025   0.714
E N  2FEEB                318    0.345  50.563   0.000   0.330   0.011   0.659
B L  2FEEB                319    0.049   9.026   0.000   0.714   0.001   0.285
B I  2FEEB                320    0.065  11.982   0.000   0.988   0.000   0.012
E P  2FEEB                321    0.266  37.754   0.000   0.997   0.000   0.002
B I  2FEEB                322    0.155  28.718   0.000   0.998   0.000   0.002
B A  2FEEB                323    0.065   7.211   0.000   0.992   0.000   0.008
E T  2FEEB                324    0.307  42.627   0.000   0.894   0.001   0.105
E A  2FEEB                325    0.530  58.431   0.000   0.277   0.001   0.722
E G  2FEEB                326    0.539  42.396   0.000   0.008   0.001   0.992
E N  2FEEB                327    0.712 104.209   0.000   0.003   0.003   0.994
B F  2FEEB                328    0.226  45.390   0.000   0.007   0.010   0.983
E S  2FEEB                329    0.519  60.851   0.000   0.018   0.003   0.980
E M  2FEEB                330    0.657 131.515   0.000   0.946   0.000   0.054
E G  2FEEB                331    0.505  39.711   0.000   0.971   0.000   0.029
B M  2FEEB                332    0.091  18.238   0.000   0.993   0.000   0.007
B L  2FEEB                333    0.074  13.501   0.000   0.998   0.000   0.002
E V  2FEEB                334    0.451  69.344   0.000   0.998   0.000   0.002
E F  2FEEB                335    0.399  80.169   0.000   0.998   0.000   0.002
B I  2FEEB                336    0.031   5.789   0.000   0.999   0.000   0.001
B F  2FEEB                337    0.236  47.309   0.000   0.999   0.000   0.001
E V  2FEEB                338    0.461  70.888   0.000   0.999   0.000   0.001
B A  2FEEB                339    0.159  17.503   0.000   0.999   0.000   0.001
B R  2FEEB                340    0.035   7.913   0.000   0.999   0.000   0.001
B V  2FEEB                341    0.225  34.641   0.000   0.999   0.000   0.001
E I  2FEEB                342    0.441  81.541   0.000   0.999   0.000   0.001
B T  2FEEB                343    0.055   7.563   0.000   0.999   0.000   0.001
B T  2FEEB                344    0.016   2.151   0.000   0.998   0.000   0.002
E L  2FEEB                345    0.268  49.093   0.000   0.998   0.000   0.002
E L  2FEEB                346    0.318  58.210   0.000   0.995   0.000   0.005
B C  2FEEB                347    0.008   1.136   0.000   0.990   0.000   0.010
B F  2FEEB                348    0.167  33.475   0.000   0.965   0.001   0.034
E S  2FEEB                349    0.251  29.420   0.000   0.794   0.001   0.205
B S  2FEEB                350    0.098  11.450   0.000   0.331   0.001   0.667
B G  2FEEB                351    0.234  18.416   0.000   0.002   0.002   0.996
B A  2FEEB                352    0.083   9.102   0.000   0.003   0.059   0.939
B P  2FEEB                353    0.143  20.247   0.000   0.006   0.078   0.916
B G  2FEEB                354    0.046   3.607   0.000   0.058   0.103   0.839
B G  2FEEB                355    0.081   6.406   0.000   0.151   0.051   0.798
B I  2FEEB                356    0.086  15.985   0.000   0.339   0.013   0.649
B F  2FEEB                357    0.063  12.559   0.000   0.784   0.001   0.214
B A  2FEEB                358    0.089   9.769   0.000   0.995   0.000   0.005
B P  2FEEB                359    0.046   6.501   0.000   0.997   0.000   0.003
B M  2FEEB                360    0.022   4.316   0.000   0.999   0.000   0.001
B L  2FEEB                361    0.053   9.684   0.000   0.999   0.000   0.001
B A  2FEEB                362    0.123  13.534   0.000   0.999   0.000   0.001
B L  2FEEB                363    0.109  19.941   0.000   0.999   0.000   0.001
B G  2FEEB                364    0.008   0.595   0.000   1.000   0.000   0.000
B T  2FEEB                365    0.021   2.955   0.000   0.999   0.000   0.001
B V  2FEEB                366    0.136  20.921   0.000   0.999   0.000   0.001
B L  2FEEB                367    0.172  31.457   0.000   0.998   0.000   0.002
B G  2FEEB                368    0.006   0.450   0.000   1.000   0.000   0.000
B T  2FEEB                369    0.072  10.022   0.000   0.999   0.000   0.001
B A  2FEEB                370    0.236  26.053   0.000   0.998   0.000   0.002
B F  2FEEB                371    0.188  37.827   0.000   0.998   0.000   0.002
B G  2FEEB                372    0.005   0.414   0.000   0.999   0.000   0.001
B M  2FEEB                373    0.145  28.945   0.000   0.998   0.000   0.002
E V  2FEEB                374    0.271  41.666   0.000   0.994   0.000   0.006
B A  2FEEB                375    0.083   9.178   0.000   0.995   0.000   0.005
B V  2FEEB                376    0.107  16.447   0.000   0.991   0.000   0.009
E E  2FEEB                377    0.573 100.083   0.000   0.968   0.000   0.032
E L  2FEEB                378    0.593 108.638   0.000   0.921   0.000   0.079
E F  2FEEB                379    0.286  57.454   0.000   0.016   0.001   0.982
E P  2FEEB                380    0.596  84.583   0.000   0.639   0.000   0.361
E Q  2FEEB                381    0.746 133.192   0.000   0.558   0.001   0.442
E Y  2FEEB                382    0.286  61.102   0.000   0.348   0.008   0.643
E H  2FEEB                383    0.770 140.023   0.000   0.024   0.007   0.969
B L  2FEEB                384    0.170  31.110   0.000   0.038   0.035   0.927
E E  2FEEB                385    0.553  96.582   0.000   0.016   0.005   0.980
B A  2FEEB                386    0.221  24.319   0.000   0.942   0.000   0.057
B G  2FEEB                387    0.218  17.138   0.000   0.986   0.000   0.014
B T  2FEEB                388    0.151  21.004   0.000   0.996   0.000   0.004
B F  2FEEB                389    0.029   5.742   0.000   0.998   0.000   0.002
B A  2FEEB                390    0.048   5.254   0.000   0.999   0.000   0.001
B I  2FEEB                391    0.236  43.632   0.000   0.999   0.000   0.001
B A  2FEEB                392    0.057   6.273   0.000   0.999   0.000   0.001
B G  2FEEB                393    0.011   0.902   0.000   1.000   0.000   0.000
B M  2FEEB                394    0.108  21.586   0.000   0.999   0.000   0.001
B G  2FEEB                395    0.061   4.809   0.000   0.998   0.000   0.002
B A  2FEEB                396    0.010   1.120   0.000   0.999   0.000   0.001
B L  2FEEB                397    0.077  14.104   0.000   0.997   0.000   0.003
B L  2FEEB                398    0.191  35.007   0.000   0.992   0.000   0.008
B A  2FEEB                399    0.016   1.735   0.000   0.991   0.000   0.008
B A  2FEEB                400    0.015   1.696   0.000   0.981   0.000   0.019
B S  2FEEB                401    0.100  11.739   0.000   0.911   0.001   0.088
B I  2FEEB                402    0.129  23.888   0.000   0.582   0.002   0.416
B R  2FEEB                403    0.189  43.345   0.000   0.111   0.002   0.887
B A  2FEEB                404    0.017   1.854   0.000   0.035   0.004   0.961
B P  2FEEB                405    0.085  12.082   0.000   0.339   0.021   0.640
B L  2FEEB                406    0.152  27.831   0.000   0.912   0.007   0.081
B T  2FEEB                407    0.013   1.864   0.000   0.994   0.001   0.005
B G  2FEEB                408    0.011   0.876   0.000   0.999   0.000   0.001
B I  2FEEB                409    0.119  21.940   0.000   1.000   0.000   0.000
B I  2FEEB                410    0.080  14.777   0.000   1.000   0.000   0.000
B L  2FEEB                411    0.035   6.380   0.000   1.000   0.000   0.000
B V  2FEEB                412    0.067  10.236   0.000   0.999   0.000   0.001
B L  2FEEB                413    0.162  29.746   0.000   0.998   0.000   0.001
B E  2FEEB                414    0.057   9.983   0.000   0.996   0.000   0.004
B M  2FEEB                415    0.072  14.421   0.000   0.932   0.001   0.068
B T  2FEEB                416    0.111  15.341   0.000   0.652   0.001   0.347
E D  2FEEB                417    0.560  80.761   0.000   0.002   0.000   0.998
E N  2FEEB                418    0.258  37.732   0.000   0.007   0.005   0.988
E Y  2FEEB                419    0.515 109.987   0.000   0.638   0.002   0.360
E Q  2FEEB                420    0.514  91.740   0.000   0.651   0.001   0.348
B L  2FEEB                421    0.053   9.640   0.000   0.789   0.000   0.210
B I  2FEEB                422    0.138  25.603   0.000   0.980   0.000   0.020
E L  2FEEB                423    0.383  70.087   0.000   0.999   0.000   0.001
B P  2FEEB                424    0.093  13.217   0.000   0.999   0.000   0.001
B M  2FEEB                425    0.038   7.531   0.000   1.000   0.000   0.000
B I  2FEEB                426    0.165  30.474   0.000   1.000   0.000   0.000
E I  2FEEB                427    0.355  65.755   0.000   1.000   0.000   0.000
B T  2FEEB                428    0.048   6.604   0.000   1.000   0.000   0.000
B G  2FEEB                429    0.025   1.961   0.000   0.999   0.000   0.001
E L  2FEEB                430    0.336  61.502   0.000   0.999   0.000   0.001
B G  2FEEB                431    0.242  19.070   0.000   0.998   0.000   0.002
B A  2FEEB                432    0.010   1.057   0.000   0.999   0.000   0.001
B T  2FEEB                433    0.151  20.896   0.000   0.998   0.000   0.002
E L  2FEEB                434    0.410  75.065   0.000   0.997   0.000   0.003
B L  2FEEB                435    0.245  44.845   0.000   0.995   0.000   0.005
B A  2FEEB                436    0.020   2.194   0.000   0.996   0.000   0.004
E Q  2FEEB                437    0.504  89.964   0.000   0.987   0.000   0.012
E F  2FEEB                438    0.653 131.039   0.000   0.897   0.001   0.103
E T  2FEEB                439    0.485  67.226   0.000   0.341   0.000   0.659
E G  2FEEB                440    0.688  54.121   0.000   0.014   0.000   0.986
E G  2FEEB                441    0.325  25.609   0.000   0.008   0.006   0.986
E K  2FEEB                442    0.537 110.439   0.000   0.025   0.041   0.934
B P  2FEEB                443    0.214  30.415   0.000   0.032   0.088   0.879
B L  2FEEB                444    0.147  26.973   0.000   0.925   0.001   0.074
B Y  2FEEB                445    0.156  33.382   0.000   0.961   0.001   0.039
E S  2FEEB                446    0.313  36.677   0.000   0.989   0.000   0.011
B A  2FEEB                447    0.217  23.871   0.000   0.991   0.000   0.008
B I  2FEEB                448    0.188  34.748   0.000   0.991   0.001   0.009
B L  2FEEB                449    0.201  36.806   0.000   0.991   0.000   0.009
E A  2FEEB                450    0.344  37.904   0.000   0.991   0.000   0.009
E R  2FEEB                451    0.455 104.226   0.000   0.976   0.001   0.024
E T  2FEEB                452    0.304  42.202   0.000   0.976   0.000   0.024
E L  2FEEB                453    0.348  63.643   0.000   0.955   0.000   0.045
E A  2FEEB                454    0.477  52.603   0.000   0.950   0.000   0.050
E K  2FEEB                455    0.503 103.499   0.000   0.961   0.000   0.039
E Q  2FEEB                456    0.406  72.511   0.000   0.956   0.000   0.044
E E  2FEEB                457    0.474  82.888   0.000   0.957   0.000   0.043
E A  2FEEB                458    0.487  53.718   0.000   0.940   0.000   0.059
E E  2FEEB                459    0.542  94.707   0.000   0.936   0.000   0.064
E Q  2FEEB                460    0.488  87.191   0.000   0.928   0.000   0.072
E L  2FEEB                461    0.545  99.752   0.000   0.823   0.000   0.176
E A  2FEEB                462    0.676  74.535   0.000   0.703   0.000   0.296
E R  2FEEB                463    0.646 147.912   0.000   0.513   0.001   0.486
E S  2FEEB                464    0.706  82.729   0.000   0.345   0.001   0.654
E K  2FEEB                465    0.881 181.196   0.000   0.005   0.000   0.995
