35,59,0.726328
26,77,0.685230
14,84,0.580155
74,77,0.511727
75,79,0.453744
80,84,0.441380
18,20,0.428868
78,82,0.356908
23,28,0.347548
4,6,0.346914
42,49,0.342654
16,18,0.340019
13,16,0.328173
50,53,0.320370
7,10,0.320171
52,55,0.319857
17,21,0.317779
54,58,0.316813
33,37,0.314197
21,27,0.310900
16,19,0.297918
17,18,0.296491
21,24,0.291804
4,7,0.283143
7,34,0.279174
5,9,0.277273
85,87,0.276428
17,26,0.273235
51,55,0.273133
16,20,0.266691
15,30,0.261654
72,73,0.260564
16,17,0.257092
2,3,0.256581
27,30,0.250809
12,27,0.250759
5,6,0.245245
53,57,0.244686
34,38,0.243464
29,81,0.239684
32,62,0.239624
74,75,0.237518
45,46,0.237332
25,26,0.236893
34,37,0.236287
46,54,0.234714
67,82,0.231948
47,48,0.231147
57,61,0.226694
61,65,0.222446
41,44,0.221553
36,60,0.219942
58,61,0.217137
11,31,0.215603
68,89,0.212089
82,86,0.209850
18,19,0.205845
77,80,0.205420
7,38,0.203197
75,76,0.200611
49,69,0.200148
4,5,0.199235
1,2,0.198632
82,87,0.197461
6,7,0.196779
87,88,0.194780
80,83,0.194531
71,78,0.187883
9,12,0.187744
22,27,0.187500
45,47,0.185853
32,59,0.185462
51,52,0.185448
40,44,0.184812
77,81,0.184647
83,84,0.184224
15,84,0.184117
16,24,0.182823
33,36,0.182311
23,69,0.182278
49,52,0.180297
50,51,0.180028
21,30,0.178085
28,69,0.178071
9,13,0.176457
27,31,0.175061
18,21,0.174670
42,46,0.174322
50,61,0.173374
14,34,0.172703
10,14,0.172344
76,79,0.171049
63,67,0.170844
60,71,0.167680
43,88,0.166785
33,63,0.166687
21,25,0.166505
61,79,0.165243
82,89,0.164813
85,88,0.164087
40,41,0.163051
76,80,0.162699
81,85,0.161962
65,68,0.161454
43,61,0.161229
49,54,0.161168
19,20,0.160614
29,67,0.160277
58,62,0.160205
71,75,0.158509
21,22,0.157954
22,23,0.156636
71,72,0.156353
17,25,0.155726
15,16,0.155683
70,77,0.154863
17,20,0.154647
57,60,0.154057
87,89,0.153631
6,10,0.153324
13,19,0.152900
35,88,0.152775
68,71,0.152443
29,66,0.152061
26,81,0.150903
37,40,0.149643
69,72,0.148402
10,13,0.147675
55,56,0.146760
60,63,0.146574
39,42,0.146053
64,68,0.145801
10,11,0.145247
17,24,0.144585
40,61,0.143941
61,88,0.143015
12,31,0.142996
41,45,0.142693
6,19,0.142557
67,78,0.142098
79,80,0.140334
40,43,0.140101
36,63,0.137407
43,52,0.136670
71,79,0.136597
43,58,0.135921
18,24,0.135225
43,53,0.134625
63,70,0.133730
78,87,0.133178
48,52,0.132955
57,64,0.132423
8,11,0.132289
29,88,0.130819
5,7,0.130431
81,82,0.129254
43,50,0.128952
79,88,0.127926
63,85,0.127877
52,56,0.127531
60,67,0.127240
23,27,0.125434
16,21,0.123999
76,88,0.123883
1,3,0.123618
35,73,0.123190
32,42,0.122733
63,64,0.122685
16,22,0.122488
13,14,0.121496
28,49,0.120314
15,22,0.120250
23,42,0.118233
43,71,0.118124
75,78,0.117444
24,26,0.115129
12,16,0.114341
8,52,0.114216
15,27,0.113492
55,59,0.112321
59,60,0.112220
67,87,0.112178
55,66,0.112081
40,88,0.112017
39,40,0.111919
44,47,0.111823
42,48,0.111682
65,71,0.111401
70,78,0.110663
8,12,0.110433
28,42,0.110156
13,83,0.109856
62,65,0.109053
60,64,0.108957
46,51,0.108419
22,25,0.108201
82,88,0.108135
29,33,0.107762
9,16,0.107748
25,66,0.107616
21,23,0.107578
54,86,0.107322
62,66,0.106826
36,56,0.106809
7,9,0.106748
47,83,0.106674
66,69,0.105915
78,89,0.105754
49,55,0.105453
11,58,0.104756
58,65,0.104572
28,55,0.104186
63,87,0.103955
43,56,0.103375
25,29,0.103324
25,28,0.103172
23,24,0.102085
5,89,0.101883
8,9,0.100669
32,54,0.100590
39,56,0.099338
54,69,0.099270
25,70,0.099266
43,51,0.099002
33,67,0.098903
49,56,0.098860
20,26,0.098744
59,62,0.098000
42,52,0.097627
31,60,0.097429
39,43,0.097413
5,54,0.097382
13,20,0.097178
79,82,0.097077
69,78,0.097018
65,67,0.096886
6,9,0.096490
57,58,0.096202
29,70,0.096166
70,87,0.096075
35,38,0.095798
25,77,0.095734
35,62,0.095564
49,63,0.094120
9,46,0.093847
6,11,0.093499
72,89,0.093486
5,38,0.093039
22,31,0.092332
7,11,0.092188
22,24,0.091970
30,36,0.091513
68,72,0.090970
28,78,0.090447
53,61,0.089737
24,25,0.089724
74,76,0.089232
55,58,0.089230
5,68,0.088974
40,56,0.088849
29,86,0.088728
38,53,0.088387
79,86,0.088276
50,55,0.088137
43,55,0.088135
39,59,0.087963
82,85,0.087685
42,69,0.086953
23,49,0.086816
67,70,0.086422
53,55,0.086169
64,88,0.086113
67,85,0.085866
40,60,0.085733
27,46,0.085344
23,25,0.085187
12,22,0.084964
63,74,0.084482
33,85,0.083906
10,12,0.082907
25,72,0.082842
70,74,0.082680
59,69,0.082472
9,14,0.082459
41,76,0.082369
27,51,0.082327
65,85,0.082318
28,32,0.082310
23,32,0.082285
14,15,0.082097
21,41,0.082080
63,66,0.081652
31,59,0.081595
17,83,0.081533
4,89,0.081047
52,53,0.080843
32,49,0.079716
22,30,0.079680
24,28,0.079612
74,78,0.079498
46,47,0.079136
54,60,0.079135
16,75,0.078989
11,19,0.078521
63,78,0.078250
28,66,0.078231
8,24,0.077878
21,36,0.077642
39,49,0.077342
67,89,0.077076
32,51,0.076967
6,41,0.076820
29,52,0.076635
22,28,0.076581
48,50,0.076437
50,57,0.076271
56,69,0.076013
36,49,0.075777
45,83,0.075765
50,89,0.075542
37,55,0.075336
6,76,0.075131
51,59,0.074971
57,59,0.074962
82,83,0.074893
30,31,0.074883
6,35,0.074810
86,89,0.074671
13,65,0.074487
62,87,0.074266
60,78,0.074190
23,54,0.074052
79,83,0.073883
27,32,0.073269
83,88,0.073149
4,9,0.073048
52,59,0.072997
56,81,0.072878
18,75,0.072756
3,8,0.072727
56,64,0.072564
72,75,0.072523
26,34,0.072289
86,87,0.071811
30,41,0.071806
36,42,0.071728
5,18,0.071437
35,42,0.071394
3,4,0.071389
20,64,0.070871
51,58,0.070858
5,58,0.070695
43,46,0.070381
65,69,0.070306
56,63,0.070152
9,17,0.070028
20,45,0.069949
63,65,0.069665
26,70,0.069590
45,73,0.069571
67,86,0.069552
61,66,0.069423
32,36,0.069266
5,59,0.068653
44,45,0.068597
88,89,0.068493
47,68,0.068420
51,75,0.068378
40,53,0.068223
48,80,0.068193
75,88,0.068183
12,17,0.068129
3,10,0.068055
10,35,0.067822
8,57,0.067655
27,28,0.067638
16,89,0.067626
62,68,0.067566
30,33,0.067410
73,76,0.067218
26,67,0.067000
76,86,0.066953
13,17,0.066820
64,89,0.066522
35,53,0.066302
56,60,0.065799
32,55,0.065780
46,55,0.065728
15,18,0.065721
13,41,0.065448
4,10,0.065310
5,15,0.065286
5,20,0.065253
42,44,0.065214
55,60,0.065179
9,75,0.064932
79,89,0.064879
57,82,0.064860
10,29,0.064852
50,76,0.064841
15,81,0.064486
34,72,0.064279
24,29,0.064197
47,86,0.063920
46,49,0.063875
6,13,0.063869
4,16,0.063740
19,47,0.063666
44,56,0.063480
7,13,0.063393
47,61,0.063374
19,44,0.063323
50,60,0.063240
67,88,0.063153
55,88,0.063105
13,45,0.062624
2,6,0.062529
21,28,0.062443
15,29,0.062298
13,86,0.062275
83,85,0.062235
49,51,0.062169
23,48,0.061969
75,80,0.061957
10,73,0.061943
11,16,0.061807
74,79,0.061667
32,53,0.061665
28,60,0.061657
41,61,0.061222
19,21,0.061156
61,75,0.060773
20,25,0.060620
28,39,0.060427
7,45,0.060150
75,77,0.060040
25,39,0.059837
4,68,0.059795
72,74,0.059508
67,84,0.059435
28,52,0.059340
23,30,0.059338
21,63,0.059155
50,62,0.058851
12,21,0.058725
9,11,0.058706
61,64,0.058697
31,62,0.058399
73,74,0.058121
84,86,0.058025
26,85,0.057910
75,81,0.057778
4,8,0.057752
20,27,0.057540
25,27,0.057358
41,56,0.057299
22,29,0.056991
56,67,0.056982
10,34,0.056738
17,80,0.056590
50,88,0.056441
53,60,0.056417
42,78,0.056294
42,54,0.056151
14,44,0.056063
70,85,0.056054
54,78,0.055889
12,20,0.055746
62,72,0.055605
71,80,0.055360
37,88,0.055282
33,39,0.055211
56,77,0.055000
30,63,0.054958
53,63,0.054910
36,67,0.054688
45,68,0.054667
55,69,0.054495
51,73,0.054385
18,26,0.054306
11,81,0.054164
10,38,0.053939
34,45,0.053917
75,86,0.053909
17,64,0.053902
3,6,0.053762
68,73,0.053683
40,66,0.053434
5,80,0.053387
7,37,0.053352
7,76,0.053212
4,19,0.053167
50,65,0.052973
6,34,0.052599
30,39,0.052314
54,73,0.052167
7,8,0.051987
57,83,0.051911
21,86,0.051872
25,69,0.051861
15,21,0.051768
58,79,0.051758
24,48,0.051643
78,79,0.051572
22,49,0.051571
60,87,0.051550
9,62,0.051344
10,84,0.051332
20,22,0.051240
5,17,0.051157
4,33,0.051099
8,14,0.051073
30,34,0.050684
5,34,0.050671
52,60,0.050654
14,75,0.050591
46,85,0.050579
48,49,0.050546
7,31,0.050348
12,57,0.050230
62,71,0.050142
51,53,0.050070
76,81,0.050031
6,71,0.050025
14,19,0.049813
74,82,0.049745
83,86,0.049722
28,63,0.049720
6,89,0.049611
40,64,0.049541
8,37,0.049531
5,45,0.049336
65,83,0.049334
63,69,0.049307
78,85,0.049192
17,75,0.049188
29,30,0.049013
31,38,0.048907
35,83,0.048891
13,80,0.048844
67,69,0.048840
23,43,0.048793
23,78,0.048778
64,67,0.048668
23,55,0.048622
53,68,0.048588
73,89,0.048459
70,81,0.048311
1,4,0.048272
69,73,0.048201
11,34,0.048130
65,74,0.047962
70,73,0.047927
47,75,0.047926
39,55,0.047651
27,38,0.047608
15,62,0.047597
4,15,0.047583
46,84,0.047583
8,22,0.047319
57,89,0.046960
60,61,0.046881
11,38,0.046748
27,52,0.046743
59,65,0.046638
34,43,0.046624
39,84,0.046575
59,63,0.046135
15,28,0.046135
61,68,0.046104
37,41,0.046060
36,59,0.045851
38,41,0.045823
68,74,0.045532
23,36,0.045437
37,71,0.045430
9,19,0.045426
16,26,0.045310
47,76,0.045127
4,72,0.045103
32,66,0.045029
37,68,0.045011
47,71,0.045008
84,85,0.044793
42,56,0.044766
13,71,0.044635
38,43,0.044574
55,81,0.044560
5,72,0.044501
31,57,0.044279
81,86,0.044150
51,80,0.044145
80,81,0.043947
11,22,0.043878
23,39,0.043768
43,54,0.043768
82,84,0.043620
65,73,0.043594
37,89,0.043459
71,89,0.043408
64,72,0.043407
52,57,0.043288
78,80,0.043275
76,89,0.043201
10,75,0.043175
19,58,0.043161
58,59,0.043124
71,74,0.043035
26,47,0.042958
20,47,0.042953
55,64,0.042935
39,66,0.042869
40,79,0.042691
11,12,0.042639
76,78,0.042410
10,64,0.042398
20,21,0.042372
47,62,0.042284
56,61,0.042264
71,82,0.042226
17,71,0.042207
50,84,0.042148
7,47,0.041909
34,35,0.041863
39,57,0.041697
41,73,0.041665
31,56,0.041640
6,82,0.041612
40,75,0.041598
54,80,0.041521
6,26,0.041465
50,58,0.041425
33,64,0.041392
15,20,0.041384
23,63,0.041316
28,54,0.041292
43,79,0.041184
35,39,0.041057
65,70,0.041036
28,36,0.041002
20,72,0.040895
37,72,0.040880
65,66,0.040692
23,64,0.040652
23,46,0.040562
57,86,0.040426
73,77,0.040132
73,75,0.040113
37,47,0.040094
40,80,0.040081
36,51,0.040018
66,85,0.039995
66,70,0.039883
9,18,0.039811
2,59,0.039798
4,17,0.039663
48,89,0.039357
43,69,0.039343
74,89,0.039258
18,39,0.039000
64,70,0.038904
6,74,0.038883
35,56,0.038882
38,71,0.038866
75,89,0.038797
14,18,0.038670
7,71,0.038650
11,32,0.038645
19,41,0.038580
6,16,0.038560
40,65,0.038528
2,5,0.038493
10,76,0.038312
50,79,0.038221
12,30,0.038167
55,61,0.038127
22,77,0.038100
35,51,0.037906
52,61,0.037883
25,30,0.037874
49,53,0.037756
73,78,0.037727
3,11,0.037558
53,59,0.037392
36,68,0.037245
26,38,0.037237
44,52,0.037009
47,49,0.036977
23,59,0.036942
54,55,0.036901
1,8,0.036893
2,4,0.036855
46,58,0.036803
44,58,0.036795
24,40,0.036742
11,18,0.036705
66,73,0.036556
28,56,0.036469
31,35,0.036415
13,21,0.036379
32,48,0.036351
10,15,0.036334
29,85,0.036178
2,39,0.036171
6,30,0.036078
4,80,0.035988
7,14,0.035940
3,5,0.035889
17,41,0.035809
59,87,0.035766
20,37,0.035752
19,82,0.035480
25,34,0.035434
41,86,0.035432
72,76,0.035428
8,43,0.035383
13,72,0.035366
57,68,0.035365
69,70,0.035317
4,54,0.035284
79,87,0.035264
14,31,0.035208
8,39,0.035136
20,57,0.035066
6,72,0.035066
48,54,0.034966
68,80,0.034959
39,69,0.034772
22,41,0.034758
36,47,0.034754
5,26,0.034614
61,81,0.034546
41,50,0.034489
44,62,0.034361
44,74,0.034347
35,46,0.034216
11,13,0.034122
26,73,0.034090
21,76,0.033958
6,68,0.033951
4,51,0.033742
13,15,0.033684
20,40,0.033553
14,83,0.033523
31,44,0.033438
19,25,0.033424
16,30,0.033411
35,40,0.033375
32,38,0.033347
15,61,0.033264
4,35,0.033255
6,47,0.033183
4,34,0.033121
73,80,0.033106
52,58,0.033090
8,30,0.032992
14,64,0.032790
2,35,0.032700
12,65,0.032694
64,66,0.032479
51,57,0.032477
32,64,0.032395
57,66,0.032391
56,65,0.032381
55,78,0.032351
15,41,0.032197
71,77,0.032196
60,85,0.032179
3,7,0.032179
26,33,0.031760
35,69,0.031700
8,18,0.031620
9,89,0.031556
14,57,0.031486
35,43,0.031459
23,35,0.031455
14,20,0.031371
15,86,0.031336
43,62,0.031289
27,53,0.031273
18,60,0.031212
41,43,0.031110
36,86,0.030955
30,85,0.030884
49,57,0.030858
8,31,0.030795
28,29,0.030784
74,83,0.030766
9,10,0.030732
23,52,0.030710
63,81,0.030672
17,45,0.030640
6,37,0.030635
9,81,0.030585
11,72,0.030531
6,38,0.030529
15,33,0.030466
16,27,0.030381
22,42,0.030225
51,64,0.030160
53,58,0.030142
67,74,0.030098
16,31,0.030097
23,29,0.030087
49,50,0.030027
12,34,0.029992
80,87,0.029862
4,37,0.029773
8,13,0.029709
22,39,0.029644
37,45,0.029599
56,62,0.029590
28,43,0.029563
85,86,0.029552
49,86,0.029537
76,83,0.029523
12,53,0.029463
11,15,0.029374
48,83,0.029209
6,45,0.029130
4,50,0.029104
50,52,0.028989
1,11,0.028984
60,84,0.028978
39,63,0.028941
51,65,0.028900
74,80,0.028890
15,23,0.028878
38,59,0.028834
28,33,0.028765
9,44,0.028741
4,18,0.028552
5,86,0.028505
10,50,0.028396
24,44,0.028353
48,86,0.028352
44,86,0.028313
36,85,0.028199
58,72,0.028150
75,83,0.028091
77,84,0.027925
4,81,0.027852
4,14,0.027809
37,44,0.027688
49,78,0.027639
3,74,0.027633
22,46,0.027566
2,8,0.027510
49,72,0.027494
42,63,0.027472
27,34,0.027471
46,56,0.027419
18,76,0.027411
81,83,0.027405
39,64,0.027394
12,62,0.027337
40,85,0.027329
36,70,0.027149
52,69,0.027127
10,40,0.027099
41,47,0.027092
68,85,0.026915
33,86,0.026814
73,79,0.026785
19,45,0.026778
3,68,0.026757
37,62,0.026734
53,65,0.026694
29,40,0.026596
47,79,0.026495
9,58,0.026461
28,30,0.026459
64,69,0.026327
46,78,0.026289
8,27,0.026216
36,48,0.026194
25,81,0.026160
38,82,0.026160
4,31,0.026141
12,46,0.026132
58,80,0.026127
68,75,0.026090
12,32,0.026084
45,89,0.026049
5,33,0.025985
62,76,0.025896
2,85,0.025875
18,41,0.025826
56,74,0.025769
74,85,0.025697
31,39,0.025557
5,11,0.025521
15,26,0.025473
48,57,0.025470
5,44,0.025312
20,41,0.025252
1,32,0.025244
54,56,0.025197
5,79,0.025149
39,62,0.025100
14,73,0.025075
68,76,0.025016
9,73,0.024936
31,32,0.024921
26,79,0.024864
14,71,0.024731
72,79,0.024682
18,73,0.024642
43,45,0.024639
15,17,0.024624
13,38,0.024555
60,69,0.024489
12,15,0.024411
26,29,0.024401
50,54,0.024234
10,83,0.024180
48,68,0.024178
8,42,0.024086
7,65,0.024064
29,32,0.024057
4,59,0.024047
66,83,0.024038
49,64,0.024017
21,48,0.024010
45,75,0.023967
56,86,0.023959
33,88,0.023913
24,43,0.023901
25,31,0.023814
40,71,0.023582
67,77,0.023334
22,43,0.023332
34,44,0.023274
19,32,0.023261
10,79,0.023192
54,63,0.023172
42,55,0.023159
39,78,0.023144
24,27,0.023128
40,47,0.023094
48,75,0.023074
51,54,0.023066
46,53,0.023019
11,27,0.023008
7,17,0.022985
15,46,0.022926
39,44,0.022899
69,81,0.022848
23,72,0.022762
28,31,0.022657
28,46,0.022631
5,13,0.022623
14,62,0.022613
56,59,0.022578
83,89,0.022524
34,82,0.022504
35,49,0.022472
7,79,0.022322
37,79,0.022285
32,73,0.022254
31,46,0.022210
53,87,0.022194
30,84,0.022162
12,28,0.022159
9,34,0.022128
30,69,0.022101
62,75,0.022097
21,29,0.022035
38,58,0.022026
24,70,0.021966
27,45,0.021901
37,76,0.021895
51,56,0.021808
10,41,0.021753
2,7,0.021602
69,71,0.021573
39,52,0.021559
62,86,0.021490
66,81,0.021483
8,64,0.021405
34,39,0.021371
25,38,0.021346
76,87,0.021297
52,83,0.021297
25,33,0.021272
52,88,0.021258
54,57,0.021238
34,83,0.021185
42,43,0.021136
32,75,0.021092
74,81,0.020993
38,44,0.020984
32,69,0.020982
18,38,0.020966
51,69,0.020966
12,83,0.020962
3,35,0.020898
8,29,0.020862
3,86,0.020796
45,76,0.020722
3,42,0.020709
43,66,0.020490
44,55,0.020448
1,36,0.020443
72,80,0.020411
49,60,0.020311
11,79,0.020271
26,74,0.020249
34,79,0.020247
80,89,0.020186
54,59,0.020087
22,57,0.020062
36,38,0.020062
19,24,0.020016
36,81,0.019966
44,60,0.019963
23,56,0.019927
21,31,0.019903
14,51,0.019869
24,33,0.019859
35,65,0.019841
30,64,0.019708
11,29,0.019703
46,69,0.019702
9,86,0.019637
25,84,0.019619
28,70,0.019531
38,46,0.019519
22,44,0.019462
70,88,0.019378
24,46,0.019364
64,82,0.019334
13,18,0.019322
10,17,0.019294
40,57,0.019193
25,78,0.019136
38,52,0.019071
7,89,0.018985
32,35,0.018921
70,86,0.018895
30,87,0.018793
64,81,0.018753
44,51,0.018707
70,76,0.018655
77,86,0.018520
32,43,0.018477
40,52,0.018400
16,81,0.018357
30,46,0.018315
78,81,0.018303
59,84,0.018297
8,16,0.018139
3,15,0.018058
68,78,0.018016
29,63,0.018007
64,65,0.017841
58,68,0.017839
12,13,0.017808
50,69,0.017732
66,79,0.017729
3,46,0.017658
19,68,0.017648
47,82,0.017630
31,42,0.017434
5,61,0.017275
42,83,0.017176
39,61,0.017156
78,86,0.017136
4,45,0.017106
48,55,0.017090
51,70,0.017082
50,83,0.017036
17,77,0.017011
61,85,0.016986
20,70,0.016975
6,80,0.016911
25,53,0.016901
8,66,0.016820
4,62,0.016778
33,66,0.016771
3,16,0.016771
46,50,0.016732
5,82,0.016724
45,48,0.016704
48,64,0.016695
8,51,0.016631
38,66,0.016629
44,48,0.016622
29,38,0.016587
24,35,0.016432
15,75,0.016366
1,67,0.016360
22,59,0.016308
34,65,0.016271
28,35,0.016262
11,73,0.016259
29,31,0.016241
15,31,0.016239
23,51,0.016220
21,33,0.016216
33,70,0.016130
9,45,0.016113
45,59,0.016084
42,62,0.016004
19,70,0.016002
2,51,0.015971
19,48,0.015920
72,83,0.015863
56,57,0.015823
51,62,0.015800
39,46,0.015772
71,85,0.015650
40,89,0.015595
38,80,0.015591
36,50,0.015539
28,48,0.015499
67,68,0.015484
36,57,0.015464
50,86,0.015437
26,63,0.015381
6,79,0.015372
18,25,0.015267
66,82,0.015201
36,78,0.015195
20,66,0.015181
5,10,0.015147
43,49,0.015126
36,58,0.015037
52,80,0.015022
5,47,0.015015
1,23,0.014944
14,17,0.014937
62,88,0.014895
68,84,0.014890
56,58,0.014871
26,28,0.014811
12,24,0.014766
47,72,0.014739
32,87,0.014735
34,51,0.014630
2,71,0.014622
18,44,0.014620
44,83,0.014599
47,53,0.014583
65,79,0.014565
1,47,0.014519
22,32,0.014516
57,72,0.014495
34,57,0.014417
48,73,0.014380
68,83,0.014379
19,37,0.014356
30,35,0.014352
11,50,0.014349
60,81,0.014321
6,18,0.014307
13,87,0.014275
29,57,0.014249
39,85,0.014247
29,39,0.014207
38,77,0.014203
3,84,0.014197
27,39,0.014187
6,88,0.014175
57,69,0.014159
42,81,0.014139
13,40,0.014129
1,42,0.014088
34,84,0.013945
36,53,0.013891
43,65,0.013876
73,81,0.013852
18,45,0.013850
20,44,0.013839
24,86,0.013833
48,63,0.013813
47,50,0.013810
41,51,0.013779
49,70,0.013722
3,22,0.013711
7,19,0.013709
4,47,0.013653
14,78,0.013593
2,38,0.013575
29,79,0.013482
9,20,0.013481
20,31,0.013470
26,32,0.013417
5,53,0.013388
5,83,0.013378
81,84,0.013377
74,84,0.013270
35,78,0.013257
67,81,0.013224
16,40,0.013182
2,30,0.013176
25,37,0.013106
78,88,0.013074
30,77,0.013067
1,45,0.013038
4,38,0.013034
22,81,0.012871
33,89,0.012787
3,54,0.012780
1,29,0.012745
32,89,0.012690
43,68,0.012626
31,58,0.012590
3,39,0.012588
81,89,0.012483
2,21,0.012340
3,64,0.012186
36,54,0.012186
35,48,0.012165
11,36,0.012158
33,78,0.012117
1,89,0.012077
12,23,0.012075
22,86,0.011999
12,81,0.011973
29,41,0.011962
65,77,0.011932
42,64,0.011900
44,49,0.011884
54,89,0.011861
2,63,0.011860
3,30,0.011805
29,77,0.011791
56,72,0.011736
17,46,0.011734
24,36,0.011703
3,9,0.011686
31,41,0.011576
58,60,0.011539
17,73,0.011514
9,71,0.011506
39,72,0.011459
36,39,0.011408
55,85,0.011386
19,38,0.011376
86,88,0.011302
17,34,0.011300
9,35,0.011274
50,64,0.011232
36,43,0.011200
1,28,0.011177
53,82,0.011139
23,66,0.011138
2,52,0.011118
63,88,0.011073
60,70,0.011004
20,30,0.010947
13,53,0.010911
34,75,0.010897
7,35,0.010858
1,33,0.010855
22,34,0.010850
30,60,0.010847
41,83,0.010821
15,19,0.010797
66,71,0.010791
6,46,0.010791
9,53,0.010759
10,45,0.010731
33,57,0.010704
1,63,0.010683
36,37,0.010681
3,36,0.010665
44,46,0.010629
19,50,0.010599
11,75,0.010589
58,77,0.010514
53,66,0.010489
6,12,0.010487
34,70,0.010483
56,80,0.010483
8,53,0.010474
68,77,0.010464
24,34,0.010386
10,16,0.010380
12,73,0.010359
14,70,0.010309
18,81,0.010262
66,77,0.010245
2,10,0.010197
14,22,0.010154
25,50,0.010131
45,64,0.010087
58,74,0.010073
53,84,0.010007
9,74,0.009956
4,48,0.009945
1,65,0.009909
66,67,0.009872
55,80,0.009870
3,63,0.009802
2,12,0.009746
48,51,0.009675
3,88,0.009642
8,83,0.009611
63,76,0.009602
1,72,0.009572
52,87,0.009550
1,6,0.009543
29,36,0.009542
32,39,0.009491
17,82,0.009479
20,42,0.009476
45,62,0.009448
62,69,0.009397
4,11,0.009361
36,46,0.009355
30,80,0.009339
7,33,0.009337
29,89,0.009294
64,86,0.009287
71,87,0.009269
30,67,0.009258
73,88,0.009247
35,68,0.009212
5,8,0.009202
5,75,0.009114
4,13,0.009065
6,62,0.009035
37,66,0.009028
2,42,0.008964
9,15,0.008900
28,59,0.008883
38,65,0.008742
24,81,0.008717
19,40,0.008700
11,14,0.008689
18,52,0.008656
29,55,0.008506
51,68,0.008469
3,37,0.008431
16,46,0.008430
32,52,0.008421
18,30,0.008406
1,85,0.008261
7,77,0.008234
27,62,0.008234
20,34,0.008223
7,29,0.008171
22,48,0.008170
2,56,0.008143
50,56,0.008123
25,73,0.008081
62,84,0.008067
29,64,0.008061
11,77,0.008007
26,51,0.007970
24,85,0.007944
37,85,0.007943
21,38,0.007894
1,31,0.007874
75,82,0.007753
65,87,0.007752
9,76,0.007748
42,47,0.007627
17,70,0.007621
37,67,0.007611
44,69,0.007545
8,47,0.007487
25,46,0.007455
62,83,0.007426
10,19,0.007388
68,70,0.007326
13,68,0.007254
1,10,0.007250
8,89,0.007215
16,72,0.007200
34,76,0.007191
20,32,0.007134
31,77,0.007081
12,55,0.007056
49,66,0.007051
7,87,0.007003
69,85,0.006990
5,19,0.006949
77,89,0.006937
58,84,0.006875
12,38,0.006863
38,42,0.006779
23,31,0.006743
1,49,0.006687
58,75,0.006599
39,87,0.006556
73,87,0.006545
33,53,0.006536
19,23,0.006514
63,86,0.006497
10,87,0.006431
53,56,0.006395
31,37,0.006387
38,74,0.006384
25,76,0.006379
18,29,0.006230
38,72,0.006182
16,76,0.006171
78,83,0.006156
2,33,0.006141
31,47,0.006117
3,79,0.006102
11,51,0.006083
20,48,0.006069
3,23,0.005973
45,70,0.005856
6,8,0.005855
77,85,0.005854
14,82,0.005845
20,88,0.005839
31,53,0.005837
7,62,0.005824
41,65,0.005824
8,82,0.005781
49,58,0.005709
31,34,0.005654
81,88,0.005645
6,83,0.005602
38,73,0.005592
33,40,0.005571
45,74,0.005559
36,45,0.005520
54,75,0.005485
6,25,0.005457
25,48,0.005378
62,89,0.005359
41,80,0.005336
15,42,0.005238
33,54,0.005232
25,65,0.005216
44,84,0.005207
1,60,0.005195
27,63,0.005149
28,44,0.005119
19,54,0.005117
1,9,0.005113
1,39,0.005054
48,56,0.005042
46,52,0.005006
3,44,0.004973
52,64,0.004964
12,25,0.004941
33,45,0.004941
27,68,0.004899
39,67,0.004897
41,71,0.004778
11,37,0.004764
2,14,0.004739
5,73,0.004715
41,77,0.004682
41,55,0.004577
19,27,0.004543
36,87,0.004517
5,70,0.004478
11,66,0.004474
2,37,0.004435
77,87,0.004412
57,81,0.004384
2,48,0.004350
4,73,0.004347
24,64,0.004338
72,84,0.004311
30,53,0.004291
30,66,0.004124
8,48,0.004114
57,88,0.004070
39,58,0.004060
17,79,0.004037
11,68,0.003978
14,41,0.003962
24,83,0.003923
84,89,0.003908
65,78,0.003897
20,86,0.003883
24,63,0.003825
40,51,0.003819
8,38,0.003694
40,50,0.003662
34,81,0.003652
37,38,0.003646
4,44,0.003610
66,68,0.003604
48,69,0.003582
1,57,0.003471
39,76,0.003433
32,44,0.003396
1,5,0.003377
10,68,0.003322
24,77,0.003282
77,82,0.003250
10,77,0.003249
32,84,0.003136
24,32,0.003127
38,62,0.003114
67,72,0.003092
12,56,0.003055
25,36,0.002999
1,21,0.002984
20,77,0.002955
44,88,0.002951
3,71,0.002904
19,62,0.002883
72,86,0.002858
73,86,0.002826
16,60,0.002742
8,36,0.002719
27,54,0.002697
28,62,0.002679
23,33,0.002593
27,50,0.002573
70,72,0.002438
41,89,0.002437
3,32,0.002427
25,44,0.002386
12,51,0.002362
30,49,0.002335
57,71,0.002266
38,48,0.002221
65,75,0.002208
41,79,0.002198
16,41,0.002192
62,74,0.002095
32,40,0.002093
18,83,0.002085
58,89,0.002028
8,46,0.002025
5,48,0.001991
11,20,0.001943
8,21,0.001899
66,88,0.001886
30,32,0.001855
31,51,0.001851
33,74,0.001785
48,79,0.001777
32,80,0.001772
61,69,0.001746
9,37,0.001706
54,68,0.001674
49,62,0.001669
8,81,0.001658
26,53,0.001580
1,7,0.001575
3,38,0.001543
20,39,0.001529
2,28,0.001465
13,74,0.001408
11,28,0.001397
45,84,0.001386
30,45,0.001316
37,82,0.001257
4,40,0.001231
52,74,0.001198
40,55,0.001188
38,50,0.001131
51,71,0.001115
22,51,0.001098
12,14,0.001062
37,61,0.001055
33,65,0.001053
52,85,0.001028
11,42,0.001024
45,51,0.001015
7,82,0.001012
73,82,0.000981
40,59,0.000974
46,63,0.000956
14,24,0.000956
10,65,0.000952
15,78,0.000906
44,75,0.000900
77,83,0.000825
37,64,0.000771
15,89,0.000742
67,71,0.000635
44,73,0.000623
2,15,0.000615
64,73,0.000610
2,70,0.000607
24,45,0.000586
8,63,0.000516
52,73,0.000497
15,66,0.000458
27,69,0.000436
64,87,0.000436
30,42,0.000362
44,65,0.000343
10,82,0.000318
70,84,0.000306
11,35,0.000262
22,69,0.000257
38,68,0.000242
6,17,0.000198
7,61,0.000178
44,61,0.000175
26,41,0.000144
7,41,0.000118
2,16,0.000118
31,49,-0.000052
29,61,-0.000151
29,44,-0.000158
51,72,-0.000259
44,54,-0.000296
3,48,-0.000304
18,66,-0.000353
32,46,-0.000472
6,44,-0.000478
35,79,-0.000482
2,23,-0.000490
17,67,-0.000568
40,54,-0.000641
1,81,-0.000671
15,79,-0.000706
13,26,-0.000711
56,87,-0.000818
65,76,-0.000820
58,64,-0.000822
17,19,-0.000824
3,29,-0.000842
49,83,-0.000912
48,81,-0.000924
69,88,-0.000966
22,83,-0.000991
2,26,-0.000999
62,80,-0.001051
17,51,-0.001074
1,50,-0.001129
10,30,-0.001205
38,57,-0.001219
15,85,-0.001253
30,83,-0.001254
13,76,-0.001263
31,65,-0.001270
41,85,-0.001338
48,59,-0.001339
31,82,-0.001344
1,15,-0.001369
27,42,-0.001372
14,25,-0.001404
1,12,-0.001407
9,84,-0.001454
19,66,-0.001466
13,24,-0.001471
6,14,-0.001490
26,84,-0.001538
29,87,-0.001545
18,88,-0.001571
18,58,-0.001587
28,53,-0.001589
2,9,-0.001597
27,70,-0.001606
30,52,-0.001670
1,74,-0.001706
11,49,-0.001790
3,49,-0.001808
11,70,-0.001823
32,45,-0.001876
21,87,-0.001880
71,84,-0.001921
2,88,-0.001964
12,44,-0.001967
42,66,-0.002009
26,68,-0.002040
2,77,-0.002041
61,77,-0.002069
40,48,-0.002076
9,52,-0.002096
10,58,-0.002100
7,18,-0.002116
29,78,-0.002143
2,36,-0.002159
40,87,-0.002228
17,65,-0.002267
31,36,-0.002278
14,47,-0.002290
31,43,-0.002349
44,76,-0.002392
14,45,-0.002421
27,72,-0.002464
46,60,-0.002520
2,57,-0.002536
47,69,-0.002569
37,84,-0.002585
61,76,-0.002587
41,48,-0.002594
34,59,-0.002600
1,37,-0.002604
2,82,-0.002605
2,34,-0.002609
33,49,-0.002701
45,80,-0.002702
32,33,-0.002721
43,70,-0.002744
8,17,-0.002798
34,50,-0.002844
35,86,-0.002891
26,87,-0.002900
6,31,-0.002900
20,75,-0.002927
22,76,-0.002961
2,32,-0.002988
7,86,-0.002998
2,44,-0.003011
70,79,-0.003011
1,16,-0.003033
58,71,-0.003034
46,48,-0.003073
80,86,-0.003085
11,74,-0.003133
22,56,-0.003192
49,65,-0.003256
75,84,-0.003267
44,57,-0.003399
2,86,-0.003421
28,71,-0.003553
30,71,-0.003566
2,53,-0.003568
1,13,-0.003571
54,82,-0.003608
70,75,-0.003704
60,79,-0.003718
8,77,-0.003753
66,87,-0.003766
76,77,-0.003776
37,75,-0.003789
16,33,-0.003792
14,59,-0.003795
47,88,-0.003812
17,76,-0.003817
10,44,-0.003826
36,65,-0.003848
19,61,-0.003856
42,51,-0.003867
1,87,-0.003877
1,56,-0.003883
74,87,-0.003892
12,71,-0.003897
21,70,-0.004030
13,54,-0.004056
35,41,-0.004070
42,85,-0.004072
38,60,-0.004083
56,88,-0.004127
22,38,-0.004193
1,26,-0.004224
9,61,-0.004232
6,20,-0.004255
10,37,-0.004272
46,77,-0.004279
1,19,-0.004288
9,41,-0.004368
70,71,-0.004378
3,59,-0.004386
25,51,-0.004392
52,67,-0.004456
14,86,-0.004471
38,40,-0.004520
3,33,-0.004568
5,60,-0.004601
29,60,-0.004604
1,70,-0.004632
3,70,-0.004642
1,30,-0.004652
48,58,-0.004661
17,59,-0.004706
36,76,-0.004708
1,58,-0.004732
48,67,-0.004780
1,14,-0.004816
4,25,-0.004852
1,17,-0.004877
17,44,-0.004892
19,72,-0.004894
2,22,-0.004925
7,64,-0.004937
33,60,-0.004954
36,73,-0.005118
40,76,-0.005212
62,63,-0.005258
5,76,-0.005261
12,80,-0.005278
10,61,-0.005304
17,38,-0.005377
2,62,-0.005420
37,80,-0.005433
21,85,-0.005466
39,53,-0.005566
47,73,-0.005574
33,42,-0.005595
59,66,-0.005695
47,55,-0.005722
46,64,-0.005745
16,53,-0.005762
32,57,-0.005820
2,24,-0.005866
1,25,-0.005870
27,49,-0.005880
34,42,-0.005914
31,50,-0.005972
37,50,-0.006072
8,19,-0.006124
64,84,-0.006131
5,24,-0.006132
5,74,-0.006174
23,86,-0.006174
14,27,-0.006195
42,72,-0.006208
36,62,-0.006218
9,65,-0.006250
52,54,-0.006281
45,50,-0.006309
16,38,-0.006318
1,82,-0.006349
54,71,-0.006354
12,87,-0.006371
8,10,-0.006447
45,72,-0.006472
3,28,-0.006493
63,82,-0.006539
66,84,-0.006550
67,83,-0.006558
9,50,-0.006581
19,51,-0.006609
6,67,-0.006610
39,41,-0.006610
40,45,-0.006619
45,87,-0.006619
46,75,-0.006627
56,85,-0.006643
18,23,-0.006684
1,64,-0.006693
48,61,-0.006694
54,76,-0.006702
27,56,-0.006730
74,88,-0.006748
19,30,-0.006763
9,88,-0.006802
22,82,-0.006842
9,67,-0.006846
12,89,-0.006878
43,80,-0.006908
7,73,-0.006913
10,20,-0.006923
43,44,-0.006946
9,24,-0.006948
4,77,-0.006984
16,25,-0.007010
46,76,-0.007027
57,67,-0.007041
47,80,-0.007043
12,63,-0.007047
1,62,-0.007076
13,52,-0.007101
2,17,-0.007143
34,62,-0.007162
39,79,-0.007179
7,30,-0.007184
2,58,-0.007185
81,87,-0.007200
49,81,-0.007228
31,87,-0.007267
12,69,-0.007274
12,19,-0.007319
22,66,-0.007322
20,79,-0.007359
41,42,-0.007368
22,37,-0.007466
67,80,-0.007482
37,46,-0.007492
45,66,-0.007519
29,69,-0.007523
63,84,-0.007553
7,75,-0.007624
14,33,-0.007690
3,14,-0.007720
19,80,-0.007721
62,78,-0.007777
13,43,-0.007823
53,62,-0.007869
1,53,-0.007881
17,84,-0.007888
32,74,-0.007892
68,82,-0.007912
61,72,-0.007951
3,31,-0.007961
71,86,-0.007986
38,89,-0.007997
2,68,-0.008044
21,67,-0.008061
19,59,-0.008077
3,85,-0.008083
49,85,-0.008134
24,30,-0.008154
2,81,-0.008163
1,71,-0.008192
78,84,-0.008193
3,62,-0.008234
49,67,-0.008319
31,83,-0.008379
37,87,-0.008397
7,44,-0.008400
33,55,-0.008408
32,81,-0.008417
73,85,-0.008446
38,45,-0.008453
37,73,-0.008484
1,24,-0.008485
48,85,-0.008514
2,84,-0.008541
34,88,-0.008582
11,52,-0.008650
20,23,-0.008676
5,43,-0.008874
14,80,-0.008917
21,69,-0.008960
21,88,-0.008979
8,32,-0.009022
39,54,-0.009046
37,57,-0.009086
4,74,-0.009089
33,56,-0.009099
46,72,-0.009270
60,88,-0.009317
54,87,-0.009327
58,85,-0.009354
37,83,-0.009430
2,49,-0.009440
41,75,-0.009462
46,62,-0.009502
4,76,-0.009516
50,59,-0.009583
57,65,-0.009689
14,74,-0.009695
15,57,-0.009721
12,26,-0.009736
33,61,-0.009763
24,74,-0.009766
57,76,-0.009820
14,76,-0.009858
48,76,-0.009859
41,69,-0.009895
16,34,-0.009920
3,18,-0.009965
8,50,-0.009977
12,37,-0.009984
24,84,-0.010019
13,27,-0.010030
1,46,-0.010063
35,58,-0.010107
14,68,-0.010118
1,48,-0.010141
56,70,-0.010164
2,41,-0.010209
17,66,-0.010222
7,68,-0.010251
3,57,-0.010263
39,81,-0.010267
2,47,-0.010268
33,75,-0.010269
51,60,-0.010279
35,61,-0.010297
19,74,-0.010313
43,89,-0.010372
2,74,-0.010412
34,86,-0.010416
15,24,-0.010424
4,29,-0.010438
3,24,-0.010450
3,55,-0.010479
9,79,-0.010503
3,56,-0.010510
33,87,-0.010543
5,88,-0.010547
14,35,-0.010622
32,34,-0.010626
26,36,-0.010633
19,76,-0.010655
24,50,-0.010699
5,41,-0.010709
1,78,-0.010848
20,33,-0.010849
70,82,-0.010855
21,49,-0.010876
29,42,-0.010886
43,48,-0.010888
59,68,-0.010889
8,79,-0.010896
38,61,-0.010900
39,74,-0.010940
54,66,-0.010943
48,74,-0.010945
55,57,-0.011019
1,27,-0.011088
15,25,-0.011118
42,70,-0.011177
60,89,-0.011191
14,72,-0.011205
76,82,-0.011270
46,70,-0.011329
1,59,-0.011342
52,84,-0.011345
23,60,-0.011375
4,83,-0.011381
31,71,-0.011403
18,80,-0.011411
22,75,-0.011411
6,77,-0.011488
35,54,-0.011519
76,84,-0.011538
10,66,-0.011591
1,68,-0.011600
24,39,-0.011614
19,77,-0.011676
59,77,-0.011684
31,55,-0.011719
56,82,-0.011793
22,26,-0.011805
45,69,-0.011810
8,73,-0.011835
13,89,-0.011850
35,36,-0.011919
30,82,-0.011977
12,42,-0.011983
47,67,-0.012040
66,86,-0.012058
21,72,-0.012066
59,73,-0.012084
40,69,-0.012099
21,59,-0.012104
15,73,-0.012137
44,72,-0.012176
53,64,-0.012248
43,74,-0.012296
7,12,-0.012316
35,87,-0.012320
30,38,-0.012381
5,81,-0.012433
5,37,-0.012454
11,26,-0.012459
8,85,-0.012464
19,89,-0.012470
68,79,-0.012498
12,48,-0.012582
16,32,-0.012604
47,59,-0.012616
38,81,-0.012793
5,64,-0.012849
31,72,-0.012855
10,26,-0.012869
4,86,-0.012909
57,70,-0.012967
6,61,-0.013008
14,81,-0.013058
24,58,-0.013061
28,85,-0.013093
34,58,-0.013103
44,50,-0.013116
64,83,-0.013150
3,83,-0.013152
37,60,-0.013218
20,55,-0.013252
47,56,-0.013265
42,84,-0.013276
20,43,-0.013284
17,32,-0.013297
43,72,-0.013330
27,57,-0.013388
41,68,-0.013461
33,76,-0.013480
41,58,-0.013538
84,87,-0.013546
17,37,-0.013552
84,88,-0.013566
55,87,-0.013568
64,79,-0.013577
22,54,-0.013689
11,30,-0.013698
46,82,-0.013711
2,43,-0.013732
45,79,-0.013749
31,45,-0.013769
22,33,-0.013776
47,84,-0.013792
31,33,-0.013830
1,22,-0.013891
7,83,-0.013894
4,20,-0.013895
6,33,-0.013941
4,84,-0.013961
55,63,-0.013979
39,45,-0.013984
51,66,-0.014000
18,37,-0.014001
29,48,-0.014063
62,67,-0.014110
14,30,-0.014134
12,68,-0.014138
41,64,-0.014149
31,66,-0.014157
12,79,-0.014158
28,51,-0.014204
55,73,-0.014220
8,87,-0.014253
4,87,-0.014273
18,40,-0.014278
2,78,-0.014307
42,50,-0.014326
66,80,-0.014334
22,36,-0.014353
8,28,-0.014361
2,40,-0.014485
3,69,-0.014495
31,64,-0.014546
1,88,-0.014553
44,66,-0.014556
3,82,-0.014571
13,44,-0.014577
36,40,-0.014593
29,34,-0.014720
34,73,-0.014732
3,47,-0.014747
67,75,-0.014755
3,13,-0.014818
20,28,-0.014840
6,84,-0.014870
51,87,-0.014908
10,72,-0.014922
1,38,-0.014929
9,26,-0.014932
54,67,-0.014963
42,77,-0.015002
24,75,-0.015022
2,18,-0.015029
9,47,-0.015051
1,76,-0.015054
11,56,-0.015055
40,58,-0.015139
1,35,-0.015140
24,51,-0.015153
23,50,-0.015175
1,40,-0.015232
53,76,-0.015262
54,64,-0.015273
1,86,-0.015323
24,59,-0.015324
43,76,-0.015330
33,44,-0.015341
40,63,-0.015400
2,67,-0.015423
16,88,-0.015459
36,55,-0.015482
25,83,-0.015565
61,83,-0.015597
63,71,-0.015648
52,62,-0.015712
37,53,-0.015736
47,58,-0.015747
35,47,-0.015755
23,37,-0.015822
4,85,-0.015823
20,65,-0.015866
11,82,-0.015888
45,71,-0.015891
13,78,-0.015901
45,67,-0.015910
11,43,-0.015983
29,74,-0.015997
2,55,-0.016016
60,65,-0.016043
34,40,-0.016051
2,87,-0.016057
19,84,-0.016111
7,59,-0.016124
54,62,-0.016144
58,82,-0.016180
9,39,-0.016182
11,47,-0.016219
53,54,-0.016281
4,12,-0.016285
32,86,-0.016302
66,78,-0.016314
13,31,-0.016326
33,48,-0.016329
11,62,-0.016345
12,39,-0.016359
1,20,-0.016460
1,41,-0.016491
5,35,-0.016525
2,69,-0.016535
5,25,-0.016538
73,84,-0.016575
1,66,-0.016588
15,60,-0.016598
16,55,-0.016645
61,62,-0.016649
28,67,-0.016658
27,33,-0.016672
23,65,-0.016674
50,77,-0.016735
15,80,-0.016772
9,80,-0.016792
59,86,-0.016819
2,31,-0.016821
39,51,-0.016862
33,52,-0.016888
35,55,-0.016911
1,69,-0.016914
54,85,-0.016915
20,87,-0.016960
48,72,-0.016991
3,26,-0.017004
50,73,-0.017036
10,62,-0.017037
28,72,-0.017041
13,36,-0.017068
65,84,-0.017086
10,53,-0.017139
30,76,-0.017236
30,37,-0.017272
47,74,-0.017283
22,45,-0.017288
22,68,-0.017329
12,59,-0.017333
12,72,-0.017368
38,49,-0.017370
39,83,-0.017374
30,74,-0.017431
4,79,-0.017529
9,83,-0.017546
15,45,-0.017569
20,73,-0.017647
20,35,-0.017658
7,48,-0.017678
33,38,-0.017787
21,60,-0.017789
50,75,-0.017793
13,48,-0.017871
40,42,-0.017886
4,41,-0.017951
31,69,-0.017962
64,85,-0.017978
5,12,-0.018016
15,76,-0.018018
14,38,-0.018040
49,59,-0.018061
2,50,-0.018074
52,66,-0.018089
37,58,-0.018136
8,33,-0.018147
2,45,-0.018167
6,43,-0.018174
19,52,-0.018190
22,35,-0.018191
66,74,-0.018226
20,74,-0.018246
69,86,-0.018265
38,88,-0.018269
13,57,-0.018329
10,22,-0.018330
47,77,-0.018337
48,66,-0.018369
11,23,-0.018403
3,41,-0.018466
42,73,-0.018512
26,80,-0.018527
11,86,-0.018534
3,40,-0.018567
27,55,-0.018567
17,27,-0.018577
64,78,-0.018644
29,62,-0.018696
47,54,-0.018700
29,49,-0.018723
21,45,-0.018746
71,81,-0.018755
3,72,-0.018769
49,87,-0.018791
69,74,-0.018809
52,82,-0.018868
35,37,-0.018950
24,65,-0.018951
59,61,-0.018956
20,59,-0.018961
5,14,-0.018970
39,47,-0.018974
2,64,-0.018978
10,57,-0.019029
13,51,-0.019034
18,50,-0.019150
40,67,-0.019167
8,62,-0.019229
18,84,-0.019285
24,87,-0.019330
23,34,-0.019344
23,47,-0.019372
47,65,-0.019373
3,89,-0.019376
53,73,-0.019390
18,47,-0.019405
55,70,-0.019468
13,29,-0.019500
16,79,-0.019534
9,51,-0.019538
55,67,-0.019554
1,61,-0.019577
51,79,-0.019583
54,65,-0.019647
60,77,-0.019655
65,89,-0.019679
14,85,-0.019682
18,64,-0.019686
11,40,-0.019692
34,47,-0.019704
7,15,-0.019884
6,48,-0.019886
41,66,-0.019944
27,67,-0.019976
17,40,-0.020015
75,87,-0.020032
37,43,-0.020065
18,67,-0.020069
7,72,-0.020074
28,86,-0.020113
24,76,-0.020116
61,71,-0.020121
22,63,-0.020185
9,48,-0.020272
31,79,-0.020326
45,58,-0.020340
38,75,-0.020348
33,41,-0.020425
71,76,-0.020439
32,72,-0.020464
1,73,-0.020502
26,65,-0.020550
14,16,-0.020557
41,70,-0.020561
60,82,-0.020601
26,89,-0.020620
22,64,-0.020636
34,68,-0.020669
15,82,-0.020720
41,62,-0.020749
4,56,-0.020784
18,70,-0.020815
20,51,-0.020818
21,53,-0.020880
7,80,-0.020902
38,64,-0.020961
2,11,-0.020978
58,73,-0.021021
55,71,-0.021048
50,71,-0.021094
25,58,-0.021102
58,70,-0.021179
48,53,-0.021190
10,48,-0.021218
32,78,-0.021260
33,69,-0.021285
20,83,-0.021303
28,87,-0.021304
32,79,-0.021331
7,20,-0.021338
11,46,-0.021341
36,52,-0.021363
2,76,-0.021363
15,51,-0.021426
40,82,-0.021427
23,85,-0.021451
21,66,-0.021638
4,88,-0.021654
53,88,-0.021663
9,82,-0.021682
5,71,-0.021684
17,39,-0.021812
63,68,-0.021838
57,84,-0.021945
15,54,-0.021987
60,73,-0.022031
11,48,-0.022047
30,78,-0.022068
15,34,-0.022087
10,47,-0.022115
16,83,-0.022163
27,86,-0.022172
34,55,-0.022207
24,37,-0.022291
47,81,-0.022351
27,61,-0.022384
10,27,-0.022407
31,52,-0.022427
3,87,-0.022445
25,45,-0.022464
53,85,-0.022488
10,88,-0.022500
25,42,-0.022534
13,66,-0.022620
61,63,-0.022624
40,73,-0.022709
7,84,-0.022845
31,89,-0.022873
52,68,-0.022876
11,57,-0.022957
49,71,-0.022962
20,80,-0.022963
33,80,-0.022978
15,37,-0.023009
18,87,-0.023093
12,61,-0.023110
41,46,-0.023145
40,49,-0.023193
11,80,-0.023197
50,68,-0.023290
31,84,-0.023291
21,42,-0.023349
3,50,-0.023356
37,78,-0.023372
3,17,-0.023377
48,70,-0.023435
26,42,-0.023440
27,76,-0.023459
1,77,-0.023493
2,72,-0.023540
65,82,-0.023643
41,72,-0.023655
27,66,-0.023682
28,61,-0.023707
56,78,-0.023713
37,86,-0.023716
9,27,-0.023724
1,75,-0.023726
10,54,-0.023739
5,50,-0.023789
18,68,-0.023795
14,48,-0.023830
12,43,-0.023844
13,70,-0.023880
45,86,-0.023885
3,21,-0.023908
36,64,-0.023922
40,86,-0.023969
38,39,-0.023983
80,85,-0.023997
1,34,-0.023997
38,55,-0.024007
11,89,-0.024007
45,56,-0.024023
42,88,-0.024024
12,52,-0.024090
61,80,-0.024101
61,89,-0.024117
70,80,-0.024138
45,61,-0.024154
31,73,-0.024162
25,32,-0.024198
1,79,-0.024206
38,79,-0.024245
5,29,-0.024281
59,70,-0.024308
1,83,-0.024321
12,70,-0.024332
48,82,-0.024356
49,88,-0.024362
18,59,-0.024370
3,60,-0.024372
62,81,-0.024376
35,45,-0.024402
10,81,-0.024411
33,35,-0.024421
13,88,-0.024431
13,79,-0.024466
2,60,-0.024498
6,15,-0.024558
53,71,-0.024564
3,78,-0.024570
8,23,-0.024631
22,55,-0.024644
2,73,-0.024645
11,83,-0.024728
3,12,-0.024732
38,85,-0.024733
7,85,-0.024737
31,54,-0.024792
28,80,-0.024792
61,87,-0.024828
9,72,-0.024829
6,69,-0.024871
65,72,-0.024872
10,55,-0.024891
15,36,-0.024928
16,73,-0.024932
6,57,-0.024959
8,35,-0.025050
50,66,-0.025050
2,54,-0.025183
79,85,-0.025186
53,81,-0.025187
8,84,-0.025226
6,70,-0.025233
58,88,-0.025245
46,83,-0.025259
13,61,-0.025278
21,43,-0.025281
44,64,-0.025302
47,89,-0.025335
12,86,-0.025380
73,83,-0.025381
17,61,-0.025391
9,60,-0.025392
19,26,-0.025453
58,81,-0.025485
62,85,-0.025500
44,87,-0.025553
4,78,-0.025593
60,80,-0.025595
72,77,-0.025641
33,46,-0.025667
13,75,-0.025685
35,44,-0.025721
38,54,-0.025750
17,72,-0.025758
19,33,-0.025823
72,85,-0.025845
46,73,-0.025915
15,65,-0.026006
20,54,-0.026007
8,68,-0.026007
27,81,-0.026016
44,80,-0.026043
3,81,-0.026142
23,62,-0.026156
1,80,-0.026157
37,81,-0.026172
6,85,-0.026180
33,58,-0.026187
15,71,-0.026197
3,52,-0.026198
52,76,-0.026213
19,42,-0.026224
3,51,-0.026234
37,65,-0.026237
11,60,-0.026252
17,62,-0.026348
16,58,-0.026390
62,79,-0.026489
45,88,-0.026526
13,58,-0.026545
43,83,-0.026568
85,89,-0.026576
25,47,-0.026614
8,34,-0.026652
56,73,-0.026676
2,29,-0.026691
12,41,-0.026717
8,59,-0.026737
14,87,-0.026757
2,79,-0.026775
7,54,-0.026821
19,73,-0.026836
2,27,-0.026873
57,63,-0.026913
24,41,-0.026915
13,37,-0.026948
41,74,-0.026961
56,66,-0.026993
19,87,-0.026996
33,72,-0.027005
11,17,-0.027014
3,19,-0.027050
11,44,-0.027070
26,86,-0.027072
42,87,-0.027079
24,55,-0.027079
14,36,-0.027101
40,81,-0.027165
25,71,-0.027177
42,60,-0.027218
1,43,-0.027240
42,65,-0.027295
20,36,-0.027304
68,69,-0.027320
63,73,-0.027360
56,75,-0.027369
6,22,-0.027388
7,88,-0.027428
7,50,-0.027479
42,61,-0.027533
30,89,-0.027621
21,39,-0.027665
28,41,-0.027675
1,51,-0.027698
52,65,-0.027713
34,41,-0.027732
3,20,-0.027744
23,83,-0.027818
29,47,-0.027826
6,54,-0.027844
28,73,-0.027869
26,44,-0.027940
27,85,-0.027953
27,41,-0.027971
17,30,-0.028037
26,54,-0.028089
18,89,-0.028099
7,70,-0.028135
2,46,-0.028147
58,83,-0.028148
51,88,-0.028180
4,26,-0.028193
10,33,-0.028222
15,53,-0.028228
3,67,-0.028229
2,65,-0.028269
39,88,-0.028301
15,38,-0.028327
43,78,-0.028335
9,32,-0.028366
14,37,-0.028380
13,73,-0.028386
49,61,-0.028411
10,74,-0.028429
60,76,-0.028439
31,86,-0.028482
8,25,-0.028486
45,55,-0.028529
10,63,-0.028532
50,80,-0.028541
14,50,-0.028553
21,73,-0.028560
80,88,-0.028567
70,83,-0.028614
41,81,-0.028621
63,72,-0.028621
48,78,-0.028674
61,67,-0.028707
26,78,-0.028740
64,74,-0.028789
21,47,-0.028800
19,71,-0.028812
1,18,-0.028829
46,67,-0.028864
5,57,-0.028874
45,57,-0.028874
37,56,-0.028913
4,65,-0.028923
50,70,-0.028959
2,19,-0.029015
27,48,-0.029058
3,53,-0.029084
18,72,-0.029150
36,69,-0.029188
42,80,-0.029386
53,74,-0.029409
8,26,-0.029478
61,82,-0.029505
1,54,-0.029522
5,16,-0.029551
37,39,-0.029653
24,42,-0.029688
1,55,-0.029694
45,82,-0.029745
83,87,-0.029793
50,82,-0.029822
6,73,-0.029854
16,50,-0.029921
58,69,-0.029929
1,44,-0.029929
45,65,-0.029955
42,82,-0.030002
2,66,-0.030013
45,81,-0.030027
22,74,-0.030038
23,70,-0.030042
23,44,-0.030046
43,82,-0.030092
63,77,-0.030157
25,86,-0.030178
67,76,-0.030207
20,49,-0.030215
52,63,-0.030216
54,61,-0.030227
71,83,-0.030274
24,71,-0.030286
49,73,-0.030357
15,87,-0.030388
15,68,-0.030389
2,20,-0.030396
35,72,-0.030424
9,22,-0.030439
32,63,-0.030445
14,49,-0.030447
8,70,-0.030468
32,77,-0.030479
3,45,-0.030503
11,71,-0.030531
39,86,-0.030534
32,47,-0.030534
65,80,-0.030546
29,76,-0.030556
1,84,-0.030565
8,67,-0.030625
3,27,-0.030686
19,22,-0.030693
35,85,-0.030699
58,78,-0.030713
24,66,-0.030742
13,81,-0.030772
10,31,-0.030841
45,54,-0.030861
14,28,-0.030877
12,75,-0.030922
19,60,-0.031040
8,75,-0.031065
30,72,-0.031086
11,69,-0.031094
47,78,-0.031100
24,68,-0.031110
48,71,-0.031112
46,71,-0.031116
3,76,-0.031213
3,34,-0.031215
24,69,-0.031285
76,85,-0.031286
57,77,-0.031290
35,66,-0.031295
46,57,-0.031298
31,68,-0.031308
10,89,-0.031324
8,88,-0.031363
36,77,-0.031399
1,52,-0.031411
19,53,-0.031553
13,42,-0.031563
56,84,-0.031588
58,87,-0.031685
4,58,-0.031687
16,23,-0.031690
69,77,-0.031830
62,70,-0.031836
9,64,-0.031926
18,62,-0.031969
44,78,-0.031990
28,65,-0.032004
8,56,-0.032022
33,34,-0.032037
36,84,-0.032038
27,60,-0.032061
59,64,-0.032089
31,67,-0.032095
7,16,-0.032115
12,36,-0.032122
32,68,-0.032175
25,35,-0.032209
37,77,-0.032211
20,89,-0.032214
10,86,-0.032233
9,31,-0.032244
29,53,-0.032273
11,64,-0.032307
12,18,-0.032360
39,48,-0.032367
24,56,-0.032372
2,89,-0.032376
18,74,-0.032414
5,84,-0.032427
26,55,-0.032440
17,48,-0.032459
20,24,-0.032504
22,85,-0.032526
15,88,-0.032560
71,73,-0.032630
43,84,-0.032669
66,76,-0.032670
21,34,-0.032690
29,56,-0.032766
55,72,-0.032784
32,58,-0.032812
19,86,-0.032812
51,81,-0.032820
33,82,-0.032850
61,78,-0.032869
20,53,-0.032905
33,47,-0.032924
37,70,-0.032927
35,89,-0.032945
20,50,-0.032946
26,40,-0.032949
15,39,-0.032953
12,74,-0.032971
25,85,-0.032998
33,68,-0.033058
35,57,-0.033084
26,46,-0.033090
10,25,-0.033099
21,64,-0.033140
20,58,-0.033154
13,82,-0.033161
24,54,-0.033173
3,43,-0.033277
15,70,-0.033328
19,67,-0.033334
12,60,-0.033442
17,22,-0.033502
14,52,-0.033523
13,33,-0.033589
7,52,-0.033647
14,23,-0.033665
12,35,-0.033709
48,65,-0.033713
5,87,-0.033713
58,76,-0.033727
69,87,-0.033744
30,54,-0.033752
62,64,-0.033767
3,73,-0.033777
11,87,-0.033792
77,79,-0.033812
26,30,-0.033831
39,73,-0.033855
7,57,-0.033855
47,60,-0.033861
14,63,-0.033869
5,22,-0.033902
12,78,-0.033915
23,26,-0.033929
7,67,-0.033947
13,23,-0.034016
48,60,-0.034046
21,40,-0.034082
46,66,-0.034084
53,83,-0.034099
42,58,-0.034101
23,53,-0.034107
30,56,-0.034111
25,54,-0.034227
18,27,-0.034243
12,47,-0.034301
19,75,-0.034467
15,32,-0.034576
15,40,-0.034587
28,88,-0.034624
27,65,-0.034627
19,46,-0.034705
44,63,-0.034806
8,74,-0.034850
33,77,-0.034853
3,65,-0.034855
34,36,-0.034869
31,48,-0.034889
11,41,-0.034928
28,37,-0.034964
30,51,-0.034971
67,79,-0.034983
37,52,-0.034986
27,44,-0.035010
40,62,-0.035070
59,78,-0.035084
25,41,-0.035093
57,78,-0.035112
15,58,-0.035135
19,85,-0.035156
14,32,-0.035173
8,72,-0.035201
23,87,-0.035208
5,32,-0.035259
20,46,-0.035263
10,21,-0.035269
26,83,-0.035297
8,58,-0.035362
31,81,-0.035398
40,68,-0.035401
60,74,-0.035415
14,61,-0.035434
27,35,-0.035458
37,69,-0.035477
18,54,-0.035583
35,60,-0.035627
36,71,-0.035640
68,87,-0.035673
7,66,-0.035677
15,48,-0.035715
11,53,-0.035725
28,50,-0.035737
45,63,-0.035745
18,31,-0.035755
19,28,-0.035770
57,74,-0.035813
34,77,-0.035826
7,46,-0.035840
19,65,-0.035847
47,52,-0.035941
15,49,-0.035984
17,36,-0.036028
29,54,-0.036055
34,71,-0.036063
18,61,-0.036067
43,60,-0.036096
10,18,-0.036167
35,76,-0.036208
13,28,-0.036297
21,78,-0.036322
42,59,-0.036334
13,30,-0.036354
34,46,-0.036362
60,83,-0.036388
30,81,-0.036442
45,52,-0.036463
47,87,-0.036482
4,67,-0.036527
22,89,-0.036644
10,80,-0.036669
9,55,-0.036677
38,67,-0.036697
13,60,-0.036715
49,80,-0.036762
24,78,-0.036765
23,40,-0.036773
53,77,-0.036778
24,62,-0.036861
3,66,-0.036876
80,82,-0.036895
21,81,-0.036990
60,66,-0.037018
13,35,-0.037047
52,79,-0.037049
55,86,-0.037055
11,39,-0.037086
4,60,-0.037106
38,56,-0.037148
46,74,-0.037184
70,89,-0.037191
36,79,-0.037216
42,67,-0.037224
16,29,-0.037225
47,70,-0.037317
10,32,-0.037485
39,65,-0.037503
40,77,-0.037557
41,52,-0.037599
23,81,-0.037612
44,89,-0.037712
22,70,-0.037770
21,65,-0.037774
25,55,-0.037780
26,37,-0.037782
18,34,-0.037837
19,63,-0.037886
54,79,-0.037912
19,35,-0.037954
11,67,-0.037974
44,82,-0.037978
25,74,-0.038023
27,89,-0.038069
8,44,-0.038133
4,71,-0.038157
17,68,-0.038292
28,74,-0.038312
40,74,-0.038321
46,80,-0.038328
46,61,-0.038332
12,50,-0.038387
65,88,-0.038452
27,82,-0.038610
6,51,-0.038636
29,37,-0.038673
17,50,-0.038673
66,75,-0.038673
27,71,-0.038682
43,85,-0.038684
26,75,-0.038695
19,49,-0.038744
35,52,-0.038768
21,68,-0.038770
12,45,-0.038776
42,57,-0.038807
22,40,-0.038808
38,47,-0.038820
8,60,-0.038833
40,83,-0.038852
28,64,-0.038916
26,71,-0.038943
2,25,-0.038944
8,61,-0.038949
25,80,-0.038951
11,63,-0.038977
12,84,-0.038999
41,59,-0.039046
53,67,-0.039063
12,76,-0.039113
30,73,-0.039129
18,33,-0.039130
15,77,-0.039151
25,40,-0.039162
26,52,-0.039190
26,45,-0.039212
9,57,-0.039216
9,43,-0.039256
14,79,-0.039276
77,78,-0.039299
10,23,-0.039324
6,58,-0.039355
17,47,-0.039396
47,51,-0.039454
9,29,-0.039477
11,59,-0.039627
69,82,-0.039649
6,24,-0.039665
9,68,-0.039681
3,25,-0.039702
30,47,-0.039725
4,57,-0.039729
53,89,-0.039730
18,69,-0.039737
38,84,-0.039749
26,27,-0.039758
13,50,-0.039805
34,67,-0.039812
41,57,-0.039844
4,27,-0.039844
21,57,-0.039882
43,47,-0.039929
55,83,-0.039935
16,78,-0.039957
21,83,-0.039984
10,36,-0.040026
10,52,-0.040115
5,77,-0.040120
13,64,-0.040258
44,67,-0.040276
23,73,-0.040320
31,61,-0.040326
52,77,-0.040339
12,64,-0.040348
15,63,-0.040355
7,58,-0.040384
6,36,-0.040387
28,76,-0.040404
16,52,-0.040481
8,71,-0.040517
33,84,-0.040542
54,74,-0.040570
36,82,-0.040571
24,57,-0.040623
52,86,-0.040685
41,54,-0.040746
13,85,-0.040750
51,85,-0.040836
3,58,-0.040854
53,70,-0.040927
18,57,-0.041037
24,60,-0.041066
51,61,-0.041073
44,70,-0.041082
59,67,-0.041111
18,32,-0.041120
35,63,-0.041143
64,80,-0.041212
59,72,-0.041231
5,23,-0.041252
13,25,-0.041254
13,47,-0.041320
79,81,-0.041348
4,24,-0.041379
9,70,-0.041445
30,86,-0.041457
28,38,-0.041512
24,49,-0.041526
57,80,-0.041547
30,59,-0.041551
35,50,-0.041562
2,83,-0.041619
39,77,-0.041665
66,89,-0.041750
19,29,-0.041754
58,63,-0.041775
56,68,-0.041797
57,62,-0.041857
63,83,-0.041862
16,44,-0.041865
32,61,-0.041868
14,46,-0.041940
14,29,-0.041942
15,74,-0.041953
37,74,-0.041997
37,42,-0.042034
72,82,-0.042085
25,68,-0.042095
34,61,-0.042143
25,79,-0.042161
4,39,-0.042165
54,84,-0.042327
9,66,-0.042355
51,74,-0.042366
8,49,-0.042423
57,75,-0.042453
11,55,-0.042458
22,50,-0.042462
29,35,-0.042484
27,87,-0.042487
11,45,-0.042490
29,84,-0.042491
12,49,-0.042528
42,45,-0.042540
7,49,-0.042558
55,79,-0.042587
16,36,-0.042594
9,30,-0.042665
3,77,-0.042716
33,50,-0.042723
27,36,-0.042773
22,79,-0.042788
20,56,-0.042829
31,76,-0.043044
19,79,-0.043129
21,32,-0.043130
28,34,-0.043180
45,78,-0.043193
31,75,-0.043205
68,88,-0.043229
23,45,-0.043273
34,74,-0.043339
8,65,-0.043463
59,88,-0.043470
31,63,-0.043500
7,21,-0.043510
49,76,-0.043568
27,59,-0.043594
54,72,-0.043607
52,70,-0.043612
47,57,-0.043660
17,52,-0.043660
7,43,-0.043661
28,81,-0.043689
14,40,-0.043693
25,59,-0.043772
7,39,-0.043840
29,43,-0.043905
10,59,-0.043911
72,81,-0.043938
19,81,-0.044098
16,84,-0.044109
23,71,-0.044129
25,82,-0.044130
13,56,-0.044134
43,63,-0.044169
26,72,-0.044192
3,61,-0.044229
42,86,-0.044229
24,31,-0.044234
12,54,-0.044237
24,72,-0.044239
14,65,-0.044282
59,83,-0.044359
41,53,-0.044365
8,76,-0.044368
8,54,-0.044384
39,50,-0.044406
29,65,-0.044427
72,87,-0.044457
18,35,-0.044485
26,39,-0.044507
27,29,-0.044547
44,53,-0.044759
36,41,-0.044814
17,53,-0.044823
9,87,-0.044826
22,78,-0.044826
4,66,-0.044839
34,63,-0.044848
25,67,-0.044863
24,53,-0.044888
55,65,-0.044935
19,34,-0.044939
23,67,-0.045031
59,89,-0.045101
48,88,-0.045106
21,56,-0.045137
27,40,-0.045148
9,69,-0.045165
16,70,-0.045168
29,75,-0.045177
10,46,-0.045178
29,83,-0.045215
11,21,-0.045271
53,78,-0.045298
17,85,-0.045326
3,80,-0.045346
9,33,-0.045372
52,81,-0.045374
30,88,-0.045391
13,63,-0.045406
16,69,-0.045512
8,55,-0.045529
26,48,-0.045561
33,83,-0.045563
8,45,-0.045579
13,34,-0.045652
19,39,-0.045661
48,84,-0.045670
2,75,-0.045671
12,58,-0.045763
13,22,-0.045810
12,29,-0.045874
26,82,-0.045951
25,89,-0.045985
38,76,-0.046020
39,82,-0.046028
21,51,-0.046044
59,85,-0.046045
33,62,-0.046055
44,59,-0.046098
34,49,-0.046104
27,79,-0.046138
30,65,-0.046150
19,55,-0.046178
14,56,-0.046200
32,85,-0.046206
22,84,-0.046256
57,73,-0.046303
41,67,-0.046347
8,69,-0.046353
10,67,-0.046437
55,68,-0.046441
7,25,-0.046547
7,24,-0.046561
17,43,-0.046568
9,63,-0.046582
47,63,-0.046703
54,70,-0.046725
38,51,-0.046784
55,74,-0.046807
10,39,-0.046997
28,68,-0.047011
32,67,-0.047043
9,25,-0.047070
20,68,-0.047074
35,74,-0.047085
25,64,-0.047110
23,38,-0.047224
4,82,-0.047326
36,74,-0.047335
50,81,-0.047354
51,82,-0.047355
15,64,-0.047391
22,80,-0.047406
18,28,-0.047418
44,77,-0.047418
22,47,-0.047428
2,61,-0.047444
56,89,-0.047565
16,51,-0.047619
22,52,-0.047698
43,57,-0.047729
9,85,-0.047788
11,76,-0.047857
14,43,-0.047955
26,56,-0.048016
27,84,-0.048019
8,15,-0.048021
26,49,-0.048035
16,74,-0.048041
17,89,-0.048041
69,80,-0.048075
32,56,-0.048120
34,69,-0.048137
21,75,-0.048323
55,84,-0.048402
26,66,-0.048406
21,89,-0.048529
34,66,-0.048539
4,53,-0.048566
26,57,-0.048619
28,47,-0.048660
18,53,-0.048682
19,31,-0.048699
58,66,-0.048721
47,85,-0.048784
46,79,-0.048847
4,22,-0.048925
22,62,-0.048992
8,41,-0.049025
37,59,-0.049029
24,38,-0.049049
27,73,-0.049081
27,83,-0.049090
7,69,-0.049294
25,60,-0.049308
28,40,-0.049358
20,38,-0.049422
18,65,-0.049507
69,79,-0.049568
7,78,-0.049577
66,72,-0.049577
29,45,-0.049622
59,71,-0.049643
21,44,-0.049684
15,50,-0.049712
33,81,-0.049716
21,37,-0.049747
11,61,-0.049760
79,84,-0.049765
32,88,-0.049778
36,66,-0.049863
10,71,-0.049960
3,75,-0.049968
20,61,-0.049982
2,13,-0.050028
21,71,-0.050029
41,87,-0.050079
18,71,-0.050192
38,83,-0.050216
22,60,-0.050230
24,52,-0.050255
28,77,-0.050270
24,67,-0.050280
16,71,-0.050319
6,65,-0.050475
8,78,-0.050515
42,74,-0.050559
14,89,-0.050616
27,43,-0.050625
31,85,-0.050646
72,78,-0.050660
14,21,-0.050687
61,86,-0.050828
29,73,-0.050905
22,73,-0.050920
30,79,-0.050921
30,70,-0.050968
21,46,-0.051012
17,33,-0.051098
5,40,-0.051119
32,76,-0.051172
8,40,-0.051213
7,74,-0.051218
50,74,-0.051283
60,72,-0.051315
11,85,-0.051340
39,60,-0.051343
18,43,-0.051442
21,52,-0.051459
9,38,-0.051500
15,47,-0.051528
50,78,-0.051548
32,41,-0.051560
37,63,-0.051572
54,83,-0.051588
59,80,-0.051597
63,79,-0.051732
49,68,-0.051813
51,86,-0.051849
21,80,-0.051857
30,55,-0.051893
17,55,-0.052117
22,71,-0.052131
17,29,-0.052144
37,54,-0.052222
7,42,-0.052236
6,53,-0.052256
43,87,-0.052274
23,61,-0.052284
43,86,-0.052295
23,88,-0.052312
17,74,-0.052316
14,60,-0.052360
52,75,-0.052432
30,48,-0.052434
4,36,-0.052456
10,24,-0.052508
28,82,-0.052649
39,89,-0.052736
24,73,-0.052781
8,20,-0.052821
15,69,-0.052895
6,86,-0.053021
20,71,-0.053038
30,61,-0.053132
9,40,-0.053134
16,45,-0.053214
34,80,-0.053396
35,75,-0.053410
14,55,-0.053412
29,50,-0.053508
18,56,-0.053510
30,57,-0.053625
25,49,-0.053681
53,72,-0.053686
15,35,-0.053688
14,69,-0.053695
45,60,-0.053770
36,80,-0.053775
55,77,-0.053829
53,69,-0.053862
23,74,-0.053910
41,60,-0.054044
21,77,-0.054056
22,88,-0.054176
51,89,-0.054332
34,54,-0.054421
50,67,-0.054442
32,37,-0.054456
15,59,-0.054496
42,53,-0.054544
40,46,-0.054563
16,82,-0.054566
43,64,-0.054596
33,71,-0.054657
13,84,-0.054697
16,48,-0.054732
67,73,-0.054735
19,64,-0.054735
22,72,-0.054800
21,26,-0.054944
74,86,-0.055015
28,83,-0.055017
14,77,-0.055053
4,43,-0.055204
42,71,-0.055262
8,80,-0.055263
22,61,-0.055460
44,71,-0.055596
46,88,-0.055624
28,57,-0.055654
16,68,-0.055687
21,50,-0.055720
13,69,-0.055722
49,82,-0.055734
9,42,-0.055772
41,88,-0.055815
7,53,-0.055854
26,58,-0.055883
46,86,-0.056005
15,44,-0.056020
64,71,-0.056100
34,78,-0.056105
37,49,-0.056113
56,71,-0.056172
9,59,-0.056197
16,61,-0.056221
53,80,-0.056252
48,77,-0.056343
69,84,-0.056404
15,43,-0.056408
5,67,-0.056424
44,85,-0.056446
27,47,-0.056464
31,88,-0.056535
40,78,-0.056549
51,67,-0.056644
26,69,-0.056678
6,64,-0.056761
24,80,-0.056830
6,78,-0.056909
41,84,-0.056936
64,76,-0.056965
15,67,-0.056975
13,77,-0.056992
57,85,-0.057057
41,63,-0.057092
28,84,-0.057211
24,61,-0.057215
16,64,-0.057282
4,46,-0.057292
4,75,-0.057293
34,64,-0.057417
14,26,-0.057439
24,88,-0.057449
16,28,-0.057474
7,36,-0.057671
34,85,-0.057729
44,68,-0.057749
27,64,-0.057769
16,67,-0.057843
36,88,-0.057857
47,66,-0.057878
25,62,-0.057893
29,82,-0.057962
36,61,-0.057975
17,81,-0.057990
30,62,-0.058094
35,70,-0.058123
23,57,-0.058169
33,59,-0.058176
15,72,-0.058199
11,78,-0.058360
25,63,-0.058405
32,82,-0.058459
13,59,-0.058530
19,36,-0.058611
37,51,-0.058624
19,69,-0.058702
29,71,-0.058774
31,80,-0.058895
37,48,-0.059132
13,55,-0.059134
50,72,-0.059151
56,79,-0.059176
16,39,-0.059203
51,77,-0.059309
19,56,-0.059349
61,70,-0.059352
34,53,-0.059396
20,60,-0.059416
5,51,-0.059593
24,47,-0.059607
36,83,-0.059688
62,73,-0.059750
29,59,-0.059759
22,58,-0.059785
32,60,-0.059817
30,68,-0.059835
25,75,-0.059894
59,81,-0.059899
34,60,-0.060082
18,46,-0.060095
42,89,-0.060110
53,79,-0.060110
27,80,-0.060131
5,66,-0.060298
53,86,-0.060439
17,78,-0.060507
23,80,-0.060518
17,23,-0.060560
5,65,-0.060632
29,72,-0.060644
7,26,-0.060726
5,27,-0.060774
6,59,-0.060843
6,66,-0.060859
60,86,-0.060883
26,62,-0.060888
24,82,-0.061015
55,76,-0.061035
29,68,-0.061055
49,74,-0.061057
11,88,-0.061221
32,83,-0.061237
5,31,-0.061318
29,58,-0.061390
39,71,-0.061418
52,72,-0.061438
43,59,-0.061446
27,58,-0.061502
26,60,-0.061561
25,43,-0.061653
45,53,-0.061655
32,70,-0.061879
4,70,-0.061986
63,75,-0.062020
46,68,-0.062112
56,76,-0.062117
39,75,-0.062193
4,55,-0.062282
33,51,-0.062313
68,81,-0.062360
14,53,-0.062399
45,77,-0.062482
42,76,-0.062600
16,37,-0.062691
14,54,-0.062745
34,87,-0.062750
14,39,-0.062759
10,70,-0.062769
45,85,-0.062788
5,78,-0.062810
34,48,-0.062834
18,36,-0.062943
32,71,-0.062950
18,79,-0.062963
12,66,-0.063011
14,42,-0.063045
49,77,-0.063057
16,77,-0.063120
75,85,-0.063187
5,46,-0.063242
18,86,-0.063251
2,80,-0.063456
14,88,-0.063479
60,62,-0.063576
40,72,-0.063674
57,87,-0.063731
28,58,-0.063753
7,27,-0.063760
5,85,-0.063835
6,56,-0.063942
16,43,-0.063954
22,87,-0.063984
32,50,-0.064022
46,81,-0.064100
16,35,-0.064120
21,54,-0.064145
48,87,-0.064189
23,77,-0.064244
35,82,-0.064257
13,67,-0.064296
39,70,-0.064381
60,68,-0.064542
18,42,-0.064602
31,70,-0.064645
51,76,-0.064779
23,76,-0.064785
17,56,-0.064857
33,79,-0.064887
25,56,-0.064920
43,81,-0.064933
28,45,-0.064998
6,52,-0.065083
7,51,-0.065192
60,75,-0.065252
41,49,-0.065259
69,76,-0.065381
50,87,-0.065483
27,74,-0.065521
30,44,-0.065591
6,40,-0.065612
15,55,-0.065686
30,75,-0.065721
21,62,-0.065773
10,51,-0.065852
19,43,-0.065875
18,77,-0.065925
6,21,-0.066141
25,57,-0.066293
4,61,-0.066349
55,62,-0.066404
17,54,-0.066481
16,42,-0.066642
5,28,-0.066808
16,86,-0.066868
54,77,-0.066880
13,46,-0.066885
23,84,-0.066898
18,85,-0.067024
12,85,-0.067058
16,56,-0.067094
18,22,-0.067176
26,43,-0.067241
25,88,-0.067576
43,77,-0.067739
6,87,-0.067788
11,33,-0.067875
26,35,-0.067897
18,78,-0.067974
40,84,-0.068000
24,89,-0.068224
9,49,-0.068226
39,80,-0.068276
10,85,-0.068303
51,63,-0.068343
6,60,-0.068540
9,36,-0.068630
59,82,-0.068713
6,23,-0.068770
19,88,-0.068851
50,85,-0.068852
8,86,-0.069198
16,54,-0.069200
10,56,-0.069206
17,35,-0.069284
46,65,-0.069310
69,75,-0.069349
18,82,-0.069377
17,58,-0.069399
12,33,-0.069477
38,70,-0.069483
19,83,-0.069501
25,87,-0.069630
11,25,-0.069652
16,80,-0.069661
15,56,-0.069683
59,76,-0.069897
46,87,-0.069936
34,52,-0.070045
56,83,-0.070089
13,49,-0.070101
17,87,-0.070131
10,69,-0.070229
69,83,-0.070260
34,56,-0.070276
44,79,-0.070480
36,72,-0.070484
18,63,-0.070499
39,68,-0.070521
7,22,-0.070587
17,42,-0.070625
41,78,-0.070920
5,49,-0.071060
50,63,-0.071091
27,78,-0.071317
14,58,-0.071395
6,27,-0.071423
21,74,-0.071768
12,77,-0.071883
18,49,-0.071943
58,67,-0.071987
26,61,-0.072063
12,82,-0.072225
69,89,-0.072324
4,63,-0.072352
22,67,-0.072408
29,80,-0.072438
21,55,-0.072529
23,79,-0.072530
63,89,-0.072675
6,50,-0.072842
9,78,-0.072852
21,84,-0.072867
31,74,-0.072873
7,28,-0.072924
34,89,-0.073185
42,68,-0.073230
18,48,-0.073243
45,49,-0.073248
25,52,-0.073248
51,83,-0.073258
17,49,-0.073367
64,77,-0.073440
19,78,-0.073572
57,79,-0.073650
17,63,-0.073716
23,58,-0.073767
20,76,-0.073891
17,60,-0.074081
26,64,-0.074111
24,79,-0.074191
35,71,-0.074228
16,63,-0.074257
19,57,-0.074338
35,67,-0.074372
14,67,-0.074400
43,67,-0.074412
29,51,-0.074442
4,32,-0.074445
47,64,-0.074476
31,78,-0.074488
4,64,-0.074606
11,65,-0.074655
7,40,-0.075350
20,52,-0.075351
6,39,-0.075356
54,81,-0.075417
10,60,-0.075583
36,75,-0.075631
16,66,-0.075677
28,75,-0.075710
36,44,-0.075742
52,78,-0.075757
7,23,-0.075975
4,30,-0.076240
10,43,-0.076364
9,77,-0.076482
5,39,-0.076514
20,82,-0.076582
23,82,-0.076694
77,88,-0.076723
4,52,-0.076829
23,41,-0.076834
10,49,-0.077027
71,88,-0.077116
53,75,-0.077200
20,84,-0.077250
10,42,-0.077273
49,75,-0.077367
59,75,-0.077461
41,82,-0.077672
36,89,-0.077677
6,81,-0.077823
4,23,-0.078293
61,74,-0.078379
6,63,-0.078392
11,84,-0.078413
59,79,-0.078441
32,65,-0.078443
72,88,-0.078453
14,66,-0.078508
58,86,-0.078718
27,37,-0.078773
5,63,-0.078775
38,69,-0.078863
5,21,-0.079096
25,61,-0.079120
65,86,-0.079172
20,29,-0.079312
30,58,-0.079387
6,75,-0.079393
9,54,-0.079552
33,73,-0.079557
4,21,-0.079591
5,36,-0.079674
52,71,-0.079692
22,53,-0.079805
20,67,-0.079962
40,70,-0.079981
5,62,-0.080074
61,84,-0.080169
11,24,-0.080242
38,86,-0.080365
59,74,-0.080550
21,82,-0.080753
63,80,-0.080988
44,81,-0.081059
35,64,-0.081194
20,69,-0.081371
26,76,-0.081492
48,62,-0.081577
16,87,-0.081773
21,79,-0.081914
23,75,-0.082413
4,42,-0.082459
26,59,-0.082534
27,77,-0.082564
31,40,-0.082665
38,63,-0.082725
9,28,-0.082742
9,56,-0.083439
30,40,-0.083456
26,88,-0.083523
20,81,-0.083649
16,47,-0.083744
26,31,-0.083811
6,28,-0.084011
35,81,-0.084024
7,63,-0.084286
17,86,-0.084352
20,85,-0.084571
61,73,-0.084632
12,67,-0.085204
13,62,-0.085264
55,82,-0.085277
21,58,-0.085325
16,57,-0.085409
62,77,-0.085416
23,89,-0.085472
10,78,-0.085550
12,40,-0.085668
49,84,-0.085679
62,82,-0.085753
49,79,-0.085763
26,50,-0.085856
33,43,-0.085942
42,79,-0.086121
43,73,-0.086128
16,85,-0.086208
4,49,-0.087019
16,59,-0.087177
51,78,-0.087784
6,29,-0.087811
68,86,-0.087889
64,75,-0.087965
42,75,-0.088000
18,51,-0.088099
7,32,-0.088173
9,21,-0.088278
6,32,-0.088952
9,23,-0.088991
17,28,-0.089072
51,84,-0.089429
5,30,-0.089620
7,81,-0.089683
21,35,-0.089740
46,59,-0.089847
17,69,-0.089957
27,75,-0.089962
20,62,-0.090150
65,81,-0.090165
27,88,-0.090266
10,28,-0.090776
7,56,-0.091061
17,31,-0.091255
30,43,-0.091686
16,62,-0.092231
17,88,-0.092675
35,80,-0.092742
30,50,-0.093165
13,32,-0.093985
5,69,-0.094174
55,89,-0.094306
6,42,-0.094403
49,89,-0.094614
52,89,-0.094867
16,49,-0.094962
54,88,-0.095111
5,42,-0.095167
22,65,-0.095351
4,69,-0.095952
38,87,-0.096394
11,54,-0.096658
12,88,-0.096675
4,28,-0.097217
5,56,-0.097217
20,78,-0.098109
35,77,-0.098143
6,55,-0.098503
6,49,-0.099199
28,89,-0.099259
17,57,-0.099319
38,78,-0.100243
55,75,-0.101782
5,55,-0.102668
43,75,-0.102700
23,68,-0.104601
15,52,-0.104687
21,61,-0.104795
7,60,-0.104928
29,46,-0.105409
28,79,-0.105724
5,52,-0.106045
20,63,-0.106415
46,89,-0.106888
18,55,-0.107316
13,39,-0.109999
7,55,-0.117888
16,65,-0.119075
35,84,-0.123815
15,83,-0.127709
