150 156 0 8
149 156 0 8
149 155 0 8
148 156 0 8
148 155 0 8
148 154 0 8
147 156 0 8
147 155 0 8
147 154 0 8
147 153 0 8
146 156 0 8
146 155 0 8
146 154 0 8
146 153 0 8
146 152 0 8
145 156 0 8
145 155 0 8
145 154 0 8
145 153 0 8
145 152 0 8
145 151 0 8
144 156 0 8
144 155 0 8
144 154 0 8
144 153 0 8
144 152 0 8
144 151 0 8
144 150 0 8
143 156 0 8
143 155 0 8
143 154 0 8
143 153 0 8
143 152 0 8
143 151 0 8
143 150 0 8
143 149 0 8
142 156 0 8
142 155 0 8
142 154 0 8
142 153 0 8
142 152 0 8
142 151 0 8
142 150 0 8
142 149 0 8
142 148 0 8
141 156 0 8
141 155 0 8
141 154 0 8
141 153 0 8
141 152 0 8
141 151 0 8
141 150 0 8
141 149 0 8
141 148 0 8
141 147 0 8
140 156 0 8
140 155 0 8
140 154 0 8
140 153 0 8
140 152 0 8
140 151 0 8
140 150 0 8
140 149 0 8
140 148 0 8
140 147 0 8
140 146 0 8
139 156 0 8
139 155 0 8
139 154 0 8
139 153 0 8
139 152 0 8
139 151 0 8
139 150 0 8
139 149 0 8
139 148 0 8
139 147 0 8
139 146 0 8
139 145 0 8
138 156 0 8
138 155 0 8
138 154 0 8
138 153 0 8
138 152 0 8
138 151 0 8
138 150 0 8
138 149 0 8
138 148 0 8
138 147 0 8
138 146 0 8
138 145 0 8
138 144 0 8
137 156 0 8
137 155 0 8
137 154 0 8
137 153 0 8
137 152 0 8
137 151 0 8
137 150 0 8
137 149 0 8
137 148 0 8
137 147 0 8
137 146 0 8
137 145 0 8
137 144 0 8
137 143 0 8
136 156 0 8
136 155 0 8
136 154 0 8
136 153 0 8
136 152 0 8
136 151 0 8
136 150 0 8
136 149 0 8
136 148 0 8
136 147 0 8
136 146 0 8
136 145 0 8
136 144 0 8
136 143 0 8
136 142 0 8
135 156 0 8
135 155 0 8
135 154 0 8
135 153 0 8
135 152 0 8
135 151 0 8
135 150 0 8
135 149 0 8
135 148 0 8
135 147 0 8
135 146 0 8
135 145 0 8
135 144 0 8
135 143 0 8
135 142 0 8
135 141 0 8
134 156 0 8
134 155 0 8
134 154 0 8
134 153 0 8
134 152 0 8
134 151 0 8
134 150 0 8
134 149 0 8
134 148 0 8
134 147 0 8
134 146 0 8
134 145 0 8
134 144 0 8
134 143 0 8
134 142 0 8
134 141 0 8
134 140 0 8
133 156 0 8
133 155 0 8
133 154 0 8
133 153 0 8
133 152 0 8
133 151 0 8
133 150 0 8
133 149 0 8
133 148 0 8
133 147 0 8
133 146 0 8
133 145 0 8
133 144 0 8
133 143 0 8
133 142 0 8
133 141 0 8
133 140 0 8
133 139 0 8
132 156 0 8
132 155 0 8
132 154 0 8
132 153 0 8
132 152 0 8
132 151 0 8
132 150 0 8
132 149 0 8
132 148 0 8
132 147 0 8
132 146 0 8
132 145 0 8
132 144 0 8
132 143 0 8
132 142 0 8
132 141 0 8
132 140 0 8
132 139 0 8
132 138 0 8
131 156 0 8
131 155 0 8
131 154 0 8
131 153 0 8
131 152 0 8
131 151 0 8
131 150 0 8
131 149 0 8
131 148 0 8
131 147 0 8
131 146 0 8
131 145 0 8
131 144 0 8
131 143 0 8
131 142 0 8
131 141 0 8
131 140 0 8
131 139 0 8
131 138 0 8
131 137 0 8
130 156 0 8
130 155 0 8
130 154 0 8
130 153 0 8
130 152 0 8
130 151 0 8
130 150 0 8
130 149 0 8
130 148 0 8
130 147 0 8
130 146 0 8
130 145 0 8
130 144 0 8
130 143 0 8
130 142 0 8
130 141 0 8
130 140 0 8
130 139 0 8
130 138 0 8
130 137 0 8
130 136 0 8
129 156 0 8
129 155 0 8
129 154 0 8
129 153 0 8
129 152 0 8
129 151 0 8
129 150 0 8
129 149 0 8
129 148 0 8
129 147 0 8
129 146 0 8
129 145 0 8
129 144 0 8
129 143 0 8
129 142 0 8
129 141 0 8
129 140 0 8
129 139 0 8
129 138 0 8
129 137 0 8
129 136 0 8
129 135 0 8
128 156 0 8
128 155 0 8
128 154 0 8
128 153 0 8
128 152 0 8
128 151 0 8
128 150 0 8
128 149 0 8
128 148 0 8
128 147 0 8
128 146 0 8
128 145 0 8
128 144 0 8
128 143 0 8
128 142 0 8
128 141 0 8
128 140 0 8
128 139 0 8
128 138 0 8
128 137 0 8
128 136 0 8
128 135 0 8
128 134 0 8
127 156 0 8
127 155 0 8
127 154 0 8
127 153 0 8
127 152 0 8
127 151 0 8
127 150 0 8
127 149 0 8
127 148 0 8
127 147 0 8
127 146 0 8
127 145 0 8
127 144 0 8
127 143 0 8
127 142 0 8
127 141 0 8
127 140 0 8
127 139 0 8
127 138 0 8
127 137 0 8
127 136 0 8
127 135 0 8
127 134 0 8
127 133 0 8
126 156 0 8
126 155 0 8
126 154 0 8
126 153 0 8
126 152 0 8
126 151 0 8
126 150 0 8
126 149 0 8
126 148 0 8
126 147 0 8
126 146 0 8
126 145 0 8
126 144 0 8
126 143 0 8
126 142 0 8
126 141 0 8
126 140 0 8
126 139 0 8
126 138 0 8
126 137 0 8
126 136 0 8
126 135 0 8
126 134 0 8
126 133 0 8
126 132 0 8
125 156 0 8
125 155 0 8
125 154 0 8
125 153 0 8
125 152 0 8
125 151 0 8
125 150 0 8
125 149 0 8
125 148 0 8
125 147 0 8
125 146 0 8
125 145 0 8
125 144 0 8
125 143 0 8
125 142 0 8
125 141 0 8
125 140 0 8
125 139 0 8
125 138 0 8
125 137 0 8
125 136 0 8
125 135 0 8
125 134 0 8
125 133 0 8
125 132 0 8
125 131 0 8
124 156 0 8
124 155 0 8
124 154 0 8
124 153 0 8
124 152 0 8
124 151 0 8
124 150 0 8
124 149 0 8
124 148 0 8
124 147 0 8
124 146 0 8
124 145 0 8
124 144 0 8
124 143 0 8
124 142 0 8
124 141 0 8
124 140 0 8
124 139 0 8
124 138 0 8
124 137 0 8
124 136 0 8
124 135 0 8
124 134 0 8
124 133 0 8
124 132 0 8
124 131 0 8
124 130 0 8
123 156 0 8
123 155 0 8
123 154 0 8
123 153 0 8
123 152 0 8
123 151 0 8
123 150 0 8
123 149 0 8
123 148 0 8
123 147 0 8
123 146 0 8
123 145 0 8
123 144 0 8
123 143 0 8
123 142 0 8
123 141 0 8
123 140 0 8
123 139 0 8
123 138 0 8
123 137 0 8
123 136 0 8
123 135 0 8
123 134 0 8
123 133 0 8
123 132 0 8
123 131 0 8
123 130 0 8
123 129 0 8
122 156 0 8
122 155 0 8
122 154 0 8
122 153 0 8
122 152 0 8
122 151 0 8
122 150 0 8
122 149 0 8
122 148 0 8
122 147 0 8
122 146 0 8
122 145 0 8
122 144 0 8
122 143 0 8
122 142 0 8
122 141 0 8
122 140 0 8
122 139 0 8
122 138 0 8
122 137 0 8
122 136 0 8
122 135 0 8
122 134 0 8
122 133 0 8
122 132 0 8
122 131 0 8
122 130 0 8
122 129 0 8
122 128 0 8
121 156 0 8
121 155 0 8
121 154 0 8
121 153 0 8
121 152 0 8
121 151 0 8
121 150 0 8
121 149 0 8
121 148 0 8
121 147 0 8
121 146 0 8
121 145 0 8
121 144 0 8
121 143 0 8
121 142 0 8
121 141 0 8
121 140 0 8
121 139 0 8
121 138 0 8
121 137 0 8
121 136 0 8
121 135 0 8
121 134 0 8
121 133 0 8
121 132 0 8
121 131 0 8
121 130 0 8
121 129 0 8
121 128 0 8
121 127 0 8
120 156 0 8
120 155 0 8
120 154 0 8
120 153 0 8
120 152 0 8
120 151 0 8
120 150 0 8
120 149 0 8
120 148 0 8
120 147 0 8
120 146 0 8
120 145 0 8
120 144 0 8
120 143 0 8
120 142 0 8
120 141 0 8
120 140 0 8
120 139 0 8
120 138 0 8
120 137 0 8
120 136 0 8
120 135 0 8
120 134 0 8
120 133 0 8
120 132 0 8
120 131 0 8
120 130 0 8
120 129 0 8
120 128 0 8
120 127 0 8
120 126 0 8
119 156 0 8
119 155 0 8
119 154 0 8
119 153 0 8
119 152 0 8
119 151 0 8
119 150 0 8
119 149 0 8
119 148 0 8
119 147 0 8
119 146 0 8
119 145 0 8
119 144 0 8
119 143 0 8
119 142 0 8
119 141 0 8
119 140 0 8
119 139 0 8
119 138 0 8
119 137 0 8
119 136 0 8
119 135 0 8
119 134 0 8
119 133 0 8
119 132 0 8
119 131 0 8
119 130 0 8
119 129 0 8
119 128 0 8
119 127 0 8
119 126 0 8
119 125 0 8
118 156 0 8
118 155 0 8
118 154 0 8
118 153 0 8
118 152 0 8
118 151 0 8
118 150 0 8
118 149 0 8
118 148 0 8
118 147 0 8
118 146 0 8
118 145 0 8
118 144 0 8
118 143 0 8
118 142 0 8
118 141 0 8
118 140 0 8
118 139 0 8
118 138 0 8
118 137 0 8
118 136 0 8
118 135 0 8
118 134 0 8
118 133 0 8
118 132 0 8
118 131 0 8
118 130 0 8
118 129 0 8
118 128 0 8
118 127 0 8
118 126 0 8
118 125 0 8
118 124 0 8
117 156 0 8
117 155 0 8
117 154 0 8
117 153 0 8
117 152 0 8
117 151 0 8
117 150 0 8
117 149 0 8
117 148 0 8
117 147 0 8
117 146 0 8
117 145 0 8
117 144 0 8
117 143 0 8
117 142 0 8
117 141 0 8
117 140 0 8
117 139 0 8
117 138 0 8
117 137 0 8
117 136 0 8
117 135 0 8
117 134 0 8
117 133 0 8
117 132 0 8
117 131 0 8
117 130 0 8
117 129 0 8
117 128 0 8
117 127 0 8
117 126 0 8
117 125 0 8
117 124 0 8
117 123 0 8
116 156 0 8
116 155 0 8
116 154 0 8
116 153 0 8
116 152 0 8
116 151 0 8
116 150 0 8
116 149 0 8
116 148 0 8
116 147 0 8
116 146 0 8
116 145 0 8
116 144 0 8
116 143 0 8
116 142 0 8
116 141 0 8
116 140 0 8
116 139 0 8
116 138 0 8
116 137 0 8
116 136 0 8
116 135 0 8
116 134 0 8
116 133 0 8
116 132 0 8
116 131 0 8
116 130 0 8
116 129 0 8
116 128 0 8
116 127 0 8
116 126 0 8
116 125 0 8
116 124 0 8
116 123 0 8
116 122 0 8
115 156 0 8
115 155 0 8
115 154 0 8
115 153 0 8
115 152 0 8
115 151 0 8
115 150 0 8
115 149 0 8
115 148 0 8
115 147 0 8
115 146 0 8
115 145 0 8
115 144 0 8
115 143 0 8
115 142 0 8
115 141 0 8
115 140 0 8
115 139 0 8
115 138 0 8
115 137 0 8
115 136 0 8
115 135 0 8
115 134 0 8
115 133 0 8
115 132 0 8
115 131 0 8
115 130 0 8
115 129 0 8
115 128 0 8
115 127 0 8
115 126 0 8
115 125 0 8
115 124 0 8
115 123 0 8
115 122 0 8
115 121 0 8
114 156 0 8
114 155 0 8
114 154 0 8
114 153 0 8
114 152 0 8
114 151 0 8
114 150 0 8
114 149 0 8
114 148 0 8
114 147 0 8
114 146 0 8
114 145 0 8
114 144 0 8
114 143 0 8
114 142 0 8
114 141 0 8
114 140 0 8
114 139 0 8
114 138 0 8
114 137 0 8
114 136 0 8
114 135 0 8
114 134 0 8
114 133 0 8
114 132 0 8
114 131 0 8
114 130 0 8
114 129 0 8
114 128 0 8
114 127 0 8
114 126 0 8
114 125 0 8
114 124 0 8
114 123 0 8
114 122 0 8
114 121 0 8
114 120 0 8
113 156 0 8
113 155 0 8
113 154 0 8
113 153 0 8
113 152 0 8
113 151 0 8
113 150 0 8
113 149 0 8
113 148 0 8
113 147 0 8
113 146 0 8
113 145 0 8
113 144 0 8
113 143 0 8
113 142 0 8
113 141 0 8
113 140 0 8
113 139 0 8
113 138 0 8
113 137 0 8
113 136 0 8
113 135 0 8
113 134 0 8
113 133 0 8
113 132 0 8
113 131 0 8
113 130 0 8
113 129 0 8
113 128 0 8
113 127 0 8
113 126 0 8
113 125 0 8
113 124 0 8
113 123 0 8
113 122 0 8
113 121 0 8
113 120 0 8
113 119 0 8
112 156 0 8
112 155 0 8
112 154 0 8
112 153 0 8
112 152 0 8
112 151 0 8
112 150 0 8
112 149 0 8
112 148 0 8
112 147 0 8
112 146 0 8
112 145 0 8
112 144 0 8
112 143 0 8
112 142 0 8
112 141 0 8
112 140 0 8
112 139 0 8
112 138 0 8
112 137 0 8
112 136 0 8
112 135 0 8
112 134 0 8
112 133 0 8
112 132 0 8
112 131 0 8
112 130 0 8
112 129 0 8
112 128 0 8
112 127 0 8
112 126 0 8
112 125 0 8
112 124 0 8
112 123 0 8
112 122 0 8
112 121 0 8
112 120 0 8
112 119 0 8
112 118 0 8
111 156 0 8
111 155 0 8
111 154 0 8
111 153 0 8
111 152 0 8
111 151 0 8
111 150 0 8
111 149 0 8
111 148 0 8
111 147 0 8
111 146 0 8
111 145 0 8
111 144 0 8
111 143 0 8
111 142 0 8
111 141 0 8
111 140 0 8
111 139 0 8
111 138 0 8
111 137 0 8
111 136 0 8
111 135 0 8
111 134 0 8
111 133 0 8
111 132 0 8
111 131 0 8
111 130 0 8
111 129 0 8
111 128 0 8
111 127 0 8
111 126 0 8
111 125 0 8
111 124 0 8
111 123 0 8
111 122 0 8
111 121 0 8
111 120 0 8
111 119 0 8
111 118 0 8
111 117 0 8
110 156 0 8
110 155 0 8
110 154 0 8
110 153 0 8
110 152 0 8
110 151 0 8
110 150 0 8
110 149 0 8
110 148 0 8
110 147 0 8
110 146 0 8
110 145 0 8
110 144 0 8
110 143 0 8
110 142 0 8
110 141 0 8
110 140 0 8
110 139 0 8
110 138 0 8
110 137 0 8
110 136 0 8
110 135 0 8
110 134 0 8
110 133 0 8
110 132 0 8
110 131 0 8
110 130 0 8
110 129 0 8
110 128 0 8
110 127 0 8
110 126 0 8
110 125 0 8
110 124 0 8
110 123 0 8
110 122 0 8
110 121 0 8
110 120 0 8
110 119 0 8
110 118 0 8
110 117 0 8
110 116 0 8
109 156 0 8
109 155 0 8
109 154 0 8
109 153 0 8
109 152 0 8
109 151 0 8
109 150 0 8
109 149 0 8
109 148 0 8
109 147 0 8
109 146 0 8
109 145 0 8
109 144 0 8
109 143 0 8
109 142 0 8
109 141 0 8
109 140 0 8
109 139 0 8
109 138 0 8
109 137 0 8
109 136 0 8
109 135 0 8
109 134 0 8
109 133 0 8
109 132 0 8
109 131 0 8
109 130 0 8
109 129 0 8
109 128 0 8
109 127 0 8
109 126 0 8
109 125 0 8
109 124 0 8
109 123 0 8
109 122 0 8
109 121 0 8
109 120 0 8
109 119 0 8
109 118 0 8
109 117 0 8
109 116 0 8
109 115 0 8
108 156 0 8
108 155 0 8
108 154 0 8
108 153 0 8
108 152 0 8
108 151 0 8
108 150 0 8
108 149 0 8
108 148 0 8
108 147 0 8
108 146 0 8
108 145 0 8
108 144 0 8
108 143 0 8
108 142 0 8
108 141 0 8
108 140 0 8
108 139 0 8
108 138 0 8
108 137 0 8
108 136 0 8
108 135 0 8
108 134 0 8
108 133 0 8
108 132 0 8
108 131 0 8
108 130 0 8
108 129 0 8
108 128 0 8
108 127 0 8
108 126 0 8
108 125 0 8
108 124 0 8
108 123 0 8
108 122 0 8
108 121 0 8
108 120 0 8
108 119 0 8
108 118 0 8
108 117 0 8
108 116 0 8
108 115 0 8
108 114 0 8
107 156 0 8
107 155 0 8
107 154 0 8
107 153 0 8
107 152 0 8
107 151 0 8
107 150 0 8
107 149 0 8
107 148 0 8
107 147 0 8
107 146 0 8
107 145 0 8
107 144 0 8
107 143 0 8
107 142 0 8
107 141 0 8
107 140 0 8
107 139 0 8
107 138 0 8
107 137 0 8
107 136 0 8
107 135 0 8
107 134 0 8
107 133 0 8
107 132 0 8
107 131 0 8
107 130 0 8
107 129 0 8
107 128 0 8
107 127 0 8
107 126 0 8
107 125 0 8
107 124 0 8
107 123 0 8
107 122 0 8
107 121 0 8
107 120 0 8
107 119 0 8
107 118 0 8
107 117 0 8
107 116 0 8
107 115 0 8
107 114 0 8
107 113 0 8
106 156 0 8
106 155 0 8
106 154 0 8
106 153 0 8
106 152 0 8
106 151 0 8
106 150 0 8
106 149 0 8
106 148 0 8
106 147 0 8
106 146 0 8
106 145 0 8
106 144 0 8
106 143 0 8
106 142 0 8
106 141 0 8
106 140 0 8
106 139 0 8
106 138 0 8
106 137 0 8
106 136 0 8
106 135 0 8
106 134 0 8
106 133 0 8
106 132 0 8
106 131 0 8
106 130 0 8
106 129 0 8
106 128 0 8
106 127 0 8
106 126 0 8
106 125 0 8
106 124 0 8
106 123 0 8
106 122 0 8
106 121 0 8
106 120 0 8
106 119 0 8
106 118 0 8
106 117 0 8
106 116 0 8
106 115 0 8
106 114 0 8
106 113 0 8
106 112 0 8
105 156 0 8
105 155 0 8
105 154 0 8
105 153 0 8
105 152 0 8
105 151 0 8
105 150 0 8
105 149 0 8
105 148 0 8
105 147 0 8
105 146 0 8
105 145 0 8
105 144 0 8
105 143 0 8
105 142 0 8
105 141 0 8
105 140 0 8
105 139 0 8
105 138 0 8
105 137 0 8
105 136 0 8
105 135 0 8
105 134 0 8
105 133 0 8
105 132 0 8
105 131 0 8
105 130 0 8
105 129 0 8
105 128 0 8
105 127 0 8
105 126 0 8
105 125 0 8
105 124 0 8
105 123 0 8
105 122 0 8
105 121 0 8
105 120 0 8
105 119 0 8
105 118 0 8
105 117 0 8
105 116 0 8
105 115 0 8
105 114 0 8
105 113 0 8
105 112 0 8
105 111 0 8
104 156 0 8
104 155 0 8
104 154 0 8
104 153 0 8
104 152 0 8
104 151 0 8
104 150 0 8
104 149 0 8
104 148 0 8
104 147 0 8
104 146 0 8
104 145 0 8
104 144 0 8
104 143 0 8
104 142 0 8
104 141 0 8
104 140 0 8
104 139 0 8
104 138 0 8
104 137 0 8
104 136 0 8
104 135 0 8
104 134 0 8
104 133 0 8
104 132 0 8
104 131 0 8
104 130 0 8
104 129 0 8
104 128 0 8
104 127 0 8
104 126 0 8
104 125 0 8
104 124 0 8
104 123 0 8
104 122 0 8
104 121 0 8
104 120 0 8
104 119 0 8
104 118 0 8
104 117 0 8
104 116 0 8
104 115 0 8
104 114 0 8
104 113 0 8
104 112 0 8
104 111 0 8
104 110 0 8
103 156 0 8
103 155 0 8
103 154 0 8
103 153 0 8
103 152 0 8
103 151 0 8
103 150 0 8
103 149 0 8
103 148 0 8
103 147 0 8
103 146 0 8
103 145 0 8
103 144 0 8
103 143 0 8
103 142 0 8
103 141 0 8
103 140 0 8
103 139 0 8
103 138 0 8
103 137 0 8
103 136 0 8
103 135 0 8
103 134 0 8
103 133 0 8
103 132 0 8
103 131 0 8
103 130 0 8
103 129 0 8
103 128 0 8
103 127 0 8
103 126 0 8
103 125 0 8
103 124 0 8
103 123 0 8
103 122 0 8
103 121 0 8
103 120 0 8
103 119 0 8
103 118 0 8
103 117 0 8
103 116 0 8
103 115 0 8
103 114 0 8
103 113 0 8
103 112 0 8
103 111 0 8
103 110 0 8
103 109 0 8
102 156 0 8
102 155 0 8
102 154 0 8
102 153 0 8
102 152 0 8
102 151 0 8
102 150 0 8
102 149 0 8
102 148 0 8
102 147 0 8
102 146 0 8
102 145 0 8
102 144 0 8
102 143 0 8
102 142 0 8
102 141 0 8
102 140 0 8
102 139 0 8
102 138 0 8
102 137 0 8
102 136 0 8
102 135 0 8
102 134 0 8
102 133 0 8
102 132 0 8
102 131 0 8
102 130 0 8
102 129 0 8
102 128 0 8
102 127 0 8
102 126 0 8
102 125 0 8
102 124 0 8
102 123 0 8
102 122 0 8
102 121 0 8
102 120 0 8
102 119 0 8
102 118 0 8
102 117 0 8
102 116 0 8
102 115 0 8
102 114 0 8
102 113 0 8
102 112 0 8
102 111 0 8
102 110 0 8
102 109 0 8
102 108 0 8
101 156 0 8
101 155 0 8
101 154 0 8
101 153 0 8
101 152 0 8
101 151 0 8
101 150 0 8
101 149 0 8
101 148 0 8
101 147 0 8
101 146 0 8
101 145 0 8
101 144 0 8
101 143 0 8
101 142 0 8
101 141 0 8
101 140 0 8
101 139 0 8
101 138 0 8
101 137 0 8
101 136 0 8
101 135 0 8
101 134 0 8
101 133 0 8
101 132 0 8
101 131 0 8
101 130 0 8
101 129 0 8
101 128 0 8
101 127 0 8
101 126 0 8
101 125 0 8
101 124 0 8
101 123 0 8
101 122 0 8
101 121 0 8
101 120 0 8
101 119 0 8
101 118 0 8
101 117 0 8
101 116 0 8
101 115 0 8
101 114 0 8
101 113 0 8
101 112 0 8
101 111 0 8
101 110 0 8
101 109 0 8
101 108 0 8
101 107 0 8
100 156 0 8
100 155 0 8
100 154 0 8
100 153 0 8
100 152 0 8
100 151 0 8
100 150 0 8
100 149 0 8
100 148 0 8
100 147 0 8
100 146 0 8
100 145 0 8
100 144 0 8
100 143 0 8
100 142 0 8
100 141 0 8
100 140 0 8
100 139 0 8
100 138 0 8
100 137 0 8
100 136 0 8
100 135 0 8
100 134 0 8
100 133 0 8
100 132 0 8
100 131 0 8
100 130 0 8
100 129 0 8
100 128 0 8
100 127 0 8
100 126 0 8
100 125 0 8
100 124 0 8
100 123 0 8
100 122 0 8
100 121 0 8
100 120 0 8
100 119 0 8
100 118 0 8
100 117 0 8
100 116 0 8
100 115 0 8
100 114 0 8
100 113 0 8
100 112 0 8
100 111 0 8
100 110 0 8
100 109 0 8
100 108 0 8
100 107 0 8
100 106 0 8
