18 91 1.502922e+00
22 82 1.154510e+00
85 91 9.182391e-01
15 86 8.949489e-01
86 88 8.686487e-01
5 6 8.485070e-01
44 45 8.453532e-01
15 19 8.372396e-01
98 99 8.324280e-01
18 85 8.168887e-01
8 9 7.946477e-01
92 96 7.690415e-01
6 7 7.566994e-01
5 7 7.551492e-01
94 98 7.505433e-01
79 83 7.433418e-01
92 94 7.290931e-01
96 100 7.266137e-01
43 83 7.241535e-01
69 84 7.223035e-01
10 17 7.202674e-01
98 100 7.167989e-01
94 96 7.161453e-01
4 6 7.125386e-01
91 92 7.061986e-01
4 7 6.919892e-01
15 22 6.853803e-01
94 97 6.841850e-01
86 95 6.832462e-01
14 18 6.803410e-01
100 101 6.792768e-01
16 20 6.738977e-01
3 5 6.710064e-01
65 81 6.540073e-01
7 8 6.539661e-01
7 9 6.523777e-01
26 65 6.495090e-01
95 100 6.477910e-01
22 23 6.437790e-01
60 61 6.405428e-01
52 59 6.396371e-01
89 93 6.277759e-01
39 42 6.211580e-01
3 4 6.205341e-01
3 6 6.182888e-01
5 8 6.133830e-01
50 86 6.113753e-01
97 101 6.077974e-01
98 101 6.075120e-01
15 92 6.040085e-01
62 63 6.029502e-01
96 98 5.998291e-01
22 88 5.972900e-01
15 88 5.966462e-01
96 97 5.965748e-01
3 8 5.901577e-01
36 45 5.876361e-01
11 12 5.854282e-01
40 41 5.852139e-01
71 72 5.841024e-01
16 39 5.830108e-01
61 81 5.807351e-01
64 67 5.786039e-01
50 57 5.772935e-01
55 56 5.771172e-01
94 100 5.763366e-01
13 17 5.753599e-01
26 79 5.659277e-01
94 99 5.658054e-01
82 83 5.650270e-01
18 22 5.637384e-01
89 97 5.628173e-01
40 44 5.498383e-01
86 91 5.498359e-01
60 81 5.445228e-01
19 22 5.410227e-01
16 43 5.407734e-01
92 98 5.406542e-01
16 42 5.336850e-01
47 54 5.303728e-01
79 86 5.279710e-01
17 50 5.274782e-01
84 85 5.244025e-01
76 78 5.228129e-01
74 82 5.210294e-01
3 7 5.180574e-01
53 56 5.149085e-01
4 5 5.147316e-01
39 75 5.101994e-01
92 95 5.034284e-01
2 4 5.004773e-01
16 18 4.996810e-01
23 36 4.987491e-01
45 55 4.964617e-01
6 8 4.957589e-01
60 84 4.939544e-01
84 91 4.896068e-01
60 74 4.858804e-01
2 3 4.852908e-01
95 96 4.840656e-01
47 49 4.782790e-01
17 27 4.777798e-01
17 35 4.751383e-01
72 73 4.749038e-01
94 95 4.716865e-01
99 100 4.716214e-01
43 80 4.702763e-01
80 81 4.686541e-01
1 2 4.678250e-01
81 84 4.677295e-01
20 24 4.669030e-01
82 88 4.648802e-01
2 6 4.636918e-01
7 101 4.614316e-01
20 43 4.604194e-01
67 77 4.604063e-01
79 87 4.589485e-01
61 94 4.585321e-01
15 87 4.571856e-01
96 99 4.570984e-01
35 80 4.534298e-01
57 78 4.533630e-01
91 94 4.523391e-01
97 99 4.490281e-01
5 9 4.488081e-01
19 83 4.463731e-01
76 85 4.446269e-01
10 13 4.439289e-01
74 88 4.431695e-01
53 66 4.424947e-01
47 68 4.414195e-01
10 20 4.413915e-01
92 93 4.407958e-01
44 71 4.391593e-01
24 52 4.374209e-01
13 16 4.371736e-01
50 61 4.371471e-01
27 85 4.342672e-01
99 101 4.339141e-01
95 99 4.305593e-01
51 56 4.240724e-01
57 64 4.232181e-01
45 71 4.219017e-01
35 87 4.203412e-01
40 45 4.189480e-01
23 88 4.188334e-01
88 91 4.175501e-01
60 64 4.169030e-01
43 47 4.167409e-01
50 53 4.157829e-01
66 96 4.152241e-01
29 63 4.144578e-01
16 19 4.131715e-01
80 94 4.113056e-01
42 43 4.112658e-01
97 98 4.098910e-01
83 84 4.096476e-01
14 47 4.088826e-01
59 63 4.081847e-01
69 81 4.078025e-01
64 94 4.073480e-01
14 22 4.065484e-01
6 9 4.056728e-01
19 20 4.055961e-01
19 24 4.050987e-01
42 52 4.019570e-01
89 90 4.017175e-01
40 71 4.010252e-01
91 98 3.967611e-01
57 58 3.942633e-01
30 31 3.917720e-01
16 81 3.900781e-01
49 50 3.889611e-01
77 80 3.869761e-01
60 65 3.860647e-01
39 41 3.854601e-01
2 5 3.842141e-01
11 16 3.821364e-01
31 32 3.818453e-01
19 35 3.814207e-01
13 43 3.812337e-01
18 21 3.802057e-01
7 11 3.788671e-01
90 93 3.781187e-01
69 71 3.778991e-01
26 33 3.762807e-01
14 65 3.757230e-01
4 8 3.755332e-01
95 97 3.736020e-01
9 11 3.730775e-01
22 86 3.721398e-01
42 44 3.716417e-01
35 39 3.713444e-01
17 94 3.702935e-01
47 75 3.697667e-01
59 71 3.681082e-01
50 58 3.649518e-01
39 44 3.643482e-01
17 40 3.634959e-01
77 81 3.629735e-01
23 35 3.629568e-01
27 31 3.623127e-01
13 49 3.605560e-01
29 34 3.602527e-01
16 87 3.596801e-01
35 36 3.591063e-01
10 40 3.583743e-01
26 78 3.552799e-01
78 81 3.550882e-01
61 65 3.543044e-01
1 4 3.542268e-01
43 64 3.541301e-01
15 91 3.537103e-01
58 62 3.532025e-01
32 40 3.521347e-01
19 81 3.520389e-01
29 38 3.519895e-01
71 74 3.510512e-01
18 39 3.491261e-01
26 27 3.487767e-01
19 23 3.487534e-01
24 31 3.455082e-01
56 86 3.444368e-01
67 69 3.435603e-01
41 76 3.428820e-01
59 93 3.427198e-01
8 10 3.421765e-01
77 97 3.419561e-01
39 49 3.411034e-01
17 54 3.408007e-01
2 99 3.395660e-01
90 91 3.393341e-01
32 33 3.383798e-01
47 80 3.380574e-01
9 23 3.373974e-01
37 74 3.372720e-01
4 101 3.370593e-01
41 45 3.369159e-01
61 92 3.368683e-01
14 16 3.368220e-01
24 83 3.358743e-01
49 71 3.333947e-01
17 39 3.333505e-01
66 93 3.328534e-01
82 98 3.317802e-01
48 90 3.315187e-01
47 51 3.312127e-01
74 98 3.307029e-01
92 100 3.306159e-01
85 87 3.298274e-01
29 70 3.296924e-01
22 101 3.296414e-01
91 95 3.291051e-01
52 61 3.290892e-01
39 40 3.290758e-01
23 32 3.290595e-01
28 29 3.284253e-01
53 80 3.282390e-01
76 88 3.279106e-01
75 96 3.275778e-01
27 38 3.253032e-01
47 60 3.249357e-01
56 83 3.245621e-01
44 72 3.243217e-01
10 11 3.242078e-01
27 36 3.239524e-01
90 99 3.237408e-01
73 77 3.224482e-01
20 75 3.222057e-01
71 73 3.220596e-01
11 20 3.198352e-01
18 47 3.195180e-01
97 100 3.187384e-01
21 91 3.185169e-01
15 50 3.184411e-01
41 44 3.184120e-01
22 91 3.183478e-01
25 66 3.182071e-01
56 99 3.180860e-01
13 51 3.169695e-01
6 57 3.164898e-01
68 69 3.162041e-01
24 39 3.161047e-01
30 40 3.160437e-01
26 39 3.159714e-01
5 12 3.159051e-01
4 100 3.157785e-01
4 9 3.153080e-01
12 88 3.145138e-01
75 92 3.138346e-01
90 95 3.127133e-01
45 56 3.120332e-01
68 73 3.119880e-01
64 68 3.113844e-01
37 38 3.106213e-01
57 90 3.096919e-01
7 100 3.085964e-01
30 33 3.081811e-01
39 54 3.080083e-01
48 55 3.077123e-01
25 26 3.069427e-01
32 58 3.066100e-01
14 23 3.061810e-01
48 57 3.059694e-01
24 75 3.050022e-01
59 76 3.049153e-01
22 35 3.048634e-01
19 86 3.041290e-01
81 85 3.026354e-01
14 44 3.022869e-01
28 30 3.013071e-01
70 73 3.012026e-01
51 62 3.010199e-01
65 78 3.009489e-01
15 95 2.987353e-01
23 39 2.981193e-01
68 70 2.980186e-01
58 61 2.962450e-01
8 87 2.959951e-01
2 7 2.959210e-01
77 84 2.958838e-01
70 75 2.947111e-01
58 59 2.945741e-01
45 59 2.930109e-01
20 85 2.924918e-01
60 62 2.924702e-01
51 61 2.923116e-01
3 101 2.919818e-01
57 72 2.919342e-01
21 58 2.915368e-01
14 39 2.914544e-01
59 66 2.914190e-01
81 90 2.902424e-01
93 95 2.901010e-01
50 71 2.888024e-01
38 42 2.887000e-01
21 40 2.881688e-01
40 77 2.880732e-01
2 101 2.868201e-01
8 14 2.867317e-01
36 79 2.865700e-01
31 39 2.863232e-01
23 28 2.859697e-01
69 82 2.853941e-01
12 90 2.853802e-01
51 87 2.852865e-01
87 99 2.852720e-01
48 71 2.849622e-01
4 11 2.838452e-01
13 84 2.835386e-01
31 55 2.831438e-01
31 93 2.826373e-01
25 78 2.822388e-01
19 87 2.819378e-01
70 78 2.817345e-01
28 56 2.814931e-01
51 52 2.806915e-01
6 11 2.799185e-01
17 42 2.794772e-01
23 37 2.785344e-01
86 94 2.783978e-01
37 39 2.780945e-01
26 32 2.777077e-01
65 98 2.771663e-01
52 62 2.770120e-01
62 93 2.768658e-01
56 95 2.766452e-01
27 33 2.756338e-01
22 61 2.754894e-01
37 42 2.745780e-01
18 95 2.744626e-01
17 24 2.743906e-01
34 41 2.740347e-01
49 80 2.739887e-01
71 77 2.739654e-01
9 99 2.732226e-01
42 47 2.730382e-01
51 53 2.729631e-01
50 78 2.726580e-01
30 34 2.724068e-01
23 34 2.722144e-01
67 98 2.721745e-01
18 49 2.719552e-01
13 35 2.709797e-01
12 70 2.705981e-01
93 99 2.705007e-01
17 51 2.698702e-01
46 48 2.694872e-01
62 68 2.692217e-01
38 39 2.668750e-01
80 87 2.664547e-01
18 43 2.661834e-01
31 52 2.658657e-01
83 90 2.655306e-01
44 47 2.651276e-01
39 81 2.648602e-01
14 67 2.647168e-01
21 31 2.646935e-01
31 40 2.643408e-01
74 78 2.642030e-01
20 83 2.641736e-01
53 54 2.637257e-01
93 97 2.637217e-01
35 44 2.634755e-01
94 101 2.614175e-01
15 89 2.613470e-01
46 51 2.600801e-01
81 91 2.600247e-01
40 42 2.592619e-01
8 20 2.591994e-01
15 55 2.591578e-01
9 63 2.586589e-01
86 89 2.583776e-01
36 77 2.583776e-01
13 83 2.574996e-01
24 55 2.574554e-01
37 57 2.571924e-01
36 75 2.569228e-01
95 98 2.566629e-01
87 97 2.563469e-01
50 52 2.562305e-01
20 25 2.562008e-01
7 95 2.560936e-01
95 101 2.557904e-01
57 63 2.557439e-01
25 84 2.555348e-01
85 93 2.542671e-01
55 82 2.541107e-01
8 12 2.534854e-01
13 60 2.534562e-01
20 27 2.530025e-01
10 14 2.529845e-01
17 20 2.529747e-01
57 75 2.528129e-01
18 83 2.525963e-01
58 72 2.525833e-01
19 84 2.518385e-01
38 43 2.517114e-01
17 26 2.515911e-01
28 52 2.514344e-01
79 82 2.513244e-01
51 88 2.511298e-01
49 57 2.508059e-01
91 96 2.507009e-01
89 98 2.502461e-01
11 17 2.502238e-01
78 82 2.501923e-01
38 44 2.496958e-01
42 80 2.495094e-01
29 52 2.487557e-01
13 54 2.486930e-01
61 67 2.482269e-01
70 89 2.473387e-01
24 62 2.470284e-01
66 81 2.467789e-01
18 44 2.467195e-01
59 88 2.466582e-01
53 72 2.453087e-01
63 76 2.452604e-01
31 75 2.452570e-01
25 45 2.452281e-01
23 52 2.447134e-01
61 66 2.446519e-01
35 91 2.446162e-01
55 77 2.445582e-01
50 56 2.444114e-01
46 72 2.442217e-01
45 80 2.439982e-01
46 58 2.439675e-01
28 99 2.438105e-01
92 101 2.434466e-01
66 89 2.426716e-01
76 97 2.420424e-01
89 95 2.418759e-01
13 26 2.416276e-01
88 90 2.415764e-01
64 99 2.407200e-01
26 83 2.406646e-01
8 100 2.406407e-01
52 88 2.391190e-01
88 93 2.387793e-01
42 71 2.386259e-01
42 72 2.379885e-01
21 66 2.377723e-01
53 76 2.373156e-01
41 47 2.370308e-01
14 21 2.368720e-01
45 57 2.367017e-01
43 54 2.362465e-01
73 93 2.361229e-01
70 72 2.359257e-01
65 76 2.358695e-01
45 46 2.356506e-01
50 91 2.355659e-01
20 36 2.347120e-01
63 66 2.346635e-01
44 97 2.344818e-01
73 76 2.344674e-01
29 33 2.342811e-01
5 11 2.341804e-01
3 63 2.335285e-01
17 21 2.332716e-01
89 92 2.326543e-01
32 59 2.324913e-01
87 91 2.323937e-01
27 84 2.322293e-01
87 94 2.319718e-01
14 26 2.317105e-01
35 38 2.312485e-01
55 89 2.308311e-01
33 34 2.306983e-01
27 41 2.306310e-01
21 35 2.306249e-01
78 79 2.303488e-01
87 93 2.300237e-01
28 62 2.300005e-01
61 69 2.295921e-01
7 93 2.294954e-01
29 42 2.293304e-01
83 91 2.288006e-01
77 96 2.286784e-01
33 36 2.285441e-01
1 6 2.284302e-01
71 92 2.284202e-01
33 54 2.282791e-01
74 83 2.280318e-01
96 101 2.276520e-01
55 58 2.272553e-01
24 34 2.270646e-01
78 95 2.270229e-01
52 65 2.269337e-01
5 74 2.267563e-01
28 32 2.262702e-01
46 73 2.256104e-01
49 64 2.255501e-01
48 65 2.254076e-01
36 38 2.253528e-01
31 36 2.253295e-01
26 85 2.250430e-01
42 87 2.245872e-01
37 43 2.241542e-01
51 73 2.238269e-01
55 63 2.236745e-01
76 90 2.235256e-01
10 54 2.234911e-01
56 59 2.232706e-01
30 97 2.230154e-01
34 52 2.225544e-01
76 92 2.219651e-01
20 26 2.219238e-01
42 83 2.218566e-01
15 30 2.218467e-01
17 44 2.218037e-01
36 40 2.217755e-01
33 46 2.209824e-01
60 91 2.205029e-01
2 22 2.203147e-01
24 49 2.199095e-01
60 80 2.198697e-01
2 9 2.196184e-01
25 61 2.195298e-01
23 83 2.195180e-01
50 66 2.193991e-01
30 35 2.193795e-01
65 84 2.193563e-01
8 99 2.192188e-01
77 78 2.189963e-01
61 86 2.189480e-01
70 76 2.185593e-01
43 84 2.173610e-01
56 101 2.168687e-01
17 45 2.166859e-01
28 75 2.163639e-01
63 93 2.161818e-01
47 62 2.158860e-01
21 23 2.152171e-01
88 89 2.148661e-01
42 53 2.146448e-01
47 72 2.144967e-01
3 9 2.143654e-01
79 84 2.138630e-01
59 72 2.137916e-01
6 99 2.137680e-01
56 57 2.133624e-01
72 77 2.133116e-01
16 69 2.127465e-01
77 79 2.127324e-01
63 90 2.124780e-01
27 28 2.124673e-01
27 65 2.122623e-01
37 59 2.120959e-01
63 67 2.119626e-01
2 28 2.119460e-01
17 73 2.113956e-01
31 56 2.110735e-01
10 19 2.108375e-01
70 99 2.104572e-01
34 38 2.102653e-01
36 39 2.096607e-01
39 84 2.096042e-01
43 44 2.092131e-01
14 40 2.084061e-01
24 33 2.082847e-01
85 86 2.082426e-01
14 57 2.080956e-01
66 97 2.080693e-01
16 24 2.077024e-01
16 49 2.074139e-01
64 90 2.070441e-01
1 100 2.065090e-01
6 10 2.062567e-01
18 61 2.059577e-01
63 92 2.059285e-01
53 55 2.058112e-01
28 85 2.056010e-01
10 39 2.053614e-01
23 27 2.048542e-01
43 49 2.046016e-01
34 62 2.045877e-01
15 64 2.044582e-01
41 71 2.043218e-01
31 33 2.042859e-01
69 90 2.038392e-01
15 18 2.037670e-01
18 96 2.037322e-01
25 28 2.036395e-01
9 46 2.035475e-01
38 40 2.034463e-01
45 70 2.030271e-01
32 48 2.027856e-01
66 68 2.027185e-01
14 17 2.027161e-01
9 101 2.026796e-01
7 23 2.026172e-01
8 11 2.025698e-01
50 84 2.024979e-01
16 48 2.023427e-01
14 50 2.019591e-01
62 92 2.016886e-01
67 87 2.015294e-01
91 101 2.010874e-01
47 48 2.007689e-01
26 57 2.006258e-01
45 54 2.006063e-01
19 89 2.004043e-01
19 38 2.000475e-01
31 62 1.997929e-01
39 43 1.996734e-01
38 85 1.994958e-01
43 51 1.992904e-01
18 72 1.990421e-01
20 66 1.990175e-01
57 100 1.989674e-01
11 83 1.989656e-01
56 81 1.989431e-01
48 62 1.988916e-01
35 60 1.988899e-01
53 64 1.988161e-01
25 31 1.984945e-01
54 57 1.980664e-01
69 77 1.979192e-01
52 93 1.978963e-01
55 72 1.977536e-01
20 39 1.977095e-01
58 101 1.973067e-01
93 98 1.972294e-01
41 63 1.971378e-01
37 50 1.970299e-01
33 52 1.967913e-01
69 73 1.965654e-01
41 46 1.958827e-01
37 40 1.956284e-01
78 80 1.954038e-01
61 84 1.947969e-01
64 77 1.946437e-01
71 84 1.945289e-01
54 80 1.939159e-01
48 68 1.937285e-01
53 96 1.935750e-01
9 27 1.930150e-01
30 42 1.928780e-01
45 50 1.928135e-01
42 79 1.927205e-01
26 77 1.916500e-01
61 62 1.914512e-01
19 32 1.912595e-01
65 74 1.907176e-01
13 18 1.900801e-01
71 96 1.900598e-01
3 10 1.899559e-01
38 76 1.896348e-01
52 83 1.892357e-01
45 81 1.887954e-01
3 11 1.884763e-01
44 70 1.880551e-01
21 55 1.873487e-01
61 71 1.869498e-01
14 52 1.869045e-01
34 99 1.868612e-01
50 54 1.867373e-01
41 80 1.867367e-01
13 46 1.866731e-01
38 73 1.863663e-01
16 27 1.859483e-01
33 78 1.855901e-01
7 63 1.855217e-01
72 90 1.850700e-01
74 87 1.850415e-01
30 84 1.850250e-01
59 64 1.848350e-01
54 56 1.845748e-01
34 35 1.842179e-01
29 31 1.837495e-01
30 88 1.835664e-01
17 33 1.834712e-01
31 51 1.833234e-01
58 69 1.833005e-01
61 85 1.832308e-01
7 15 1.830958e-01
4 10 1.829178e-01
13 47 1.829067e-01
36 61 1.825671e-01
24 77 1.825566e-01
41 72 1.823798e-01
55 57 1.822797e-01
56 58 1.822328e-01
5 15 1.821955e-01
74 75 1.818985e-01
29 30 1.817243e-01
65 67 1.816071e-01
52 75 1.815381e-01
49 85 1.811664e-01
14 95 1.809677e-01
45 58 1.809145e-01
48 52 1.807432e-01
12 61 1.807167e-01
65 66 1.803596e-01
69 96 1.798842e-01
54 72 1.798325e-01
16 36 1.796044e-01
66 70 1.796025e-01
66 90 1.794469e-01
70 88 1.792982e-01
30 52 1.792839e-01
1 3 1.792074e-01
2 91 1.791933e-01
1 88 1.791222e-01
14 49 1.791163e-01
2 25 1.790820e-01
68 83 1.788206e-01
36 42 1.788144e-01
48 75 1.787202e-01
89 94 1.786041e-01
34 63 1.785281e-01
6 61 1.783937e-01
41 48 1.783653e-01
59 70 1.782875e-01
2 11 1.782118e-01
6 46 1.780225e-01
13 45 1.779463e-01
7 12 1.779438e-01
20 80 1.778898e-01
69 92 1.777554e-01
77 95 1.773772e-01
28 34 1.773367e-01
54 64 1.770597e-01
5 34 1.770130e-01
10 22 1.769669e-01
36 46 1.764921e-01
79 93 1.764747e-01
50 55 1.764495e-01
80 84 1.764115e-01
33 70 1.758516e-01
25 74 1.756786e-01
1 98 1.756089e-01
19 68 1.756055e-01
2 100 1.755795e-01
24 27 1.755468e-01
45 72 1.754978e-01
17 22 1.745363e-01
17 47 1.743099e-01
20 79 1.739554e-01
79 80 1.733772e-01
1 11 1.733631e-01
40 48 1.731515e-01
24 57 1.730676e-01
51 98 1.730223e-01
57 94 1.729794e-01
34 79 1.729348e-01
29 73 1.727793e-01
14 98 1.725848e-01
55 100 1.725165e-01
67 78 1.723420e-01
55 59 1.723374e-01
25 32 1.723269e-01
67 68 1.721814e-01
26 36 1.720333e-01
18 28 1.718629e-01
4 70 1.717451e-01
63 74 1.716803e-01
53 67 1.716457e-01
67 93 1.715414e-01
45 63 1.713544e-01
44 58 1.711282e-01
27 69 1.709399e-01
6 12 1.706970e-01
21 24 1.706435e-01
46 63 1.704411e-01
60 69 1.703933e-01
16 32 1.703554e-01
64 78 1.703125e-01
9 95 1.700248e-01
10 25 1.699052e-01
67 71 1.698158e-01
37 73 1.692240e-01
32 79 1.692035e-01
23 80 1.688770e-01
12 13 1.688315e-01
53 70 1.688030e-01
34 93 1.681666e-01
41 75 1.681560e-01
19 27 1.681433e-01
38 51 1.675846e-01
5 76 1.674234e-01
1 21 1.673953e-01
13 50 1.670736e-01
53 69 1.668988e-01
60 68 1.668863e-01
21 56 1.668595e-01
73 75 1.658624e-01
35 42 1.658462e-01
33 58 1.658453e-01
10 57 1.650060e-01
56 71 1.645987e-01
22 85 1.643891e-01
37 49 1.643559e-01
68 72 1.643390e-01
3 89 1.643129e-01
69 72 1.639368e-01
26 94 1.637986e-01
8 49 1.634967e-01
3 97 1.631591e-01
53 61 1.630365e-01
70 74 1.630356e-01
34 76 1.626470e-01
20 32 1.625554e-01
30 48 1.624946e-01
2 8 1.621922e-01
2 62 1.620828e-01
17 41 1.618791e-01
4 99 1.618256e-01
47 81 1.617994e-01
56 60 1.614519e-01
57 67 1.610725e-01
10 30 1.609960e-01
27 39 1.608970e-01
49 66 1.608710e-01
64 72 1.607313e-01
28 70 1.605854e-01
58 98 1.605212e-01
41 85 1.605055e-01
14 54 1.604466e-01
24 79 1.603929e-01
6 19 1.603522e-01
18 20 1.601813e-01
14 85 1.598362e-01
14 43 1.598091e-01
35 49 1.596262e-01
63 89 1.596040e-01
18 60 1.593275e-01
66 95 1.592301e-01
12 28 1.590990e-01
17 19 1.587652e-01
23 24 1.585288e-01
62 89 1.585287e-01
33 40 1.584378e-01
12 38 1.581284e-01
12 35 1.579648e-01
37 51 1.578968e-01
80 82 1.574868e-01
25 40 1.572141e-01
24 84 1.570370e-01
92 99 1.568670e-01
74 99 1.567258e-01
20 47 1.566819e-01
70 96 1.563545e-01
52 56 1.562470e-01
85 94 1.561841e-01
20 49 1.561217e-01
9 93 1.560394e-01
56 61 1.558754e-01
15 93 1.557753e-01
8 43 1.556952e-01
23 77 1.554813e-01
64 96 1.553852e-01
7 99 1.550461e-01
26 30 1.548192e-01
17 38 1.546672e-01
68 97 1.545588e-01
50 62 1.545184e-01
10 71 1.544632e-01
44 61 1.542561e-01
49 93 1.541465e-01
24 42 1.540738e-01
78 84 1.539836e-01
42 90 1.538265e-01
9 31 1.536562e-01
53 65 1.532671e-01
9 10 1.531108e-01
25 53 1.529275e-01
27 91 1.528418e-01
19 69 1.528036e-01
6 86 1.527875e-01
93 96 1.527839e-01
53 60 1.527712e-01
23 38 1.524929e-01
20 30 1.522945e-01
82 87 1.520878e-01
57 92 1.520501e-01
69 70 1.520041e-01
30 39 1.519639e-01
13 78 1.519066e-01
59 94 1.518440e-01
61 72 1.515341e-01
41 61 1.515209e-01
33 45 1.515109e-01
15 43 1.512174e-01
20 40 1.511825e-01
56 65 1.511047e-01
31 48 1.509010e-01
59 62 1.503753e-01
24 67 1.503725e-01
26 76 1.503409e-01
25 33 1.500167e-01
60 77 1.498018e-01
54 83 1.496179e-01
10 64 1.495270e-01
3 95 1.494125e-01
67 99 1.491120e-01
52 71 1.490642e-01
21 79 1.488406e-01
79 92 1.486521e-01
15 16 1.486116e-01
4 25 1.485582e-01
15 76 1.485249e-01
64 87 1.484848e-01
60 96 1.484602e-01
82 85 1.483396e-01
11 59 1.481996e-01
8 84 1.480172e-01
9 74 1.479996e-01
20 37 1.476927e-01
6 34 1.476819e-01
56 68 1.473428e-01
10 29 1.473265e-01
82 91 1.472573e-01
32 50 1.472061e-01
73 87 1.469592e-01
55 71 1.468655e-01
82 96 1.468626e-01
12 37 1.463706e-01
64 82 1.463701e-01
9 87 1.462861e-01
17 37 1.462604e-01
37 100 1.461715e-01
15 27 1.460976e-01
78 85 1.459456e-01
9 100 1.456784e-01
27 44 1.454667e-01
1 86 1.454335e-01
1 25 1.444654e-01
27 32 1.444415e-01
12 16 1.444337e-01
1 7 1.443680e-01
79 95 1.442826e-01
59 69 1.439338e-01
46 57 1.438715e-01
32 62 1.437591e-01
31 53 1.436291e-01
23 25 1.434855e-01
61 88 1.433131e-01
49 54 1.433114e-01
64 73 1.432973e-01
17 57 1.430503e-01
28 36 1.430467e-01
28 33 1.429889e-01
38 49 1.428567e-01
46 99 1.428343e-01
55 76 1.428290e-01
60 85 1.424411e-01
37 67 1.423320e-01
40 100 1.416369e-01
6 100 1.414016e-01
50 51 1.412973e-01
3 100 1.411902e-01
37 88 1.408806e-01
32 34 1.405703e-01
78 90 1.403630e-01
18 19 1.400910e-01
12 17 1.399215e-01
52 82 1.397803e-01
67 79 1.397412e-01
2 86 1.394414e-01
12 51 1.393395e-01
67 74 1.393372e-01
19 43 1.392635e-01
2 58 1.391762e-01
93 94 1.390140e-01
38 62 1.389834e-01
59 68 1.388807e-01
58 63 1.388021e-01
46 68 1.387102e-01
25 27 1.385355e-01
11 15 1.381300e-01
21 99 1.380631e-01
25 29 1.380068e-01
32 65 1.377827e-01
6 15 1.375379e-01
72 80 1.375290e-01
43 79 1.373879e-01
17 58 1.370416e-01
5 88 1.369102e-01
2 34 1.366399e-01
92 97 1.366170e-01
78 86 1.365828e-01
48 59 1.361318e-01
1 99 1.357331e-01
46 66 1.357230e-01
18 88 1.354416e-01
12 24 1.351721e-01
4 28 1.349270e-01
82 86 1.348241e-01
11 14 1.344197e-01
41 54 1.344068e-01
32 44 1.342794e-01
16 80 1.342552e-01
10 26 1.342339e-01
74 80 1.340352e-01
70 87 1.339102e-01
12 84 1.337769e-01
21 101 1.335268e-01
48 73 1.333409e-01
29 37 1.333256e-01
8 58 1.329554e-01
3 82 1.329110e-01
45 52 1.329034e-01
12 34 1.327793e-01
54 71 1.327414e-01
34 58 1.327165e-01
29 41 1.326671e-01
14 35 1.322173e-01
25 30 1.322001e-01
45 97 1.321865e-01
29 54 1.317626e-01
19 42 1.313943e-01
61 64 1.311921e-01
21 72 1.311465e-01
54 73 1.311331e-01
32 43 1.310812e-01
45 47 1.309708e-01
16 83 1.303528e-01
29 62 1.302573e-01
61 82 1.301881e-01
60 72 1.300795e-01
1 5 1.300565e-01
14 69 1.296390e-01
35 61 1.293930e-01
63 97 1.293465e-01
5 99 1.288282e-01
74 76 1.281828e-01
7 82 1.281795e-01
38 54 1.281579e-01
12 33 1.276654e-01
59 67 1.272032e-01
17 95 1.271166e-01
11 99 1.264843e-01
28 48 1.264599e-01
66 73 1.264073e-01
27 60 1.263508e-01
21 50 1.263407e-01
62 98 1.262889e-01
36 88 1.262567e-01
64 65 1.262405e-01
31 37 1.261926e-01
13 19 1.261198e-01
86 99 1.259457e-01
48 51 1.258767e-01
21 33 1.258118e-01
3 66 1.255624e-01
26 80 1.255230e-01
38 45 1.254625e-01
39 50 1.254408e-01
66 72 1.253958e-01
70 90 1.247376e-01
28 46 1.246553e-01
22 98 1.246445e-01
12 42 1.245672e-01
48 81 1.244205e-01
24 30 1.238145e-01
53 93 1.236781e-01
39 80 1.235827e-01
46 53 1.232990e-01
6 50 1.232922e-01
73 95 1.232132e-01
19 34 1.231483e-01
38 41 1.231050e-01
24 40 1.230543e-01
31 38 1.229793e-01
11 96 1.229518e-01
7 54 1.228555e-01
6 27 1.227284e-01
20 45 1.225439e-01
18 101 1.223650e-01
78 94 1.223546e-01
12 48 1.220496e-01
70 94 1.218822e-01
37 96 1.218697e-01
85 98 1.214563e-01
6 51 1.213872e-01
8 95 1.212264e-01
37 99 1.211745e-01
23 44 1.211317e-01
6 32 1.210658e-01
40 53 1.207520e-01
82 84 1.204049e-01
28 77 1.202501e-01
43 85 1.202042e-01
49 78 1.200402e-01
7 70 1.195348e-01
1 53 1.194352e-01
21 82 1.194101e-01
42 96 1.191288e-01
33 56 1.191247e-01
38 68 1.190859e-01
76 94 1.188228e-01
67 72 1.187656e-01
35 64 1.186291e-01
10 35 1.185379e-01
61 76 1.185030e-01
71 93 1.183708e-01
22 27 1.182318e-01
8 82 1.181832e-01
73 89 1.181189e-01
19 25 1.179387e-01
20 44 1.177442e-01
80 83 1.174358e-01
33 37 1.173536e-01
27 49 1.173034e-01
55 81 1.172825e-01
37 76 1.170732e-01
80 101 1.166360e-01
21 100 1.166334e-01
19 30 1.165176e-01
21 25 1.165056e-01
76 83 1.160502e-01
49 79 1.156651e-01
40 47 1.152707e-01
29 93 1.151896e-01
56 77 1.151816e-01
19 62 1.149208e-01
41 51 1.147718e-01
91 100 1.146480e-01
47 61 1.145079e-01
23 41 1.144906e-01
14 74 1.143026e-01
32 39 1.141754e-01
9 21 1.140950e-01
76 81 1.140737e-01
20 28 1.139833e-01
4 95 1.139369e-01
9 13 1.138537e-01
9 43 1.135752e-01
11 95 1.135484e-01
11 63 1.134475e-01
21 22 1.133861e-01
1 12 1.133023e-01
81 93 1.131217e-01
34 50 1.130229e-01
29 66 1.128837e-01
38 58 1.126792e-01
7 19 1.125938e-01
64 69 1.121063e-01
34 56 1.117899e-01
18 68 1.114386e-01
29 43 1.110727e-01
32 51 1.110087e-01
16 35 1.109118e-01
32 75 1.108519e-01
1 31 1.107713e-01
20 76 1.105231e-01
71 87 1.105016e-01
37 75 1.102214e-01
10 85 1.101414e-01
68 75 1.101322e-01
10 73 1.099739e-01
51 81 1.098911e-01
26 61 1.098129e-01
68 86 1.097887e-01
41 82 1.097776e-01
44 80 1.096234e-01
13 31 1.094845e-01
42 60 1.094716e-01
3 30 1.093169e-01
58 77 1.091204e-01
13 52 1.090556e-01
16 46 1.089792e-01
76 86 1.086601e-01
8 15 1.085798e-01
52 90 1.085513e-01
81 97 1.084152e-01
25 70 1.082730e-01
43 46 1.082552e-01
43 67 1.082528e-01
7 25 1.082413e-01
29 72 1.081609e-01
48 72 1.080425e-01
62 66 1.080047e-01
57 85 1.079935e-01
48 61 1.079693e-01
38 56 1.078945e-01
43 57 1.077500e-01
44 74 1.077170e-01
67 89 1.075567e-01
39 67 1.075329e-01
25 79 1.075260e-01
85 88 1.075256e-01
1 74 1.074579e-01
31 45 1.073646e-01
15 99 1.071129e-01
69 85 1.067067e-01
38 48 1.065400e-01
42 59 1.064960e-01
20 65 1.063743e-01
3 15 1.062994e-01
83 86 1.062256e-01
31 89 1.061757e-01
2 98 1.061163e-01
23 58 1.059701e-01
46 70 1.059188e-01
5 29 1.059087e-01
6 89 1.058383e-01
4 26 1.058213e-01
16 52 1.057500e-01
14 90 1.055001e-01
8 23 1.052121e-01
16 86 1.050050e-01
51 57 1.049996e-01
13 37 1.049835e-01
1 65 1.048029e-01
26 59 1.046726e-01
82 99 1.046521e-01
30 90 1.045830e-01
26 91 1.045609e-01
30 62 1.044848e-01
61 91 1.043711e-01
46 49 1.043303e-01
32 54 1.040390e-01
31 47 1.040358e-01
38 75 1.039354e-01
10 77 1.039014e-01
25 37 1.038932e-01
59 89 1.038038e-01
33 51 1.037572e-01
28 73 1.037523e-01
75 98 1.037257e-01
65 97 1.036777e-01
47 77 1.036628e-01
7 10 1.035868e-01
10 37 1.033626e-01
37 101 1.033372e-01
20 38 1.030514e-01
47 79 1.029946e-01
73 74 1.026836e-01
31 54 1.024277e-01
14 46 1.023916e-01
14 45 1.022751e-01
31 44 1.022659e-01
46 54 1.021245e-01
91 99 1.021134e-01
26 81 1.020762e-01
48 79 1.020526e-01
5 28 1.017215e-01
7 29 1.016699e-01
57 61 1.015550e-01
28 76 1.014783e-01
19 66 1.014176e-01
75 81 1.014028e-01
65 68 1.009868e-01
30 63 1.009286e-01
13 79 1.007659e-01
8 57 1.006439e-01
17 23 1.006190e-01
12 101 1.004855e-01
66 67 1.004656e-01
13 40 1.003210e-01
11 101 1.002037e-01
25 57 1.000688e-01
81 82 9.994188e-02
63 79 9.986444e-02
8 83 9.939125e-02
88 100 9.920117e-02
51 68 9.886940e-02
33 68 9.861389e-02
26 28 9.845918e-02
40 79 9.845689e-02
38 65 9.842067e-02
71 76 9.835366e-02
8 28 9.824642e-02
89 96 9.819483e-02
36 64 9.817919e-02
21 36 9.797038e-02
9 77 9.789788e-02
8 101 9.788952e-02
80 86 9.778492e-02
62 80 9.766727e-02
43 66 9.713276e-02
24 29 9.710558e-02
47 87 9.672825e-02
4 73 9.658088e-02
27 62 9.649730e-02
36 54 9.643843e-02
36 59 9.622791e-02
40 91 9.598467e-02
56 96 9.597416e-02
65 82 9.571876e-02
72 92 9.551983e-02
30 32 9.549401e-02
56 73 9.543335e-02
15 51 9.541770e-02
4 89 9.525489e-02
24 35 9.506494e-02
2 48 9.504430e-02
65 92 9.503990e-02
2 70 9.467857e-02
59 74 9.466931e-02
49 76 9.466624e-02
60 66 9.458099e-02
3 21 9.457668e-02
44 49 9.434757e-02
1 37 9.430446e-02
5 89 9.428084e-02
7 18 9.418125e-02
12 25 9.410262e-02
11 24 9.402246e-02
6 88 9.400077e-02
42 93 9.391144e-02
58 83 9.363819e-02
63 73 9.348546e-02
22 95 9.330832e-02
62 96 9.327790e-02
45 84 9.326938e-02
86 92 9.323103e-02
22 32 9.320742e-02
28 55 9.312346e-02
63 64 9.307973e-02
67 75 9.307436e-02
85 95 9.306825e-02
8 38 9.302964e-02
57 96 9.298508e-02
36 85 9.297753e-02
35 50 9.297146e-02
56 70 9.294381e-02
58 86 9.292925e-02
46 87 9.267573e-02
34 45 9.263271e-02
72 83 9.236175e-02
28 31 9.151182e-02
1 48 9.133787e-02
56 63 9.131885e-02
51 58 9.130438e-02
28 72 9.116785e-02
22 83 9.114926e-02
42 63 9.112163e-02
24 92 9.110064e-02
33 75 9.082864e-02
21 94 9.042652e-02
14 20 9.037979e-02
41 56 9.025195e-02
32 36 9.024543e-02
16 84 9.021882e-02
36 66 8.999401e-02
5 70 8.987445e-02
60 90 8.946354e-02
9 86 8.934635e-02
14 32 8.927617e-02
78 97 8.926797e-02
22 90 8.907957e-02
62 90 8.900485e-02
10 61 8.870918e-02
84 87 8.859688e-02
10 16 8.845220e-02
43 76 8.845022e-02
31 92 8.823759e-02
78 99 8.815967e-02
71 79 8.805927e-02
70 92 8.804813e-02
9 12 8.801889e-02
49 58 8.796910e-02
67 83 8.788287e-02
45 60 8.787194e-02
54 74 8.781370e-02
4 48 8.766925e-02
10 100 8.762509e-02
34 36 8.751661e-02
18 100 8.735176e-02
35 77 8.731502e-02
16 67 8.721353e-02
2 10 8.712835e-02
67 86 8.709347e-02
81 89 8.671763e-02
6 66 8.670420e-02
26 44 8.655826e-02
2 97 8.653327e-02
56 93 8.612578e-02
17 53 8.592051e-02
25 46 8.564607e-02
89 99 8.544227e-02
31 68 8.503943e-02
62 67 8.503231e-02
4 12 8.490492e-02
36 81 8.479404e-02
12 92 8.466767e-02
50 73 8.456703e-02
54 58 8.454761e-02
41 42 8.434809e-02
43 81 8.425453e-02
77 83 8.420233e-02
3 12 8.418928e-02
8 19 8.388208e-02
25 71 8.378066e-02
13 87 8.367558e-02
50 82 8.362325e-02
60 67 8.360866e-02
44 55 8.337608e-02
25 73 8.325150e-02
29 76 8.322265e-02
21 85 8.310911e-02
9 16 8.300601e-02
15 32 8.299400e-02
11 89 8.295469e-02
13 33 8.290824e-02
20 35 8.277840e-02
87 89 8.260451e-02
34 53 8.254778e-02
37 89 8.254487e-02
38 84 8.237390e-02
55 61 8.224917e-02
41 58 8.221289e-02
4 30 8.216543e-02
46 92 8.214302e-02
31 73 8.201054e-02
16 29 8.194971e-02
5 63 8.165985e-02
30 41 8.141303e-02
54 65 8.132966e-02
13 20 8.116315e-02
72 96 8.101048e-02
29 40 8.096252e-02
7 87 8.072295e-02
44 62 8.054089e-02
46 56 8.052585e-02
9 36 8.051869e-02
11 82 8.020176e-02
24 37 8.011455e-02
29 32 8.001281e-02
51 97 7.990718e-02
28 100 7.985151e-02
24 76 7.968133e-02
12 50 7.961455e-02
6 41 7.961321e-02
85 97 7.958710e-02
40 55 7.953545e-02
18 42 7.947749e-02
25 68 7.947631e-02
50 69 7.925974e-02
25 38 7.920704e-02
3 94 7.879396e-02
2 21 7.859713e-02
34 94 7.856754e-02
15 67 7.854469e-02
56 97 7.850396e-02
28 81 7.845698e-02
78 91 7.845205e-02
51 95 7.833837e-02
63 96 7.821390e-02
20 53 7.806663e-02
36 93 7.774470e-02
53 63 7.770416e-02
40 49 7.767736e-02
28 60 7.759326e-02
27 68 7.755666e-02
37 81 7.739761e-02
65 88 7.723563e-02
65 91 7.718479e-02
33 85 7.717082e-02
69 91 7.711257e-02
22 24 7.710427e-02
5 54 7.706307e-02
62 78 7.696111e-02
11 29 7.691203e-02
60 94 7.676954e-02
73 99 7.667253e-02
34 65 7.658784e-02
29 53 7.651829e-02
36 60 7.640084e-02
2 95 7.618654e-02
2 96 7.616907e-02
74 90 7.605702e-02
9 41 7.605602e-02
37 48 7.584089e-02
32 100 7.582783e-02
63 68 7.573237e-02
12 53 7.572756e-02
24 45 7.551347e-02
42 45 7.510102e-02
17 28 7.500546e-02
5 100 7.494708e-02
34 66 7.484447e-02
80 88 7.479741e-02
27 37 7.478620e-02
28 54 7.464952e-02
16 26 7.462340e-02
32 68 7.425658e-02
76 96 7.424772e-02
30 36 7.418207e-02
2 56 7.410161e-02
15 59 7.408648e-02
16 93 7.404893e-02
76 84 7.398747e-02
14 28 7.381291e-02
52 53 7.349546e-02
18 69 7.334326e-02
16 45 7.324106e-02
36 80 7.311039e-02
7 34 7.308040e-02
14 71 7.302350e-02
15 90 7.301588e-02
13 21 7.300210e-02
7 13 7.295278e-02
26 29 7.201915e-02
88 98 7.196877e-02
40 52 7.176517e-02
25 62 7.175314e-02
3 25 7.166458e-02
41 49 7.162736e-02
71 83 7.153122e-02
46 64 7.120547e-02
34 86 7.117938e-02
68 74 7.116151e-02
69 95 7.088731e-02
47 53 7.083375e-02
63 75 7.073868e-02
55 62 7.073758e-02
53 75 7.061492e-02
69 89 7.054646e-02
1 89 7.042140e-02
34 92 7.040407e-02
25 85 7.033624e-02
88 95 7.009118e-02
55 66 7.001765e-02
24 47 6.999014e-02
76 93 6.977902e-02
3 35 6.964642e-02
29 90 6.959798e-02
62 65 6.955151e-02
9 55 6.945383e-02
46 83 6.939748e-02
1 50 6.925517e-02
34 97 6.914225e-02
7 67 6.912123e-02
69 75 6.903069e-02
13 23 6.893319e-02
37 45 6.885958e-02
12 59 6.885712e-02
84 90 6.864247e-02
49 73 6.864045e-02
15 73 6.853300e-02
19 28 6.850668e-02
24 32 6.839187e-02
30 98 6.819752e-02
18 87 6.797164e-02
72 74 6.782196e-02
74 94 6.759724e-02
2 89 6.755319e-02
83 92 6.750823e-02
51 78 6.750592e-02
63 81 6.748388e-02
21 41 6.739269e-02
72 98 6.735796e-02
25 59 6.725565e-02
57 82 6.704753e-02
30 95 6.704543e-02
23 51 6.694915e-02
5 94 6.687699e-02
68 92 6.654478e-02
69 80 6.651243e-02
21 69 6.651037e-02
66 82 6.641894e-02
45 53 6.634114e-02
47 74 6.628710e-02
43 53 6.618731e-02
32 46 6.608654e-02
22 57 6.605724e-02
39 60 6.604300e-02
64 80 6.594261e-02
17 72 6.592124e-02
30 86 6.570652e-02
11 25 6.567511e-02
35 51 6.564729e-02
11 100 6.552463e-02
53 82 6.537461e-02
21 75 6.519847e-02
4 34 6.512581e-02
29 89 6.510600e-02
48 50 6.504460e-02
81 87 6.477894e-02
9 35 6.470358e-02
74 77 6.463465e-02
37 86 6.431490e-02
12 49 6.415040e-02
20 84 6.412647e-02
9 49 6.407460e-02
25 36 6.403092e-02
33 90 6.398694e-02
43 101 6.386979e-02
12 46 6.378937e-02
20 63 6.372534e-02
27 29 6.367461e-02
46 47 6.352905e-02
1 30 6.347938e-02
3 75 6.347933e-02
10 42 6.343673e-02
24 25 6.335546e-02
29 78 6.335025e-02
5 19 6.319273e-02
62 87 6.317577e-02
37 58 6.306520e-02
72 75 6.302509e-02
48 76 6.262229e-02
53 57 6.232446e-02
58 73 6.211447e-02
45 61 6.200780e-02
44 65 6.199218e-02
61 83 6.192073e-02
48 99 6.151585e-02
33 69 6.143409e-02
21 98 6.135496e-02
5 101 6.129423e-02
1 60 6.119761e-02
1 55 6.115601e-02
60 93 6.113407e-02
21 28 6.111009e-02
33 38 6.103201e-02
65 70 6.096896e-02
37 97 6.093313e-02
33 74 6.080378e-02
6 14 6.076984e-02
30 66 6.064274e-02
39 58 6.055107e-02
67 90 6.046520e-02
35 46 6.046064e-02
48 80 6.045221e-02
44 46 6.037524e-02
12 39 6.023185e-02
33 62 6.006553e-02
17 70 5.997956e-02
3 72 5.976410e-02
6 76 5.971282e-02
60 92 5.960754e-02
16 89 5.951937e-02
13 63 5.929429e-02
24 41 5.918572e-02
68 98 5.913189e-02
9 15 5.905129e-02
2 50 5.903188e-02
18 98 5.901487e-02
57 98 5.892378e-02
35 52 5.878777e-02
4 82 5.872463e-02
35 43 5.866932e-02
64 74 5.861383e-02
59 81 5.857952e-02
72 101 5.854708e-02
93 100 5.842995e-02
36 41 5.826790e-02
10 33 5.825206e-02
46 79 5.812856e-02
38 53 5.809687e-02
55 93 5.802311e-02
51 96 5.800750e-02
35 69 5.799458e-02
31 41 5.791592e-02
2 37 5.771536e-02
65 72 5.745787e-02
32 35 5.740755e-02
50 80 5.739439e-02
28 43 5.726672e-02
20 78 5.722314e-02
87 98 5.713549e-02
86 87 5.695304e-02
15 58 5.690552e-02
46 82 5.670062e-02
20 29 5.649440e-02
19 74 5.639751e-02
8 18 5.620380e-02
21 44 5.613070e-02
38 81 5.588897e-02
30 59 5.586673e-02
13 15 5.560765e-02
67 84 5.556148e-02
52 97 5.530974e-02
62 97 5.530648e-02
3 37 5.524217e-02
68 71 5.516706e-02
15 17 5.509627e-02
79 89 5.503332e-02
8 86 5.500104e-02
84 89 5.499794e-02
18 35 5.470800e-02
64 97 5.463107e-02
38 46 5.462096e-02
48 58 5.461546e-02
23 75 5.454060e-02
56 78 5.443329e-02
42 68 5.443256e-02
75 90 5.435532e-02
35 66 5.433146e-02
10 32 5.433047e-02
3 98 5.418636e-02
74 89 5.390452e-02
69 97 5.381628e-02
43 45 5.375579e-02
49 86 5.369988e-02
4 59 5.349686e-02
29 69 5.344307e-02
72 79 5.339947e-02
26 75 5.328399e-02
34 43 5.303085e-02
38 72 5.293945e-02
31 58 5.290536e-02
22 100 5.284419e-02
23 54 5.272882e-02
20 31 5.244932e-02
31 59 5.228147e-02
7 74 5.226597e-02
1 34 5.216885e-02
14 34 5.213510e-02
30 79 5.205964e-02
23 53 5.204102e-02
63 94 5.198708e-02
5 30 5.195462e-02
43 58 5.191214e-02
1 70 5.177169e-02
10 31 5.166717e-02
75 87 5.133982e-02
33 53 5.131085e-02
57 77 5.118329e-02
33 84 5.112841e-02
54 55 5.110815e-02
35 41 5.099684e-02
87 90 5.085332e-02
11 92 5.085136e-02
68 79 5.076018e-02
56 91 5.072566e-02
54 63 5.051573e-02
59 73 5.048454e-02
2 26 5.044540e-02
39 53 5.044074e-02
13 36 5.042225e-02
25 83 5.028587e-02
33 42 5.023886e-02
13 93 4.983587e-02
17 56 4.980612e-02
14 31 4.974269e-02
77 87 4.964471e-02
48 54 4.958008e-02
5 78 4.957883e-02
11 42 4.957792e-02
59 90 4.957664e-02
32 66 4.953169e-02
4 93 4.932130e-02
72 95 4.926122e-02
31 34 4.912315e-02
51 70 4.870918e-02
20 81 4.848555e-02
23 31 4.846804e-02
10 51 4.801176e-02
7 96 4.799051e-02
14 82 4.790990e-02
32 73 4.790401e-02
27 42 4.788647e-02
47 65 4.759437e-02
35 73 4.758414e-02
15 98 4.745714e-02
7 89 4.729772e-02
18 81 4.724280e-02
50 60 4.714608e-02
36 72 4.696881e-02
22 36 4.693800e-02
58 100 4.680358e-02
1 46 4.673117e-02
30 69 4.669159e-02
11 64 4.644546e-02
24 54 4.634158e-02
29 47 4.628708e-02
1 95 4.615702e-02
23 26 4.604590e-02
51 66 4.599484e-02
17 49 4.587594e-02
43 88 4.580436e-02
1 101 4.576396e-02
6 95 4.574400e-02
1 66 4.550334e-02
42 51 4.544177e-02
77 94 4.543605e-02
12 31 4.542426e-02
73 86 4.538403e-02
53 98 4.538364e-02
40 87 4.517232e-02
66 71 4.506758e-02
52 78 4.499276e-02
24 36 4.472959e-02
2 31 4.471373e-02
57 95 4.462311e-02
4 86 4.457856e-02
10 27 4.447221e-02
53 68 4.444210e-02
27 90 4.440672e-02
37 52 4.440354e-02
27 70 4.439561e-02
39 101 4.434992e-02
56 67 4.424098e-02
52 94 4.417599e-02
65 75 4.417513e-02
6 35 4.406863e-02
55 99 4.405818e-02
24 87 4.396983e-02
37 64 4.395610e-02
53 90 4.386117e-02
26 82 4.374212e-02
21 74 4.369663e-02
62 99 4.369262e-02
20 33 4.366260e-02
53 58 4.352395e-02
32 84 4.350668e-02
11 58 4.350179e-02
40 66 4.326371e-02
31 74 4.308848e-02
24 28 4.273647e-02
1 9 4.258602e-02
4 32 4.255151e-02
66 84 4.254150e-02
42 56 4.244755e-02
12 87 4.243134e-02
41 77 4.232911e-02
26 84 4.230312e-02
7 76 4.229900e-02
1 52 4.227739e-02
10 79 4.216980e-02
19 75 4.202906e-02
33 39 4.202606e-02
56 90 4.190495e-02
67 85 4.178633e-02
66 98 4.168294e-02
24 46 4.167244e-02
21 73 4.151220e-02
6 37 4.143281e-02
3 76 4.143113e-02
1 8 4.112574e-02
45 77 4.091826e-02
64 71 4.089533e-02
47 58 4.063459e-02
6 101 4.045238e-02
8 34 4.025118e-02
42 55 4.017076e-02
2 14 4.014940e-02
15 62 3.991649e-02
90 96 3.989670e-02
43 87 3.983370e-02
36 47 3.976814e-02
2 55 3.975607e-02
22 97 3.973907e-02
41 70 3.968684e-02
46 52 3.950433e-02
11 37 3.948323e-02
61 98 3.947074e-02
70 86 3.946764e-02
28 90 3.944689e-02
51 54 3.931054e-02
27 50 3.927009e-02
8 85 3.926018e-02
26 49 3.911706e-02
20 55 3.907177e-02
64 83 3.885493e-02
91 97 3.878840e-02
14 41 3.878232e-02
29 99 3.877964e-02
60 76 3.868933e-02
38 70 3.866575e-02
26 42 3.810201e-02
26 43 3.805998e-02
44 81 3.792593e-02
49 62 3.781270e-02
22 34 3.759099e-02
6 26 3.726562e-02
5 10 3.723580e-02
13 71 3.682932e-02
58 68 3.669169e-02
12 52 3.667828e-02
4 27 3.665788e-02
55 94 3.660270e-02
19 51 3.638109e-02
38 77 3.634836e-02
1 78 3.634382e-02
58 66 3.627186e-02
68 78 3.621665e-02
30 89 3.602245e-02
81 96 3.598853e-02
1 92 3.597722e-02
32 41 3.593863e-02
26 68 3.567532e-02
49 74 3.563123e-02
59 87 3.557143e-02
34 70 3.547895e-02
54 68 3.525467e-02
35 94 3.522058e-02
26 35 3.513624e-02
4 76 3.506938e-02
17 46 3.505789e-02
23 30 3.484125e-02
10 41 3.481777e-02
21 42 3.471525e-02
20 22 3.461516e-02
52 68 3.437006e-02
33 87 3.434491e-02
10 50 3.432475e-02
45 62 3.429751e-02
8 30 3.423372e-02
10 82 3.420131e-02
78 93 3.405222e-02
19 26 3.399758e-02
16 47 3.385031e-02
62 91 3.383299e-02
71 86 3.372510e-02
48 49 3.372218e-02
19 79 3.371040e-02
60 63 3.368989e-02
12 89 3.367379e-02
73 92 3.366717e-02
54 90 3.360676e-02
21 57 3.341003e-02
38 94 3.337526e-02
1 27 3.315333e-02
11 81 3.294065e-02
78 89 3.290363e-02
3 90 3.280125e-02
72 82 3.273227e-02
1 32 3.272522e-02
11 88 3.259088e-02
66 69 3.258387e-02
1 93 3.250996e-02
74 79 3.245628e-02
18 26 3.235309e-02
10 21 3.234610e-02
9 70 3.230395e-02
1 56 3.226610e-02
18 23 3.225253e-02
31 72 3.219787e-02
51 74 3.213549e-02
62 77 3.204233e-02
44 51 3.190477e-02
7 22 3.189007e-02
76 80 3.186266e-02
70 98 3.154664e-02
37 66 3.149178e-02
12 22 3.146630e-02
38 80 3.138214e-02
48 98 3.134078e-02
46 91 3.132827e-02
73 88 3.130720e-02
40 84 3.130719e-02
70 97 3.124438e-02
16 44 3.119181e-02
46 100 3.093519e-02
8 16 3.088467e-02
63 72 3.088349e-02
1 76 3.077806e-02
27 100 3.076154e-02
35 65 3.070454e-02
64 85 3.067655e-02
35 54 3.066662e-02
26 60 3.025454e-02
44 77 3.019150e-02
10 15 3.016338e-02
13 25 3.009550e-02
39 46 3.005889e-02
73 100 3.003891e-02
2 15 2.994494e-02
39 71 2.984105e-02
9 32 2.970735e-02
8 56 2.956098e-02
1 28 2.952357e-02
12 69 2.939528e-02
3 22 2.933754e-02
22 96 2.927706e-02
68 84 2.916744e-02
3 41 2.911563e-02
7 43 2.910066e-02
5 48 2.904380e-02
1 68 2.890776e-02
54 76 2.874478e-02
27 46 2.868807e-02
66 79 2.854110e-02
36 53 2.842724e-02
32 80 2.834204e-02
29 81 2.828024e-02
68 93 2.827974e-02
6 59 2.820742e-02
6 20 2.817175e-02
17 18 2.812001e-02
7 16 2.803035e-02
19 65 2.798702e-02
34 69 2.797963e-02
2 41 2.794021e-02
68 85 2.774357e-02
7 59 2.766846e-02
58 60 2.759668e-02
52 66 2.744409e-02
21 63 2.741681e-02
59 100 2.735344e-02
75 86 2.726964e-02
44 56 2.725964e-02
8 69 2.722959e-02
51 60 2.708172e-02
39 83 2.707767e-02
48 69 2.707553e-02
65 86 2.707071e-02
35 84 2.703530e-02
16 55 2.657295e-02
8 93 2.655670e-02
2 29 2.652523e-02
40 83 2.651766e-02
20 42 2.634498e-02
4 21 2.631572e-02
54 77 2.629030e-02
42 54 2.613716e-02
41 67 2.608945e-02
13 58 2.594004e-02
30 68 2.585825e-02
28 64 2.566375e-02
25 44 2.565369e-02
39 74 2.562840e-02
78 100 2.528539e-02
13 41 2.525688e-02
30 53 2.510188e-02
69 93 2.508411e-02
55 67 2.503679e-02
12 30 2.500370e-02
82 101 2.473704e-02
28 96 2.473023e-02
21 38 2.465343e-02
44 53 2.456585e-02
24 72 2.440236e-02
8 63 2.438660e-02
1 38 2.437681e-02
20 92 2.431559e-02
1 51 2.423873e-02
47 98 2.422803e-02
30 54 2.409126e-02
13 64 2.400795e-02
11 27 2.387581e-02
74 84 2.386058e-02
45 75 2.378466e-02
5 93 2.370314e-02
65 85 2.328431e-02
69 74 2.320676e-02
38 47 2.310730e-02
4 52 2.308560e-02
30 70 2.305510e-02
21 71 2.303151e-02
40 101 2.286745e-02
25 52 2.271208e-02
35 37 2.267098e-02
79 90 2.256588e-02
34 64 2.247294e-02
42 100 2.244708e-02
4 96 2.240723e-02
32 37 2.239302e-02
5 35 2.232755e-02
53 84 2.209435e-02
3 58 2.204042e-02
19 76 2.202654e-02
32 56 2.199807e-02
75 80 2.187377e-02
3 18 2.184340e-02
9 60 2.183886e-02
29 92 2.175281e-02
45 48 2.154587e-02
46 93 2.152869e-02
9 54 2.149218e-02
5 39 2.141294e-02
37 87 2.139779e-02
38 86 2.134290e-02
76 95 2.132961e-02
8 37 2.130225e-02
51 93 2.109334e-02
10 67 2.101128e-02
21 32 2.099720e-02
21 37 2.082737e-02
11 90 2.076348e-02
7 24 2.073692e-02
45 69 2.043964e-02
28 83 2.037060e-02
32 45 2.033849e-02
58 71 2.032673e-02
12 100 2.011941e-02
25 34 2.004220e-02
34 96 2.002542e-02
40 43 1.999516e-02
19 60 1.990661e-02
43 69 1.986302e-02
1 62 1.972549e-02
45 85 1.964762e-02
64 91 1.964239e-02
46 65 1.890945e-02
1 85 1.885381e-02
8 98 1.879745e-02
31 65 1.878187e-02
37 55 1.875572e-02
25 80 1.865597e-02
18 27 1.851736e-02
37 65 1.835977e-02
11 87 1.833971e-02
48 78 1.832364e-02
4 23 1.829948e-02
17 76 1.793381e-02
11 93 1.777311e-02
18 25 1.766086e-02
6 92 1.756301e-02
27 95 1.749254e-02
69 83 1.723818e-02
39 47 1.721446e-02
34 54 1.698523e-02
37 71 1.684767e-02
1 41 1.684314e-02
25 56 1.668794e-02
46 60 1.658223e-02
25 77 1.646054e-02
24 43 1.617895e-02
19 31 1.613153e-02
16 53 1.608674e-02
16 63 1.592066e-02
4 37 1.579826e-02
34 67 1.578465e-02
28 80 1.574283e-02
48 53 1.573124e-02
47 94 1.559418e-02
25 64 1.559194e-02
5 13 1.555122e-02
15 83 1.549988e-02
24 89 1.547272e-02
34 73 1.543712e-02
19 90 1.524731e-02
49 51 1.515003e-02
13 44 1.501248e-02
31 80 1.453230e-02
41 79 1.447724e-02
82 90 1.446915e-02
5 85 1.439417e-02
9 28 1.435416e-02
51 89 1.414714e-02
32 55 1.379487e-02
33 67 1.375742e-02
33 44 1.373226e-02
7 26 1.368809e-02
78 96 1.361613e-02
17 80 1.361324e-02
1 61 1.344925e-02
38 69 1.343360e-02
34 55 1.334317e-02
75 93 1.330295e-02
55 90 1.320894e-02
4 98 1.285437e-02
17 25 1.264631e-02
31 66 1.264361e-02
21 97 1.260481e-02
44 48 1.259895e-02
36 44 1.256150e-02
63 69 1.245802e-02
1 73 1.230607e-02
33 77 1.217212e-02
30 38 1.212902e-02
8 13 1.200591e-02
64 81 1.182776e-02
33 96 1.180770e-02
53 73 1.176716e-02
23 67 1.174880e-02
28 101 1.173652e-02
58 91 1.159957e-02
3 50 1.158515e-02
44 90 1.146824e-02
35 40 1.143760e-02
73 85 1.142378e-02
7 48 1.122467e-02
11 21 1.118282e-02
3 62 1.113432e-02
39 73 1.109830e-02
12 20 1.104153e-02
60 89 1.098754e-02
43 73 1.098383e-02
66 74 1.086737e-02
74 97 1.071664e-02
17 74 1.071654e-02
21 47 1.069012e-02
33 63 1.067085e-02
90 98 1.051054e-02
11 36 1.048245e-02
56 88 1.043803e-02
76 89 1.041585e-02
22 60 1.034836e-02
90 100 1.004584e-02
69 87 9.941139e-03
63 95 9.775549e-03
53 100 9.458994e-03
1 59 9.431474e-03
54 67 9.314279e-03
33 64 9.293251e-03
5 96 9.212706e-03
39 48 9.205924e-03
44 69 9.178070e-03
4 88 9.146805e-03
23 33 9.122990e-03
22 29 9.056449e-03
13 29 9.055036e-03
54 61 9.015821e-03
13 39 8.966334e-03
56 82 8.786175e-03
31 85 8.766399e-03
41 65 8.634178e-03
40 95 8.577952e-03
70 82 8.519093e-03
12 54 8.477678e-03
61 74 8.372976e-03
28 66 8.163985e-03
24 80 8.140291e-03
39 64 8.074687e-03
11 35 8.059001e-03
63 65 7.940012e-03
31 69 7.674443e-03
48 67 7.584899e-03
12 21 7.550996e-03
27 57 7.331898e-03
46 59 7.280299e-03
8 61 7.203874e-03
46 62 7.126157e-03
39 78 7.111221e-03
54 70 7.056286e-03
30 49 6.956511e-03
1 96 6.715558e-03
14 24 6.525796e-03
83 94 6.512935e-03
74 92 6.373467e-03
42 98 6.327887e-03
86 98 6.227072e-03
40 61 6.141708e-03
57 65 6.134908e-03
41 89 6.123860e-03
54 99 5.922433e-03
30 57 5.911345e-03
8 50 5.888570e-03
27 99 5.799163e-03
48 89 5.738754e-03
31 46 5.605357e-03
13 74 5.260110e-03
12 19 5.238997e-03
44 76 4.960307e-03
61 101 4.948216e-03
7 86 4.928066e-03
8 77 4.912431e-03
71 75 4.885797e-03
11 77 4.576060e-03
13 55 4.575282e-03
71 97 4.526145e-03
75 97 4.324407e-03
14 36 4.122797e-03
5 64 4.081494e-03
71 101 4.044867e-03
18 97 3.890628e-03
54 93 3.830656e-03
45 51 3.556033e-03
2 76 3.458741e-03
2 78 3.398515e-03
19 44 3.378456e-03
16 75 3.359051e-03
11 76 3.351707e-03
9 57 3.269314e-03
21 84 3.168264e-03
64 93 3.121287e-03
36 94 3.046187e-03
2 46 2.966584e-03
16 62 2.952642e-03
10 12 2.634039e-03
41 81 2.583884e-03
27 79 2.346879e-03
5 91 2.333976e-03
55 95 2.281985e-03
21 77 2.273351e-03
43 82 2.050099e-03
1 58 1.883622e-03
38 66 1.879954e-03
51 63 1.742201e-03
36 84 1.648249e-03
6 38 1.530646e-03
1 33 1.409746e-03
79 88 1.315378e-03
55 75 1.223546e-03
70 95 1.183759e-03
26 64 1.166681e-03
67 81 1.091349e-03
29 97 1.025975e-03
38 83 8.848486e-04
42 95 8.668571e-04
48 100 7.601123e-04
10 55 5.430316e-04
21 30 4.233232e-04
29 65 4.056626e-04
50 100 2.626931e-04
53 94 2.486970e-04
40 58 7.302228e-05
30 96 6.893241e-05
31 98 -3.191909e-04
13 34 -3.452702e-04
2 30 -4.346852e-04
33 57 -4.916671e-04
72 97 -5.513076e-04
46 75 -7.039652e-04
11 97 -7.923621e-04
77 85 -9.858639e-04
37 85 -1.183923e-03
3 73 -1.195871e-03
11 74 -1.290738e-03
9 14 -1.322247e-03
3 68 -1.349863e-03
17 62 -1.518512e-03
38 63 -1.652026e-03
10 87 -1.820189e-03
48 60 -1.889392e-03
36 91 -1.939600e-03
41 52 -1.968837e-03
21 70 -1.972831e-03
28 44 -2.019571e-03
74 101 -2.043890e-03
8 27 -2.075405e-03
17 52 -2.095285e-03
3 93 -2.149430e-03
47 66 -2.184829e-03
59 97 -2.200649e-03
18 29 -2.269335e-03
64 92 -2.292075e-03
2 73 -2.330268e-03
87 88 -2.522222e-03
34 89 -2.575493e-03
68 90 -2.602374e-03
71 81 -2.663296e-03
86 101 -2.736505e-03
24 44 -2.738982e-03
11 73 -2.790104e-03
4 72 -2.800079e-03
5 87 -2.869564e-03
66 80 -2.933886e-03
4 74 -2.982762e-03
26 95 -3.336585e-03
10 48 -3.362776e-03
62 70 -3.818205e-03
49 52 -3.833409e-03
1 57 -3.899032e-03
62 64 -3.900635e-03
19 45 -3.929445e-03
65 101 -3.946743e-03
17 36 -4.044680e-03
7 98 -4.252950e-03
10 72 -4.458890e-03
37 60 -4.489106e-03
83 85 -4.517850e-03
3 70 -4.872509e-03
46 84 -4.921738e-03
68 100 -4.988178e-03
23 76 -5.289473e-03
59 80 -5.436525e-03
32 90 -5.690849e-03
23 47 -5.831327e-03
28 67 -5.895054e-03
40 90 -6.024012e-03
86 90 -6.218940e-03
69 86 -6.262783e-03
46 55 -6.352561e-03
29 58 -6.386883e-03
33 83 -6.393894e-03
11 54 -6.433578e-03
4 46 -6.456114e-03
50 101 -6.487024e-03
15 94 -6.683229e-03
26 86 -6.693119e-03
5 67 -6.709126e-03
5 83 -6.744041e-03
37 41 -6.815348e-03
26 97 -6.826132e-03
11 52 -6.902863e-03
66 78 -6.925275e-03
70 71 -7.152921e-03
34 101 -7.244221e-03
1 22 -7.334286e-03
30 47 -7.403909e-03
57 71 -7.452869e-03
8 32 -7.481021e-03
24 53 -7.504787e-03
28 84 -7.586685e-03
6 58 -7.630496e-03
36 65 -7.630994e-03
15 29 -7.653539e-03
6 67 -7.713073e-03
47 70 -7.813629e-03
50 90 -7.865967e-03
42 77 -7.942941e-03
52 54 -8.021209e-03
3 96 -8.027865e-03
66 100 -8.131359e-03
9 82 -8.170004e-03
12 40 -8.207808e-03
23 57 -8.229525e-03
11 75 -8.325848e-03
57 70 -8.387573e-03
54 79 -8.389704e-03
12 91 -8.447178e-03
30 93 -8.460465e-03
41 92 -8.558535e-03
7 32 -8.694151e-03
88 99 -8.771062e-03
19 63 -8.911501e-03
73 84 -8.977062e-03
30 78 -9.112332e-03
40 60 -9.199403e-03
20 87 -9.237949e-03
12 60 -9.260450e-03
49 55 -9.417858e-03
30 74 -9.551535e-03
64 79 -9.722485e-03
30 94 -9.848354e-03
16 37 -9.855552e-03
38 59 -1.000053e-02
4 22 -1.000491e-02
11 19 -1.004196e-02
54 100 -1.005659e-02
19 59 -1.008923e-02
82 95 -1.022820e-02
7 88 -1.025095e-02
64 76 -1.033531e-02
29 49 -1.039084e-02
22 99 -1.040154e-02
64 66 -1.050516e-02
3 23 -1.056903e-02
23 55 -1.063972e-02
58 90 -1.083104e-02
47 93 -1.093076e-02
28 93 -1.099580e-02
86 100 -1.104613e-02
49 100 -1.116002e-02
18 32 -1.133176e-02
55 70 -1.141062e-02
12 14 -1.149396e-02
23 85 -1.149942e-02
66 75 -1.153643e-02
44 50 -1.157701e-02
49 75 -1.168965e-02
59 92 -1.169802e-02
30 87 -1.173464e-02
33 82 -1.190110e-02
2 23 -1.190369e-02
20 82 -1.196493e-02
29 96 -1.207618e-02
26 40 -1.217893e-02
9 52 -1.228457e-02
9 91 -1.234647e-02
6 30 -1.237036e-02
23 90 -1.243885e-02
9 71 -1.257310e-02
42 81 -1.260115e-02
48 82 -1.290164e-02
6 82 -1.295579e-02
29 51 -1.314073e-02
26 73 -1.320645e-02
22 50 -1.331738e-02
75 77 -1.353919e-02
62 71 -1.356153e-02
22 26 -1.357024e-02
4 15 -1.364106e-02
60 86 -1.364889e-02
32 47 -1.366751e-02
27 71 -1.373376e-02
16 50 -1.393795e-02
42 88 -1.401381e-02
42 62 -1.415020e-02
36 70 -1.415267e-02
67 91 -1.417347e-02
16 54 -1.430555e-02
43 77 -1.434845e-02
72 93 -1.439501e-02
18 52 -1.445717e-02
44 54 -1.445734e-02
68 87 -1.448453e-02
54 101 -1.454631e-02
6 98 -1.459158e-02
68 99 -1.477522e-02
49 97 -1.482088e-02
80 91 -1.488361e-02
4 57 -1.506981e-02
55 65 -1.507977e-02
1 67 -1.509062e-02
23 46 -1.523537e-02
6 28 -1.529532e-02
31 97 -1.550766e-02
21 78 -1.567824e-02
68 76 -1.574816e-02
3 47 -1.577640e-02
50 85 -1.579823e-02
47 59 -1.586021e-02
63 82 -1.591470e-02
47 71 -1.599873e-02
7 56 -1.600308e-02
55 98 -1.611707e-02
9 34 -1.633527e-02
58 88 -1.649573e-02
16 70 -1.656531e-02
27 64 -1.662764e-02
66 92 -1.662781e-02
31 71 -1.664363e-02
65 94 -1.673728e-02
55 80 -1.681967e-02
52 72 -1.714684e-02
63 70 -1.718409e-02
31 78 -1.721140e-02
27 75 -1.749127e-02
27 78 -1.753062e-02
8 26 -1.766244e-02
38 99 -1.789821e-02
48 66 -1.794174e-02
11 13 -1.802429e-02
25 81 -1.806761e-02
34 40 -1.810363e-02
75 95 -1.825635e-02
10 43 -1.834049e-02
2 85 -1.842053e-02
68 94 -1.842966e-02
84 95 -1.845807e-02
9 22 -1.847956e-02
21 45 -1.849187e-02
25 90 -1.853741e-02
49 56 -1.856411e-02
30 73 -1.856892e-02
1 26 -1.869914e-02
5 97 -1.872222e-02
54 78 -1.879763e-02
45 49 -1.886932e-02
32 49 -1.926223e-02
21 34 -1.929862e-02
48 101 -1.942093e-02
77 86 -1.943684e-02
44 79 -1.950865e-02
62 72 -1.964508e-02
36 48 -1.967194e-02
9 58 -1.973882e-02
51 55 -1.975979e-02
22 65 -1.984100e-02
57 69 -1.999732e-02
4 78 -2.002960e-02
5 86 -2.011028e-02
4 58 -2.012130e-02
27 47 -2.016409e-02
10 24 -2.022195e-02
49 87 -2.022591e-02
70 101 -2.024221e-02
10 81 -2.025931e-02
78 92 -2.037143e-02
10 93 -2.042007e-02
36 63 -2.049587e-02
16 92 -2.050211e-02
10 28 -2.061493e-02
45 73 -2.072630e-02
75 79 -2.074274e-02
9 29 -2.076794e-02
14 55 -2.092650e-02
41 83 -2.096498e-02
30 100 -2.121073e-02
38 67 -2.128251e-02
78 88 -2.144151e-02
8 25 -2.146273e-02
57 59 -2.173990e-02
7 78 -2.185106e-02
47 88 -2.207546e-02
39 51 -2.217636e-02
18 79 -2.217667e-02
14 68 -2.221880e-02
23 82 -2.231515e-02
24 26 -2.237916e-02
48 77 -2.252984e-02
17 30 -2.281188e-02
9 62 -2.286407e-02
77 98 -2.291481e-02
19 91 -2.304000e-02
6 65 -2.305271e-02
52 98 -2.317701e-02
59 98 -2.325890e-02
73 96 -2.345051e-02
3 99 -2.355383e-02
46 76 -2.359284e-02
82 97 -2.361265e-02
22 40 -2.365195e-02
30 37 -2.376205e-02
46 80 -2.386462e-02
6 55 -2.390344e-02
51 69 -2.393085e-02
3 24 -2.400940e-02
40 82 -2.426600e-02
27 81 -2.439674e-02
11 68 -2.443277e-02
59 60 -2.454408e-02
40 78 -2.459034e-02
75 88 -2.461299e-02
15 23 -2.474337e-02
74 81 -2.491261e-02
59 78 -2.504516e-02
8 78 -2.526039e-02
35 47 -2.534619e-02
26 66 -2.539534e-02
32 89 -2.541233e-02
24 38 -2.559409e-02
9 18 -2.563278e-02
27 80 -2.563300e-02
89 100 -2.564027e-02
30 85 -2.570646e-02
24 85 -2.579450e-02
1 23 -2.592957e-02
27 40 -2.595351e-02
25 89 -2.615502e-02
5 59 -2.619545e-02
2 90 -2.630135e-02
37 95 -2.631977e-02
36 90 -2.638726e-02
40 63 -2.644564e-02
41 86 -2.645280e-02
35 82 -2.652042e-02
5 14 -2.658880e-02
34 84 -2.665063e-02
25 60 -2.670084e-02
84 96 -2.676468e-02
38 78 -2.683777e-02
42 49 -2.686917e-02
41 73 -2.704374e-02
12 75 -2.708192e-02
10 101 -2.717483e-02
51 71 -2.738245e-02
14 62 -2.752017e-02
25 97 -2.752171e-02
61 68 -2.753385e-02
3 57 -2.764534e-02
36 49 -2.775579e-02
26 70 -2.790933e-02
20 51 -2.791274e-02
75 76 -2.793821e-02
20 101 -2.816699e-02
33 88 -2.829310e-02
86 93 -2.832017e-02
14 84 -2.836009e-02
29 36 -2.841854e-02
27 83 -2.847678e-02
60 87 -2.848435e-02
12 66 -2.866734e-02
4 97 -2.866889e-02
18 41 -2.870698e-02
9 24 -2.886795e-02
4 66 -2.893488e-02
65 69 -2.898840e-02
40 54 -2.918598e-02
12 55 -2.928211e-02
7 57 -2.931044e-02
42 50 -2.942563e-02
13 72 -2.943477e-02
56 74 -2.946606e-02
79 91 -2.954088e-02
25 100 -2.964477e-02
25 48 -2.965249e-02
23 86 -2.972029e-02
73 98 -2.984600e-02
37 98 -2.986222e-02
12 80 -2.992625e-02
12 99 -2.996011e-02
84 94 -3.009434e-02
34 44 -3.010796e-02
33 99 -3.011625e-02
38 89 -3.015180e-02
21 67 -3.018007e-02
67 80 -3.018242e-02
87 96 -3.025092e-02
40 73 -3.030408e-02
17 71 -3.045571e-02
80 90 -3.052571e-02
2 33 -3.060682e-02
70 93 -3.079527e-02
2 92 -3.080795e-02
67 73 -3.080936e-02
24 68 -3.083180e-02
19 101 -3.100195e-02
3 28 -3.103633e-02
12 64 -3.110271e-02
38 100 -3.113270e-02
14 60 -3.115859e-02
82 93 -3.117712e-02
48 88 -3.118936e-02
3 86 -3.124696e-02
22 94 -3.143652e-02
3 61 -3.147868e-02
8 47 -3.155422e-02
4 39 -3.165195e-02
44 85 -3.165452e-02
65 89 -3.192771e-02
10 49 -3.199865e-02
55 74 -3.205349e-02
47 73 -3.212546e-02
57 91 -3.215348e-02
50 92 -3.237963e-02
42 89 -3.252727e-02
41 101 -3.274106e-02
40 72 -3.274730e-02
19 39 -3.276433e-02
34 72 -3.311052e-02
63 101 -3.322514e-02
9 80 -3.325698e-02
36 101 -3.338604e-02
76 77 -3.344542e-02
75 94 -3.347974e-02
56 98 -3.361614e-02
45 82 -3.362862e-02
31 96 -3.376334e-02
50 96 -3.384346e-02
68 77 -3.386292e-02
54 66 -3.387008e-02
11 98 -3.391053e-02
13 101 -3.409118e-02
8 66 -3.414385e-02
90 101 -3.416601e-02
12 73 -3.421833e-02
52 101 -3.424271e-02
14 58 -3.450379e-02
10 53 -3.459368e-02
40 46 -3.460247e-02
4 35 -3.467832e-02
51 77 -3.472602e-02
32 42 -3.473130e-02
23 99 -3.482524e-02
1 39 -3.490383e-02
2 79 -3.512194e-02
47 50 -3.525497e-02
18 94 -3.525920e-02
14 42 -3.530688e-02
44 52 -3.535392e-02
48 95 -3.544360e-02
15 33 -3.546307e-02
3 83 -3.555937e-02
45 94 -3.559292e-02
2 27 -3.563203e-02
13 65 -3.569247e-02
59 96 -3.580710e-02
33 80 -3.593993e-02
17 48 -3.618050e-02
14 91 -3.625981e-02
5 33 -3.628983e-02
20 50 -3.635206e-02
65 79 -3.636139e-02
68 88 -3.636889e-02
29 57 -3.664230e-02
1 49 -3.690675e-02
58 85 -3.719531e-02
31 94 -3.739053e-02
42 67 -3.740994e-02
22 87 -3.741909e-02
4 31 -3.753508e-02
25 63 -3.767151e-02
21 60 -3.770224e-02
13 81 -3.790349e-02
40 68 -3.791946e-02
11 22 -3.797122e-02
26 74 -3.797146e-02
12 93 -3.799356e-02
36 100 -3.810977e-02
34 71 -3.812568e-02
17 66 -3.822328e-02
40 75 -3.822726e-02
2 68 -3.837806e-02
70 77 -3.845569e-02
28 38 -3.854464e-02
48 70 -3.857006e-02
8 35 -3.861385e-02
29 45 -3.873827e-02
17 65 -3.891040e-02
23 29 -3.902519e-02
72 76 -3.907607e-02
39 77 -3.913771e-02
13 14 -3.917334e-02
62 95 -3.924394e-02
26 41 -3.931922e-02
12 43 -3.944011e-02
20 69 -3.953112e-02
28 88 -3.969372e-02
40 74 -3.970929e-02
25 75 -3.982310e-02
49 65 -3.988130e-02
44 67 -3.989100e-02
33 61 -3.992499e-02
40 70 -4.004259e-02
34 75 -4.010374e-02
19 67 -4.012070e-02
16 22 -4.039640e-02
52 69 -4.080975e-02
17 64 -4.081379e-02
13 92 -4.081565e-02
3 40 -4.083904e-02
11 79 -4.084852e-02
47 52 -4.095311e-02
43 72 -4.105699e-02
33 59 -4.109873e-02
9 90 -4.110926e-02
5 46 -4.135052e-02
52 100 -4.135723e-02
13 77 -4.135762e-02
49 90 -4.136557e-02
50 72 -4.139539e-02
58 70 -4.152004e-02
35 68 -4.158988e-02
21 62 -4.160296e-02
13 68 -4.160408e-02
14 25 -4.177093e-02
30 76 -4.189745e-02
34 57 -4.195909e-02
28 37 -4.201924e-02
72 100 -4.216989e-02
11 71 -4.229904e-02
11 23 -4.230675e-02
18 92 -4.232999e-02
22 47 -4.239546e-02
9 79 -4.250475e-02
2 59 -4.260620e-02
12 29 -4.282146e-02
19 29 -4.283101e-02
80 92 -4.283207e-02
31 42 -4.284181e-02
60 83 -4.304336e-02
43 52 -4.304834e-02
69 98 -4.317727e-02
35 48 -4.319620e-02
14 56 -4.355714e-02
58 93 -4.361504e-02
39 85 -4.376653e-02
7 36 -4.387666e-02
71 91 -4.390304e-02
45 79 -4.392852e-02
3 29 -4.420206e-02
19 56 -4.425846e-02
53 89 -4.431144e-02
33 47 -4.454025e-02
11 55 -4.461418e-02
14 79 -4.463637e-02
61 99 -4.464864e-02
5 23 -4.469752e-02
29 39 -4.477382e-02
16 60 -4.482641e-02
55 78 -4.499799e-02
43 55 -4.503334e-02
65 99 -4.504750e-02
19 88 -4.506581e-02
23 56 -4.510296e-02
22 69 -4.510918e-02
18 38 -4.512458e-02
37 70 -4.533620e-02
37 53 -4.535731e-02
34 90 -4.550717e-02
21 64 -4.551725e-02
4 41 -4.552333e-02
46 89 -4.573868e-02
16 40 -4.578024e-02
7 62 -4.578335e-02
12 96 -4.584658e-02
49 53 -4.589376e-02
44 101 -4.598916e-02
34 59 -4.616400e-02
6 97 -4.636116e-02
39 97 -4.653585e-02
68 95 -4.665504e-02
16 97 -4.666839e-02
11 28 -4.703103e-02
46 74 -4.711525e-02
10 58 -4.712184e-02
11 49 -4.726061e-02
36 37 -4.729316e-02
58 89 -4.732169e-02
47 69 -4.737426e-02
32 63 -4.741882e-02
56 66 -4.745353e-02
55 96 -4.746411e-02
58 79 -4.749437e-02
32 57 -4.760290e-02
27 93 -4.763140e-02
26 72 -4.765316e-02
15 37 -4.770222e-02
53 77 -4.789809e-02
14 48 -4.790629e-02
30 77 -4.795940e-02
40 56 -4.798175e-02
20 77 -4.799700e-02
75 83 -4.803191e-02
1 17 -4.806303e-02
15 42 -4.813946e-02
28 69 -4.814418e-02
20 72 -4.817986e-02
52 73 -4.826256e-02
27 82 -4.848264e-02
20 58 -4.863808e-02
11 30 -4.881313e-02
56 100 -4.890496e-02
21 87 -4.900723e-02
5 92 -4.900943e-02
12 68 -4.907567e-02
46 88 -4.920301e-02
12 71 -4.934086e-02
64 75 -4.941653e-02
13 69 -4.962996e-02
48 87 -4.984661e-02
17 60 -4.987686e-02
35 59 -4.992305e-02
41 57 -5.004323e-02
15 28 -5.006653e-02
63 80 -5.017832e-02
16 98 -5.036718e-02
81 88 -5.051158e-02
23 42 -5.058789e-02
46 101 -5.066653e-02
74 91 -5.067762e-02
73 90 -5.083384e-02
16 30 -5.090218e-02
35 75 -5.101078e-02
82 94 -5.106070e-02
37 79 -5.120841e-02
43 62 -5.123546e-02
87 92 -5.132416e-02
16 68 -5.135097e-02
41 55 -5.148983e-02
36 74 -5.149888e-02
24 59 -5.157274e-02
13 91 -5.165568e-02
6 22 -5.167351e-02
22 64 -5.189430e-02
30 75 -5.203401e-02
55 97 -5.207080e-02
58 80 -5.219565e-02
23 59 -5.241922e-02
43 63 -5.242368e-02
7 85 -5.266701e-02
29 77 -5.267283e-02
67 76 -5.287177e-02
22 89 -5.293899e-02
93 101 -5.306116e-02
5 44 -5.308180e-02
27 45 -5.314366e-02
17 29 -5.317168e-02
18 76 -5.320052e-02
21 61 -5.322778e-02
31 101 -5.349704e-02
74 93 -5.357335e-02
1 82 -5.358061e-02
59 79 -5.372936e-02
3 85 -5.373781e-02
46 77 -5.377781e-02
32 38 -5.384623e-02
41 87 -5.385249e-02
80 85 -5.404645e-02
9 20 -5.407299e-02
44 96 -5.412151e-02
33 55 -5.416223e-02
34 80 -5.424495e-02
22 39 -5.450617e-02
71 100 -5.453980e-02
32 85 -5.454154e-02
2 44 -5.470109e-02
8 22 -5.476643e-02
47 76 -5.510308e-02
38 98 -5.514023e-02
52 80 -5.515946e-02
28 86 -5.563695e-02
6 78 -5.580413e-02
15 78 -5.592422e-02
64 101 -5.614396e-02
36 43 -5.614918e-02
49 98 -5.629021e-02
76 98 -5.657713e-02
49 77 -5.660295e-02
4 68 -5.677066e-02
69 79 -5.679488e-02
14 63 -5.701668e-02
76 87 -5.715189e-02
5 98 -5.719585e-02
40 51 -5.758342e-02
25 51 -5.760343e-02
81 99 -5.766604e-02
68 96 -5.770602e-02
52 84 -5.785826e-02
31 100 -5.793024e-02
5 42 -5.804288e-02
27 48 -5.813966e-02
3 19 -5.818977e-02
40 57 -5.821171e-02
54 59 -5.830427e-02
4 75 -5.846787e-02
67 101 -5.859319e-02
46 95 -5.860330e-02
37 80 -5.868612e-02
8 29 -5.869079e-02
21 65 -5.872833e-02
5 75 -5.879213e-02
3 38 -5.885341e-02
44 89 -5.895163e-02
8 68 -5.898583e-02
51 75 -5.902002e-02
59 84 -5.904354e-02
29 75 -5.908593e-02
33 71 -5.916931e-02
3 34 -5.918368e-02
9 59 -5.922101e-02
79 99 -5.923248e-02
67 70 -5.932060e-02
73 79 -5.943992e-02
15 70 -5.945945e-02
9 33 -5.970643e-02
39 86 -5.973393e-02
34 88 -5.991964e-02
7 83 -5.992304e-02
48 63 -6.003561e-02
4 55 -6.005262e-02
2 75 -6.017578e-02
49 59 -6.017809e-02
1 13 -6.053554e-02
46 71 -6.066748e-02
3 48 -6.067562e-02
4 17 -6.096508e-02
66 77 -6.112457e-02
10 23 -6.119224e-02
5 90 -6.130415e-02
15 41 -6.135184e-02
28 74 -6.150187e-02
49 81 -6.153606e-02
62 83 -6.165384e-02
21 68 -6.176817e-02
36 55 -6.182624e-02
32 72 -6.183514e-02
47 97 -6.186624e-02
54 75 -6.187179e-02
5 31 -6.209073e-02
56 79 -6.273190e-02
24 88 -6.279397e-02
25 67 -6.286853e-02
11 48 -6.287731e-02
58 81 -6.297842e-02
56 89 -6.302011e-02
6 77 -6.305042e-02
6 63 -6.305432e-02
10 75 -6.308706e-02
80 93 -6.308733e-02
9 39 -6.336773e-02
5 41 -6.337854e-02
21 54 -6.342022e-02
72 89 -6.342024e-02
6 48 -6.343755e-02
12 85 -6.349767e-02
11 84 -6.350192e-02
62 74 -6.359782e-02
18 89 -6.364569e-02
5 95 -6.379285e-02
35 53 -6.394826e-02
1 10 -6.430742e-02
8 21 -6.442824e-02
11 86 -6.454890e-02
5 81 -6.465364e-02
19 33 -6.469561e-02
42 101 -6.471727e-02
80 100 -6.474675e-02
66 83 -6.485367e-02
13 75 -6.500975e-02
7 61 -6.504755e-02
28 63 -6.568015e-02
59 65 -6.568795e-02
12 63 -6.579474e-02
19 78 -6.588950e-02
60 71 -6.590818e-02
24 51 -6.609741e-02
84 93 -6.611870e-02
72 84 -6.622546e-02
3 45 -6.625437e-02
2 35 -6.640000e-02
3 67 -6.646912e-02
26 88 -6.669621e-02
16 85 -6.672946e-02
42 70 -6.707542e-02
13 28 -6.711895e-02
67 94 -6.716354e-02
44 95 -6.721657e-02
53 59 -6.739157e-02
4 61 -6.753677e-02
2 61 -6.757091e-02
35 71 -6.768272e-02
57 60 -6.769484e-02
82 92 -6.772896e-02
3 33 -6.779405e-02
15 40 -6.781099e-02
2 80 -6.797002e-02
52 60 -6.807530e-02
90 97 -6.824870e-02
4 33 -6.843380e-02
18 80 -6.846742e-02
30 60 -6.869373e-02
28 79 -6.904864e-02
27 30 -6.905944e-02
81 95 -6.914242e-02
22 66 -6.940937e-02
9 83 -6.941053e-02
75 89 -6.950461e-02
65 87 -6.955836e-02
70 100 -6.978505e-02
48 64 -6.979187e-02
7 97 -6.981861e-02
18 55 -6.985877e-02
37 84 -6.986124e-02
29 46 -6.994252e-02
9 19 -7.004542e-02
23 74 -7.017277e-02
22 56 -7.031570e-02
59 101 -7.037285e-02
33 81 -7.076217e-02
63 100 -7.083782e-02
6 68 -7.118849e-02
25 88 -7.121804e-02
46 69 -7.125792e-02
20 46 -7.132756e-02
35 96 -7.132986e-02
75 78 -7.156954e-02
53 71 -7.161251e-02
30 83 -7.165731e-02
63 84 -7.166554e-02
53 97 -7.167666e-02
18 82 -7.185251e-02
2 82 -7.197103e-02
79 85 -7.224002e-02
48 74 -7.227847e-02
54 60 -7.242641e-02
27 94 -7.243128e-02
29 35 -7.250528e-02
38 90 -7.258439e-02
14 101 -7.286960e-02
12 74 -7.289000e-02
44 64 -7.290206e-02
60 101 -7.296772e-02
43 61 -7.306377e-02
8 88 -7.334975e-02
11 85 -7.375704e-02
11 46 -7.390400e-02
63 86 -7.407072e-02
84 86 -7.407860e-02
65 83 -7.431666e-02
51 83 -7.435462e-02
40 80 -7.462504e-02
87 100 -7.474763e-02
6 87 -7.475652e-02
15 44 -7.482829e-02
23 101 -7.499225e-02
39 68 -7.524505e-02
16 25 -7.527509e-02
36 56 -7.528994e-02
27 43 -7.530488e-02
73 91 -7.532927e-02
49 60 -7.533766e-02
29 56 -7.537095e-02
28 68 -7.539898e-02
33 79 -7.553269e-02
51 82 -7.574075e-02
72 94 -7.580616e-02
10 78 -7.596158e-02
13 30 -7.611471e-02
14 51 -7.615921e-02
62 75 -7.631194e-02
6 64 -7.633747e-02
7 49 -7.657413e-02
9 97 -7.676210e-02
72 81 -7.684031e-02
64 70 -7.685611e-02
22 62 -7.687967e-02
37 47 -7.689507e-02
47 64 -7.694268e-02
22 53 -7.700809e-02
34 61 -7.707067e-02
48 56 -7.726238e-02
55 91 -7.736323e-02
55 73 -7.738981e-02
78 83 -7.769346e-02
60 97 -7.775224e-02
75 84 -7.780049e-02
71 80 -7.789235e-02
29 48 -7.792843e-02
21 26 -7.800478e-02
39 99 -7.824563e-02
36 51 -7.826910e-02
16 28 -7.837418e-02
57 73 -7.839665e-02
23 98 -7.841274e-02
4 85 -7.848994e-02
13 42 -7.871351e-02
31 67 -7.875946e-02
24 98 -7.889073e-02
47 82 -7.889898e-02
29 71 -7.892319e-02
5 26 -7.896102e-02
16 34 -7.898072e-02
39 79 -7.901038e-02
12 57 -7.904780e-02
5 77 -7.905197e-02
47 67 -7.911086e-02
19 73 -7.920341e-02
34 68 -7.922216e-02
11 32 -7.922397e-02
33 97 -7.924912e-02
77 89 -7.928304e-02
41 84 -7.935029e-02
7 14 -7.935225e-02
59 95 -7.948303e-02
5 68 -7.950587e-02
5 43 -7.955954e-02
5 16 -7.958457e-02
50 63 -7.986619e-02
75 82 -7.998823e-02
29 59 -8.002422e-02
69 99 -8.012056e-02
13 32 -8.013885e-02
30 51 -8.026232e-02
47 56 -8.028030e-02
7 77 -8.038976e-02
40 97 -8.040056e-02
4 90 -8.051161e-02
73 83 -8.051629e-02
52 55 -8.075023e-02
41 43 -8.077484e-02
31 87 -8.083467e-02
16 58 -8.085106e-02
27 89 -8.090917e-02
50 64 -8.116057e-02
16 79 -8.129030e-02
82 89 -8.136438e-02
32 61 -8.142007e-02
18 31 -8.151969e-02
50 77 -8.154409e-02
26 87 -8.160807e-02
80 97 -8.173728e-02
49 99 -8.189007e-02
4 92 -8.213805e-02
42 66 -8.238430e-02
41 91 -8.253914e-02
36 69 -8.262100e-02
57 79 -8.269888e-02
9 88 -8.274523e-02
11 78 -8.277302e-02
67 82 -8.279340e-02
38 92 -8.280356e-02
3 92 -8.300408e-02
12 78 -8.308516e-02
65 96 -8.325839e-02
9 76 -8.327982e-02
11 65 -8.332344e-02
15 97 -8.335904e-02
3 71 -8.344835e-02
50 83 -8.347437e-02
33 100 -8.352833e-02
42 76 -8.359666e-02
25 35 -8.361447e-02
11 33 -8.387776e-02
6 96 -8.397746e-02
65 80 -8.401777e-02
19 97 -8.411899e-02
54 94 -8.445071e-02
27 67 -8.454058e-02
6 70 -8.456235e-02
34 37 -8.458064e-02
9 92 -8.461343e-02
56 62 -8.469177e-02
74 96 -8.469585e-02
2 32 -8.476195e-02
51 101 -8.478789e-02
6 83 -8.481151e-02
80 89 -8.485847e-02
5 20 -8.499100e-02
46 90 -8.528303e-02
32 95 -8.532864e-02
35 78 -8.535482e-02
32 69 -8.556081e-02
14 33 -8.563932e-02
20 23 -8.580939e-02
36 67 -8.582125e-02
83 89 -8.583279e-02
4 13 -8.590166e-02
24 94 -8.591012e-02
80 96 -8.600804e-02
30 72 -8.632988e-02
75 91 -8.633056e-02
52 76 -8.633682e-02
14 83 -8.651112e-02
54 91 -8.651694e-02
10 74 -8.654974e-02
28 89 -8.665677e-02
84 97 -8.677287e-02
10 38 -8.691303e-02
51 67 -8.719679e-02
80 99 -8.730863e-02
2 16 -8.733544e-02
58 67 -8.735628e-02
77 93 -8.747888e-02
53 83 -8.766027e-02
3 52 -8.783435e-02
8 55 -8.784283e-02
5 36 -8.791260e-02
9 30 -8.792112e-02
2 65 -8.799646e-02
33 35 -8.800004e-02
30 64 -8.804780e-02
36 52 -8.809162e-02
21 53 -8.809552e-02
28 47 -8.822602e-02
36 89 -8.823771e-02
44 94 -8.825788e-02
26 89 -8.850336e-02
54 98 -8.856420e-02
59 99 -8.861909e-02
24 90 -8.867413e-02
5 82 -8.879893e-02
57 74 -8.885738e-02
44 78 -8.887042e-02
75 101 -8.899784e-02
3 49 -8.904158e-02
16 77 -8.906750e-02
59 85 -8.918219e-02
5 57 -8.929992e-02
45 96 -8.933978e-02
42 48 -8.939280e-02
36 87 -8.943444e-02
41 95 -8.954195e-02
64 95 -8.961046e-02
17 78 -8.962332e-02
72 85 -8.976731e-02
23 43 -8.978940e-02
12 45 -8.980691e-02
4 63 -8.985692e-02
55 92 -8.988674e-02
7 41 -8.990117e-02
49 101 -8.992392e-02
35 72 -9.007053e-02
28 58 -9.016127e-02
22 74 -9.035842e-02
2 19 -9.037236e-02
33 65 -9.062170e-02
50 87 -9.063279e-02
32 99 -9.066727e-02
69 78 -9.070737e-02
36 78 -9.082375e-02
10 99 -9.087496e-02
6 29 -9.090998e-02
24 61 -9.101609e-02
44 68 -9.101664e-02
50 76 -9.106864e-02
84 88 -9.113827e-02
2 74 -9.116501e-02
49 89 -9.121785e-02
1 15 -9.126838e-02
27 35 -9.132622e-02
7 64 -9.141367e-02
61 78 -9.147574e-02
52 63 -9.150700e-02
4 50 -9.160487e-02
22 79 -9.163555e-02
32 82 -9.165091e-02
14 81 -9.176239e-02
6 43 -9.180017e-02
47 55 -9.199187e-02
84 98 -9.203224e-02
22 52 -9.206692e-02
16 17 -9.219277e-02
47 57 -9.224943e-02
20 56 -9.242551e-02
27 77 -9.251713e-02
64 98 -9.256885e-02
26 54 -9.256951e-02
21 29 -9.257206e-02
62 101 -9.257959e-02
75 100 -9.272285e-02
63 99 -9.277136e-02
18 36 -9.279205e-02
2 77 -9.286691e-02
57 86 -9.288247e-02
44 60 -9.313684e-02
62 84 -9.313752e-02
11 66 -9.326439e-02
16 59 -9.327994e-02
55 101 -9.331083e-02
41 60 -9.348330e-02
29 82 -9.364453e-02
6 24 -9.376061e-02
50 81 -9.378122e-02
13 89 -9.378897e-02
19 46 -9.391732e-02
52 58 -9.405319e-02
72 88 -9.412547e-02
7 81 -9.412835e-02
15 53 -9.413459e-02
11 31 -9.426455e-02
29 64 -9.436061e-02
13 73 -9.439059e-02
5 22 -9.439712e-02
13 24 -9.441113e-02
12 72 -9.444682e-02
3 44 -9.450868e-02
21 92 -9.464703e-02
56 76 -9.469640e-02
48 94 -9.473113e-02
8 48 -9.476244e-02
71 78 -9.484455e-02
24 81 -9.526229e-02
34 46 -9.526921e-02
64 84 -9.527101e-02
13 76 -9.529139e-02
22 45 -9.535300e-02
7 60 -9.539421e-02
55 79 -9.541776e-02
8 89 -9.545484e-02
43 48 -9.550870e-02
2 66 -9.559900e-02
2 47 -9.563949e-02
26 38 -9.564379e-02
25 72 -9.570114e-02
25 93 -9.586152e-02
82 100 -9.588216e-02
25 87 -9.593061e-02
18 99 -9.597769e-02
1 29 -9.610949e-02
45 74 -9.612792e-02
33 48 -9.661883e-02
7 28 -9.666462e-02
18 65 -9.666659e-02
10 36 -9.681573e-02
47 63 -9.683616e-02
23 48 -9.691949e-02
62 79 -9.700303e-02
11 39 -9.712481e-02
39 66 -9.720978e-02
28 78 -9.730003e-02
26 31 -9.740403e-02
38 87 -9.741486e-02
18 67 -9.756121e-02
65 73 -9.770660e-02
6 25 -9.773823e-02
2 54 -9.800698e-02
19 41 -9.832163e-02
35 76 -9.834180e-02
39 65 -9.872157e-02
48 84 -9.881383e-02
51 59 -9.881608e-02
4 38 -9.890796e-02
53 78 -9.900296e-02
18 58 -9.908469e-02
5 27 -9.924558e-02
45 68 -9.925061e-02
51 79 -9.928155e-02
26 53 -9.961177e-02
79 81 -9.963779e-02
12 41 -9.988881e-02
14 94 -1.002419e-01
3 43 -1.004213e-01
28 98 -1.004737e-01
11 18 -1.007120e-01
41 69 -1.009230e-01
38 88 -1.009267e-01
4 62 -1.009525e-01
6 39 -1.009952e-01
6 94 -1.010587e-01
29 80 -1.010884e-01
6 16 -1.012341e-01
15 75 -1.012938e-01
15 63 -1.013077e-01
34 39 -1.013216e-01
48 96 -1.014929e-01
40 59 -1.015624e-01
22 92 -1.020215e-01
16 95 -1.021201e-01
13 88 -1.022238e-01
3 17 -1.022852e-01
16 61 -1.023322e-01
39 91 -1.024716e-01
47 100 -1.025848e-01
83 87 -1.025900e-01
69 88 -1.026623e-01
46 85 -1.027963e-01
6 44 -1.028543e-01
46 81 -1.029593e-01
83 101 -1.030514e-01
18 64 -1.032501e-01
70 81 -1.033075e-01
1 42 -1.034518e-01
27 55 -1.038282e-01
24 60 -1.038489e-01
62 94 -1.040080e-01
26 99 -1.041972e-01
29 79 -1.044818e-01
29 44 -1.047273e-01
58 92 -1.048054e-01
13 94 -1.048357e-01
30 92 -1.049253e-01
13 22 -1.049362e-01
72 87 -1.050080e-01
32 87 -1.050130e-01
17 43 -1.050611e-01
9 89 -1.050963e-01
50 97 -1.051269e-01
9 75 -1.052587e-01
35 56 -1.052814e-01
25 69 -1.052907e-01
54 88 -1.054900e-01
57 99 -1.055605e-01
12 27 -1.056416e-01
45 78 -1.057489e-01
7 40 -1.057826e-01
1 63 -1.057960e-01
51 84 -1.059887e-01
11 51 -1.061271e-01
34 81 -1.063516e-01
2 12 -1.063522e-01
41 62 -1.064463e-01
27 56 -1.065278e-01
20 88 -1.066390e-01
45 90 -1.066506e-01
3 20 -1.068097e-01
14 29 -1.068132e-01
73 97 -1.070187e-01
1 97 -1.070513e-01
55 60 -1.070774e-01
27 76 -1.071129e-01
45 66 -1.072413e-01
4 94 -1.072717e-01
22 84 -1.072945e-01
35 67 -1.075197e-01
22 43 -1.079185e-01
62 73 -1.080967e-01
68 81 -1.082257e-01
20 91 -1.082453e-01
22 30 -1.083014e-01
2 87 -1.083205e-01
81 94 -1.083866e-01
51 100 -1.085546e-01
5 50 -1.085713e-01
77 100 -1.087108e-01
18 53 -1.088085e-01
83 88 -1.089149e-01
34 48 -1.090223e-01
19 47 -1.090610e-01
86 96 -1.091773e-01
29 101 -1.091853e-01
23 97 -1.092845e-01
34 49 -1.093476e-01
13 48 -1.093842e-01
55 88 -1.095367e-01
40 93 -1.095923e-01
49 72 -1.096831e-01
34 78 -1.097863e-01
4 29 -1.099000e-01
49 68 -1.099526e-01
15 31 -1.100856e-01
29 83 -1.103697e-01
19 99 -1.103761e-01
61 70 -1.105238e-01
38 96 -1.105532e-01
7 37 -1.106538e-01
43 78 -1.106878e-01
58 76 -1.107981e-01
23 49 -1.108069e-01
54 81 -1.108226e-01
7 27 -1.109402e-01
3 14 -1.109465e-01
62 76 -1.111377e-01
69 76 -1.113662e-01
61 89 -1.115177e-01
10 69 -1.115250e-01
17 82 -1.115549e-01
37 44 -1.115625e-01
63 77 -1.115653e-01
9 61 -1.116435e-01
2 18 -1.116714e-01
8 76 -1.118404e-01
18 24 -1.118789e-01
4 53 -1.119161e-01
46 86 -1.119401e-01
20 54 -1.119995e-01
8 62 -1.121394e-01
1 91 -1.123953e-01
4 65 -1.124175e-01
10 90 -1.124227e-01
16 38 -1.125415e-01
34 60 -1.125457e-01
35 58 -1.125614e-01
56 92 -1.126119e-01
9 48 -1.126916e-01
1 75 -1.127301e-01
15 61 -1.127976e-01
24 69 -1.128228e-01
1 16 -1.128264e-01
37 78 -1.129778e-01
21 51 -1.130109e-01
12 26 -1.132345e-01
71 89 -1.132354e-01
26 47 -1.136359e-01
34 77 -1.136451e-01
15 101 -1.136830e-01
2 83 -1.139368e-01
4 67 -1.139692e-01
1 54 -1.140092e-01
73 94 -1.140558e-01
8 41 -1.140670e-01
2 39 -1.142708e-01
52 64 -1.143085e-01
70 79 -1.144442e-01
63 88 -1.148433e-01
26 52 -1.149667e-01
4 54 -1.153072e-01
22 55 -1.153392e-01
45 89 -1.153635e-01
31 88 -1.153698e-01
40 85 -1.154085e-01
23 96 -1.154447e-01
37 46 -1.154787e-01
90 92 -1.155110e-01
60 73 -1.156798e-01
19 82 -1.157139e-01
5 32 -1.157175e-01
24 74 -1.158507e-01
53 87 -1.159426e-01
17 63 -1.159433e-01
3 54 -1.160126e-01
45 64 -1.160621e-01
40 67 -1.161219e-01
23 72 -1.161412e-01
23 95 -1.163619e-01
64 88 -1.163837e-01
73 81 -1.164819e-01
32 76 -1.165370e-01
83 95 -1.168390e-01
32 60 -1.169167e-01
43 99 -1.171530e-01
9 26 -1.173056e-01
12 62 -1.173123e-01
23 92 -1.174837e-01
53 79 -1.174893e-01
6 62 -1.175198e-01
74 100 -1.175394e-01
51 64 -1.175753e-01
78 98 -1.178812e-01
58 75 -1.181920e-01
26 48 -1.184594e-01
53 62 -1.185311e-01
53 91 -1.185353e-01
23 79 -1.185821e-01
85 90 -1.186050e-01
17 87 -1.187446e-01
20 52 -1.188519e-01
1 14 -1.191044e-01
25 96 -1.192322e-01
50 94 -1.192692e-01
71 82 -1.193526e-01
42 65 -1.193540e-01
3 53 -1.195642e-01
26 69 -1.196408e-01
3 60 -1.196533e-01
42 64 -1.196936e-01
19 58 -1.197116e-01
4 87 -1.198929e-01
18 84 -1.199317e-01
21 88 -1.200931e-01
33 101 -1.201329e-01
1 19 -1.201399e-01
6 90 -1.204722e-01
23 68 -1.204767e-01
24 56 -1.205335e-01
65 90 -1.206596e-01
55 87 -1.207250e-01
33 73 -1.208996e-01
19 72 -1.211419e-01
19 49 -1.215270e-01
24 48 -1.215581e-01
41 50 -1.216942e-01
43 100 -1.217155e-01
26 62 -1.217577e-01
57 93 -1.218716e-01
61 93 -1.218733e-01
1 90 -1.220227e-01
1 94 -1.220408e-01
32 64 -1.220735e-01
9 67 -1.221893e-01
71 94 -1.222694e-01
1 18 -1.224362e-01
3 26 -1.224683e-01
46 67 -1.227159e-01
49 83 -1.227548e-01
77 90 -1.228039e-01
10 76 -1.228520e-01
17 34 -1.229216e-01
9 69 -1.230062e-01
65 93 -1.230785e-01
66 88 -1.232070e-01
7 73 -1.232235e-01
62 88 -1.232329e-01
20 74 -1.232763e-01
15 84 -1.232928e-01
6 23 -1.234273e-01
40 64 -1.234634e-01
44 82 -1.234758e-01
79 94 -1.234909e-01
38 52 -1.236106e-01
11 40 -1.236565e-01
29 85 -1.239370e-01
13 80 -1.239422e-01
35 79 -1.239732e-01
25 92 -1.239792e-01
5 69 -1.241754e-01
27 96 -1.243820e-01
14 77 -1.243827e-01
4 49 -1.244511e-01
79 97 -1.245617e-01
33 49 -1.245696e-01
32 78 -1.247994e-01
30 44 -1.248235e-01
62 69 -1.249697e-01
38 97 -1.252267e-01
67 96 -1.252960e-01
20 60 -1.254191e-01
50 88 -1.254198e-01
7 68 -1.256076e-01
1 87 -1.258300e-01
59 75 -1.259334e-01
5 25 -1.261018e-01
10 86 -1.263150e-01
21 46 -1.265077e-01
1 20 -1.265403e-01
6 79 -1.266966e-01
3 87 -1.267027e-01
38 91 -1.267672e-01
22 78 -1.268316e-01
10 59 -1.268544e-01
31 77 -1.270492e-01
5 51 -1.271663e-01
60 70 -1.271784e-01
40 86 -1.271843e-01
18 45 -1.271917e-01
6 56 -1.272365e-01
57 68 -1.273327e-01
10 83 -1.274164e-01
51 65 -1.274372e-01
20 73 -1.274816e-01
31 49 -1.275796e-01
59 91 -1.275891e-01
35 89 -1.276314e-01
53 86 -1.277078e-01
87 95 -1.277265e-01
59 86 -1.277554e-01
14 72 -1.277756e-01
14 19 -1.278465e-01
76 99 -1.281172e-01
33 43 -1.281329e-01
33 89 -1.281551e-01
7 47 -1.281672e-01
53 92 -1.282495e-01
7 39 -1.282518e-01
12 67 -1.284233e-01
39 70 -1.284467e-01
21 76 -1.285463e-01
18 73 -1.285720e-01
81 92 -1.286040e-01
52 92 -1.288004e-01
37 68 -1.288024e-01
20 71 -1.288383e-01
22 28 -1.289926e-01
10 70 -1.292634e-01
34 98 -1.292776e-01
47 95 -1.293450e-01
33 50 -1.294419e-01
15 69 -1.295224e-01
2 49 -1.295478e-01
33 94 -1.295533e-01
55 68 -1.296450e-01
67 100 -1.296669e-01
32 71 -1.297585e-01
3 32 -1.297825e-01
33 72 -1.297930e-01
2 88 -1.301177e-01
89 91 -1.301686e-01
21 49 -1.302739e-01
15 46 -1.303294e-01
3 59 -1.303549e-01
13 59 -1.303643e-01
1 72 -1.304578e-01
4 44 -1.305069e-01
39 96 -1.305335e-01
35 45 -1.305553e-01
15 68 -1.306220e-01
7 92 -1.308426e-01
57 83 -1.311835e-01
5 38 -1.312760e-01
21 89 -1.313066e-01
6 13 -1.313093e-01
7 84 -1.314203e-01
49 67 -1.315892e-01
12 36 -1.315974e-01
17 90 -1.316719e-01
31 50 -1.318248e-01
10 80 -1.318881e-01
45 101 -1.319462e-01
2 52 -1.319678e-01
18 57 -1.320038e-01
14 92 -1.320357e-01
20 68 -1.320980e-01
12 15 -1.321664e-01
73 80 -1.322215e-01
30 45 -1.323274e-01
1 35 -1.325465e-01
3 31 -1.326557e-01
16 101 -1.327116e-01
30 99 -1.327676e-01
5 52 -1.327793e-01
25 101 -1.327858e-01
36 96 -1.328202e-01
18 56 -1.328410e-01
29 95 -1.328730e-01
8 79 -1.329818e-01
28 50 -1.331252e-01
66 85 -1.332652e-01
5 55 -1.333437e-01
40 98 -1.334319e-01
4 71 -1.335093e-01
41 78 -1.336016e-01
57 62 -1.336675e-01
65 77 -1.337225e-01
19 50 -1.338123e-01
13 66 -1.340999e-01
25 58 -1.342967e-01
18 86 -1.343551e-01
66 101 -1.343859e-01
10 34 -1.346431e-01
14 78 -1.348869e-01
29 98 -1.350271e-01
35 100 -1.352098e-01
10 44 -1.353531e-01
25 65 -1.354702e-01
2 71 -1.355039e-01
35 57 -1.355310e-01
25 54 -1.355413e-01
8 92 -1.355481e-01
49 84 -1.356824e-01
5 18 -1.357041e-01
51 76 -1.357474e-01
30 55 -1.358061e-01
41 68 -1.358279e-01
68 80 -1.358811e-01
15 80 -1.360575e-01
43 50 -1.361995e-01
20 90 -1.362406e-01
1 64 -1.362886e-01
1 83 -1.362892e-01
2 36 -1.363483e-01
3 79 -1.363849e-01
51 80 -1.364563e-01
11 43 -1.366267e-01
2 63 -1.366975e-01
14 88 -1.367358e-01
26 92 -1.367706e-01
12 81 -1.370238e-01
28 45 -1.370967e-01
34 42 -1.371156e-01
7 30 -1.371379e-01
22 42 -1.372639e-01
2 93 -1.372787e-01
57 88 -1.374130e-01
1 71 -1.375657e-01
11 67 -1.376356e-01
24 64 -1.378656e-01
16 31 -1.379146e-01
9 64 -1.381532e-01
33 60 -1.382958e-01
77 101 -1.383342e-01
31 99 -1.384330e-01
34 87 -1.384952e-01
18 37 -1.385546e-01
21 27 -1.385824e-01
5 37 -1.386460e-01
60 79 -1.386895e-01
15 25 -1.387277e-01
38 71 -1.387373e-01
23 71 -1.388483e-01
88 92 -1.390884e-01
27 88 -1.391128e-01
38 60 -1.395065e-01
5 61 -1.395380e-01
39 45 -1.397304e-01
14 70 -1.398444e-01
1 43 -1.399752e-01
26 67 -1.400107e-01
55 64 -1.400376e-01
79 101 -1.401542e-01
27 58 -1.402603e-01
57 87 -1.403865e-01
24 100 -1.405380e-01
29 68 -1.406653e-01
51 90 -1.406725e-01
21 80 -1.407148e-01
60 78 -1.408927e-01
7 69 -1.409490e-01
24 71 -1.409672e-01
8 36 -1.410664e-01
8 91 -1.411088e-01
14 76 -1.412090e-01
58 95 -1.412970e-01
17 100 -1.413203e-01
50 68 -1.413768e-01
44 86 -1.415231e-01
4 19 -1.415753e-01
11 70 -1.415791e-01
14 30 -1.418098e-01
23 40 -1.418164e-01
6 17 -1.418188e-01
4 51 -1.419982e-01
43 86 -1.422067e-01
23 45 -1.424578e-01
47 99 -1.425993e-01
9 25 -1.427964e-01
52 81 -1.429803e-01
83 99 -1.430937e-01
20 97 -1.430979e-01
8 64 -1.433108e-01
46 97 -1.434136e-01
22 44 -1.434213e-01
12 86 -1.437144e-01
63 78 -1.437562e-01
47 101 -1.438841e-01
1 77 -1.439832e-01
5 49 -1.440690e-01
49 91 -1.441510e-01
7 20 -1.442019e-01
43 71 -1.442804e-01
26 96 -1.442922e-01
32 101 -1.444156e-01
2 17 -1.445609e-01
12 65 -1.447348e-01
13 53 -1.448075e-01
22 33 -1.448206e-01
3 55 -1.449144e-01
38 50 -1.449992e-01
43 65 -1.451437e-01
44 57 -1.451489e-01
8 70 -1.452603e-01
32 91 -1.453835e-01
65 71 -1.454000e-01
53 81 -1.456992e-01
24 101 -1.461139e-01
16 65 -1.461871e-01
59 77 -1.464710e-01
49 82 -1.464711e-01
3 13 -1.465069e-01
33 66 -1.465392e-01
61 73 -1.465415e-01
14 89 -1.466652e-01
64 89 -1.468507e-01
51 99 -1.469711e-01
22 67 -1.469818e-01
21 52 -1.472186e-01
4 24 -1.472927e-01
29 86 -1.475165e-01
17 31 -1.476161e-01
1 44 -1.477493e-01
1 80 -1.480503e-01
86 97 -1.481069e-01
22 25 -1.481438e-01
42 57 -1.481970e-01
45 92 -1.483265e-01
3 64 -1.483413e-01
27 63 -1.484510e-01
23 84 -1.487395e-01
42 92 -1.487661e-01
11 41 -1.488134e-01
2 72 -1.491443e-01
62 82 -1.491922e-01
25 43 -1.492104e-01
27 72 -1.492752e-01
8 53 -1.493031e-01
37 56 -1.493101e-01
35 63 -1.495359e-01
5 62 -1.496262e-01
44 75 -1.498267e-01
63 87 -1.498642e-01
10 52 -1.499170e-01
2 24 -1.499494e-01
27 66 -1.499584e-01
9 42 -1.499765e-01
10 65 -1.500422e-01
23 62 -1.503884e-01
28 51 -1.505179e-01
27 74 -1.506561e-01
31 83 -1.508218e-01
17 32 -1.509557e-01
15 85 -1.511961e-01
42 97 -1.512386e-01
12 97 -1.512508e-01
43 56 -1.513556e-01
54 82 -1.515552e-01
35 74 -1.518045e-01
9 85 -1.519250e-01
16 33 -1.519327e-01
10 96 -1.519936e-01
23 61 -1.519971e-01
4 16 -1.520334e-01
25 47 -1.520620e-01
50 95 -1.520907e-01
36 50 -1.521481e-01
60 98 -1.521528e-01
16 82 -1.523460e-01
15 54 -1.528348e-01
3 77 -1.528529e-01
31 82 -1.530717e-01
14 27 -1.531376e-01
79 100 -1.532929e-01
51 91 -1.533996e-01
3 51 -1.534197e-01
5 73 -1.534238e-01
13 85 -1.535181e-01
26 34 -1.536691e-01
31 84 -1.537837e-01
15 56 -1.538518e-01
61 63 -1.538901e-01
28 53 -1.543652e-01
1 24 -1.543919e-01
81 101 -1.547095e-01
52 67 -1.547257e-01
3 91 -1.547773e-01
11 57 -1.547923e-01
6 52 -1.548329e-01
22 70 -1.549315e-01
27 101 -1.550201e-01
57 66 -1.550212e-01
30 65 -1.551019e-01
6 31 -1.552225e-01
32 67 -1.553768e-01
68 89 -1.553824e-01
15 96 -1.555511e-01
70 85 -1.556757e-01
32 92 -1.557127e-01
49 94 -1.559058e-01
3 27 -1.559701e-01
42 46 -1.560114e-01
22 63 -1.561932e-01
21 48 -1.562735e-01
5 17 -1.566268e-01
9 51 -1.568846e-01
16 21 -1.569244e-01
43 59 -1.569672e-01
43 68 -1.571083e-01
24 91 -1.571192e-01
1 79 -1.571661e-01
5 47 -1.573675e-01
81 83 -1.573992e-01
4 42 -1.574238e-01
19 85 -1.575124e-01
15 57 -1.576773e-01
2 81 -1.577072e-01
44 73 -1.577142e-01
4 77 -1.578680e-01
6 33 -1.579622e-01
8 33 -1.583262e-01
67 92 -1.583555e-01
20 94 -1.584281e-01
37 91 -1.585273e-01
26 45 -1.588964e-01
18 62 -1.590927e-01
9 98 -1.591249e-01
61 77 -1.591308e-01
21 81 -1.591931e-01
40 50 -1.596546e-01
23 91 -1.597294e-01
20 41 -1.600452e-01
30 81 -1.602000e-01
38 64 -1.602451e-01
35 97 -1.603128e-01
14 75 -1.604277e-01
61 80 -1.604709e-01
12 95 -1.604895e-01
8 74 -1.607568e-01
15 24 -1.608382e-01
50 74 -1.608580e-01
13 38 -1.609210e-01
61 96 -1.609459e-01
11 26 -1.609745e-01
53 101 -1.610518e-01
71 99 -1.610834e-01
9 47 -1.610942e-01
30 56 -1.613792e-01
22 41 -1.614583e-01
42 75 -1.616383e-01
4 79 -1.618935e-01
5 79 -1.620930e-01
6 49 -1.621068e-01
77 92 -1.623267e-01
6 53 -1.623518e-01
43 92 -1.624362e-01
45 95 -1.624721e-01
44 88 -1.625967e-01
1 69 -1.625972e-01
32 94 -1.625975e-01
6 85 -1.628137e-01
59 83 -1.628163e-01
26 71 -1.628557e-01
17 61 -1.630420e-01
85 101 -1.630621e-01
21 39 -1.631925e-01
58 84 -1.632644e-01
12 23 -1.634543e-01
1 36 -1.634657e-01
52 91 -1.634693e-01
1 84 -1.634767e-01
4 14 -1.635486e-01
58 97 -1.637164e-01
35 83 -1.637657e-01
4 18 -1.638779e-01
22 51 -1.640782e-01
13 96 -1.640900e-01
48 85 -1.643899e-01
31 86 -1.644016e-01
38 79 -1.644521e-01
13 27 -1.645591e-01
56 75 -1.646643e-01
26 37 -1.647143e-01
27 34 -1.648612e-01
15 74 -1.648655e-01
36 68 -1.648790e-01
38 95 -1.648974e-01
65 100 -1.649413e-01
25 86 -1.649418e-01
15 26 -1.650331e-01
17 67 -1.651098e-01
46 98 -1.653729e-01
76 91 -1.657384e-01
73 101 -1.658919e-01
40 89 -1.660231e-01
1 47 -1.660397e-01
31 60 -1.662102e-01
46 78 -1.662829e-01
19 37 -1.664284e-01
16 76 -1.669283e-01
4 80 -1.669731e-01
7 44 -1.670120e-01
7 46 -1.671862e-01
5 66 -1.672316e-01
21 43 -1.674139e-01
53 95 -1.674874e-01
13 90 -1.678119e-01
42 58 -1.679606e-01
3 78 -1.679614e-01
77 88 -1.680015e-01
54 92 -1.680351e-01
52 74 -1.681704e-01
47 84 -1.681705e-01
41 88 -1.682465e-01
24 70 -1.684850e-01
17 55 -1.686628e-01
30 67 -1.688103e-01
8 40 -1.688202e-01
40 94 -1.688442e-01
5 60 -1.688783e-01
57 97 -1.688865e-01
37 93 -1.689453e-01
71 98 -1.689832e-01
17 101 -1.692420e-01
24 73 -1.693441e-01
2 94 -1.694158e-01
8 39 -1.696423e-01
9 73 -1.696439e-01
19 36 -1.696779e-01
23 89 -1.696969e-01
19 71 -1.697170e-01
15 82 -1.697782e-01
72 86 -1.698212e-01
12 77 -1.701206e-01
83 98 -1.701878e-01
6 54 -1.701962e-01
8 24 -1.704225e-01
23 100 -1.705819e-01
45 93 -1.706701e-01
44 63 -1.706839e-01
8 52 -1.707489e-01
19 92 -1.708016e-01
58 82 -1.708181e-01
17 79 -1.709072e-01
24 65 -1.709489e-01
51 94 -1.711172e-01
15 48 -1.713201e-01
33 76 -1.715156e-01
39 52 -1.715615e-01
41 99 -1.716163e-01
41 93 -1.722049e-01
28 65 -1.723873e-01
31 70 -1.724210e-01
6 93 -1.725981e-01
52 77 -1.726066e-01
34 51 -1.726315e-01
20 100 -1.726666e-01
44 83 -1.728051e-01
37 77 -1.729493e-01
10 63 -1.729740e-01
44 100 -1.729814e-01
10 97 -1.730928e-01
32 77 -1.732304e-01
44 59 -1.732964e-01
2 67 -1.734918e-01
22 58 -1.736853e-01
7 33 -1.739728e-01
54 62 -1.740211e-01
54 89 -1.740621e-01
10 47 -1.741297e-01
19 70 -1.742336e-01
9 84 -1.744177e-01
36 99 -1.744953e-01
36 86 -1.745378e-01
41 53 -1.746898e-01
27 52 -1.747179e-01
38 55 -1.749112e-01
7 80 -1.749277e-01
56 84 -1.750781e-01
54 96 -1.754105e-01
8 65 -1.754463e-01
60 75 -1.756650e-01
44 84 -1.757828e-01
34 74 -1.758426e-01
2 69 -1.760183e-01
39 94 -1.761599e-01
2 20 -1.762040e-01
29 74 -1.764960e-01
29 67 -1.765351e-01
2 51 -1.765998e-01
63 98 -1.767438e-01
36 57 -1.768439e-01
17 85 -1.768516e-01
1 45 -1.768795e-01
70 80 -1.769205e-01
8 46 -1.769381e-01
15 66 -1.771381e-01
32 81 -1.773561e-01
8 75 -1.774755e-01
28 40 -1.776056e-01
19 55 -1.778151e-01
60 95 -1.779853e-01
84 101 -1.782725e-01
15 100 -1.784152e-01
34 100 -1.785042e-01
21 59 -1.785790e-01
14 61 -1.787150e-01
15 20 -1.787822e-01
71 85 -1.788042e-01
2 42 -1.792181e-01
20 21 -1.793003e-01
41 96 -1.793569e-01
11 80 -1.796818e-01
30 43 -1.798248e-01
42 78 -1.801543e-01
39 92 -1.801867e-01
11 56 -1.802792e-01
9 45 -1.805848e-01
6 42 -1.807303e-01
22 49 -1.810345e-01
32 88 -1.812175e-01
14 59 -1.812667e-01
41 59 -1.813973e-01
32 96 -1.814848e-01
25 94 -1.818139e-01
7 55 -1.823477e-01
43 75 -1.824504e-01
14 73 -1.825077e-01
8 71 -1.825173e-01
29 100 -1.825819e-01
13 100 -1.826400e-01
47 91 -1.827657e-01
38 93 -1.828587e-01
23 63 -1.833095e-01
12 82 -1.834236e-01
13 70 -1.834612e-01
3 46 -1.837372e-01
28 49 -1.838627e-01
49 61 -1.839017e-01
45 65 -1.844374e-01
40 81 -1.844461e-01
50 70 -1.845498e-01
88 94 -1.846815e-01
53 99 -1.853081e-01
54 84 -1.856494e-01
32 74 -1.857577e-01
13 61 -1.861160e-01
63 71 -1.861918e-01
55 69 -1.862484e-01
88 101 -1.862650e-01
50 59 -1.862915e-01
15 36 -1.863653e-01
16 51 -1.864086e-01
66 86 -1.866161e-01
5 21 -1.866634e-01
35 81 -1.868774e-01
52 95 -1.869488e-01
54 87 -1.869914e-01
10 60 -1.870927e-01
6 18 -1.871191e-01
31 43 -1.871288e-01
2 13 -1.871559e-01
71 95 -1.871909e-01
58 65 -1.871911e-01
41 66 -1.872289e-01
10 45 -1.873778e-01
19 100 -1.874114e-01
1 40 -1.875041e-01
77 82 -1.876506e-01
43 93 -1.878590e-01
28 92 -1.878862e-01
32 70 -1.880671e-01
9 66 -1.883065e-01
9 44 -1.883353e-01
44 98 -1.883533e-01
2 64 -1.883629e-01
40 92 -1.884684e-01
16 41 -1.886540e-01
71 90 -1.889475e-01
4 60 -1.894314e-01
42 85 -1.897491e-01
38 61 -1.899172e-01
29 50 -1.902106e-01
31 81 -1.904037e-01
25 95 -1.905156e-01
41 74 -1.905317e-01
13 86 -1.905329e-01
3 39 -1.909373e-01
35 85 -1.909876e-01
45 100 -1.910488e-01
51 72 -1.911227e-01
85 99 -1.911329e-01
22 48 -1.912657e-01
40 88 -1.914573e-01
21 96 -1.915746e-01
2 40 -1.916537e-01
12 83 -1.917188e-01
11 69 -1.917283e-01
47 96 -1.920610e-01
29 88 -1.922352e-01
24 99 -1.922496e-01
4 43 -1.924969e-01
10 66 -1.925332e-01
52 57 -1.925793e-01
39 89 -1.926479e-01
52 87 -1.927623e-01
11 34 -1.932673e-01
23 70 -1.933581e-01
18 75 -1.934239e-01
13 99 -1.935910e-01
8 17 -1.938188e-01
28 95 -1.938225e-01
30 50 -1.938786e-01
16 88 -1.941697e-01
16 64 -1.942234e-01
45 83 -1.942256e-01
17 97 -1.943038e-01
28 87 -1.943607e-01
66 76 -1.944215e-01
8 73 -1.944544e-01
2 45 -1.944670e-01
29 61 -1.945109e-01
14 99 -1.947705e-01
53 88 -1.948457e-01
23 93 -1.948460e-01
61 90 -1.949256e-01
18 51 -1.949707e-01
4 36 -1.950455e-01
56 94 -1.950549e-01
21 93 -1.952540e-01
27 53 -1.952953e-01
52 89 -1.953079e-01
48 91 -1.954983e-01
4 20 -1.955112e-01
7 31 -1.957795e-01
60 82 -1.959198e-01
10 18 -1.960474e-01
36 58 -1.961419e-01
25 49 -1.964637e-01
23 64 -1.968713e-01
80 95 -1.969085e-01
12 32 -1.969564e-01
29 84 -1.970095e-01
7 75 -1.971668e-01
3 16 -1.971898e-01
24 96 -1.974251e-01
17 59 -1.975005e-01
20 64 -1.977142e-01
36 71 -1.978575e-01
9 96 -1.981555e-01
4 91 -1.982172e-01
28 97 -1.983788e-01
63 83 -1.986060e-01
5 58 -1.986711e-01
42 69 -1.987040e-01
41 100 -1.989592e-01
10 92 -1.991297e-01
16 74 -1.992408e-01
5 53 -1.994237e-01
25 55 -1.995380e-01
7 79 -1.997848e-01
28 41 -2.000599e-01
7 51 -2.002218e-01
14 64 -2.003303e-01
8 42 -2.003648e-01
67 97 -2.004315e-01
50 93 -2.005423e-01
8 80 -2.007084e-01
11 61 -2.007352e-01
32 53 -2.011252e-01
7 35 -2.011547e-01
6 36 -2.011690e-01
11 72 -2.013167e-01
28 59 -2.014381e-01
39 62 -2.017065e-01
14 15 -2.017185e-01
28 57 -2.017376e-01
41 90 -2.017395e-01
15 52 -2.018219e-01
49 69 -2.018473e-01
73 82 -2.018608e-01
47 86 -2.023419e-01
91 93 -2.023909e-01
55 84 -2.024597e-01
28 94 -2.024598e-01
34 47 -2.026986e-01
13 57 -2.028558e-01
12 58 -2.033151e-01
17 75 -2.034640e-01
28 42 -2.035187e-01
24 50 -2.035751e-01
36 76 -2.038930e-01
31 64 -2.040859e-01
45 76 -2.043377e-01
50 67 -2.043645e-01
46 61 -2.044852e-01
49 92 -2.044913e-01
64 86 -2.045482e-01
19 21 -2.048118e-01
9 50 -2.048440e-01
59 82 -2.049278e-01
15 79 -2.049454e-01
5 24 -2.050865e-01
7 72 -2.053667e-01
1 81 -2.054536e-01
3 88 -2.054742e-01
62 85 -2.054947e-01
12 76 -2.055161e-01
43 60 -2.058545e-01
36 97 -2.059302e-01
29 91 -2.060170e-01
18 77 -2.061788e-01
83 93 -2.068766e-01
49 70 -2.069237e-01
15 60 -2.071215e-01
11 38 -2.073941e-01
29 94 -2.074754e-01
8 51 -2.075343e-01
9 78 -2.075722e-01
37 94 -2.075898e-01
13 56 -2.077485e-01
45 91 -2.079819e-01
55 83 -2.081463e-01
45 67 -2.083746e-01
38 101 -2.083887e-01
44 66 -2.084410e-01
17 69 -2.085530e-01
3 56 -2.086207e-01
4 47 -2.087601e-01
11 45 -2.087999e-01
10 62 -2.089706e-01
7 66 -2.089981e-01
68 101 -2.090401e-01
4 40 -2.091844e-01
4 56 -2.092507e-01
51 86 -2.100101e-01
7 38 -2.105385e-01
26 58 -2.111462e-01
51 92 -2.112637e-01
46 50 -2.112706e-01
3 80 -2.113103e-01
33 92 -2.117533e-01
45 99 -2.120174e-01
6 21 -2.121072e-01
81 98 -2.122056e-01
8 67 -2.122224e-01
6 74 -2.123536e-01
76 79 -2.127535e-01
47 89 -2.127667e-01
46 96 -2.133607e-01
83 96 -2.134589e-01
71 88 -2.136408e-01
40 62 -2.136652e-01
2 60 -2.137449e-01
52 79 -2.137592e-01
73 78 -2.138941e-01
4 45 -2.139301e-01
88 97 -2.140087e-01
64 100 -2.141744e-01
58 78 -2.144380e-01
25 50 -2.145670e-01
30 101 -2.146804e-01
48 86 -2.147789e-01
14 97 -2.153583e-01
62 100 -2.155148e-01
39 72 -2.155987e-01
12 94 -2.157276e-01
34 83 -2.159973e-01
56 64 -2.163358e-01
39 76 -2.163462e-01
8 90 -2.164216e-01
18 50 -2.165459e-01
8 54 -2.166951e-01
32 83 -2.167596e-01
11 94 -2.167889e-01
28 35 -2.167936e-01
13 67 -2.174238e-01
33 93 -2.174458e-01
58 94 -2.177271e-01
3 42 -2.178638e-01
21 83 -2.179353e-01
66 87 -2.183404e-01
35 70 -2.184476e-01
33 98 -2.184524e-01
70 84 -2.185230e-01
79 96 -2.186438e-01
33 86 -2.188513e-01
75 85 -2.189447e-01
77 91 -2.189616e-01
23 65 -2.190582e-01
36 62 -2.190797e-01
58 74 -2.191091e-01
9 53 -2.193139e-01
27 86 -2.193337e-01
39 87 -2.198938e-01
7 91 -2.206025e-01
72 91 -2.210232e-01
39 69 -2.211673e-01
8 81 -2.212998e-01
22 71 -2.217086e-01
31 63 -2.219262e-01
43 70 -2.219474e-01
37 69 -2.219891e-01
72 78 -2.219925e-01
8 96 -2.221945e-01
54 85 -2.221982e-01
58 87 -2.222706e-01
22 46 -2.223743e-01
35 95 -2.224928e-01
52 70 -2.227714e-01
33 91 -2.230674e-01
18 78 -2.231201e-01
5 56 -2.231222e-01
23 78 -2.231619e-01
19 54 -2.231756e-01
15 71 -2.234749e-01
54 97 -2.235001e-01
2 43 -2.235397e-01
15 34 -2.235973e-01
56 85 -2.237040e-01
18 30 -2.238026e-01
37 63 -2.238838e-01
16 78 -2.239393e-01
6 81 -2.242572e-01
50 89 -2.242722e-01
5 84 -2.244536e-01
19 57 -2.246915e-01
11 91 -2.252234e-01
29 55 -2.252656e-01
61 79 -2.257907e-01
79 98 -2.258019e-01
68 82 -2.263243e-01
22 54 -2.266182e-01
31 35 -2.268368e-01
39 56 -2.268825e-01
47 85 -2.269692e-01
8 94 -2.272011e-01
57 84 -2.277429e-01
25 39 -2.278004e-01
22 75 -2.278671e-01
16 66 -2.280616e-01
16 23 -2.287184e-01
23 87 -2.290602e-01
15 77 -2.294777e-01
35 90 -2.296414e-01
41 64 -2.296723e-01
17 96 -2.297762e-01
11 62 -2.298037e-01
74 95 -2.299630e-01
42 73 -2.300083e-01
25 82 -2.301569e-01
52 86 -2.302618e-01
4 69 -2.302840e-01
22 59 -2.305005e-01
69 100 -2.305909e-01
49 63 -2.307359e-01
53 85 -2.309441e-01
61 97 -2.309764e-01
81 86 -2.310930e-01
28 61 -2.312562e-01
58 96 -2.314554e-01
37 54 -2.315191e-01
78 87 -2.316681e-01
17 68 -2.317543e-01
48 92 -2.317810e-01
67 88 -2.317936e-01
15 49 -2.319215e-01
14 53 -2.320756e-01
36 83 -2.321269e-01
2 38 -2.322151e-01
87 101 -2.324440e-01
58 99 -2.330202e-01
3 65 -2.330324e-01
25 91 -2.331054e-01
19 48 -2.331084e-01
69 94 -2.331748e-01
52 96 -2.332207e-01
74 85 -2.334116e-01
6 73 -2.336062e-01
84 99 -2.337454e-01
9 40 -2.337735e-01
57 81 -2.337791e-01
9 72 -2.337943e-01
90 94 -2.339523e-01
10 84 -2.342354e-01
16 73 -2.345701e-01
27 51 -2.347126e-01
30 46 -2.347805e-01
28 39 -2.352632e-01
84 92 -2.352724e-01
68 91 -2.355669e-01
19 80 -2.355905e-01
41 98 -2.357361e-01
39 88 -2.357637e-01
20 86 -2.358355e-01
22 81 -2.358429e-01
84 100 -2.358596e-01
31 76 -2.359125e-01
4 83 -2.360386e-01
9 56 -2.360711e-01
17 77 -2.365014e-01
30 61 -2.365543e-01
66 94 -2.370426e-01
24 78 -2.376665e-01
45 98 -2.377215e-01
31 57 -2.383953e-01
26 101 -2.386800e-01
5 40 -2.388539e-01
45 88 -2.389309e-01
7 65 -2.389768e-01
20 48 -2.390065e-01
40 65 -2.391802e-01
7 21 -2.391989e-01
17 86 -2.397403e-01
5 65 -2.397649e-01
48 97 -2.399556e-01
2 57 -2.400092e-01
24 82 -2.401358e-01
16 99 -2.401525e-01
32 93 -2.401529e-01
70 91 -2.402876e-01
36 82 -2.404866e-01
21 95 -2.405483e-01
3 74 -2.406554e-01
15 72 -2.410137e-01
40 69 -2.412829e-01
52 85 -2.418863e-01
27 59 -2.426283e-01
10 56 -2.426425e-01
30 82 -2.432368e-01
29 60 -2.433793e-01
6 91 -2.435320e-01
43 74 -2.443130e-01
25 41 -2.444901e-01
18 70 -2.447749e-01
7 42 -2.447853e-01
62 86 -2.449076e-01
55 86 -2.451072e-01
8 31 -2.452406e-01
50 75 -2.456128e-01
15 38 -2.460772e-01
37 62 -2.461560e-01
54 95 -2.466025e-01
54 69 -2.468507e-01
6 69 -2.477346e-01
2 53 -2.477621e-01
6 47 -2.481933e-01
9 81 -2.483872e-01
43 90 -2.488848e-01
11 50 -2.494086e-01
6 40 -2.495598e-01
27 97 -2.496564e-01
26 56 -2.497170e-01
12 98 -2.503204e-01
20 61 -2.505564e-01
80 98 -2.511174e-01
37 90 -2.511468e-01
50 99 -2.512213e-01
18 33 -2.517187e-01
26 46 -2.526084e-01
25 42 -2.529838e-01
3 36 -2.535803e-01
57 89 -2.538814e-01
76 82 -2.541535e-01
4 64 -2.551606e-01
23 50 -2.562224e-01
18 46 -2.562877e-01
21 90 -2.567489e-01
17 89 -2.574006e-01
22 37 -2.574224e-01
33 41 -2.574559e-01
8 60 -2.574932e-01
27 98 -2.575544e-01
6 71 -2.581091e-01
25 98 -2.581638e-01
12 18 -2.588942e-01
39 100 -2.591199e-01
85 100 -2.591539e-01
27 73 -2.594011e-01
19 95 -2.594182e-01
36 73 -2.594337e-01
16 100 -2.595257e-01
39 90 -2.604449e-01
23 73 -2.608368e-01
29 87 -2.611937e-01
35 55 -2.616751e-01
18 34 -2.626398e-01
8 97 -2.633664e-01
16 71 -2.638303e-01
37 83 -2.638583e-01
32 52 -2.640213e-01
31 61 -2.641954e-01
11 53 -2.643578e-01
17 81 -2.644520e-01
83 97 -2.648292e-01
24 66 -2.649528e-01
36 98 -2.651636e-01
66 99 -2.653730e-01
12 44 -2.670282e-01
48 93 -2.674582e-01
18 90 -2.676813e-01
21 86 -2.680060e-01
7 17 -2.683700e-01
61 95 -2.684462e-01
16 72 -2.684542e-01
11 47 -2.684681e-01
15 45 -2.685148e-01
35 62 -2.686513e-01
9 68 -2.693587e-01
10 89 -2.693737e-01
44 93 -2.695183e-01
7 58 -2.697423e-01
8 44 -2.698054e-01
6 45 -2.702867e-01
26 51 -2.705272e-01
56 69 -2.711787e-01
13 97 -2.719090e-01
31 79 -2.721812e-01
34 82 -2.723190e-01
20 98 -2.729259e-01
12 56 -2.736803e-01
25 99 -2.738426e-01
53 74 -2.738836e-01
35 93 -2.742035e-01
34 95 -2.746100e-01
8 59 -2.747142e-01
35 88 -2.749240e-01
22 76 -2.750415e-01
43 97 -2.751843e-01
46 94 -2.763958e-01
69 101 -2.766600e-01
88 96 -2.769933e-01
18 63 -2.770176e-01
22 31 -2.773396e-01
37 72 -2.778721e-01
49 95 -2.779648e-01
85 89 -2.780415e-01
42 99 -2.781511e-01
43 91 -2.783255e-01
60 88 -2.795900e-01
22 77 -2.799771e-01
3 69 -2.799816e-01
40 96 -2.802386e-01
45 86 -2.805899e-01
20 34 -2.815669e-01
6 75 -2.819108e-01
14 100 -2.822906e-01
10 95 -2.823088e-01
10 46 -2.826255e-01
45 87 -2.830361e-01
9 38 -2.830851e-01
6 80 -2.831969e-01
14 86 -2.837739e-01
17 88 -2.846585e-01
7 71 -2.846952e-01
20 93 -2.849148e-01
23 81 -2.857112e-01
34 91 -2.857345e-01
55 85 -2.857972e-01
7 94 -2.858001e-01
18 54 -2.858229e-01
9 37 -2.859665e-01
54 86 -2.859959e-01
15 35 -2.861515e-01
52 99 -2.862900e-01
22 38 -2.864407e-01
39 55 -2.865572e-01
33 95 -2.868667e-01
17 92 -2.871398e-01
35 101 -2.872007e-01
77 99 -2.874531e-01
15 81 -2.876813e-01
39 61 -2.881964e-01
5 71 -2.883013e-01
67 95 -2.885394e-01
27 92 -2.887744e-01
89 101 -2.887765e-01
30 80 -2.889418e-01
14 37 -2.893692e-01
19 64 -2.894371e-01
17 98 -2.894628e-01
17 83 -2.899478e-01
18 74 -2.899486e-01
57 101 -2.901555e-01
30 58 -2.902492e-01
31 95 -2.906358e-01
26 50 -2.914724e-01
39 95 -2.917389e-01
49 96 -2.922988e-01
20 59 -2.931859e-01
14 38 -2.934684e-01
38 57 -2.935853e-01
22 93 -2.936194e-01
12 79 -2.940489e-01
20 95 -2.945986e-01
13 82 -2.946694e-01
25 76 -2.946794e-01
24 58 -2.950270e-01
47 83 -2.959344e-01
35 92 -2.959507e-01
42 84 -2.966107e-01
24 63 -2.966876e-01
6 84 -2.969058e-01
15 65 -2.977803e-01
12 47 -2.979915e-01
35 86 -2.981849e-01
15 47 -2.987431e-01
5 80 -2.992809e-01
18 71 -2.995556e-01
19 52 -3.001351e-01
23 94 -3.005661e-01
22 68 -3.008123e-01
50 79 -3.008480e-01
61 87 -3.010757e-01
83 100 -3.011560e-01
22 72 -3.017863e-01
20 62 -3.018941e-01
11 60 -3.021870e-01
26 55 -3.026198e-01
76 101 -3.028776e-01
35 98 -3.037490e-01
39 63 -3.038607e-01
16 96 -3.045231e-01
47 78 -3.047432e-01
37 92 -3.048614e-01
24 95 -3.054860e-01
13 95 -3.055532e-01
20 96 -3.063981e-01
10 68 -3.071416e-01
41 94 -3.072467e-01
43 98 -3.075136e-01
75 99 -3.081291e-01
56 72 -3.082379e-01
44 91 -3.087958e-01
37 61 -3.088953e-01
32 86 -3.100007e-01
7 50 -3.103144e-01
48 83 -3.103903e-01
16 94 -3.110497e-01
20 99 -3.116330e-01
19 93 -3.116943e-01
36 92 -3.124156e-01
50 65 -3.125612e-01
42 82 -3.127422e-01
39 93 -3.135697e-01
72 99 -3.139099e-01
74 86 -3.139816e-01
56 87 -3.140328e-01
7 52 -3.141786e-01
37 82 -3.154222e-01
60 100 -3.180088e-01
15 21 -3.182914e-01
30 91 -3.192209e-01
24 93 -3.205305e-01
3 84 -3.215163e-01
28 82 -3.221075e-01
18 66 -3.224595e-01
59 61 -3.227145e-01
9 94 -3.229417e-01
85 92 -3.230093e-01
38 82 -3.230434e-01
23 69 -3.232257e-01
49 88 -3.232764e-01
19 94 -3.234403e-01
26 93 -3.237589e-01
39 82 -3.237830e-01
18 40 -3.250292e-01
5 72 -3.252497e-01
6 60 -3.257900e-01
16 90 -3.263077e-01
14 80 -3.263303e-01
36 95 -3.273464e-01
9 65 -3.275719e-01
10 98 -3.288399e-01
24 86 -3.290098e-01
7 53 -3.292046e-01
8 45 -3.293089e-01
58 64 -3.301673e-01
11 44 -3.303903e-01
27 87 -3.306809e-01
81 100 -3.315196e-01
10 88 -3.324432e-01
26 63 -3.329550e-01
28 71 -3.334033e-01
28 91 -3.365557e-01
65 95 -3.367537e-01
32 98 -3.386940e-01
16 57 -3.387497e-01
10 94 -3.389008e-01
39 57 -3.390160e-01
22 73 -3.391594e-01
18 59 -3.402556e-01
57 80 -3.407239e-01
78 101 -3.409943e-01
20 57 -3.415517e-01
44 99 -3.416473e-01
5 45 -3.419234e-01
26 100 -3.423008e-01
44 92 -3.430151e-01
40 76 -3.432582e-01
23 60 -3.433125e-01
7 90 -3.434430e-01
9 17 -3.455949e-01
34 85 -3.456282e-01
3 81 -3.463583e-01
27 61 -3.464452e-01
61 75 -3.465017e-01
22 80 -3.473385e-01
63 85 -3.474170e-01
20 67 -3.487277e-01
26 90 -3.492168e-01
4 84 -3.492549e-01
57 76 -3.494838e-01
85 96 -3.495529e-01
50 98 -3.495594e-01
16 91 -3.496384e-01
32 97 -3.512066e-01
63 91 -3.514364e-01
38 74 -3.523697e-01
41 97 -3.532534e-01
24 97 -3.547252e-01
42 74 -3.562510e-01
42 94 -3.566581e-01
43 89 -3.600825e-01
19 77 -3.609098e-01
51 85 -3.656005e-01
76 100 -3.673322e-01
31 90 -3.696071e-01
17 84 -3.706970e-01
14 66 -3.708683e-01
42 61 -3.742535e-01
35 99 -3.747223e-01
19 40 -3.747817e-01
14 93 -3.765099e-01
19 61 -3.767576e-01
20 70 -3.782384e-01
6 72 -3.792384e-01
17 91 -3.802178e-01
42 91 -3.802629e-01
19 96 -3.804402e-01
23 66 -3.817117e-01
13 98 -3.893091e-01
42 86 -3.895933e-01
60 99 -3.906077e-01
14 87 -3.937495e-01
14 96 -3.939659e-01
13 62 -3.970374e-01
10 91 -3.978686e-01
31 91 -4.003180e-01
19 53 -4.005939e-01
7 45 -4.024367e-01
20 89 -4.032154e-01
44 87 -4.041888e-01
2 84 -4.057752e-01
61 100 -4.107921e-01
19 98 -4.126760e-01
47 90 -4.130799e-01
27 54 -4.141294e-01
47 92 -4.150458e-01
43 96 -4.155356e-01
4 81 -4.166085e-01
26 98 -4.169517e-01
17 93 -4.184297e-01
39 98 -4.254025e-01
18 48 -4.279179e-01
17 99 -4.293960e-01
43 95 -4.309505e-01
15 39 -4.310687e-01
39 59 -4.331434e-01
43 94 -4.397256e-01
8 72 -4.470569e-01
70 83 -4.479075e-01
18 93 -4.591914e-01
62 81 -4.674487e-01
30 71 -4.702156e-01
16 56 -4.857163e-01
66 91 -5.047811e-01
40 99 -5.393752e-01
56 80 -5.610631e-01
