8 11 2.750166e+00
34 37 2.191967e+00
28 31 1.671239e+00
28 34 1.473980e+00
32 47 1.392327e+00
3 4 1.251080e+00
31 34 1.185906e+00
22 23 1.114123e+00
28 37 1.103549e+00
15 16 1.100664e+00
55 56 1.028648e+00
41 56 1.006647e+00
28 32 9.590824e-01
56 59 9.365037e-01
27 28 9.042637e-01
11 15 8.747926e-01
9 25 8.298771e-01
10 27 8.136240e-01
31 37 8.048828e-01
11 28 7.781519e-01
33 38 7.560463e-01
59 60 7.365028e-01
37 41 7.346909e-01
6 7 7.271703e-01
16 18 7.113336e-01
16 17 7.057903e-01
11 34 6.867205e-01
8 15 6.853721e-01
8 37 6.773732e-01
37 56 6.661874e-01
34 56 6.653163e-01
43 44 6.617908e-01
22 47 6.516016e-01
56 57 6.495063e-01
11 31 6.398172e-01
8 31 6.353187e-01
10 33 6.266550e-01
60 61 6.249628e-01
32 34 6.211453e-01
42 43 6.204728e-01
63 64 6.115032e-01
31 33 5.823702e-01
31 32 5.759377e-01
50 51 5.749111e-01
4 5 5.722487e-01
7 14 5.545960e-01
7 12 5.502454e-01
11 37 5.499916e-01
36 59 5.474604e-01
15 18 5.469596e-01
14 16 5.448367e-01
5 6 5.401375e-01
47 48 5.335258e-01
19 26 5.159329e-01
21 26 5.149003e-01
17 19 5.122371e-01
17 29 5.074491e-01
19 21 5.064470e-01
15 19 5.036581e-01
18 19 5.022327e-01
27 54 4.949626e-01
8 28 4.877216e-01
34 41 4.874083e-01
66 67 4.825187e-01
15 17 4.815299e-01
49 52 4.807725e-01
40 41 4.737784e-01
23 54 4.728850e-01
55 60 4.691330e-01
20 21 4.677525e-01
55 59 4.597457e-01
8 34 4.568452e-01
12 14 4.471477e-01
64 66 4.430717e-01
27 34 4.368020e-01
65 66 4.344717e-01
12 13 4.340155e-01
6 19 4.325279e-01
35 53 4.306189e-01
5 14 4.291466e-01
40 42 4.289097e-01
16 29 4.285692e-01
25 27 4.279107e-01
4 7 4.278151e-01
51 52 4.243387e-01
37 59 4.238236e-01
54 56 4.237080e-01
64 65 4.231546e-01
46 47 4.196662e-01
43 45 4.132864e-01
62 63 4.119789e-01
11 13 4.074532e-01
32 37 4.069424e-01
16 19 4.056254e-01
13 14 4.004046e-01
58 61 3.985983e-01
65 67 3.978077e-01
66 68 3.964705e-01
11 12 3.946128e-01
6 16 3.915203e-01
23 24 3.908779e-01
48 57 3.820288e-01
44 45 3.786745e-01
45 46 3.721187e-01
18 29 3.683456e-01
67 68 3.681190e-01
68 69 3.646354e-01
38 40 3.634641e-01
13 16 3.613797e-01
57 58 3.607013e-01
61 62 3.596723e-01
62 64 3.567618e-01
22 32 3.566417e-01
20 22 3.558916e-01
9 10 3.533392e-01
33 40 3.532264e-01
31 49 3.530972e-01
27 31 3.509051e-01
19 20 3.507930e-01
48 50 3.502687e-01
7 13 3.491160e-01
58 59 3.483356e-01
22 24 3.456378e-01
63 66 3.433289e-01
64 67 3.422760e-01
1 2 3.415020e-01
5 7 3.389070e-01
15 26 3.384585e-01
62 65 3.381301e-01
15 29 3.360759e-01
17 18 3.348650e-01
34 59 3.346337e-01
8 59 3.345687e-01
57 60 3.334520e-01
30 31 3.328933e-01
39 40 3.306375e-01
56 62 3.251831e-01
2 3 3.205356e-01
46 48 3.199025e-01
56 58 3.196368e-01
50 60 3.186739e-01
67 69 3.184208e-01
48 61 3.156208e-01
9 12 3.144966e-01
43 59 3.138650e-01
63 65 3.113198e-01
13 30 3.102959e-01
13 31 3.061076e-01
51 53 3.046102e-01
36 55 3.028381e-01
6 26 3.023148e-01
64 68 2.989865e-01
52 59 2.936597e-01
21 22 2.923821e-01
8 13 2.918242e-01
21 24 2.916240e-01
44 46 2.885479e-01
41 42 2.882855e-01
48 59 2.863234e-01
43 48 2.848384e-01
69 70 2.842719e-01
53 54 2.835321e-01
6 14 2.801824e-01
57 61 2.795875e-01
39 42 2.795775e-01
42 44 2.787643e-01
35 36 2.780992e-01
18 22 2.766791e-01
24 25 2.738448e-01
56 61 2.737526e-01
17 20 2.728660e-01
60 62 2.728391e-01
43 58 2.688410e-01
3 5 2.619740e-01
20 23 2.606381e-01
68 70 2.605559e-01
35 55 2.579652e-01
38 39 2.570331e-01
24 28 2.540064e-01
24 49 2.534432e-01
65 68 2.516769e-01
11 59 2.497722e-01
54 60 2.489951e-01
61 63 2.489267e-01
11 56 2.463175e-01
19 29 2.454519e-01
63 67 2.452772e-01
13 35 2.450231e-01
15 28 2.445179e-01
53 55 2.428851e-01
25 49 2.427729e-01
14 17 2.426981e-01
22 27 2.413284e-01
65 69 2.403094e-01
47 57 2.394017e-01
43 57 2.389990e-01
67 70 2.380753e-01
66 70 2.374164e-01
39 59 2.362493e-01
5 17 2.357378e-01
66 69 2.343592e-01
9 26 2.338460e-01
59 61 2.330884e-01
8 27 2.310888e-01
48 53 2.301136e-01
52 53 2.291633e-01
22 25 2.273722e-01
47 59 2.245739e-01
49 51 2.241940e-01
50 52 2.224877e-01
22 29 2.195487e-01
2 4 2.191233e-01
37 38 2.179758e-01
54 57 2.178908e-01
49 50 2.108004e-01
70 71 2.101912e-01
52 56 2.095894e-01
8 12 2.083560e-01
22 44 2.073752e-01
36 39 2.060233e-01
10 53 2.060173e-01
8 56 2.045111e-01
29 30 2.044566e-01
42 45 2.031959e-01
58 60 2.012686e-01
10 38 2.003696e-01
26 27 2.001065e-01
54 55 1.997971e-01
50 55 1.993517e-01
46 49 1.983851e-01
65 70 1.980127e-01
64 69 1.977035e-01
29 40 1.975975e-01
20 32 1.929625e-01
30 40 1.913659e-01
55 61 1.908510e-01
55 57 1.892242e-01
4 8 1.887032e-01
61 64 1.886315e-01
17 21 1.884829e-01
26 36 1.852373e-01
30 35 1.849921e-01
59 62 1.830916e-01
20 33 1.814272e-01
17 23 1.812003e-01
51 55 1.799239e-01
11 27 1.794254e-01
35 42 1.793770e-01
49 60 1.789199e-01
44 58 1.789194e-01
45 49 1.787865e-01
31 56 1.786097e-01
41 59 1.779481e-01
46 50 1.772349e-01
28 41 1.762757e-01
16 33 1.750094e-01
37 52 1.736813e-01
36 38 1.729784e-01
57 59 1.727142e-01
47 51 1.717064e-01
20 29 1.714304e-01
29 43 1.711771e-01
9 17 1.695123e-01
39 58 1.691987e-01
50 57 1.683745e-01
7 44 1.679984e-01
60 63 1.667769e-01
14 20 1.643431e-01
64 70 1.642995e-01
29 44 1.637785e-01
50 59 1.635692e-01
69 71 1.635668e-01
21 51 1.626023e-01
62 66 1.622333e-01
63 68 1.613588e-01
53 61 1.612580e-01
12 38 1.609423e-01
25 52 1.599207e-01
8 32 1.598843e-01
35 38 1.591162e-01
17 47 1.576123e-01
51 56 1.573866e-01
20 30 1.572756e-01
42 50 1.569910e-01
10 18 1.551802e-01
42 58 1.539697e-01
7 16 1.535867e-01
10 12 1.530196e-01
7 26 1.528278e-01
16 43 1.518818e-01
39 43 1.515259e-01
24 52 1.499852e-01
18 20 1.498391e-01
67 71 1.497646e-01
52 60 1.494339e-01
50 53 1.486470e-01
63 70 1.485072e-01
51 60 1.484315e-01
40 44 1.479880e-01
46 58 1.471810e-01
10 42 1.469296e-01
68 71 1.467692e-01
10 35 1.457845e-01
61 66 1.445696e-01
6 17 1.438731e-01
12 16 1.438588e-01
47 56 1.434265e-01
20 43 1.434104e-01
29 42 1.432763e-01
55 63 1.427190e-01
27 37 1.421376e-01
14 24 1.420996e-01
54 59 1.403905e-01
18 46 1.401696e-01
9 16 1.399518e-01
16 26 1.397463e-01
39 53 1.393748e-01
53 64 1.392105e-01
45 47 1.392044e-01
48 60 1.390559e-01
26 29 1.387025e-01
24 51 1.383657e-01
25 26 1.383424e-01
12 52 1.378913e-01
48 49 1.361545e-01
42 46 1.359810e-01
60 64 1.359533e-01
44 49 1.354852e-01
29 57 1.351081e-01
37 39 1.341637e-01
32 33 1.336109e-01
7 31 1.327725e-01
20 31 1.324567e-01
21 44 1.318862e-01
62 67 1.313772e-01
20 48 1.301142e-01
43 46 1.296784e-01
18 23 1.296710e-01
42 54 1.294424e-01
26 40 1.293670e-01
14 29 1.293596e-01
12 33 1.292494e-01
21 29 1.291150e-01
47 50 1.290561e-01
58 63 1.288958e-01
70 72 1.287782e-01
10 13 1.280786e-01
23 32 1.279000e-01
13 29 1.277641e-01
51 58 1.269041e-01
41 48 1.263612e-01
46 53 1.262739e-01
10 19 1.259837e-01
48 58 1.258876e-01
12 36 1.255917e-01
9 13 1.255347e-01
41 54 1.254062e-01
26 42 1.252705e-01
45 57 1.237655e-01
33 34 1.236052e-01
27 32 1.233867e-01
63 69 1.232289e-01
41 55 1.225705e-01
57 66 1.220564e-01
19 23 1.219147e-01
16 59 1.214730e-01
19 44 1.209887e-01
53 58 1.191673e-01
45 48 1.181063e-01
7 9 1.177898e-01
17 57 1.173534e-01
39 44 1.172628e-01
13 18 1.172233e-01
71 72 1.167095e-01
62 68 1.166393e-01
36 58 1.165545e-01
51 63 1.156076e-01
42 57 1.151847e-01
29 50 1.149996e-01
20 45 1.148545e-01
23 26 1.144143e-01
35 58 1.142318e-01
66 71 1.137152e-01
44 55 1.136580e-01
40 50 1.136350e-01
52 64 1.125356e-01
32 41 1.120436e-01
46 57 1.118313e-01
49 58 1.117265e-01
22 26 1.116374e-01
42 53 1.110662e-01
35 54 1.103404e-01
14 23 1.099441e-01
19 46 1.097023e-01
22 33 1.096762e-01
14 15 1.093824e-01
9 27 1.087393e-01
5 13 1.084518e-01
5 12 1.075128e-01
17 56 1.071514e-01
10 15 1.067538e-01
19 49 1.063852e-01
14 26 1.062664e-01
6 23 1.056988e-01
61 65 1.056302e-01
18 47 1.051026e-01
34 38 1.049419e-01
23 25 1.043422e-01
65 71 1.034826e-01
36 42 1.026463e-01
57 62 1.013442e-01
9 21 1.012267e-01
21 25 1.009181e-01
18 43 1.007302e-01
45 54 1.003626e-01
5 9 1.001554e-01
69 72 1.001218e-01
30 44 9.976920e-02
33 39 9.902113e-02
4 11 9.881970e-02
46 54 9.878542e-02
4 9 9.869646e-02
25 43 9.862698e-02
5 62 9.856211e-02
43 49 9.833443e-02
9 49 9.781997e-02
29 45 9.781134e-02
30 33 9.774665e-02
6 9 9.726064e-02
26 35 9.716714e-02
18 21 9.661290e-02
27 44 9.634143e-02
16 30 9.571226e-02
49 57 9.566577e-02
11 32 9.533927e-02
42 49 9.514470e-02
13 45 9.474965e-02
64 71 9.453021e-02
23 60 9.412975e-02
29 48 9.400456e-02
15 27 9.399401e-02
10 54 9.380768e-02
23 42 9.370286e-02
56 60 9.355465e-02
21 42 9.344258e-02
20 26 9.307041e-02
28 30 9.233238e-02
25 45 9.221311e-02
53 66 9.221058e-02
51 62 9.165774e-02
10 16 9.132112e-02
60 68 9.106889e-02
24 27 9.098661e-02
18 48 9.059807e-02
2 12 9.043547e-02
18 45 9.009714e-02
35 39 8.979034e-02
60 66 8.963496e-02
55 64 8.962861e-02
26 61 8.957248e-02
68 72 8.842951e-02
14 53 8.819002e-02
5 45 8.818125e-02
52 68 8.799940e-02
10 25 8.798807e-02
6 60 8.776257e-02
30 48 8.732437e-02
35 46 8.725093e-02
23 47 8.705683e-02
23 38 8.697332e-02
3 6 8.676614e-02
25 39 8.668925e-02
4 19 8.668290e-02
7 39 8.655768e-02
53 60 8.639435e-02
1 3 8.636214e-02
3 16 8.570024e-02
19 45 8.543516e-02
9 15 8.539571e-02
36 54 8.538613e-02
36 45 8.536309e-02
36 63 8.535422e-02
6 10 8.516961e-02
24 43 8.511257e-02
46 52 8.496926e-02
17 32 8.467587e-02
14 42 8.442044e-02
5 16 8.417168e-02
52 58 8.397229e-02
22 31 8.372613e-02
9 58 8.330168e-02
66 72 8.304211e-02
60 65 8.297765e-02
44 47 8.246537e-02
4 6 8.227445e-02
15 37 8.195428e-02
21 23 8.175474e-02
21 45 8.165035e-02
12 31 8.136719e-02
50 54 8.126110e-02
53 59 8.102324e-02
4 16 8.099929e-02
1 6 8.080227e-02
38 53 8.051929e-02
9 18 8.030116e-02
50 61 7.993495e-02
36 53 7.959446e-02
56 65 7.931110e-02
41 47 7.923348e-02
28 56 7.906088e-02
42 48 7.897294e-02
23 27 7.886783e-02
7 8 7.883205e-02
30 39 7.870500e-02
40 43 7.864245e-02
49 53 7.857108e-02
14 35 7.826797e-02
20 44 7.798842e-02
5 10 7.789942e-02
55 58 7.749361e-02
40 45 7.732183e-02
9 62 7.707149e-02
4 14 7.651696e-02
33 41 7.644212e-02
40 58 7.633407e-02
14 19 7.617984e-02
19 30 7.588240e-02
33 35 7.574671e-02
49 61 7.554375e-02
23 41 7.552982e-02
57 64 7.542316e-02
9 22 7.510921e-02
52 69 7.496462e-02
44 51 7.469509e-02
34 52 7.436264e-02
4 12 7.410825e-02
3 12 7.382725e-02
25 35 7.350473e-02
49 55 7.321277e-02
63 71 7.292312e-02
19 22 7.289310e-02
10 21 7.280246e-02
36 62 7.276297e-02
7 36 7.274182e-02
23 49 7.243990e-02
55 65 7.235235e-02
62 70 7.229690e-02
38 46 7.216824e-02
35 61 7.202325e-02
12 35 7.176673e-02
16 55 7.172145e-02
6 20 7.146689e-02
7 25 7.144732e-02
44 67 7.122848e-02
13 39 7.119820e-02
9 24 7.099757e-02
17 30 7.065459e-02
25 41 7.027793e-02
65 72 6.995458e-02
17 46 6.978944e-02
27 60 6.952164e-02
42 61 6.931041e-02
52 54 6.877369e-02
10 26 6.855299e-02
67 72 6.845568e-02
12 22 6.801683e-02
6 15 6.800731e-02
28 64 6.785239e-02
40 47 6.745906e-02
4 26 6.725529e-02
22 48 6.719937e-02
17 39 6.715825e-02
55 62 6.709002e-02
21 32 6.687783e-02
6 53 6.630927e-02
21 38 6.618518e-02
45 58 6.602403e-02
3 14 6.600223e-02
45 50 6.575239e-02
12 53 6.536268e-02
61 69 6.496349e-02
24 31 6.484955e-02
1 30 6.473761e-02
10 11 6.412931e-02
10 14 6.406921e-02
49 64 6.319727e-02
5 57 6.272514e-02
9 29 6.242024e-02
35 49 6.223052e-02
38 61 6.222055e-02
50 62 6.199581e-02
36 57 6.199489e-02
30 34 6.163410e-02
19 25 6.158804e-02
25 33 6.141172e-02
9 20 6.109021e-02
23 48 6.053419e-02
9 23 6.039864e-02
39 45 6.031133e-02
11 17 6.006394e-02
58 67 5.997729e-02
9 35 5.997501e-02
24 40 5.995093e-02
6 40 5.976338e-02
2 5 5.972625e-02
30 49 5.952725e-02
40 46 5.903578e-02
61 67 5.844059e-02
8 24 5.816315e-02
26 44 5.800767e-02
7 24 5.791476e-02
19 35 5.789173e-02
13 38 5.780365e-02
1 4 5.769076e-02
22 42 5.763296e-02
35 51 5.752556e-02
58 65 5.732449e-02
15 43 5.688417e-02
7 30 5.662495e-02
34 51 5.648878e-02
5 19 5.630346e-02
8 10 5.629779e-02
8 9 5.617305e-02
57 63 5.583176e-02
58 62 5.570827e-02
31 38 5.543944e-02
20 54 5.509964e-02
72 73 5.451236e-02
56 69 5.402554e-02
62 69 5.390472e-02
52 63 5.371481e-02
64 72 5.317782e-02
52 66 5.300476e-02
30 32 5.270998e-02
71 73 5.268011e-02
22 49 5.262442e-02
7 23 5.253420e-02
25 54 5.251622e-02
24 26 5.239129e-02
25 31 5.233644e-02
3 17 5.185326e-02
23 29 5.157355e-02
26 30 5.151058e-02
51 64 5.142538e-02
6 50 5.142366e-02
63 72 5.111876e-02
45 62 5.089055e-02
20 46 5.007181e-02
20 35 4.950861e-02
13 36 4.949042e-02
38 41 4.938856e-02
18 39 4.935580e-02
42 47 4.927139e-02
70 73 4.915184e-02
39 51 4.886129e-02
48 62 4.882949e-02
3 30 4.853957e-02
44 50 4.853826e-02
27 50 4.832446e-02
51 57 4.822749e-02
61 68 4.812958e-02
29 54 4.804456e-02
7 58 4.775613e-02
55 67 4.743543e-02
44 48 4.725708e-02
25 29 4.724985e-02
26 50 4.699639e-02
18 25 4.672524e-02
47 49 4.639523e-02
39 61 4.624982e-02
11 14 4.597025e-02
5 21 4.586271e-02
1 19 4.567336e-02
68 73 4.524920e-02
69 73 4.518312e-02
29 36 4.508702e-02
18 30 4.497590e-02
53 57 4.455880e-02
67 73 4.451981e-02
14 25 4.434397e-02
58 68 4.430638e-02
8 66 4.394819e-02
6 22 4.361637e-02
29 33 4.344189e-02
60 69 4.333684e-02
33 46 4.316904e-02
49 63 4.289429e-02
25 30 4.280692e-02
35 50 4.277863e-02
13 15 4.268596e-02
20 25 4.198926e-02
57 68 4.197872e-02
36 50 4.178744e-02
6 52 4.162607e-02
18 42 4.156517e-02
35 40 4.141544e-02
52 70 4.137328e-02
23 53 4.123143e-02
44 64 4.105716e-02
12 45 4.104859e-02
32 54 4.103485e-02
6 25 4.048590e-02
20 24 4.026582e-02
65 73 4.010375e-02
9 39 4.002144e-02
12 21 3.995133e-02
4 33 3.992818e-02
1 5 3.989350e-02
3 10 3.984295e-02
36 49 3.982317e-02
57 65 3.976018e-02
60 70 3.953192e-02
24 66 3.928189e-02
1 46 3.861485e-02
32 71 3.848295e-02
43 50 3.838732e-02
52 67 3.823618e-02
21 40 3.821014e-02
15 61 3.812349e-02
45 55 3.805620e-02
7 42 3.790516e-02
43 47 3.776168e-02
3 42 3.775857e-02
6 13 3.755465e-02
44 63 3.748707e-02
5 50 3.731285e-02
40 68 3.703135e-02
1 14 3.701987e-02
60 67 3.675915e-02
50 65 3.673980e-02
2 52 3.671640e-02
2 22 3.668283e-02
23 44 3.644521e-02
61 70 3.634317e-02
14 36 3.598076e-02
33 43 3.583031e-02
2 13 3.579501e-02
7 40 3.578865e-02
50 56 3.532496e-02
2 9 3.529843e-02
4 10 3.528345e-02
52 57 3.527799e-02
2 39 3.503969e-02
9 19 3.494050e-02
20 50 3.478959e-02
13 53 3.409592e-02
50 63 3.406354e-02
29 58 3.406064e-02
5 43 3.385019e-02
28 71 3.353115e-02
54 69 3.343943e-02
39 46 3.341182e-02
19 47 3.287693e-02
15 47 3.279589e-02
2 14 3.267231e-02
12 20 3.263492e-02
1 39 3.258754e-02
42 64 3.243704e-02
54 67 3.242646e-02
19 51 3.230801e-02
14 54 3.196464e-02
33 48 3.164989e-02
3 13 3.145795e-02
1 20 3.129799e-02
44 62 3.113207e-02
22 28 3.092365e-02
4 65 3.072714e-02
17 48 3.067943e-02
53 71 3.058653e-02
22 43 3.058084e-02
18 24 2.999647e-02
18 32 2.982791e-02
8 71 2.982558e-02
21 27 2.982360e-02
7 21 2.978271e-02
6 18 2.969834e-02
3 19 2.947053e-02
27 47 2.941192e-02
47 52 2.906700e-02
62 71 2.897253e-02
42 59 2.895795e-02
5 27 2.893910e-02
40 57 2.893100e-02
35 52 2.881756e-02
12 39 2.876590e-02
10 23 2.873679e-02
3 55 2.838767e-02
12 40 2.786836e-02
58 66 2.752673e-02
38 62 2.748183e-02
14 30 2.717080e-02
29 49 2.685606e-02
19 40 2.685199e-02
18 38 2.680393e-02
66 73 2.678484e-02
29 38 2.650984e-02
25 58 2.643216e-02
45 67 2.641224e-02
36 44 2.637062e-02
15 46 2.634184e-02
32 73 2.630010e-02
14 21 2.628119e-02
41 44 2.613806e-02
9 61 2.577459e-02
36 40 2.568951e-02
3 39 2.549311e-02
11 66 2.532302e-02
6 24 2.518028e-02
5 20 2.516562e-02
62 72 2.515351e-02
57 70 2.502539e-02
58 70 2.497396e-02
6 43 2.487209e-02
43 62 2.466925e-02
13 33 2.458783e-02
25 48 2.449014e-02
15 24 2.423115e-02
2 34 2.386513e-02
5 31 2.368110e-02
38 44 2.343818e-02
6 46 2.335244e-02
17 43 2.312094e-02
31 41 2.285441e-02
64 73 2.283795e-02
20 42 2.283578e-02
55 68 2.260403e-02
48 64 2.259889e-02
53 63 2.257393e-02
1 12 2.254246e-02
15 20 2.238978e-02
53 67 2.238487e-02
62 73 2.232775e-02
58 69 2.211522e-02
35 65 2.195377e-02
3 33 2.192962e-02
53 72 2.149303e-02
61 71 2.139832e-02
16 23 2.094657e-02
6 12 2.092027e-02
51 61 2.080595e-02
25 36 2.067740e-02
41 49 2.056634e-02
38 51 2.048035e-02
3 8 2.047775e-02
56 70 2.019094e-02
2 58 2.011349e-02
2 21 1.993477e-02
7 19 1.975818e-02
3 20 1.961825e-02
4 69 1.950852e-02
40 61 1.934588e-02
22 73 1.934178e-02
5 44 1.926729e-02
29 46 1.922221e-02
5 51 1.921658e-02
41 45 1.920649e-02
10 17 1.899999e-02
19 43 1.898126e-02
2 45 1.896523e-02
2 8 1.889724e-02
2 23 1.864828e-02
23 40 1.850787e-02
33 54 1.843809e-02
21 46 1.836618e-02
46 59 1.822985e-02
47 54 1.808004e-02
55 66 1.805524e-02
38 73 1.803457e-02
4 17 1.800050e-02
13 43 1.795982e-02
8 41 1.793319e-02
17 50 1.792320e-02
52 71 1.790143e-02
13 26 1.785578e-02
53 65 1.750135e-02
6 35 1.676963e-02
3 9 1.673273e-02
46 65 1.666917e-02
53 70 1.658986e-02
21 62 1.653639e-02
39 52 1.626920e-02
11 71 1.615382e-02
16 25 1.603532e-02
27 59 1.590450e-02
11 72 1.571165e-02
5 65 1.567379e-02
5 42 1.567204e-02
54 73 1.543926e-02
20 47 1.529125e-02
5 36 1.517867e-02
12 23 1.506509e-02
61 73 1.497069e-02
34 71 1.490152e-02
5 61 1.474003e-02
15 21 1.464377e-02
42 71 1.444821e-02
1 29 1.431084e-02
13 58 1.415830e-02
5 33 1.396866e-02
5 30 1.391431e-02
58 64 1.382404e-02
17 27 1.369632e-02
2 25 1.368338e-02
1 10 1.360587e-02
23 30 1.353447e-02
61 72 1.337727e-02
6 33 1.330003e-02
40 54 1.311994e-02
4 39 1.292997e-02
57 73 1.238596e-02
41 53 1.236969e-02
27 71 1.230421e-02
9 30 1.229979e-02
8 70 1.212447e-02
11 24 1.203042e-02
4 15 1.195165e-02
60 71 1.186949e-02
18 26 1.173651e-02
63 73 1.171604e-02
13 25 1.142061e-02
11 20 1.117535e-02
10 52 1.104422e-02
22 30 1.101050e-02
50 64 1.095296e-02
7 18 1.093717e-02
43 61 1.074926e-02
1 53 1.052884e-02
5 24 1.048028e-02
1 16 1.045346e-02
35 73 1.030182e-02
10 73 1.019316e-02
2 24 1.011829e-02
6 58 1.004814e-02
53 73 1.003118e-02
50 69 1.001539e-02
19 54 9.832619e-03
35 57 9.832246e-03
12 30 9.783338e-03
3 21 9.707112e-03
29 39 9.523260e-03
6 21 9.493300e-03
23 46 9.254380e-03
12 72 9.044656e-03
2 36 8.955989e-03
48 73 8.694792e-03
3 7 8.611199e-03
16 24 8.441659e-03
33 37 8.401587e-03
10 72 8.297031e-03
2 6 8.260712e-03
13 51 8.184990e-03
52 65 8.149662e-03
9 54 8.133834e-03
33 73 8.115287e-03
43 54 7.860617e-03
26 45 7.801271e-03
16 62 7.625778e-03
1 35 7.548909e-03
25 73 7.511528e-03
6 30 7.366136e-03
20 41 7.190477e-03
30 45 6.777357e-03
30 63 6.714401e-03
36 60 6.602983e-03
1 25 6.444140e-03
1 58 6.143591e-03
48 54 6.117328e-03
39 57 6.066982e-03
26 43 5.920739e-03
12 15 5.846200e-03
45 65 5.722858e-03
30 42 5.682334e-03
51 54 5.289063e-03
39 56 5.205402e-03
7 53 5.117983e-03
21 73 5.063287e-03
30 38 4.795025e-03
9 53 4.571445e-03
1 8 4.514407e-03
31 47 4.453472e-03
44 60 4.414326e-03
14 18 4.340221e-03
7 35 4.339738e-03
15 31 4.286768e-03
11 73 4.227084e-03
44 57 3.995780e-03
45 73 3.977689e-03
23 36 3.953716e-03
40 69 3.641829e-03
36 73 3.562663e-03
39 73 3.456331e-03
25 50 3.294806e-03
25 46 3.279331e-03
9 40 3.271896e-03
30 72 3.220258e-03
58 72 3.198845e-03
18 44 3.153056e-03
55 73 3.118602e-03
14 45 3.109373e-03
2 63 3.079450e-03
33 53 3.044603e-03
2 18 2.996552e-03
9 14 2.698522e-03
37 51 2.688813e-03
6 63 2.644406e-03
36 61 2.514343e-03
42 62 2.377282e-03
55 70 2.345521e-03
4 66 2.307995e-03
44 53 2.279058e-03
56 68 2.179167e-03
29 55 1.999495e-03
12 65 1.752548e-03
23 73 1.735492e-03
20 59 1.534216e-03
18 73 1.480217e-03
51 69 1.376581e-03
35 62 1.339676e-03
4 18 1.308783e-03
40 65 1.288813e-03
7 45 1.248978e-03
4 13 1.161808e-03
37 71 1.060113e-03
2 19 1.027033e-03
11 70 9.823538e-04
24 38 7.714889e-04
56 66 7.641938e-04
10 36 7.477101e-04
32 72 7.441606e-04
40 73 7.085168e-04
30 73 5.757219e-04
48 71 5.633169e-04
1 55 3.401850e-04
21 43 2.195455e-04
2 38 1.711304e-04
48 72 1.090359e-04
39 55 2.934141e-05
7 49 -6.563559e-06
2 60 -9.544776e-05
1 50 -1.505592e-04
12 25 -1.525650e-04
3 26 -3.313956e-04
28 63 -4.069949e-04
50 70 -8.036879e-04
51 66 -8.355783e-04
54 70 -8.848207e-04
1 7 -1.063736e-03
44 68 -1.092139e-03
44 69 -1.108849e-03
1 38 -1.224976e-03
6 66 -1.381165e-03
50 73 -1.682238e-03
2 67 -1.750253e-03
40 71 -2.033475e-03
58 73 -2.038569e-03
2 30 -2.118050e-03
25 38 -2.146966e-03
1 73 -2.248621e-03
38 58 -2.256150e-03
17 58 -2.333455e-03
37 72 -2.382616e-03
24 36 -2.443674e-03
2 55 -2.494448e-03
8 73 -2.632693e-03
6 38 -2.813183e-03
17 22 -2.934772e-03
46 62 -3.017231e-03
24 72 -3.139562e-03
2 62 -3.144329e-03
46 61 -3.154461e-03
5 35 -3.342960e-03
34 72 -3.521000e-03
1 36 -3.537815e-03
1 72 -3.578517e-03
1 11 -3.601193e-03
1 62 -3.877281e-03
20 73 -3.930240e-03
17 40 -4.019037e-03
2 42 -4.273377e-03
35 70 -4.290552e-03
41 50 -4.396735e-03
55 72 -4.585710e-03
51 70 -4.587645e-03
4 67 -4.786581e-03
2 53 -4.798995e-03
1 22 -4.806364e-03
27 72 -4.819139e-03
26 57 -5.027385e-03
39 41 -5.261108e-03
26 73 -5.420843e-03
3 18 -5.662163e-03
2 10 -5.713387e-03
1 51 -5.776203e-03
13 73 -5.818834e-03
4 51 -5.969502e-03
52 62 -6.186419e-03
17 72 -6.342483e-03
3 71 -6.451179e-03
9 44 -6.492789e-03
46 73 -6.505591e-03
2 37 -6.521674e-03
26 39 -6.525506e-03
56 67 -6.788637e-03
12 73 -6.879734e-03
17 54 -7.078195e-03
14 71 -7.096999e-03
18 27 -7.143865e-03
38 72 -7.184100e-03
24 71 -7.340079e-03
7 67 -7.411177e-03
38 42 -7.557582e-03
41 72 -7.628721e-03
2 17 -7.735744e-03
7 17 -7.763613e-03
37 73 -7.765707e-03
1 26 -7.952457e-03
52 72 -8.043950e-03
23 50 -8.182832e-03
36 48 -8.304269e-03
50 71 -8.403163e-03
2 35 -8.518061e-03
1 13 -8.584255e-03
4 72 -8.704865e-03
1 24 -8.792064e-03
1 21 -8.951964e-03
2 73 -9.093665e-03
38 64 -9.104582e-03
57 72 -9.195420e-03
1 40 -9.214919e-03
2 51 -9.305068e-03
46 72 -9.385713e-03
19 73 -9.508165e-03
25 40 -9.851459e-03
24 53 -1.009710e-02
31 73 -1.010855e-02
39 72 -1.028706e-02
57 69 -1.043628e-02
1 66 -1.059459e-02
2 49 -1.059506e-02
26 72 -1.064222e-02
49 67 -1.067012e-02
44 61 -1.069660e-02
2 61 -1.074825e-02
2 11 -1.075294e-02
4 45 -1.076261e-02
17 42 -1.085561e-02
38 63 -1.089508e-02
1 71 -1.094634e-02
54 72 -1.103644e-02
24 34 -1.108010e-02
24 33 -1.114461e-02
30 54 -1.129025e-02
1 57 -1.133836e-02
39 49 -1.145973e-02
1 61 -1.148136e-02
49 73 -1.154713e-02
46 51 -1.161641e-02
31 72 -1.198262e-02
7 10 -1.199959e-02
33 71 -1.204824e-02
12 18 -1.205064e-02
41 43 -1.210497e-02
51 73 -1.213865e-02
10 29 -1.215303e-02
33 63 -1.216946e-02
21 35 -1.248162e-02
24 29 -1.251850e-02
44 73 -1.260622e-02
54 58 -1.270531e-02
57 67 -1.273581e-02
47 70 -1.276557e-02
16 41 -1.283694e-02
29 52 -1.288804e-02
10 32 -1.296582e-02
38 60 -1.324636e-02
48 63 -1.334970e-02
13 17 -1.358838e-02
2 57 -1.361370e-02
33 57 -1.363189e-02
14 73 -1.363941e-02
38 54 -1.401973e-02
3 38 -1.412745e-02
41 73 -1.425863e-02
47 55 -1.433741e-02
3 72 -1.436758e-02
46 60 -1.437284e-02
40 67 -1.475323e-02
56 73 -1.482443e-02
34 73 -1.482722e-02
50 67 -1.490414e-02
51 67 -1.495156e-02
40 63 -1.495470e-02
28 73 -1.498910e-02
45 64 -1.500487e-02
32 40 -1.511110e-02
9 69 -1.513856e-02
3 64 -1.524552e-02
30 41 -1.540067e-02
21 48 -1.540539e-02
36 64 -1.542139e-02
16 46 -1.547772e-02
1 15 -1.549867e-02
42 68 -1.550939e-02
1 9 -1.553236e-02
36 72 -1.573222e-02
16 73 -1.585867e-02
1 45 -1.587076e-02
12 64 -1.598815e-02
10 39 -1.611017e-02
49 65 -1.611610e-02
8 17 -1.615544e-02
47 65 -1.616975e-02
33 67 -1.621801e-02
5 46 -1.625042e-02
40 72 -1.629019e-02
1 37 -1.633154e-02
60 72 -1.639861e-02
15 73 -1.641381e-02
36 65 -1.641663e-02
14 72 -1.645494e-02
13 72 -1.650805e-02
4 36 -1.651629e-02
17 26 -1.653121e-02
3 25 -1.653129e-02
28 70 -1.655157e-02
1 48 -1.660076e-02
2 7 -1.666140e-02
2 33 -1.683385e-02
6 51 -1.685815e-02
20 49 -1.690264e-02
27 73 -1.697780e-02
33 72 -1.717247e-02
28 69 -1.739343e-02
10 45 -1.740411e-02
54 65 -1.742442e-02
35 71 -1.753332e-02
2 40 -1.766155e-02
45 51 -1.768569e-02
24 73 -1.772647e-02
47 71 -1.777018e-02
25 63 -1.779274e-02
1 70 -1.782436e-02
2 69 -1.803069e-02
2 72 -1.807160e-02
11 68 -1.825481e-02
51 72 -1.849102e-02
1 60 -1.851411e-02
44 72 -1.855055e-02
58 71 -1.859955e-02
52 73 -1.868719e-02
3 73 -1.878031e-02
21 58 -1.879602e-02
12 71 -1.884863e-02
25 62 -1.885257e-02
35 72 -1.887293e-02
21 30 -1.893536e-02
52 55 -1.899931e-02
41 70 -1.913494e-02
26 32 -1.919313e-02
45 68 -1.926419e-02
5 72 -1.930282e-02
5 52 -1.930309e-02
3 63 -1.934624e-02
51 65 -1.942699e-02
47 73 -1.947371e-02
3 69 -1.958533e-02
53 56 -1.964355e-02
50 68 -1.966405e-02
4 71 -1.969447e-02
30 64 -1.969843e-02
31 71 -1.978215e-02
36 66 -1.983387e-02
47 63 -1.991684e-02
51 71 -1.997088e-02
26 33 -1.998599e-02
1 69 -1.999900e-02
54 71 -2.005884e-02
46 63 -2.013021e-02
53 68 -2.022274e-02
1 34 -2.026399e-02
2 26 -2.026524e-02
50 72 -2.043321e-02
42 72 -2.055130e-02
59 68 -2.055917e-02
21 49 -2.056721e-02
40 52 -2.061250e-02
19 50 -2.061261e-02
1 65 -2.061697e-02
23 33 -2.062345e-02
49 72 -2.070298e-02
1 44 -2.070526e-02
41 69 -2.078030e-02
1 49 -2.078572e-02
35 63 -2.079227e-02
28 72 -2.079493e-02
1 42 -2.097720e-02
19 38 -2.100488e-02
39 68 -2.104459e-02
2 29 -2.109552e-02
30 71 -2.126399e-02
59 73 -2.134156e-02
3 36 -2.154511e-02
36 46 -2.155619e-02
59 72 -2.164810e-02
48 70 -2.173775e-02
27 40 -2.188949e-02
17 73 -2.212132e-02
9 68 -2.215986e-02
45 52 -2.217523e-02
56 72 -2.222468e-02
28 33 -2.228072e-02
41 67 -2.235964e-02
21 72 -2.252285e-02
53 62 -2.254132e-02
44 65 -2.259634e-02
1 18 -2.263314e-02
43 72 -2.267002e-02
4 73 -2.269955e-02
35 66 -2.308829e-02
4 47 -2.313907e-02
1 68 -2.324530e-02
1 52 -2.325871e-02
45 63 -2.347300e-02
13 61 -2.355990e-02
20 60 -2.358549e-02
8 72 -2.370319e-02
29 73 -2.390719e-02
38 52 -2.398375e-02
1 64 -2.403516e-02
16 57 -2.426253e-02
47 72 -2.443215e-02
21 63 -2.458235e-02
38 71 -2.467810e-02
42 51 -2.490247e-02
44 66 -2.500550e-02
24 70 -2.511125e-02
43 53 -2.514079e-02
32 55 -2.529084e-02
5 38 -2.530242e-02
3 53 -2.535394e-02
14 33 -2.610561e-02
37 70 -2.616654e-02
45 72 -2.621239e-02
3 62 -2.624984e-02
3 34 -2.644435e-02
7 72 -2.647075e-02
24 55 -2.649520e-02
50 58 -2.655236e-02
22 72 -2.655622e-02
1 54 -2.665183e-02
41 62 -2.695190e-02
14 60 -2.705209e-02
3 35 -2.725712e-02
9 70 -2.748183e-02
45 70 -2.769559e-02
24 65 -2.812382e-02
56 71 -2.831992e-02
54 68 -2.841270e-02
55 69 -2.858165e-02
30 65 -2.860620e-02
1 63 -2.884352e-02
49 54 -2.891673e-02
31 54 -2.893230e-02
39 48 -2.903508e-02
11 69 -2.910547e-02
26 51 -2.922046e-02
34 47 -2.932618e-02
33 69 -2.942540e-02
36 71 -2.942892e-02
15 72 -2.946179e-02
32 70 -2.949216e-02
13 19 -2.949717e-02
1 59 -2.979804e-02
13 42 -2.983718e-02
24 48 -2.995118e-02
8 67 -2.999104e-02
7 52 -3.005106e-02
14 63 -3.005471e-02
16 72 -3.012950e-02
49 69 -3.014310e-02
12 69 -3.016143e-02
13 67 -3.024555e-02
22 54 -3.029997e-02
5 73 -3.034902e-02
13 71 -3.079020e-02
26 71 -3.084568e-02
29 62 -3.089633e-02
17 36 -3.094630e-02
45 69 -3.102006e-02
27 45 -3.106965e-02
53 69 -3.108697e-02
1 23 -3.110901e-02
21 53 -3.116125e-02
13 46 -3.121896e-02
13 48 -3.131479e-02
41 71 -3.141397e-02
2 20 -3.151307e-02
23 72 -3.155298e-02
60 73 -3.163450e-02
7 73 -3.171763e-02
3 24 -3.177009e-02
1 17 -3.213057e-02
2 16 -3.261526e-02
25 72 -3.266968e-02
2 56 -3.273430e-02
21 54 -3.285167e-02
18 71 -3.291576e-02
36 51 -3.311174e-02
34 35 -3.317131e-02
48 51 -3.341918e-02
33 61 -3.350886e-02
20 72 -3.353670e-02
26 53 -3.357283e-02
32 69 -3.364831e-02
3 58 -3.379276e-02
4 68 -3.389819e-02
35 64 -3.399625e-02
49 71 -3.410463e-02
7 38 -3.425075e-02
25 70 -3.432177e-02
24 50 -3.432294e-02
46 71 -3.433398e-02
29 61 -3.442849e-02
12 46 -3.455331e-02
8 69 -3.465136e-02
23 43 -3.465150e-02
34 40 -3.465608e-02
1 28 -3.466959e-02
6 73 -3.470405e-02
9 52 -3.507109e-02
26 68 -3.524557e-02
14 70 -3.534563e-02
14 50 -3.539709e-02
29 72 -3.540709e-02
13 64 -3.542598e-02
16 40 -3.543513e-02
24 62 -3.546754e-02
27 33 -3.547802e-02
4 63 -3.558021e-02
30 67 -3.561776e-02
10 30 -3.563357e-02
38 70 -3.594865e-02
43 73 -3.598875e-02
6 70 -3.607447e-02
36 37 -3.607544e-02
30 69 -3.614789e-02
8 68 -3.619434e-02
28 52 -3.622682e-02
5 8 -3.629532e-02
3 70 -3.635613e-02
9 72 -3.646967e-02
12 58 -3.650631e-02
39 71 -3.654873e-02
18 72 -3.665192e-02
42 63 -3.670440e-02
14 51 -3.683440e-02
5 71 -3.683488e-02
10 24 -3.684347e-02
55 71 -3.692489e-02
4 70 -3.694979e-02
45 66 -3.708990e-02
2 71 -3.710212e-02
21 68 -3.712348e-02
9 73 -3.716772e-02
36 41 -3.731800e-02
18 36 -3.753970e-02
23 61 -3.756066e-02
18 35 -3.756252e-02
13 21 -3.765366e-02
1 56 -3.772889e-02
30 68 -3.775391e-02
37 69 -3.789881e-02
5 47 -3.794716e-02
44 52 -3.807496e-02
26 41 -3.811280e-02
24 35 -3.812210e-02
39 50 -3.813142e-02
15 71 -3.825442e-02
30 58 -3.831733e-02
35 44 -3.841556e-02
13 70 -3.851537e-02
4 38 -3.861264e-02
40 62 -3.863806e-02
16 42 -3.870104e-02
49 68 -3.871092e-02
48 69 -3.872325e-02
21 64 -3.884388e-02
28 38 -3.884831e-02
30 46 -3.885571e-02
12 70 -3.890901e-02
21 70 -3.891476e-02
45 71 -3.892371e-02
21 39 -3.901812e-02
35 69 -3.909805e-02
13 68 -3.937757e-02
30 70 -3.943379e-02
42 73 -3.943677e-02
28 68 -3.949196e-02
2 68 -3.951708e-02
5 29 -3.956744e-02
24 69 -3.957646e-02
27 30 -3.968464e-02
35 59 -3.979534e-02
2 65 -3.979639e-02
1 43 -3.985125e-02
3 37 -3.985630e-02
54 63 -3.986897e-02
28 44 -3.990105e-02
34 70 -3.991156e-02
43 67 -3.992234e-02
1 67 -3.999373e-02
10 40 -4.005457e-02
59 66 -4.018120e-02
44 70 -4.019995e-02
1 41 -4.032427e-02
31 70 -4.040069e-02
7 43 -4.042350e-02
16 61 -4.043392e-02
3 22 -4.069759e-02
45 60 -4.075780e-02
24 67 -4.096784e-02
23 71 -4.099171e-02
32 57 -4.106487e-02
19 36 -4.122131e-02
2 54 -4.169287e-02
18 58 -4.173959e-02
46 69 -4.187154e-02
14 57 -4.197702e-02
4 46 -4.201587e-02
6 69 -4.217770e-02
59 71 -4.219320e-02
33 36 -4.220272e-02
38 69 -4.238234e-02
5 69 -4.280833e-02
30 59 -4.283863e-02
2 46 -4.287192e-02
7 27 -4.294372e-02
1 32 -4.299757e-02
42 67 -4.308104e-02
21 71 -4.327868e-02
2 66 -4.329612e-02
10 71 -4.339266e-02
10 66 -4.340798e-02
12 62 -4.343843e-02
21 66 -4.351621e-02
49 70 -4.357573e-02
48 52 -4.382685e-02
3 52 -4.396697e-02
1 33 -4.408252e-02
16 38 -4.412680e-02
21 41 -4.416096e-02
22 46 -4.428684e-02
5 26 -4.436244e-02
21 61 -4.441027e-02
4 42 -4.445496e-02
12 63 -4.454367e-02
43 51 -4.477201e-02
22 71 -4.489389e-02
10 70 -4.492669e-02
10 48 -4.500517e-02
5 49 -4.510881e-02
35 60 -4.520231e-02
26 69 -4.522824e-02
3 41 -4.526337e-02
34 55 -4.551869e-02
39 70 -4.566602e-02
21 36 -4.572795e-02
19 72 -4.582857e-02
43 68 -4.587377e-02
36 70 -4.597051e-02
29 71 -4.602068e-02
26 46 -4.628067e-02
36 52 -4.649157e-02
19 68 -4.653311e-02
1 27 -4.656112e-02
48 65 -4.662522e-02
25 71 -4.672138e-02
32 36 -4.674336e-02
9 71 -4.680454e-02
4 22 -4.700334e-02
19 66 -4.713216e-02
54 64 -4.713602e-02
32 46 -4.719971e-02
48 68 -4.751063e-02
24 64 -4.753427e-02
44 71 -4.766489e-02
32 39 -4.773725e-02
43 56 -4.773870e-02
4 48 -4.784985e-02
4 55 -4.789547e-02
38 65 -4.797287e-02
25 68 -4.798359e-02
14 32 -4.799940e-02
2 59 -4.849827e-02
6 72 -4.868127e-02
3 47 -4.868737e-02
33 70 -4.888354e-02
9 48 -4.910562e-02
9 66 -4.911379e-02
40 51 -4.915278e-02
32 48 -4.941452e-02
51 68 -4.949259e-02
4 24 -4.984039e-02
40 70 -4.991593e-02
33 68 -5.006362e-02
42 69 -5.013302e-02
32 63 -5.022725e-02
14 61 -5.029932e-02
3 28 -5.041721e-02
47 62 -5.052490e-02
10 49 -5.077964e-02
19 65 -5.095470e-02
20 53 -5.101260e-02
13 40 -5.117118e-02
40 48 -5.119245e-02
6 36 -5.133012e-02
20 28 -5.136660e-02
29 51 -5.137335e-02
25 61 -5.155569e-02
46 56 -5.164936e-02
3 11 -5.167446e-02
13 65 -5.168169e-02
7 71 -5.183975e-02
3 68 -5.195640e-02
6 71 -5.212633e-02
2 50 -5.219604e-02
3 32 -5.232521e-02
22 52 -5.257801e-02
30 47 -5.263137e-02
54 66 -5.276331e-02
24 61 -5.277440e-02
15 56 -5.293470e-02
41 68 -5.298636e-02
16 71 -5.327494e-02
59 70 -5.328800e-02
47 69 -5.354134e-02
33 64 -5.391881e-02
46 70 -5.399602e-02
10 46 -5.405140e-02
27 51 -5.415659e-02
35 37 -5.417087e-02
16 67 -5.417822e-02
28 29 -5.419111e-02
27 38 -5.419184e-02
33 42 -5.424126e-02
3 67 -5.434751e-02
34 69 -5.446775e-02
7 70 -5.448823e-02
26 70 -5.458862e-02
3 66 -5.463399e-02
22 38 -5.466007e-02
14 62 -5.468876e-02
37 54 -5.468908e-02
5 64 -5.475621e-02
25 44 -5.484641e-02
26 28 -5.496469e-02
3 23 -5.498944e-02
46 67 -5.507261e-02
6 44 -5.519435e-02
7 15 -5.524299e-02
21 47 -5.526401e-02
23 35 -5.541374e-02
5 53 -5.570407e-02
7 69 -5.604154e-02
14 38 -5.606262e-02
20 71 -5.607904e-02
57 71 -5.617847e-02
36 69 -5.625167e-02
22 39 -5.629988e-02
22 41 -5.630305e-02
48 66 -5.643991e-02
22 50 -5.666663e-02
13 62 -5.672886e-02
23 58 -5.680168e-02
7 46 -5.686694e-02
26 62 -5.690865e-02
39 63 -5.696707e-02
25 69 -5.720347e-02
50 66 -5.723046e-02
38 66 -5.730304e-02
8 18 -5.738962e-02
6 45 -5.752791e-02
15 25 -5.753970e-02
12 50 -5.772598e-02
6 57 -5.790790e-02
31 69 -5.796461e-02
3 15 -5.814845e-02
41 66 -5.823493e-02
46 66 -5.842838e-02
2 70 -5.858691e-02
38 43 -5.864904e-02
16 60 -5.868085e-02
24 37 -5.869683e-02
12 24 -5.892844e-02
12 26 -5.904989e-02
25 64 -5.925632e-02
32 56 -5.926875e-02
23 31 -5.928298e-02
20 36 -5.936902e-02
24 30 -5.956447e-02
4 35 -5.964013e-02
54 61 -5.974087e-02
17 49 -5.982430e-02
39 47 -5.993320e-02
4 60 -6.030815e-02
30 36 -6.032640e-02
40 66 -6.034350e-02
10 58 -6.035462e-02
19 42 -6.037911e-02
31 43 -6.040779e-02
38 67 -6.043035e-02
3 61 -6.055837e-02
39 60 -6.077348e-02
18 40 -6.083294e-02
23 39 -6.086026e-02
26 54 -6.089581e-02
3 65 -6.108878e-02
24 68 -6.123751e-02
30 37 -6.141423e-02
18 70 -6.145238e-02
34 39 -6.156332e-02
18 53 -6.165837e-02
6 64 -6.176123e-02
30 60 -6.182644e-02
4 64 -6.191365e-02
28 49 -6.192451e-02
7 32 -6.195036e-02
3 45 -6.225873e-02
12 57 -6.237129e-02
5 22 -6.272882e-02
11 33 -6.273006e-02
13 69 -6.274519e-02
9 43 -6.291596e-02
3 57 -6.308963e-02
21 65 -6.312613e-02
6 68 -6.317592e-02
1 47 -6.319640e-02
49 66 -6.321376e-02
36 67 -6.332467e-02
16 58 -6.338591e-02
23 28 -6.355603e-02
4 29 -6.364720e-02
1 31 -6.383933e-02
39 69 -6.390000e-02
9 45 -6.392035e-02
18 52 -6.405525e-02
9 67 -6.411558e-02
10 67 -6.412158e-02
3 49 -6.413018e-02
30 50 -6.419533e-02
19 62 -6.425204e-02
3 51 -6.430192e-02
41 63 -6.483155e-02
20 57 -6.483366e-02
35 67 -6.488467e-02
21 50 -6.502971e-02
36 43 -6.508263e-02
4 30 -6.513572e-02
25 32 -6.522083e-02
27 46 -6.532390e-02
6 32 -6.540150e-02
4 41 -6.543441e-02
43 71 -6.570131e-02
4 52 -6.577291e-02
48 67 -6.586521e-02
22 57 -6.588328e-02
5 63 -6.595871e-02
33 62 -6.619830e-02
2 15 -6.619868e-02
43 64 -6.627281e-02
5 55 -6.638989e-02
15 34 -6.639909e-02
20 38 -6.643100e-02
2 64 -6.646779e-02
13 24 -6.652628e-02
9 38 -6.654851e-02
43 60 -6.655164e-02
2 41 -6.659351e-02
43 65 -6.660562e-02
47 68 -6.686490e-02
31 68 -6.713466e-02
40 64 -6.724228e-02
10 63 -6.724900e-02
28 65 -6.725397e-02
25 66 -6.725628e-02
18 69 -6.764449e-02
25 55 -6.770389e-02
9 36 -6.777902e-02
33 49 -6.828346e-02
29 66 -6.856922e-02
27 49 -6.861371e-02
39 67 -6.875932e-02
46 55 -6.887344e-02
10 20 -6.896220e-02
6 65 -6.909091e-02
38 45 -6.918289e-02
26 52 -6.928527e-02
17 71 -6.961147e-02
24 39 -6.966209e-02
10 65 -6.978994e-02
35 45 -7.002614e-02
39 66 -7.009277e-02
24 58 -7.012702e-02
17 24 -7.016018e-02
41 58 -7.039606e-02
15 45 -7.043000e-02
28 59 -7.047947e-02
4 57 -7.048238e-02
59 69 -7.075379e-02
52 61 -7.113446e-02
12 49 -7.123289e-02
37 68 -7.123449e-02
10 50 -7.127296e-02
25 67 -7.129431e-02
45 53 -7.165782e-02
10 69 -7.168218e-02
4 21 -7.172999e-02
27 39 -7.182457e-02
17 41 -7.184115e-02
13 66 -7.194785e-02
2 47 -7.199082e-02
20 40 -7.212628e-02
7 65 -7.254813e-02
4 25 -7.264775e-02
49 62 -7.299561e-02
7 68 -7.314231e-02
25 60 -7.317858e-02
42 70 -7.332513e-02
33 45 -7.357878e-02
43 69 -7.366444e-02
29 68 -7.383245e-02
7 11 -7.396249e-02
38 68 -7.400638e-02
47 67 -7.408100e-02
32 67 -7.418988e-02
2 27 -7.447798e-02
5 70 -7.454892e-02
36 47 -7.471300e-02
39 65 -7.477570e-02
38 49 -7.491806e-02
12 44 -7.493721e-02
19 27 -7.496900e-02
36 68 -7.500423e-02
27 70 -7.502423e-02
2 28 -7.505176e-02
5 39 -7.539614e-02
46 68 -7.541004e-02
37 55 -7.549292e-02
35 68 -7.557482e-02
24 42 -7.576783e-02
26 63 -7.580429e-02
15 70 -7.585756e-02
10 68 -7.592772e-02
13 49 -7.594355e-02
5 48 -7.628681e-02
9 11 -7.643771e-02
30 53 -7.647932e-02
18 68 -7.652348e-02
10 62 -7.661633e-02
28 67 -7.679920e-02
2 48 -7.686959e-02
5 15 -7.689910e-02
38 57 -7.708717e-02
23 45 -7.715682e-02
26 55 -7.716202e-02
21 69 -7.730222e-02
7 29 -7.738980e-02
27 67 -7.767480e-02
9 42 -7.776815e-02
10 60 -7.777578e-02
29 70 -7.790793e-02
14 46 -7.817173e-02
37 40 -7.824075e-02
12 17 -7.824231e-02
11 67 -7.824331e-02
12 68 -7.853462e-02
3 31 -7.870703e-02
8 64 -7.873927e-02
31 48 -7.878901e-02
19 67 -7.888398e-02
27 68 -7.896073e-02
17 61 -7.908379e-02
4 61 -7.932850e-02
22 60 -7.940757e-02
42 65 -7.958161e-02
2 31 -7.961382e-02
16 50 -7.961439e-02
5 67 -8.010455e-02
9 51 -8.011002e-02
7 64 -8.015982e-02
6 49 -8.027776e-02
5 40 -8.043296e-02
3 44 -8.049527e-02
17 63 -8.061155e-02
29 69 -8.069170e-02
16 54 -8.071093e-02
8 65 -8.076901e-02
3 46 -8.089947e-02
5 68 -8.093169e-02
6 42 -8.108563e-02
32 35 -8.108888e-02
13 50 -8.109169e-02
43 52 -8.109677e-02
20 39 -8.123034e-02
17 51 -8.139756e-02
4 23 -8.166390e-02
16 70 -8.171968e-02
18 33 -8.173191e-02
19 24 -8.186847e-02
56 64 -8.200183e-02
43 70 -8.201001e-02
30 51 -8.205571e-02
19 48 -8.234365e-02
30 66 -8.235192e-02
18 64 -8.293808e-02
9 64 -8.311344e-02
18 66 -8.311520e-02
16 69 -8.313245e-02
18 51 -8.322299e-02
11 22 -8.324595e-02
24 46 -8.330320e-02
6 67 -8.334664e-02
25 53 -8.335315e-02
33 52 -8.365858e-02
6 39 -8.372573e-02
22 69 -8.387661e-02
20 70 -8.401128e-02
31 36 -8.402151e-02
30 61 -8.403178e-02
32 49 -8.408581e-02
34 36 -8.415235e-02
23 63 -8.418793e-02
42 60 -8.445399e-02
7 62 -8.445867e-02
22 35 -8.456564e-02
41 61 -8.492179e-02
9 55 -8.512853e-02
27 63 -8.549183e-02
54 62 -8.562110e-02
41 57 -8.566629e-02
22 70 -8.576834e-02
22 55 -8.578989e-02
4 40 -8.586701e-02
38 48 -8.591944e-02
44 54 -8.603927e-02
26 65 -8.609614e-02
9 65 -8.626534e-02
19 71 -8.665106e-02
33 55 -8.672214e-02
7 66 -8.674551e-02
51 59 -8.681442e-02
18 67 -8.683335e-02
45 61 -8.737005e-02
6 55 -8.741781e-02
26 66 -8.742596e-02
38 55 -8.756398e-02
19 57 -8.769123e-02
35 41 -8.772835e-02
16 21 -8.777204e-02
44 56 -8.783472e-02
14 67 -8.833362e-02
29 53 -8.840234e-02
4 44 -8.848897e-02
14 52 -8.860601e-02
21 60 -8.864570e-02
2 32 -8.866666e-02
22 40 -8.868965e-02
20 67 -8.881330e-02
33 65 -8.884993e-02
19 60 -8.885214e-02
39 64 -8.891006e-02
26 67 -8.906685e-02
12 42 -8.978307e-02
24 44 -8.996918e-02
15 41 -9.032507e-02
32 68 -9.078937e-02
14 64 -9.089805e-02
25 51 -9.094765e-02
20 55 -9.095339e-02
20 68 -9.110395e-02
21 33 -9.115386e-02
23 70 -9.144153e-02
46 64 -9.167431e-02
7 33 -9.182048e-02
30 55 -9.183014e-02
3 40 -9.189311e-02
12 67 -9.193537e-02
19 39 -9.216960e-02
18 57 -9.225723e-02
48 56 -9.243885e-02
10 57 -9.244491e-02
14 69 -9.246847e-02
2 44 -9.255054e-02
5 60 -9.260916e-02
56 63 -9.289087e-02
47 60 -9.289768e-02
27 41 -9.294304e-02
12 51 -9.302087e-02
17 35 -9.324229e-02
15 30 -9.338040e-02
15 68 -9.343429e-02
10 51 -9.347020e-02
20 58 -9.354021e-02
22 45 -9.354732e-02
16 53 -9.398528e-02
4 27 -9.406225e-02
14 22 -9.417794e-02
4 62 -9.438019e-02
4 20 -9.439539e-02
20 52 -9.442713e-02
25 65 -9.443674e-02
13 20 -9.517536e-02
12 66 -9.523504e-02
14 48 -9.529792e-02
7 54 -9.550612e-02
11 41 -9.561588e-02
26 47 -9.570705e-02
17 59 -9.577086e-02
15 33 -9.595355e-02
14 66 -9.596396e-02
17 69 -9.615911e-02
3 54 -9.616275e-02
23 57 -9.623881e-02
29 65 -9.633242e-02
4 49 -9.641606e-02
41 65 -9.673002e-02
24 41 -9.673021e-02
23 69 -9.685446e-02
11 18 -9.724565e-02
9 60 -9.730293e-02
26 38 -9.777059e-02
22 34 -9.797799e-02
29 67 -9.809133e-02
5 66 -9.811847e-02
30 57 -9.820135e-02
7 63 -9.839051e-02
13 22 -9.847083e-02
12 60 -9.847764e-02
31 59 -9.860380e-02
7 51 -9.863893e-02
7 50 -9.881964e-02
9 33 -9.883736e-02
27 69 -9.888264e-02
5 18 -9.894984e-02
34 68 -9.938962e-02
12 32 -9.949662e-02
45 59 -9.978473e-02
5 11 -9.990517e-02
10 64 -9.992333e-02
22 63 -1.001220e-01
13 44 -1.002487e-01
35 48 -1.004648e-01
48 55 -1.005230e-01
34 66 -1.005329e-01
18 54 -1.016201e-01
47 66 -1.017469e-01
15 66 -1.021075e-01
39 62 -1.021355e-01
14 40 -1.023008e-01
20 69 -1.023672e-01
15 69 -1.024868e-01
6 48 -1.026349e-01
24 47 -1.028136e-01
24 45 -1.028353e-01
3 29 -1.031198e-01
32 66 -1.031257e-01
22 36 -1.032757e-01
37 67 -1.033594e-01
28 51 -1.033900e-01
29 56 -1.034139e-01
49 56 -1.034365e-01
26 49 -1.035330e-01
7 60 -1.036438e-01
21 31 -1.036801e-01
5 25 -1.037168e-01
41 51 -1.037350e-01
15 65 -1.043028e-01
2 43 -1.046944e-01
4 34 -1.048143e-01
32 50 -1.049870e-01
5 23 -1.050650e-01
16 52 -1.052127e-01
40 53 -1.052378e-01
32 59 -1.054207e-01
4 50 -1.058305e-01
39 54 -1.059292e-01
6 62 -1.060059e-01
20 66 -1.060170e-01
22 67 -1.060217e-01
6 29 -1.060914e-01
29 63 -1.061890e-01
35 47 -1.064995e-01
22 65 -1.065146e-01
3 43 -1.068883e-01
20 61 -1.072394e-01
8 39 -1.074193e-01
3 50 -1.074421e-01
16 68 -1.082141e-01
41 46 -1.083991e-01
31 64 -1.088905e-01
8 20 -1.089596e-01
12 43 -1.089630e-01
34 45 -1.091576e-01
18 49 -1.092791e-01
21 67 -1.098697e-01
8 38 -1.099927e-01
29 59 -1.101294e-01
42 66 -1.104693e-01
43 55 -1.105006e-01
22 58 -1.109733e-01
43 63 -1.109942e-01
6 47 -1.112773e-01
5 32 -1.116666e-01
11 38 -1.116996e-01
12 55 -1.124943e-01
47 53 -1.125140e-01
21 55 -1.126519e-01
41 64 -1.126591e-01
16 36 -1.127305e-01
16 49 -1.127411e-01
4 53 -1.131049e-01
36 56 -1.131287e-01
19 31 -1.132013e-01
17 68 -1.134120e-01
14 68 -1.135652e-01
33 66 -1.138544e-01
6 8 -1.144499e-01
27 35 -1.145498e-01
19 63 -1.148722e-01
13 63 -1.154237e-01
17 25 -1.157294e-01
17 70 -1.157679e-01
21 57 -1.159955e-01
28 66 -1.160993e-01
7 48 -1.161337e-01
4 37 -1.163382e-01
12 61 -1.163654e-01
9 46 -1.164319e-01
19 70 -1.169757e-01
23 52 -1.174582e-01
33 60 -1.174721e-01
26 60 -1.176160e-01
47 64 -1.178976e-01
4 43 -1.181391e-01
19 69 -1.184186e-01
17 44 -1.185256e-01
7 61 -1.185329e-01
14 65 -1.186526e-01
27 65 -1.192167e-01
16 20 -1.194463e-01
32 45 -1.198207e-01
14 39 -1.199910e-01
40 60 -1.201366e-01
8 33 -1.202467e-01
9 32 -1.202848e-01
9 63 -1.203145e-01
21 37 -1.204720e-01
17 45 -1.210986e-01
15 59 -1.211954e-01
15 55 -1.215501e-01
27 36 -1.216411e-01
34 67 -1.218017e-01
13 55 -1.218596e-01
18 65 -1.219080e-01
3 48 -1.224089e-01
33 51 -1.224328e-01
16 45 -1.225129e-01
11 65 -1.225884e-01
32 65 -1.229607e-01
17 60 -1.232319e-01
8 30 -1.232636e-01
40 59 -1.234930e-01
9 57 -1.235690e-01
42 52 -1.240103e-01
15 38 -1.240806e-01
24 56 -1.243832e-01
18 63 -1.244534e-01
18 50 -1.248695e-01
15 23 -1.249370e-01
15 60 -1.250507e-01
26 48 -1.251946e-01
16 65 -1.252019e-01
37 48 -1.253156e-01
14 41 -1.255003e-01
30 62 -1.255661e-01
21 28 -1.256352e-01
20 51 -1.257614e-01
25 42 -1.258771e-01
59 63 -1.258982e-01
7 22 -1.263267e-01
32 43 -1.269418e-01
8 62 -1.277402e-01
24 60 -1.278485e-01
16 64 -1.282575e-01
22 64 -1.285449e-01
22 68 -1.289558e-01
37 64 -1.289933e-01
3 59 -1.291091e-01
30 43 -1.292686e-01
28 60 -1.292733e-01
34 65 -1.294134e-01
4 58 -1.295583e-01
20 27 -1.295898e-01
9 41 -1.300947e-01
15 36 -1.302337e-01
13 41 -1.303305e-01
15 39 -1.304081e-01
18 28 -1.306005e-01
59 65 -1.307421e-01
43 66 -1.308687e-01
32 38 -1.314084e-01
15 58 -1.314344e-01
12 27 -1.317705e-01
22 51 -1.320415e-01
38 50 -1.324927e-01
31 65 -1.324971e-01
23 68 -1.325113e-01
27 64 -1.328427e-01
10 22 -1.331332e-01
23 65 -1.335551e-01
31 66 -1.343448e-01
35 43 -1.347192e-01
20 34 -1.349442e-01
13 37 -1.359984e-01
31 35 -1.360234e-01
17 62 -1.362589e-01
23 51 -1.363151e-01
16 22 -1.364670e-01
6 27 -1.365160e-01
18 62 -1.365326e-01
15 64 -1.368242e-01
22 66 -1.368931e-01
27 48 -1.371813e-01
27 52 -1.372984e-01
37 66 -1.373062e-01
14 43 -1.373770e-01
15 67 -1.378241e-01
8 14 -1.378330e-01
23 37 -1.380181e-01
8 19 -1.380629e-01
19 33 -1.389958e-01
25 28 -1.390331e-01
15 53 -1.390375e-01
15 42 -1.391450e-01
10 61 -1.396091e-01
31 67 -1.397025e-01
21 52 -1.398085e-01
14 47 -1.399204e-01
47 61 -1.401094e-01
5 37 -1.401957e-01
10 55 -1.404653e-01
16 66 -1.405646e-01
27 43 -1.408969e-01
14 27 -1.409031e-01
12 29 -1.409730e-01
11 16 -1.411572e-01
16 35 -1.411884e-01
14 58 -1.415015e-01
37 44 -1.417595e-01
10 31 -1.419665e-01
27 42 -1.419817e-01
12 54 -1.426026e-01
20 64 -1.427386e-01
17 64 -1.428117e-01
37 47 -1.428511e-01
23 67 -1.431467e-01
37 63 -1.435270e-01
37 65 -1.437823e-01
5 54 -1.438724e-01
17 67 -1.441016e-01
32 52 -1.446136e-01
11 39 -1.448309e-01
31 62 -1.450734e-01
14 37 -1.452065e-01
28 55 -1.452123e-01
10 28 -1.455467e-01
3 56 -1.460598e-01
32 51 -1.460714e-01
19 53 -1.463771e-01
15 35 -1.469360e-01
29 64 -1.469454e-01
14 49 -1.473008e-01
59 67 -1.473337e-01
38 59 -1.476667e-01
3 27 -1.478175e-01
3 60 -1.479301e-01
4 28 -1.482511e-01
23 59 -1.484741e-01
11 64 -1.495322e-01
29 31 -1.498657e-01
15 62 -1.501859e-01
23 64 -1.501931e-01
23 66 -1.503927e-01
19 32 -1.512913e-01
18 31 -1.514696e-01
29 35 -1.515567e-01
9 28 -1.515810e-01
11 45 -1.516418e-01
16 39 -1.516616e-01
34 64 -1.519249e-01
6 59 -1.519815e-01
18 41 -1.520005e-01
22 62 -1.524126e-01
27 56 -1.525723e-01
13 47 -1.526581e-01
9 34 -1.527933e-01
12 48 -1.536025e-01
6 11 -1.541726e-01
25 37 -1.545184e-01
12 47 -1.548455e-01
10 41 -1.549994e-01
30 52 -1.550348e-01
27 66 -1.551405e-01
4 32 -1.551711e-01
17 65 -1.559485e-01
13 52 -1.569376e-01
9 50 -1.569961e-01
11 30 -1.571225e-01
32 64 -1.581349e-01
5 58 -1.583587e-01
26 59 -1.585861e-01
16 48 -1.587235e-01
19 55 -1.589637e-01
18 56 -1.590277e-01
11 63 -1.594422e-01
16 51 -1.594986e-01
8 51 -1.597113e-01
32 53 -1.599916e-01
31 63 -1.600194e-01
23 55 -1.603007e-01
4 56 -1.604145e-01
40 49 -1.615720e-01
24 54 -1.620998e-01
7 56 -1.621314e-01
8 52 -1.626299e-01
7 20 -1.627779e-01
24 63 -1.628043e-01
23 62 -1.629366e-01
42 56 -1.630834e-01
33 47 -1.632423e-01
47 58 -1.642320e-01
31 44 -1.642748e-01
19 58 -1.644518e-01
10 56 -1.647344e-01
14 28 -1.650856e-01
15 40 -1.656614e-01
20 63 -1.657072e-01
28 47 -1.660453e-01
19 61 -1.661469e-01
20 65 -1.664220e-01
8 22 -1.668123e-01
29 47 -1.670774e-01
12 19 -1.671367e-01
26 64 -1.672923e-01
4 31 -1.682483e-01
41 52 -1.692141e-01
14 55 -1.695808e-01
6 31 -1.707333e-01
28 62 -1.714480e-01
14 44 -1.715466e-01
9 47 -1.715944e-01
29 34 -1.719708e-01
8 16 -1.722413e-01
22 61 -1.722968e-01
24 32 -1.725546e-01
10 43 -1.731724e-01
29 60 -1.733241e-01
34 48 -1.740298e-01
24 57 -1.742596e-01
6 41 -1.744400e-01
7 57 -1.746372e-01
33 50 -1.755797e-01
28 40 -1.758086e-01
12 37 -1.761857e-01
11 19 -1.763376e-01
16 47 -1.763608e-01
11 51 -1.765160e-01
27 29 -1.770437e-01
6 61 -1.772413e-01
13 54 -1.777811e-01
11 61 -1.779779e-01
18 60 -1.781903e-01
13 23 -1.782690e-01
17 53 -1.783271e-01
37 62 -1.789403e-01
7 41 -1.792474e-01
31 39 -1.793144e-01
31 51 -1.800619e-01
32 42 -1.805118e-01
25 47 -1.805616e-01
11 62 -1.808626e-01
17 66 -1.811290e-01
22 37 -1.812423e-01
29 32 -1.813389e-01
38 47 -1.819728e-01
19 64 -1.823316e-01
27 62 -1.824446e-01
37 60 -1.824626e-01
37 53 -1.830531e-01
8 35 -1.839013e-01
17 33 -1.842584e-01
8 47 -1.842628e-01
41 60 -1.845663e-01
7 55 -1.847672e-01
18 61 -1.848024e-01
13 59 -1.856923e-01
6 28 -1.866130e-01
11 26 -1.866150e-01
45 56 -1.866743e-01
8 44 -1.868522e-01
26 58 -1.870001e-01
8 40 -1.880390e-01
15 49 -1.881863e-01
12 28 -1.885785e-01
32 62 -1.895038e-01
27 57 -1.896099e-01
15 48 -1.899638e-01
10 34 -1.901016e-01
6 56 -1.905718e-01
15 32 -1.906894e-01
13 60 -1.910100e-01
34 62 -1.911369e-01
7 47 -1.915283e-01
8 23 -1.917266e-01
28 53 -1.919843e-01
8 45 -1.923692e-01
13 34 -1.923810e-01
33 58 -1.926284e-01
5 56 -1.927926e-01
16 63 -1.931038e-01
34 63 -1.932976e-01
11 36 -1.941556e-01
17 55 -1.943965e-01
27 53 -1.945252e-01
11 55 -1.946687e-01
17 38 -1.948244e-01
15 50 -1.948418e-01
23 34 -1.949057e-01
25 34 -1.951199e-01
28 50 -1.960836e-01
32 60 -1.962066e-01
8 46 -1.963464e-01
28 35 -1.971182e-01
35 56 -1.971949e-01
42 55 -1.975968e-01
17 52 -1.979657e-01
16 32 -1.988726e-01
15 52 -1.991218e-01
15 63 -1.991345e-01
19 52 -1.999130e-01
13 57 -2.001504e-01
19 28 -2.002550e-01
33 44 -2.002719e-01
37 43 -2.005515e-01
11 52 -2.008185e-01
28 36 -2.024463e-01
18 59 -2.025302e-01
31 55 -2.029665e-01
8 29 -2.048214e-01
25 57 -2.052577e-01
34 44 -2.054857e-01
8 26 -2.057740e-01
16 44 -2.058967e-01
14 34 -2.061439e-01
8 61 -2.062766e-01
28 58 -2.085267e-01
27 61 -2.090695e-01
25 59 -2.090833e-01
21 34 -2.103627e-01
13 28 -2.106115e-01
9 37 -2.108783e-01
26 34 -2.116922e-01
34 58 -2.121383e-01
8 54 -2.124889e-01
7 37 -2.130372e-01
8 63 -2.133012e-01
12 41 -2.134113e-01
49 59 -2.145169e-01
29 41 -2.152666e-01
12 56 -2.153422e-01
37 45 -2.172154e-01
4 54 -2.174029e-01
13 27 -2.185274e-01
5 59 -2.192026e-01
37 58 -2.193254e-01
32 44 -2.197014e-01
11 35 -2.202898e-01
34 54 -2.206802e-01
11 23 -2.212081e-01
5 41 -2.219309e-01
14 59 -2.234325e-01
10 44 -2.234630e-01
37 50 -2.247406e-01
11 46 -2.247408e-01
11 40 -2.254993e-01
11 21 -2.271920e-01
40 56 -2.273834e-01
10 47 -2.276627e-01
11 47 -2.293096e-01
15 51 -2.301742e-01
40 55 -2.309162e-01
10 37 -2.312929e-01
11 25 -2.314323e-01
16 27 -2.326108e-01
22 53 -2.327717e-01
37 61 -2.330058e-01
37 49 -2.330332e-01
9 31 -2.335817e-01
26 37 -2.337789e-01
11 53 -2.351129e-01
6 54 -2.353504e-01
20 37 -2.353982e-01
34 42 -2.356868e-01
11 57 -2.372868e-01
31 61 -2.373851e-01
5 28 -2.377684e-01
9 59 -2.382811e-01
32 61 -2.385999e-01
27 55 -2.387011e-01
8 43 -2.390342e-01
17 34 -2.396335e-01
20 62 -2.399799e-01
24 59 -2.401545e-01
11 54 -2.414466e-01
34 50 -2.415744e-01
19 37 -2.425128e-01
11 58 -2.429908e-01
59 64 -2.430145e-01
34 53 -2.437130e-01
28 43 -2.440734e-01
44 59 -2.442692e-01
8 55 -2.456765e-01
27 58 -2.460827e-01
17 37 -2.480859e-01
8 21 -2.483235e-01
15 57 -2.489094e-01
18 34 -2.504544e-01
11 43 -2.511069e-01
13 32 -2.521355e-01
11 50 -2.526440e-01
16 37 -2.528088e-01
14 31 -2.531481e-01
18 37 -2.543588e-01
18 55 -2.551223e-01
4 59 -2.553962e-01
8 58 -2.554033e-01
8 42 -2.569028e-01
8 49 -2.570060e-01
8 50 -2.571637e-01
7 34 -2.574186e-01
12 34 -2.592426e-01
7 28 -2.596929e-01
28 57 -2.647069e-01
31 52 -2.656352e-01
34 46 -2.669918e-01
6 34 -2.669991e-01
8 36 -2.682015e-01
37 46 -2.706375e-01
28 39 -2.706689e-01
8 57 -2.715313e-01
8 48 -2.715768e-01
8 60 -2.715809e-01
31 40 -2.717070e-01
28 46 -2.719722e-01
19 41 -2.726264e-01
8 25 -2.731902e-01
11 48 -2.744526e-01
34 60 -2.761600e-01
15 54 -2.765995e-01
32 58 -2.798527e-01
34 61 -2.800941e-01
14 56 -2.810418e-01
8 53 -2.819077e-01
5 34 -2.819915e-01
11 49 -2.822049e-01
38 56 -2.827548e-01
31 46 -2.832314e-01
28 61 -2.837965e-01
16 31 -2.842224e-01
11 60 -2.846465e-01
15 22 -2.851563e-01
7 59 -2.853655e-01
23 56 -2.872650e-01
34 43 -2.876196e-01
19 59 -2.897726e-01
19 56 -2.905962e-01
22 59 -2.937791e-01
37 42 -2.959714e-01
33 56 -2.966954e-01
6 37 -2.971009e-01
11 44 -2.979252e-01
12 59 -2.991175e-01
19 34 -2.994632e-01
13 56 -3.014270e-01
34 49 -3.014994e-01
15 44 -3.029713e-01
31 45 -3.042613e-01
37 57 -3.043654e-01
10 59 -3.051267e-01
33 59 -3.061248e-01
28 45 -3.069881e-01
17 28 -3.072773e-01
28 54 -3.098034e-01
31 57 -3.112497e-01
26 31 -3.119755e-01
28 48 -3.169069e-01
34 57 -3.204872e-01
30 56 -3.227716e-01
9 56 -3.230000e-01
29 37 -3.231835e-01
28 42 -3.262986e-01
11 29 -3.272457e-01
31 60 -3.275208e-01
26 56 -3.296869e-01
31 53 -3.302091e-01
22 56 -3.319543e-01
11 42 -3.329587e-01
31 50 -3.400047e-01
31 58 -3.423996e-01
17 31 -3.486906e-01
25 56 -3.494607e-01
16 34 -3.501975e-01
21 56 -3.526419e-01
16 28 -3.540082e-01
21 59 -3.625963e-01
20 56 -3.653816e-01
31 42 -3.772147e-01
16 56 -3.776125e-01
