8,11,0.580071
34,37,0.499774
32,47,0.439780
28,31,0.437351
22,23,0.385210
28,34,0.371398
15,16,0.317725
41,56,0.310906
31,34,0.310326
55,56,0.302804
56,59,0.300414
3,4,0.300119
28,37,0.289828
28,32,0.279667
10,27,0.263564
9,25,0.259218
33,38,0.250586
27,28,0.248058
6,7,0.232682
11,15,0.230368
59,60,0.229889
16,17,0.223376
37,41,0.221822
22,47,0.217575
31,37,0.216200
11,28,0.215662
36,59,0.208443
43,44,0.206799
49,52,0.199326
10,33,0.198111
50,51,0.196546
32,34,0.195730
16,18,0.192755
37,56,0.192483
31,33,0.189338
5,6,0.189246
34,56,0.189069
56,57,0.185320
8,15,0.185318
11,31,0.182727
7,12,0.180804
8,31,0.179816
17,19,0.178904
7,14,0.175764
60,61,0.175315
31,32,0.175189
15,19,0.174944
18,19,0.174556
42,43,0.173251
40,41,0.172547
23,54,0.169706
27,54,0.168658
4,5,0.163581
8,37,0.162368
11,34,0.161948
55,60,0.161356
21,26,0.160167
12,14,0.160125
15,17,0.159439
17,29,0.157362
51,52,0.157211
14,16,0.156464
23,24,0.155721
19,21,0.151687
13,14,0.149283
44,45,0.147312
47,48,0.146971
12,13,0.146389
34,41,0.146193
4,7,0.145748
8,28,0.145494
16,19,0.143766
19,26,0.143516
55,59,0.143353
35,53,0.141379
25,27,0.140501
20,21,0.138893
15,18,0.138240
11,37,0.136729
40,42,0.136186
54,56,0.135281
63,64,0.132665
58,59,0.132633
6,19,0.132608
5,14,0.132095
38,40,0.132037
33,40,0.132004
46,47,0.128610
37,59,0.128347
11,12,0.127911
22,32,0.127851
43,45,0.126905
11,13,0.126001
18,29,0.125045
6,16,0.124448
27,34,0.124446
20,22,0.123982
44,46,0.123074
30,31,0.122300
21,24,0.121962
5,7,0.119291
22,24,0.118268
32,37,0.117979
50,60,0.117116
16,29,0.116332
45,46,0.115267
41,42,0.114654
15,26,0.112244
8,34,0.111254
57,60,0.111167
48,57,0.110888
66,67,0.107679
13,30,0.107449
13,16,0.106940
7,13,0.106811
62,63,0.106755
9,10,0.106617
56,58,0.106383
35,55,0.105596
48,50,0.105538
17,18,0.105523
58,61,0.105279
39,40,0.102714
52,59,0.101776
13,31,0.101695
27,31,0.101660
8,13,0.101602
65,66,0.099961
53,54,0.099883
57,58,0.099642
22,27,0.099240
15,29,0.099163
36,55,0.099071
43,48,0.096757
48,61,0.096424
64,66,0.096389
60,62,0.096349
56,62,0.096031
64,65,0.095642
19,20,0.095074
9,12,0.094658
39,42,0.094045
31,49,0.093901
61,62,0.093761
46,48,0.092606
51,53,0.092091
34,59,0.090431
24,49,0.089545
6,26,0.089025
35,36,0.088645
25,49,0.087988
57,61,0.087105
38,39,0.087075
24,25,0.087029
24,28,0.086252
59,61,0.086052
52,53,0.085540
48,59,0.085450
18,22,0.085406
43,59,0.085033
15,28,0.084924
53,55,0.084822
22,44,0.084598
26,27,0.084443
5,17,0.084274
37,38,0.084180
66,68,0.083017
65,67,0.081821
62,64,0.081426
14,17,0.081264
10,53,0.081218
59,62,0.081060
22,29,0.080405
67,68,0.080096
13,35,0.079654
49,51,0.079629
3,5,0.079415
43,57,0.079328
43,58,0.079059
20,23,0.078145
19,29,0.077274
8,12,0.077032
21,22,0.076936
1,2,0.076588
52,56,0.076551
11,56,0.075990
2,3,0.075881
7,44,0.075324
68,69,0.074888
63,66,0.073455
62,65,0.073023
50,55,0.072879
8,59,0.072743
42,44,0.072567
39,59,0.072559
22,25,0.072089
9,26,0.072057
37,52,0.071763
54,60,0.070392
17,20,0.069828
64,67,0.069804
29,43,0.069424
54,57,0.069382
17,57,0.069200
28,41,0.068429
8,56,0.068029
42,45,0.067821
29,40,0.067784
29,30,0.067658
6,14,0.066344
45,49,0.065890
61,63,0.065820
54,55,0.065472
20,30,0.064962
46,50,0.064573
63,65,0.064296
67,69,0.063463
48,53,0.063361
50,57,0.063259
30,35,0.062862
50,52,0.062543
47,57,0.061822
55,61,0.061766
8,27,0.061553
10,38,0.061108
37,39,0.061053
57,59,0.061012
64,68,0.060973
39,58,0.060923
21,51,0.060596
36,39,0.060296
26,36,0.060094
49,60,0.059488
51,60,0.059455
47,59,0.059418
35,38,0.059147
56,61,0.058936
69,70,0.058576
55,57,0.058138
36,38,0.057887
25,52,0.057883
60,63,0.057528
8,32,0.057401
46,49,0.057114
42,50,0.057107
31,56,0.056912
20,32,0.056654
41,55,0.056538
32,33,0.056415
26,29,0.055338
33,34,0.055326
49,50,0.055031
51,55,0.054545
11,27,0.054365
68,70,0.054354
34,38,0.054089
41,59,0.053874
50,53,0.053552
16,43,0.053342
17,21,0.053215
20,33,0.053201
12,38,0.053074
30,40,0.052790
15,43,0.051968
10,42,0.051957
20,29,0.051920
20,31,0.051856
16,33,0.051651
29,44,0.051255
65,68,0.050676
58,60,0.050660
63,67,0.050157
28,56,0.049656
14,29,0.049230
48,58,0.049168
45,47,0.049163
39,43,0.049092
2,4,0.048753
66,70,0.048667
23,32,0.048620
47,56,0.048595
27,37,0.048401
21,42,0.048256
65,69,0.048215
26,42,0.047862
66,69,0.047839
50,59,0.047760
44,49,0.047335
6,17,0.047278
35,42,0.046961
53,61,0.046849
35,58,0.046516
67,70,0.046417
29,45,0.046252
18,46,0.046159
61,64,0.046126
47,51,0.046032
29,48,0.045904
4,8,0.045814
44,55,0.045712
10,12,0.045592
10,13,0.045505
17,23,0.045198
24,51,0.045192
11,32,0.045027
18,48,0.044740
7,26,0.044690
34,52,0.044642
51,56,0.044507
19,49,0.044479
10,18,0.044250
36,58,0.044039
70,71,0.043827
55,64,0.043824
48,49,0.043809
11,59,0.043724
14,20,0.043673
12,52,0.043397
5,13,0.043326
44,58,0.043314
18,20,0.042957
17,46,0.042858
40,50,0.042824
9,17,0.042822
55,63,0.042640
21,29,0.042501
23,27,0.042334
7,16,0.042296
12,36,0.042285
26,40,0.041979
41,54,0.041785
10,35,0.041631
19,44,0.041358
13,18,0.041257
43,49,0.041128
53,59,0.041013
16,26,0.040758
10,19,0.040612
65,70,0.040415
44,47,0.040327
7,8,0.040221
29,50,0.040119
42,58,0.040114
7,31,0.040088
14,15,0.040043
19,46,0.039987
20,45,0.039589
20,48,0.039544
51,58,0.039527
29,57,0.039464
9,13,0.039406
9,21,0.039323
25,45,0.039015
51,63,0.038886
12,16,0.038304
39,44,0.038300
48,60,0.038101
35,54,0.038074
64,69,0.038004
22,31,0.037915
16,59,0.037785
32,41,0.037780
18,45,0.037513
24,43,0.036974
9,16,0.036915
23,26,0.036829
61,66,0.036714
6,60,0.036623
27,50,0.036535
24,52,0.036398
53,64,0.036331
7,9,0.036328
39,53,0.036265
30,39,0.036173
38,53,0.036093
14,24,0.036065
49,55,0.035944
40,44,0.035633
42,46,0.035542
52,60,0.035454
50,54,0.035282
28,30,0.035169
44,51,0.035130
9,49,0.034728
5,45,0.034651
6,23,0.034535
12,33,0.034530
62,66,0.034494
23,25,0.034484
10,11,0.034398
41,48,0.034393
23,60,0.034377
53,58,0.034284
9,62,0.034236
8,24,0.034122
1,8,0.034086
60,64,0.034059
41,47,0.033834
12,53,0.033729
69,71,0.033621
63,68,0.033621
10,54,0.033594
21,44,0.033511
9,15,0.033454
8,9,0.033414
30,34,0.033274
42,53,0.033170
43,46,0.033126
22,33,0.033090
8,10,0.032916
52,64,0.032914
25,54,0.032869
18,43,0.032788
4,16,0.032766
23,47,0.032643
9,22,0.032638
46,58,0.032512
4,6,0.032428
29,42,0.032408
1,11,0.032401
45,57,0.032246
64,70,0.032144
58,63,0.032125
19,23,0.032111
34,51,0.032097
42,57,0.032055
35,39,0.032040
14,53,0.032034
57,62,0.031687
40,47,0.031681
16,30,0.031670
5,16,0.031325
18,23,0.031314
25,26,0.031251
13,29,0.031219
8,73,0.031215
4,19,0.031185
19,45,0.031052
46,57,0.030864
26,61,0.030784
24,31,0.030742
5,12,0.030643
15,37,0.030642
49,58,0.030506
42,54,0.030378
15,46,0.030374
56,65,0.030307
68,71,0.029970
20,43,0.029943
17,56,0.029792
67,71,0.029728
18,21,0.029548
33,35,0.029547
23,41,0.029509
24,27,0.029307
47,50,0.029299
9,20,0.029276
23,49,0.029260
17,43,0.029254
51,62,0.029073
14,26,0.029031
63,70,0.028984
10,15,0.028849
9,58,0.028690
40,43,0.028667
25,35,0.028531
53,66,0.028495
21,23,0.028478
3,14,0.028252
25,39,0.028140
11,73,0.028005
50,61,0.027789
57,66,0.027785
5,57,0.027770
70,72,0.027680
30,48,0.027660
42,49,0.027561
40,58,0.027525
30,33,0.027437
36,57,0.027419
27,60,0.027357
13,53,0.027344
56,60,0.027122
35,40,0.026952
2,12,0.026932
20,44,0.026907
8,72,0.026837
45,48,0.026741
36,53,0.026714
45,50,0.026697
71,72,0.026670
46,53,0.026646
18,30,0.026637
29,46,0.026505
4,11,0.026462
11,72,0.026420
35,50,0.026407
49,57,0.026350
42,48,0.026343
32,54,0.026094
4,15,0.026007
61,65,0.025941
14,23,0.025830
30,32,0.025781
10,14,0.025595
63,69,0.025537
36,42,0.025497
9,24,0.025423
6,10,0.025348
27,32,0.025253
49,53,0.025215
26,50,0.025169
40,45,0.025116
8,71,0.024819
2,8,0.024802
46,54,0.024701
11,24,0.024622
3,6,0.024563
35,61,0.024530
20,26,0.024496
6,22,0.024469
6,15,0.024403
52,58,0.024365
23,42,0.024277
36,63,0.024255
36,45,0.024248
3,12,0.024232
9,27,0.024189
38,61,0.024187
19,30,0.024180
17,48,0.024120
62,67,0.024071
6,9,0.024052
10,21,0.023978
10,25,0.023836
26,35,0.023714
7,25,0.023696
18,44,0.023546
22,28,0.023535
22,48,0.023526
5,10,0.023518
38,62,0.023507
6,20,0.023390
36,54,0.023325
1,37,0.023223
13,45,0.023146
36,50,0.023094
5,62,0.023038
51,64,0.022926
37,72,0.022903
66,71,0.022871
11,14,0.022827
21,45,0.022723
37,73,0.022720
62,68,0.022693
6,52,0.022654
27,44,0.022619
33,39,0.022588
25,43,0.022586
17,30,0.022579
21,25,0.022434
7,39,0.022383
15,61,0.022346
39,41,0.022235
10,16,0.022218
1,34,0.021975
44,48,0.021945
17,39,0.021751
34,73,0.021746
60,66,0.021719
42,61,0.021709
34,72,0.021705
42,47,0.021704
29,36,0.021487
8,70,0.021431
46,52,0.021429
7,36,0.021408
36,62,0.021322
12,22,0.021284
69,72,0.021266
31,38,0.021260
2,11,0.021185
57,64,0.021118
49,64,0.021060
4,9,0.020893
25,30,0.020803
9,18,0.020793
65,71,0.020673
19,43,0.020650
20,54,0.020641
25,41,0.020491
68,72,0.020425
14,42,0.020421
7,42,0.020371
21,32,0.020214
5,44,0.020049
14,19,0.019910
14,35,0.019793
56,69,0.019737
25,31,0.019673
29,33,0.019616
33,48,0.019591
66,72,0.019569
3,55,0.019390
6,13,0.019387
17,47,0.019333
11,71,0.019298
41,45,0.019208
20,35,0.019185
3,7,0.019124
2,34,0.019090
55,58,0.019071
34,71,0.018988
44,67,0.018975
52,69,0.018915
26,43,0.018890
54,59,0.018747
30,49,0.018623
2,5,0.018568
1,3,0.018523
2,52,0.018390
22,26,0.018372
13,36,0.018258
21,40,0.018204
4,33,0.018194
59,73,0.018163
3,8,0.018140
35,46,0.018084
50,56,0.017896
3,32,0.017850
30,44,0.017846
49,61,0.017780
29,58,0.017670
6,33,0.017582
58,62,0.017484
33,41,0.017477
11,70,0.017439
40,54,0.017313
37,71,0.017273
12,39,0.017204
9,23,0.017204
4,14,0.017156
12,31,0.017152
42,59,0.017146
15,31,0.017051
18,42,0.017042
4,12,0.017022
43,47,0.016971
44,50,0.016940
6,40,0.016870
64,71,0.016788
37,51,0.016785
25,33,0.016743
45,62,0.016726
18,47,0.016679
21,38,0.016536
19,25,0.016447
53,60,0.016436
72,73,0.016398
55,62,0.016367
55,67,0.016315
39,51,0.016244
51,57,0.016192
13,38,0.016175
23,29,0.016143
19,51,0.016098
33,37,0.016059
59,68,0.015944
26,44,0.015929
33,43,0.015688
6,50,0.015520
67,72,0.015490
60,65,0.015469
35,51,0.015433
4,26,0.015401
56,73,0.015384
71,73,0.015234
47,52,0.015232
26,30,0.015226
1,28,0.015190
2,37,0.015126
25,58,0.015001
15,24,0.014989
23,48,0.014970
52,68,0.014846
23,44,0.014801
3,16,0.014793
52,54,0.014746
34,55,0.014735
12,45,0.014714
60,68,0.014684
6,53,0.014590
52,66,0.014520
20,46,0.014472
59,72,0.014428
19,35,0.014398
18,27,0.014397
11,17,0.014356
13,39,0.014284
49,63,0.014186
3,10,0.014181
44,64,0.013981
9,29,0.013950
1,6,0.013915
65,72,0.013895
35,57,0.013881
16,41,0.013816
41,50,0.013795
45,58,0.013727
63,71,0.013666
35,49,0.013660
24,34,0.013637
68,73,0.013527
24,26,0.013514
5,27,0.013455
5,19,0.013389
5,21,0.013372
39,61,0.013363
39,45,0.013350
38,46,0.013338
10,26,0.013228
70,73,0.013170
20,25,0.013036
31,73,0.013036
28,73,0.013009
50,62,0.012985
56,72,0.012859
6,25,0.012793
3,17,0.012678
40,46,0.012673
62,70,0.012660
28,59,0.012659
21,27,0.012599
1,73,0.012579
58,65,0.012572
4,10,0.012544
52,57,0.012541
31,47,0.012446
32,63,0.012442
16,55,0.012432
24,66,0.012381
23,38,0.012357
28,64,0.012344
8,66,0.012236
21,49,0.012233
61,69,0.012199
61,67,0.012193
9,54,0.012163
17,50,0.012083
24,40,0.012026
6,12,0.011997
1,72,0.011930
28,72,0.011925
67,73,0.011806
69,73,0.011738
5,9,0.011667
39,57,0.011519
18,24,0.011516
28,71,0.011433
31,72,0.011405
9,35,0.011293
50,63,0.011287
43,62,0.011230
28,38,0.011221
32,71,0.011189
6,58,0.011177
56,70,0.011137
34,47,0.011098
12,35,0.011083
40,61,0.011066
1,20,0.010928
66,73,0.010861
29,49,0.010843
43,50,0.010751
39,56,0.010665
62,69,0.010630
11,20,0.010627
8,67,0.010616
7,30,0.010548
48,62,0.010510
54,69,0.010493
58,67,0.010407
32,73,0.010196
37,70,0.010118
1,4,0.010112
28,33,0.010105
29,54,0.009946
14,36,0.009890
1,30,0.009832
61,68,0.009808
31,41,0.009779
45,54,0.009757
1,71,0.009734
27,71,0.009721
52,63,0.009646
9,30,0.009510
54,67,0.009474
3,13,0.009439
56,68,0.009364
64,72,0.009341
3,30,0.009295
33,61,0.009275
21,46,0.009166
1,5,0.009132
1,15,0.009034
2,73,0.009003
25,46,0.008935
45,55,0.008848
38,41,0.008848
27,72,0.008847
14,60,0.008730
40,68,0.008659
27,63,0.008614
25,36,0.008606
65,73,0.008544
36,61,0.008485
1,55,0.008423
11,66,0.008389
55,65,0.008371
20,24,0.008302
5,51,0.008289
4,51,0.008200
9,61,0.008111
35,65,0.008061
8,69,0.008044
11,69,0.008004
17,32,0.007975
26,32,0.007915
15,73,0.007890
33,57,0.007865
43,61,0.007729
63,72,0.007657
4,47,0.007634
1,31,0.007552
2,72,0.007513
41,62,0.007338
50,64,0.007331
1,70,0.007280
52,70,0.007278
36,49,0.007245
20,60,0.007224
18,38,0.007200
18,25,0.007192
53,57,0.007173
26,57,0.007166
25,48,0.007118
3,20,0.007093
18,32,0.007085
14,25,0.007069
23,53,0.007057
48,64,0.007045
57,65,0.007028
16,24,0.007005
39,48,0.006935
19,54,0.006914
46,59,0.006831
58,66,0.006804
4,45,0.006642
1,68,0.006634
47,63,0.006624
25,29,0.006611
10,23,0.006587
38,60,0.006560
58,68,0.006494
2,56,0.006463
1,56,0.006425
57,63,0.006413
14,30,0.006409
44,63,0.006403
36,40,0.006396
52,67,0.006347
53,65,0.006341
6,43,0.006319
1,69,0.006271
9,19,0.006257
16,62,0.006256
41,73,0.006176
32,69,0.006168
42,62,0.006167
9,39,0.006151
15,47,0.005884
22,42,0.005879
57,68,0.005862
5,61,0.005787
40,57,0.005723
9,53,0.005652
7,49,0.005577
3,21,0.005562
39,55,0.005545
34,70,0.005534
55,68,0.005300
60,70,0.005264
32,72,0.005260
4,65,0.005248
18,58,0.005237
22,30,0.005233
3,42,0.005139
60,69,0.005127
56,71,0.005111
11,68,0.005011
19,47,0.004898
5,20,0.004886
58,64,0.004854
52,65,0.004828
6,35,0.004815
12,21,0.004764
8,41,0.004764
16,25,0.004749
51,61,0.004739
5,65,0.004705
28,52,0.004697
41,57,0.004685
2,9,0.004619
14,21,0.004614
59,71,0.004552
61,70,0.004543
7,58,0.004523
52,71,0.004395
1,59,0.004386
24,64,0.004370
14,54,0.004365
32,57,0.004324
27,73,0.004320
5,31,0.004253
1,12,0.004244
12,40,0.004229
1,67,0.004115
41,44,0.004092
33,46,0.004021
9,40,0.003989
8,17,0.003981
53,63,0.003961
38,51,0.003855
42,64,0.003836
2,39,0.003822
24,33,0.003819
3,11,0.003796
14,45,0.003678
52,72,0.003630
1,66,0.003627
2,71,0.003621
11,67,0.003609
42,71,0.003591
15,27,0.003529
5,50,0.003476
22,49,0.003471
4,17,0.003457
35,52,0.003374
23,40,0.003368
36,48,0.003354
2,22,0.003338
53,71,0.003290
41,72,0.003250
31,71,0.003203
30,63,0.003198
18,39,0.003133
41,43,0.003052
2,25,0.003046
6,46,0.003038
6,30,0.003022
41,53,0.003021
2,14,0.003014
64,73,0.002938
4,73,0.002933
13,15,0.002914
3,73,0.002914
10,17,0.002913
56,67,0.002894
17,26,0.002893
15,72,0.002893
10,52,0.002875
16,23,0.002870
58,70,0.002864
55,73,0.002850
62,71,0.002832
19,40,0.002814
40,69,0.002813
13,58,0.002776
2,13,0.002771
2,6,0.002743
51,69,0.002706
29,61,0.002706
23,36,0.002679
33,67,0.002663
21,62,0.002660
18,26,0.002629
13,25,0.002626
36,60,0.002606
53,67,0.002575
29,39,0.002431
6,63,0.002356
19,22,0.002284
13,51,0.002250
38,63,0.002249
41,49,0.002200
41,70,0.002174
26,45,0.002156
2,55,0.002110
1,39,0.002107
10,29,0.002099
8,68,0.002071
47,49,0.002027
17,36,0.001976
17,72,0.001939
35,64,0.001820
3,47,0.001798
60,67,0.001793
26,39,0.001736
40,52,0.001736
12,15,0.001730
7,21,0.001717
3,71,0.001622
48,54,0.001605
20,50,0.001603
46,51,0.001591
34,69,0.001564
2,69,0.001509
44,69,0.001494
39,68,0.001430
39,46,0.001397
4,13,0.001362
4,69,0.001352
62,72,0.001313
7,45,0.001264
37,68,0.001159
37,69,0.001156
57,70,0.001148
38,44,0.001146
55,70,0.001111
12,65,0.001099
45,67,0.001096
5,43,0.001086
50,65,0.001081
28,69,0.001080
6,21,0.001064
3,41,0.000996
51,66,0.000964
2,24,0.000959
52,73,0.000917
7,35,0.000873
3,33,0.000867
20,47,0.000851
5,30,0.000818
54,73,0.000811
14,57,0.000808
30,38,0.000754
3,39,0.000686
25,63,0.000649
51,67,0.000644
31,54,0.000624
38,58,0.000619
22,43,0.000557
58,69,0.000555
63,73,0.000520
15,45,0.000454
1,65,0.000404
61,71,0.000379
3,72,0.000368
46,65,0.000299
12,72,0.000282
5,42,0.000154
56,66,0.000138
13,43,0.000133
62,73,0.000096
41,67,0.000072
20,73,0.000014
4,72,-0.000122
12,20,-0.000150
24,73,-0.000168
51,70,-0.000193
9,44,-0.000194
35,66,-0.000233
55,72,-0.000286
2,68,-0.000324
51,72,-0.000367
40,65,-0.000398
7,67,-0.000437
51,73,-0.000508
5,52,-0.000511
7,23,-0.000512
2,70,-0.000533
59,70,-0.000533
21,43,-0.000549
23,30,-0.000550
16,46,-0.000556
15,21,-0.000561
27,45,-0.000636
10,46,-0.000755
5,47,-0.000815
38,42,-0.000833
13,26,-0.000834
24,72,-0.000847
33,54,-0.000869
37,54,-0.001088
53,70,-0.001094
24,71,-0.001116
35,62,-0.001139
37,55,-0.001183
23,31,-0.001186
12,64,-0.001188
1,14,-0.001224
14,18,-0.001327
2,58,-0.001368
28,70,-0.001383
55,66,-0.001487
1,32,-0.001505
12,73,-0.001528
13,67,-0.001529
32,40,-0.001535
53,62,-0.001565
21,35,-0.001625
29,62,-0.001627
4,66,-0.001651
54,63,-0.001653
27,46,-0.001653
51,71,-0.001672
7,53,-0.001761
38,64,-0.001796
40,67,-0.001803
2,67,-0.001810
35,70,-0.001831
5,8,-0.001843
21,58,-0.001872
29,55,-0.001887
10,36,-0.001955
13,19,-0.001970
54,70,-0.001990
23,46,-0.002010
60,71,-0.002032
5,73,-0.002053
2,18,-0.002070
43,54,-0.002158
13,73,-0.002174
30,41,-0.002199
7,24,-0.002213
44,72,-0.002227
36,64,-0.002255
24,61,-0.002261
36,51,-0.002277
31,70,-0.002331
7,19,-0.002374
5,24,-0.002388
4,46,-0.002391
3,64,-0.002412
54,72,-0.002462
41,71,-0.002482
46,60,-0.002494
51,54,-0.002511
50,69,-0.002530
1,41,-0.002589
20,49,-0.002603
25,68,-0.002631
33,53,-0.002724
2,45,-0.002762
24,38,-0.002763
44,62,-0.002768
5,36,-0.002778
12,71,-0.002876
12,25,-0.002878
40,71,-0.002907
1,53,-0.002932
4,24,-0.002938
3,26,-0.002965
6,18,-0.002966
12,23,-0.002998
25,62,-0.003000
24,65,-0.003188
3,9,-0.003320
40,62,-0.003321
44,73,-0.003387
57,69,-0.003388
16,42,-0.003455
36,65,-0.003470
3,38,-0.003485
38,73,-0.003534
59,66,-0.003536
1,25,-0.003568
7,18,-0.003586
44,68,-0.003655
45,65,-0.003701
24,70,-0.003702
2,15,-0.003760
23,50,-0.003789
10,45,-0.003812
4,71,-0.003818
20,59,-0.003819
53,72,-0.003848
41,69,-0.003857
32,70,-0.003916
2,20,-0.003940
3,69,-0.003946
1,27,-0.003959
2,42,-0.003984
25,50,-0.003992
24,53,-0.004059
39,52,-0.004062
1,46,-0.004083
7,10,-0.004109
20,72,-0.004144
1,52,-0.004149
3,15,-0.004203
33,73,-0.004259
17,58,-0.004260
2,59,-0.004264
28,63,-0.004277
30,64,-0.004351
14,62,-0.004395
45,73,-0.004434
3,37,-0.004447
2,30,-0.004473
3,35,-0.004528
1,62,-0.004565
13,64,-0.004571
27,49,-0.004578
13,61,-0.004593
53,56,-0.004594
13,72,-0.004644
2,38,-0.004682
54,65,-0.004699
38,72,-0.004713
1,64,-0.004744
24,29,-0.004768
2,21,-0.004785
13,46,-0.004812
15,71,-0.004890
24,69,-0.004935
30,45,-0.004961
32,48,-0.005014
50,70,-0.005016
16,61,-0.005030
30,72,-0.005036
55,71,-0.005119
6,66,-0.005130
14,71,-0.005132
30,42,-0.005145
5,72,-0.005149
17,54,-0.005155
28,68,-0.005186
36,52,-0.005197
44,70,-0.005285
40,63,-0.005361
14,50,-0.005380
12,62,-0.005434
3,25,-0.005454
30,65,-0.005480
58,72,-0.005486
1,51,-0.005493
26,54,-0.005528
22,34,-0.005546
10,48,-0.005550
3,24,-0.005596
4,67,-0.005600
53,68,-0.005608
15,65,-0.005611
26,33,-0.005641
48,63,-0.005665
1,7,-0.005706
54,71,-0.005747
17,73,-0.005781
61,72,-0.005795
6,51,-0.005810
30,73,-0.005818
2,53,-0.005840
12,18,-0.005869
1,19,-0.005871
35,71,-0.005896
36,66,-0.005902
13,62,-0.005923
1,38,-0.005927
42,51,-0.005952
2,40,-0.005971
12,63,-0.006015
21,66,-0.006021
46,61,-0.006031
5,35,-0.006041
1,13,-0.006050
29,52,-0.006057
5,46,-0.006080
26,46,-0.006150
16,57,-0.006168
57,67,-0.006172
3,70,-0.006277
2,36,-0.006293
59,69,-0.006330
47,70,-0.006375
2,23,-0.006382
2,65,-0.006422
58,71,-0.006423
2,49,-0.006450
1,35,-0.006479
24,62,-0.006486
39,73,-0.006486
60,73,-0.006492
1,24,-0.006492
19,36,-0.006511
4,55,-0.006534
13,48,-0.006544
13,17,-0.006560
49,65,-0.006576
1,10,-0.006615
1,63,-0.006624
48,70,-0.006651
44,61,-0.006708
25,73,-0.006729
20,28,-0.006763
30,37,-0.006794
21,63,-0.006803
7,40,-0.006832
38,71,-0.006835
9,52,-0.006945
2,28,-0.006975
48,71,-0.007018
42,68,-0.007061
24,67,-0.007084
54,64,-0.007094
2,7,-0.007112
53,73,-0.007129
47,73,-0.007149
3,19,-0.007153
60,72,-0.007169
4,39,-0.007171
39,72,-0.007182
37,67,-0.007219
12,69,-0.007269
21,61,-0.007302
2,60,-0.007357
34,39,-0.007374
58,73,-0.007431
47,65,-0.007469
24,36,-0.007486
35,63,-0.007502
47,54,-0.007597
25,70,-0.007607
3,34,-0.007613
13,71,-0.007654
55,69,-0.007681
19,48,-0.007687
16,67,-0.007709
17,42,-0.007711
30,71,-0.007723
9,69,-0.007733
61,73,-0.007735
2,63,-0.007801
33,71,-0.007814
32,67,-0.007816
20,42,-0.007841
22,73,-0.007870
26,62,-0.007959
10,73,-0.008007
10,72,-0.008047
7,73,-0.008060
2,10,-0.008063
4,70,-0.008064
13,68,-0.008097
40,73,-0.008108
9,14,-0.008120
1,29,-0.008166
48,68,-0.008193
33,69,-0.008211
1,40,-0.008212
33,72,-0.008238
4,18,-0.008284
5,71,-0.008355
53,69,-0.008357
28,67,-0.008366
1,58,-0.008370
12,70,-0.008380
21,39,-0.008382
33,63,-0.008394
50,71,-0.008463
50,58,-0.008466
2,19,-0.008490
21,68,-0.008493
41,68,-0.008537
7,11,-0.008582
43,65,-0.008593
2,61,-0.008626
35,73,-0.008655
38,65,-0.008671
2,62,-0.008672
47,62,-0.008702
50,67,-0.008704
45,72,-0.008734
2,66,-0.008742
3,28,-0.008763
16,58,-0.008782
49,67,-0.008849
30,58,-0.008866
12,46,-0.008896
39,71,-0.008903
6,38,-0.008931
47,71,-0.008943
19,62,-0.008953
10,60,-0.008961
7,15,-0.008974
6,36,-0.008989
24,37,-0.008997
1,44,-0.009011
49,54,-0.009033
47,72,-0.009037
57,73,-0.009041
34,40,-0.009049
9,11,-0.009064
13,70,-0.009081
25,38,-0.009095
2,17,-0.009098
2,51,-0.009155
27,70,-0.009204
9,48,-0.009245
6,24,-0.009258
51,65,-0.009286
29,38,-0.009294
38,66,-0.009354
34,35,-0.009369
27,68,-0.009458
2,32,-0.009458
31,69,-0.009487
9,68,-0.009528
21,64,-0.009554
35,60,-0.009593
44,65,-0.009619
11,33,-0.009645
21,48,-0.009664
1,16,-0.009681
30,69,-0.009694
30,67,-0.009696
17,40,-0.009710
18,73,-0.009718
43,67,-0.009750
39,49,-0.009780
5,38,-0.009788
1,60,-0.009794
31,68,-0.009828
34,66,-0.009960
3,51,-0.009967
25,44,-0.010011
17,27,-0.010027
43,68,-0.010028
14,73,-0.010092
23,61,-0.010146
33,62,-0.010206
13,69,-0.010230
34,68,-0.010258
26,68,-0.010259
7,72,-0.010260
10,30,-0.010277
45,69,-0.010350
5,69,-0.010376
35,72,-0.010391
52,62,-0.010400
21,54,-0.010414
20,53,-0.010435
25,72,-0.010461
35,44,-0.010532
1,54,-0.010541
45,52,-0.010596
13,65,-0.010626
19,66,-0.010630
27,67,-0.010643
4,22,-0.010663
57,72,-0.010668
3,22,-0.010689
3,68,-0.010726
4,68,-0.010730
50,68,-0.010735
27,47,-0.010738
2,35,-0.010753
10,39,-0.010799
2,27,-0.010805
3,63,-0.010805
43,53,-0.010806
21,65,-0.010820
42,69,-0.010894
4,35,-0.010934
2,16,-0.010957
45,68,-0.010990
39,70,-0.011009
27,40,-0.011028
21,73,-0.011036
9,36,-0.011058
38,70,-0.011074
45,64,-0.011078
46,63,-0.011080
9,73,-0.011090
30,46,-0.011120
9,70,-0.011156
38,69,-0.011198
46,72,-0.011239
8,65,-0.011262
42,72,-0.011312
4,63,-0.011322
42,67,-0.011329
19,38,-0.011397
13,21,-0.011431
48,72,-0.011448
40,72,-0.011500
30,70,-0.011509
26,69,-0.011532
45,70,-0.011544
7,38,-0.011549
26,72,-0.011555
7,17,-0.011557
16,40,-0.011576
45,51,-0.011597
4,38,-0.011652
15,70,-0.011731
20,71,-0.011772
2,33,-0.011801
22,46,-0.011804
23,71,-0.011860
1,9,-0.011878
21,30,-0.011910
21,36,-0.011917
38,54,-0.012011
1,45,-0.012038
45,71,-0.012039
14,33,-0.012041
13,33,-0.012072
24,58,-0.012077
20,67,-0.012105
49,66,-0.012130
1,61,-0.012136
1,36,-0.012193
35,69,-0.012213
23,73,-0.012253
12,58,-0.012265
14,72,-0.012289
21,53,-0.012306
7,43,-0.012326
40,70,-0.012342
43,73,-0.012363
36,71,-0.012366
26,71,-0.012413
38,67,-0.012420
29,66,-0.012436
49,72,-0.012444
2,29,-0.012503
21,70,-0.012575
36,44,-0.012597
49,73,-0.012613
36,73,-0.012678
44,60,-0.012696
17,71,-0.012720
30,54,-0.012731
3,62,-0.012794
49,69,-0.012808
26,51,-0.012884
43,72,-0.012886
6,69,-0.012902
32,56,-0.012902
1,26,-0.012905
26,53,-0.012928
13,42,-0.012972
40,66,-0.012989
19,68,-0.013015
22,57,-0.013035
18,71,-0.013075
47,55,-0.013099
3,58,-0.013106
2,41,-0.013118
6,64,-0.013121
15,34,-0.013163
44,71,-0.013178
22,72,-0.013180
14,63,-0.013186
1,50,-0.013215
20,41,-0.013234
25,64,-0.013283
46,56,-0.013283
44,66,-0.013347
25,66,-0.013354
54,66,-0.013364
36,72,-0.013376
1,22,-0.013377
12,30,-0.013422
7,71,-0.013432
25,69,-0.013437
14,70,-0.013475
23,33,-0.013484
26,73,-0.013492
50,73,-0.013531
22,54,-0.013543
29,73,-0.013547
5,26,-0.013549
1,57,-0.013549
10,66,-0.013553
5,33,-0.013559
18,36,-0.013586
13,66,-0.013590
25,71,-0.013596
5,29,-0.013619
5,55,-0.013657
5,49,-0.013660
45,60,-0.013665
19,57,-0.013675
4,41,-0.013704
21,72,-0.013706
42,63,-0.013750
2,26,-0.013750
1,49,-0.013796
21,71,-0.013804
3,36,-0.013830
6,70,-0.013853
5,11,-0.013862
23,43,-0.013887
6,73,-0.013907
3,52,-0.013914
54,68,-0.013941
46,73,-0.013951
48,69,-0.013957
42,73,-0.013972
36,37,-0.013980
49,71,-0.013992
8,64,-0.013995
22,60,-0.014049
6,45,-0.014060
48,73,-0.014080
10,63,-0.014113
14,61,-0.014115
4,36,-0.014125
2,54,-0.014186
49,70,-0.014204
41,58,-0.014232
10,71,-0.014242
27,64,-0.014251
2,31,-0.014297
1,21,-0.014311
15,68,-0.014389
2,64,-0.014505
20,70,-0.014510
45,66,-0.014531
20,36,-0.014549
46,69,-0.014549
3,53,-0.014596
49,68,-0.014605
4,23,-0.014611
48,51,-0.014645
33,42,-0.014645
18,72,-0.014662
46,71,-0.014683
59,63,-0.014684
9,72,-0.014714
45,63,-0.014768
39,63,-0.014797
34,67,-0.014872
20,68,-0.014880
30,61,-0.014884
41,66,-0.014916
36,46,-0.014917
4,44,-0.014925
32,46,-0.014985
3,67,-0.014987
1,33,-0.015023
7,64,-0.015035
19,50,-0.015056
50,72,-0.015060
30,68,-0.015081
3,66,-0.015118
18,35,-0.015134
19,73,-0.015144
3,18,-0.015146
5,63,-0.015234
1,17,-0.015257
27,69,-0.015261
8,18,-0.015288
28,65,-0.015304
40,51,-0.015306
4,48,-0.015503
9,71,-0.015547
7,70,-0.015549
9,66,-0.015551
36,70,-0.015572
16,60,-0.015613
59,65,-0.015638
14,64,-0.015660
5,70,-0.015668
1,18,-0.015687
4,25,-0.015729
6,71,-0.015746
3,61,-0.015765
17,49,-0.015781
48,66,-0.015782
1,48,-0.015794
39,67,-0.015821
46,62,-0.015908
2,47,-0.015947
1,42,-0.015965
37,66,-0.015994
30,60,-0.016046
10,58,-0.016050
22,71,-0.016075
7,69,-0.016082
6,68,-0.016121
33,70,-0.016158
24,48,-0.016158
26,70,-0.016181
48,65,-0.016188
3,65,-0.016193
54,58,-0.016202
38,68,-0.016218
51,68,-0.016240
10,70,-0.016249
2,57,-0.016315
12,68,-0.016392
38,52,-0.016406
16,72,-0.016464
6,65,-0.016508
4,42,-0.016670
31,36,-0.016679
12,57,-0.016681
3,44,-0.016687
36,69,-0.016690
28,51,-0.016731
29,72,-0.016767
47,68,-0.016789
4,60,-0.016845
19,65,-0.016847
16,71,-0.016878
23,72,-0.016929
17,69,-0.016942
16,73,-0.016980
57,71,-0.016997
22,70,-0.017031
5,53,-0.017069
29,71,-0.017113
42,70,-0.017121
12,50,-0.017125
18,49,-0.017149
39,66,-0.017150
5,64,-0.017161
41,63,-0.017171
10,32,-0.017297
18,69,-0.017309
25,40,-0.017338
18,70,-0.017459
6,57,-0.017495
1,43,-0.017537
15,20,-0.017652
20,40,-0.017729
4,52,-0.017733
18,40,-0.017775
32,68,-0.017816
5,68,-0.017831
48,52,-0.017839
1,23,-0.017881
22,69,-0.017925
39,50,-0.017941
39,60,-0.017981
3,45,-0.018009
19,42,-0.018028
17,61,-0.018030
7,46,-0.018085
9,67,-0.018141
13,40,-0.018248
20,66,-0.018286
7,32,-0.018296
26,63,-0.018340
30,47,-0.018416
6,72,-0.018425
33,68,-0.018554
46,66,-0.018573
44,52,-0.018597
24,68,-0.018607
39,65,-0.018607
3,46,-0.018623
13,63,-0.018664
24,50,-0.018695
17,24,-0.018739
35,68,-0.018814
36,67,-0.018829
4,64,-0.018858
30,66,-0.018889
31,43,-0.018894
25,67,-0.018900
13,49,-0.018922
36,47,-0.019023
26,41,-0.019041
46,70,-0.019054
32,66,-0.019063
10,50,-0.019123
14,67,-0.019138
33,45,-0.019144
16,45,-0.019156
39,69,-0.019200
43,71,-0.019210
49,62,-0.019221
33,64,-0.019252
19,67,-0.019320
27,39,-0.019334
10,67,-0.019484
23,35,-0.019488
44,57,-0.019520
47,69,-0.019532
43,69,-0.019535
15,25,-0.019536
48,67,-0.019560
22,65,-0.019602
2,46,-0.019621
35,37,-0.019623
5,60,-0.019731
23,63,-0.019794
9,42,-0.019799
5,22,-0.019833
7,27,-0.019895
50,66,-0.019918
46,64,-0.019977
30,59,-0.019980
28,29,-0.019984
19,72,-0.019996
54,61,-0.020008
27,65,-0.020012
20,69,-0.020025
11,38,-0.020026
40,64,-0.020031
13,24,-0.020069
10,65,-0.020139
15,66,-0.020223
15,30,-0.020228
17,22,-0.020286
7,65,-0.020289
7,66,-0.020331
19,27,-0.020400
10,69,-0.020476
10,62,-0.020522
4,20,-0.020560
43,64,-0.020565
7,63,-0.020566
39,64,-0.020604
36,41,-0.020618
18,68,-0.020661
21,50,-0.020675
4,32,-0.020787
2,50,-0.020802
40,48,-0.020818
34,36,-0.020864
29,65,-0.020880
7,52,-0.020883
10,49,-0.020947
11,65,-0.020979
17,68,-0.020991
29,53,-0.021069
32,39,-0.021082
44,53,-0.021106
29,67,-0.021139
12,42,-0.021168
26,65,-0.021189
14,66,-0.021261
7,68,-0.021273
35,67,-0.021278
29,69,-0.021317
42,60,-0.021343
21,69,-0.021349
22,55,-0.021355
7,60,-0.021398
3,49,-0.021463
3,23,-0.021484
14,38,-0.021488
26,28,-0.021537
23,28,-0.021576
18,53,-0.021587
1,47,-0.021596
4,61,-0.021633
21,47,-0.021688
21,31,-0.021696
29,68,-0.021705
52,61,-0.021731
12,49,-0.021805
43,70,-0.021810
9,55,-0.021885
38,48,-0.021913
2,44,-0.021985
26,67,-0.022067
26,52,-0.022083
18,52,-0.022094
22,50,-0.022109
12,44,-0.022129
15,67,-0.022164
24,55,-0.022273
9,64,-0.022273
16,54,-0.022316
12,67,-0.022387
25,61,-0.022412
15,69,-0.022440
29,51,-0.022459
4,29,-0.022467
9,51,-0.022471
18,66,-0.022642
30,50,-0.022750
26,47,-0.022911
22,63,-0.022912
16,69,-0.022931
5,67,-0.022982
22,39,-0.022997
36,68,-0.023009
21,41,-0.023059
46,67,-0.023161
9,65,-0.023278
27,66,-0.023289
32,36,-0.023296
33,65,-0.023335
22,52,-0.023427
23,70,-0.023446
28,44,-0.023452
38,57,-0.023496
10,68,-0.023550
19,71,-0.023578
16,21,-0.023591
16,52,-0.023618
41,65,-0.023619
6,67,-0.023640
42,65,-0.023646
31,64,-0.023723
27,30,-0.023768
14,46,-0.023775
12,66,-0.023803
34,65,-0.023837
29,70,-0.023893
16,38,-0.023949
30,36,-0.023981
36,56,-0.024019
28,49,-0.024050
6,8,-0.024096
25,53,-0.024104
27,59,-0.024125
25,32,-0.024166
52,55,-0.024244
5,48,-0.024289
17,70,-0.024338
11,41,-0.024526
32,65,-0.024530
15,55,-0.024534
6,47,-0.024566
30,53,-0.024635
37,40,-0.024655
46,68,-0.024696
7,29,-0.024763
6,55,-0.024764
4,27,-0.024840
45,61,-0.024916
13,50,-0.025012
37,47,-0.025024
25,65,-0.025133
14,69,-0.025149
24,35,-0.025158
31,48,-0.025165
16,70,-0.025166
11,18,-0.025186
24,56,-0.025218
7,50,-0.025232
16,49,-0.025250
37,65,-0.025404
20,61,-0.025441
26,66,-0.025461
3,57,-0.025501
4,21,-0.025528
23,58,-0.025534
18,57,-0.025580
4,57,-0.025598
12,26,-0.025607
13,44,-0.025654
14,51,-0.025684
56,64,-0.025740
45,59,-0.025814
23,45,-0.025877
41,61,-0.025938
8,38,-0.025971
33,66,-0.026023
28,66,-0.026104
5,32,-0.026183
23,69,-0.026257
6,42,-0.026276
25,60,-0.026298
9,57,-0.026306
5,66,-0.026389
19,31,-0.026531
24,46,-0.026572
32,35,-0.026649
20,38,-0.026702
14,68,-0.026739
27,33,-0.026777
23,57,-0.026783
39,62,-0.026797
19,39,-0.026814
12,61,-0.026856
18,64,-0.026989
36,43,-0.027023
38,43,-0.027059
5,18,-0.027059
18,54,-0.027072
46,55,-0.027099
6,44,-0.027245
20,64,-0.027274
38,45,-0.027354
32,55,-0.027433
42,66,-0.027480
11,22,-0.027506
33,49,-0.027553
27,38,-0.027557
35,41,-0.027557
23,68,-0.027625
24,30,-0.027632
47,67,-0.027640
47,66,-0.027713
4,30,-0.027785
43,60,-0.027794
18,63,-0.027816
33,36,-0.027864
16,50,-0.027869
26,60,-0.027881
4,50,-0.027924
19,70,-0.028021
9,38,-0.028021
17,44,-0.028042
19,69,-0.028071
43,51,-0.028084
18,33,-0.028124
16,68,-0.028128
9,60,-0.028135
10,64,-0.028140
20,65,-0.028227
21,33,-0.028237
5,25,-0.028242
7,61,-0.028341
19,63,-0.028437
23,52,-0.028485
41,64,-0.028493
2,48,-0.028498
7,62,-0.028520
56,63,-0.028557
9,43,-0.028650
19,60,-0.028726
8,20,-0.028945
16,53,-0.028985
26,38,-0.029065
6,49,-0.029172
35,45,-0.029232
10,57,-0.029313
22,35,-0.029357
5,40,-0.029366
20,39,-0.029413
59,67,-0.029469
22,38,-0.029673
18,28,-0.029700
3,43,-0.029701
16,48,-0.029725
38,55,-0.029809
18,67,-0.029818
35,59,-0.029854
16,65,-0.029949
4,49,-0.029983
12,60,-0.029989
18,65,-0.030020
17,63,-0.030052
22,67,-0.030086
24,42,-0.030165
3,40,-0.030368
17,60,-0.030376
21,67,-0.030383
10,20,-0.030400
27,51,-0.030409
10,28,-0.030411
18,51,-0.030415
43,56,-0.030419
33,51,-0.030521
33,55,-0.030580
9,45,-0.030606
31,65,-0.030625
15,64,-0.030675
10,40,-0.030687
4,40,-0.030738
2,43,-0.030752
6,29,-0.030818
8,30,-0.030891
20,58,-0.030924
10,24,-0.030942
3,56,-0.031053
45,53,-0.031208
9,63,-0.031223
23,39,-0.031287
37,64,-0.031363
11,64,-0.031366
31,66,-0.031454
31,67,-0.031606
21,57,-0.031812
38,50,-0.031830
20,57,-0.031902
5,15,-0.031924
22,68,-0.031936
15,56,-0.032076
8,39,-0.032141
44,54,-0.032218
20,52,-0.032359
5,39,-0.032397
3,54,-0.032446
14,48,-0.032495
8,62,-0.032517
14,32,-0.032557
19,24,-0.032570
12,55,-0.032573
26,55,-0.032620
17,64,-0.032630
4,62,-0.032764
9,46,-0.032778
35,47,-0.032812
14,65,-0.032824
3,31,-0.032840
12,17,-0.032947
6,39,-0.032992
28,55,-0.033256
8,33,-0.033274
31,59,-0.033284
30,51,-0.033344
24,39,-0.033450
7,48,-0.033487
14,40,-0.033517
29,63,-0.033518
47,53,-0.033529
4,53,-0.033535
7,51,-0.033633
29,56,-0.033653
13,37,-0.033814
16,64,-0.033891
6,32,-0.033903
26,49,-0.033959
17,67,-0.034071
12,24,-0.034102
4,43,-0.034153
30,57,-0.034211
30,43,-0.034380
43,52,-0.034420
6,62,-0.034433
48,56,-0.034439
16,20,-0.034457
43,63,-0.034635
18,62,-0.034670
16,66,-0.034826
33,52,-0.034846
12,51,-0.034870
22,66,-0.034916
15,58,-0.035171
31,63,-0.035196
25,55,-0.035369
40,53,-0.035414
14,41,-0.035429
4,37,-0.035686
7,33,-0.035732
14,52,-0.035806
23,64,-0.035839
38,49,-0.035923
3,50,-0.035958
6,48,-0.035965
10,51,-0.035969
15,60,-0.036048
34,45,-0.036150
47,60,-0.036264
16,36,-0.036306
3,48,-0.036360
39,47,-0.036458
23,67,-0.036462
41,46,-0.036484
8,22,-0.036503
20,55,-0.036517
9,50,-0.036549
19,33,-0.036565
10,61,-0.036625
54,62,-0.036698
9,33,-0.036801
17,51,-0.036934
11,39,-0.037008
21,37,-0.037094
17,66,-0.037113
47,61,-0.037119
23,65,-0.037228
51,59,-0.037289
22,58,-0.037319
27,42,-0.037342
18,50,-0.037400
15,48,-0.037424
4,34,-0.037483
17,35,-0.037494
22,62,-0.037546
25,51,-0.037556
24,47,-0.037673
3,59,-0.037699
43,66,-0.037855
13,20,-0.037924
17,65,-0.038046
8,14,-0.038132
33,60,-0.038248
40,59,-0.038274
19,58,-0.038377
22,36,-0.038400
25,42,-0.038449
10,43,-0.038475
11,63,-0.038590
11,30,-0.038596
41,51,-0.038736
22,41,-0.038967
8,52,-0.039057
8,51,-0.039082
47,64,-0.039134
20,34,-0.039267
39,54,-0.039541
22,64,-0.039664
30,62,-0.039671
32,38,-0.039702
34,64,-0.039785
37,63,-0.039838
3,29,-0.039936
24,41,-0.039938
24,44,-0.040009
32,49,-0.040025
12,43,-0.040085
35,48,-0.040210
32,45,-0.040255
32,59,-0.040391
17,45,-0.040498
31,35,-0.040508
9,32,-0.040511
21,28,-0.040798
22,40,-0.040934
28,47,-0.040970
12,29,-0.041111
29,64,-0.041160
17,41,-0.041181
14,39,-0.041193
32,64,-0.041263
6,27,-0.041403
9,41,-0.041468
43,55,-0.041481
44,56,-0.041566
15,53,-0.041582
37,48,-0.041613
6,11,-0.041735
40,60,-0.041749
32,52,-0.042062
24,45,-0.042134
26,48,-0.042199
10,31,-0.042211
13,22,-0.042233
27,56,-0.042250
14,55,-0.042483
27,35,-0.042495
6,61,-0.042741
14,43,-0.042774
11,52,-0.042778
4,58,-0.042830
42,52,-0.042944
15,42,-0.043032
22,45,-0.043071
30,55,-0.043196
32,43,-0.043265
5,23,-0.043329
48,55,-0.043587
12,32,-0.043605
5,58,-0.043756
7,54,-0.043858
4,31,-0.043993
21,60,-0.044134
31,44,-0.044234
26,64,-0.044235
20,63,-0.044396
11,16,-0.044412
15,49,-0.044432
16,35,-0.044510
15,35,-0.044619
25,28,-0.044734
13,55,-0.044794
21,52,-0.044809
27,36,-0.044947
14,58,-0.045096
17,62,-0.045188
3,60,-0.045189
31,39,-0.045310
23,66,-0.045460
22,37,-0.045630
15,62,-0.045773
11,62,-0.045820
13,47,-0.045854
11,51,-0.046050
16,39,-0.046101
18,60,-0.046150
17,59,-0.046165
21,55,-0.046173
34,63,-0.046267
16,22,-0.046338
18,31,-0.046422
11,45,-0.046453
24,63,-0.046474
12,37,-0.046603
4,56,-0.046724
19,64,-0.046742
5,54,-0.046890
10,22,-0.047106
15,41,-0.047284
11,55,-0.047288
23,59,-0.047311
29,47,-0.047343
14,28,-0.047361
23,62,-0.047437
26,58,-0.047560
49,56,-0.047696
15,39,-0.047878
8,63,-0.047899
28,40,-0.047944
16,63,-0.048019
25,37,-0.048202
26,59,-0.048311
12,47,-0.048337
29,34,-0.048396
31,62,-0.048404
14,37,-0.048464
14,44,-0.048479
15,36,-0.048479
47,58,-0.048512
12,54,-0.048790
3,27,-0.048854
37,62,-0.049148
35,43,-0.049179
15,38,-0.049293
27,53,-0.049310
8,47,-0.049359
15,23,-0.049432
19,53,-0.049517
7,22,-0.049581
14,47,-0.049621
29,59,-0.049623
15,33,-0.049743
38,59,-0.050087
32,50,-0.050232
23,51,-0.050304
7,57,-0.050356
14,22,-0.050367
40,49,-0.050388
27,62,-0.050431
17,25,-0.050607
9,28,-0.050668
10,56,-0.050704
14,49,-0.050806
8,16,-0.050838
6,31,-0.050908
15,50,-0.051195
29,35,-0.051245
12,48,-0.051500
37,53,-0.051567
34,62,-0.051630
12,28,-0.051653
19,32,-0.051667
28,60,-0.051711
24,54,-0.051901
27,48,-0.052071
35,56,-0.052104
20,27,-0.052110
4,28,-0.052267
8,19,-0.052416
12,19,-0.052496
32,51,-0.052609
16,47,-0.052803
14,27,-0.052822
18,56,-0.052828
37,60,-0.052944
27,52,-0.053170
28,62,-0.053184
59,64,-0.053256
28,35,-0.053372
34,54,-0.053457
21,34,-0.053627
24,60,-0.054212
23,37,-0.054230
7,56,-0.054347
6,59,-0.054593
22,51,-0.054647
37,44,-0.054719
7,20,-0.054740
8,44,-0.054993
5,37,-0.055168
23,34,-0.055284
33,47,-0.055521
10,55,-0.055611
9,47,-0.055930
34,48,-0.056026
16,51,-0.056065
27,43,-0.056156
32,42,-0.056365
32,62,-0.056626
18,61,-0.056765
19,61,-0.056783
12,27,-0.056816
29,60,-0.056995
8,46,-0.057013
34,44,-0.057056
45,56,-0.057082
31,51,-0.057319
29,31,-0.057327
9,34,-0.057561
22,61,-0.057618
42,55,-0.057635
11,61,-0.057836
27,41,-0.058020
28,36,-0.058326
16,44,-0.058485
8,45,-0.058568
41,60,-0.058635
10,41,-0.058685
8,54,-0.058898
27,29,-0.058932
8,35,-0.059213
7,55,-0.059283
28,53,-0.059295
27,61,-0.059295
11,19,-0.059368
25,59,-0.059378
13,34,-0.059783
30,52,-0.059913
10,34,-0.060112
8,40,-0.060122
15,40,-0.060328
13,52,-0.060338
37,58,-0.060442
13,23,-0.060849
11,47,-0.060896
28,58,-0.061025
15,63,-0.061174
8,23,-0.061220
42,56,-0.061222
17,33,-0.061299
20,51,-0.061568
6,28,-0.061582
33,50,-0.061655
34,58,-0.061883
17,53,-0.062069
11,23,-0.062134
31,55,-0.062474
37,43,-0.062483
41,52,-0.062651
11,53,-0.062834
11,54,-0.062883
14,34,-0.063050
27,57,-0.063184
11,26,-0.063192
10,37,-0.063280
17,55,-0.063290
13,60,-0.063368
13,59,-0.063403
25,34,-0.063532
15,59,-0.063617
6,56,-0.063708
40,56,-0.063771
19,55,-0.063953
7,47,-0.063974
4,54,-0.064096
14,31,-0.064170
10,47,-0.064429
6,41,-0.064433
13,57,-0.064953
25,47,-0.065074
33,58,-0.065134
25,57,-0.065182
13,28,-0.065518
7,41,-0.065533
13,41,-0.065549
34,53,-0.065590
18,41,-0.065936
12,56,-0.066142
20,62,-0.066328
33,44,-0.066406
7,37,-0.066647
32,53,-0.066849
32,44,-0.067438
17,34,-0.067488
11,46,-0.067763
8,61,-0.067819
24,57,-0.068123
14,56,-0.068136
26,34,-0.068557
11,40,-0.068672
15,52,-0.068677
5,56,-0.068932
28,50,-0.069108
8,55,-0.069175
8,29,-0.069363
18,59,-0.069489
9,37,-0.069593
11,25,-0.070024
6,54,-0.070029
19,28,-0.070150
31,61,-0.070194
9,31,-0.070217
16,27,-0.070438
12,34,-0.070786
8,26,-0.071139
11,35,-0.071240
17,38,-0.071356
23,55,-0.071530
20,37,-0.071898
38,56,-0.071960
28,54,-0.072005
37,45,-0.072065
11,58,-0.072228
15,32,-0.072650
34,42,-0.072861
11,36,-0.072993
14,59,-0.073407
13,54,-0.073534
7,28,-0.073619
8,42,-0.073620
37,61,-0.073683
29,32,-0.073916
11,21,-0.074121
8,43,-0.074705
19,52,-0.074737
19,37,-0.075070
16,32,-0.075223
17,52,-0.075237
8,60,-0.075266
11,57,-0.075269
24,32,-0.075282
40,55,-0.075457
38,47,-0.075482
26,37,-0.075826
32,60,-0.076012
17,37,-0.076099
18,55,-0.076529
18,34,-0.077074
37,50,-0.077575
10,44,-0.077588
37,42,-0.077614
22,53,-0.078232
5,28,-0.078342
15,51,-0.078679
8,58,-0.079465
18,37,-0.079777
19,41,-0.080083
9,59,-0.080263
34,60,-0.080413
27,58,-0.080452
28,39,-0.080526
8,21,-0.080733
12,41,-0.080850
5,41,-0.081685
11,60,-0.081687
8,25,-0.081853
32,61,-0.081874
8,53,-0.082458
11,44,-0.082811
11,48,-0.082948
8,48,-0.083159
11,43,-0.083174
34,61,-0.084195
49,59,-0.084249
28,46,-0.084587
7,34,-0.084885
28,43,-0.085029
13,27,-0.085545
32,58,-0.085846
8,57,-0.086043
8,36,-0.087448
8,50,-0.087596
8,49,-0.087683
5,59,-0.088134
34,43,-0.088181
24,59,-0.088762
22,59,-0.088856
16,37,-0.089325
33,56,-0.089575
4,59,-0.089965
34,50,-0.090390
37,57,-0.090503
28,61,-0.090910
34,46,-0.091067
15,57,-0.091259
13,56,-0.091416
29,41,-0.091493
19,34,-0.091524
37,46,-0.091823
28,57,-0.092002
37,49,-0.092040
11,50,-0.092347
31,45,-0.092932
31,52,-0.093202
31,46,-0.094073
5,34,-0.094217
7,59,-0.094472
11,49,-0.094753
12,59,-0.094849
17,28,-0.095741
33,59,-0.096278
31,40,-0.096321
44,59,-0.097402
34,57,-0.097549
31,57,-0.097758
13,32,-0.097895
27,55,-0.098150
11,42,-0.098628
16,31,-0.098701
23,56,-0.098928
6,34,-0.099192
28,45,-0.099591
21,59,-0.100404
28,42,-0.100750
9,56,-0.101824
26,31,-0.102431
29,37,-0.103563
31,53,-0.103976
19,59,-0.104088
30,56,-0.104304
15,54,-0.105123
6,37,-0.105292
17,31,-0.106493
34,49,-0.106910
10,59,-0.107004
11,29,-0.107262
19,56,-0.107762
31,58,-0.108007
22,56,-0.110828
28,48,-0.111455
16,34,-0.111848
25,56,-0.112014
15,44,-0.112890
15,22,-0.113600
20,56,-0.117630
16,28,-0.118897
31,42,-0.119087
26,56,-0.120697
31,50,-0.123257
31,60,-0.123446
21,56,-0.126212
16,56,-0.128909
