3 15 0 8
24 31 0 8
27 28 0 8
2 16 0 8
9 16 0 8
17 24 0 8
25 29 0 8
18 21 0 8
19 20 0 8
17 31 0 8
16 17 0 8
2 17 0 8
2 9 0 8
30 32 0 8
9 17 0 8
16 24 0 8
2 24 0 8
5 22 0 8
9 24 0 8
10 13 0 8
16 31 0 8
2 31 0 8
7 8 0 8
5 8 0 8
14 15 0 8
3 13 0 8
28 32 0 8
5 7 0 8
9 31 0 8
10 14 0 8
13 14 0 8
25 27 0 8
6 32 0 8
18 19 0 8
24 30 0 8
8 23 0 8
12 13 0 8
30 31 0 8
27 30 0 8
6 28 0 8
3 10 0 8
34 35 0 8
11 14 0 8
11 15 0 8
23 25 0 8
29 30 0 8
10 15 0 8
17 30 0 8
26 27 0 8
1 7 0 8
13 15 0 8
1 29 0 8
18 22 0 8
13 33 0 8
12 25 0 8
10 27 0 8
11 26 0 8
6 34 0 8
3 11 0 8
18 29 0 8
12 23 0 8
5 29 0 8
32 34 0 8
4 34 0 8
3 14 0 8
22 28 0 8
7 33 0 8
3 26 0 8
1 4 0 8
12 35 0 8
12 18 0 8
23 34 0 8
18 25 0 8
15 23 0 8
18 26 0 8
8 35 0 8
1 34 0 8
7 35 0 8
3 7 0 8
4 21 0 8
14 32 0 8
5 6 0 8
1 23 0 8
2 4 0 8
4 33 0 8
5 23 0 8
16 30 0 8
14 23 0 8
1 15 0 8
2 30 0 8
23 32 0 8
7 10 0 8
12 34 0 8
18 34 0 8
30 33 0 8
25 28 0 8
14 33 0 8
21 32 0 8
20 35 0 8
11 13 0 8
8 33 0 8
4 27 0 8
4 25 0 8
11 34 0 8
11 22 0 8
25 26 0 8
8 27 0 8
3 6 0 8
11 32 0 8
24 25 0 8
21 23 0 8
6 12 0 8
1 13 0 8
22 31 0 8
6 7 0 8
6 27 0 8
4 5 0 8
9 30 0 8
8 10 0 8
10 11 0 8
10 28 0 8
21 22 0 8
7 14 0 8
21 33 0 8
21 28 0 8
5 28 0 8
1 3 0 8
1 26 0 8
10 12 0 8
8 22 0 8
6 11 0 8
20 21 0 8
4 7 0 8
6 8 0 8
11 28 0 8
23 33 0 8
26 34 0 8
7 18 0 8
14 34 0 8
7 34 0 8
21 27 0 8
33 34 0 8
26 32 0 8
26 29 0 8
17 20 0 8
21 34 0 8
27 32 0 8
8 34 0 8
28 34 0 8
9 11 0 8
3 22 0 8
20 24 0 8
5 14 0 8
4 22 0 8
4 11 0 8
20 31 0 8
26 28 0 8
7 12 0 8
8 12 0 8
28 30 0 8
1 14 0 8
26 33 0 8
11 23 0 8
8 13 0 8
9 13 0 8
15 32 0 8
7 29 0 8
3 9 0 8
32 33 0 8
15 22 0 8
6 10 0 8
14 35 0 8
22 26 0 8
20 22 0 8
18 27 0 8
6 18 0 8
12 15 0 8
11 21 0 8
10 35 0 8
11 27 0 8
33 35 0 8
7 22 0 8
5 10 0 8
28 29 0 8
19 21 0 8
22 29 0 8
25 34 0 8
12 26 0 8
7 23 0 8
15 34 0 8
1 12 0 8
6 19 0 8
4 23 0 8
8 28 0 8
6 21 0 8
19 34 0 8
12 33 0 8
21 29 0 8
6 33 0 8
13 30 0 8
1 19 0 8
14 26 0 8
1 20 0 8
19 22 0 8
4 13 0 8
13 34 0 8
6 26 0 8
17 25 0 8
29 31 0 8
4 18 0 8
17 19 0 8
18 33 0 8
16 21 0 8
4 12 0 8
13 26 0 8
3 23 0 8
19 24 0 8
5 25 0 8
18 20 0 8
9 15 0 8
7 19 0 8
19 29 0 8
22 24 0 8
4 16 0 8
26 35 0 8
19 35 0 8
4 35 0 8
18 32 0 8
17 22 0 8
9 14 0 8
7 15 0 8
19 31 0 8
1 2 0 8
29 32 0 8
9 10 0 8
5 31 0 8
16 20 0 8
27 33 0 8
15 19 0 8
12 20 0 8
24 29 0 8
10 33 0 8
21 30 0 8
23 26 0 8
2 20 0 8
22 33 0 8
8 19 0 8
4 26 0 8
4 17 0 8
1 27 0 8
20 25 0 8
20 30 0 8
13 35 0 8
1 5 0 8
28 31 0 8
3 5 0 8
5 26 0 8
23 27 0 8
7 25 0 8
8 11 0 8
12 19 0 8
8 25 0 8
29 34 0 8
5 13 0 8
2 21 0 8
10 23 0 8
15 18 0 8
9 20 0 8
1 11 0 8
8 30 0 8
10 22 0 8
19 26 0 8
12 14 0 8
13 27 0 8
2 3 0 8
17 35 0 8
12 27 0 8
10 26 0 8
15 20 0 8
20 26 0 8
26 31 0 8
16 29 0 8
5 9 0 8
24 35 0 8
16 35 0 8
17 21 0 8
21 35 0 8
4 28 0 8
6 35 0 8
2 35 0 8
20 32 0 8
32 35 0 8
1 33 0 8
18 28 0 8
26 30 0 8
31 35 0 8
6 14 0 8
25 30 0 8
16 19 0 8
14 16 0 8
4 8 0 8
2 5 0 8
6 9 0 8
15 26 0 8
3 12 0 8
10 34 0 8
2 19 0 8
1 21 0 8
25 35 0 8
27 29 0 8
29 35 0 8
7 27 0 8
3 4 0 8
7 20 0 8
3 32 0 8
2 14 0 8
25 31 0 8
14 31 0 8
20 27 0 8
4 15 0 8
5 35 0 8
20 34 0 8
19 27 0 8
20 23 0 8
8 18 0 8
1 31 0 8
18 23 0 8
17 29 0 8
20 33 0 8
9 21 0 8
10 20 0 8
30 35 0 8
22 30 0 8
19 25 0 8
11 18 0 8
11 33 0 8
5 18 0 8
11 12 0 8
6 16 0 8
27 34 0 8
8 29 0 8
24 28 0 8
19 33 0 8
16 22 0 8
10 25 0 8
12 22 0 8
9 35 0 8
19 32 0 8
5 12 0 8
6 22 0 8
12 30 0 8
20 29 0 8
21 24 0 8
5 34 0 8
4 24 0 8
6 29 0 8
2 29 0 8
1 9 0 8
2 6 0 8
2 22 0 8
8 14 0 8
1 35 0 8
13 28 0 8
6 30 0 8
19 30 0 8
7 28 0 8
15 27 0 8
5 11 0 8
9 19 0 8
7 26 0 8
1 16 0 8
6 20 0 8
13 16 0 8
21 31 0 8
14 17 0 8
6 15 0 8
16 32 0 8
10 19 0 8
22 25 0 8
1 18 0 8
3 16 0 8
9 33 0 8
13 23 0 8
23 29 0 8
15 21 0 8
1 10 0 8
14 19 0 8
15 29 0 8
25 32 0 8
13 25 0 8
18 35 0 8
14 24 0 8
1 17 0 8
24 32 0 8
15 33 0 8
16 25 0 8
20 28 0 8
1 28 0 8
14 20 0 8
2 32 0 8
4 9 0 8
6 17 0 8
5 24 0 8
23 35 0 8
22 34 0 8
4 20 0 8
13 20 0 8
2 11 0 8
5 21 0 8
31 33 0 8
11 25 0 8
17 23 0 8
21 25 0 8
1 25 0 8
16 33 0 8
13 17 0 8
14 28 0 8
19 28 0 8
3 29 0 8
8 16 0 8
8 26 0 8
11 16 0 8
11 29 0 8
28 35 0 8
1 24 0 8
5 16 0 8
2 15 0 8
18 30 0 8
16 18 0 8
2 33 0 8
12 21 0 8
1 32 0 8
17 28 0 8
27 35 0 8
22 23 0 8
18 31 0 8
2 12 0 8
8 9 0 8
3 17 0 8
3 24 0 8
25 33 0 8
9 22 0 8
31 32 0 8
24 33 0 8
16 23 0 8
9 12 0 8
10 32 0 8
8 15 0 8
5 33 0 8
8 31 0 8
4 29 0 8
3 21 0 8
13 19 0 8
8 21 0 8
9 32 0 8
2 25 0 8
19 23 0 8
15 35 0 8
17 18 0 8
17 32 0 8
3 19 0 8
2 13 0 8
3 20 0 8
6 23 0 8
8 32 0 8
3 31 0 8
5 17 0 8
4 19 0 8
29 33 0 8
6 24 0 8
9 29 0 8
3 8 0 8
11 17 0 8
3 28 0 8
4 32 0 8
23 24 0 8
13 24 0 8
5 19 0 8
5 32 0 8
12 28 0 8
2 18 0 8
12 32 0 8
3 34 0 8
13 31 0 8
15 16 0 8
24 27 0 8
13 29 0 8
3 35 0 8
22 35 0 8
5 20 0 8
6 25 0 8
4 31 0 8
18 24 0 8
8 20 0 8
3 27 0 8
17 33 0 8
21 26 0 8
1 22 0 8
7 13 0 8
3 33 0 8
12 16 0 8
2 10 0 8
10 16 0 8
22 27 0 8
28 33 0 8
14 27 0 8
12 29 0 8
23 31 0 8
8 17 0 8
6 31 0 8
11 20 0 8
30 34 0 8
8 24 0 8
10 29 0 8
9 18 0 8
10 21 0 8
4 30 0 8
12 17 0 8
10 18 0 8
11 19 0 8
7 11 0 8
10 31 0 8
7 30 0 8
15 17 0 8
16 28 0 8
15 31 0 8
1 6 0 8
2 7 0 8
2 27 0 8
2 28 0 8
7 32 0 8
7 21 0 8
1 8 0 8
9 25 0 8
10 17 0 8
5 27 0 8
15 24 0 8
4 10 0 8
11 24 0 8
3 30 0 8
5 15 0 8
17 27 0 8
7 31 0 8
13 21 0 8
11 30 0 8
10 24 0 8
15 30 0 8
2 23 0 8
15 28 0 8
7 16 0 8
14 30 0 8
12 24 0 8
9 27 0 8
24 26 0 8
9 26 0 8
14 29 0 8
14 21 0 8
27 31 0 8
23 28 0 8
22 32 0 8
14 25 0 8
16 27 0 8
2 26 0 8
2 8 0 8
7 24 0 8
9 28 0 8
1 30 0 8
17 26 0 8
12 31 0 8
13 32 0 8
9 23 0 8
7 17 0 8
14 18 0 8
10 30 0 8
11 35 0 8
7 9 0 8
13 22 0 8
13 18 0 8
3 18 0 8
23 30 0 8
9 34 0 8
3 25 0 8
11 31 0 8
2 34 0 8
16 26 0 8
4 6 0 8
16 34 0 8
6 13 0 8
14 22 0 8
24 34 0 8
15 25 0 8
4 14 0 8
5 30 0 8
17 34 0 8
31 34 0 8
