# For publication of results, please cite:
# ...
# ... Michael Schantz Klausen, Martin Closter Jespersen, Henrik Nielsen, Kamilla Kjærgaard Jensen, 
# ... Vanessa Isabell Jurtz, Casper Kaae Sønderby, Morten Otto Alexander Sommer, Ole Winther, 
# ... Morten Nielsen, Bent Petersen, and Paolo Marcatili. 
# ... NetSurfP-2.0: Improved prediction of protein structural features by integrated deep learning.
# ... Proteins: Structure, Function, and Bioinformatics (Feb. 2019).
# ... https://doi.org/10.1002/prot.25674
# ...
#
# Column 1: Class assignment - B for buried or E for Exposed - Threshold: 25% exposure, but not based on RSA
# Column 2: Amino acid
# Column 3: Sequence name
# Column 4: Amino acid number
# Column 5: Relative Surface Accessibility - RSA
# Column 6: Absolute Surface Accessibility
# Column 7: Not used
# Column 8: Probability for Alpha-Helix
# Column 9: Probability for Beta-strand
# Column 10: Probability for Coil
E M  3B7AA                  1    0.492  98.474   0.000   0.001   0.000   0.999
E T  3B7AA                  2    0.566  78.572   0.000   0.009   0.001   0.990
E M  3B7AA                  3    0.427  85.402   0.000   0.915   0.000   0.085
E E  3B7AA                  4    0.740 129.323   0.000   0.935   0.000   0.065
E Q  3B7AA                  5    0.564 100.750   0.000   0.948   0.000   0.052
B F  3B7AA                  6    0.106  21.335   0.000   0.984   0.000   0.016
E L  3B7AA                  7    0.291  53.251   0.000   0.989   0.000   0.011
E T  3B7AA                  8    0.554  76.823   0.000   0.992   0.000   0.008
E S  3B7AA                  9    0.262  30.677   0.000   0.989   0.000   0.011
B L  3B7AA                 10    0.066  12.112   0.000   0.995   0.000   0.005
E D  3B7AA                 11    0.477  68.793   0.000   0.997   0.000   0.003
E M  3B7AA                 12    0.478  95.701   0.000   0.994   0.000   0.006
B I  3B7AA                 13    0.079  14.573   0.000   0.994   0.000   0.006
B R  3B7AA                 14    0.247  56.604   0.000   0.989   0.000   0.011
E S  3B7AA                 15    0.586  68.693   0.000   0.967   0.000   0.033
E G  3B7AA                 16    0.413  32.478   0.000   0.916   0.000   0.083
B C  3B7AA                 17    0.034   4.755   0.000   0.894   0.000   0.106
B A  3B7AA                 18    0.167  18.367   0.000   0.935   0.000   0.065
E P  3B7AA                 19    0.678  96.263   0.000   0.972   0.000   0.028
E K  3B7AA                 20    0.629 129.395   0.000   0.979   0.000   0.021
B F  3B7AA                 21    0.184  36.891   0.000   0.860   0.001   0.139
E K  3B7AA                 22    0.801 164.815   0.000   0.003   0.001   0.996
B L  3B7AA                 23    0.115  21.094   0.000   0.002   0.006   0.993
E K  3B7AA                 24    0.603 124.020   0.000   0.002   0.002   0.996
E T  3B7AA                 25    0.525  72.807   0.000   0.964   0.000   0.035
E E  3B7AA                 26    0.674 117.774   0.000   0.984   0.000   0.016
B D  3B7AA                 27    0.201  29.024   0.000   0.995   0.000   0.005
B L  3B7AA                 28    0.053   9.735   0.000   0.998   0.000   0.002
E D  3B7AA                 29    0.486  69.967   0.000   0.999   0.000   0.001
E R  3B7AA                 30    0.414  94.812   0.000   0.995   0.000   0.004
B L  3B7AA                 31    0.052   9.444   0.000   0.995   0.000   0.005
E R  3B7AA                 32    0.363  83.051   0.000   0.963   0.000   0.037
E V  3B7AA                 33    0.558  85.723   0.000   0.368   0.001   0.631
E G  3B7AA                 34    0.466  36.711   0.000   0.008   0.000   0.991
E D  3B7AA                 35    0.733 105.685   0.000   0.002   0.001   0.997
B F  3B7AA                 36    0.223  44.762   0.000   0.014   0.009   0.977
E N  3B7AA                 37    0.839 122.852   0.000   0.006   0.006   0.988
E F  3B7AA                 38    0.260  52.186   0.000   0.001   0.003   0.996
E P  3B7AA                 39    0.340  48.251   0.000   0.001   0.000   0.999
E P  3B7AA                 40    0.632  89.650   0.000   0.003   0.000   0.997
E S  3B7AA                 41    0.371  43.528   0.000   0.010   0.002   0.988
E Q  3B7AA                 42    0.599 106.928   0.000   0.938   0.000   0.062
E D  3B7AA                 43    0.412  59.301   0.000   0.955   0.000   0.044
B L  3B7AA                 44    0.054   9.814   0.000   0.981   0.001   0.019
B M  3B7AA                 45    0.183  36.542   0.000   0.989   0.000   0.010
B C  3B7AA                 46    0.062   8.705   0.000   0.996   0.000   0.003
B Y  3B7AA                 47    0.039   8.351   0.000   0.999   0.000   0.001
B T  3B7AA                 48    0.018   2.492   0.000   1.000   0.000   0.000
B K  3B7AA                 49    0.192  39.471   0.000   1.000   0.000   0.000
B C  3B7AA                 50    0.040   5.652   0.000   1.000   0.000   0.000
B V  3B7AA                 51    0.035   5.389   0.000   0.999   0.000   0.001
B A  3B7AA                 52    0.016   1.798   0.000   0.999   0.000   0.001
E L  3B7AA                 53    0.318  58.159   0.000   0.998   0.000   0.002
E M  3B7AA                 54    0.434  86.908   0.000   0.983   0.000   0.017
B A  3B7AA                 55    0.164  18.098   0.000   0.257   0.000   0.743
E G  3B7AA                 56    0.491  38.619   0.000   0.001   0.000   0.999
B T  3B7AA                 57    0.060   8.264   0.000   0.002   0.001   0.997
B V  3B7AA                 58    0.040   6.213   0.000   0.000   0.971   0.029
E N  3B7AA                 59    0.368  53.884   0.000   0.000   0.003   0.997
E K  3B7AA                 60    0.825 169.709   0.000   0.000   0.003   0.997
E K  3B7AA                 61    0.768 157.934   0.000   0.001   0.000   0.999
B G  3B7AA                 62    0.129  10.180   0.000   0.001   0.000   0.999
E E  3B7AA                 63    0.461  80.499   0.000   0.000   0.066   0.934
B F  3B7AA                 64    0.057  11.441   0.000   0.000   0.982   0.018
E N  3B7AA                 65    0.322  47.085   0.000   0.000   0.019   0.981
B A  3B7AA                 66    0.218  24.025   0.000   0.990   0.000   0.010
E P  3B7AA                 67    0.628  89.148   0.000   0.993   0.000   0.007
E K  3B7AA                 68    0.403  82.818   0.000   0.997   0.000   0.003
B A  3B7AA                 69    0.010   1.093   0.000   0.997   0.000   0.002
E L  3B7AA                 70    0.264  48.386   0.000   0.993   0.000   0.007
E A  3B7AA                 71    0.631  69.542   0.000   0.877   0.000   0.122
E Q  3B7AA                 72    0.343  61.223   0.000   0.714   0.000   0.286
B L  3B7AA                 73    0.042   7.667   0.000   0.814   0.000   0.186
E P  3B7AA                 74    0.452  64.209   0.000   0.822   0.000   0.178
E H  3B7AA                 75    0.782 142.283   0.000   0.798   0.001   0.202
E L  3B7AA                 76    0.274  50.240   0.000   0.767   0.001   0.232
B V  3B7AA                 77    0.099  15.288   0.000   0.002   0.003   0.994
E P  3B7AA                 78    0.329  46.714   0.000   0.001   0.000   0.999
E P  3B7AA                 79    0.699  99.236   0.000   0.964   0.000   0.036
E E  3B7AA                 80    0.782 136.565   0.000   0.965   0.000   0.035
B M  3B7AA                 81    0.143  28.535   0.000   0.976   0.000   0.024
B M  3B7AA                 82    0.196  39.273   0.000   0.994   0.000   0.006
E E  3B7AA                 83    0.649 113.441   0.000   0.997   0.000   0.003
E M  3B7AA                 84    0.299  59.894   0.000   0.995   0.000   0.005
B S  3B7AA                 85    0.025   2.979   0.000   0.997   0.000   0.003
E R  3B7AA                 86    0.414  94.755   0.000   0.999   0.000   0.001
E K  3B7AA                 87    0.574 118.108   0.000   0.999   0.000   0.001
B S  3B7AA                 88    0.076   8.875   0.000   0.999   0.000   0.001
B V  3B7AA                 89    0.040   6.096   0.000   0.998   0.000   0.002
E E  3B7AA                 90    0.524  91.605   0.000   0.996   0.000   0.004
E A  3B7AA                 91    0.364  40.114   0.000   0.983   0.000   0.017
B C  3B7AA                 92    0.034   4.743   0.000   0.948   0.000   0.051
E R  3B7AA                 93    0.370  84.833   0.000   0.949   0.001   0.051
E D  3B7AA                 94    0.766 110.451   0.000   0.918   0.001   0.081
E T  3B7AA                 95    0.477  66.217   0.000   0.841   0.001   0.158
B H  3B7AA                 96    0.196  35.703   0.000   0.388   0.004   0.608
E K  3B7AA                 97    0.747 153.697   0.000   0.352   0.001   0.647
E Q  3B7AA                 98    0.757 135.225   0.000   0.277   0.001   0.722
E F  3B7AA                 99    0.280  56.137   0.000   0.094   0.005   0.901
E K  3B7AA                100    0.730 150.214   0.000   0.054   0.003   0.943
E E  3B7AA                101    0.527  92.043   0.000   0.090   0.007   0.903
E S  3B7AA                102    0.303  35.558   0.000   0.910   0.001   0.089
B C  3B7AA                103    0.139  19.524   0.000   0.908   0.002   0.090
E E  3B7AA                104    0.419  73.216   0.000   0.991   0.000   0.008
B R  3B7AA                105    0.245  56.185   0.000   0.994   0.001   0.005
B V  3B7AA                106    0.015   2.374   0.000   0.999   0.000   0.001
B Y  3B7AA                107    0.241  51.420   0.000   0.999   0.000   0.001
E Q  3B7AA                108    0.352  62.877   0.000   0.999   0.000   0.001
B T  3B7AA                109    0.056   7.819   0.000   0.999   0.000   0.001
B A  3B7AA                110    0.057   6.271   0.000   0.997   0.000   0.003
E K  3B7AA                111    0.375  77.127   0.000   0.992   0.000   0.008
B C  3B7AA                112    0.088  12.415   0.000   0.991   0.000   0.008
B F  3B7AA                113    0.084  16.949   0.000   0.986   0.001   0.014
E S  3B7AA                114    0.268  31.467   0.000   0.965   0.002   0.033
E E  3B7AA                115    0.648 113.129   0.000   0.880   0.001   0.119
E N  3B7AA                116    0.543  79.521   0.000   0.607   0.002   0.391
E A  3B7AA                117    0.291  32.046   0.000   0.165   0.016   0.819
E D  3B7AA                118    0.810 116.788   0.000   0.139   0.015   0.845
E G  3B7AA                119    0.530  41.676   0.000   0.131   0.035   0.834
E Q  3B7AA                120    0.451  80.550   0.000   0.144   0.187   0.668
E F  3B7AA                121    0.253  50.782   0.000   0.048   0.406   0.546
E M  3B7AA                122    0.255  51.033   0.000   0.020   0.317   0.663
B W  3B7AA                123    0.223  53.591   0.000   0.002   0.215   0.784
E P  3B7AA                124    0.570  80.892   0.000   0.000   0.001   0.998
