9 61 3.798023e+00
31 34 1.862466e+00
40 60 1.616104e+00
27 40 1.533954e+00
7 10 1.524121e+00
32 34 1.502832e+00
29 36 1.476255e+00
52 54 1.425668e+00
8 66 1.289660e+00
13 25 1.165836e+00
31 32 1.045310e+00
23 25 9.832614e-01
42 68 9.223100e-01
24 26 9.122613e-01
41 43 9.071168e-01
34 36 8.575941e-01
6 14 8.575414e-01
50 52 8.528428e-01
12 65 8.181848e-01
7 62 8.160544e-01
16 23 8.061554e-01
51 52 8.012814e-01
26 41 7.977829e-01
57 58 7.971534e-01
49 50 7.957395e-01
60 64 7.878499e-01
73 74 7.821530e-01
14 38 7.781913e-01
9 13 7.756144e-01
13 17 7.755423e-01
28 41 7.697194e-01
50 68 7.688366e-01
25 65 7.673665e-01
33 34 7.655982e-01
63 66 7.525545e-01
27 61 7.288044e-01
22 23 7.238149e-01
41 48 7.228122e-01
33 36 7.194817e-01
56 59 7.057247e-01
64 65 6.968658e-01
12 42 6.949033e-01
9 25 6.945813e-01
13 14 6.933225e-01
60 65 6.924460e-01
43 48 6.922755e-01
54 63 6.904464e-01
8 62 6.864605e-01
7 8 6.855973e-01
39 53 6.854200e-01
44 45 6.798623e-01
66 70 6.758871e-01
76 77 6.749407e-01
8 69 6.682208e-01
45 46 6.647959e-01
10 13 6.522102e-01
52 64 6.492424e-01
26 43 6.415887e-01
38 58 6.346519e-01
6 11 6.263102e-01
38 57 6.166204e-01
7 9 6.159544e-01
16 21 6.146775e-01
50 67 6.091901e-01
76 78 6.082536e-01
49 68 6.001845e-01
7 13 5.940064e-01
67 70 5.920013e-01
35 55 5.833020e-01
32 33 5.800769e-01
41 51 5.752432e-01
63 67 5.642040e-01
37 53 5.631995e-01
9 62 5.553772e-01
38 62 5.536158e-01
12 69 5.496002e-01
39 51 5.482680e-01
15 19 5.415947e-01
50 71 5.360708e-01
67 71 5.024127e-01
13 23 5.013896e-01
84 85 4.915366e-01
6 8 4.892796e-01
75 76 4.867139e-01
55 59 4.794039e-01
25 38 4.785568e-01
9 65 4.775275e-01
13 61 4.769917e-01
42 64 4.766302e-01
52 67 4.745748e-01
20 21 4.707036e-01
23 24 4.706741e-01
31 33 4.700691e-01
6 7 4.658706e-01
40 61 4.639707e-01
77 78 4.600168e-01
31 36 4.587515e-01
21 45 4.560534e-01
44 49 4.529290e-01
54 56 4.460620e-01
42 50 4.445012e-01
59 63 4.417271e-01
40 41 4.414950e-01
48 51 4.372518e-01
34 35 4.346953e-01
30 31 4.319763e-01
69 78 4.163066e-01
11 73 4.156187e-01
23 42 4.147810e-01
64 68 4.087068e-01
56 60 4.069201e-01
40 42 4.039831e-01
14 17 4.032718e-01
9 12 3.961128e-01
51 54 3.894314e-01
12 16 3.884452e-01
79 80 3.876255e-01
52 60 3.871829e-01
10 14 3.854611e-01
69 76 3.845175e-01
78 79 3.839160e-01
68 71 3.829801e-01
58 62 3.828722e-01
19 20 3.817495e-01
9 10 3.815277e-01
60 61 3.747327e-01
32 35 3.671902e-01
5 6 3.666032e-01
32 36 3.662516e-01
14 18 3.645306e-01
65 68 3.612881e-01
69 73 3.564967e-01
15 16 3.556913e-01
69 77 3.551447e-01
6 10 3.546917e-01
52 63 3.531437e-01
8 17 3.518904e-01
49 52 3.481906e-01
4 5 3.435604e-01
24 43 3.428203e-01
28 39 3.408435e-01
48 49 3.372826e-01
74 75 3.368325e-01
66 67 3.366246e-01
71 75 3.355247e-01
15 21 3.349485e-01
50 51 3.335343e-01
18 19 3.332127e-01
51 53 3.309741e-01
11 69 3.295009e-01
30 37 3.292280e-01
15 72 3.283971e-01
56 58 3.219558e-01
54 55 3.190594e-01
10 62 3.188343e-01
11 14 3.174052e-01
10 11 3.164539e-01
47 48 3.143021e-01
40 57 3.119283e-01
7 11 3.112688e-01
27 28 3.108553e-01
29 33 3.077038e-01
72 73 3.075727e-01
26 28 3.044201e-01
12 68 3.015213e-01
16 45 3.013103e-01
27 38 3.009159e-01
9 38 3.005434e-01
80 81 2.978659e-01
44 68 2.975866e-01
30 39 2.951148e-01
21 22 2.941859e-01
7 61 2.935684e-01
54 59 2.925158e-01
10 16 2.924101e-01
58 61 2.915221e-01
45 47 2.910880e-01
70 74 2.908967e-01
15 73 2.907896e-01
49 71 2.857906e-01
36 38 2.856562e-01
13 22 2.854605e-01
37 55 2.848293e-01
52 53 2.847668e-01
13 38 2.833498e-01
43 49 2.825529e-01
16 42 2.825500e-01
70 71 2.823785e-01
12 25 2.814002e-01
28 29 2.787543e-01
10 17 2.782008e-01
74 76 2.770481e-01
23 27 2.758034e-01
35 37 2.734337e-01
36 37 2.733910e-01
14 58 2.720810e-01
12 23 2.712894e-01
79 81 2.711236e-01
71 72 2.681698e-01
42 49 2.672325e-01
54 77 2.665764e-01
19 21 2.664930e-01
61 62 2.644342e-01
10 58 2.641694e-01
75 77 2.631692e-01
16 17 2.626317e-01
24 46 2.612795e-01
9 27 2.608028e-01
78 80 2.596577e-01
12 72 2.586690e-01
15 77 2.577304e-01
42 44 2.576478e-01
24 25 2.557099e-01
82 83 2.537184e-01
30 36 2.533614e-01
8 45 2.533594e-01
27 29 2.526255e-01
81 82 2.509140e-01
78 81 2.489182e-01
61 64 2.478614e-01
77 79 2.466947e-01
43 46 2.463835e-01
16 20 2.459926e-01
35 36 2.454997e-01
80 82 2.443149e-01
85 86 2.423767e-01
7 18 2.414913e-01
60 68 2.393161e-01
22 45 2.380215e-01
33 35 2.378346e-01
16 19 2.371196e-01
13 62 2.338105e-01
45 76 2.327972e-01
39 67 2.294378e-01
47 49 2.292616e-01
37 39 2.282570e-01
43 50 2.265602e-01
2 3 2.262540e-01
34 37 2.240236e-01
19 44 2.237474e-01
81 84 2.226130e-01
49 51 2.215875e-01
15 76 2.208871e-01
57 61 2.193291e-01
27 57 2.190210e-01
41 49 2.187025e-01
11 66 2.181919e-01
9 16 2.176701e-01
80 83 2.155985e-01
67 69 2.154285e-01
70 73 2.145199e-01
83 85 2.110149e-01
54 64 2.094694e-01
34 39 2.094240e-01
66 76 2.088098e-01
31 37 2.054531e-01
45 66 2.039878e-01
46 47 2.030883e-01
8 9 2.025233e-01
46 78 2.022238e-01
8 11 2.020133e-01
66 69 2.017084e-01
81 83 1.999075e-01
62 66 1.990681e-01
79 82 1.984873e-01
25 61 1.976855e-01
29 31 1.974017e-01
40 64 1.973068e-01
66 73 1.963311e-01
52 57 1.954753e-01
82 84 1.949872e-01
6 69 1.947941e-01
13 65 1.942954e-01
48 50 1.942545e-01
32 39 1.933076e-01
82 85 1.931868e-01
15 17 1.926584e-01
10 23 1.922925e-01
79 83 1.919099e-01
22 24 1.908343e-01
19 45 1.891017e-01
53 54 1.882629e-01
73 76 1.878319e-01
43 68 1.869005e-01
20 22 1.864256e-01
31 35 1.852712e-01
16 22 1.852067e-01
11 15 1.851840e-01
7 25 1.848744e-01
31 38 1.847682e-01
73 77 1.846482e-01
32 37 1.842200e-01
4 22 1.836246e-01
4 11 1.828940e-01
28 40 1.826367e-01
47 50 1.826317e-01
31 39 1.826037e-01
24 27 1.825762e-01
16 25 1.823934e-01
64 69 1.805110e-01
3 4 1.800247e-01
65 72 1.799127e-01
5 21 1.796609e-01
76 79 1.793134e-01
54 60 1.788702e-01
33 55 1.787798e-01
75 79 1.779163e-01
84 86 1.776947e-01
5 8 1.768348e-01
39 41 1.760307e-01
19 23 1.755618e-01
64 72 1.748785e-01
71 74 1.748781e-01
78 82 1.747709e-01
65 69 1.745730e-01
26 27 1.743933e-01
36 57 1.741022e-01
83 84 1.737166e-01
30 32 1.727453e-01
17 18 1.717455e-01
30 34 1.715451e-01
54 69 1.682140e-01
10 18 1.681199e-01
56 62 1.675358e-01
53 70 1.666398e-01
30 53 1.663691e-01
68 72 1.625735e-01
19 77 1.620634e-01
73 78 1.617570e-01
5 17 1.616743e-01
8 18 1.612560e-01
42 43 1.608729e-01
4 20 1.587088e-01
56 65 1.585287e-01
50 54 1.577078e-01
36 55 1.571100e-01
29 39 1.565952e-01
45 78 1.565614e-01
6 15 1.556200e-01
14 57 1.554558e-01
29 30 1.547213e-01
40 49 1.546552e-01
20 45 1.526484e-01
53 63 1.526375e-01
20 78 1.524623e-01
22 57 1.515193e-01
11 18 1.509281e-01
30 74 1.507007e-01
29 37 1.505663e-01
30 33 1.500548e-01
45 57 1.491190e-01
16 58 1.488448e-01
57 60 1.485568e-01
32 57 1.483536e-01
25 42 1.479088e-01
77 80 1.478142e-01
24 35 1.477704e-01
45 73 1.468432e-01
41 42 1.462445e-01
81 85 1.461049e-01
75 78 1.447233e-01
23 61 1.436917e-01
80 84 1.435508e-01
59 62 1.434794e-01
72 76 1.418277e-01
16 44 1.416176e-01
77 81 1.414366e-01
19 78 1.409574e-01
40 69 1.404054e-01
21 23 1.402067e-01
73 75 1.399175e-01
23 43 1.393423e-01
14 62 1.387625e-01
49 75 1.385283e-01
48 53 1.377543e-01
13 54 1.370532e-01
19 73 1.366423e-01
76 80 1.360573e-01
15 49 1.359359e-01
42 61 1.359334e-01
34 38 1.355053e-01
44 72 1.346620e-01
1 2 1.345415e-01
33 38 1.340872e-01
29 32 1.334113e-01
33 37 1.333580e-01
9 14 1.332773e-01
5 11 1.331281e-01
42 46 1.322272e-01
63 70 1.312332e-01
66 68 1.312089e-01
12 64 1.311420e-01
55 63 1.309494e-01
5 37 1.305785e-01
5 15 1.304956e-01
47 68 1.304585e-01
28 53 1.296819e-01
44 76 1.294624e-01
44 46 1.285095e-01
43 45 1.283371e-01
4 59 1.279422e-01
60 72 1.275419e-01
13 34 1.262312e-01
46 73 1.257235e-01
22 26 1.257000e-01
9 58 1.252945e-01
18 55 1.252747e-01
51 63 1.245263e-01
8 12 1.242208e-01
70 72 1.238499e-01
46 77 1.231461e-01
43 47 1.230313e-01
85 87 1.215514e-01
25 26 1.213648e-01
46 48 1.208010e-01
3 5 1.200188e-01
39 48 1.200036e-01
31 45 1.193646e-01
21 44 1.192624e-01
10 38 1.190692e-01
16 61 1.185339e-01
60 85 1.179704e-01
23 38 1.177724e-01
46 49 1.177629e-01
69 72 1.173526e-01
63 77 1.165219e-01
44 78 1.158970e-01
79 84 1.157255e-01
24 71 1.152190e-01
5 59 1.147937e-01
26 39 1.146817e-01
57 59 1.142031e-01
17 47 1.139712e-01
49 72 1.136365e-01
66 78 1.135643e-01
82 86 1.133680e-01
48 71 1.130349e-01
12 14 1.123684e-01
61 66 1.122627e-01
81 86 1.121429e-01
29 38 1.118488e-01
30 35 1.117702e-01
38 40 1.115214e-01
18 21 1.110922e-01
21 63 1.109659e-01
17 22 1.100725e-01
80 85 1.099654e-01
5 55 1.096369e-01
20 77 1.094808e-01
24 29 1.091717e-01
11 68 1.085593e-01
5 30 1.085478e-01
18 20 1.085426e-01
5 20 1.083247e-01
47 55 1.082623e-01
55 58 1.082064e-01
69 70 1.074505e-01
27 41 1.073452e-01
86 87 1.068681e-01
83 86 1.065083e-01
38 60 1.055217e-01
54 57 1.051450e-01
28 67 1.051136e-01
30 62 1.050536e-01
36 58 1.049570e-01
6 62 1.043443e-01
77 82 1.042575e-01
79 85 1.039752e-01
75 80 1.039190e-01
35 48 1.035751e-01
4 70 1.034759e-01
78 83 1.031781e-01
36 62 1.031641e-01
51 69 1.029444e-01
47 71 1.027503e-01
54 78 1.025169e-01
50 64 1.023067e-01
75 81 1.022128e-01
38 42 1.020979e-01
67 74 1.017851e-01
70 76 1.016220e-01
15 45 1.016183e-01
20 44 1.013436e-01
71 73 1.008994e-01
80 86 1.008664e-01
58 59 1.007237e-01
66 77 1.003514e-01
76 81 1.001654e-01
5 35 9.960659e-02
12 60 9.951146e-02
10 22 9.943110e-02
20 46 9.935807e-02
18 29 9.816063e-02
20 76 9.793601e-02
72 85 9.776644e-02
38 41 9.771406e-02
13 16 9.743258e-02
63 75 9.644178e-02
53 71 9.618971e-02
4 35 9.580045e-02
4 6 9.575816e-02
28 30 9.566986e-02
48 67 9.553189e-02
23 45 9.538699e-02
1 3 9.535053e-02
62 63 9.530911e-02
18 30 9.464242e-02
9 15 9.423931e-02
14 34 9.395240e-02
53 66 9.386405e-02
7 45 9.369283e-02
45 69 9.351758e-02
76 83 9.345913e-02
36 63 9.290151e-02
37 56 9.249442e-02
19 69 9.239504e-02
11 70 9.239056e-02
20 74 9.221225e-02
72 74 9.208154e-02
49 67 9.204817e-02
46 53 9.153567e-02
45 59 9.136774e-02
24 28 9.082375e-02
31 57 9.068108e-02
77 83 8.945227e-02
74 80 8.922160e-02
47 74 8.845359e-02
78 84 8.826444e-02
8 14 8.822133e-02
16 18 8.783891e-02
39 70 8.782720e-02
25 46 8.774867e-02
49 54 8.709877e-02
78 86 8.682719e-02
76 82 8.662473e-02
4 43 8.602913e-02
18 63 8.587492e-02
16 64 8.583104e-02
23 56 8.555152e-02
67 68 8.532729e-02
15 54 8.529963e-02
36 53 8.520370e-02
6 20 8.501844e-02
71 76 8.501142e-02
47 53 8.483734e-02
8 65 8.477009e-02
19 74 8.463901e-02
25 41 8.420348e-02
25 28 8.401983e-02
10 56 8.374900e-02
18 23 8.362107e-02
6 46 8.344534e-02
4 39 8.340573e-02
42 65 8.314130e-02
61 65 8.273752e-02
28 56 8.244298e-02
20 73 8.215024e-02
26 47 8.208028e-02
18 47 8.188405e-02
8 13 8.152488e-02
22 25 8.146297e-02
70 79 8.134509e-02
22 59 8.112219e-02
53 67 8.004837e-02
46 70 7.972510e-02
20 69 7.915379e-02
22 75 7.903979e-02
31 53 7.890302e-02
4 81 7.884626e-02
5 66 7.865757e-02
15 56 7.856326e-02
14 15 7.839966e-02
15 24 7.782125e-02
47 75 7.758855e-02
21 42 7.737817e-02
21 79 7.673410e-02
46 76 7.642578e-02
5 72 7.600685e-02
20 47 7.571717e-02
11 13 7.559031e-02
28 34 7.544116e-02
40 56 7.528492e-02
41 47 7.488705e-02
11 17 7.487672e-02
40 58 7.482282e-02
37 63 7.477810e-02
26 40 7.457220e-02
14 16 7.438708e-02
55 75 7.423938e-02
17 19 7.411615e-02
48 70 7.389732e-02
78 85 7.338851e-02
37 43 7.333067e-02
10 21 7.326469e-02
56 72 7.316267e-02
11 20 7.298020e-02
20 43 7.277242e-02
6 73 7.262564e-02
6 19 7.240452e-02
48 68 7.222629e-02
42 69 7.215387e-02
12 17 7.204010e-02
18 22 7.198778e-02
22 67 7.187714e-02
5 22 7.178043e-02
47 65 7.153452e-02
44 59 7.132333e-02
45 58 7.131150e-02
35 75 7.112415e-02
7 17 6.984382e-02
12 18 6.882242e-02
65 85 6.829942e-02
34 53 6.824041e-02
7 40 6.818092e-02
4 68 6.813201e-02
21 70 6.808799e-02
17 32 6.798136e-02
48 75 6.769578e-02
56 64 6.761610e-02
71 78 6.753767e-02
12 85 6.744085e-02
43 55 6.720088e-02
57 62 6.680664e-02
39 46 6.668366e-02
46 54 6.662461e-02
8 33 6.616775e-02
63 73 6.570728e-02
5 71 6.564578e-02
52 65 6.558025e-02
55 56 6.523137e-02
44 66 6.512096e-02
14 54 6.497402e-02
4 80 6.460233e-02
28 47 6.458618e-02
37 52 6.454513e-02
58 60 6.452891e-02
74 79 6.443037e-02
47 51 6.431107e-02
25 37 6.423476e-02
7 22 6.418277e-02
21 47 6.409205e-02
33 41 6.368432e-02
4 28 6.368386e-02
51 59 6.363239e-02
28 51 6.329934e-02
74 78 6.300521e-02
28 46 6.286313e-02
26 44 6.278410e-02
50 63 6.276884e-02
23 60 6.262009e-02
37 51 6.220769e-02
25 40 6.199773e-02
11 16 6.148810e-02
12 21 6.136392e-02
48 66 6.109508e-02
43 71 6.106858e-02
5 63 6.103463e-02
4 71 6.087019e-02
79 86 6.084332e-02
2 4 6.071203e-02
67 72 6.025888e-02
53 72 6.000635e-02
61 72 5.977329e-02
44 65 5.968784e-02
38 59 5.951901e-02
15 18 5.948811e-02
2 70 5.947465e-02
15 27 5.905455e-02
15 62 5.892628e-02
46 71 5.866805e-02
5 62 5.826111e-02
37 74 5.823246e-02
45 49 5.813185e-02
75 82 5.765944e-02
22 53 5.697961e-02
19 30 5.673366e-02
44 56 5.665863e-02
22 27 5.654053e-02
29 57 5.650592e-02
52 78 5.634094e-02
3 47 5.623718e-02
46 66 5.606952e-02
38 55 5.588555e-02
14 53 5.580545e-02
14 77 5.570098e-02
11 12 5.569782e-02
19 76 5.544676e-02
84 87 5.543908e-02
64 85 5.512092e-02
4 18 5.488912e-02
28 69 5.485940e-02
21 30 5.482431e-02
24 47 5.479090e-02
16 49 5.455443e-02
25 56 5.444029e-02
4 26 5.431327e-02
19 26 5.426587e-02
38 45 5.408248e-02
21 43 5.399445e-02
4 57 5.389097e-02
26 70 5.358385e-02
5 47 5.248658e-02
5 7 5.239911e-02
54 76 5.210423e-02
9 17 5.199575e-02
7 14 5.190856e-02
37 47 5.171578e-02
54 73 5.141745e-02
5 33 5.130014e-02
18 66 5.111947e-02
38 56 5.111784e-02
4 16 5.071982e-02
39 71 5.064250e-02
81 87 5.036089e-02
18 48 5.032176e-02
64 66 5.023512e-02
5 44 5.018963e-02
26 74 5.018100e-02
18 39 4.995253e-02
5 79 4.968088e-02
66 71 4.966961e-02
75 83 4.930638e-02
17 77 4.913232e-02
19 51 4.901183e-02
3 6 4.892897e-02
71 81 4.882649e-02
35 74 4.882419e-02
3 49 4.840988e-02
55 70 4.838512e-02
11 55 4.829038e-02
17 44 4.824386e-02
4 51 4.765914e-02
35 53 4.764722e-02
14 25 4.743670e-02
29 50 4.731391e-02
32 53 4.727109e-02
15 20 4.711515e-02
83 87 4.692733e-02
39 58 4.647230e-02
14 69 4.646308e-02
3 27 4.639819e-02
53 79 4.632955e-02
22 79 4.616632e-02
27 34 4.609648e-02
12 20 4.604906e-02
77 84 4.601524e-02
8 20 4.597083e-02
17 20 4.589274e-02
3 24 4.548901e-02
63 71 4.532750e-02
33 42 4.521848e-02
77 86 4.501166e-02
23 44 4.483997e-02
17 35 4.454582e-02
32 44 4.449839e-02
32 48 4.441217e-02
52 59 4.402841e-02
82 87 4.402774e-02
43 51 4.400984e-02
24 55 4.396027e-02
3 17 4.368430e-02
29 55 4.365901e-02
5 74 4.335287e-02
54 75 4.334566e-02
4 73 4.276343e-02
4 53 4.268105e-02
20 26 4.253971e-02
3 59 4.230052e-02
74 77 4.191758e-02
7 73 4.184217e-02
26 57 4.170747e-02
23 31 4.142433e-02
40 50 4.139760e-02
58 65 4.138099e-02
6 66 4.134224e-02
69 71 4.132229e-02
20 23 4.094981e-02
5 58 4.071784e-02
59 72 4.047948e-02
4 24 4.047318e-02
47 72 4.031515e-02
6 16 4.028726e-02
5 70 4.026772e-02
5 77 3.992647e-02
4 30 3.976518e-02
3 19 3.943336e-02
78 87 3.939832e-02
60 69 3.936992e-02
47 59 3.914595e-02
70 81 3.890439e-02
24 75 3.889146e-02
19 47 3.883124e-02
6 58 3.867712e-02
70 80 3.864141e-02
47 78 3.854169e-02
49 69 3.848339e-02
33 53 3.812084e-02
55 74 3.807194e-02
59 67 3.799481e-02
30 41 3.793853e-02
10 15 3.788237e-02
27 30 3.778415e-02
24 30 3.746837e-02
71 82 3.738120e-02
80 87 3.732694e-02
29 41 3.719089e-02
64 67 3.708144e-02
26 48 3.707793e-02
50 55 3.706282e-02
27 43 3.701189e-02
24 58 3.682618e-02
5 18 3.650301e-02
69 85 3.645880e-02
38 51 3.637656e-02
26 46 3.631379e-02
24 48 3.621470e-02
70 75 3.618282e-02
42 59 3.606719e-02
51 73 3.601060e-02
30 55 3.578501e-02
38 61 3.566762e-02
19 75 3.561660e-02
67 73 3.549601e-02
20 35 3.536963e-02
9 56 3.502133e-02
8 40 3.484608e-02
4 10 3.481442e-02
26 59 3.475224e-02
12 19 3.474041e-02
55 72 3.464591e-02
15 78 3.436047e-02
46 75 3.429986e-02
39 79 3.409149e-02
11 19 3.402876e-02
44 73 3.380139e-02
31 40 3.361548e-02
20 30 3.355853e-02
4 64 3.329246e-02
18 73 3.323210e-02
13 60 3.317745e-02
18 41 3.313572e-02
58 74 3.312459e-02
13 57 3.302153e-02
30 47 3.293513e-02
2 68 3.287868e-02
55 80 3.287305e-02
26 33 3.273391e-02
8 29 3.257046e-02
11 30 3.255339e-02
45 68 3.243350e-02
46 51 3.239887e-02
39 43 3.222859e-02
59 70 3.193958e-02
24 41 3.185970e-02
62 69 3.181168e-02
4 19 3.154740e-02
11 28 3.148643e-02
44 71 3.125125e-02
13 20 3.123619e-02
5 51 3.114747e-02
14 20 3.098195e-02
74 83 3.065492e-02
45 48 3.058191e-02
11 77 3.044085e-02
67 81 3.043466e-02
3 37 3.041423e-02
5 80 3.037895e-02
52 56 3.036724e-02
3 78 3.012817e-02
48 77 2.998123e-02
7 16 2.987775e-02
4 29 2.980822e-02
26 80 2.979497e-02
2 5 2.973162e-02
72 75 2.969826e-02
2 16 2.959207e-02
79 87 2.943608e-02
35 67 2.938573e-02
74 82 2.934770e-02
32 84 2.929516e-02
39 52 2.916332e-02
20 75 2.912950e-02
11 81 2.904924e-02
3 33 2.892384e-02
19 55 2.886513e-02
22 47 2.884455e-02
24 32 2.874533e-02
37 79 2.871855e-02
17 68 2.854605e-02
5 26 2.842749e-02
43 44 2.839442e-02
76 85 2.812722e-02
22 80 2.805476e-02
31 59 2.804340e-02
30 43 2.800376e-02
24 62 2.789588e-02
29 59 2.764119e-02
65 77 2.741208e-02
19 48 2.740461e-02
65 86 2.732913e-02
22 70 2.732125e-02
12 78 2.731314e-02
35 63 2.680617e-02
12 22 2.667920e-02
28 48 2.667630e-02
38 50 2.653008e-02
48 83 2.650044e-02
46 55 2.649100e-02
42 60 2.639802e-02
1 29 2.633580e-02
35 81 2.629313e-02
20 33 2.617598e-02
39 75 2.603606e-02
40 85 2.587653e-02
22 62 2.568164e-02
59 65 2.554895e-02
30 59 2.540933e-02
2 32 2.537778e-02
39 74 2.531507e-02
1 4 2.526183e-02
26 75 2.522779e-02
11 75 2.521375e-02
37 70 2.516804e-02
34 65 2.516508e-02
5 29 2.503990e-02
33 39 2.492399e-02
15 66 2.488064e-02
70 82 2.482542e-02
51 76 2.453505e-02
2 31 2.445905e-02
3 21 2.436009e-02
11 44 2.410369e-02
2 36 2.397921e-02
15 58 2.393154e-02
19 24 2.361436e-02
54 85 2.360995e-02
25 44 2.341166e-02
1 72 2.329423e-02
66 72 2.315750e-02
56 57 2.309977e-02
56 81 2.309477e-02
22 58 2.307008e-02
46 80 2.301232e-02
74 81 2.285536e-02
76 86 2.281645e-02
8 54 2.270773e-02
8 16 2.268164e-02
10 40 2.241750e-02
2 8 2.241732e-02
2 76 2.224685e-02
41 57 2.216831e-02
76 84 2.208311e-02
15 69 2.203167e-02
41 44 2.197394e-02
28 80 2.182202e-02
27 44 2.157638e-02
3 60 2.152970e-02
36 47 2.127167e-02
60 62 2.116284e-02
24 79 2.113822e-02
51 58 2.112212e-02
62 76 2.104946e-02
64 73 2.100412e-02
25 47 2.089809e-02
74 84 2.089392e-02
35 86 2.069272e-02
17 62 2.044359e-02
7 15 2.044050e-02
6 18 2.022469e-02
27 32 2.009351e-02
46 63 2.004160e-02
2 37 2.003630e-02
23 68 1.993862e-02
77 85 1.990643e-02
20 59 1.971896e-02
19 66 1.963849e-02
37 67 1.960027e-02
3 34 1.938533e-02
76 87 1.938226e-02
12 44 1.936662e-02
40 52 1.931700e-02
3 22 1.922858e-02
14 66 1.907409e-02
21 50 1.900373e-02
47 83 1.894036e-02
72 79 1.886314e-02
73 82 1.884137e-02
42 85 1.844136e-02
69 83 1.840335e-02
22 28 1.838853e-02
27 35 1.831926e-02
69 75 1.817505e-02
35 71 1.812694e-02
27 39 1.806253e-02
21 26 1.799779e-02
28 71 1.795747e-02
11 78 1.779972e-02
7 33 1.770552e-02
48 52 1.760541e-02
33 51 1.759162e-02
11 21 1.756152e-02
5 73 1.755230e-02
67 79 1.753789e-02
26 37 1.749108e-02
56 80 1.744974e-02
65 84 1.726546e-02
56 63 1.715942e-02
19 67 1.710488e-02
4 86 1.703032e-02
52 58 1.695023e-02
56 71 1.694003e-02
3 51 1.692341e-02
70 77 1.687994e-02
4 21 1.687974e-02
74 85 1.685674e-02
27 74 1.682141e-02
26 63 1.679006e-02
3 74 1.658175e-02
20 42 1.654532e-02
72 86 1.630311e-02
66 79 1.630287e-02
4 37 1.624131e-02
7 52 1.622727e-02
39 63 1.620373e-02
22 74 1.613878e-02
3 30 1.609981e-02
53 81 1.608540e-02
12 46 1.605530e-02
25 58 1.596017e-02
29 58 1.595799e-02
1 47 1.590869e-02
31 60 1.585426e-02
35 70 1.575725e-02
2 26 1.566085e-02
29 35 1.562545e-02
15 44 1.547734e-02
17 52 1.544561e-02
51 56 1.535800e-02
33 49 1.528132e-02
30 75 1.526211e-02
53 55 1.523476e-02
13 18 1.511529e-02
61 68 1.508157e-02
6 83 1.498475e-02
22 77 1.497920e-02
15 68 1.472473e-02
71 83 1.472469e-02
28 31 1.470815e-02
27 65 1.460346e-02
2 56 1.456091e-02
6 47 1.452185e-02
1 33 1.444530e-02
33 66 1.443226e-02
46 79 1.437267e-02
74 87 1.433064e-02
47 81 1.429466e-02
3 48 1.424901e-02
10 12 1.422783e-02
4 84 1.389171e-02
14 51 1.385619e-02
46 59 1.383143e-02
35 47 1.364304e-02
3 18 1.361938e-02
17 21 1.359641e-02
2 29 1.357780e-02
24 39 1.343981e-02
2 24 1.342287e-02
19 22 1.334201e-02
46 57 1.331157e-02
4 55 1.322240e-02
17 55 1.319678e-02
87 88 1.316735e-02
16 65 1.315590e-02
17 75 1.305613e-02
1 88 1.302247e-02
75 84 1.300012e-02
44 47 1.292925e-02
30 79 1.289286e-02
28 74 1.286518e-02
6 80 1.283584e-02
51 77 1.278502e-02
21 37 1.266873e-02
9 42 1.265264e-02
35 73 1.253532e-02
2 39 1.250209e-02
2 85 1.243445e-02
1 51 1.238539e-02
21 28 1.237807e-02
30 56 1.230125e-02
2 6 1.229151e-02
16 68 1.217359e-02
86 88 1.212653e-02
15 74 1.200725e-02
3 80 1.189781e-02
84 88 1.189340e-02
34 59 1.188425e-02
2 43 1.181097e-02
7 85 1.170259e-02
55 81 1.160340e-02
1 87 1.156383e-02
1 53 1.136791e-02
2 88 1.136495e-02
7 12 1.127570e-02
20 53 1.117650e-02
83 88 1.114410e-02
28 49 1.102450e-02
82 88 1.101695e-02
20 39 1.084258e-02
3 28 1.078724e-02
43 59 1.067841e-02
6 30 1.065355e-02
19 49 1.064076e-02
81 88 1.060674e-02
71 79 1.053604e-02
4 63 1.050513e-02
28 87 1.050348e-02
5 75 1.039840e-02
1 65 1.025201e-02
3 38 1.022114e-02
85 88 1.019489e-02
35 80 1.011204e-02
3 75 9.976104e-03
3 39 9.960704e-03
4 74 9.950693e-03
5 81 9.923426e-03
8 56 9.623473e-03
60 84 9.616471e-03
1 36 9.594075e-03
11 54 9.572190e-03
2 40 9.372916e-03
42 52 9.365306e-03
73 81 9.335585e-03
63 72 9.285526e-03
2 87 9.245522e-03
35 87 9.243657e-03
19 63 9.195033e-03
29 48 9.075254e-03
14 47 9.066730e-03
8 32 8.968281e-03
1 85 8.962194e-03
1 67 8.957842e-03
35 43 8.827206e-03
53 73 8.814768e-03
1 42 8.759094e-03
80 88 8.725858e-03
4 33 8.591062e-03
3 70 8.544657e-03
3 88 8.531203e-03
28 58 8.490362e-03
17 28 8.469831e-03
77 87 8.439422e-03
19 43 8.261264e-03
60 86 8.162406e-03
24 70 8.101874e-03
79 88 8.043115e-03
1 86 8.028779e-03
51 55 7.757924e-03
1 9 7.616817e-03
28 55 7.561175e-03
3 35 7.558978e-03
34 56 7.528605e-03
40 72 7.420209e-03
53 56 7.409131e-03
33 40 7.387993e-03
1 15 7.369113e-03
4 79 7.354142e-03
2 19 7.352182e-03
29 70 7.252747e-03
71 80 7.207760e-03
41 73 7.205336e-03
2 71 7.143156e-03
22 36 7.088611e-03
1 44 6.922468e-03
32 55 6.887335e-03
29 63 6.751132e-03
3 79 6.725991e-03
33 48 6.671522e-03
19 84 6.663774e-03
57 73 6.652765e-03
39 57 6.415565e-03
33 87 6.412560e-03
43 83 6.377013e-03
4 87 6.271186e-03
59 74 6.255990e-03
78 88 6.153759e-03
15 71 6.099503e-03
63 82 5.920448e-03
44 53 5.885566e-03
29 79 5.864239e-03
9 40 5.828337e-03
63 79 5.803305e-03
49 57 5.727970e-03
18 25 5.723323e-03
16 54 5.673757e-03
70 83 5.527254e-03
59 86 5.379179e-03
28 38 5.352681e-03
45 74 5.336305e-03
26 55 5.303756e-03
2 18 5.275303e-03
6 71 5.064188e-03
1 32 4.944361e-03
4 23 4.926769e-03
53 82 4.853012e-03
4 88 4.679926e-03
75 87 4.571937e-03
64 70 4.454904e-03
12 88 4.416909e-03
15 67 4.369463e-03
43 73 4.340844e-03
21 75 4.292370e-03
1 62 4.226278e-03
26 30 4.194775e-03
6 22 4.144620e-03
23 65 4.113891e-03
33 44 3.988879e-03
28 35 3.923791e-03
3 76 3.918836e-03
5 76 3.856283e-03
1 84 3.849575e-03
18 26 3.796858e-03
2 45 3.759951e-03
66 75 3.729525e-03
29 74 3.725119e-03
3 55 3.678895e-03
7 54 3.439106e-03
17 72 3.434828e-03
29 77 3.415835e-03
31 88 3.370621e-03
30 72 3.321606e-03
2 30 3.291856e-03
64 86 3.215558e-03
20 48 3.102100e-03
3 12 3.040999e-03
2 49 3.001072e-03
20 80 2.997132e-03
28 43 2.994934e-03
1 58 2.957777e-03
75 86 2.946032e-03
46 88 2.922294e-03
2 67 2.811155e-03
4 83 2.802158e-03
10 57 2.789805e-03
2 22 2.786283e-03
28 88 2.777567e-03
2 72 2.673758e-03
5 10 2.672563e-03
67 75 2.602497e-03
34 88 2.590374e-03
20 41 2.486072e-03
75 85 2.485396e-03
1 73 2.477677e-03
1 83 2.393130e-03
1 30 2.313167e-03
48 74 2.303654e-03
76 88 2.292331e-03
1 7 2.261077e-03
37 65 2.231316e-03
1 6 2.223033e-03
30 88 2.211947e-03
10 29 2.205272e-03
44 48 2.144833e-03
18 82 2.140296e-03
77 88 2.126296e-03
25 77 2.111185e-03
21 62 2.110647e-03
2 86 2.110634e-03
48 88 2.011610e-03
18 83 1.990174e-03
14 78 1.944988e-03
52 86 1.911380e-03
6 35 1.873734e-03
55 88 1.839364e-03
73 83 1.833928e-03
37 80 1.829883e-03
14 88 1.825558e-03
17 29 1.756986e-03
7 88 1.737397e-03
22 29 1.730237e-03
65 87 1.659987e-03
47 77 1.647511e-03
57 87 1.561072e-03
6 29 1.541876e-03
27 88 1.501242e-03
3 56 1.444756e-03
2 35 1.412956e-03
18 31 1.404551e-03
48 76 1.339760e-03
3 72 1.326950e-03
5 36 1.271289e-03
24 88 1.228220e-03
55 71 1.206459e-03
49 85 1.205804e-03
27 79 1.193072e-03
1 10 1.181507e-03
6 88 9.879014e-04
35 84 9.524509e-04
60 87 8.907404e-04
32 85 8.191292e-04
1 46 7.913637e-04
31 85 7.173572e-04
8 74 6.848656e-04
27 42 6.743218e-04
48 87 6.663246e-04
3 20 6.548555e-04
1 5 5.771110e-04
29 81 5.088657e-04
32 88 4.984779e-04
1 59 4.187908e-04
1 37 4.174702e-04
35 79 3.866043e-04
75 88 3.160485e-04
33 88 2.422922e-04
12 86 1.928465e-04
18 87 1.546842e-04
47 88 1.462273e-04
74 88 1.188908e-04
16 47 1.040020e-04
1 11 7.069229e-05
15 22 6.661669e-05
4 72 5.292640e-05
29 80 -2.672574e-05
5 88 -8.890540e-05
1 82 -9.575233e-05
32 87 -1.037759e-04
2 9 -1.174821e-04
35 88 -1.676468e-04
43 56 -1.711038e-04
36 88 -2.633535e-04
3 29 -3.065756e-04
26 86 -3.527477e-04
1 27 -3.979412e-04
69 88 -4.171374e-04
73 88 -4.351499e-04
5 13 -4.351806e-04
11 80 -4.585164e-04
55 65 -5.013832e-04
24 82 -5.252822e-04
58 88 -5.413641e-04
2 82 -6.490852e-04
46 56 -7.198954e-04
72 87 -7.439294e-04
2 28 -8.083805e-04
30 83 -8.225377e-04
53 78 -8.547591e-04
73 86 -9.268282e-04
51 62 -9.782350e-04
17 80 -9.991462e-04
70 87 -1.012282e-03
70 88 -1.040381e-03
56 70 -1.165103e-03
63 74 -1.223895e-03
30 68 -1.404545e-03
74 86 -1.413575e-03
37 82 -1.413817e-03
9 18 -1.437389e-03
39 88 -1.454326e-03
37 44 -1.485980e-03
16 56 -1.537082e-03
9 50 -1.551717e-03
72 84 -1.580033e-03
35 66 -1.595053e-03
24 80 -1.644400e-03
56 82 -1.690696e-03
12 84 -1.694798e-03
30 44 -1.724922e-03
22 88 -1.728936e-03
1 18 -1.760437e-03
18 35 -1.776802e-03
36 71 -1.858645e-03
24 87 -1.911204e-03
15 88 -1.934449e-03
1 50 -1.934623e-03
19 88 -1.937081e-03
62 67 -1.984932e-03
12 15 -1.997249e-03
71 87 -1.998706e-03
37 81 -2.025903e-03
39 83 -2.055252e-03
53 88 -2.073778e-03
49 77 -2.207050e-03
68 86 -2.228369e-03
33 43 -2.246402e-03
56 88 -2.250703e-03
55 57 -2.331429e-03
37 88 -2.333287e-03
28 76 -2.359706e-03
35 83 -2.385198e-03
64 84 -2.414353e-03
53 76 -2.434799e-03
1 66 -2.460253e-03
9 57 -2.500270e-03
42 55 -2.509563e-03
1 43 -2.515974e-03
60 88 -2.531643e-03
63 88 -2.566049e-03
51 88 -2.579993e-03
41 88 -2.625130e-03
23 88 -2.625315e-03
2 17 -2.628550e-03
42 88 -2.694679e-03
29 88 -2.702137e-03
14 87 -2.737366e-03
39 56 -2.737691e-03
10 88 -2.763776e-03
1 52 -2.770335e-03
41 72 -2.805891e-03
67 88 -2.869756e-03
3 87 -2.879721e-03
72 88 -2.948220e-03
1 21 -2.957994e-03
35 39 -2.958145e-03
62 71 -3.137036e-03
18 85 -3.162467e-03
16 87 -3.172607e-03
64 88 -3.198981e-03
64 87 -3.211812e-03
28 79 -3.227227e-03
1 28 -3.282847e-03
27 87 -3.312441e-03
44 88 -3.313426e-03
3 41 -3.331080e-03
22 64 -3.342133e-03
3 45 -3.369032e-03
33 83 -3.397886e-03
16 69 -3.408235e-03
38 46 -3.415395e-03
5 83 -3.416421e-03
1 64 -3.427690e-03
3 10 -3.429782e-03
19 59 -3.443428e-03
20 88 -3.476467e-03
43 88 -3.512065e-03
2 44 -3.564237e-03
3 85 -3.603791e-03
26 88 -3.615247e-03
49 88 -3.726337e-03
1 26 -3.753684e-03
38 64 -3.758894e-03
1 49 -3.805830e-03
6 13 -3.811860e-03
9 88 -3.916265e-03
16 88 -3.933219e-03
8 51 -3.935512e-03
1 74 -3.936124e-03
71 88 -3.942620e-03
22 87 -3.942712e-03
25 88 -3.944055e-03
40 88 -3.945816e-03
28 32 -3.998907e-03
1 81 -4.009662e-03
65 88 -4.038474e-03
26 87 -4.066012e-03
1 24 -4.069305e-03
19 65 -4.083512e-03
2 21 -4.173731e-03
8 88 -4.181223e-03
54 82 -4.300186e-03
26 83 -4.302340e-03
30 87 -4.304859e-03
20 32 -4.474615e-03
67 82 -4.477465e-03
68 88 -4.583513e-03
52 87 -4.733168e-03
16 36 -4.775750e-03
19 87 -4.791006e-03
30 50 -4.792317e-03
59 71 -4.809104e-03
37 59 -4.874528e-03
11 88 -4.939414e-03
18 88 -4.996052e-03
59 88 -5.047334e-03
1 60 -5.110422e-03
21 88 -5.157097e-03
6 55 -5.161960e-03
57 72 -5.172373e-03
45 88 -5.209197e-03
38 88 -5.218345e-03
2 46 -5.225226e-03
1 31 -5.234213e-03
48 82 -5.309385e-03
8 71 -5.317562e-03
53 77 -5.351875e-03
1 56 -5.373385e-03
17 88 -5.403776e-03
62 88 -5.403886e-03
26 36 -5.453461e-03
18 59 -5.454558e-03
39 66 -5.506793e-03
39 55 -5.661814e-03
32 42 -5.678194e-03
1 55 -5.686499e-03
45 62 -5.700036e-03
63 76 -5.718582e-03
21 29 -5.739849e-03
63 83 -5.918585e-03
67 84 -5.945238e-03
50 88 -6.011247e-03
30 77 -6.034858e-03
20 86 -6.110450e-03
2 27 -6.189081e-03
1 48 -6.243816e-03
7 87 -6.280712e-03
15 60 -6.391215e-03
2 34 -6.479002e-03
25 43 -6.494017e-03
47 87 -6.541486e-03
61 88 -6.563927e-03
41 68 -6.578931e-03
13 88 -6.587781e-03
35 85 -6.605759e-03
25 33 -6.632748e-03
52 88 -6.660066e-03
66 88 -6.688475e-03
12 87 -6.691759e-03
40 51 -6.767138e-03
4 45 -6.780468e-03
37 86 -6.854952e-03
72 80 -6.867740e-03
21 56 -6.899891e-03
47 80 -6.908180e-03
4 47 -7.020177e-03
51 75 -7.086422e-03
54 88 -7.089618e-03
4 85 -7.109497e-03
32 86 -7.145397e-03
53 87 -7.146067e-03
8 10 -7.182145e-03
57 88 -7.292910e-03
57 70 -7.325246e-03
47 79 -7.420769e-03
18 33 -7.448213e-03
62 77 -7.484894e-03
20 85 -7.539119e-03
45 77 -7.705998e-03
1 39 -7.832824e-03
15 87 -7.836544e-03
54 66 -7.914169e-03
2 84 -7.920763e-03
32 67 -7.939894e-03
2 63 -7.993371e-03
20 82 -7.993717e-03
29 40 -8.033236e-03
4 44 -8.097946e-03
17 33 -8.100703e-03
10 41 -8.167385e-03
30 58 -8.202430e-03
4 82 -8.229437e-03
2 60 -8.338792e-03
36 87 -8.348571e-03
17 83 -8.469366e-03
18 54 -8.500295e-03
42 47 -8.537991e-03
37 87 -8.562529e-03
1 68 -8.580215e-03
1 23 -8.635353e-03
41 80 -8.716521e-03
2 10 -8.780954e-03
1 13 -8.791999e-03
11 33 -8.992813e-03
8 83 -8.995713e-03
15 47 -9.020362e-03
6 64 -9.027650e-03
59 87 -9.042168e-03
11 37 -9.046692e-03
19 41 -9.076888e-03
9 36 -9.095777e-03
57 63 -9.114303e-03
36 75 -9.126708e-03
16 72 -9.142435e-03
37 48 -9.188149e-03
3 77 -9.207302e-03
2 81 -9.331085e-03
56 87 -9.427034e-03
1 80 -9.446238e-03
26 79 -9.506975e-03
1 77 -9.688074e-03
48 78 -9.697523e-03
47 86 -9.703173e-03
35 49 -9.717097e-03
19 72 -9.721640e-03
17 67 -9.770850e-03
43 82 -9.845465e-03
2 47 -9.860347e-03
62 87 -9.905952e-03
17 59 -9.920675e-03
33 82 -9.947860e-03
2 80 -9.979289e-03
19 70 -1.001431e-02
35 52 -1.002775e-02
18 36 -1.002989e-02
39 87 -1.008986e-02
6 79 -1.011338e-02
4 27 -1.012486e-02
69 87 -1.023230e-02
51 78 -1.028833e-02
39 81 -1.034732e-02
73 87 -1.035285e-02
1 34 -1.037697e-02
29 87 -1.038190e-02
26 81 -1.038923e-02
31 56 -1.039689e-02
50 79 -1.041923e-02
2 59 -1.043217e-02
6 17 -1.046071e-02
34 55 -1.057146e-02
29 86 -1.059117e-02
52 81 -1.062021e-02
25 87 -1.073346e-02
51 66 -1.079062e-02
32 80 -1.080090e-02
2 33 -1.081056e-02
35 56 -1.101981e-02
8 87 -1.104543e-02
34 44 -1.104544e-02
36 44 -1.105994e-02
1 8 -1.113175e-02
17 61 -1.115686e-02
47 70 -1.124322e-02
51 79 -1.124452e-02
11 87 -1.130825e-02
28 36 -1.138258e-02
5 87 -1.138484e-02
3 15 -1.139983e-02
12 38 -1.144923e-02
11 71 -1.149294e-02
9 33 -1.150358e-02
53 83 -1.150904e-02
5 78 -1.153744e-02
43 64 -1.157628e-02
19 86 -1.161137e-02
48 86 -1.172429e-02
44 87 -1.175970e-02
1 70 -1.177831e-02
1 20 -1.183084e-02
43 53 -1.183180e-02
49 87 -1.192336e-02
1 63 -1.198476e-02
38 85 -1.202938e-02
1 76 -1.211791e-02
3 43 -1.221445e-02
19 37 -1.230562e-02
30 81 -1.240472e-02
6 81 -1.241474e-02
2 75 -1.254130e-02
19 82 -1.254183e-02
18 86 -1.257359e-02
18 46 -1.260030e-02
33 80 -1.263609e-02
3 31 -1.264007e-02
1 61 -1.267690e-02
69 82 -1.272016e-02
26 82 -1.273209e-02
55 77 -1.283050e-02
44 86 -1.284101e-02
21 87 -1.285636e-02
49 74 -1.286062e-02
20 87 -1.290617e-02
46 85 -1.291840e-02
59 82 -1.294852e-02
30 86 -1.294967e-02
46 87 -1.297031e-02
33 85 -1.301320e-02
2 78 -1.302366e-02
24 77 -1.302980e-02
50 53 -1.303918e-02
52 84 -1.305035e-02
73 80 -1.306951e-02
10 61 -1.308333e-02
1 17 -1.310616e-02
11 74 -1.312553e-02
17 87 -1.317264e-02
1 22 -1.319779e-02
2 79 -1.322966e-02
23 28 -1.323606e-02
8 73 -1.327800e-02
50 76 -1.328375e-02
31 44 -1.332001e-02
29 75 -1.342020e-02
2 38 -1.346771e-02
2 77 -1.353308e-02
39 59 -1.353799e-02
1 41 -1.354111e-02
48 69 -1.363290e-02
13 87 -1.363624e-02
28 83 -1.364492e-02
12 70 -1.365363e-02
41 87 -1.366260e-02
30 85 -1.367596e-02
19 46 -1.367878e-02
51 70 -1.376713e-02
21 82 -1.381466e-02
35 41 -1.392865e-02
2 65 -1.399343e-02
1 14 -1.413008e-02
37 83 -1.413439e-02
2 83 -1.422811e-02
24 83 -1.424986e-02
55 87 -1.428943e-02
1 12 -1.438377e-02
30 82 -1.443863e-02
57 84 -1.444396e-02
48 81 -1.448214e-02
20 28 -1.451589e-02
3 71 -1.451677e-02
50 87 -1.454355e-02
44 82 -1.456391e-02
5 84 -1.458222e-02
70 84 -1.459776e-02
70 78 -1.459833e-02
2 53 -1.461787e-02
52 79 -1.462384e-02
2 13 -1.465508e-02
7 74 -1.465854e-02
34 87 -1.472705e-02
18 81 -1.475564e-02
40 63 -1.476154e-02
1 69 -1.476507e-02
28 82 -1.477519e-02
3 67 -1.483784e-02
5 45 -1.488516e-02
66 87 -1.495189e-02
31 55 -1.498481e-02
1 79 -1.501715e-02
1 40 -1.502674e-02
26 66 -1.507450e-02
61 86 -1.508696e-02
24 86 -1.511133e-02
20 57 -1.511320e-02
59 84 -1.511535e-02
48 58 -1.513347e-02
40 84 -1.513424e-02
31 87 -1.514159e-02
61 85 -1.516322e-02
49 78 -1.522222e-02
31 84 -1.527452e-02
18 74 -1.529618e-02
63 87 -1.537707e-02
19 29 -1.545329e-02
68 87 -1.546108e-02
43 87 -1.546429e-02
15 84 -1.551091e-02
11 35 -1.560413e-02
7 23 -1.566716e-02
6 74 -1.574219e-02
49 83 -1.576272e-02
54 86 -1.578599e-02
14 50 -1.580943e-02
2 74 -1.585861e-02
53 86 -1.586214e-02
21 72 -1.588857e-02
47 73 -1.594653e-02
1 25 -1.600040e-02
51 87 -1.604612e-02
44 83 -1.606965e-02
54 84 -1.613050e-02
49 82 -1.615185e-02
17 66 -1.619684e-02
33 86 -1.622353e-02
68 74 -1.632876e-02
19 83 -1.633140e-02
43 84 -1.646839e-02
58 86 -1.653623e-02
1 35 -1.654285e-02
56 84 -1.654914e-02
6 26 -1.665850e-02
2 69 -1.673580e-02
7 38 -1.674097e-02
39 86 -1.683133e-02
24 34 -1.686490e-02
9 87 -1.690935e-02
30 70 -1.697583e-02
1 71 -1.700972e-02
34 40 -1.706583e-02
3 23 -1.710362e-02
2 14 -1.716688e-02
71 84 -1.723726e-02
29 46 -1.725877e-02
26 49 -1.725956e-02
1 19 -1.727494e-02
71 86 -1.744367e-02
23 54 -1.756263e-02
6 82 -1.766705e-02
36 42 -1.768748e-02
44 55 -1.772881e-02
21 55 -1.780300e-02
45 51 -1.790542e-02
26 34 -1.790545e-02
42 87 -1.794804e-02
4 7 -1.795420e-02
61 87 -1.809295e-02
37 85 -1.809454e-02
70 86 -1.809882e-02
21 35 -1.810969e-02
58 87 -1.820442e-02
30 48 -1.822327e-02
33 56 -1.830369e-02
32 74 -1.831495e-02
2 66 -1.836061e-02
55 86 -1.836449e-02
24 36 -1.837556e-02
22 86 -1.839353e-02
66 84 -1.849341e-02
5 14 -1.851055e-02
15 85 -1.852579e-02
37 72 -1.854267e-02
8 63 -1.864044e-02
6 32 -1.864746e-02
22 82 -1.866733e-02
5 28 -1.873312e-02
3 50 -1.878349e-02
59 80 -1.882648e-02
42 56 -1.889691e-02
48 85 -1.894839e-02
1 38 -1.897032e-02
1 57 -1.897251e-02
6 72 -1.898126e-02
68 84 -1.924281e-02
4 48 -1.929917e-02
16 66 -1.936037e-02
52 82 -1.940700e-02
3 86 -1.943883e-02
24 50 -1.951390e-02
37 54 -1.954006e-02
4 66 -1.957726e-02
2 12 -1.960260e-02
16 34 -1.960328e-02
24 74 -1.965541e-02
44 85 -1.967811e-02
27 86 -1.972319e-02
8 47 -1.974036e-02
6 87 -1.974165e-02
26 84 -1.974250e-02
4 56 -1.977210e-02
2 64 -1.978216e-02
23 50 -1.978567e-02
39 49 -1.985677e-02
60 75 -1.989196e-02
67 87 -1.990865e-02
10 19 -1.993166e-02
26 29 -1.997840e-02
59 83 -2.004963e-02
18 72 -2.007587e-02
7 84 -2.035196e-02
11 53 -2.035876e-02
5 82 -2.040744e-02
21 85 -2.043524e-02
5 19 -2.045376e-02
48 72 -2.046374e-02
56 85 -2.046457e-02
50 77 -2.046522e-02
4 46 -2.048200e-02
50 86 -2.054468e-02
47 82 -2.055393e-02
17 46 -2.057405e-02
26 51 -2.060794e-02
43 86 -2.073194e-02
3 73 -2.076955e-02
18 43 -2.077606e-02
17 65 -2.083278e-02
18 84 -2.089338e-02
36 86 -2.099104e-02
68 82 -2.099868e-02
45 87 -2.101549e-02
41 86 -2.103017e-02
15 30 -2.120170e-02
57 67 -2.125131e-02
51 81 -2.142597e-02
40 87 -2.145869e-02
13 33 -2.146375e-02
46 52 -2.153275e-02
5 46 -2.157067e-02
2 73 -2.164584e-02
14 33 -2.164842e-02
3 7 -2.165558e-02
1 54 -2.175486e-02
1 16 -2.195212e-02
14 27 -2.197534e-02
23 85 -2.201116e-02
29 49 -2.211632e-02
7 70 -2.215846e-02
23 87 -2.216989e-02
21 86 -2.219073e-02
22 81 -2.224770e-02
32 41 -2.230606e-02
29 56 -2.230708e-02
30 84 -2.237917e-02
25 57 -2.240018e-02
63 64 -2.241062e-02
20 83 -2.244519e-02
3 63 -2.251209e-02
48 84 -2.251681e-02
1 75 -2.257055e-02
40 62 -2.260936e-02
17 39 -2.264636e-02
28 77 -2.270588e-02
51 80 -2.279846e-02
55 82 -2.280579e-02
64 83 -2.283881e-02
56 86 -2.287674e-02
73 79 -2.294639e-02
22 78 -2.300956e-02
14 49 -2.302845e-02
24 49 -2.303912e-02
29 83 -2.306432e-02
10 87 -2.308856e-02
54 87 -2.319181e-02
11 83 -2.323530e-02
38 86 -2.330940e-02
4 12 -2.331933e-02
49 53 -2.333999e-02
53 60 -2.340490e-02
49 63 -2.360783e-02
27 83 -2.363414e-02
62 86 -2.365444e-02
15 86 -2.365668e-02
2 11 -2.367068e-02
8 86 -2.369678e-02
51 83 -2.370708e-02
66 86 -2.378083e-02
16 48 -2.381392e-02
33 81 -2.389301e-02
28 50 -2.390423e-02
28 75 -2.390506e-02
6 70 -2.393797e-02
54 67 -2.401180e-02
67 80 -2.401649e-02
66 83 -2.402114e-02
13 15 -2.408694e-02
47 66 -2.420256e-02
38 87 -2.421903e-02
39 64 -2.422281e-02
3 32 -2.432029e-02
11 39 -2.435948e-02
24 68 -2.444474e-02
28 81 -2.445985e-02
1 45 -2.446981e-02
67 86 -2.452454e-02
14 73 -2.454304e-02
25 31 -2.461066e-02
3 65 -2.462716e-02
12 13 -2.466510e-02
6 43 -2.472492e-02
56 83 -2.472979e-02
48 55 -2.476374e-02
46 83 -2.478108e-02
23 30 -2.483015e-02
54 79 -2.485029e-02
25 85 -2.485400e-02
18 40 -2.487621e-02
17 69 -2.497112e-02
28 70 -2.500986e-02
12 82 -2.511770e-02
20 62 -2.512880e-02
15 25 -2.514679e-02
51 86 -2.516241e-02
63 86 -2.517682e-02
7 86 -2.518198e-02
51 74 -2.518492e-02
28 52 -2.520372e-02
21 67 -2.544700e-02
28 73 -2.545287e-02
25 86 -2.550655e-02
5 86 -2.553100e-02
30 71 -2.556706e-02
60 81 -2.558159e-02
32 75 -2.564804e-02
36 83 -2.573173e-02
20 81 -2.573548e-02
63 65 -2.576702e-02
49 86 -2.580629e-02
3 13 -2.584197e-02
15 79 -2.589728e-02
65 82 -2.591939e-02
43 81 -2.598886e-02
17 79 -2.599677e-02
18 24 -2.600210e-02
20 60 -2.602103e-02
1 78 -2.605306e-02
29 72 -2.606027e-02
30 51 -2.608530e-02
46 82 -2.620368e-02
52 70 -2.624677e-02
38 84 -2.646270e-02
49 84 -2.646768e-02
18 79 -2.648035e-02
53 84 -2.648758e-02
64 82 -2.649555e-02
3 44 -2.668530e-02
13 28 -2.670177e-02
46 81 -2.673776e-02
24 42 -2.678410e-02
57 66 -2.686680e-02
3 11 -2.688552e-02
63 84 -2.694168e-02
55 83 -2.695614e-02
41 83 -2.697236e-02
22 69 -2.698250e-02
73 85 -2.703162e-02
42 84 -2.706345e-02
29 51 -2.707588e-02
21 39 -2.707957e-02
27 84 -2.709821e-02
16 86 -2.715672e-02
41 55 -2.716434e-02
30 80 -2.716852e-02
49 73 -2.720015e-02
59 77 -2.720620e-02
15 35 -2.720822e-02
41 84 -2.744248e-02
37 84 -2.744459e-02
28 86 -2.749031e-02
69 80 -2.750740e-02
72 81 -2.754469e-02
21 32 -2.768641e-02
66 81 -2.770486e-02
49 80 -2.777050e-02
72 77 -2.785712e-02
28 59 -2.786243e-02
50 81 -2.787065e-02
13 49 -2.797019e-02
11 86 -2.802855e-02
18 58 -2.803698e-02
45 84 -2.817501e-02
2 51 -2.828167e-02
4 32 -2.837552e-02
11 63 -2.839063e-02
58 84 -2.846378e-02
13 86 -2.848945e-02
23 37 -2.853061e-02
10 36 -2.854562e-02
24 60 -2.856230e-02
24 45 -2.859812e-02
19 80 -2.861205e-02
10 71 -2.863310e-02
21 83 -2.863678e-02
45 86 -2.867093e-02
63 80 -2.869752e-02
17 84 -2.871303e-02
43 75 -2.874176e-02
27 33 -2.877575e-02
21 73 -2.886239e-02
27 54 -2.889461e-02
50 78 -2.891704e-02
13 19 -2.893824e-02
32 76 -2.909844e-02
26 85 -2.913270e-02
46 86 -2.915466e-02
21 81 -2.923094e-02
4 40 -2.925357e-02
64 80 -2.926184e-02
64 74 -2.931217e-02
25 34 -2.932658e-02
6 75 -2.960166e-02
46 58 -2.964807e-02
62 68 -2.965909e-02
39 85 -2.968588e-02
20 27 -2.968896e-02
46 50 -2.971106e-02
48 63 -2.971646e-02
40 86 -2.974867e-02
5 34 -2.978094e-02
25 59 -2.979578e-02
24 53 -2.986411e-02
48 80 -2.993912e-02
50 84 -3.001201e-02
39 82 -3.001793e-02
29 47 -3.005200e-02
2 50 -3.008219e-02
21 71 -3.013701e-02
2 54 -3.023435e-02
27 78 -3.037526e-02
52 69 -3.045118e-02
41 50 -3.052550e-02
24 52 -3.054835e-02
45 70 -3.055256e-02
7 58 -3.062090e-02
41 53 -3.078535e-02
68 85 -3.087080e-02
38 65 -3.087726e-02
65 81 -3.091307e-02
12 83 -3.095457e-02
31 80 -3.100665e-02
15 28 -3.102267e-02
59 79 -3.105687e-02
34 86 -3.106959e-02
65 83 -3.109516e-02
22 83 -3.116660e-02
2 41 -3.123154e-02
18 53 -3.128628e-02
39 40 -3.132790e-02
54 81 -3.133762e-02
39 80 -3.143794e-02
15 70 -3.144991e-02
3 9 -3.147528e-02
30 52 -3.150184e-02
20 58 -3.151521e-02
8 82 -3.152550e-02
23 64 -3.156123e-02
11 79 -3.167458e-02
32 51 -3.178936e-02
21 33 -3.179031e-02
39 84 -3.188026e-02
5 39 -3.192174e-02
3 52 -3.193692e-02
62 83 -3.195086e-02
67 77 -3.204371e-02
19 81 -3.206818e-02
2 15 -3.211874e-02
4 41 -3.213300e-02
21 54 -3.213895e-02
10 33 -3.222470e-02
23 86 -3.228370e-02
47 60 -3.239716e-02
12 26 -3.247148e-02
2 55 -3.247595e-02
15 83 -3.248802e-02
16 41 -3.256623e-02
27 80 -3.264313e-02
22 84 -3.265309e-02
73 84 -3.268824e-02
20 36 -3.277292e-02
29 76 -3.278439e-02
53 57 -3.278946e-02
55 79 -3.280945e-02
35 78 -3.283043e-02
50 83 -3.286158e-02
56 79 -3.291256e-02
18 57 -3.302314e-02
25 74 -3.309841e-02
2 7 -3.311524e-02
2 61 -3.322064e-02
9 59 -3.323341e-02
14 71 -3.327616e-02
42 45 -3.328304e-02
10 86 -3.328630e-02
2 42 -3.330361e-02
27 82 -3.332045e-02
64 76 -3.332894e-02
72 83 -3.337327e-02
33 73 -3.337435e-02
28 84 -3.341074e-02
41 69 -3.343014e-02
41 82 -3.344607e-02
6 28 -3.345934e-02
2 52 -3.347097e-02
45 72 -3.351914e-02
68 75 -3.361414e-02
36 39 -3.362827e-02
50 57 -3.373762e-02
59 73 -3.378572e-02
47 84 -3.380623e-02
68 83 -3.389679e-02
15 75 -3.390605e-02
53 59 -3.391555e-02
17 56 -3.402392e-02
22 30 -3.403470e-02
22 55 -3.403948e-02
18 77 -3.405714e-02
6 37 -3.407278e-02
43 80 -3.410621e-02
4 78 -3.410894e-02
44 62 -3.425606e-02
59 75 -3.431126e-02
31 75 -3.432218e-02
3 57 -3.438355e-02
27 55 -3.440524e-02
3 42 -3.441940e-02
35 61 -3.444071e-02
60 82 -3.446823e-02
25 36 -3.447538e-02
34 47 -3.455075e-02
16 37 -3.456819e-02
33 84 -3.457384e-02
5 60 -3.466699e-02
52 83 -3.469291e-02
50 75 -3.474351e-02
10 59 -3.478405e-02
3 40 -3.483373e-02
20 37 -3.486521e-02
6 84 -3.503072e-02
2 48 -3.503576e-02
21 68 -3.504121e-02
30 64 -3.506406e-02
17 31 -3.506781e-02
51 84 -3.516450e-02
64 81 -3.525208e-02
21 57 -3.541098e-02
72 82 -3.542970e-02
35 64 -3.551056e-02
43 79 -3.566889e-02
35 82 -3.568096e-02
18 27 -3.575851e-02
31 52 -3.582561e-02
62 73 -3.591324e-02
3 58 -3.605260e-02
53 80 -3.606774e-02
45 65 -3.609923e-02
67 78 -3.613930e-02
70 85 -3.623438e-02
55 67 -3.626264e-02
55 84 -3.638355e-02
40 59 -3.638430e-02
71 85 -3.639136e-02
35 62 -3.639511e-02
59 85 -3.654662e-02
8 58 -3.655773e-02
31 54 -3.657467e-02
20 84 -3.661144e-02
14 61 -3.667294e-02
57 85 -3.674770e-02
20 79 -3.676590e-02
19 39 -3.677025e-02
13 69 -3.685262e-02
42 86 -3.704839e-02
5 16 -3.708932e-02
44 81 -3.710573e-02
4 62 -3.713226e-02
22 41 -3.724163e-02
17 86 -3.735976e-02
27 70 -3.738334e-02
3 68 -3.742147e-02
3 84 -3.762980e-02
17 70 -3.766987e-02
17 81 -3.769832e-02
54 68 -3.770304e-02
3 26 -3.772534e-02
52 75 -3.772756e-02
44 60 -3.788325e-02
10 64 -3.788571e-02
50 80 -3.806145e-02
24 64 -3.806668e-02
20 24 -3.807769e-02
29 73 -3.807827e-02
7 72 -3.810631e-02
59 81 -3.815901e-02
2 58 -3.819143e-02
58 85 -3.824678e-02
58 63 -3.825132e-02
20 31 -3.834024e-02
11 85 -3.837226e-02
10 42 -3.842314e-02
60 83 -3.867577e-02
19 62 -3.871136e-02
23 47 -3.872347e-02
37 38 -3.874396e-02
12 35 -3.874637e-02
44 84 -3.875125e-02
46 67 -3.880152e-02
3 83 -3.891750e-02
15 26 -3.892402e-02
26 31 -3.893278e-02
3 69 -3.896920e-02
69 84 -3.909073e-02
15 64 -3.909081e-02
69 86 -3.919072e-02
43 57 -3.920227e-02
17 34 -3.923862e-02
10 75 -3.924069e-02
41 81 -3.924240e-02
17 85 -3.931122e-02
14 23 -3.931605e-02
24 67 -3.932153e-02
32 82 -3.933402e-02
40 80 -3.933407e-02
25 84 -3.943579e-02
24 37 -3.945092e-02
2 25 -3.957384e-02
32 73 -3.958600e-02
14 84 -3.962665e-02
3 82 -3.973738e-02
66 82 -3.974316e-02
2 57 -3.980173e-02
7 56 -3.981586e-02
11 43 -3.988791e-02
40 67 -3.989607e-02
42 72 -3.990872e-02
10 72 -3.994372e-02
68 69 -3.997112e-02
22 63 -4.007384e-02
3 62 -4.018687e-02
21 34 -4.020861e-02
26 78 -4.021951e-02
3 46 -4.024949e-02
20 72 -4.035118e-02
18 37 -4.038814e-02
68 73 -4.039760e-02
57 64 -4.042687e-02
62 82 -4.048354e-02
32 63 -4.049110e-02
49 55 -4.056548e-02
16 84 -4.059277e-02
21 84 -4.062445e-02
18 80 -4.070564e-02
48 54 -4.073928e-02
45 85 -4.082645e-02
6 86 -4.086202e-02
11 84 -4.093454e-02
35 51 -4.093467e-02
11 40 -4.123161e-02
19 34 -4.125382e-02
29 54 -4.127125e-02
30 46 -4.135417e-02
29 82 -4.137102e-02
19 68 -4.140222e-02
32 81 -4.143918e-02
51 82 -4.144630e-02
2 23 -4.146571e-02
36 82 -4.146925e-02
28 37 -4.156030e-02
21 48 -4.158917e-02
45 67 -4.171014e-02
39 76 -4.172174e-02
55 78 -4.174973e-02
64 71 -4.177378e-02
48 73 -4.177814e-02
6 77 -4.179211e-02
32 59 -4.185757e-02
58 82 -4.193755e-02
11 82 -4.204277e-02
10 25 -4.206390e-02
18 44 -4.206658e-02
31 86 -4.208037e-02
31 43 -4.230455e-02
24 76 -4.240735e-02
60 80 -4.242949e-02
12 62 -4.247092e-02
24 78 -4.247172e-02
27 60 -4.249345e-02
14 22 -4.257872e-02
6 67 -4.258261e-02
24 31 -4.268522e-02
21 80 -4.269897e-02
26 42 -4.307008e-02
29 85 -4.317073e-02
12 28 -4.333863e-02
35 46 -4.337989e-02
27 81 -4.338608e-02
50 74 -4.348334e-02
46 84 -4.348723e-02
8 68 -4.350148e-02
50 61 -4.353157e-02
44 51 -4.363417e-02
3 53 -4.364062e-02
14 85 -4.365387e-02
14 46 -4.374121e-02
7 27 -4.391753e-02
41 75 -4.392975e-02
27 36 -4.396712e-02
11 56 -4.404014e-02
8 76 -4.412282e-02
57 83 -4.437093e-02
13 56 -4.439246e-02
30 73 -4.472448e-02
49 59 -4.478306e-02
16 85 -4.497783e-02
42 51 -4.498502e-02
27 31 -4.506216e-02
8 19 -4.506436e-02
11 67 -4.507351e-02
10 45 -4.513068e-02
12 81 -4.513545e-02
63 78 -4.515147e-02
65 76 -4.518466e-02
60 74 -4.521864e-02
50 82 -4.535214e-02
35 45 -4.559176e-02
14 52 -4.568632e-02
69 81 -4.570094e-02
67 76 -4.578247e-02
24 84 -4.582629e-02
27 85 -4.584078e-02
9 86 -4.593128e-02
10 54 -4.597182e-02
22 71 -4.597546e-02
31 78 -4.604533e-02
32 83 -4.632335e-02
33 47 -4.638719e-02
22 32 -4.640435e-02
3 8 -4.641168e-02
31 65 -4.645738e-02
26 71 -4.648511e-02
8 79 -4.648775e-02
6 24 -4.650991e-02
52 85 -4.651798e-02
10 82 -4.656339e-02
21 76 -4.659510e-02
49 81 -4.673029e-02
37 66 -4.674402e-02
20 70 -4.677737e-02
34 83 -4.689763e-02
43 85 -4.693019e-02
56 67 -4.702203e-02
15 43 -4.708551e-02
31 83 -4.716105e-02
21 24 -4.720502e-02
6 38 -4.730527e-02
4 75 -4.734965e-02
8 84 -4.737826e-02
41 63 -4.740032e-02
33 59 -4.743469e-02
58 83 -4.744213e-02
43 58 -4.745923e-02
58 70 -4.746036e-02
32 43 -4.748826e-02
61 84 -4.751223e-02
28 65 -4.769231e-02
45 53 -4.773069e-02
9 84 -4.775262e-02
68 81 -4.778652e-02
12 57 -4.787996e-02
27 62 -4.788709e-02
40 83 -4.799972e-02
45 83 -4.800000e-02
8 44 -4.804387e-02
40 65 -4.811126e-02
57 86 -4.811639e-02
22 85 -4.816638e-02
22 35 -4.818421e-02
21 59 -4.822110e-02
10 83 -4.827858e-02
26 53 -4.838160e-02
21 41 -4.842023e-02
8 60 -4.849307e-02
11 65 -4.849801e-02
19 79 -4.860487e-02
15 37 -4.861550e-02
29 84 -4.867605e-02
41 70 -4.891110e-02
15 48 -4.895899e-02
62 74 -4.898577e-02
12 80 -4.910516e-02
2 62 -4.916438e-02
32 58 -4.917359e-02
51 67 -4.925202e-02
16 83 -4.933448e-02
4 15 -4.933607e-02
23 83 -4.942695e-02
34 57 -4.944426e-02
22 34 -4.945381e-02
36 51 -4.947165e-02
13 83 -4.949273e-02
67 83 -4.951453e-02
65 71 -4.955054e-02
3 14 -4.958506e-02
22 37 -4.959812e-02
43 76 -4.969459e-02
3 36 -4.983015e-02
30 67 -4.983619e-02
16 82 -4.988004e-02
26 77 -4.999879e-02
56 69 -5.001832e-02
21 27 -5.005783e-02
62 72 -5.007537e-02
53 85 -5.010358e-02
6 59 -5.011973e-02
17 40 -5.024216e-02
35 59 -5.034689e-02
22 33 -5.036327e-02
4 67 -5.041329e-02
27 67 -5.049588e-02
20 55 -5.052485e-02
21 74 -5.056946e-02
47 67 -5.057256e-02
16 43 -5.059010e-02
41 71 -5.066433e-02
10 80 -5.075360e-02
44 70 -5.081090e-02
6 21 -5.086267e-02
7 19 -5.094630e-02
31 51 -5.097488e-02
3 64 -5.110585e-02
36 74 -5.113091e-02
66 85 -5.126309e-02
17 49 -5.131852e-02
33 65 -5.132613e-02
37 62 -5.137303e-02
16 50 -5.140489e-02
25 82 -5.159403e-02
6 36 -5.166682e-02
7 35 -5.181344e-02
46 74 -5.193628e-02
52 77 -5.196680e-02
19 85 -5.208983e-02
72 78 -5.209253e-02
17 82 -5.226961e-02
28 64 -5.234417e-02
34 84 -5.237034e-02
15 55 -5.244730e-02
11 51 -5.248726e-02
64 79 -5.253240e-02
17 37 -5.263090e-02
9 55 -5.264559e-02
2 20 -5.266091e-02
36 85 -5.271169e-02
22 51 -5.272703e-02
19 53 -5.277154e-02
18 70 -5.277966e-02
63 68 -5.281124e-02
35 58 -5.292636e-02
38 66 -5.298982e-02
17 38 -5.325514e-02
44 80 -5.352665e-02
15 51 -5.357706e-02
8 70 -5.358509e-02
35 60 -5.376117e-02
31 81 -5.387697e-02
14 44 -5.405107e-02
57 74 -5.410478e-02
50 85 -5.417979e-02
39 54 -5.428139e-02
14 86 -5.428350e-02
23 84 -5.430380e-02
24 51 -5.438492e-02
47 58 -5.457958e-02
3 66 -5.460654e-02
14 21 -5.465323e-02
44 57 -5.468099e-02
27 47 -5.469192e-02
16 60 -5.472184e-02
19 58 -5.475300e-02
18 51 -5.481568e-02
41 85 -5.528777e-02
22 46 -5.535162e-02
18 68 -5.550304e-02
15 81 -5.561500e-02
22 76 -5.569308e-02
21 36 -5.571615e-02
12 50 -5.578837e-02
40 82 -5.579406e-02
23 52 -5.601426e-02
5 40 -5.612197e-02
30 42 -5.621793e-02
11 26 -5.629976e-02
19 31 -5.631889e-02
48 56 -5.633393e-02
7 68 -5.634377e-02
18 67 -5.635953e-02
36 46 -5.637357e-02
15 82 -5.662007e-02
57 68 -5.664804e-02
23 48 -5.666826e-02
45 82 -5.679409e-02
23 26 -5.681381e-02
5 32 -5.686939e-02
41 56 -5.687691e-02
17 58 -5.690050e-02
17 60 -5.691642e-02
13 42 -5.705548e-02
33 46 -5.709326e-02
24 59 -5.712766e-02
3 16 -5.714821e-02
13 76 -5.719410e-02
14 81 -5.730713e-02
55 76 -5.737458e-02
41 74 -5.744600e-02
15 65 -5.756383e-02
58 81 -5.765768e-02
8 81 -5.768120e-02
36 72 -5.769616e-02
27 51 -5.785539e-02
46 64 -5.793025e-02
4 77 -5.796726e-02
69 79 -5.800703e-02
62 84 -5.800961e-02
50 60 -5.807469e-02
4 69 -5.823262e-02
62 75 -5.838755e-02
4 25 -5.839406e-02
34 46 -5.867684e-02
46 68 -5.867794e-02
48 79 -5.868438e-02
7 83 -5.873074e-02
14 72 -5.874427e-02
63 81 -5.877573e-02
36 81 -5.910361e-02
17 30 -5.917337e-02
71 77 -5.921460e-02
11 38 -5.922610e-02
61 83 -5.955006e-02
26 76 -5.956261e-02
24 69 -5.979460e-02
24 81 -5.986678e-02
32 72 -5.995378e-02
54 80 -6.010425e-02
34 75 -6.014257e-02
13 79 -6.017073e-02
25 48 -6.020624e-02
44 79 -6.023072e-02
9 74 -6.033955e-02
9 85 -6.035277e-02
11 58 -6.038794e-02
39 60 -6.054271e-02
27 46 -6.057335e-02
25 27 -6.062199e-02
40 48 -6.063161e-02
33 58 -6.069141e-02
12 79 -6.081835e-02
10 26 -6.084042e-02
23 82 -6.097683e-02
17 64 -6.107752e-02
16 81 -6.109053e-02
53 74 -6.131454e-02
20 54 -6.133759e-02
25 75 -6.145161e-02
37 75 -6.147639e-02
34 82 -6.152044e-02
6 78 -6.164021e-02
12 77 -6.181121e-02
45 71 -6.187486e-02
50 69 -6.198236e-02
61 82 -6.212727e-02
16 33 -6.219606e-02
36 70 -6.220778e-02
36 56 -6.221228e-02
39 72 -6.229059e-02
7 47 -6.229932e-02
24 85 -6.251915e-02
37 58 -6.269202e-02
6 53 -6.285860e-02
18 75 -6.297831e-02
43 78 -6.297881e-02
31 58 -6.301978e-02
8 49 -6.305449e-02
59 69 -6.306790e-02
11 61 -6.314677e-02
40 81 -6.319819e-02
37 78 -6.324600e-02
32 40 -6.331604e-02
58 64 -6.342553e-02
17 26 -6.347878e-02
5 43 -6.357663e-02
26 32 -6.362229e-02
57 75 -6.366630e-02
8 80 -6.367446e-02
42 82 -6.375039e-02
13 82 -6.380593e-02
45 75 -6.388304e-02
10 84 -6.421326e-02
21 65 -6.446431e-02
52 74 -6.447185e-02
39 50 -6.447788e-02
50 58 -6.456139e-02
6 50 -6.471350e-02
26 50 -6.474747e-02
42 79 -6.478150e-02
33 79 -6.482453e-02
58 79 -6.489798e-02
10 73 -6.520609e-02
5 57 -6.533065e-02
11 60 -6.537721e-02
35 44 -6.546869e-02
30 76 -6.551062e-02
57 82 -6.551687e-02
22 39 -6.551794e-02
11 59 -6.561809e-02
34 81 -6.575675e-02
52 71 -6.575890e-02
36 64 -6.583270e-02
28 60 -6.584761e-02
18 76 -6.594947e-02
61 71 -6.602872e-02
32 69 -6.602972e-02
34 58 -6.603717e-02
62 70 -6.609515e-02
38 39 -6.618825e-02
44 64 -6.623197e-02
18 32 -6.644542e-02
47 69 -6.648662e-02
55 66 -6.654169e-02
36 52 -6.654327e-02
7 75 -6.656438e-02
24 66 -6.697061e-02
24 33 -6.697417e-02
27 69 -6.705838e-02
47 85 -6.706104e-02
37 42 -6.714441e-02
24 73 -6.731137e-02
54 72 -6.731719e-02
24 61 -6.735003e-02
25 60 -6.735873e-02
45 63 -6.739358e-02
22 42 -6.748010e-02
19 32 -6.748673e-02
34 63 -6.767951e-02
11 57 -6.768224e-02
23 39 -6.768571e-02
40 54 -6.769868e-02
65 80 -6.785053e-02
16 76 -6.785283e-02
4 31 -6.789124e-02
34 85 -6.789481e-02
36 59 -6.793137e-02
48 59 -6.796008e-02
10 68 -6.802226e-02
45 56 -6.803276e-02
63 85 -6.803904e-02
30 63 -6.806808e-02
36 84 -6.818315e-02
12 47 -6.827061e-02
42 83 -6.827261e-02
67 85 -6.836669e-02
38 63 -6.839411e-02
8 39 -6.842032e-02
39 44 -6.846528e-02
49 76 -6.847118e-02
29 34 -6.859218e-02
43 67 -6.860703e-02
13 36 -6.862006e-02
40 70 -6.862008e-02
50 65 -6.863513e-02
3 81 -6.863543e-02
6 85 -6.863764e-02
11 45 -6.870937e-02
41 67 -6.873422e-02
32 70 -6.889698e-02
17 57 -6.899086e-02
15 23 -6.900765e-02
62 81 -6.905380e-02
38 80 -6.930715e-02
66 80 -6.950863e-02
58 80 -6.954957e-02
37 61 -6.958283e-02
32 49 -6.960899e-02
58 75 -6.964256e-02
6 41 -6.965682e-02
5 31 -6.984131e-02
11 23 -6.992073e-02
16 80 -6.994704e-02
38 53 -7.000073e-02
37 77 -7.022055e-02
28 72 -7.024542e-02
25 30 -7.028659e-02
57 80 -7.029111e-02
28 33 -7.032835e-02
46 60 -7.033070e-02
34 51 -7.053987e-02
34 45 -7.054116e-02
10 79 -7.057601e-02
35 57 -7.071327e-02
27 73 -7.094437e-02
7 80 -7.102554e-02
35 68 -7.108082e-02
5 53 -7.116199e-02
23 53 -7.130878e-02
8 55 -7.132001e-02
20 63 -7.138551e-02
45 55 -7.142772e-02
18 49 -7.142896e-02
4 13 -7.151843e-02
65 79 -7.154270e-02
25 64 -7.161060e-02
20 71 -7.162341e-02
7 59 -7.175306e-02
40 71 -7.182050e-02
27 72 -7.187968e-02
17 73 -7.190460e-02
31 79 -7.203456e-02
13 84 -7.204533e-02
41 64 -7.210111e-02
31 82 -7.212052e-02
29 43 -7.217969e-02
43 65 -7.221713e-02
36 80 -7.225818e-02
22 44 -7.245935e-02
32 56 -7.246520e-02
61 79 -7.253587e-02
22 43 -7.256453e-02
14 35 -7.269941e-02
20 29 -7.271255e-02
9 68 -7.275756e-02
40 75 -7.308956e-02
38 49 -7.315886e-02
7 79 -7.323630e-02
6 63 -7.360355e-02
56 66 -7.367342e-02
24 57 -7.375539e-02
46 62 -7.377657e-02
25 70 -7.377977e-02
54 58 -7.378547e-02
46 65 -7.403746e-02
62 64 -7.411368e-02
30 78 -7.413356e-02
37 40 -7.422211e-02
27 76 -7.425129e-02
7 82 -7.429713e-02
11 29 -7.432801e-02
14 75 -7.432854e-02
21 58 -7.436589e-02
4 76 -7.437926e-02
37 73 -7.464614e-02
8 37 -7.475289e-02
29 67 -7.476888e-02
33 74 -7.480654e-02
14 45 -7.483199e-02
12 33 -7.503461e-02
53 68 -7.503897e-02
17 51 -7.506351e-02
29 44 -7.520504e-02
6 60 -7.531575e-02
22 31 -7.534757e-02
29 71 -7.541438e-02
26 69 -7.544787e-02
42 74 -7.550432e-02
18 28 -7.551210e-02
22 48 -7.554123e-02
34 72 -7.563966e-02
15 80 -7.566767e-02
48 57 -7.568858e-02
56 74 -7.595971e-02
33 75 -7.602635e-02
22 49 -7.605107e-02
54 71 -7.610808e-02
37 41 -7.613984e-02
7 57 -7.625385e-02
6 76 -7.631924e-02
10 55 -7.641328e-02
8 85 -7.653220e-02
5 85 -7.655644e-02
26 73 -7.658503e-02
10 85 -7.658879e-02
54 70 -7.668462e-02
34 41 -7.674809e-02
66 74 -7.685034e-02
56 77 -7.686919e-02
59 78 -7.694548e-02
10 76 -7.702384e-02
28 85 -7.709689e-02
45 50 -7.714773e-02
13 80 -7.720399e-02
62 79 -7.726851e-02
33 57 -7.732357e-02
24 63 -7.734874e-02
21 25 -7.735272e-02
45 54 -7.742717e-02
6 27 -7.742842e-02
7 31 -7.745093e-02
17 63 -7.753898e-02
11 48 -7.762198e-02
14 83 -7.762797e-02
54 83 -7.768771e-02
3 25 -7.769382e-02
17 53 -7.773936e-02
11 32 -7.796204e-02
10 70 -7.821648e-02
21 66 -7.839858e-02
45 81 -7.842585e-02
17 74 -7.845965e-02
41 46 -7.847536e-02
14 76 -7.875184e-02
32 77 -7.882732e-02
47 56 -7.884810e-02
32 46 -7.891061e-02
18 42 -7.897822e-02
38 83 -7.905782e-02
33 70 -7.906004e-02
5 24 -7.924895e-02
23 41 -7.930145e-02
49 79 -7.937989e-02
13 81 -7.941312e-02
14 67 -7.947222e-02
7 81 -7.958046e-02
61 67 -7.965477e-02
31 64 -7.966261e-02
38 81 -7.970724e-02
23 71 -7.977295e-02
41 59 -7.978466e-02
8 75 -7.985212e-02
45 79 -7.988009e-02
69 74 -8.001389e-02
13 21 -8.007498e-02
47 76 -8.007521e-02
36 79 -8.007755e-02
10 20 -8.010096e-02
14 31 -8.017755e-02
38 82 -8.020106e-02
49 62 -8.022536e-02
19 57 -8.024535e-02
48 64 -8.026094e-02
24 40 -8.035272e-02
42 67 -8.036431e-02
5 61 -8.050364e-02
42 81 -8.076272e-02
4 8 -8.081580e-02
60 71 -8.118627e-02
16 71 -8.122108e-02
62 80 -8.124236e-02
64 75 -8.135572e-02
10 37 -8.137411e-02
43 61 -8.141896e-02
17 27 -8.145254e-02
19 25 -8.166837e-02
57 79 -8.170958e-02
8 26 -8.176260e-02
27 71 -8.179212e-02
21 46 -8.179868e-02
35 77 -8.182384e-02
9 82 -8.189147e-02
45 80 -8.197601e-02
35 72 -8.199944e-02
4 36 -8.204539e-02
18 78 -8.206438e-02
5 65 -8.220011e-02
37 68 -8.223938e-02
10 27 -8.225165e-02
31 61 -8.229436e-02
26 35 -8.259979e-02
38 52 -8.261018e-02
42 76 -8.263592e-02
12 31 -8.267339e-02
7 67 -8.268893e-02
62 85 -8.271273e-02
38 43 -8.277336e-02
27 52 -8.282767e-02
42 48 -8.295762e-02
16 38 -8.308286e-02
22 61 -8.331641e-02
12 55 -8.333137e-02
53 58 -8.334511e-02
14 82 -8.341126e-02
59 61 -8.341747e-02
12 59 -8.346337e-02
19 64 -8.350821e-02
23 75 -8.355876e-02
8 30 -8.362723e-02
15 63 -8.364268e-02
14 41 -8.364807e-02
16 78 -8.372860e-02
30 66 -8.376824e-02
4 65 -8.400739e-02
12 30 -8.405129e-02
23 81 -8.409002e-02
5 69 -8.426949e-02
38 79 -8.445876e-02
34 70 -8.450605e-02
27 53 -8.452730e-02
16 39 -8.470543e-02
57 78 -8.486012e-02
18 71 -8.486462e-02
9 11 -8.486807e-02
64 77 -8.524156e-02
10 81 -8.537335e-02
12 71 -8.545174e-02
3 54 -8.545542e-02
29 61 -8.546580e-02
54 74 -8.548439e-02
57 81 -8.554668e-02
33 67 -8.558868e-02
34 42 -8.560740e-02
40 47 -8.574419e-02
30 45 -8.576583e-02
42 58 -8.581983e-02
32 47 -8.593715e-02
58 68 -8.600565e-02
9 83 -8.602975e-02
23 29 -8.604198e-02
20 67 -8.607501e-02
15 57 -8.621048e-02
10 24 -8.621677e-02
12 36 -8.623607e-02
29 66 -8.635756e-02
5 9 -8.637717e-02
58 72 -8.644364e-02
13 50 -8.650266e-02
21 52 -8.655565e-02
6 48 -8.680424e-02
57 77 -8.684002e-02
26 72 -8.704013e-02
15 29 -8.715344e-02
49 56 -8.724594e-02
25 81 -8.727444e-02
17 71 -8.728573e-02
52 55 -8.735548e-02
35 38 -8.743152e-02
18 50 -8.748324e-02
20 56 -8.765891e-02
47 63 -8.770416e-02
37 60 -8.772264e-02
5 48 -8.775672e-02
23 34 -8.788857e-02
68 79 -8.793304e-02
32 79 -8.808176e-02
19 28 -8.814656e-02
22 73 -8.816701e-02
39 47 -8.822979e-02
18 56 -8.833002e-02
60 79 -8.841594e-02
9 34 -8.851803e-02
6 56 -8.855027e-02
4 14 -8.857593e-02
25 83 -8.867300e-02
3 61 -8.869263e-02
36 60 -8.874718e-02
55 85 -8.876422e-02
44 74 -8.881124e-02
9 31 -8.919699e-02
31 72 -8.932114e-02
32 38 -8.942170e-02
55 73 -8.953387e-02
11 24 -8.968510e-02
8 15 -8.982100e-02
30 60 -8.982290e-02
5 68 -8.982792e-02
28 62 -8.989477e-02
11 64 -8.990560e-02
20 64 -8.995622e-02
53 75 -9.002839e-02
42 57 -9.009220e-02
61 81 -9.028084e-02
29 62 -9.039826e-02
12 54 -9.045545e-02
51 85 -9.050482e-02
11 34 -9.050607e-02
41 58 -9.054620e-02
58 76 -9.056606e-02
22 50 -9.058293e-02
13 63 -9.066745e-02
10 78 -9.081925e-02
27 64 -9.100611e-02
43 70 -9.112659e-02
40 44 -9.124993e-02
28 63 -9.134716e-02
25 35 -9.137109e-02
32 66 -9.140667e-02
24 44 -9.146430e-02
29 53 -9.148106e-02
12 34 -9.156187e-02
24 65 -9.156461e-02
16 35 -9.164266e-02
32 52 -9.164315e-02
10 34 -9.165276e-02
49 66 -9.167392e-02
43 62 -9.168110e-02
17 78 -9.174183e-02
33 72 -9.176547e-02
46 61 -9.199952e-02
12 37 -9.210931e-02
13 45 -9.221424e-02
17 50 -9.229277e-02
68 80 -9.240215e-02
50 56 -9.247564e-02
27 49 -9.253313e-02
14 19 -9.261225e-02
58 78 -9.269106e-02
7 50 -9.282154e-02
60 66 -9.287683e-02
43 63 -9.290437e-02
18 34 -9.297249e-02
26 58 -9.303095e-02
53 62 -9.328479e-02
34 67 -9.336844e-02
13 59 -9.357445e-02
7 29 -9.358350e-02
37 64 -9.360061e-02
52 76 -9.360585e-02
21 38 -9.365132e-02
21 77 -9.367572e-02
23 80 -9.381559e-02
13 74 -9.401401e-02
14 80 -9.403224e-02
12 24 -9.405406e-02
20 68 -9.408791e-02
5 27 -9.423223e-02
50 62 -9.459336e-02
22 66 -9.466879e-02
39 77 -9.471320e-02
26 45 -9.490934e-02
24 72 -9.507853e-02
15 52 -9.522586e-02
28 57 -9.539048e-02
6 45 -9.544090e-02
8 41 -9.554890e-02
35 42 -9.558545e-02
52 80 -9.585908e-02
25 78 -9.590934e-02
14 79 -9.608314e-02
40 68 -9.609417e-02
58 67 -9.614761e-02
5 67 -9.619662e-02
23 35 -9.635249e-02
44 50 -9.635532e-02
42 63 -9.636633e-02
33 50 -9.638513e-02
54 65 -9.646331e-02
14 63 -9.646783e-02
51 72 -9.659949e-02
7 32 -9.676685e-02
68 78 -9.678268e-02
17 23 -9.678309e-02
50 72 -9.686291e-02
65 73 -9.688042e-02
29 68 -9.691255e-02
25 53 -9.694924e-02
14 48 -9.698322e-02
8 52 -9.703765e-02
10 46 -9.716479e-02
43 52 -9.719007e-02
11 31 -9.728862e-02
22 38 -9.731659e-02
17 54 -9.738387e-02
15 36 -9.750488e-02
55 60 -9.757279e-02
38 54 -9.764283e-02
7 24 -9.784362e-02
23 62 -9.800849e-02
10 44 -9.807799e-02
6 42 -9.827419e-02
31 71 -9.829786e-02
8 23 -9.831875e-02
7 36 -9.834733e-02
52 68 -9.836473e-02
12 51 -9.841290e-02
23 74 -9.854426e-02
34 60 -9.856829e-02
52 73 -9.859862e-02
28 44 -9.887265e-02
26 56 -9.890023e-02
36 40 -9.899515e-02
5 23 -9.903762e-02
6 51 -9.921900e-02
10 30 -9.935993e-02
49 58 -9.938867e-02
6 57 -9.961474e-02
7 21 -9.969461e-02
45 52 -9.973353e-02
20 25 -9.974146e-02
35 40 -9.978141e-02
9 77 -9.988197e-02
57 76 -1.001296e-01
30 49 -1.001881e-01
26 64 -1.002631e-01
9 44 -1.003142e-01
38 77 -1.003680e-01
16 32 -1.005630e-01
37 76 -1.006519e-01
5 56 -1.008723e-01
19 35 -1.009119e-01
8 78 -1.013246e-01
31 46 -1.013458e-01
23 46 -1.014401e-01
17 41 -1.015770e-01
21 64 -1.016197e-01
4 49 -1.016993e-01
32 60 -1.017311e-01
40 79 -1.018050e-01
20 51 -1.019807e-01
19 40 -1.020477e-01
31 42 -1.021265e-01
4 50 -1.022318e-01
33 68 -1.023419e-01
18 64 -1.024455e-01
8 59 -1.024872e-01
41 79 -1.024942e-01
31 70 -1.025039e-01
13 85 -1.025120e-01
59 76 -1.025602e-01
7 65 -1.027066e-01
46 72 -1.028344e-01
12 58 -1.031008e-01
14 37 -1.031726e-01
26 38 -1.032672e-01
14 64 -1.033390e-01
23 59 -1.033515e-01
4 58 -1.035285e-01
28 78 -1.036116e-01
19 52 -1.036223e-01
6 33 -1.037377e-01
42 77 -1.037776e-01
10 28 -1.038502e-01
16 74 -1.041491e-01
25 67 -1.042631e-01
42 80 -1.042643e-01
56 73 -1.042755e-01
62 65 -1.043262e-01
8 72 -1.043385e-01
43 77 -1.043900e-01
27 50 -1.044235e-01
55 64 -1.044972e-01
27 58 -1.046231e-01
32 78 -1.046296e-01
40 53 -1.048698e-01
6 9 -1.050591e-01
36 76 -1.051709e-01
34 64 -1.053725e-01
23 72 -1.055918e-01
39 62 -1.056168e-01
12 56 -1.057048e-01
14 65 -1.057084e-01
36 78 -1.058904e-01
62 78 -1.059148e-01
65 67 -1.061802e-01
33 78 -1.062545e-01
24 56 -1.063881e-01
8 27 -1.064482e-01
37 49 -1.069024e-01
33 71 -1.070309e-01
21 53 -1.072235e-01
8 24 -1.073107e-01
40 55 -1.073747e-01
7 53 -1.073842e-01
21 31 -1.075805e-01
36 48 -1.076963e-01
48 60 -1.077690e-01
16 29 -1.078035e-01
47 64 -1.078448e-01
27 77 -1.079466e-01
31 77 -1.081489e-01
58 66 -1.081590e-01
6 61 -1.082581e-01
44 77 -1.083200e-01
16 30 -1.083754e-01
19 27 -1.083970e-01
50 73 -1.084535e-01
57 65 -1.084928e-01
7 63 -1.084929e-01
35 69 -1.085256e-01
17 24 -1.086261e-01
35 76 -1.087346e-01
9 20 -1.087594e-01
42 62 -1.088424e-01
8 64 -1.089973e-01
12 73 -1.091257e-01
11 49 -1.091713e-01
7 48 -1.093900e-01
5 54 -1.093981e-01
22 56 -1.094183e-01
31 66 -1.094966e-01
47 54 -1.095357e-01
36 49 -1.096198e-01
35 50 -1.096216e-01
53 61 -1.096962e-01
39 45 -1.097400e-01
10 74 -1.097801e-01
10 63 -1.098659e-01
34 80 -1.098784e-01
32 50 -1.099819e-01
29 64 -1.100259e-01
37 57 -1.102342e-01
40 78 -1.103045e-01
14 39 -1.103460e-01
7 60 -1.104666e-01
16 46 -1.104885e-01
19 36 -1.104999e-01
6 49 -1.106127e-01
29 52 -1.110603e-01
12 29 -1.111516e-01
16 59 -1.112231e-01
21 51 -1.112965e-01
16 28 -1.113643e-01
13 41 -1.113860e-01
53 69 -1.113915e-01
31 41 -1.114601e-01
60 76 -1.114844e-01
12 61 -1.117391e-01
20 34 -1.117878e-01
12 27 -1.118288e-01
8 35 -1.119950e-01
68 76 -1.123093e-01
14 70 -1.124032e-01
12 52 -1.124555e-01
12 49 -1.126037e-01
65 78 -1.128242e-01
5 12 -1.129209e-01
21 78 -1.129327e-01
44 67 -1.130035e-01
43 74 -1.132285e-01
37 46 -1.132330e-01
28 42 -1.133378e-01
13 32 -1.134026e-01
27 63 -1.135169e-01
44 54 -1.135785e-01
32 54 -1.136058e-01
61 80 -1.137895e-01
46 69 -1.139181e-01
37 45 -1.140578e-01
51 57 -1.140848e-01
22 72 -1.143891e-01
23 79 -1.143974e-01
23 66 -1.144461e-01
33 61 -1.144533e-01
25 54 -1.144658e-01
9 81 -1.144788e-01
23 57 -1.145618e-01
25 80 -1.147231e-01
25 55 -1.148322e-01
34 48 -1.148578e-01
36 67 -1.150180e-01
8 22 -1.150439e-01
4 60 -1.151117e-01
28 66 -1.152002e-01
41 78 -1.152827e-01
8 77 -1.153135e-01
6 39 -1.153612e-01
7 66 -1.153873e-01
23 77 -1.156206e-01
32 45 -1.156585e-01
38 48 -1.158433e-01
39 65 -1.160752e-01
36 61 -1.161037e-01
59 64 -1.161241e-01
51 71 -1.162653e-01
13 26 -1.163034e-01
25 32 -1.164562e-01
15 34 -1.164784e-01
11 41 -1.165193e-01
21 69 -1.165339e-01
39 42 -1.165814e-01
34 77 -1.166564e-01
56 68 -1.167051e-01
56 61 -1.169594e-01
56 76 -1.169990e-01
11 22 -1.171550e-01
55 68 -1.172421e-01
21 40 -1.173744e-01
15 42 -1.174957e-01
26 61 -1.176064e-01
9 78 -1.176195e-01
33 76 -1.177769e-01
26 67 -1.178293e-01
41 76 -1.178882e-01
27 37 -1.181245e-01
10 65 -1.183880e-01
8 67 -1.184544e-01
48 61 -1.185395e-01
60 63 -1.188337e-01
15 61 -1.188912e-01
11 47 -1.190658e-01
11 72 -1.192743e-01
57 69 -1.193359e-01
9 64 -1.194510e-01
39 78 -1.194661e-01
26 52 -1.197284e-01
47 52 -1.199120e-01
19 33 -1.201845e-01
10 50 -1.202109e-01
39 73 -1.202144e-01
38 71 -1.202338e-01
44 69 -1.203865e-01
31 76 -1.203958e-01
44 75 -1.204447e-01
9 46 -1.204915e-01
12 40 -1.206026e-01
29 45 -1.206389e-01
33 52 -1.207711e-01
11 62 -1.209267e-01
59 60 -1.209272e-01
11 76 -1.209535e-01
23 73 -1.209918e-01
7 77 -1.210667e-01
7 43 -1.211893e-01
5 41 -1.212174e-01
13 75 -1.212893e-01
9 72 -1.213968e-01
5 25 -1.214286e-01
9 80 -1.214622e-01
14 30 -1.215090e-01
25 79 -1.216791e-01
55 62 -1.217232e-01
15 59 -1.217834e-01
34 52 -1.218858e-01
30 38 -1.221909e-01
45 64 -1.224847e-01
9 22 -1.225461e-01
31 48 -1.226397e-01
20 50 -1.227507e-01
64 78 -1.229600e-01
6 23 -1.230733e-01
19 42 -1.231178e-01
31 47 -1.231282e-01
13 52 -1.233277e-01
33 45 -1.239280e-01
40 46 -1.241155e-01
33 64 -1.244318e-01
33 62 -1.246587e-01
7 46 -1.247334e-01
16 24 -1.249577e-01
23 58 -1.252127e-01
61 75 -1.254227e-01
49 70 -1.255035e-01
44 61 -1.256827e-01
37 71 -1.256875e-01
16 57 -1.257006e-01
60 70 -1.257138e-01
13 24 -1.261747e-01
14 26 -1.263186e-01
13 30 -1.263616e-01
38 47 -1.264752e-01
31 69 -1.265360e-01
22 68 -1.266462e-01
54 62 -1.269551e-01
41 54 -1.269858e-01
29 69 -1.270182e-01
25 73 -1.270640e-01
31 74 -1.272023e-01
27 45 -1.272544e-01
27 56 -1.273090e-01
12 53 -1.273514e-01
10 43 -1.274129e-01
29 60 -1.278394e-01
53 65 -1.278428e-01
43 60 -1.280542e-01
4 38 -1.281096e-01
6 34 -1.281626e-01
12 75 -1.281932e-01
12 39 -1.281997e-01
36 68 -1.282270e-01
60 78 -1.284287e-01
65 74 -1.285248e-01
36 73 -1.285445e-01
6 44 -1.285926e-01
27 75 -1.285950e-01
7 71 -1.288392e-01
7 69 -1.288954e-01
9 53 -1.289598e-01
14 68 -1.290501e-01
5 64 -1.290909e-01
26 54 -1.292028e-01
14 32 -1.294800e-01
6 54 -1.297883e-01
55 61 -1.299322e-01
27 68 -1.300347e-01
48 62 -1.300366e-01
25 62 -1.303342e-01
13 73 -1.304418e-01
41 61 -1.305160e-01
50 70 -1.306290e-01
17 42 -1.307994e-01
65 75 -1.308072e-01
18 62 -1.308387e-01
18 45 -1.311108e-01
28 54 -1.311520e-01
39 68 -1.311755e-01
38 73 -1.313776e-01
47 57 -1.314637e-01
14 42 -1.319844e-01
10 51 -1.321929e-01
16 79 -1.324712e-01
23 63 -1.325671e-01
50 59 -1.326943e-01
9 32 -1.328447e-01
33 77 -1.331408e-01
35 65 -1.335126e-01
23 55 -1.337377e-01
4 34 -1.338381e-01
58 77 -1.340605e-01
25 76 -1.340779e-01
51 68 -1.341504e-01
15 46 -1.343525e-01
13 37 -1.349107e-01
25 45 -1.350045e-01
42 53 -1.350490e-01
56 75 -1.350627e-01
41 65 -1.351014e-01
15 50 -1.351443e-01
31 63 -1.351690e-01
17 43 -1.351740e-01
34 79 -1.353113e-01
13 29 -1.354660e-01
25 72 -1.356917e-01
6 12 -1.357555e-01
15 31 -1.358088e-01
16 75 -1.360132e-01
19 71 -1.361124e-01
8 21 -1.363176e-01
18 60 -1.364628e-01
34 49 -1.364678e-01
19 50 -1.364798e-01
9 79 -1.367380e-01
41 45 -1.368328e-01
31 49 -1.368433e-01
22 65 -1.368500e-01
21 60 -1.369868e-01
38 75 -1.370282e-01
13 71 -1.370419e-01
9 30 -1.372546e-01
32 71 -1.372581e-01
13 55 -1.374574e-01
7 76 -1.374724e-01
58 71 -1.377845e-01
61 74 -1.379280e-01
8 48 -1.379645e-01
10 35 -1.380265e-01
10 66 -1.380790e-01
25 39 -1.383620e-01
25 49 -1.385141e-01
36 41 -1.386524e-01
43 66 -1.387274e-01
33 69 -1.389929e-01
20 66 -1.391220e-01
17 76 -1.392390e-01
45 60 -1.392613e-01
32 64 -1.394936e-01
13 70 -1.396240e-01
65 70 -1.403182e-01
13 68 -1.404128e-01
38 74 -1.405938e-01
11 27 -1.411956e-01
23 67 -1.413182e-01
17 45 -1.416144e-01
4 17 -1.417883e-01
41 60 -1.417935e-01
7 34 -1.418006e-01
30 61 -1.422109e-01
40 43 -1.422139e-01
28 45 -1.422867e-01
59 68 -1.423637e-01
42 71 -1.427667e-01
4 61 -1.428882e-01
10 77 -1.429196e-01
20 52 -1.429507e-01
13 44 -1.434310e-01
53 64 -1.437767e-01
51 60 -1.439541e-01
13 58 -1.445728e-01
14 24 -1.447070e-01
29 65 -1.449821e-01
5 50 -1.452496e-01
13 31 -1.458715e-01
12 67 -1.462328e-01
14 43 -1.462778e-01
44 58 -1.465433e-01
9 60 -1.467508e-01
6 52 -1.470827e-01
5 42 -1.471775e-01
13 39 -1.473190e-01
38 70 -1.473390e-01
18 69 -1.474298e-01
50 66 -1.479403e-01
17 36 -1.483548e-01
4 52 -1.487852e-01
42 73 -1.489639e-01
7 28 -1.491317e-01
36 54 -1.492623e-01
42 78 -1.493502e-01
16 31 -1.496914e-01
41 52 -1.499288e-01
30 69 -1.501212e-01
60 77 -1.501726e-01
14 28 -1.502221e-01
11 42 -1.503763e-01
10 47 -1.503849e-01
16 73 -1.504939e-01
61 70 -1.506725e-01
10 69 -1.506893e-01
44 63 -1.510083e-01
43 54 -1.513184e-01
10 48 -1.513283e-01
7 78 -1.513990e-01
15 53 -1.514531e-01
68 70 -1.514763e-01
58 73 -1.514809e-01
12 66 -1.526488e-01
29 78 -1.527438e-01
34 74 -1.528458e-01
14 59 -1.529238e-01
32 68 -1.529672e-01
34 76 -1.530533e-01
52 66 -1.533123e-01
42 75 -1.535838e-01
11 50 -1.539648e-01
36 66 -1.542619e-01
16 27 -1.542715e-01
9 29 -1.544564e-01
8 28 -1.545039e-01
17 25 -1.547825e-01
7 30 -1.547869e-01
7 64 -1.550440e-01
56 78 -1.550533e-01
20 65 -1.553879e-01
12 41 -1.558733e-01
6 68 -1.563678e-01
4 42 -1.565268e-01
12 45 -1.566164e-01
63 69 -1.566508e-01
7 37 -1.567056e-01
31 67 -1.567952e-01
33 63 -1.569352e-01
32 62 -1.570769e-01
27 59 -1.571314e-01
7 44 -1.571881e-01
54 61 -1.574530e-01
14 74 -1.576023e-01
31 62 -1.578846e-01
34 73 -1.579214e-01
27 66 -1.579620e-01
18 61 -1.589063e-01
35 54 -1.590454e-01
8 38 -1.594034e-01
68 77 -1.595458e-01
9 52 -1.596346e-01
13 47 -1.598702e-01
12 74 -1.599668e-01
30 57 -1.600194e-01
30 65 -1.601062e-01
60 67 -1.601182e-01
26 62 -1.604085e-01
12 32 -1.604875e-01
13 78 -1.606130e-01
38 44 -1.607581e-01
37 50 -1.608753e-01
30 54 -1.617897e-01
12 76 -1.620001e-01
47 62 -1.620258e-01
21 49 -1.625030e-01
18 38 -1.631677e-01
23 49 -1.631769e-01
61 63 -1.631966e-01
6 25 -1.633798e-01
6 65 -1.635050e-01
11 46 -1.639725e-01
43 72 -1.639867e-01
9 39 -1.641764e-01
9 66 -1.644681e-01
13 46 -1.645019e-01
57 71 -1.648279e-01
13 64 -1.650207e-01
59 66 -1.651175e-01
40 73 -1.651529e-01
36 77 -1.655082e-01
26 60 -1.657564e-01
27 48 -1.658496e-01
48 65 -1.660226e-01
9 37 -1.661914e-01
41 77 -1.665111e-01
14 60 -1.665319e-01
43 69 -1.665763e-01
39 61 -1.672681e-01
17 48 -1.675339e-01
61 69 -1.679068e-01
8 25 -1.680468e-01
20 49 -1.682192e-01
42 70 -1.683999e-01
10 39 -1.687734e-01
40 76 -1.688590e-01
5 38 -1.689926e-01
49 60 -1.690053e-01
24 38 -1.692535e-01
23 78 -1.698723e-01
51 61 -1.699088e-01
13 72 -1.703246e-01
34 43 -1.703274e-01
34 50 -1.704059e-01
23 33 -1.707409e-01
20 40 -1.710174e-01
36 65 -1.710805e-01
10 53 -1.710890e-01
30 40 -1.711077e-01
23 32 -1.712595e-01
52 72 -1.714263e-01
16 67 -1.717323e-01
38 72 -1.719795e-01
22 40 -1.725765e-01
33 60 -1.727067e-01
9 26 -1.728242e-01
65 66 -1.729150e-01
10 67 -1.729474e-01
40 77 -1.731427e-01
38 78 -1.732603e-01
34 68 -1.733643e-01
9 23 -1.734719e-01
26 68 -1.734734e-01
37 69 -1.741606e-01
9 75 -1.742208e-01
28 61 -1.745971e-01
47 61 -1.747997e-01
32 65 -1.753974e-01
8 61 -1.756167e-01
9 48 -1.765526e-01
16 53 -1.766077e-01
40 74 -1.767942e-01
39 69 -1.771248e-01
9 28 -1.773385e-01
19 60 -1.773915e-01
14 29 -1.774739e-01
9 73 -1.776338e-01
8 36 -1.783623e-01
49 61 -1.786909e-01
9 67 -1.791632e-01
12 43 -1.792635e-01
36 43 -1.795097e-01
34 71 -1.795622e-01
14 36 -1.796746e-01
5 49 -1.797056e-01
19 56 -1.800683e-01
55 69 -1.801228e-01
10 32 -1.803180e-01
4 9 -1.806703e-01
8 46 -1.807054e-01
16 51 -1.810060e-01
13 67 -1.810741e-01
16 40 -1.811413e-01
14 56 -1.813577e-01
38 69 -1.821082e-01
8 53 -1.821603e-01
19 38 -1.821785e-01
23 51 -1.822313e-01
49 65 -1.825377e-01
42 66 -1.825754e-01
60 73 -1.833163e-01
10 31 -1.839482e-01
25 69 -1.841049e-01
25 52 -1.845594e-01
25 50 -1.846465e-01
15 33 -1.847988e-01
14 55 -1.849020e-01
18 65 -1.852528e-01
24 54 -1.855187e-01
9 76 -1.855795e-01
22 60 -1.856799e-01
16 62 -1.865815e-01
13 77 -1.866708e-01
38 67 -1.873176e-01
7 26 -1.873444e-01
19 54 -1.881659e-01
29 42 -1.884353e-01
10 49 -1.885608e-01
13 35 -1.886168e-01
4 54 -1.886748e-01
13 43 -1.889234e-01
25 63 -1.893036e-01
16 55 -1.897838e-01
36 69 -1.898322e-01
52 61 -1.904827e-01
11 52 -1.904920e-01
6 31 -1.912228e-01
51 65 -1.915243e-01
44 52 -1.916020e-01
26 65 -1.921916e-01
16 63 -1.922578e-01
42 54 -1.922732e-01
34 78 -1.926996e-01
23 70 -1.934810e-01
34 69 -1.935073e-01
38 76 -1.943437e-01
9 24 -1.944001e-01
8 42 -1.946357e-01
11 36 -1.947606e-01
28 68 -1.949973e-01
21 61 -1.953052e-01
20 38 -1.959572e-01
15 38 -1.962882e-01
5 52 -1.962957e-01
7 42 -1.970197e-01
9 21 -1.971530e-01
18 52 -1.981759e-01
8 34 -1.985580e-01
10 52 -1.986602e-01
34 61 -2.010062e-01
38 68 -2.010636e-01
31 73 -2.012406e-01
15 39 -2.014409e-01
25 29 -2.016482e-01
36 50 -2.016896e-01
23 36 -2.019782e-01
7 20 -2.027672e-01
16 77 -2.028071e-01
13 48 -2.029267e-01
49 64 -2.034753e-01
9 69 -2.037497e-01
16 70 -2.038102e-01
58 69 -2.038315e-01
8 57 -2.046661e-01
6 40 -2.049187e-01
15 41 -2.051679e-01
23 76 -2.056826e-01
13 53 -2.057889e-01
25 71 -2.059829e-01
61 78 -2.063686e-01
31 68 -2.065238e-01
45 61 -2.065536e-01
36 45 -2.066280e-01
7 49 -2.072617e-01
41 66 -2.072704e-01
16 26 -2.079225e-01
12 63 -2.102249e-01
52 62 -2.112363e-01
10 60 -2.123177e-01
22 52 -2.124523e-01
15 32 -2.147346e-01
23 40 -2.152089e-01
13 66 -2.154203e-01
9 35 -2.166969e-01
25 51 -2.180821e-01
11 25 -2.184433e-01
51 64 -2.189268e-01
8 43 -2.192371e-01
8 31 -2.195314e-01
23 69 -2.196246e-01
9 54 -2.198622e-01
7 55 -2.201953e-01
12 48 -2.206767e-01
25 66 -2.217460e-01
19 61 -2.228028e-01
22 54 -2.247589e-01
8 50 -2.273561e-01
20 61 -2.286167e-01
25 68 -2.287814e-01
32 61 -2.289699e-01
9 41 -2.318036e-01
7 51 -2.326355e-01
9 45 -2.347017e-01
9 51 -2.359786e-01
33 54 -2.364741e-01
34 62 -2.365071e-01
61 73 -2.371162e-01
9 19 -2.388135e-01
61 77 -2.427043e-01
31 50 -2.495545e-01
7 41 -2.496749e-01
9 63 -2.500394e-01
13 51 -2.506923e-01
13 27 -2.513988e-01
40 66 -2.529753e-01
34 54 -2.547731e-01
9 70 -2.594917e-01
13 40 -2.601210e-01
15 40 -2.628473e-01
40 45 -2.635924e-01
9 47 -2.645272e-01
7 39 -2.653093e-01
14 40 -2.746470e-01
16 52 -2.825021e-01
9 43 -2.868256e-01
41 62 -2.871314e-01
61 76 -2.891836e-01
34 66 -2.927390e-01
9 49 -2.988850e-01
9 71 -3.049069e-01
