# For publication of results, please cite:
# ...
# ... Michael Schantz Klausen, Martin Closter Jespersen, Henrik Nielsen, Kamilla Kjærgaard Jensen, 
# ... Vanessa Isabell Jurtz, Casper Kaae Sønderby, Morten Otto Alexander Sommer, Ole Winther, 
# ... Morten Nielsen, Bent Petersen, and Paolo Marcatili. 
# ... NetSurfP-2.0: Improved prediction of protein structural features by integrated deep learning.
# ... Proteins: Structure, Function, and Bioinformatics (Feb. 2019).
# ... https://doi.org/10.1002/prot.25674
# ...
#
# Column 1: Class assignment - B for buried or E for Exposed - Threshold: 25% exposure, but not based on RSA
# Column 2: Amino acid
# Column 3: Sequence name
# Column 4: Amino acid number
# Column 5: Relative Surface Accessibility - RSA
# Column 6: Absolute Surface Accessibility
# Column 7: Not used
# Column 8: Probability for Alpha-Helix
# Column 9: Probability for Beta-strand
# Column 10: Probability for Coil
E S  1M12A                  1    0.913 107.046   0.000   0.001   0.000   0.999
E D  1M12A                  2    0.840 121.048   0.000   0.061   0.002   0.937
E V  1M12A                  3    0.557  85.635   0.000   0.138   0.018   0.844
E Y  1M12A                  4    0.494 105.489   0.000   0.211   0.111   0.678
B C  1M12A                  5    0.135  18.947   0.000   0.261   0.032   0.707
E E  1M12A                  6    0.631 110.257   0.000   0.963   0.000   0.037
B V  1M12A                  7    0.242  37.236   0.000   0.985   0.000   0.014
B C  1M12A                  8    0.025   3.513   0.000   0.993   0.000   0.007
E E  1M12A                  9    0.422  73.775   0.000   0.999   0.000   0.001
E F  1M12A                 10    0.418  83.915   0.000   0.999   0.000   0.001
B L  1M12A                 11    0.082  14.991   0.000   0.999   0.000   0.001
B V  1M12A                 12    0.090  13.857   0.000   0.999   0.000   0.001
E K  1M12A                 13    0.542 111.427   0.000   1.000   0.000   0.000
E E  1M12A                 14    0.360  62.862   0.000   0.999   0.000   0.001
B V  1M12A                 15    0.031   4.783   0.000   0.998   0.000   0.002
E T  1M12A                 16    0.308  42.782   0.000   0.998   0.000   0.002
E K  1M12A                 17    0.567 116.642   0.000   0.994   0.000   0.006
B L  1M12A                 18    0.148  27.176   0.000   0.988   0.000   0.012
B I  1M12A                 19    0.149  27.504   0.000   0.940   0.000   0.060
E D  1M12A                 20    0.738 106.389   0.000   0.802   0.000   0.198
E N  1M12A                 21    0.685 100.287   0.000   0.120   0.000   0.880
E N  1M12A                 22    0.832 121.823   0.000   0.030   0.000   0.969
E K  1M12A                 23    0.362  74.560   0.000   0.020   0.004   0.976
E T  1M12A                 24    0.446  61.858   0.000   0.018   0.011   0.971
E E  1M12A                 25    0.490  85.660   0.000   0.981   0.000   0.018
E K  1M12A                 26    0.672 138.268   0.000   0.992   0.000   0.008
E E  1M12A                 27    0.458  79.987   0.000   0.995   0.000   0.004
B I  1M12A                 28    0.025   4.626   0.000   0.998   0.000   0.001
B L  1M12A                 29    0.215  39.405   0.000   0.999   0.000   0.001
E D  1M12A                 30    0.582  83.874   0.000   0.997   0.000   0.003
B A  1M12A                 31    0.130  14.358   0.000   0.998   0.000   0.002
B F  1M12A                 32    0.040   8.126   0.000   0.997   0.000   0.003
E D  1M12A                 33    0.458  65.927   0.000   0.996   0.000   0.004
E K  1M12A                 34    0.571 117.446   0.000   0.988   0.000   0.012
B M  1M12A                 35    0.100  20.064   0.000   0.985   0.000   0.015
B C  1M12A                 36    0.070   9.774   0.000   0.893   0.001   0.107
E S  1M12A                 37    0.710  83.156   0.000   0.423   0.001   0.576
E K  1M12A                 38    0.612 125.817   0.000   0.288   0.000   0.712
B L  1M12A                 39    0.113  20.638   0.000   0.003   0.001   0.996
E P  1M12A                 40    0.391  55.543   0.000   0.007   0.001   0.993
E K  1M12A                 41    0.765 157.270   0.000   0.683   0.001   0.316
E S  1M12A                 42    0.702  82.254   0.000   0.668   0.001   0.331
B L  1M12A                 43    0.148  27.114   0.000   0.741   0.001   0.257
E S  1M12A                 44    0.264  30.917   0.000   0.935   0.000   0.065
E E  1M12A                 45    0.686 119.872   0.000   0.991   0.000   0.009
E E  1M12A                 46    0.435  75.915   0.000   0.997   0.000   0.003
B C  1M12A                 47    0.018   2.475   0.000   0.998   0.000   0.002
E Q  1M12A                 48    0.442  79.020   0.000   0.997   0.000   0.003
E E  1M12A                 49    0.585 102.282   0.000   0.997   0.000   0.003
B V  1M12A                 50    0.128  19.609   0.000   0.997   0.000   0.002
B V  1M12A                 51    0.061   9.432   0.000   0.997   0.000   0.003
E D  1M12A                 52    0.671  96.744   0.000   0.991   0.000   0.009
E T  1M12A                 53    0.633  87.781   0.000   0.968   0.000   0.032
B Y  1M12A                 54    0.211  45.063   0.000   0.784   0.000   0.216
B G  1M12A                 55    0.102   8.046   0.000   0.983   0.000   0.017
E S  1M12A                 56    0.677  79.368   0.000   0.994   0.000   0.006
E S  1M12A                 57    0.412  48.277   0.000   0.995   0.000   0.005
B I  1M12A                 58    0.020   3.707   0.000   0.996   0.000   0.004
B L  1M12A                 59    0.126  23.150   0.000   0.997   0.000   0.003
E S  1M12A                 60    0.504  59.016   0.000   0.992   0.000   0.007
B I  1M12A                 61    0.147  27.174   0.000   0.992   0.000   0.008
B L  1M12A                 62    0.036   6.590   0.000   0.973   0.000   0.027
E L  1M12A                 63    0.324  59.315   0.000   0.823   0.001   0.176
E E  1M12A                 64    0.781 136.376   0.000   0.585   0.000   0.415
E E  1M12A                 65    0.587 102.573   0.000   0.562   0.000   0.438
B V  1M12A                 66    0.150  22.981   0.000   0.020   0.004   0.976
E S  1M12A                 67    0.427  50.070   0.000   0.002   0.000   0.998
B P  1M12A                 68    0.189  26.761   0.000   0.982   0.000   0.018
E E  1M12A                 69    0.627 109.584   0.000   0.993   0.000   0.007
E L  1M12A                 70    0.413  75.705   0.000   0.996   0.000   0.004
B V  1M12A                 71    0.031   4.745   0.000   0.997   0.000   0.003
B C  1M12A                 72    0.039   5.433   0.000   0.991   0.000   0.009
E S  1M12A                 73    0.581  68.044   0.000   0.959   0.000   0.041
E M  1M12A                 74    0.430  86.116   0.000   0.943   0.000   0.057
B L  1M12A                 75    0.137  25.132   0.000   0.210   0.000   0.789
E H  1M12A                 76    0.802 145.919   0.000   0.021   0.001   0.978
B L  1M12A                 77    0.214  39.171   0.000   0.070   0.006   0.924
B C  1M12A                 78    0.147  20.617   0.000   0.078   0.023   0.899
E S  1M12A                 79    0.756  88.556   0.000   0.046   0.017   0.937
E G  1M12A                 80    0.664  52.260   0.000   0.030   0.007   0.962
E L  1M12A                 81    0.573 104.900   0.000   0.020   0.025   0.955
E V  1M12A                 82    0.607  93.282   0.000   0.000   0.009   0.990
E P  1M12A                 83    0.669  94.918   0.000   0.001   0.004   0.995
E R  1M12A                 84    0.907 207.727   0.000   0.001   0.000   0.999
