5,8,0.491803
22,24,0.425917
72,78,0.416259
36,47,0.366240
47,72,0.273031
5,78,0.269912
47,78,0.267633
8,72,0.267324
5,36,0.262964
5,47,0.255397
36,72,0.250182
8,47,0.245986
8,36,0.241859
9,69,0.228748
5,72,0.223002
32,51,0.220764
36,78,0.215291
77,78,0.209542
40,44,0.205857
29,55,0.204813
13,68,0.202110
21,22,0.188726
8,78,0.185318
29,52,0.185166
40,41,0.184474
46,49,0.177931
39,40,0.166092
28,59,0.162441
67,70,0.157208
66,74,0.151266
54,57,0.145464
16,63,0.141807
75,78,0.140991
40,46,0.138728
11,14,0.137736
69,73,0.136036
79,80,0.135915
71,72,0.135616
73,76,0.133859
80,81,0.133065
68,72,0.132682
67,69,0.131683
58,65,0.129496
16,67,0.128525
71,75,0.127140
31,35,0.124369
37,48,0.124328
42,43,0.124233
12,68,0.124130
51,54,0.120528
18,28,0.119040
58,71,0.118865
29,62,0.115089
33,48,0.113041
60,61,0.112720
7,10,0.111984
24,27,0.111822
12,71,0.111264
55,56,0.110546
44,48,0.110540
3,7,0.110453
33,52,0.109897
60,63,0.109828
29,56,0.108872
62,79,0.108321
23,27,0.105045
42,49,0.104067
25,51,0.103863
14,17,0.103237
25,56,0.101599
56,57,0.100147
18,35,0.099788
65,66,0.099725
58,62,0.099196
8,11,0.099067
19,75,0.098317
24,28,0.098298
33,37,0.097862
27,28,0.097483
72,75,0.097001
32,77,0.096893
33,46,0.095677
58,72,0.095336
29,33,0.094652
8,12,0.093514
17,18,0.093383
47,51,0.093333
27,31,0.093290
41,42,0.093287
6,7,0.093117
38,42,0.092391
74,76,0.092060
30,38,0.091769
81,82,0.091617
16,68,0.091293
10,13,0.091239
45,77,0.090481
3,14,0.089901
76,78,0.089361
26,74,0.089311
41,46,0.089223
73,79,0.088698
16,33,0.088368
3,67,0.088103
64,65,0.086690
26,30,0.086096
5,9,0.086085
53,73,0.085883
82,83,0.085594
68,78,0.085559
57,60,0.085549
62,63,0.085195
72,77,0.085058
7,9,0.084755
61,65,0.084714
50,57,0.084659
30,70,0.084584
22,32,0.084174
61,71,0.083789
23,24,0.082589
5,15,0.082496
57,61,0.082033
40,43,0.081958
32,46,0.081615
45,70,0.081569
6,9,0.081173
57,76,0.080568
47,58,0.080230
5,11,0.080108
3,9,0.079896
62,78,0.079342
27,38,0.078620
60,64,0.078586
9,52,0.078534
7,11,0.078329
41,49,0.078245
15,35,0.078066
54,58,0.077980
16,66,0.077387
73,80,0.076917
3,6,0.076749
71,78,0.076347
19,28,0.075974
61,74,0.075680
51,59,0.075659
4,6,0.075546
69,70,0.075519
49,50,0.075374
43,62,0.075348
70,74,0.075123
35,44,0.074983
59,71,0.074664
37,44,0.074615
20,67,0.074465
4,43,0.073872
21,24,0.073811
44,73,0.073784
49,60,0.073562
15,59,0.073115
5,32,0.073104
64,66,0.072767
42,50,0.072278
62,69,0.072166
12,66,0.072140
68,69,0.071845
23,31,0.071445
41,61,0.071203
63,65,0.070808
47,62,0.070624
14,34,0.070267
20,25,0.070210
53,54,0.070193
59,66,0.069794
23,30,0.069644
55,61,0.069442
36,39,0.069436
13,17,0.069363
73,81,0.069098
15,16,0.068886
20,27,0.068362
43,49,0.068239
34,56,0.067998
15,36,0.067921
44,49,0.067131
32,58,0.067078
26,29,0.066693
7,51,0.066292
1,13,0.066060
49,61,0.065981
67,68,0.065941
28,50,0.065590
40,77,0.065504
4,11,0.065472
61,76,0.065394
45,49,0.065330
43,46,0.064935
42,46,0.064728
39,43,0.064622
5,12,0.064433
37,49,0.064404
55,64,0.064259
65,68,0.063879
23,60,0.063701
55,57,0.063615
30,31,0.063601
37,53,0.062618
17,38,0.062480
24,26,0.062406
14,41,0.062366
23,25,0.062249
16,58,0.062137
43,45,0.061921
19,24,0.061870
61,64,0.061866
13,16,0.061731
8,15,0.061264
21,65,0.061158
11,76,0.061064
15,18,0.060725
11,12,0.060642
35,55,0.060590
12,73,0.060494
23,45,0.060345
14,54,0.060247
14,67,0.060229
29,81,0.060045
4,67,0.059901
45,52,0.059534
13,42,0.059534
15,65,0.059274
59,63,0.059245
26,27,0.059213
36,62,0.059108
17,29,0.058991
28,63,0.058962
70,80,0.058846
9,43,0.058775
10,24,0.058593
33,53,0.058528
45,53,0.058188
65,67,0.058187
19,40,0.057933
58,78,0.057902
56,60,0.057418
17,64,0.057276
15,75,0.057263
22,54,0.057211
49,56,0.057206
25,50,0.056903
52,75,0.056894
8,62,0.056670
54,60,0.056512
29,48,0.056498
19,66,0.056482
35,40,0.056171
56,65,0.056150
47,84,0.055966
3,26,0.055955
29,30,0.055899
11,77,0.055764
4,64,0.055310
79,81,0.055127
28,39,0.055086
44,45,0.055063
25,29,0.054556
25,81,0.054530
11,35,0.054304
51,55,0.054242
7,20,0.054215
59,69,0.054108
2,9,0.054094
47,68,0.054091
13,15,0.053939
13,75,0.053886
8,84,0.053648
21,34,0.053635
21,45,0.053579
8,9,0.053577
46,61,0.053476
49,73,0.053468
15,51,0.053457
2,3,0.053439
3,34,0.053415
55,62,0.053140
54,55,0.052842
26,50,0.052725
32,36,0.052660
4,77,0.052500
7,19,0.052487
41,60,0.052368
2,52,0.052322
35,36,0.052248
44,63,0.052219
42,57,0.052205
48,52,0.052175
7,48,0.052116
72,84,0.052079
27,30,0.052057
17,25,0.052050
58,64,0.052043
31,66,0.051999
34,59,0.051916
12,79,0.051723
34,38,0.051631
17,23,0.051607
12,16,0.051576
36,84,0.051562
38,48,0.051541
29,69,0.051489
31,45,0.051418
51,76,0.051381
8,68,0.051317
19,59,0.051212
42,44,0.051196
26,57,0.051143
11,18,0.051070
59,68,0.050929
40,76,0.050870
3,42,0.050688
37,40,0.050674
14,53,0.050615
25,63,0.050567
53,61,0.050565
31,65,0.050504
37,46,0.050113
19,60,0.049913
69,80,0.049803
26,28,0.049776
49,76,0.049737
10,15,0.049643
32,47,0.049563
40,63,0.049481
21,52,0.049425
5,84,0.049340
22,25,0.049226
5,62,0.049206
36,83,0.049173
10,39,0.048886
12,26,0.048813
31,74,0.048747
32,43,0.048595
10,27,0.048415
62,72,0.048345
20,23,0.048202
34,73,0.048128
17,32,0.048096
31,34,0.048057
41,53,0.048048
6,10,0.048004
22,29,0.047977
18,38,0.047868
68,70,0.047866
70,73,0.047774
47,71,0.047700
43,79,0.047476
51,56,0.047442
78,84,0.047374
2,74,0.047308
66,67,0.047264
8,58,0.047047
12,48,0.047024
18,23,0.046838
57,79,0.046689
52,54,0.046648
30,34,0.046616
30,41,0.046546
12,64,0.046478
20,57,0.046405
26,64,0.046182
48,51,0.046019
10,44,0.045485
4,25,0.045418
14,56,0.045315
18,34,0.045307
4,70,0.045251
38,46,0.045172
26,39,0.045130
16,35,0.045029
29,70,0.044915
9,67,0.044846
41,43,0.044764
26,34,0.044689
57,70,0.044687
65,73,0.044665
22,23,0.044592
8,19,0.044575
38,76,0.044469
39,51,0.044358
32,57,0.044318
9,56,0.044099
6,69,0.044080
14,18,0.044045
34,74,0.043982
3,19,0.043946
67,72,0.043889
24,66,0.043877
7,46,0.043806
22,33,0.043781
56,62,0.043746
65,70,0.043617
18,40,0.043613
14,16,0.043569
33,80,0.043525
46,77,0.043451
53,65,0.043342
25,60,0.043213
4,52,0.043197
75,79,0.043154
14,21,0.042922
14,43,0.042833
30,45,0.042772
6,25,0.042754
8,28,0.042550
33,51,0.042444
9,13,0.042400
54,61,0.042380
28,47,0.042299
50,51,0.042234
33,59,0.042198
1,8,0.042130
46,50,0.042056
75,77,0.041976
25,38,0.041944
34,35,0.041891
20,22,0.041753
30,52,0.041741
39,46,0.041663
38,56,0.041575
6,21,0.041489
36,71,0.041463
78,79,0.041395
53,74,0.041391
20,40,0.041348
73,74,0.041330
19,48,0.041248
6,30,0.041232
35,61,0.041091
76,79,0.041068
45,48,0.041027
3,61,0.040931
43,54,0.040818
50,75,0.040770
21,23,0.040702
44,54,0.040663
9,26,0.040594
31,80,0.040578
19,21,0.040474
30,43,0.040382
25,32,0.040331
16,70,0.040255
2,30,0.040205
16,59,0.040149
10,22,0.040050
10,35,0.039893
3,74,0.039829
16,18,0.039692
39,41,0.039625
47,50,0.039605
19,44,0.039450
16,22,0.039335
16,25,0.039313
37,61,0.039211
40,50,0.039208
41,54,0.039180
53,76,0.039114
19,20,0.038992
47,83,0.038898
15,21,0.038860
42,76,0.038798
12,20,0.038737
12,72,0.038690
28,36,0.038666
32,34,0.038594
14,42,0.038557
47,75,0.038512
65,74,0.038398
16,60,0.038291
15,37,0.038275
11,16,0.038223
19,27,0.038194
27,65,0.038184
1,5,0.038168
20,61,0.038090
13,19,0.038000
17,65,0.037969
1,12,0.037947
17,26,0.037845
56,58,0.037731
59,65,0.037702
31,71,0.037697
18,44,0.037665
27,66,0.037651
69,76,0.037650
16,62,0.037566
15,47,0.037538
25,28,0.037440
7,13,0.037418
14,73,0.037348
39,52,0.037246
6,18,0.037173
51,53,0.037112
24,71,0.037085
25,26,0.037072
10,11,0.037016
51,66,0.036982
17,21,0.036922
15,76,0.036919
20,69,0.036880
17,43,0.036866
48,54,0.036818
60,62,0.036766
60,73,0.036584
33,75,0.036539
20,68,0.036527
38,41,0.036501
44,52,0.036479
7,80,0.036361
40,61,0.036360
27,71,0.036332
41,55,0.036264
3,31,0.036169
62,75,0.036110
30,48,0.036090
42,55,0.036011
8,83,0.035958
28,52,0.035956
45,61,0.035931
14,76,0.035852
17,22,0.035783
16,43,0.035747
59,70,0.035707
17,67,0.035678
35,54,0.035640
26,45,0.035543
48,79,0.035539
50,59,0.035516
68,76,0.035446
11,21,0.035385
1,47,0.035299
2,76,0.035231
50,54,0.035132
20,21,0.035066
83,84,0.035062
17,71,0.035047
10,32,0.035044
23,74,0.035022
37,43,0.034837
30,69,0.034836
12,47,0.034797
18,29,0.034789
22,38,0.034766
20,60,0.034750
2,6,0.034674
32,49,0.034634
34,67,0.034604
39,44,0.034592
4,46,0.034546
66,70,0.034544
29,45,0.034521
60,69,0.034429
81,83,0.034410
42,61,0.034402
13,14,0.034349
67,82,0.034213
37,39,0.034207
4,73,0.034177
27,60,0.034154
37,38,0.034116
16,20,0.034069
31,57,0.034003
70,79,0.033972
3,4,0.033921
9,68,0.033860
4,32,0.033830
4,23,0.033772
28,32,0.033724
21,74,0.033706
54,74,0.033650
43,48,0.033633
5,58,0.033606
50,56,0.033595
35,42,0.033511
10,54,0.033502
17,69,0.033389
42,67,0.033224
2,81,0.033207
72,83,0.033050
66,76,0.032999
10,77,0.032958
16,17,0.032936
46,54,0.032888
60,77,0.032859
26,41,0.032753
39,42,0.032710
1,10,0.032663
13,49,0.032659
40,64,0.032659
14,49,0.032628
1,72,0.032621
4,10,0.032616
50,53,0.032586
45,59,0.032529
36,58,0.032510
2,23,0.032417
44,46,0.032341
62,68,0.032294
3,10,0.032218
56,79,0.032144
54,63,0.032042
6,11,0.032042
14,35,0.031989
42,45,0.031945
26,37,0.031872
36,68,0.031853
9,22,0.031810
1,36,0.031771
10,81,0.031762
44,53,0.031757
4,33,0.031728
43,61,0.031704
31,54,0.031550
23,38,0.031480
69,74,0.031446
29,59,0.031443
7,50,0.031417
4,48,0.031407
2,8,0.031331
53,58,0.031287
10,14,0.031194
31,63,0.031152
26,35,0.031136
15,57,0.031124
22,80,0.031094
6,48,0.031044
3,22,0.031018
2,5,0.030953
2,14,0.030899
9,24,0.030848
4,57,0.030812
76,80,0.030744
18,31,0.030706
26,81,0.030661
9,32,0.030591
58,75,0.030385
26,43,0.030330
14,57,0.030309
55,63,0.030257
48,60,0.030235
15,28,0.030174
6,70,0.030002
48,75,0.029962
14,45,0.029939
1,69,0.029923
20,28,0.029881
39,68,0.029876
39,66,0.029856
33,34,0.029799
46,64,0.029733
15,42,0.029560
32,55,0.029541
57,67,0.029529
2,10,0.029525
11,47,0.029473
68,75,0.029456
15,71,0.029425
27,34,0.029317
1,15,0.029310
2,80,0.029270
1,6,0.029140
21,75,0.029122
17,20,0.029121
27,81,0.029044
3,64,0.029025
7,66,0.028990
5,68,0.028956
13,36,0.028936
26,56,0.028899
56,80,0.028806
39,74,0.028795
48,49,0.028764
1,11,0.028734
34,37,0.028689
37,70,0.028671
3,70,0.028405
9,18,0.028344
17,53,0.028225
11,72,0.028155
15,22,0.028134
2,63,0.028107
2,31,0.028044
41,74,0.028011
30,44,0.027884
27,44,0.027794
30,74,0.027657
31,50,0.027622
4,7,0.027619
53,80,0.027606
18,77,0.027520
68,71,0.027485
14,64,0.027346
39,79,0.027252
35,66,0.027230
50,52,0.027143
7,17,0.027084
25,33,0.027084
10,16,0.027066
3,57,0.027048
34,42,0.027045
74,77,0.026976
2,73,0.026929
11,24,0.026927
38,58,0.026860
5,82,0.026826
7,43,0.026816
10,31,0.026772
34,39,0.026717
20,38,0.026703
23,33,0.026650
18,26,0.026481
73,77,0.026478
12,84,0.026404
17,24,0.026374
21,41,0.026328
40,55,0.026316
37,71,0.026268
10,33,0.026266
11,51,0.026196
20,41,0.026109
2,26,0.026093
30,53,0.026090
8,67,0.026089
13,66,0.026038
17,19,0.025984
11,13,0.025896
2,12,0.025872
29,32,0.025864
2,60,0.025762
48,82,0.025710
43,63,0.025682
24,40,0.025587
21,32,0.025577
36,40,0.025538
8,71,0.025393
32,66,0.025388
43,44,0.025356
69,79,0.025346
28,58,0.025319
39,69,0.025313
16,71,0.025289
45,46,0.025271
33,55,0.025265
25,59,0.025260
5,67,0.025220
15,27,0.025168
13,56,0.025152
20,42,0.025088
34,65,0.025083
9,64,0.025074
67,81,0.025052
15,38,0.025045
40,49,0.024955
16,64,0.024908
49,63,0.024844
28,72,0.024844
43,77,0.024775
41,77,0.024708
18,24,0.024672
64,67,0.024636
19,71,0.024593
20,43,0.024590
38,73,0.024543
49,51,0.024458
13,29,0.024449
25,27,0.024434
15,82,0.024404
19,63,0.024397
54,56,0.024389
62,65,0.024371
26,69,0.024213
6,50,0.024203
2,53,0.024176
54,68,0.024129
6,38,0.024123
9,12,0.024058
50,70,0.024042
63,81,0.023994
7,38,0.023877
18,56,0.023871
74,80,0.023753
24,62,0.023690
57,71,0.023548
23,53,0.023538
62,70,0.023530
61,67,0.023503
21,66,0.023459
38,52,0.023428
18,39,0.023425
4,58,0.023329
10,62,0.023271
14,59,0.023238
13,37,0.023235
54,77,0.023199
12,36,0.023177
28,35,0.023133
17,37,0.023131
39,81,0.023106
27,29,0.022921
31,55,0.022761
4,38,0.022752
16,55,0.022730
37,65,0.022693
30,57,0.022638
10,50,0.022623
1,38,0.022561
17,40,0.022548
37,76,0.022514
9,14,0.022290
3,50,0.022289
63,64,0.022271
1,2,0.022263
28,43,0.022261
34,55,0.022247
20,24,0.022225
18,63,0.022148
24,25,0.022115
34,80,0.022082
61,77,0.022082
2,64,0.021981
15,29,0.021954
64,76,0.021825
36,51,0.021712
60,71,0.021702
11,79,0.021663
13,58,0.021657
14,79,0.021638
82,84,0.021621
43,56,0.021584
8,75,0.021516
38,74,0.021500
8,32,0.021487
35,45,0.021465
38,65,0.021457
66,79,0.021402
28,46,0.021402
3,21,0.021400
3,27,0.021378
65,81,0.021348
70,71,0.021334
41,44,0.021283
6,28,0.021267
42,66,0.021256
54,70,0.021241
80,83,0.021237
69,81,0.021227
80,82,0.021168
25,37,0.021155
32,63,0.021122
6,43,0.021069
70,75,0.021045
4,51,0.021039
6,79,0.021011
65,80,0.020983
53,59,0.020840
9,41,0.020801
57,81,0.020659
78,83,0.020613
30,36,0.020586
32,72,0.020527
16,19,0.020519
72,76,0.020414
42,58,0.020397
9,10,0.020387
25,41,0.020335
34,79,0.020292
29,42,0.020203
11,45,0.020177
30,81,0.020150
5,6,0.020133
18,46,0.020088
40,53,0.020075
35,64,0.020019
2,17,0.020005
46,79,0.019967
26,49,0.019938
58,61,0.019880
12,55,0.019745
18,59,0.019738
41,45,0.019734
25,69,0.019706
76,82,0.019699
29,44,0.019621
19,47,0.019549
17,33,0.019537
58,79,0.019507
13,64,0.019504
10,53,0.019443
23,55,0.019305
3,44,0.019304
29,51,0.019283
71,79,0.019270
30,73,0.019249
20,62,0.019204
4,49,0.019190
48,57,0.019174
39,49,0.019153
12,63,0.019142
18,64,0.019131
45,50,0.019114
9,31,0.019050
27,52,0.019047
4,55,0.019008
32,35,0.018933
51,69,0.018881
3,23,0.018879
21,46,0.018855
4,5,0.018851
7,27,0.018747
73,82,0.018732
70,76,0.018717
61,66,0.018699
38,54,0.018678
4,9,0.018646
19,23,0.018641
50,81,0.018638
23,51,0.018622
61,73,0.018605
17,70,0.018601
6,57,0.018574
22,50,0.018511
15,23,0.018414
41,81,0.018405
3,5,0.018255
28,84,0.018160
61,62,0.018159
20,31,0.018123
64,70,0.018078
3,52,0.018002
56,64,0.017995
27,35,0.017990
19,58,0.017956
70,81,0.017944
34,41,0.017936
18,33,0.017920
23,46,0.017914
27,57,0.017881
52,58,0.017818
45,64,0.017790
4,13,0.017785
66,75,0.017771
58,84,0.017705
64,73,0.017700
1,33,0.017694
34,77,0.017679
1,78,0.017659
13,70,0.017649
44,51,0.017584
1,3,0.017562
4,28,0.017557
31,81,0.017472
7,40,0.017429
69,75,0.017424
25,68,0.017398
15,48,0.017370
21,29,0.017282
1,21,0.017259
40,80,0.017227
18,52,0.017191
20,26,0.017164
12,59,0.017085
59,61,0.017052
24,55,0.017051
10,37,0.017042
7,81,0.017039
55,59,0.016947
4,62,0.016921
8,30,0.016890
26,77,0.016867
3,65,0.016858
3,32,0.016843
71,82,0.016835
24,45,0.016809
74,81,0.016780
7,22,0.016759
46,69,0.016740
49,52,0.016697
19,77,0.016674
26,42,0.016640
1,52,0.016624
37,42,0.016603
48,65,0.016583
6,20,0.016563
46,63,0.016538
33,77,0.016531
38,53,0.016505
18,21,0.016456
6,45,0.016444
40,47,0.016420
27,83,0.016276
10,21,0.016094
40,54,0.016086
5,83,0.016062
21,40,0.015975
15,24,0.015965
6,13,0.015938
6,76,0.015809
2,33,0.015792
24,33,0.015777
79,82,0.015743
34,53,0.015733
21,63,0.015623
47,56,0.015470
7,33,0.015432
20,75,0.015414
35,52,0.015371
6,75,0.015328
35,48,0.015287
31,69,0.015281
31,33,0.015239
36,37,0.015233
66,80,0.015207
49,53,0.015179
54,82,0.015179
27,74,0.015154
71,84,0.015126
21,39,0.015074
78,80,0.015041
6,63,0.015004
45,79,0.014986
9,73,0.014953
15,72,0.014951
52,66,0.014915
54,76,0.014777
39,47,0.014772
22,77,0.014739
38,57,0.014698
5,28,0.014577
28,77,0.014543
11,50,0.014355
51,57,0.014248
31,39,0.014187
53,55,0.014187
18,20,0.014159
18,57,0.014158
29,61,0.014136
3,12,0.014078
3,51,0.013942
19,25,0.013757
20,82,0.013747
31,59,0.013723
1,28,0.013654
51,80,0.013652
50,60,0.013645
27,50,0.013628
62,84,0.013579
48,81,0.013574
4,80,0.013558
37,75,0.013542
67,78,0.013523
22,31,0.013519
10,19,0.013511
17,42,0.013453
13,67,0.013449
35,49,0.013411
15,52,0.013403
73,75,0.013395
4,14,0.013347
23,50,0.013330
49,82,0.013290
30,33,0.013279
12,31,0.013208
43,66,0.013193
15,31,0.013166
16,39,0.013087
46,76,0.013058
14,65,0.013053
49,66,0.013051
37,57,0.013045
17,63,0.013045
59,67,0.012981
32,59,0.012978
7,69,0.012952
56,83,0.012917
24,61,0.012903
37,58,0.012895
18,80,0.012842
7,14,0.012832
39,63,0.012818
56,72,0.012786
12,62,0.012763
16,28,0.012723
25,46,0.012709
30,42,0.012700
7,16,0.012683
28,82,0.012644
34,82,0.012593
25,80,0.012576
44,55,0.012563
29,66,0.012487
48,68,0.012452
3,66,0.012431
21,35,0.012340
13,73,0.012291
20,63,0.012233
45,60,0.012211
12,19,0.012191
53,56,0.012187
2,83,0.012162
10,41,0.012161
2,56,0.012152
30,79,0.012111
3,46,0.012107
58,81,0.012094
37,50,0.012078
11,78,0.012074
74,75,0.011990
23,40,0.011990
2,42,0.011974
25,82,0.011961
35,47,0.011942
51,61,0.011922
44,79,0.011915
16,24,0.011877
13,57,0.011873
27,32,0.011857
52,64,0.011791
18,81,0.011752
40,72,0.011595
1,43,0.011561
14,25,0.011549
2,13,0.011506
8,82,0.011501
27,80,0.011383
33,45,0.011360
30,58,0.011347
52,77,0.011341
19,30,0.011337
47,55,0.011328
53,77,0.011306
58,80,0.011231
40,60,0.011205
15,83,0.011196
45,74,0.011185
12,75,0.011155
41,64,0.011107
10,67,0.011092
27,70,0.011072
31,53,0.011064
1,25,0.011055
11,65,0.011023
23,80,0.010981
6,60,0.010946
11,46,0.010938
9,66,0.010935
21,42,0.010928
47,82,0.010906
55,58,0.010900
7,52,0.010850
27,59,0.010821
33,54,0.010808
26,52,0.010798
45,69,0.010786
74,79,0.010748
38,71,0.010748
9,81,0.010729
29,71,0.010651
54,59,0.010627
33,40,0.010623
23,83,0.010587
43,65,0.010582
5,21,0.010559
10,48,0.010523
42,48,0.010523
43,51,0.010517
27,46,0.010489
3,41,0.010483
57,80,0.010475
34,40,0.010468
11,36,0.010463
36,75,0.010438
7,63,0.010420
46,53,0.010410
52,56,0.010392
31,58,0.010388
14,80,0.010380
21,53,0.010375
6,17,0.010368
35,39,0.010361
57,69,0.010351
7,56,0.010327
18,54,0.010218
27,61,0.010204
31,56,0.010134
72,73,0.009935
12,83,0.009858
5,7,0.009839
37,45,0.009815
21,27,0.009812
60,74,0.009797
18,42,0.009787
32,33,0.009732
37,80,0.009697
19,74,0.009688
33,76,0.009649
33,44,0.009547
58,82,0.009543
39,84,0.009541
75,82,0.009525
39,61,0.009521
24,65,0.009506
6,82,0.009469
11,80,0.009463
3,80,0.009440
7,28,0.009391
38,70,0.009391
12,43,0.009364
17,27,0.009359
20,53,0.009356
3,38,0.009281
66,68,0.009259
5,39,0.009251
55,79,0.009245
29,35,0.009190
39,62,0.009170
43,57,0.009164
7,71,0.009121
13,65,0.009087
21,33,0.009086
18,22,0.009039
54,75,0.009011
19,38,0.008995
4,66,0.008991
6,31,0.008989
26,44,0.008971
16,73,0.008919
17,59,0.008916
25,42,0.008909
7,65,0.008863
24,54,0.008822
58,74,0.008813
38,49,0.008791
11,53,0.008751
44,81,0.008714
70,83,0.008693
52,55,0.008681
1,74,0.008678
29,41,0.008675
72,82,0.008672
12,33,0.008658
2,55,0.008625
27,58,0.008611
15,74,0.008589
1,4,0.008583
1,61,0.008570
15,78,0.008569
50,65,0.008564
22,52,0.008562
37,55,0.008518
22,37,0.008516
31,73,0.008501
48,83,0.008434
47,52,0.008337
15,55,0.008297
6,74,0.008296
11,81,0.008276
12,37,0.008232
10,12,0.008146
44,75,0.008093
41,82,0.008086
69,83,0.008048
2,18,0.007977
14,40,0.007933
1,48,0.007927
33,43,0.007843
31,46,0.007837
2,4,0.007829
22,43,0.007809
6,19,0.007760
64,74,0.007733
68,77,0.007732
12,78,0.007697
39,60,0.007641
28,45,0.007616
24,32,0.007606
22,39,0.007590
45,56,0.007564
62,76,0.007548
10,43,0.007511
6,46,0.007457
6,52,0.007457
50,83,0.007446
51,71,0.007382
7,70,0.007375
14,23,0.007366
23,68,0.007319
34,45,0.007304
63,66,0.007303
24,31,0.007282
15,70,0.007231
2,75,0.007230
49,57,0.007211
20,56,0.007189
28,38,0.007125
62,77,0.007111
23,81,0.007073
49,77,0.007066
31,44,0.006971
12,46,0.006954
27,49,0.006945
70,77,0.006933
43,73,0.006825
1,71,0.006813
10,64,0.006782
1,65,0.006738
3,69,0.006710
33,61,0.006689
49,54,0.006675
1,30,0.006642
54,66,0.006630
53,64,0.006591
31,38,0.006588
19,36,0.006536
35,41,0.006530
11,54,0.006389
13,81,0.006341
37,74,0.006340
13,69,0.006331
51,62,0.006331
52,70,0.006270
51,58,0.006215
20,44,0.006210
7,24,0.006153
7,55,0.006139
75,84,0.006105
37,59,0.006103
41,65,0.006074
41,48,0.006034
10,17,0.006025
5,50,0.005989
11,60,0.005966
41,57,0.005945
14,26,0.005933
8,13,0.005900
65,71,0.005895
21,82,0.005855
79,83,0.005845
39,56,0.005832
12,23,0.005800
58,83,0.005777
22,40,0.005776
39,55,0.005725
60,81,0.005701
44,58,0.005694
2,36,0.005694
32,78,0.005689
14,39,0.005638
36,55,0.005634
41,50,0.005629
21,60,0.005605
14,19,0.005555
2,48,0.005512
2,57,0.005497
50,67,0.005489
10,20,0.005485
11,84,0.005454
21,30,0.005435
34,44,0.005418
2,24,0.005383
53,82,0.005367
2,34,0.005353
13,39,0.005349
32,84,0.005274
33,83,0.005239
10,79,0.005131
19,57,0.005113
28,75,0.005100
17,45,0.005095
31,51,0.005085
19,69,0.005057
45,63,0.005024
52,61,0.005019
22,75,0.004971
2,82,0.004927
9,23,0.004919
18,37,0.004837
7,34,0.004833
4,17,0.004830
52,83,0.004822
2,43,0.004818
13,30,0.004785
22,76,0.004770
59,72,0.004753
31,48,0.004734
16,65,0.004725
18,50,0.004722
3,13,0.004720
29,57,0.004707
7,35,0.004689
9,39,0.004656
44,61,0.004655
22,51,0.004650
7,74,0.004573
4,76,0.004571
5,75,0.004561
3,40,0.004491
40,59,0.004474
78,81,0.004442
20,48,0.004440
3,63,0.004363
9,49,0.004328
27,62,0.004321
32,41,0.004261
10,34,0.004210
20,81,0.004209
49,65,0.004198
4,42,0.004125
28,31,0.004100
59,74,0.004094
13,34,0.004077
4,83,0.004059
45,75,0.004033
41,71,0.003957
18,55,0.003877
29,80,0.003841
12,50,0.003791
49,83,0.003717
7,41,0.003715
68,84,0.003699
24,57,0.003667
67,73,0.003665
13,74,0.003639
52,53,0.003636
34,46,0.003626
25,45,0.003589
34,75,0.003589
20,74,0.003567
67,79,0.003565
33,36,0.003541
6,27,0.003520
61,63,0.003516
32,53,0.003441
59,82,0.003436
51,63,0.003424
15,84,0.003354
3,84,0.003321
1,40,0.003290
24,39,0.003275
34,76,0.003274
59,76,0.003272
15,39,0.003270
38,66,0.003227
10,38,0.003184
11,31,0.003178
36,79,0.003130
23,61,0.003088
4,30,0.003068
37,73,0.003062
43,80,0.003060
27,48,0.003056
60,66,0.003044
16,23,0.002970
5,17,0.002955
25,61,0.002880
13,59,0.002827
11,25,0.002806
53,67,0.002787
14,71,0.002730
39,80,0.002682
51,84,0.002658
1,17,0.002653
76,77,0.002646
65,69,0.002643
1,32,0.002638
18,51,0.002631
61,75,0.002563
2,15,0.002542
12,81,0.002472
71,81,0.002447
26,83,0.002418
23,76,0.002378
63,75,0.002331
19,82,0.002283
11,27,0.002241
57,73,0.002241
57,83,0.002200
67,71,0.002192
55,67,0.002156
56,84,0.002121
30,75,0.002053
17,68,0.002015
12,53,0.001956
20,59,0.001948
30,60,0.001940
56,77,0.001939
9,11,0.001937
22,49,0.001910
48,64,0.001873
6,58,0.001870
63,67,0.001814
54,83,0.001805
30,84,0.001759
1,84,0.001655
51,68,0.001643
7,8,0.001613
55,84,0.001532
10,71,0.001529
60,65,0.001513
51,72,0.001506
49,84,0.001503
26,32,0.001459
11,40,0.001429
42,51,0.001418
6,44,0.001411
11,28,0.001409
76,84,0.001386
7,77,0.001353
46,74,0.001324
25,48,0.001324
25,30,0.001297
6,53,0.001282
68,74,0.001277
14,44,0.001259
10,68,0.001259
75,80,0.001214
81,84,0.001176
33,64,0.001144
56,82,0.001138
10,28,0.001125
45,55,0.001094
23,65,0.001064
24,63,0.000974
2,22,0.000914
9,55,0.000905
39,71,0.000905
30,56,0.000900
12,60,0.000899
51,74,0.000897
47,67,0.000880
32,82,0.000850
6,64,0.000830
28,78,0.000825
53,83,0.000775
4,35,0.000718
16,37,0.000672
2,21,0.000636
1,63,0.000589
11,39,0.000587
24,29,0.000576
2,39,0.000547
18,49,0.000532
23,54,0.000455
64,69,0.000447
48,77,0.000440
2,49,0.000419
15,19,0.000364
11,59,0.000361
13,76,0.000342
22,45,0.000314
6,12,0.000301
31,83,0.000288
56,71,0.000279
5,71,0.000266
4,81,0.000260
57,59,0.000224
37,67,0.000212
13,80,0.000188
10,70,0.000173
60,79,0.000140
38,63,0.000108
9,35,0.000082
50,78,0.000082
33,71,0.000069
46,56,0.000042
37,77,0.000031
10,18,0.000030
52,71,0.000027
11,74,0.000021
36,82,0.000013
27,54,0.000003
38,80,-0.000036
34,52,-0.000048
19,84,-0.000061
43,83,-0.000071
52,60,-0.000103
23,37,-0.000130
4,65,-0.000180
17,52,-0.000206
29,83,-0.000261
10,46,-0.000273
25,77,-0.000309
17,80,-0.000340
58,59,-0.000360
22,42,-0.000420
37,81,-0.000422
9,60,-0.000478
22,26,-0.000546
39,53,-0.000584
12,21,-0.000603
44,69,-0.000604
14,52,-0.000632
26,38,-0.000653
69,82,-0.000685
37,62,-0.000738
36,50,-0.000743
19,70,-0.000753
29,77,-0.000807
35,50,-0.000852
13,35,-0.000876
3,20,-0.000882
44,76,-0.000900
51,83,-0.000910
17,76,-0.000969
1,27,-0.000980
13,25,-0.001019
9,44,-0.001056
20,45,-0.001120
23,77,-0.001125
29,53,-0.001134
14,63,-0.001171
68,79,-0.001187
56,63,-0.001217
63,69,-0.001226
34,57,-0.001239
2,38,-0.001334
20,50,-0.001408
8,77,-0.001492
17,30,-0.001500
13,26,-0.001501
11,52,-0.001516
43,52,-0.001528
77,84,-0.001549
18,73,-0.001559
16,53,-0.001576
3,82,-0.001656
42,80,-0.001664
16,45,-0.001682
3,15,-0.001720
17,73,-0.001757
24,46,-0.001811
1,57,-0.001830
30,49,-0.001846
44,80,-0.001872
18,45,-0.001873
3,45,-0.001886
24,53,-0.001890
1,54,-0.001942
38,51,-0.001958
35,58,-0.001984
4,82,-0.001995
70,84,-0.002030
12,67,-0.002052
50,82,-0.002094
54,84,-0.002130
60,82,-0.002144
23,48,-0.002155
2,65,-0.002195
10,83,-0.002201
32,44,-0.002232
19,73,-0.002233
30,82,-0.002256
63,80,-0.002286
56,70,-0.002303
11,63,-0.002308
31,43,-0.002340
16,74,-0.002355
12,25,-0.002358
40,42,-0.002388
36,59,-0.002415
37,84,-0.002459
77,81,-0.002495
37,79,-0.002498
3,53,-0.002516
12,65,-0.002581
1,18,-0.002581
11,67,-0.002604
63,76,-0.002615
25,44,-0.002636
2,66,-0.002678
20,76,-0.002700
20,65,-0.002745
17,77,-0.002757
31,82,-0.002770
1,34,-0.002780
44,66,-0.002783
1,81,-0.002790
34,64,-0.002800
50,58,-0.002818
55,73,-0.002832
9,15,-0.002840
64,68,-0.002842
31,70,-0.002909
7,58,-0.002932
75,83,-0.002940
75,76,-0.002963
23,52,-0.002974
35,84,-0.003035
22,79,-0.003045
31,37,-0.003112
33,38,-0.003175
67,83,-0.003184
44,74,-0.003209
68,83,-0.003253
54,71,-0.003264
2,79,-0.003272
57,64,-0.003334
38,44,-0.003344
27,56,-0.003350
23,56,-0.003361
34,63,-0.003365
17,44,-0.003387
4,20,-0.003419
11,20,-0.003425
62,73,-0.003436
42,65,-0.003436
49,80,-0.003447
2,70,-0.003498
10,66,-0.003555
74,82,-0.003578
45,73,-0.003594
66,69,-0.003596
52,76,-0.003606
34,49,-0.003616
39,83,-0.003701
35,68,-0.003729
55,76,-0.003757
26,48,-0.003775
14,27,-0.003793
33,41,-0.003804
42,73,-0.003812
64,78,-0.003862
23,63,-0.003890
17,75,-0.003901
65,84,-0.003915
51,75,-0.003917
78,82,-0.003927
73,78,-0.003936
4,39,-0.003972
41,63,-0.004069
50,84,-0.004072
12,70,-0.004131
27,69,-0.004151
64,84,-0.004155
25,84,-0.004159
41,75,-0.004164
13,62,-0.004193
14,15,-0.004217
12,14,-0.004238
7,42,-0.004244
42,81,-0.004284
21,51,-0.004309
79,84,-0.004323
24,56,-0.004356
32,60,-0.004361
28,71,-0.004375
61,80,-0.004433
19,67,-0.004438
18,25,-0.004460
24,84,-0.004484
4,79,-0.004490
6,65,-0.004507
16,83,-0.004509
22,35,-0.004526
2,28,-0.004547
26,76,-0.004558
33,79,-0.004566
12,77,-0.004646
71,80,-0.004684
62,71,-0.004693
22,53,-0.004697
7,61,-0.004710
17,31,-0.004715
42,77,-0.004718
22,62,-0.004812
23,32,-0.004849
13,83,-0.004882
25,79,-0.004909
24,67,-0.004929
33,35,-0.004957
45,54,-0.004959
22,61,-0.005091
13,82,-0.005098
10,69,-0.005155
48,71,-0.005157
9,27,-0.005159
21,84,-0.005181
23,44,-0.005207
7,49,-0.005217
61,69,-0.005221
11,64,-0.005268
7,29,-0.005274
17,82,-0.005287
4,60,-0.005337
11,38,-0.005342
8,50,-0.005373
27,64,-0.005383
38,50,-0.005456
19,65,-0.005460
47,81,-0.005462
22,82,-0.005466
10,30,-0.005467
3,73,-0.005469
45,84,-0.005528
62,83,-0.005569
11,23,-0.005627
52,84,-0.005657
67,76,-0.005664
31,41,-0.005726
44,84,-0.005733
46,60,-0.005748
20,64,-0.005760
13,27,-0.005766
1,44,-0.005813
1,49,-0.005814
20,35,-0.005842
6,67,-0.005856
21,67,-0.005869
37,64,-0.005875
53,60,-0.005911
47,54,-0.005959
56,75,-0.005977
1,9,-0.005984
18,75,-0.005996
1,7,-0.006006
2,68,-0.006041
6,39,-0.006061
6,34,-0.006114
60,78,-0.006129
40,68,-0.006164
17,49,-0.006164
21,37,-0.006181
32,69,-0.006189
23,66,-0.006213
22,67,-0.006222
80,84,-0.006250
31,49,-0.006328
46,75,-0.006388
46,73,-0.006394
42,83,-0.006406
71,73,-0.006410
38,79,-0.006423
60,83,-0.006473
26,59,-0.006492
24,77,-0.006502
34,70,-0.006550
59,60,-0.006553
30,71,-0.006555
69,72,-0.006607
4,63,-0.006607
43,50,-0.006622
26,79,-0.006676
1,66,-0.006686
4,56,-0.006751
24,43,-0.006798
25,58,-0.006827
9,21,-0.006837
25,83,-0.006851
11,41,-0.006852
43,64,-0.006856
28,30,-0.006877
3,17,-0.006904
22,30,-0.006912
6,14,-0.006933
24,60,-0.006942
60,70,-0.006947
22,34,-0.006961
9,48,-0.006972
39,72,-0.007018
64,83,-0.007024
45,82,-0.007030
12,54,-0.007032
59,77,-0.007079
22,84,-0.007093
9,40,-0.007178
7,18,-0.007206
45,80,-0.007217
18,69,-0.007245
1,70,-0.007253
26,73,-0.007292
38,55,-0.007308
29,34,-0.007328
11,37,-0.007341
67,84,-0.007367
48,84,-0.007399
20,52,-0.007570
2,37,-0.007576
43,55,-0.007616
52,82,-0.007638
18,83,-0.007638
20,55,-0.007692
9,28,-0.007757
38,60,-0.007769
66,72,-0.007871
20,73,-0.007905
18,61,-0.007937
10,55,-0.007937
64,80,-0.007942
1,29,-0.007956
18,27,-0.007963
21,83,-0.007964
29,63,-0.007975
19,33,-0.007982
19,68,-0.008012
28,64,-0.008035
8,40,-0.008037
33,63,-0.008078
12,57,-0.008080
24,82,-0.008106
1,35,-0.008118
17,66,-0.008129
23,28,-0.008138
25,73,-0.008146
66,84,-0.008156
15,26,-0.008170
46,81,-0.008177
48,53,-0.008203
50,77,-0.008212
47,59,-0.008229
26,84,-0.008288
53,66,-0.008293
35,74,-0.008308
54,64,-0.008319
46,67,-0.008345
62,66,-0.008354
20,70,-0.008367
74,83,-0.008393
10,63,-0.008422
5,13,-0.008436
38,64,-0.008458
29,75,-0.008463
63,77,-0.008469
6,84,-0.008496
41,83,-0.008496
6,66,-0.008523
34,58,-0.008543
6,81,-0.008547
22,63,-0.008549
1,53,-0.008552
33,66,-0.008568
27,42,-0.008572
66,71,-0.008599
19,37,-0.008627
62,74,-0.008675
44,82,-0.008691
41,52,-0.008769
13,55,-0.008792
24,64,-0.008796
24,48,-0.008803
66,82,-0.008807
16,56,-0.008808
8,51,-0.008820
9,51,-0.008824
36,46,-0.008841
30,59,-0.008844
34,84,-0.008873
68,80,-0.008875
24,73,-0.008885
25,31,-0.008916
19,49,-0.008939
24,41,-0.008958
12,13,-0.008999
36,81,-0.009069
17,83,-0.009086
20,39,-0.009101
16,34,-0.009124
20,32,-0.009128
21,25,-0.009135
58,77,-0.009184
6,23,-0.009216
17,39,-0.009219
29,74,-0.009222
31,75,-0.009244
28,83,-0.009263
73,84,-0.009308
72,79,-0.009320
15,53,-0.009332
53,57,-0.009335
27,37,-0.009399
71,83,-0.009439
13,18,-0.009481
9,82,-0.009518
9,78,-0.009548
6,51,-0.009580
26,61,-0.009587
42,68,-0.009623
41,62,-0.009641
59,80,-0.009652
38,83,-0.009673
16,49,-0.009680
16,52,-0.009721
30,66,-0.009768
1,14,-0.009785
63,70,-0.009795
37,83,-0.009814
10,74,-0.009848
13,31,-0.009902
33,81,-0.009908
5,40,-0.009993
20,83,-0.009994
5,19,-0.009998
12,35,-0.010072
48,62,-0.010098
13,21,-0.010101
42,71,-0.010161
8,35,-0.010182
21,58,-0.010184
38,68,-0.010201
15,45,-0.010216
77,83,-0.010220
21,48,-0.010227
53,68,-0.010249
4,34,-0.010254
7,84,-0.010272
4,18,-0.010277
4,19,-0.010359
27,84,-0.010370
50,72,-0.010402
42,64,-0.010440
9,80,-0.010441
59,84,-0.010454
55,81,-0.010464
5,77,-0.010478
32,75,-0.010543
64,82,-0.010592
9,29,-0.010635
16,81,-0.010676
57,84,-0.010696
46,82,-0.010710
50,79,-0.010721
48,58,-0.010729
51,73,-0.010738
34,62,-0.010773
30,83,-0.010844
63,74,-0.010906
40,66,-0.010954
35,53,-0.011003
62,82,-0.011010
9,84,-0.011014
38,61,-0.011077
9,59,-0.011077
24,80,-0.011081
42,70,-0.011099
55,74,-0.011119
31,84,-0.011135
10,61,-0.011144
1,51,-0.011156
46,57,-0.011159
22,73,-0.011180
60,84,-0.011218
2,46,-0.011240
63,82,-0.011246
27,63,-0.011271
73,83,-0.011276
6,37,-0.011296
18,19,-0.011369
9,76,-0.011401
28,62,-0.011410
76,83,-0.011418
43,81,-0.011506
6,15,-0.011507
62,80,-0.011507
11,73,-0.011515
48,59,-0.011520
48,80,-0.011546
3,35,-0.011587
38,43,-0.011614
21,71,-0.011660
46,84,-0.011706
13,23,-0.011761
53,84,-0.011770
20,34,-0.011775
11,83,-0.011795
2,35,-0.011824
44,64,-0.011827
9,33,-0.011840
38,84,-0.011863
17,28,-0.011878
15,49,-0.011883
42,53,-0.011896
47,77,-0.011945
35,46,-0.011992
23,84,-0.011998
3,25,-0.012057
31,42,-0.012068
1,79,-0.012071
57,62,-0.012079
23,35,-0.012143
1,76,-0.012160
13,84,-0.012171
4,84,-0.012176
7,30,-0.012217
65,82,-0.012225
31,60,-0.012276
51,82,-0.012287
18,48,-0.012313
43,67,-0.012324
2,11,-0.012475
35,75,-0.012488
59,81,-0.012489
21,50,-0.012494
39,82,-0.012517
25,55,-0.012522
32,37,-0.012576
46,70,-0.012597
57,77,-0.012601
9,36,-0.012603
28,56,-0.012652
51,79,-0.012653
13,60,-0.012664
30,72,-0.012674
1,24,-0.012683
1,68,-0.012709
19,64,-0.012749
42,82,-0.012792
6,49,-0.012829
1,23,-0.012851
30,47,-0.012874
41,84,-0.012880
18,65,-0.013031
19,41,-0.013068
6,41,-0.013078
35,83,-0.013086
43,84,-0.013092
77,79,-0.013124
28,41,-0.013143
27,53,-0.013156
29,31,-0.013161
15,79,-0.013261
18,84,-0.013266
24,81,-0.013311
52,80,-0.013314
23,57,-0.013363
23,79,-0.013376
48,61,-0.013395
20,58,-0.013419
27,82,-0.013423
5,25,-0.013423
29,68,-0.013425
4,40,-0.013445
41,79,-0.013522
4,61,-0.013614
8,64,-0.013630
7,26,-0.013658
24,58,-0.013683
26,60,-0.013684
54,80,-0.013690
16,41,-0.013696
57,74,-0.013759
44,83,-0.013796
15,46,-0.013816
46,83,-0.013817
34,83,-0.013829
48,69,-0.013857
63,73,-0.013874
35,59,-0.013880
22,57,-0.013893
33,84,-0.013904
29,84,-0.013917
50,68,-0.013930
69,84,-0.013932
44,77,-0.013940
57,63,-0.013996
42,56,-0.014000
20,80,-0.014030
6,26,-0.014032
9,37,-0.014046
42,54,-0.014048
38,59,-0.014056
41,59,-0.014070
20,84,-0.014092
45,81,-0.014106
26,66,-0.014114
55,70,-0.014123
19,34,-0.014138
23,73,-0.014148
50,61,-0.014161
31,61,-0.014161
1,60,-0.014198
50,66,-0.014260
39,67,-0.014293
55,66,-0.014299
32,56,-0.014323
6,35,-0.014325
21,31,-0.014355
21,55,-0.014499
8,39,-0.014549
63,83,-0.014550
24,68,-0.014563
19,32,-0.014576
24,83,-0.014587
14,69,-0.014665
1,58,-0.014683
2,62,-0.014724
29,82,-0.014777
46,48,-0.014799
4,29,-0.014860
1,37,-0.014866
59,64,-0.014874
37,52,-0.014915
32,70,-0.014922
14,29,-0.014955
24,74,-0.014960
1,55,-0.014960
17,84,-0.014985
38,39,-0.014986
66,83,-0.015015
30,80,-0.015032
33,70,-0.015036
4,37,-0.015057
16,84,-0.015063
32,61,-0.015182
31,68,-0.015185
3,37,-0.015195
38,45,-0.015212
34,69,-0.015228
40,48,-0.015239
26,82,-0.015251
3,18,-0.015284
74,78,-0.015292
53,79,-0.015292
1,59,-0.015320
44,62,-0.015327
43,58,-0.015327
3,60,-0.015335
41,80,-0.015355
45,65,-0.015381
49,58,-0.015384
11,82,-0.015398
9,19,-0.015448
16,31,-0.015511
2,25,-0.015525
8,56,-0.015532
42,84,-0.015563
13,50,-0.015601
30,67,-0.015601
45,76,-0.015610
35,73,-0.015611
25,53,-0.015615
10,82,-0.015636
15,66,-0.015695
12,34,-0.015718
2,69,-0.015724
14,82,-0.015739
35,79,-0.015766
16,54,-0.015794
7,75,-0.015802
3,83,-0.015807
22,27,-0.015818
19,55,-0.015839
23,59,-0.015849
60,76,-0.015883
42,74,-0.015937
51,52,-0.015978
19,83,-0.015988
55,77,-0.016021
9,79,-0.016050
14,83,-0.016054
64,81,-0.016086
77,80,-0.016101
56,61,-0.016116
6,22,-0.016134
14,61,-0.016148
6,61,-0.016156
19,54,-0.016205
16,29,-0.016260
48,50,-0.016274
52,59,-0.016319
6,42,-0.016330
10,76,-0.016348
12,61,-0.016354
64,79,-0.016355
16,79,-0.016359
60,75,-0.016364
18,74,-0.016395
1,45,-0.016396
77,82,-0.016427
6,8,-0.016474
41,51,-0.016481
35,43,-0.016493
14,38,-0.016494
20,33,-0.016531
15,32,-0.016551
31,64,-0.016556
28,29,-0.016574
10,84,-0.016582
18,66,-0.016592
7,57,-0.016596
28,42,-0.016605
74,84,-0.016627
42,79,-0.016655
70,82,-0.016670
15,20,-0.016680
12,40,-0.016684
17,54,-0.016711
45,83,-0.016735
55,68,-0.016737
14,55,-0.016830
45,57,-0.016835
15,30,-0.016873
65,83,-0.016913
35,70,-0.016937
14,81,-0.016968
61,84,-0.016972
10,59,-0.016975
1,39,-0.017046
11,48,-0.017111
35,56,-0.017123
63,78,-0.017179
4,68,-0.017192
37,41,-0.017200
8,17,-0.017223
3,71,-0.017233
30,63,-0.017239
8,59,-0.017239
60,68,-0.017268
39,64,-0.017290
15,56,-0.017365
61,82,-0.017380
15,40,-0.017420
61,83,-0.017426
37,82,-0.017435
50,55,-0.017469
21,59,-0.017487
55,82,-0.017539
2,71,-0.017576
54,65,-0.017650
35,51,-0.017659
9,30,-0.017675
4,59,-0.017752
36,80,-0.017771
10,52,-0.017786
22,41,-0.017826
19,79,-0.017849
24,69,-0.017849
10,49,-0.017917
18,82,-0.017957
35,65,-0.017963
23,82,-0.017969
18,79,-0.017985
17,81,-0.017988
13,72,-0.017991
19,46,-0.018000
11,19,-0.018001
13,53,-0.018002
22,68,-0.018087
49,55,-0.018089
2,44,-0.018135
32,65,-0.018149
53,62,-0.018155
7,67,-0.018198
17,79,-0.018202
1,16,-0.018245
8,69,-0.018271
33,60,-0.018282
33,39,-0.018287
25,34,-0.018345
59,83,-0.018364
25,35,-0.018386
6,24,-0.018388
2,47,-0.018397
37,66,-0.018407
49,81,-0.018411
25,66,-0.018460
13,63,-0.018578
12,80,-0.018587
71,74,-0.018612
1,50,-0.018681
24,30,-0.018682
14,62,-0.018702
25,57,-0.018704
28,76,-0.018718
40,84,-0.018756
6,77,-0.018814
35,63,-0.018838
11,57,-0.018851
28,49,-0.018870
49,64,-0.018878
51,70,-0.018893
5,64,-0.018897
13,79,-0.018928
36,54,-0.019075
24,35,-0.019099
7,37,-0.019207
29,54,-0.019208
66,77,-0.019223
54,62,-0.019250
1,83,-0.019267
20,79,-0.019460
12,41,-0.019496
16,36,-0.019505
6,80,-0.019542
6,73,-0.019562
6,83,-0.019595
26,53,-0.019619
33,82,-0.019630
45,71,-0.019668
6,29,-0.019672
35,72,-0.019694
9,46,-0.019699
1,80,-0.019729
38,82,-0.019743
8,21,-0.019766
12,29,-0.019775
58,70,-0.019829
7,21,-0.019907
4,12,-0.019930
28,69,-0.019986
1,19,-0.019994
56,81,-0.020001
39,78,-0.020048
49,67,-0.020094
6,55,-0.020109
13,44,-0.020149
3,56,-0.020164
23,70,-0.020226
9,38,-0.020263
57,58,-0.020279
12,30,-0.020300
32,50,-0.020307
8,81,-0.020335
30,55,-0.020356
36,77,-0.020405
11,69,-0.020408
34,36,-0.020433
38,69,-0.020440
6,68,-0.020444
43,82,-0.020504
2,84,-0.020513
20,66,-0.020533
15,44,-0.020614
51,78,-0.020636
14,84,-0.020694
15,62,-0.020735
17,34,-0.020797
45,47,-0.020800
46,71,-0.020849
35,82,-0.020857
15,60,-0.020872
26,67,-0.020901
19,72,-0.020960
1,26,-0.021012
23,75,-0.021028
44,67,-0.021056
5,33,-0.021057
46,62,-0.021064
19,53,-0.021076
25,74,-0.021099
33,62,-0.021126
2,50,-0.021132
4,74,-0.021207
28,55,-0.021258
14,22,-0.021316
70,72,-0.021348
21,68,-0.021349
22,83,-0.021365
20,71,-0.021461
5,81,-0.021467
49,69,-0.021482
24,42,-0.021512
12,32,-0.021543
52,69,-0.021560
7,44,-0.021560
48,55,-0.021571
61,79,-0.021588
36,49,-0.021604
18,43,-0.021654
7,60,-0.021719
71,76,-0.021733
4,50,-0.021744
72,81,-0.021749
50,63,-0.021789
14,48,-0.021799
22,70,-0.021828
19,61,-0.021857
31,32,-0.021882
28,73,-0.021883
1,62,-0.021916
26,58,-0.021936
7,79,-0.021953
16,46,-0.021968
18,67,-0.021970
18,53,-0.022077
30,68,-0.022102
1,56,-0.022106
25,52,-0.022148
34,60,-0.022234
16,75,-0.022284
26,65,-0.022340
13,77,-0.022361
24,70,-0.022370
53,70,-0.022377
63,68,-0.022397
1,75,-0.022421
9,47,-0.022498
1,42,-0.022516
23,42,-0.022528
28,70,-0.022529
21,79,-0.022572
65,77,-0.022620
54,72,-0.022631
33,49,-0.022650
9,83,-0.022719
34,50,-0.022749
23,49,-0.022768
10,29,-0.022822
1,41,-0.022830
21,70,-0.022849
1,77,-0.022853
26,62,-0.022887
7,82,-0.022910
40,74,-0.022929
4,22,-0.022951
11,17,-0.023010
4,41,-0.023051
11,44,-0.023067
2,7,-0.023086
56,59,-0.023103
19,45,-0.023105
55,83,-0.023127
27,75,-0.023129
39,50,-0.023135
29,37,-0.023143
9,72,-0.023147
9,63,-0.023152
4,71,-0.023159
57,68,-0.023165
43,70,-0.023193
34,68,-0.023215
16,40,-0.023253
11,34,-0.023273
24,76,-0.023278
10,58,-0.023294
10,60,-0.023298
48,74,-0.023301
47,48,-0.023345
23,26,-0.023391
57,82,-0.023507
52,67,-0.023530
41,56,-0.023543
16,78,-0.023566
57,66,-0.023568
21,78,-0.023584
8,76,-0.023588
23,58,-0.023613
51,77,-0.023638
21,43,-0.023641
41,69,-0.023695
41,73,-0.023737
47,49,-0.023766
13,22,-0.023771
44,50,-0.023804
18,71,-0.023832
29,50,-0.023852
76,81,-0.023879
35,57,-0.023891
26,72,-0.023897
47,53,-0.023942
40,73,-0.023942
47,73,-0.024046
28,79,-0.024071
7,25,-0.024091
68,81,-0.024103
22,46,-0.024142
30,64,-0.024155
38,77,-0.024240
4,31,-0.024282
9,54,-0.024300
21,81,-0.024307
32,62,-0.024354
51,81,-0.024364
20,37,-0.024377
19,35,-0.024381
5,51,-0.024413
26,36,-0.024450
23,34,-0.024458
16,50,-0.024461
16,47,-0.024474
32,39,-0.024484
26,33,-0.024488
23,64,-0.024512
12,69,-0.024525
42,75,-0.024535
21,64,-0.024581
7,83,-0.024611
33,58,-0.024659
13,47,-0.024669
30,40,-0.024690
60,80,-0.024709
21,77,-0.024826
15,68,-0.024876
23,69,-0.024885
4,45,-0.024977
14,20,-0.024978
19,29,-0.024979
20,30,-0.025040
16,21,-0.025041
28,54,-0.025046
28,60,-0.025062
15,25,-0.025103
1,67,-0.025116
26,40,-0.025130
42,62,-0.025210
51,64,-0.025263
7,76,-0.025282
19,81,-0.025365
40,45,-0.025372
32,68,-0.025378
46,47,-0.025434
30,37,-0.025438
37,69,-0.025452
29,67,-0.025466
55,72,-0.025471
23,62,-0.025559
52,72,-0.025583
5,59,-0.025592
29,38,-0.025642
43,68,-0.025647
8,10,-0.025735
16,38,-0.025769
14,70,-0.025790
51,65,-0.025844
52,62,-0.025873
18,60,-0.025898
7,23,-0.025969
5,52,-0.026086
30,32,-0.026105
2,67,-0.026143
3,59,-0.026255
31,40,-0.026284
16,82,-0.026397
2,54,-0.026414
27,79,-0.026432
42,60,-0.026432
7,39,-0.026443
40,56,-0.026517
42,52,-0.026583
52,65,-0.026657
9,71,-0.026684
59,79,-0.026694
27,76,-0.026701
48,67,-0.026716
26,80,-0.026732
38,67,-0.026759
30,76,-0.026789
67,77,-0.026801
30,39,-0.026822
56,74,-0.026828
21,57,-0.026863
14,60,-0.026884
13,48,-0.026910
4,54,-0.026924
21,80,-0.027055
32,83,-0.027081
1,73,-0.027112
40,81,-0.027121
48,56,-0.027130
2,19,-0.027137
2,29,-0.027176
13,71,-0.027198
43,76,-0.027203
32,48,-0.027216
27,43,-0.027217
2,32,-0.027244
14,66,-0.027287
1,82,-0.027343
15,81,-0.027358
43,75,-0.027379
10,51,-0.027445
33,74,-0.027484
3,78,-0.027501
38,40,-0.027518
23,43,-0.027530
18,62,-0.027541
10,25,-0.027565
28,68,-0.027577
5,55,-0.027587
53,81,-0.027590
69,78,-0.027595
7,32,-0.027604
36,67,-0.027627
32,74,-0.027653
55,69,-0.027670
12,28,-0.027732
23,67,-0.027744
19,76,-0.027905
3,79,-0.027912
58,63,-0.027927
5,16,-0.027941
1,20,-0.027954
22,81,-0.027978
14,74,-0.028012
26,63,-0.028047
30,35,-0.028059
52,57,-0.028059
21,61,-0.028086
39,76,-0.028155
9,17,-0.028228
39,75,-0.028234
72,74,-0.028243
40,78,-0.028266
36,76,-0.028296
50,74,-0.028366
45,66,-0.028381
24,50,-0.028425
35,37,-0.028572
25,62,-0.028634
33,56,-0.028668
65,76,-0.028700
37,54,-0.028706
4,75,-0.028720
29,46,-0.028739
11,75,-0.028757
9,77,-0.028806
4,15,-0.028838
16,72,-0.028853
15,33,-0.028881
56,68,-0.028894
19,78,-0.028902
8,14,-0.028928
13,41,-0.028959
28,48,-0.028971
33,69,-0.029088
24,44,-0.029116
9,34,-0.029132
56,67,-0.029138
8,22,-0.029261
47,64,-0.029346
11,61,-0.029477
5,76,-0.029489
28,34,-0.029556
65,79,-0.029584
13,38,-0.029602
21,36,-0.029634
8,24,-0.029679
26,71,-0.029703
29,60,-0.029730
32,71,-0.029738
37,56,-0.029749
19,42,-0.029757
22,78,-0.029769
20,51,-0.029829
10,23,-0.029912
45,72,-0.029926
16,42,-0.030016
69,77,-0.030020
41,70,-0.030061
17,62,-0.030067
28,40,-0.030133
18,70,-0.030135
2,59,-0.030267
52,73,-0.030273
10,73,-0.030285
66,81,-0.030296
4,24,-0.030367
4,8,-0.030369
21,76,-0.030376
3,58,-0.030387
8,16,-0.030410
1,64,-0.030439
63,84,-0.030440
5,56,-0.030443
10,45,-0.030467
55,60,-0.030472
36,65,-0.030563
27,77,-0.030572
22,65,-0.030691
5,30,-0.030775
11,29,-0.030784
24,52,-0.030813
15,17,-0.030861
32,67,-0.030872
34,72,-0.030876
26,46,-0.030905
40,57,-0.030920
40,79,-0.030926
5,14,-0.030938
17,48,-0.031039
34,71,-0.031039
28,37,-0.031056
53,69,-0.031069
31,78,-0.031119
13,40,-0.031154
24,51,-0.031178
33,65,-0.031207
11,55,-0.031251
46,58,-0.031294
11,30,-0.031297
36,52,-0.031464
23,39,-0.031481
62,67,-0.031510
60,67,-0.031552
54,69,-0.031553
34,61,-0.031555
3,8,-0.031564
50,76,-0.031572
53,75,-0.031662
28,80,-0.031669
14,37,-0.031720
6,40,-0.031723
8,55,-0.031767
52,81,-0.031810
40,52,-0.031878
9,65,-0.031924
49,71,-0.031936
9,62,-0.032035
22,60,-0.032067
2,72,-0.032161
13,24,-0.032182
9,57,-0.032238
5,45,-0.032293
34,48,-0.032321
27,41,-0.032346
49,79,-0.032401
4,16,-0.032444
63,79,-0.032457
12,17,-0.032554
51,60,-0.032582
23,71,-0.032597
12,82,-0.032704
67,75,-0.032832
12,76,-0.032866
40,83,-0.032880
41,58,-0.032903
27,67,-0.032966
48,73,-0.032977
44,57,-0.032992
36,53,-0.032998
64,71,-0.033007
20,77,-0.033034
21,69,-0.033118
58,73,-0.033163
5,26,-0.033274
30,61,-0.033297
4,78,-0.033325
35,62,-0.033493
25,40,-0.033531
46,59,-0.033554
22,66,-0.033649
35,81,-0.033676
41,67,-0.033699
23,29,-0.033807
44,59,-0.033818
3,62,-0.033822
19,62,-0.033827
45,78,-0.033893
68,82,-0.034075
26,47,-0.034158
45,62,-0.034170
47,60,-0.034181
15,54,-0.034191
47,76,-0.034218
3,11,-0.034301
15,80,-0.034314
11,43,-0.034358
44,56,-0.034373
31,79,-0.034466
50,80,-0.034473
6,36,-0.034475
36,38,-0.034511
7,64,-0.034513
14,58,-0.034545
54,81,-0.034600
32,54,-0.034614
25,64,-0.034664
45,51,-0.034710
58,68,-0.034933
41,68,-0.034968
13,54,-0.035027
8,45,-0.035075
2,77,-0.035080
17,74,-0.035102
11,70,-0.035152
7,53,-0.035160
28,67,-0.035214
32,52,-0.035252
31,72,-0.035261
58,66,-0.035262
6,33,-0.035271
7,68,-0.035296
30,62,-0.035402
33,67,-0.035450
48,66,-0.035460
5,63,-0.035489
2,20,-0.035581
64,75,-0.035622
19,22,-0.035691
19,50,-0.035840
20,49,-0.035952
30,65,-0.036000
27,36,-0.036001
50,73,-0.036012
49,70,-0.036138
30,50,-0.036227
7,62,-0.036252
22,48,-0.036290
15,58,-0.036360
3,54,-0.036425
35,67,-0.036513
10,80,-0.036565
2,45,-0.036624
46,52,-0.036627
10,26,-0.036646
39,54,-0.036698
47,79,-0.036750
7,36,-0.036759
3,39,-0.036853
6,16,-0.036864
72,80,-0.036870
22,44,-0.037047
75,81,-0.037051
29,43,-0.037152
48,76,-0.037193
24,72,-0.037194
26,78,-0.037196
26,70,-0.037203
26,55,-0.037216
5,35,-0.037219
2,41,-0.037233
61,78,-0.037351
30,54,-0.037443
3,77,-0.037478
3,68,-0.037503
42,63,-0.037528
8,52,-0.037579
18,41,-0.037599
1,31,-0.037622
13,33,-0.037670
53,63,-0.037732
25,65,-0.037858
22,59,-0.037902
21,62,-0.037988
12,18,-0.038009
25,76,-0.038021
34,43,-0.038100
26,68,-0.038127
3,47,-0.038159
14,30,-0.038194
64,72,-0.038203
3,81,-0.038236
36,41,-0.038303
27,39,-0.038315
14,28,-0.038354
1,46,-0.038384
6,56,-0.038423
42,69,-0.038454
14,50,-0.038498
8,48,-0.038518
16,51,-0.038538
27,55,-0.038680
14,77,-0.038691
12,27,-0.038702
22,56,-0.038742
63,71,-0.038763
3,16,-0.038796
1,22,-0.038865
54,73,-0.039009
41,66,-0.039039
63,72,-0.039046
5,70,-0.039056
68,73,-0.039068
7,15,-0.039081
56,78,-0.039148
50,64,-0.039365
43,74,-0.039389
22,36,-0.039405
22,72,-0.039538
21,54,-0.039615
40,82,-0.039632
39,48,-0.039709
39,65,-0.039840
32,73,-0.039842
10,78,-0.039871
32,38,-0.039924
25,71,-0.039947
3,55,-0.039968
29,49,-0.040057
51,67,-0.040134
11,58,-0.040148
35,78,-0.040172
13,78,-0.040192
15,69,-0.040212
18,58,-0.040292
24,47,-0.040292
19,51,-0.040317
46,80,-0.040346
9,74,-0.040404
29,76,-0.040468
35,69,-0.040504
3,49,-0.040528
49,75,-0.040575
3,24,-0.040583
2,78,-0.040612
54,67,-0.040656
3,75,-0.040689
61,81,-0.040771
38,78,-0.040788
28,74,-0.040910
25,49,-0.040931
37,60,-0.040931
17,78,-0.040934
8,33,-0.040941
21,49,-0.040943
44,68,-0.040943
36,60,-0.041052
11,26,-0.041149
22,64,-0.041151
67,74,-0.041163
29,79,-0.041348
42,59,-0.041374
14,75,-0.041422
65,75,-0.041430
5,79,-0.041438
56,66,-0.041482
14,68,-0.041483
28,44,-0.041492
55,65,-0.041527
21,47,-0.041535
24,36,-0.041556
12,58,-0.041560
25,75,-0.041562
19,43,-0.041657
8,73,-0.041688
29,40,-0.041735
9,45,-0.041872
44,71,-0.041988
32,81,-0.042110
33,42,-0.042130
32,40,-0.042159
46,78,-0.042215
34,81,-0.042293
14,78,-0.042311
31,36,-0.042335
35,38,-0.042417
37,47,-0.042439
7,31,-0.042451
47,69,-0.042505
12,51,-0.042527
27,73,-0.042617
25,43,-0.042652
11,62,-0.042734
9,50,-0.042789
66,78,-0.042839
5,38,-0.042874
34,78,-0.042907
34,54,-0.042977
21,26,-0.042983
13,20,-0.042992
2,16,-0.042996
15,34,-0.043120
8,80,-0.043241
8,34,-0.043320
14,33,-0.043378
18,30,-0.043451
40,69,-0.043488
47,70,-0.043611
44,60,-0.043633
3,29,-0.043662
15,73,-0.043683
59,75,-0.043729
16,76,-0.043738
45,58,-0.043794
16,32,-0.043847
39,45,-0.043863
17,57,-0.043954
2,61,-0.043971
9,20,-0.044001
10,42,-0.044042
48,63,-0.044105
49,59,-0.044154
25,39,-0.044183
15,50,-0.044194
57,75,-0.044238
16,48,-0.044302
23,41,-0.044313
3,43,-0.044393
40,67,-0.044455
16,26,-0.044463
11,66,-0.044469
46,66,-0.044478
29,65,-0.044479
20,78,-0.044509
8,26,-0.044515
56,76,-0.044605
13,61,-0.044646
52,78,-0.044647
11,71,-0.044771
33,57,-0.044816
17,56,-0.044832
12,22,-0.044844
41,76,-0.045052
17,46,-0.045080
52,79,-0.045181
70,78,-0.045272
8,54,-0.045290
29,64,-0.045413
34,47,-0.045454
21,28,-0.045492
64,77,-0.045552
44,70,-0.045704
4,47,-0.045711
22,47,-0.045751
5,73,-0.045773
35,80,-0.045778
36,70,-0.045894
16,57,-0.045932
33,50,-0.046158
60,72,-0.046223
36,43,-0.046248
12,39,-0.046287
41,78,-0.046352
7,45,-0.046399
48,70,-0.046406
14,31,-0.046415
8,23,-0.046431
20,29,-0.046491
5,34,-0.046530
39,58,-0.046538
33,47,-0.046551
12,42,-0.046594
5,80,-0.046653
39,70,-0.046767
27,33,-0.046785
19,52,-0.046825
11,42,-0.046895
11,33,-0.046909
19,80,-0.046937
20,46,-0.047094
21,73,-0.047209
28,33,-0.047346
59,73,-0.047467
37,78,-0.047476
61,70,-0.047558
4,44,-0.047865
38,72,-0.048050
39,57,-0.048092
6,71,-0.048120
30,46,-0.048290
43,53,-0.048301
17,61,-0.048317
26,51,-0.048349
43,78,-0.048402
40,65,-0.048493
30,51,-0.048504
16,30,-0.048512
47,63,-0.048645
17,36,-0.048655
12,74,-0.048669
4,21,-0.048702
29,73,-0.048719
19,26,-0.048793
56,69,-0.048812
32,64,-0.048852
3,72,-0.048902
27,40,-0.048926
12,38,-0.049123
41,47,-0.049186
22,28,-0.049257
8,25,-0.049299
25,67,-0.049362
3,76,-0.049377
25,78,-0.049410
5,69,-0.049432
33,73,-0.049482
6,59,-0.049501
27,45,-0.049602
52,68,-0.049634
14,24,-0.049735
6,32,-0.049772
17,55,-0.049788
3,48,-0.049797
22,55,-0.049901
54,79,-0.049993
24,34,-0.050024
44,47,-0.050063
57,65,-0.050192
36,42,-0.050360
33,78,-0.050397
20,36,-0.050409
13,32,-0.050424
8,49,-0.050499
36,73,-0.050546
50,71,-0.050623
22,71,-0.050674
45,68,-0.050702
55,78,-0.050724
8,79,-0.050736
32,42,-0.050767
9,42,-0.050858
30,78,-0.050903
39,77,-0.050982
4,69,-0.050995
43,69,-0.051091
5,24,-0.051122
17,35,-0.051134
5,29,-0.051136
30,77,-0.051230
25,54,-0.051246
10,65,-0.051307
22,69,-0.051340
36,56,-0.051397
47,80,-0.051402
35,76,-0.051443
35,60,-0.051480
27,51,-0.051532
9,16,-0.051590
17,47,-0.051619
10,56,-0.051669
39,73,-0.051687
32,45,-0.051769
46,68,-0.051830
31,47,-0.052038
15,67,-0.052058
2,58,-0.052083
16,80,-0.052162
15,61,-0.052306
26,75,-0.052353
25,36,-0.052392
17,58,-0.052395
15,43,-0.052486
21,72,-0.052504
5,23,-0.052508
47,57,-0.052653
12,24,-0.052692
53,78,-0.052794
7,12,-0.052858
17,41,-0.052875
27,68,-0.052882
4,26,-0.052979
7,72,-0.053035
38,47,-0.053041
8,37,-0.053059
5,10,-0.053112
61,68,-0.053142
21,44,-0.053156
49,62,-0.053165
21,38,-0.053191
11,22,-0.053203
18,36,-0.053207
8,31,-0.053221
19,39,-0.053255
28,53,-0.053309
2,51,-0.053435
58,67,-0.053438
24,37,-0.053483
14,46,-0.053569
28,61,-0.053612
36,45,-0.053631
10,75,-0.053707
37,72,-0.053736
4,53,-0.053794
52,74,-0.053823
49,68,-0.053847
49,74,-0.053898
65,72,-0.053928
65,78,-0.053947
32,80,-0.054044
18,32,-0.054511
58,69,-0.054522
26,31,-0.054662
13,45,-0.054709
21,56,-0.054799
3,36,-0.054830
5,61,-0.054878
46,55,-0.054943
44,65,-0.054980
43,72,-0.055000
25,70,-0.055021
46,65,-0.055031
14,72,-0.055151
7,54,-0.055206
38,75,-0.055213
12,45,-0.055214
14,32,-0.055238
58,60,-0.055243
22,58,-0.055306
37,51,-0.055329
57,78,-0.055411
7,73,-0.055497
33,68,-0.055549
5,27,-0.055564
50,62,-0.055655
36,44,-0.055803
27,72,-0.055840
5,20,-0.055951
8,53,-0.055971
49,72,-0.056016
5,53,-0.056165
34,66,-0.056272
28,81,-0.056460
29,36,-0.056751
5,60,-0.056808
5,31,-0.056910
42,78,-0.056938
3,28,-0.056943
50,69,-0.056948
46,72,-0.056948
6,78,-0.056973
35,77,-0.056981
32,79,-0.057072
38,62,-0.057407
13,43,-0.057412
8,46,-0.057514
5,37,-0.057567
5,22,-0.057588
44,72,-0.057603
48,78,-0.057744
37,63,-0.057800
4,36,-0.057922
59,62,-0.058079
12,15,-0.058110
6,47,-0.058377
44,78,-0.058386
8,70,-0.058460
31,62,-0.058486
5,49,-0.058606
43,60,-0.058623
12,52,-0.058638
36,63,-0.058757
3,33,-0.058904
59,78,-0.059003
36,48,-0.059034
48,72,-0.059101
8,42,-0.059130
20,72,-0.059234
9,75,-0.059264
8,43,-0.059355
17,51,-0.059363
16,44,-0.059515
29,47,-0.059564
71,77,-0.059625
8,41,-0.059754
18,78,-0.059765
5,54,-0.060231
11,56,-0.060322
56,73,-0.060358
38,81,-0.060406
62,64,-0.060525
11,68,-0.060612
17,60,-0.060666
28,65,-0.060710
55,80,-0.060908
8,20,-0.060962
8,38,-0.061231
27,78,-0.061369
43,47,-0.061387
28,51,-0.061504
20,54,-0.061510
9,58,-0.061586
5,44,-0.061761
53,72,-0.061816
11,32,-0.061870
42,47,-0.062035
25,47,-0.062041
6,54,-0.062163
66,73,-0.062167
16,69,-0.062206
29,39,-0.062393
8,44,-0.062670
16,77,-0.062697
13,28,-0.062750
47,66,-0.062881
7,47,-0.062889
43,71,-0.062975
20,47,-0.062990
41,72,-0.063285
8,27,-0.063360
4,27,-0.063402
16,27,-0.063413
8,60,-0.063470
40,62,-0.063594
47,65,-0.063618
18,76,-0.063637
29,72,-0.064003
31,67,-0.064012
34,51,-0.064369
16,61,-0.064379
31,76,-0.064727
3,30,-0.064941
5,46,-0.065016
31,52,-0.065222
36,74,-0.065320
28,57,-0.065334
6,72,-0.065649
55,71,-0.065698
24,59,-0.066096
24,78,-0.066542
36,64,-0.066565
15,63,-0.066583
2,27,-0.066819
4,72,-0.067147
5,18,-0.067223
10,36,-0.067282
26,54,-0.067325
23,78,-0.067343
13,46,-0.067398
15,64,-0.067558
29,58,-0.068104
6,62,-0.068213
8,65,-0.068710
27,47,-0.069030
14,36,-0.069035
12,44,-0.069127
32,76,-0.069127
31,77,-0.069251
10,47,-0.069670
10,57,-0.069989
24,49,-0.070021
25,72,-0.070102
40,71,-0.070295
33,72,-0.070403
42,72,-0.070471
8,66,-0.070495
5,74,-0.070541
17,50,-0.070549
14,51,-0.070634
35,71,-0.070843
8,29,-0.071307
23,36,-0.071321
24,75,-0.071586
45,67,-0.071613
19,31,-0.071812
49,78,-0.071886
36,69,-0.071911
62,81,-0.071931
8,18,-0.072256
40,51,-0.072341
7,78,-0.072826
14,47,-0.072830
47,61,-0.072859
5,57,-0.072900
13,52,-0.073357
9,53,-0.073569
28,66,-0.073803
24,38,-0.074088
17,72,-0.074220
9,25,-0.074240
67,80,-0.074422
22,74,-0.074607
5,66,-0.074611
8,74,-0.074940
11,49,-0.075037
54,78,-0.075127
9,70,-0.075140
39,59,-0.076210
5,41,-0.076243
29,78,-0.076271
40,75,-0.076410
12,56,-0.076449
12,49,-0.076458
7,59,-0.077035
40,58,-0.077038
5,43,-0.077250
18,68,-0.077327
57,72,-0.077482
36,66,-0.078299
5,48,-0.078481
8,61,-0.078586
24,79,-0.078790
8,57,-0.079010
5,65,-0.079285
2,40,-0.079607
53,71,-0.079869
10,72,-0.080055
36,61,-0.080267
8,63,-0.080577
23,47,-0.080590
61,72,-0.080767
47,74,-0.081369
10,40,-0.081944
18,47,-0.082602
69,71,-0.082946
36,57,-0.083902
15,41,-0.084212
11,15,-0.085201
18,72,-0.086355
19,56,-0.088377
43,59,-0.089013
5,42,-0.089990
52,63,-0.090179
15,77,-0.090321
23,72,-0.091747
37,68,-0.095779
58,76,-0.095970
13,51,-0.097729
9,61,-0.097804
46,51,-0.106838
55,75,-0.110241
40,70,-0.120827
