41 43 2.084113e+00
59 61 2.025848e+00
11 13 2.019397e+00
69 71 1.987497e+00
23 53 1.931814e+00
2 4 1.873656e+00
53 81 1.784569e+00
8 38 1.779450e+00
8 66 1.764807e+00
84 85 1.763231e+00
33 60 1.668665e+00
56 57 1.657771e+00
23 81 1.641002e+00
7 62 1.640864e+00
38 66 1.621806e+00
57 58 1.561933e+00
12 42 1.559550e+00
16 46 1.533948e+00
67 80 1.532781e+00
9 22 1.511866e+00
3 33 1.498947e+00
35 62 1.490424e+00
12 70 1.475419e+00
42 70 1.468763e+00
20 50 1.463290e+00
11 41 1.461807e+00
34 39 1.453540e+00
27 28 1.446730e+00
22 26 1.437266e+00
26 27 1.410650e+00
61 67 1.380250e+00
7 35 1.346644e+00
40 68 1.329015e+00
52 56 1.326056e+00
41 69 1.317846e+00
10 40 1.315727e+00
16 74 1.302091e+00
46 74 1.290878e+00
3 60 1.279116e+00
10 68 1.262102e+00
27 29 1.251525e+00
20 78 1.250314e+00
39 52 1.236928e+00
4 9 1.220726e+00
11 69 1.217096e+00
77 80 1.209277e+00
50 78 1.202138e+00
34 52 1.133206e+00
59 60 1.123217e+00
45 47 1.116227e+00
73 75 1.063457e+00
61 64 1.025864e+00
67 71 9.803253e-01
19 22 9.710778e-01
14 44 9.655831e-01
35 53 9.526255e-01
4 22 9.504664e-01
61 62 9.477326e-01
14 72 9.458373e-01
49 52 9.306408e-01
73 76 9.294603e-01
32 34 9.237098e-01
13 43 9.232686e-01
9 13 9.147980e-01
7 8 9.031619e-01
29 31 8.957914e-01
30 31 8.922216e-01
33 42 8.918771e-01
61 63 8.744016e-01
32 59 8.659271e-01
44 72 8.574946e-01
15 18 8.557806e-01
45 48 8.397476e-01
13 41 8.366807e-01
16 20 8.346923e-01
15 17 8.345804e-01
25 55 8.325250e-01
13 71 8.266155e-01
66 68 8.224278e-01
46 50 8.201314e-01
2 32 8.199035e-01
74 78 8.183537e-01
54 57 8.178332e-01
62 81 8.100296e-01
55 83 8.004390e-01
43 71 7.943614e-01
8 23 7.857263e-01
8 10 7.811705e-01
28 31 7.760215e-01
38 39 7.727584e-01
11 43 7.716823e-01
18 21 7.703781e-01
25 83 7.611251e-01
1 2 7.591820e-01
39 43 7.542210e-01
17 47 7.506802e-01
7 23 7.506738e-01
21 79 7.494368e-01
29 30 7.460263e-01
43 69 7.367847e-01
61 80 7.364050e-01
60 70 7.344447e-01
33 40 7.158580e-01
47 75 7.092461e-01
78 81 7.048661e-01
24 82 6.923988e-01
48 51 6.873856e-01
24 29 6.865477e-01
85 86 6.860299e-01
41 71 6.856161e-01
6 58 6.842302e-01
28 29 6.833129e-01
55 56 6.753317e-01
27 31 6.613659e-01
67 69 6.596879e-01
31 32 6.563176e-01
43 52 6.542964e-01
38 40 6.492375e-01
7 37 6.461902e-01
3 12 6.457303e-01
76 79 6.448191e-01
71 80 6.402952e-01
9 26 6.359689e-01
51 79 6.341798e-01
24 31 6.308459e-01
50 53 6.295286e-01
15 73 6.264726e-01
13 69 6.237151e-01
11 71 6.189502e-01
82 83 6.134877e-01
38 53 6.114212e-01
67 77 6.093462e-01
66 81 6.058923e-01
25 26 6.040249e-01
14 18 6.025131e-01
60 68 6.017385e-01
15 45 5.997783e-01
3 10 5.994623e-01
2 59 5.979109e-01
34 43 5.923542e-01
17 75 5.902103e-01
37 38 5.879093e-01
54 58 5.863937e-01
72 73 5.803289e-01
13 22 5.764161e-01
1 4 5.763194e-01
79 82 5.736304e-01
21 51 5.644579e-01
62 66 5.642523e-01
16 17 5.635704e-01
28 44 5.617799e-01
75 76 5.575655e-01
39 56 5.512842e-01
9 19 5.499349e-01
20 23 5.483079e-01
14 15 5.452939e-01
72 76 5.420485e-01
44 48 5.412339e-01
2 3 5.411091e-01
9 11 5.398661e-01
10 11 5.357271e-01
26 28 5.355880e-01
68 69 5.313076e-01
9 34 5.305775e-01
49 56 5.286387e-01
62 64 5.250496e-01
54 82 5.182250e-01
34 56 5.176263e-01
39 49 5.146820e-01
59 63 5.135068e-01
5 6 5.132447e-01
63 64 5.117060e-01
24 27 5.040238e-01
55 57 5.016963e-01
6 8 4.964244e-01
9 39 4.937620e-01
19 26 4.901703e-01
64 65 4.901581e-01
22 39 4.882639e-01
60 63 4.823749e-01
21 24 4.765916e-01
67 68 4.753701e-01
70 71 4.738458e-01
61 71 4.726779e-01
47 48 4.704716e-01
17 18 4.694531e-01
26 31 4.665763e-01
51 54 4.655856e-01
36 38 4.655755e-01
24 54 4.639264e-01
28 30 4.638322e-01
39 80 4.566379e-01
25 44 4.546944e-01
18 76 4.525565e-01
24 28 4.491946e-01
59 64 4.481981e-01
4 26 4.417874e-01
56 58 4.409020e-01
22 34 4.394780e-01
60 61 4.362280e-01
3 4 4.344347e-01
80 82 4.323951e-01
9 10 4.270114e-01
74 75 4.253298e-01
30 32 4.193329e-01
55 72 4.184314e-01
45 73 4.176121e-01
9 52 4.148194e-01
46 47 4.142974e-01
40 41 4.113226e-01
45 51 4.108500e-01
52 67 4.095628e-01
39 41 4.075559e-01
57 59 4.066231e-01
37 62 4.061734e-01
48 76 4.044215e-01
17 21 3.996234e-01
18 48 3.990416e-01
43 56 3.960744e-01
4 39 3.946098e-01
13 19 3.911728e-01
9 67 3.904742e-01
31 42 3.884577e-01
4 34 3.866804e-01
80 85 3.843138e-01
68 70 3.842064e-01
78 82 3.802208e-01
83 85 3.789647e-01
54 59 3.770718e-01
27 57 3.734095e-01
79 80 3.718950e-01
36 66 3.685219e-01
34 49 3.652084e-01
4 6 3.636250e-01
2 16 3.630756e-01
10 12 3.604301e-01
43 49 3.582202e-01
4 13 3.579579e-01
26 30 3.566258e-01
22 67 3.551277e-01
4 52 3.549080e-01
9 80 3.548201e-01
83 84 3.543912e-01
71 72 3.497957e-01
32 46 3.496496e-01
60 62 3.491999e-01
35 38 3.472231e-01
25 27 3.445195e-01
49 77 3.444346e-01
21 45 3.443729e-01
27 30 3.429646e-01
26 34 3.415302e-01
32 39 3.405944e-01
52 80 3.401432e-01
58 59 3.374141e-01
51 73 3.349411e-01
13 15 3.347481e-01
38 58 3.319308e-01
30 34 3.297638e-01
81 83 3.269176e-01
61 65 3.267737e-01
44 45 3.263355e-01
40 42 3.252372e-01
75 79 3.239485e-01
19 77 3.228592e-01
22 52 3.227585e-01
17 20 3.216996e-01
34 36 3.192353e-01
33 35 3.184746e-01
1 12 3.183915e-01
73 79 3.157413e-01
68 71 3.150442e-01
73 74 3.061665e-01
3 7 3.051080e-01
4 19 3.029669e-01
32 33 3.028679e-01
24 32 2.998403e-01
39 67 2.986161e-01
22 80 2.961959e-01
4 80 2.954125e-01
53 66 2.949097e-01
69 70 2.933601e-01
15 16 2.932579e-01
59 74 2.911908e-01
69 83 2.892478e-01
80 81 2.889164e-01
30 44 2.879245e-01
54 56 2.876039e-01
71 77 2.859691e-01
50 54 2.852856e-01
31 34 2.849805e-01
26 39 2.840761e-01
84 86 2.819330e-01
61 77 2.817747e-01
26 29 2.794872e-01
15 21 2.792435e-01
16 18 2.757736e-01
32 52 2.742801e-01
22 24 2.712609e-01
60 64 2.691836e-01
52 54 2.685755e-01
59 67 2.683113e-01
71 73 2.661180e-01
56 67 2.651910e-01
34 80 2.647990e-01
63 66 2.611819e-01
51 52 2.593387e-01
4 67 2.591438e-01
41 55 2.583793e-01
47 51 2.559774e-01
23 38 2.527723e-01
34 61 2.489614e-01
39 40 2.487075e-01
51 75 2.479291e-01
8 36 2.474338e-01
25 30 2.454781e-01
64 66 2.447822e-01
67 85 2.442076e-01
4 85 2.398150e-01
11 25 2.388722e-01
75 82 2.364231e-01
35 36 2.362280e-01
15 19 2.336603e-01
13 26 2.332312e-01
3 8 2.326191e-01
2 9 2.325924e-01
64 67 2.317209e-01
58 72 2.309874e-01
34 67 2.298039e-01
19 20 2.296606e-01
75 78 2.288309e-01
39 58 2.263770e-01
33 38 2.259403e-01
78 80 2.254748e-01
71 74 2.247056e-01
19 49 2.232049e-01
40 53 2.230717e-01
29 32 2.230686e-01
59 62 2.228437e-01
22 23 2.221607e-01
36 37 2.220334e-01
36 63 2.196143e-01
73 77 2.195554e-01
11 12 2.194538e-01
56 61 2.184398e-01
16 78 2.146293e-01
80 83 2.141749e-01
5 8 2.133134e-01
26 32 2.131855e-01
21 22 2.075868e-01
25 29 2.073670e-01
20 24 2.072055e-01
45 49 2.030370e-01
35 66 2.027911e-01
21 47 2.015697e-01
45 46 2.005775e-01
54 73 1.998228e-01
36 53 1.984568e-01
60 66 1.981690e-01
7 12 1.974518e-01
23 35 1.965821e-01
39 85 1.954215e-01
77 78 1.931013e-01
68 81 1.921061e-01
41 56 1.914196e-01
70 74 1.906040e-01
69 80 1.889473e-01
54 55 1.889406e-01
41 42 1.873352e-01
48 49 1.869733e-01
35 40 1.863183e-01
77 81 1.862210e-01
63 65 1.859141e-01
12 13 1.858301e-01
54 72 1.853740e-01
24 44 1.849952e-01
52 85 1.825789e-01
24 25 1.821936e-01
47 50 1.819791e-01
30 48 1.796816e-01
6 36 1.789800e-01
7 38 1.777653e-01
77 83 1.773327e-01
18 47 1.772906e-01
70 72 1.771970e-01
56 80 1.753646e-01
1 3 1.752329e-01
38 63 1.744383e-01
65 71 1.743627e-01
76 78 1.733799e-01
12 33 1.731088e-01
37 53 1.720995e-01
74 86 1.711988e-01
11 26 1.685961e-01
16 50 1.677942e-01
53 55 1.668581e-01
8 35 1.666937e-01
18 19 1.652641e-01
24 26 1.651042e-01
78 79 1.650963e-01
46 53 1.647795e-01
41 52 1.638455e-01
26 56 1.634670e-01
52 53 1.611955e-01
35 42 1.605763e-01
56 59 1.599579e-01
5 23 1.597307e-01
16 23 1.593718e-01
16 19 1.591683e-01
8 33 1.580878e-01
48 73 1.575562e-01
46 49 1.557630e-01
5 35 1.552322e-01
53 56 1.542412e-01
76 77 1.541552e-01
8 81 1.533403e-01
32 49 1.530981e-01
74 76 1.529889e-01
30 42 1.529821e-01
76 83 1.524106e-01
6 71 1.520776e-01
1 13 1.508547e-01
32 56 1.502220e-01
9 85 1.485743e-01
28 58 1.485137e-01
31 44 1.482681e-01
65 70 1.474846e-01
64 70 1.463982e-01
21 25 1.462713e-01
49 50 1.461570e-01
34 41 1.460796e-01
49 53 1.457458e-01
50 51 1.450919e-01
7 42 1.432090e-01
72 74 1.427883e-01
69 72 1.420315e-01
74 81 1.407792e-01
50 81 1.374497e-01
80 84 1.374123e-01
33 66 1.373010e-01
1 14 1.367420e-01
8 53 1.358552e-01
62 70 1.351979e-01
2 26 1.348560e-01
6 38 1.348211e-01
35 70 1.319221e-01
23 66 1.315870e-01
67 84 1.302458e-01
2 22 1.300255e-01
26 49 1.294772e-01
25 28 1.294355e-01
38 64 1.294145e-01
12 14 1.291817e-01
76 82 1.277837e-01
20 21 1.263875e-01
7 66 1.263589e-01
63 71 1.257942e-01
6 64 1.251134e-01
24 45 1.243845e-01
4 84 1.243180e-01
6 9 1.231432e-01
25 45 1.228641e-01
35 49 1.228012e-01
13 25 1.222121e-01
8 37 1.219819e-01
28 32 1.214189e-01
20 22 1.210951e-01
12 15 1.201100e-01
38 81 1.193445e-01
6 37 1.192138e-01
62 63 1.191523e-01
68 82 1.180420e-01
6 63 1.177875e-01
20 46 1.175893e-01
14 16 1.172042e-01
40 43 1.171349e-01
14 20 1.167555e-01
59 65 1.166429e-01
11 22 1.162923e-01
2 19 1.161040e-01
64 71 1.152217e-01
18 25 1.144154e-01
74 77 1.133117e-01
22 27 1.130695e-01
46 51 1.115978e-01
36 40 1.112963e-01
86 87 1.110720e-01
7 30 1.105794e-01
36 64 1.102661e-01
26 52 1.094732e-01
50 52 1.085985e-01
42 43 1.084620e-01
59 77 1.080536e-01
51 55 1.077258e-01
49 55 1.070914e-01
31 45 1.070207e-01
33 46 1.069729e-01
29 44 1.055619e-01
37 64 1.054776e-01
52 55 1.048295e-01
19 85 1.043538e-01
46 48 1.041932e-01
61 69 1.033839e-01
23 33 1.017405e-01
48 55 1.016395e-01
59 71 1.015712e-01
4 5 1.013460e-01
77 85 1.012993e-01
10 13 1.011428e-01
30 57 1.005336e-01
33 70 1.001722e-01
15 20 9.971657e-02
18 45 9.937601e-02
85 87 9.897557e-02
44 51 9.897052e-02
1 15 9.882808e-02
43 55 9.830199e-02
42 62 9.797232e-02
64 69 9.747660e-02
5 85 9.705069e-02
37 39 9.680681e-02
75 80 9.639556e-02
10 23 9.629783e-02
2 13 9.615407e-02
70 73 9.600488e-02
53 78 9.584922e-02
5 37 9.564106e-02
20 74 9.560805e-02
1 84 9.490133e-02
43 45 9.421854e-02
18 24 9.392931e-02
14 21 9.329020e-02
81 82 9.136507e-02
62 65 9.126700e-02
59 80 9.102989e-02
5 86 9.098472e-02
29 45 9.092555e-02
40 66 9.021891e-02
61 85 8.950660e-02
17 51 8.941616e-02
25 48 8.940385e-02
12 35 8.863587e-02
69 76 8.859120e-02
17 19 8.830646e-02
19 23 8.802144e-02
63 70 8.786800e-02
30 45 8.775373e-02
70 78 8.761646e-02
12 60 8.759617e-02
70 77 8.751457e-02
52 61 8.714204e-02
42 60 8.701876e-02
1 85 8.683596e-02
6 59 8.680433e-02
51 76 8.666426e-02
7 10 8.609407e-02
33 37 8.471415e-02
48 50 8.456376e-02
14 17 8.423279e-02
65 72 8.391506e-02
32 43 8.390734e-02
77 79 8.387020e-02
9 12 8.347245e-02
47 79 8.331686e-02
23 26 8.105443e-02
55 73 8.072619e-02
25 31 8.062561e-02
55 58 7.999609e-02
58 70 7.996891e-02
3 70 7.996876e-02
78 86 7.962403e-02
23 78 7.876378e-02
18 20 7.873438e-02
40 48 7.868841e-02
78 83 7.860665e-02
30 49 7.853751e-02
65 74 7.850329e-02
1 17 7.787431e-02
28 54 7.777580e-02
75 77 7.744261e-02
17 36 7.696162e-02
72 83 7.675515e-02
54 74 7.603042e-02
27 58 7.601780e-02
39 42 7.599705e-02
39 54 7.597896e-02
19 39 7.581162e-02
75 83 7.576029e-02
5 63 7.572977e-02
48 72 7.493739e-02
15 86 7.491548e-02
48 79 7.437059e-02
2 24 7.412123e-02
7 53 7.383578e-02
45 50 7.345799e-02
20 51 7.258715e-02
1 57 7.238163e-02
21 48 7.196972e-02
73 78 7.143452e-02
8 40 7.124776e-02
17 29 7.071978e-02
44 46 7.040962e-02
5 58 7.015779e-02
27 44 6.962113e-02
17 79 6.958779e-02
44 76 6.956145e-02
5 38 6.937920e-02
75 81 6.924719e-02
12 62 6.903089e-02
79 83 6.853834e-02
40 46 6.793333e-02
45 76 6.749308e-02
6 7 6.684832e-02
33 53 6.663995e-02
1 31 6.653766e-02
17 48 6.626838e-02
68 76 6.606655e-02
3 35 6.547646e-02
74 79 6.509632e-02
70 83 6.482689e-02
12 20 6.460680e-02
35 37 6.436929e-02
64 72 6.381395e-02
27 32 6.377614e-02
72 78 6.369551e-02
14 19 6.321086e-02
59 70 6.318092e-02
12 18 6.305892e-02
1 59 6.284128e-02
61 70 6.272561e-02
73 86 6.264452e-02
63 86 6.250668e-02
49 80 6.241767e-02
12 21 6.203318e-02
13 14 6.148714e-02
1 29 6.134117e-02
5 62 6.127536e-02
35 81 6.117074e-02
55 76 6.109952e-02
8 62 6.103631e-02
1 36 6.094293e-02
4 77 6.081969e-02
22 56 6.079679e-02
42 44 6.046744e-02
53 62 6.006308e-02
76 80 5.994714e-02
67 79 5.983450e-02
22 25 5.973113e-02
2 12 5.952989e-02
50 74 5.952398e-02
29 57 5.922325e-02
3 23 5.916362e-02
28 57 5.911203e-02
44 50 5.909975e-02
23 40 5.909394e-02
42 50 5.886462e-02
18 74 5.872504e-02
19 27 5.871487e-02
82 84 5.864228e-02
57 83 5.800111e-02
17 24 5.789536e-02
58 71 5.772644e-02
66 70 5.713124e-02
23 25 5.695273e-02
47 78 5.644983e-02
8 20 5.633924e-02
83 86 5.629156e-02
30 55 5.590121e-02
8 19 5.557124e-02
62 77 5.513090e-02
5 36 5.511588e-02
63 72 5.501872e-02
47 76 5.484082e-02
1 18 5.419176e-02
1 19 5.381389e-02
33 62 5.375921e-02
36 61 5.298871e-02
56 85 5.290763e-02
67 82 5.246157e-02
68 74 5.246037e-02
9 15 5.194470e-02
45 52 5.150129e-02
14 48 5.131503e-02
59 75 5.127333e-02
34 85 5.121555e-02
72 75 5.094127e-02
30 35 5.092284e-02
27 39 5.034829e-02
33 44 5.034464e-02
15 48 5.009502e-02
66 67 5.004523e-02
43 85 4.998086e-02
15 74 4.960198e-02
62 68 4.949992e-02
63 67 4.921775e-02
5 15 4.904581e-02
46 78 4.901153e-02
58 84 4.886278e-02
71 75 4.841023e-02
30 62 4.819494e-02
21 23 4.811545e-02
44 47 4.798533e-02
3 16 4.769328e-02
1 9 4.764653e-02
20 53 4.761698e-02
60 65 4.738816e-02
74 82 4.719078e-02
23 27 4.717016e-02
64 80 4.712574e-02
63 84 4.665489e-02
84 87 4.658737e-02
49 51 4.640807e-02
1 5 4.625349e-02
69 79 4.624941e-02
38 60 4.593215e-02
51 72 4.580168e-02
31 56 4.578887e-02
34 57 4.575394e-02
21 73 4.572848e-02
64 86 4.551404e-02
47 55 4.514352e-02
1 24 4.497547e-02
1 16 4.489073e-02
30 33 4.482505e-02
31 47 4.462417e-02
37 66 4.414326e-02
15 22 4.412180e-02
14 28 4.402219e-02
1 86 4.394734e-02
83 87 4.385557e-02
58 67 4.355534e-02
5 18 4.346258e-02
47 53 4.318778e-02
76 87 4.316545e-02
21 42 4.299988e-02
6 22 4.261764e-02
9 56 4.252170e-02
9 49 4.245604e-02
7 60 4.244850e-02
7 81 4.216605e-02
2 33 4.203417e-02
21 27 4.200598e-02
5 21 4.196995e-02
4 61 4.196692e-02
48 75 4.182227e-02
57 70 4.180181e-02
36 48 4.174822e-02
29 42 4.155379e-02
53 57 4.138627e-02
69 84 4.133110e-02
15 85 4.131701e-02
41 57 4.116831e-02
72 79 4.088180e-02
24 46 4.079521e-02
66 78 4.068168e-02
57 62 4.064523e-02
17 25 4.047345e-02
4 56 4.041380e-02
2 6 4.038096e-02
10 16 4.006968e-02
19 31 3.995157e-02
35 46 3.949140e-02
29 86 3.943338e-02
65 69 3.937690e-02
67 70 3.932768e-02
71 76 3.931415e-02
36 47 3.878895e-02
82 86 3.873771e-02
12 19 3.873706e-02
3 42 3.823550e-02
36 86 3.812701e-02
21 44 3.728737e-02
57 61 3.717809e-02
36 49 3.713039e-02
14 25 3.697661e-02
4 43 3.690691e-02
7 16 3.672665e-02
2 54 3.617474e-02
7 33 3.611977e-02
20 81 3.587975e-02
49 67 3.585013e-02
14 55 3.560100e-02
67 78 3.559672e-02
14 75 3.556483e-02
47 84 3.547376e-02
31 57 3.533688e-02
10 15 3.515264e-02
70 81 3.515059e-02
28 45 3.512951e-02
54 75 3.493083e-02
68 80 3.492841e-02
11 17 3.475614e-02
2 14 3.446973e-02
63 68 3.441680e-02
55 79 3.406563e-02
47 54 3.360113e-02
1 27 3.349613e-02
10 18 3.333553e-02
10 24 3.322499e-02
74 85 3.308009e-02
35 60 3.305069e-02
2 8 3.303475e-02
12 16 3.291880e-02
58 75 3.229397e-02
20 33 3.213724e-02
37 63 3.209325e-02
76 81 3.207511e-02
66 77 3.206714e-02
40 52 3.200665e-02
31 58 3.180063e-02
41 68 3.179643e-02
76 86 3.176901e-02
19 29 3.146756e-02
15 76 3.126729e-02
44 55 3.116001e-02
46 81 3.007413e-02
5 64 2.989511e-02
2 17 2.985337e-02
12 25 2.918852e-02
67 73 2.911709e-02
77 82 2.901447e-02
8 63 2.896684e-02
35 55 2.888501e-02
26 80 2.876595e-02
29 82 2.873738e-02
74 80 2.869192e-02
10 22 2.847480e-02
15 37 2.836709e-02
21 75 2.830356e-02
1 25 2.821243e-02
25 37 2.807962e-02
18 30 2.806779e-02
3 66 2.801501e-02
40 54 2.787946e-02
1 28 2.773028e-02
16 44 2.769855e-02
73 81 2.769786e-02
37 84 2.742310e-02
5 19 2.731699e-02
10 41 2.714809e-02
36 84 2.708487e-02
57 72 2.682077e-02
44 78 2.676218e-02
18 51 2.676024e-02
38 62 2.673918e-02
10 38 2.652797e-02
64 74 2.648930e-02
16 25 2.648789e-02
73 84 2.619879e-02
5 65 2.617525e-02
28 87 2.612870e-02
63 87 2.611336e-02
31 49 2.603691e-02
54 76 2.592259e-02
17 23 2.586927e-02
30 56 2.582670e-02
66 69 2.569819e-02
5 7 2.569386e-02
2 15 2.566461e-02
29 48 2.543413e-02
37 48 2.533938e-02
31 33 2.527205e-02
58 86 2.523934e-02
70 76 2.500317e-02
16 86 2.498455e-02
23 50 2.486092e-02
58 62 2.463537e-02
74 83 2.450001e-02
6 25 2.448806e-02
46 54 2.443251e-02
68 73 2.430417e-02
19 28 2.428696e-02
69 81 2.427612e-02
22 32 2.413183e-02
14 45 2.411060e-02
79 81 2.410060e-02
3 14 2.399609e-02
11 14 2.347378e-02
6 66 2.344370e-02
58 82 2.304892e-02
65 85 2.304573e-02
2 85 2.303824e-02
3 38 2.295902e-02
39 77 2.290290e-02
7 20 2.288769e-02
71 87 2.288347e-02
81 84 2.286797e-02
34 84 2.274276e-02
20 25 2.240127e-02
22 61 2.234841e-02
48 74 2.224064e-02
11 27 2.221717e-02
57 86 2.209655e-02
5 87 2.208951e-02
11 68 2.205619e-02
42 45 2.204060e-02
72 80 2.200016e-02
1 51 2.197859e-02
17 76 2.180559e-02
31 48 2.160449e-02
18 29 2.158273e-02
11 19 2.151591e-02
58 87 2.150347e-02
66 74 2.121287e-02
72 82 2.108700e-02
15 72 2.079936e-02
17 27 2.078547e-02
42 55 2.077586e-02
74 84 2.056855e-02
7 9 2.047548e-02
70 79 2.036523e-02
32 45 1.992175e-02
14 50 1.991973e-02
50 79 1.982732e-02
37 79 1.977512e-02
21 29 1.942629e-02
68 72 1.884562e-02
15 44 1.869917e-02
3 87 1.851290e-02
75 86 1.835245e-02
14 24 1.829775e-02
82 87 1.826734e-02
6 85 1.785559e-02
6 13 1.782869e-02
82 85 1.776484e-02
34 40 1.775573e-02
60 82 1.768425e-02
9 20 1.736934e-02
1 37 1.731482e-02
25 51 1.711700e-02
16 21 1.709860e-02
20 47 1.708586e-02
71 83 1.703914e-02
51 86 1.693226e-02
6 86 1.679741e-02
14 31 1.645195e-02
7 14 1.639373e-02
58 63 1.613160e-02
29 87 1.611922e-02
73 83 1.600729e-02
15 79 1.593722e-02
14 82 1.555209e-02
6 15 1.547671e-02
58 79 1.534238e-02
36 87 1.517770e-02
28 55 1.514973e-02
6 65 1.512377e-02
52 57 1.494066e-02
8 12 1.482772e-02
73 80 1.468239e-02
21 28 1.468096e-02
14 60 1.464106e-02
21 36 1.454810e-02
35 50 1.443872e-02
19 63 1.390935e-02
17 30 1.387504e-02
29 46 1.381788e-02
22 49 1.380579e-02
2 82 1.376462e-02
11 86 1.374544e-02
24 47 1.374469e-02
15 75 1.350760e-02
4 49 1.332171e-02
64 84 1.324763e-02
6 57 1.316022e-02
14 79 1.313695e-02
46 79 1.311150e-02
57 76 1.309512e-02
49 85 1.290606e-02
5 17 1.289968e-02
50 75 1.282239e-02
5 12 1.276976e-02
20 35 1.240881e-02
72 77 1.232683e-02
48 54 1.224070e-02
18 75 1.221238e-02
5 83 1.217437e-02
63 76 1.212540e-02
2 77 1.204458e-02
10 14 1.194186e-02
77 86 1.191555e-02
2 18 1.189622e-02
21 76 1.183427e-02
37 44 1.174966e-02
36 75 1.173506e-02
34 45 1.162602e-02
17 50 1.162320e-02
14 73 1.159138e-02
1 21 1.147320e-02
63 83 1.136654e-02
3 36 1.117461e-02
62 83 1.103152e-02
48 82 1.100939e-02
21 87 1.088378e-02
28 42 1.078166e-02
42 51 1.060262e-02
57 82 1.057898e-02
28 48 1.035501e-02
10 69 1.025870e-02
37 86 1.012696e-02
30 37 1.012491e-02
65 84 1.002024e-02
16 76 1.000306e-02
35 65 9.983624e-03
65 87 9.677344e-03
18 46 9.575357e-03
10 42 9.230675e-03
19 25 9.172342e-03
64 85 9.144072e-03
10 60 9.054335e-03
65 66 8.928578e-03
29 47 8.846221e-03
54 87 8.682443e-03
1 87 8.413895e-03
49 57 8.030782e-03
75 87 8.028425e-03
79 84 7.823312e-03
6 67 7.666839e-03
33 68 7.651687e-03
3 76 7.426911e-03
23 60 7.369302e-03
54 78 6.937648e-03
41 48 6.929167e-03
19 56 6.800097e-03
58 69 6.513200e-03
36 85 6.341018e-03
55 82 6.192986e-03
32 48 6.090559e-03
79 87 6.049134e-03
40 60 5.987900e-03
7 65 5.986961e-03
52 84 5.922704e-03
17 28 5.804242e-03
9 14 5.731316e-03
13 18 5.711955e-03
11 18 5.621491e-03
70 87 5.588749e-03
61 84 5.487444e-03
63 79 5.441846e-03
10 25 5.384087e-03
65 81 5.199819e-03
14 33 5.117673e-03
42 87 5.080146e-03
33 78 4.761406e-03
63 73 4.755985e-03
65 79 4.697999e-03
37 54 4.643648e-03
32 40 4.547303e-03
73 85 4.466831e-03
19 30 4.457507e-03
44 87 4.218896e-03
9 61 4.139834e-03
73 87 4.028888e-03
18 86 3.847455e-03
38 68 3.749537e-03
48 87 3.524219e-03
77 87 3.479280e-03
33 36 3.379642e-03
36 44 3.363271e-03
15 28 3.337683e-03
65 75 3.293475e-03
68 87 3.281233e-03
1 30 2.553583e-03
8 68 2.487792e-03
42 46 2.393882e-03
5 45 2.057127e-03
37 68 2.010680e-03
5 51 1.981251e-03
63 82 1.976090e-03
12 23 1.945398e-03
9 77 1.879721e-03
51 57 1.571999e-03
69 87 1.463421e-03
31 87 1.417809e-03
36 65 1.296652e-03
6 18 1.187553e-03
28 79 1.164935e-03
72 87 1.029813e-03
2 23 9.030154e-04
54 86 8.633710e-04
5 70 7.564667e-04
33 34 6.184333e-04
16 22 6.151871e-04
65 83 4.592448e-04
6 87 2.922754e-04
30 87 2.137244e-04
61 82 1.659207e-04
18 37 8.711933e-05
42 49 -1.576399e-04
80 87 -2.052448e-04
68 83 -2.490186e-04
5 14 -6.036940e-04
27 87 -6.296029e-04
1 48 -7.991219e-04
65 82 -8.285819e-04
29 76 -9.290879e-04
18 44 -9.445946e-04
37 87 -1.197839e-03
21 72 -1.198452e-03
79 86 -1.201306e-03
47 86 -1.220290e-03
17 86 -1.250410e-03
81 86 -1.279180e-03
64 87 -1.797017e-03
47 52 -1.804668e-03
5 25 -2.051781e-03
65 68 -2.247392e-03
3 50 -2.296856e-03
50 55 -2.449000e-03
5 79 -2.796271e-03
19 34 -3.042121e-03
35 64 -3.080386e-03
36 58 -3.105963e-03
47 87 -3.310325e-03
44 79 -3.477681e-03
2 87 -3.624300e-03
51 83 -3.820560e-03
15 87 -3.875332e-03
65 86 -3.876291e-03
35 48 -3.937857e-03
6 21 -4.116433e-03
15 24 -4.136178e-03
14 78 -4.234011e-03
26 67 -4.275701e-03
53 68 -4.303817e-03
24 86 -4.497582e-03
14 83 -4.761619e-03
23 24 -4.983045e-03
57 87 -5.022977e-03
19 52 -5.040979e-03
19 61 -5.090736e-03
1 83 -5.160812e-03
51 87 -5.222742e-03
45 79 -5.302287e-03
5 29 -5.340721e-03
13 16 -5.595384e-03
21 58 -5.668151e-03
17 57 -5.677330e-03
24 87 -5.762881e-03
12 87 -5.923914e-03
46 52 -6.191259e-03
4 87 -6.213570e-03
61 66 -6.232579e-03
65 73 -6.239110e-03
81 85 -6.260680e-03
1 82 -6.276135e-03
20 27 -6.309094e-03
59 66 -6.351398e-03
14 76 -6.375301e-03
17 74 -6.470309e-03
3 75 -6.495944e-03
66 71 -6.511241e-03
59 83 -6.588134e-03
11 87 -6.640070e-03
16 87 -6.670168e-03
22 28 -6.735589e-03
66 75 -6.835618e-03
65 67 -6.968080e-03
63 69 -7.097786e-03
49 58 -7.100581e-03
21 84 -7.134306e-03
28 47 -7.167320e-03
7 11 -7.272941e-03
41 47 -7.291487e-03
43 48 -7.370883e-03
39 84 -7.398275e-03
5 76 -7.411357e-03
17 45 -7.451394e-03
1 6 -7.461071e-03
60 72 -7.513416e-03
74 87 -7.638543e-03
3 5 -7.704493e-03
65 76 -7.716195e-03
76 84 -7.955835e-03
29 37 -8.032317e-03
48 86 -8.090779e-03
24 58 -8.254063e-03
17 87 -8.327572e-03
45 87 -8.444318e-03
35 41 -8.618472e-03
55 87 -8.779452e-03
14 30 -8.813503e-03
51 65 -8.997368e-03
58 74 -9.071444e-03
17 73 -9.075732e-03
31 46 -9.096912e-03
26 43 -9.098851e-03
32 54 -9.144141e-03
67 72 -9.156650e-03
58 64 -9.201071e-03
2 7 -9.203944e-03
47 65 -9.259575e-03
33 81 -9.449823e-03
5 84 -9.527699e-03
19 67 -9.545492e-03
29 54 -9.862030e-03
34 46 -9.888800e-03
67 87 -9.939904e-03
54 84 -9.985425e-03
18 87 -1.002849e-02
47 49 -1.005454e-02
37 45 -1.007994e-02
13 21 -1.025874e-02
1 54 -1.028943e-02
5 55 -1.034264e-02
68 77 -1.044335e-02
44 73 -1.049876e-02
37 50 -1.056553e-02
14 37 -1.057017e-02
81 87 -1.067169e-02
47 72 -1.069644e-02
34 35 -1.073300e-02
10 33 -1.079646e-02
29 36 -1.090464e-02
21 82 -1.097788e-02
63 74 -1.099965e-02
9 84 -1.107405e-02
20 44 -1.113451e-02
25 87 -1.120603e-02
4 64 -1.122725e-02
18 65 -1.134950e-02
15 36 -1.138831e-02
37 85 -1.138888e-02
46 87 -1.147570e-02
5 16 -1.158498e-02
24 50 -1.165439e-02
66 87 -1.167766e-02
32 82 -1.175405e-02
17 65 -1.177145e-02
5 75 -1.181055e-02
55 59 -1.183638e-02
7 64 -1.196563e-02
67 74 -1.199075e-02
11 40 -1.210348e-02
64 68 -1.211452e-02
31 43 -1.221098e-02
16 51 -1.229077e-02
62 78 -1.238298e-02
62 87 -1.241118e-02
16 83 -1.245063e-02
77 84 -1.246349e-02
46 55 -1.251007e-02
72 86 -1.252679e-02
59 76 -1.256911e-02
5 33 -1.260023e-02
35 47 -1.264863e-02
51 56 -1.268457e-02
19 87 -1.273667e-02
60 67 -1.276586e-02
50 87 -1.276894e-02
40 47 -1.277839e-02
34 87 -1.278390e-02
14 87 -1.281382e-02
43 87 -1.281730e-02
32 87 -1.293486e-02
48 65 -1.297057e-02
18 78 -1.299626e-02
15 47 -1.304566e-02
33 87 -1.308611e-02
7 87 -1.311966e-02
42 79 -1.317719e-02
58 77 -1.334698e-02
18 85 -1.341913e-02
22 85 -1.344009e-02
17 78 -1.357020e-02
2 5 -1.370089e-02
10 66 -1.389292e-02
18 73 -1.406102e-02
5 47 -1.408029e-02
14 65 -1.412713e-02
30 41 -1.415389e-02
8 14 -1.421530e-02
33 50 -1.428427e-02
29 51 -1.430743e-02
5 54 -1.431306e-02
49 87 -1.436836e-02
20 29 -1.442340e-02
5 66 -1.449884e-02
37 74 -1.453797e-02
53 87 -1.455075e-02
64 77 -1.465512e-02
58 73 -1.467937e-02
15 54 -1.471482e-02
21 65 -1.478086e-02
62 79 -1.500890e-02
51 84 -1.503127e-02
31 39 -1.503571e-02
21 86 -1.520805e-02
17 63 -1.531025e-02
47 73 -1.548075e-02
18 63 -1.548921e-02
78 87 -1.573008e-02
36 77 -1.577622e-02
25 76 -1.583759e-02
70 86 -1.590170e-02
41 87 -1.594932e-02
65 77 -1.599894e-02
44 86 -1.601485e-02
9 43 -1.606090e-02
48 63 -1.610761e-02
12 17 -1.614404e-02
36 76 -1.622227e-02
26 87 -1.623929e-02
6 10 -1.625473e-02
39 51 -1.635468e-02
50 73 -1.638302e-02
1 26 -1.645414e-02
52 87 -1.657740e-02
58 76 -1.670427e-02
39 87 -1.675365e-02
10 87 -1.675747e-02
6 84 -1.706300e-02
56 87 -1.717796e-02
44 65 -1.727674e-02
4 10 -1.734271e-02
37 40 -1.735648e-02
5 28 -1.738379e-02
10 82 -1.740203e-02
6 28 -1.741691e-02
7 70 -1.742208e-02
15 25 -1.743823e-02
30 84 -1.748238e-02
14 36 -1.748272e-02
70 75 -1.758249e-02
5 73 -1.760193e-02
16 24 -1.768918e-02
25 42 -1.775170e-02
3 54 -1.778400e-02
33 41 -1.779846e-02
21 83 -1.785924e-02
37 49 -1.791682e-02
6 83 -1.791748e-02
58 60 -1.792917e-02
20 83 -1.795033e-02
5 9 -1.803708e-02
28 75 -1.813212e-02
60 87 -1.815361e-02
36 39 -1.820581e-02
1 58 -1.822918e-02
36 55 -1.827752e-02
30 86 -1.829538e-02
62 82 -1.834253e-02
5 20 -1.860914e-02
36 74 -1.864384e-02
24 30 -1.865891e-02
61 87 -1.871741e-02
52 77 -1.872137e-02
20 87 -1.883128e-02
59 86 -1.890212e-02
13 87 -1.891618e-02
36 45 -1.910196e-02
8 24 -1.918979e-02
40 87 -1.945313e-02
66 79 -1.947934e-02
10 17 -1.949830e-02
46 73 -1.954679e-02
3 82 -1.960791e-02
25 65 -1.967412e-02
1 55 -1.968846e-02
80 86 -1.978250e-02
37 55 -1.985911e-02
21 54 -1.986664e-02
14 51 -1.997125e-02
68 75 -1.997862e-02
20 26 -2.002438e-02
5 77 -2.004101e-02
6 30 -2.014450e-02
37 46 -2.022726e-02
17 83 -2.037258e-02
3 65 -2.037706e-02
36 51 -2.053451e-02
16 72 -2.058009e-02
47 57 -2.064677e-02
22 87 -2.076595e-02
37 65 -2.085963e-02
37 51 -2.092476e-02
14 35 -2.112147e-02
66 82 -2.115903e-02
23 87 -2.123035e-02
35 87 -2.126846e-02
9 21 -2.129089e-02
69 86 -2.138690e-02
76 85 -2.151201e-02
20 65 -2.157498e-02
40 45 -2.160364e-02
16 47 -2.163125e-02
12 37 -2.184929e-02
43 53 -2.194909e-02
9 87 -2.206874e-02
27 86 -2.207632e-02
44 49 -2.216312e-02
6 17 -2.237153e-02
28 65 -2.240611e-02
1 77 -2.248205e-02
5 78 -2.249046e-02
8 64 -2.265489e-02
3 24 -2.278289e-02
1 47 -2.292162e-02
58 65 -2.292708e-02
68 84 -2.294480e-02
14 27 -2.296581e-02
44 53 -2.301321e-02
4 11 -2.305819e-02
57 64 -2.308449e-02
6 82 -2.314887e-02
50 86 -2.324633e-02
14 23 -2.324899e-02
14 47 -2.334338e-02
57 65 -2.340012e-02
5 72 -2.343271e-02
15 84 -2.346348e-02
18 83 -2.370580e-02
68 86 -2.389686e-02
51 58 -2.400783e-02
63 75 -2.403297e-02
1 65 -2.405125e-02
68 78 -2.412955e-02
2 80 -2.418362e-02
18 27 -2.419765e-02
1 49 -2.432270e-02
31 86 -2.441897e-02
35 78 -2.446662e-02
38 87 -2.450805e-02
53 74 -2.452661e-02
7 50 -2.454145e-02
59 72 -2.461828e-02
55 86 -2.469503e-02
69 75 -2.471069e-02
25 86 -2.473764e-02
9 32 -2.476941e-02
5 82 -2.490940e-02
33 59 -2.499461e-02
37 75 -2.502728e-02
6 26 -2.509931e-02
15 65 -2.516713e-02
70 82 -2.526066e-02
35 79 -2.535522e-02
30 36 -2.536930e-02
20 86 -2.537834e-02
6 16 -2.540810e-02
32 35 -2.541447e-02
36 72 -2.543941e-02
7 36 -2.546892e-02
62 74 -2.549123e-02
18 36 -2.550877e-02
18 31 -2.556291e-02
20 30 -2.558352e-02
17 42 -2.562604e-02
34 54 -2.564784e-02
11 21 -2.583493e-02
2 27 -2.584467e-02
61 68 -2.585679e-02
5 22 -2.593249e-02
57 84 -2.599982e-02
50 84 -2.604347e-02
73 82 -2.609912e-02
45 83 -2.611968e-02
21 37 -2.612986e-02
59 87 -2.620821e-02
33 65 -2.630674e-02
40 81 -2.644703e-02
10 86 -2.656151e-02
33 82 -2.660606e-02
69 82 -2.662133e-02
45 65 -2.663050e-02
28 86 -2.667085e-02
15 23 -2.670309e-02
3 47 -2.671835e-02
11 24 -2.675582e-02
15 35 -2.676171e-02
3 6 -2.678616e-02
43 80 -2.679176e-02
29 75 -2.689696e-02
75 84 -2.690144e-02
20 75 -2.691477e-02
12 65 -2.705625e-02
25 58 -2.707668e-02
24 51 -2.714574e-02
29 84 -2.715087e-02
30 83 -2.733133e-02
58 83 -2.742265e-02
41 53 -2.746552e-02
5 57 -2.752009e-02
37 57 -2.762182e-02
37 56 -2.765865e-02
23 30 -2.777925e-02
36 83 -2.783668e-02
56 77 -2.799657e-02
63 85 -2.800775e-02
22 77 -2.829798e-02
42 53 -2.834577e-02
37 72 -2.846871e-02
37 58 -2.848548e-02
46 76 -2.849985e-02
37 83 -2.873936e-02
5 48 -2.874390e-02
10 65 -2.893554e-02
39 45 -2.898928e-02
12 84 -2.899548e-02
30 58 -2.909409e-02
10 53 -2.917625e-02
3 20 -2.918709e-02
17 46 -2.931138e-02
1 20 -2.941338e-02
62 86 -2.945101e-02
40 56 -2.945653e-02
59 73 -2.950177e-02
3 32 -2.960282e-02
44 54 -2.970580e-02
18 82 -2.974076e-02
32 57 -2.994041e-02
30 43 -2.996318e-02
16 75 -3.005915e-02
21 78 -3.006162e-02
3 46 -3.006248e-02
44 82 -3.014979e-02
1 76 -3.018857e-02
1 42 -3.022590e-02
54 65 -3.028242e-02
19 79 -3.028342e-02
9 16 -3.038336e-02
2 86 -3.043097e-02
48 84 -3.043202e-02
37 47 -3.045276e-02
48 52 -3.046345e-02
24 65 -3.055115e-02
17 37 -3.061154e-02
62 69 -3.075637e-02
22 84 -3.075690e-02
14 54 -3.104432e-02
19 37 -3.109920e-02
36 57 -3.117510e-02
8 82 -3.118706e-02
31 65 -3.120207e-02
30 76 -3.126805e-02
1 72 -3.135661e-02
48 58 -3.136523e-02
55 65 -3.141052e-02
12 51 -3.160496e-02
49 65 -3.167107e-02
19 86 -3.167159e-02
47 63 -3.168148e-02
25 32 -3.168274e-02
40 83 -3.169650e-02
45 75 -3.176405e-02
3 53 -3.178880e-02
8 87 -3.188046e-02
6 12 -3.188876e-02
6 60 -3.192324e-02
36 42 -3.193685e-02
51 53 -3.206774e-02
37 82 -3.213513e-02
55 75 -3.217258e-02
20 42 -3.226168e-02
49 64 -3.226550e-02
48 83 -3.236202e-02
5 10 -3.237650e-02
15 46 -3.241532e-02
6 47 -3.262266e-02
19 32 -3.262496e-02
24 48 -3.263442e-02
8 25 -3.268218e-02
60 69 -3.270786e-02
29 65 -3.283553e-02
29 56 -3.290297e-02
16 65 -3.299453e-02
15 82 -3.320341e-02
23 62 -3.335464e-02
47 74 -3.338933e-02
46 82 -3.348368e-02
26 86 -3.351700e-02
7 79 -3.352411e-02
15 63 -3.353862e-02
66 84 -3.354759e-02
16 84 -3.358780e-02
1 45 -3.359886e-02
3 83 -3.362170e-02
60 74 -3.366555e-02
50 65 -3.370312e-02
35 75 -3.377738e-02
10 37 -3.379830e-02
3 18 -3.380027e-02
18 49 -3.380424e-02
42 82 -3.384901e-02
15 51 -3.390505e-02
55 77 -3.394164e-02
46 86 -3.398082e-02
5 59 -3.403324e-02
28 46 -3.404915e-02
41 44 -3.421688e-02
19 36 -3.421820e-02
17 82 -3.422228e-02
78 84 -3.423584e-02
3 15 -3.435457e-02
45 63 -3.436524e-02
47 83 -3.449180e-02
4 37 -3.484943e-02
15 27 -3.497260e-02
40 55 -3.503382e-02
12 75 -3.504466e-02
45 74 -3.508685e-02
19 65 -3.515474e-02
38 49 -3.529898e-02
29 58 -3.540792e-02
51 74 -3.541268e-02
63 81 -3.547137e-02
41 70 -3.553331e-02
11 70 -3.556098e-02
27 45 -3.561096e-02
65 78 -3.567645e-02
3 72 -3.569316e-02
36 82 -3.578134e-02
53 54 -3.586518e-02
19 21 -3.607967e-02
69 77 -3.613593e-02
30 65 -3.629004e-02
20 79 -3.639053e-02
54 70 -3.648989e-02
34 44 -3.655778e-02
16 53 -3.661487e-02
17 84 -3.663939e-02
18 54 -3.675926e-02
8 42 -3.690641e-02
28 84 -3.696900e-02
6 45 -3.708756e-02
4 31 -3.709221e-02
3 86 -3.716806e-02
17 22 -3.717254e-02
18 22 -3.724766e-02
34 64 -3.726926e-02
2 58 -3.731308e-02
6 14 -3.731536e-02
56 65 -3.741262e-02
43 47 -3.743377e-02
34 51 -3.746732e-02
65 80 -3.751033e-02
66 76 -3.759264e-02
10 30 -3.767488e-02
1 56 -3.774978e-02
71 86 -3.799452e-02
46 75 -3.801400e-02
25 40 -3.810142e-02
36 79 -3.818209e-02
14 86 -3.824324e-02
5 40 -3.828583e-02
69 74 -3.836818e-02
28 51 -3.837430e-02
42 65 -3.838125e-02
25 72 -3.840970e-02
6 49 -3.841176e-02
3 37 -3.851836e-02
1 63 -3.859804e-02
1 22 -3.870869e-02
23 36 -3.877784e-02
45 72 -3.878583e-02
34 37 -3.893673e-02
29 34 -3.900734e-02
57 75 -3.911785e-02
45 54 -3.928098e-02
3 11 -3.931034e-02
18 79 -3.933311e-02
6 19 -3.934266e-02
79 85 -3.934321e-02
8 18 -3.943620e-02
5 31 -3.946108e-02
3 13 -3.970649e-02
45 86 -3.975309e-02
52 64 -3.978681e-02
50 60 -3.986128e-02
24 60 -3.990066e-02
24 40 -3.995478e-02
25 78 -3.998617e-02
40 65 -4.016330e-02
37 81 -4.018359e-02
78 85 -4.019516e-02
66 72 -4.025096e-02
1 79 -4.026047e-02
18 28 -4.027392e-02
48 53 -4.038636e-02
27 47 -4.054123e-02
21 46 -4.064220e-02
36 46 -4.088663e-02
68 79 -4.096762e-02
4 86 -4.099843e-02
28 72 -4.105717e-02
25 47 -4.113770e-02
36 78 -4.134050e-02
2 65 -4.135579e-02
6 73 -4.140663e-02
50 76 -4.147535e-02
51 70 -4.149321e-02
36 81 -4.186572e-02
14 46 -4.193512e-02
50 72 -4.194349e-02
45 53 -4.195000e-02
7 44 -4.205793e-02
1 44 -4.206348e-02
5 53 -4.209895e-02
64 83 -4.225792e-02
6 75 -4.233623e-02
42 48 -4.235877e-02
5 44 -4.246247e-02
5 46 -4.246874e-02
5 30 -4.248405e-02
16 82 -4.257892e-02
64 76 -4.265222e-02
57 73 -4.284074e-02
19 84 -4.296420e-02
7 19 -4.303261e-02
72 84 -4.305786e-02
37 41 -4.310506e-02
25 41 -4.311607e-02
5 74 -4.312003e-02
18 84 -4.319166e-02
20 62 -4.329209e-02
2 11 -4.334876e-02
16 33 -4.335347e-02
44 77 -4.337395e-02
49 86 -4.342212e-02
6 29 -4.358132e-02
51 66 -4.366169e-02
13 65 -4.366902e-02
3 62 -4.382037e-02
32 86 -4.384730e-02
38 65 -4.390307e-02
8 16 -4.396905e-02
5 24 -4.397403e-02
33 86 -4.400455e-02
21 55 -4.410693e-02
41 49 -4.412357e-02
6 54 -4.416794e-02
33 47 -4.419721e-02
51 82 -4.436189e-02
8 50 -4.438387e-02
8 27 -4.438392e-02
49 84 -4.440605e-02
20 72 -4.442900e-02
24 34 -4.453775e-02
23 86 -4.456763e-02
25 54 -4.461033e-02
20 28 -4.466315e-02
55 60 -4.467167e-02
14 22 -4.470359e-02
30 51 -4.480337e-02
21 49 -4.482635e-02
60 86 -4.486173e-02
7 25 -4.493132e-02
40 69 -4.511189e-02
29 63 -4.519422e-02
36 73 -4.520860e-02
5 39 -4.533062e-02
22 43 -4.548194e-02
47 58 -4.548730e-02
28 82 -4.569492e-02
27 65 -4.580978e-02
10 81 -4.582463e-02
5 11 -4.586238e-02
51 78 -4.591489e-02
58 85 -4.601854e-02
1 11 -4.603441e-02
6 61 -4.606584e-02
23 55 -4.607634e-02
40 86 -4.610742e-02
5 27 -4.620417e-02
72 81 -4.625023e-02
55 84 -4.646315e-02
5 71 -4.647185e-02
31 82 -4.651545e-02
5 61 -4.653678e-02
36 60 -4.653693e-02
4 65 -4.660362e-02
57 60 -4.665044e-02
69 73 -4.667737e-02
57 85 -4.677871e-02
28 40 -4.691882e-02
44 75 -4.710170e-02
1 32 -4.713194e-02
49 71 -4.732951e-02
7 17 -4.733371e-02
1 52 -4.737407e-02
24 57 -4.739151e-02
8 65 -4.741812e-02
58 61 -4.747118e-02
63 77 -4.750078e-02
7 40 -4.777138e-02
17 64 -4.780382e-02
26 84 -4.783424e-02
62 76 -4.786028e-02
2 21 -4.793257e-02
22 86 -4.796150e-02
12 76 -4.797204e-02
52 58 -4.809289e-02
41 51 -4.814456e-02
40 49 -4.816331e-02
50 68 -4.832735e-02
18 50 -4.833064e-02
35 74 -4.837203e-02
56 82 -4.842789e-02
26 77 -4.844014e-02
35 86 -4.864481e-02
32 36 -4.868414e-02
10 28 -4.873204e-02
20 82 -4.878232e-02
19 83 -4.886741e-02
46 65 -4.904394e-02
6 27 -4.905680e-02
27 48 -4.905835e-02
10 26 -4.911591e-02
47 66 -4.926715e-02
51 64 -4.927562e-02
44 63 -4.931881e-02
37 60 -4.934435e-02
23 68 -4.939176e-02
19 64 -4.941791e-02
27 54 -4.945218e-02
44 83 -4.950450e-02
40 82 -4.952807e-02
43 50 -4.955759e-02
12 79 -4.964922e-02
12 29 -4.973101e-02
51 63 -5.017153e-02
32 65 -5.022535e-02
34 42 -5.041825e-02
8 9 -5.042916e-02
15 83 -5.044151e-02
19 48 -5.047704e-02
27 42 -5.049428e-02
23 65 -5.065847e-02
25 36 -5.072718e-02
42 47 -5.078024e-02
15 50 -5.086056e-02
30 50 -5.094352e-02
1 10 -5.096803e-02
49 61 -5.105080e-02
63 78 -5.105293e-02
43 68 -5.105727e-02
43 44 -5.110995e-02
2 25 -5.117929e-02
4 12 -5.143476e-02
11 30 -5.145393e-02
12 24 -5.155220e-02
40 58 -5.165604e-02
36 59 -5.166905e-02
43 65 -5.167968e-02
25 79 -5.174503e-02
14 63 -5.181562e-02
14 84 -5.184604e-02
8 60 -5.203327e-02
16 36 -5.206229e-02
6 23 -5.214346e-02
29 33 -5.223653e-02
30 46 -5.224015e-02
27 38 -5.229587e-02
12 50 -5.233226e-02
50 56 -5.240060e-02
27 55 -5.242374e-02
32 47 -5.245748e-02
46 72 -5.249069e-02
10 55 -5.254040e-02
53 72 -5.254150e-02
48 81 -5.255170e-02
6 48 -5.270451e-02
16 28 -5.278072e-02
55 74 -5.291250e-02
11 28 -5.314857e-02
6 76 -5.316014e-02
35 77 -5.317886e-02
5 42 -5.326166e-02
21 63 -5.329955e-02
36 41 -5.335044e-02
15 29 -5.349798e-02
7 68 -5.356482e-02
6 72 -5.358510e-02
29 83 -5.361058e-02
12 36 -5.366723e-02
58 80 -5.413268e-02
50 57 -5.421704e-02
5 60 -5.422741e-02
30 40 -5.425621e-02
49 63 -5.438591e-02
52 86 -5.453787e-02
55 78 -5.453836e-02
33 63 -5.462670e-02
19 81 -5.482229e-02
14 42 -5.487963e-02
45 85 -5.488069e-02
8 11 -5.488341e-02
6 24 -5.489468e-02
7 55 -5.493222e-02
5 50 -5.495610e-02
12 55 -5.503067e-02
31 51 -5.507592e-02
1 78 -5.513674e-02
43 67 -5.520517e-02
25 57 -5.535301e-02
34 65 -5.537300e-02
12 86 -5.552826e-02
54 83 -5.558448e-02
38 85 -5.559055e-02
6 39 -5.573557e-02
32 60 -5.574112e-02
35 45 -5.574239e-02
11 16 -5.580512e-02
3 17 -5.583850e-02
61 86 -5.592390e-02
38 51 -5.594214e-02
8 86 -5.598725e-02
6 77 -5.607626e-02
2 29 -5.611700e-02
25 63 -5.612532e-02
20 31 -5.613816e-02
16 79 -5.618076e-02
14 66 -5.618188e-02
20 76 -5.619882e-02
16 40 -5.625732e-02
3 44 -5.626709e-02
10 36 -5.631022e-02
17 49 -5.644104e-02
29 55 -5.657242e-02
19 47 -5.669937e-02
55 68 -5.670255e-02
14 81 -5.672252e-02
26 54 -5.679304e-02
15 31 -5.690309e-02
8 15 -5.692207e-02
32 44 -5.693679e-02
42 54 -5.695933e-02
24 59 -5.701636e-02
60 79 -5.710399e-02
62 72 -5.717859e-02
6 42 -5.720359e-02
64 75 -5.736441e-02
59 82 -5.736660e-02
31 54 -5.736706e-02
39 86 -5.739277e-02
25 75 -5.740411e-02
7 63 -5.741260e-02
71 82 -5.745043e-02
17 26 -5.745777e-02
13 86 -5.746831e-02
36 69 -5.754804e-02
44 52 -5.755797e-02
45 84 -5.759590e-02
71 85 -5.773766e-02
9 65 -5.774572e-02
36 56 -5.776179e-02
2 20 -5.778169e-02
7 18 -5.784828e-02
18 64 -5.788354e-02
34 86 -5.800046e-02
20 60 -5.808358e-02
41 65 -5.812411e-02
67 75 -5.813939e-02
25 84 -5.851192e-02
17 58 -5.858821e-02
3 81 -5.875573e-02
29 77 -5.881693e-02
5 49 -5.890847e-02
36 50 -5.894127e-02
39 44 -5.899871e-02
12 74 -5.901155e-02
21 32 -5.912105e-02
1 8 -5.913437e-02
11 15 -5.915121e-02
39 64 -5.915756e-02
1 46 -5.916445e-02
18 32 -5.922525e-02
1 23 -5.924441e-02
18 58 -5.926016e-02
34 77 -5.927655e-02
31 36 -5.933871e-02
66 86 -5.956085e-02
16 30 -5.959272e-02
37 73 -5.967466e-02
18 77 -5.976745e-02
14 29 -5.977162e-02
11 83 -5.982949e-02
63 80 -6.001590e-02
36 54 -6.005769e-02
5 52 -6.035014e-02
50 82 -6.042969e-02
17 33 -6.059975e-02
22 31 -6.067378e-02
3 74 -6.069043e-02
9 24 -6.071022e-02
1 75 -6.084235e-02
70 84 -6.086869e-02
16 70 -6.090966e-02
28 64 -6.091906e-02
60 73 -6.102044e-02
2 84 -6.109172e-02
16 37 -6.110285e-02
24 33 -6.112406e-02
38 46 -6.118169e-02
24 36 -6.118396e-02
29 73 -6.128039e-02
24 76 -6.139899e-02
8 21 -6.151673e-02
39 57 -6.154715e-02
10 70 -6.162358e-02
20 37 -6.167156e-02
6 35 -6.173630e-02
7 21 -6.183469e-02
10 32 -6.183533e-02
42 86 -6.186323e-02
9 17 -6.190636e-02
47 82 -6.190717e-02
3 21 -6.191972e-02
7 48 -6.197912e-02
6 32 -6.228232e-02
1 74 -6.238512e-02
11 44 -6.243842e-02
59 84 -6.244433e-02
45 78 -6.247103e-02
21 33 -6.248068e-02
11 23 -6.253273e-02
11 65 -6.255815e-02
24 79 -6.255932e-02
6 80 -6.279174e-02
2 30 -6.283410e-02
49 72 -6.291199e-02
37 77 -6.299954e-02
7 24 -6.310788e-02
2 49 -6.313551e-02
32 41 -6.314949e-02
56 86 -6.321576e-02
48 66 -6.322849e-02
10 54 -6.328898e-02
58 78 -6.344690e-02
42 77 -6.351126e-02
1 64 -6.351560e-02
39 65 -6.358548e-02
40 44 -6.363451e-02
6 79 -6.363856e-02
28 49 -6.369247e-02
27 36 -6.376076e-02
18 38 -6.379981e-02
55 63 -6.387929e-02
44 84 -6.388875e-02
75 85 -6.393667e-02
29 79 -6.397059e-02
9 45 -6.402075e-02
28 50 -6.403692e-02
3 48 -6.420633e-02
10 63 -6.422452e-02
50 83 -6.422936e-02
45 58 -6.424147e-02
9 86 -6.438404e-02
32 38 -6.446410e-02
61 83 -6.446527e-02
71 84 -6.448088e-02
41 86 -6.452746e-02
67 86 -6.455476e-02
4 71 -6.458073e-02
28 36 -6.479846e-02
3 78 -6.481092e-02
17 55 -6.481180e-02
3 68 -6.483570e-02
10 46 -6.487615e-02
4 7 -6.488372e-02
12 82 -6.516140e-02
27 63 -6.523358e-02
41 83 -6.524154e-02
6 51 -6.528562e-02
21 50 -6.530236e-02
5 80 -6.533118e-02
46 66 -6.536264e-02
23 46 -6.537306e-02
35 44 -6.539033e-02
37 80 -6.551215e-02
64 73 -6.554398e-02
8 17 -6.556352e-02
20 36 -6.561806e-02
24 37 -6.565906e-02
15 57 -6.569918e-02
5 81 -6.589622e-02
33 48 -6.592877e-02
49 54 -6.610306e-02
38 47 -6.616992e-02
34 62 -6.618269e-02
60 84 -6.627748e-02
44 64 -6.634173e-02
54 79 -6.652410e-02
52 65 -6.660309e-02
24 68 -6.664714e-02
5 13 -6.676090e-02
31 84 -6.678672e-02
19 80 -6.684285e-02
15 55 -6.686558e-02
53 60 -6.695571e-02
6 40 -6.697536e-02
10 21 -6.710493e-02
2 28 -6.715606e-02
53 65 -6.717438e-02
46 63 -6.717447e-02
2 10 -6.723120e-02
51 77 -6.728303e-02
17 44 -6.734988e-02
38 84 -6.737480e-02
64 79 -6.744387e-02
30 72 -6.750733e-02
30 69 -6.750994e-02
50 63 -6.765912e-02
18 33 -6.773194e-02
32 85 -6.778585e-02
5 32 -6.793859e-02
36 70 -6.809595e-02
62 75 -6.809878e-02
21 64 -6.812006e-02
1 62 -6.823327e-02
48 85 -6.832717e-02
9 18 -6.834375e-02
40 63 -6.857987e-02
19 73 -6.867444e-02
21 85 -6.879080e-02
13 23 -6.887331e-02
37 52 -6.892929e-02
27 37 -6.896630e-02
36 68 -6.899154e-02
45 77 -6.904096e-02
11 31 -6.904264e-02
23 28 -6.904296e-02
7 46 -6.905672e-02
28 63 -6.909043e-02
12 47 -6.909554e-02
47 85 -6.916351e-02
22 30 -6.916600e-02
5 67 -6.923454e-02
45 55 -6.933173e-02
21 26 -6.933420e-02
18 72 -6.936772e-02
30 39 -6.945695e-02
11 35 -6.948588e-02
12 41 -6.949817e-02
42 78 -6.956348e-02
33 49 -6.957358e-02
22 65 -6.963268e-02
6 46 -6.975363e-02
1 33 -6.979749e-02
29 70 -6.991755e-02
19 55 -6.992867e-02
44 57 -6.995557e-02
3 79 -6.996686e-02
46 84 -7.013101e-02
6 20 -7.017398e-02
2 50 -7.024888e-02
15 78 -7.053052e-02
50 62 -7.054260e-02
31 79 -7.056255e-02
20 54 -7.058092e-02
48 57 -7.075936e-02
11 36 -7.081742e-02
27 51 -7.091719e-02
7 73 -7.100354e-02
5 68 -7.115432e-02
54 60 -7.132168e-02
26 65 -7.132645e-02
18 35 -7.132720e-02
7 85 -7.138508e-02
60 83 -7.140737e-02
27 84 -7.152380e-02
16 62 -7.167882e-02
17 70 -7.183029e-02
24 84 -7.198373e-02
17 54 -7.223935e-02
61 79 -7.236725e-02
4 15 -7.237612e-02
31 37 -7.242482e-02
67 76 -7.242648e-02
6 34 -7.260623e-02
40 51 -7.288614e-02
21 31 -7.289312e-02
18 23 -7.289744e-02
19 24 -7.302326e-02
11 20 -7.321726e-02
29 64 -7.337051e-02
25 64 -7.339945e-02
28 76 -7.359285e-02
38 48 -7.368091e-02
3 63 -7.369322e-02
34 50 -7.371196e-02
13 24 -7.377893e-02
5 34 -7.378714e-02
30 78 -7.389299e-02
54 77 -7.389334e-02
14 64 -7.398426e-02
4 32 -7.399420e-02
7 51 -7.402688e-02
37 69 -7.410048e-02
54 64 -7.410593e-02
18 55 -7.412707e-02
69 85 -7.423652e-02
8 13 -7.432208e-02
43 86 -7.432983e-02
12 49 -7.440122e-02
25 73 -7.463791e-02
54 68 -7.468900e-02
1 34 -7.469801e-02
12 63 -7.474595e-02
35 63 -7.475797e-02
18 70 -7.493196e-02
41 46 -7.511842e-02
66 83 -7.511975e-02
1 69 -7.513067e-02
5 26 -7.519253e-02
54 85 -7.519306e-02
44 56 -7.527089e-02
33 51 -7.527412e-02
59 68 -7.531594e-02
60 77 -7.533998e-02
37 43 -7.534465e-02
17 60 -7.535845e-02
20 55 -7.536898e-02
3 84 -7.541344e-02
37 42 -7.541564e-02
27 85 -7.555315e-02
59 85 -7.590064e-02
2 64 -7.595306e-02
49 73 -7.607049e-02
21 30 -7.613636e-02
64 78 -7.614747e-02
61 73 -7.624498e-02
49 59 -7.635841e-02
16 45 -7.660317e-02
31 40 -7.682107e-02
52 71 -7.686974e-02
40 84 -7.717492e-02
16 48 -7.721062e-02
6 11 -7.721424e-02
17 38 -7.723420e-02
13 40 -7.740810e-02
60 75 -7.744996e-02
30 77 -7.747256e-02
43 83 -7.762527e-02
8 47 -7.789313e-02
24 63 -7.790403e-02
47 64 -7.799850e-02
15 26 -7.803742e-02
32 67 -7.810218e-02
32 42 -7.819812e-02
28 83 -7.820298e-02
12 73 -7.844171e-02
17 77 -7.854418e-02
26 37 -7.870631e-02
10 64 -7.872336e-02
51 85 -7.875420e-02
24 75 -7.884751e-02
3 28 -7.889993e-02
13 27 -7.894690e-02
17 81 -7.900147e-02
20 40 -7.912116e-02
35 72 -7.915795e-02
48 64 -7.935611e-02
13 67 -7.943165e-02
2 37 -7.944594e-02
13 85 -7.945066e-02
25 35 -7.954714e-02
2 36 -7.956773e-02
13 77 -7.965967e-02
57 77 -7.970251e-02
45 68 -7.970798e-02
23 37 -7.973067e-02
33 54 -7.976340e-02
44 69 -7.982214e-02
25 50 -7.985607e-02
37 76 -7.990608e-02
2 40 -8.000246e-02
33 79 -8.006723e-02
57 79 -8.023949e-02
45 81 -8.028678e-02
62 84 -8.028927e-02
1 40 -8.032152e-02
47 77 -8.043100e-02
1 67 -8.054964e-02
6 74 -8.055145e-02
60 81 -8.076727e-02
37 61 -8.081423e-02
46 60 -8.081567e-02
39 61 -8.086916e-02
33 45 -8.087921e-02
11 84 -8.102635e-02
33 74 -8.118553e-02
31 35 -8.119984e-02
20 58 -8.121793e-02
21 57 -8.124722e-02
42 83 -8.126720e-02
14 62 -8.137046e-02
27 49 -8.141813e-02
27 76 -8.143528e-02
31 59 -8.145801e-02
53 86 -8.149807e-02
12 27 -8.151528e-02
10 83 -8.157948e-02
1 50 -8.158222e-02
10 51 -8.163902e-02
32 68 -8.169012e-02
6 52 -8.170262e-02
22 37 -8.172685e-02
16 63 -8.188782e-02
55 85 -8.189235e-02
9 23 -8.204799e-02
49 70 -8.208788e-02
4 58 -8.212270e-02
62 73 -8.226434e-02
12 31 -8.233940e-02
21 53 -8.236552e-02
30 74 -8.237604e-02
6 55 -8.243273e-02
51 60 -8.251955e-02
39 47 -8.262542e-02
13 20 -8.264258e-02
35 57 -8.267196e-02
23 63 -8.270029e-02
30 47 -8.279978e-02
7 75 -8.281881e-02
8 76 -8.282151e-02
10 72 -8.282579e-02
29 49 -8.287965e-02
68 85 -8.311063e-02
42 81 -8.312323e-02
15 32 -8.331674e-02
14 41 -8.341647e-02
53 75 -8.341938e-02
31 75 -8.356740e-02
10 48 -8.369863e-02
55 69 -8.376690e-02
38 57 -8.379063e-02
6 31 -8.381497e-02
17 31 -8.385054e-02
12 28 -8.388242e-02
25 82 -8.389012e-02
2 56 -8.398389e-02
57 74 -8.399136e-02
16 54 -8.410539e-02
3 64 -8.429228e-02
55 71 -8.431870e-02
17 53 -8.432126e-02
8 44 -8.437582e-02
13 52 -8.451316e-02
40 79 -8.467120e-02
3 19 -8.474900e-02
56 71 -8.478860e-02
2 63 -8.480910e-02
13 68 -8.481857e-02
29 50 -8.489143e-02
32 55 -8.492897e-02
38 86 -8.494781e-02
7 86 -8.502770e-02
41 50 -8.505804e-02
43 51 -8.512689e-02
6 68 -8.518898e-02
44 74 -8.534153e-02
28 37 -8.537213e-02
5 56 -8.540256e-02
44 68 -8.542236e-02
19 35 -8.549852e-02
55 62 -8.564522e-02
59 79 -8.573429e-02
7 15 -8.576598e-02
25 77 -8.577599e-02
8 75 -8.579421e-02
6 70 -8.583703e-02
12 54 -8.587916e-02
14 58 -8.589231e-02
24 78 -8.595672e-02
21 74 -8.602510e-02
31 83 -8.607597e-02
20 48 -8.608766e-02
5 41 -8.610366e-02
17 72 -8.614755e-02
1 73 -8.615343e-02
12 45 -8.627709e-02
12 53 -8.632425e-02
50 58 -8.641286e-02
19 51 -8.666791e-02
56 84 -8.688591e-02
14 70 -8.691758e-02
25 49 -8.693653e-02
46 56 -8.694149e-02
7 82 -8.699367e-02
25 46 -8.704979e-02
12 83 -8.705217e-02
35 84 -8.714247e-02
66 73 -8.732629e-02
18 42 -8.739714e-02
46 62 -8.747604e-02
42 69 -8.763519e-02
8 46 -8.789084e-02
11 55 -8.836169e-02
26 85 -8.845532e-02
47 81 -8.858728e-02
23 42 -8.864765e-02
24 35 -8.867193e-02
30 64 -8.894676e-02
16 27 -8.907792e-02
28 77 -8.913766e-02
42 68 -8.919441e-02
13 17 -8.920657e-02
6 44 -8.925958e-02
7 78 -8.929347e-02
12 40 -8.929776e-02
1 71 -8.939712e-02
16 42 -8.941561e-02
6 69 -8.943338e-02
49 83 -8.952402e-02
30 60 -8.955251e-02
22 64 -8.959451e-02
1 35 -8.961407e-02
61 72 -8.962944e-02
56 64 -8.964184e-02
31 63 -8.990425e-02
10 47 -9.001008e-02
42 74 -9.021058e-02
29 41 -9.035952e-02
61 81 -9.062547e-02
13 45 -9.081693e-02
19 50 -9.083995e-02
5 69 -9.084720e-02
2 44 -9.085793e-02
43 46 -9.089316e-02
48 78 -9.089975e-02
41 85 -9.105186e-02
59 78 -9.131217e-02
33 76 -9.136936e-02
10 84 -9.138900e-02
45 70 -9.140753e-02
6 78 -9.143017e-02
37 70 -9.156152e-02
44 58 -9.161881e-02
20 45 -9.163619e-02
31 52 -9.176038e-02
28 68 -9.183796e-02
9 64 -9.186669e-02
25 33 -9.191536e-02
23 45 -9.216326e-02
12 69 -9.221592e-02
46 64 -9.231249e-02
57 67 -9.248835e-02
16 68 -9.257536e-02
64 82 -9.284049e-02
24 49 -9.296618e-02
17 35 -9.296719e-02
3 55 -9.299144e-02
23 29 -9.300443e-02
30 52 -9.304798e-02
28 34 -9.306232e-02
35 73 -9.309632e-02
41 72 -9.312859e-02
31 73 -9.334127e-02
56 63 -9.355889e-02
44 66 -9.363350e-02
2 83 -9.377649e-02
6 50 -9.380717e-02
48 77 -9.406603e-02
64 81 -9.408165e-02
17 41 -9.409213e-02
45 57 -9.409865e-02
45 82 -9.417434e-02
32 63 -9.420136e-02
32 37 -9.423979e-02
43 84 -9.426713e-02
37 78 -9.434074e-02
58 68 -9.440323e-02
39 55 -9.451994e-02
22 63 -9.452004e-02
42 76 -9.455100e-02
10 29 -9.461923e-02
25 68 -9.463321e-02
57 63 -9.471685e-02
10 19 -9.473490e-02
40 57 -9.480578e-02
50 64 -9.482961e-02
59 81 -9.483080e-02
3 77 -9.485491e-02
43 57 -9.488296e-02
1 7 -9.492652e-02
4 8 -9.497980e-02
8 85 -9.501370e-02
1 81 -9.514996e-02
4 28 -9.517845e-02
55 64 -9.523989e-02
9 27 -9.529631e-02
23 72 -9.532280e-02
9 37 -9.550104e-02
15 77 -9.556634e-02
13 34 -9.560792e-02
36 62 -9.564137e-02
27 82 -9.578542e-02
14 26 -9.596519e-02
47 60 -9.598502e-02
32 84 -9.610448e-02
10 85 -9.622614e-02
25 43 -9.626182e-02
13 44 -9.633128e-02
27 79 -9.642098e-02
29 81 -9.651053e-02
10 43 -9.654914e-02
33 72 -9.659127e-02
33 83 -9.659315e-02
17 66 -9.668698e-02
47 70 -9.674629e-02
32 58 -9.682351e-02
2 67 -9.685043e-02
3 59 -9.690945e-02
12 77 -9.697330e-02
59 69 -9.706908e-02
40 78 -9.707923e-02
23 83 -9.733921e-02
20 84 -9.735083e-02
10 20 -9.737307e-02
10 76 -9.742818e-02
23 47 -9.752511e-02
11 37 -9.753653e-02
70 80 -9.759515e-02
12 48 -9.763587e-02
13 42 -9.778571e-02
7 54 -9.780358e-02
44 62 -9.783617e-02
16 77 -9.789246e-02
10 79 -9.790540e-02
3 69 -9.810110e-02
49 75 -9.826068e-02
54 62 -9.830849e-02
60 78 -9.844614e-02
38 79 -9.848397e-02
19 60 -9.852102e-02
10 78 -9.872029e-02
38 75 -9.892946e-02
23 31 -9.896369e-02
9 28 -9.903836e-02
31 76 -9.906173e-02
14 77 -9.916255e-02
6 56 -9.916336e-02
39 46 -9.921568e-02
72 85 -9.929297e-02
34 82 -9.940090e-02
16 73 -9.952811e-02
43 58 -9.956620e-02
16 85 -9.958962e-02
17 40 -9.970483e-02
50 85 -9.980034e-02
33 84 -9.998406e-02
1 60 -1.000197e-01
21 35 -1.000628e-01
37 67 -1.001059e-01
27 83 -1.004458e-01
2 34 -1.004613e-01
19 44 -1.005088e-01
35 76 -1.005381e-01
34 38 -1.005430e-01
16 26 -1.005724e-01
1 80 -1.006723e-01
38 42 -1.008265e-01
41 63 -1.008653e-01
38 54 -1.010504e-01
67 83 -1.010645e-01
12 43 -1.010976e-01
35 83 -1.011289e-01
1 66 -1.012316e-01
47 56 -1.014334e-01
14 32 -1.014851e-01
12 44 -1.015258e-01
30 38 -1.015401e-01
16 81 -1.015521e-01
2 55 -1.016053e-01
24 83 -1.016707e-01
29 68 -1.016834e-01
27 34 -1.019783e-01
31 55 -1.019839e-01
37 59 -1.020668e-01
3 29 -1.021411e-01
38 76 -1.023009e-01
39 50 -1.023761e-01
6 33 -1.024109e-01
33 55 -1.024320e-01
38 50 -1.024340e-01
18 57 -1.026142e-01
29 53 -1.026455e-01
7 45 -1.027850e-01
1 68 -1.028074e-01
12 57 -1.028298e-01
41 77 -1.028584e-01
24 62 -1.030798e-01
27 75 -1.031313e-01
40 50 -1.032437e-01
10 59 -1.032600e-01
43 73 -1.032792e-01
21 40 -1.034440e-01
14 69 -1.035022e-01
3 85 -1.036789e-01
29 43 -1.038810e-01
12 64 -1.039540e-01
10 58 -1.040237e-01
3 25 -1.040377e-01
54 63 -1.041236e-01
2 68 -1.041420e-01
57 78 -1.043437e-01
41 84 -1.043708e-01
54 66 -1.044532e-01
71 79 -1.045181e-01
31 85 -1.045906e-01
27 77 -1.046444e-01
4 21 -1.047012e-01
13 72 -1.048987e-01
12 26 -1.049576e-01
2 52 -1.050225e-01
4 51 -1.051362e-01
49 74 -1.052033e-01
17 68 -1.052485e-01
17 32 -1.053123e-01
25 66 -1.053628e-01
46 70 -1.053743e-01
2 60 -1.053933e-01
25 74 -1.054933e-01
36 43 -1.055219e-01
23 48 -1.055910e-01
7 27 -1.056552e-01
32 80 -1.056888e-01
31 77 -1.057210e-01
3 40 -1.059292e-01
15 58 -1.059433e-01
31 62 -1.060177e-01
10 35 -1.061105e-01
21 81 -1.061681e-01
29 40 -1.064133e-01
38 56 -1.065403e-01
14 40 -1.065526e-01
32 53 -1.066829e-01
2 47 -1.067148e-01
12 30 -1.068025e-01
10 50 -1.068692e-01
7 83 -1.069708e-01
47 62 -1.070110e-01
20 85 -1.070232e-01
10 75 -1.070732e-01
4 16 -1.071157e-01
28 66 -1.071397e-01
27 64 -1.071869e-01
40 72 -1.072487e-01
20 63 -1.072881e-01
53 84 -1.073616e-01
71 78 -1.074951e-01
32 61 -1.075183e-01
24 55 -1.075946e-01
29 85 -1.076272e-01
50 66 -1.076630e-01
30 81 -1.077624e-01
8 28 -1.079263e-01
13 37 -1.079516e-01
11 63 -1.080816e-01
52 73 -1.082119e-01
31 70 -1.083062e-01
11 48 -1.083738e-01
20 32 -1.083904e-01
21 60 -1.086875e-01
8 79 -1.087202e-01
42 84 -1.087216e-01
1 38 -1.087471e-01
49 79 -1.088154e-01
7 49 -1.088970e-01
19 46 -1.090121e-01
24 77 -1.090580e-01
38 74 -1.091289e-01
38 55 -1.093536e-01
46 57 -1.093816e-01
51 62 -1.093831e-01
20 66 -1.094171e-01
8 51 -1.094502e-01
4 20 -1.094614e-01
25 56 -1.097694e-01
41 75 -1.097771e-01
27 43 -1.098140e-01
15 81 -1.099161e-01
12 66 -1.101118e-01
40 64 -1.101759e-01
38 82 -1.102554e-01
40 70 -1.102886e-01
42 75 -1.103153e-01
24 72 -1.103384e-01
1 61 -1.103696e-01
11 85 -1.104949e-01
29 72 -1.105232e-01
32 83 -1.105239e-01
24 64 -1.105334e-01
53 79 -1.105542e-01
2 35 -1.106513e-01
19 75 -1.107009e-01
35 51 -1.107231e-01
19 58 -1.109407e-01
22 45 -1.110893e-01
7 72 -1.112059e-01
66 85 -1.112371e-01
37 71 -1.114476e-01
30 79 -1.116417e-01
28 52 -1.116476e-01
4 23 -1.116541e-01
36 52 -1.117021e-01
14 49 -1.117482e-01
13 47 -1.118003e-01
3 51 -1.118161e-01
15 42 -1.118578e-01
11 42 -1.118651e-01
15 34 -1.120879e-01
16 29 -1.121492e-01
26 42 -1.121981e-01
18 62 -1.122360e-01
41 54 -1.123182e-01
13 48 -1.123858e-01
13 80 -1.124326e-01
35 54 -1.125094e-01
60 76 -1.125539e-01
23 84 -1.125549e-01
67 81 -1.126007e-01
40 75 -1.126954e-01
15 49 -1.128029e-01
19 82 -1.129153e-01
38 61 -1.129236e-01
21 62 -1.129334e-01
48 59 -1.130327e-01
21 70 -1.130756e-01
32 62 -1.132134e-01
42 72 -1.132298e-01
32 64 -1.132335e-01
31 50 -1.133251e-01
24 85 -1.133588e-01
28 43 -1.133610e-01
30 85 -1.134047e-01
42 66 -1.134167e-01
53 63 -1.136354e-01
69 78 -1.136380e-01
2 39 -1.136741e-01
28 56 -1.138598e-01
15 30 -1.139173e-01
2 51 -1.142856e-01
19 76 -1.143005e-01
18 41 -1.143163e-01
35 68 -1.143524e-01
32 50 -1.143738e-01
10 49 -1.144330e-01
7 47 -1.144846e-01
21 77 -1.146228e-01
43 64 -1.146363e-01
18 40 -1.147201e-01
11 29 -1.147266e-01
13 63 -1.148103e-01
31 64 -1.149467e-01
23 76 -1.150201e-01
22 29 -1.151190e-01
18 26 -1.151456e-01
55 81 -1.151557e-01
28 73 -1.152219e-01
46 68 -1.152240e-01
21 66 -1.152955e-01
25 85 -1.154615e-01
13 31 -1.155117e-01
6 41 -1.155301e-01
51 68 -1.155401e-01
38 78 -1.155792e-01
15 64 -1.157019e-01
10 44 -1.158103e-01
24 73 -1.158858e-01
42 63 -1.158867e-01
20 38 -1.159621e-01
3 45 -1.159783e-01
35 82 -1.160093e-01
13 39 -1.161661e-01
28 70 -1.161710e-01
4 36 -1.161831e-01
26 64 -1.162447e-01
28 85 -1.162605e-01
56 73 -1.164183e-01
19 59 -1.165084e-01
6 43 -1.165386e-01
13 84 -1.166782e-01
2 62 -1.167181e-01
25 59 -1.167348e-01
40 62 -1.168521e-01
29 78 -1.169490e-01
19 54 -1.171348e-01
3 73 -1.174546e-01
33 75 -1.174659e-01
8 30 -1.174725e-01
15 33 -1.175890e-01
48 60 -1.175914e-01
2 72 -1.176879e-01
39 48 -1.177420e-01
28 39 -1.177581e-01
35 52 -1.178241e-01
49 82 -1.178605e-01
18 59 -1.179885e-01
6 62 -1.180383e-01
21 69 -1.180525e-01
27 46 -1.181517e-01
12 32 -1.182072e-01
31 72 -1.183383e-01
12 46 -1.183541e-01
5 43 -1.183688e-01
2 42 -1.185698e-01
4 30 -1.187550e-01
27 33 -1.187957e-01
18 60 -1.188107e-01
19 69 -1.188450e-01
17 85 -1.188766e-01
46 58 -1.190831e-01
27 50 -1.190992e-01
14 59 -1.191785e-01
23 32 -1.191798e-01
44 60 -1.193539e-01
24 70 -1.194146e-01
44 70 -1.194404e-01
1 53 -1.194684e-01
35 85 -1.195360e-01
16 38 -1.198216e-01
2 31 -1.199083e-01
3 57 -1.200883e-01
30 63 -1.201249e-01
21 43 -1.201835e-01
27 35 -1.202541e-01
42 52 -1.202593e-01
60 85 -1.202602e-01
29 38 -1.203008e-01
15 70 -1.204079e-01
11 47 -1.204597e-01
12 58 -1.204869e-01
11 57 -1.205735e-01
25 60 -1.205750e-01
23 51 -1.206547e-01
36 71 -1.208440e-01
30 75 -1.208566e-01
14 68 -1.208573e-01
11 76 -1.212333e-01
3 27 -1.212463e-01
61 75 -1.213275e-01
13 30 -1.213562e-01
55 70 -1.213598e-01
4 54 -1.213911e-01
21 68 -1.214893e-01
34 48 -1.215557e-01
15 38 -1.215568e-01
41 45 -1.217109e-01
14 57 -1.218520e-01
7 77 -1.218593e-01
26 36 -1.219243e-01
35 69 -1.219487e-01
56 72 -1.219520e-01
51 59 -1.220714e-01
18 66 -1.222288e-01
19 70 -1.222390e-01
19 78 -1.223083e-01
30 82 -1.223127e-01
46 77 -1.223948e-01
12 78 -1.226843e-01
3 31 -1.227247e-01
15 68 -1.227492e-01
42 64 -1.228258e-01
62 85 -1.231271e-01
26 57 -1.231587e-01
27 73 -1.231733e-01
40 74 -1.233846e-01
10 74 -1.235680e-01
53 69 -1.235968e-01
41 64 -1.237012e-01
47 68 -1.238047e-01
20 64 -1.238361e-01
30 54 -1.241865e-01
6 81 -1.242808e-01
24 42 -1.243036e-01
1 41 -1.243163e-01
8 84 -1.243581e-01
32 77 -1.244888e-01
48 70 -1.244911e-01
20 70 -1.245092e-01
19 57 -1.245332e-01
40 59 -1.246912e-01
10 31 -1.246914e-01
23 75 -1.247642e-01
20 73 -1.249078e-01
33 39 -1.249290e-01
28 78 -1.250004e-01
7 13 -1.250573e-01
7 28 -1.251217e-01
25 71 -1.253706e-01
3 30 -1.253928e-01
16 35 -1.254078e-01
29 74 -1.254597e-01
60 71 -1.256622e-01
26 59 -1.256973e-01
10 73 -1.257550e-01
45 64 -1.258427e-01
28 59 -1.258441e-01
19 40 -1.259066e-01
43 77 -1.259639e-01
52 63 -1.259770e-01
11 79 -1.261605e-01
1 70 -1.263525e-01
57 80 -1.265098e-01
9 31 -1.265368e-01
39 63 -1.266109e-01
30 53 -1.266714e-01
33 64 -1.266784e-01
19 43 -1.267099e-01
4 14 -1.267531e-01
12 81 -1.269519e-01
41 80 -1.272902e-01
26 41 -1.273200e-01
28 41 -1.274470e-01
14 34 -1.280899e-01
25 62 -1.281681e-01
36 80 -1.281855e-01
3 58 -1.283240e-01
12 22 -1.284174e-01
34 55 -1.284454e-01
47 59 -1.284942e-01
28 35 -1.285563e-01
33 85 -1.285824e-01
27 72 -1.286438e-01
40 76 -1.288611e-01
11 64 -1.289428e-01
14 56 -1.292958e-01
11 49 -1.293360e-01
13 36 -1.293919e-01
18 81 -1.294120e-01
34 63 -1.296473e-01
28 33 -1.296940e-01
36 67 -1.297850e-01
16 59 -1.298582e-01
13 56 -1.298711e-01
4 73 -1.300516e-01
32 51 -1.301005e-01
16 64 -1.301105e-01
39 79 -1.301136e-01
6 53 -1.301180e-01
8 48 -1.302281e-01
13 49 -1.302777e-01
45 61 -1.303050e-01
8 45 -1.303200e-01
54 71 -1.304378e-01
32 79 -1.305466e-01
26 58 -1.307126e-01
29 35 -1.308705e-01
27 56 -1.308921e-01
34 79 -1.311725e-01
57 68 -1.312751e-01
38 41 -1.313482e-01
12 85 -1.313704e-01
16 32 -1.314357e-01
16 31 -1.314386e-01
1 43 -1.314457e-01
13 64 -1.314799e-01
26 47 -1.316017e-01
7 29 -1.317416e-01
20 77 -1.317499e-01
4 57 -1.318231e-01
49 81 -1.318967e-01
1 39 -1.321453e-01
11 72 -1.323614e-01
61 74 -1.323993e-01
13 75 -1.324278e-01
11 33 -1.325524e-01
31 53 -1.325942e-01
4 63 -1.326605e-01
7 57 -1.326629e-01
2 48 -1.329054e-01
12 72 -1.329666e-01
52 82 -1.329679e-01
2 45 -1.330465e-01
18 53 -1.331239e-01
14 53 -1.331312e-01
8 26 -1.331411e-01
42 58 -1.332065e-01
40 77 -1.332245e-01
2 79 -1.332753e-01
8 74 -1.333762e-01
11 46 -1.334514e-01
7 84 -1.334596e-01
33 43 -1.336572e-01
55 66 -1.337005e-01
7 26 -1.338293e-01
29 52 -1.339932e-01
19 45 -1.340798e-01
51 81 -1.341357e-01
29 62 -1.341397e-01
9 25 -1.342354e-01
44 85 -1.342747e-01
25 70 -1.343151e-01
41 79 -1.343828e-01
45 62 -1.344378e-01
24 66 -1.345821e-01
18 68 -1.347537e-01
14 85 -1.348786e-01
26 63 -1.349195e-01
8 29 -1.349723e-01
4 27 -1.350774e-01
19 41 -1.351590e-01
38 77 -1.353843e-01
11 53 -1.355578e-01
15 56 -1.356319e-01
23 64 -1.357433e-01
8 78 -1.357829e-01
32 72 -1.358361e-01
14 74 -1.360866e-01
31 41 -1.360927e-01
10 71 -1.361378e-01
43 54 -1.362676e-01
13 79 -1.363841e-01
43 82 -1.365810e-01
22 36 -1.366270e-01
23 74 -1.366660e-01
19 72 -1.369663e-01
21 38 -1.371647e-01
31 61 -1.372402e-01
38 52 -1.372939e-01
47 69 -1.374119e-01
3 41 -1.374267e-01
25 69 -1.377061e-01
24 41 -1.378377e-01
10 52 -1.379452e-01
50 59 -1.380333e-01
2 69 -1.381359e-01
3 49 -1.381545e-01
49 76 -1.382666e-01
16 55 -1.384096e-01
4 83 -1.387502e-01
24 74 -1.387811e-01
10 56 -1.387967e-01
13 29 -1.388104e-01
8 49 -1.388565e-01
9 50 -1.389021e-01
42 56 -1.391648e-01
2 74 -1.392530e-01
46 83 -1.392828e-01
11 82 -1.395586e-01
56 70 -1.396428e-01
41 82 -1.397050e-01
17 59 -1.397302e-01
9 36 -1.397763e-01
38 72 -1.399101e-01
45 66 -1.400733e-01
19 66 -1.400973e-01
13 55 -1.403574e-01
12 38 -1.405794e-01
21 52 -1.408457e-01
7 31 -1.411082e-01
15 40 -1.414891e-01
13 28 -1.418032e-01
28 53 -1.420074e-01
7 76 -1.420137e-01
50 77 -1.422040e-01
8 83 -1.422773e-01
2 61 -1.423435e-01
26 44 -1.424724e-01
29 66 -1.425182e-01
20 49 -1.425555e-01
4 17 -1.430814e-01
22 73 -1.431062e-01
61 76 -1.433045e-01
2 76 -1.434267e-01
11 75 -1.434712e-01
45 56 -1.436419e-01
19 68 -1.437111e-01
13 83 -1.440608e-01
13 82 -1.441540e-01
23 79 -1.442959e-01
10 27 -1.443086e-01
32 75 -1.444784e-01
7 74 -1.448445e-01
53 58 -1.449602e-01
2 38 -1.452133e-01
28 60 -1.452839e-01
22 71 -1.452924e-01
34 47 -1.453196e-01
9 53 -1.453750e-01
56 60 -1.455154e-01
4 79 -1.456446e-01
9 29 -1.458807e-01
20 68 -1.458873e-01
19 74 -1.459344e-01
29 69 -1.459418e-01
11 51 -1.460657e-01
54 61 -1.460975e-01
32 76 -1.464087e-01
2 75 -1.464844e-01
15 67 -1.465889e-01
22 55 -1.468080e-01
24 43 -1.468232e-01
22 46 -1.471421e-01
58 66 -1.471514e-01
44 81 -1.474113e-01
35 39 -1.474159e-01
8 43 -1.477483e-01
2 71 -1.479785e-01
15 60 -1.480423e-01
27 78 -1.481118e-01
42 57 -1.481753e-01
23 44 -1.482511e-01
9 69 -1.484834e-01
25 80 -1.484836e-01
53 64 -1.486242e-01
10 62 -1.486464e-01
54 67 -1.487254e-01
48 69 -1.487623e-01
30 66 -1.487906e-01
9 63 -1.487993e-01
40 85 -1.489213e-01
32 66 -1.491211e-01
23 41 -1.492830e-01
21 59 -1.493474e-01
22 50 -1.493519e-01
57 69 -1.493827e-01
4 24 -1.493858e-01
7 32 -1.495736e-01
26 55 -1.496020e-01
9 71 -1.498167e-01
30 61 -1.498178e-01
13 53 -1.498662e-01
23 82 -1.499388e-01
31 66 -1.499728e-01
41 78 -1.499842e-01
46 61 -1.501813e-01
4 18 -1.505122e-01
4 25 -1.506021e-01
21 41 -1.507232e-01
42 71 -1.507814e-01
45 60 -1.508347e-01
22 48 -1.509966e-01
50 70 -1.511151e-01
16 66 -1.513798e-01
40 71 -1.514590e-01
16 58 -1.514785e-01
53 70 -1.517275e-01
41 76 -1.518953e-01
70 85 -1.519196e-01
9 73 -1.520233e-01
19 71 -1.523283e-01
16 34 -1.523408e-01
31 74 -1.524563e-01
10 45 -1.525392e-01
12 56 -1.525964e-01
9 30 -1.526827e-01
9 55 -1.529118e-01
27 81 -1.529198e-01
12 68 -1.530037e-01
25 39 -1.530348e-01
9 44 -1.537031e-01
7 69 -1.537790e-01
26 35 -1.538283e-01
61 78 -1.538810e-01
13 61 -1.538908e-01
16 69 -1.540384e-01
14 38 -1.541235e-01
28 69 -1.542856e-01
9 41 -1.544730e-01
53 77 -1.545983e-01
43 75 -1.546246e-01
4 45 -1.546409e-01
57 71 -1.548988e-01
62 80 -1.550348e-01
2 70 -1.550447e-01
53 76 -1.551196e-01
17 69 -1.552386e-01
49 66 -1.552594e-01
13 74 -1.554269e-01
8 55 -1.555041e-01
51 69 -1.555602e-01
17 71 -1.555784e-01
16 60 -1.558012e-01
30 59 -1.558116e-01
27 41 -1.559138e-01
2 73 -1.559450e-01
43 79 -1.559659e-01
13 32 -1.559880e-01
41 60 -1.561452e-01
45 69 -1.561720e-01
15 52 -1.561819e-01
26 51 -1.564123e-01
48 56 -1.564958e-01
43 70 -1.565530e-01
24 53 -1.565579e-01
22 57 -1.565814e-01
19 42 -1.565937e-01
30 73 -1.566087e-01
2 66 -1.568462e-01
22 79 -1.568679e-01
32 74 -1.569934e-01
52 59 -1.570772e-01
49 78 -1.573584e-01
40 67 -1.573618e-01
46 85 -1.574626e-01
3 43 -1.575785e-01
48 68 -1.576550e-01
48 62 -1.576590e-01
39 72 -1.576788e-01
17 34 -1.581434e-01
14 71 -1.581501e-01
18 69 -1.582533e-01
41 81 -1.583205e-01
28 38 -1.583601e-01
40 73 -1.584335e-01
22 41 -1.584704e-01
42 73 -1.585000e-01
56 83 -1.585388e-01
29 59 -1.586092e-01
12 71 -1.586418e-01
23 70 -1.586575e-01
9 57 -1.588162e-01
11 78 -1.589731e-01
15 69 -1.591065e-01
39 83 -1.593020e-01
39 71 -1.593509e-01
26 50 -1.594843e-01
27 61 -1.595255e-01
26 45 -1.595299e-01
14 80 -1.596244e-01
27 59 -1.596908e-01
27 52 -1.600585e-01
53 83 -1.603095e-01
17 62 -1.606166e-01
38 45 -1.606225e-01
54 69 -1.606318e-01
33 77 -1.606488e-01
51 80 -1.609234e-01
31 80 -1.609908e-01
4 55 -1.610588e-01
51 71 -1.611227e-01
55 61 -1.612907e-01
49 68 -1.616746e-01
21 34 -1.617193e-01
26 48 -1.617588e-01
29 60 -1.618664e-01
32 78 -1.618700e-01
35 43 -1.618751e-01
20 52 -1.618825e-01
34 83 -1.620339e-01
30 70 -1.621260e-01
7 59 -1.625550e-01
43 63 -1.626115e-01
53 85 -1.626309e-01
38 70 -1.626428e-01
15 80 -1.627531e-01
23 54 -1.629254e-01
4 46 -1.629979e-01
24 61 -1.630244e-01
17 56 -1.631159e-01
28 81 -1.633239e-01
9 83 -1.633396e-01
2 57 -1.634575e-01
4 29 -1.635028e-01
12 39 -1.641321e-01
38 44 -1.641451e-01
56 74 -1.642560e-01
26 75 -1.643630e-01
20 41 -1.644115e-01
16 57 -1.644507e-01
14 67 -1.647690e-01
66 80 -1.652394e-01
24 56 -1.653411e-01
2 41 -1.653553e-01
38 73 -1.654421e-01
38 43 -1.654740e-01
11 77 -1.654796e-01
2 46 -1.656691e-01
11 58 -1.657679e-01
56 76 -1.657862e-01
31 38 -1.661566e-01
2 78 -1.663028e-01
56 75 -1.663069e-01
43 61 -1.663239e-01
71 81 -1.663631e-01
48 80 -1.664016e-01
9 38 -1.664284e-01
15 43 -1.664287e-01
26 82 -1.664307e-01
27 40 -1.664309e-01
9 58 -1.665640e-01
49 69 -1.666326e-01
29 61 -1.667507e-01
17 43 -1.669228e-01
27 67 -1.670377e-01
26 70 -1.672214e-01
9 78 -1.673267e-01
45 67 -1.673374e-01
22 58 -1.673990e-01
16 67 -1.676676e-01
9 51 -1.677147e-01
29 71 -1.677753e-01
28 74 -1.678345e-01
32 70 -1.679894e-01
31 68 -1.680503e-01
23 69 -1.681529e-01
2 43 -1.681667e-01
10 77 -1.681767e-01
30 71 -1.684880e-01
11 32 -1.687424e-01
15 53 -1.687728e-01
50 61 -1.688853e-01
29 67 -1.688982e-01
19 62 -1.689648e-01
23 39 -1.691305e-01
34 58 -1.695888e-01
20 39 -1.695945e-01
28 67 -1.697482e-01
30 80 -1.697661e-01
44 71 -1.698810e-01
14 61 -1.700164e-01
11 73 -1.700283e-01
43 72 -1.703755e-01
27 71 -1.706783e-01
41 73 -1.707238e-01
15 62 -1.709616e-01
8 22 -1.710300e-01
62 71 -1.711161e-01
9 82 -1.711400e-01
13 76 -1.711616e-01
51 67 -1.715080e-01
24 39 -1.715516e-01
24 38 -1.716087e-01
49 60 -1.717361e-01
26 46 -1.718718e-01
56 79 -1.719697e-01
43 76 -1.720349e-01
60 80 -1.722096e-01
30 68 -1.727260e-01
22 82 -1.729020e-01
42 85 -1.729420e-01
4 50 -1.731258e-01
26 83 -1.733120e-01
44 59 -1.734109e-01
14 52 -1.737289e-01
16 71 -1.743099e-01
11 60 -1.743162e-01
25 53 -1.743997e-01
42 80 -1.744128e-01
30 67 -1.744295e-01
57 66 -1.747408e-01
18 61 -1.748062e-01
11 74 -1.748077e-01
4 82 -1.748764e-01
35 58 -1.749125e-01
47 61 -1.749318e-01
27 62 -1.749348e-01
20 69 -1.751841e-01
4 76 -1.751884e-01
26 61 -1.754453e-01
13 54 -1.757602e-01
34 73 -1.761577e-01
33 58 -1.762071e-01
27 53 -1.762839e-01
41 58 -1.764120e-01
8 58 -1.765856e-01
28 62 -1.766461e-01
55 67 -1.768255e-01
49 62 -1.768677e-01
22 53 -1.770277e-01
25 52 -1.771204e-01
11 59 -1.773137e-01
25 81 -1.774744e-01
26 76 -1.775528e-01
25 34 -1.778274e-01
27 68 -1.778558e-01
34 72 -1.778946e-01
7 71 -1.780257e-01
53 73 -1.781281e-01
7 22 -1.784419e-01
18 56 -1.785141e-01
31 69 -1.786872e-01
13 33 -1.789214e-01
4 41 -1.789307e-01
32 81 -1.793351e-01
18 34 -1.798313e-01
8 31 -1.798833e-01
23 58 -1.799822e-01
4 68 -1.800560e-01
21 56 -1.801590e-01
13 78 -1.801926e-01
3 22 -1.803529e-01
3 26 -1.805279e-01
27 66 -1.805348e-01
29 80 -1.805799e-01
4 40 -1.806648e-01
8 73 -1.809951e-01
16 49 -1.810609e-01
29 39 -1.811726e-01
41 66 -1.815175e-01
8 70 -1.815294e-01
48 71 -1.815540e-01
50 69 -1.820671e-01
26 73 -1.820694e-01
24 52 -1.822021e-01
4 59 -1.822416e-01
53 82 -1.822947e-01
9 42 -1.824082e-01
13 51 -1.824435e-01
11 66 -1.826044e-01
46 59 -1.826454e-01
8 32 -1.826894e-01
39 82 -1.828722e-01
8 59 -1.831991e-01
20 80 -1.833036e-01
21 39 -1.833220e-01
9 79 -1.837324e-01
15 41 -1.838517e-01
26 79 -1.838623e-01
27 70 -1.838724e-01
42 59 -1.839474e-01
22 83 -1.840113e-01
4 35 -1.841022e-01
8 77 -1.842394e-01
20 34 -1.842469e-01
13 46 -1.842774e-01
18 80 -1.848132e-01
14 43 -1.850761e-01
4 70 -1.853604e-01
11 81 -1.854704e-01
31 78 -1.857280e-01
4 38 -1.858186e-01
33 73 -1.858827e-01
27 74 -1.858879e-01
2 81 -1.860195e-01
33 69 -1.860855e-01
51 61 -1.863665e-01
28 61 -1.864977e-01
15 59 -1.866482e-01
4 48 -1.868887e-01
28 80 -1.869249e-01
22 78 -1.870207e-01
54 81 -1.872365e-01
39 73 -1.872587e-01
52 83 -1.873884e-01
24 81 -1.879815e-01
24 71 -1.879866e-01
11 54 -1.879969e-01
9 54 -1.883017e-01
40 80 -1.884487e-01
33 52 -1.884908e-01
58 81 -1.886798e-01
23 57 -1.887632e-01
38 67 -1.887755e-01
9 75 -1.890021e-01
15 66 -1.891780e-01
4 42 -1.895234e-01
13 73 -1.895323e-01
54 80 -1.896677e-01
52 79 -1.903935e-01
10 80 -1.904848e-01
8 72 -1.904964e-01
57 81 -1.905621e-01
45 80 -1.906919e-01
28 71 -1.909157e-01
11 61 -1.909552e-01
31 81 -1.909951e-01
10 34 -1.912011e-01
13 70 -1.912395e-01
23 73 -1.912758e-01
19 38 -1.914131e-01
55 80 -1.914426e-01
45 59 -1.914602e-01
52 72 -1.914711e-01
35 59 -1.915167e-01
32 73 -1.915640e-01
52 68 -1.918503e-01
31 67 -1.919018e-01
39 53 -1.920283e-01
44 80 -1.920380e-01
38 59 -1.923467e-01
18 43 -1.924019e-01
11 56 -1.924380e-01
3 61 -1.924527e-01
10 67 -1.926303e-01
7 80 -1.926854e-01
9 76 -1.930787e-01
22 42 -1.930880e-01
22 72 -1.931140e-01
7 58 -1.933627e-01
4 75 -1.937369e-01
26 40 -1.941340e-01
3 71 -1.941655e-01
11 52 -1.942130e-01
3 80 -1.942202e-01
7 52 -1.944489e-01
56 68 -1.945107e-01
27 69 -1.946153e-01
22 76 -1.946349e-01
48 61 -1.946928e-01
24 69 -1.946941e-01
3 56 -1.947550e-01
33 57 -1.949306e-01
3 9 -1.949982e-01
4 44 -1.950122e-01
16 56 -1.951133e-01
13 57 -1.952417e-01
56 69 -1.953867e-01
4 72 -1.955131e-01
19 33 -1.958354e-01
18 67 -1.961104e-01
11 45 -1.962897e-01
31 60 -1.963374e-01
7 67 -1.963800e-01
17 61 -1.964947e-01
17 52 -1.972549e-01
9 59 -1.976855e-01
9 72 -1.977571e-01
9 68 -1.978179e-01
34 81 -1.980505e-01
12 59 -1.981823e-01
8 54 -1.982109e-01
38 83 -1.982165e-01
25 38 -1.985135e-01
22 54 -1.988047e-01
44 61 -1.988073e-01
20 61 -1.993918e-01
23 77 -1.998356e-01
10 39 -2.000019e-01
11 62 -2.001016e-01
26 72 -2.003439e-01
52 69 -2.011958e-01
41 74 -2.012322e-01
26 74 -2.013829e-01
13 66 -2.016772e-01
4 78 -2.017584e-01
10 57 -2.020134e-01
8 41 -2.020215e-01
22 44 -2.021996e-01
16 41 -2.027461e-01
7 56 -2.029265e-01
4 60 -2.033686e-01
41 62 -2.035645e-01
7 41 -2.035867e-01
18 71 -2.036277e-01
42 67 -2.038171e-01
23 85 -2.041320e-01
43 78 -2.043479e-01
23 59 -2.047321e-01
56 78 -2.056113e-01
11 50 -2.060511e-01
14 39 -2.061295e-01
62 67 -2.063124e-01
46 67 -2.064357e-01
17 39 -2.064933e-01
34 53 -2.072167e-01
21 61 -2.073289e-01
12 61 -2.074888e-01
35 56 -2.075888e-01
46 69 -2.078826e-01
47 80 -2.078863e-01
8 57 -2.079148e-01
39 78 -2.080131e-01
21 71 -2.083239e-01
9 47 -2.086169e-01
20 56 -2.086723e-01
11 39 -2.087397e-01
22 40 -2.089439e-01
22 75 -2.091167e-01
23 52 -2.097424e-01
33 71 -2.104919e-01
50 71 -2.105581e-01
43 60 -2.109817e-01
9 81 -2.110538e-01
52 78 -2.120947e-01
9 74 -2.126519e-01
25 61 -2.128061e-01
22 68 -2.130462e-01
41 67 -2.132356e-01
43 81 -2.133358e-01
38 80 -2.137186e-01
19 53 -2.143131e-01
33 61 -2.143273e-01
39 76 -2.143325e-01
47 67 -2.144719e-01
31 71 -2.146169e-01
35 71 -2.148021e-01
16 61 -2.152117e-01
22 51 -2.154676e-01
17 80 -2.161374e-01
38 69 -2.161896e-01
25 67 -2.163792e-01
7 43 -2.172236e-01
44 67 -2.177048e-01
41 59 -2.178712e-01
46 71 -2.182151e-01
26 33 -2.183212e-01
18 52 -2.186200e-01
34 75 -2.186949e-01
48 67 -2.190281e-01
53 59 -2.192172e-01
4 47 -2.194340e-01
33 56 -2.197041e-01
24 80 -2.201185e-01
4 74 -2.201822e-01
34 59 -2.207484e-01
50 80 -2.211182e-01
46 80 -2.211418e-01
56 81 -2.214349e-01
22 74 -2.215075e-01
26 69 -2.217442e-01
27 60 -2.218773e-01
22 81 -2.220576e-01
16 39 -2.221264e-01
9 48 -2.222735e-01
43 74 -2.224954e-01
8 69 -2.226974e-01
13 58 -2.227167e-01
21 67 -2.229297e-01
34 78 -2.230915e-01
11 34 -2.233575e-01
26 78 -2.236353e-01
26 38 -2.240273e-01
52 81 -2.241636e-01
32 69 -2.243057e-01
39 81 -2.245010e-01
16 80 -2.245793e-01
3 67 -2.246089e-01
2 53 -2.247465e-01
53 80 -2.248842e-01
3 34 -2.249034e-01
43 66 -2.251660e-01
34 71 -2.252379e-01
34 76 -2.252516e-01
26 60 -2.252770e-01
27 80 -2.253980e-01
22 59 -2.255038e-01
23 34 -2.256717e-01
18 39 -2.257547e-01
23 49 -2.259121e-01
9 46 -2.259123e-01
4 33 -2.259130e-01
15 61 -2.264741e-01
4 69 -2.265400e-01
8 34 -2.268008e-01
47 71 -2.269235e-01
45 71 -2.269742e-01
23 71 -2.271969e-01
7 34 -2.272176e-01
40 61 -2.279226e-01
39 70 -2.283422e-01
13 38 -2.292029e-01
7 39 -2.300929e-01
52 70 -2.303855e-01
39 75 -2.305817e-01
21 80 -2.306446e-01
50 67 -2.309646e-01
20 57 -2.310397e-01
23 80 -2.312653e-01
13 81 -2.313142e-01
39 68 -2.317481e-01
22 35 -2.322360e-01
13 59 -2.323964e-01
15 71 -2.329948e-01
22 47 -2.331530e-01
26 71 -2.337887e-01
9 35 -2.340041e-01
10 61 -2.348944e-01
17 67 -2.351712e-01
39 59 -2.356498e-01
8 71 -2.356710e-01
52 75 -2.356778e-01
12 52 -2.357678e-01
56 62 -2.358188e-01
20 43 -2.364746e-01
12 67 -2.373853e-01
8 56 -2.377246e-01
11 67 -2.378833e-01
9 66 -2.379072e-01
34 69 -2.384519e-01
34 68 -2.385192e-01
32 71 -2.388077e-01
12 34 -2.391404e-01
15 39 -2.395790e-01
53 61 -2.396327e-01
20 59 -2.398507e-01
9 40 -2.402175e-01
11 38 -2.419468e-01
8 39 -2.432907e-01
23 43 -2.438635e-01
39 62 -2.438753e-01
3 39 -2.439570e-01
22 69 -2.452882e-01
4 81 -2.453903e-01
20 67 -2.455500e-01
52 60 -2.455790e-01
42 61 -2.458466e-01
35 80 -2.461979e-01
16 43 -2.463187e-01
4 53 -2.468259e-01
26 68 -2.468646e-01
35 61 -2.469549e-01
9 70 -2.471065e-01
38 71 -2.473008e-01
22 70 -2.478573e-01
56 66 -2.485070e-01
52 76 -2.491961e-01
11 80 -2.514480e-01
23 61 -2.530033e-01
52 74 -2.531625e-01
22 62 -2.534217e-01
13 60 -2.535239e-01
22 33 -2.558864e-01
13 35 -2.560971e-01
12 80 -2.561218e-01
22 38 -2.562929e-01
22 60 -2.567777e-01
26 53 -2.569054e-01
3 52 -2.577093e-01
4 62 -2.577774e-01
26 81 -2.580555e-01
23 67 -2.584078e-01
34 74 -2.597053e-01
4 66 -2.617524e-01
33 67 -2.632315e-01
20 71 -2.636581e-01
43 59 -2.641543e-01
23 56 -2.651074e-01
39 74 -2.653516e-01
13 62 -2.661531e-01
52 62 -2.665569e-01
41 61 -2.676002e-01
16 52 -2.689360e-01
7 61 -2.698505e-01
39 69 -2.698979e-01
13 50 -2.703531e-01
35 67 -2.706921e-01
8 67 -2.721835e-01
34 66 -2.728554e-01
33 80 -2.729054e-01
34 70 -2.737957e-01
26 62 -2.746113e-01
8 52 -2.765069e-01
53 71 -2.786236e-01
9 33 -2.821986e-01
24 67 -2.830418e-01
8 61 -2.847903e-01
9 60 -2.862572e-01
52 66 -2.906942e-01
8 80 -2.948354e-01
34 60 -2.966242e-01
53 67 -2.972054e-01
26 66 -2.981573e-01
39 60 -2.986622e-01
43 62 -3.056961e-01
22 66 -3.061827e-01
9 62 -3.069103e-01
39 66 -3.138577e-01
