23,53,0.596582
59,61,0.570891
11,13,0.563349
41,43,0.563285
8,38,0.555782
69,71,0.555626
8,66,0.550951
53,81,0.550383
57,58,0.526571
33,60,0.520402
7,62,0.513079
23,81,0.510149
16,46,0.508644
38,66,0.502264
84,85,0.497510
27,28,0.486111
12,42,0.484689
12,70,0.472758
35,62,0.471175
20,50,0.469265
3,33,0.468250
56,57,0.466902
2,4,0.464711
42,70,0.461455
16,74,0.444372
46,74,0.438071
7,35,0.429898
27,29,0.424085
10,40,0.409616
3,60,0.409566
20,78,0.404984
26,27,0.404740
40,68,0.404702
10,68,0.398861
11,41,0.398001
50,78,0.386272
45,47,0.379015
41,69,0.373134
67,80,0.353262
73,75,0.351005
22,26,0.350427
9,22,0.347039
11,69,0.338402
59,60,0.331597
61,67,0.330290
34,39,0.329488
14,44,0.327683
14,72,0.315932
52,56,0.315202
4,9,0.312230
77,80,0.308065
73,76,0.303119
30,31,0.303024
15,18,0.299585
33,42,0.297200
35,53,0.295269
7,8,0.294824
29,31,0.288590
15,17,0.287401
16,20,0.287221
44,72,0.287140
67,71,0.284641
46,50,0.282041
66,68,0.280402
45,48,0.279216
8,10,0.277019
54,57,0.273541
25,55,0.273533
55,83,0.273457
39,52,0.272844
61,62,0.270627
19,22,0.269293
74,78,0.268839
29,30,0.268265
32,59,0.261520
13,43,0.259855
17,47,0.258242
2,32,0.255447
28,31,0.253534
34,52,0.252859
25,83,0.252251
4,22,0.250496
47,75,0.248886
8,23,0.246383
49,52,0.246355
38,40,0.245953
13,71,0.244422
33,40,0.243676
18,21,0.242338
21,79,0.242200
60,70,0.241887
1,2,0.239304
62,81,0.239225
61,64,0.238403
13,41,0.238158
31,32,0.238144
27,31,0.237246
9,13,0.236661
24,29,0.236431
7,23,0.234337
32,34,0.234091
43,71,0.232343
48,51,0.231370
28,29,0.225127
61,63,0.224887
55,56,0.224206
24,31,0.223431
24,82,0.221738
11,43,0.218632
79,82,0.217390
78,81,0.214919
82,83,0.213653
15,73,0.213237
54,58,0.212982
67,69,0.212878
43,69,0.212137
16,17,0.211976
3,12,0.211058
15,45,0.209940
50,53,0.208387
38,39,0.208291
17,75,0.207618
25,26,0.207368
41,71,0.205315
76,79,0.204144
61,80,0.201129
7,37,0.200047
60,68,0.198463
51,79,0.198237
14,18,0.197692
1,4,0.196868
39,43,0.196577
3,10,0.195398
14,15,0.194529
28,44,0.194487
85,86,0.194339
38,53,0.192336
21,24,0.192079
72,73,0.191946
26,28,0.190658
21,51,0.188106
6,58,0.186266
51,54,0.186081
71,80,0.185219
20,23,0.184968
62,66,0.184202
13,69,0.183649
2,59,0.181963
55,57,0.180231
37,38,0.180146
66,81,0.179186
44,48,0.178994
28,30,0.178692
2,3,0.178213
75,76,0.175860
10,11,0.175825
11,71,0.175590
68,69,0.174694
72,76,0.171957
25,44,0.171927
67,77,0.171279
24,27,0.171146
57,59,0.170597
43,52,0.168394
9,11,0.167658
9,26,0.167306
54,82,0.166734
3,4,0.166044
55,72,0.164221
36,38,0.163994
61,71,0.161623
56,58,0.161615
67,68,0.161457
13,22,0.160707
34,43,0.159615
26,31,0.159266
18,76,0.156495
74,75,0.155065
9,19,0.154229
24,28,0.153627
47,48,0.153189
17,18,0.152764
46,47,0.151624
4,6,0.150020
45,73,0.147450
31,42,0.146215
80,82,0.145457
49,56,0.142709
9,10,0.141425
40,41,0.141382
39,49,0.141124
39,56,0.140962
19,26,0.140531
59,63,0.140440
60,61,0.139400
70,71,0.139210
54,59,0.138917
24,54,0.138531
78,82,0.137944
5,6,0.137020
18,48,0.134262
2,16,0.134191
10,12,0.133855
39,41,0.133838
35,38,0.133325
4,26,0.132977
17,21,0.132896
48,76,0.132413
45,51,0.132374
68,70,0.130215
27,57,0.130129
37,62,0.130123
34,56,0.129673
25,27,0.128632
63,64,0.128436
27,30,0.126540
79,80,0.126207
58,59,0.126020
13,19,0.124584
62,64,0.124383
60,63,0.123564
32,46,0.122728
13,15,0.122555
36,66,0.122236
64,65,0.120708
1,12,0.120513
44,45,0.118554
4,13,0.117641
30,32,0.116445
21,45,0.115329
26,29,0.115225
40,42,0.115141
30,44,0.114747
60,62,0.113943
49,77,0.113777
83,85,0.113695
51,73,0.113517
71,72,0.113398
17,20,0.112925
68,71,0.112659
61,65,0.111788
83,84,0.111183
43,49,0.110621
54,56,0.108928
59,64,0.108813
6,8,0.108766
53,66,0.108542
15,16,0.108497
9,34,0.108122
69,83,0.107982
43,56,0.107181
50,54,0.106675
73,74,0.106378
59,74,0.106213
34,49,0.105785
75,79,0.105762
38,58,0.104799
73,79,0.104626
33,35,0.104296
31,34,0.103264
22,24,0.102068
81,83,0.101009
9,39,0.100546
23,38,0.100396
19,77,0.100049
24,32,0.099755
26,30,0.099286
71,73,0.099136
11,25,0.098818
41,55,0.098618
4,19,0.098542
80,81,0.097205
22,39,0.097028
32,33,0.097005
8,36,0.096755
63,66,0.096108
52,54,0.095505
3,7,0.095285
25,29,0.095146
71,77,0.094650
32,39,0.094333
39,80,0.093832
39,58,0.093318
29,32,0.093290
61,77,0.093012
69,70,0.092849
15,21,0.092683
80,85,0.092429
15,19,0.091944
51,52,0.091306
35,66,0.090845
16,18,0.090633
7,38,0.089022
39,40,0.088882
80,83,0.088665
34,36,0.088628
2,9,0.088592
22,34,0.088421
47,51,0.085865
59,67,0.085424
60,64,0.085112
30,34,0.084957
75,82,0.084060
54,73,0.083938
23,35,0.082967
4,39,0.082692
25,30,0.082595
4,34,0.082073
51,75,0.081018
78,80,0.080744
58,72,0.080598
54,72,0.080026
19,20,0.079699
45,49,0.079328
8,35,0.078508
32,52,0.078341
20,24,0.078008
69,80,0.077765
40,53,0.077467
45,46,0.077214
18,19,0.076958
26,34,0.076907
73,77,0.076393
16,78,0.076366
21,22,0.075944
71,74,0.075916
9,52,0.075418
11,12,0.075088
24,26,0.074653
12,33,0.074566
75,78,0.074042
33,38,0.073653
3,8,0.073471
56,59,0.073384
38,63,0.073120
52,67,0.073058
32,49,0.072863
76,77,0.072787
41,56,0.072555
48,49,0.072237
26,32,0.071314
84,86,0.071140
24,25,0.070876
22,23,0.070846
13,26,0.070733
11,26,0.070613
16,50,0.070360
7,66,0.070147
35,36,0.069162
8,53,0.068796
36,37,0.068311
7,12,0.068199
12,13,0.068087
19,49,0.068034
64,67,0.068024
54,55,0.067472
23,66,0.067336
41,42,0.067202
9,67,0.066982
1,13,0.066785
8,81,0.066715
77,83,0.066260
59,62,0.066221
47,50,0.066116
4,52,0.065798
21,47,0.065102
53,55,0.064572
60,66,0.064278
77,78,0.064247
5,8,0.063799
30,48,0.063442
26,39,0.063275
41,52,0.063154
64,66,0.062886
16,19,0.062524
24,44,0.062263
2,26,0.062130
52,80,0.061961
48,73,0.061939
2,22,0.061727
22,67,0.061544
31,44,0.061226
56,61,0.059220
35,40,0.059020
2,19,0.058456
28,32,0.058427
68,81,0.058127
4,5,0.057893
7,30,0.057863
22,52,0.057534
50,81,0.057426
9,80,0.057156
38,81,0.057132
56,67,0.056816
20,22,0.056462
59,77,0.056431
35,37,0.056410
35,42,0.056355
11,22,0.056139
7,42,0.055751
46,49,0.054987
36,53,0.054955
25,28,0.054890
34,61,0.054509
61,69,0.054262
67,85,0.054134
34,80,0.053717
18,47,0.053403
53,78,0.053146
39,67,0.052624
20,46,0.052492
8,62,0.052303
43,55,0.052260
8,33,0.052071
24,45,0.052047
37,53,0.052003
59,71,0.051966
1,3,0.051824
13,25,0.051660
1,59,0.051585
59,65,0.051566
80,84,0.050946
69,72,0.050697
32,56,0.050662
40,43,0.050556
34,41,0.050412
33,70,0.050298
21,25,0.050257
22,80,0.050145
49,50,0.049969
36,63,0.049939
35,70,0.049633
8,37,0.049602
30,42,0.049509
33,66,0.049227
1,14,0.048962
53,56,0.048894
46,53,0.048874
77,81,0.048833
59,80,0.048830
62,70,0.048643
4,85,0.048271
16,23,0.048101
36,40,0.047856
52,53,0.047579
22,27,0.047361
4,80,0.046878
76,78,0.046756
50,51,0.046474
50,52,0.046182
76,83,0.046045
63,65,0.045868
74,76,0.045815
70,74,0.045339
27,39,0.045294
20,74,0.045147
39,85,0.044911
23,78,0.044856
77,85,0.044805
49,55,0.044644
1,57,0.044599
2,6,0.044502
74,77,0.044476
78,79,0.044339
77,79,0.044282
3,70,0.044217
25,31,0.044108
7,53,0.044021
38,62,0.043987
52,55,0.043867
42,43,0.043856
70,72,0.043842
17,19,0.043819
25,45,0.043793
65,71,0.043577
30,62,0.043416
20,21,0.043334
12,15,0.043222
56,80,0.043052
31,45,0.043027
2,13,0.042987
42,60,0.042701
67,84,0.042634
12,60,0.042560
28,58,0.042061
53,62,0.041075
75,80,0.040995
18,45,0.040924
37,39,0.040857
27,32,0.040229
6,36,0.040198
52,85,0.040185
19,85,0.040092
76,82,0.039962
10,13,0.039924
14,16,0.039690
6,37,0.039612
82,84,0.039018
1,15,0.038665
46,51,0.038643
30,57,0.038637
74,81,0.038633
12,62,0.038449
5,35,0.038387
10,23,0.038364
34,67,0.038220
72,74,0.038218
63,71,0.038011
12,35,0.037629
40,66,0.037353
39,54,0.037063
22,25,0.037060
42,62,0.037036
1,17,0.036968
33,46,0.036941
23,33,0.036808
12,14,0.036723
70,73,0.036543
5,23,0.036525
62,63,0.036280
8,40,0.036254
67,82,0.036227
44,51,0.036131
69,76,0.036122
48,55,0.035986
30,35,0.035961
6,38,0.035678
58,84,0.035643
76,80,0.035548
38,64,0.034967
14,20,0.034862
50,74,0.034759
7,60,0.034569
1,31,0.034568
43,45,0.034532
32,43,0.034531
13,14,0.034418
51,55,0.034352
30,45,0.034260
75,77,0.034198
27,44,0.034172
47,79,0.034056
55,73,0.033872
26,56,0.033634
57,83,0.033261
4,67,0.033247
61,70,0.033236
29,45,0.033158
81,82,0.033025
1,29,0.032975
37,64,0.032944
7,81,0.032845
70,77,0.032669
58,70,0.031903
15,20,0.031880
17,36,0.031663
33,62,0.031394
18,25,0.031354
66,67,0.031321
51,76,0.031204
20,53,0.031193
17,51,0.030885
46,78,0.030531
20,81,0.030440
55,58,0.030438
6,9,0.030430
67,79,0.030400
35,81,0.030345
36,64,0.030257
10,38,0.030231
68,80,0.029835
3,35,0.029748
6,64,0.029699
63,68,0.029671
8,63,0.029606
54,74,0.029553
62,65,0.029365
29,44,0.029246
1,9,0.029229
5,58,0.029187
58,71,0.029093
49,53,0.028952
61,85,0.028945
9,12,0.028557
68,76,0.028518
65,70,0.028506
3,42,0.028450
23,26,0.028445
40,48,0.028295
46,48,0.028279
47,78,0.028059
57,61,0.027970
37,66,0.027946
70,78,0.027874
26,49,0.027834
18,24,0.027602
1,36,0.027379
74,86,0.027251
14,21,0.027041
6,7,0.026901
21,48,0.026776
68,82,0.026759
48,72,0.026320
85,87,0.026221
57,70,0.026215
67,78,0.025996
33,37,0.025921
74,79,0.025713
39,42,0.025672
23,25,0.025598
48,79,0.025545
6,63,0.025511
59,75,0.025448
2,12,0.025206
4,84,0.025139
6,59,0.025111
58,67,0.025074
27,58,0.025042
64,70,0.024964
45,76,0.024954
1,19,0.024809
35,49,0.024778
14,17,0.024538
14,19,0.024478
17,29,0.024469
64,71,0.024350
8,68,0.024256
1,86,0.024248
69,84,0.023894
8,20,0.023504
71,76,0.023411
1,84,0.023409
45,50,0.023334
49,51,0.023253
20,51,0.023201
57,72,0.023129
86,87,0.023108
68,74,0.023092
21,27,0.023084
9,85,0.023055
14,28,0.022946
69,79,0.022927
5,85,0.022923
6,71,0.022856
75,81,0.022810
17,79,0.022613
7,10,0.022608
60,65,0.022500
5,38,0.022404
19,23,0.022397
9,20,0.022361
2,24,0.022208
38,60,0.022162
40,46,0.022131
9,15,0.021898
2,33,0.021737
19,39,0.021636
11,14,0.021577
52,61,0.021555
17,48,0.021485
80,87,0.021465
72,83,0.021459
19,27,0.021356
1,27,0.021349
12,20,0.021318
28,54,0.021310
22,28,0.021277
1,24,0.021193
23,40,0.021160
49,80,0.021157
30,49,0.021137
1,85,0.021064
61,84,0.021033
12,19,0.020821
78,83,0.020755
63,70,0.020728
56,85,0.020714
69,81,0.020709
44,76,0.020684
61,82,0.020654
10,22,0.020644
44,46,0.020581
5,37,0.020554
64,69,0.020492
30,33,0.020333
79,83,0.020161
40,52,0.020120
67,73,0.020065
47,53,0.020033
29,42,0.020028
42,50,0.020012
17,24,0.019852
71,75,0.019683
77,82,0.019664
9,87,0.019596
11,19,0.019528
44,55,0.019456
5,19,0.019429
7,33,0.019341
2,15,0.019313
12,21,0.019053
48,50,0.018930
39,87,0.018912
34,40,0.018898
38,68,0.018865
82,85,0.018784
75,83,0.018767
57,76,0.018757
3,23,0.018670
58,75,0.018654
67,70,0.018596
67,87,0.018562
52,87,0.018324
33,44,0.018292
3,16,0.018266
1,6,0.018259
65,72,0.018079
62,68,0.018027
33,53,0.018014
23,50,0.017987
34,87,0.017977
29,57,0.017890
4,87,0.017705
5,62,0.017688
43,85,0.017634
54,75,0.017632
15,48,0.017631
3,66,0.017613
7,9,0.017493
28,45,0.017488
73,78,0.017320
41,57,0.017260
67,72,0.016998
71,83,0.016879
2,14,0.016806
73,84,0.016776
2,77,0.016574
6,57,0.016475
22,87,0.016432
18,74,0.016316
25,48,0.016303
31,47,0.016058
19,63,0.016044
1,5,0.015974
64,72,0.015881
3,38,0.015717
19,25,0.015708
10,18,0.015585
5,86,0.015464
2,17,0.015449
28,57,0.015390
6,13,0.015348
72,80,0.015256
12,18,0.015241
26,52,0.015115
31,33,0.015094
72,78,0.015049
14,25,0.014978
55,76,0.014974
4,77,0.014965
15,22,0.014831
34,35,0.014780
32,45,0.014654
35,60,0.014587
44,50,0.014561
74,80,0.014441
55,79,0.014334
45,52,0.014306
59,70,0.014295
77,87,0.014138
15,44,0.014088
9,14,0.014045
4,11,0.013964
30,55,0.013918
73,80,0.013891
54,84,0.013854
13,18,0.013819
65,69,0.013744
10,15,0.013720
31,56,0.013616
61,83,0.013562
47,76,0.013550
63,72,0.013527
7,16,0.013506
21,73,0.013503
20,47,0.013462
54,76,0.013408
19,29,0.013205
11,18,0.013151
42,44,0.012866
80,86,0.012830
82,86,0.012790
58,86,0.012789
31,39,0.012705
1,16,0.012650
72,75,0.012598
15,76,0.012566
44,47,0.012493
19,87,0.012448
5,63,0.012308
61,68,0.012263
49,87,0.012209
49,85,0.012165
33,34,0.012098
72,79,0.012086
5,7,0.012047
36,48,0.012008
1,18,0.012001
66,71,0.012000
70,81,0.011971
19,28,0.011863
23,27,0.011726
31,48,0.011694
66,69,0.011677
68,72,0.011667
15,72,0.011639
39,77,0.011563
67,74,0.011542
70,83,0.011467
78,86,0.011463
68,77,0.011439
31,58,0.011431
30,37,0.011386
74,85,0.011322
58,64,0.011287
17,25,0.011283
1,28,0.011270
43,87,0.011259
15,86,0.011150
16,22,0.011067
74,82,0.011053
5,84,0.011046
6,22,0.011038
1,25,0.011007
31,57,0.011005
5,22,0.010969
35,46,0.010919
68,73,0.010784
11,68,0.010781
58,82,0.010774
66,78,0.010701
14,48,0.010644
1,26,0.010612
46,81,0.010587
59,83,0.010518
7,20,0.010486
77,86,0.010483
23,60,0.010461
47,54,0.010436
47,49,0.010327
21,42,0.010309
3,14,0.010305
10,66,0.010282
48,52,0.010199
24,46,0.010135
9,49,0.010001
57,82,0.009959
83,86,0.009948
66,70,0.009940
68,83,0.009856
22,32,0.009832
4,43,0.009828
29,34,0.009752
18,51,0.009734
42,45,0.009700
5,36,0.009596
72,77,0.009586
39,51,0.009570
10,16,0.009539
44,78,0.009535
2,5,0.009489
65,80,0.009433
73,86,0.009420
2,85,0.009378
65,74,0.009350
19,31,0.009334
56,87,0.009286
61,87,0.009273
9,21,0.009269
58,61,0.009208
21,29,0.009194
41,68,0.009162
23,62,0.009087
18,20,0.009075
15,37,0.008954
29,48,0.008924
62,77,0.008872
15,85,0.008862
51,72,0.008860
57,86,0.008838
58,63,0.008777
12,23,0.008700
34,46,0.008673
17,23,0.008656
21,23,0.008630
42,49,0.008590
35,50,0.008544
48,75,0.008467
5,15,0.008416
26,87,0.008379
5,9,0.008361
37,84,0.008354
49,67,0.008329
29,86,0.008326
34,57,0.008056
19,61,0.008052
77,84,0.008027
14,60,0.007980
63,84,0.007951
7,70,0.007940
47,84,0.007781
4,86,0.007589
11,17,0.007585
14,55,0.007507
64,84,0.007480
70,76,0.007374
63,67,0.007342
4,49,0.007312
51,56,0.007295
29,82,0.007224
36,39,0.007082
15,79,0.007037
22,49,0.007009
84,87,0.007006
8,12,0.006995
67,75,0.006950
21,75,0.006946
62,83,0.006926
64,80,0.006896
49,57,0.006883
43,48,0.006844
29,46,0.006743
41,48,0.006719
50,79,0.006710
20,25,0.006707
14,33,0.006685
34,45,0.006672
5,12,0.006645
28,48,0.006626
22,61,0.006618
60,82,0.006558
6,26,0.006546
66,75,0.006510
18,22,0.006492
4,31,0.006485
63,86,0.006404
64,86,0.006389
31,87,0.006321
46,54,0.006283
5,64,0.006156
58,69,0.006143
4,10,0.006111
16,21,0.006069
83,87,0.006044
53,57,0.006039
11,27,0.006033
17,50,0.005905
55,82,0.005851
34,84,0.005823
71,87,0.005806
8,19,0.005775
13,16,0.005732
33,68,0.005672
12,16,0.005621
13,21,0.005615
52,86,0.005598
21,28,0.005451
65,77,0.005436
6,66,0.005425
31,49,0.005393
37,63,0.005129
18,29,0.005106
13,87,0.004963
36,61,0.004845
74,84,0.004813
79,84,0.004804
53,68,0.004802
51,57,0.004757
39,86,0.004746
14,73,0.004738
10,81,0.004710
65,87,0.004702
47,52,0.004686
4,61,0.004682
14,45,0.004650
31,43,0.004637
14,24,0.004592
14,50,0.004585
6,15,0.004572
76,87,0.004483
17,27,0.004456
47,55,0.004443
6,84,0.004436
65,67,0.004395
19,86,0.004303
5,39,0.004299
59,76,0.004273
25,51,0.004229
6,30,0.004170
3,6,0.004147
46,52,0.004134
2,87,0.004056
21,44,0.004051
22,86,0.004043
9,16,0.004000
33,78,0.003943
35,41,0.003942
29,47,0.003935
30,84,0.003931
65,85,0.003837
10,14,0.003797
5,87,0.003774
34,85,0.003744
5,18,0.003708
34,86,0.003686
6,83,0.003678
59,86,0.003626
22,56,0.003623
66,77,0.003594
40,81,0.003566
18,30,0.003526
67,86,0.003491
25,37,0.003435
15,75,0.003426
4,56,0.003384
63,83,0.003379
28,42,0.003353
76,86,0.003274
14,75,0.003240
50,75,0.003130
10,25,0.003117
46,79,0.003050
2,54,0.002967
6,19,0.002960
73,81,0.002941
68,84,0.002909
2,8,0.002885
82,87,0.002884
49,58,0.002878
6,86,0.002869
36,49,0.002781
34,54,0.002750
58,87,0.002712
37,48,0.002708
54,86,0.002634
9,65,0.002626
36,47,0.002593
61,86,0.002591
9,86,0.002574
76,85,0.002571
23,24,0.002517
60,69,0.002473
37,49,0.002433
49,64,0.002394
70,79,0.002372
15,28,0.002330
66,74,0.002295
15,74,0.002272
29,51,0.002246
1,87,0.002236
10,24,0.002229
20,26,0.002127
33,41,0.002100
41,47,0.002043
17,74,0.002020
32,40,0.002003
28,87,0.001956
8,9,0.001931
40,54,0.001923
58,79,0.001904
21,76,0.001887
52,65,0.001886
2,18,0.001870
5,21,0.001832
29,56,0.001808
3,50,0.001790
27,38,0.001787
69,74,0.001751
79,81,0.001716
18,46,0.001665
65,84,0.001637
32,48,0.001627
17,30,0.001623
2,27,0.001604
5,65,0.001548
39,65,0.001484
24,47,0.001455
17,76,0.001455
35,55,0.001440
24,86,0.001432
3,76,0.001395
54,78,0.001375
54,70,0.001352
11,21,0.001314
27,86,0.001304
81,84,0.001293
52,57,0.001281
36,86,0.001215
57,64,0.001181
76,81,0.001153
29,76,0.001146
64,74,0.001121
48,82,0.001026
30,36,0.000994
40,60,0.000935
56,86,0.000904
14,82,0.000844
34,65,0.000806
4,65,0.000787
9,56,0.000782
30,56,0.000771
63,87,0.000655
23,36,0.000622
27,87,0.000574
63,82,0.000567
32,57,0.000553
4,12,0.000521
36,85,0.000488
6,25,0.000466
20,33,0.000422
1,22,0.000396
59,73,0.000345
34,37,0.000339
52,58,0.000329
24,30,0.000320
6,65,0.000312
51,86,0.000275
48,74,0.000245
1,51,0.000242
19,64,0.000231
6,87,0.000191
5,70,0.000191
36,84,0.000167
19,34,0.000161
63,73,0.000130
17,78,0.000126
40,49,0.000115
65,86,0.000104
5,52,0.000051
10,41,0.000021
17,28,-0.000008
35,47,-0.000082
64,87,-0.000143
18,85,-0.000193
19,65,-0.000223
26,80,-0.000265
49,86,-0.000274
35,48,-0.000275
4,37,-0.000285
34,51,-0.000289
54,87,-0.000380
41,53,-0.000425
30,41,-0.000511
33,36,-0.000535
1,30,-0.000544
18,75,-0.000555
58,85,-0.000557
19,30,-0.000576
68,87,-0.000602
32,87,-0.000609
29,87,-0.000657
9,84,-0.000682
14,22,-0.000702
7,36,-0.000708
37,86,-0.000733
30,43,-0.000735
63,79,-0.000735
9,43,-0.000736
75,86,-0.000752
36,75,-0.000789
44,73,-0.000804
58,73,-0.000809
37,87,-0.000830
58,74,-0.000867
56,77,-0.000886
19,21,-0.000898
26,86,-0.000919
12,25,-0.001018
10,17,-0.001035
73,85,-0.001062
42,55,-0.001071
41,87,-0.001094
16,44,-0.001175
10,86,-0.001198
7,64,-0.001199
62,78,-0.001224
17,63,-0.001228
28,55,-0.001232
10,30,-0.001238
5,83,-0.001243
52,77,-0.001265
21,72,-0.001269
16,24,-0.001269
6,18,-0.001277
40,56,-0.001307
20,35,-0.001391
74,83,-0.001427
2,82,-0.001429
10,33,-0.001439
42,46,-0.001439
42,51,-0.001456
16,25,-0.001473
29,84,-0.001478
22,65,-0.001583
10,69,-0.001604
5,66,-0.001616
48,54,-0.001625
63,76,-0.001626
1,21,-0.001630
14,78,-0.001634
35,65,-0.001667
34,44,-0.001695
9,24,-0.001769
11,40,-0.001806
37,56,-0.001824
3,11,-0.001829
40,83,-0.001845
65,82,-0.001852
52,84,-0.001860
21,87,-0.001862
79,87,-0.001870
10,60,-0.001947
43,53,-0.001955
9,61,-0.001956
3,32,-0.001961
42,53,-0.001992
56,65,-0.001996
18,73,-0.002001
36,77,-0.002003
10,87,-0.002025
36,87,-0.002043
7,14,-0.002063
8,14,-0.002106
58,60,-0.002121
15,47,-0.002123
27,45,-0.002160
75,87,-0.002176
37,79,-0.002190
67,76,-0.002203
5,75,-0.002205
19,52,-0.002227
5,51,-0.002237
58,76,-0.002244
7,11,-0.002275
43,65,-0.002285
5,77,-0.002332
1,49,-0.002499
49,65,-0.002506
5,34,-0.002528
33,59,-0.002546
28,47,-0.002598
5,26,-0.002600
21,36,-0.002667
8,64,-0.002669
35,64,-0.002704
11,24,-0.002710
41,44,-0.002724
19,56,-0.002742
11,86,-0.002765
11,87,-0.002765
18,63,-0.002778
58,77,-0.002816
18,37,-0.002818
30,87,-0.002834
1,56,-0.002846
44,79,-0.002879
1,65,-0.002893
2,7,-0.002911
1,37,-0.002912
12,17,-0.002952
14,79,-0.002973
63,69,-0.003013
69,86,-0.003052
47,66,-0.003081
2,11,-0.003132
60,74,-0.003136
69,73,-0.003176
9,77,-0.003233
21,26,-0.003244
36,81,-0.003261
53,74,-0.003331
32,54,-0.003400
37,68,-0.003411
57,67,-0.003427
1,77,-0.003443
6,85,-0.003453
5,25,-0.003565
1,54,-0.003576
30,65,-0.003621
39,64,-0.003643
55,59,-0.003650
65,79,-0.003705
28,79,-0.003770
72,82,-0.003772
2,86,-0.003773
18,44,-0.003774
65,68,-0.003837
31,46,-0.003902
50,55,-0.003906
43,86,-0.003987
34,64,-0.003991
14,31,-0.004048
18,86,-0.004097
7,65,-0.004104
33,81,-0.004111
13,65,-0.004113
43,80,-0.004116
22,84,-0.004123
16,86,-0.004141
19,32,-0.004148
59,72,-0.004169
6,60,-0.004170
37,52,-0.004222
37,44,-0.004222
14,30,-0.004229
56,82,-0.004276
22,31,-0.004283
3,62,-0.004303
6,67,-0.004309
70,75,-0.004320
20,29,-0.004321
14,76,-0.004333
20,27,-0.004341
3,87,-0.004362
36,58,-0.004367
58,65,-0.004374
51,58,-0.004381
63,85,-0.004405
64,77,-0.004446
44,49,-0.004468
5,79,-0.004483
52,64,-0.004503
51,87,-0.004527
45,79,-0.004551
6,82,-0.004552
47,72,-0.004593
19,84,-0.004624
69,87,-0.004693
47,87,-0.004727
50,73,-0.004729
6,10,-0.004753
47,86,-0.004783
3,36,-0.004784
39,84,-0.004784
48,87,-0.004799
40,45,-0.004805
62,74,-0.004818
17,57,-0.004847
25,41,-0.004852
3,54,-0.004905
79,86,-0.004916
10,42,-0.004956
41,70,-0.004969
2,23,-0.004990
5,30,-0.004997
73,83,-0.004998
66,82,-0.005034
18,27,-0.005101
76,84,-0.005101
3,5,-0.005144
5,71,-0.005219
49,71,-0.005294
1,58,-0.005314
58,83,-0.005383
36,65,-0.005390
9,18,-0.005476
69,77,-0.005552
72,87,-0.005586
6,21,-0.005612
19,36,-0.005657
1,82,-0.005673
3,53,-0.005736
17,22,-0.005744
60,72,-0.005750
42,87,-0.005752
10,26,-0.005784
32,82,-0.005788
5,49,-0.005795
37,40,-0.005811
8,24,-0.005827
62,82,-0.005861
24,58,-0.005882
40,87,-0.005886
15,87,-0.005934
73,87,-0.005957
25,32,-0.005981
19,37,-0.005997
20,44,-0.006024
36,56,-0.006024
64,83,-0.006030
9,32,-0.006034
36,42,-0.006090
27,85,-0.006123
1,42,-0.006166
69,75,-0.006171
16,33,-0.006211
16,76,-0.006232
6,49,-0.006246
24,87,-0.006276
65,83,-0.006280
13,86,-0.006292
47,73,-0.006295
40,69,-0.006315
55,86,-0.006336
32,65,-0.006351
36,44,-0.006361
5,14,-0.006363
11,70,-0.006399
71,86,-0.006479
59,87,-0.006490
24,57,-0.006524
32,36,-0.006551
37,65,-0.006586
63,81,-0.006586
26,43,-0.006594
41,85,-0.006594
44,87,-0.006611
68,78,-0.006613
32,35,-0.006617
3,46,-0.006619
79,85,-0.006651
2,80,-0.006653
17,73,-0.006667
65,75,-0.006696
43,44,-0.006707
21,78,-0.006717
5,17,-0.006788
8,82,-0.006817
39,57,-0.006844
48,65,-0.006845
61,72,-0.006862
19,67,-0.006896
70,82,-0.006917
61,79,-0.006999
20,62,-0.007006
10,53,-0.007023
48,86,-0.007024
55,87,-0.007031
40,47,-0.007033
65,66,-0.007104
5,45,-0.007165
5,13,-0.007179
47,65,-0.007181
17,87,-0.007200
21,84,-0.007233
14,87,-0.007252
1,63,-0.007256
28,65,-0.007269
17,64,-0.007324
37,58,-0.007329
2,65,-0.007347
18,87,-0.007351
28,84,-0.007438
25,87,-0.007443
68,86,-0.007446
65,81,-0.007463
55,77,-0.007499
51,65,-0.007505
14,37,-0.007508
62,79,-0.007525
46,87,-0.007538
45,87,-0.007612
30,86,-0.007627
71,84,-0.007647
12,87,-0.007654
37,54,-0.007694
16,51,-0.007721
16,87,-0.007730
6,39,-0.007795
31,86,-0.007803
9,28,-0.007816
78,85,-0.007830
18,31,-0.007877
6,27,-0.007921
65,73,-0.007925
10,65,-0.007959
1,48,-0.008001
50,86,-0.008050
48,84,-0.008063
16,72,-0.008077
37,81,-0.008099
65,76,-0.008113
17,45,-0.008129
3,75,-0.008131
62,69,-0.008133
26,65,-0.008209
12,37,-0.008227
34,42,-0.008271
17,86,-0.008295
58,80,-0.008324
64,85,-0.008375
5,33,-0.008376
37,41,-0.008387
2,28,-0.008415
5,54,-0.008494
11,23,-0.008516
22,77,-0.008566
37,85,-0.008609
57,87,-0.008650
48,63,-0.008738
7,87,-0.008742
70,87,-0.008767
60,67,-0.008775
4,64,-0.008811
49,84,-0.008832
5,82,-0.008839
29,36,-0.008844
50,84,-0.008859
28,46,-0.008876
51,84,-0.008878
81,85,-0.008892
5,28,-0.008893
61,81,-0.008902
47,57,-0.008935
26,84,-0.008966
15,36,-0.009031
63,74,-0.009035
18,65,-0.009036
7,79,-0.009042
69,82,-0.009045
17,84,-0.009083
6,45,-0.009085
78,87,-0.009090
1,47,-0.009096
44,65,-0.009103
22,29,-0.009104
24,51,-0.009110
50,87,-0.009152
17,26,-0.009154
18,49,-0.009158
35,78,-0.009161
17,42,-0.009180
57,84,-0.009201
81,86,-0.009209
25,58,-0.009222
14,23,-0.009234
46,76,-0.009234
1,20,-0.009297
6,54,-0.009305
81,87,-0.009353
15,84,-0.009394
29,65,-0.009459
34,77,-0.009470
52,71,-0.009474
41,65,-0.009483
12,65,-0.009487
6,47,-0.009500
20,83,-0.009511
57,62,-0.009567
24,34,-0.009618
74,87,-0.009647
14,83,-0.009655
49,61,-0.009664
55,71,-0.009724
10,63,-0.009728
37,80,-0.009741
17,65,-0.009745
54,64,-0.009780
70,86,-0.009827
20,75,-0.009843
58,62,-0.009855
15,27,-0.009860
37,50,-0.009869
20,87,-0.009886
14,51,-0.009912
64,68,-0.009917
59,69,-0.009920
16,47,-0.009926
22,37,-0.009931
55,65,-0.009937
50,56,-0.009969
41,49,-0.009975
5,47,-0.010007
14,65,-0.010027
37,74,-0.010071
21,65,-0.010075
32,86,-0.010122
54,65,-0.010137
24,50,-0.010138
10,70,-0.010142
31,65,-0.010155
8,42,-0.010217
5,80,-0.010226
16,75,-0.010229
21,58,-0.010235
59,85,-0.010239
38,47,-0.010268
42,79,-0.010371
39,45,-0.010382
43,47,-0.010418
5,61,-0.010446
20,30,-0.010507
15,24,-0.010525
15,51,-0.010550
67,83,-0.010586
66,79,-0.010598
17,46,-0.010603
2,58,-0.010614
37,51,-0.010672
5,59,-0.010682
5,29,-0.010688
23,68,-0.010689
63,80,-0.010753
21,83,-0.010787
36,51,-0.010793
5,67,-0.010812
36,69,-0.010814
34,50,-0.010912
36,74,-0.010933
1,83,-0.010947
25,65,-0.010986
5,72,-0.011005
28,34,-0.011005
45,75,-0.011029
11,30,-0.011030
36,55,-0.011084
43,50,-0.011100
19,83,-0.011105
36,41,-0.011153
51,64,-0.011231
6,34,-0.011251
32,60,-0.011266
15,54,-0.011284
22,43,-0.011285
8,60,-0.011298
42,82,-0.011304
5,73,-0.011306
47,63,-0.011309
5,76,-0.011314
57,65,-0.011366
63,75,-0.011389
53,87,-0.011392
44,53,-0.011454
19,79,-0.011475
51,74,-0.011480
72,86,-0.011538
16,83,-0.011562
11,83,-0.011622
33,82,-0.011636
5,20,-0.011643
6,32,-0.011644
5,56,-0.011648
8,50,-0.011677
8,11,-0.011696
2,49,-0.011719
46,82,-0.011724
66,84,-0.011729
21,32,-0.011738
6,75,-0.011786
45,74,-0.011812
24,65,-0.011821
44,86,-0.011847
30,76,-0.011931
5,16,-0.011932
30,83,-0.011948
35,87,-0.011961
57,75,-0.012009
33,87,-0.012038
3,37,-0.012095
20,79,-0.012106
25,86,-0.012107
1,52,-0.012111
39,44,-0.012111
5,27,-0.012118
2,21,-0.012126
29,64,-0.012160
38,51,-0.012167
50,72,-0.012211
44,52,-0.012224
27,65,-0.012240
3,65,-0.012266
53,54,-0.012298
1,55,-0.012340
24,48,-0.012348
26,67,-0.012419
21,82,-0.012421
6,48,-0.012424
9,17,-0.012424
37,55,-0.012494
9,23,-0.012559
25,42,-0.012566
21,86,-0.012570
36,72,-0.012584
7,68,-0.012584
57,73,-0.012607
18,79,-0.012608
6,52,-0.012623
56,64,-0.012660
28,86,-0.012672
11,28,-0.012719
23,87,-0.012774
51,83,-0.012843
18,78,-0.012867
47,74,-0.012868
10,82,-0.012903
14,36,-0.012920
57,60,-0.012932
47,85,-0.012935
60,87,-0.012937
35,75,-0.012954
29,37,-0.012961
26,77,-0.013012
78,84,-0.013013
68,75,-0.013059
20,42,-0.013122
6,17,-0.013167
59,66,-0.013182
43,51,-0.013187
36,59,-0.013196
5,32,-0.013220
5,48,-0.013248
37,83,-0.013252
32,41,-0.013305
40,65,-0.013327
40,55,-0.013334
40,86,-0.013340
12,75,-0.013341
59,84,-0.013358
36,76,-0.013412
1,32,-0.013415
37,46,-0.013419
31,36,-0.013496
40,82,-0.013503
27,42,-0.013540
9,37,-0.013620
4,58,-0.013633
2,29,-0.013645
20,86,-0.013673
37,47,-0.013677
11,15,-0.013680
41,51,-0.013682
37,45,-0.013695
42,65,-0.013709
7,63,-0.013740
6,11,-0.013751
20,65,-0.013803
30,50,-0.013808
50,57,-0.013822
45,65,-0.013851
5,55,-0.013855
27,47,-0.013862
55,63,-0.013934
6,77,-0.013947
36,79,-0.013973
64,75,-0.014007
6,80,-0.014015
18,84,-0.014017
3,18,-0.014018
3,13,-0.014033
15,65,-0.014043
21,37,-0.014131
14,27,-0.014144
3,82,-0.014166
22,64,-0.014168
30,64,-0.014170
22,85,-0.014196
18,36,-0.014241
5,57,-0.014241
3,81,-0.014243
6,73,-0.014250
62,87,-0.014281
48,57,-0.014309
25,76,-0.014343
36,78,-0.014364
36,45,-0.014366
14,35,-0.014384
49,63,-0.014406
5,53,-0.014419
32,67,-0.014424
33,63,-0.014424
11,65,-0.014450
37,72,-0.014471
46,55,-0.014517
36,54,-0.014530
5,40,-0.014531
32,44,-0.014550
56,71,-0.014585
26,64,-0.014611
62,86,-0.014629
30,58,-0.014658
16,62,-0.014658
18,64,-0.014674
6,12,-0.014709
43,67,-0.014710
29,54,-0.014717
45,63,-0.014717
66,87,-0.014750
18,28,-0.014826
37,57,-0.014831
3,44,-0.014854
33,65,-0.014858
46,75,-0.014892
14,86,-0.014918
75,85,-0.014995
51,53,-0.015001
11,44,-0.015005
21,54,-0.015031
35,74,-0.015046
5,24,-0.015048
53,60,-0.015057
54,83,-0.015087
4,7,-0.015100
25,63,-0.015143
45,86,-0.015148
5,11,-0.015157
16,65,-0.015225
6,16,-0.015255
15,23,-0.015279
15,50,-0.015282
68,79,-0.015285
12,84,-0.015294
38,65,-0.015301
71,85,-0.015307
15,26,-0.015320
5,41,-0.015322
27,34,-0.015363
50,60,-0.015365
51,78,-0.015445
23,30,-0.015462
46,86,-0.015492
36,68,-0.015507
13,77,-0.015539
16,84,-0.015556
6,61,-0.015558
8,27,-0.015605
51,70,-0.015623
7,50,-0.015684
55,74,-0.015697
31,52,-0.015726
10,64,-0.015740
8,18,-0.015747
49,72,-0.015804
11,16,-0.015816
36,83,-0.015828
6,24,-0.015863
45,85,-0.015864
18,83,-0.015885
38,49,-0.015888
8,25,-0.015902
37,67,-0.015971
1,72,-0.015998
55,69,-0.016007
33,50,-0.016066
16,53,-0.016073
26,85,-0.016128
46,72,-0.016219
5,10,-0.016232
41,83,-0.016273
73,82,-0.016277
15,82,-0.016292
8,21,-0.016324
36,82,-0.016335
21,33,-0.016342
37,43,-0.016379
6,28,-0.016400
15,63,-0.016403
43,83,-0.016468
25,64,-0.016535
20,72,-0.016540
7,19,-0.016548
59,82,-0.016577
2,63,-0.016610
10,19,-0.016616
28,36,-0.016632
12,53,-0.016653
12,74,-0.016682
27,36,-0.016698
6,14,-0.016744
44,54,-0.016760
23,55,-0.016771
28,49,-0.016774
75,84,-0.016774
12,51,-0.016848
9,64,-0.016963
15,35,-0.016976
21,46,-0.016995
3,86,-0.016996
48,83,-0.017009
65,78,-0.017021
37,77,-0.017040
66,72,-0.017049
3,24,-0.017099
1,62,-0.017106
27,48,-0.017107
5,42,-0.017125
31,84,-0.017127
49,59,-0.017133
62,76,-0.017165
27,54,-0.017175
6,31,-0.017194
1,34,-0.017216
41,86,-0.017247
46,60,-0.017268
31,59,-0.017269
16,70,-0.017300
53,63,-0.017312
39,61,-0.017380
3,74,-0.017384
42,81,-0.017427
3,83,-0.017436
11,20,-0.017439
23,63,-0.017444
39,55,-0.017456
4,71,-0.017528
6,51,-0.017537
2,10,-0.017539
14,26,-0.017539
15,25,-0.017542
10,37,-0.017564
33,47,-0.017592
46,73,-0.017601
2,34,-0.017614
28,64,-0.017637
27,63,-0.017650
17,37,-0.017672
37,82,-0.017681
36,60,-0.017682
7,25,-0.017701
45,53,-0.017705
3,72,-0.017747
4,32,-0.017756
37,61,-0.017798
8,75,-0.017806
3,47,-0.017809
28,72,-0.017839
18,26,-0.017854
10,36,-0.017883
57,85,-0.017929
38,87,-0.017945
13,23,-0.017958
30,39,-0.017967
16,82,-0.017977
14,47,-0.017979
14,46,-0.017998
28,82,-0.018015
72,84,-0.018035
17,60,-0.018037
2,25,-0.018044
29,55,-0.018070
1,45,-0.018070
43,68,-0.018093
50,63,-0.018123
13,52,-0.018166
72,81,-0.018177
14,81,-0.018179
55,84,-0.018197
29,83,-0.018229
70,80,-0.018233
30,46,-0.018242
66,76,-0.018268
5,31,-0.018270
25,72,-0.018271
50,65,-0.018286
63,77,-0.018286
18,38,-0.018293
5,78,-0.018323
42,47,-0.018360
18,32,-0.018366
48,85,-0.018418
56,63,-0.018453
6,76,-0.018485
63,78,-0.018528
64,73,-0.018535
29,77,-0.018544
14,54,-0.018545
2,36,-0.018578
29,33,-0.018583
22,30,-0.018594
35,79,-0.018634
64,76,-0.018652
13,67,-0.018685
17,83,-0.018691
21,85,-0.018789
40,63,-0.018793
27,55,-0.018849
46,66,-0.018849
5,43,-0.018895
37,75,-0.018929
18,54,-0.018930
36,73,-0.018950
45,83,-0.018967
55,75,-0.019046
26,37,-0.019084
37,42,-0.019086
5,60,-0.019115
35,86,-0.019126
7,55,-0.019137
20,28,-0.019150
10,32,-0.019164
14,63,-0.019178
3,17,-0.019182
23,37,-0.019182
15,46,-0.019190
1,76,-0.019202
24,33,-0.019204
6,42,-0.019217
14,84,-0.019221
44,63,-0.019287
8,87,-0.019323
7,44,-0.019324
25,43,-0.019333
37,60,-0.019370
6,72,-0.019373
12,76,-0.019385
53,72,-0.019461
11,31,-0.019483
51,63,-0.019484
4,21,-0.019507
17,38,-0.019531
55,78,-0.019559
2,39,-0.019568
29,49,-0.019575
44,64,-0.019580
7,18,-0.019605
50,62,-0.019618
4,28,-0.019639
5,74,-0.019667
70,84,-0.019722
36,46,-0.019731
3,15,-0.019812
48,58,-0.019828
12,41,-0.019841
71,82,-0.019842
18,70,-0.019850
1,64,-0.019879
3,20,-0.019893
16,28,-0.019900
6,29,-0.019925
21,63,-0.019984
15,83,-0.019987
7,40,-0.020009
28,75,-0.020032
36,50,-0.020056
12,24,-0.020087
25,78,-0.020142
11,84,-0.020162
60,86,-0.020204
67,81,-0.020210
42,77,-0.020211
44,69,-0.020249
41,64,-0.020267
4,16,-0.020312
36,70,-0.020319
19,47,-0.020398
47,83,-0.020402
15,32,-0.020412
13,20,-0.020422
28,40,-0.020426
32,64,-0.020470
39,50,-0.020574
71,79,-0.020576
51,82,-0.020598
51,66,-0.020671
57,74,-0.020674
15,29,-0.020682
36,52,-0.020702
44,75,-0.020764
14,29,-0.020767
25,79,-0.020767
45,58,-0.020769
5,69,-0.020770
2,56,-0.020770
3,78,-0.020807
60,84,-0.020848
45,72,-0.020851
12,50,-0.020872
8,65,-0.020876
23,86,-0.020906
16,40,-0.020986
49,73,-0.020999
23,65,-0.021004
46,65,-0.021068
35,77,-0.021086
5,50,-0.021108
19,80,-0.021124
45,84,-0.021135
27,84,-0.021145
43,46,-0.021189
7,85,-0.021194
30,72,-0.021208
5,46,-0.021231
32,85,-0.021288
47,64,-0.021294
60,73,-0.021304
12,36,-0.021310
48,53,-0.021339
62,72,-0.021347
19,55,-0.021349
51,85,-0.021360
49,70,-0.021431
21,64,-0.021442
35,63,-0.021495
15,57,-0.021507
21,49,-0.021516
14,62,-0.021574
3,63,-0.021576
18,82,-0.021586
25,36,-0.021590
36,62,-0.021611
12,86,-0.021611
4,14,-0.021613
44,77,-0.021623
44,56,-0.021624
34,82,-0.021638
9,27,-0.021699
18,33,-0.021791
41,46,-0.021804
42,48,-0.021810
37,69,-0.021838
33,86,-0.021914
29,58,-0.021918
19,48,-0.021928
25,71,-0.021958
3,59,-0.021958
28,52,-0.021965
7,73,-0.022024
1,67,-0.022035
6,79,-0.022050
55,85,-0.022077
33,74,-0.022099
25,40,-0.022115
45,54,-0.022182
60,79,-0.022189
25,75,-0.022227
7,48,-0.022229
61,66,-0.022230
8,17,-0.022256
10,83,-0.022366
29,75,-0.022398
15,31,-0.022405
30,69,-0.022413
54,79,-0.022437
40,44,-0.022446
16,79,-0.022477
13,68,-0.022490
32,47,-0.022490
6,56,-0.022520
13,34,-0.022552
69,85,-0.022553
35,45,-0.022576
4,27,-0.022579
64,79,-0.022601
13,45,-0.022604
25,47,-0.022615
2,84,-0.022623
8,86,-0.022624
50,82,-0.022636
13,85,-0.022647
56,84,-0.022685
39,48,-0.022685
1,44,-0.022702
1,46,-0.022712
46,62,-0.022755
37,59,-0.022789
25,54,-0.022808
44,82,-0.022824
3,68,-0.022829
23,46,-0.022842
49,83,-0.022848
38,85,-0.022864
54,60,-0.022916
12,26,-0.022933
59,68,-0.022973
30,40,-0.022977
39,47,-0.022978
4,20,-0.022980
19,81,-0.023004
31,82,-0.023016
11,55,-0.023017
55,60,-0.023038
12,79,-0.023048
17,53,-0.023086
9,45,-0.023153
20,36,-0.023161
37,73,-0.023167
8,44,-0.023200
17,44,-0.023208
8,47,-0.023251
57,80,-0.023262
7,46,-0.023302
5,81,-0.023322
45,77,-0.023360
20,38,-0.023373
47,81,-0.023415
51,77,-0.023419
60,81,-0.023452
32,58,-0.023484
1,79,-0.023514
32,80,-0.023515
44,57,-0.023524
2,67,-0.023560
20,82,-0.023570
29,63,-0.023599
6,68,-0.023617
6,55,-0.023619
5,44,-0.023681
20,37,-0.023743
24,37,-0.023761
1,10,-0.023831
53,65,-0.023842
36,57,-0.023885
16,37,-0.023903
10,55,-0.023924
28,51,-0.023928
55,64,-0.023949
44,83,-0.023964
26,42,-0.023989
33,79,-0.024009
25,84,-0.024015
7,86,-0.024022
25,57,-0.024031
6,46,-0.024053
57,77,-0.024231
13,24,-0.024266
12,69,-0.024279
30,52,-0.024282
24,40,-0.024282
6,40,-0.024287
18,77,-0.024300
48,64,-0.024302
42,86,-0.024311
32,38,-0.024331
18,35,-0.024339
61,73,-0.024345
6,69,-0.024388
24,59,-0.024397
46,84,-0.024421
41,80,-0.024479
40,58,-0.024484
33,48,-0.024497
55,68,-0.024507
39,46,-0.024508
37,70,-0.024567
11,63,-0.024585
12,63,-0.024587
10,46,-0.024613
18,50,-0.024632
50,76,-0.024678
11,35,-0.024691
14,64,-0.024752
48,66,-0.024770
24,60,-0.024852
64,78,-0.024879
21,31,-0.024890
24,84,-0.024900
13,17,-0.024926
45,78,-0.024927
4,15,-0.024947
24,79,-0.024955
1,11,-0.025006
52,63,-0.025010
4,8,-0.025019
20,31,-0.025059
32,63,-0.025084
43,84,-0.025087
11,36,-0.025100
55,62,-0.025102
41,72,-0.025119
18,72,-0.025136
47,82,-0.025161
41,63,-0.025207
12,49,-0.025310
13,64,-0.025338
2,62,-0.025357
24,63,-0.025425
6,23,-0.025432
66,86,-0.025460
2,30,-0.025531
1,8,-0.025554
7,51,-0.025563
14,66,-0.025564
43,64,-0.025606
19,73,-0.025636
20,76,-0.025693
14,41,-0.025723
49,54,-0.025737
17,81,-0.025789
43,73,-0.025801
21,55,-0.025912
20,60,-0.025918
38,57,-0.025958
61,75,-0.025965
8,16,-0.025983
61,74,-0.026019
45,81,-0.026049
16,36,-0.026088
58,78,-0.026099
29,79,-0.026106
26,54,-0.026114
12,29,-0.026115
54,85,-0.026131
13,84,-0.026151
36,80,-0.026179
53,69,-0.026182
60,75,-0.026191
28,39,-0.026198
44,84,-0.026212
31,85,-0.026225
8,76,-0.026257
39,63,-0.026260
13,63,-0.026269
40,51,-0.026279
16,30,-0.026290
22,63,-0.026315
17,33,-0.026324
24,76,-0.026347
12,73,-0.026349
46,64,-0.026413
16,63,-0.026438
41,50,-0.026515
4,63,-0.026526
6,74,-0.026533
10,43,-0.026576
7,21,-0.026594
29,43,-0.026654
42,74,-0.026666
13,40,-0.026698
45,68,-0.026701
17,66,-0.026705
13,80,-0.026721
34,48,-0.026722
15,78,-0.026729
8,15,-0.026732
6,35,-0.026747
22,36,-0.026784
9,31,-0.026838
24,85,-0.026884
42,78,-0.026938
9,29,-0.026947
3,64,-0.026952
29,85,-0.026969
42,54,-0.026978
30,51,-0.026986
7,17,-0.027073
2,52,-0.027081
17,85,-0.027159
12,31,-0.027159
54,67,-0.027254
64,82,-0.027267
35,52,-0.027271
38,46,-0.027286
36,67,-0.027317
4,51,-0.027375
72,85,-0.027407
13,39,-0.027420
60,83,-0.027435
1,23,-0.027449
3,48,-0.027469
56,73,-0.027470
47,56,-0.027479
12,82,-0.027488
62,75,-0.027498
41,77,-0.027504
56,72,-0.027511
3,84,-0.027512
18,58,-0.027531
2,64,-0.027549
28,43,-0.027559
62,84,-0.027608
28,85,-0.027634
19,24,-0.027639
4,23,-0.027649
10,28,-0.027721
43,77,-0.027728
48,81,-0.027733
71,78,-0.027764
53,75,-0.027774
12,47,-0.027803
59,79,-0.027833
50,85,-0.027880
34,55,-0.027887
31,64,-0.027920
11,85,-0.027935
3,21,-0.027946
12,55,-0.027962
46,63,-0.027968
24,36,-0.028100
10,21,-0.028115
38,84,-0.028172
3,79,-0.028235
17,82,-0.028288
28,50,-0.028324
13,44,-0.028396
16,42,-0.028456
50,64,-0.028504
1,40,-0.028512
20,54,-0.028524
69,78,-0.028543
66,83,-0.028562
29,73,-0.028571
29,52,-0.028581
13,42,-0.028595
45,57,-0.028629
40,84,-0.028636
2,35,-0.028726
9,36,-0.028815
27,51,-0.028825
32,84,-0.028839
26,36,-0.028840
38,79,-0.028864
34,63,-0.028876
29,70,-0.028880
30,77,-0.028884
38,78,-0.028884
57,63,-0.028886
50,83,-0.028909
6,20,-0.028940
21,50,-0.028943
43,58,-0.028989
38,54,-0.029002
28,77,-0.029050
25,35,-0.029056
27,64,-0.029094
39,79,-0.029097
6,43,-0.029168
31,51,-0.029205
20,55,-0.029212
53,86,-0.029259
21,74,-0.029260
8,13,-0.029262
7,78,-0.029371
38,86,-0.029417
16,85,-0.029426
17,77,-0.029427
49,74,-0.029474
17,49,-0.029476
6,44,-0.029487
20,85,-0.029539
4,17,-0.029551
3,85,-0.029569
31,37,-0.029598
24,64,-0.029605
29,50,-0.029614
32,77,-0.029616
12,64,-0.029650
1,75,-0.029653
35,72,-0.029690
14,42,-0.029693
12,43,-0.029701
38,48,-0.029714
16,45,-0.029766
16,26,-0.029838
42,83,-0.029900
37,76,-0.029937
14,58,-0.029985
42,68,-0.029989
1,61,-0.029993
36,43,-0.029997
21,30,-0.030105
42,69,-0.030118
21,57,-0.030120
46,56,-0.030131
2,20,-0.030166
23,72,-0.030180
31,63,-0.030213
38,50,-0.030286
17,70,-0.030286
6,41,-0.030304
9,50,-0.030378
45,55,-0.030381
4,36,-0.030383
31,62,-0.030396
2,37,-0.030439
25,77,-0.030453
23,42,-0.030486
2,83,-0.030498
47,58,-0.030501
33,45,-0.030531
17,58,-0.030532
31,55,-0.030539
27,37,-0.030587
23,28,-0.030592
10,78,-0.030671
8,78,-0.030757
48,59,-0.030820
30,85,-0.030841
1,80,-0.030853
24,68,-0.030871
6,70,-0.030888
62,73,-0.030892
62,85,-0.030921
50,58,-0.030936
17,55,-0.030944
32,42,-0.030949
21,53,-0.031006
34,62,-0.031039
10,85,-0.031052
10,54,-0.031066
33,55,-0.031092
38,75,-0.031111
5,68,-0.031113
15,55,-0.031113
25,73,-0.031150
41,84,-0.031194
51,60,-0.031234
60,85,-0.031278
25,56,-0.031282
51,59,-0.031291
7,15,-0.031329
54,66,-0.031332
47,70,-0.031341
12,22,-0.031350
4,24,-0.031361
30,60,-0.031407
2,50,-0.031444
34,79,-0.031445
13,61,-0.031458
35,84,-0.031487
7,82,-0.031489
4,25,-0.031543
57,79,-0.031556
50,68,-0.031608
20,84,-0.031621
17,31,-0.031629
32,61,-0.031647
32,37,-0.031662
28,76,-0.031702
8,46,-0.031713
33,76,-0.031737
44,66,-0.031797
11,64,-0.031811
38,82,-0.031829
19,51,-0.031837
33,72,-0.031856
7,24,-0.031874
52,82,-0.031880
49,75,-0.031904
18,42,-0.031925
11,33,-0.031961
1,69,-0.032032
50,66,-0.032042
30,38,-0.032059
12,54,-0.032076
1,74,-0.032097
35,44,-0.032139
60,77,-0.032219
35,73,-0.032270
42,64,-0.032298
17,32,-0.032351
44,62,-0.032352
4,18,-0.032372
13,37,-0.032376
30,78,-0.032380
27,43,-0.032400
13,27,-0.032417
19,58,-0.032420
40,79,-0.032425
16,27,-0.032453
61,76,-0.032478
14,69,-0.032481
1,38,-0.032537
54,63,-0.032553
22,50,-0.032572
37,71,-0.032643
57,78,-0.032646
22,71,-0.032719
12,83,-0.032746
6,50,-0.032757
47,77,-0.032766
25,82,-0.032784
23,47,-0.032843
3,77,-0.032893
20,66,-0.032894
40,85,-0.032904
8,79,-0.032918
28,63,-0.032922
64,81,-0.032930
22,45,-0.033025
66,73,-0.033073
1,60,-0.033096
3,69,-0.033136
25,49,-0.033145
2,69,-0.033157
24,73,-0.033202
34,83,-0.033223
1,78,-0.033285
31,83,-0.033324
38,74,-0.033325
42,52,-0.033329
27,56,-0.033342
42,84,-0.033344
19,44,-0.033393
54,77,-0.033421
34,58,-0.033488
11,37,-0.033491
56,70,-0.033495
27,76,-0.033498
23,45,-0.033499
42,66,-0.033519
12,81,-0.033526
12,27,-0.033560
11,42,-0.033577
1,71,-0.033671
7,75,-0.033684
15,81,-0.033699
35,85,-0.033724
21,35,-0.033742
61,78,-0.033752
9,25,-0.033754
44,58,-0.033810
16,81,-0.033879
47,60,-0.033929
25,68,-0.033940
18,62,-0.033988
52,59,-0.033988
33,54,-0.034000
49,79,-0.034048
27,82,-0.034065
16,48,-0.034090
6,33,-0.034093
28,68,-0.034114
7,59,-0.034119
68,85,-0.034138
10,20,-0.034144
59,78,-0.034168
43,61,-0.034206
14,34,-0.034227
15,64,-0.034245
15,49,-0.034250
1,68,-0.034251
13,49,-0.034262
32,62,-0.034267
2,31,-0.034274
1,39,-0.034277
60,71,-0.034291
31,70,-0.034292
14,70,-0.034313
23,83,-0.034401
45,64,-0.034424
11,53,-0.034438
33,51,-0.034447
31,54,-0.034449
9,63,-0.034470
31,40,-0.034475
48,77,-0.034520
25,33,-0.034606
40,78,-0.034668
46,57,-0.034670
16,54,-0.034672
15,38,-0.034758
35,83,-0.034759
42,75,-0.034780
3,40,-0.034796
17,41,-0.034809
13,83,-0.034815
35,39,-0.034838
40,70,-0.034853
10,52,-0.034909
13,48,-0.034929
60,78,-0.034959
28,83,-0.034967
47,59,-0.035021
27,77,-0.035024
16,64,-0.035036
19,59,-0.035039
9,71,-0.035044
12,85,-0.035046
43,57,-0.035066
2,40,-0.035090
31,79,-0.035106
10,84,-0.035128
31,75,-0.035158
10,72,-0.035166
25,50,-0.035260
6,78,-0.035261
28,37,-0.035283
18,23,-0.035313
23,41,-0.035329
9,53,-0.035335
19,40,-0.035370
10,51,-0.035399
29,41,-0.035473
16,77,-0.035488
33,49,-0.035552
18,60,-0.035612
33,84,-0.035653
3,41,-0.035656
2,44,-0.035758
9,78,-0.035785
35,76,-0.035788
13,72,-0.035813
28,56,-0.035823
8,30,-0.035846
15,34,-0.035871
39,71,-0.035899
40,77,-0.035926
46,70,-0.035949
13,56,-0.036037
12,66,-0.036058
54,71,-0.036062
31,35,-0.036122
30,47,-0.036138
32,68,-0.036194
17,68,-0.036230
32,55,-0.036230
52,73,-0.036255
41,75,-0.036273
20,63,-0.036316
21,62,-0.036339
40,64,-0.036349
2,60,-0.036381
19,35,-0.036391
33,64,-0.036437
28,41,-0.036527
38,42,-0.036575
8,51,-0.036590
13,55,-0.036635
4,30,-0.036645
13,36,-0.036665
22,48,-0.036674
30,63,-0.036688
27,49,-0.036746
11,57,-0.036767
19,50,-0.036812
10,59,-0.036824
12,57,-0.036829
24,75,-0.036878
70,85,-0.036909
2,71,-0.036936
25,62,-0.036963
10,48,-0.036975
12,28,-0.037038
33,85,-0.037077
14,77,-0.037119
12,45,-0.037125
29,68,-0.037147
38,76,-0.037174
56,76,-0.037265
4,79,-0.037279
12,77,-0.037289
3,28,-0.037300
14,85,-0.037315
26,63,-0.037331
26,44,-0.037342
10,74,-0.037468
21,52,-0.037494
16,68,-0.037512
49,82,-0.037528
20,64,-0.037546
45,70,-0.037555
40,74,-0.037600
42,63,-0.037617
40,57,-0.037660
45,62,-0.037674
26,59,-0.037718
16,73,-0.037737
54,61,-0.037760
66,85,-0.037799
15,77,-0.037820
25,85,-0.037861
28,70,-0.037865
12,38,-0.037867
13,47,-0.037903
22,79,-0.037907
23,39,-0.037919
17,72,-0.037921
17,54,-0.037923
19,41,-0.037924
39,72,-0.037944
20,40,-0.037954
35,69,-0.037959
37,78,-0.037966
49,76,-0.037970
48,56,-0.037987
55,81,-0.037988
48,78,-0.038051
19,60,-0.038109
26,57,-0.038154
47,62,-0.038181
18,55,-0.038183
21,70,-0.038221
23,29,-0.038339
18,41,-0.038364
3,19,-0.038378
19,43,-0.038380
38,55,-0.038391
27,79,-0.038393
1,33,-0.038491
41,60,-0.038511
41,54,-0.038573
41,81,-0.038656
54,62,-0.038735
3,51,-0.038768
24,35,-0.038826
24,78,-0.038935
38,56,-0.038987
10,49,-0.039047
34,47,-0.039052
17,40,-0.039060
11,48,-0.039064
40,50,-0.039147
2,61,-0.039207
43,63,-0.039234
51,80,-0.039257
13,31,-0.039269
25,46,-0.039328
48,80,-0.039352
20,52,-0.039416
45,82,-0.039454
8,26,-0.039479
7,72,-0.039505
21,60,-0.039523
1,73,-0.039524
16,34,-0.039562
43,82,-0.039568
42,72,-0.039581
26,45,-0.039739
21,43,-0.039757
66,80,-0.039768
10,35,-0.039837
36,71,-0.039843
7,47,-0.039844
53,70,-0.039891
14,56,-0.039903
32,66,-0.039958
18,66,-0.040012
12,48,-0.040044
21,34,-0.040100
1,50,-0.040140
20,48,-0.040150
19,82,-0.040166
28,73,-0.040179
24,49,-0.040189
1,81,-0.040228
45,61,-0.040233
13,32,-0.040287
38,41,-0.040300
19,70,-0.040308
12,44,-0.040324
23,64,-0.040328
9,44,-0.040336
29,39,-0.040349
27,52,-0.040387
7,49,-0.040400
59,81,-0.040428
57,69,-0.040430
21,77,-0.040444
31,80,-0.040459
56,83,-0.040471
56,75,-0.040483
46,68,-0.040567
30,79,-0.040571
10,75,-0.040596
8,84,-0.040625
19,69,-0.040627
54,68,-0.040685
41,45,-0.040708
42,76,-0.040716
44,85,-0.040727
58,68,-0.040728
60,76,-0.040736
9,58,-0.040752
48,60,-0.040775
31,61,-0.040796
4,54,-0.040921
3,22,-0.040992
20,45,-0.041094
24,62,-0.041105
33,39,-0.041175
1,43,-0.041190
57,71,-0.041201
13,30,-0.041204
21,66,-0.041213
24,66,-0.041240
53,79,-0.041247
11,29,-0.041262
35,51,-0.041299
1,7,-0.041322
44,74,-0.041341
25,69,-0.041363
3,55,-0.041368
20,58,-0.041392
38,77,-0.041404
16,67,-0.041414
16,60,-0.041420
33,83,-0.041422
11,49,-0.041535
48,70,-0.041545
27,50,-0.041569
51,68,-0.041597
19,71,-0.041700
31,73,-0.041704
35,54,-0.041719
13,29,-0.041720
25,66,-0.041725
3,73,-0.041729
51,62,-0.041799
8,49,-0.041810
21,81,-0.041814
10,79,-0.041866
22,53,-0.041917
11,76,-0.041924
31,76,-0.041943
9,73,-0.041953
51,67,-0.041982
10,29,-0.041993
8,28,-0.042075
32,53,-0.042110
15,70,-0.042141
2,51,-0.042166
7,83,-0.042202
2,47,-0.042218
10,62,-0.042234
13,79,-0.042241
17,35,-0.042259
16,35,-0.042276
13,28,-0.042285
44,60,-0.042294
10,50,-0.042317
26,41,-0.042356
4,73,-0.042367
3,30,-0.042415
40,71,-0.042427
4,29,-0.042447
11,72,-0.042502
21,40,-0.042522
31,77,-0.042586
15,42,-0.042595
22,46,-0.042611
24,77,-0.042664
23,84,-0.042727
3,9,-0.042738
30,74,-0.042765
28,59,-0.042816
29,81,-0.042892
14,32,-0.042894
7,26,-0.042916
40,59,-0.042944
12,46,-0.042991
31,50,-0.043018
26,58,-0.043038
42,71,-0.043061
44,68,-0.043067
35,57,-0.043112
19,76,-0.043113
46,85,-0.043162
14,67,-0.043186
7,54,-0.043191
33,75,-0.043199
23,48,-0.043211
9,41,-0.043239
1,66,-0.043240
14,49,-0.043271
7,45,-0.043273
3,45,-0.043365
10,76,-0.043399
14,53,-0.043403
24,83,-0.043413
2,79,-0.043441
14,59,-0.043469
40,67,-0.043480
8,85,-0.043506
18,57,-0.043554
16,59,-0.043559
35,82,-0.043569
15,67,-0.043589
46,58,-0.043596
38,72,-0.043602
52,72,-0.043604
22,73,-0.043619
23,75,-0.043627
27,67,-0.043628
12,78,-0.043637
39,83,-0.043686
52,69,-0.043712
40,72,-0.043742
46,77,-0.043752
2,38,-0.043784
57,68,-0.043827
10,56,-0.043837
53,84,-0.043851
16,38,-0.043855
33,43,-0.043898
4,83,-0.043908
15,68,-0.043920
10,73,-0.043926
7,69,-0.043965
7,22,-0.044037
8,74,-0.044047
13,53,-0.044083
12,40,-0.044102
10,71,-0.044121
14,40,-0.044137
13,75,-0.044187
26,61,-0.044201
3,25,-0.044249
39,82,-0.044261
52,83,-0.044293
26,47,-0.044324
54,69,-0.044349
43,70,-0.044351
24,42,-0.044439
56,74,-0.044462
24,70,-0.044482
20,70,-0.044559
45,56,-0.044576
28,66,-0.044601
15,30,-0.044624
7,76,-0.044644
14,57,-0.044827
29,72,-0.044851
6,62,-0.044867
15,33,-0.044878
24,43,-0.044900
12,68,-0.044971
8,45,-0.044973
19,45,-0.044976
21,39,-0.044979
23,32,-0.045008
34,81,-0.045027
14,52,-0.045051
14,74,-0.045148
25,34,-0.045175
11,46,-0.045180
24,55,-0.045195
32,83,-0.045197
23,76,-0.045209
17,34,-0.045221
27,75,-0.045247
29,62,-0.045250
19,57,-0.045300
24,72,-0.045301
55,67,-0.045308
10,44,-0.045318
6,53,-0.045328
9,51,-0.045361
7,84,-0.045363
23,74,-0.045570
52,79,-0.045576
53,58,-0.045592
44,70,-0.045602
51,81,-0.045624
15,56,-0.045660
11,60,-0.045661
14,80,-0.045701
12,56,-0.045725
19,46,-0.045767
42,56,-0.045769
35,68,-0.045799
29,53,-0.045845
27,33,-0.045847
6,81,-0.045877
49,68,-0.045878
25,60,-0.045933
20,39,-0.046006
9,79,-0.046069
14,38,-0.046130
9,83,-0.046131
34,72,-0.046136
19,75,-0.046152
49,81,-0.046158
4,76,-0.046218
32,51,-0.046238
23,70,-0.046238
28,67,-0.046267
12,39,-0.046271
20,73,-0.046275
43,79,-0.046304
29,61,-0.046328
42,80,-0.046339
43,54,-0.046360
3,43,-0.046368
55,61,-0.046429
7,74,-0.046565
32,50,-0.046566
4,45,-0.046584
55,70,-0.046597
32,72,-0.046672
1,70,-0.046732
23,69,-0.046754
2,43,-0.046839
11,75,-0.046845
28,33,-0.046868
1,53,-0.046889
30,66,-0.046927
10,31,-0.046944
4,46,-0.046946
2,72,-0.046967
21,38,-0.047004
15,52,-0.047013
7,13,-0.047045
41,79,-0.047056
4,41,-0.047060
9,55,-0.047128
1,35,-0.047176
19,78,-0.047227
12,71,-0.047238
15,80,-0.047289
9,82,-0.047289
18,59,-0.047336
26,55,-0.047400
23,51,-0.047430
23,31,-0.047431
20,34,-0.047471
20,32,-0.047483
71,81,-0.047483
40,75,-0.047510
39,53,-0.047548
29,67,-0.047580
34,53,-0.047596
30,61,-0.047666
7,77,-0.047671
10,47,-0.047701
12,58,-0.047712
2,68,-0.047715
43,76,-0.047749
41,82,-0.047761
25,39,-0.047767
2,74,-0.047768
30,81,-0.047826
32,76,-0.047860
29,40,-0.048001
52,68,-0.048004
11,47,-0.048036
8,22,-0.048084
32,79,-0.048086
4,50,-0.048132
26,48,-0.048136
41,78,-0.048141
53,64,-0.048149
4,40,-0.048178
10,58,-0.048202
14,68,-0.048235
2,48,-0.048241
43,75,-0.048248
9,30,-0.048309
27,73,-0.048314
10,34,-0.048331
25,80,-0.048371
42,85,-0.048398
20,80,-0.048401
3,29,-0.048469
40,80,-0.048479
26,70,-0.048651
21,59,-0.048656
22,41,-0.048662
2,45,-0.048678
50,70,-0.048748
27,83,-0.048757
25,74,-0.048790
2,42,-0.048809
35,43,-0.048893
30,75,-0.048919
31,67,-0.049042
15,58,-0.049074
10,67,-0.049095
8,48,-0.049105
31,72,-0.049171
11,79,-0.049206
40,62,-0.049276
47,68,-0.049282
3,57,-0.049315
41,76,-0.049372
52,78,-0.049421
50,61,-0.049425
56,60,-0.049461
9,68,-0.049553
28,80,-0.049696
10,80,-0.049717
2,75,-0.049786
27,46,-0.049815
21,69,-0.049839
22,55,-0.049846
29,38,-0.049851
16,32,-0.049856
26,83,-0.049921
15,69,-0.050033
13,82,-0.050049
18,81,-0.050051
24,39,-0.050093
43,72,-0.050106
20,49,-0.050110
22,82,-0.050123
49,66,-0.050137
22,78,-0.050201
4,82,-0.050202
18,80,-0.050230
15,62,-0.050352
60,80,-0.050392
12,72,-0.050435
20,77,-0.050447
27,72,-0.050516
34,71,-0.050536
49,69,-0.050555
54,80,-0.050575
2,55,-0.050606
22,58,-0.050616
28,35,-0.050681
11,81,-0.050712
56,79,-0.050714
16,29,-0.050740
49,78,-0.050784
30,82,-0.050831
38,70,-0.050889
18,40,-0.050920
16,66,-0.050921
26,35,-0.050933
45,66,-0.050961
40,76,-0.051032
24,52,-0.051178
39,73,-0.051189
25,59,-0.051192
38,44,-0.051424
20,41,-0.051464
18,34,-0.051464
30,59,-0.051479
7,57,-0.051542
30,54,-0.051565
9,76,-0.051568
23,52,-0.051663
11,82,-0.051695
4,75,-0.051734
27,35,-0.051876
24,41,-0.051884
7,27,-0.051893
10,77,-0.051924
8,43,-0.051933
51,71,-0.051945
11,77,-0.051995
27,59,-0.052015
34,38,-0.052068
7,32,-0.052150
21,41,-0.052192
11,52,-0.052205
8,83,-0.052234
2,73,-0.052264
53,85,-0.052275
27,61,-0.052289
19,54,-0.052289
23,34,-0.052314
38,73,-0.052321
18,53,-0.052360
1,41,-0.052437
39,76,-0.052442
19,72,-0.052518
41,67,-0.052526
18,68,-0.052677
45,67,-0.052684
44,71,-0.052761
28,78,-0.052873
62,80,-0.052895
38,45,-0.052948
16,69,-0.052971
15,60,-0.053036
42,58,-0.053170
45,69,-0.053179
21,68,-0.053180
23,44,-0.053224
48,62,-0.053231
25,70,-0.053233
14,61,-0.053248
3,58,-0.053302
38,52,-0.053381
24,38,-0.053410
46,61,-0.053441
44,81,-0.053480
41,73,-0.053533
48,69,-0.053536
18,69,-0.053568
2,41,-0.053599
50,77,-0.053617
30,80,-0.053626
31,41,-0.053634
32,74,-0.053707
29,78,-0.053786
15,43,-0.053789
3,26,-0.053792
57,66,-0.053847
24,61,-0.053879
30,67,-0.053904
4,68,-0.053909
3,80,-0.053951
19,68,-0.053983
28,69,-0.054014
4,78,-0.054062
12,30,-0.054065
2,76,-0.054093
26,51,-0.054110
22,76,-0.054220
29,74,-0.054290
55,80,-0.054292
3,49,-0.054302
31,53,-0.054309
7,67,-0.054398
20,68,-0.054470
4,55,-0.054478
30,73,-0.054480
29,80,-0.054489
62,71,-0.054490
28,60,-0.054528
14,71,-0.054530
18,61,-0.054531
9,72,-0.054539
56,68,-0.054602
8,55,-0.054638
11,62,-0.054782
26,46,-0.054803
50,69,-0.054808
52,81,-0.054842
4,35,-0.054844
22,83,-0.054914
22,40,-0.054919
33,69,-0.055038
12,32,-0.055059
14,39,-0.055099
13,78,-0.055115
2,66,-0.055134
17,59,-0.055201
11,78,-0.055205
33,52,-0.055243
10,39,-0.055268
29,59,-0.055332
39,78,-0.055413
31,69,-0.055434
45,60,-0.055446
48,67,-0.055494
50,67,-0.055518
18,67,-0.055520
3,27,-0.055535
11,59,-0.055549
15,53,-0.055661
24,74,-0.055674
9,69,-0.055787
18,56,-0.055798
17,62,-0.055814
20,69,-0.055821
8,29,-0.055835
26,75,-0.055870
21,67,-0.055913
23,79,-0.055942
26,76,-0.056009
26,50,-0.056016
62,67,-0.056061
26,82,-0.056080
3,31,-0.056108
38,61,-0.056126
23,82,-0.056153
52,70,-0.056195
17,69,-0.056238
9,81,-0.056245
55,66,-0.056276
47,61,-0.056292
15,40,-0.056326
11,32,-0.056331
18,39,-0.056346
47,69,-0.056363
11,51,-0.056438
34,73,-0.056471
4,48,-0.056493
7,28,-0.056505
48,68,-0.056508
48,71,-0.056511
7,52,-0.056582
53,77,-0.056630
42,73,-0.056645
52,75,-0.056773
16,71,-0.056815
22,68,-0.056821
53,83,-0.056824
51,69,-0.056884
34,76,-0.056900
38,43,-0.056937
29,66,-0.056985
51,61,-0.057071
29,71,-0.057098
22,44,-0.057120
58,66,-0.057160
11,61,-0.057162
50,59,-0.057238
46,83,-0.057285
44,80,-0.057379
13,70,-0.057446
9,48,-0.057452
53,76,-0.057522
22,72,-0.057525
9,54,-0.057631
24,53,-0.057666
52,76,-0.057699
57,81,-0.057702
49,60,-0.057737
7,29,-0.057858
4,72,-0.057882
2,46,-0.057930
41,58,-0.057953
19,42,-0.057961
25,52,-0.057972
42,67,-0.057983
9,57,-0.057987
9,75,-0.058038
11,74,-0.058061
19,66,-0.058283
11,45,-0.058317
50,80,-0.058333
41,62,-0.058363
2,70,-0.058402
27,81,-0.058549
13,33,-0.058600
32,81,-0.058610
17,71,-0.058632
9,35,-0.058697
34,75,-0.058762
14,43,-0.058803
4,57,-0.058808
32,75,-0.058859
17,52,-0.058872
4,74,-0.058995
18,43,-0.058997
3,67,-0.058998
17,56,-0.059032
9,42,-0.059081
4,70,-0.059146
28,61,-0.059200
11,39,-0.059211
18,52,-0.059275
16,31,-0.059376
9,59,-0.059454
38,83,-0.059457
28,38,-0.059513
13,76,-0.059526
22,42,-0.059532
9,40,-0.059634
10,45,-0.059647
3,34,-0.059656
40,73,-0.059663
15,66,-0.059667
30,53,-0.059688
53,73,-0.059702
23,54,-0.059755
20,61,-0.059768
24,56,-0.059850
29,60,-0.059890
21,56,-0.059918
13,74,-0.059991
4,42,-0.059991
4,44,-0.060000
34,59,-0.060015
8,70,-0.060021
56,69,-0.060046
9,47,-0.060123
32,78,-0.060151
11,66,-0.060158
11,56,-0.060170
28,53,-0.060229
43,81,-0.060357
7,80,-0.060598
29,69,-0.060642
31,66,-0.060676
16,56,-0.060690
27,78,-0.060698
48,61,-0.060711
46,67,-0.060744
22,35,-0.060799
26,79,-0.060802
29,35,-0.060806
22,81,-0.060899
41,66,-0.060941
53,80,-0.060957
19,74,-0.061103
21,80,-0.061281
27,71,-0.061387
23,85,-0.061438
3,61,-0.061463
8,73,-0.061508
17,61,-0.061541
11,34,-0.061559
3,71,-0.061606
21,61,-0.061802
16,57,-0.061835
39,68,-0.061892
2,78,-0.061945
45,80,-0.061951
13,51,-0.061986
31,74,-0.062001
9,74,-0.062025
56,78,-0.062052
4,60,-0.062115
30,71,-0.062252
27,40,-0.062345
43,60,-0.062350
54,81,-0.062357
22,51,-0.062453
34,78,-0.062481
34,68,-0.062495
8,77,-0.062521
39,81,-0.062530
24,71,-0.062583
28,71,-0.062591
16,39,-0.062632
27,53,-0.062653
7,71,-0.062821
33,73,-0.062821
30,68,-0.062842
16,55,-0.062931
26,73,-0.062932
16,58,-0.063139
16,80,-0.063184
46,80,-0.063203
26,40,-0.063204
7,56,-0.063294
27,41,-0.063484
22,75,-0.063490
22,54,-0.063511
22,74,-0.063574
12,61,-0.063688
3,56,-0.063754
15,41,-0.063768
19,62,-0.063782
4,47,-0.063806
25,53,-0.063808
8,72,-0.063862
20,67,-0.063896
2,57,-0.063915
22,57,-0.063926
33,77,-0.063958
16,61,-0.063963
7,39,-0.064240
10,27,-0.064260
11,73,-0.064293
2,81,-0.064323
8,41,-0.064424
47,80,-0.064517
47,67,-0.064519
17,80,-0.064578
42,57,-0.064646
39,59,-0.064757
26,33,-0.064850
27,62,-0.064857
58,81,-0.064858
7,31,-0.064946
38,59,-0.065160
8,59,-0.065204
27,74,-0.065303
13,54,-0.065487
35,59,-0.065517
27,80,-0.065575
4,59,-0.065767
35,56,-0.065881
9,46,-0.065938
39,70,-0.065971
24,80,-0.066060
31,78,-0.066089
23,73,-0.066158
33,61,-0.066222
26,78,-0.066223
44,61,-0.066307
17,43,-0.066313
52,60,-0.066314
35,58,-0.066457
28,74,-0.066517
42,59,-0.066525
7,34,-0.066526
17,39,-0.066629
4,33,-0.066684
28,81,-0.066745
32,70,-0.066781
24,69,-0.066840
3,39,-0.066953
11,58,-0.066977
31,38,-0.067136
13,46,-0.067185
8,58,-0.067219
39,75,-0.067265
13,81,-0.067266
24,81,-0.067282
41,74,-0.067416
45,59,-0.067534
46,59,-0.067595
31,68,-0.067622
11,50,-0.067693
4,69,-0.067693
53,82,-0.067729
3,52,-0.067866
8,54,-0.068031
56,81,-0.068055
8,32,-0.068100
35,80,-0.068111
26,72,-0.068111
23,80,-0.068111
25,67,-0.068238
12,52,-0.068402
25,61,-0.068540
44,67,-0.068546
13,57,-0.068573
13,66,-0.068574
7,41,-0.068721
12,34,-0.068772
22,69,-0.068869
8,69,-0.068893
40,61,-0.068951
11,67,-0.068960
46,71,-0.069046
8,31,-0.069066
23,58,-0.069122
27,69,-0.069129
27,66,-0.069158
44,59,-0.069193
33,71,-0.069249
49,62,-0.069356
13,58,-0.069521
19,38,-0.069559
35,71,-0.069749
22,47,-0.069951
9,38,-0.070004
8,57,-0.070027
20,56,-0.070141
32,73,-0.070142
15,39,-0.070260
33,57,-0.070263
11,80,-0.070280
16,49,-0.070308
52,74,-0.070347
56,66,-0.070362
17,67,-0.070684
12,67,-0.070883
15,59,-0.071039
33,56,-0.071132
43,78,-0.071155
9,70,-0.071159
18,71,-0.071298
13,73,-0.071308
26,71,-0.071357
27,70,-0.071532
34,69,-0.071604
11,54,-0.071817
27,68,-0.071819
25,81,-0.071865
41,61,-0.071916
12,59,-0.072083
23,67,-0.072099
23,57,-0.072180
22,33,-0.072276
9,66,-0.072321
7,43,-0.072493
43,74,-0.072569
35,67,-0.072570
10,61,-0.072705
19,33,-0.072721
23,43,-0.072783
21,71,-0.072848
53,61,-0.072853
23,71,-0.072876
4,53,-0.073031
31,71,-0.073063
4,62,-0.073160
38,69,-0.073261
28,62,-0.073454
34,74,-0.073571
19,53,-0.073623
43,66,-0.073634
50,71,-0.073679
30,70,-0.073709
26,74,-0.073712
4,81,-0.073909
16,41,-0.074169
31,81,-0.074271
26,60,-0.074275
33,58,-0.074481
56,62,-0.074500
23,59,-0.074545
16,52,-0.074892
26,38,-0.074908
32,71,-0.074988
8,34,-0.074994
34,70,-0.075180
22,59,-0.075310
46,69,-0.075427
26,69,-0.075674
25,38,-0.075717
33,67,-0.075729
39,69,-0.075868
23,61,-0.076016
41,59,-0.076023
23,77,-0.076329
38,67,-0.076388
15,61,-0.076696
12,80,-0.076845
43,59,-0.077182
31,60,-0.077389
45,71,-0.077457
39,74,-0.077837
52,66,-0.078017
47,71,-0.078095
10,57,-0.078101
42,61,-0.078249
35,61,-0.078275
15,71,-0.078443
7,58,-0.078551
26,68,-0.078586
32,69,-0.078706
4,38,-0.078747
22,70,-0.079222
22,60,-0.079254
8,39,-0.079553
22,62,-0.079563
13,60,-0.079945
52,62,-0.079953
38,80,-0.080453
13,38,-0.080476
53,67,-0.080668
33,80,-0.080758
8,56,-0.080893
11,38,-0.080985
16,43,-0.081613
53,71,-0.081798
9,60,-0.081802
27,60,-0.082020
20,43,-0.082039
13,59,-0.082074
53,59,-0.082113
23,49,-0.082125
24,67,-0.082804
13,35,-0.082972
38,71,-0.083184
9,33,-0.083390
34,60,-0.083704
20,57,-0.083996
4,66,-0.084047
8,52,-0.084491
7,61,-0.084693
8,71,-0.086485
9,62,-0.086577
22,38,-0.086770
23,56,-0.086869
2,53,-0.088160
34,66,-0.088187
20,71,-0.088337
26,81,-0.088407
39,62,-0.088523
13,62,-0.089016
26,53,-0.089139
22,66,-0.089796
39,60,-0.090140
8,67,-0.090300
13,50,-0.093557
8,80,-0.095248
39,66,-0.095823
20,59,-0.096440
26,66,-0.099842
43,62,-0.100647
8,61,-0.101602
26,62,-0.108859
