# For publication of results, please cite:
# ...
# ... Michael Schantz Klausen, Martin Closter Jespersen, Henrik Nielsen, Kamilla Kjærgaard Jensen, 
# ... Vanessa Isabell Jurtz, Casper Kaae Sønderby, Morten Otto Alexander Sommer, Ole Winther, 
# ... Morten Nielsen, Bent Petersen, and Paolo Marcatili. 
# ... NetSurfP-2.0: Improved prediction of protein structural features by integrated deep learning.
# ... Proteins: Structure, Function, and Bioinformatics (Feb. 2019).
# ... https://doi.org/10.1002/prot.25674
# ...
#
# Column 1: Class assignment - B for buried or E for Exposed - Threshold: 25% exposure, but not based on RSA
# Column 2: Amino acid
# Column 3: Sequence name
# Column 4: Amino acid number
# Column 5: Relative Surface Accessibility - RSA
# Column 6: Absolute Surface Accessibility
# Column 7: Not used
# Column 8: Probability for Alpha-Helix
# Column 9: Probability for Beta-strand
# Column 10: Probability for Coil
E R  3OFEB                  1    0.792 181.309   0.000   0.000   0.003   0.997
E T  3OFEB                  2    0.554  76.858   0.000   0.001   0.447   0.552
E L  3OFEB                  3    0.370  67.788   0.000   0.001   0.524   0.475
B T  3OFEB                  4    0.174  24.176   0.000   0.001   0.913   0.087
E F  3OFEB                  5    0.275  55.267   0.000   0.000   0.969   0.031
B V  3OFEB                  6    0.062   9.455   0.000   0.000   0.976   0.023
E S  3OFEB                  7    0.259  30.363   0.000   0.000   0.963   0.037
B V  3OFEB                  8    0.093  14.250   0.000   0.000   0.881   0.119
E T  3OFEB                  9    0.474  65.679   0.000   0.001   0.616   0.383
E G  3OFEB                 10    0.490  38.557   0.000   0.001   0.075   0.924
E N  3OFEB                 11    0.823 120.496   0.000   0.001   0.013   0.986
B P  3OFEB                 12    0.132  18.759   0.000   0.008   0.004   0.987
E T  3OFEB                 13    0.524  72.629   0.000   0.005   0.008   0.987
E R  3OFEB                 14    0.660 151.206   0.000   0.984   0.000   0.016
E E  3OFEB                 15    0.766 133.765   0.000   0.990   0.000   0.010
E E  3OFEB                 16    0.395  69.083   0.000   0.994   0.000   0.006
B S  3OFEB                 17    0.063   7.415   0.000   0.998   0.000   0.002
E D  3OFEB                 18    0.502  72.286   0.000   0.999   0.000   0.001
E T  3OFEB                 19    0.519  71.982   0.000   0.999   0.000   0.001
B I  3OFEB                 20    0.102  18.958   0.000   0.999   0.000   0.001
B T  3OFEB                 21    0.105  14.502   0.000   0.999   0.000   0.001
E K  3OFEB                 22    0.622 127.921   0.000   0.998   0.000   0.002
E L  3OFEB                 23    0.437  79.923   0.000   0.998   0.000   0.002
B W  3OFEB                 24    0.111  26.760   0.000   0.999   0.000   0.001
E Q  3OFEB                 25    0.357  63.710   0.000   0.999   0.000   0.001
E T  3OFEB                 26    0.536  74.303   0.000   0.999   0.000   0.001
E S  3OFEB                 27    0.307  35.935   0.000   0.997   0.000   0.003
B L  3OFEB                 28    0.104  19.017   0.000   0.993   0.000   0.007
E W  3OFEB                 29    0.658 158.263   0.000   0.983   0.000   0.017
E N  3OFEB                 30    0.740 108.362   0.000   0.839   0.001   0.160
E N  3OFEB                 31    0.545  79.732   0.000   0.085   0.000   0.915
E H  3OFEB                 32    0.799 145.248   0.000   0.002   0.002   0.996
B I  3OFEB                 33    0.176  32.513   0.000   0.001   0.085   0.914
E Q  3OFEB                 34    0.684 122.227   0.000   0.001   0.601   0.399
B A  3OFEB                 35    0.172  18.984   0.000   0.001   0.850   0.149
E E  3OFEB                 36    0.544  95.056   0.000   0.000   0.988   0.012
E R  3OFEB                 37    0.450 103.034   0.000   0.000   0.993   0.007
E Y  3OFEB                 38    0.453  96.890   0.000   0.000   0.990   0.010
E V  3OFEB                 39    0.429  65.899   0.000   0.001   0.945   0.054
E D  3OFEB                 40    0.523  75.329   0.000   0.003   0.806   0.191
E D  3OFEB                 41    0.872 125.623   0.000   0.003   0.002   0.995
E N  3OFEB                 42    0.507  74.171   0.000   0.001   0.002   0.997
E R  3OFEB                 43    0.342  78.422   0.000   0.000   0.954   0.046
B A  3OFEB                 44    0.017   1.864   0.000   0.000   0.999   0.001
B I  3OFEB                 45    0.139  25.666   0.000   0.000   0.998   0.002
B F  3OFEB                 46    0.018   3.666   0.000   0.000   0.999   0.001
B L  3OFEB                 47    0.201  36.750   0.000   0.000   0.988   0.011
B F  3OFEB                 48    0.029   5.725   0.000   0.000   0.925   0.075
E K  3OFEB                 49    0.545 112.059   0.000   0.004   0.022   0.973
E D  3OFEB                 50    0.524  75.527   0.000   0.009   0.018   0.973
E G  3OFEB                 51    0.343  26.977   0.000   0.630   0.003   0.367
E T  3OFEB                 52    0.579  80.246   0.000   0.824   0.001   0.175
E Q  3OFEB                 53    0.295  52.627   0.000   0.899   0.032   0.069
B A  3OFEB                 54    0.066   7.231   0.000   0.989   0.003   0.009
E W  3OFEB                 55    0.525 126.267   0.000   0.996   0.001   0.003
E D  3OFEB                 56    0.481  69.296   0.000   0.994   0.001   0.004
B A  3OFEB                 57    0.013   1.406   0.000   0.993   0.000   0.007
E K  3OFEB                 58    0.256  52.642   0.000   0.999   0.000   0.001
E D  3OFEB                 59    0.531  76.478   0.000   0.999   0.000   0.001
B F  3OFEB                 60    0.201  40.296   0.000   0.998   0.000   0.002
B L  3OFEB                 61    0.034   6.315   0.000   0.994   0.000   0.005
E I  3OFEB                 62    0.347  64.267   0.000   0.925   0.002   0.073
E E  3OFEB                 63    0.722 126.069   0.000   0.717   0.001   0.283
B Q  3OFEB                 64    0.207  37.010   0.000   0.034   0.001   0.965
E E  3OFEB                 65    0.852 148.840   0.000   0.066   0.004   0.930
E R  3OFEB                 66    0.450 103.119   0.000   0.077   0.040   0.883
B C  3OFEB                 67    0.071   9.942   0.000   0.003   0.887   0.109
E K  3OFEB                 68    0.603 124.042   0.000   0.000   0.962   0.038
E G  3OFEB                 69    0.295  23.193   0.000   0.000   0.994   0.005
B V  3OFEB                 70    0.155  23.767   0.000   0.000   0.994   0.006
E T  3OFEB                 71    0.388  53.773   0.000   0.001   0.985   0.015
E I  3OFEB                 72    0.256  47.325   0.000   0.003   0.898   0.100
E E  3OFEB                 73    0.510  89.041   0.000   0.011   0.506   0.483
E N  3OFEB                 74    0.729 106.679   0.000   0.006   0.147   0.847
E K  3OFEB                 75    0.638 131.288   0.000   0.005   0.080   0.914
E E  3OFEB                 76    0.929 162.315   0.000   0.000   0.000   0.999
