60,64,0.237623
43,45,0.211376
11,12,0.202713
38,45,0.195631
39,60,0.183678
46,56,0.183356
3,5,0.180001
1,2,0.179097
27,30,0.177452
16,37,0.165918
6,24,0.165756
21,44,0.163821
50,58,0.158487
51,56,0.157939
19,20,0.151721
47,50,0.151461
7,13,0.148260
38,63,0.147229
10,16,0.145256
72,73,0.144657
26,39,0.140394
20,24,0.139837
51,61,0.137718
5,8,0.134745
55,58,0.134407
30,31,0.133551
31,32,0.132902
67,70,0.132478
61,71,0.132368
14,41,0.131944
11,37,0.131694
4,17,0.128904
47,54,0.128435
42,50,0.127745
23,66,0.127453
67,73,0.126015
24,30,0.125830
46,51,0.125279
60,67,0.124439
6,11,0.124368
7,49,0.123633
64,69,0.122161
2,13,0.121962
67,72,0.120333
2,14,0.119856
11,76,0.119787
15,16,0.119605
48,57,0.118753
67,76,0.118742
45,48,0.118081
39,40,0.117041
16,27,0.116971
9,11,0.116642
39,64,0.113953
14,15,0.112994
71,73,0.112844
15,75,0.112798
57,69,0.112300
16,70,0.111864
5,6,0.111296
66,75,0.111245
27,37,0.110463
75,76,0.110008
12,13,0.109402
4,12,0.109337
45,47,0.108858
6,21,0.108060
23,38,0.107453
38,61,0.107389
7,11,0.107308
59,62,0.105479
9,16,0.105233
46,48,0.104881
45,55,0.104347
24,28,0.103466
13,16,0.103323
11,35,0.103019
64,66,0.102598
44,45,0.102245
8,9,0.102144
28,30,0.102132
13,56,0.102062
67,68,0.101255
45,49,0.101071
17,18,0.100168
34,61,0.099715
16,20,0.099684
29,56,0.099651
10,13,0.099592
34,36,0.099540
70,71,0.098862
20,40,0.098505
46,60,0.098471
67,69,0.098467
9,75,0.098357
56,57,0.098199
9,14,0.097673
30,33,0.097311
58,63,0.096948
3,4,0.096612
67,71,0.096553
33,54,0.096354
50,52,0.095595
14,27,0.094886
3,7,0.094767
10,12,0.094489
53,57,0.093919
2,18,0.093880
7,9,0.093508
44,46,0.093300
28,54,0.093183
24,37,0.093030
5,35,0.092739
8,73,0.092405
62,66,0.092184
12,75,0.092172
26,34,0.091043
18,50,0.090846
47,48,0.090485
31,43,0.090279
30,40,0.089921
25,43,0.089822
35,36,0.089686
50,61,0.089514
30,61,0.088974
53,54,0.088311
18,19,0.088066
17,19,0.088042
32,53,0.088037
3,38,0.087911
21,28,0.087889
69,72,0.087675
8,12,0.087369
30,51,0.087232
52,54,0.087183
21,37,0.086448
15,33,0.086229
16,76,0.086152
54,55,0.086125
20,67,0.085819
59,70,0.085721
45,46,0.085705
9,27,0.085594
11,13,0.085431
6,20,0.084977
9,15,0.084942
21,57,0.084389
4,7,0.084242
2,27,0.084182
39,50,0.084017
6,36,0.083392
34,58,0.083278
4,6,0.082752
8,45,0.082663
15,26,0.082385
25,28,0.081947
33,53,0.081644
29,36,0.081250
11,15,0.081225
48,53,0.081078
20,52,0.080881
50,51,0.080877
26,29,0.080718
1,5,0.080683
64,72,0.080402
72,76,0.080298
28,34,0.080229
40,62,0.080205
41,61,0.079800
9,10,0.079800
68,69,0.079746
11,16,0.079703
10,14,0.079688
5,7,0.079529
34,65,0.079439
7,20,0.079055
42,65,0.078684
36,50,0.078497
2,4,0.078418
43,49,0.078104
3,18,0.077995
29,34,0.077910
26,38,0.077894
66,67,0.077880
71,75,0.077782
25,29,0.077597
57,63,0.077511
51,57,0.077462
18,32,0.077222
28,68,0.077218
18,21,0.077045
19,63,0.076992
49,61,0.076975
58,59,0.076437
60,72,0.076356
56,69,0.075771
59,71,0.075166
2,6,0.074668
39,51,0.074455
40,68,0.074309
51,54,0.074093
41,44,0.074064
2,8,0.074007
31,33,0.073990
26,50,0.073697
6,17,0.073647
1,3,0.073464
22,33,0.073334
8,43,0.073295
52,53,0.073128
56,64,0.073077
49,72,0.072467
25,70,0.072440
26,42,0.072193
7,29,0.072020
50,53,0.071903
3,13,0.071831
48,61,0.071803
51,67,0.071573
44,72,0.071288
30,38,0.070897
50,59,0.070894
24,33,0.070815
31,35,0.070814
51,64,0.070772
55,63,0.070770
43,61,0.070488
18,22,0.070062
19,21,0.069866
7,10,0.069757
14,23,0.069692
28,38,0.069677
14,42,0.069597
18,27,0.069447
13,22,0.069189
1,66,0.069144
6,13,0.069114
37,55,0.069075
8,24,0.068990
7,43,0.068755
8,16,0.068654
7,68,0.068549
33,34,0.068347
27,43,0.068252
3,17,0.068206
35,40,0.067937
9,13,0.067774
59,64,0.067405
10,11,0.067401
7,19,0.067277
16,74,0.066942
53,58,0.066803
2,29,0.066704
51,73,0.066391
53,62,0.066315
66,76,0.066225
48,73,0.066222
7,12,0.066080
46,72,0.066048
42,74,0.066047
59,74,0.066039
12,15,0.065905
38,60,0.065896
36,37,0.065840
53,55,0.065840
62,68,0.065386
24,43,0.065361
64,65,0.065263
9,12,0.064972
17,44,0.064934
34,42,0.064686
20,22,0.064600
36,47,0.064533
31,53,0.064200
60,62,0.064162
23,48,0.064116
9,68,0.064080
31,40,0.064061
4,11,0.063986
22,42,0.063421
48,62,0.063246
13,24,0.063204
4,8,0.062879
41,42,0.062693
1,8,0.062687
74,75,0.062625
60,69,0.062094
54,70,0.061949
5,75,0.061809
4,72,0.061632
3,8,0.061622
41,63,0.061424
46,47,0.061401
1,19,0.061342
43,47,0.061165
25,31,0.061069
25,30,0.061007
67,75,0.060945
62,69,0.060735
2,15,0.060610
5,40,0.060517
10,30,0.060487
51,58,0.060466
30,73,0.060466
35,49,0.060455
22,47,0.060318
10,74,0.060286
17,26,0.060255
69,76,0.060072
36,48,0.060047
3,12,0.059718
12,52,0.059528
10,62,0.059506
8,13,0.059163
13,76,0.059021
22,44,0.058765
7,8,0.058755
5,56,0.058475
4,9,0.058404
59,76,0.058277
56,61,0.058064
17,59,0.058045
2,10,0.057715
1,9,0.057555
30,74,0.057209
39,66,0.057124
8,10,0.057091
13,19,0.057059
39,53,0.056953
54,59,0.056861
73,74,0.056857
56,60,0.056767
28,64,0.056644
3,74,0.056484
33,63,0.056483
32,57,0.056458
9,76,0.056415
17,43,0.056361
28,31,0.056202
23,57,0.056181
8,71,0.056144
33,35,0.055927
46,73,0.055838
14,37,0.055835
38,44,0.055677
40,71,0.055467
7,15,0.055453
47,57,0.055432
38,40,0.055321
5,13,0.054788
68,70,0.054559
51,72,0.054503
15,65,0.054486
1,23,0.054257
10,27,0.054185
38,64,0.053992
39,48,0.053611
1,7,0.053529
49,74,0.053444
24,35,0.053326
14,22,0.053189
52,63,0.053119
16,33,0.053026
17,24,0.052966
32,48,0.052732
48,60,0.052680
36,58,0.052559
23,71,0.052385
6,10,0.052303
53,56,0.052193
63,69,0.052153
22,65,0.052093
15,27,0.052081
45,71,0.052011
23,64,0.051977
70,73,0.051803
12,22,0.051780
28,60,0.051651
29,55,0.051480
43,56,0.051321
27,31,0.051265
1,16,0.051048
61,67,0.051032
30,37,0.050991
55,57,0.050840
68,71,0.050833
19,41,0.050801
25,73,0.050738
17,58,0.050620
14,33,0.050512
44,55,0.050378
1,15,0.050238
39,41,0.049903
43,73,0.049862
54,58,0.049854
32,63,0.049553
48,58,0.049442
40,56,0.049437
62,70,0.049359
15,76,0.049295
8,11,0.049275
32,44,0.049237
4,65,0.049189
7,76,0.049168
68,76,0.049007
5,51,0.048837
62,65,0.048796
51,70,0.048777
41,70,0.048732
8,70,0.048587
8,56,0.048566
9,29,0.048502
20,39,0.048446
60,66,0.048439
53,60,0.048432
17,52,0.048359
20,35,0.048227
15,48,0.048127
49,54,0.048050
57,60,0.047992
8,57,0.047723
3,11,0.047619
19,26,0.047438
9,21,0.047359
42,70,0.047263
16,41,0.047220
36,55,0.047023
4,10,0.046937
3,14,0.046718
4,14,0.046620
47,56,0.046598
65,66,0.046580
40,73,0.046554
53,66,0.046505
65,67,0.046420
51,69,0.046285
64,75,0.046285
72,74,0.046216
53,74,0.045970
23,51,0.045959
26,54,0.045901
52,58,0.045863
3,28,0.045760
24,59,0.045741
47,63,0.045651
5,45,0.045571
4,29,0.045522
65,76,0.045492
2,31,0.045369
57,74,0.045271
52,65,0.045271
60,74,0.045257
24,48,0.044998
25,26,0.044940
8,25,0.044904
54,63,0.044891
31,34,0.044723
13,15,0.044598
4,73,0.044585
6,33,0.044563
2,12,0.044546
21,48,0.044481
24,64,0.044446
4,43,0.044445
37,44,0.044073
7,17,0.044069
49,76,0.044042
14,19,0.044008
12,68,0.043957
32,33,0.043886
1,14,0.043836
25,40,0.043741
28,51,0.043657
24,46,0.043513
56,70,0.043480
9,20,0.043355
6,30,0.043308
57,70,0.043207
40,74,0.043193
42,56,0.042853
59,66,0.042788
66,72,0.042621
10,45,0.042578
30,59,0.042389
59,67,0.042172
11,19,0.042042
67,74,0.042005
32,40,0.042004
34,47,0.041963
70,72,0.041949
5,14,0.041897
31,67,0.041804
19,28,0.041608
36,39,0.041592
33,65,0.041581
34,35,0.041514
39,61,0.041471
22,29,0.041360
47,53,0.041348
39,74,0.041321
14,29,0.041321
9,19,0.041317
35,54,0.041177
25,27,0.041082
56,59,0.041079
6,9,0.041050
44,60,0.041027
18,71,0.040990
42,59,0.040875
34,50,0.040789
57,73,0.040776
59,65,0.040597
71,74,0.040553
36,54,0.040501
24,45,0.040485
25,69,0.040376
11,27,0.040330
51,60,0.040275
13,20,0.040208
8,17,0.040202
41,46,0.040161
65,75,0.040041
41,53,0.039975
41,54,0.039938
28,44,0.039864
26,32,0.039793
38,71,0.039764
18,37,0.039730
29,59,0.039705
61,68,0.039691
19,69,0.039583
43,48,0.039554
5,12,0.039551
22,35,0.039482
26,31,0.039459
11,74,0.039249
25,67,0.039209
2,23,0.039128
55,73,0.039082
32,54,0.039078
3,27,0.038939
25,38,0.038765
26,41,0.038688
26,63,0.038654
5,31,0.038293
68,75,0.038266
36,62,0.038249
3,61,0.038176
3,6,0.038174
20,49,0.038123
16,47,0.038056
25,50,0.038048
61,64,0.037936
25,32,0.037809
12,76,0.037798
1,12,0.037783
12,42,0.037748
17,37,0.037730
60,70,0.037682
17,31,0.037615
27,28,0.037589
41,52,0.037588
46,55,0.037544
37,67,0.037497
52,73,0.037494
6,8,0.037475
15,22,0.037469
46,66,0.037434
55,62,0.037322
46,70,0.037311
25,34,0.037276
59,63,0.037244
41,49,0.037201
22,34,0.037105
15,35,0.037073
49,63,0.037063
57,58,0.036961
5,24,0.036944
23,36,0.036931
32,36,0.036900
49,64,0.036807
62,64,0.036796
5,28,0.036795
50,62,0.036781
23,58,0.036445
1,10,0.036415
15,49,0.036401
28,59,0.036391
48,51,0.036373
43,46,0.036258
19,22,0.036231
33,51,0.035960
21,45,0.035905
3,37,0.035896
21,71,0.035883
45,72,0.035879
45,73,0.035879
10,41,0.035873
39,67,0.035861
28,71,0.035829
39,57,0.035782
24,47,0.035762
31,37,0.035616
47,58,0.035533
56,67,0.035368
7,35,0.035268
6,7,0.035232
11,38,0.035133
7,69,0.035088
65,69,0.035075
11,21,0.034943
17,51,0.034871
22,75,0.034736
3,45,0.034683
55,70,0.034552
18,57,0.034464
8,14,0.034407
12,49,0.034384
11,18,0.034373
28,33,0.034271
54,73,0.034206
45,56,0.034185
38,43,0.034052
7,22,0.033971
23,52,0.033934
39,62,0.033748
49,75,0.033739
52,59,0.033682
20,66,0.033462
27,66,0.033451
34,49,0.033380
44,52,0.033220
42,58,0.033215
10,37,0.033063
10,42,0.033048
40,65,0.032957
5,71,0.032930
5,43,0.032872
13,68,0.032849
38,39,0.032761
31,36,0.032748
56,71,0.032717
61,75,0.032610
39,76,0.032544
56,65,0.032528
71,76,0.032421
14,18,0.032418
35,60,0.032377
57,67,0.032349
45,61,0.032207
61,65,0.031965
2,63,0.031939
62,72,0.031915
16,55,0.031906
13,25,0.031831
1,13,0.031789
54,65,0.031765
4,40,0.031741
43,64,0.031736
65,68,0.031695
16,32,0.031642
22,74,0.031640
21,68,0.031637
20,34,0.031630
14,53,0.031582
53,70,0.031500
11,14,0.031450
38,41,0.031363
10,22,0.031320
1,76,0.031285
15,19,0.031189
17,54,0.031148
57,72,0.031096
2,71,0.031079
26,69,0.031078
12,61,0.031039
12,14,0.030994
43,55,0.030846
17,48,0.030823
34,54,0.030803
52,55,0.030736
29,76,0.030727
52,72,0.030709
35,57,0.030681
19,70,0.030628
30,56,0.030611
49,68,0.030571
22,30,0.030530
11,55,0.030478
38,74,0.030458
12,16,0.030447
50,73,0.030326
53,64,0.030091
20,64,0.030085
69,71,0.030084
35,50,0.030052
32,66,0.030007
23,39,0.029672
12,27,0.029634
5,21,0.029615
1,75,0.029599
8,35,0.029572
63,68,0.029538
1,11,0.029494
44,48,0.029472
44,70,0.029453
35,65,0.029400
19,35,0.029390
53,75,0.029321
28,36,0.029222
17,64,0.029170
6,62,0.029086
30,32,0.029080
20,76,0.029076
66,73,0.029062
63,76,0.028968
42,47,0.028898
18,75,0.028887
15,39,0.028872
27,33,0.028871
36,65,0.028766
5,64,0.028725
28,43,0.028667
23,49,0.028641
16,18,0.028630
32,39,0.028497
74,76,0.028477
31,48,0.028416
63,70,0.028331
36,52,0.028311
51,66,0.028289
22,36,0.028181
40,63,0.028158
37,42,0.028146
2,74,0.028107
15,29,0.028101
22,39,0.028062
26,33,0.027835
60,65,0.027802
20,50,0.027790
19,44,0.027772
14,17,0.027757
45,57,0.027740
18,73,0.027679
25,63,0.027595
12,20,0.027577
35,52,0.027511
62,76,0.027470
58,70,0.027427
65,72,0.027302
46,49,0.027253
5,9,0.027167
49,55,0.027156
23,30,0.027118
9,71,0.027084
47,69,0.027060
10,59,0.027028
6,14,0.027019
33,37,0.026937
2,65,0.026929
8,31,0.026906
14,55,0.026852
4,32,0.026794
63,71,0.026750
32,41,0.026730
6,44,0.026682
11,20,0.026614
33,36,0.026602
29,65,0.026600
28,73,0.026595
1,38,0.026525
42,73,0.026490
16,66,0.026408
13,55,0.026346
36,64,0.026330
35,48,0.026208
45,74,0.025914
22,67,0.025875
19,52,0.025854
1,49,0.025807
40,60,0.025796
3,47,0.025726
13,58,0.025713
44,51,0.025673
21,65,0.025441
39,46,0.025362
25,59,0.025334
35,70,0.025297
21,35,0.025296
10,66,0.025262
28,72,0.025180
56,72,0.025105
28,42,0.025098
3,20,0.025085
48,67,0.025072
2,22,0.024906
9,55,0.024817
21,23,0.024672
4,5,0.024529
34,68,0.024489
18,39,0.024479
7,18,0.024450
33,46,0.024441
71,72,0.024407
24,25,0.024363
25,51,0.024225
29,58,0.024210
23,25,0.024134
42,75,0.023999
5,61,0.023881
31,60,0.023860
55,71,0.023846
15,69,0.023789
36,57,0.023786
41,43,0.023528
48,52,0.023503
6,28,0.023497
54,72,0.023362
16,17,0.023265
4,53,0.023224
1,20,0.023131
52,70,0.023020
54,71,0.023012
38,59,0.022995
6,34,0.022870
22,61,0.022862
5,42,0.022832
16,49,0.022826
32,43,0.022792
23,73,0.022792
23,46,0.022786
47,55,0.022746
40,76,0.022709
60,63,0.022686
58,73,0.022680
9,45,0.022679
59,60,0.022674
42,63,0.022638
22,27,0.022499
32,37,0.022447
69,70,0.022319
13,37,0.022244
4,75,0.022218
7,74,0.022207
2,66,0.022187
41,55,0.022106
23,53,0.022000
58,74,0.021940
60,71,0.021876
2,34,0.021841
23,31,0.021761
40,45,0.021752
2,26,0.021741
26,36,0.021737
44,53,0.021701
41,50,0.021682
25,47,0.021543
38,66,0.021520
18,38,0.021510
18,52,0.021491
3,26,0.021480
47,75,0.021415
34,45,0.021410
42,76,0.021312
10,19,0.021254
15,36,0.021186
61,72,0.021083
51,63,0.021057
14,47,0.020998
19,59,0.020994
33,41,0.020927
39,42,0.020889
14,68,0.020875
14,20,0.020864
58,68,0.020839
4,22,0.020806
32,69,0.020707
19,47,0.020672
22,26,0.020564
24,66,0.020547
32,50,0.020529
4,58,0.020469
25,61,0.020456
21,49,0.020413
44,56,0.020362
9,36,0.020344
32,56,0.020318
16,75,0.020178
43,52,0.020139
5,26,0.020115
32,64,0.020067
17,25,0.019981
6,48,0.019898
1,42,0.019889
9,18,0.019884
48,72,0.019883
13,21,0.019812
9,37,0.019773
10,67,0.019661
23,42,0.019658
12,34,0.019531
29,33,0.019432
17,36,0.019344
23,32,0.019201
7,23,0.019166
13,48,0.019028
25,58,0.019016
33,60,0.018929
2,5,0.018902
19,76,0.018886
63,72,0.018870
4,47,0.018860
8,15,0.018839
46,57,0.018826
25,37,0.018816
25,33,0.018811
7,47,0.018793
42,64,0.018676
40,44,0.018645
6,54,0.018620
49,57,0.018563
68,73,0.018547
35,73,0.018533
8,75,0.018512
17,34,0.018442
42,53,0.018411
33,59,0.018407
1,44,0.018402
14,75,0.018395
34,59,0.018322
44,68,0.018263
6,15,0.018256
17,38,0.018245
19,55,0.018165
29,69,0.018018
57,64,0.018006
41,45,0.017990
48,74,0.017966
29,47,0.017952
66,69,0.017922
26,27,0.017806
47,74,0.017742
63,65,0.017696
10,20,0.017632
56,73,0.017550
5,32,0.017477
22,59,0.017475
41,56,0.017472
23,34,0.017430
29,37,0.017424
31,70,0.017412
46,58,0.017242
47,51,0.017235
49,71,0.017233
23,59,0.017208
22,63,0.017125
46,62,0.017094
28,46,0.017072
28,35,0.017065
2,3,0.017041
9,41,0.017030
54,62,0.016948
50,60,0.016676
18,49,0.016667
9,62,0.016664
29,63,0.016656
4,74,0.016643
70,75,0.016637
32,35,0.016621
11,36,0.016615
53,76,0.016598
16,29,0.016563
10,72,0.016424
57,66,0.016403
19,40,0.016246
6,51,0.016232
58,60,0.016224
10,26,0.016209
21,30,0.016143
15,32,0.016086
18,23,0.016070
27,29,0.016061
27,45,0.015999
25,35,0.015985
30,43,0.015937
52,56,0.015866
8,67,0.015806
10,15,0.015720
20,70,0.015696
13,27,0.015649
30,64,0.015617
30,34,0.015579
21,73,0.015526
44,69,0.015524
40,43,0.015516
25,62,0.015512
21,69,0.015507
61,73,0.015472
56,68,0.015397
41,57,0.015392
32,72,0.015318
23,28,0.015301
21,33,0.015293
7,14,0.015270
29,68,0.015240
10,55,0.015215
28,61,0.015207
39,58,0.015186
18,29,0.015133
60,73,0.015128
5,11,0.015012
33,52,0.014983
3,15,0.014922
31,52,0.014753
3,36,0.014711
32,65,0.014681
1,6,0.014629
36,42,0.014616
3,64,0.014535
12,55,0.014486
23,72,0.014442
4,70,0.014400
6,37,0.014345
33,48,0.014314
25,54,0.014250
17,30,0.014212
31,71,0.014142
2,35,0.014137
69,75,0.014089
24,54,0.014066
23,26,0.013974
5,10,0.013929
10,76,0.013901
15,47,0.013880
52,67,0.013825
50,65,0.013803
23,24,0.013782
36,53,0.013691
11,63,0.013623
31,72,0.013567
33,69,0.013529
17,69,0.013525
14,16,0.013491
28,62,0.013419
9,53,0.013400
5,15,0.013367
42,45,0.013308
37,47,0.013271
61,74,0.013261
44,49,0.013195
62,73,0.013139
58,65,0.013090
36,75,0.013080
25,53,0.013045
37,43,0.012951
19,33,0.012930
14,34,0.012915
11,49,0.012880
2,9,0.012846
35,71,0.012837
49,52,0.012672
27,59,0.012635
4,30,0.012589
57,59,0.012566
39,59,0.012531
58,62,0.012525
14,31,0.012494
2,75,0.012409
13,65,0.012327
17,62,0.012266
51,52,0.012243
8,69,0.012169
17,39,0.012100
56,76,0.012016
11,75,0.011995
42,71,0.011991
11,41,0.011959
48,64,0.011872
46,61,0.011836
44,57,0.011736
51,65,0.011717
18,55,0.011696
4,76,0.011639
27,47,0.011592
27,32,0.011556
18,63,0.011526
46,52,0.011524
19,68,0.011452
26,40,0.011392
40,52,0.011390
29,51,0.011388
22,72,0.011388
3,22,0.011344
20,68,0.011302
2,41,0.011291
6,60,0.011284
35,64,0.011272
26,28,0.011248
34,41,0.011245
8,21,0.011203
21,39,0.011113
21,53,0.011016
20,74,0.011013
40,66,0.010903
35,44,0.010900
43,51,0.010876
23,50,0.010746
10,31,0.010715
18,34,0.010646
39,45,0.010569
30,67,0.010545
11,29,0.010510
57,68,0.010418
5,38,0.010415
64,73,0.010411
29,30,0.010392
54,68,0.010381
13,26,0.010316
20,38,0.010305
66,70,0.010286
12,74,0.010235
23,60,0.010173
40,42,0.010162
2,16,0.010115
38,47,0.009891
21,22,0.009871
44,76,0.009830
32,51,0.009819
1,21,0.009770
32,47,0.009751
12,23,0.009643
31,39,0.009619
51,53,0.009616
29,66,0.009570
17,35,0.009566
35,69,0.009566
28,32,0.009556
50,57,0.009513
20,27,0.009509
28,39,0.009497
13,33,0.009481
32,73,0.009444
27,71,0.009441
37,48,0.009359
12,17,0.009325
13,18,0.009314
55,65,0.009213
22,69,0.009194
50,64,0.009186
17,65,0.009169
53,68,0.009137
28,75,0.009131
29,71,0.009125
7,55,0.009115
11,39,0.009095
21,76,0.009081
31,54,0.009069
66,68,0.009008
9,65,0.008808
20,56,0.008786
2,70,0.008749
46,54,0.008646
2,7,0.008644
31,69,0.008600
6,12,0.008567
24,61,0.008414
4,57,0.008410
40,67,0.008389
4,16,0.008360
36,40,0.008259
18,20,0.008250
32,71,0.008230
19,57,0.008204
40,51,0.008151
7,27,0.008093
39,49,0.008086
25,68,0.008031
65,71,0.008001
19,53,0.007966
23,69,0.007964
19,25,0.007905
26,65,0.007789
21,40,0.007678
17,60,0.007430
4,61,0.007391
58,64,0.007276
16,34,0.007271
3,10,0.007240
37,49,0.007217
32,46,0.007132
14,35,0.007098
26,56,0.007089
33,76,0.007074
5,17,0.006869
7,65,0.006746
19,67,0.006714
37,62,0.006689
25,56,0.006685
46,74,0.006528
27,38,0.006515
68,74,0.006399
39,71,0.006380
3,60,0.006318
27,35,0.006310
13,14,0.006301
42,62,0.006241
1,47,0.006152
20,33,0.006123
41,47,0.006123
20,29,0.006066
7,39,0.006041
23,40,0.005968
16,45,0.005914
44,62,0.005912
60,61,0.005901
37,76,0.005898
17,50,0.005884
21,55,0.005881
37,39,0.005861
4,13,0.005857
19,50,0.005848
52,74,0.005816
5,60,0.005760
42,54,0.005727
20,59,0.005704
20,46,0.005667
32,34,0.005600
30,62,0.005600
27,50,0.005564
25,57,0.005525
27,76,0.005423
7,36,0.005411
27,36,0.005386
34,52,0.005381
34,74,0.005348
3,33,0.005326
13,62,0.005325
4,26,0.005297
5,70,0.005281
44,54,0.005280
21,26,0.005247
10,73,0.005247
22,40,0.005217
46,53,0.005200
37,45,0.005146
4,27,0.005142
29,31,0.005128
52,57,0.005112
6,66,0.005100
32,60,0.005072
46,67,0.005046
29,75,0.004966
37,52,0.004945
28,40,0.004879
25,49,0.004879
24,72,0.004786
17,27,0.004634
13,44,0.004627
21,72,0.004607
60,75,0.004549
23,27,0.004458
30,65,0.004435
30,46,0.004433
26,49,0.004431
30,63,0.004394
4,24,0.004389
37,74,0.004379
49,50,0.004355
64,74,0.004239
38,48,0.004236
61,62,0.004216
26,53,0.004183
43,62,0.004159
42,52,0.004122
43,54,0.003872
16,25,0.003840
8,29,0.003814
13,63,0.003774
12,19,0.003673
1,27,0.003649
14,49,0.003638
11,68,0.003631
17,29,0.003590
11,24,0.003589
44,71,0.003491
21,52,0.003488
50,72,0.003477
50,54,0.003408
3,63,0.003405
41,64,0.003366
34,46,0.003348
2,46,0.003295
6,57,0.003289
27,65,0.003211
18,76,0.002974
50,63,0.002836
39,68,0.002786
17,68,0.002776
29,52,0.002772
47,72,0.002765
18,64,0.002712
40,70,0.002693
15,24,0.002679
19,66,0.002660
15,20,0.002644
25,45,0.002622
14,45,0.002619
11,26,0.002561
9,22,0.002522
14,32,0.002476
11,52,0.002406
6,63,0.002356
30,66,0.002344
68,72,0.002316
22,52,0.002312
6,75,0.002312
31,49,0.002304
15,62,0.002287
13,66,0.002272
18,25,0.002246
4,59,0.001991
2,72,0.001880
6,47,0.001838
15,52,0.001834
29,38,0.001795
25,72,0.001759
1,31,0.001735
17,41,0.001693
32,42,0.001587
18,53,0.001582
13,32,0.001567
23,33,0.001551
31,74,0.001519
3,42,0.001518
33,44,0.001495
56,58,0.001448
35,47,0.001315
13,41,0.001257
7,21,0.001189
52,69,0.001187
16,42,0.001073
21,74,0.001035
55,76,0.000929
5,74,0.000919
49,62,0.000871
11,33,0.000866
4,66,0.000817
16,30,0.000791
6,64,0.000725
2,67,0.000588
3,52,0.000578
44,64,0.000576
21,25,0.000483
17,67,0.000385
18,42,0.000384
16,40,0.000379
48,50,0.000359
37,41,0.000321
14,76,0.000299
24,62,0.000126
15,37,0.000103
39,54,0.000037
41,72,-0.000038
9,35,-0.000194
60,68,-0.000316
49,66,-0.000345
52,75,-0.000424
12,37,-0.000471
1,36,-0.000483
7,45,-0.000494
3,35,-0.000494
61,69,-0.000536
41,68,-0.000730
18,44,-0.000741
37,69,-0.000908
14,48,-0.000916
12,41,-0.000932
5,62,-0.001058
44,59,-0.001068
29,50,-0.001083
38,50,-0.001093
15,34,-0.001118
6,68,-0.001240
3,32,-0.001353
56,75,-0.001394
54,61,-0.001570
38,73,-0.001607
4,42,-0.001672
31,57,-0.001710
46,69,-0.001713
6,16,-0.001716
26,35,-0.001725
15,58,-0.001801
1,33,-0.001819
48,55,-0.001922
69,73,-0.001929
21,60,-0.001933
19,29,-0.001961
3,50,-0.001996
33,40,-0.002019
2,58,-0.002075
27,55,-0.002122
1,4,-0.002210
61,63,-0.002255
15,68,-0.002273
55,72,-0.002309
31,41,-0.002392
14,65,-0.002410
36,69,-0.002421
49,58,-0.002509
20,21,-0.002515
22,54,-0.002518
42,55,-0.002541
46,75,-0.002554
59,69,-0.002598
35,66,-0.002679
55,69,-0.002681
21,46,-0.002740
62,75,-0.002771
8,72,-0.002795
55,68,-0.002805
57,71,-0.002866
11,28,-0.002873
32,55,-0.002876
30,35,-0.002938
6,45,-0.002939
53,63,-0.003061
30,39,-0.003083
28,53,-0.003164
48,54,-0.003255
34,38,-0.003271
28,65,-0.003394
1,18,-0.003404
1,61,-0.003451
52,76,-0.003505
10,70,-0.003515
22,76,-0.003551
3,56,-0.003559
2,25,-0.003572
13,42,-0.003584
7,75,-0.003619
36,72,-0.003777
29,43,-0.003892
19,74,-0.003905
20,41,-0.004000
49,65,-0.004064
37,40,-0.004084
31,73,-0.004200
4,50,-0.004238
10,18,-0.004323
2,76,-0.004370
3,9,-0.004482
41,76,-0.004485
3,58,-0.004514
24,56,-0.004540
17,20,-0.004576
11,17,-0.004604
1,45,-0.004674
22,60,-0.004730
64,68,-0.004800
35,67,-0.004825
24,51,-0.004858
17,70,-0.004878
29,35,-0.004944
3,75,-0.004952
26,61,-0.005093
27,49,-0.005095
28,41,-0.005115
6,65,-0.005126
50,67,-0.005334
36,46,-0.005338
9,33,-0.005400
2,32,-0.005464
49,70,-0.005510
8,66,-0.005641
58,69,-0.005650
13,29,-0.005696
31,56,-0.005708
5,66,-0.005764
39,72,-0.005825
1,50,-0.005977
13,70,-0.005990
34,53,-0.006087
35,46,-0.006089
21,62,-0.006106
15,60,-0.006125
16,22,-0.006145
33,58,-0.006196
4,25,-0.006261
14,74,-0.006421
54,66,-0.006523
13,43,-0.006528
26,59,-0.006534
3,16,-0.006534
1,37,-0.006610
8,76,-0.006692
55,74,-0.006693
42,48,-0.006704
41,58,-0.006749
3,71,-0.006773
51,62,-0.006778
11,62,-0.006784
26,48,-0.006784
37,63,-0.006805
55,56,-0.006833
6,61,-0.006873
9,66,-0.006882
34,40,-0.006963
50,69,-0.006981
35,51,-0.006985
11,23,-0.007013
14,44,-0.007014
14,36,-0.007019
40,41,-0.007066
29,49,-0.007073
4,54,-0.007076
1,26,-0.007084
63,75,-0.007114
22,48,-0.007147
31,75,-0.007156
62,67,-0.007188
10,34,-0.007248
55,59,-0.007250
19,30,-0.007262
18,28,-0.007266
21,75,-0.007268
17,42,-0.007295
54,56,-0.007373
49,53,-0.007384
3,19,-0.007496
9,57,-0.007496
4,34,-0.007516
28,67,-0.007548
53,69,-0.007579
42,51,-0.007607
3,54,-0.007659
33,56,-0.007666
36,76,-0.007667
7,57,-0.007675
2,11,-0.007692
59,68,-0.007699
40,58,-0.007753
63,74,-0.007814
24,67,-0.007840
4,52,-0.007848
45,67,-0.007862
14,62,-0.007879
41,74,-0.007894
13,74,-0.007895
9,47,-0.007923
38,72,-0.007946
29,44,-0.007949
26,71,-0.007962
31,44,-0.008053
44,74,-0.008178
52,64,-0.008180
22,71,-0.008242
16,62,-0.008249
21,24,-0.008283
46,63,-0.008316
14,59,-0.008333
24,42,-0.008336
24,40,-0.008422
29,40,-0.008440
16,67,-0.008471
36,70,-0.008489
51,59,-0.008644
19,56,-0.008663
14,51,-0.008719
19,37,-0.008723
16,28,-0.008732
30,48,-0.008802
21,51,-0.008831
27,39,-0.008838
8,27,-0.008901
20,53,-0.009002
23,61,-0.009177
21,31,-0.009279
6,35,-0.009350
58,71,-0.009405
2,68,-0.009431
40,49,-0.009445
30,52,-0.009500
12,29,-0.009520
11,65,-0.009534
46,64,-0.009553
30,36,-0.009569
1,56,-0.009604
4,69,-0.009614
18,59,-0.009751
21,66,-0.009882
3,57,-0.009887
9,24,-0.009939
40,64,-0.010009
1,40,-0.010088
52,66,-0.010130
3,41,-0.010209
31,51,-0.010241
42,68,-0.010337
24,55,-0.010353
8,18,-0.010515
52,68,-0.010515
19,23,-0.010587
59,61,-0.010612
18,35,-0.010622
33,55,-0.010694
29,57,-0.010721
43,68,-0.010741
13,34,-0.010789
8,55,-0.010827
25,64,-0.010846
28,56,-0.010882
10,46,-0.010963
22,24,-0.010969
12,47,-0.011001
1,62,-0.011185
54,57,-0.011187
12,58,-0.011199
37,58,-0.011264
40,61,-0.011289
35,72,-0.011346
69,74,-0.011403
54,64,-0.011418
46,59,-0.011427
22,41,-0.011478
23,56,-0.011488
43,74,-0.011548
49,69,-0.011708
8,23,-0.011768
4,37,-0.011799
18,58,-0.011827
20,62,-0.011848
1,59,-0.011869
36,49,-0.012081
9,74,-0.012109
23,43,-0.012128
50,55,-0.012183
43,44,-0.012330
36,44,-0.012363
9,30,-0.012370
36,51,-0.012404
5,27,-0.012410
26,58,-0.012435
34,76,-0.012441
13,46,-0.012525
22,38,-0.012532
72,75,-0.012599
44,61,-0.012664
4,45,-0.012788
58,67,-0.012820
53,65,-0.012931
34,48,-0.012938
15,21,-0.012948
1,63,-0.012970
47,52,-0.012978
7,31,-0.012999
33,73,-0.013027
12,71,-0.013033
3,30,-0.013054
2,61,-0.013083
26,60,-0.013105
22,46,-0.013109
24,27,-0.013153
7,24,-0.013163
47,64,-0.013165
33,57,-0.013271
10,54,-0.013285
14,70,-0.013398
8,44,-0.013464
8,47,-0.013488
34,57,-0.013508
25,44,-0.013541
23,63,-0.013644
24,75,-0.013671
24,36,-0.013681
34,72,-0.013707
53,72,-0.013796
16,21,-0.013914
32,59,-0.014033
5,46,-0.014046
7,64,-0.014053
1,43,-0.014101
38,67,-0.014159
10,17,-0.014181
18,65,-0.014207
36,60,-0.014221
17,47,-0.014221
8,37,-0.014238
22,55,-0.014333
56,63,-0.014373
6,76,-0.014399
46,76,-0.014402
43,70,-0.014463
1,71,-0.014495
5,49,-0.014605
18,41,-0.014631
17,28,-0.014673
33,39,-0.014702
14,40,-0.014780
34,56,-0.014787
1,74,-0.014822
22,37,-0.014835
27,75,-0.014935
8,19,-0.014970
43,57,-0.015036
34,71,-0.015081
1,29,-0.015084
51,75,-0.015132
57,62,-0.015138
9,69,-0.015144
35,42,-0.015199
9,58,-0.015237
12,44,-0.015246
48,70,-0.015289
16,58,-0.015313
10,75,-0.015358
12,21,-0.015384
9,38,-0.015414
19,73,-0.015447
26,73,-0.015537
28,48,-0.015542
35,58,-0.015560
39,55,-0.015568
18,74,-0.015578
12,26,-0.015581
40,54,-0.015595
61,66,-0.015685
7,62,-0.015687
27,68,-0.015709
5,48,-0.015879
11,54,-0.015915
12,33,-0.015926
48,75,-0.015934
16,71,-0.015989
41,65,-0.015990
43,53,-0.016005
38,53,-0.016077
26,52,-0.016114
43,67,-0.016256
37,75,-0.016272
50,68,-0.016295
19,27,-0.016322
45,52,-0.016328
45,54,-0.016365
25,41,-0.016392
21,36,-0.016406
39,43,-0.016431
10,69,-0.016492
24,29,-0.016522
32,67,-0.016585
16,36,-0.016614
16,19,-0.016616
26,68,-0.016629
8,60,-0.016645
15,42,-0.016664
49,56,-0.016772
58,75,-0.016788
63,73,-0.016817
24,58,-0.016868
35,59,-0.016906
50,74,-0.016922
42,49,-0.016943
37,38,-0.017079
8,49,-0.017099
34,44,-0.017131
22,32,-0.017153
17,63,-0.017189
22,23,-0.017209
29,32,-0.017263
8,41,-0.017400
19,31,-0.017416
2,43,-0.017513
48,59,-0.017568
12,65,-0.017597
2,40,-0.017611
1,68,-0.017632
22,56,-0.017697
18,62,-0.017746
48,56,-0.017808
7,32,-0.017859
57,65,-0.017892
38,46,-0.017892
17,40,-0.017905
51,68,-0.017915
26,74,-0.017953
10,29,-0.018023
4,39,-0.018037
31,66,-0.018105
23,67,-0.018162
34,43,-0.018184
10,47,-0.018201
10,38,-0.018212
41,62,-0.018421
47,73,-0.018426
28,58,-0.018482
39,44,-0.018484
40,53,-0.018508
2,42,-0.018522
9,48,-0.018529
4,41,-0.018583
23,29,-0.018583
17,23,-0.018613
15,44,-0.018623
32,45,-0.018681
1,22,-0.018725
1,46,-0.018727
10,23,-0.018741
37,46,-0.018856
15,17,-0.018860
18,56,-0.018898
12,50,-0.018947
11,47,-0.018972
24,38,-0.019000
64,70,-0.019046
15,61,-0.019102
37,70,-0.019122
53,73,-0.019151
2,38,-0.019177
5,73,-0.019263
54,60,-0.019303
7,50,-0.019305
55,75,-0.019316
36,68,-0.019322
6,71,-0.019345
57,75,-0.019348
11,70,-0.019367
6,18,-0.019438
20,61,-0.019490
1,35,-0.019519
11,69,-0.019667
26,67,-0.019756
23,55,-0.019776
27,58,-0.019779
21,41,-0.019810
15,18,-0.019831
8,20,-0.019870
43,59,-0.019890
33,66,-0.019995
19,38,-0.020142
47,68,-0.020176
30,50,-0.020186
43,60,-0.020215
29,53,-0.020420
16,43,-0.020473
2,37,-0.020531
26,76,-0.020615
18,36,-0.020684
48,63,-0.020710
3,73,-0.020763
20,51,-0.020780
8,38,-0.020813
20,71,-0.020907
4,36,-0.020915
5,58,-0.020980
31,55,-0.021029
48,49,-0.021124
56,62,-0.021199
35,55,-0.021238
9,43,-0.021265
7,37,-0.021297
31,59,-0.021329
23,54,-0.021330
26,46,-0.021344
21,32,-0.021421
65,70,-0.021434
5,18,-0.021468
5,52,-0.021634
14,24,-0.021682
1,70,-0.021692
3,43,-0.021699
62,71,-0.021719
64,67,-0.021772
7,71,-0.021783
62,74,-0.021786
30,58,-0.021790
24,73,-0.021860
33,62,-0.021879
20,55,-0.021897
29,70,-0.021957
65,73,-0.021971
20,75,-0.021984
27,67,-0.022022
8,22,-0.022023
19,34,-0.022029
45,66,-0.022038
37,66,-0.022055
26,57,-0.022066
2,21,-0.022116
1,51,-0.022172
12,63,-0.022212
6,31,-0.022263
2,30,-0.022278
18,26,-0.022299
10,43,-0.022303
34,75,-0.022324
37,61,-0.022352
59,75,-0.022400
57,76,-0.022427
12,18,-0.022499
7,34,-0.022549
27,54,-0.022654
3,24,-0.022740
43,58,-0.022787
63,66,-0.022817
38,51,-0.022830
6,19,-0.022919
44,58,-0.022965
31,64,-0.022972
5,68,-0.022997
12,25,-0.023117
28,50,-0.023154
8,62,-0.023253
15,31,-0.023304
25,52,-0.023315
34,55,-0.023430
10,40,-0.023464
22,25,-0.023466
3,34,-0.023468
18,30,-0.023473
20,45,-0.023662
47,49,-0.023700
19,71,-0.023746
35,76,-0.023846
14,63,-0.023923
2,60,-0.023935
5,29,-0.024042
58,61,-0.024111
35,63,-0.024121
26,45,-0.024138
30,71,-0.024164
29,54,-0.024206
19,42,-0.024435
15,41,-0.024459
15,28,-0.024505
27,40,-0.024533
1,54,-0.024642
38,49,-0.024736
1,65,-0.024882
30,45,-0.024909
30,44,-0.024971
11,42,-0.025015
2,49,-0.025050
9,52,-0.025093
23,37,-0.025143
26,44,-0.025144
31,50,-0.025239
21,29,-0.025339
55,61,-0.025415
42,43,-0.025431
41,48,-0.025441
3,21,-0.025544
1,17,-0.025552
24,68,-0.025698
42,60,-0.025705
44,65,-0.025735
18,51,-0.025759
28,66,-0.025760
48,68,-0.025824
28,63,-0.025895
19,72,-0.025910
7,59,-0.026000
38,57,-0.026101
15,55,-0.026134
18,66,-0.026169
53,59,-0.026190
39,69,-0.026263
1,41,-0.026292
32,52,-0.026426
22,68,-0.026429
20,47,-0.026481
18,40,-0.026564
46,50,-0.026593
2,53,-0.026606
4,44,-0.026678
22,49,-0.026682
38,76,-0.026694
16,31,-0.026716
11,25,-0.026804
36,66,-0.026839
34,64,-0.026843
50,70,-0.026867
12,70,-0.026947
10,61,-0.026950
11,22,-0.026959
38,58,-0.026995
46,68,-0.027013
14,69,-0.027085
21,64,-0.027100
26,30,-0.027123
37,53,-0.027156
37,50,-0.027161
10,52,-0.027222
50,75,-0.027232
1,58,-0.027292
55,66,-0.027325
12,35,-0.027348
10,49,-0.027364
10,24,-0.027371
4,31,-0.027422
1,52,-0.027501
15,72,-0.027509
24,41,-0.027542
24,32,-0.027546
3,72,-0.027571
1,55,-0.027590
16,44,-0.027634
17,73,-0.027635
13,69,-0.027669
27,61,-0.027704
14,66,-0.027712
6,74,-0.027750
43,72,-0.027761
23,62,-0.027773
15,74,-0.027814
48,71,-0.027832
37,57,-0.027835
8,63,-0.027842
41,71,-0.027868
38,52,-0.027905
13,36,-0.027906
19,51,-0.027950
36,38,-0.027952
25,36,-0.028013
41,66,-0.028075
30,41,-0.028077
11,43,-0.028078
4,15,-0.028247
18,47,-0.028286
12,72,-0.028314
19,65,-0.028466
36,41,-0.028493
41,59,-0.028545
43,50,-0.028598
26,47,-0.028630
19,32,-0.028659
12,62,-0.028662
6,23,-0.028729
10,44,-0.028829
5,19,-0.028836
34,51,-0.028907
16,24,-0.028910
16,54,-0.028932
12,69,-0.028952
14,73,-0.028961
12,59,-0.029077
54,67,-0.029121
25,65,-0.029186
27,72,-0.029206
63,67,-0.029282
16,72,-0.029373
66,71,-0.029380
15,40,-0.029407
52,60,-0.029657
10,33,-0.029694
22,28,-0.029806
2,33,-0.029873
5,20,-0.029893
16,61,-0.029948
2,45,-0.029962
61,76,-0.030052
19,49,-0.030171
15,38,-0.030312
11,30,-0.030317
26,43,-0.030319
61,70,-0.030353
25,71,-0.030416
40,48,-0.030443
20,37,-0.030470
18,67,-0.030488
45,69,-0.030501
43,69,-0.030507
30,47,-0.030547
21,67,-0.030574
15,50,-0.030596
19,24,-0.030607
29,42,-0.030679
31,61,-0.030680
50,56,-0.030743
12,43,-0.030771
10,25,-0.030802
19,60,-0.030824
1,53,-0.030826
14,39,-0.030835
1,69,-0.030905
12,57,-0.030937
27,60,-0.031082
5,57,-0.031101
59,72,-0.031110
70,74,-0.031150
40,59,-0.031314
18,54,-0.031315
33,50,-0.031327
58,72,-0.031336
42,67,-0.031345
10,32,-0.031477
24,49,-0.031494
17,21,-0.031504
22,66,-0.031521
34,73,-0.031544
5,33,-0.031562
6,25,-0.031679
30,60,-0.031758
35,37,-0.031809
16,26,-0.031832
21,34,-0.031939
4,55,-0.031947
8,46,-0.032006
9,42,-0.032013
26,75,-0.032129
23,65,-0.032141
16,69,-0.032158
43,71,-0.032164
36,59,-0.032164
9,40,-0.032169
3,25,-0.032177
15,73,-0.032208
7,53,-0.032263
1,32,-0.032295
13,39,-0.032340
17,45,-0.032371
63,64,-0.032417
13,51,-0.032418
33,38,-0.032564
31,63,-0.032583
35,43,-0.032603
14,25,-0.032639
21,38,-0.032785
32,49,-0.032825
41,73,-0.032959
41,69,-0.033006
24,31,-0.033052
11,71,-0.033112
56,66,-0.033264
6,67,-0.033280
47,62,-0.033310
22,43,-0.033372
23,44,-0.033401
16,50,-0.033457
27,42,-0.033463
42,46,-0.033471
7,25,-0.033527
16,65,-0.033799
10,21,-0.033871
70,76,-0.033945
19,36,-0.034209
9,63,-0.034210
7,40,-0.034324
2,55,-0.034365
24,44,-0.034476
12,30,-0.034496
12,53,-0.034521
3,31,-0.034543
12,24,-0.034578
17,33,-0.034629
18,31,-0.034637
48,66,-0.034671
5,47,-0.034683
7,63,-0.034750
17,32,-0.034762
26,51,-0.034782
26,66,-0.034812
36,63,-0.034815
27,62,-0.034817
46,71,-0.034818
42,66,-0.034867
6,72,-0.035005
9,49,-0.035006
7,60,-0.035043
54,69,-0.035044
8,54,-0.035171
2,24,-0.035201
37,56,-0.035206
20,31,-0.035250
8,26,-0.035265
25,60,-0.035386
12,38,-0.035406
26,72,-0.035458
35,38,-0.035491
9,28,-0.035516
41,51,-0.035519
20,28,-0.035554
36,71,-0.035563
2,36,-0.035571
18,33,-0.035576
34,63,-0.035618
45,60,-0.035674
45,58,-0.035676
6,38,-0.035711
38,54,-0.035729
29,41,-0.035780
47,60,-0.035952
33,75,-0.035975
4,68,-0.036022
47,59,-0.036036
5,44,-0.036112
30,55,-0.036117
4,62,-0.036224
44,66,-0.036303
4,63,-0.036305
45,51,-0.036320
13,38,-0.036363
2,52,-0.036413
44,47,-0.036436
59,73,-0.036494
3,46,-0.036673
28,52,-0.036718
7,16,-0.036816
18,48,-0.036844
45,53,-0.036901
20,65,-0.036913
25,42,-0.037008
3,39,-0.037047
27,74,-0.037130
12,28,-0.037228
20,23,-0.037229
2,50,-0.037281
13,17,-0.037305
2,19,-0.037415
4,38,-0.037476
18,45,-0.037493
35,61,-0.037578
2,44,-0.037597
28,69,-0.037632
31,46,-0.037655
21,27,-0.037689
19,64,-0.037712
39,75,-0.037799
20,73,-0.037816
3,44,-0.037818
3,55,-0.037869
23,70,-0.037917
1,64,-0.037939
8,74,-0.037974
24,39,-0.037981
47,61,-0.038044
15,25,-0.038217
1,60,-0.038258
22,50,-0.038329
9,23,-0.038334
58,66,-0.038462
6,46,-0.038561
27,64,-0.038625
62,63,-0.038783
48,69,-0.038788
9,32,-0.038837
15,30,-0.038934
11,59,-0.038960
44,67,-0.039013
13,75,-0.039025
12,66,-0.039029
29,60,-0.039170
31,68,-0.039173
26,55,-0.039319
20,58,-0.039558
54,75,-0.039593
52,62,-0.039652
2,47,-0.039654
4,20,-0.039740
12,39,-0.039740
19,46,-0.039762
24,34,-0.039775
38,68,-0.039786
41,60,-0.039824
24,74,-0.039913
40,69,-0.039947
10,48,-0.040016
15,45,-0.040096
14,57,-0.040105
6,40,-0.040173
7,38,-0.040252
30,68,-0.040324
47,76,-0.040517
22,51,-0.040613
23,41,-0.040719
13,53,-0.040775
5,59,-0.040851
10,50,-0.040901
26,62,-0.040963
19,62,-0.040984
13,61,-0.041045
15,53,-0.041045
46,65,-0.041090
33,49,-0.041126
11,48,-0.041226
17,55,-0.041256
4,35,-0.041262
10,35,-0.041280
33,43,-0.041292
8,53,-0.041349
23,45,-0.041354
28,29,-0.041392
25,75,-0.041411
31,42,-0.041418
41,75,-0.041491
8,34,-0.041523
12,31,-0.041554
1,73,-0.041579
25,55,-0.041579
42,61,-0.041613
13,40,-0.041625
38,70,-0.041895
28,76,-0.041895
18,61,-0.042003
23,76,-0.042108
7,42,-0.042145
8,32,-0.042152
21,63,-0.042273
27,69,-0.042302
30,70,-0.042336
44,50,-0.042481
35,45,-0.042489
35,41,-0.042493
6,52,-0.042532
15,64,-0.042592
36,74,-0.042662
31,45,-0.042842
38,42,-0.042863
39,47,-0.042918
9,54,-0.042921
25,46,-0.042934
8,65,-0.042953
33,72,-0.043038
73,75,-0.043047
2,54,-0.043073
21,58,-0.043174
24,60,-0.043201
8,40,-0.043228
34,62,-0.043273
21,43,-0.043276
15,46,-0.043319
5,16,-0.043644
16,53,-0.043731
32,75,-0.043823
28,70,-0.043834
36,61,-0.043849
31,58,-0.043880
2,20,-0.044023
16,63,-0.044066
50,71,-0.044083
42,69,-0.044117
45,76,-0.044209
34,39,-0.044341
20,26,-0.044366
4,33,-0.044405
20,42,-0.044457
24,26,-0.044470
47,70,-0.044482
32,38,-0.044493
44,73,-0.044543
6,50,-0.044727
23,47,-0.044855
29,72,-0.044884
13,67,-0.045227
33,64,-0.045346
43,63,-0.045432
29,45,-0.045495
30,69,-0.045545
4,48,-0.045701
16,38,-0.045755
19,54,-0.045757
49,60,-0.045899
44,63,-0.045908
9,25,-0.045914
17,22,-0.045917
65,74,-0.045949
45,68,-0.045979
30,53,-0.045987
21,59,-0.046003
29,64,-0.046014
60,76,-0.046040
15,70,-0.046099
18,68,-0.046099
3,48,-0.046116
45,63,-0.046165
5,39,-0.046311
1,34,-0.046315
45,50,-0.046349
6,39,-0.046364
22,73,-0.046484
1,24,-0.046503
7,66,-0.046649
42,44,-0.046697
11,31,-0.046782
24,63,-0.046784
15,23,-0.046867
18,60,-0.046912
32,62,-0.046931
13,23,-0.046932
6,32,-0.046941
24,52,-0.047046
29,48,-0.047070
29,62,-0.047265
43,65,-0.047300
10,68,-0.047328
6,69,-0.047364
11,46,-0.047402
37,54,-0.047477
9,34,-0.047546
24,76,-0.047921
22,58,-0.047946
9,50,-0.047947
2,69,-0.047981
55,64,-0.048002
27,73,-0.048116
36,73,-0.048177
6,22,-0.048202
4,28,-0.048281
45,64,-0.048318
20,63,-0.048324
12,54,-0.048332
49,51,-0.048344
16,46,-0.048347
6,29,-0.048372
39,65,-0.048384
12,73,-0.048466
5,54,-0.048605
13,28,-0.048677
13,47,-0.048911
5,50,-0.048979
13,52,-0.049041
5,30,-0.049045
23,74,-0.049106
30,72,-0.049193
53,67,-0.049277
8,42,-0.049315
10,36,-0.049379
14,50,-0.049444
28,57,-0.049661
31,38,-0.049696
12,56,-0.049702
14,30,-0.049783
24,65,-0.049807
20,60,-0.049826
2,28,-0.049871
4,46,-0.049929
19,43,-0.049986
2,62,-0.050001
5,34,-0.050065
1,25,-0.050299
10,63,-0.050301
11,66,-0.050334
32,70,-0.050407
23,35,-0.050425
37,65,-0.050509
52,61,-0.050509
20,54,-0.050632
16,56,-0.050705
10,65,-0.050744
16,23,-0.050854
3,40,-0.050875
12,45,-0.050948
29,67,-0.050983
37,71,-0.051017
21,54,-0.051050
9,31,-0.051237
22,53,-0.051438
15,51,-0.051510
9,39,-0.051537
5,36,-0.051650
17,46,-0.051737
11,61,-0.051754
1,28,-0.051768
53,61,-0.051794
24,69,-0.051880
1,30,-0.051887
17,49,-0.052044
51,71,-0.052053
28,49,-0.052195
39,70,-0.052259
39,56,-0.052286
26,64,-0.052508
33,68,-0.052715
50,66,-0.052728
2,57,-0.052747
14,21,-0.052771
52,71,-0.052799
6,53,-0.052808
3,59,-0.052829
53,71,-0.052879
5,55,-0.052982
49,59,-0.053032
24,70,-0.053052
43,75,-0.053088
29,46,-0.053120
4,71,-0.053234
19,75,-0.053238
8,64,-0.053279
14,26,-0.053564
20,30,-0.053662
11,53,-0.053748
18,46,-0.053811
34,70,-0.053829
12,67,-0.053940
36,45,-0.053940
43,66,-0.053947
7,33,-0.054001
17,53,-0.054008
42,72,-0.054018
37,51,-0.054192
27,41,-0.054279
2,17,-0.054283
11,57,-0.054378
21,42,-0.054522
35,53,-0.054572
64,76,-0.054635
20,69,-0.054680
22,64,-0.054758
3,76,-0.055043
8,58,-0.055053
9,17,-0.055109
38,55,-0.055119
45,70,-0.055145
3,51,-0.055155
18,72,-0.055290
20,57,-0.055343
2,39,-0.055421
34,69,-0.055440
7,52,-0.055503
29,74,-0.055510
3,66,-0.055600
12,32,-0.055656
33,45,-0.055669
35,39,-0.056016
26,37,-0.056024
5,23,-0.056082
45,75,-0.056183
23,68,-0.056227
5,65,-0.056260
37,59,-0.056331
3,23,-0.056333
13,59,-0.056343
9,44,-0.056382
30,42,-0.056489
12,46,-0.056535
10,64,-0.056596
17,57,-0.056647
7,67,-0.056763
13,73,-0.056825
40,47,-0.056846
26,70,-0.056992
4,23,-0.057020
39,73,-0.057099
17,66,-0.057133
29,73,-0.057313
73,76,-0.057354
28,37,-0.057386
28,45,-0.057400
9,70,-0.057408
49,67,-0.057685
32,58,-0.057740
11,44,-0.057843
29,39,-0.057844
8,48,-0.057959
21,70,-0.058081
5,76,-0.058259
16,68,-0.058370
33,47,-0.058405
47,71,-0.058410
2,73,-0.058540
19,61,-0.058596
14,60,-0.058646
64,71,-0.058649
22,70,-0.058717
3,49,-0.058914
27,52,-0.058945
56,74,-0.059046
21,56,-0.059185
3,70,-0.059187
13,35,-0.059254
47,67,-0.059328
33,70,-0.059377
47,66,-0.059403
11,34,-0.059549
18,70,-0.059600
58,76,-0.059727
38,65,-0.059786
6,41,-0.059788
27,63,-0.059920
21,50,-0.059935
6,27,-0.059977
1,57,-0.060024
5,22,-0.060117
45,62,-0.060142
7,26,-0.060192
11,67,-0.060265
22,62,-0.060274
17,76,-0.060383
11,40,-0.060388
10,60,-0.060590
15,57,-0.060650
7,70,-0.060700
35,68,-0.060834
10,71,-0.061042
25,74,-0.061051
6,70,-0.061071
14,43,-0.061139
17,56,-0.061243
48,76,-0.061252
27,46,-0.061263
11,58,-0.061293
28,55,-0.061366
20,72,-0.061590
31,62,-0.061686
8,51,-0.061719
6,49,-0.061875
11,45,-0.061895
9,60,-0.061896
27,44,-0.062100
9,46,-0.062241
15,71,-0.062289
7,41,-0.062464
6,42,-0.062485
15,59,-0.062524
35,75,-0.062601
17,61,-0.062673
38,56,-0.062859
5,72,-0.062874
49,73,-0.063006
1,67,-0.063187
8,28,-0.063263
54,76,-0.063346
6,73,-0.063365
42,57,-0.063414
30,54,-0.063553
9,26,-0.063712
7,61,-0.063746
24,71,-0.063927
11,32,-0.064033
54,74,-0.064059
16,52,-0.064143
16,48,-0.064224
15,43,-0.064288
27,70,-0.064301
20,44,-0.064303
51,55,-0.064520
4,64,-0.064850
4,21,-0.064888
37,72,-0.064900
29,61,-0.065037
9,67,-0.065096
7,46,-0.065102
20,43,-0.065314
13,45,-0.065328
34,60,-0.065376
4,19,-0.065449
51,74,-0.065552
66,74,-0.065598
48,65,-0.065660
37,73,-0.065701
24,50,-0.065721
22,57,-0.065837
4,49,-0.065923
10,39,-0.066038
37,68,-0.066059
5,67,-0.066224
25,66,-0.066318
10,56,-0.066370
16,57,-0.066537
27,57,-0.066707
16,39,-0.067043
1,72,-0.067055
32,68,-0.067067
19,48,-0.067100
2,59,-0.067127
18,69,-0.067331
23,75,-0.067344
17,71,-0.067494
34,66,-0.067498
34,67,-0.067604
12,48,-0.067675
25,39,-0.067772
38,62,-0.067779
17,72,-0.067859
7,58,-0.068170
40,55,-0.068246
30,75,-0.068416
14,56,-0.068532
5,37,-0.068598
18,24,-0.068827
3,62,-0.068876
7,30,-0.069007
57,61,-0.069019
55,67,-0.069112
14,52,-0.069233
24,53,-0.069322
17,74,-0.069428
10,53,-0.069429
15,54,-0.069489
6,56,-0.069649
3,68,-0.069721
27,48,-0.069751
13,49,-0.069801
9,73,-0.069836
40,57,-0.070014
36,56,-0.070024
31,65,-0.070027
39,52,-0.070044
33,74,-0.070094
10,51,-0.070234
3,67,-0.070379
8,61,-0.070522
12,36,-0.070559
3,29,-0.070873
9,56,-0.070920
36,43,-0.070924
21,61,-0.071110
35,56,-0.071136
20,32,-0.071280
7,44,-0.071423
20,48,-0.071472
3,65,-0.071680
19,45,-0.071795
27,51,-0.072256
24,57,-0.072349
8,36,-0.072616
45,65,-0.072810
9,59,-0.072872
22,31,-0.073015
13,50,-0.073147
7,56,-0.073328
12,51,-0.073437
4,67,-0.073590
6,43,-0.073724
43,76,-0.073973
4,18,-0.074012
40,72,-0.074068
14,71,-0.074101
32,61,-0.074110
12,60,-0.074242
5,41,-0.074245
38,75,-0.074528
4,51,-0.074612
6,58,-0.074754
27,34,-0.074779
33,61,-0.074802
14,28,-0.075248
7,54,-0.075257
14,72,-0.075292
13,31,-0.075395
5,25,-0.075513
9,64,-0.075655
25,48,-0.075788
14,58,-0.075836
41,67,-0.076070
5,63,-0.076099
1,39,-0.076236
8,33,-0.076693
7,72,-0.076705
13,54,-0.076780
8,59,-0.077369
40,75,-0.077649
33,67,-0.077658
50,76,-0.077680
28,74,-0.077877
8,30,-0.078129
21,47,-0.078135
34,37,-0.078241
13,72,-0.078640
6,26,-0.078722
6,59,-0.078828
8,68,-0.078834
32,74,-0.079073
40,50,-0.079370
9,61,-0.079437
33,42,-0.079636
16,51,-0.079855
5,69,-0.079934
14,64,-0.079937
15,63,-0.080026
7,73,-0.080432
2,64,-0.080440
14,61,-0.080595
13,64,-0.081086
20,25,-0.081151
27,56,-0.081285
14,38,-0.081639
14,46,-0.081823
30,57,-0.082357
5,53,-0.082763
36,67,-0.082848
35,62,-0.083240
40,46,-0.083509
37,64,-0.083743
37,60,-0.084178
47,65,-0.084346
11,72,-0.084932
4,60,-0.086468
15,67,-0.086532
7,48,-0.086537
4,56,-0.086556
11,73,-0.086613
22,45,-0.086845
9,72,-0.087105
7,51,-0.087170
6,55,-0.087541
12,64,-0.087801
18,43,-0.088095
10,58,-0.088326
31,76,-0.088473
16,59,-0.088568
31,47,-0.088571
30,76,-0.089435
25,76,-0.089586
19,39,-0.089712
12,40,-0.090245
7,28,-0.090246
3,53,-0.090686
45,59,-0.091200
55,60,-0.092476
1,48,-0.092728
44,75,-0.093725
13,57,-0.093730
39,63,-0.094009
2,48,-0.094242
27,53,-0.094782
8,39,-0.095141
51,76,-0.095346
14,67,-0.095574
9,51,-0.096271
11,50,-0.096978
20,36,-0.097456
28,47,-0.097743
13,60,-0.099363
10,57,-0.099400
13,30,-0.099554
32,76,-0.099571
16,73,-0.099924
16,35,-0.100994
10,28,-0.101830
38,69,-0.102607
16,64,-0.102832
35,74,-0.102992
2,56,-0.103390
11,64,-0.103418
30,49,-0.103448
19,58,-0.104341
2,51,-0.104505
15,56,-0.105271
8,52,-0.105628
15,66,-0.108003
13,71,-0.108194
8,50,-0.108917
33,71,-0.109895
11,56,-0.111981
14,54,-0.115644
3,69,-0.122659
11,51,-0.125287
17,75,-0.130083
11,60,-0.135825
16,60,-0.144278
